
06-05-2011 03:05:01 --- INFO: start: 06-05-2011 03:05:01
06-05-2011 03:05:01 --- INFO: ----------Source_Openlane (cli)
06-05-2011 03:05:05 --- INFO: Authorized request
06-05-2011 03:05:07 --- INFO: Lexus RX 300 - found: 5, pass primary filters: 3, did not pass the filter by color: 0, added: 3, new vincodes: 0
06-05-2011 03:05:09 --- INFO: Lexus RX 330 - found: 3, pass primary filters: 2, did not pass the filter by color: 1, added: 1, new vincodes: 0
06-05-2011 03:05:10 --- INFO: Lexus RX 400H - found: 0, pass primary filters: 0, did not pass the filter by color: 0, added: 0, new vincodes: 0
06-05-2011 03:05:11 --- INFO: Lexus GX 470 - found: 1, pass primary filters: 1, did not pass the filter by color: 1, added: 0, new vincodes: 0
06-05-2011 03:05:12 --- INFO: Lexus GX 470 - found: 7, pass primary filters: 4, did not pass the filter by color: 4, added: 0, new vincodes: 0
06-05-2011 03:05:14 --- INFO: Lexus LX 470 - found: 1, pass primary filters: 1, did not pass the filter by color: 1, added: 0, new vincodes: 0
06-05-2011 03:05:15 --- INFO: Lexus LX 470 - found: 1, pass primary filters: 1, did not pass the filter by color: 1, added: 0, new vincodes: 0
06-05-2011 03:05:16 --- INFO: Toyota Land Cruiser - found: 0, pass primary filters: 0, did not pass the filter by color: 0, added: 0, new vincodes: 0
06-05-2011 03:05:17 --- INFO: Honda CR-V - found: 2, pass primary filters: 0, did not pass the filter by color: 0, added: 0, new vincodes: 0
06-05-2011 03:05:18 --- INFO: Honda CR-V - found: 0, pass primary filters: 0, did not pass the filter by color: 0, added: 0, new vincodes: 0
06-05-2011 03:05:20 --- INFO: Mitsubishi Montero 4WD Limited - found: 1, pass primary filters: 0, did not pass the filter by color: 0, added: 0, new vincodes: 0
06-05-2011 03:05:21 --- INFO: Toyota 4RUNNER 4WD Limited - found: 4, pass primary filters: 0, did not pass the filter by color: 0, added: 0, new vincodes: 0
06-05-2011 03:05:22 --- INFO: Toyota RAV 4 - found: 0, pass primary filters: 0, did not pass the filter by color: 0, added: 0, new vincodes: 0
06-05-2011 03:05:24 --- INFO: Toyota Highlander 4WD - found: 0, pass primary filters: 0, did not pass the filter by color: 0, added: 0, new vincodes: 0
06-05-2011 03:05:25 --- INFO: Subaru Forester - found: 0, pass primary filters: 0, did not pass the filter by color: 0, added: 0, new vincodes: 0
06-05-2011 03:05:26 --- INFO: Nissan Rogue - found: 1, pass primary filters: 0, did not pass the filter by color: 0, added: 0, new vincodes: 0
06-05-2011 03:05:26 --- INFO: finish: 06-05-2011 03:05:26
06-05-2011 03:05:26 --- INFO: elapsed time: ~24.59 sec., memory usage: ~2.05 Mb.
06-05-2011 03:10:01 --- INFO: start: 06-05-2011 03:10:01
06-05-2011 03:10:01 --- INFO: ----------Source_Ebay (cli)
06-05-2011 03:10:16 --- INFO: Lexus RX 300 - found: 18, pass primary filters: 2, did not pass the filter by color: 1, added: 1, new vincodes: 0
06-05-2011 03:11:42 --- INFO: Lexus RX 330 - found: 63, pass primary filters: 8, did not pass the filter by color: 5, added: 3, new vincodes: 0
06-05-2011 03:12:08 --- INFO: Lexus RX 400H - found: 36, pass primary filters: 1, did not pass the filter by color: 0, added: 1, new vincodes: 0
06-05-2011 03:12:33 --- INFO: Lexus GX 470 - found: 33, pass primary filters: 15, did not pass the filter by color: 13, added: 2, new vincodes: 0
06-05-2011 03:12:56 --- INFO: Lexus GX 470 - found: 31, pass primary filters: 14, did not pass the filter by color: 13, added: 1, new vincodes: 0
06-05-2011 03:13:04 --- INFO: Lexus LX 470 - found: 9, pass primary filters: 8, did not pass the filter by color: 6, added: 2, new vincodes: 0
06-05-2011 03:13:15 --- INFO: Lexus LX 470 - found: 16, pass primary filters: 10, did not pass the filter by color: 10, added: 0, new vincodes: 0
06-05-2011 03:13:21 --- INFO: Toyota Land Cruiser - found: 7, pass primary filters: 4, did not pass the filter by color: 4, added: 0, new vincodes: 0
06-05-2011 03:13:37 --- INFO: Honda CR-V - found: 21, pass primary filters: 1, did not pass the filter by color: 0, added: 1, new vincodes: 0
06-05-2011 03:15:29 --- INFO: Honda CR-V - found: 86, pass primary filters: 2, did not pass the filter by color: 0, added: 2, new vincodes: 0
06-05-2011 03:15:40 --- INFO: Mitsubishi Montero 4WD Limited - found: 15, pass primary filters: 0, did not pass the filter by color: 0, added: 0, new vincodes: 0
06-05-2011 03:17:01 --- INFO: Toyota 4RUNNER 4WD Limited - found: 59, pass primary filters: 22, did not pass the filter by color: 18, added: 4, new vincodes: 0
06-05-2011 03:17:17 --- INFO: Toyota RAV 4 - found: 20, pass primary filters: 6, did not pass the filter by color: 5, added: 1, new vincodes: 0
06-05-2011 03:17:33 --- INFO: Toyota Highlander 4WD - found: 21, pass primary filters: 0, did not pass the filter by color: 0, added: 0, new vincodes: 0
06-05-2011 03:18:44 --- INFO: Subaru Forester - found: 54, pass primary filters: 2, did not pass the filter by color: 0, added: 2, new vincodes: 0
06-05-2011 03:19:11 --- INFO: Nissan Rogue - found: 36, pass primary filters: 1, did not pass the filter by color: 0, added: 1, new vincodes: 0
06-05-2011 03:19:11 --- INFO: finish: 06-05-2011 03:19:11
06-05-2011 03:19:11 --- INFO: elapsed time: ~550.06 sec., memory usage: ~2.65 Mb.
06-05-2011 03:30:02 --- INFO: start: 06-05-2011 03:30:02
06-05-2011 03:30:02 --- INFO: ----------Source_Autotrader (cli)
06-05-2011 03:30:30 --- ERROR: Request returns empty result
06-05-2011 03:30:30 --- INFO: finish: 06-05-2011 03:30:30
06-05-2011 03:30:30 --- INFO: elapsed time: ~28.06 sec., memory usage: ~1.66 Mb.
06-05-2011 03:20:01 --- INFO: start: 06-05-2011 03:20:01
06-05-2011 03:20:01 --- INFO: ----------Source_Cars (cli)
06-05-2011 03:20:11 --- INFO: Lexus RX 300 - found: 10, pass primary filters: 4, did not pass the filter by color: 3, added: 1, new vincodes: 0
06-05-2011 03:21:17 --- INFO: Lexus RX 330 - found: 76, pass primary filters: 36, did not pass the filter by color: 10, added: 26, new vincodes: 0
06-05-2011 03:21:32 --- INFO: Lexus RX 400H - found: 0, pass primary filters: 0, did not pass the filter by color: 0, added: 0, new vincodes: 0
06-05-2011 03:21:46 --- INFO: Lexus GX 470 - found: 10, pass primary filters: 10, did not pass the filter by color: 7, added: 3, new vincodes: 0
06-05-2011 03:21:59 --- INFO: Lexus GX 470 - found: 14, pass primary filters: 14, did not pass the filter by color: 12, added: 2, new vincodes: 0
06-05-2011 03:22:17 --- INFO: Lexus LX 470 - found: 0, pass primary filters: 0, did not pass the filter by color: 0, added: 0, new vincodes: 0
06-05-2011 03:22:29 --- INFO: Lexus LX 470 - found: 0, pass primary filters: 0, did not pass the filter by color: 0, added: 0, new vincodes: 0
06-05-2011 03:22:44 --- INFO: Toyota Land Cruiser - found: 0, pass primary filters: 0, did not pass the filter by color: 0, added: 0, new vincodes: 0
06-05-2011 03:23:34 --- INFO: Honda CR-V - found: 54, pass primary filters: 16, did not pass the filter by color: 0, added: 16, new vincodes: 0
06-05-2011 03:24:14 --- INFO: Honda CR-V - found: 45, pass primary filters: 22, did not pass the filter by color: 0, added: 22, new vincodes: 0
06-05-2011 03:24:36 --- INFO: Mitsubishi Montero 4WD Limited - found: 24, pass primary filters: 4, did not pass the filter by color: 4, added: 0, new vincodes: 0
06-05-2011 03:33:34 --- INFO: Toyota 4RUNNER 4WD Limited - found: 620, pass primary filters: 153, did not pass the filter by color: 105, added: 48, new vincodes: 1
06-05-2011 03:33:48 --- INFO: Toyota RAV 4 - found: 15, pass primary filters: 6, did not pass the filter by color: 4, added: 2, new vincodes: 0
06-05-2011 03:34:02 --- INFO: Toyota Highlander 4WD - found: 14, pass primary filters: 0, did not pass the filter by color: 0, added: 0, new vincodes: 0
06-05-2011 03:34:34 --- INFO: Subaru Forester - found: 36, pass primary filters: 36, did not pass the filter by color: 0, added: 36, new vincodes: 0
06-05-2011 03:35:10 --- INFO: Nissan Rogue - found: 40, pass primary filters: 28, did not pass the filter by color: 0, added: 28, new vincodes: 0
06-05-2011 03:35:10 --- INFO: finish: 06-05-2011 03:35:10
06-05-2011 03:35:10 --- INFO: elapsed time: ~908.86 sec., memory usage: ~4.31 Mb.
06-05-2011 06:10:01 --- INFO: start: 06-05-2011 06:10:01
06-05-2011 06:10:01 --- INFO: ----------Source_Adesa (cli)
06-05-2011 06:10:03 --- INFO: Authorized request
06-05-2011 06:10:03 --- INFO: Lexus RX 300 - found: 14, pass primary filters: 9, did not pass the filter by color: 2, added: 7, new vincodes: 0
06-05-2011 06:10:03 --- INFO: Lexus RX 330 - found: 9, pass primary filters: 4, did not pass the filter by color: 1, added: 3, new vincodes: 0
06-05-2011 06:10:04 --- INFO: Lexus RX 400H - found: 1, pass primary filters: 0, did not pass the filter by color: 0, added: 0, new vincodes: 0
06-05-2011 06:10:04 --- INFO: Lexus GX 470 - found: 4, pass primary filters: 3, did not pass the filter by color: 3, added: 0, new vincodes: 0
06-05-2011 06:10:04 --- INFO: Lexus GX 470 - found: 5, pass primary filters: 3, did not pass the filter by color: 2, added: 1, new vincodes: 0
06-05-2011 06:10:04 --- INFO: Lexus LX 470 - found: 1, pass primary filters: 0, did not pass the filter by color: 0, added: 0, new vincodes: 0
06-05-2011 06:10:05 --- INFO: Lexus LX 470 - found: 2, pass primary filters: 2, did not pass the filter by color: 1, added: 1, new vincodes: 1
06-05-2011 06:10:05 --- INFO: Toyota Land Cruiser - found: 1, pass primary filters: 0, did not pass the filter by color: 0, added: 0, new vincodes: 0
06-05-2011 06:10:05 --- INFO: Honda CR-V - found: 14, pass primary filters: 1, did not pass the filter by color: 0, added: 1, new vincodes: 0
06-05-2011 06:10:05 --- INFO: Honda CR-V - found: 4, pass primary filters: 0, did not pass the filter by color: 0, added: 0, new vincodes: 0
06-05-2011 06:10:05 --- INFO: Mitsubishi Montero 4WD Limited - found: 18, pass primary filters: 4, did not pass the filter by color: 4, added: 0, new vincodes: 0
06-05-2011 06:10:06 --- INFO: Toyota 4RUNNER 4WD Limited - found: 16, pass primary filters: 3, did not pass the filter by color: 2, added: 1, new vincodes: 0
06-05-2011 06:10:06 --- INFO: Toyota RAV 4 - found: 7, pass primary filters: 5, did not pass the filter by color: 5, added: 0, new vincodes: 0
06-05-2011 06:10:06 --- INFO: Toyota Highlander 4WD - found: 21, pass primary filters: 2, did not pass the filter by color: 1, added: 1, new vincodes: 0
06-05-2011 06:10:06 --- INFO: Subaru Forester - found: 7, pass primary filters: 7, did not pass the filter by color: 0, added: 7, new vincodes: 0
06-05-2011 06:10:07 --- INFO: Nissan Rogue - found: 6, pass primary filters: 3, did not pass the filter by color: 0, added: 3, new vincodes: 0
06-05-2011 06:10:07 --- INFO: finish: 06-05-2011 06:10:07
06-05-2011 06:10:07 --- INFO: elapsed time: ~5.64 sec., memory usage: ~2.32 Mb.
06-05-2011 06:10:01 --- INFO: start: 06-05-2011 06:10:01
06-05-2011 06:10:01 --- INFO: ----------Source_Avtobest (cli)
06-05-2011 06:12:45 --- INFO: Lexus RX 300 - found: 60, pass primary filters: 18, did not pass the filter by color: 7, added: 11, new vincodes: 0
06-05-2011 06:16:12 --- INFO: Lexus RX 330 - found: 159, pass primary filters: 54, did not pass the filter by color: 24, added: 30, new vincodes: 1
06-05-2011 06:16:37 --- INFO: Lexus RX 400H - found: 22, pass primary filters: 3, did not pass the filter by color: 2, added: 1, new vincodes: 0
06-05-2011 06:17:51 --- INFO: Lexus GX 470 - found: 61, pass primary filters: 31, did not pass the filter by color: 23, added: 8, new vincodes: 1
06-05-2011 06:19:05 --- INFO: Lexus GX 470 - found: 62, pass primary filters: 39, did not pass the filter by color: 33, added: 6, new vincodes: 1
06-05-2011 06:19:27 --- INFO: Lexus LX 470 - found: 19, pass primary filters: 13, did not pass the filter by color: 13, added: 0, new vincodes: 0
06-05-2011 06:19:48 --- INFO: Lexus LX 470 - found: 17, pass primary filters: 13, did not pass the filter by color: 11, added: 2, new vincodes: 0
06-05-2011 06:19:59 --- INFO: Toyota Land Cruiser - found: 8, pass primary filters: 5, did not pass the filter by color: 5, added: 0, new vincodes: 0
06-05-2011 06:20:49 --- INFO: Honda CR-V - found: 47, pass primary filters: 10, did not pass the filter by color: 0, added: 10, new vincodes: 0
06-05-2011 06:24:00 --- INFO: Honda CR-V - found: 171, pass primary filters: 2, did not pass the filter by color: 0, added: 2, new vincodes: 0
06-05-2011 06:24:48 --- INFO: Mitsubishi Montero 4WD Limited - found: 43, pass primary filters: 9, did not pass the filter by color: 9, added: 0, new vincodes: 0
06-05-2011 06:28:40 --- INFO: Toyota 4RUNNER 4WD Limited - found: 225, pass primary filters: 65, did not pass the filter by color: 51, added: 14, new vincodes: 0
06-05-2011 06:29:15 --- INFO: Toyota RAV 4 - found: 43, pass primary filters: 19, did not pass the filter by color: 16, added: 3, new vincodes: 1
06-05-2011 06:30:43 --- INFO: Toyota Highlander 4WD - found: 89, pass primary filters: 2, did not pass the filter by color: 2, added: 0, new vincodes: 0
06-05-2011 06:32:15 --- INFO: Subaru Forester - found: 88, pass primary filters: 9, did not pass the filter by color: 0, added: 9, new vincodes: 0
06-05-2011 06:34:19 --- INFO: Nissan Rogue - found: 115, pass primary filters: 2, did not pass the filter by color: 0, added: 2, new vincodes: 0
06-05-2011 06:34:19 --- INFO: finish: 06-05-2011 06:34:19
06-05-2011 06:34:19 --- INFO: elapsed time: ~1458.19 sec., memory usage: ~4.13 Mb.
06-05-2011 07:05:01 --- INFO: start: 06-05-2011 07:05:01
06-05-2011 07:05:01 --- INFO: ----------Source_Openlane (cli)
06-05-2011 07:05:05 --- INFO: Authorized request
06-05-2011 07:05:06 --- INFO: Lexus RX 300 - found: 5, pass primary filters: 3, did not pass the filter by color: 0, added: 3, new vincodes: 0
06-05-2011 07:05:08 --- INFO: Lexus RX 330 - found: 3, pass primary filters: 2, did not pass the filter by color: 1, added: 1, new vincodes: 0
06-05-2011 07:05:09 --- INFO: Lexus RX 400H - found: 0, pass primary filters: 0, did not pass the filter by color: 0, added: 0, new vincodes: 0
06-05-2011 07:05:10 --- INFO: Lexus GX 470 - found: 1, pass primary filters: 1, did not pass the filter by color: 1, added: 0, new vincodes: 0
06-05-2011 07:05:11 --- INFO: Lexus GX 470 - found: 7, pass primary filters: 4, did not pass the filter by color: 4, added: 0, new vincodes: 0
06-05-2011 07:05:13 --- INFO: Lexus LX 470 - found: 1, pass primary filters: 1, did not pass the filter by color: 1, added: 0, new vincodes: 0
06-05-2011 07:05:14 --- INFO: Lexus LX 470 - found: 1, pass primary filters: 1, did not pass the filter by color: 1, added: 0, new vincodes: 0
06-05-2011 07:05:15 --- INFO: Toyota Land Cruiser - found: 0, pass primary filters: 0, did not pass the filter by color: 0, added: 0, new vincodes: 0
06-05-2011 07:05:16 --- INFO: Honda CR-V - found: 2, pass primary filters: 0, did not pass the filter by color: 0, added: 0, new vincodes: 0
06-05-2011 07:05:17 --- INFO: Honda CR-V - found: 0, pass primary filters: 0, did not pass the filter by color: 0, added: 0, new vincodes: 0
06-05-2011 07:05:18 --- INFO: Mitsubishi Montero 4WD Limited - found: 1, pass primary filters: 0, did not pass the filter by color: 0, added: 0, new vincodes: 0
06-05-2011 07:05:20 --- INFO: Toyota 4RUNNER 4WD Limited - found: 4, pass primary filters: 0, did not pass the filter by color: 0, added: 0, new vincodes: 0
06-05-2011 07:05:21 --- INFO: Toyota RAV 4 - found: 0, pass primary filters: 0, did not pass the filter by color: 0, added: 0, new vincodes: 0
06-05-2011 07:05:22 --- INFO: Toyota Highlander 4WD - found: 0, pass primary filters: 0, did not pass the filter by color: 0, added: 0, new vincodes: 0
06-05-2011 07:05:23 --- INFO: Subaru Forester - found: 0, pass primary filters: 0, did not pass the filter by color: 0, added: 0, new vincodes: 0
06-05-2011 07:05:24 --- INFO: Nissan Rogue - found: 1, pass primary filters: 0, did not pass the filter by color: 0, added: 0, new vincodes: 0
06-05-2011 07:05:24 --- INFO: finish: 06-05-2011 07:05:24
06-05-2011 07:05:24 --- INFO: elapsed time: ~22.87 sec., memory usage: ~2.05 Mb.
06-05-2011 07:10:01 --- INFO: start: 06-05-2011 07:10:01
06-05-2011 07:10:01 --- INFO: ----------Source_Ebay (cli)
06-05-2011 07:10:16 --- INFO: Lexus RX 300 - found: 18, pass primary filters: 2, did not pass the filter by color: 1, added: 1, new vincodes: 0
06-05-2011 07:11:42 --- INFO: Lexus RX 330 - found: 63, pass primary filters: 8, did not pass the filter by color: 2, added: 6, new vincodes: 0
06-05-2011 07:12:07 --- INFO: Lexus RX 400H - found: 36, pass primary filters: 1, did not pass the filter by color: 0, added: 1, new vincodes: 0
06-05-2011 07:12:32 --- INFO: Lexus GX 470 - found: 33, pass primary filters: 15, did not pass the filter by color: 13, added: 2, new vincodes: 0
06-05-2011 07:12:56 --- INFO: Lexus GX 470 - found: 31, pass primary filters: 14, did not pass the filter by color: 13, added: 1, new vincodes: 0
06-05-2011 07:13:05 --- INFO: Lexus LX 470 - found: 9, pass primary filters: 8, did not pass the filter by color: 6, added: 2, new vincodes: 0
06-05-2011 07:13:18 --- INFO: Lexus LX 470 - found: 16, pass primary filters: 10, did not pass the filter by color: 10, added: 0, new vincodes: 0
06-05-2011 07:13:24 --- INFO: Toyota Land Cruiser - found: 7, pass primary filters: 4, did not pass the filter by color: 4, added: 0, new vincodes: 0
06-05-2011 07:13:41 --- INFO: Honda CR-V - found: 21, pass primary filters: 1, did not pass the filter by color: 0, added: 1, new vincodes: 0
06-05-2011 07:15:37 --- INFO: Honda CR-V - found: 86, pass primary filters: 2, did not pass the filter by color: 0, added: 2, new vincodes: 0
06-05-2011 07:15:49 --- INFO: Mitsubishi Montero 4WD Limited - found: 15, pass primary filters: 0, did not pass the filter by color: 0, added: 0, new vincodes: 0
06-05-2011 07:17:11 --- INFO: Toyota 4RUNNER 4WD Limited - found: 59, pass primary filters: 22, did not pass the filter by color: 18, added: 4, new vincodes: 0
06-05-2011 07:17:27 --- INFO: Toyota RAV 4 - found: 19, pass primary filters: 6, did not pass the filter by color: 5, added: 1, new vincodes: 0
06-05-2011 07:17:43 --- INFO: Toyota Highlander 4WD - found: 21, pass primary filters: 0, did not pass the filter by color: 0, added: 0, new vincodes: 0
06-05-2011 07:19:03 --- INFO: Subaru Forester - found: 54, pass primary filters: 2, did not pass the filter by color: 0, added: 2, new vincodes: 0
06-05-2011 07:19:33 --- INFO: Nissan Rogue - found: 37, pass primary filters: 1, did not pass the filter by color: 0, added: 1, new vincodes: 0
06-05-2011 07:19:33 --- INFO: finish: 06-05-2011 07:19:33
06-05-2011 07:19:33 --- INFO: elapsed time: ~571.46 sec., memory usage: ~2.65 Mb.
06-05-2011 07:30:01 --- INFO: start: 06-05-2011 07:30:01
06-05-2011 07:30:01 --- INFO: ----------Source_Autotrader (cli)
06-05-2011 07:30:29 --- ERROR: Request returns empty result
06-05-2011 07:30:29 --- INFO: finish: 06-05-2011 07:30:29
06-05-2011 07:30:29 --- INFO: elapsed time: ~28.04 sec., memory usage: ~1.66 Mb.
06-05-2011 07:20:01 --- INFO: start: 06-05-2011 07:20:01
06-05-2011 07:20:01 --- INFO: ----------Source_Cars (cli)
06-05-2011 07:20:13 --- INFO: Lexus RX 300 - found: 10, pass primary filters: 4, did not pass the filter by color: 3, added: 1, new vincodes: 0
06-05-2011 07:21:26 --- INFO: Lexus RX 330 - found: 77, pass primary filters: 35, did not pass the filter by color: 10, added: 25, new vincodes: 0
06-05-2011 07:21:41 --- INFO: Lexus RX 400H - found: 0, pass primary filters: 0, did not pass the filter by color: 0, added: 0, new vincodes: 0
06-05-2011 07:21:51 --- INFO: Lexus GX 470 - found: 10, pass primary filters: 10, did not pass the filter by color: 7, added: 3, new vincodes: 0
06-05-2011 07:22:04 --- INFO: Lexus GX 470 - found: 14, pass primary filters: 14, did not pass the filter by color: 12, added: 2, new vincodes: 0
06-05-2011 07:22:18 --- INFO: Lexus LX 470 - found: 0, pass primary filters: 0, did not pass the filter by color: 0, added: 0, new vincodes: 0
06-05-2011 07:22:29 --- INFO: Lexus LX 470 - found: 0, pass primary filters: 0, did not pass the filter by color: 0, added: 0, new vincodes: 0
06-05-2011 07:22:40 --- INFO: Toyota Land Cruiser - found: 0, pass primary filters: 0, did not pass the filter by color: 0, added: 0, new vincodes: 0
06-05-2011 07:23:31 --- INFO: Honda CR-V - found: 54, pass primary filters: 16, did not pass the filter by color: 0, added: 16, new vincodes: 0
06-05-2011 07:24:09 --- INFO: Honda CR-V - found: 45, pass primary filters: 22, did not pass the filter by color: 0, added: 22, new vincodes: 0
06-05-2011 07:24:29 --- INFO: Mitsubishi Montero 4WD Limited - found: 24, pass primary filters: 4, did not pass the filter by color: 4, added: 0, new vincodes: 0
06-05-2011 07:33:28 --- INFO: Toyota 4RUNNER 4WD Limited - found: 620, pass primary filters: 154, did not pass the filter by color: 106, added: 48, new vincodes: 2
06-05-2011 07:33:42 --- INFO: Toyota RAV 4 - found: 15, pass primary filters: 6, did not pass the filter by color: 4, added: 2, new vincodes: 0
06-05-2011 07:33:55 --- INFO: Toyota Highlander 4WD - found: 14, pass primary filters: 0, did not pass the filter by color: 0, added: 0, new vincodes: 0
06-05-2011 07:34:29 --- INFO: Subaru Forester - found: 37, pass primary filters: 37, did not pass the filter by color: 0, added: 37, new vincodes: 0
06-05-2011 07:35:04 --- INFO: Nissan Rogue - found: 40, pass primary filters: 28, did not pass the filter by color: 0, added: 28, new vincodes: 0
06-05-2011 07:35:04 --- INFO: finish: 06-05-2011 07:35:04
06-05-2011 07:35:04 --- INFO: elapsed time: ~902.96 sec., memory usage: ~4.32 Mb.
06-05-2011 08:10:01 --- INFO: start: 06-05-2011 08:10:01
06-05-2011 08:10:01 --- INFO: ----------Source_Adesa (cli)
06-05-2011 08:10:03 --- INFO: Authorized request
06-05-2011 08:10:03 --- INFO: Lexus RX 300 - found: 14, pass primary filters: 9, did not pass the filter by color: 2, added: 7, new vincodes: 0
06-05-2011 08:10:04 --- INFO: Lexus RX 330 - found: 9, pass primary filters: 5, did not pass the filter by color: 1, added: 4, new vincodes: 0
06-05-2011 08:10:04 --- INFO: Lexus RX 400H - found: 1, pass primary filters: 0, did not pass the filter by color: 0, added: 0, new vincodes: 0
06-05-2011 08:10:04 --- INFO: Lexus GX 470 - found: 4, pass primary filters: 3, did not pass the filter by color: 3, added: 0, new vincodes: 0
06-05-2011 08:10:04 --- INFO: Lexus GX 470 - found: 5, pass primary filters: 3, did not pass the filter by color: 2, added: 1, new vincodes: 0
06-05-2011 08:10:04 --- INFO: Lexus LX 470 - found: 1, pass primary filters: 0, did not pass the filter by color: 0, added: 0, new vincodes: 0
06-05-2011 08:10:05 --- INFO: Lexus LX 470 - found: 2, pass primary filters: 2, did not pass the filter by color: 1, added: 1, new vincodes: 0
06-05-2011 08:10:05 --- INFO: Toyota Land Cruiser - found: 1, pass primary filters: 0, did not pass the filter by color: 0, added: 0, new vincodes: 0
06-05-2011 08:10:06 --- INFO: Honda CR-V - found: 14, pass primary filters: 2, did not pass the filter by color: 0, added: 2, new vincodes: 1
06-05-2011 08:10:06 --- INFO: Honda CR-V - found: 4, pass primary filters: 0, did not pass the filter by color: 0, added: 0, new vincodes: 0
06-05-2011 08:10:07 --- INFO: Mitsubishi Montero 4WD Limited - found: 18, pass primary filters: 4, did not pass the filter by color: 4, added: 0, new vincodes: 0
06-05-2011 08:10:07 --- INFO: Toyota 4RUNNER 4WD Limited - found: 17, pass primary filters: 4, did not pass the filter by color: 3, added: 1, new vincodes: 0
06-05-2011 08:10:07 --- INFO: Toyota RAV 4 - found: 7, pass primary filters: 5, did not pass the filter by color: 5, added: 0, new vincodes: 0
06-05-2011 08:10:07 --- INFO: Toyota Highlander 4WD - found: 21, pass primary filters: 2, did not pass the filter by color: 1, added: 1, new vincodes: 0
06-05-2011 08:10:07 --- INFO: Subaru Forester - found: 7, pass primary filters: 7, did not pass the filter by color: 0, added: 7, new vincodes: 0
06-05-2011 08:10:08 --- INFO: Nissan Rogue - found: 6, pass primary filters: 3, did not pass the filter by color: 0, added: 3, new vincodes: 0
06-05-2011 08:10:08 --- INFO: finish: 06-05-2011 08:10:08
06-05-2011 08:10:08 --- INFO: elapsed time: ~6.48 sec., memory usage: ~2.36 Mb.
06-05-2011 08:10:01 --- INFO: start: 06-05-2011 08:10:01
06-05-2011 08:10:01 --- INFO: ----------Source_Avtobest (cli)
06-05-2011 08:13:56 --- INFO: Lexus RX 300 - found: 62, pass primary filters: 18, did not pass the filter by color: 8, added: 10, new vincodes: 0
06-05-2011 08:24:22 --- INFO: Lexus RX 330 - found: 162, pass primary filters: 48, did not pass the filter by color: 23, added: 25, new vincodes: 0
06-05-2011 08:25:03 --- INFO: Lexus RX 400H - found: 23, pass primary filters: 3, did not pass the filter by color: 2, added: 1, new vincodes: 0
06-05-2011 08:26:35 --- INFO: Lexus GX 470 - found: 64, pass primary filters: 30, did not pass the filter by color: 22, added: 8, new vincodes: 0
06-05-2011 08:27:53 --- INFO: Lexus GX 470 - found: 63, pass primary filters: 39, did not pass the filter by color: 33, added: 6, new vincodes: 0
06-05-2011 08:28:25 --- INFO: Lexus LX 470 - found: 19, pass primary filters: 14, did not pass the filter by color: 14, added: 0, new vincodes: 0
06-05-2011 08:29:01 --- INFO: Lexus LX 470 - found: 19, pass primary filters: 14, did not pass the filter by color: 12, added: 2, new vincodes: 0
06-05-2011 08:29:20 --- INFO: Toyota Land Cruiser - found: 8, pass primary filters: 5, did not pass the filter by color: 5, added: 0, new vincodes: 0
06-05-2011 08:30:24 --- INFO: Honda CR-V - found: 49, pass primary filters: 11, did not pass the filter by color: 0, added: 11, new vincodes: 0
06-05-2011 08:34:37 --- INFO: Honda CR-V - found: 179, pass primary filters: 2, did not pass the filter by color: 0, added: 2, new vincodes: 0
06-05-2011 08:36:40 --- INFO: Mitsubishi Montero 4WD Limited - found: 45, pass primary filters: 9, did not pass the filter by color: 9, added: 0, new vincodes: 0
06-05-2011 08:43:41 --- INFO: Toyota 4RUNNER 4WD Limited - found: 232, pass primary filters: 66, did not pass the filter by color: 51, added: 15, new vincodes: 0
06-05-2011 08:44:16 --- INFO: Toyota RAV 4 - found: 42, pass primary filters: 19, did not pass the filter by color: 16, added: 3, new vincodes: 0
06-05-2011 08:45:40 --- INFO: Toyota Highlander 4WD - found: 88, pass primary filters: 2, did not pass the filter by color: 2, added: 0, new vincodes: 0
06-05-2011 08:47:10 --- INFO: Subaru Forester - found: 89, pass primary filters: 10, did not pass the filter by color: 0, added: 10, new vincodes: 0
06-05-2011 08:49:01 --- INFO: Nissan Rogue - found: 115, pass primary filters: 2, did not pass the filter by color: 0, added: 2, new vincodes: 0
06-05-2011 08:49:01 --- INFO: finish: 06-05-2011 08:49:01
06-05-2011 08:49:01 --- INFO: elapsed time: ~2339.42 sec., memory usage: ~4.06 Mb.
06-05-2011 09:10:01 --- INFO: start: 06-05-2011 09:10:01
06-05-2011 09:10:01 --- INFO: ----------Source_Adesa (cli)
06-05-2011 09:10:02 --- INFO: Authorized request
06-05-2011 09:10:06 --- INFO: Lexus RX 300 - found: 15, pass primary filters: 10, did not pass the filter by color: 2, added: 8, new vincodes: 1
06-05-2011 09:10:06 --- INFO: Lexus RX 330 - found: 9, pass primary filters: 5, did not pass the filter by color: 1, added: 4, new vincodes: 0
06-05-2011 09:10:06 --- INFO: Lexus RX 400H - found: 1, pass primary filters: 0, did not pass the filter by color: 0, added: 0, new vincodes: 0
06-05-2011 09:10:07 --- INFO: Lexus GX 470 - found: 4, pass primary filters: 3, did not pass the filter by color: 3, added: 0, new vincodes: 0
06-05-2011 09:10:07 --- INFO: Lexus GX 470 - found: 5, pass primary filters: 3, did not pass the filter by color: 2, added: 1, new vincodes: 0
06-05-2011 09:10:07 --- INFO: Lexus LX 470 - found: 1, pass primary filters: 0, did not pass the filter by color: 0, added: 0, new vincodes: 0
06-05-2011 09:10:07 --- INFO: Lexus LX 470 - found: 2, pass primary filters: 2, did not pass the filter by color: 1, added: 1, new vincodes: 0
06-05-2011 09:10:07 --- INFO: Toyota Land Cruiser - found: 1, pass primary filters: 0, did not pass the filter by color: 0, added: 0, new vincodes: 0
06-05-2011 09:10:08 --- INFO: Honda CR-V - found: 14, pass primary filters: 2, did not pass the filter by color: 0, added: 2, new vincodes: 0
06-05-2011 09:10:08 --- INFO: Honda CR-V - found: 4, pass primary filters: 0, did not pass the filter by color: 0, added: 0, new vincodes: 0
06-05-2011 09:10:08 --- INFO: Mitsubishi Montero 4WD Limited - found: 18, pass primary filters: 4, did not pass the filter by color: 4, added: 0, new vincodes: 0
06-05-2011 09:10:08 --- INFO: Toyota 4RUNNER 4WD Limited - found: 16, pass primary filters: 4, did not pass the filter by color: 3, added: 1, new vincodes: 0
06-05-2011 09:10:09 --- INFO: Toyota RAV 4 - found: 6, pass primary filters: 4, did not pass the filter by color: 4, added: 0, new vincodes: 0
06-05-2011 09:10:09 --- INFO: Toyota Highlander 4WD - found: 22, pass primary filters: 2, did not pass the filter by color: 1, added: 1, new vincodes: 0
06-05-2011 09:10:09 --- INFO: Subaru Forester - found: 7, pass primary filters: 7, did not pass the filter by color: 0, added: 7, new vincodes: 0
06-05-2011 09:10:09 --- INFO: Nissan Rogue - found: 6, pass primary filters: 3, did not pass the filter by color: 0, added: 3, new vincodes: 0
06-05-2011 09:10:09 --- INFO: finish: 06-05-2011 09:10:09
06-05-2011 09:10:09 --- INFO: elapsed time: ~8.79 sec., memory usage: ~2.34 Mb.
06-05-2011 09:10:01 --- INFO: start: 06-05-2011 09:10:01
06-05-2011 09:10:01 --- INFO: ----------Source_Avtobest (cli)
06-05-2011 09:10:50 --- INFO: Lexus RX 300 - found: 63, pass primary filters: 17, did not pass the filter by color: 8, added: 9, new vincodes: 0
06-05-2011 09:13:24 --- INFO: Lexus RX 330 - found: 163, pass primary filters: 56, did not pass the filter by color: 26, added: 30, new vincodes: 1
06-05-2011 09:13:48 --- INFO: Lexus RX 400H - found: 24, pass primary filters: 4, did not pass the filter by color: 2, added: 2, new vincodes: 1
06-05-2011 09:15:25 --- INFO: Lexus GX 470 - found: 66, pass primary filters: 33, did not pass the filter by color: 25, added: 8, new vincodes: 0
06-05-2011 09:16:44 --- INFO: Lexus GX 470 - found: 63, pass primary filters: 41, did not pass the filter by color: 35, added: 6, new vincodes: 0
06-05-2011 09:17:07 --- INFO: Lexus LX 470 - found: 19, pass primary filters: 14, did not pass the filter by color: 14, added: 0, new vincodes: 0
06-05-2011 09:17:37 --- INFO: Lexus LX 470 - found: 20, pass primary filters: 16, did not pass the filter by color: 14, added: 2, new vincodes: 1
06-05-2011 09:17:51 --- INFO: Toyota Land Cruiser - found: 9, pass primary filters: 5, did not pass the filter by color: 5, added: 0, new vincodes: 0
06-05-2011 09:19:09 --- INFO: Honda CR-V - found: 49, pass primary filters: 11, did not pass the filter by color: 0, added: 11, new vincodes: 0
06-05-2011 09:22:43 --- INFO: Honda CR-V - found: 171, pass primary filters: 2, did not pass the filter by color: 0, added: 2, new vincodes: 0
06-05-2011 09:23:33 --- INFO: Mitsubishi Montero 4WD Limited - found: 51, pass primary filters: 9, did not pass the filter by color: 9, added: 0, new vincodes: 0
06-05-2011 09:27:23 --- INFO: Toyota 4RUNNER 4WD Limited - found: 230, pass primary filters: 65, did not pass the filter by color: 49, added: 16, new vincodes: 0
06-05-2011 09:28:00 --- INFO: Toyota RAV 4 - found: 43, pass primary filters: 20, did not pass the filter by color: 17, added: 3, new vincodes: 0
06-05-2011 09:29:24 --- INFO: Toyota Highlander 4WD - found: 89, pass primary filters: 3, did not pass the filter by color: 2, added: 1, new vincodes: 0
06-05-2011 09:30:54 --- INFO: Subaru Forester - found: 88, pass primary filters: 10, did not pass the filter by color: 0, added: 10, new vincodes: 0
06-05-2011 09:32:49 --- INFO: Nissan Rogue - found: 114, pass primary filters: 2, did not pass the filter by color: 0, added: 2, new vincodes: 0
06-05-2011 09:32:49 --- INFO: finish: 06-05-2011 09:32:49
06-05-2011 09:32:49 --- INFO: elapsed time: ~1368.6 sec., memory usage: ~4.22 Mb.
06-05-2011 10:00:01 --- INFO: start: 06-05-2011 10:00:01
06-05-2011 10:00:01 --- INFO: ----------Source_Adesa (cli)
06-05-2011 10:00:02 --- INFO: Authorized request
06-05-2011 10:00:03 --- INFO: Lexus RX 300 - found: 16, pass primary filters: 10, did not pass the filter by color: 2, added: 8, new vincodes: 0
06-05-2011 10:00:03 --- INFO: Lexus RX 330 - found: 10, pass primary filters: 6, did not pass the filter by color: 2, added: 4, new vincodes: 0
06-05-2011 10:00:03 --- INFO: Lexus RX 400H - found: 1, pass primary filters: 0, did not pass the filter by color: 0, added: 0, new vincodes: 0
06-05-2011 10:00:04 --- INFO: Lexus GX 470 - found: 5, pass primary filters: 3, did not pass the filter by color: 3, added: 0, new vincodes: 0
06-05-2011 10:00:04 --- INFO: Lexus GX 470 - found: 5, pass primary filters: 3, did not pass the filter by color: 2, added: 1, new vincodes: 0
06-05-2011 10:00:04 --- INFO: Lexus LX 470 - found: 1, pass primary filters: 0, did not pass the filter by color: 0, added: 0, new vincodes: 0
06-05-2011 10:00:04 --- INFO: Lexus LX 470 - found: 2, pass primary filters: 2, did not pass the filter by color: 1, added: 1, new vincodes: 0
06-05-2011 10:00:04 --- INFO: Toyota Land Cruiser - found: 1, pass primary filters: 0, did not pass the filter by color: 0, added: 0, new vincodes: 0
06-05-2011 10:00:05 --- INFO: Honda CR-V - found: 14, pass primary filters: 2, did not pass the filter by color: 0, added: 2, new vincodes: 0
06-05-2011 10:00:05 --- INFO: Honda CR-V - found: 4, pass primary filters: 0, did not pass the filter by color: 0, added: 0, new vincodes: 0
06-05-2011 10:00:05 --- INFO: Mitsubishi Montero 4WD Limited - found: 17, pass primary filters: 4, did not pass the filter by color: 4, added: 0, new vincodes: 0
06-05-2011 10:00:05 --- INFO: Toyota 4RUNNER 4WD Limited - found: 15, pass primary filters: 4, did not pass the filter by color: 3, added: 1, new vincodes: 0
06-05-2011 10:00:06 --- INFO: Toyota RAV 4 - found: 5, pass primary filters: 3, did not pass the filter by color: 3, added: 0, new vincodes: 0
06-05-2011 10:00:06 --- INFO: Toyota Highlander 4WD - found: 22, pass primary filters: 2, did not pass the filter by color: 1, added: 1, new vincodes: 0
06-05-2011 10:00:06 --- INFO: Subaru Forester - found: 7, pass primary filters: 7, did not pass the filter by color: 0, added: 7, new vincodes: 0
06-05-2011 10:00:06 --- INFO: Nissan Rogue - found: 5, pass primary filters: 2, did not pass the filter by color: 0, added: 2, new vincodes: 0
06-05-2011 10:00:06 --- INFO: finish: 06-05-2011 10:00:06
06-05-2011 10:00:06 --- INFO: elapsed time: ~5.59 sec., memory usage: ~2.31 Mb.
06-05-2011 10:00:01 --- INFO: start: 06-05-2011 10:00:01
06-05-2011 10:00:01 --- INFO: ----------Source_Avtobest (cli)
06-05-2011 10:00:54 --- INFO: Lexus RX 300 - found: 66, pass primary filters: 19, did not pass the filter by color: 8, added: 11, new vincodes: 1
06-05-2011 10:03:10 --- INFO: Lexus RX 330 - found: 159, pass primary filters: 54, did not pass the filter by color: 25, added: 29, new vincodes: 0
06-05-2011 10:03:33 --- INFO: Lexus RX 400H - found: 24, pass primary filters: 4, did not pass the filter by color: 2, added: 2, new vincodes: 0
06-05-2011 10:04:38 --- INFO: Lexus GX 470 - found: 67, pass primary filters: 36, did not pass the filter by color: 28, added: 8, new vincodes: 1
06-05-2011 10:05:43 --- INFO: Lexus GX 470 - found: 68, pass primary filters: 42, did not pass the filter by color: 35, added: 7, new vincodes: 0
06-05-2011 10:06:39 --- INFO: Lexus LX 470 - found: 19, pass primary filters: 13, did not pass the filter by color: 13, added: 0, new vincodes: 0
06-05-2011 10:06:58 --- INFO: Lexus LX 470 - found: 20, pass primary filters: 16, did not pass the filter by color: 14, added: 2, new vincodes: 0
06-05-2011 10:07:09 --- INFO: Toyota Land Cruiser - found: 9, pass primary filters: 5, did not pass the filter by color: 5, added: 0, new vincodes: 0
06-05-2011 10:07:56 --- INFO: Honda CR-V - found: 48, pass primary filters: 10, did not pass the filter by color: 0, added: 10, new vincodes: 0
06-05-2011 10:10:35 --- INFO: Honda CR-V - found: 170, pass primary filters: 2, did not pass the filter by color: 0, added: 2, new vincodes: 0
06-05-2011 10:11:21 --- INFO: Mitsubishi Montero 4WD Limited - found: 52, pass primary filters: 9, did not pass the filter by color: 9, added: 0, new vincodes: 0
06-05-2011 10:14:50 --- INFO: Toyota 4RUNNER 4WD Limited - found: 228, pass primary filters: 62, did not pass the filter by color: 48, added: 14, new vincodes: 0
06-05-2011 10:15:21 --- INFO: Toyota RAV 4 - found: 43, pass primary filters: 20, did not pass the filter by color: 17, added: 3, new vincodes: 0
06-05-2011 10:16:38 --- INFO: Toyota Highlander 4WD - found: 90, pass primary filters: 3, did not pass the filter by color: 2, added: 1, new vincodes: 0
06-05-2011 10:17:58 --- INFO: Subaru Forester - found: 89, pass primary filters: 10, did not pass the filter by color: 0, added: 10, new vincodes: 0
06-05-2011 10:19:41 --- INFO: Nissan Rogue - found: 116, pass primary filters: 3, did not pass the filter by color: 0, added: 3, new vincodes: 0
06-05-2011 10:19:41 --- INFO: finish: 06-05-2011 10:19:41
06-05-2011 10:19:41 --- INFO: elapsed time: ~1180.46 sec., memory usage: ~4.21 Mb.
06-05-2011 11:05:01 --- INFO: start: 06-05-2011 11:05:01
06-05-2011 11:05:01 --- INFO: ----------Source_Openlane (cli)
06-05-2011 11:05:05 --- INFO: Authorized request
06-05-2011 11:05:07 --- INFO: Lexus RX 300 - found: 5, pass primary filters: 3, did not pass the filter by color: 0, added: 3, new vincodes: 0
06-05-2011 11:05:08 --- INFO: Lexus RX 330 - found: 3, pass primary filters: 2, did not pass the filter by color: 0, added: 2, new vincodes: 0
06-05-2011 11:05:09 --- INFO: Lexus RX 400H - found: 0, pass primary filters: 0, did not pass the filter by color: 0, added: 0, new vincodes: 0
06-05-2011 11:05:10 --- INFO: Lexus GX 470 - found: 1, pass primary filters: 1, did not pass the filter by color: 1, added: 0, new vincodes: 0
06-05-2011 11:05:12 --- INFO: Lexus GX 470 - found: 7, pass primary filters: 4, did not pass the filter by color: 4, added: 0, new vincodes: 0
06-05-2011 11:05:13 --- INFO: Lexus LX 470 - found: 1, pass primary filters: 1, did not pass the filter by color: 1, added: 0, new vincodes: 0
06-05-2011 11:05:14 --- INFO: Lexus LX 470 - found: 1, pass primary filters: 1, did not pass the filter by color: 1, added: 0, new vincodes: 0
06-05-2011 11:05:15 --- INFO: Toyota Land Cruiser - found: 0, pass primary filters: 0, did not pass the filter by color: 0, added: 0, new vincodes: 0
06-05-2011 11:05:17 --- INFO: Honda CR-V - found: 2, pass primary filters: 0, did not pass the filter by color: 0, added: 0, new vincodes: 0
06-05-2011 11:05:18 --- INFO: Honda CR-V - found: 0, pass primary filters: 0, did not pass the filter by color: 0, added: 0, new vincodes: 0
06-05-2011 11:05:19 --- INFO: Mitsubishi Montero 4WD Limited - found: 1, pass primary filters: 0, did not pass the filter by color: 0, added: 0, new vincodes: 0
06-05-2011 11:05:20 --- INFO: Toyota 4RUNNER 4WD Limited - found: 4, pass primary filters: 0, did not pass the filter by color: 0, added: 0, new vincodes: 0
06-05-2011 11:05:21 --- INFO: Toyota RAV 4 - found: 0, pass primary filters: 0, did not pass the filter by color: 0, added: 0, new vincodes: 0
06-05-2011 11:05:22 --- INFO: Toyota Highlander 4WD - found: 0, pass primary filters: 0, did not pass the filter by color: 0, added: 0, new vincodes: 0
06-05-2011 11:05:23 --- INFO: Subaru Forester - found: 0, pass primary filters: 0, did not pass the filter by color: 0, added: 0, new vincodes: 0
06-05-2011 11:05:25 --- INFO: Nissan Rogue - found: 1, pass primary filters: 0, did not pass the filter by color: 0, added: 0, new vincodes: 0
06-05-2011 11:05:25 --- INFO: finish: 06-05-2011 11:05:25
06-05-2011 11:05:25 --- INFO: elapsed time: ~23.16 sec., memory usage: ~2.05 Mb.
06-05-2011 11:10:01 --- INFO: start: 06-05-2011 11:10:01
06-05-2011 11:10:01 --- INFO: ----------Source_Adesa (cli)
06-05-2011 11:10:02 --- INFO: Authorized request
06-05-2011 11:10:03 --- INFO: Lexus RX 300 - found: 16, pass primary filters: 10, did not pass the filter by color: 2, added: 8, new vincodes: 0
06-05-2011 11:10:03 --- INFO: Lexus RX 330 - found: 10, pass primary filters: 6, did not pass the filter by color: 2, added: 4, new vincodes: 0
06-05-2011 11:10:03 --- INFO: Lexus RX 400H - found: 1, pass primary filters: 0, did not pass the filter by color: 0, added: 0, new vincodes: 0
06-05-2011 11:10:04 --- INFO: Lexus GX 470 - found: 5, pass primary filters: 3, did not pass the filter by color: 3, added: 0, new vincodes: 0
06-05-2011 11:10:04 --- INFO: Lexus GX 470 - found: 5, pass primary filters: 3, did not pass the filter by color: 2, added: 1, new vincodes: 0
06-05-2011 11:10:04 --- INFO: Lexus LX 470 - found: 1, pass primary filters: 0, did not pass the filter by color: 0, added: 0, new vincodes: 0
06-05-2011 11:10:04 --- INFO: Lexus LX 470 - found: 3, pass primary filters: 2, did not pass the filter by color: 1, added: 1, new vincodes: 0
06-05-2011 11:10:04 --- INFO: Toyota Land Cruiser - found: 1, pass primary filters: 0, did not pass the filter by color: 0, added: 0, new vincodes: 0
06-05-2011 11:10:05 --- INFO: Honda CR-V - found: 13, pass primary filters: 2, did not pass the filter by color: 0, added: 2, new vincodes: 0
06-05-2011 11:10:05 --- INFO: Honda CR-V - found: 4, pass primary filters: 0, did not pass the filter by color: 0, added: 0, new vincodes: 0
06-05-2011 11:10:05 --- INFO: Mitsubishi Montero 4WD Limited - found: 17, pass primary filters: 4, did not pass the filter by color: 4, added: 0, new vincodes: 0
06-05-2011 11:10:05 --- INFO: Toyota 4RUNNER 4WD Limited - found: 13, pass primary filters: 3, did not pass the filter by color: 3, added: 0, new vincodes: 0
06-05-2011 11:10:05 --- INFO: Toyota RAV 4 - found: 5, pass primary filters: 3, did not pass the filter by color: 3, added: 0, new vincodes: 0
06-05-2011 11:10:06 --- INFO: Toyota Highlander 4WD - found: 20, pass primary filters: 2, did not pass the filter by color: 1, added: 1, new vincodes: 0
06-05-2011 11:10:06 --- INFO: Subaru Forester - found: 7, pass primary filters: 7, did not pass the filter by color: 0, added: 7, new vincodes: 0
06-05-2011 11:10:06 --- INFO: Nissan Rogue - found: 5, pass primary filters: 2, did not pass the filter by color: 0, added: 2, new vincodes: 0
06-05-2011 11:10:06 --- INFO: finish: 06-05-2011 11:10:06
06-05-2011 11:10:06 --- INFO: elapsed time: ~5.41 sec., memory usage: ~2.3 Mb.
06-05-2011 11:10:01 --- INFO: start: 06-05-2011 11:10:01
06-05-2011 11:10:01 --- INFO: ----------Source_Ebay (cli)
06-05-2011 11:10:17 --- INFO: Lexus RX 300 - found: 18, pass primary filters: 2, did not pass the filter by color: 0, added: 2, new vincodes: 0
06-05-2011 11:11:54 --- INFO: Lexus RX 330 - found: 66, pass primary filters: 8, did not pass the filter by color: 4, added: 4, new vincodes: 0
06-05-2011 11:12:21 --- INFO: Lexus RX 400H - found: 35, pass primary filters: 1, did not pass the filter by color: 0, added: 1, new vincodes: 0
06-05-2011 11:12:47 --- INFO: Lexus GX 470 - found: 33, pass primary filters: 15, did not pass the filter by color: 12, added: 3, new vincodes: 0
06-05-2011 11:13:15 --- INFO: Lexus GX 470 - found: 33, pass primary filters: 15, did not pass the filter by color: 14, added: 1, new vincodes: 1
06-05-2011 11:13:23 --- INFO: Lexus LX 470 - found: 8, pass primary filters: 8, did not pass the filter by color: 6, added: 2, new vincodes: 0
06-05-2011 11:13:35 --- INFO: Lexus LX 470 - found: 15, pass primary filters: 9, did not pass the filter by color: 9, added: 0, new vincodes: 0
06-05-2011 11:13:41 --- INFO: Toyota Land Cruiser - found: 7, pass primary filters: 4, did not pass the filter by color: 4, added: 0, new vincodes: 0
06-05-2011 11:14:00 --- INFO: Honda CR-V - found: 23, pass primary filters: 1, did not pass the filter by color: 0, added: 1, new vincodes: 0
06-05-2011 11:16:07 --- INFO: Honda CR-V - found: 86, pass primary filters: 2, did not pass the filter by color: 0, added: 2, new vincodes: 0
06-05-2011 11:16:19 --- INFO: Mitsubishi Montero 4WD Limited - found: 15, pass primary filters: 0, did not pass the filter by color: 0, added: 0, new vincodes: 0
06-05-2011 11:17:38 --- INFO: Toyota 4RUNNER 4WD Limited - found: 60, pass primary filters: 22, did not pass the filter by color: 20, added: 2, new vincodes: 0
06-05-2011 11:17:52 --- INFO: Toyota RAV 4 - found: 19, pass primary filters: 6, did not pass the filter by color: 5, added: 1, new vincodes: 0
06-05-2011 11:18:08 --- INFO: Toyota Highlander 4WD - found: 21, pass primary filters: 0, did not pass the filter by color: 0, added: 0, new vincodes: 0
06-05-2011 11:19:22 --- INFO: Subaru Forester - found: 54, pass primary filters: 2, did not pass the filter by color: 0, added: 2, new vincodes: 0
06-05-2011 11:19:49 --- INFO: Nissan Rogue - found: 37, pass primary filters: 1, did not pass the filter by color: 0, added: 1, new vincodes: 0
06-05-2011 11:19:49 --- INFO: finish: 06-05-2011 11:19:49
06-05-2011 11:19:49 --- INFO: elapsed time: ~588.63 sec., memory usage: ~2.67 Mb.
06-05-2011 11:30:01 --- INFO: start: 06-05-2011 11:30:01
06-05-2011 11:30:01 --- INFO: ----------Source_Autotrader (cli)
06-05-2011 11:30:29 --- ERROR: Request returns empty result
06-05-2011 11:30:29 --- INFO: finish: 06-05-2011 11:30:29
06-05-2011 11:30:29 --- INFO: elapsed time: ~28.06 sec., memory usage: ~1.66 Mb.
06-05-2011 11:10:01 --- INFO: start: 06-05-2011 11:10:01
06-05-2011 11:10:01 --- INFO: ----------Source_Avtobest (cli)
06-05-2011 11:10:58 --- INFO: Lexus RX 300 - found: 70, pass primary filters: 22, did not pass the filter by color: 11, added: 11, new vincodes: 0
06-05-2011 11:14:26 --- INFO: Lexus RX 330 - found: 164, pass primary filters: 60, did not pass the filter by color: 29, added: 31, new vincodes: 1
06-05-2011 11:14:53 --- INFO: Lexus RX 400H - found: 22, pass primary filters: 3, did not pass the filter by color: 2, added: 1, new vincodes: 0
06-05-2011 11:16:18 --- INFO: Lexus GX 470 - found: 73, pass primary filters: 40, did not pass the filter by color: 31, added: 9, new vincodes: 0
06-05-2011 11:17:23 --- INFO: Lexus GX 470 - found: 66, pass primary filters: 42, did not pass the filter by color: 35, added: 7, new vincodes: 0
06-05-2011 11:17:41 --- INFO: Lexus LX 470 - found: 18, pass primary filters: 13, did not pass the filter by color: 13, added: 0, new vincodes: 0
06-05-2011 11:18:08 --- INFO: Lexus LX 470 - found: 22, pass primary filters: 18, did not pass the filter by color: 16, added: 2, new vincodes: 1
06-05-2011 11:18:18 --- INFO: Toyota Land Cruiser - found: 8, pass primary filters: 4, did not pass the filter by color: 4, added: 0, new vincodes: 0
06-05-2011 11:19:22 --- INFO: Honda CR-V - found: 49, pass primary filters: 10, did not pass the filter by color: 0, added: 10, new vincodes: 0
06-05-2011 11:22:26 --- INFO: Honda CR-V - found: 173, pass primary filters: 2, did not pass the filter by color: 0, added: 2, new vincodes: 0
06-05-2011 11:23:20 --- INFO: Mitsubishi Montero 4WD Limited - found: 56, pass primary filters: 9, did not pass the filter by color: 9, added: 0, new vincodes: 0
06-05-2011 11:27:03 --- INFO: Toyota 4RUNNER 4WD Limited - found: 230, pass primary filters: 58, did not pass the filter by color: 45, added: 13, new vincodes: 0
06-05-2011 11:27:39 --- INFO: Toyota RAV 4 - found: 41, pass primary filters: 19, did not pass the filter by color: 17, added: 2, new vincodes: 0
06-05-2011 11:29:07 --- INFO: Toyota Highlander 4WD - found: 94, pass primary filters: 2, did not pass the filter by color: 1, added: 1, new vincodes: 0
06-05-2011 11:30:36 --- INFO: Subaru Forester - found: 91, pass primary filters: 11, did not pass the filter by color: 0, added: 11, new vincodes: 0
06-05-2011 11:33:02 --- INFO: Nissan Rogue - found: 124, pass primary filters: 3, did not pass the filter by color: 0, added: 3, new vincodes: 0
06-05-2011 11:33:02 --- INFO: finish: 06-05-2011 11:33:02
06-05-2011 11:33:02 --- INFO: elapsed time: ~1381.42 sec., memory usage: ~4.28 Mb.
06-05-2011 11:20:01 --- INFO: start: 06-05-2011 11:20:01
06-05-2011 11:20:01 --- INFO: ----------Source_Cars (cli)
06-05-2011 11:20:10 --- INFO: Lexus RX 300 - found: 9, pass primary filters: 4, did not pass the filter by color: 3, added: 1, new vincodes: 0
06-05-2011 11:21:19 --- INFO: Lexus RX 330 - found: 76, pass primary filters: 35, did not pass the filter by color: 11, added: 24, new vincodes: 0
06-05-2011 11:21:32 --- INFO: Lexus RX 400H - found: 0, pass primary filters: 0, did not pass the filter by color: 0, added: 0, new vincodes: 0
06-05-2011 11:21:42 --- INFO: Lexus GX 470 - found: 10, pass primary filters: 10, did not pass the filter by color: 7, added: 3, new vincodes: 0
06-05-2011 11:21:57 --- INFO: Lexus GX 470 - found: 14, pass primary filters: 14, did not pass the filter by color: 12, added: 2, new vincodes: 0
06-05-2011 11:22:15 --- INFO: Lexus LX 470 - found: 0, pass primary filters: 0, did not pass the filter by color: 0, added: 0, new vincodes: 0
06-05-2011 11:22:25 --- INFO: Lexus LX 470 - found: 0, pass primary filters: 0, did not pass the filter by color: 0, added: 0, new vincodes: 0
06-05-2011 11:22:44 --- INFO: Toyota Land Cruiser - found: 0, pass primary filters: 0, did not pass the filter by color: 0, added: 0, new vincodes: 0
06-05-2011 11:23:49 --- INFO: Honda CR-V - found: 55, pass primary filters: 16, did not pass the filter by color: 0, added: 16, new vincodes: 0
06-05-2011 11:24:33 --- INFO: Honda CR-V - found: 45, pass primary filters: 22, did not pass the filter by color: 0, added: 22, new vincodes: 0
06-05-2011 11:25:00 --- INFO: Mitsubishi Montero 4WD Limited - found: 24, pass primary filters: 5, did not pass the filter by color: 5, added: 0, new vincodes: 1
06-05-2011 11:35:11 --- INFO: Toyota 4RUNNER 4WD Limited - found: 620, pass primary filters: 154, did not pass the filter by color: 106, added: 48, new vincodes: 0
06-05-2011 11:35:24 --- INFO: Toyota RAV 4 - found: 14, pass primary filters: 6, did not pass the filter by color: 4, added: 2, new vincodes: 0
06-05-2011 11:35:36 --- INFO: Toyota Highlander 4WD - found: 14, pass primary filters: 0, did not pass the filter by color: 0, added: 0, new vincodes: 0
06-05-2011 11:36:12 --- INFO: Subaru Forester - found: 37, pass primary filters: 37, did not pass the filter by color: 0, added: 37, new vincodes: 0
06-05-2011 11:36:47 --- INFO: Nissan Rogue - found: 39, pass primary filters: 28, did not pass the filter by color: 0, added: 28, new vincodes: 0
06-05-2011 11:36:47 --- INFO: finish: 06-05-2011 11:36:47
06-05-2011 11:36:47 --- INFO: elapsed time: ~1005.46 sec., memory usage: ~4.33 Mb.
06-05-2011 12:20:01 --- INFO: start: 06-05-2011 12:20:01
06-05-2011 12:20:01 --- INFO: ----------Source_Adesa (cli)
06-05-2011 12:20:03 --- INFO: Authorized request
06-05-2011 12:20:04 --- INFO: Lexus RX 300 - found: 16, pass primary filters: 10, did not pass the filter by color: 2, added: 8, new vincodes: 0
06-05-2011 12:20:04 --- INFO: Lexus RX 330 - found: 10, pass primary filters: 6, did not pass the filter by color: 2, added: 4, new vincodes: 0
06-05-2011 12:20:04 --- INFO: Lexus RX 400H - found: 1, pass primary filters: 0, did not pass the filter by color: 0, added: 0, new vincodes: 0
06-05-2011 12:20:05 --- INFO: Lexus GX 470 - found: 5, pass primary filters: 3, did not pass the filter by color: 3, added: 0, new vincodes: 0
06-05-2011 12:20:05 --- INFO: Lexus GX 470 - found: 5, pass primary filters: 3, did not pass the filter by color: 2, added: 1, new vincodes: 0
06-05-2011 12:20:05 --- INFO: Lexus LX 470 - found: 1, pass primary filters: 0, did not pass the filter by color: 0, added: 0, new vincodes: 0
06-05-2011 12:20:05 --- INFO: Lexus LX 470 - found: 3, pass primary filters: 2, did not pass the filter by color: 1, added: 1, new vincodes: 0
06-05-2011 12:20:05 --- INFO: Toyota Land Cruiser - found: 1, pass primary filters: 0, did not pass the filter by color: 0, added: 0, new vincodes: 0
06-05-2011 12:20:05 --- INFO: Honda CR-V - found: 13, pass primary filters: 2, did not pass the filter by color: 0, added: 2, new vincodes: 0
06-05-2011 12:20:06 --- INFO: Honda CR-V - found: 4, pass primary filters: 0, did not pass the filter by color: 0, added: 0, new vincodes: 0
06-05-2011 12:20:06 --- INFO: Mitsubishi Montero 4WD Limited - found: 17, pass primary filters: 4, did not pass the filter by color: 4, added: 0, new vincodes: 0
06-05-2011 12:20:06 --- INFO: Toyota 4RUNNER 4WD Limited - found: 13, pass primary filters: 3, did not pass the filter by color: 3, added: 0, new vincodes: 0
06-05-2011 12:20:06 --- INFO: Toyota RAV 4 - found: 5, pass primary filters: 3, did not pass the filter by color: 3, added: 0, new vincodes: 0
06-05-2011 12:20:07 --- INFO: Toyota Highlander 4WD - found: 21, pass primary filters: 2, did not pass the filter by color: 1, added: 1, new vincodes: 0
06-05-2011 12:20:07 --- INFO: Subaru Forester - found: 7, pass primary filters: 7, did not pass the filter by color: 0, added: 7, new vincodes: 0
06-05-2011 12:20:07 --- INFO: Nissan Rogue - found: 7, pass primary filters: 2, did not pass the filter by color: 0, added: 2, new vincodes: 0
06-05-2011 12:20:07 --- INFO: finish: 06-05-2011 12:20:07
06-05-2011 12:20:07 --- INFO: elapsed time: ~5.85 sec., memory usage: ~2.3 Mb.
06-05-2011 12:20:01 --- INFO: start: 06-05-2011 12:20:01
06-05-2011 12:20:01 --- INFO: ----------Source_Avtobest (cli)
06-05-2011 12:20:59 --- INFO: Lexus RX 300 - found: 74, pass primary filters: 23, did not pass the filter by color: 12, added: 11, new vincodes: 0
06-05-2011 12:23:20 --- INFO: Lexus RX 330 - found: 168, pass primary filters: 59, did not pass the filter by color: 31, added: 28, new vincodes: 0
06-05-2011 12:23:39 --- INFO: Lexus RX 400H - found: 21, pass primary filters: 3, did not pass the filter by color: 2, added: 1, new vincodes: 0
06-05-2011 12:24:50 --- INFO: Lexus GX 470 - found: 72, pass primary filters: 38, did not pass the filter by color: 30, added: 8, new vincodes: 0
06-05-2011 12:25:57 --- INFO: Lexus GX 470 - found: 71, pass primary filters: 46, did not pass the filter by color: 36, added: 10, new vincodes: 1
06-05-2011 12:26:16 --- INFO: Lexus LX 470 - found: 18, pass primary filters: 13, did not pass the filter by color: 13, added: 0, new vincodes: 0
06-05-2011 12:26:37 --- INFO: Lexus LX 470 - found: 22, pass primary filters: 18, did not pass the filter by color: 16, added: 2, new vincodes: 0
06-05-2011 12:26:46 --- INFO: Toyota Land Cruiser - found: 9, pass primary filters: 4, did not pass the filter by color: 4, added: 0, new vincodes: 0
06-05-2011 12:27:35 --- INFO: Honda CR-V - found: 51, pass primary filters: 10, did not pass the filter by color: 0, added: 10, new vincodes: 0
06-05-2011 12:30:13 --- INFO: Honda CR-V - found: 173, pass primary filters: 3, did not pass the filter by color: 0, added: 3, new vincodes: 1
06-05-2011 12:31:04 --- INFO: Mitsubishi Montero 4WD Limited - found: 56, pass primary filters: 9, did not pass the filter by color: 9, added: 0, new vincodes: 0
06-05-2011 12:34:48 --- INFO: Toyota 4RUNNER 4WD Limited - found: 242, pass primary filters: 64, did not pass the filter by color: 51, added: 13, new vincodes: 2
06-05-2011 12:35:41 --- INFO: Toyota RAV 4 - found: 43, pass primary filters: 18, did not pass the filter by color: 16, added: 2, new vincodes: 0
06-05-2011 12:37:49 --- INFO: Toyota Highlander 4WD - found: 96, pass primary filters: 2, did not pass the filter by color: 1, added: 1, new vincodes: 0
06-05-2011 12:39:26 --- INFO: Subaru Forester - found: 94, pass primary filters: 12, did not pass the filter by color: 0, added: 12, new vincodes: 0
06-05-2011 12:41:47 --- INFO: Nissan Rogue - found: 130, pass primary filters: 6, did not pass the filter by color: 0, added: 6, new vincodes: 1
06-05-2011 12:41:47 --- INFO: finish: 06-05-2011 12:41:47
06-05-2011 12:41:47 --- INFO: elapsed time: ~1306.03 sec., memory usage: ~4.38 Mb.
06-05-2011 13:20:01 --- INFO: start: 06-05-2011 13:20:01
06-05-2011 13:20:01 --- INFO: ----------Source_Adesa (cli)
06-05-2011 13:20:02 --- INFO: Authorized request
06-05-2011 13:20:03 --- INFO: Lexus RX 300 - found: 17, pass primary filters: 10, did not pass the filter by color: 2, added: 8, new vincodes: 0
06-05-2011 13:20:03 --- INFO: Lexus RX 330 - found: 10, pass primary filters: 6, did not pass the filter by color: 2, added: 4, new vincodes: 0
06-05-2011 13:20:03 --- INFO: Lexus RX 400H - found: 1, pass primary filters: 0, did not pass the filter by color: 0, added: 0, new vincodes: 0
06-05-2011 13:20:03 --- INFO: Lexus GX 470 - found: 5, pass primary filters: 3, did not pass the filter by color: 3, added: 0, new vincodes: 0
06-05-2011 13:20:04 --- INFO: Lexus GX 470 - found: 5, pass primary filters: 3, did not pass the filter by color: 2, added: 1, new vincodes: 0
06-05-2011 13:20:04 --- INFO: Lexus LX 470 - found: 1, pass primary filters: 0, did not pass the filter by color: 0, added: 0, new vincodes: 0
06-05-2011 13:20:04 --- INFO: Lexus LX 470 - found: 3, pass primary filters: 3, did not pass the filter by color: 2, added: 1, new vincodes: 1
06-05-2011 13:20:04 --- INFO: Toyota Land Cruiser - found: 1, pass primary filters: 0, did not pass the filter by color: 0, added: 0, new vincodes: 0
06-05-2011 13:20:05 --- INFO: Honda CR-V - found: 13, pass primary filters: 2, did not pass the filter by color: 0, added: 2, new vincodes: 0
06-05-2011 13:20:05 --- INFO: Honda CR-V - found: 4, pass primary filters: 0, did not pass the filter by color: 0, added: 0, new vincodes: 0
06-05-2011 13:20:05 --- INFO: Mitsubishi Montero 4WD Limited - found: 18, pass primary filters: 4, did not pass the filter by color: 4, added: 0, new vincodes: 0
06-05-2011 13:20:05 --- INFO: Toyota 4RUNNER 4WD Limited - found: 14, pass primary filters: 3, did not pass the filter by color: 3, added: 0, new vincodes: 0
06-05-2011 13:20:06 --- INFO: Toyota RAV 4 - found: 6, pass primary filters: 3, did not pass the filter by color: 3, added: 0, new vincodes: 0
06-05-2011 13:20:06 --- INFO: Toyota Highlander 4WD - found: 22, pass primary filters: 2, did not pass the filter by color: 1, added: 1, new vincodes: 0
06-05-2011 13:20:06 --- INFO: Subaru Forester - found: 7, pass primary filters: 7, did not pass the filter by color: 0, added: 7, new vincodes: 0
06-05-2011 13:20:06 --- INFO: Nissan Rogue - found: 7, pass primary filters: 2, did not pass the filter by color: 0, added: 2, new vincodes: 0
06-05-2011 13:20:06 --- INFO: finish: 06-05-2011 13:20:06
06-05-2011 13:20:06 --- INFO: elapsed time: ~5.67 sec., memory usage: ~2.33 Mb.
06-05-2011 13:20:01 --- INFO: start: 06-05-2011 13:20:01
06-05-2011 13:20:01 --- INFO: ----------Source_Avtobest (cli)
06-05-2011 13:21:01 --- INFO: Lexus RX 300 - found: 72, pass primary filters: 23, did not pass the filter by color: 12, added: 11, new vincodes: 0
06-05-2011 13:24:01 --- INFO: Lexus RX 330 - found: 176, pass primary filters: 62, did not pass the filter by color: 31, added: 31, new vincodes: 0
06-05-2011 13:24:26 --- INFO: Lexus RX 400H - found: 20, pass primary filters: 3, did not pass the filter by color: 2, added: 1, new vincodes: 0
06-05-2011 13:25:48 --- INFO: Lexus GX 470 - found: 73, pass primary filters: 38, did not pass the filter by color: 29, added: 9, new vincodes: 0
06-05-2011 13:26:56 --- INFO: Lexus GX 470 - found: 74, pass primary filters: 47, did not pass the filter by color: 37, added: 10, new vincodes: 0
06-05-2011 13:27:13 --- INFO: Lexus LX 470 - found: 18, pass primary filters: 13, did not pass the filter by color: 13, added: 0, new vincodes: 0
06-05-2011 13:27:35 --- INFO: Lexus LX 470 - found: 21, pass primary filters: 17, did not pass the filter by color: 15, added: 2, new vincodes: 0
06-05-2011 13:27:44 --- INFO: Toyota Land Cruiser - found: 9, pass primary filters: 4, did not pass the filter by color: 4, added: 0, new vincodes: 0
06-05-2011 13:28:34 --- INFO: Honda CR-V - found: 51, pass primary filters: 11, did not pass the filter by color: 0, added: 11, new vincodes: 0
06-05-2011 13:31:09 --- INFO: Honda CR-V - found: 170, pass primary filters: 2, did not pass the filter by color: 0, added: 2, new vincodes: 0
06-05-2011 13:32:05 --- INFO: Mitsubishi Montero 4WD Limited - found: 59, pass primary filters: 9, did not pass the filter by color: 9, added: 0, new vincodes: 0
06-05-2011 13:36:10 --- INFO: Toyota 4RUNNER 4WD Limited - found: 252, pass primary filters: 61, did not pass the filter by color: 48, added: 13, new vincodes: 0
06-05-2011 13:36:48 --- INFO: Toyota RAV 4 - found: 47, pass primary filters: 22, did not pass the filter by color: 20, added: 2, new vincodes: 2
06-05-2011 13:38:15 --- INFO: Toyota Highlander 4WD - found: 97, pass primary filters: 2, did not pass the filter by color: 1, added: 1, new vincodes: 0
06-05-2011 13:39:45 --- INFO: Subaru Forester - found: 95, pass primary filters: 12, did not pass the filter by color: 0, added: 12, new vincodes: 0
06-05-2011 13:41:47 --- INFO: Nissan Rogue - found: 130, pass primary filters: 6, did not pass the filter by color: 0, added: 6, new vincodes: 0
06-05-2011 13:41:47 --- INFO: finish: 06-05-2011 13:41:47
06-05-2011 13:41:47 --- INFO: elapsed time: ~1306.76 sec., memory usage: ~4.39 Mb.
06-05-2011 15:05:01 --- INFO: start: 06-05-2011 15:05:01
06-05-2011 15:05:01 --- INFO: ----------Source_Openlane (cli)
06-05-2011 15:05:04 --- INFO: Authorized request
06-05-2011 15:05:05 --- INFO: Lexus RX 300 - found: 0, pass primary filters: 0, did not pass the filter by color: 0, added: 0, new vincodes: 0
06-05-2011 15:05:06 --- INFO: Lexus RX 330 - found: 0, pass primary filters: 0, did not pass the filter by color: 0, added: 0, new vincodes: 0
06-05-2011 15:05:07 --- INFO: Lexus RX 400H - found: 0, pass primary filters: 0, did not pass the filter by color: 0, added: 0, new vincodes: 0
06-05-2011 15:05:08 --- INFO: Lexus GX 470 - found: 0, pass primary filters: 0, did not pass the filter by color: 0, added: 0, new vincodes: 0
06-05-2011 15:05:09 --- INFO: Lexus GX 470 - found: 0, pass primary filters: 0, did not pass the filter by color: 0, added: 0, new vincodes: 0
06-05-2011 15:05:10 --- INFO: Lexus LX 470 - found: 0, pass primary filters: 0, did not pass the filter by color: 0, added: 0, new vincodes: 0
06-05-2011 15:05:11 --- INFO: Lexus LX 470 - found: 0, pass primary filters: 0, did not pass the filter by color: 0, added: 0, new vincodes: 0
06-05-2011 15:05:12 --- INFO: Toyota Land Cruiser - found: 0, pass primary filters: 0, did not pass the filter by color: 0, added: 0, new vincodes: 0
06-05-2011 15:05:13 --- INFO: Honda CR-V - found: 0, pass primary filters: 0, did not pass the filter by color: 0, added: 0, new vincodes: 0
06-05-2011 15:05:14 --- INFO: Honda CR-V - found: 0, pass primary filters: 0, did not pass the filter by color: 0, added: 0, new vincodes: 0
06-05-2011 15:05:15 --- INFO: Mitsubishi Montero 4WD Limited - found: 0, pass primary filters: 0, did not pass the filter by color: 0, added: 0, new vincodes: 0
06-05-2011 15:05:16 --- INFO: Toyota 4RUNNER 4WD Limited - found: 1, pass primary filters: 0, did not pass the filter by color: 0, added: 0, new vincodes: 0
06-05-2011 15:05:17 --- INFO: Toyota RAV 4 - found: 0, pass primary filters: 0, did not pass the filter by color: 0, added: 0, new vincodes: 0
06-05-2011 15:05:18 --- INFO: Toyota Highlander 4WD - found: 0, pass primary filters: 0, did not pass the filter by color: 0, added: 0, new vincodes: 0
06-05-2011 15:05:19 --- INFO: Subaru Forester - found: 0, pass primary filters: 0, did not pass the filter by color: 0, added: 0, new vincodes: 0
06-05-2011 15:05:20 --- INFO: Nissan Rogue - found: 0, pass primary filters: 0, did not pass the filter by color: 0, added: 0, new vincodes: 0
06-05-2011 15:05:20 --- INFO: finish: 06-05-2011 15:05:20
06-05-2011 15:05:20 --- INFO: elapsed time: ~18.9 sec., memory usage: ~1.72 Mb.
06-05-2011 15:10:01 --- INFO: start: 06-05-2011 15:10:01
06-05-2011 15:10:01 --- INFO: ----------Source_Ebay (cli)
06-05-2011 15:10:21 --- INFO: Lexus RX 300 - found: 20, pass primary filters: 2, did not pass the filter by color: 0, added: 2, new vincodes: 0
06-05-2011 15:12:01 --- INFO: Lexus RX 330 - found: 67, pass primary filters: 8, did not pass the filter by color: 3, added: 5, new vincodes: 0
06-05-2011 15:12:31 --- INFO: Lexus RX 400H - found: 38, pass primary filters: 1, did not pass the filter by color: 0, added: 1, new vincodes: 0
06-05-2011 15:12:57 --- INFO: Lexus GX 470 - found: 32, pass primary filters: 17, did not pass the filter by color: 13, added: 4, new vincodes: 1
06-05-2011 15:13:26 --- INFO: Lexus GX 470 - found: 34, pass primary filters: 16, did not pass the filter by color: 14, added: 2, new vincodes: 0
06-05-2011 15:13:34 --- INFO: Lexus LX 470 - found: 9, pass primary filters: 8, did not pass the filter by color: 6, added: 2, new vincodes: 0
06-05-2011 15:13:47 --- INFO: Lexus LX 470 - found: 15, pass primary filters: 9, did not pass the filter by color: 9, added: 0, new vincodes: 0
06-05-2011 15:13:53 --- INFO: Toyota Land Cruiser - found: 7, pass primary filters: 4, did not pass the filter by color: 4, added: 0, new vincodes: 0
06-05-2011 15:14:13 --- INFO: Honda CR-V - found: 23, pass primary filters: 1, did not pass the filter by color: 0, added: 1, new vincodes: 0
06-05-2011 15:16:20 --- INFO: Honda CR-V - found: 85, pass primary filters: 2, did not pass the filter by color: 0, added: 2, new vincodes: 0
06-05-2011 15:16:32 --- INFO: Mitsubishi Montero 4WD Limited - found: 14, pass primary filters: 0, did not pass the filter by color: 0, added: 0, new vincodes: 0
06-05-2011 15:18:00 --- INFO: Toyota 4RUNNER 4WD Limited - found: 60, pass primary filters: 22, did not pass the filter by color: 19, added: 3, new vincodes: 0
06-05-2011 15:18:19 --- INFO: Toyota RAV 4 - found: 19, pass primary filters: 7, did not pass the filter by color: 5, added: 2, new vincodes: 0
06-05-2011 15:18:39 --- INFO: Toyota Highlander 4WD - found: 22, pass primary filters: 0, did not pass the filter by color: 0, added: 0, new vincodes: 0
06-05-2011 15:20:02 --- INFO: Subaru Forester - found: 54, pass primary filters: 2, did not pass the filter by color: 0, added: 2, new vincodes: 0
06-05-2011 15:20:29 --- INFO: Nissan Rogue - found: 35, pass primary filters: 1, did not pass the filter by color: 0, added: 1, new vincodes: 0
06-05-2011 15:20:29 --- INFO: finish: 06-05-2011 15:20:29
06-05-2011 15:20:29 --- INFO: elapsed time: ~628 sec., memory usage: ~2.7 Mb.
06-05-2011 15:30:01 --- INFO: start: 06-05-2011 15:30:01
06-05-2011 15:30:01 --- INFO: ----------Source_Autotrader (cli)
06-05-2011 15:30:29 --- ERROR: Request returns empty result
06-05-2011 15:30:29 --- INFO: finish: 06-05-2011 15:30:29
06-05-2011 15:30:29 --- INFO: elapsed time: ~28.04 sec., memory usage: ~1.66 Mb.
06-05-2011 15:20:01 --- INFO: start: 06-05-2011 15:20:01
06-05-2011 15:20:01 --- INFO: ----------Source_Cars (cli)
06-05-2011 15:20:11 --- INFO: Lexus RX 300 - found: 9, pass primary filters: 4, did not pass the filter by color: 3, added: 1, new vincodes: 0
06-05-2011 15:21:47 --- INFO: Lexus RX 330 - found: 78, pass primary filters: 36, did not pass the filter by color: 11, added: 25, new vincodes: 1
06-05-2011 15:21:58 --- INFO: Lexus RX 400H - found: 0, pass primary filters: 0, did not pass the filter by color: 0, added: 0, new vincodes: 0
06-05-2011 15:22:11 --- INFO: Lexus GX 470 - found: 10, pass primary filters: 10, did not pass the filter by color: 7, added: 3, new vincodes: 0
06-05-2011 15:22:25 --- INFO: Lexus GX 470 - found: 14, pass primary filters: 14, did not pass the filter by color: 12, added: 2, new vincodes: 0
06-05-2011 15:22:42 --- INFO: Lexus LX 470 - found: 0, pass primary filters: 0, did not pass the filter by color: 0, added: 0, new vincodes: 0
06-05-2011 15:22:54 --- INFO: Lexus LX 470 - found: 0, pass primary filters: 0, did not pass the filter by color: 0, added: 0, new vincodes: 0
06-05-2011 15:23:12 --- INFO: Toyota Land Cruiser - found: 0, pass primary filters: 0, did not pass the filter by color: 0, added: 0, new vincodes: 0
06-05-2011 15:24:05 --- INFO: Honda CR-V - found: 54, pass primary filters: 16, did not pass the filter by color: 0, added: 16, new vincodes: 0
06-05-2011 15:24:48 --- INFO: Honda CR-V - found: 45, pass primary filters: 22, did not pass the filter by color: 0, added: 22, new vincodes: 0
06-05-2011 15:25:13 --- INFO: Mitsubishi Montero 4WD Limited - found: 24, pass primary filters: 5, did not pass the filter by color: 5, added: 0, new vincodes: 0
06-05-2011 15:34:39 --- INFO: Toyota 4RUNNER 4WD Limited - found: 623, pass primary filters: 154, did not pass the filter by color: 106, added: 48, new vincodes: 0
06-05-2011 15:34:54 --- INFO: Toyota RAV 4 - found: 15, pass primary filters: 6, did not pass the filter by color: 4, added: 2, new vincodes: 0
06-05-2011 15:35:08 --- INFO: Toyota Highlander 4WD - found: 14, pass primary filters: 0, did not pass the filter by color: 0, added: 0, new vincodes: 0
06-05-2011 15:35:44 --- INFO: Subaru Forester - found: 37, pass primary filters: 37, did not pass the filter by color: 0, added: 37, new vincodes: 0
06-05-2011 15:36:20 --- INFO: Nissan Rogue - found: 39, pass primary filters: 28, did not pass the filter by color: 0, added: 28, new vincodes: 0
06-05-2011 15:36:20 --- INFO: finish: 06-05-2011 15:36:20
06-05-2011 15:36:20 --- INFO: elapsed time: ~979.13 sec., memory usage: ~4.33 Mb.
06-05-2011 16:10:01 --- INFO: start: 06-05-2011 16:10:01
06-05-2011 16:10:01 --- INFO: ----------Source_Adesa (cli)
06-05-2011 16:10:01 --- ERROR: Unauthorized request
06-05-2011 16:10:01 --- INFO: finish: 06-05-2011 16:10:01
06-05-2011 16:10:01 --- INFO: elapsed time: ~0.44 sec., memory usage: ~1.31 Mb.
06-05-2011 16:10:01 --- INFO: start: 06-05-2011 16:10:01
06-05-2011 16:10:01 --- INFO: ----------Source_Avtobest (cli)
06-05-2011 16:11:04 --- INFO: Lexus RX 300 - found: 75, pass primary filters: 23, did not pass the filter by color: 14, added: 9, new vincodes: 0
06-05-2011 16:13:52 --- INFO: Lexus RX 330 - found: 186, pass primary filters: 65, did not pass the filter by color: 31, added: 34, new vincodes: 0
06-05-2011 16:14:12 --- INFO: Lexus RX 400H - found: 20, pass primary filters: 3, did not pass the filter by color: 2, added: 1, new vincodes: 0
06-05-2011 16:15:44 --- INFO: Lexus GX 470 - found: 82, pass primary filters: 44, did not pass the filter by color: 35, added: 9, new vincodes: 1
06-05-2011 16:17:10 --- INFO: Lexus GX 470 - found: 80, pass primary filters: 51, did not pass the filter by color: 40, added: 11, new vincodes: 1
06-05-2011 16:17:35 --- INFO: Lexus LX 470 - found: 21, pass primary filters: 15, did not pass the filter by color: 15, added: 0, new vincodes: 0
06-05-2011 16:18:01 --- INFO: Lexus LX 470 - found: 21, pass primary filters: 17, did not pass the filter by color: 15, added: 2, new vincodes: 0
06-05-2011 16:18:12 --- INFO: Toyota Land Cruiser - found: 9, pass primary filters: 4, did not pass the filter by color: 4, added: 0, new vincodes: 0
06-05-2011 16:19:14 --- INFO: Honda CR-V - found: 55, pass primary filters: 12, did not pass the filter by color: 0, added: 12, new vincodes: 0
06-05-2011 16:22:21 --- INFO: Honda CR-V - found: 189, pass primary filters: 2, did not pass the filter by color: 0, added: 2, new vincodes: 0
06-05-2011 16:23:22 --- INFO: Mitsubishi Montero 4WD Limited - found: 60, pass primary filters: 9, did not pass the filter by color: 9, added: 0, new vincodes: 0
06-05-2011 16:27:55 --- INFO: Toyota 4RUNNER 4WD Limited - found: 265, pass primary filters: 64, did not pass the filter by color: 52, added: 12, new vincodes: 0
06-05-2011 16:28:36 --- INFO: Toyota RAV 4 - found: 47, pass primary filters: 22, did not pass the filter by color: 20, added: 2, new vincodes: 0
06-05-2011 16:30:23 --- INFO: Toyota Highlander 4WD - found: 101, pass primary filters: 2, did not pass the filter by color: 1, added: 1, new vincodes: 0
06-05-2011 16:32:08 --- INFO: Subaru Forester - found: 97, pass primary filters: 12, did not pass the filter by color: 0, added: 12, new vincodes: 0
06-05-2011 16:34:37 --- INFO: Nissan Rogue - found: 139, pass primary filters: 6, did not pass the filter by color: 0, added: 6, new vincodes: 0
06-05-2011 16:34:37 --- INFO: finish: 06-05-2011 16:34:37
06-05-2011 16:34:37 --- INFO: elapsed time: ~1475.94 sec., memory usage: ~4.54 Mb.
06-05-2011 18:10:01 --- INFO: start: 06-05-2011 18:10:01
06-05-2011 18:10:01 --- INFO: ----------Source_Adesa (cli)
06-05-2011 18:10:01 --- ERROR: Unauthorized request
06-05-2011 18:10:01 --- INFO: finish: 06-05-2011 18:10:01
06-05-2011 18:10:01 --- INFO: elapsed time: ~0.64 sec., memory usage: ~1.31 Mb.
06-05-2011 18:10:01 --- INFO: start: 06-05-2011 18:10:01
06-05-2011 18:10:01 --- INFO: ----------Source_Avtobest (cli)
06-05-2011 18:16:12 --- ERROR: ErrorException [ 8 ]: Undefined offset: 1 ~ APPPATH/classes/vincode.php [ 39 ]
#0 /home/clients/boldyrek_ftp0/domains/tcl.makmalauto.com/html/cron/grabber/application/1.0.2/classes/vincode.php(39): Kohana_Core::error_handler(8, 'Undefined offse...', '/home/clients/b...', 39, Array)
#1 /home/clients/boldyrek_ftp0/domains/tcl.makmalauto.com/html/cron/grabber/application/1.0.2/classes/vincode/lexuspartsnow.php(15): Vincode->_parse_response(Object(Remote))
#2 /home/clients/boldyrek_ftp0/domains/tcl.makmalauto.com/html/cron/grabber/application/1.0.2/classes/source.php(166): Vincode_Lexuspartsnow->get('JTJHF10U8101819...', 'Lexus')
#3 /home/clients/boldyrek_ftp0/domains/tcl.makmalauto.com/html/cron/grabber/application/1.0.2/classes/source/avtobest.php(75): Source->_cache('JTJHF10U8101819...', 'Lexus', 1, true)
#4 /home/clients/boldyrek_ftp0/domains/tcl.makmalauto.com/html/cron/grabber/application/1.0.2/classes/source.php(48): Source_Avtobest->execute()
#5 /home/clients/boldyrek_ftp0/domains/tcl.makmalauto.com/html/cron/grabber/application/1.0.2/classes/controller/home.php(35): Source->run()
#6 [internal function]: Controller_Home->action_execute('8', 'home/execute/8', Object(Route))
#7 /home/clients/boldyrek_ftp0/domains/tcl.makmalauto.com/html/cron/grabber/system/classes/kohana/request/client/internal.php(132): ReflectionMethod->invokeArgs(Object(Controller_Home), Array)
#8 /home/clients/boldyrek_ftp0/domains/tcl.makmalauto.com/html/cron/grabber/system/classes/kohana/request.php(964): Kohana_Request_Client_Internal->execute(Object(Request))
#9 /home/clients/boldyrek_ftp0/domains/tcl.makmalauto.com/html/cron/grabber/index.php(110): Kohana_Request->execute()
#10 {main}
06-05-2011 19:05:01 --- INFO: start: 06-05-2011 19:05:01
06-05-2011 19:05:01 --- INFO: ----------Source_Openlane (cli)
06-05-2011 19:05:04 --- INFO: Authorized request
06-05-2011 19:05:06 --- INFO: Lexus RX 300 - found: 6, pass primary filters: 3, did not pass the filter by color: 0, added: 3, new vincodes: 0
06-05-2011 19:05:08 --- INFO: Lexus RX 330 - found: 3, pass primary filters: 2, did not pass the filter by color: 0, added: 2, new vincodes: 0
06-05-2011 19:05:09 --- INFO: Lexus RX 400H - found: 0, pass primary filters: 0, did not pass the filter by color: 0, added: 0, new vincodes: 0
06-05-2011 19:05:10 --- INFO: Lexus GX 470 - found: 1, pass primary filters: 1, did not pass the filter by color: 1, added: 0, new vincodes: 0
06-05-2011 19:05:11 --- INFO: Lexus GX 470 - found: 7, pass primary filters: 4, did not pass the filter by color: 2, added: 2, new vincodes: 0
06-05-2011 19:05:13 --- INFO: Lexus LX 470 - found: 1, pass primary filters: 1, did not pass the filter by color: 1, added: 0, new vincodes: 0
06-05-2011 19:05:14 --- INFO: Lexus LX 470 - found: 1, pass primary filters: 1, did not pass the filter by color: 1, added: 0, new vincodes: 0
06-05-2011 19:05:15 --- INFO: Toyota Land Cruiser - found: 0, pass primary filters: 0, did not pass the filter by color: 0, added: 0, new vincodes: 0
06-05-2011 19:05:16 --- INFO: Honda CR-V - found: 1, pass primary filters: 0, did not pass the filter by color: 0, added: 0, new vincodes: 0
06-05-2011 19:05:17 --- INFO: Honda CR-V - found: 0, pass primary filters: 0, did not pass the filter by color: 0, added: 0, new vincodes: 0
06-05-2011 19:05:18 --- INFO: Mitsubishi Montero 4WD Limited - found: 0, pass primary filters: 0, did not pass the filter by color: 0, added: 0, new vincodes: 0
06-05-2011 19:05:20 --- INFO: Toyota 4RUNNER 4WD Limited - found: 5, pass primary filters: 0, did not pass the filter by color: 0, added: 0, new vincodes: 0
06-05-2011 19:05:21 --- INFO: Toyota RAV 4 - found: 0, pass primary filters: 0, did not pass the filter by color: 0, added: 0, new vincodes: 0
06-05-2011 19:05:22 --- INFO: Toyota Highlander 4WD - found: 0, pass primary filters: 0, did not pass the filter by color: 0, added: 0, new vincodes: 0
06-05-2011 19:05:23 --- INFO: Subaru Forester - found: 0, pass primary filters: 0, did not pass the filter by color: 0, added: 0, new vincodes: 0
06-05-2011 19:05:24 --- INFO: Nissan Rogue - found: 0, pass primary filters: 0, did not pass the filter by color: 0, added: 0, new vincodes: 0
06-05-2011 19:05:24 --- INFO: finish: 06-05-2011 19:05:24
06-05-2011 19:05:24 --- INFO: elapsed time: ~23.1 sec., memory usage: ~2.05 Mb.
06-05-2011 19:10:01 --- INFO: start: 06-05-2011 19:10:01
06-05-2011 19:10:01 --- INFO: ----------Source_Ebay (cli)
06-05-2011 19:10:16 --- INFO: Lexus RX 300 - found: 20, pass primary filters: 2, did not pass the filter by color: 0, added: 2, new vincodes: 0
06-05-2011 19:11:48 --- INFO: Lexus RX 330 - found: 69, pass primary filters: 8, did not pass the filter by color: 5, added: 3, new vincodes: 0
06-05-2011 19:12:15 --- INFO: Lexus RX 400H - found: 38, pass primary filters: 0, did not pass the filter by color: 0, added: 0, new vincodes: 0
06-05-2011 19:12:39 --- INFO: Lexus GX 470 - found: 33, pass primary filters: 17, did not pass the filter by color: 13, added: 4, new vincodes: 0
06-05-2011 19:13:03 --- INFO: Lexus GX 470 - found: 34, pass primary filters: 16, did not pass the filter by color: 14, added: 2, new vincodes: 0
06-05-2011 19:13:12 --- INFO: Lexus LX 470 - found: 9, pass primary filters: 8, did not pass the filter by color: 6, added: 2, new vincodes: 0
06-05-2011 19:13:24 --- INFO: Lexus LX 470 - found: 16, pass primary filters: 10, did not pass the filter by color: 10, added: 0, new vincodes: 0
06-05-2011 19:13:30 --- INFO: Toyota Land Cruiser - found: 7, pass primary filters: 4, did not pass the filter by color: 4, added: 0, new vincodes: 0
06-05-2011 19:13:48 --- INFO: Honda CR-V - found: 21, pass primary filters: 1, did not pass the filter by color: 0, added: 1, new vincodes: 0
06-05-2011 19:15:57 --- INFO: Honda CR-V - found: 87, pass primary filters: 2, did not pass the filter by color: 0, added: 2, new vincodes: 0
06-05-2011 19:16:07 --- INFO: Mitsubishi Montero 4WD Limited - found: 14, pass primary filters: 0, did not pass the filter by color: 0, added: 0, new vincodes: 0
06-05-2011 19:17:30 --- INFO: Toyota 4RUNNER 4WD Limited - found: 61, pass primary filters: 22, did not pass the filter by color: 19, added: 3, new vincodes: 0
06-05-2011 19:17:45 --- INFO: Toyota RAV 4 - found: 20, pass primary filters: 7, did not pass the filter by color: 5, added: 2, new vincodes: 0
06-05-2011 19:18:01 --- INFO: Toyota Highlander 4WD - found: 20, pass primary filters: 0, did not pass the filter by color: 0, added: 0, new vincodes: 0
06-05-2011 19:19:25 --- INFO: Subaru Forester - found: 54, pass primary filters: 2, did not pass the filter by color: 0, added: 2, new vincodes: 0
06-05-2011 19:19:54 --- INFO: Nissan Rogue - found: 37, pass primary filters: 1, did not pass the filter by color: 0, added: 1, new vincodes: 0
06-05-2011 19:19:54 --- INFO: finish: 06-05-2011 19:19:54
06-05-2011 19:19:54 --- INFO: elapsed time: ~593 sec., memory usage: ~2.68 Mb.
06-05-2011 19:30:02 --- INFO: start: 06-05-2011 19:30:02
06-05-2011 19:30:02 --- INFO: ----------Source_Autotrader (cli)
06-05-2011 19:30:30 --- ERROR: Request returns empty result
06-05-2011 19:30:30 --- INFO: finish: 06-05-2011 19:30:30
06-05-2011 19:30:30 --- INFO: elapsed time: ~28.05 sec., memory usage: ~1.66 Mb.
06-05-2011 19:20:01 --- INFO: start: 06-05-2011 19:20:01
06-05-2011 19:20:01 --- INFO: ----------Source_Cars (cli)
06-05-2011 19:20:11 --- INFO: Lexus RX 300 - found: 9, pass primary filters: 4, did not pass the filter by color: 3, added: 1, new vincodes: 0
06-05-2011 19:22:49 --- INFO: Lexus RX 330 - found: 78, pass primary filters: 36, did not pass the filter by color: 10, added: 26, new vincodes: 0
06-05-2011 19:23:07 --- INFO: Lexus RX 400H - found: 0, pass primary filters: 0, did not pass the filter by color: 0, added: 0, new vincodes: 0
06-05-2011 19:23:17 --- INFO: Lexus GX 470 - found: 10, pass primary filters: 10, did not pass the filter by color: 7, added: 3, new vincodes: 0
06-05-2011 19:23:32 --- INFO: Lexus GX 470 - found: 15, pass primary filters: 15, did not pass the filter by color: 12, added: 3, new vincodes: 0
06-05-2011 19:23:51 --- INFO: Lexus LX 470 - found: 0, pass primary filters: 0, did not pass the filter by color: 0, added: 0, new vincodes: 0
06-05-2011 19:24:05 --- INFO: Lexus LX 470 - found: 0, pass primary filters: 0, did not pass the filter by color: 0, added: 0, new vincodes: 0
06-05-2011 19:24:24 --- INFO: Toyota Land Cruiser - found: 0, pass primary filters: 0, did not pass the filter by color: 0, added: 0, new vincodes: 0
06-05-2011 19:25:16 --- INFO: Honda CR-V - found: 56, pass primary filters: 16, did not pass the filter by color: 0, added: 16, new vincodes: 1
06-05-2011 19:26:01 --- INFO: Honda CR-V - found: 45, pass primary filters: 24, did not pass the filter by color: 0, added: 24, new vincodes: 2
06-05-2011 19:26:24 --- INFO: Mitsubishi Montero 4WD Limited - found: 25, pass primary filters: 5, did not pass the filter by color: 5, added: 0, new vincodes: 0
06-05-2011 19:36:17 --- INFO: Toyota 4RUNNER 4WD Limited - found: 634, pass primary filters: 156, did not pass the filter by color: 107, added: 49, new vincodes: 2
06-05-2011 19:36:32 --- INFO: Toyota RAV 4 - found: 16, pass primary filters: 6, did not pass the filter by color: 4, added: 2, new vincodes: 0
06-05-2011 19:36:45 --- INFO: Toyota Highlander 4WD - found: 14, pass primary filters: 0, did not pass the filter by color: 0, added: 0, new vincodes: 0
06-05-2011 19:37:25 --- INFO: Subaru Forester - found: 39, pass primary filters: 39, did not pass the filter by color: 0, added: 39, new vincodes: 0
06-05-2011 19:38:02 --- INFO: Nissan Rogue - found: 39, pass primary filters: 28, did not pass the filter by color: 0, added: 28, new vincodes: 0
06-05-2011 19:38:02 --- INFO: finish: 06-05-2011 19:38:02
06-05-2011 19:38:02 --- INFO: elapsed time: ~1080.83 sec., memory usage: ~4.4 Mb.
06-05-2011 23:05:01 --- INFO: start: 06-05-2011 23:05:01
06-05-2011 23:05:01 --- INFO: ----------Source_Openlane (cli)
06-05-2011 23:05:05 --- INFO: Authorized request
06-05-2011 23:05:06 --- INFO: Lexus RX 300 - found: 6, pass primary filters: 3, did not pass the filter by color: 0, added: 3, new vincodes: 0
06-05-2011 23:05:08 --- INFO: Lexus RX 330 - found: 3, pass primary filters: 2, did not pass the filter by color: 0, added: 2, new vincodes: 0
06-05-2011 23:05:09 --- INFO: Lexus RX 400H - found: 0, pass primary filters: 0, did not pass the filter by color: 0, added: 0, new vincodes: 0
06-05-2011 23:05:10 --- INFO: Lexus GX 470 - found: 1, pass primary filters: 1, did not pass the filter by color: 1, added: 0, new vincodes: 0
06-05-2011 23:05:12 --- INFO: Lexus GX 470 - found: 7, pass primary filters: 4, did not pass the filter by color: 2, added: 2, new vincodes: 0
06-05-2011 23:05:13 --- INFO: Lexus LX 470 - found: 1, pass primary filters: 1, did not pass the filter by color: 1, added: 0, new vincodes: 0
06-05-2011 23:05:14 --- INFO: Lexus LX 470 - found: 1, pass primary filters: 1, did not pass the filter by color: 1, added: 0, new vincodes: 0
06-05-2011 23:05:15 --- INFO: Toyota Land Cruiser - found: 0, pass primary filters: 0, did not pass the filter by color: 0, added: 0, new vincodes: 0
06-05-2011 23:05:16 --- INFO: Honda CR-V - found: 1, pass primary filters: 0, did not pass the filter by color: 0, added: 0, new vincodes: 0
06-05-2011 23:05:18 --- INFO: Honda CR-V - found: 0, pass primary filters: 0, did not pass the filter by color: 0, added: 0, new vincodes: 0
06-05-2011 23:05:19 --- INFO: Mitsubishi Montero 4WD Limited - found: 0, pass primary filters: 0, did not pass the filter by color: 0, added: 0, new vincodes: 0
06-05-2011 23:05:20 --- INFO: Toyota 4RUNNER 4WD Limited - found: 4, pass primary filters: 0, did not pass the filter by color: 0, added: 0, new vincodes: 0
06-05-2011 23:05:21 --- INFO: Toyota RAV 4 - found: 0, pass primary filters: 0, did not pass the filter by color: 0, added: 0, new vincodes: 0
06-05-2011 23:05:22 --- INFO: Toyota Highlander 4WD - found: 0, pass primary filters: 0, did not pass the filter by color: 0, added: 0, new vincodes: 0
06-05-2011 23:05:23 --- INFO: Subaru Forester - found: 0, pass primary filters: 0, did not pass the filter by color: 0, added: 0, new vincodes: 0
06-05-2011 23:05:24 --- INFO: Nissan Rogue - found: 0, pass primary filters: 0, did not pass the filter by color: 0, added: 0, new vincodes: 0
06-05-2011 23:05:24 --- INFO: finish: 06-05-2011 23:05:24
06-05-2011 23:05:24 --- INFO: elapsed time: ~22.99 sec., memory usage: ~2.05 Mb.
06-05-2011 23:10:01 --- INFO: start: 06-05-2011 23:10:01
06-05-2011 23:10:01 --- INFO: ----------Source_Ebay (cli)
06-05-2011 23:10:18 --- INFO: Lexus RX 300 - found: 20, pass primary filters: 2, did not pass the filter by color: 0, added: 2, new vincodes: 0
06-05-2011 23:11:47 --- INFO: Lexus RX 330 - found: 68, pass primary filters: 8, did not pass the filter by color: 5, added: 3, new vincodes: 0
06-05-2011 23:12:14 --- INFO: Lexus RX 400H - found: 37, pass primary filters: 0, did not pass the filter by color: 0, added: 0, new vincodes: 0
06-05-2011 23:12:40 --- INFO: Lexus GX 470 - found: 35, pass primary filters: 18, did not pass the filter by color: 13, added: 5, new vincodes: 0
06-05-2011 23:13:05 --- INFO: Lexus GX 470 - found: 34, pass primary filters: 17, did not pass the filter by color: 14, added: 3, new vincodes: 0
06-05-2011 23:13:13 --- INFO: Lexus LX 470 - found: 9, pass primary filters: 8, did not pass the filter by color: 6, added: 2, new vincodes: 0
06-05-2011 23:13:25 --- INFO: Lexus LX 470 - found: 16, pass primary filters: 10, did not pass the filter by color: 10, added: 0, new vincodes: 0
06-05-2011 23:13:31 --- INFO: Toyota Land Cruiser - found: 7, pass primary filters: 4, did not pass the filter by color: 4, added: 0, new vincodes: 0
06-05-2011 23:13:47 --- INFO: Honda CR-V - found: 21, pass primary filters: 1, did not pass the filter by color: 0, added: 1, new vincodes: 0
06-05-2011 23:15:41 --- INFO: Honda CR-V - found: 87, pass primary filters: 2, did not pass the filter by color: 0, added: 2, new vincodes: 0
06-05-2011 23:15:52 --- INFO: Mitsubishi Montero 4WD Limited - found: 14, pass primary filters: 0, did not pass the filter by color: 0, added: 0, new vincodes: 0
06-05-2011 23:17:11 --- INFO: Toyota 4RUNNER 4WD Limited - found: 61, pass primary filters: 20, did not pass the filter by color: 16, added: 4, new vincodes: 0
06-05-2011 23:17:27 --- INFO: Toyota RAV 4 - found: 22, pass primary filters: 8, did not pass the filter by color: 5, added: 3, new vincodes: 0
06-05-2011 23:17:43 --- INFO: Toyota Highlander 4WD - found: 21, pass primary filters: 0, did not pass the filter by color: 0, added: 0, new vincodes: 0
06-05-2011 23:18:55 --- INFO: Subaru Forester - found: 54, pass primary filters: 2, did not pass the filter by color: 0, added: 2, new vincodes: 0
06-05-2011 23:19:21 --- INFO: Nissan Rogue - found: 36, pass primary filters: 1, did not pass the filter by color: 0, added: 1, new vincodes: 0
06-05-2011 23:19:21 --- INFO: finish: 06-05-2011 23:19:21
06-05-2011 23:19:21 --- INFO: elapsed time: ~560.15 sec., memory usage: ~2.68 Mb.
06-05-2011 23:30:01 --- INFO: start: 06-05-2011 23:30:01
06-05-2011 23:30:01 --- INFO: ----------Source_Autotrader (cli)
06-05-2011 23:30:29 --- ERROR: Request returns empty result
06-05-2011 23:30:29 --- INFO: finish: 06-05-2011 23:30:29
06-05-2011 23:30:29 --- INFO: elapsed time: ~28.04 sec., memory usage: ~1.66 Mb.
06-05-2011 23:20:01 --- INFO: start: 06-05-2011 23:20:01
06-05-2011 23:20:01 --- INFO: ----------Source_Cars (cli)
06-05-2011 23:20:09 --- INFO: Lexus RX 300 - found: 8, pass primary filters: 3, did not pass the filter by color: 2, added: 1, new vincodes: 0
06-05-2011 23:21:25 --- INFO: Lexus RX 330 - found: 75, pass primary filters: 35, did not pass the filter by color: 10, added: 25, new vincodes: 0
06-05-2011 23:21:39 --- INFO: Lexus RX 400H - found: 0, pass primary filters: 0, did not pass the filter by color: 0, added: 0, new vincodes: 0
06-05-2011 23:21:51 --- INFO: Lexus GX 470 - found: 11, pass primary filters: 11, did not pass the filter by color: 8, added: 3, new vincodes: 1
06-05-2011 23:22:07 --- INFO: Lexus GX 470 - found: 15, pass primary filters: 15, did not pass the filter by color: 12, added: 3, new vincodes: 0
06-05-2011 23:22:25 --- INFO: Lexus LX 470 - found: 0, pass primary filters: 0, did not pass the filter by color: 0, added: 0, new vincodes: 0
06-05-2011 23:22:39 --- INFO: Lexus LX 470 - found: 0, pass primary filters: 0, did not pass the filter by color: 0, added: 0, new vincodes: 0
06-05-2011 23:22:55 --- INFO: Toyota Land Cruiser - found: 0, pass primary filters: 0, did not pass the filter by color: 0, added: 0, new vincodes: 0
06-05-2011 23:23:45 --- INFO: Honda CR-V - found: 57, pass primary filters: 17, did not pass the filter by color: 0, added: 17, new vincodes: 0
06-05-2011 23:24:32 --- INFO: Honda CR-V - found: 49, pass primary filters: 24, did not pass the filter by color: 0, added: 24, new vincodes: 0
06-05-2011 23:24:54 --- INFO: Mitsubishi Montero 4WD Limited - found: 25, pass primary filters: 5, did not pass the filter by color: 5, added: 0, new vincodes: 0
06-05-2011 23:34:20 --- INFO: Toyota 4RUNNER 4WD Limited - found: 630, pass primary filters: 154, did not pass the filter by color: 104, added: 50, new vincodes: 1
06-05-2011 23:34:34 --- INFO: Toyota RAV 4 - found: 15, pass primary filters: 6, did not pass the filter by color: 4, added: 2, new vincodes: 0
06-05-2011 23:34:47 --- INFO: Toyota Highlander 4WD - found: 13, pass primary filters: 0, did not pass the filter by color: 0, added: 0, new vincodes: 0
06-05-2011 23:35:25 --- INFO: Subaru Forester - found: 39, pass primary filters: 39, did not pass the filter by color: 0, added: 39, new vincodes: 0
06-05-2011 23:36:02 --- INFO: Nissan Rogue - found: 39, pass primary filters: 28, did not pass the filter by color: 0, added: 28, new vincodes: 0
06-05-2011 23:36:02 --- INFO: finish: 06-05-2011 23:36:02
06-05-2011 23:36:02 --- INFO: elapsed time: ~960.79 sec., memory usage: ~4.38 Mb.