
07-05-2011 03:05:01 --- INFO: start: 07-05-2011 03:05:01
07-05-2011 03:05:01 --- INFO: ----------Source_Openlane (cli)
07-05-2011 03:05:05 --- INFO: Authorized request
07-05-2011 03:05:06 --- INFO: Lexus RX 300 - found: 6, pass primary filters: 3, did not pass the filter by color: 0, added: 3, new vincodes: 0
07-05-2011 03:05:08 --- INFO: Lexus RX 330 - found: 3, pass primary filters: 2, did not pass the filter by color: 0, added: 2, new vincodes: 0
07-05-2011 03:05:09 --- INFO: Lexus RX 400H - found: 0, pass primary filters: 0, did not pass the filter by color: 0, added: 0, new vincodes: 0
07-05-2011 03:05:10 --- INFO: Lexus GX 470 - found: 1, pass primary filters: 1, did not pass the filter by color: 1, added: 0, new vincodes: 0
07-05-2011 03:05:12 --- INFO: Lexus GX 470 - found: 7, pass primary filters: 4, did not pass the filter by color: 2, added: 2, new vincodes: 0
07-05-2011 03:05:13 --- INFO: Lexus LX 470 - found: 1, pass primary filters: 1, did not pass the filter by color: 1, added: 0, new vincodes: 0
07-05-2011 03:05:14 --- INFO: Lexus LX 470 - found: 1, pass primary filters: 1, did not pass the filter by color: 1, added: 0, new vincodes: 0
07-05-2011 03:05:15 --- INFO: Toyota Land Cruiser - found: 0, pass primary filters: 0, did not pass the filter by color: 0, added: 0, new vincodes: 0
07-05-2011 03:05:16 --- INFO: Honda CR-V - found: 1, pass primary filters: 0, did not pass the filter by color: 0, added: 0, new vincodes: 0
07-05-2011 03:05:18 --- INFO: Honda CR-V - found: 0, pass primary filters: 0, did not pass the filter by color: 0, added: 0, new vincodes: 0
07-05-2011 03:05:19 --- INFO: Mitsubishi Montero 4WD Limited - found: 0, pass primary filters: 0, did not pass the filter by color: 0, added: 0, new vincodes: 0
07-05-2011 03:05:20 --- INFO: Toyota 4RUNNER 4WD Limited - found: 4, pass primary filters: 0, did not pass the filter by color: 0, added: 0, new vincodes: 0
07-05-2011 03:05:21 --- INFO: Toyota RAV 4 - found: 0, pass primary filters: 0, did not pass the filter by color: 0, added: 0, new vincodes: 0
07-05-2011 03:05:22 --- INFO: Toyota Highlander 4WD - found: 0, pass primary filters: 0, did not pass the filter by color: 0, added: 0, new vincodes: 0
07-05-2011 03:05:23 --- INFO: Subaru Forester - found: 0, pass primary filters: 0, did not pass the filter by color: 0, added: 0, new vincodes: 0
07-05-2011 03:05:24 --- INFO: Nissan Rogue - found: 0, pass primary filters: 0, did not pass the filter by color: 0, added: 0, new vincodes: 0
07-05-2011 03:05:24 --- INFO: finish: 07-05-2011 03:05:24
07-05-2011 03:05:24 --- INFO: elapsed time: ~23.23 sec., memory usage: ~2.05 Mb.
07-05-2011 03:10:01 --- INFO: start: 07-05-2011 03:10:01
07-05-2011 03:10:01 --- INFO: ----------Source_Ebay (cli)
07-05-2011 03:10:19 --- INFO: Lexus RX 300 - found: 21, pass primary filters: 2, did not pass the filter by color: 0, added: 2, new vincodes: 0
07-05-2011 03:12:00 --- INFO: Lexus RX 330 - found: 69, pass primary filters: 8, did not pass the filter by color: 4, added: 4, new vincodes: 0
07-05-2011 03:12:29 --- INFO: Lexus RX 400H - found: 37, pass primary filters: 0, did not pass the filter by color: 0, added: 0, new vincodes: 0
07-05-2011 03:12:57 --- INFO: Lexus GX 470 - found: 35, pass primary filters: 18, did not pass the filter by color: 13, added: 5, new vincodes: 0
07-05-2011 03:13:25 --- INFO: Lexus GX 470 - found: 34, pass primary filters: 17, did not pass the filter by color: 14, added: 3, new vincodes: 0
07-05-2011 03:13:33 --- INFO: Lexus LX 470 - found: 9, pass primary filters: 8, did not pass the filter by color: 6, added: 2, new vincodes: 0
07-05-2011 03:13:47 --- INFO: Lexus LX 470 - found: 16, pass primary filters: 10, did not pass the filter by color: 10, added: 0, new vincodes: 0
07-05-2011 03:13:53 --- INFO: Toyota Land Cruiser - found: 7, pass primary filters: 4, did not pass the filter by color: 4, added: 0, new vincodes: 0
07-05-2011 03:14:10 --- INFO: Honda CR-V - found: 21, pass primary filters: 1, did not pass the filter by color: 0, added: 1, new vincodes: 0
07-05-2011 03:16:04 --- INFO: Honda CR-V - found: 87, pass primary filters: 2, did not pass the filter by color: 0, added: 2, new vincodes: 0
07-05-2011 03:16:15 --- INFO: Mitsubishi Montero 4WD Limited - found: 14, pass primary filters: 0, did not pass the filter by color: 0, added: 0, new vincodes: 0
07-05-2011 03:17:36 --- INFO: Toyota 4RUNNER 4WD Limited - found: 61, pass primary filters: 20, did not pass the filter by color: 16, added: 4, new vincodes: 0
07-05-2011 03:17:52 --- INFO: Toyota RAV 4 - found: 22, pass primary filters: 8, did not pass the filter by color: 5, added: 3, new vincodes: 0
07-05-2011 03:18:08 --- INFO: Toyota Highlander 4WD - found: 21, pass primary filters: 0, did not pass the filter by color: 0, added: 0, new vincodes: 0
07-05-2011 03:19:19 --- INFO: Subaru Forester - found: 54, pass primary filters: 2, did not pass the filter by color: 0, added: 2, new vincodes: 0
07-05-2011 03:19:45 --- INFO: Nissan Rogue - found: 36, pass primary filters: 1, did not pass the filter by color: 0, added: 1, new vincodes: 0
07-05-2011 03:19:45 --- INFO: finish: 07-05-2011 03:19:45
07-05-2011 03:19:45 --- INFO: elapsed time: ~583.55 sec., memory usage: ~2.68 Mb.
07-05-2011 03:30:01 --- INFO: start: 07-05-2011 03:30:01
07-05-2011 03:30:01 --- INFO: ----------Source_Autotrader (cli)
07-05-2011 03:30:29 --- ERROR: Request returns empty result
07-05-2011 03:30:29 --- INFO: finish: 07-05-2011 03:30:29
07-05-2011 03:30:29 --- INFO: elapsed time: ~28.04 sec., memory usage: ~1.66 Mb.
07-05-2011 03:20:01 --- INFO: start: 07-05-2011 03:20:01
07-05-2011 03:20:01 --- INFO: ----------Source_Cars (cli)
07-05-2011 03:20:10 --- INFO: Lexus RX 300 - found: 8, pass primary filters: 3, did not pass the filter by color: 2, added: 1, new vincodes: 0
07-05-2011 03:21:18 --- INFO: Lexus RX 330 - found: 75, pass primary filters: 35, did not pass the filter by color: 10, added: 25, new vincodes: 0
07-05-2011 03:21:33 --- INFO: Lexus RX 400H - found: 0, pass primary filters: 0, did not pass the filter by color: 0, added: 0, new vincodes: 0
07-05-2011 03:21:46 --- INFO: Lexus GX 470 - found: 11, pass primary filters: 11, did not pass the filter by color: 8, added: 3, new vincodes: 0
07-05-2011 03:22:02 --- INFO: Lexus GX 470 - found: 15, pass primary filters: 15, did not pass the filter by color: 12, added: 3, new vincodes: 0
07-05-2011 03:22:17 --- INFO: Lexus LX 470 - found: 0, pass primary filters: 0, did not pass the filter by color: 0, added: 0, new vincodes: 0
07-05-2011 03:22:29 --- INFO: Lexus LX 470 - found: 0, pass primary filters: 0, did not pass the filter by color: 0, added: 0, new vincodes: 0
07-05-2011 03:22:46 --- INFO: Toyota Land Cruiser - found: 0, pass primary filters: 0, did not pass the filter by color: 0, added: 0, new vincodes: 0
07-05-2011 03:23:41 --- INFO: Honda CR-V - found: 58, pass primary filters: 17, did not pass the filter by color: 0, added: 17, new vincodes: 0
07-05-2011 03:24:24 --- INFO: Honda CR-V - found: 49, pass primary filters: 24, did not pass the filter by color: 0, added: 24, new vincodes: 0
07-05-2011 03:24:48 --- INFO: Mitsubishi Montero 4WD Limited - found: 25, pass primary filters: 5, did not pass the filter by color: 5, added: 0, new vincodes: 0
07-05-2011 03:34:03 --- INFO: Toyota 4RUNNER 4WD Limited - found: 634, pass primary filters: 156, did not pass the filter by color: 105, added: 51, new vincodes: 2
07-05-2011 03:34:17 --- INFO: Toyota RAV 4 - found: 15, pass primary filters: 6, did not pass the filter by color: 4, added: 2, new vincodes: 0
07-05-2011 03:34:29 --- INFO: Toyota Highlander 4WD - found: 13, pass primary filters: 0, did not pass the filter by color: 0, added: 0, new vincodes: 0
07-05-2011 03:35:05 --- INFO: Subaru Forester - found: 39, pass primary filters: 39, did not pass the filter by color: 0, added: 39, new vincodes: 0
07-05-2011 03:35:39 --- INFO: Nissan Rogue - found: 39, pass primary filters: 28, did not pass the filter by color: 0, added: 28, new vincodes: 0
07-05-2011 03:35:39 --- INFO: finish: 07-05-2011 03:35:39
07-05-2011 03:35:39 --- INFO: elapsed time: ~937.87 sec., memory usage: ~4.38 Mb.
07-05-2011 06:10:01 --- INFO: start: 07-05-2011 06:10:01
07-05-2011 06:10:01 --- INFO: ----------Source_Adesa (cli)
07-05-2011 06:10:01 --- ERROR: Unauthorized request
07-05-2011 06:10:01 --- INFO: finish: 07-05-2011 06:10:01
07-05-2011 06:10:01 --- INFO: elapsed time: ~0.43 sec., memory usage: ~1.31 Mb.
07-05-2011 06:10:01 --- INFO: start: 07-05-2011 06:10:01
07-05-2011 06:10:01 --- INFO: ----------Source_Avtobest (cli)
07-05-2011 06:10:49 --- INFO: Lexus RX 300 - found: 63, pass primary filters: 21, did not pass the filter by color: 10, added: 11, new vincodes: 1
07-05-2011 06:12:45 --- INFO: Lexus RX 330 - found: 143, pass primary filters: 45, did not pass the filter by color: 20, added: 25, new vincodes: 0
07-05-2011 06:13:00 --- INFO: Lexus RX 400H - found: 17, pass primary filters: 2, did not pass the filter by color: 2, added: 0, new vincodes: 0
07-05-2011 06:13:59 --- INFO: Lexus GX 470 - found: 66, pass primary filters: 35, did not pass the filter by color: 27, added: 8, new vincodes: 1
07-05-2011 06:14:56 --- INFO: Lexus GX 470 - found: 61, pass primary filters: 38, did not pass the filter by color: 27, added: 11, new vincodes: 0
07-05-2011 06:15:10 --- INFO: Lexus LX 470 - found: 16, pass primary filters: 12, did not pass the filter by color: 12, added: 0, new vincodes: 0
07-05-2011 06:15:21 --- INFO: Lexus LX 470 - found: 11, pass primary filters: 8, did not pass the filter by color: 6, added: 2, new vincodes: 0
07-05-2011 06:15:30 --- INFO: Toyota Land Cruiser - found: 7, pass primary filters: 4, did not pass the filter by color: 4, added: 0, new vincodes: 0
07-05-2011 06:16:16 --- INFO: Honda CR-V - found: 51, pass primary filters: 11, did not pass the filter by color: 0, added: 11, new vincodes: 0
07-05-2011 06:18:28 --- INFO: Honda CR-V - found: 152, pass primary filters: 1, did not pass the filter by color: 0, added: 1, new vincodes: 0
07-05-2011 06:19:13 --- INFO: Mitsubishi Montero 4WD Limited - found: 54, pass primary filters: 8, did not pass the filter by color: 8, added: 0, new vincodes: 0
07-05-2011 06:22:15 --- INFO: Toyota 4RUNNER 4WD Limited - found: 213, pass primary filters: 53, did not pass the filter by color: 41, added: 12, new vincodes: 0
07-05-2011 06:22:42 --- INFO: Toyota RAV 4 - found: 42, pass primary filters: 17, did not pass the filter by color: 15, added: 2, new vincodes: 0
07-05-2011 06:23:50 --- INFO: Toyota Highlander 4WD - found: 85, pass primary filters: 2, did not pass the filter by color: 1, added: 1, new vincodes: 0
07-05-2011 06:25:12 --- INFO: Subaru Forester - found: 96, pass primary filters: 11, did not pass the filter by color: 0, added: 11, new vincodes: 0
07-05-2011 06:26:57 --- INFO: Nissan Rogue - found: 124, pass primary filters: 6, did not pass the filter by color: 0, added: 6, new vincodes: 0
07-05-2011 06:26:57 --- INFO: finish: 07-05-2011 06:26:57
07-05-2011 06:26:57 --- INFO: elapsed time: ~1015.86 sec., memory usage: ~3.97 Mb.
07-05-2011 07:05:01 --- INFO: start: 07-05-2011 07:05:01
07-05-2011 07:05:01 --- INFO: ----------Source_Openlane (cli)
07-05-2011 07:05:04 --- INFO: Authorized request
07-05-2011 07:05:06 --- INFO: Lexus RX 300 - found: 6, pass primary filters: 3, did not pass the filter by color: 0, added: 3, new vincodes: 0
07-05-2011 07:05:08 --- INFO: Lexus RX 330 - found: 3, pass primary filters: 2, did not pass the filter by color: 0, added: 2, new vincodes: 0
07-05-2011 07:05:09 --- INFO: Lexus RX 400H - found: 0, pass primary filters: 0, did not pass the filter by color: 0, added: 0, new vincodes: 0
07-05-2011 07:05:10 --- INFO: Lexus GX 470 - found: 1, pass primary filters: 1, did not pass the filter by color: 1, added: 0, new vincodes: 0
07-05-2011 07:05:12 --- INFO: Lexus GX 470 - found: 7, pass primary filters: 4, did not pass the filter by color: 4, added: 0, new vincodes: 0
07-05-2011 07:05:13 --- INFO: Lexus LX 470 - found: 1, pass primary filters: 1, did not pass the filter by color: 1, added: 0, new vincodes: 0
07-05-2011 07:05:14 --- INFO: Lexus LX 470 - found: 1, pass primary filters: 1, did not pass the filter by color: 1, added: 0, new vincodes: 0
07-05-2011 07:05:15 --- INFO: Toyota Land Cruiser - found: 0, pass primary filters: 0, did not pass the filter by color: 0, added: 0, new vincodes: 0
07-05-2011 07:05:16 --- INFO: Honda CR-V - found: 1, pass primary filters: 0, did not pass the filter by color: 0, added: 0, new vincodes: 0
07-05-2011 07:05:18 --- INFO: Honda CR-V - found: 0, pass primary filters: 0, did not pass the filter by color: 0, added: 0, new vincodes: 0
07-05-2011 07:05:19 --- INFO: Mitsubishi Montero 4WD Limited - found: 0, pass primary filters: 0, did not pass the filter by color: 0, added: 0, new vincodes: 0
07-05-2011 07:05:20 --- INFO: Toyota 4RUNNER 4WD Limited - found: 4, pass primary filters: 0, did not pass the filter by color: 0, added: 0, new vincodes: 0
07-05-2011 07:05:21 --- INFO: Toyota RAV 4 - found: 0, pass primary filters: 0, did not pass the filter by color: 0, added: 0, new vincodes: 0
07-05-2011 07:05:22 --- INFO: Toyota Highlander 4WD - found: 0, pass primary filters: 0, did not pass the filter by color: 0, added: 0, new vincodes: 0
07-05-2011 07:05:23 --- INFO: Subaru Forester - found: 0, pass primary filters: 0, did not pass the filter by color: 0, added: 0, new vincodes: 0
07-05-2011 07:05:24 --- INFO: Nissan Rogue - found: 0, pass primary filters: 0, did not pass the filter by color: 0, added: 0, new vincodes: 0
07-05-2011 07:05:24 --- INFO: finish: 07-05-2011 07:05:24
07-05-2011 07:05:24 --- INFO: elapsed time: ~23.58 sec., memory usage: ~2.05 Mb.
07-05-2011 07:10:01 --- INFO: start: 07-05-2011 07:10:01
07-05-2011 07:10:01 --- INFO: ----------Source_Ebay (cli)
07-05-2011 07:10:18 --- INFO: Lexus RX 300 - found: 21, pass primary filters: 2, did not pass the filter by color: 0, added: 2, new vincodes: 0
07-05-2011 07:11:50 --- INFO: Lexus RX 330 - found: 69, pass primary filters: 8, did not pass the filter by color: 5, added: 3, new vincodes: 0
07-05-2011 07:12:17 --- INFO: Lexus RX 400H - found: 37, pass primary filters: 0, did not pass the filter by color: 0, added: 0, new vincodes: 0
07-05-2011 07:12:42 --- INFO: Lexus GX 470 - found: 35, pass primary filters: 18, did not pass the filter by color: 13, added: 5, new vincodes: 0
07-05-2011 07:13:06 --- INFO: Lexus GX 470 - found: 34, pass primary filters: 17, did not pass the filter by color: 14, added: 3, new vincodes: 0
07-05-2011 07:13:14 --- INFO: Lexus LX 470 - found: 9, pass primary filters: 8, did not pass the filter by color: 6, added: 2, new vincodes: 0
07-05-2011 07:13:28 --- INFO: Lexus LX 470 - found: 16, pass primary filters: 10, did not pass the filter by color: 10, added: 0, new vincodes: 0
07-05-2011 07:13:34 --- INFO: Toyota Land Cruiser - found: 7, pass primary filters: 4, did not pass the filter by color: 4, added: 0, new vincodes: 0
07-05-2011 07:13:49 --- INFO: Honda CR-V - found: 21, pass primary filters: 1, did not pass the filter by color: 0, added: 1, new vincodes: 0
07-05-2011 07:15:45 --- INFO: Honda CR-V - found: 87, pass primary filters: 2, did not pass the filter by color: 0, added: 2, new vincodes: 0
07-05-2011 07:15:55 --- INFO: Mitsubishi Montero 4WD Limited - found: 13, pass primary filters: 0, did not pass the filter by color: 0, added: 0, new vincodes: 0
07-05-2011 07:17:15 --- INFO: Toyota 4RUNNER 4WD Limited - found: 61, pass primary filters: 20, did not pass the filter by color: 16, added: 4, new vincodes: 0
07-05-2011 07:17:31 --- INFO: Toyota RAV 4 - found: 22, pass primary filters: 8, did not pass the filter by color: 5, added: 3, new vincodes: 0
07-05-2011 07:17:47 --- INFO: Toyota Highlander 4WD - found: 21, pass primary filters: 0, did not pass the filter by color: 0, added: 0, new vincodes: 0
07-05-2011 07:18:58 --- INFO: Subaru Forester - found: 54, pass primary filters: 2, did not pass the filter by color: 0, added: 2, new vincodes: 0
07-05-2011 07:19:28 --- INFO: Nissan Rogue - found: 39, pass primary filters: 1, did not pass the filter by color: 0, added: 1, new vincodes: 0
07-05-2011 07:19:28 --- INFO: finish: 07-05-2011 07:19:28
07-05-2011 07:19:28 --- INFO: elapsed time: ~567.22 sec., memory usage: ~2.68 Mb.
07-05-2011 07:30:01 --- INFO: start: 07-05-2011 07:30:01
07-05-2011 07:30:01 --- INFO: ----------Source_Autotrader (cli)
07-05-2011 07:30:29 --- ERROR: Request returns empty result
07-05-2011 07:30:29 --- INFO: finish: 07-05-2011 07:30:29
07-05-2011 07:30:29 --- INFO: elapsed time: ~28.15 sec., memory usage: ~1.66 Mb.
07-05-2011 07:20:01 --- INFO: start: 07-05-2011 07:20:01
07-05-2011 07:20:01 --- INFO: ----------Source_Cars (cli)
07-05-2011 07:20:08 --- INFO: Lexus RX 300 - found: 8, pass primary filters: 3, did not pass the filter by color: 2, added: 1, new vincodes: 0
07-05-2011 07:21:15 --- INFO: Lexus RX 330 - found: 75, pass primary filters: 35, did not pass the filter by color: 10, added: 25, new vincodes: 0
07-05-2011 07:21:31 --- INFO: Lexus RX 400H - found: 0, pass primary filters: 0, did not pass the filter by color: 0, added: 0, new vincodes: 0
07-05-2011 07:21:41 --- INFO: Lexus GX 470 - found: 11, pass primary filters: 11, did not pass the filter by color: 8, added: 3, new vincodes: 0
07-05-2011 07:21:56 --- INFO: Lexus GX 470 - found: 15, pass primary filters: 15, did not pass the filter by color: 12, added: 3, new vincodes: 0
07-05-2011 07:22:12 --- INFO: Lexus LX 470 - found: 0, pass primary filters: 0, did not pass the filter by color: 0, added: 0, new vincodes: 0
07-05-2011 07:22:26 --- INFO: Lexus LX 470 - found: 0, pass primary filters: 0, did not pass the filter by color: 0, added: 0, new vincodes: 0
07-05-2011 07:22:44 --- INFO: Toyota Land Cruiser - found: 0, pass primary filters: 0, did not pass the filter by color: 0, added: 0, new vincodes: 0
07-05-2011 07:23:38 --- INFO: Honda CR-V - found: 58, pass primary filters: 16, did not pass the filter by color: 0, added: 16, new vincodes: 0
07-05-2011 07:24:23 --- INFO: Honda CR-V - found: 49, pass primary filters: 24, did not pass the filter by color: 0, added: 24, new vincodes: 0
07-05-2011 07:24:48 --- INFO: Mitsubishi Montero 4WD Limited - found: 25, pass primary filters: 5, did not pass the filter by color: 5, added: 0, new vincodes: 0
07-05-2011 07:33:54 --- INFO: Toyota 4RUNNER 4WD Limited - found: 634, pass primary filters: 156, did not pass the filter by color: 107, added: 49, new vincodes: 0
07-05-2011 07:34:08 --- INFO: Toyota RAV 4 - found: 15, pass primary filters: 6, did not pass the filter by color: 4, added: 2, new vincodes: 0
07-05-2011 07:34:20 --- INFO: Toyota Highlander 4WD - found: 13, pass primary filters: 0, did not pass the filter by color: 0, added: 0, new vincodes: 0
07-05-2011 07:34:56 --- INFO: Subaru Forester - found: 39, pass primary filters: 39, did not pass the filter by color: 0, added: 39, new vincodes: 0
07-05-2011 07:35:28 --- INFO: Nissan Rogue - found: 39, pass primary filters: 28, did not pass the filter by color: 0, added: 28, new vincodes: 0
07-05-2011 07:35:28 --- INFO: finish: 07-05-2011 07:35:28
07-05-2011 07:35:28 --- INFO: elapsed time: ~927.1 sec., memory usage: ~4.35 Mb.
07-05-2011 08:10:01 --- INFO: start: 07-05-2011 08:10:01
07-05-2011 08:10:01 --- INFO: ----------Source_Adesa (cli)
07-05-2011 08:10:02 --- ERROR: Unauthorized request
07-05-2011 08:10:02 --- INFO: finish: 07-05-2011 08:10:02
07-05-2011 08:10:02 --- INFO: elapsed time: ~0.44 sec., memory usage: ~1.31 Mb.
07-05-2011 08:10:01 --- INFO: start: 07-05-2011 08:10:01
07-05-2011 08:10:01 --- INFO: ----------Source_Avtobest (cli)
07-05-2011 08:10:49 --- INFO: Lexus RX 300 - found: 63, pass primary filters: 22, did not pass the filter by color: 12, added: 10, new vincodes: 0
07-05-2011 08:12:52 --- INFO: Lexus RX 330 - found: 143, pass primary filters: 48, did not pass the filter by color: 21, added: 27, new vincodes: 0
07-05-2011 08:13:08 --- INFO: Lexus RX 400H - found: 17, pass primary filters: 2, did not pass the filter by color: 2, added: 0, new vincodes: 0
07-05-2011 08:14:09 --- INFO: Lexus GX 470 - found: 67, pass primary filters: 35, did not pass the filter by color: 27, added: 8, new vincodes: 0
07-05-2011 08:15:08 --- INFO: Lexus GX 470 - found: 61, pass primary filters: 38, did not pass the filter by color: 27, added: 11, new vincodes: 0
07-05-2011 08:15:24 --- INFO: Lexus LX 470 - found: 17, pass primary filters: 13, did not pass the filter by color: 13, added: 0, new vincodes: 0
07-05-2011 08:15:36 --- INFO: Lexus LX 470 - found: 11, pass primary filters: 8, did not pass the filter by color: 6, added: 2, new vincodes: 0
07-05-2011 08:15:43 --- INFO: Toyota Land Cruiser - found: 7, pass primary filters: 4, did not pass the filter by color: 4, added: 0, new vincodes: 0
07-05-2011 08:16:29 --- INFO: Honda CR-V - found: 51, pass primary filters: 11, did not pass the filter by color: 0, added: 11, new vincodes: 0
07-05-2011 08:18:50 --- INFO: Honda CR-V - found: 152, pass primary filters: 1, did not pass the filter by color: 0, added: 1, new vincodes: 0
07-05-2011 08:19:42 --- INFO: Mitsubishi Montero 4WD Limited - found: 54, pass primary filters: 8, did not pass the filter by color: 8, added: 0, new vincodes: 0
07-05-2011 08:22:54 --- INFO: Toyota 4RUNNER 4WD Limited - found: 214, pass primary filters: 53, did not pass the filter by color: 41, added: 12, new vincodes: 0
07-05-2011 08:23:28 --- INFO: Toyota RAV 4 - found: 43, pass primary filters: 18, did not pass the filter by color: 16, added: 2, new vincodes: 0
07-05-2011 08:24:43 --- INFO: Toyota Highlander 4WD - found: 85, pass primary filters: 2, did not pass the filter by color: 1, added: 1, new vincodes: 0
07-05-2011 08:26:11 --- INFO: Subaru Forester - found: 96, pass primary filters: 11, did not pass the filter by color: 0, added: 11, new vincodes: 0
07-05-2011 08:28:03 --- INFO: Nissan Rogue - found: 124, pass primary filters: 6, did not pass the filter by color: 0, added: 6, new vincodes: 0
07-05-2011 08:28:03 --- INFO: finish: 07-05-2011 08:28:03
07-05-2011 08:28:03 --- INFO: elapsed time: ~1081.96 sec., memory usage: ~3.97 Mb.
07-05-2011 09:10:01 --- INFO: start: 07-05-2011 09:10:01
07-05-2011 09:10:01 --- INFO: ----------Source_Adesa (cli)
07-05-2011 09:10:01 --- ERROR: Unauthorized request
07-05-2011 09:10:01 --- INFO: finish: 07-05-2011 09:10:01
07-05-2011 09:10:01 --- INFO: elapsed time: ~0.38 sec., memory usage: ~1.31 Mb.
07-05-2011 09:10:01 --- INFO: start: 07-05-2011 09:10:01
07-05-2011 09:10:01 --- INFO: ----------Source_Avtobest (cli)
07-05-2011 09:10:57 --- INFO: Lexus RX 300 - found: 64, pass primary filters: 23, did not pass the filter by color: 13, added: 10, new vincodes: 0
07-05-2011 09:13:21 --- INFO: Lexus RX 330 - found: 145, pass primary filters: 48, did not pass the filter by color: 21, added: 27, new vincodes: 0
07-05-2011 09:13:41 --- INFO: Lexus RX 400H - found: 17, pass primary filters: 1, did not pass the filter by color: 1, added: 0, new vincodes: 0
07-05-2011 09:14:48 --- INFO: Lexus GX 470 - found: 67, pass primary filters: 29, did not pass the filter by color: 21, added: 8, new vincodes: 0
07-05-2011 09:15:48 --- INFO: Lexus GX 470 - found: 62, pass primary filters: 39, did not pass the filter by color: 28, added: 11, new vincodes: 0
07-05-2011 09:16:05 --- INFO: Lexus LX 470 - found: 17, pass primary filters: 13, did not pass the filter by color: 13, added: 0, new vincodes: 0
07-05-2011 09:16:19 --- INFO: Lexus LX 470 - found: 12, pass primary filters: 9, did not pass the filter by color: 7, added: 2, new vincodes: 0
07-05-2011 09:16:27 --- INFO: Toyota Land Cruiser - found: 7, pass primary filters: 4, did not pass the filter by color: 4, added: 0, new vincodes: 0
07-05-2011 09:17:15 --- INFO: Honda CR-V - found: 51, pass primary filters: 11, did not pass the filter by color: 0, added: 11, new vincodes: 0
07-05-2011 09:19:52 --- INFO: Honda CR-V - found: 156, pass primary filters: 1, did not pass the filter by color: 0, added: 1, new vincodes: 0
07-05-2011 09:20:52 --- INFO: Mitsubishi Montero 4WD Limited - found: 55, pass primary filters: 8, did not pass the filter by color: 8, added: 0, new vincodes: 0
07-05-2011 09:24:31 --- INFO: Toyota 4RUNNER 4WD Limited - found: 217, pass primary filters: 53, did not pass the filter by color: 42, added: 11, new vincodes: 0
07-05-2011 09:25:04 --- INFO: Toyota RAV 4 - found: 44, pass primary filters: 20, did not pass the filter by color: 18, added: 2, new vincodes: 0
07-05-2011 09:26:27 --- INFO: Toyota Highlander 4WD - found: 87, pass primary filters: 2, did not pass the filter by color: 1, added: 1, new vincodes: 0
07-05-2011 09:28:05 --- INFO: Subaru Forester - found: 96, pass primary filters: 11, did not pass the filter by color: 0, added: 11, new vincodes: 0
07-05-2011 09:30:11 --- INFO: Nissan Rogue - found: 125, pass primary filters: 6, did not pass the filter by color: 0, added: 6, new vincodes: 0
07-05-2011 09:30:11 --- INFO: finish: 07-05-2011 09:30:11
07-05-2011 09:30:11 --- INFO: elapsed time: ~1210.58 sec., memory usage: ~3.97 Mb.
07-05-2011 10:00:01 --- INFO: start: 07-05-2011 10:00:01
07-05-2011 10:00:01 --- INFO: ----------Source_Adesa (cli)
07-05-2011 10:00:01 --- ERROR: Unauthorized request
07-05-2011 10:00:01 --- INFO: finish: 07-05-2011 10:00:01
07-05-2011 10:00:01 --- INFO: elapsed time: ~0.32 sec., memory usage: ~1.31 Mb.
07-05-2011 10:00:01 --- INFO: start: 07-05-2011 10:00:01
07-05-2011 10:00:01 --- INFO: ----------Source_Avtobest (cli)
07-05-2011 10:00:54 --- INFO: Lexus RX 300 - found: 66, pass primary filters: 24, did not pass the filter by color: 14, added: 10, new vincodes: 0
07-05-2011 10:02:59 --- INFO: Lexus RX 330 - found: 145, pass primary filters: 49, did not pass the filter by color: 22, added: 27, new vincodes: 0
07-05-2011 10:03:14 --- INFO: Lexus RX 400H - found: 17, pass primary filters: 2, did not pass the filter by color: 2, added: 0, new vincodes: 0
07-05-2011 10:04:16 --- INFO: Lexus GX 470 - found: 68, pass primary filters: 36, did not pass the filter by color: 28, added: 8, new vincodes: 0
07-05-2011 10:05:14 --- INFO: Lexus GX 470 - found: 62, pass primary filters: 39, did not pass the filter by color: 28, added: 11, new vincodes: 0
07-05-2011 10:05:31 --- INFO: Lexus LX 470 - found: 17, pass primary filters: 13, did not pass the filter by color: 13, added: 0, new vincodes: 0
07-05-2011 10:05:44 --- INFO: Lexus LX 470 - found: 12, pass primary filters: 9, did not pass the filter by color: 7, added: 2, new vincodes: 0
07-05-2011 10:05:52 --- INFO: Toyota Land Cruiser - found: 7, pass primary filters: 4, did not pass the filter by color: 4, added: 0, new vincodes: 0
07-05-2011 10:06:41 --- INFO: Honda CR-V - found: 55, pass primary filters: 10, did not pass the filter by color: 0, added: 10, new vincodes: 0
07-05-2011 10:09:02 --- INFO: Honda CR-V - found: 156, pass primary filters: 1, did not pass the filter by color: 0, added: 1, new vincodes: 0
07-05-2011 10:09:51 --- INFO: Mitsubishi Montero 4WD Limited - found: 55, pass primary filters: 8, did not pass the filter by color: 8, added: 0, new vincodes: 0
07-05-2011 10:13:01 --- INFO: Toyota 4RUNNER 4WD Limited - found: 217, pass primary filters: 55, did not pass the filter by color: 43, added: 12, new vincodes: 0
07-05-2011 10:13:31 --- INFO: Toyota RAV 4 - found: 45, pass primary filters: 21, did not pass the filter by color: 19, added: 2, new vincodes: 0
07-05-2011 10:14:44 --- INFO: Toyota Highlander 4WD - found: 87, pass primary filters: 2, did not pass the filter by color: 1, added: 1, new vincodes: 0
07-05-2011 10:16:12 --- INFO: Subaru Forester - found: 97, pass primary filters: 12, did not pass the filter by color: 0, added: 12, new vincodes: 0
07-05-2011 10:18:05 --- INFO: Nissan Rogue - found: 125, pass primary filters: 6, did not pass the filter by color: 0, added: 6, new vincodes: 0
07-05-2011 10:18:05 --- INFO: finish: 07-05-2011 10:18:05
07-05-2011 10:18:05 --- INFO: elapsed time: ~1084.57 sec., memory usage: ~4.06 Mb.
07-05-2011 11:05:01 --- INFO: start: 07-05-2011 11:05:01
07-05-2011 11:05:01 --- INFO: ----------Source_Openlane (cli)
07-05-2011 11:05:05 --- INFO: Authorized request
07-05-2011 11:05:06 --- INFO: Lexus RX 300 - found: 6, pass primary filters: 3, did not pass the filter by color: 0, added: 3, new vincodes: 0
07-05-2011 11:05:08 --- INFO: Lexus RX 330 - found: 3, pass primary filters: 2, did not pass the filter by color: 1, added: 1, new vincodes: 0
07-05-2011 11:05:09 --- INFO: Lexus RX 400H - found: 0, pass primary filters: 0, did not pass the filter by color: 0, added: 0, new vincodes: 0
07-05-2011 11:05:10 --- INFO: Lexus GX 470 - found: 1, pass primary filters: 1, did not pass the filter by color: 1, added: 0, new vincodes: 0
07-05-2011 11:05:11 --- INFO: Lexus GX 470 - found: 7, pass primary filters: 4, did not pass the filter by color: 2, added: 2, new vincodes: 0
07-05-2011 11:05:13 --- INFO: Lexus LX 470 - found: 1, pass primary filters: 1, did not pass the filter by color: 1, added: 0, new vincodes: 0
07-05-2011 11:05:14 --- INFO: Lexus LX 470 - found: 1, pass primary filters: 1, did not pass the filter by color: 1, added: 0, new vincodes: 0
07-05-2011 11:05:15 --- INFO: Toyota Land Cruiser - found: 0, pass primary filters: 0, did not pass the filter by color: 0, added: 0, new vincodes: 0
07-05-2011 11:05:16 --- INFO: Honda CR-V - found: 1, pass primary filters: 0, did not pass the filter by color: 0, added: 0, new vincodes: 0
07-05-2011 11:05:17 --- INFO: Honda CR-V - found: 0, pass primary filters: 0, did not pass the filter by color: 0, added: 0, new vincodes: 0
07-05-2011 11:05:18 --- INFO: Mitsubishi Montero 4WD Limited - found: 0, pass primary filters: 0, did not pass the filter by color: 0, added: 0, new vincodes: 0
07-05-2011 11:05:20 --- INFO: Toyota 4RUNNER 4WD Limited - found: 5, pass primary filters: 0, did not pass the filter by color: 0, added: 0, new vincodes: 0
07-05-2011 11:05:21 --- INFO: Toyota RAV 4 - found: 0, pass primary filters: 0, did not pass the filter by color: 0, added: 0, new vincodes: 0
07-05-2011 11:05:22 --- INFO: Toyota Highlander 4WD - found: 0, pass primary filters: 0, did not pass the filter by color: 0, added: 0, new vincodes: 0
07-05-2011 11:05:23 --- INFO: Subaru Forester - found: 0, pass primary filters: 0, did not pass the filter by color: 0, added: 0, new vincodes: 0
07-05-2011 11:05:24 --- INFO: Nissan Rogue - found: 0, pass primary filters: 0, did not pass the filter by color: 0, added: 0, new vincodes: 0
07-05-2011 11:05:24 --- INFO: finish: 07-05-2011 11:05:24
07-05-2011 11:05:24 --- INFO: elapsed time: ~22.9 sec., memory usage: ~2.05 Mb.
07-05-2011 11:10:01 --- INFO: start: 07-05-2011 11:10:01
07-05-2011 11:10:01 --- INFO: ----------Source_Adesa (cli)
07-05-2011 11:10:02 --- ERROR: Unauthorized request
07-05-2011 11:10:02 --- INFO: finish: 07-05-2011 11:10:02
07-05-2011 11:10:02 --- INFO: elapsed time: ~0.57 sec., memory usage: ~1.31 Mb.
07-05-2011 11:10:01 --- INFO: start: 07-05-2011 11:10:01
07-05-2011 11:10:01 --- INFO: ----------Source_Ebay (cli)
07-05-2011 11:10:19 --- INFO: Lexus RX 300 - found: 20, pass primary filters: 2, did not pass the filter by color: 0, added: 2, new vincodes: 0
07-05-2011 11:12:02 --- INFO: Lexus RX 330 - found: 70, pass primary filters: 8, did not pass the filter by color: 3, added: 5, new vincodes: 0
07-05-2011 11:12:29 --- INFO: Lexus RX 400H - found: 37, pass primary filters: 0, did not pass the filter by color: 0, added: 0, new vincodes: 0
07-05-2011 11:12:53 --- INFO: Lexus GX 470 - found: 33, pass primary filters: 16, did not pass the filter by color: 11, added: 5, new vincodes: 0
07-05-2011 11:13:18 --- INFO: Lexus GX 470 - found: 33, pass primary filters: 17, did not pass the filter by color: 14, added: 3, new vincodes: 0
07-05-2011 11:13:26 --- INFO: Lexus LX 470 - found: 9, pass primary filters: 8, did not pass the filter by color: 6, added: 2, new vincodes: 0
07-05-2011 11:13:38 --- INFO: Lexus LX 470 - found: 16, pass primary filters: 10, did not pass the filter by color: 10, added: 0, new vincodes: 0
07-05-2011 11:13:44 --- INFO: Toyota Land Cruiser - found: 7, pass primary filters: 4, did not pass the filter by color: 4, added: 0, new vincodes: 0
07-05-2011 11:14:01 --- INFO: Honda CR-V - found: 21, pass primary filters: 1, did not pass the filter by color: 0, added: 1, new vincodes: 0
07-05-2011 11:15:57 --- INFO: Honda CR-V - found: 88, pass primary filters: 2, did not pass the filter by color: 0, added: 2, new vincodes: 0
07-05-2011 11:16:08 --- INFO: Mitsubishi Montero 4WD Limited - found: 13, pass primary filters: 0, did not pass the filter by color: 0, added: 0, new vincodes: 0
07-05-2011 11:17:29 --- INFO: Toyota 4RUNNER 4WD Limited - found: 61, pass primary filters: 20, did not pass the filter by color: 16, added: 4, new vincodes: 0
07-05-2011 11:17:45 --- INFO: Toyota RAV 4 - found: 22, pass primary filters: 8, did not pass the filter by color: 5, added: 3, new vincodes: 0
07-05-2011 11:18:01 --- INFO: Toyota Highlander 4WD - found: 21, pass primary filters: 0, did not pass the filter by color: 0, added: 0, new vincodes: 0
07-05-2011 11:19:12 --- INFO: Subaru Forester - found: 54, pass primary filters: 2, did not pass the filter by color: 0, added: 2, new vincodes: 0
07-05-2011 11:19:40 --- INFO: Nissan Rogue - found: 39, pass primary filters: 1, did not pass the filter by color: 0, added: 1, new vincodes: 0
07-05-2011 11:19:40 --- INFO: finish: 07-05-2011 11:19:40
07-05-2011 11:19:40 --- INFO: elapsed time: ~579.09 sec., memory usage: ~2.67 Mb.
07-05-2011 11:10:01 --- INFO: start: 07-05-2011 11:10:01
07-05-2011 11:10:01 --- INFO: ----------Source_Avtobest (cli)
07-05-2011 11:10:57 --- INFO: Lexus RX 300 - found: 68, pass primary filters: 24, did not pass the filter by color: 13, added: 11, new vincodes: 0
07-05-2011 11:13:28 --- INFO: Lexus RX 330 - found: 151, pass primary filters: 50, did not pass the filter by color: 24, added: 26, new vincodes: 0
07-05-2011 11:13:46 --- INFO: Lexus RX 400H - found: 18, pass primary filters: 2, did not pass the filter by color: 2, added: 0, new vincodes: 0
07-05-2011 11:14:49 --- INFO: Lexus GX 470 - found: 68, pass primary filters: 36, did not pass the filter by color: 28, added: 8, new vincodes: 0
07-05-2011 11:15:53 --- INFO: Lexus GX 470 - found: 65, pass primary filters: 42, did not pass the filter by color: 32, added: 10, new vincodes: 0
07-05-2011 11:16:13 --- INFO: Lexus LX 470 - found: 17, pass primary filters: 13, did not pass the filter by color: 13, added: 0, new vincodes: 0
07-05-2011 11:16:27 --- INFO: Lexus LX 470 - found: 13, pass primary filters: 10, did not pass the filter by color: 7, added: 3, new vincodes: 0
07-05-2011 11:16:36 --- INFO: Toyota Land Cruiser - found: 7, pass primary filters: 4, did not pass the filter by color: 4, added: 0, new vincodes: 0
07-05-2011 11:17:29 --- INFO: Honda CR-V - found: 54, pass primary filters: 10, did not pass the filter by color: 0, added: 10, new vincodes: 0
07-05-2011 11:19:58 --- INFO: Honda CR-V - found: 158, pass primary filters: 1, did not pass the filter by color: 0, added: 1, new vincodes: 0
07-05-2011 11:20:50 --- INFO: Mitsubishi Montero 4WD Limited - found: 55, pass primary filters: 8, did not pass the filter by color: 8, added: 0, new vincodes: 0
07-05-2011 11:24:19 --- INFO: Toyota 4RUNNER 4WD Limited - found: 220, pass primary filters: 54, did not pass the filter by color: 41, added: 13, new vincodes: 0
07-05-2011 11:24:50 --- INFO: Toyota RAV 4 - found: 45, pass primary filters: 20, did not pass the filter by color: 18, added: 2, new vincodes: 0
07-05-2011 11:26:10 --- INFO: Toyota Highlander 4WD - found: 87, pass primary filters: 2, did not pass the filter by color: 1, added: 1, new vincodes: 0
07-05-2011 11:27:43 --- INFO: Subaru Forester - found: 97, pass primary filters: 12, did not pass the filter by color: 0, added: 12, new vincodes: 0
07-05-2011 11:29:41 --- INFO: Nissan Rogue - found: 127, pass primary filters: 6, did not pass the filter by color: 0, added: 6, new vincodes: 0
07-05-2011 11:29:41 --- INFO: finish: 07-05-2011 11:29:41
07-05-2011 11:29:41 --- INFO: elapsed time: ~1179.67 sec., memory usage: ~4.08 Mb.
07-05-2011 11:30:01 --- INFO: start: 07-05-2011 11:30:01
07-05-2011 11:30:01 --- INFO: ----------Source_Autotrader (cli)
07-05-2011 11:30:29 --- ERROR: Request returns empty result
07-05-2011 11:30:29 --- INFO: finish: 07-05-2011 11:30:29
07-05-2011 11:30:29 --- INFO: elapsed time: ~28.05 sec., memory usage: ~1.66 Mb.
07-05-2011 11:20:01 --- INFO: start: 07-05-2011 11:20:01
07-05-2011 11:20:01 --- INFO: ----------Source_Cars (cli)
07-05-2011 11:20:10 --- INFO: Lexus RX 300 - found: 8, pass primary filters: 3, did not pass the filter by color: 2, added: 1, new vincodes: 0
07-05-2011 11:21:25 --- INFO: Lexus RX 330 - found: 76, pass primary filters: 36, did not pass the filter by color: 10, added: 26, new vincodes: 1
07-05-2011 11:21:44 --- INFO: Lexus RX 400H - found: 0, pass primary filters: 0, did not pass the filter by color: 0, added: 0, new vincodes: 0
07-05-2011 11:21:56 --- INFO: Lexus GX 470 - found: 11, pass primary filters: 11, did not pass the filter by color: 8, added: 3, new vincodes: 0
07-05-2011 11:22:12 --- INFO: Lexus GX 470 - found: 15, pass primary filters: 15, did not pass the filter by color: 12, added: 3, new vincodes: 0
07-05-2011 11:22:23 --- INFO: Lexus LX 470 - found: 0, pass primary filters: 0, did not pass the filter by color: 0, added: 0, new vincodes: 0
07-05-2011 11:22:34 --- INFO: Lexus LX 470 - found: 0, pass primary filters: 0, did not pass the filter by color: 0, added: 0, new vincodes: 0
07-05-2011 11:22:52 --- INFO: Toyota Land Cruiser - found: 0, pass primary filters: 0, did not pass the filter by color: 0, added: 0, new vincodes: 0
07-05-2011 11:23:45 --- INFO: Honda CR-V - found: 57, pass primary filters: 17, did not pass the filter by color: 0, added: 17, new vincodes: 0
07-05-2011 11:24:34 --- INFO: Honda CR-V - found: 48, pass primary filters: 24, did not pass the filter by color: 0, added: 24, new vincodes: 0
07-05-2011 11:24:56 --- INFO: Mitsubishi Montero 4WD Limited - found: 24, pass primary filters: 5, did not pass the filter by color: 5, added: 0, new vincodes: 0
07-05-2011 11:34:27 --- INFO: Toyota 4RUNNER 4WD Limited - found: 634, pass primary filters: 154, did not pass the filter by color: 102, added: 52, new vincodes: 1
07-05-2011 11:34:41 --- INFO: Toyota RAV 4 - found: 15, pass primary filters: 6, did not pass the filter by color: 4, added: 2, new vincodes: 0
07-05-2011 11:34:54 --- INFO: Toyota Highlander 4WD - found: 13, pass primary filters: 0, did not pass the filter by color: 0, added: 0, new vincodes: 0
07-05-2011 11:35:31 --- INFO: Subaru Forester - found: 39, pass primary filters: 39, did not pass the filter by color: 0, added: 39, new vincodes: 0
07-05-2011 11:36:07 --- INFO: Nissan Rogue - found: 38, pass primary filters: 27, did not pass the filter by color: 0, added: 27, new vincodes: 0
07-05-2011 11:36:07 --- INFO: finish: 07-05-2011 11:36:07
07-05-2011 11:36:07 --- INFO: elapsed time: ~966.39 sec., memory usage: ~4.38 Mb.
07-05-2011 12:20:01 --- INFO: start: 07-05-2011 12:20:01
07-05-2011 12:20:01 --- INFO: ----------Source_Adesa (cli)
07-05-2011 12:20:02 --- ERROR: Unauthorized request
07-05-2011 12:20:02 --- INFO: finish: 07-05-2011 12:20:02
07-05-2011 12:20:02 --- INFO: elapsed time: ~0.48 sec., memory usage: ~1.31 Mb.
07-05-2011 12:20:01 --- INFO: start: 07-05-2011 12:20:01
07-05-2011 12:20:01 --- INFO: ----------Source_Avtobest (cli)
07-05-2011 12:20:56 --- INFO: Lexus RX 300 - found: 68, pass primary filters: 24, did not pass the filter by color: 11, added: 13, new vincodes: 0
07-05-2011 12:23:12 --- INFO: Lexus RX 330 - found: 152, pass primary filters: 50, did not pass the filter by color: 22, added: 28, new vincodes: 0
07-05-2011 12:23:30 --- INFO: Lexus RX 400H - found: 18, pass primary filters: 2, did not pass the filter by color: 2, added: 0, new vincodes: 0
07-05-2011 12:24:39 --- INFO: Lexus GX 470 - found: 70, pass primary filters: 36, did not pass the filter by color: 28, added: 8, new vincodes: 0
07-05-2011 12:25:43 --- INFO: Lexus GX 470 - found: 67, pass primary filters: 44, did not pass the filter by color: 35, added: 9, new vincodes: 0
07-05-2011 12:26:00 --- INFO: Lexus LX 470 - found: 17, pass primary filters: 13, did not pass the filter by color: 13, added: 0, new vincodes: 0
07-05-2011 12:26:13 --- INFO: Lexus LX 470 - found: 13, pass primary filters: 10, did not pass the filter by color: 7, added: 3, new vincodes: 0
07-05-2011 12:26:21 --- INFO: Toyota Land Cruiser - found: 7, pass primary filters: 4, did not pass the filter by color: 4, added: 0, new vincodes: 0
07-05-2011 12:27:14 --- INFO: Honda CR-V - found: 55, pass primary filters: 11, did not pass the filter by color: 0, added: 11, new vincodes: 0
07-05-2011 12:29:48 --- INFO: Honda CR-V - found: 160, pass primary filters: 1, did not pass the filter by color: 0, added: 1, new vincodes: 0
07-05-2011 12:30:42 --- INFO: Mitsubishi Montero 4WD Limited - found: 57, pass primary filters: 9, did not pass the filter by color: 9, added: 0, new vincodes: 0
07-05-2011 12:34:11 --- INFO: Toyota 4RUNNER 4WD Limited - found: 224, pass primary filters: 54, did not pass the filter by color: 43, added: 11, new vincodes: 0
07-05-2011 12:34:43 --- INFO: Toyota RAV 4 - found: 45, pass primary filters: 21, did not pass the filter by color: 19, added: 2, new vincodes: 0
07-05-2011 12:36:04 --- INFO: Toyota Highlander 4WD - found: 89, pass primary filters: 2, did not pass the filter by color: 1, added: 1, new vincodes: 0
07-05-2011 12:37:38 --- INFO: Subaru Forester - found: 99, pass primary filters: 12, did not pass the filter by color: 0, added: 12, new vincodes: 0
07-05-2011 12:39:39 --- INFO: Nissan Rogue - found: 127, pass primary filters: 6, did not pass the filter by color: 0, added: 6, new vincodes: 0
07-05-2011 12:39:39 --- INFO: finish: 07-05-2011 12:39:39
07-05-2011 12:39:39 --- INFO: elapsed time: ~1177.96 sec., memory usage: ~4.11 Mb.
07-05-2011 13:20:01 --- INFO: start: 07-05-2011 13:20:01
07-05-2011 13:20:01 --- INFO: ----------Source_Adesa (cli)
07-05-2011 13:20:01 --- ERROR: Unauthorized request
07-05-2011 13:20:01 --- INFO: finish: 07-05-2011 13:20:01
07-05-2011 13:20:01 --- INFO: elapsed time: ~0.29 sec., memory usage: ~1.31 Mb.
07-05-2011 13:20:01 --- INFO: start: 07-05-2011 13:20:01
07-05-2011 13:20:01 --- INFO: ----------Source_Avtobest (cli)
07-05-2011 13:20:58 --- INFO: Lexus RX 300 - found: 68, pass primary filters: 24, did not pass the filter by color: 12, added: 12, new vincodes: 0
07-05-2011 13:23:18 --- INFO: Lexus RX 330 - found: 154, pass primary filters: 52, did not pass the filter by color: 26, added: 26, new vincodes: 0
07-05-2011 13:23:37 --- INFO: Lexus RX 400H - found: 19, pass primary filters: 2, did not pass the filter by color: 2, added: 0, new vincodes: 0
07-05-2011 13:24:49 --- INFO: Lexus GX 470 - found: 71, pass primary filters: 37, did not pass the filter by color: 29, added: 8, new vincodes: 0
07-05-2011 13:25:54 --- INFO: Lexus GX 470 - found: 68, pass primary filters: 44, did not pass the filter by color: 34, added: 10, new vincodes: 0
07-05-2011 13:26:12 --- INFO: Lexus LX 470 - found: 17, pass primary filters: 13, did not pass the filter by color: 13, added: 0, new vincodes: 0
07-05-2011 13:26:26 --- INFO: Lexus LX 470 - found: 13, pass primary filters: 10, did not pass the filter by color: 7, added: 3, new vincodes: 0
07-05-2011 13:26:34 --- INFO: Toyota Land Cruiser - found: 7, pass primary filters: 4, did not pass the filter by color: 4, added: 0, new vincodes: 0
07-05-2011 13:27:27 --- INFO: Honda CR-V - found: 55, pass primary filters: 11, did not pass the filter by color: 0, added: 11, new vincodes: 0
07-05-2011 13:30:07 --- INFO: Honda CR-V - found: 163, pass primary filters: 1, did not pass the filter by color: 0, added: 1, new vincodes: 0
07-05-2011 13:31:02 --- INFO: Mitsubishi Montero 4WD Limited - found: 58, pass primary filters: 9, did not pass the filter by color: 9, added: 0, new vincodes: 0
07-05-2011 13:34:39 --- INFO: Toyota 4RUNNER 4WD Limited - found: 225, pass primary filters: 53, did not pass the filter by color: 42, added: 11, new vincodes: 0
07-05-2011 13:35:13 --- INFO: Toyota RAV 4 - found: 45, pass primary filters: 21, did not pass the filter by color: 19, added: 2, new vincodes: 0
07-05-2011 13:36:35 --- INFO: Toyota Highlander 4WD - found: 90, pass primary filters: 2, did not pass the filter by color: 1, added: 1, new vincodes: 0
07-05-2011 13:38:09 --- INFO: Subaru Forester - found: 99, pass primary filters: 12, did not pass the filter by color: 0, added: 12, new vincodes: 0
07-05-2011 13:40:15 --- INFO: Nissan Rogue - found: 127, pass primary filters: 5, did not pass the filter by color: 0, added: 5, new vincodes: 0
07-05-2011 13:40:15 --- INFO: finish: 07-05-2011 13:40:15
07-05-2011 13:40:15 --- INFO: elapsed time: ~1214.01 sec., memory usage: ~4.12 Mb.
07-05-2011 15:05:01 --- INFO: start: 07-05-2011 15:05:01
07-05-2011 15:05:01 --- INFO: ----------Source_Openlane (cli)
07-05-2011 15:05:05 --- INFO: Authorized request
07-05-2011 15:05:06 --- INFO: Lexus RX 300 - found: 6, pass primary filters: 3, did not pass the filter by color: 0, added: 3, new vincodes: 0
07-05-2011 15:05:08 --- INFO: Lexus RX 330 - found: 3, pass primary filters: 2, did not pass the filter by color: 0, added: 2, new vincodes: 0
07-05-2011 15:05:09 --- INFO: Lexus RX 400H - found: 0, pass primary filters: 0, did not pass the filter by color: 0, added: 0, new vincodes: 0
07-05-2011 15:05:10 --- INFO: Lexus GX 470 - found: 1, pass primary filters: 1, did not pass the filter by color: 1, added: 0, new vincodes: 0
07-05-2011 15:05:12 --- INFO: Lexus GX 470 - found: 7, pass primary filters: 4, did not pass the filter by color: 3, added: 1, new vincodes: 0
07-05-2011 15:05:13 --- INFO: Lexus LX 470 - found: 1, pass primary filters: 1, did not pass the filter by color: 1, added: 0, new vincodes: 0
07-05-2011 15:05:14 --- INFO: Lexus LX 470 - found: 1, pass primary filters: 1, did not pass the filter by color: 1, added: 0, new vincodes: 0
07-05-2011 15:05:15 --- INFO: Toyota Land Cruiser - found: 0, pass primary filters: 0, did not pass the filter by color: 0, added: 0, new vincodes: 0
07-05-2011 15:05:16 --- INFO: Honda CR-V - found: 1, pass primary filters: 0, did not pass the filter by color: 0, added: 0, new vincodes: 0
07-05-2011 15:05:17 --- INFO: Honda CR-V - found: 0, pass primary filters: 0, did not pass the filter by color: 0, added: 0, new vincodes: 0
07-05-2011 15:05:19 --- INFO: Mitsubishi Montero 4WD Limited - found: 0, pass primary filters: 0, did not pass the filter by color: 0, added: 0, new vincodes: 0
07-05-2011 15:05:20 --- INFO: Toyota 4RUNNER 4WD Limited - found: 5, pass primary filters: 0, did not pass the filter by color: 0, added: 0, new vincodes: 0
07-05-2011 15:05:21 --- INFO: Toyota RAV 4 - found: 0, pass primary filters: 0, did not pass the filter by color: 0, added: 0, new vincodes: 0
07-05-2011 15:05:22 --- INFO: Toyota Highlander 4WD - found: 0, pass primary filters: 0, did not pass the filter by color: 0, added: 0, new vincodes: 0
07-05-2011 15:05:23 --- INFO: Subaru Forester - found: 0, pass primary filters: 0, did not pass the filter by color: 0, added: 0, new vincodes: 0
07-05-2011 15:05:24 --- INFO: Nissan Rogue - found: 0, pass primary filters: 0, did not pass the filter by color: 0, added: 0, new vincodes: 0
07-05-2011 15:05:24 --- INFO: finish: 07-05-2011 15:05:24
07-05-2011 15:05:24 --- INFO: elapsed time: ~22.83 sec., memory usage: ~2.05 Mb.
07-05-2011 15:10:01 --- INFO: start: 07-05-2011 15:10:01
07-05-2011 15:10:01 --- INFO: ----------Source_Ebay (cli)
07-05-2011 15:10:18 --- INFO: Lexus RX 300 - found: 20, pass primary filters: 3, did not pass the filter by color: 1, added: 2, new vincodes: 1
07-05-2011 15:11:48 --- INFO: Lexus RX 330 - found: 68, pass primary filters: 8, did not pass the filter by color: 5, added: 3, new vincodes: 0
07-05-2011 15:12:17 --- INFO: Lexus RX 400H - found: 37, pass primary filters: 0, did not pass the filter by color: 0, added: 0, new vincodes: 0
07-05-2011 15:12:42 --- INFO: Lexus GX 470 - found: 31, pass primary filters: 14, did not pass the filter by color: 9, added: 5, new vincodes: 0
07-05-2011 15:13:10 --- INFO: Lexus GX 470 - found: 33, pass primary filters: 17, did not pass the filter by color: 14, added: 3, new vincodes: 1
07-05-2011 15:13:19 --- INFO: Lexus LX 470 - found: 9, pass primary filters: 8, did not pass the filter by color: 6, added: 2, new vincodes: 0
07-05-2011 15:13:31 --- INFO: Lexus LX 470 - found: 14, pass primary filters: 10, did not pass the filter by color: 10, added: 0, new vincodes: 0
07-05-2011 15:13:37 --- INFO: Toyota Land Cruiser - found: 6, pass primary filters: 4, did not pass the filter by color: 4, added: 0, new vincodes: 0
07-05-2011 15:13:55 --- INFO: Honda CR-V - found: 21, pass primary filters: 1, did not pass the filter by color: 0, added: 1, new vincodes: 0
07-05-2011 15:16:05 --- INFO: Honda CR-V - found: 87, pass primary filters: 2, did not pass the filter by color: 0, added: 2, new vincodes: 0
07-05-2011 15:16:15 --- INFO: Mitsubishi Montero 4WD Limited - found: 12, pass primary filters: 0, did not pass the filter by color: 0, added: 0, new vincodes: 0
07-05-2011 15:17:43 --- INFO: Toyota 4RUNNER 4WD Limited - found: 66, pass primary filters: 24, did not pass the filter by color: 18, added: 6, new vincodes: 2
07-05-2011 15:17:59 --- INFO: Toyota RAV 4 - found: 22, pass primary filters: 8, did not pass the filter by color: 5, added: 3, new vincodes: 0
07-05-2011 15:18:15 --- INFO: Toyota Highlander 4WD - found: 20, pass primary filters: 0, did not pass the filter by color: 0, added: 0, new vincodes: 0
07-05-2011 15:19:24 --- INFO: Subaru Forester - found: 52, pass primary filters: 2, did not pass the filter by color: 0, added: 2, new vincodes: 0
07-05-2011 15:19:51 --- INFO: Nissan Rogue - found: 38, pass primary filters: 1, did not pass the filter by color: 0, added: 1, new vincodes: 0
07-05-2011 15:19:51 --- INFO: finish: 07-05-2011 15:19:51
07-05-2011 15:19:51 --- INFO: elapsed time: ~589.61 sec., memory usage: ~2.73 Mb.
07-05-2011 15:30:01 --- INFO: start: 07-05-2011 15:30:01
07-05-2011 15:30:01 --- INFO: ----------Source_Autotrader (cli)
07-05-2011 15:30:29 --- ERROR: Request returns empty result
07-05-2011 15:30:29 --- INFO: finish: 07-05-2011 15:30:29
07-05-2011 15:30:29 --- INFO: elapsed time: ~28.04 sec., memory usage: ~1.66 Mb.
07-05-2011 15:20:01 --- INFO: start: 07-05-2011 15:20:01
07-05-2011 15:20:01 --- INFO: ----------Source_Cars (cli)
07-05-2011 15:20:10 --- INFO: Lexus RX 300 - found: 8, pass primary filters: 3, did not pass the filter by color: 2, added: 1, new vincodes: 0
07-05-2011 15:21:29 --- INFO: Lexus RX 330 - found: 78, pass primary filters: 38, did not pass the filter by color: 10, added: 28, new vincodes: 2
07-05-2011 15:21:41 --- INFO: Lexus RX 400H - found: 0, pass primary filters: 0, did not pass the filter by color: 0, added: 0, new vincodes: 0
07-05-2011 15:22:00 --- INFO: Lexus GX 470 - found: 11, pass primary filters: 11, did not pass the filter by color: 8, added: 3, new vincodes: 0
07-05-2011 15:22:15 --- INFO: Lexus GX 470 - found: 15, pass primary filters: 15, did not pass the filter by color: 12, added: 3, new vincodes: 0
07-05-2011 15:22:32 --- INFO: Lexus LX 470 - found: 0, pass primary filters: 0, did not pass the filter by color: 0, added: 0, new vincodes: 0
07-05-2011 15:22:46 --- INFO: Lexus LX 470 - found: 0, pass primary filters: 0, did not pass the filter by color: 0, added: 0, new vincodes: 0
07-05-2011 15:23:06 --- INFO: Toyota Land Cruiser - found: 0, pass primary filters: 0, did not pass the filter by color: 0, added: 0, new vincodes: 0
07-05-2011 15:24:04 --- INFO: Honda CR-V - found: 59, pass primary filters: 17, did not pass the filter by color: 0, added: 17, new vincodes: 0
07-05-2011 15:24:55 --- INFO: Honda CR-V - found: 48, pass primary filters: 24, did not pass the filter by color: 0, added: 24, new vincodes: 0
07-05-2011 15:25:19 --- INFO: Mitsubishi Montero 4WD Limited - found: 25, pass primary filters: 5, did not pass the filter by color: 5, added: 0, new vincodes: 0
07-05-2011 15:35:05 --- INFO: Toyota 4RUNNER 4WD Limited - found: 637, pass primary filters: 158, did not pass the filter by color: 105, added: 53, new vincodes: 2
07-05-2011 15:35:21 --- INFO: Toyota RAV 4 - found: 16, pass primary filters: 6, did not pass the filter by color: 4, added: 2, new vincodes: 0
07-05-2011 15:35:36 --- INFO: Toyota Highlander 4WD - found: 13, pass primary filters: 0, did not pass the filter by color: 0, added: 0, new vincodes: 0
07-05-2011 15:36:13 --- INFO: Subaru Forester - found: 39, pass primary filters: 39, did not pass the filter by color: 0, added: 39, new vincodes: 0
07-05-2011 15:36:46 --- INFO: Nissan Rogue - found: 37, pass primary filters: 27, did not pass the filter by color: 0, added: 27, new vincodes: 0
07-05-2011 15:36:46 --- INFO: finish: 07-05-2011 15:36:46
07-05-2011 15:36:46 --- INFO: elapsed time: ~1004.58 sec., memory usage: ~4.43 Mb.
07-05-2011 16:10:01 --- INFO: start: 07-05-2011 16:10:01
07-05-2011 16:10:01 --- INFO: ----------Source_Adesa (cli)
07-05-2011 16:10:01 --- ERROR: Unauthorized request
07-05-2011 16:10:01 --- INFO: finish: 07-05-2011 16:10:01
07-05-2011 16:10:01 --- INFO: elapsed time: ~0.45 sec., memory usage: ~1.31 Mb.
07-05-2011 16:10:01 --- INFO: start: 07-05-2011 16:10:01
07-05-2011 16:10:01 --- INFO: ----------Source_Avtobest (cli)
07-05-2011 16:10:58 --- INFO: Lexus RX 300 - found: 70, pass primary filters: 24, did not pass the filter by color: 10, added: 14, new vincodes: 0
07-05-2011 16:13:23 --- INFO: Lexus RX 330 - found: 156, pass primary filters: 53, did not pass the filter by color: 25, added: 28, new vincodes: 0
07-05-2011 16:13:43 --- INFO: Lexus RX 400H - found: 20, pass primary filters: 3, did not pass the filter by color: 2, added: 1, new vincodes: 0
07-05-2011 16:14:57 --- INFO: Lexus GX 470 - found: 74, pass primary filters: 39, did not pass the filter by color: 31, added: 8, new vincodes: 0
07-05-2011 16:16:06 --- INFO: Lexus GX 470 - found: 70, pass primary filters: 45, did not pass the filter by color: 35, added: 10, new vincodes: 0
07-05-2011 16:16:26 --- INFO: Lexus LX 470 - found: 18, pass primary filters: 14, did not pass the filter by color: 14, added: 0, new vincodes: 1
07-05-2011 16:16:42 --- INFO: Lexus LX 470 - found: 14, pass primary filters: 10, did not pass the filter by color: 7, added: 3, new vincodes: 0
07-05-2011 16:16:56 --- INFO: Toyota Land Cruiser - found: 10, pass primary filters: 7, did not pass the filter by color: 7, added: 0, new vincodes: 0
07-05-2011 16:17:52 --- INFO: Honda CR-V - found: 57, pass primary filters: 11, did not pass the filter by color: 0, added: 11, new vincodes: 0
07-05-2011 16:20:38 --- INFO: Honda CR-V - found: 165, pass primary filters: 1, did not pass the filter by color: 0, added: 1, new vincodes: 0
07-05-2011 16:21:33 --- INFO: Mitsubishi Montero 4WD Limited - found: 59, pass primary filters: 8, did not pass the filter by color: 8, added: 0, new vincodes: 0
07-05-2011 16:25:16 --- INFO: Toyota 4RUNNER 4WD Limited - found: 230, pass primary filters: 57, did not pass the filter by color: 45, added: 12, new vincodes: 0
07-05-2011 16:25:51 --- INFO: Toyota RAV 4 - found: 45, pass primary filters: 21, did not pass the filter by color: 19, added: 2, new vincodes: 0
07-05-2011 16:27:16 --- INFO: Toyota Highlander 4WD - found: 92, pass primary filters: 2, did not pass the filter by color: 1, added: 1, new vincodes: 0
07-05-2011 16:28:53 --- INFO: Subaru Forester - found: 99, pass primary filters: 12, did not pass the filter by color: 0, added: 12, new vincodes: 0
07-05-2011 16:31:22 --- INFO: Nissan Rogue - found: 127, pass primary filters: 6, did not pass the filter by color: 0, added: 6, new vincodes: 0
07-05-2011 16:31:22 --- INFO: finish: 07-05-2011 16:31:22
07-05-2011 16:31:22 --- INFO: elapsed time: ~1280.72 sec., memory usage: ~4.25 Mb.
07-05-2011 18:10:01 --- INFO: start: 07-05-2011 18:10:01
07-05-2011 18:10:01 --- INFO: ----------Source_Adesa (cli)
07-05-2011 18:10:01 --- ERROR: Unauthorized request
07-05-2011 18:10:01 --- INFO: finish: 07-05-2011 18:10:01
07-05-2011 18:10:01 --- INFO: elapsed time: ~0.43 sec., memory usage: ~1.31 Mb.
07-05-2011 18:10:01 --- INFO: start: 07-05-2011 18:10:01
07-05-2011 18:10:01 --- INFO: ----------Source_Avtobest (cli)
07-05-2011 18:10:56 --- INFO: Lexus RX 300 - found: 71, pass primary filters: 25, did not pass the filter by color: 12, added: 13, new vincodes: 0
07-05-2011 18:13:13 --- INFO: Lexus RX 330 - found: 158, pass primary filters: 54, did not pass the filter by color: 27, added: 27, new vincodes: 0
07-05-2011 18:13:33 --- INFO: Lexus RX 400H - found: 20, pass primary filters: 3, did not pass the filter by color: 2, added: 1, new vincodes: 0
07-05-2011 18:14:46 --- INFO: Lexus GX 470 - found: 75, pass primary filters: 40, did not pass the filter by color: 31, added: 9, new vincodes: 0
07-05-2011 18:15:54 --- INFO: Lexus GX 470 - found: 71, pass primary filters: 46, did not pass the filter by color: 36, added: 10, new vincodes: 0
07-05-2011 18:16:14 --- INFO: Lexus LX 470 - found: 19, pass primary filters: 15, did not pass the filter by color: 15, added: 0, new vincodes: 0
07-05-2011 18:16:31 --- INFO: Lexus LX 470 - found: 14, pass primary filters: 10, did not pass the filter by color: 7, added: 3, new vincodes: 0
07-05-2011 18:16:43 --- INFO: Toyota Land Cruiser - found: 10, pass primary filters: 7, did not pass the filter by color: 7, added: 0, new vincodes: 0
07-05-2011 18:17:37 --- INFO: Honda CR-V - found: 57, pass primary filters: 11, did not pass the filter by color: 0, added: 11, new vincodes: 0
07-05-2011 18:20:16 --- INFO: Honda CR-V - found: 166, pass primary filters: 1, did not pass the filter by color: 0, added: 1, new vincodes: 0
07-05-2011 18:21:14 --- INFO: Mitsubishi Montero 4WD Limited - found: 60, pass primary filters: 9, did not pass the filter by color: 9, added: 0, new vincodes: 0
07-05-2011 18:24:53 --- INFO: Toyota 4RUNNER 4WD Limited - found: 234, pass primary filters: 56, did not pass the filter by color: 43, added: 13, new vincodes: 0
07-05-2011 18:25:25 --- INFO: Toyota RAV 4 - found: 45, pass primary filters: 21, did not pass the filter by color: 19, added: 2, new vincodes: 0
07-05-2011 18:26:47 --- INFO: Toyota Highlander 4WD - found: 93, pass primary filters: 2, did not pass the filter by color: 1, added: 1, new vincodes: 0
07-05-2011 18:28:20 --- INFO: Subaru Forester - found: 100, pass primary filters: 12, did not pass the filter by color: 0, added: 12, new vincodes: 0
07-05-2011 18:30:16 --- INFO: Nissan Rogue - found: 127, pass primary filters: 6, did not pass the filter by color: 0, added: 6, new vincodes: 0
07-05-2011 18:30:16 --- INFO: finish: 07-05-2011 18:30:16
07-05-2011 18:30:16 --- INFO: elapsed time: ~1215.57 sec., memory usage: ~4.25 Mb.
07-05-2011 19:05:01 --- INFO: start: 07-05-2011 19:05:01
07-05-2011 19:05:01 --- INFO: ----------Source_Openlane (cli)
07-05-2011 19:05:04 --- INFO: Authorized request
07-05-2011 19:05:06 --- INFO: Lexus RX 300 - found: 6, pass primary filters: 3, did not pass the filter by color: 0, added: 3, new vincodes: 0
07-05-2011 19:05:07 --- INFO: Lexus RX 330 - found: 3, pass primary filters: 2, did not pass the filter by color: 0, added: 2, new vincodes: 0
07-05-2011 19:05:08 --- INFO: Lexus RX 400H - found: 0, pass primary filters: 0, did not pass the filter by color: 0, added: 0, new vincodes: 0
07-05-2011 19:05:11 --- INFO: Lexus GX 470 - found: 2, pass primary filters: 2, did not pass the filter by color: 2, added: 0, new vincodes: 0
07-05-2011 19:05:13 --- INFO: Lexus GX 470 - found: 7, pass primary filters: 4, did not pass the filter by color: 3, added: 1, new vincodes: 0
07-05-2011 19:05:14 --- INFO: Lexus LX 470 - found: 1, pass primary filters: 1, did not pass the filter by color: 1, added: 0, new vincodes: 0
07-05-2011 19:05:15 --- INFO: Lexus LX 470 - found: 1, pass primary filters: 1, did not pass the filter by color: 1, added: 0, new vincodes: 0
07-05-2011 19:05:17 --- INFO: Toyota Land Cruiser - found: 0, pass primary filters: 0, did not pass the filter by color: 0, added: 0, new vincodes: 0
07-05-2011 19:05:18 --- INFO: Honda CR-V - found: 1, pass primary filters: 0, did not pass the filter by color: 0, added: 0, new vincodes: 0
07-05-2011 19:05:19 --- INFO: Honda CR-V - found: 0, pass primary filters: 0, did not pass the filter by color: 0, added: 0, new vincodes: 0
07-05-2011 19:05:20 --- INFO: Mitsubishi Montero 4WD Limited - found: 0, pass primary filters: 0, did not pass the filter by color: 0, added: 0, new vincodes: 0
07-05-2011 19:05:21 --- INFO: Toyota 4RUNNER 4WD Limited - found: 5, pass primary filters: 0, did not pass the filter by color: 0, added: 0, new vincodes: 0
07-05-2011 19:05:22 --- INFO: Toyota RAV 4 - found: 0, pass primary filters: 0, did not pass the filter by color: 0, added: 0, new vincodes: 0
07-05-2011 19:05:24 --- INFO: Toyota Highlander 4WD - found: 0, pass primary filters: 0, did not pass the filter by color: 0, added: 0, new vincodes: 0
07-05-2011 19:05:25 --- INFO: Subaru Forester - found: 0, pass primary filters: 0, did not pass the filter by color: 0, added: 0, new vincodes: 0
07-05-2011 19:05:26 --- INFO: Nissan Rogue - found: 0, pass primary filters: 0, did not pass the filter by color: 0, added: 0, new vincodes: 0
07-05-2011 19:05:26 --- INFO: finish: 07-05-2011 19:05:26
07-05-2011 19:05:26 --- INFO: elapsed time: ~24.74 sec., memory usage: ~2.05 Mb.
07-05-2011 19:10:01 --- INFO: start: 07-05-2011 19:10:01
07-05-2011 19:10:01 --- INFO: ----------Source_Ebay (cli)
07-05-2011 19:10:16 --- INFO: Lexus RX 300 - found: 20, pass primary filters: 3, did not pass the filter by color: 0, added: 3, new vincodes: 0
07-05-2011 19:11:42 --- INFO: Lexus RX 330 - found: 65, pass primary filters: 8, did not pass the filter by color: 3, added: 5, new vincodes: 0
07-05-2011 19:12:09 --- INFO: Lexus RX 400H - found: 37, pass primary filters: 0, did not pass the filter by color: 0, added: 0, new vincodes: 0
07-05-2011 19:12:31 --- INFO: Lexus GX 470 - found: 30, pass primary filters: 14, did not pass the filter by color: 9, added: 5, new vincodes: 0
07-05-2011 19:12:56 --- INFO: Lexus GX 470 - found: 33, pass primary filters: 17, did not pass the filter by color: 14, added: 3, new vincodes: 0
07-05-2011 19:13:05 --- INFO: Lexus LX 470 - found: 9, pass primary filters: 8, did not pass the filter by color: 6, added: 2, new vincodes: 0
07-05-2011 19:13:15 --- INFO: Lexus LX 470 - found: 13, pass primary filters: 9, did not pass the filter by color: 9, added: 0, new vincodes: 0
07-05-2011 19:13:21 --- INFO: Toyota Land Cruiser - found: 7, pass primary filters: 4, did not pass the filter by color: 4, added: 0, new vincodes: 0
07-05-2011 19:13:36 --- INFO: Honda CR-V - found: 19, pass primary filters: 1, did not pass the filter by color: 0, added: 1, new vincodes: 0
07-05-2011 19:15:32 --- INFO: Honda CR-V - found: 87, pass primary filters: 2, did not pass the filter by color: 0, added: 2, new vincodes: 0
07-05-2011 19:15:41 --- INFO: Mitsubishi Montero 4WD Limited - found: 12, pass primary filters: 0, did not pass the filter by color: 0, added: 0, new vincodes: 0
07-05-2011 19:17:15 --- INFO: Toyota 4RUNNER 4WD Limited - found: 66, pass primary filters: 24, did not pass the filter by color: 18, added: 6, new vincodes: 0
07-05-2011 19:17:33 --- INFO: Toyota RAV 4 - found: 22, pass primary filters: 8, did not pass the filter by color: 5, added: 3, new vincodes: 0
07-05-2011 19:17:51 --- INFO: Toyota Highlander 4WD - found: 20, pass primary filters: 0, did not pass the filter by color: 0, added: 0, new vincodes: 0
07-05-2011 19:19:15 --- INFO: Subaru Forester - found: 53, pass primary filters: 2, did not pass the filter by color: 0, added: 2, new vincodes: 0
07-05-2011 19:19:46 --- INFO: Nissan Rogue - found: 38, pass primary filters: 1, did not pass the filter by color: 0, added: 1, new vincodes: 0
07-05-2011 19:19:46 --- INFO: finish: 07-05-2011 19:19:46
07-05-2011 19:19:46 --- INFO: elapsed time: ~585.08 sec., memory usage: ~2.68 Mb.
07-05-2011 19:30:01 --- INFO: start: 07-05-2011 19:30:01
07-05-2011 19:30:01 --- INFO: ----------Source_Autotrader (cli)
07-05-2011 19:30:29 --- ERROR: Request returns empty result
07-05-2011 19:30:29 --- INFO: finish: 07-05-2011 19:30:29
07-05-2011 19:30:29 --- INFO: elapsed time: ~28.05 sec., memory usage: ~1.66 Mb.
07-05-2011 19:20:01 --- INFO: start: 07-05-2011 19:20:01
07-05-2011 19:20:01 --- INFO: ----------Source_Cars (cli)
07-05-2011 19:20:10 --- INFO: Lexus RX 300 - found: 8, pass primary filters: 3, did not pass the filter by color: 2, added: 1, new vincodes: 0
07-05-2011 19:21:23 --- INFO: Lexus RX 330 - found: 82, pass primary filters: 41, did not pass the filter by color: 13, added: 28, new vincodes: 2
07-05-2011 19:21:40 --- INFO: Lexus RX 400H - found: 0, pass primary filters: 0, did not pass the filter by color: 0, added: 0, new vincodes: 0
07-05-2011 19:21:54 --- INFO: Lexus GX 470 - found: 11, pass primary filters: 11, did not pass the filter by color: 8, added: 3, new vincodes: 0
07-05-2011 19:22:29 --- INFO: Lexus GX 470 - found: 15, pass primary filters: 17, did not pass the filter by color: 13, added: 4, new vincodes: 2
07-05-2011 19:22:46 --- INFO: Lexus LX 470 - found: 0, pass primary filters: 0, did not pass the filter by color: 0, added: 0, new vincodes: 0
07-05-2011 19:23:08 --- INFO: Lexus LX 470 - found: 0, pass primary filters: 0, did not pass the filter by color: 0, added: 0, new vincodes: 0
07-05-2011 19:23:40 --- INFO: Toyota Land Cruiser - found: 0, pass primary filters: 0, did not pass the filter by color: 0, added: 0, new vincodes: 0
07-05-2011 19:24:33 --- INFO: Honda CR-V - found: 60, pass primary filters: 17, did not pass the filter by color: 0, added: 17, new vincodes: 0
07-05-2011 19:25:21 --- INFO: Honda CR-V - found: 48, pass primary filters: 24, did not pass the filter by color: 0, added: 24, new vincodes: 0
07-05-2011 19:25:45 --- INFO: Mitsubishi Montero 4WD Limited - found: 25, pass primary filters: 5, did not pass the filter by color: 5, added: 0, new vincodes: 0
07-05-2011 19:35:48 --- INFO: Toyota 4RUNNER 4WD Limited - found: 638, pass primary filters: 159, did not pass the filter by color: 106, added: 53, new vincodes: 0
07-05-2011 19:36:03 --- INFO: Toyota RAV 4 - found: 16, pass primary filters: 6, did not pass the filter by color: 4, added: 2, new vincodes: 0
07-05-2011 19:36:16 --- INFO: Toyota Highlander 4WD - found: 13, pass primary filters: 0, did not pass the filter by color: 0, added: 0, new vincodes: 0
07-05-2011 19:36:59 --- INFO: Subaru Forester - found: 39, pass primary filters: 39, did not pass the filter by color: 0, added: 39, new vincodes: 0
07-05-2011 19:37:42 --- INFO: Nissan Rogue - found: 40, pass primary filters: 31, did not pass the filter by color: 0, added: 31, new vincodes: 3
07-05-2011 19:37:42 --- INFO: finish: 07-05-2011 19:37:42
07-05-2011 19:37:42 --- INFO: elapsed time: ~1060.69 sec., memory usage: ~4.49 Mb.
07-05-2011 23:05:01 --- INFO: start: 07-05-2011 23:05:01
07-05-2011 23:05:01 --- INFO: ----------Source_Openlane (cli)
07-05-2011 23:05:04 --- INFO: Authorized request
07-05-2011 23:05:06 --- INFO: Lexus RX 300 - found: 6, pass primary filters: 3, did not pass the filter by color: 0, added: 3, new vincodes: 0
07-05-2011 23:05:07 --- INFO: Lexus RX 330 - found: 3, pass primary filters: 2, did not pass the filter by color: 0, added: 2, new vincodes: 0
07-05-2011 23:05:08 --- INFO: Lexus RX 400H - found: 0, pass primary filters: 0, did not pass the filter by color: 0, added: 0, new vincodes: 0
07-05-2011 23:05:10 --- INFO: Lexus GX 470 - found: 2, pass primary filters: 2, did not pass the filter by color: 2, added: 0, new vincodes: 0
07-05-2011 23:05:11 --- INFO: Lexus GX 470 - found: 7, pass primary filters: 4, did not pass the filter by color: 3, added: 1, new vincodes: 0
07-05-2011 23:05:12 --- INFO: Lexus LX 470 - found: 1, pass primary filters: 1, did not pass the filter by color: 1, added: 0, new vincodes: 0
07-05-2011 23:05:14 --- INFO: Lexus LX 470 - found: 1, pass primary filters: 1, did not pass the filter by color: 1, added: 0, new vincodes: 0
07-05-2011 23:05:15 --- INFO: Toyota Land Cruiser - found: 0, pass primary filters: 0, did not pass the filter by color: 0, added: 0, new vincodes: 0
07-05-2011 23:05:16 --- INFO: Honda CR-V - found: 1, pass primary filters: 0, did not pass the filter by color: 0, added: 0, new vincodes: 0
07-05-2011 23:05:17 --- INFO: Honda CR-V - found: 0, pass primary filters: 0, did not pass the filter by color: 0, added: 0, new vincodes: 0
07-05-2011 23:05:18 --- INFO: Mitsubishi Montero 4WD Limited - found: 0, pass primary filters: 0, did not pass the filter by color: 0, added: 0, new vincodes: 0
07-05-2011 23:05:19 --- INFO: Toyota 4RUNNER 4WD Limited - found: 5, pass primary filters: 0, did not pass the filter by color: 0, added: 0, new vincodes: 0
07-05-2011 23:05:21 --- INFO: Toyota RAV 4 - found: 0, pass primary filters: 0, did not pass the filter by color: 0, added: 0, new vincodes: 0
07-05-2011 23:05:22 --- INFO: Toyota Highlander 4WD - found: 0, pass primary filters: 0, did not pass the filter by color: 0, added: 0, new vincodes: 0
07-05-2011 23:05:23 --- INFO: Subaru Forester - found: 0, pass primary filters: 0, did not pass the filter by color: 0, added: 0, new vincodes: 0
07-05-2011 23:05:24 --- INFO: Nissan Rogue - found: 0, pass primary filters: 0, did not pass the filter by color: 0, added: 0, new vincodes: 0
07-05-2011 23:05:24 --- INFO: finish: 07-05-2011 23:05:24
07-05-2011 23:05:24 --- INFO: elapsed time: ~22.87 sec., memory usage: ~2.05 Mb.
07-05-2011 23:10:01 --- INFO: start: 07-05-2011 23:10:01
07-05-2011 23:10:01 --- INFO: ----------Source_Ebay (cli)
07-05-2011 23:10:17 --- INFO: Lexus RX 300 - found: 20, pass primary filters: 4, did not pass the filter by color: 0, added: 4, new vincodes: 0
07-05-2011 23:11:46 --- INFO: Lexus RX 330 - found: 67, pass primary filters: 8, did not pass the filter by color: 3, added: 5, new vincodes: 0
07-05-2011 23:12:13 --- INFO: Lexus RX 400H - found: 38, pass primary filters: 0, did not pass the filter by color: 0, added: 0, new vincodes: 0
07-05-2011 23:12:35 --- INFO: Lexus GX 470 - found: 30, pass primary filters: 14, did not pass the filter by color: 9, added: 5, new vincodes: 0
07-05-2011 23:12:59 --- INFO: Lexus GX 470 - found: 33, pass primary filters: 17, did not pass the filter by color: 14, added: 3, new vincodes: 0
07-05-2011 23:13:07 --- INFO: Lexus LX 470 - found: 9, pass primary filters: 8, did not pass the filter by color: 6, added: 2, new vincodes: 0
07-05-2011 23:13:17 --- INFO: Lexus LX 470 - found: 13, pass primary filters: 9, did not pass the filter by color: 9, added: 0, new vincodes: 0
07-05-2011 23:13:23 --- INFO: Toyota Land Cruiser - found: 7, pass primary filters: 4, did not pass the filter by color: 4, added: 0, new vincodes: 0
07-05-2011 23:13:37 --- INFO: Honda CR-V - found: 19, pass primary filters: 1, did not pass the filter by color: 0, added: 1, new vincodes: 0
07-05-2011 23:15:33 --- INFO: Honda CR-V - found: 86, pass primary filters: 2, did not pass the filter by color: 0, added: 2, new vincodes: 0
07-05-2011 23:15:42 --- INFO: Mitsubishi Montero 4WD Limited - found: 12, pass primary filters: 0, did not pass the filter by color: 0, added: 0, new vincodes: 0
07-05-2011 23:17:06 --- INFO: Toyota 4RUNNER 4WD Limited - found: 64, pass primary filters: 24, did not pass the filter by color: 18, added: 6, new vincodes: 0
07-05-2011 23:17:21 --- INFO: Toyota RAV 4 - found: 21, pass primary filters: 6, did not pass the filter by color: 4, added: 2, new vincodes: 0
07-05-2011 23:17:36 --- INFO: Toyota Highlander 4WD - found: 20, pass primary filters: 0, did not pass the filter by color: 0, added: 0, new vincodes: 0
07-05-2011 23:18:50 --- INFO: Subaru Forester - found: 53, pass primary filters: 2, did not pass the filter by color: 0, added: 2, new vincodes: 0
07-05-2011 23:19:18 --- INFO: Nissan Rogue - found: 38, pass primary filters: 1, did not pass the filter by color: 0, added: 1, new vincodes: 0
07-05-2011 23:19:18 --- INFO: finish: 07-05-2011 23:19:18
07-05-2011 23:19:18 --- INFO: elapsed time: ~557 sec., memory usage: ~2.68 Mb.
07-05-2011 23:30:01 --- INFO: start: 07-05-2011 23:30:01
07-05-2011 23:30:01 --- INFO: ----------Source_Autotrader (cli)
07-05-2011 23:30:29 --- ERROR: Request returns empty result
07-05-2011 23:30:29 --- INFO: finish: 07-05-2011 23:30:29
07-05-2011 23:30:29 --- INFO: elapsed time: ~28.04 sec., memory usage: ~1.66 Mb.
07-05-2011 23:20:01 --- INFO: start: 07-05-2011 23:20:01
07-05-2011 23:20:01 --- INFO: ----------Source_Cars (cli)
07-05-2011 23:20:12 --- INFO: Lexus RX 300 - found: 8, pass primary filters: 3, did not pass the filter by color: 2, added: 1, new vincodes: 0
07-05-2011 23:21:32 --- INFO: Lexus RX 330 - found: 82, pass primary filters: 44, did not pass the filter by color: 13, added: 31, new vincodes: 2
07-05-2011 23:21:49 --- INFO: Lexus RX 400H - found: 0, pass primary filters: 0, did not pass the filter by color: 0, added: 0, new vincodes: 0
07-05-2011 23:22:00 --- INFO: Lexus GX 470 - found: 10, pass primary filters: 10, did not pass the filter by color: 7, added: 3, new vincodes: 0
07-05-2011 23:22:20 --- INFO: Lexus GX 470 - found: 17, pass primary filters: 17, did not pass the filter by color: 13, added: 4, new vincodes: 0
07-05-2011 23:22:38 --- INFO: Lexus LX 470 - found: 0, pass primary filters: 0, did not pass the filter by color: 0, added: 0, new vincodes: 0
07-05-2011 23:22:52 --- INFO: Lexus LX 470 - found: 0, pass primary filters: 0, did not pass the filter by color: 0, added: 0, new vincodes: 0
07-05-2011 23:23:09 --- INFO: Toyota Land Cruiser - found: 0, pass primary filters: 0, did not pass the filter by color: 0, added: 0, new vincodes: 0
07-05-2011 23:24:00 --- INFO: Honda CR-V - found: 58, pass primary filters: 16, did not pass the filter by color: 0, added: 16, new vincodes: 0
07-05-2011 23:24:47 --- INFO: Honda CR-V - found: 48, pass primary filters: 24, did not pass the filter by color: 0, added: 24, new vincodes: 0
07-05-2011 23:25:12 --- INFO: Mitsubishi Montero 4WD Limited - found: 26, pass primary filters: 6, did not pass the filter by color: 6, added: 0, new vincodes: 0
07-05-2011 23:35:17 --- INFO: Toyota 4RUNNER 4WD Limited - found: 644, pass primary filters: 158, did not pass the filter by color: 106, added: 52, new vincodes: 0
07-05-2011 23:35:32 --- INFO: Toyota RAV 4 - found: 16, pass primary filters: 6, did not pass the filter by color: 4, added: 2, new vincodes: 0
07-05-2011 23:35:49 --- INFO: Toyota Highlander 4WD - found: 13, pass primary filters: 0, did not pass the filter by color: 0, added: 0, new vincodes: 0
07-05-2011 23:36:30 --- INFO: Subaru Forester - found: 39, pass primary filters: 39, did not pass the filter by color: 0, added: 39, new vincodes: 0
07-05-2011 23:37:05 --- INFO: Nissan Rogue - found: 38, pass primary filters: 29, did not pass the filter by color: 0, added: 29, new vincodes: 0
07-05-2011 23:37:05 --- INFO: finish: 07-05-2011 23:37:05
07-05-2011 23:37:05 --- INFO: elapsed time: ~1023.61 sec., memory usage: ~4.49 Mb.