
08-06-2011 03:05:01 --- INFO: start: 08-06-2011 03:05:01
08-06-2011 03:05:01 --- INFO: ----------Source_Openlane (cli)
08-06-2011 03:05:05 --- ERROR: Unauthorized request
08-06-2011 03:05:05 --- INFO: finish: 08-06-2011 03:05:05
08-06-2011 03:05:05 --- INFO: elapsed time: ~3.95 sec., memory usage: ~1.3 Mb.
08-06-2011 03:10:01 --- INFO: start: 08-06-2011 03:10:01
08-06-2011 03:10:01 --- INFO: ----------Source_Ebay (cli)
08-06-2011 03:10:25 --- INFO: Lexus RX 300 - found: 30, pass primary filters: 4, did not pass the filter by color: 1, added: 3, new vincodes: 0
08-06-2011 03:12:03 --- INFO: Lexus RX 330 - found: 67, pass primary filters: 12, did not pass the filter by color: 6, added: 6, new vincodes: 0
08-06-2011 03:13:16 --- INFO: Lexus RX 400H - found: 55, pass primary filters: 6, did not pass the filter by color: 2, added: 4, new vincodes: 0
08-06-2011 03:13:42 --- INFO: Lexus GX 470 - found: 36, pass primary filters: 14, did not pass the filter by color: 9, added: 5, new vincodes: 0
08-06-2011 03:14:08 --- INFO: Lexus GX 470 - found: 36, pass primary filters: 16, did not pass the filter by color: 13, added: 3, new vincodes: 0
08-06-2011 03:14:16 --- INFO: Lexus LX 470 - found: 9, pass primary filters: 5, did not pass the filter by color: 5, added: 0, new vincodes: 0
08-06-2011 03:14:27 --- INFO: Lexus LX 470 - found: 14, pass primary filters: 9, did not pass the filter by color: 9, added: 0, new vincodes: 0
08-06-2011 03:14:33 --- INFO: Toyota Land Cruiser - found: 8, pass primary filters: 6, did not pass the filter by color: 6, added: 0, new vincodes: 0
08-06-2011 03:14:46 --- INFO: Honda CR-V - found: 17, pass primary filters: 1, did not pass the filter by color: 0, added: 1, new vincodes: 0
08-06-2011 03:16:28 --- INFO: Honda CR-V - found: 73, pass primary filters: 0, did not pass the filter by color: 0, added: 0, new vincodes: 0
08-06-2011 03:16:34 --- INFO: Mitsubishi Montero 4WD Limited - found: 5, pass primary filters: 1, did not pass the filter by color: 1, added: 0, new vincodes: 0
08-06-2011 03:18:21 --- INFO: Toyota 4RUNNER 4WD Limited - found: 73, pass primary filters: 10, did not pass the filter by color: 8, added: 2, new vincodes: 0
08-06-2011 03:18:34 --- INFO: Toyota RAV 4 - found: 15, pass primary filters: 4, did not pass the filter by color: 4, added: 0, new vincodes: 0
08-06-2011 03:19:00 --- INFO: Toyota Highlander 4WD - found: 32, pass primary filters: 0, did not pass the filter by color: 0, added: 0, new vincodes: 0
08-06-2011 03:20:29 --- INFO: Subaru Forester - found: 58, pass primary filters: 2, did not pass the filter by color: 0, added: 2, new vincodes: 0
08-06-2011 03:20:57 --- INFO: Nissan Rogue - found: 37, pass primary filters: 3, did not pass the filter by color: 0, added: 3, new vincodes: 0
08-06-2011 03:20:57 --- INFO: finish: 08-06-2011 03:20:57
08-06-2011 03:20:57 --- INFO: elapsed time: ~656.76 sec., memory usage: ~2.62 Mb.
08-06-2011 03:20:01 --- INFO: start: 08-06-2011 03:20:01
08-06-2011 03:20:01 --- INFO: ----------Source_Cars (cli)
08-06-2011 03:20:13 --- INFO: Lexus RX 300 - found: 16, pass primary filters: 11, did not pass the filter by color: 3, added: 8, new vincodes: 0
08-06-2011 03:21:33 --- INFO: Lexus RX 330 - found: 112, pass primary filters: 57, did not pass the filter by color: 33, added: 24, new vincodes: 0
08-06-2011 03:21:50 --- INFO: Lexus RX 400H - found: 0, pass primary filters: 0, did not pass the filter by color: 0, added: 0, new vincodes: 0
08-06-2011 03:22:00 --- INFO: Lexus GX 470 - found: 13, pass primary filters: 12, did not pass the filter by color: 11, added: 1, new vincodes: 0
08-06-2011 03:22:31 --- INFO: Lexus GX 470 - found: 28, pass primary filters: 28, did not pass the filter by color: 27, added: 1, new vincodes: 0
08-06-2011 03:22:36 --- INFO: Lexus LX 470 - found: 3, pass primary filters: 3, did not pass the filter by color: 3, added: 0, new vincodes: 0
08-06-2011 03:22:38 --- INFO: Lexus LX 470 - found: 1, pass primary filters: 1, did not pass the filter by color: 1, added: 0, new vincodes: 0
08-06-2011 03:22:40 --- INFO: Toyota Land Cruiser - found: 1, pass primary filters: 1, did not pass the filter by color: 1, added: 0, new vincodes: 0
08-06-2011 03:23:14 --- INFO: Honda CR-V - found: 49, pass primary filters: 13, did not pass the filter by color: 0, added: 13, new vincodes: 0
08-06-2011 03:23:53 --- INFO: Honda CR-V - found: 55, pass primary filters: 27, did not pass the filter by color: 0, added: 27, new vincodes: 0
08-06-2011 03:24:24 --- INFO: Mitsubishi Montero 4WD Limited - found: 42, pass primary filters: 20, did not pass the filter by color: 20, added: 0, new vincodes: 0
08-06-2011 03:33:16 --- INFO: Toyota 4RUNNER 4WD Limited - found: 717, pass primary filters: 20, did not pass the filter by color: 17, added: 3, new vincodes: 0
08-06-2011 03:33:27 --- INFO: Toyota RAV 4 - found: 11, pass primary filters: 4, did not pass the filter by color: 4, added: 0, new vincodes: 0
08-06-2011 03:33:58 --- INFO: Toyota Highlander 4WD - found: 27, pass primary filters: 1, did not pass the filter by color: 1, added: 0, new vincodes: 0
08-06-2011 03:34:42 --- INFO: Subaru Forester - found: 48, pass primary filters: 48, did not pass the filter by color: 0, added: 48, new vincodes: 0
08-06-2011 03:35:11 --- INFO: Nissan Rogue - found: 36, pass primary filters: 30, did not pass the filter by color: 0, added: 30, new vincodes: 0
08-06-2011 03:35:11 --- INFO: finish: 08-06-2011 03:35:11
08-06-2011 03:35:11 --- INFO: elapsed time: ~909.4 sec., memory usage: ~3.9 Mb.
08-06-2011 03:30:01 --- INFO: start: 08-06-2011 03:30:01
08-06-2011 03:30:01 --- INFO: ----------Source_Autotrader (cli)
08-06-2011 03:30:07 --- INFO: Lexus RX 300 - found: 19, pass primary filters: 2, did not pass the filter by color: 0, added: 2, new vincodes: 0
08-06-2011 03:30:39 --- INFO: VIN unavilable. Trying to decode...
08-06-2011 03:30:39 --- INFO: Attempt #1
08-06-2011 03:31:00 --- INFO: Attempt #2
08-06-2011 03:32:12 --- INFO: Attempt #3
08-06-2011 03:34:34 --- INFO: Attempt #4
08-06-2011 03:35:49 --- INFO: Attempt #5
08-06-2011 03:36:16 --- INFO: Attempt #6
08-06-2011 03:37:44 --- INFO: Attempt #7
08-06-2011 03:39:56 --- INFO: Attempt #8
08-06-2011 03:40:15 --- INFO: Attempt #9
08-06-2011 03:40:29 --- INFO: Attempt #10
08-06-2011 03:41:02 --- INFO: Attempt #11
08-06-2011 03:41:42 --- INFO: Attempt #12
08-06-2011 03:43:38 --- INFO: Attempt #13
08-06-2011 03:44:47 --- INFO: Attempt #14
08-06-2011 03:45:14 --- INFO: Attempt #15
08-06-2011 03:46:34 --- INFO: Lexus RX 330 - found: 166, pass primary filters: 42, did not pass the filter by color: 15, added: 27, new vincodes: 0
08-06-2011 03:46:35 --- INFO: Lexus RX 400H - found: 1, pass primary filters: 0, did not pass the filter by color: 0, added: 0, new vincodes: 0
08-06-2011 03:46:42 --- INFO: Lexus GX 470 - found: 25, pass primary filters: 23, did not pass the filter by color: 17, added: 6, new vincodes: 0
08-06-2011 03:46:50 --- INFO: Lexus GX 470 - found: 28, pass primary filters: 28, did not pass the filter by color: 25, added: 3, new vincodes: 0
08-06-2011 03:46:52 --- INFO: Lexus LX 470 - found: 3, pass primary filters: 3, did not pass the filter by color: 3, added: 0, new vincodes: 0
08-06-2011 03:46:53 --- INFO: Lexus LX 470 - found: 2, pass primary filters: 2, did not pass the filter by color: 2, added: 0, new vincodes: 0
08-06-2011 03:46:54 --- INFO: Toyota Land Cruiser - found: 1, pass primary filters: 1, did not pass the filter by color: 1, added: 0, new vincodes: 0
08-06-2011 03:46:58 --- INFO: Honda CR-V - found: 13, pass primary filters: 11, did not pass the filter by color: 0, added: 11, new vincodes: 0
08-06-2011 03:47:00 --- INFO: Honda CR-V - found: 0, pass primary filters: 0, did not pass the filter by color: 0, added: 0, new vincodes: 0
08-06-2011 03:47:18 --- INFO: Mitsubishi Montero 4WD Limited - found: 71, pass primary filters: 31, did not pass the filter by color: 31, added: 0, new vincodes: 0
08-06-2011 03:51:10 --- INFO: Toyota 4RUNNER 4WD Limited - found: 851, pass primary filters: 23, did not pass the filter by color: 18, added: 5, new vincodes: 1
08-06-2011 03:51:15 --- INFO: Toyota RAV 4 - found: 14, pass primary filters: 7, did not pass the filter by color: 6, added: 1, new vincodes: 0
08-06-2011 03:51:24 --- INFO: Toyota Highlander 4WD - found: 36, pass primary filters: 2, did not pass the filter by color: 1, added: 1, new vincodes: 0
08-06-2011 03:51:25 --- INFO: Subaru Forester - found: 0, pass primary filters: 0, did not pass the filter by color: 0, added: 0, new vincodes: 0
08-06-2011 03:51:27 --- INFO: Nissan Rogue - found: 0, pass primary filters: 0, did not pass the filter by color: 0, added: 0, new vincodes: 0
08-06-2011 03:51:27 --- INFO: finish: 08-06-2011 03:51:27
08-06-2011 03:51:27 --- INFO: elapsed time: ~1285.42 sec., memory usage: ~4.67 Mb.
08-06-2011 04:09:38 --- INFO: start: 08-06-2011 04:09:38
08-06-2011 04:09:38 --- INFO: ----------Source_Adesa (apache2handler)
08-06-2011 04:09:40 --- INFO: Authorized request
08-06-2011 04:09:40 --- INFO: Lexus RX 300 - found: 10, pass primary filters: 4, did not pass the filter by color: 1, added: 3, new vincodes: 0
08-06-2011 04:09:40 --- INFO: Lexus RX 330 - found: 8, pass primary filters: 6, did not pass the filter by color: 2, added: 4, new vincodes: 0
08-06-2011 04:09:41 --- INFO: Lexus RX 400H - found: 1, pass primary filters: 0, did not pass the filter by color: 0, added: 0, new vincodes: 0
08-06-2011 04:09:41 --- INFO: Lexus GX 470 - found: 4, pass primary filters: 3, did not pass the filter by color: 1, added: 2, new vincodes: 0
08-06-2011 04:09:41 --- INFO: Lexus GX 470 - found: 4, pass primary filters: 2, did not pass the filter by color: 2, added: 0, new vincodes: 0
08-06-2011 04:09:41 --- INFO: Lexus LX 470 - found: 2, pass primary filters: 1, did not pass the filter by color: 1, added: 0, new vincodes: 0
08-06-2011 04:09:41 --- INFO: Lexus LX 470 - found: 4, pass primary filters: 2, did not pass the filter by color: 2, added: 0, new vincodes: 0
08-06-2011 04:09:41 --- INFO: Toyota Land Cruiser - found: 0, pass primary filters: 0, did not pass the filter by color: 0, added: 0, new vincodes: 0
08-06-2011 04:09:42 --- INFO: Honda CR-V - found: 18, pass primary filters: 3, did not pass the filter by color: 0, added: 3, new vincodes: 0
08-06-2011 04:09:42 --- INFO: Honda CR-V - found: 8, pass primary filters: 2, did not pass the filter by color: 0, added: 2, new vincodes: 0
08-06-2011 04:10:07 --- INFO: Mitsubishi Montero 4WD Limited - found: 16, pass primary filters: 1, did not pass the filter by color: 1, added: 0, new vincodes: 1
08-06-2011 04:10:31 --- INFO: Toyota 4RUNNER 4WD Limited - found: 28, pass primary filters: 10, did not pass the filter by color: 9, added: 1, new vincodes: 6
08-06-2011 04:10:31 --- INFO: Toyota RAV 4 - found: 17, pass primary filters: 11, did not pass the filter by color: 11, added: 0, new vincodes: 1
08-06-2011 04:10:31 --- INFO: Toyota Highlander 4WD - found: 20, pass primary filters: 0, did not pass the filter by color: 0, added: 0, new vincodes: 0
08-06-2011 04:10:31 --- ERROR: ErrorException [ 2 ]: Invalid argument supplied for foreach() ~ APPPATH/classes/source/adesa.php [ 29 ]
#0 /home/clients/boldyrek_ftp0/domains/tcl.makmalauto.com/html/cron/grabber/application/1.0.2/classes/source/adesa.php(29): Kohana_Core::error_handler(2, 'Invalid argumen...', '/home/clients/b...', 29, Array)
#1 /home/clients/boldyrek_ftp0/domains/tcl.makmalauto.com/html/cron/grabber/application/1.0.2/classes/source.php(48): Source_Adesa->execute()
#2 /home/clients/boldyrek_ftp0/domains/tcl.makmalauto.com/html/cron/grabber/application/1.0.2/classes/controller/home.php(35): Source->run()
#3 [internal function]: Controller_Home->action_execute('2', 'home/execute/2', Object(Route))
#4 /home/clients/boldyrek_ftp0/domains/tcl.makmalauto.com/html/cron/grabber/system/classes/kohana/request/client/internal.php(132): ReflectionMethod->invokeArgs(Object(Controller_Home), Array)
#5 /home/clients/boldyrek_ftp0/domains/tcl.makmalauto.com/html/cron/grabber/system/classes/kohana/request.php(964): Kohana_Request_Client_Internal->execute(Object(Request))
#6 /home/clients/boldyrek_ftp0/domains/tcl.makmalauto.com/html/cron/grabber/index.php(110): Kohana_Request->execute()
#7 {main}
08-06-2011 04:31:23 --- INFO: start: 08-06-2011 04:31:23
08-06-2011 04:31:23 --- INFO: ----------Source_Adesa (apache2handler)
08-06-2011 04:31:24 --- INFO: Authorized request
08-06-2011 04:31:25 --- INFO: Lexus RX 300 - found: 10, pass primary filters: 4, did not pass the filter by color: 1, added: 3, new vincodes: 0
08-06-2011 04:31:25 --- INFO: Lexus RX 330 - found: 8, pass primary filters: 6, did not pass the filter by color: 2, added: 4, new vincodes: 0
08-06-2011 04:31:25 --- INFO: Lexus RX 400H - found: 1, pass primary filters: 0, did not pass the filter by color: 0, added: 0, new vincodes: 0
08-06-2011 04:31:25 --- INFO: Lexus GX 470 - found: 4, pass primary filters: 3, did not pass the filter by color: 1, added: 2, new vincodes: 0
08-06-2011 04:31:25 --- INFO: Lexus GX 470 - found: 4, pass primary filters: 2, did not pass the filter by color: 2, added: 0, new vincodes: 0
08-06-2011 04:31:25 --- INFO: Lexus LX 470 - found: 2, pass primary filters: 1, did not pass the filter by color: 1, added: 0, new vincodes: 0
08-06-2011 04:31:26 --- INFO: Lexus LX 470 - found: 4, pass primary filters: 2, did not pass the filter by color: 2, added: 0, new vincodes: 0
08-06-2011 04:31:26 --- INFO: Toyota Land Cruiser - found: 0, pass primary filters: 0, did not pass the filter by color: 0, added: 0, new vincodes: 0
08-06-2011 04:31:26 --- INFO: Honda CR-V - found: 18, pass primary filters: 3, did not pass the filter by color: 0, added: 3, new vincodes: 0
08-06-2011 04:31:26 --- INFO: Honda CR-V - found: 8, pass primary filters: 2, did not pass the filter by color: 0, added: 2, new vincodes: 0
08-06-2011 04:31:26 --- INFO: Mitsubishi Montero 4WD Limited - found: 16, pass primary filters: 1, did not pass the filter by color: 1, added: 0, new vincodes: 0
08-06-2011 04:31:27 --- INFO: Toyota 4RUNNER 4WD Limited - found: 28, pass primary filters: 10, did not pass the filter by color: 9, added: 1, new vincodes: 0
08-06-2011 04:31:27 --- INFO: Toyota RAV 4 - found: 17, pass primary filters: 11, did not pass the filter by color: 11, added: 0, new vincodes: 0
08-06-2011 04:31:27 --- INFO: Toyota Highlander 4WD - found: 20, pass primary filters: 0, did not pass the filter by color: 0, added: 0, new vincodes: 0
08-06-2011 04:31:27 --- INFO: finish: 08-06-2011 04:31:27
08-06-2011 04:31:27 --- INFO: elapsed time: ~4.54 sec., memory usage: ~2.21 Mb.
08-06-2011 04:15:49 --- INFO: start: 08-06-2011 04:15:49
08-06-2011 04:15:49 --- INFO: ----------Source_Cars (apache2handler)
08-06-2011 04:16:01 --- INFO: Lexus RX 300 - found: 16, pass primary filters: 11, did not pass the filter by color: 4, added: 7, new vincodes: 0
08-06-2011 04:17:29 --- INFO: Lexus RX 330 - found: 112, pass primary filters: 57, did not pass the filter by color: 32, added: 25, new vincodes: 0
08-06-2011 04:17:44 --- INFO: Lexus RX 400H - found: 0, pass primary filters: 0, did not pass the filter by color: 0, added: 0, new vincodes: 0
08-06-2011 04:17:56 --- INFO: Lexus GX 470 - found: 13, pass primary filters: 12, did not pass the filter by color: 10, added: 2, new vincodes: 0
08-06-2011 04:18:29 --- INFO: Lexus GX 470 - found: 28, pass primary filters: 28, did not pass the filter by color: 27, added: 1, new vincodes: 0
08-06-2011 04:18:33 --- INFO: Lexus LX 470 - found: 3, pass primary filters: 3, did not pass the filter by color: 3, added: 0, new vincodes: 0
08-06-2011 04:18:35 --- INFO: Lexus LX 470 - found: 1, pass primary filters: 1, did not pass the filter by color: 1, added: 0, new vincodes: 0
08-06-2011 04:18:37 --- INFO: Toyota Land Cruiser - found: 1, pass primary filters: 1, did not pass the filter by color: 1, added: 0, new vincodes: 0
08-06-2011 04:19:15 --- INFO: Honda CR-V - found: 49, pass primary filters: 13, did not pass the filter by color: 0, added: 13, new vincodes: 0
08-06-2011 04:19:59 --- INFO: Honda CR-V - found: 55, pass primary filters: 27, did not pass the filter by color: 0, added: 27, new vincodes: 0
08-06-2011 04:20:31 --- INFO: Mitsubishi Montero 4WD Limited - found: 42, pass primary filters: 20, did not pass the filter by color: 20, added: 0, new vincodes: 0
08-06-2011 04:31:14 --- INFO: Toyota 4RUNNER 4WD Limited - found: 718, pass primary filters: 193, did not pass the filter by color: 135, added: 58, new vincodes: 80
08-06-2011 04:31:23 --- INFO: Toyota RAV 4 - found: 11, pass primary filters: 4, did not pass the filter by color: 4, added: 0, new vincodes: 0
08-06-2011 04:31:45 --- INFO: Toyota Highlander 4WD - found: 27, pass primary filters: 1, did not pass the filter by color: 1, added: 0, new vincodes: 0
08-06-2011 04:31:45 --- ERROR: ErrorException [ 2 ]: http_build_query(): Parameter 1 expected to be Array or Object.  Incorrect value given ~ APPPATH/classes/source/cars.php [ 17 ]
#0 [internal function]: Kohana_Core::error_handler(2, 'http_build_quer...', '/home/clients/b...', 17, Array)
#1 /home/clients/boldyrek_ftp0/domains/tcl.makmalauto.com/html/cron/grabber/application/1.0.2/classes/source/cars.php(17): http_build_query(NULL)
#2 /home/clients/boldyrek_ftp0/domains/tcl.makmalauto.com/html/cron/grabber/application/1.0.2/classes/source.php(48): Source_Cars->execute()
#3 /home/clients/boldyrek_ftp0/domains/tcl.makmalauto.com/html/cron/grabber/application/1.0.2/classes/controller/home.php(35): Source->run()
#4 [internal function]: Controller_Home->action_execute('6', 'home/execute/6', Object(Route))
#5 /home/clients/boldyrek_ftp0/domains/tcl.makmalauto.com/html/cron/grabber/system/classes/kohana/request/client/internal.php(132): ReflectionMethod->invokeArgs(Object(Controller_Home), Array)
#6 /home/clients/boldyrek_ftp0/domains/tcl.makmalauto.com/html/cron/grabber/system/classes/kohana/request.php(964): Kohana_Request_Client_Internal->execute(Object(Request))
#7 /home/clients/boldyrek_ftp0/domains/tcl.makmalauto.com/html/cron/grabber/index.php(110): Kohana_Request->execute()
#8 {main}
08-06-2011 04:32:20 --- INFO: start: 08-06-2011 04:32:20
08-06-2011 04:32:21 --- INFO: ----------Source_Gsmotors (apache2handler)
08-06-2011 04:34:46 --- INFO: Lexus RX 300 - found: 124, pass primary filters: 34, did not pass the filter by color: 16, added: 18, new vincodes: 1
08-06-2011 04:41:10 --- INFO: Lexus RX 330 - found: 270, pass primary filters: 52, did not pass the filter by color: 25, added: 27, new vincodes: 0
08-06-2011 04:41:44 --- INFO: Lexus RX 400H - found: 34, pass primary filters: 4, did not pass the filter by color: 4, added: 0, new vincodes: 0
08-06-2011 04:44:23 --- INFO: Lexus GX 470 - found: 131, pass primary filters: 47, did not pass the filter by color: 32, added: 15, new vincodes: 0
08-06-2011 04:47:01 --- INFO: Lexus GX 470 - found: 129, pass primary filters: 67, did not pass the filter by color: 54, added: 13, new vincodes: 2
08-06-2011 04:47:39 --- INFO: Lexus LX 470 - found: 24, pass primary filters: 16, did not pass the filter by color: 15, added: 1, new vincodes: 0
08-06-2011 04:48:50 --- INFO: Lexus LX 470 - found: 40, pass primary filters: 25, did not pass the filter by color: 22, added: 3, new vincodes: 0
08-06-2011 04:49:15 --- INFO: Toyota Land Cruiser - found: 17, pass primary filters: 10, did not pass the filter by color: 10, added: 0, new vincodes: 1
08-06-2011 04:50:50 --- INFO: Honda CR-V - found: 85, pass primary filters: 7, did not pass the filter by color: 0, added: 7, new vincodes: 1
08-06-2011 04:55:19 --- INFO: Honda CR-V - found: 236, pass primary filters: 6, did not pass the filter by color: 0, added: 6, new vincodes: 1
08-06-2011 04:57:14 --- INFO: Mitsubishi Montero 4WD Limited - found: 88, pass primary filters: 14, did not pass the filter by color: 14, added: 0, new vincodes: 1
08-06-2011 05:04:17 --- INFO: Toyota 4RUNNER 4WD Limited - found: 342, pass primary filters: 67, did not pass the filter by color: 51, added: 16, new vincodes: 29
08-06-2011 05:05:52 --- INFO: Toyota RAV 4 - found: 71, pass primary filters: 34, did not pass the filter by color: 27, added: 7, new vincodes: 0
08-06-2011 05:07:31 --- INFO: Toyota Highlander 4WD - found: 104, pass primary filters: 0, did not pass the filter by color: 0, added: 0, new vincodes: 0
08-06-2011 05:07:31 --- INFO: finish: 08-06-2011 05:07:31
08-06-2011 05:07:31 --- INFO: elapsed time: ~2110.64 sec., memory usage: ~5.1 Mb.
08-06-2011 06:10:01 --- INFO: start: 08-06-2011 06:10:01
08-06-2011 06:10:01 --- ERROR: Kohana_Exception [ 0 ]: Source with id 8 not found ~ APPPATH/classes/source.php [ 13 ]
#0 /home/clients/boldyrek_ftp0/domains/tcl.makmalauto.com/html/cron/grabber/application/1.0.2/classes/source.php(32): Source->__construct(8)
#1 /home/clients/boldyrek_ftp0/domains/tcl.makmalauto.com/html/cron/grabber/application/1.0.2/classes/controller/home.php(33): Source::instance(8)
#2 [internal function]: Controller_Home->action_execute('8', 'home/execute/8', Object(Route))
#3 /home/clients/boldyrek_ftp0/domains/tcl.makmalauto.com/html/cron/grabber/system/classes/kohana/request/client/internal.php(132): ReflectionMethod->invokeArgs(Object(Controller_Home), Array)
#4 /home/clients/boldyrek_ftp0/domains/tcl.makmalauto.com/html/cron/grabber/system/classes/kohana/request.php(964): Kohana_Request_Client_Internal->execute(Object(Request))
#5 /home/clients/boldyrek_ftp0/domains/tcl.makmalauto.com/html/cron/grabber/index.php(110): Kohana_Request->execute()
#6 {main}
08-06-2011 06:10:01 --- INFO: start: 08-06-2011 06:10:01
08-06-2011 06:10:01 --- INFO: ----------Source_Adesa (cli)
08-06-2011 06:10:02 --- ERROR: Unauthorized request
08-06-2011 06:10:02 --- INFO: finish: 08-06-2011 06:10:02
08-06-2011 06:10:02 --- INFO: elapsed time: ~0.44 sec., memory usage: ~1.3 Mb.
08-06-2011 07:05:02 --- INFO: start: 08-06-2011 07:05:02
08-06-2011 07:05:02 --- INFO: ----------Source_Openlane (cli)
08-06-2011 07:05:05 --- ERROR: Unauthorized request
08-06-2011 07:05:05 --- INFO: finish: 08-06-2011 07:05:05
08-06-2011 07:05:05 --- INFO: elapsed time: ~3.76 sec., memory usage: ~1.29 Mb.
08-06-2011 07:10:01 --- INFO: start: 08-06-2011 07:10:01
08-06-2011 07:10:01 --- INFO: ----------Source_Ebay (cli)
08-06-2011 07:10:24 --- INFO: Lexus RX 300 - found: 30, pass primary filters: 4, did not pass the filter by color: 2, added: 2, new vincodes: 0
08-06-2011 07:11:54 --- INFO: Lexus RX 330 - found: 67, pass primary filters: 12, did not pass the filter by color: 4, added: 8, new vincodes: 0
08-06-2011 07:13:08 --- INFO: Lexus RX 400H - found: 55, pass primary filters: 6, did not pass the filter by color: 2, added: 4, new vincodes: 0
08-06-2011 07:13:34 --- INFO: Lexus GX 470 - found: 36, pass primary filters: 14, did not pass the filter by color: 10, added: 4, new vincodes: 0
08-06-2011 07:14:01 --- INFO: Lexus GX 470 - found: 36, pass primary filters: 16, did not pass the filter by color: 13, added: 3, new vincodes: 0
08-06-2011 07:14:08 --- INFO: Lexus LX 470 - found: 9, pass primary filters: 5, did not pass the filter by color: 5, added: 0, new vincodes: 0
08-06-2011 07:14:19 --- INFO: Lexus LX 470 - found: 14, pass primary filters: 9, did not pass the filter by color: 9, added: 0, new vincodes: 0
08-06-2011 07:14:26 --- INFO: Toyota Land Cruiser - found: 8, pass primary filters: 6, did not pass the filter by color: 6, added: 0, new vincodes: 0
08-06-2011 07:14:43 --- INFO: Honda CR-V - found: 17, pass primary filters: 1, did not pass the filter by color: 0, added: 1, new vincodes: 0
08-06-2011 07:16:22 --- INFO: Honda CR-V - found: 73, pass primary filters: 0, did not pass the filter by color: 0, added: 0, new vincodes: 0
08-06-2011 07:16:27 --- INFO: Mitsubishi Montero 4WD Limited - found: 5, pass primary filters: 1, did not pass the filter by color: 1, added: 0, new vincodes: 0
08-06-2011 07:18:12 --- INFO: Toyota 4RUNNER 4WD Limited - found: 73, pass primary filters: 28, did not pass the filter by color: 21, added: 7, new vincodes: 3
08-06-2011 07:18:24 --- INFO: Toyota RAV 4 - found: 15, pass primary filters: 4, did not pass the filter by color: 4, added: 0, new vincodes: 0
08-06-2011 07:18:49 --- INFO: Toyota Highlander 4WD - found: 32, pass primary filters: 0, did not pass the filter by color: 0, added: 0, new vincodes: 0
08-06-2011 07:18:49 --- INFO: finish: 08-06-2011 07:18:49
08-06-2011 07:18:49 --- INFO: elapsed time: ~527.07 sec., memory usage: ~2.68 Mb.
08-06-2011 07:20:01 --- INFO: start: 08-06-2011 07:20:01
08-06-2011 07:20:01 --- INFO: ----------Source_Cars (cli)
08-06-2011 07:20:12 --- INFO: Lexus RX 300 - found: 16, pass primary filters: 11, did not pass the filter by color: 4, added: 7, new vincodes: 0
08-06-2011 07:21:41 --- INFO: Lexus RX 330 - found: 114, pass primary filters: 58, did not pass the filter by color: 31, added: 27, new vincodes: 1
08-06-2011 07:21:59 --- INFO: Lexus RX 400H - found: 0, pass primary filters: 0, did not pass the filter by color: 0, added: 0, new vincodes: 0
08-06-2011 07:22:08 --- INFO: Lexus GX 470 - found: 13, pass primary filters: 12, did not pass the filter by color: 11, added: 1, new vincodes: 0
08-06-2011 07:22:28 --- INFO: Lexus GX 470 - found: 28, pass primary filters: 28, did not pass the filter by color: 27, added: 1, new vincodes: 0
08-06-2011 07:22:32 --- INFO: Lexus LX 470 - found: 4, pass primary filters: 4, did not pass the filter by color: 4, added: 0, new vincodes: 0
08-06-2011 07:22:34 --- INFO: Lexus LX 470 - found: 1, pass primary filters: 1, did not pass the filter by color: 1, added: 0, new vincodes: 0
08-06-2011 07:22:35 --- INFO: Toyota Land Cruiser - found: 1, pass primary filters: 1, did not pass the filter by color: 1, added: 0, new vincodes: 0
08-06-2011 07:23:08 --- INFO: Honda CR-V - found: 49, pass primary filters: 13, did not pass the filter by color: 0, added: 13, new vincodes: 0
08-06-2011 07:23:48 --- INFO: Honda CR-V - found: 54, pass primary filters: 27, did not pass the filter by color: 0, added: 27, new vincodes: 0
08-06-2011 07:24:17 --- INFO: Mitsubishi Montero 4WD Limited - found: 40, pass primary filters: 18, did not pass the filter by color: 18, added: 0, new vincodes: 0
08-06-2011 07:32:52 --- INFO: Toyota 4RUNNER 4WD Limited - found: 718, pass primary filters: 193, did not pass the filter by color: 139, added: 54, new vincodes: 0
08-06-2011 07:33:00 --- INFO: Toyota RAV 4 - found: 11, pass primary filters: 4, did not pass the filter by color: 4, added: 0, new vincodes: 0
08-06-2011 07:33:21 --- INFO: Toyota Highlander 4WD - found: 27, pass primary filters: 1, did not pass the filter by color: 1, added: 0, new vincodes: 0
08-06-2011 07:33:21 --- INFO: finish: 08-06-2011 07:33:21
08-06-2011 07:33:21 --- INFO: elapsed time: ~800.48 sec., memory usage: ~4.54 Mb.
08-06-2011 07:44:19 --- INFO: start: 08-06-2011 07:44:19
08-06-2011 07:44:19 --- INFO: ----------Source_Adesa (apache2handler)
08-06-2011 07:44:19 --- ERROR: Unauthorized request
08-06-2011 07:44:19 --- INFO: finish: 08-06-2011 07:44:19
08-06-2011 07:44:19 --- INFO: elapsed time: ~0.37 sec., memory usage: ~1.3 Mb.
08-06-2011 07:30:01 --- INFO: start: 08-06-2011 07:30:01
08-06-2011 07:30:01 --- INFO: ----------Source_Autotrader (cli)
08-06-2011 07:30:06 --- INFO: Lexus RX 300 - found: 19, pass primary filters: 2, did not pass the filter by color: 0, added: 2, new vincodes: 0
08-06-2011 07:30:42 --- INFO: VIN unavilable. Trying to decode...
08-06-2011 07:30:42 --- INFO: Attempt #1
08-06-2011 07:30:52 --- INFO: Attempt #2
08-06-2011 07:31:48 --- INFO: Attempt #3
08-06-2011 07:33:16 --- INFO: Attempt #4
08-06-2011 07:34:42 --- INFO: Attempt #5
08-06-2011 07:35:30 --- INFO: Attempt #6
08-06-2011 07:35:56 --- INFO: Attempt #7
08-06-2011 07:36:34 --- INFO: Attempt #8
08-06-2011 07:37:12 --- INFO: Attempt #9
08-06-2011 07:37:44 --- INFO: Attempt #10
08-06-2011 07:38:07 --- INFO: Attempt #11
08-06-2011 07:38:43 --- INFO: Attempt #12
08-06-2011 07:39:35 --- INFO: Attempt #13
08-06-2011 07:40:40 --- INFO: Attempt #14
08-06-2011 07:41:29 --- INFO: Attempt #15
08-06-2011 07:42:31 --- INFO: Lexus RX 330 - found: 167, pass primary filters: 42, did not pass the filter by color: 16, added: 26, new vincodes: 0
08-06-2011 07:42:32 --- INFO: Lexus RX 400H - found: 1, pass primary filters: 0, did not pass the filter by color: 0, added: 0, new vincodes: 0
08-06-2011 07:42:39 --- INFO: Lexus GX 470 - found: 25, pass primary filters: 23, did not pass the filter by color: 18, added: 5, new vincodes: 0
08-06-2011 07:42:48 --- INFO: Lexus GX 470 - found: 28, pass primary filters: 28, did not pass the filter by color: 25, added: 3, new vincodes: 0
08-06-2011 07:42:49 --- INFO: Lexus LX 470 - found: 3, pass primary filters: 3, did not pass the filter by color: 3, added: 0, new vincodes: 0
08-06-2011 07:42:51 --- INFO: Lexus LX 470 - found: 2, pass primary filters: 2, did not pass the filter by color: 2, added: 0, new vincodes: 0
08-06-2011 07:42:52 --- INFO: Toyota Land Cruiser - found: 1, pass primary filters: 1, did not pass the filter by color: 1, added: 0, new vincodes: 0
08-06-2011 07:42:57 --- INFO: Honda CR-V - found: 13, pass primary filters: 11, did not pass the filter by color: 0, added: 11, new vincodes: 0
08-06-2011 07:42:59 --- INFO: Honda CR-V - found: 0, pass primary filters: 0, did not pass the filter by color: 0, added: 0, new vincodes: 0
08-06-2011 07:43:18 --- INFO: Mitsubishi Montero 4WD Limited - found: 71, pass primary filters: 31, did not pass the filter by color: 31, added: 0, new vincodes: 0
08-06-2011 07:47:35 --- INFO: Toyota 4RUNNER 4WD Limited - found: 848, pass primary filters: 22, did not pass the filter by color: 16, added: 6, new vincodes: 0
08-06-2011 07:47:40 --- INFO: Toyota RAV 4 - found: 14, pass primary filters: 8, did not pass the filter by color: 6, added: 2, new vincodes: 1
08-06-2011 07:47:50 --- INFO: Toyota Highlander 4WD - found: 35, pass primary filters: 2, did not pass the filter by color: 1, added: 1, new vincodes: 0
08-06-2011 07:47:50 --- INFO: finish: 08-06-2011 07:47:50
08-06-2011 07:47:50 --- INFO: elapsed time: ~1069.12 sec., memory usage: ~4.58 Mb.
08-06-2011 07:52:27 --- INFO: start: 08-06-2011 07:52:27
08-06-2011 07:52:27 --- INFO: ----------Source_Adesa (apache2handler)
08-06-2011 07:52:27 --- ERROR: Unauthorized request
08-06-2011 07:52:27 --- INFO: finish: 08-06-2011 07:52:27
08-06-2011 07:52:27 --- INFO: elapsed time: ~0.26 sec., memory usage: ~1.3 Mb.
08-06-2011 08:10:01 --- INFO: start: 08-06-2011 08:10:01
08-06-2011 08:10:01 --- ERROR: Kohana_Exception [ 0 ]: Source with id 8 not found ~ APPPATH/classes/source.php [ 13 ]
#0 /home/clients/boldyrek_ftp0/domains/tcl.makmalauto.com/html/cron/grabber/application/1.0.2/classes/source.php(32): Source->__construct(8)
#1 /home/clients/boldyrek_ftp0/domains/tcl.makmalauto.com/html/cron/grabber/application/1.0.2/classes/controller/home.php(33): Source::instance(8)
#2 [internal function]: Controller_Home->action_execute('8', 'home/execute/8', Object(Route))
#3 /home/clients/boldyrek_ftp0/domains/tcl.makmalauto.com/html/cron/grabber/system/classes/kohana/request/client/internal.php(132): ReflectionMethod->invokeArgs(Object(Controller_Home), Array)
#4 /home/clients/boldyrek_ftp0/domains/tcl.makmalauto.com/html/cron/grabber/system/classes/kohana/request.php(964): Kohana_Request_Client_Internal->execute(Object(Request))
#5 /home/clients/boldyrek_ftp0/domains/tcl.makmalauto.com/html/cron/grabber/index.php(110): Kohana_Request->execute()
#6 {main}
08-06-2011 08:10:01 --- INFO: start: 08-06-2011 08:10:01
08-06-2011 08:10:01 --- INFO: ----------Source_Adesa (cli)
08-06-2011 08:10:01 --- ERROR: Unauthorized request
08-06-2011 08:10:01 --- INFO: finish: 08-06-2011 08:10:01
08-06-2011 08:10:01 --- INFO: elapsed time: ~0.28 sec., memory usage: ~1.3 Mb.
08-06-2011 09:10:01 --- INFO: start: 08-06-2011 09:10:01
08-06-2011 09:10:01 --- ERROR: Kohana_Exception [ 0 ]: Source with id 8 not found ~ APPPATH/classes/source.php [ 13 ]
#0 /home/clients/boldyrek_ftp0/domains/tcl.makmalauto.com/html/cron/grabber/application/1.0.2/classes/source.php(32): Source->__construct(8)
#1 /home/clients/boldyrek_ftp0/domains/tcl.makmalauto.com/html/cron/grabber/application/1.0.2/classes/controller/home.php(33): Source::instance(8)
#2 [internal function]: Controller_Home->action_execute('8', 'home/execute/8', Object(Route))
#3 /home/clients/boldyrek_ftp0/domains/tcl.makmalauto.com/html/cron/grabber/system/classes/kohana/request/client/internal.php(132): ReflectionMethod->invokeArgs(Object(Controller_Home), Array)
#4 /home/clients/boldyrek_ftp0/domains/tcl.makmalauto.com/html/cron/grabber/system/classes/kohana/request.php(964): Kohana_Request_Client_Internal->execute(Object(Request))
#5 /home/clients/boldyrek_ftp0/domains/tcl.makmalauto.com/html/cron/grabber/index.php(110): Kohana_Request->execute()
#6 {main}
08-06-2011 09:10:01 --- INFO: start: 08-06-2011 09:10:01
08-06-2011 09:10:01 --- INFO: ----------Source_Adesa (cli)
08-06-2011 09:10:01 --- ERROR: Unauthorized request
08-06-2011 09:10:01 --- INFO: finish: 08-06-2011 09:10:01
08-06-2011 09:10:01 --- INFO: elapsed time: ~0.39 sec., memory usage: ~1.3 Mb.
08-06-2011 08:55:08 --- INFO: start: 08-06-2011 08:55:08
08-06-2011 08:55:08 --- INFO: ----------Source_Gsmotors (apache2handler)
08-06-2011 08:57:57 --- INFO: Lexus RX 300 - found: 121, pass primary filters: 35, did not pass the filter by color: 16, added: 19, new vincodes: 0
08-06-2011 09:02:39 --- INFO: Lexus RX 330 - found: 250, pass primary filters: 51, did not pass the filter by color: 20, added: 31, new vincodes: 0
08-06-2011 09:03:15 --- INFO: Lexus RX 400H - found: 32, pass primary filters: 4, did not pass the filter by color: 3, added: 1, new vincodes: 0
08-06-2011 09:05:40 --- INFO: Lexus GX 470 - found: 128, pass primary filters: 50, did not pass the filter by color: 35, added: 15, new vincodes: 1
08-06-2011 09:08:06 --- INFO: Lexus GX 470 - found: 125, pass primary filters: 69, did not pass the filter by color: 56, added: 13, new vincodes: 2
08-06-2011 09:08:42 --- INFO: Lexus LX 470 - found: 26, pass primary filters: 18, did not pass the filter by color: 17, added: 1, new vincodes: 0
08-06-2011 09:09:29 --- INFO: Lexus LX 470 - found: 38, pass primary filters: 25, did not pass the filter by color: 22, added: 3, new vincodes: 0
08-06-2011 09:09:47 --- INFO: Toyota Land Cruiser - found: 17, pass primary filters: 10, did not pass the filter by color: 10, added: 0, new vincodes: 0
08-06-2011 09:11:27 --- INFO: Honda CR-V - found: 85, pass primary filters: 7, did not pass the filter by color: 0, added: 7, new vincodes: 0
08-06-2011 09:16:16 --- INFO: Honda CR-V - found: 230, pass primary filters: 5, did not pass the filter by color: 0, added: 5, new vincodes: 0
08-06-2011 09:18:17 --- INFO: Mitsubishi Montero 4WD Limited - found: 93, pass primary filters: 15, did not pass the filter by color: 15, added: 0, new vincodes: 1
08-06-2011 09:24:59 --- INFO: Toyota 4RUNNER 4WD Limited - found: 334, pass primary filters: 68, did not pass the filter by color: 50, added: 18, new vincodes: 0
08-06-2011 09:26:42 --- INFO: Toyota RAV 4 - found: 77, pass primary filters: 36, did not pass the filter by color: 28, added: 8, new vincodes: 2
08-06-2011 09:28:41 --- INFO: Toyota Highlander 4WD - found: 100, pass primary filters: 0, did not pass the filter by color: 0, added: 0, new vincodes: 0
08-06-2011 09:28:41 --- INFO: finish: 08-06-2011 09:28:41
08-06-2011 09:28:41 --- INFO: elapsed time: ~2013.23 sec., memory usage: ~4.76 Mb.
08-06-2011 09:30:15 --- INFO: start: 08-06-2011 09:30:15
08-06-2011 09:30:15 --- INFO: ----------Source_Adesa (apache2handler)
08-06-2011 09:30:15 --- ERROR: Unauthorized request
08-06-2011 09:30:15 --- INFO: finish: 08-06-2011 09:30:15
08-06-2011 09:30:15 --- INFO: elapsed time: ~0.26 sec., memory usage: ~1.3 Mb.
08-06-2011 10:00:01 --- INFO: start: 08-06-2011 10:00:01
08-06-2011 10:00:01 --- ERROR: Kohana_Exception [ 0 ]: Source with id 8 not found ~ APPPATH/classes/source.php [ 13 ]
#0 /home/clients/boldyrek_ftp0/domains/tcl.makmalauto.com/html/cron/grabber/application/1.0.2/classes/source.php(32): Source->__construct(8)
#1 /home/clients/boldyrek_ftp0/domains/tcl.makmalauto.com/html/cron/grabber/application/1.0.2/classes/controller/home.php(33): Source::instance(8)
#2 [internal function]: Controller_Home->action_execute('8', 'home/execute/8', Object(Route))
#3 /home/clients/boldyrek_ftp0/domains/tcl.makmalauto.com/html/cron/grabber/system/classes/kohana/request/client/internal.php(132): ReflectionMethod->invokeArgs(Object(Controller_Home), Array)
#4 /home/clients/boldyrek_ftp0/domains/tcl.makmalauto.com/html/cron/grabber/system/classes/kohana/request.php(964): Kohana_Request_Client_Internal->execute(Object(Request))
#5 /home/clients/boldyrek_ftp0/domains/tcl.makmalauto.com/html/cron/grabber/index.php(110): Kohana_Request->execute()
#6 {main}
08-06-2011 10:00:01 --- INFO: start: 08-06-2011 10:00:01
08-06-2011 10:00:01 --- INFO: ----------Source_Adesa (cli)
08-06-2011 10:00:01 --- ERROR: Unauthorized request
08-06-2011 10:00:01 --- INFO: finish: 08-06-2011 10:00:01
08-06-2011 10:00:01 --- INFO: elapsed time: ~0.29 sec., memory usage: ~1.3 Mb.
08-06-2011 10:17:42 --- INFO: start: 08-06-2011 10:17:42
08-06-2011 10:17:42 --- INFO: ----------Source_Adesa (apache2handler)
08-06-2011 10:17:43 --- ERROR: Unauthorized request
08-06-2011 10:17:43 --- INFO: finish: 08-06-2011 10:17:43
08-06-2011 10:17:43 --- INFO: elapsed time: ~0.37 sec., memory usage: ~1.3 Mb.
08-06-2011 10:29:32 --- INFO: start: 08-06-2011 10:29:32
08-06-2011 10:29:32 --- INFO: ----------Source_Adesa (apache2handler)
08-06-2011 10:29:32 --- ERROR: Unauthorized request
08-06-2011 10:29:32 --- INFO: finish: 08-06-2011 10:29:32
08-06-2011 10:29:32 --- INFO: elapsed time: ~0.26 sec., memory usage: ~1.3 Mb.
08-06-2011 10:18:14 --- INFO: start: 08-06-2011 10:18:14
08-06-2011 10:18:14 --- INFO: ----------Source_Gsmotors (apache2handler)
08-06-2011 10:19:34 --- INFO: Lexus RX 300 - found: 121, pass primary filters: 35, did not pass the filter by color: 14, added: 21, new vincodes: 0
08-06-2011 10:22:04 --- INFO: Lexus RX 330 - found: 250, pass primary filters: 51, did not pass the filter by color: 25, added: 26, new vincodes: 0
08-06-2011 10:22:23 --- INFO: Lexus RX 400H - found: 32, pass primary filters: 4, did not pass the filter by color: 4, added: 0, new vincodes: 0
08-06-2011 10:23:41 --- INFO: Lexus GX 470 - found: 128, pass primary filters: 50, did not pass the filter by color: 35, added: 15, new vincodes: 0
08-06-2011 10:24:50 --- INFO: Lexus GX 470 - found: 125, pass primary filters: 69, did not pass the filter by color: 55, added: 14, new vincodes: 0
08-06-2011 10:25:15 --- INFO: Lexus LX 470 - found: 26, pass primary filters: 18, did not pass the filter by color: 17, added: 1, new vincodes: 0
08-06-2011 10:25:38 --- INFO: Lexus LX 470 - found: 38, pass primary filters: 25, did not pass the filter by color: 23, added: 2, new vincodes: 0
08-06-2011 10:25:51 --- INFO: Toyota Land Cruiser - found: 17, pass primary filters: 10, did not pass the filter by color: 10, added: 0, new vincodes: 0
08-06-2011 10:26:38 --- INFO: Honda CR-V - found: 85, pass primary filters: 7, did not pass the filter by color: 0, added: 7, new vincodes: 0
08-06-2011 10:29:39 --- INFO: Honda CR-V - found: 230, pass primary filters: 5, did not pass the filter by color: 0, added: 5, new vincodes: 0
08-06-2011 10:31:10 --- INFO: Mitsubishi Montero 4WD Limited - found: 93, pass primary filters: 15, did not pass the filter by color: 15, added: 0, new vincodes: 0
08-06-2011 10:34:38 --- INFO: Toyota 4RUNNER 4WD Limited - found: 334, pass primary filters: 68, did not pass the filter by color: 52, added: 16, new vincodes: 0
08-06-2011 10:35:20 --- INFO: Toyota RAV 4 - found: 77, pass primary filters: 36, did not pass the filter by color: 30, added: 6, new vincodes: 0
08-06-2011 10:36:07 --- INFO: Toyota Highlander 4WD - found: 100, pass primary filters: 0, did not pass the filter by color: 0, added: 0, new vincodes: 0
08-06-2011 10:36:07 --- INFO: finish: 08-06-2011 10:36:07
08-06-2011 10:36:07 --- INFO: elapsed time: ~1073.62 sec., memory usage: ~4.65 Mb.
08-06-2011 10:54:33 --- INFO: start: 08-06-2011 10:54:33
08-06-2011 10:54:33 --- INFO: ----------Source_Adesa (apache2handler)
08-06-2011 10:54:33 --- ERROR: Unauthorized request
08-06-2011 10:54:33 --- INFO: finish: 08-06-2011 10:54:33
08-06-2011 10:54:33 --- INFO: elapsed time: ~0.26 sec., memory usage: ~1.3 Mb.
08-06-2011 11:05:01 --- INFO: start: 08-06-2011 11:05:01
08-06-2011 11:05:01 --- INFO: ----------Source_Openlane (cli)
08-06-2011 11:05:05 --- ERROR: Unauthorized request
08-06-2011 11:05:05 --- INFO: finish: 08-06-2011 11:05:05
08-06-2011 11:05:05 --- INFO: elapsed time: ~3.67 sec., memory usage: ~1.29 Mb.
08-06-2011 11:10:01 --- INFO: start: 08-06-2011 11:10:01
08-06-2011 11:10:01 --- ERROR: Kohana_Exception [ 0 ]: Source with id 8 not found ~ APPPATH/classes/source.php [ 13 ]
#0 /home/clients/boldyrek_ftp0/domains/tcl.makmalauto.com/html/cron/grabber/application/1.0.2/classes/source.php(32): Source->__construct(8)
#1 /home/clients/boldyrek_ftp0/domains/tcl.makmalauto.com/html/cron/grabber/application/1.0.2/classes/controller/home.php(33): Source::instance(8)
#2 [internal function]: Controller_Home->action_execute('8', 'home/execute/8', Object(Route))
#3 /home/clients/boldyrek_ftp0/domains/tcl.makmalauto.com/html/cron/grabber/system/classes/kohana/request/client/internal.php(132): ReflectionMethod->invokeArgs(Object(Controller_Home), Array)
#4 /home/clients/boldyrek_ftp0/domains/tcl.makmalauto.com/html/cron/grabber/system/classes/kohana/request.php(964): Kohana_Request_Client_Internal->execute(Object(Request))
#5 /home/clients/boldyrek_ftp0/domains/tcl.makmalauto.com/html/cron/grabber/index.php(110): Kohana_Request->execute()
#6 {main}
08-06-2011 11:10:01 --- INFO: start: 08-06-2011 11:10:01
08-06-2011 11:10:01 --- INFO: ----------Source_Adesa (cli)
08-06-2011 11:10:02 --- ERROR: Unauthorized request
08-06-2011 11:10:02 --- INFO: finish: 08-06-2011 11:10:02
08-06-2011 11:10:02 --- INFO: elapsed time: ~0.3 sec., memory usage: ~1.3 Mb.
08-06-2011 11:10:01 --- INFO: start: 08-06-2011 11:10:01
08-06-2011 11:10:01 --- INFO: ----------Source_Ebay (cli)
08-06-2011 11:10:24 --- INFO: Lexus RX 300 - found: 30, pass primary filters: 4, did not pass the filter by color: 2, added: 2, new vincodes: 0
08-06-2011 11:11:56 --- INFO: Lexus RX 330 - found: 68, pass primary filters: 12, did not pass the filter by color: 4, added: 8, new vincodes: 0
08-06-2011 11:13:11 --- INFO: Lexus RX 400H - found: 56, pass primary filters: 6, did not pass the filter by color: 3, added: 3, new vincodes: 0
08-06-2011 11:13:38 --- INFO: Lexus GX 470 - found: 37, pass primary filters: 14, did not pass the filter by color: 10, added: 4, new vincodes: 0
08-06-2011 11:14:05 --- INFO: Lexus GX 470 - found: 37, pass primary filters: 16, did not pass the filter by color: 13, added: 3, new vincodes: 0
08-06-2011 11:14:12 --- INFO: Lexus LX 470 - found: 8, pass primary filters: 5, did not pass the filter by color: 5, added: 0, new vincodes: 0
08-06-2011 11:14:22 --- INFO: Lexus LX 470 - found: 13, pass primary filters: 8, did not pass the filter by color: 8, added: 0, new vincodes: 0
08-06-2011 11:14:29 --- INFO: Toyota Land Cruiser - found: 8, pass primary filters: 6, did not pass the filter by color: 6, added: 0, new vincodes: 0
08-06-2011 11:14:42 --- INFO: Honda CR-V - found: 16, pass primary filters: 1, did not pass the filter by color: 0, added: 1, new vincodes: 0
08-06-2011 11:16:21 --- INFO: Honda CR-V - found: 72, pass primary filters: 0, did not pass the filter by color: 0, added: 0, new vincodes: 0
08-06-2011 11:16:25 --- INFO: Mitsubishi Montero 4WD Limited - found: 5, pass primary filters: 1, did not pass the filter by color: 1, added: 0, new vincodes: 0
08-06-2011 11:18:07 --- INFO: Toyota 4RUNNER 4WD Limited - found: 74, pass primary filters: 28, did not pass the filter by color: 19, added: 9, new vincodes: 0
08-06-2011 11:18:17 --- INFO: Toyota RAV 4 - found: 13, pass primary filters: 4, did not pass the filter by color: 4, added: 0, new vincodes: 0
08-06-2011 11:18:41 --- INFO: Toyota Highlander 4WD - found: 32, pass primary filters: 0, did not pass the filter by color: 0, added: 0, new vincodes: 0
08-06-2011 11:18:41 --- INFO: finish: 08-06-2011 11:18:41
08-06-2011 11:18:41 --- INFO: elapsed time: ~519.86 sec., memory usage: ~2.64 Mb.
08-06-2011 11:20:01 --- INFO: start: 08-06-2011 11:20:01
08-06-2011 11:20:01 --- INFO: ----------Source_Cars (cli)
08-06-2011 11:20:17 --- INFO: Lexus RX 300 - found: 16, pass primary filters: 11, did not pass the filter by color: 4, added: 7, new vincodes: 1
08-06-2011 11:22:04 --- INFO: Lexus RX 330 - found: 113, pass primary filters: 57, did not pass the filter by color: 31, added: 26, new vincodes: 0
08-06-2011 11:22:20 --- INFO: Lexus RX 400H - found: 0, pass primary filters: 0, did not pass the filter by color: 0, added: 0, new vincodes: 0
08-06-2011 11:22:33 --- INFO: Lexus GX 470 - found: 13, pass primary filters: 12, did not pass the filter by color: 11, added: 1, new vincodes: 0
08-06-2011 11:22:58 --- INFO: Lexus GX 470 - found: 27, pass primary filters: 27, did not pass the filter by color: 26, added: 1, new vincodes: 0
08-06-2011 11:23:03 --- INFO: Lexus LX 470 - found: 4, pass primary filters: 4, did not pass the filter by color: 4, added: 0, new vincodes: 0
08-06-2011 11:23:05 --- INFO: Lexus LX 470 - found: 1, pass primary filters: 1, did not pass the filter by color: 1, added: 0, new vincodes: 0
08-06-2011 11:23:07 --- INFO: Toyota Land Cruiser - found: 1, pass primary filters: 1, did not pass the filter by color: 1, added: 0, new vincodes: 0
08-06-2011 11:23:47 --- INFO: Honda CR-V - found: 47, pass primary filters: 11, did not pass the filter by color: 0, added: 11, new vincodes: 0
08-06-2011 11:24:44 --- INFO: Honda CR-V - found: 54, pass primary filters: 27, did not pass the filter by color: 0, added: 27, new vincodes: 0
08-06-2011 11:25:21 --- INFO: Mitsubishi Montero 4WD Limited - found: 39, pass primary filters: 18, did not pass the filter by color: 18, added: 0, new vincodes: 0
08-06-2011 11:35:33 --- INFO: Toyota 4RUNNER 4WD Limited - found: 712, pass primary filters: 191, did not pass the filter by color: 138, added: 53, new vincodes: 2
08-06-2011 11:35:44 --- INFO: Toyota RAV 4 - found: 10, pass primary filters: 4, did not pass the filter by color: 4, added: 0, new vincodes: 0
08-06-2011 11:36:06 --- INFO: Toyota Highlander 4WD - found: 27, pass primary filters: 1, did not pass the filter by color: 1, added: 0, new vincodes: 0
08-06-2011 11:36:06 --- INFO: finish: 08-06-2011 11:36:06
08-06-2011 11:36:06 --- INFO: elapsed time: ~964.95 sec., memory usage: ~4.52 Mb.
08-06-2011 11:30:01 --- INFO: start: 08-06-2011 11:30:01
08-06-2011 11:30:01 --- INFO: ----------Source_Autotrader (cli)
08-06-2011 11:30:06 --- INFO: Lexus RX 300 - found: 18, pass primary filters: 2, did not pass the filter by color: 1, added: 1, new vincodes: 0
08-06-2011 11:30:21 --- INFO: VIN unavilable. Trying to decode...
08-06-2011 11:30:21 --- INFO: Attempt #1
08-06-2011 11:30:47 --- INFO: Attempt #2
08-06-2011 11:32:40 --- INFO: Attempt #3
08-06-2011 11:34:56 --- INFO: Attempt #4
08-06-2011 11:35:32 --- INFO: Attempt #5
08-06-2011 11:36:44 --- INFO: Attempt #6
08-06-2011 11:37:32 --- INFO: Attempt #7
08-06-2011 11:38:14 --- INFO: Attempt #8
08-06-2011 11:38:34 --- INFO: Attempt #9
08-06-2011 11:39:16 --- INFO: Attempt #10
08-06-2011 11:41:30 --- INFO: Attempt #11
08-06-2011 11:41:46 --- INFO: Attempt #12
08-06-2011 11:42:37 --- INFO: Attempt #13
08-06-2011 11:44:34 --- INFO: Attempt #14
08-06-2011 11:45:01 --- INFO: Attempt #15
08-06-2011 11:47:29 --- INFO: Lexus RX 330 - found: 167, pass primary filters: 27, did not pass the filter by color: 14, added: 13, new vincodes: 0
08-06-2011 11:47:30 --- INFO: Lexus RX 400H - found: 1, pass primary filters: 0, did not pass the filter by color: 0, added: 0, new vincodes: 0
08-06-2011 11:47:37 --- INFO: Lexus GX 470 - found: 25, pass primary filters: 23, did not pass the filter by color: 18, added: 5, new vincodes: 0
08-06-2011 11:47:44 --- INFO: Lexus GX 470 - found: 28, pass primary filters: 28, did not pass the filter by color: 25, added: 3, new vincodes: 0
08-06-2011 11:47:46 --- INFO: Lexus LX 470 - found: 3, pass primary filters: 3, did not pass the filter by color: 3, added: 0, new vincodes: 0
08-06-2011 11:47:47 --- INFO: Lexus LX 470 - found: 2, pass primary filters: 2, did not pass the filter by color: 2, added: 0, new vincodes: 0
08-06-2011 11:47:48 --- INFO: Toyota Land Cruiser - found: 1, pass primary filters: 1, did not pass the filter by color: 1, added: 0, new vincodes: 0
08-06-2011 11:47:52 --- INFO: Honda CR-V - found: 13, pass primary filters: 11, did not pass the filter by color: 0, added: 11, new vincodes: 0
08-06-2011 11:47:53 --- INFO: Honda CR-V - found: 0, pass primary filters: 0, did not pass the filter by color: 0, added: 0, new vincodes: 0
08-06-2011 11:48:12 --- INFO: Mitsubishi Montero 4WD Limited - found: 71, pass primary filters: 31, did not pass the filter by color: 31, added: 0, new vincodes: 0
08-06-2011 11:52:24 --- INFO: Toyota 4RUNNER 4WD Limited - found: 848, pass primary filters: 22, did not pass the filter by color: 16, added: 6, new vincodes: 0
08-06-2011 11:52:28 --- INFO: Toyota RAV 4 - found: 14, pass primary filters: 8, did not pass the filter by color: 6, added: 2, new vincodes: 0
08-06-2011 11:52:37 --- INFO: Toyota Highlander 4WD - found: 35, pass primary filters: 2, did not pass the filter by color: 1, added: 1, new vincodes: 0
08-06-2011 11:52:37 --- INFO: finish: 08-06-2011 11:52:37
08-06-2011 11:52:37 --- INFO: elapsed time: ~1356.81 sec., memory usage: ~4.36 Mb.
08-06-2011 12:20:01 --- INFO: start: 08-06-2011 12:20:01
08-06-2011 12:20:01 --- ERROR: Kohana_Exception [ 0 ]: Source with id 8 not found ~ APPPATH/classes/source.php [ 13 ]
#0 /home/clients/boldyrek_ftp0/domains/tcl.makmalauto.com/html/cron/grabber/application/1.0.2/classes/source.php(32): Source->__construct(8)
#1 /home/clients/boldyrek_ftp0/domains/tcl.makmalauto.com/html/cron/grabber/application/1.0.2/classes/controller/home.php(33): Source::instance(8)
#2 [internal function]: Controller_Home->action_execute('8', 'home/execute/8', Object(Route))
#3 /home/clients/boldyrek_ftp0/domains/tcl.makmalauto.com/html/cron/grabber/system/classes/kohana/request/client/internal.php(132): ReflectionMethod->invokeArgs(Object(Controller_Home), Array)
#4 /home/clients/boldyrek_ftp0/domains/tcl.makmalauto.com/html/cron/grabber/system/classes/kohana/request.php(964): Kohana_Request_Client_Internal->execute(Object(Request))
#5 /home/clients/boldyrek_ftp0/domains/tcl.makmalauto.com/html/cron/grabber/index.php(110): Kohana_Request->execute()
#6 {main}
08-06-2011 12:20:01 --- INFO: start: 08-06-2011 12:20:01
08-06-2011 12:20:01 --- INFO: ----------Source_Adesa (cli)
08-06-2011 12:20:02 --- ERROR: Unauthorized request
08-06-2011 12:20:02 --- INFO: finish: 08-06-2011 12:20:02
08-06-2011 12:20:02 --- INFO: elapsed time: ~0.49 sec., memory usage: ~1.3 Mb.
08-06-2011 13:20:02 --- INFO: start: 08-06-2011 13:20:02
08-06-2011 13:20:02 --- ERROR: Kohana_Exception [ 0 ]: Source with id 8 not found ~ APPPATH/classes/source.php [ 13 ]
#0 /home/clients/boldyrek_ftp0/domains/tcl.makmalauto.com/html/cron/grabber/application/1.0.2/classes/source.php(32): Source->__construct(8)
#1 /home/clients/boldyrek_ftp0/domains/tcl.makmalauto.com/html/cron/grabber/application/1.0.2/classes/controller/home.php(33): Source::instance(8)
#2 [internal function]: Controller_Home->action_execute('8', 'home/execute/8', Object(Route))
#3 /home/clients/boldyrek_ftp0/domains/tcl.makmalauto.com/html/cron/grabber/system/classes/kohana/request/client/internal.php(132): ReflectionMethod->invokeArgs(Object(Controller_Home), Array)
#4 /home/clients/boldyrek_ftp0/domains/tcl.makmalauto.com/html/cron/grabber/system/classes/kohana/request.php(964): Kohana_Request_Client_Internal->execute(Object(Request))
#5 /home/clients/boldyrek_ftp0/domains/tcl.makmalauto.com/html/cron/grabber/index.php(110): Kohana_Request->execute()
#6 {main}
08-06-2011 13:20:02 --- INFO: start: 08-06-2011 13:20:02
08-06-2011 13:20:02 --- INFO: ----------Source_Adesa (cli)
08-06-2011 13:20:02 --- ERROR: Unauthorized request
08-06-2011 13:20:02 --- INFO: finish: 08-06-2011 13:20:02
08-06-2011 13:20:02 --- INFO: elapsed time: ~0.4 sec., memory usage: ~1.3 Mb.
08-06-2011 15:05:01 --- INFO: start: 08-06-2011 15:05:01
08-06-2011 15:05:01 --- INFO: ----------Source_Openlane (cli)
08-06-2011 15:05:05 --- ERROR: Unauthorized request
08-06-2011 15:05:05 --- INFO: finish: 08-06-2011 15:05:05
08-06-2011 15:05:05 --- INFO: elapsed time: ~3.75 sec., memory usage: ~1.29 Mb.
08-06-2011 15:10:01 --- INFO: start: 08-06-2011 15:10:01
08-06-2011 15:10:01 --- INFO: ----------Source_Ebay (cli)
08-06-2011 15:10:24 --- INFO: Lexus RX 300 - found: 30, pass primary filters: 3, did not pass the filter by color: 2, added: 1, new vincodes: 0
08-06-2011 15:12:01 --- INFO: Lexus RX 330 - found: 71, pass primary filters: 12, did not pass the filter by color: 4, added: 8, new vincodes: 0
08-06-2011 15:13:21 --- INFO: Lexus RX 400H - found: 57, pass primary filters: 6, did not pass the filter by color: 2, added: 4, new vincodes: 0
08-06-2011 15:13:47 --- INFO: Lexus GX 470 - found: 35, pass primary filters: 13, did not pass the filter by color: 8, added: 5, new vincodes: 0
08-06-2011 15:14:17 --- INFO: Lexus GX 470 - found: 38, pass primary filters: 17, did not pass the filter by color: 14, added: 3, new vincodes: 0
08-06-2011 15:14:27 --- INFO: Lexus LX 470 - found: 11, pass primary filters: 6, did not pass the filter by color: 6, added: 0, new vincodes: 0
08-06-2011 15:14:37 --- INFO: Lexus LX 470 - found: 12, pass primary filters: 8, did not pass the filter by color: 8, added: 0, new vincodes: 0
08-06-2011 15:14:43 --- INFO: Toyota Land Cruiser - found: 7, pass primary filters: 5, did not pass the filter by color: 5, added: 0, new vincodes: 0
08-06-2011 15:14:56 --- INFO: Honda CR-V - found: 16, pass primary filters: 1, did not pass the filter by color: 0, added: 1, new vincodes: 0
08-06-2011 15:16:43 --- INFO: Honda CR-V - found: 72, pass primary filters: 0, did not pass the filter by color: 0, added: 0, new vincodes: 0
08-06-2011 15:16:48 --- INFO: Mitsubishi Montero 4WD Limited - found: 4, pass primary filters: 0, did not pass the filter by color: 0, added: 0, new vincodes: 0
08-06-2011 15:18:30 --- INFO: Toyota 4RUNNER 4WD Limited - found: 75, pass primary filters: 30, did not pass the filter by color: 22, added: 8, new vincodes: 0
08-06-2011 15:18:41 --- INFO: Toyota RAV 4 - found: 14, pass primary filters: 5, did not pass the filter by color: 5, added: 0, new vincodes: 0
08-06-2011 15:19:06 --- INFO: Toyota Highlander 4WD - found: 31, pass primary filters: 0, did not pass the filter by color: 0, added: 0, new vincodes: 0
08-06-2011 15:19:06 --- INFO: finish: 08-06-2011 15:19:06
08-06-2011 15:19:06 --- INFO: elapsed time: ~544.91 sec., memory usage: ~2.65 Mb.
08-06-2011 15:20:01 --- INFO: start: 08-06-2011 15:20:01
08-06-2011 15:20:01 --- INFO: ----------Source_Cars (cli)
08-06-2011 15:20:17 --- INFO: Lexus RX 300 - found: 17, pass primary filters: 11, did not pass the filter by color: 4, added: 7, new vincodes: 0
08-06-2011 15:22:01 --- INFO: Lexus RX 330 - found: 112, pass primary filters: 56, did not pass the filter by color: 23, added: 33, new vincodes: 0
08-06-2011 15:22:17 --- INFO: Lexus RX 400H - found: 0, pass primary filters: 0, did not pass the filter by color: 0, added: 0, new vincodes: 0
08-06-2011 15:22:30 --- INFO: Lexus GX 470 - found: 13, pass primary filters: 12, did not pass the filter by color: 10, added: 2, new vincodes: 0
08-06-2011 15:22:54 --- INFO: Lexus GX 470 - found: 27, pass primary filters: 27, did not pass the filter by color: 25, added: 2, new vincodes: 0
08-06-2011 15:22:57 --- INFO: Lexus LX 470 - found: 3, pass primary filters: 3, did not pass the filter by color: 3, added: 0, new vincodes: 0
08-06-2011 15:22:59 --- INFO: Lexus LX 470 - found: 1, pass primary filters: 1, did not pass the filter by color: 1, added: 0, new vincodes: 0
08-06-2011 15:23:01 --- INFO: Toyota Land Cruiser - found: 1, pass primary filters: 1, did not pass the filter by color: 1, added: 0, new vincodes: 0
08-06-2011 15:23:42 --- INFO: Honda CR-V - found: 48, pass primary filters: 11, did not pass the filter by color: 0, added: 11, new vincodes: 0
08-06-2011 15:24:31 --- INFO: Honda CR-V - found: 55, pass primary filters: 27, did not pass the filter by color: 0, added: 27, new vincodes: 0
08-06-2011 15:25:06 --- INFO: Mitsubishi Montero 4WD Limited - found: 39, pass primary filters: 18, did not pass the filter by color: 18, added: 0, new vincodes: 0
08-06-2011 15:37:20 --- INFO: Toyota 4RUNNER 4WD Limited - found: 713, pass primary filters: 192, did not pass the filter by color: 139, added: 53, new vincodes: 0
08-06-2011 15:37:32 --- INFO: Toyota RAV 4 - found: 10, pass primary filters: 4, did not pass the filter by color: 4, added: 0, new vincodes: 0
08-06-2011 15:38:19 --- INFO: Toyota Highlander 4WD - found: 28, pass primary filters: 1, did not pass the filter by color: 1, added: 0, new vincodes: 0
08-06-2011 15:38:19 --- INFO: finish: 08-06-2011 15:38:19
08-06-2011 15:38:19 --- INFO: elapsed time: ~1097.71 sec., memory usage: ~4.46 Mb.
08-06-2011 15:30:01 --- INFO: start: 08-06-2011 15:30:01
08-06-2011 15:30:01 --- INFO: ----------Source_Autotrader (cli)
08-06-2011 15:30:06 --- INFO: VIN unavilable. Trying to decode...
08-06-2011 15:30:06 --- INFO: Attempt #1
08-06-2011 15:30:32 --- INFO: Attempt #2
08-06-2011 15:31:03 --- INFO: Attempt #3
08-06-2011 15:31:18 --- INFO: Attempt #4
08-06-2011 15:32:20 --- INFO: Attempt #5
08-06-2011 15:32:46 --- INFO: Attempt #6
08-06-2011 15:33:07 --- INFO: Attempt #7
08-06-2011 15:33:23 --- INFO: Attempt #8
08-06-2011 15:33:38 --- INFO: Attempt #9
08-06-2011 15:34:04 --- INFO: Attempt #10
08-06-2011 15:34:30 --- INFO: Attempt #11
08-06-2011 15:34:51 --- INFO: Attempt #12
08-06-2011 15:36:08 --- INFO: Attempt #13
08-06-2011 15:36:39 --- INFO: Attempt #14
08-06-2011 15:36:59 --- INFO: Attempt #15
08-06-2011 15:38:19 --- INFO: Lexus RX 300 - found: 20, pass primary filters: 3, did not pass the filter by color: 2, added: 1, new vincodes: 0
08-06-2011 15:39:10 --- INFO: Lexus RX 330 - found: 164, pass primary filters: 59, did not pass the filter by color: 37, added: 22, new vincodes: 0
08-06-2011 15:39:11 --- INFO: Lexus RX 400H - found: 1, pass primary filters: 0, did not pass the filter by color: 0, added: 0, new vincodes: 0
08-06-2011 15:39:19 --- INFO: Lexus GX 470 - found: 26, pass primary filters: 24, did not pass the filter by color: 19, added: 5, new vincodes: 1
08-06-2011 15:39:28 --- INFO: Lexus GX 470 - found: 27, pass primary filters: 27, did not pass the filter by color: 25, added: 2, new vincodes: 0
08-06-2011 15:39:29 --- INFO: Lexus LX 470 - found: 3, pass primary filters: 3, did not pass the filter by color: 3, added: 0, new vincodes: 0
08-06-2011 15:39:31 --- INFO: Lexus LX 470 - found: 2, pass primary filters: 2, did not pass the filter by color: 2, added: 0, new vincodes: 0
08-06-2011 15:39:32 --- INFO: Toyota Land Cruiser - found: 1, pass primary filters: 1, did not pass the filter by color: 1, added: 0, new vincodes: 0
08-06-2011 15:39:37 --- INFO: Honda CR-V - found: 12, pass primary filters: 10, did not pass the filter by color: 0, added: 10, new vincodes: 0
08-06-2011 15:39:38 --- INFO: Honda CR-V - found: 0, pass primary filters: 0, did not pass the filter by color: 0, added: 0, new vincodes: 0
08-06-2011 15:39:58 --- INFO: Mitsubishi Montero 4WD Limited - found: 71, pass primary filters: 31, did not pass the filter by color: 31, added: 0, new vincodes: 0
08-06-2011 15:44:23 --- INFO: Toyota 4RUNNER 4WD Limited - found: 852, pass primary filters: 22, did not pass the filter by color: 16, added: 6, new vincodes: 0
08-06-2011 15:44:28 --- INFO: Toyota RAV 4 - found: 14, pass primary filters: 8, did not pass the filter by color: 6, added: 2, new vincodes: 0
08-06-2011 15:44:38 --- INFO: Toyota Highlander 4WD - found: 36, pass primary filters: 2, did not pass the filter by color: 1, added: 1, new vincodes: 0
08-06-2011 15:44:38 --- INFO: finish: 08-06-2011 15:44:38
08-06-2011 15:44:38 --- INFO: elapsed time: ~876.44 sec., memory usage: ~4.63 Mb.
08-06-2011 16:10:01 --- INFO: start: 08-06-2011 16:10:01
08-06-2011 16:10:01 --- ERROR: Kohana_Exception [ 0 ]: Source with id 8 not found ~ APPPATH/classes/source.php [ 13 ]
#0 /home/clients/boldyrek_ftp0/domains/tcl.makmalauto.com/html/cron/grabber/application/1.0.2/classes/source.php(32): Source->__construct(8)
#1 /home/clients/boldyrek_ftp0/domains/tcl.makmalauto.com/html/cron/grabber/application/1.0.2/classes/controller/home.php(33): Source::instance(8)
#2 [internal function]: Controller_Home->action_execute('8', 'home/execute/8', Object(Route))
#3 /home/clients/boldyrek_ftp0/domains/tcl.makmalauto.com/html/cron/grabber/system/classes/kohana/request/client/internal.php(132): ReflectionMethod->invokeArgs(Object(Controller_Home), Array)
#4 /home/clients/boldyrek_ftp0/domains/tcl.makmalauto.com/html/cron/grabber/system/classes/kohana/request.php(964): Kohana_Request_Client_Internal->execute(Object(Request))
#5 /home/clients/boldyrek_ftp0/domains/tcl.makmalauto.com/html/cron/grabber/index.php(110): Kohana_Request->execute()
#6 {main}
08-06-2011 16:10:01 --- INFO: start: 08-06-2011 16:10:01
08-06-2011 16:10:01 --- INFO: ----------Source_Adesa (cli)
08-06-2011 16:10:01 --- ERROR: Unauthorized request
08-06-2011 16:10:01 --- INFO: finish: 08-06-2011 16:10:01
08-06-2011 16:10:01 --- INFO: elapsed time: ~0.43 sec., memory usage: ~1.3 Mb.
08-06-2011 18:10:01 --- INFO: start: 08-06-2011 18:10:01
08-06-2011 18:10:01 --- ERROR: Kohana_Exception [ 0 ]: Source with id 8 not found ~ APPPATH/classes/source.php [ 13 ]
#0 /home/clients/boldyrek_ftp0/domains/tcl.makmalauto.com/html/cron/grabber/application/1.0.2/classes/source.php(32): Source->__construct(8)
#1 /home/clients/boldyrek_ftp0/domains/tcl.makmalauto.com/html/cron/grabber/application/1.0.2/classes/controller/home.php(33): Source::instance(8)
#2 [internal function]: Controller_Home->action_execute('8', 'home/execute/8', Object(Route))
#3 /home/clients/boldyrek_ftp0/domains/tcl.makmalauto.com/html/cron/grabber/system/classes/kohana/request/client/internal.php(132): ReflectionMethod->invokeArgs(Object(Controller_Home), Array)
#4 /home/clients/boldyrek_ftp0/domains/tcl.makmalauto.com/html/cron/grabber/system/classes/kohana/request.php(964): Kohana_Request_Client_Internal->execute(Object(Request))
#5 /home/clients/boldyrek_ftp0/domains/tcl.makmalauto.com/html/cron/grabber/index.php(110): Kohana_Request->execute()
#6 {main}
08-06-2011 18:10:01 --- INFO: start: 08-06-2011 18:10:01
08-06-2011 18:10:01 --- INFO: ----------Source_Adesa (cli)
08-06-2011 18:10:01 --- ERROR: Unauthorized request
08-06-2011 18:10:01 --- INFO: finish: 08-06-2011 18:10:01
08-06-2011 18:10:01 --- INFO: elapsed time: ~0.39 sec., memory usage: ~1.3 Mb.
08-06-2011 19:05:01 --- INFO: start: 08-06-2011 19:05:01
08-06-2011 19:05:01 --- INFO: ----------Source_Openlane (cli)
08-06-2011 19:05:05 --- ERROR: Unauthorized request
08-06-2011 19:05:05 --- INFO: finish: 08-06-2011 19:05:05
08-06-2011 19:05:05 --- INFO: elapsed time: ~3.99 sec., memory usage: ~1.29 Mb.
08-06-2011 19:10:01 --- INFO: start: 08-06-2011 19:10:01
08-06-2011 19:10:01 --- INFO: ----------Source_Ebay (cli)
08-06-2011 19:10:24 --- INFO: Lexus RX 300 - found: 30, pass primary filters: 4, did not pass the filter by color: 2, added: 2, new vincodes: 0
08-06-2011 19:11:59 --- INFO: Lexus RX 330 - found: 71, pass primary filters: 10, did not pass the filter by color: 4, added: 6, new vincodes: 0
08-06-2011 19:13:16 --- INFO: Lexus RX 400H - found: 58, pass primary filters: 4, did not pass the filter by color: 2, added: 2, new vincodes: 0
08-06-2011 19:13:43 --- INFO: Lexus GX 470 - found: 35, pass primary filters: 13, did not pass the filter by color: 9, added: 4, new vincodes: 0
08-06-2011 19:14:11 --- INFO: Lexus GX 470 - found: 38, pass primary filters: 18, did not pass the filter by color: 16, added: 2, new vincodes: 0
08-06-2011 19:14:21 --- INFO: Lexus LX 470 - found: 12, pass primary filters: 7, did not pass the filter by color: 7, added: 0, new vincodes: 0
08-06-2011 19:14:30 --- INFO: Lexus LX 470 - found: 12, pass primary filters: 8, did not pass the filter by color: 8, added: 0, new vincodes: 0
08-06-2011 19:14:37 --- INFO: Toyota Land Cruiser - found: 8, pass primary filters: 6, did not pass the filter by color: 6, added: 0, new vincodes: 0
08-06-2011 19:14:51 --- INFO: Honda CR-V - found: 17, pass primary filters: 2, did not pass the filter by color: 0, added: 2, new vincodes: 1
08-06-2011 19:16:27 --- INFO: Honda CR-V - found: 71, pass primary filters: 0, did not pass the filter by color: 0, added: 0, new vincodes: 0
08-06-2011 19:16:31 --- INFO: Mitsubishi Montero 4WD Limited - found: 4, pass primary filters: 0, did not pass the filter by color: 0, added: 0, new vincodes: 0
08-06-2011 19:18:07 --- INFO: Toyota 4RUNNER 4WD Limited - found: 74, pass primary filters: 30, did not pass the filter by color: 23, added: 7, new vincodes: 0
08-06-2011 19:18:17 --- INFO: Toyota RAV 4 - found: 14, pass primary filters: 5, did not pass the filter by color: 5, added: 0, new vincodes: 0
08-06-2011 19:18:40 --- INFO: Toyota Highlander 4WD - found: 30, pass primary filters: 0, did not pass the filter by color: 0, added: 0, new vincodes: 0
08-06-2011 19:18:40 --- INFO: finish: 08-06-2011 19:18:40
08-06-2011 19:18:40 --- INFO: elapsed time: ~518.79 sec., memory usage: ~2.66 Mb.
08-06-2011 19:20:01 --- INFO: start: 08-06-2011 19:20:01
08-06-2011 19:20:01 --- INFO: ----------Source_Cars (cli)
08-06-2011 19:20:17 --- INFO: Lexus RX 300 - found: 17, pass primary filters: 11, did not pass the filter by color: 4, added: 7, new vincodes: 0
08-06-2011 19:22:02 --- INFO: Lexus RX 330 - found: 115, pass primary filters: 58, did not pass the filter by color: 30, added: 28, new vincodes: 1
08-06-2011 19:22:15 --- INFO: Lexus RX 400H - found: 0, pass primary filters: 0, did not pass the filter by color: 0, added: 0, new vincodes: 0
08-06-2011 19:22:27 --- INFO: Lexus GX 470 - found: 13, pass primary filters: 12, did not pass the filter by color: 10, added: 2, new vincodes: 0
08-06-2011 19:22:50 --- INFO: Lexus GX 470 - found: 27, pass primary filters: 27, did not pass the filter by color: 25, added: 2, new vincodes: 0
08-06-2011 19:22:54 --- INFO: Lexus LX 470 - found: 2, pass primary filters: 2, did not pass the filter by color: 2, added: 0, new vincodes: 0
08-06-2011 19:22:56 --- INFO: Lexus LX 470 - found: 1, pass primary filters: 1, did not pass the filter by color: 1, added: 0, new vincodes: 0
08-06-2011 19:22:58 --- INFO: Toyota Land Cruiser - found: 1, pass primary filters: 1, did not pass the filter by color: 1, added: 0, new vincodes: 0
08-06-2011 19:23:40 --- INFO: Honda CR-V - found: 49, pass primary filters: 11, did not pass the filter by color: 0, added: 11, new vincodes: 0
08-06-2011 19:24:34 --- INFO: Honda CR-V - found: 56, pass primary filters: 28, did not pass the filter by color: 0, added: 28, new vincodes: 1
08-06-2011 19:25:13 --- INFO: Mitsubishi Montero 4WD Limited - found: 40, pass primary filters: 19, did not pass the filter by color: 19, added: 0, new vincodes: 1
08-06-2011 19:35:39 --- INFO: Toyota 4RUNNER 4WD Limited - found: 722, pass primary filters: 194, did not pass the filter by color: 141, added: 53, new vincodes: 3
08-06-2011 19:35:51 --- INFO: Toyota RAV 4 - found: 11, pass primary filters: 5, did not pass the filter by color: 4, added: 1, new vincodes: 0
08-06-2011 19:36:17 --- INFO: Toyota Highlander 4WD - found: 28, pass primary filters: 1, did not pass the filter by color: 1, added: 0, new vincodes: 0
08-06-2011 19:36:17 --- INFO: finish: 08-06-2011 19:36:17
08-06-2011 19:36:17 --- INFO: elapsed time: ~976.27 sec., memory usage: ~4.58 Mb.
08-06-2011 19:30:01 --- INFO: start: 08-06-2011 19:30:01
08-06-2011 19:30:01 --- INFO: ----------Source_Autotrader (cli)
08-06-2011 19:30:06 --- INFO: Lexus RX 300 - found: 20, pass primary filters: 2, did not pass the filter by color: 1, added: 1, new vincodes: 0
08-06-2011 19:30:48 --- INFO: Lexus RX 330 - found: 163, pass primary filters: 37, did not pass the filter by color: 13, added: 24, new vincodes: 0
08-06-2011 19:30:49 --- INFO: Lexus RX 400H - found: 1, pass primary filters: 0, did not pass the filter by color: 0, added: 0, new vincodes: 0
08-06-2011 19:30:56 --- INFO: Lexus GX 470 - found: 26, pass primary filters: 24, did not pass the filter by color: 19, added: 5, new vincodes: 0
08-06-2011 19:31:05 --- INFO: Lexus GX 470 - found: 27, pass primary filters: 27, did not pass the filter by color: 24, added: 3, new vincodes: 0
08-06-2011 19:31:06 --- INFO: Lexus LX 470 - found: 3, pass primary filters: 3, did not pass the filter by color: 3, added: 0, new vincodes: 0
08-06-2011 19:31:07 --- INFO: Lexus LX 470 - found: 2, pass primary filters: 2, did not pass the filter by color: 2, added: 0, new vincodes: 0
08-06-2011 19:31:08 --- INFO: Toyota Land Cruiser - found: 1, pass primary filters: 1, did not pass the filter by color: 1, added: 0, new vincodes: 0
08-06-2011 19:31:12 --- INFO: Honda CR-V - found: 12, pass primary filters: 10, did not pass the filter by color: 0, added: 10, new vincodes: 0
08-06-2011 19:31:14 --- INFO: Honda CR-V - found: 0, pass primary filters: 0, did not pass the filter by color: 0, added: 0, new vincodes: 0
08-06-2011 19:31:33 --- INFO: Mitsubishi Montero 4WD Limited - found: 70, pass primary filters: 26, did not pass the filter by color: 26, added: 0, new vincodes: 0
08-06-2011 19:31:46 --- INFO: VIN unavilable. Trying to decode...
08-06-2011 19:31:46 --- INFO: Attempt #1
08-06-2011 19:32:17 --- INFO: Attempt #2
08-06-2011 19:32:48 --- INFO: Attempt #3
08-06-2011 19:33:04 --- INFO: Attempt #4
08-06-2011 19:34:21 --- INFO: Attempt #5
08-06-2011 19:34:41 --- INFO: Attempt #6
08-06-2011 19:35:18 --- INFO: Attempt #7
08-06-2011 19:36:09 --- INFO: Attempt #8
08-06-2011 19:36:30 --- INFO: Attempt #9
08-06-2011 19:37:32 --- INFO: Attempt #10
08-06-2011 19:37:47 --- INFO: Attempt #11
08-06-2011 19:38:03 --- INFO: Attempt #12
08-06-2011 19:38:34 --- INFO: Attempt #13
08-06-2011 19:39:31 --- INFO: Attempt #14
08-06-2011 19:39:46 --- INFO: Attempt #15
08-06-2011 19:40:29 --- INFO: Toyota 4RUNNER 4WD Limited - found: 848, pass primary filters: 1, did not pass the filter by color: 1, added: 0, new vincodes: 0
08-06-2011 19:40:33 --- INFO: Toyota RAV 4 - found: 13, pass primary filters: 7, did not pass the filter by color: 5, added: 2, new vincodes: 0
08-06-2011 19:40:43 --- INFO: Toyota Highlander 4WD - found: 36, pass primary filters: 2, did not pass the filter by color: 1, added: 1, new vincodes: 0
08-06-2011 19:40:43 --- INFO: finish: 08-06-2011 19:40:43
08-06-2011 19:40:43 --- INFO: elapsed time: ~642.2 sec., memory usage: ~3.39 Mb.
08-06-2011 23:05:01 --- INFO: start: 08-06-2011 23:05:01
08-06-2011 23:05:02 --- INFO: ----------Source_Openlane (cli)
08-06-2011 23:05:04 --- ERROR: Unauthorized request
08-06-2011 23:05:04 --- INFO: finish: 08-06-2011 23:05:04
08-06-2011 23:05:04 --- INFO: elapsed time: ~2.36 sec., memory usage: ~1.29 Mb.
08-06-2011 23:10:01 --- INFO: start: 08-06-2011 23:10:01
08-06-2011 23:10:01 --- INFO: ----------Source_Ebay (cli)
08-06-2011 23:10:22 --- INFO: Lexus RX 300 - found: 30, pass primary filters: 4, did not pass the filter by color: 2, added: 2, new vincodes: 0
08-06-2011 23:11:54 --- INFO: Lexus RX 330 - found: 71, pass primary filters: 10, did not pass the filter by color: 5, added: 5, new vincodes: 0
08-06-2011 23:13:11 --- INFO: Lexus RX 400H - found: 57, pass primary filters: 4, did not pass the filter by color: 2, added: 2, new vincodes: 0
08-06-2011 23:13:35 --- INFO: Lexus GX 470 - found: 34, pass primary filters: 12, did not pass the filter by color: 8, added: 4, new vincodes: 0
08-06-2011 23:14:03 --- INFO: Lexus GX 470 - found: 37, pass primary filters: 18, did not pass the filter by color: 16, added: 2, new vincodes: 0
08-06-2011 23:14:13 --- INFO: Lexus LX 470 - found: 13, pass primary filters: 7, did not pass the filter by color: 7, added: 0, new vincodes: 0
08-06-2011 23:14:23 --- INFO: Lexus LX 470 - found: 12, pass primary filters: 8, did not pass the filter by color: 8, added: 0, new vincodes: 0
08-06-2011 23:14:30 --- INFO: Toyota Land Cruiser - found: 8, pass primary filters: 6, did not pass the filter by color: 6, added: 0, new vincodes: 0
08-06-2011 23:14:43 --- INFO: Honda CR-V - found: 17, pass primary filters: 2, did not pass the filter by color: 0, added: 2, new vincodes: 0
08-06-2011 23:16:27 --- INFO: Honda CR-V - found: 70, pass primary filters: 0, did not pass the filter by color: 0, added: 0, new vincodes: 0
08-06-2011 23:16:31 --- INFO: Mitsubishi Montero 4WD Limited - found: 4, pass primary filters: 0, did not pass the filter by color: 0, added: 0, new vincodes: 0
08-06-2011 23:18:12 --- INFO: Toyota 4RUNNER 4WD Limited - found: 75, pass primary filters: 32, did not pass the filter by color: 26, added: 6, new vincodes: 1
08-06-2011 23:18:22 --- INFO: Toyota RAV 4 - found: 13, pass primary filters: 5, did not pass the filter by color: 5, added: 0, new vincodes: 0
08-06-2011 23:18:46 --- INFO: Toyota Highlander 4WD - found: 30, pass primary filters: 0, did not pass the filter by color: 0, added: 0, new vincodes: 0
08-06-2011 23:18:46 --- INFO: finish: 08-06-2011 23:18:46
08-06-2011 23:18:46 --- INFO: elapsed time: ~525.29 sec., memory usage: ~2.68 Mb.
08-06-2011 23:20:01 --- INFO: start: 08-06-2011 23:20:01
08-06-2011 23:20:01 --- INFO: ----------Source_Cars (cli)
08-06-2011 23:20:18 --- INFO: Lexus RX 300 - found: 17, pass primary filters: 11, did not pass the filter by color: 4, added: 7, new vincodes: 0
08-06-2011 23:22:05 --- INFO: Lexus RX 330 - found: 114, pass primary filters: 58, did not pass the filter by color: 32, added: 26, new vincodes: 0
08-06-2011 23:22:20 --- INFO: Lexus RX 400H - found: 0, pass primary filters: 0, did not pass the filter by color: 0, added: 0, new vincodes: 0
08-06-2011 23:22:31 --- INFO: Lexus GX 470 - found: 12, pass primary filters: 11, did not pass the filter by color: 10, added: 1, new vincodes: 0
08-06-2011 23:22:55 --- INFO: Lexus GX 470 - found: 27, pass primary filters: 27, did not pass the filter by color: 26, added: 1, new vincodes: 0
08-06-2011 23:22:58 --- INFO: Lexus LX 470 - found: 2, pass primary filters: 2, did not pass the filter by color: 2, added: 0, new vincodes: 0
08-06-2011 23:23:00 --- INFO: Lexus LX 470 - found: 1, pass primary filters: 1, did not pass the filter by color: 1, added: 0, new vincodes: 0
08-06-2011 23:23:03 --- INFO: Toyota Land Cruiser - found: 1, pass primary filters: 1, did not pass the filter by color: 1, added: 0, new vincodes: 0
08-06-2011 23:23:45 --- INFO: Honda CR-V - found: 47, pass primary filters: 11, did not pass the filter by color: 0, added: 11, new vincodes: 0
08-06-2011 23:24:35 --- INFO: Honda CR-V - found: 55, pass primary filters: 27, did not pass the filter by color: 0, added: 27, new vincodes: 0
08-06-2011 23:25:11 --- INFO: Mitsubishi Montero 4WD Limited - found: 40, pass primary filters: 18, did not pass the filter by color: 18, added: 0, new vincodes: 0
08-06-2011 23:35:30 --- INFO: Toyota 4RUNNER 4WD Limited - found: 713, pass primary filters: 191, did not pass the filter by color: 139, added: 52, new vincodes: 0
08-06-2011 23:35:38 --- INFO: Toyota RAV 4 - found: 9, pass primary filters: 4, did not pass the filter by color: 3, added: 1, new vincodes: 0
08-06-2011 23:36:01 --- INFO: Toyota Highlander 4WD - found: 26, pass primary filters: 1, did not pass the filter by color: 1, added: 0, new vincodes: 0
08-06-2011 23:36:01 --- INFO: finish: 08-06-2011 23:36:01
08-06-2011 23:36:01 --- INFO: elapsed time: ~959.12 sec., memory usage: ~4.46 Mb.
08-06-2011 23:30:01 --- INFO: start: 08-06-2011 23:30:01
08-06-2011 23:30:01 --- INFO: ----------Source_Autotrader (cli)
08-06-2011 23:30:03 --- INFO: VIN unavilable. Trying to decode...
08-06-2011 23:30:03 --- INFO: Attempt #1
08-06-2011 23:31:25 --- INFO: Attempt #2
08-06-2011 23:32:17 --- INFO: Attempt #3
08-06-2011 23:33:09 --- INFO: Attempt #4
08-06-2011 23:34:17 --- INFO: Attempt #5
08-06-2011 23:34:59 --- INFO: Attempt #6
08-06-2011 23:35:25 --- INFO: Attempt #7
08-06-2011 23:35:57 --- INFO: Attempt #8
08-06-2011 23:36:59 --- INFO: Attempt #9
08-06-2011 23:37:15 --- INFO: Attempt #10
08-06-2011 23:38:07 --- INFO: Attempt #11
08-06-2011 23:38:29 --- INFO: Attempt #12
08-06-2011 23:38:45 --- INFO: Attempt #13
08-06-2011 23:39:53 --- INFO: Attempt #14
08-06-2011 23:40:46 --- INFO: Attempt #15
08-06-2011 23:41:14 --- INFO: Lexus RX 300 - found: 21, pass primary filters: 7, did not pass the filter by color: 5, added: 2, new vincodes: 0
08-06-2011 23:42:03 --- INFO: Lexus RX 330 - found: 163, pass primary filters: 59, did not pass the filter by color: 34, added: 25, new vincodes: 0
08-06-2011 23:42:04 --- INFO: Lexus RX 400H - found: 1, pass primary filters: 0, did not pass the filter by color: 0, added: 0, new vincodes: 0
08-06-2011 23:42:11 --- INFO: Lexus GX 470 - found: 26, pass primary filters: 24, did not pass the filter by color: 20, added: 4, new vincodes: 1
08-06-2011 23:42:20 --- INFO: Lexus GX 470 - found: 27, pass primary filters: 27, did not pass the filter by color: 24, added: 3, new vincodes: 0
08-06-2011 23:42:21 --- INFO: Lexus LX 470 - found: 3, pass primary filters: 3, did not pass the filter by color: 3, added: 0, new vincodes: 0
08-06-2011 23:42:23 --- INFO: Lexus LX 470 - found: 2, pass primary filters: 2, did not pass the filter by color: 2, added: 0, new vincodes: 0
08-06-2011 23:42:24 --- INFO: Toyota Land Cruiser - found: 1, pass primary filters: 1, did not pass the filter by color: 1, added: 0, new vincodes: 0
08-06-2011 23:42:28 --- INFO: Honda CR-V - found: 12, pass primary filters: 10, did not pass the filter by color: 0, added: 10, new vincodes: 0
08-06-2011 23:42:31 --- INFO: Honda CR-V - found: 0, pass primary filters: 0, did not pass the filter by color: 0, added: 0, new vincodes: 0
08-06-2011 23:42:51 --- INFO: Mitsubishi Montero 4WD Limited - found: 73, pass primary filters: 34, did not pass the filter by color: 34, added: 0, new vincodes: 1
08-06-2011 23:47:24 --- INFO: Toyota 4RUNNER 4WD Limited - found: 853, pass primary filters: 22, did not pass the filter by color: 16, added: 6, new vincodes: 0
08-06-2011 23:47:27 --- INFO: Toyota RAV 4 - found: 12, pass primary filters: 7, did not pass the filter by color: 6, added: 1, new vincodes: 0
08-06-2011 23:47:37 --- INFO: Toyota Highlander 4WD - found: 36, pass primary filters: 2, did not pass the filter by color: 1, added: 1, new vincodes: 0
08-06-2011 23:47:37 --- INFO: finish: 08-06-2011 23:47:37
08-06-2011 23:47:37 --- INFO: elapsed time: ~1056.8 sec., memory usage: ~4.69 Mb.