
20-03-2011 03:05:01 --- INFO: start: 20-03-2011 03:05:01
20-03-2011 03:05:01 --- INFO: ----------Source_Openlane (cli)
20-03-2011 03:05:05 --- INFO: Authorized request
20-03-2011 03:05:06 --- INFO: Lexus RX 300 - found: 1, pass primary filters: 1, did not pass the filter by color: 0, added: 1, new vincodes: 0
20-03-2011 03:05:08 --- INFO: Lexus RX 330 - found: 0, pass primary filters: 0, did not pass the filter by color: 0, added: 0, new vincodes: 0
20-03-2011 03:05:09 --- INFO: Lexus RX 400H - found: 0, pass primary filters: 0, did not pass the filter by color: 0, added: 0, new vincodes: 0
20-03-2011 03:05:10 --- INFO: Lexus GX 470 - found: 4, pass primary filters: 4, did not pass the filter by color: 3, added: 1, new vincodes: 0
20-03-2011 03:05:11 --- INFO: Lexus GX 470 - found: 2, pass primary filters: 2, did not pass the filter by color: 2, added: 0, new vincodes: 0
20-03-2011 03:05:13 --- INFO: Lexus LX 470 - found: 1, pass primary filters: 1, did not pass the filter by color: 1, added: 0, new vincodes: 0
20-03-2011 03:05:14 --- INFO: Lexus LX 470 - found: 2, pass primary filters: 2, did not pass the filter by color: 2, added: 0, new vincodes: 0
20-03-2011 03:05:15 --- INFO: Toyota Land Cruiser - found: 0, pass primary filters: 0, did not pass the filter by color: 0, added: 0, new vincodes: 0
20-03-2011 03:05:16 --- INFO: Honda CR-V - found: 0, pass primary filters: 0, did not pass the filter by color: 0, added: 0, new vincodes: 0
20-03-2011 03:05:18 --- INFO: Honda Pilot - found: 2, pass primary filters: 0, did not pass the filter by color: 0, added: 0, new vincodes: 0
20-03-2011 03:05:19 --- INFO: Mitsubishi Montero 4WD Limited - found: 2, pass primary filters: 1, did not pass the filter by color: 1, added: 0, new vincodes: 0
20-03-2011 03:05:20 --- INFO: Toyota 4RUNNER 4WD Limited - found: 2, pass primary filters: 1, did not pass the filter by color: 1, added: 0, new vincodes: 0
20-03-2011 03:05:21 --- INFO: Toyota RAV 4 - found: 1, pass primary filters: 1, did not pass the filter by color: 1, added: 0, new vincodes: 0
20-03-2011 03:05:22 --- INFO: Toyota Highlander 4WD - found: 1, pass primary filters: 0, did not pass the filter by color: 0, added: 0, new vincodes: 0
20-03-2011 03:05:22 --- INFO: finish: 20-03-2011 03:05:22
20-03-2011 03:05:22 --- INFO: elapsed time: ~21.32 sec., memory usage: ~1.98 Mb.
20-03-2011 03:10:01 --- INFO: start: 20-03-2011 03:10:01
20-03-2011 03:10:01 --- INFO: ----------Source_Ebay (cli)
20-03-2011 03:10:14 --- INFO: Lexus RX 300 - found: 18, pass primary filters: 4, did not pass the filter by color: 1, added: 3, new vincodes: 0
20-03-2011 03:11:33 --- INFO: Lexus RX 330 - found: 55, pass primary filters: 2, did not pass the filter by color: 0, added: 2, new vincodes: 0
20-03-2011 03:12:01 --- INFO: Lexus RX 400H - found: 37, pass primary filters: 1, did not pass the filter by color: 0, added: 1, new vincodes: 0
20-03-2011 03:12:20 --- INFO: Lexus GX 470 - found: 25, pass primary filters: 7, did not pass the filter by color: 5, added: 2, new vincodes: 0
20-03-2011 03:12:37 --- INFO: Lexus GX 470 - found: 24, pass primary filters: 7, did not pass the filter by color: 5, added: 2, new vincodes: 0
20-03-2011 03:12:42 --- INFO: Lexus LX 470 - found: 5, pass primary filters: 4, did not pass the filter by color: 3, added: 1, new vincodes: 0
20-03-2011 03:12:50 --- INFO: Lexus LX 470 - found: 11, pass primary filters: 6, did not pass the filter by color: 6, added: 0, new vincodes: 0
20-03-2011 03:12:55 --- INFO: Toyota Land Cruiser - found: 5, pass primary filters: 3, did not pass the filter by color: 3, added: 0, new vincodes: 0
20-03-2011 03:13:05 --- INFO: Honda CR-V - found: 13, pass primary filters: 3, did not pass the filter by color: 0, added: 3, new vincodes: 0
20-03-2011 03:13:22 --- INFO: Honda Pilot - found: 21, pass primary filters: 0, did not pass the filter by color: 0, added: 0, new vincodes: 0
20-03-2011 03:13:25 --- INFO: Mitsubishi Montero 4WD Limited - found: 3, pass primary filters: 0, did not pass the filter by color: 0, added: 0, new vincodes: 0
20-03-2011 03:14:41 --- INFO: Toyota 4RUNNER 4WD Limited - found: 52, pass primary filters: 24, did not pass the filter by color: 16, added: 8, new vincodes: 0
20-03-2011 03:14:50 --- INFO: Toyota RAV 4 - found: 11, pass primary filters: 0, did not pass the filter by color: 0, added: 0, new vincodes: 0
20-03-2011 03:15:02 --- INFO: Toyota Highlander 4WD - found: 15, pass primary filters: 0, did not pass the filter by color: 0, added: 0, new vincodes: 0
20-03-2011 03:15:02 --- INFO: finish: 20-03-2011 03:15:02
20-03-2011 03:15:02 --- INFO: elapsed time: ~300.98 sec., memory usage: ~2.32 Mb.
20-03-2011 03:30:01 --- INFO: start: 20-03-2011 03:30:01
20-03-2011 03:30:01 --- INFO: ----------Source_Autotrader (cli)
20-03-2011 03:35:02 --- ERROR: Unauthorized request
20-03-2011 03:35:02 --- INFO: finish: 20-03-2011 03:35:02
20-03-2011 03:35:02 --- INFO: elapsed time: ~301.05 sec., memory usage: ~1.32 Mb.
20-03-2011 03:20:01 --- INFO: start: 20-03-2011 03:20:01
20-03-2011 03:20:01 --- INFO: ----------Source_Cars (cli)
20-03-2011 03:20:11 --- INFO: Lexus RX 300 - found: 9, pass primary filters: 4, did not pass the filter by color: 4, added: 0, new vincodes: 0
20-03-2011 03:20:45 --- INFO: Lexus RX 330 - found: 41, pass primary filters: 13, did not pass the filter by color: 4, added: 9, new vincodes: 0
20-03-2011 03:20:48 --- INFO: Lexus RX 400H - found: 1, pass primary filters: 1, did not pass the filter by color: 1, added: 0, new vincodes: 0
20-03-2011 03:20:57 --- INFO: Lexus GX 470 - found: 9, pass primary filters: 9, did not pass the filter by color: 9, added: 0, new vincodes: 0
20-03-2011 03:21:07 --- INFO: Lexus GX 470 - found: 10, pass primary filters: 10, did not pass the filter by color: 5, added: 5, new vincodes: 0
20-03-2011 03:21:23 --- INFO: Lexus LX 470 - found: 0, pass primary filters: 0, did not pass the filter by color: 0, added: 0, new vincodes: 0
20-03-2011 03:21:35 --- INFO: Lexus LX 470 - found: 0, pass primary filters: 0, did not pass the filter by color: 0, added: 0, new vincodes: 0
20-03-2011 03:21:37 --- INFO: Toyota Land Cruiser - found: 1, pass primary filters: 1, did not pass the filter by color: 1, added: 0, new vincodes: 0
20-03-2011 03:22:14 --- INFO: Honda CR-V - found: 43, pass primary filters: 10, did not pass the filter by color: 0, added: 10, new vincodes: 0
20-03-2011 03:29:03 --- INFO: Honda Pilot - found: 474, pass primary filters: 55, did not pass the filter by color: 0, added: 55, new vincodes: 0
20-03-2011 03:29:28 --- INFO: Mitsubishi Montero 4WD Limited - found: 26, pass primary filters: 15, did not pass the filter by color: 15, added: 0, new vincodes: 0
20-03-2011 03:36:13 --- INFO: Toyota 4RUNNER 4WD Limited - found: 464, pass primary filters: 73, did not pass the filter by color: 50, added: 23, new vincodes: 1
20-03-2011 03:36:24 --- INFO: Toyota RAV 4 - found: 8, pass primary filters: 1, did not pass the filter by color: 1, added: 0, new vincodes: 1
20-03-2011 03:36:35 --- INFO: Toyota Highlander 4WD - found: 10, pass primary filters: 0, did not pass the filter by color: 0, added: 0, new vincodes: 0
20-03-2011 03:36:35 --- INFO: finish: 20-03-2011 03:36:35
20-03-2011 03:36:35 --- INFO: elapsed time: ~993.55 sec., memory usage: ~3.25 Mb.
20-03-2011 06:10:01 --- INFO: start: 20-03-2011 06:10:01
20-03-2011 06:10:01 --- INFO: ----------Source_Adesa (cli)
20-03-2011 06:10:02 --- INFO: Authorized request
20-03-2011 06:10:03 --- INFO: Lexus RX 300 - found: 3, pass primary filters: 1, did not pass the filter by color: 0, added: 1, new vincodes: 0
20-03-2011 06:10:03 --- INFO: Lexus RX 330 - found: 2, pass primary filters: 0, did not pass the filter by color: 0, added: 0, new vincodes: 0
20-03-2011 06:10:03 --- INFO: Lexus RX 400H - found: 1, pass primary filters: 0, did not pass the filter by color: 0, added: 0, new vincodes: 0
20-03-2011 06:10:03 --- INFO: Lexus GX 470 - found: 2, pass primary filters: 1, did not pass the filter by color: 1, added: 0, new vincodes: 0
20-03-2011 06:10:04 --- INFO: Lexus GX 470 - found: 1, pass primary filters: 1, did not pass the filter by color: 1, added: 0, new vincodes: 0
20-03-2011 06:10:04 --- INFO: Lexus LX 470 - found: 1, pass primary filters: 1, did not pass the filter by color: 1, added: 0, new vincodes: 0
20-03-2011 06:10:04 --- INFO: Lexus LX 470 - found: 0, pass primary filters: 0, did not pass the filter by color: 0, added: 0, new vincodes: 0
20-03-2011 06:10:04 --- INFO: Toyota Land Cruiser - found: 0, pass primary filters: 0, did not pass the filter by color: 0, added: 0, new vincodes: 0
20-03-2011 06:10:04 --- INFO: Honda CR-V - found: 1, pass primary filters: 0, did not pass the filter by color: 0, added: 0, new vincodes: 0
20-03-2011 06:10:04 --- INFO: Honda Pilot - found: 13, pass primary filters: 1, did not pass the filter by color: 0, added: 1, new vincodes: 0
20-03-2011 06:10:04 --- INFO: Mitsubishi Montero 4WD Limited - found: 6, pass primary filters: 0, did not pass the filter by color: 0, added: 0, new vincodes: 0
20-03-2011 06:10:05 --- INFO: Toyota 4RUNNER 4WD Limited - found: 13, pass primary filters: 6, did not pass the filter by color: 6, added: 0, new vincodes: 0
20-03-2011 06:10:05 --- INFO: Toyota RAV 4 - found: 2, pass primary filters: 1, did not pass the filter by color: 1, added: 0, new vincodes: 0
20-03-2011 06:10:05 --- INFO: Toyota Highlander 4WD - found: 9, pass primary filters: 0, did not pass the filter by color: 0, added: 0, new vincodes: 0
20-03-2011 06:10:05 --- INFO: finish: 20-03-2011 06:10:05
20-03-2011 06:10:05 --- INFO: elapsed time: ~4.31 sec., memory usage: ~1.98 Mb.
20-03-2011 06:10:01 --- INFO: start: 20-03-2011 06:10:01
20-03-2011 06:10:01 --- INFO: ----------Source_Gsmotors (cli)
20-03-2011 06:11:21 --- INFO: Lexus RX 300 - found: 56, pass primary filters: 18, did not pass the filter by color: 7, added: 11, new vincodes: 0
20-03-2011 06:13:54 --- INFO: Lexus RX 330 - found: 113, pass primary filters: 26, did not pass the filter by color: 10, added: 16, new vincodes: 1
20-03-2011 06:14:07 --- INFO: Lexus RX 400H - found: 8, pass primary filters: 0, did not pass the filter by color: 0, added: 0, new vincodes: 0
20-03-2011 06:14:46 --- INFO: Lexus GX 470 - found: 35, pass primary filters: 16, did not pass the filter by color: 13, added: 3, new vincodes: 0
20-03-2011 06:15:40 --- INFO: Lexus GX 470 - found: 42, pass primary filters: 20, did not pass the filter by color: 15, added: 5, new vincodes: 0
20-03-2011 06:16:02 --- INFO: Lexus LX 470 - found: 17, pass primary filters: 13, did not pass the filter by color: 13, added: 0, new vincodes: 0
20-03-2011 06:16:35 --- INFO: Lexus LX 470 - found: 19, pass primary filters: 12, did not pass the filter by color: 12, added: 0, new vincodes: 0
20-03-2011 06:16:39 --- INFO: Toyota Land Cruiser - found: 1, pass primary filters: 1, did not pass the filter by color: 1, added: 0, new vincodes: 0
20-03-2011 06:17:26 --- INFO: Honda CR-V - found: 26, pass primary filters: 3, did not pass the filter by color: 0, added: 3, new vincodes: 0
20-03-2011 06:18:59 --- INFO: Honda Pilot - found: 74, pass primary filters: 8, did not pass the filter by color: 0, added: 8, new vincodes: 0
20-03-2011 06:20:08 --- INFO: Mitsubishi Montero 4WD Limited - found: 42, pass primary filters: 8, did not pass the filter by color: 8, added: 0, new vincodes: 0
20-03-2011 06:24:08 --- INFO: Toyota 4RUNNER 4WD Limited - found: 158, pass primary filters: 31, did not pass the filter by color: 25, added: 6, new vincodes: 1
20-03-2011 06:25:20 --- INFO: Toyota RAV 4 - found: 49, pass primary filters: 13, did not pass the filter by color: 13, added: 0, new vincodes: 2
20-03-2011 06:26:18 --- INFO: Toyota Highlander 4WD - found: 42, pass primary filters: 2, did not pass the filter by color: 2, added: 0, new vincodes: 1
20-03-2011 06:26:18 --- INFO: finish: 20-03-2011 06:26:18
20-03-2011 06:26:18 --- INFO: elapsed time: ~977.33 sec., memory usage: ~3.15 Mb.
20-03-2011 07:05:01 --- INFO: start: 20-03-2011 07:05:01
20-03-2011 07:05:01 --- INFO: ----------Source_Openlane (cli)
20-03-2011 07:05:04 --- INFO: Authorized request
20-03-2011 07:05:06 --- INFO: Lexus RX 300 - found: 1, pass primary filters: 1, did not pass the filter by color: 1, added: 0, new vincodes: 0
20-03-2011 07:05:07 --- INFO: Lexus RX 330 - found: 0, pass primary filters: 0, did not pass the filter by color: 0, added: 0, new vincodes: 0
20-03-2011 07:05:08 --- INFO: Lexus RX 400H - found: 0, pass primary filters: 0, did not pass the filter by color: 0, added: 0, new vincodes: 0
20-03-2011 07:05:09 --- INFO: Lexus GX 470 - found: 4, pass primary filters: 4, did not pass the filter by color: 3, added: 1, new vincodes: 0
20-03-2011 07:05:11 --- INFO: Lexus GX 470 - found: 2, pass primary filters: 2, did not pass the filter by color: 2, added: 0, new vincodes: 0
20-03-2011 07:05:12 --- INFO: Lexus LX 470 - found: 1, pass primary filters: 1, did not pass the filter by color: 1, added: 0, new vincodes: 0
20-03-2011 07:05:13 --- INFO: Lexus LX 470 - found: 2, pass primary filters: 2, did not pass the filter by color: 2, added: 0, new vincodes: 0
20-03-2011 07:05:14 --- INFO: Toyota Land Cruiser - found: 0, pass primary filters: 0, did not pass the filter by color: 0, added: 0, new vincodes: 0
20-03-2011 07:05:15 --- INFO: Honda CR-V - found: 0, pass primary filters: 0, did not pass the filter by color: 0, added: 0, new vincodes: 0
20-03-2011 07:05:16 --- INFO: Honda Pilot - found: 2, pass primary filters: 0, did not pass the filter by color: 0, added: 0, new vincodes: 0
20-03-2011 07:05:17 --- INFO: Mitsubishi Montero 4WD Limited - found: 2, pass primary filters: 1, did not pass the filter by color: 1, added: 0, new vincodes: 0
20-03-2011 07:05:19 --- INFO: Toyota 4RUNNER 4WD Limited - found: 2, pass primary filters: 1, did not pass the filter by color: 1, added: 0, new vincodes: 0
20-03-2011 07:05:20 --- INFO: Toyota RAV 4 - found: 1, pass primary filters: 1, did not pass the filter by color: 1, added: 0, new vincodes: 0
20-03-2011 07:05:21 --- INFO: Toyota Highlander 4WD - found: 1, pass primary filters: 0, did not pass the filter by color: 0, added: 0, new vincodes: 0
20-03-2011 07:05:21 --- INFO: finish: 20-03-2011 07:05:21
20-03-2011 07:05:21 --- INFO: elapsed time: ~20.03 sec., memory usage: ~1.98 Mb.
20-03-2011 07:10:01 --- INFO: start: 20-03-2011 07:10:01
20-03-2011 07:10:01 --- INFO: ----------Source_Ebay (cli)
20-03-2011 07:10:16 --- INFO: Lexus RX 300 - found: 18, pass primary filters: 4, did not pass the filter by color: 1, added: 3, new vincodes: 0
20-03-2011 07:11:35 --- INFO: Lexus RX 330 - found: 55, pass primary filters: 2, did not pass the filter by color: 1, added: 1, new vincodes: 0
20-03-2011 07:12:03 --- INFO: Lexus RX 400H - found: 37, pass primary filters: 1, did not pass the filter by color: 0, added: 1, new vincodes: 0
20-03-2011 07:12:22 --- INFO: Lexus GX 470 - found: 25, pass primary filters: 7, did not pass the filter by color: 5, added: 2, new vincodes: 0
20-03-2011 07:12:41 --- INFO: Lexus GX 470 - found: 24, pass primary filters: 7, did not pass the filter by color: 5, added: 2, new vincodes: 0
20-03-2011 07:12:46 --- INFO: Lexus LX 470 - found: 5, pass primary filters: 4, did not pass the filter by color: 3, added: 1, new vincodes: 0
20-03-2011 07:12:55 --- INFO: Lexus LX 470 - found: 11, pass primary filters: 6, did not pass the filter by color: 6, added: 0, new vincodes: 0
20-03-2011 07:13:00 --- INFO: Toyota Land Cruiser - found: 5, pass primary filters: 3, did not pass the filter by color: 3, added: 0, new vincodes: 0
20-03-2011 07:13:11 --- INFO: Honda CR-V - found: 13, pass primary filters: 3, did not pass the filter by color: 0, added: 3, new vincodes: 0
20-03-2011 07:13:28 --- INFO: Honda Pilot - found: 21, pass primary filters: 0, did not pass the filter by color: 0, added: 0, new vincodes: 0
20-03-2011 07:13:32 --- INFO: Mitsubishi Montero 4WD Limited - found: 3, pass primary filters: 0, did not pass the filter by color: 0, added: 0, new vincodes: 0
20-03-2011 07:14:51 --- INFO: Toyota 4RUNNER 4WD Limited - found: 54, pass primary filters: 24, did not pass the filter by color: 14, added: 10, new vincodes: 0
20-03-2011 07:15:00 --- INFO: Toyota RAV 4 - found: 11, pass primary filters: 0, did not pass the filter by color: 0, added: 0, new vincodes: 0
20-03-2011 07:15:12 --- INFO: Toyota Highlander 4WD - found: 15, pass primary filters: 0, did not pass the filter by color: 0, added: 0, new vincodes: 0
20-03-2011 07:15:12 --- INFO: finish: 20-03-2011 07:15:12
20-03-2011 07:15:12 --- INFO: elapsed time: ~310.74 sec., memory usage: ~2.32 Mb.
20-03-2011 07:20:01 --- INFO: start: 20-03-2011 07:20:01
20-03-2011 07:20:01 --- INFO: ----------Source_Cars (cli)
20-03-2011 07:20:08 --- INFO: Lexus RX 300 - found: 9, pass primary filters: 4, did not pass the filter by color: 4, added: 0, new vincodes: 0
20-03-2011 07:20:35 --- INFO: Lexus RX 330 - found: 41, pass primary filters: 13, did not pass the filter by color: 4, added: 9, new vincodes: 0
20-03-2011 07:20:37 --- INFO: Lexus RX 400H - found: 1, pass primary filters: 1, did not pass the filter by color: 1, added: 0, new vincodes: 0
20-03-2011 07:20:44 --- INFO: Lexus GX 470 - found: 9, pass primary filters: 9, did not pass the filter by color: 9, added: 0, new vincodes: 0
20-03-2011 07:20:53 --- INFO: Lexus GX 470 - found: 10, pass primary filters: 10, did not pass the filter by color: 5, added: 5, new vincodes: 0
20-03-2011 07:21:08 --- INFO: Lexus LX 470 - found: 0, pass primary filters: 0, did not pass the filter by color: 0, added: 0, new vincodes: 0
20-03-2011 07:21:15 --- INFO: Lexus LX 470 - found: 0, pass primary filters: 0, did not pass the filter by color: 0, added: 0, new vincodes: 0
20-03-2011 07:21:17 --- INFO: Toyota Land Cruiser - found: 1, pass primary filters: 1, did not pass the filter by color: 1, added: 0, new vincodes: 0
20-03-2011 07:21:48 --- INFO: Honda CR-V - found: 43, pass primary filters: 10, did not pass the filter by color: 0, added: 10, new vincodes: 0
20-03-2011 07:27:13 --- INFO: Honda Pilot - found: 476, pass primary filters: 52, did not pass the filter by color: 0, added: 52, new vincodes: 0
20-03-2011 07:27:30 --- INFO: Mitsubishi Montero 4WD Limited - found: 26, pass primary filters: 15, did not pass the filter by color: 15, added: 0, new vincodes: 0
20-03-2011 07:32:46 --- INFO: Toyota 4RUNNER 4WD Limited - found: 464, pass primary filters: 73, did not pass the filter by color: 50, added: 23, new vincodes: 0
20-03-2011 07:32:52 --- INFO: Toyota RAV 4 - found: 8, pass primary filters: 1, did not pass the filter by color: 1, added: 0, new vincodes: 0
20-03-2011 07:33:00 --- INFO: Toyota Highlander 4WD - found: 10, pass primary filters: 0, did not pass the filter by color: 0, added: 0, new vincodes: 0
20-03-2011 07:33:00 --- INFO: finish: 20-03-2011 07:33:00
20-03-2011 07:33:00 --- INFO: elapsed time: ~778.85 sec., memory usage: ~3.2 Mb.
20-03-2011 07:30:01 --- INFO: start: 20-03-2011 07:30:01
20-03-2011 07:30:01 --- INFO: ----------Source_Autotrader (cli)
20-03-2011 07:35:02 --- ERROR: Unauthorized request
20-03-2011 07:35:02 --- INFO: finish: 20-03-2011 07:35:02
20-03-2011 07:35:02 --- INFO: elapsed time: ~300.96 sec., memory usage: ~1.32 Mb.
20-03-2011 08:10:01 --- INFO: start: 20-03-2011 08:10:01
20-03-2011 08:10:01 --- INFO: ----------Source_Adesa (cli)
20-03-2011 08:10:03 --- INFO: Authorized request
20-03-2011 08:10:03 --- INFO: Lexus RX 300 - found: 3, pass primary filters: 1, did not pass the filter by color: 0, added: 1, new vincodes: 0
20-03-2011 08:10:03 --- INFO: Lexus RX 330 - found: 2, pass primary filters: 0, did not pass the filter by color: 0, added: 0, new vincodes: 0
20-03-2011 08:10:03 --- INFO: Lexus RX 400H - found: 1, pass primary filters: 0, did not pass the filter by color: 0, added: 0, new vincodes: 0
20-03-2011 08:10:03 --- INFO: Lexus GX 470 - found: 2, pass primary filters: 1, did not pass the filter by color: 1, added: 0, new vincodes: 0
20-03-2011 08:10:04 --- INFO: Lexus GX 470 - found: 1, pass primary filters: 1, did not pass the filter by color: 1, added: 0, new vincodes: 0
20-03-2011 08:10:04 --- INFO: Lexus LX 470 - found: 1, pass primary filters: 1, did not pass the filter by color: 1, added: 0, new vincodes: 0
20-03-2011 08:10:04 --- INFO: Lexus LX 470 - found: 0, pass primary filters: 0, did not pass the filter by color: 0, added: 0, new vincodes: 0
20-03-2011 08:10:04 --- INFO: Toyota Land Cruiser - found: 0, pass primary filters: 0, did not pass the filter by color: 0, added: 0, new vincodes: 0
20-03-2011 08:10:04 --- INFO: Honda CR-V - found: 1, pass primary filters: 0, did not pass the filter by color: 0, added: 0, new vincodes: 0
20-03-2011 08:10:04 --- INFO: Honda Pilot - found: 13, pass primary filters: 1, did not pass the filter by color: 0, added: 1, new vincodes: 0
20-03-2011 08:10:05 --- INFO: Mitsubishi Montero 4WD Limited - found: 6, pass primary filters: 0, did not pass the filter by color: 0, added: 0, new vincodes: 0
20-03-2011 08:10:05 --- INFO: Toyota 4RUNNER 4WD Limited - found: 13, pass primary filters: 6, did not pass the filter by color: 6, added: 0, new vincodes: 0
20-03-2011 08:10:05 --- INFO: Toyota RAV 4 - found: 2, pass primary filters: 1, did not pass the filter by color: 1, added: 0, new vincodes: 0
20-03-2011 08:10:05 --- INFO: Toyota Highlander 4WD - found: 9, pass primary filters: 0, did not pass the filter by color: 0, added: 0, new vincodes: 0
20-03-2011 08:10:05 --- INFO: finish: 20-03-2011 08:10:05
20-03-2011 08:10:05 --- INFO: elapsed time: ~4.2 sec., memory usage: ~1.98 Mb.
20-03-2011 08:10:01 --- INFO: start: 20-03-2011 08:10:01
20-03-2011 08:10:01 --- INFO: ----------Source_Gsmotors (cli)
20-03-2011 08:10:48 --- INFO: Lexus RX 300 - found: 56, pass primary filters: 18, did not pass the filter by color: 6, added: 12, new vincodes: 0
20-03-2011 08:12:15 --- INFO: Lexus RX 330 - found: 113, pass primary filters: 26, did not pass the filter by color: 9, added: 17, new vincodes: 0
20-03-2011 08:12:21 --- INFO: Lexus RX 400H - found: 8, pass primary filters: 0, did not pass the filter by color: 0, added: 0, new vincodes: 0
20-03-2011 08:12:42 --- INFO: Lexus GX 470 - found: 35, pass primary filters: 16, did not pass the filter by color: 13, added: 3, new vincodes: 0
20-03-2011 08:13:07 --- INFO: Lexus GX 470 - found: 42, pass primary filters: 20, did not pass the filter by color: 15, added: 5, new vincodes: 0
20-03-2011 08:13:17 --- INFO: Lexus LX 470 - found: 17, pass primary filters: 13, did not pass the filter by color: 13, added: 0, new vincodes: 0
20-03-2011 08:13:30 --- INFO: Lexus LX 470 - found: 19, pass primary filters: 12, did not pass the filter by color: 12, added: 0, new vincodes: 0
20-03-2011 08:13:32 --- INFO: Toyota Land Cruiser - found: 1, pass primary filters: 1, did not pass the filter by color: 1, added: 0, new vincodes: 0
20-03-2011 08:13:49 --- INFO: Honda CR-V - found: 26, pass primary filters: 3, did not pass the filter by color: 0, added: 3, new vincodes: 0
20-03-2011 08:14:31 --- INFO: Honda Pilot - found: 74, pass primary filters: 8, did not pass the filter by color: 0, added: 8, new vincodes: 0
20-03-2011 08:14:59 --- INFO: Mitsubishi Montero 4WD Limited - found: 42, pass primary filters: 8, did not pass the filter by color: 8, added: 0, new vincodes: 0
20-03-2011 08:16:34 --- INFO: Toyota 4RUNNER 4WD Limited - found: 158, pass primary filters: 31, did not pass the filter by color: 25, added: 6, new vincodes: 0
20-03-2011 08:17:13 --- INFO: Toyota RAV 4 - found: 49, pass primary filters: 13, did not pass the filter by color: 13, added: 0, new vincodes: 0
20-03-2011 08:17:38 --- INFO: Toyota Highlander 4WD - found: 42, pass primary filters: 2, did not pass the filter by color: 2, added: 0, new vincodes: 0
20-03-2011 08:17:38 --- INFO: finish: 20-03-2011 08:17:38
20-03-2011 08:17:38 --- INFO: elapsed time: ~457.45 sec., memory usage: ~3.04 Mb.
20-03-2011 09:10:01 --- INFO: start: 20-03-2011 09:10:01
20-03-2011 09:10:01 --- INFO: ----------Source_Adesa (cli)
20-03-2011 09:10:02 --- INFO: Authorized request
20-03-2011 09:10:03 --- INFO: Lexus RX 300 - found: 3, pass primary filters: 1, did not pass the filter by color: 0, added: 1, new vincodes: 0
20-03-2011 09:10:03 --- INFO: Lexus RX 330 - found: 2, pass primary filters: 0, did not pass the filter by color: 0, added: 0, new vincodes: 0
20-03-2011 09:10:03 --- INFO: Lexus RX 400H - found: 1, pass primary filters: 0, did not pass the filter by color: 0, added: 0, new vincodes: 0
20-03-2011 09:10:03 --- INFO: Lexus GX 470 - found: 2, pass primary filters: 1, did not pass the filter by color: 1, added: 0, new vincodes: 0
20-03-2011 09:10:03 --- INFO: Lexus GX 470 - found: 1, pass primary filters: 1, did not pass the filter by color: 1, added: 0, new vincodes: 0
20-03-2011 09:10:03 --- INFO: Lexus LX 470 - found: 1, pass primary filters: 1, did not pass the filter by color: 1, added: 0, new vincodes: 0
20-03-2011 09:10:04 --- INFO: Lexus LX 470 - found: 0, pass primary filters: 0, did not pass the filter by color: 0, added: 0, new vincodes: 0
20-03-2011 09:10:04 --- INFO: Toyota Land Cruiser - found: 0, pass primary filters: 0, did not pass the filter by color: 0, added: 0, new vincodes: 0
20-03-2011 09:10:04 --- INFO: Honda CR-V - found: 1, pass primary filters: 0, did not pass the filter by color: 0, added: 0, new vincodes: 0
20-03-2011 09:10:04 --- INFO: Honda Pilot - found: 13, pass primary filters: 1, did not pass the filter by color: 0, added: 1, new vincodes: 0
20-03-2011 09:10:04 --- INFO: Mitsubishi Montero 4WD Limited - found: 6, pass primary filters: 0, did not pass the filter by color: 0, added: 0, new vincodes: 0
20-03-2011 09:10:04 --- INFO: Toyota 4RUNNER 4WD Limited - found: 13, pass primary filters: 6, did not pass the filter by color: 6, added: 0, new vincodes: 0
20-03-2011 09:10:05 --- INFO: Toyota RAV 4 - found: 2, pass primary filters: 1, did not pass the filter by color: 1, added: 0, new vincodes: 0
20-03-2011 09:10:05 --- INFO: Toyota Highlander 4WD - found: 9, pass primary filters: 0, did not pass the filter by color: 0, added: 0, new vincodes: 0
20-03-2011 09:10:05 --- INFO: finish: 20-03-2011 09:10:05
20-03-2011 09:10:05 --- INFO: elapsed time: ~3.7 sec., memory usage: ~1.98 Mb.
20-03-2011 09:10:01 --- INFO: start: 20-03-2011 09:10:01
20-03-2011 09:10:01 --- INFO: ----------Source_Gsmotors (cli)
20-03-2011 09:10:38 --- INFO: Lexus RX 300 - found: 56, pass primary filters: 18, did not pass the filter by color: 6, added: 12, new vincodes: 0
20-03-2011 09:11:57 --- INFO: Lexus RX 330 - found: 113, pass primary filters: 26, did not pass the filter by color: 9, added: 17, new vincodes: 0
20-03-2011 09:12:08 --- INFO: Lexus RX 400H - found: 8, pass primary filters: 0, did not pass the filter by color: 0, added: 0, new vincodes: 0
20-03-2011 09:12:36 --- INFO: Lexus GX 470 - found: 35, pass primary filters: 16, did not pass the filter by color: 13, added: 3, new vincodes: 0
20-03-2011 09:13:01 --- INFO: Lexus GX 470 - found: 42, pass primary filters: 20, did not pass the filter by color: 15, added: 5, new vincodes: 0
20-03-2011 09:13:15 --- INFO: Lexus LX 470 - found: 17, pass primary filters: 13, did not pass the filter by color: 13, added: 0, new vincodes: 0
20-03-2011 09:13:27 --- INFO: Lexus LX 470 - found: 19, pass primary filters: 12, did not pass the filter by color: 12, added: 0, new vincodes: 0
20-03-2011 09:13:29 --- INFO: Toyota Land Cruiser - found: 1, pass primary filters: 1, did not pass the filter by color: 1, added: 0, new vincodes: 0
20-03-2011 09:13:46 --- INFO: Honda CR-V - found: 26, pass primary filters: 3, did not pass the filter by color: 0, added: 3, new vincodes: 0
20-03-2011 09:14:29 --- INFO: Honda Pilot - found: 74, pass primary filters: 8, did not pass the filter by color: 0, added: 8, new vincodes: 0
20-03-2011 09:14:56 --- INFO: Mitsubishi Montero 4WD Limited - found: 42, pass primary filters: 8, did not pass the filter by color: 8, added: 0, new vincodes: 0
20-03-2011 09:16:40 --- INFO: Toyota 4RUNNER 4WD Limited - found: 158, pass primary filters: 31, did not pass the filter by color: 25, added: 6, new vincodes: 0
20-03-2011 09:17:17 --- INFO: Toyota RAV 4 - found: 49, pass primary filters: 13, did not pass the filter by color: 13, added: 0, new vincodes: 0
20-03-2011 09:17:46 --- INFO: Toyota Highlander 4WD - found: 42, pass primary filters: 2, did not pass the filter by color: 2, added: 0, new vincodes: 0
20-03-2011 09:17:46 --- INFO: finish: 20-03-2011 09:17:46
20-03-2011 09:17:46 --- INFO: elapsed time: ~465.28 sec., memory usage: ~3.04 Mb.
20-03-2011 10:00:01 --- INFO: start: 20-03-2011 10:00:01
20-03-2011 10:00:01 --- INFO: ----------Source_Adesa (cli)
20-03-2011 10:00:02 --- INFO: Authorized request
20-03-2011 10:00:03 --- INFO: Lexus RX 300 - found: 3, pass primary filters: 1, did not pass the filter by color: 0, added: 1, new vincodes: 0
20-03-2011 10:00:03 --- INFO: Lexus RX 330 - found: 2, pass primary filters: 0, did not pass the filter by color: 0, added: 0, new vincodes: 0
20-03-2011 10:00:03 --- INFO: Lexus RX 400H - found: 1, pass primary filters: 0, did not pass the filter by color: 0, added: 0, new vincodes: 0
20-03-2011 10:00:03 --- INFO: Lexus GX 470 - found: 2, pass primary filters: 1, did not pass the filter by color: 1, added: 0, new vincodes: 0
20-03-2011 10:00:03 --- INFO: Lexus GX 470 - found: 1, pass primary filters: 1, did not pass the filter by color: 1, added: 0, new vincodes: 0
20-03-2011 10:00:04 --- INFO: Lexus LX 470 - found: 1, pass primary filters: 1, did not pass the filter by color: 1, added: 0, new vincodes: 0
20-03-2011 10:00:04 --- INFO: Lexus LX 470 - found: 0, pass primary filters: 0, did not pass the filter by color: 0, added: 0, new vincodes: 0
20-03-2011 10:00:04 --- INFO: Toyota Land Cruiser - found: 0, pass primary filters: 0, did not pass the filter by color: 0, added: 0, new vincodes: 0
20-03-2011 10:00:04 --- INFO: Honda CR-V - found: 1, pass primary filters: 0, did not pass the filter by color: 0, added: 0, new vincodes: 0
20-03-2011 10:00:04 --- INFO: Honda Pilot - found: 13, pass primary filters: 1, did not pass the filter by color: 0, added: 1, new vincodes: 0
20-03-2011 10:00:04 --- INFO: Mitsubishi Montero 4WD Limited - found: 6, pass primary filters: 0, did not pass the filter by color: 0, added: 0, new vincodes: 0
20-03-2011 10:00:05 --- INFO: Toyota 4RUNNER 4WD Limited - found: 13, pass primary filters: 6, did not pass the filter by color: 6, added: 0, new vincodes: 0
20-03-2011 10:00:05 --- INFO: Toyota RAV 4 - found: 2, pass primary filters: 1, did not pass the filter by color: 1, added: 0, new vincodes: 0
20-03-2011 10:00:05 --- INFO: Toyota Highlander 4WD - found: 9, pass primary filters: 0, did not pass the filter by color: 0, added: 0, new vincodes: 0
20-03-2011 10:00:05 --- INFO: finish: 20-03-2011 10:00:05
20-03-2011 10:00:05 --- INFO: elapsed time: ~4.05 sec., memory usage: ~1.98 Mb.
20-03-2011 10:00:01 --- INFO: start: 20-03-2011 10:00:01
20-03-2011 10:00:01 --- INFO: ----------Source_Gsmotors (cli)
20-03-2011 10:00:42 --- INFO: Lexus RX 300 - found: 56, pass primary filters: 18, did not pass the filter by color: 7, added: 11, new vincodes: 0
20-03-2011 10:01:49 --- INFO: Lexus RX 330 - found: 113, pass primary filters: 26, did not pass the filter by color: 10, added: 16, new vincodes: 0
20-03-2011 10:01:55 --- INFO: Lexus RX 400H - found: 8, pass primary filters: 0, did not pass the filter by color: 0, added: 0, new vincodes: 0
20-03-2011 10:02:26 --- INFO: Lexus GX 470 - found: 35, pass primary filters: 16, did not pass the filter by color: 13, added: 3, new vincodes: 0
20-03-2011 10:02:51 --- INFO: Lexus GX 470 - found: 42, pass primary filters: 20, did not pass the filter by color: 15, added: 5, new vincodes: 0
20-03-2011 10:03:02 --- INFO: Lexus LX 470 - found: 17, pass primary filters: 13, did not pass the filter by color: 13, added: 0, new vincodes: 0
20-03-2011 10:03:14 --- INFO: Lexus LX 470 - found: 19, pass primary filters: 12, did not pass the filter by color: 12, added: 0, new vincodes: 0
20-03-2011 10:03:16 --- INFO: Toyota Land Cruiser - found: 1, pass primary filters: 1, did not pass the filter by color: 1, added: 0, new vincodes: 0
20-03-2011 10:03:33 --- INFO: Honda CR-V - found: 26, pass primary filters: 3, did not pass the filter by color: 0, added: 3, new vincodes: 0
20-03-2011 10:04:16 --- INFO: Honda Pilot - found: 74, pass primary filters: 8, did not pass the filter by color: 0, added: 8, new vincodes: 0
20-03-2011 10:04:43 --- INFO: Mitsubishi Montero 4WD Limited - found: 42, pass primary filters: 8, did not pass the filter by color: 8, added: 0, new vincodes: 0
20-03-2011 10:06:25 --- INFO: Toyota 4RUNNER 4WD Limited - found: 158, pass primary filters: 31, did not pass the filter by color: 25, added: 6, new vincodes: 0
20-03-2011 10:06:53 --- INFO: Toyota RAV 4 - found: 49, pass primary filters: 13, did not pass the filter by color: 13, added: 0, new vincodes: 0
20-03-2011 10:07:25 --- INFO: Toyota Highlander 4WD - found: 42, pass primary filters: 2, did not pass the filter by color: 2, added: 0, new vincodes: 0
20-03-2011 10:07:25 --- INFO: finish: 20-03-2011 10:07:25
20-03-2011 10:07:25 --- INFO: elapsed time: ~444.46 sec., memory usage: ~3.04 Mb.
20-03-2011 11:05:01 --- INFO: start: 20-03-2011 11:05:01
20-03-2011 11:05:01 --- INFO: ----------Source_Openlane (cli)
20-03-2011 11:05:05 --- INFO: Authorized request
20-03-2011 11:05:06 --- INFO: Lexus RX 300 - found: 1, pass primary filters: 1, did not pass the filter by color: 0, added: 1, new vincodes: 0
20-03-2011 11:05:07 --- INFO: Lexus RX 330 - found: 0, pass primary filters: 0, did not pass the filter by color: 0, added: 0, new vincodes: 0
20-03-2011 11:05:08 --- INFO: Lexus RX 400H - found: 0, pass primary filters: 0, did not pass the filter by color: 0, added: 0, new vincodes: 0
20-03-2011 11:05:10 --- INFO: Lexus GX 470 - found: 4, pass primary filters: 4, did not pass the filter by color: 3, added: 1, new vincodes: 0
20-03-2011 11:05:11 --- INFO: Lexus GX 470 - found: 2, pass primary filters: 2, did not pass the filter by color: 1, added: 1, new vincodes: 0
20-03-2011 11:05:12 --- INFO: Lexus LX 470 - found: 1, pass primary filters: 1, did not pass the filter by color: 1, added: 0, new vincodes: 0
20-03-2011 11:05:13 --- INFO: Lexus LX 470 - found: 2, pass primary filters: 2, did not pass the filter by color: 2, added: 0, new vincodes: 0
20-03-2011 11:05:14 --- INFO: Toyota Land Cruiser - found: 0, pass primary filters: 0, did not pass the filter by color: 0, added: 0, new vincodes: 0
20-03-2011 11:05:15 --- INFO: Honda CR-V - found: 0, pass primary filters: 0, did not pass the filter by color: 0, added: 0, new vincodes: 0
20-03-2011 11:05:17 --- INFO: Honda Pilot - found: 2, pass primary filters: 0, did not pass the filter by color: 0, added: 0, new vincodes: 0
20-03-2011 11:05:18 --- INFO: Mitsubishi Montero 4WD Limited - found: 2, pass primary filters: 1, did not pass the filter by color: 1, added: 0, new vincodes: 0
20-03-2011 11:05:19 --- INFO: Toyota 4RUNNER 4WD Limited - found: 2, pass primary filters: 1, did not pass the filter by color: 1, added: 0, new vincodes: 0
20-03-2011 11:05:21 --- INFO: Toyota RAV 4 - found: 1, pass primary filters: 1, did not pass the filter by color: 1, added: 0, new vincodes: 0
20-03-2011 11:05:22 --- INFO: Toyota Highlander 4WD - found: 1, pass primary filters: 0, did not pass the filter by color: 0, added: 0, new vincodes: 0
20-03-2011 11:05:22 --- INFO: finish: 20-03-2011 11:05:22
20-03-2011 11:05:22 --- INFO: elapsed time: ~20.79 sec., memory usage: ~1.98 Mb.
20-03-2011 11:10:01 --- INFO: start: 20-03-2011 11:10:01
20-03-2011 11:10:01 --- INFO: ----------Source_Adesa (cli)
20-03-2011 11:10:03 --- INFO: Authorized request
20-03-2011 11:10:03 --- INFO: Lexus RX 300 - found: 3, pass primary filters: 1, did not pass the filter by color: 0, added: 1, new vincodes: 0
20-03-2011 11:10:03 --- INFO: Lexus RX 330 - found: 2, pass primary filters: 0, did not pass the filter by color: 0, added: 0, new vincodes: 0
20-03-2011 11:10:03 --- INFO: Lexus RX 400H - found: 1, pass primary filters: 0, did not pass the filter by color: 0, added: 0, new vincodes: 0
20-03-2011 11:10:04 --- INFO: Lexus GX 470 - found: 2, pass primary filters: 1, did not pass the filter by color: 1, added: 0, new vincodes: 0
20-03-2011 11:10:04 --- INFO: Lexus GX 470 - found: 1, pass primary filters: 1, did not pass the filter by color: 1, added: 0, new vincodes: 0
20-03-2011 11:10:04 --- INFO: Lexus LX 470 - found: 1, pass primary filters: 1, did not pass the filter by color: 1, added: 0, new vincodes: 0
20-03-2011 11:10:04 --- INFO: Lexus LX 470 - found: 0, pass primary filters: 0, did not pass the filter by color: 0, added: 0, new vincodes: 0
20-03-2011 11:10:04 --- INFO: Toyota Land Cruiser - found: 0, pass primary filters: 0, did not pass the filter by color: 0, added: 0, new vincodes: 0
20-03-2011 11:10:04 --- INFO: Honda CR-V - found: 1, pass primary filters: 0, did not pass the filter by color: 0, added: 0, new vincodes: 0
20-03-2011 11:10:05 --- INFO: Honda Pilot - found: 13, pass primary filters: 1, did not pass the filter by color: 0, added: 1, new vincodes: 0
20-03-2011 11:10:05 --- INFO: Mitsubishi Montero 4WD Limited - found: 6, pass primary filters: 0, did not pass the filter by color: 0, added: 0, new vincodes: 0
20-03-2011 11:10:05 --- INFO: Toyota 4RUNNER 4WD Limited - found: 13, pass primary filters: 6, did not pass the filter by color: 6, added: 0, new vincodes: 0
20-03-2011 11:10:05 --- INFO: Toyota RAV 4 - found: 2, pass primary filters: 1, did not pass the filter by color: 1, added: 0, new vincodes: 0
20-03-2011 11:10:05 --- INFO: Toyota Highlander 4WD - found: 9, pass primary filters: 0, did not pass the filter by color: 0, added: 0, new vincodes: 0
20-03-2011 11:10:05 --- INFO: finish: 20-03-2011 11:10:05
20-03-2011 11:10:05 --- INFO: elapsed time: ~4.28 sec., memory usage: ~1.98 Mb.
20-03-2011 11:10:01 --- INFO: start: 20-03-2011 11:10:01
20-03-2011 11:10:01 --- INFO: ----------Source_Ebay (cli)
20-03-2011 11:10:16 --- INFO: Lexus RX 300 - found: 18, pass primary filters: 3, did not pass the filter by color: 1, added: 2, new vincodes: 0
20-03-2011 11:11:37 --- INFO: Lexus RX 330 - found: 56, pass primary filters: 2, did not pass the filter by color: 0, added: 2, new vincodes: 0
20-03-2011 11:12:04 --- INFO: Lexus RX 400H - found: 38, pass primary filters: 1, did not pass the filter by color: 0, added: 1, new vincodes: 0
20-03-2011 11:12:22 --- INFO: Lexus GX 470 - found: 25, pass primary filters: 7, did not pass the filter by color: 5, added: 2, new vincodes: 0
20-03-2011 11:12:40 --- INFO: Lexus GX 470 - found: 24, pass primary filters: 7, did not pass the filter by color: 5, added: 2, new vincodes: 0
20-03-2011 11:12:45 --- INFO: Lexus LX 470 - found: 5, pass primary filters: 4, did not pass the filter by color: 3, added: 1, new vincodes: 0
20-03-2011 11:12:54 --- INFO: Lexus LX 470 - found: 11, pass primary filters: 6, did not pass the filter by color: 6, added: 0, new vincodes: 0
20-03-2011 11:12:59 --- INFO: Toyota Land Cruiser - found: 5, pass primary filters: 3, did not pass the filter by color: 3, added: 0, new vincodes: 0
20-03-2011 11:13:09 --- INFO: Honda CR-V - found: 13, pass primary filters: 3, did not pass the filter by color: 0, added: 3, new vincodes: 0
20-03-2011 11:13:27 --- INFO: Honda Pilot - found: 21, pass primary filters: 0, did not pass the filter by color: 0, added: 0, new vincodes: 0
20-03-2011 11:13:30 --- INFO: Mitsubishi Montero 4WD Limited - found: 3, pass primary filters: 0, did not pass the filter by color: 0, added: 0, new vincodes: 0
20-03-2011 11:14:50 --- INFO: Toyota 4RUNNER 4WD Limited - found: 54, pass primary filters: 26, did not pass the filter by color: 20, added: 6, new vincodes: 0
20-03-2011 11:15:00 --- INFO: Toyota RAV 4 - found: 11, pass primary filters: 0, did not pass the filter by color: 0, added: 0, new vincodes: 0
20-03-2011 11:15:12 --- INFO: Toyota Highlander 4WD - found: 15, pass primary filters: 0, did not pass the filter by color: 0, added: 0, new vincodes: 0
20-03-2011 11:15:12 --- INFO: finish: 20-03-2011 11:15:12
20-03-2011 11:15:12 --- INFO: elapsed time: ~310.96 sec., memory usage: ~2.33 Mb.
20-03-2011 11:10:01 --- INFO: start: 20-03-2011 11:10:01
20-03-2011 11:10:01 --- INFO: ----------Source_Gsmotors (cli)
20-03-2011 11:11:23 --- INFO: Lexus RX 300 - found: 55, pass primary filters: 20, did not pass the filter by color: 7, added: 13, new vincodes: 0
20-03-2011 11:13:56 --- INFO: Lexus RX 330 - found: 116, pass primary filters: 27, did not pass the filter by color: 9, added: 18, new vincodes: 0
20-03-2011 11:14:09 --- INFO: Lexus RX 400H - found: 8, pass primary filters: 0, did not pass the filter by color: 0, added: 0, new vincodes: 0
20-03-2011 11:14:47 --- INFO: Lexus GX 470 - found: 35, pass primary filters: 16, did not pass the filter by color: 13, added: 3, new vincodes: 0
20-03-2011 11:15:40 --- INFO: Lexus GX 470 - found: 43, pass primary filters: 20, did not pass the filter by color: 16, added: 4, new vincodes: 0
20-03-2011 11:16:02 --- INFO: Lexus LX 470 - found: 17, pass primary filters: 13, did not pass the filter by color: 13, added: 0, new vincodes: 0
20-03-2011 11:16:30 --- INFO: Lexus LX 470 - found: 19, pass primary filters: 12, did not pass the filter by color: 12, added: 0, new vincodes: 0
20-03-2011 11:16:34 --- INFO: Toyota Land Cruiser - found: 1, pass primary filters: 1, did not pass the filter by color: 1, added: 0, new vincodes: 0
20-03-2011 11:17:21 --- INFO: Honda CR-V - found: 27, pass primary filters: 3, did not pass the filter by color: 0, added: 3, new vincodes: 0
20-03-2011 11:18:42 --- INFO: Honda Pilot - found: 75, pass primary filters: 8, did not pass the filter by color: 0, added: 8, new vincodes: 0
20-03-2011 11:19:46 --- INFO: Mitsubishi Montero 4WD Limited - found: 43, pass primary filters: 8, did not pass the filter by color: 8, added: 0, new vincodes: 0
20-03-2011 11:23:29 --- INFO: Toyota 4RUNNER 4WD Limited - found: 159, pass primary filters: 31, did not pass the filter by color: 25, added: 6, new vincodes: 0
20-03-2011 11:24:29 --- INFO: Toyota RAV 4 - found: 49, pass primary filters: 13, did not pass the filter by color: 13, added: 0, new vincodes: 0
20-03-2011 11:25:23 --- INFO: Toyota Highlander 4WD - found: 42, pass primary filters: 2, did not pass the filter by color: 2, added: 0, new vincodes: 0
20-03-2011 11:25:23 --- INFO: finish: 20-03-2011 11:25:23
20-03-2011 11:25:23 --- INFO: elapsed time: ~921.79 sec., memory usage: ~3.06 Mb.
20-03-2011 11:20:01 --- INFO: start: 20-03-2011 11:20:01
20-03-2011 11:20:01 --- INFO: ----------Source_Cars (cli)
20-03-2011 11:20:08 --- INFO: Lexus RX 300 - found: 9, pass primary filters: 4, did not pass the filter by color: 4, added: 0, new vincodes: 0
20-03-2011 11:20:36 --- INFO: Lexus RX 330 - found: 41, pass primary filters: 13, did not pass the filter by color: 4, added: 9, new vincodes: 0
20-03-2011 11:20:37 --- INFO: Lexus RX 400H - found: 1, pass primary filters: 1, did not pass the filter by color: 1, added: 0, new vincodes: 0
20-03-2011 11:20:44 --- INFO: Lexus GX 470 - found: 9, pass primary filters: 9, did not pass the filter by color: 9, added: 0, new vincodes: 0
20-03-2011 11:20:52 --- INFO: Lexus GX 470 - found: 10, pass primary filters: 10, did not pass the filter by color: 5, added: 5, new vincodes: 0
20-03-2011 11:21:09 --- INFO: Lexus LX 470 - found: 0, pass primary filters: 0, did not pass the filter by color: 0, added: 0, new vincodes: 0
20-03-2011 11:21:19 --- INFO: Lexus LX 470 - found: 0, pass primary filters: 0, did not pass the filter by color: 0, added: 0, new vincodes: 0
20-03-2011 11:21:20 --- INFO: Toyota Land Cruiser - found: 1, pass primary filters: 1, did not pass the filter by color: 1, added: 0, new vincodes: 0
20-03-2011 11:21:52 --- INFO: Honda CR-V - found: 42, pass primary filters: 10, did not pass the filter by color: 0, added: 10, new vincodes: 0
20-03-2011 11:27:46 --- INFO: Honda Pilot - found: 468, pass primary filters: 55, did not pass the filter by color: 0, added: 55, new vincodes: 1
20-03-2011 11:28:02 --- INFO: Mitsubishi Montero 4WD Limited - found: 24, pass primary filters: 13, did not pass the filter by color: 13, added: 0, new vincodes: 0
20-03-2011 11:33:33 --- INFO: Toyota 4RUNNER 4WD Limited - found: 457, pass primary filters: 71, did not pass the filter by color: 49, added: 22, new vincodes: 0
20-03-2011 11:33:40 --- INFO: Toyota RAV 4 - found: 8, pass primary filters: 1, did not pass the filter by color: 1, added: 0, new vincodes: 0
20-03-2011 11:33:49 --- INFO: Toyota Highlander 4WD - found: 11, pass primary filters: 0, did not pass the filter by color: 0, added: 0, new vincodes: 0
20-03-2011 11:33:49 --- INFO: finish: 20-03-2011 11:33:49
20-03-2011 11:33:49 --- INFO: elapsed time: ~827.88 sec., memory usage: ~3.19 Mb.
20-03-2011 11:30:01 --- INFO: start: 20-03-2011 11:30:01
20-03-2011 11:30:01 --- INFO: ----------Source_Autotrader (cli)
20-03-2011 11:35:02 --- ERROR: Unauthorized request
20-03-2011 11:35:02 --- INFO: finish: 20-03-2011 11:35:02
20-03-2011 11:35:02 --- INFO: elapsed time: ~301.09 sec., memory usage: ~1.32 Mb.
20-03-2011 12:20:01 --- INFO: start: 20-03-2011 12:20:01
20-03-2011 12:20:01 --- INFO: ----------Source_Adesa (cli)
20-03-2011 12:20:03 --- INFO: Authorized request
20-03-2011 12:20:03 --- INFO: Lexus RX 300 - found: 3, pass primary filters: 1, did not pass the filter by color: 0, added: 1, new vincodes: 0
20-03-2011 12:20:03 --- INFO: Lexus RX 330 - found: 2, pass primary filters: 0, did not pass the filter by color: 0, added: 0, new vincodes: 0
20-03-2011 12:20:04 --- INFO: Lexus RX 400H - found: 1, pass primary filters: 0, did not pass the filter by color: 0, added: 0, new vincodes: 0
20-03-2011 12:20:04 --- INFO: Lexus GX 470 - found: 2, pass primary filters: 1, did not pass the filter by color: 1, added: 0, new vincodes: 0
20-03-2011 12:20:04 --- INFO: Lexus GX 470 - found: 1, pass primary filters: 1, did not pass the filter by color: 1, added: 0, new vincodes: 0
20-03-2011 12:20:04 --- INFO: Lexus LX 470 - found: 1, pass primary filters: 1, did not pass the filter by color: 1, added: 0, new vincodes: 0
20-03-2011 12:20:04 --- INFO: Lexus LX 470 - found: 0, pass primary filters: 0, did not pass the filter by color: 0, added: 0, new vincodes: 0
20-03-2011 12:20:04 --- INFO: Toyota Land Cruiser - found: 0, pass primary filters: 0, did not pass the filter by color: 0, added: 0, new vincodes: 0
20-03-2011 12:20:04 --- INFO: Honda CR-V - found: 1, pass primary filters: 0, did not pass the filter by color: 0, added: 0, new vincodes: 0
20-03-2011 12:20:05 --- INFO: Honda Pilot - found: 13, pass primary filters: 1, did not pass the filter by color: 0, added: 1, new vincodes: 0
20-03-2011 12:20:05 --- INFO: Mitsubishi Montero 4WD Limited - found: 6, pass primary filters: 0, did not pass the filter by color: 0, added: 0, new vincodes: 0
20-03-2011 12:20:05 --- INFO: Toyota 4RUNNER 4WD Limited - found: 13, pass primary filters: 6, did not pass the filter by color: 6, added: 0, new vincodes: 0
20-03-2011 12:20:05 --- INFO: Toyota RAV 4 - found: 2, pass primary filters: 1, did not pass the filter by color: 1, added: 0, new vincodes: 0
20-03-2011 12:20:06 --- INFO: Toyota Highlander 4WD - found: 9, pass primary filters: 0, did not pass the filter by color: 0, added: 0, new vincodes: 0
20-03-2011 12:20:06 --- INFO: finish: 20-03-2011 12:20:06
20-03-2011 12:20:06 --- INFO: elapsed time: ~4.3 sec., memory usage: ~1.98 Mb.
20-03-2011 12:20:01 --- INFO: start: 20-03-2011 12:20:01
20-03-2011 12:20:01 --- INFO: ----------Source_Gsmotors (cli)
20-03-2011 12:20:35 --- INFO: Lexus RX 300 - found: 55, pass primary filters: 20, did not pass the filter by color: 7, added: 13, new vincodes: 0
20-03-2011 12:21:45 --- INFO: Lexus RX 330 - found: 116, pass primary filters: 27, did not pass the filter by color: 8, added: 19, new vincodes: 0
20-03-2011 12:21:53 --- INFO: Lexus RX 400H - found: 8, pass primary filters: 0, did not pass the filter by color: 0, added: 0, new vincodes: 0
20-03-2011 12:22:26 --- INFO: Lexus GX 470 - found: 35, pass primary filters: 16, did not pass the filter by color: 13, added: 3, new vincodes: 0
20-03-2011 12:22:52 --- INFO: Lexus GX 470 - found: 43, pass primary filters: 20, did not pass the filter by color: 15, added: 5, new vincodes: 0
20-03-2011 12:23:04 --- INFO: Lexus LX 470 - found: 17, pass primary filters: 13, did not pass the filter by color: 13, added: 0, new vincodes: 0
20-03-2011 12:23:18 --- INFO: Lexus LX 470 - found: 19, pass primary filters: 12, did not pass the filter by color: 12, added: 0, new vincodes: 0
20-03-2011 12:23:20 --- INFO: Toyota Land Cruiser - found: 1, pass primary filters: 1, did not pass the filter by color: 1, added: 0, new vincodes: 0
20-03-2011 12:23:38 --- INFO: Honda CR-V - found: 27, pass primary filters: 3, did not pass the filter by color: 0, added: 3, new vincodes: 0
20-03-2011 12:24:21 --- INFO: Honda Pilot - found: 75, pass primary filters: 8, did not pass the filter by color: 0, added: 8, new vincodes: 0
20-03-2011 12:24:51 --- INFO: Mitsubishi Montero 4WD Limited - found: 43, pass primary filters: 8, did not pass the filter by color: 8, added: 0, new vincodes: 0
20-03-2011 12:26:25 --- INFO: Toyota 4RUNNER 4WD Limited - found: 159, pass primary filters: 31, did not pass the filter by color: 25, added: 6, new vincodes: 0
20-03-2011 12:26:59 --- INFO: Toyota RAV 4 - found: 49, pass primary filters: 13, did not pass the filter by color: 13, added: 0, new vincodes: 0
20-03-2011 12:27:34 --- INFO: Toyota Highlander 4WD - found: 42, pass primary filters: 2, did not pass the filter by color: 2, added: 0, new vincodes: 0
20-03-2011 12:27:34 --- INFO: finish: 20-03-2011 12:27:34
20-03-2011 12:27:34 --- INFO: elapsed time: ~452.86 sec., memory usage: ~3.06 Mb.
20-03-2011 13:20:01 --- INFO: start: 20-03-2011 13:20:01
20-03-2011 13:20:01 --- INFO: ----------Source_Adesa (cli)
20-03-2011 13:20:02 --- INFO: Authorized request
20-03-2011 13:20:02 --- INFO: Lexus RX 300 - found: 3, pass primary filters: 1, did not pass the filter by color: 0, added: 1, new vincodes: 0
20-03-2011 13:20:03 --- INFO: Lexus RX 330 - found: 2, pass primary filters: 0, did not pass the filter by color: 0, added: 0, new vincodes: 0
20-03-2011 13:20:03 --- INFO: Lexus RX 400H - found: 1, pass primary filters: 0, did not pass the filter by color: 0, added: 0, new vincodes: 0
20-03-2011 13:20:03 --- INFO: Lexus GX 470 - found: 2, pass primary filters: 1, did not pass the filter by color: 1, added: 0, new vincodes: 0
20-03-2011 13:20:03 --- INFO: Lexus GX 470 - found: 1, pass primary filters: 1, did not pass the filter by color: 1, added: 0, new vincodes: 0
20-03-2011 13:20:03 --- INFO: Lexus LX 470 - found: 1, pass primary filters: 1, did not pass the filter by color: 1, added: 0, new vincodes: 0
20-03-2011 13:20:03 --- INFO: Lexus LX 470 - found: 0, pass primary filters: 0, did not pass the filter by color: 0, added: 0, new vincodes: 0
20-03-2011 13:20:04 --- INFO: Toyota Land Cruiser - found: 0, pass primary filters: 0, did not pass the filter by color: 0, added: 0, new vincodes: 0
20-03-2011 13:20:04 --- INFO: Honda CR-V - found: 1, pass primary filters: 0, did not pass the filter by color: 0, added: 0, new vincodes: 0
20-03-2011 13:20:04 --- INFO: Honda Pilot - found: 13, pass primary filters: 1, did not pass the filter by color: 0, added: 1, new vincodes: 0
20-03-2011 13:20:04 --- INFO: Mitsubishi Montero 4WD Limited - found: 6, pass primary filters: 0, did not pass the filter by color: 0, added: 0, new vincodes: 0
20-03-2011 13:20:04 --- INFO: Toyota 4RUNNER 4WD Limited - found: 13, pass primary filters: 6, did not pass the filter by color: 6, added: 0, new vincodes: 0
20-03-2011 13:20:05 --- INFO: Toyota RAV 4 - found: 2, pass primary filters: 1, did not pass the filter by color: 1, added: 0, new vincodes: 0
20-03-2011 13:20:05 --- INFO: Toyota Highlander 4WD - found: 9, pass primary filters: 0, did not pass the filter by color: 0, added: 0, new vincodes: 0
20-03-2011 13:20:05 --- INFO: finish: 20-03-2011 13:20:05
20-03-2011 13:20:05 --- INFO: elapsed time: ~4.08 sec., memory usage: ~1.98 Mb.
20-03-2011 13:20:01 --- INFO: start: 20-03-2011 13:20:01
20-03-2011 13:20:01 --- INFO: ----------Source_Gsmotors (cli)
20-03-2011 13:20:38 --- INFO: Lexus RX 300 - found: 55, pass primary filters: 20, did not pass the filter by color: 7, added: 13, new vincodes: 0
20-03-2011 13:21:45 --- INFO: Lexus RX 330 - found: 116, pass primary filters: 27, did not pass the filter by color: 9, added: 18, new vincodes: 0
20-03-2011 13:21:51 --- INFO: Lexus RX 400H - found: 8, pass primary filters: 0, did not pass the filter by color: 0, added: 0, new vincodes: 0
20-03-2011 13:22:24 --- INFO: Lexus GX 470 - found: 35, pass primary filters: 16, did not pass the filter by color: 13, added: 3, new vincodes: 0
20-03-2011 13:22:49 --- INFO: Lexus GX 470 - found: 43, pass primary filters: 20, did not pass the filter by color: 15, added: 5, new vincodes: 0
20-03-2011 13:23:00 --- INFO: Lexus LX 470 - found: 17, pass primary filters: 13, did not pass the filter by color: 13, added: 0, new vincodes: 0
20-03-2011 13:23:14 --- INFO: Lexus LX 470 - found: 19, pass primary filters: 12, did not pass the filter by color: 12, added: 0, new vincodes: 0
20-03-2011 13:23:16 --- INFO: Toyota Land Cruiser - found: 1, pass primary filters: 1, did not pass the filter by color: 1, added: 0, new vincodes: 0
20-03-2011 13:23:35 --- INFO: Honda CR-V - found: 27, pass primary filters: 3, did not pass the filter by color: 0, added: 3, new vincodes: 0
20-03-2011 13:24:28 --- INFO: Honda Pilot - found: 75, pass primary filters: 8, did not pass the filter by color: 0, added: 8, new vincodes: 0
20-03-2011 13:24:59 --- INFO: Mitsubishi Montero 4WD Limited - found: 43, pass primary filters: 8, did not pass the filter by color: 8, added: 0, new vincodes: 0
20-03-2011 13:26:39 --- INFO: Toyota 4RUNNER 4WD Limited - found: 159, pass primary filters: 31, did not pass the filter by color: 25, added: 6, new vincodes: 0
20-03-2011 13:27:54 --- INFO: Toyota RAV 4 - found: 49, pass primary filters: 13, did not pass the filter by color: 13, added: 0, new vincodes: 0
20-03-2011 13:28:23 --- INFO: Toyota Highlander 4WD - found: 42, pass primary filters: 2, did not pass the filter by color: 2, added: 0, new vincodes: 0
20-03-2011 13:28:23 --- INFO: finish: 20-03-2011 13:28:23
20-03-2011 13:28:23 --- INFO: elapsed time: ~502.51 sec., memory usage: ~3.06 Mb.
20-03-2011 15:05:01 --- INFO: start: 20-03-2011 15:05:01
20-03-2011 15:05:01 --- INFO: ----------Source_Openlane (cli)
20-03-2011 15:05:04 --- INFO: Authorized request
20-03-2011 15:05:06 --- INFO: Lexus RX 300 - found: 1, pass primary filters: 1, did not pass the filter by color: 0, added: 1, new vincodes: 0
20-03-2011 15:05:07 --- INFO: Lexus RX 330 - found: 0, pass primary filters: 0, did not pass the filter by color: 0, added: 0, new vincodes: 0
20-03-2011 15:05:08 --- INFO: Lexus RX 400H - found: 0, pass primary filters: 0, did not pass the filter by color: 0, added: 0, new vincodes: 0
20-03-2011 15:05:10 --- INFO: Lexus GX 470 - found: 4, pass primary filters: 4, did not pass the filter by color: 3, added: 1, new vincodes: 0
20-03-2011 15:05:11 --- INFO: Lexus GX 470 - found: 2, pass primary filters: 2, did not pass the filter by color: 2, added: 0, new vincodes: 0
20-03-2011 15:05:12 --- INFO: Lexus LX 470 - found: 1, pass primary filters: 1, did not pass the filter by color: 1, added: 0, new vincodes: 0
20-03-2011 15:05:13 --- INFO: Lexus LX 470 - found: 2, pass primary filters: 2, did not pass the filter by color: 2, added: 0, new vincodes: 0
20-03-2011 15:05:15 --- INFO: Toyota Land Cruiser - found: 0, pass primary filters: 0, did not pass the filter by color: 0, added: 0, new vincodes: 0
20-03-2011 15:05:16 --- INFO: Honda CR-V - found: 0, pass primary filters: 0, did not pass the filter by color: 0, added: 0, new vincodes: 0
20-03-2011 15:05:17 --- INFO: Honda Pilot - found: 2, pass primary filters: 0, did not pass the filter by color: 0, added: 0, new vincodes: 0
20-03-2011 15:05:18 --- INFO: Mitsubishi Montero 4WD Limited - found: 2, pass primary filters: 1, did not pass the filter by color: 1, added: 0, new vincodes: 0
20-03-2011 15:05:20 --- INFO: Toyota 4RUNNER 4WD Limited - found: 2, pass primary filters: 1, did not pass the filter by color: 1, added: 0, new vincodes: 0
20-03-2011 15:05:21 --- INFO: Toyota RAV 4 - found: 1, pass primary filters: 1, did not pass the filter by color: 1, added: 0, new vincodes: 0
20-03-2011 15:05:22 --- INFO: Toyota Highlander 4WD - found: 1, pass primary filters: 0, did not pass the filter by color: 0, added: 0, new vincodes: 0
20-03-2011 15:05:22 --- INFO: finish: 20-03-2011 15:05:22
20-03-2011 15:05:22 --- INFO: elapsed time: ~21.29 sec., memory usage: ~1.98 Mb.
20-03-2011 15:10:01 --- INFO: start: 20-03-2011 15:10:01
20-03-2011 15:10:02 --- INFO: ----------Source_Ebay (cli)
20-03-2011 15:10:16 --- INFO: Lexus RX 300 - found: 18, pass primary filters: 3, did not pass the filter by color: 1, added: 2, new vincodes: 0
20-03-2011 15:11:30 --- INFO: Lexus RX 330 - found: 56, pass primary filters: 2, did not pass the filter by color: 0, added: 2, new vincodes: 0
20-03-2011 15:11:56 --- INFO: Lexus RX 400H - found: 37, pass primary filters: 1, did not pass the filter by color: 0, added: 1, new vincodes: 0
20-03-2011 15:12:14 --- INFO: Lexus GX 470 - found: 24, pass primary filters: 7, did not pass the filter by color: 5, added: 2, new vincodes: 0
20-03-2011 15:12:32 --- INFO: Lexus GX 470 - found: 24, pass primary filters: 7, did not pass the filter by color: 5, added: 2, new vincodes: 0
20-03-2011 15:12:37 --- INFO: Lexus LX 470 - found: 5, pass primary filters: 4, did not pass the filter by color: 3, added: 1, new vincodes: 0
20-03-2011 15:12:46 --- INFO: Lexus LX 470 - found: 11, pass primary filters: 6, did not pass the filter by color: 6, added: 0, new vincodes: 0
20-03-2011 15:12:50 --- INFO: Toyota Land Cruiser - found: 5, pass primary filters: 3, did not pass the filter by color: 3, added: 0, new vincodes: 0
20-03-2011 15:13:02 --- INFO: Honda CR-V - found: 14, pass primary filters: 3, did not pass the filter by color: 0, added: 3, new vincodes: 0
20-03-2011 15:13:18 --- INFO: Honda Pilot - found: 21, pass primary filters: 0, did not pass the filter by color: 0, added: 0, new vincodes: 0
20-03-2011 15:13:21 --- INFO: Mitsubishi Montero 4WD Limited - found: 3, pass primary filters: 0, did not pass the filter by color: 0, added: 0, new vincodes: 0
20-03-2011 15:14:38 --- INFO: Toyota 4RUNNER 4WD Limited - found: 53, pass primary filters: 26, did not pass the filter by color: 18, added: 8, new vincodes: 0
20-03-2011 15:14:47 --- INFO: Toyota RAV 4 - found: 10, pass primary filters: 0, did not pass the filter by color: 0, added: 0, new vincodes: 0
20-03-2011 15:15:00 --- INFO: Toyota Highlander 4WD - found: 17, pass primary filters: 0, did not pass the filter by color: 0, added: 0, new vincodes: 0
20-03-2011 15:15:00 --- INFO: finish: 20-03-2011 15:15:00
20-03-2011 15:15:00 --- INFO: elapsed time: ~298.94 sec., memory usage: ~2.33 Mb.
20-03-2011 15:30:01 --- INFO: start: 20-03-2011 15:30:01
20-03-2011 15:30:01 --- INFO: ----------Source_Autotrader (cli)
20-03-2011 15:35:02 --- ERROR: Unauthorized request
20-03-2011 15:35:02 --- INFO: finish: 20-03-2011 15:35:02
20-03-2011 15:35:02 --- INFO: elapsed time: ~301 sec., memory usage: ~1.32 Mb.
20-03-2011 15:20:01 --- INFO: start: 20-03-2011 15:20:01
20-03-2011 15:20:02 --- INFO: ----------Source_Cars (cli)
20-03-2011 15:20:11 --- INFO: Lexus RX 300 - found: 9, pass primary filters: 4, did not pass the filter by color: 4, added: 0, new vincodes: 0
20-03-2011 15:20:50 --- INFO: Lexus RX 330 - found: 42, pass primary filters: 13, did not pass the filter by color: 4, added: 9, new vincodes: 0
20-03-2011 15:20:52 --- INFO: Lexus RX 400H - found: 1, pass primary filters: 1, did not pass the filter by color: 1, added: 0, new vincodes: 0
20-03-2011 15:21:01 --- INFO: Lexus GX 470 - found: 9, pass primary filters: 9, did not pass the filter by color: 9, added: 0, new vincodes: 0
20-03-2011 15:21:13 --- INFO: Lexus GX 470 - found: 10, pass primary filters: 10, did not pass the filter by color: 5, added: 5, new vincodes: 0
20-03-2011 15:21:28 --- INFO: Lexus LX 470 - found: 0, pass primary filters: 0, did not pass the filter by color: 0, added: 0, new vincodes: 0
20-03-2011 15:21:40 --- INFO: Lexus LX 470 - found: 0, pass primary filters: 0, did not pass the filter by color: 0, added: 0, new vincodes: 0
20-03-2011 15:21:42 --- INFO: Toyota Land Cruiser - found: 1, pass primary filters: 1, did not pass the filter by color: 1, added: 0, new vincodes: 0
20-03-2011 15:22:19 --- INFO: Honda CR-V - found: 41, pass primary filters: 9, did not pass the filter by color: 0, added: 9, new vincodes: 0
20-03-2011 15:30:07 --- INFO: Honda Pilot - found: 476, pass primary filters: 56, did not pass the filter by color: 0, added: 56, new vincodes: 1
20-03-2011 15:30:44 --- INFO: Mitsubishi Montero 4WD Limited - found: 24, pass primary filters: 13, did not pass the filter by color: 13, added: 0, new vincodes: 0
20-03-2011 15:38:51 --- INFO: Toyota 4RUNNER 4WD Limited - found: 460, pass primary filters: 71, did not pass the filter by color: 49, added: 22, new vincodes: 0
20-03-2011 15:38:59 --- INFO: Toyota RAV 4 - found: 8, pass primary filters: 1, did not pass the filter by color: 1, added: 0, new vincodes: 0
20-03-2011 15:39:09 --- INFO: Toyota Highlander 4WD - found: 11, pass primary filters: 0, did not pass the filter by color: 0, added: 0, new vincodes: 0
20-03-2011 15:39:09 --- INFO: finish: 20-03-2011 15:39:09
20-03-2011 15:39:09 --- INFO: elapsed time: ~1147.58 sec., memory usage: ~3.19 Mb.
20-03-2011 16:10:01 --- INFO: start: 20-03-2011 16:10:01
20-03-2011 16:10:02 --- INFO: ----------Source_Adesa (cli)
20-03-2011 16:10:03 --- INFO: Authorized request
20-03-2011 16:10:04 --- INFO: Lexus RX 300 - found: 3, pass primary filters: 1, did not pass the filter by color: 0, added: 1, new vincodes: 0
20-03-2011 16:10:04 --- INFO: Lexus RX 330 - found: 2, pass primary filters: 0, did not pass the filter by color: 0, added: 0, new vincodes: 0
20-03-2011 16:10:04 --- INFO: Lexus RX 400H - found: 1, pass primary filters: 0, did not pass the filter by color: 0, added: 0, new vincodes: 0
20-03-2011 16:10:04 --- INFO: Lexus GX 470 - found: 2, pass primary filters: 1, did not pass the filter by color: 1, added: 0, new vincodes: 0
20-03-2011 16:10:04 --- INFO: Lexus GX 470 - found: 1, pass primary filters: 1, did not pass the filter by color: 1, added: 0, new vincodes: 0
20-03-2011 16:10:04 --- INFO: Lexus LX 470 - found: 1, pass primary filters: 1, did not pass the filter by color: 1, added: 0, new vincodes: 0
20-03-2011 16:10:05 --- INFO: Lexus LX 470 - found: 0, pass primary filters: 0, did not pass the filter by color: 0, added: 0, new vincodes: 0
20-03-2011 16:10:05 --- INFO: Toyota Land Cruiser - found: 0, pass primary filters: 0, did not pass the filter by color: 0, added: 0, new vincodes: 0
20-03-2011 16:10:05 --- INFO: Honda CR-V - found: 1, pass primary filters: 0, did not pass the filter by color: 0, added: 0, new vincodes: 0
20-03-2011 16:10:05 --- INFO: Honda Pilot - found: 13, pass primary filters: 1, did not pass the filter by color: 0, added: 1, new vincodes: 0
20-03-2011 16:10:05 --- INFO: Mitsubishi Montero 4WD Limited - found: 6, pass primary filters: 0, did not pass the filter by color: 0, added: 0, new vincodes: 0
20-03-2011 16:10:05 --- INFO: Toyota 4RUNNER 4WD Limited - found: 13, pass primary filters: 6, did not pass the filter by color: 6, added: 0, new vincodes: 0
20-03-2011 16:10:06 --- INFO: Toyota RAV 4 - found: 2, pass primary filters: 1, did not pass the filter by color: 1, added: 0, new vincodes: 0
20-03-2011 16:10:06 --- INFO: Toyota Highlander 4WD - found: 9, pass primary filters: 0, did not pass the filter by color: 0, added: 0, new vincodes: 0
20-03-2011 16:10:06 --- INFO: finish: 20-03-2011 16:10:06
20-03-2011 16:10:06 --- INFO: elapsed time: ~4.36 sec., memory usage: ~1.98 Mb.
20-03-2011 16:10:01 --- INFO: start: 20-03-2011 16:10:01
20-03-2011 16:10:02 --- INFO: ----------Source_Gsmotors (cli)
20-03-2011 16:11:27 --- INFO: Lexus RX 300 - found: 56, pass primary filters: 21, did not pass the filter by color: 8, added: 13, new vincodes: 0
20-03-2011 16:14:15 --- INFO: Lexus RX 330 - found: 122, pass primary filters: 28, did not pass the filter by color: 10, added: 18, new vincodes: 0
20-03-2011 16:14:30 --- INFO: Lexus RX 400H - found: 9, pass primary filters: 0, did not pass the filter by color: 0, added: 0, new vincodes: 0
20-03-2011 16:15:14 --- INFO: Lexus GX 470 - found: 37, pass primary filters: 18, did not pass the filter by color: 14, added: 4, new vincodes: 0
20-03-2011 16:16:09 --- INFO: Lexus GX 470 - found: 44, pass primary filters: 20, did not pass the filter by color: 14, added: 6, new vincodes: 0
20-03-2011 16:16:33 --- INFO: Lexus LX 470 - found: 17, pass primary filters: 13, did not pass the filter by color: 13, added: 0, new vincodes: 0
20-03-2011 16:17:07 --- INFO: Lexus LX 470 - found: 20, pass primary filters: 13, did not pass the filter by color: 13, added: 0, new vincodes: 0
20-03-2011 16:17:10 --- INFO: Toyota Land Cruiser - found: 1, pass primary filters: 1, did not pass the filter by color: 1, added: 0, new vincodes: 0
20-03-2011 16:17:54 --- INFO: Honda CR-V - found: 29, pass primary filters: 3, did not pass the filter by color: 0, added: 3, new vincodes: 0
20-03-2011 16:19:31 --- INFO: Honda Pilot - found: 78, pass primary filters: 9, did not pass the filter by color: 0, added: 9, new vincodes: 1
20-03-2011 16:20:38 --- INFO: Mitsubishi Montero 4WD Limited - found: 45, pass primary filters: 9, did not pass the filter by color: 9, added: 0, new vincodes: 1
20-03-2011 16:24:36 --- INFO: Toyota 4RUNNER 4WD Limited - found: 167, pass primary filters: 32, did not pass the filter by color: 25, added: 7, new vincodes: 1
20-03-2011 16:25:41 --- INFO: Toyota RAV 4 - found: 50, pass primary filters: 13, did not pass the filter by color: 13, added: 0, new vincodes: 0
20-03-2011 16:26:35 --- INFO: Toyota Highlander 4WD - found: 43, pass primary filters: 2, did not pass the filter by color: 2, added: 0, new vincodes: 0
20-03-2011 16:26:35 --- INFO: finish: 20-03-2011 16:26:35
20-03-2011 16:26:35 --- INFO: elapsed time: ~993.17 sec., memory usage: ~3.24 Mb.
20-03-2011 18:10:02 --- INFO: start: 20-03-2011 18:10:02
20-03-2011 18:10:02 --- INFO: ----------Source_Adesa (cli)
20-03-2011 18:10:03 --- INFO: Authorized request
20-03-2011 18:10:04 --- INFO: Lexus RX 300 - found: 3, pass primary filters: 1, did not pass the filter by color: 0, added: 1, new vincodes: 0
20-03-2011 18:10:04 --- INFO: Lexus RX 330 - found: 2, pass primary filters: 0, did not pass the filter by color: 0, added: 0, new vincodes: 0
20-03-2011 18:10:04 --- INFO: Lexus RX 400H - found: 1, pass primary filters: 0, did not pass the filter by color: 0, added: 0, new vincodes: 0
20-03-2011 18:10:04 --- INFO: Lexus GX 470 - found: 2, pass primary filters: 1, did not pass the filter by color: 1, added: 0, new vincodes: 0
20-03-2011 18:10:04 --- INFO: Lexus GX 470 - found: 1, pass primary filters: 1, did not pass the filter by color: 1, added: 0, new vincodes: 0
20-03-2011 18:10:05 --- INFO: Lexus LX 470 - found: 1, pass primary filters: 1, did not pass the filter by color: 1, added: 0, new vincodes: 0
20-03-2011 18:10:05 --- INFO: Lexus LX 470 - found: 0, pass primary filters: 0, did not pass the filter by color: 0, added: 0, new vincodes: 0
20-03-2011 18:10:05 --- INFO: Toyota Land Cruiser - found: 0, pass primary filters: 0, did not pass the filter by color: 0, added: 0, new vincodes: 0
20-03-2011 18:10:05 --- INFO: Honda CR-V - found: 1, pass primary filters: 0, did not pass the filter by color: 0, added: 0, new vincodes: 0
20-03-2011 18:10:05 --- INFO: Honda Pilot - found: 13, pass primary filters: 1, did not pass the filter by color: 0, added: 1, new vincodes: 0
20-03-2011 18:10:05 --- INFO: Mitsubishi Montero 4WD Limited - found: 6, pass primary filters: 0, did not pass the filter by color: 0, added: 0, new vincodes: 0
20-03-2011 18:10:06 --- INFO: Toyota 4RUNNER 4WD Limited - found: 13, pass primary filters: 6, did not pass the filter by color: 6, added: 0, new vincodes: 0
20-03-2011 18:10:06 --- INFO: Toyota RAV 4 - found: 2, pass primary filters: 1, did not pass the filter by color: 1, added: 0, new vincodes: 0
20-03-2011 18:10:06 --- INFO: Toyota Highlander 4WD - found: 9, pass primary filters: 0, did not pass the filter by color: 0, added: 0, new vincodes: 0
20-03-2011 18:10:06 --- INFO: finish: 20-03-2011 18:10:06
20-03-2011 18:10:06 --- INFO: elapsed time: ~4.51 sec., memory usage: ~1.98 Mb.
20-03-2011 18:10:02 --- INFO: start: 20-03-2011 18:10:02
20-03-2011 18:10:02 --- INFO: ----------Source_Gsmotors (cli)
20-03-2011 18:10:43 --- INFO: Lexus RX 300 - found: 56, pass primary filters: 21, did not pass the filter by color: 8, added: 13, new vincodes: 0
20-03-2011 18:12:10 --- INFO: Lexus RX 330 - found: 122, pass primary filters: 28, did not pass the filter by color: 11, added: 17, new vincodes: 0
20-03-2011 18:12:17 --- INFO: Lexus RX 400H - found: 9, pass primary filters: 0, did not pass the filter by color: 0, added: 0, new vincodes: 0
20-03-2011 18:12:38 --- INFO: Lexus GX 470 - found: 37, pass primary filters: 18, did not pass the filter by color: 14, added: 4, new vincodes: 0
20-03-2011 18:13:06 --- INFO: Lexus GX 470 - found: 44, pass primary filters: 20, did not pass the filter by color: 14, added: 6, new vincodes: 0
20-03-2011 18:13:17 --- INFO: Lexus LX 470 - found: 17, pass primary filters: 13, did not pass the filter by color: 13, added: 0, new vincodes: 0
20-03-2011 18:13:30 --- INFO: Lexus LX 470 - found: 20, pass primary filters: 13, did not pass the filter by color: 13, added: 0, new vincodes: 0
20-03-2011 18:13:32 --- INFO: Toyota Land Cruiser - found: 1, pass primary filters: 1, did not pass the filter by color: 1, added: 0, new vincodes: 0
20-03-2011 18:13:52 --- INFO: Honda CR-V - found: 29, pass primary filters: 3, did not pass the filter by color: 0, added: 3, new vincodes: 0
20-03-2011 18:14:39 --- INFO: Honda Pilot - found: 78, pass primary filters: 9, did not pass the filter by color: 0, added: 9, new vincodes: 0
20-03-2011 18:15:12 --- INFO: Mitsubishi Montero 4WD Limited - found: 45, pass primary filters: 9, did not pass the filter by color: 9, added: 0, new vincodes: 0
20-03-2011 18:17:05 --- INFO: Toyota 4RUNNER 4WD Limited - found: 167, pass primary filters: 32, did not pass the filter by color: 25, added: 7, new vincodes: 0
20-03-2011 18:17:38 --- INFO: Toyota RAV 4 - found: 50, pass primary filters: 13, did not pass the filter by color: 13, added: 0, new vincodes: 0
20-03-2011 18:18:09 --- INFO: Toyota Highlander 4WD - found: 43, pass primary filters: 2, did not pass the filter by color: 2, added: 0, new vincodes: 0
20-03-2011 18:18:09 --- INFO: finish: 20-03-2011 18:18:09
20-03-2011 18:18:09 --- INFO: elapsed time: ~487.45 sec., memory usage: ~3.12 Mb.
20-03-2011 19:05:01 --- INFO: start: 20-03-2011 19:05:01
20-03-2011 19:05:01 --- INFO: ----------Source_Openlane (cli)
20-03-2011 19:05:05 --- INFO: Authorized request
20-03-2011 19:05:06 --- INFO: Lexus RX 300 - found: 1, pass primary filters: 1, did not pass the filter by color: 0, added: 1, new vincodes: 0
20-03-2011 19:05:07 --- INFO: Lexus RX 330 - found: 0, pass primary filters: 0, did not pass the filter by color: 0, added: 0, new vincodes: 0
20-03-2011 19:05:08 --- INFO: Lexus RX 400H - found: 0, pass primary filters: 0, did not pass the filter by color: 0, added: 0, new vincodes: 0
20-03-2011 19:05:10 --- INFO: Lexus GX 470 - found: 4, pass primary filters: 4, did not pass the filter by color: 3, added: 1, new vincodes: 0
20-03-2011 19:05:11 --- INFO: Lexus GX 470 - found: 2, pass primary filters: 2, did not pass the filter by color: 2, added: 0, new vincodes: 0
20-03-2011 19:05:12 --- INFO: Lexus LX 470 - found: 1, pass primary filters: 1, did not pass the filter by color: 1, added: 0, new vincodes: 0
20-03-2011 19:05:14 --- INFO: Lexus LX 470 - found: 2, pass primary filters: 2, did not pass the filter by color: 2, added: 0, new vincodes: 0
20-03-2011 19:05:15 --- INFO: Toyota Land Cruiser - found: 0, pass primary filters: 0, did not pass the filter by color: 0, added: 0, new vincodes: 0
20-03-2011 19:05:16 --- INFO: Honda CR-V - found: 0, pass primary filters: 0, did not pass the filter by color: 0, added: 0, new vincodes: 0
20-03-2011 19:05:17 --- INFO: Honda Pilot - found: 2, pass primary filters: 0, did not pass the filter by color: 0, added: 0, new vincodes: 0
20-03-2011 19:05:18 --- INFO: Mitsubishi Montero 4WD Limited - found: 2, pass primary filters: 1, did not pass the filter by color: 1, added: 0, new vincodes: 0
20-03-2011 19:05:19 --- INFO: Toyota 4RUNNER 4WD Limited - found: 2, pass primary filters: 1, did not pass the filter by color: 1, added: 0, new vincodes: 0
20-03-2011 19:05:20 --- INFO: Toyota RAV 4 - found: 1, pass primary filters: 1, did not pass the filter by color: 1, added: 0, new vincodes: 0
20-03-2011 19:05:22 --- INFO: Toyota Highlander 4WD - found: 1, pass primary filters: 0, did not pass the filter by color: 0, added: 0, new vincodes: 0
20-03-2011 19:05:22 --- INFO: finish: 20-03-2011 19:05:22
20-03-2011 19:05:22 --- INFO: elapsed time: ~20.34 sec., memory usage: ~1.98 Mb.
20-03-2011 19:10:01 --- INFO: start: 20-03-2011 19:10:01
20-03-2011 19:10:01 --- INFO: ----------Source_Ebay (cli)
20-03-2011 19:10:14 --- INFO: Lexus RX 300 - found: 17, pass primary filters: 3, did not pass the filter by color: 1, added: 2, new vincodes: 0
20-03-2011 19:11:33 --- INFO: Lexus RX 330 - found: 55, pass primary filters: 2, did not pass the filter by color: 1, added: 1, new vincodes: 0
20-03-2011 19:12:00 --- INFO: Lexus RX 400H - found: 37, pass primary filters: 1, did not pass the filter by color: 0, added: 1, new vincodes: 0
20-03-2011 19:12:18 --- INFO: Lexus GX 470 - found: 24, pass primary filters: 7, did not pass the filter by color: 5, added: 2, new vincodes: 0
20-03-2011 19:12:37 --- INFO: Lexus GX 470 - found: 25, pass primary filters: 8, did not pass the filter by color: 6, added: 2, new vincodes: 0
20-03-2011 19:12:43 --- INFO: Lexus LX 470 - found: 5, pass primary filters: 4, did not pass the filter by color: 3, added: 1, new vincodes: 0
20-03-2011 19:12:53 --- INFO: Lexus LX 470 - found: 11, pass primary filters: 6, did not pass the filter by color: 6, added: 0, new vincodes: 0
20-03-2011 19:12:58 --- INFO: Toyota Land Cruiser - found: 5, pass primary filters: 3, did not pass the filter by color: 3, added: 0, new vincodes: 0
20-03-2011 19:13:09 --- INFO: Honda CR-V - found: 14, pass primary filters: 3, did not pass the filter by color: 0, added: 3, new vincodes: 0
20-03-2011 19:13:28 --- INFO: Honda Pilot - found: 22, pass primary filters: 0, did not pass the filter by color: 0, added: 0, new vincodes: 0
20-03-2011 19:13:32 --- INFO: Mitsubishi Montero 4WD Limited - found: 3, pass primary filters: 0, did not pass the filter by color: 0, added: 0, new vincodes: 0
20-03-2011 19:14:50 --- INFO: Toyota 4RUNNER 4WD Limited - found: 55, pass primary filters: 26, did not pass the filter by color: 18, added: 8, new vincodes: 0
20-03-2011 19:14:59 --- INFO: Toyota RAV 4 - found: 11, pass primary filters: 0, did not pass the filter by color: 0, added: 0, new vincodes: 0
20-03-2011 19:15:13 --- INFO: Toyota Highlander 4WD - found: 17, pass primary filters: 0, did not pass the filter by color: 0, added: 0, new vincodes: 0
20-03-2011 19:15:13 --- INFO: finish: 20-03-2011 19:15:13
20-03-2011 19:15:13 --- INFO: elapsed time: ~312.26 sec., memory usage: ~2.33 Mb.
20-03-2011 19:30:01 --- INFO: start: 20-03-2011 19:30:01
20-03-2011 19:30:01 --- INFO: ----------Source_Autotrader (cli)
20-03-2011 19:35:02 --- ERROR: Unauthorized request
20-03-2011 19:35:02 --- INFO: finish: 20-03-2011 19:35:02
20-03-2011 19:35:02 --- INFO: elapsed time: ~300.97 sec., memory usage: ~1.32 Mb.
20-03-2011 19:20:01 --- INFO: start: 20-03-2011 19:20:01
20-03-2011 19:20:01 --- INFO: ----------Source_Cars (cli)
20-03-2011 19:20:08 --- INFO: Lexus RX 300 - found: 9, pass primary filters: 4, did not pass the filter by color: 4, added: 0, new vincodes: 0
20-03-2011 19:20:36 --- INFO: Lexus RX 330 - found: 42, pass primary filters: 13, did not pass the filter by color: 4, added: 9, new vincodes: 0
20-03-2011 19:20:38 --- INFO: Lexus RX 400H - found: 1, pass primary filters: 1, did not pass the filter by color: 1, added: 0, new vincodes: 0
20-03-2011 19:20:45 --- INFO: Lexus GX 470 - found: 9, pass primary filters: 9, did not pass the filter by color: 9, added: 0, new vincodes: 0
20-03-2011 19:20:53 --- INFO: Lexus GX 470 - found: 10, pass primary filters: 10, did not pass the filter by color: 5, added: 5, new vincodes: 0
20-03-2011 19:21:09 --- INFO: Lexus LX 470 - found: 0, pass primary filters: 0, did not pass the filter by color: 0, added: 0, new vincodes: 0
20-03-2011 19:21:20 --- INFO: Lexus LX 470 - found: 0, pass primary filters: 0, did not pass the filter by color: 0, added: 0, new vincodes: 0
20-03-2011 19:21:21 --- INFO: Toyota Land Cruiser - found: 1, pass primary filters: 1, did not pass the filter by color: 1, added: 0, new vincodes: 0
20-03-2011 19:21:50 --- INFO: Honda CR-V - found: 41, pass primary filters: 9, did not pass the filter by color: 0, added: 9, new vincodes: 0
20-03-2011 19:30:09 --- INFO: Honda Pilot - found: 476, pass primary filters: 55, did not pass the filter by color: 0, added: 55, new vincodes: 0
20-03-2011 19:30:29 --- INFO: Mitsubishi Montero 4WD Limited - found: 24, pass primary filters: 13, did not pass the filter by color: 13, added: 0, new vincodes: 0
20-03-2011 19:36:03 --- INFO: Toyota 4RUNNER 4WD Limited - found: 460, pass primary filters: 71, did not pass the filter by color: 50, added: 21, new vincodes: 0
20-03-2011 19:36:11 --- INFO: Toyota RAV 4 - found: 8, pass primary filters: 1, did not pass the filter by color: 1, added: 0, new vincodes: 0
20-03-2011 19:36:21 --- INFO: Toyota Highlander 4WD - found: 11, pass primary filters: 0, did not pass the filter by color: 0, added: 0, new vincodes: 0
20-03-2011 19:36:21 --- INFO: finish: 20-03-2011 19:36:21
20-03-2011 19:36:21 --- INFO: elapsed time: ~980.11 sec., memory usage: ~3.18 Mb.
20-03-2011 23:05:01 --- INFO: start: 20-03-2011 23:05:01
20-03-2011 23:05:01 --- INFO: ----------Source_Openlane (cli)
20-03-2011 23:05:05 --- INFO: Authorized request
20-03-2011 23:05:06 --- INFO: Lexus RX 300 - found: 1, pass primary filters: 1, did not pass the filter by color: 1, added: 0, new vincodes: 0
20-03-2011 23:05:07 --- INFO: Lexus RX 330 - found: 0, pass primary filters: 0, did not pass the filter by color: 0, added: 0, new vincodes: 0
20-03-2011 23:05:08 --- INFO: Lexus RX 400H - found: 0, pass primary filters: 0, did not pass the filter by color: 0, added: 0, new vincodes: 0
20-03-2011 23:05:09 --- INFO: Lexus GX 470 - found: 4, pass primary filters: 4, did not pass the filter by color: 3, added: 1, new vincodes: 0
20-03-2011 23:05:11 --- INFO: Lexus GX 470 - found: 2, pass primary filters: 2, did not pass the filter by color: 2, added: 0, new vincodes: 0
20-03-2011 23:05:12 --- INFO: Lexus LX 470 - found: 1, pass primary filters: 1, did not pass the filter by color: 1, added: 0, new vincodes: 0
20-03-2011 23:05:13 --- INFO: Lexus LX 470 - found: 2, pass primary filters: 2, did not pass the filter by color: 2, added: 0, new vincodes: 0
20-03-2011 23:05:14 --- INFO: Toyota Land Cruiser - found: 0, pass primary filters: 0, did not pass the filter by color: 0, added: 0, new vincodes: 0
20-03-2011 23:05:15 --- INFO: Honda CR-V - found: 0, pass primary filters: 0, did not pass the filter by color: 0, added: 0, new vincodes: 0
20-03-2011 23:05:16 --- INFO: Honda Pilot - found: 2, pass primary filters: 0, did not pass the filter by color: 0, added: 0, new vincodes: 0
20-03-2011 23:05:18 --- INFO: Mitsubishi Montero 4WD Limited - found: 2, pass primary filters: 1, did not pass the filter by color: 1, added: 0, new vincodes: 0
20-03-2011 23:05:19 --- INFO: Toyota 4RUNNER 4WD Limited - found: 2, pass primary filters: 1, did not pass the filter by color: 1, added: 0, new vincodes: 0
20-03-2011 23:05:20 --- INFO: Toyota RAV 4 - found: 1, pass primary filters: 1, did not pass the filter by color: 1, added: 0, new vincodes: 0
20-03-2011 23:05:21 --- INFO: Toyota Highlander 4WD - found: 1, pass primary filters: 0, did not pass the filter by color: 0, added: 0, new vincodes: 0
20-03-2011 23:05:21 --- INFO: finish: 20-03-2011 23:05:21
20-03-2011 23:05:21 --- INFO: elapsed time: ~20.27 sec., memory usage: ~1.98 Mb.
20-03-2011 23:10:01 --- INFO: start: 20-03-2011 23:10:01
20-03-2011 23:10:01 --- INFO: ----------Source_Ebay (cli)
20-03-2011 23:10:14 --- INFO: Lexus RX 300 - found: 18, pass primary filters: 3, did not pass the filter by color: 1, added: 2, new vincodes: 0
20-03-2011 23:11:21 --- INFO: Lexus RX 330 - found: 54, pass primary filters: 2, did not pass the filter by color: 0, added: 2, new vincodes: 0
20-03-2011 23:11:46 --- INFO: Lexus RX 400H - found: 37, pass primary filters: 1, did not pass the filter by color: 0, added: 1, new vincodes: 0
20-03-2011 23:12:04 --- INFO: Lexus GX 470 - found: 25, pass primary filters: 8, did not pass the filter by color: 5, added: 3, new vincodes: 1
20-03-2011 23:12:20 --- INFO: Lexus GX 470 - found: 24, pass primary filters: 8, did not pass the filter by color: 6, added: 2, new vincodes: 0
20-03-2011 23:12:25 --- INFO: Lexus LX 470 - found: 5, pass primary filters: 4, did not pass the filter by color: 3, added: 1, new vincodes: 0
20-03-2011 23:12:33 --- INFO: Lexus LX 470 - found: 11, pass primary filters: 6, did not pass the filter by color: 6, added: 0, new vincodes: 0
20-03-2011 23:12:38 --- INFO: Toyota Land Cruiser - found: 5, pass primary filters: 3, did not pass the filter by color: 3, added: 0, new vincodes: 0
20-03-2011 23:12:51 --- INFO: Honda CR-V - found: 17, pass primary filters: 4, did not pass the filter by color: 0, added: 4, new vincodes: 1
20-03-2011 23:13:06 --- INFO: Honda Pilot - found: 20, pass primary filters: 0, did not pass the filter by color: 0, added: 0, new vincodes: 0
20-03-2011 23:13:09 --- INFO: Mitsubishi Montero 4WD Limited - found: 3, pass primary filters: 0, did not pass the filter by color: 0, added: 0, new vincodes: 0
20-03-2011 23:14:24 --- INFO: Toyota 4RUNNER 4WD Limited - found: 58, pass primary filters: 26, did not pass the filter by color: 19, added: 7, new vincodes: 0
20-03-2011 23:14:32 --- INFO: Toyota RAV 4 - found: 11, pass primary filters: 0, did not pass the filter by color: 0, added: 0, new vincodes: 0
20-03-2011 23:14:44 --- INFO: Toyota Highlander 4WD - found: 17, pass primary filters: 0, did not pass the filter by color: 0, added: 0, new vincodes: 0
20-03-2011 23:14:44 --- INFO: finish: 20-03-2011 23:14:44
20-03-2011 23:14:44 --- INFO: elapsed time: ~283.85 sec., memory usage: ~2.38 Mb.
20-03-2011 23:30:01 --- INFO: start: 20-03-2011 23:30:01
20-03-2011 23:30:01 --- INFO: ----------Source_Autotrader (cli)
20-03-2011 23:35:02 --- ERROR: Unauthorized request
20-03-2011 23:35:02 --- INFO: finish: 20-03-2011 23:35:02
20-03-2011 23:35:02 --- INFO: elapsed time: ~300.93 sec., memory usage: ~1.32 Mb.
20-03-2011 23:20:01 --- INFO: start: 20-03-2011 23:20:01
20-03-2011 23:20:01 --- INFO: ----------Source_Cars (cli)
20-03-2011 23:20:11 --- INFO: Lexus RX 300 - found: 9, pass primary filters: 4, did not pass the filter by color: 4, added: 0, new vincodes: 0
20-03-2011 23:20:48 --- INFO: Lexus RX 330 - found: 42, pass primary filters: 13, did not pass the filter by color: 4, added: 9, new vincodes: 0
20-03-2011 23:20:50 --- INFO: Lexus RX 400H - found: 1, pass primary filters: 1, did not pass the filter by color: 1, added: 0, new vincodes: 0
20-03-2011 23:20:59 --- INFO: Lexus GX 470 - found: 9, pass primary filters: 9, did not pass the filter by color: 9, added: 0, new vincodes: 0
20-03-2011 23:21:10 --- INFO: Lexus GX 470 - found: 10, pass primary filters: 10, did not pass the filter by color: 5, added: 5, new vincodes: 0
20-03-2011 23:21:24 --- INFO: Lexus LX 470 - found: 0, pass primary filters: 0, did not pass the filter by color: 0, added: 0, new vincodes: 0
20-03-2011 23:21:36 --- INFO: Lexus LX 470 - found: 0, pass primary filters: 0, did not pass the filter by color: 0, added: 0, new vincodes: 0
20-03-2011 23:21:38 --- INFO: Toyota Land Cruiser - found: 1, pass primary filters: 1, did not pass the filter by color: 1, added: 0, new vincodes: 0
20-03-2011 23:22:12 --- INFO: Honda CR-V - found: 41, pass primary filters: 9, did not pass the filter by color: 0, added: 9, new vincodes: 0
20-03-2011 23:29:52 --- INFO: Honda Pilot - found: 476, pass primary filters: 56, did not pass the filter by color: 0, added: 56, new vincodes: 0
20-03-2011 23:30:14 --- INFO: Mitsubishi Montero 4WD Limited - found: 24, pass primary filters: 13, did not pass the filter by color: 13, added: 0, new vincodes: 0
20-03-2011 23:37:06 --- INFO: Toyota 4RUNNER 4WD Limited - found: 462, pass primary filters: 71, did not pass the filter by color: 50, added: 21, new vincodes: 0
20-03-2011 23:37:14 --- INFO: Toyota RAV 4 - found: 8, pass primary filters: 1, did not pass the filter by color: 1, added: 0, new vincodes: 0
20-03-2011 23:37:29 --- INFO: Toyota Highlander 4WD - found: 11, pass primary filters: 0, did not pass the filter by color: 0, added: 0, new vincodes: 0
20-03-2011 23:37:29 --- INFO: finish: 20-03-2011 23:37:29
20-03-2011 23:37:29 --- INFO: elapsed time: ~1047.45 sec., memory usage: ~3.19 Mb.