
23-03-2011 03:05:01 --- INFO: start: 23-03-2011 03:05:01
23-03-2011 03:05:01 --- INFO: ----------Source_Openlane (cli)
23-03-2011 03:05:04 --- INFO: Authorized request
23-03-2011 03:05:06 --- INFO: Lexus RX 300 - found: 1, pass primary filters: 1, did not pass the filter by color: 0, added: 1, new vincodes: 0
23-03-2011 03:05:07 --- INFO: Lexus RX 330 - found: 0, pass primary filters: 0, did not pass the filter by color: 0, added: 0, new vincodes: 0
23-03-2011 03:05:09 --- INFO: Lexus RX 400H - found: 0, pass primary filters: 0, did not pass the filter by color: 0, added: 0, new vincodes: 0
23-03-2011 03:05:10 --- INFO: Lexus GX 470 - found: 0, pass primary filters: 0, did not pass the filter by color: 0, added: 0, new vincodes: 0
23-03-2011 03:05:12 --- INFO: Lexus GX 470 - found: 3, pass primary filters: 3, did not pass the filter by color: 1, added: 2, new vincodes: 0
23-03-2011 03:05:13 --- INFO: Lexus LX 470 - found: 1, pass primary filters: 1, did not pass the filter by color: 1, added: 0, new vincodes: 0
23-03-2011 03:05:14 --- INFO: Lexus LX 470 - found: 2, pass primary filters: 2, did not pass the filter by color: 2, added: 0, new vincodes: 0
23-03-2011 03:05:15 --- INFO: Toyota Land Cruiser - found: 0, pass primary filters: 0, did not pass the filter by color: 0, added: 0, new vincodes: 0
23-03-2011 03:05:16 --- INFO: Honda CR-V - found: 0, pass primary filters: 0, did not pass the filter by color: 0, added: 0, new vincodes: 0
23-03-2011 03:05:18 --- INFO: Honda Pilot - found: 2, pass primary filters: 0, did not pass the filter by color: 0, added: 0, new vincodes: 0
23-03-2011 03:05:19 --- INFO: Mitsubishi Montero 4WD Limited - found: 1, pass primary filters: 1, did not pass the filter by color: 1, added: 0, new vincodes: 0
23-03-2011 03:05:20 --- INFO: Toyota 4RUNNER 4WD Limited - found: 2, pass primary filters: 1, did not pass the filter by color: 1, added: 0, new vincodes: 0
23-03-2011 03:05:21 --- INFO: Toyota RAV 4 - found: 1, pass primary filters: 1, did not pass the filter by color: 1, added: 0, new vincodes: 0
23-03-2011 03:05:23 --- INFO: Toyota Highlander 4WD - found: 1, pass primary filters: 0, did not pass the filter by color: 0, added: 0, new vincodes: 0
23-03-2011 03:05:23 --- INFO: finish: 23-03-2011 03:05:23
23-03-2011 03:05:23 --- INFO: elapsed time: ~21.8 sec., memory usage: ~1.96 Mb.
23-03-2011 03:10:01 --- INFO: start: 23-03-2011 03:10:01
23-03-2011 03:10:01 --- INFO: ----------Source_Ebay (cli)
23-03-2011 03:10:21 --- INFO: Lexus RX 300 - found: 23, pass primary filters: 4, did not pass the filter by color: 1, added: 3, new vincodes: 0
23-03-2011 03:10:58 --- INFO: Lexus RX 330 - found: 49, pass primary filters: 1, did not pass the filter by color: 0, added: 1, new vincodes: 0
23-03-2011 03:11:27 --- INFO: Lexus RX 400H - found: 37, pass primary filters: 0, did not pass the filter by color: 0, added: 0, new vincodes: 0
23-03-2011 03:11:43 --- INFO: Lexus GX 470 - found: 21, pass primary filters: 6, did not pass the filter by color: 3, added: 3, new vincodes: 0
23-03-2011 03:12:04 --- INFO: Lexus GX 470 - found: 27, pass primary filters: 10, did not pass the filter by color: 7, added: 3, new vincodes: 0
23-03-2011 03:12:10 --- INFO: Lexus LX 470 - found: 8, pass primary filters: 5, did not pass the filter by color: 4, added: 1, new vincodes: 0
23-03-2011 03:12:17 --- INFO: Lexus LX 470 - found: 9, pass primary filters: 6, did not pass the filter by color: 6, added: 0, new vincodes: 0
23-03-2011 03:12:22 --- INFO: Toyota Land Cruiser - found: 4, pass primary filters: 2, did not pass the filter by color: 2, added: 0, new vincodes: 0
23-03-2011 03:12:32 --- INFO: Honda CR-V - found: 11, pass primary filters: 2, did not pass the filter by color: 0, added: 2, new vincodes: 0
23-03-2011 03:12:52 --- INFO: Honda Pilot - found: 30, pass primary filters: 0, did not pass the filter by color: 0, added: 0, new vincodes: 0
23-03-2011 03:12:57 --- INFO: Mitsubishi Montero 4WD Limited - found: 5, pass primary filters: 0, did not pass the filter by color: 0, added: 0, new vincodes: 0
23-03-2011 03:14:18 --- INFO: Toyota 4RUNNER 4WD Limited - found: 61, pass primary filters: 28, did not pass the filter by color: 22, added: 6, new vincodes: 0
23-03-2011 03:14:24 --- INFO: Toyota RAV 4 - found: 8, pass primary filters: 0, did not pass the filter by color: 0, added: 0, new vincodes: 0
23-03-2011 03:14:36 --- INFO: Toyota Highlander 4WD - found: 17, pass primary filters: 0, did not pass the filter by color: 0, added: 0, new vincodes: 0
23-03-2011 03:14:36 --- INFO: finish: 23-03-2011 03:14:36
23-03-2011 03:14:36 --- INFO: elapsed time: ~275.46 sec., memory usage: ~2.34 Mb.
23-03-2011 03:20:01 --- INFO: start: 23-03-2011 03:20:01
23-03-2011 03:20:01 --- INFO: ----------Source_Cars (cli)
23-03-2011 03:20:08 --- INFO: Lexus RX 300 - found: 8, pass primary filters: 4, did not pass the filter by color: 4, added: 0, new vincodes: 0
23-03-2011 03:20:39 --- INFO: Lexus RX 330 - found: 42, pass primary filters: 15, did not pass the filter by color: 4, added: 11, new vincodes: 1
23-03-2011 03:20:40 --- INFO: Lexus RX 400H - found: 1, pass primary filters: 1, did not pass the filter by color: 1, added: 0, new vincodes: 0
23-03-2011 03:20:50 --- INFO: Lexus GX 470 - found: 12, pass primary filters: 11, did not pass the filter by color: 11, added: 0, new vincodes: 0
23-03-2011 03:20:59 --- INFO: Lexus GX 470 - found: 10, pass primary filters: 10, did not pass the filter by color: 4, added: 6, new vincodes: 0
23-03-2011 03:21:14 --- INFO: Lexus LX 470 - found: 0, pass primary filters: 0, did not pass the filter by color: 0, added: 0, new vincodes: 0
23-03-2011 03:21:22 --- INFO: Lexus LX 470 - found: 0, pass primary filters: 0, did not pass the filter by color: 0, added: 0, new vincodes: 0
23-03-2011 03:21:39 --- INFO: Toyota Land Cruiser - found: 0, pass primary filters: 0, did not pass the filter by color: 0, added: 0, new vincodes: 0
23-03-2011 03:22:07 --- INFO: Honda CR-V - found: 39, pass primary filters: 9, did not pass the filter by color: 0, added: 9, new vincodes: 0
23-03-2011 03:28:17 --- INFO: Honda Pilot - found: 489, pass primary filters: 54, did not pass the filter by color: 0, added: 54, new vincodes: 0
23-03-2011 03:28:36 --- INFO: Mitsubishi Montero 4WD Limited - found: 22, pass primary filters: 10, did not pass the filter by color: 10, added: 0, new vincodes: 0
23-03-2011 03:34:09 --- INFO: Toyota 4RUNNER 4WD Limited - found: 443, pass primary filters: 72, did not pass the filter by color: 51, added: 21, new vincodes: 1
23-03-2011 03:34:16 --- INFO: Toyota RAV 4 - found: 8, pass primary filters: 1, did not pass the filter by color: 1, added: 0, new vincodes: 0
23-03-2011 03:34:29 --- INFO: Toyota Highlander 4WD - found: 14, pass primary filters: 0, did not pass the filter by color: 0, added: 0, new vincodes: 0
23-03-2011 03:34:29 --- INFO: finish: 23-03-2011 03:34:29
23-03-2011 03:34:29 --- INFO: elapsed time: ~867.18 sec., memory usage: ~3.22 Mb.
23-03-2011 03:30:01 --- INFO: start: 23-03-2011 03:30:01
23-03-2011 03:30:01 --- INFO: ----------Source_Autotrader (cli)
23-03-2011 03:35:02 --- ERROR: Unauthorized request
23-03-2011 03:35:02 --- INFO: finish: 23-03-2011 03:35:02
23-03-2011 03:35:02 --- INFO: elapsed time: ~301.01 sec., memory usage: ~1.32 Mb.
23-03-2011 06:10:01 --- INFO: start: 23-03-2011 06:10:01
23-03-2011 06:10:01 --- INFO: ----------Source_Adesa (cli)
23-03-2011 06:10:03 --- INFO: Authorized request
23-03-2011 06:10:04 --- INFO: Lexus RX 300 - found: 8, pass primary filters: 3, did not pass the filter by color: 2, added: 1, new vincodes: 0
23-03-2011 06:10:04 --- INFO: Lexus RX 330 - found: 10, pass primary filters: 2, did not pass the filter by color: 0, added: 2, new vincodes: 0
23-03-2011 06:10:04 --- INFO: Lexus RX 400H - found: 1, pass primary filters: 0, did not pass the filter by color: 0, added: 0, new vincodes: 0
23-03-2011 06:10:04 --- INFO: Lexus GX 470 - found: 3, pass primary filters: 2, did not pass the filter by color: 0, added: 2, new vincodes: 0
23-03-2011 06:10:04 --- INFO: Lexus GX 470 - found: 1, pass primary filters: 0, did not pass the filter by color: 0, added: 0, new vincodes: 0
23-03-2011 06:10:04 --- INFO: Lexus LX 470 - found: 1, pass primary filters: 1, did not pass the filter by color: 1, added: 0, new vincodes: 0
23-03-2011 06:10:05 --- INFO: Lexus LX 470 - found: 1, pass primary filters: 1, did not pass the filter by color: 1, added: 0, new vincodes: 0
23-03-2011 06:10:06 --- INFO: Toyota Land Cruiser - found: 1, pass primary filters: 1, did not pass the filter by color: 1, added: 0, new vincodes: 1
23-03-2011 06:10:06 --- INFO: Honda CR-V - found: 7, pass primary filters: 1, did not pass the filter by color: 0, added: 1, new vincodes: 0
23-03-2011 06:10:06 --- INFO: Honda Pilot - found: 22, pass primary filters: 1, did not pass the filter by color: 0, added: 1, new vincodes: 0
23-03-2011 06:10:06 --- INFO: Mitsubishi Montero 4WD Limited - found: 24, pass primary filters: 4, did not pass the filter by color: 4, added: 0, new vincodes: 0
23-03-2011 06:10:07 --- INFO: Toyota 4RUNNER 4WD Limited - found: 25, pass primary filters: 6, did not pass the filter by color: 6, added: 0, new vincodes: 0
23-03-2011 06:10:07 --- INFO: Toyota RAV 4 - found: 7, pass primary filters: 3, did not pass the filter by color: 3, added: 0, new vincodes: 0
23-03-2011 06:10:07 --- INFO: Toyota Highlander 4WD - found: 11, pass primary filters: 0, did not pass the filter by color: 0, added: 0, new vincodes: 0
23-03-2011 06:10:07 --- INFO: finish: 23-03-2011 06:10:07
23-03-2011 06:10:07 --- INFO: elapsed time: ~5.59 sec., memory usage: ~2.1 Mb.
23-03-2011 06:10:01 --- INFO: start: 23-03-2011 06:10:01
23-03-2011 06:10:01 --- INFO: ----------Source_Gsmotors (cli)
23-03-2011 06:11:50 --- INFO: Lexus RX 300 - found: 72, pass primary filters: 22, did not pass the filter by color: 8, added: 14, new vincodes: 2
23-03-2011 06:15:07 --- INFO: Lexus RX 330 - found: 160, pass primary filters: 37, did not pass the filter by color: 14, added: 23, new vincodes: 4
23-03-2011 06:15:19 --- INFO: Lexus RX 400H - found: 10, pass primary filters: 1, did not pass the filter by color: 0, added: 1, new vincodes: 0
23-03-2011 06:16:07 --- INFO: Lexus GX 470 - found: 44, pass primary filters: 16, did not pass the filter by color: 14, added: 2, new vincodes: 2
23-03-2011 06:17:33 --- INFO: Lexus GX 470 - found: 57, pass primary filters: 22, did not pass the filter by color: 17, added: 5, new vincodes: 1
23-03-2011 06:17:56 --- INFO: Lexus LX 470 - found: 18, pass primary filters: 12, did not pass the filter by color: 12, added: 0, new vincodes: 0
23-03-2011 06:18:27 --- INFO: Lexus LX 470 - found: 19, pass primary filters: 16, did not pass the filter by color: 14, added: 2, new vincodes: 1
23-03-2011 06:18:35 --- INFO: Toyota Land Cruiser - found: 3, pass primary filters: 2, did not pass the filter by color: 2, added: 0, new vincodes: 0
23-03-2011 06:19:43 --- INFO: Honda CR-V - found: 39, pass primary filters: 2, did not pass the filter by color: 0, added: 2, new vincodes: 0
23-03-2011 06:21:56 --- INFO: Honda Pilot - found: 108, pass primary filters: 8, did not pass the filter by color: 0, added: 8, new vincodes: 0
23-03-2011 06:23:34 --- INFO: Mitsubishi Montero 4WD Limited - found: 65, pass primary filters: 11, did not pass the filter by color: 11, added: 0, new vincodes: 2
23-03-2011 06:27:59 --- INFO: Toyota 4RUNNER 4WD Limited - found: 189, pass primary filters: 33, did not pass the filter by color: 20, added: 13, new vincodes: 2
23-03-2011 06:29:14 --- INFO: Toyota RAV 4 - found: 52, pass primary filters: 13, did not pass the filter by color: 13, added: 0, new vincodes: 2
23-03-2011 06:30:29 --- INFO: Toyota Highlander 4WD - found: 56, pass primary filters: 0, did not pass the filter by color: 0, added: 0, new vincodes: 0
23-03-2011 06:30:29 --- INFO: finish: 23-03-2011 06:30:29
23-03-2011 06:30:29 --- INFO: elapsed time: ~1227.31 sec., memory usage: ~3.37 Mb.
23-03-2011 07:05:01 --- INFO: start: 23-03-2011 07:05:01
23-03-2011 07:05:01 --- INFO: ----------Source_Openlane (cli)
23-03-2011 07:05:05 --- INFO: Authorized request
23-03-2011 07:05:06 --- INFO: Lexus RX 300 - found: 1, pass primary filters: 1, did not pass the filter by color: 0, added: 1, new vincodes: 0
23-03-2011 07:05:07 --- INFO: Lexus RX 330 - found: 0, pass primary filters: 0, did not pass the filter by color: 0, added: 0, new vincodes: 0
23-03-2011 07:05:08 --- INFO: Lexus RX 400H - found: 0, pass primary filters: 0, did not pass the filter by color: 0, added: 0, new vincodes: 0
23-03-2011 07:05:10 --- INFO: Lexus GX 470 - found: 0, pass primary filters: 0, did not pass the filter by color: 0, added: 0, new vincodes: 0
23-03-2011 07:05:11 --- INFO: Lexus GX 470 - found: 3, pass primary filters: 3, did not pass the filter by color: 1, added: 2, new vincodes: 0
23-03-2011 07:05:12 --- INFO: Lexus LX 470 - found: 1, pass primary filters: 1, did not pass the filter by color: 1, added: 0, new vincodes: 0
23-03-2011 07:05:13 --- INFO: Lexus LX 470 - found: 2, pass primary filters: 2, did not pass the filter by color: 2, added: 0, new vincodes: 0
23-03-2011 07:05:14 --- INFO: Toyota Land Cruiser - found: 0, pass primary filters: 0, did not pass the filter by color: 0, added: 0, new vincodes: 0
23-03-2011 07:05:15 --- INFO: Honda CR-V - found: 0, pass primary filters: 0, did not pass the filter by color: 0, added: 0, new vincodes: 0
23-03-2011 07:05:17 --- INFO: Honda Pilot - found: 2, pass primary filters: 0, did not pass the filter by color: 0, added: 0, new vincodes: 0
23-03-2011 07:05:18 --- INFO: Mitsubishi Montero 4WD Limited - found: 1, pass primary filters: 1, did not pass the filter by color: 1, added: 0, new vincodes: 0
23-03-2011 07:05:19 --- INFO: Toyota 4RUNNER 4WD Limited - found: 2, pass primary filters: 1, did not pass the filter by color: 1, added: 0, new vincodes: 0
23-03-2011 07:05:20 --- INFO: Toyota RAV 4 - found: 1, pass primary filters: 1, did not pass the filter by color: 1, added: 0, new vincodes: 0
23-03-2011 07:05:21 --- INFO: Toyota Highlander 4WD - found: 1, pass primary filters: 0, did not pass the filter by color: 0, added: 0, new vincodes: 0
23-03-2011 07:05:21 --- INFO: finish: 23-03-2011 07:05:21
23-03-2011 07:05:21 --- INFO: elapsed time: ~20.08 sec., memory usage: ~1.96 Mb.
23-03-2011 07:10:01 --- INFO: start: 23-03-2011 07:10:01
23-03-2011 07:10:01 --- INFO: ----------Source_Ebay (cli)
23-03-2011 07:10:19 --- INFO: Lexus RX 300 - found: 23, pass primary filters: 4, did not pass the filter by color: 1, added: 3, new vincodes: 0
23-03-2011 07:10:57 --- INFO: Lexus RX 330 - found: 49, pass primary filters: 1, did not pass the filter by color: 0, added: 1, new vincodes: 0
23-03-2011 07:11:26 --- INFO: Lexus RX 400H - found: 37, pass primary filters: 0, did not pass the filter by color: 0, added: 0, new vincodes: 0
23-03-2011 07:11:42 --- INFO: Lexus GX 470 - found: 21, pass primary filters: 6, did not pass the filter by color: 3, added: 3, new vincodes: 0
23-03-2011 07:12:02 --- INFO: Lexus GX 470 - found: 27, pass primary filters: 10, did not pass the filter by color: 7, added: 3, new vincodes: 0
23-03-2011 07:12:09 --- INFO: Lexus LX 470 - found: 8, pass primary filters: 5, did not pass the filter by color: 4, added: 1, new vincodes: 0
23-03-2011 07:12:16 --- INFO: Lexus LX 470 - found: 9, pass primary filters: 6, did not pass the filter by color: 6, added: 0, new vincodes: 0
23-03-2011 07:12:20 --- INFO: Toyota Land Cruiser - found: 4, pass primary filters: 2, did not pass the filter by color: 2, added: 0, new vincodes: 0
23-03-2011 07:12:29 --- INFO: Honda CR-V - found: 11, pass primary filters: 2, did not pass the filter by color: 0, added: 2, new vincodes: 0
23-03-2011 07:12:51 --- INFO: Honda Pilot - found: 30, pass primary filters: 0, did not pass the filter by color: 0, added: 0, new vincodes: 0
23-03-2011 07:12:56 --- INFO: Mitsubishi Montero 4WD Limited - found: 5, pass primary filters: 0, did not pass the filter by color: 0, added: 0, new vincodes: 0
23-03-2011 07:14:20 --- INFO: Toyota 4RUNNER 4WD Limited - found: 62, pass primary filters: 28, did not pass the filter by color: 21, added: 7, new vincodes: 0
23-03-2011 07:14:26 --- INFO: Toyota RAV 4 - found: 8, pass primary filters: 0, did not pass the filter by color: 0, added: 0, new vincodes: 0
23-03-2011 07:14:38 --- INFO: Toyota Highlander 4WD - found: 17, pass primary filters: 0, did not pass the filter by color: 0, added: 0, new vincodes: 0
23-03-2011 07:14:38 --- INFO: finish: 23-03-2011 07:14:38
23-03-2011 07:14:38 --- INFO: elapsed time: ~277.25 sec., memory usage: ~2.34 Mb.
23-03-2011 07:20:01 --- INFO: start: 23-03-2011 07:20:01
23-03-2011 07:20:01 --- INFO: ----------Source_Cars (cli)
23-03-2011 07:20:09 --- INFO: Lexus RX 300 - found: 9, pass primary filters: 5, did not pass the filter by color: 4, added: 1, new vincodes: 1
23-03-2011 07:20:41 --- INFO: Lexus RX 330 - found: 43, pass primary filters: 15, did not pass the filter by color: 4, added: 11, new vincodes: 0
23-03-2011 07:20:42 --- INFO: Lexus RX 400H - found: 1, pass primary filters: 1, did not pass the filter by color: 1, added: 0, new vincodes: 0
23-03-2011 07:20:52 --- INFO: Lexus GX 470 - found: 13, pass primary filters: 12, did not pass the filter by color: 12, added: 0, new vincodes: 0
23-03-2011 07:21:00 --- INFO: Lexus GX 470 - found: 10, pass primary filters: 10, did not pass the filter by color: 4, added: 6, new vincodes: 0
23-03-2011 07:21:15 --- INFO: Lexus LX 470 - found: 0, pass primary filters: 0, did not pass the filter by color: 0, added: 0, new vincodes: 0
23-03-2011 07:21:26 --- INFO: Lexus LX 470 - found: 0, pass primary filters: 0, did not pass the filter by color: 0, added: 0, new vincodes: 0
23-03-2011 07:21:41 --- INFO: Toyota Land Cruiser - found: 0, pass primary filters: 0, did not pass the filter by color: 0, added: 0, new vincodes: 0
23-03-2011 07:22:08 --- INFO: Honda CR-V - found: 39, pass primary filters: 9, did not pass the filter by color: 0, added: 9, new vincodes: 0
23-03-2011 07:27:35 --- INFO: Honda Pilot - found: 494, pass primary filters: 54, did not pass the filter by color: 0, added: 54, new vincodes: 0
23-03-2011 07:27:52 --- INFO: Mitsubishi Montero 4WD Limited - found: 24, pass primary filters: 10, did not pass the filter by color: 10, added: 0, new vincodes: 0
23-03-2011 07:32:46 --- INFO: Toyota 4RUNNER 4WD Limited - found: 447, pass primary filters: 69, did not pass the filter by color: 51, added: 18, new vincodes: 0
23-03-2011 07:32:52 --- INFO: Toyota RAV 4 - found: 8, pass primary filters: 1, did not pass the filter by color: 1, added: 0, new vincodes: 0
23-03-2011 07:33:04 --- INFO: Toyota Highlander 4WD - found: 14, pass primary filters: 0, did not pass the filter by color: 0, added: 0, new vincodes: 0
23-03-2011 07:33:04 --- INFO: finish: 23-03-2011 07:33:04
23-03-2011 07:33:04 --- INFO: elapsed time: ~783.04 sec., memory usage: ~3.2 Mb.
23-03-2011 07:30:01 --- INFO: start: 23-03-2011 07:30:01
23-03-2011 07:30:01 --- INFO: ----------Source_Autotrader (cli)
23-03-2011 07:35:02 --- ERROR: Unauthorized request
23-03-2011 07:35:02 --- INFO: finish: 23-03-2011 07:35:02
23-03-2011 07:35:02 --- INFO: elapsed time: ~300.96 sec., memory usage: ~1.32 Mb.
23-03-2011 08:10:01 --- INFO: start: 23-03-2011 08:10:01
23-03-2011 08:10:01 --- INFO: ----------Source_Adesa (cli)
23-03-2011 08:10:03 --- INFO: Authorized request
23-03-2011 08:10:03 --- INFO: Lexus RX 300 - found: 9, pass primary filters: 5, did not pass the filter by color: 2, added: 3, new vincodes: 0
23-03-2011 08:10:04 --- INFO: Lexus RX 330 - found: 10, pass primary filters: 2, did not pass the filter by color: 0, added: 2, new vincodes: 0
23-03-2011 08:10:04 --- INFO: Lexus RX 400H - found: 1, pass primary filters: 0, did not pass the filter by color: 0, added: 0, new vincodes: 0
23-03-2011 08:10:04 --- INFO: Lexus GX 470 - found: 3, pass primary filters: 2, did not pass the filter by color: 0, added: 2, new vincodes: 0
23-03-2011 08:10:04 --- INFO: Lexus GX 470 - found: 1, pass primary filters: 0, did not pass the filter by color: 0, added: 0, new vincodes: 0
23-03-2011 08:10:04 --- INFO: Lexus LX 470 - found: 1, pass primary filters: 1, did not pass the filter by color: 1, added: 0, new vincodes: 0
23-03-2011 08:10:04 --- INFO: Lexus LX 470 - found: 1, pass primary filters: 1, did not pass the filter by color: 1, added: 0, new vincodes: 0
23-03-2011 08:10:05 --- INFO: Toyota Land Cruiser - found: 1, pass primary filters: 1, did not pass the filter by color: 1, added: 0, new vincodes: 0
23-03-2011 08:10:05 --- INFO: Honda CR-V - found: 9, pass primary filters: 1, did not pass the filter by color: 0, added: 1, new vincodes: 0
23-03-2011 08:10:05 --- INFO: Honda Pilot - found: 22, pass primary filters: 1, did not pass the filter by color: 0, added: 1, new vincodes: 0
23-03-2011 08:10:05 --- INFO: Mitsubishi Montero 4WD Limited - found: 25, pass primary filters: 4, did not pass the filter by color: 4, added: 0, new vincodes: 0
23-03-2011 08:10:07 --- INFO: Toyota 4RUNNER 4WD Limited - found: 26, pass primary filters: 7, did not pass the filter by color: 7, added: 0, new vincodes: 1
23-03-2011 08:10:07 --- INFO: Toyota RAV 4 - found: 7, pass primary filters: 3, did not pass the filter by color: 3, added: 0, new vincodes: 0
23-03-2011 08:10:07 --- INFO: Toyota Highlander 4WD - found: 12, pass primary filters: 0, did not pass the filter by color: 0, added: 0, new vincodes: 0
23-03-2011 08:10:07 --- INFO: finish: 23-03-2011 08:10:07
23-03-2011 08:10:07 --- INFO: elapsed time: ~6.18 sec., memory usage: ~2.12 Mb.
23-03-2011 08:10:01 --- INFO: start: 23-03-2011 08:10:01
23-03-2011 08:10:01 --- INFO: ----------Source_Gsmotors (cli)
23-03-2011 08:10:46 --- INFO: Lexus RX 300 - found: 72, pass primary filters: 22, did not pass the filter by color: 9, added: 13, new vincodes: 0
23-03-2011 08:12:34 --- INFO: Lexus RX 330 - found: 160, pass primary filters: 37, did not pass the filter by color: 14, added: 23, new vincodes: 0
23-03-2011 08:12:41 --- INFO: Lexus RX 400H - found: 10, pass primary filters: 1, did not pass the filter by color: 0, added: 1, new vincodes: 0
23-03-2011 08:13:08 --- INFO: Lexus GX 470 - found: 44, pass primary filters: 16, did not pass the filter by color: 14, added: 2, new vincodes: 0
23-03-2011 08:13:43 --- INFO: Lexus GX 470 - found: 57, pass primary filters: 22, did not pass the filter by color: 16, added: 6, new vincodes: 0
23-03-2011 08:13:55 --- INFO: Lexus LX 470 - found: 18, pass primary filters: 12, did not pass the filter by color: 12, added: 0, new vincodes: 0
23-03-2011 08:14:10 --- INFO: Lexus LX 470 - found: 19, pass primary filters: 16, did not pass the filter by color: 14, added: 2, new vincodes: 0
23-03-2011 08:14:17 --- INFO: Toyota Land Cruiser - found: 3, pass primary filters: 2, did not pass the filter by color: 2, added: 0, new vincodes: 0
23-03-2011 08:14:47 --- INFO: Honda CR-V - found: 39, pass primary filters: 2, did not pass the filter by color: 0, added: 2, new vincodes: 0
23-03-2011 08:15:55 --- INFO: Honda Pilot - found: 108, pass primary filters: 8, did not pass the filter by color: 0, added: 8, new vincodes: 0
23-03-2011 08:16:45 --- INFO: Mitsubishi Montero 4WD Limited - found: 65, pass primary filters: 11, did not pass the filter by color: 11, added: 0, new vincodes: 0
23-03-2011 08:18:53 --- INFO: Toyota 4RUNNER 4WD Limited - found: 189, pass primary filters: 33, did not pass the filter by color: 20, added: 13, new vincodes: 0
23-03-2011 08:19:27 --- INFO: Toyota RAV 4 - found: 52, pass primary filters: 13, did not pass the filter by color: 13, added: 0, new vincodes: 0
23-03-2011 08:20:05 --- INFO: Toyota Highlander 4WD - found: 56, pass primary filters: 0, did not pass the filter by color: 0, added: 0, new vincodes: 0
23-03-2011 08:20:05 --- INFO: finish: 23-03-2011 08:20:05
23-03-2011 08:20:05 --- INFO: elapsed time: ~604.16 sec., memory usage: ~3.21 Mb.
23-03-2011 08:58:01 --- INFO: start: 23-03-2011 08:58:01
23-03-2011 08:58:01 --- INFO: ----------Source_Adesa (apache2handler)
23-03-2011 08:58:02 --- INFO: Authorized request
23-03-2011 08:58:03 --- INFO: Lexus RX 300 - found: 9, pass primary filters: 5, did not pass the filter by color: 2, added: 3, new vincodes: 0
23-03-2011 08:58:03 --- INFO: Lexus RX 330 - found: 11, pass primary filters: 2, did not pass the filter by color: 0, added: 2, new vincodes: 0
23-03-2011 08:58:03 --- INFO: Lexus RX 400H - found: 1, pass primary filters: 0, did not pass the filter by color: 0, added: 0, new vincodes: 0
23-03-2011 08:58:03 --- INFO: Lexus GX 470 - found: 3, pass primary filters: 2, did not pass the filter by color: 0, added: 2, new vincodes: 0
23-03-2011 08:58:03 --- INFO: Lexus GX 470 - found: 1, pass primary filters: 0, did not pass the filter by color: 0, added: 0, new vincodes: 0
23-03-2011 08:58:04 --- INFO: Lexus LX 470 - found: 1, pass primary filters: 1, did not pass the filter by color: 1, added: 0, new vincodes: 0
23-03-2011 08:58:04 --- INFO: Lexus LX 470 - found: 1, pass primary filters: 1, did not pass the filter by color: 1, added: 0, new vincodes: 0
23-03-2011 08:58:04 --- INFO: Toyota Land Cruiser - found: 1, pass primary filters: 1, did not pass the filter by color: 1, added: 0, new vincodes: 0
23-03-2011 08:58:04 --- INFO: Honda CR-V - found: 9, pass primary filters: 1, did not pass the filter by color: 0, added: 1, new vincodes: 0
23-03-2011 08:58:04 --- INFO: Honda Pilot - found: 22, pass primary filters: 1, did not pass the filter by color: 0, added: 1, new vincodes: 0
23-03-2011 08:58:05 --- INFO: Mitsubishi Montero 4WD Limited - found: 25, pass primary filters: 4, did not pass the filter by color: 4, added: 0, new vincodes: 0
23-03-2011 08:58:07 --- INFO: Toyota 4RUNNER 4WD Limited - found: 27, pass primary filters: 9, did not pass the filter by color: 7, added: 2, new vincodes: 2
23-03-2011 08:58:08 --- INFO: Toyota RAV 4 - found: 7, pass primary filters: 3, did not pass the filter by color: 3, added: 0, new vincodes: 0
23-03-2011 08:58:08 --- INFO: Toyota Highlander 4WD - found: 13, pass primary filters: 0, did not pass the filter by color: 0, added: 0, new vincodes: 0
23-03-2011 08:58:08 --- INFO: finish: 23-03-2011 08:58:08
23-03-2011 08:58:08 --- INFO: elapsed time: ~7.02 sec., memory usage: ~2.13 Mb.
23-03-2011 09:10:01 --- INFO: start: 23-03-2011 09:10:01
23-03-2011 09:10:01 --- INFO: ----------Source_Adesa (cli)
23-03-2011 09:10:03 --- INFO: Authorized request
23-03-2011 09:10:03 --- INFO: Lexus RX 300 - found: 9, pass primary filters: 5, did not pass the filter by color: 2, added: 3, new vincodes: 0
23-03-2011 09:10:04 --- INFO: Lexus RX 330 - found: 11, pass primary filters: 2, did not pass the filter by color: 0, added: 2, new vincodes: 0
23-03-2011 09:10:04 --- INFO: Lexus RX 400H - found: 1, pass primary filters: 0, did not pass the filter by color: 0, added: 0, new vincodes: 0
23-03-2011 09:10:04 --- INFO: Lexus GX 470 - found: 3, pass primary filters: 2, did not pass the filter by color: 0, added: 2, new vincodes: 0
23-03-2011 09:10:04 --- INFO: Lexus GX 470 - found: 1, pass primary filters: 0, did not pass the filter by color: 0, added: 0, new vincodes: 0
23-03-2011 09:10:04 --- INFO: Lexus LX 470 - found: 1, pass primary filters: 1, did not pass the filter by color: 1, added: 0, new vincodes: 0
23-03-2011 09:10:04 --- INFO: Lexus LX 470 - found: 1, pass primary filters: 1, did not pass the filter by color: 1, added: 0, new vincodes: 0
23-03-2011 09:10:05 --- INFO: Toyota Land Cruiser - found: 1, pass primary filters: 1, did not pass the filter by color: 1, added: 0, new vincodes: 0
23-03-2011 09:10:05 --- INFO: Honda CR-V - found: 9, pass primary filters: 1, did not pass the filter by color: 0, added: 1, new vincodes: 0
23-03-2011 09:10:05 --- INFO: Honda Pilot - found: 22, pass primary filters: 1, did not pass the filter by color: 0, added: 1, new vincodes: 0
23-03-2011 09:10:05 --- INFO: Mitsubishi Montero 4WD Limited - found: 25, pass primary filters: 4, did not pass the filter by color: 4, added: 0, new vincodes: 0
23-03-2011 09:10:06 --- INFO: Toyota 4RUNNER 4WD Limited - found: 27, pass primary filters: 9, did not pass the filter by color: 7, added: 2, new vincodes: 0
23-03-2011 09:10:06 --- INFO: Toyota RAV 4 - found: 7, pass primary filters: 3, did not pass the filter by color: 3, added: 0, new vincodes: 0
23-03-2011 09:10:06 --- INFO: Toyota Highlander 4WD - found: 13, pass primary filters: 0, did not pass the filter by color: 0, added: 0, new vincodes: 0
23-03-2011 09:10:06 --- INFO: finish: 23-03-2011 09:10:06
23-03-2011 09:10:06 --- INFO: elapsed time: ~4.8 sec., memory usage: ~2.1 Mb.
23-03-2011 09:10:01 --- INFO: start: 23-03-2011 09:10:01
23-03-2011 09:10:01 --- INFO: ----------Source_Gsmotors (cli)
23-03-2011 09:10:55 --- INFO: Lexus RX 300 - found: 72, pass primary filters: 22, did not pass the filter by color: 8, added: 14, new vincodes: 0
23-03-2011 09:13:39 --- INFO: Lexus RX 330 - found: 160, pass primary filters: 37, did not pass the filter by color: 14, added: 23, new vincodes: 0
23-03-2011 09:13:47 --- INFO: Lexus RX 400H - found: 10, pass primary filters: 1, did not pass the filter by color: 0, added: 1, new vincodes: 0
23-03-2011 09:14:25 --- INFO: Lexus GX 470 - found: 44, pass primary filters: 16, did not pass the filter by color: 14, added: 2, new vincodes: 0
23-03-2011 09:15:14 --- INFO: Lexus GX 470 - found: 57, pass primary filters: 22, did not pass the filter by color: 16, added: 6, new vincodes: 0
23-03-2011 09:15:28 --- INFO: Lexus LX 470 - found: 18, pass primary filters: 12, did not pass the filter by color: 12, added: 0, new vincodes: 0
23-03-2011 09:15:43 --- INFO: Lexus LX 470 - found: 19, pass primary filters: 16, did not pass the filter by color: 14, added: 2, new vincodes: 0
23-03-2011 09:15:47 --- INFO: Toyota Land Cruiser - found: 3, pass primary filters: 2, did not pass the filter by color: 2, added: 0, new vincodes: 0
23-03-2011 09:16:25 --- INFO: Honda CR-V - found: 39, pass primary filters: 2, did not pass the filter by color: 0, added: 2, new vincodes: 0
23-03-2011 09:17:44 --- INFO: Honda Pilot - found: 108, pass primary filters: 8, did not pass the filter by color: 0, added: 8, new vincodes: 0
23-03-2011 09:18:29 --- INFO: Mitsubishi Montero 4WD Limited - found: 65, pass primary filters: 11, did not pass the filter by color: 11, added: 0, new vincodes: 0
23-03-2011 09:20:40 --- INFO: Toyota 4RUNNER 4WD Limited - found: 189, pass primary filters: 33, did not pass the filter by color: 20, added: 13, new vincodes: 0
23-03-2011 09:21:15 --- INFO: Toyota RAV 4 - found: 52, pass primary filters: 13, did not pass the filter by color: 13, added: 0, new vincodes: 0
23-03-2011 09:22:02 --- INFO: Toyota Highlander 4WD - found: 56, pass primary filters: 0, did not pass the filter by color: 0, added: 0, new vincodes: 0
23-03-2011 09:22:02 --- INFO: finish: 23-03-2011 09:22:02
23-03-2011 09:22:02 --- INFO: elapsed time: ~721.07 sec., memory usage: ~3.21 Mb.
23-03-2011 10:00:02 --- INFO: start: 23-03-2011 10:00:02
23-03-2011 10:00:02 --- INFO: ----------Source_Adesa (cli)
23-03-2011 10:00:03 --- INFO: Authorized request
23-03-2011 10:00:03 --- INFO: Lexus RX 300 - found: 9, pass primary filters: 5, did not pass the filter by color: 2, added: 3, new vincodes: 0
23-03-2011 10:00:04 --- INFO: Lexus RX 330 - found: 11, pass primary filters: 2, did not pass the filter by color: 0, added: 2, new vincodes: 0
23-03-2011 10:00:04 --- INFO: Lexus RX 400H - found: 1, pass primary filters: 0, did not pass the filter by color: 0, added: 0, new vincodes: 0
23-03-2011 10:00:04 --- INFO: Lexus GX 470 - found: 3, pass primary filters: 2, did not pass the filter by color: 0, added: 2, new vincodes: 0
23-03-2011 10:00:04 --- INFO: Lexus GX 470 - found: 1, pass primary filters: 0, did not pass the filter by color: 0, added: 0, new vincodes: 0
23-03-2011 10:00:04 --- INFO: Lexus LX 470 - found: 1, pass primary filters: 1, did not pass the filter by color: 1, added: 0, new vincodes: 0
23-03-2011 10:00:04 --- INFO: Lexus LX 470 - found: 1, pass primary filters: 1, did not pass the filter by color: 1, added: 0, new vincodes: 0
23-03-2011 10:00:05 --- INFO: Toyota Land Cruiser - found: 1, pass primary filters: 1, did not pass the filter by color: 1, added: 0, new vincodes: 0
23-03-2011 10:00:05 --- INFO: Honda CR-V - found: 9, pass primary filters: 1, did not pass the filter by color: 0, added: 1, new vincodes: 0
23-03-2011 10:00:05 --- INFO: Honda Pilot - found: 22, pass primary filters: 1, did not pass the filter by color: 0, added: 1, new vincodes: 0
23-03-2011 10:00:05 --- INFO: Mitsubishi Montero 4WD Limited - found: 25, pass primary filters: 4, did not pass the filter by color: 4, added: 0, new vincodes: 0
23-03-2011 10:00:06 --- INFO: Toyota 4RUNNER 4WD Limited - found: 28, pass primary filters: 9, did not pass the filter by color: 7, added: 2, new vincodes: 0
23-03-2011 10:00:06 --- INFO: Toyota RAV 4 - found: 7, pass primary filters: 3, did not pass the filter by color: 3, added: 0, new vincodes: 0
23-03-2011 10:00:06 --- INFO: Toyota Highlander 4WD - found: 13, pass primary filters: 0, did not pass the filter by color: 0, added: 0, new vincodes: 0
23-03-2011 10:00:06 --- INFO: finish: 23-03-2011 10:00:06
23-03-2011 10:00:06 --- INFO: elapsed time: ~4.5 sec., memory usage: ~2.1 Mb.
23-03-2011 10:00:02 --- INFO: start: 23-03-2011 10:00:02
23-03-2011 10:00:02 --- INFO: ----------Source_Gsmotors (cli)
23-03-2011 10:00:50 --- INFO: Lexus RX 300 - found: 72, pass primary filters: 22, did not pass the filter by color: 8, added: 14, new vincodes: 0
23-03-2011 10:02:56 --- INFO: Lexus RX 330 - found: 160, pass primary filters: 37, did not pass the filter by color: 13, added: 24, new vincodes: 0
23-03-2011 10:03:03 --- INFO: Lexus RX 400H - found: 10, pass primary filters: 1, did not pass the filter by color: 0, added: 1, new vincodes: 0
23-03-2011 10:03:31 --- INFO: Lexus GX 470 - found: 44, pass primary filters: 16, did not pass the filter by color: 14, added: 2, new vincodes: 0
23-03-2011 10:04:26 --- INFO: Lexus GX 470 - found: 57, pass primary filters: 22, did not pass the filter by color: 17, added: 5, new vincodes: 0
23-03-2011 10:04:42 --- INFO: Lexus LX 470 - found: 18, pass primary filters: 12, did not pass the filter by color: 12, added: 0, new vincodes: 0
23-03-2011 10:04:59 --- INFO: Lexus LX 470 - found: 19, pass primary filters: 16, did not pass the filter by color: 14, added: 2, new vincodes: 0
23-03-2011 10:05:03 --- INFO: Toyota Land Cruiser - found: 3, pass primary filters: 2, did not pass the filter by color: 2, added: 0, new vincodes: 0
23-03-2011 10:05:31 --- INFO: Honda CR-V - found: 39, pass primary filters: 2, did not pass the filter by color: 0, added: 2, new vincodes: 0
23-03-2011 10:06:58 --- INFO: Honda Pilot - found: 108, pass primary filters: 8, did not pass the filter by color: 0, added: 8, new vincodes: 0
23-03-2011 10:08:03 --- INFO: Mitsubishi Montero 4WD Limited - found: 65, pass primary filters: 11, did not pass the filter by color: 11, added: 0, new vincodes: 0
23-03-2011 10:10:46 --- INFO: Toyota 4RUNNER 4WD Limited - found: 189, pass primary filters: 33, did not pass the filter by color: 20, added: 13, new vincodes: 0
23-03-2011 10:11:42 --- INFO: Toyota RAV 4 - found: 52, pass primary filters: 13, did not pass the filter by color: 13, added: 0, new vincodes: 0
23-03-2011 10:12:20 --- INFO: Toyota Highlander 4WD - found: 56, pass primary filters: 0, did not pass the filter by color: 0, added: 0, new vincodes: 0
23-03-2011 10:12:20 --- INFO: finish: 23-03-2011 10:12:20
23-03-2011 10:12:20 --- INFO: elapsed time: ~738.14 sec., memory usage: ~3.21 Mb.
23-03-2011 11:05:01 --- INFO: start: 23-03-2011 11:05:01
23-03-2011 11:05:01 --- INFO: ----------Source_Openlane (cli)
23-03-2011 11:05:05 --- INFO: Authorized request
23-03-2011 11:05:07 --- INFO: Lexus RX 300 - found: 1, pass primary filters: 1, did not pass the filter by color: 0, added: 1, new vincodes: 0
23-03-2011 11:05:08 --- INFO: Lexus RX 330 - found: 0, pass primary filters: 0, did not pass the filter by color: 0, added: 0, new vincodes: 0
23-03-2011 11:05:09 --- INFO: Lexus RX 400H - found: 0, pass primary filters: 0, did not pass the filter by color: 0, added: 0, new vincodes: 0
23-03-2011 11:05:10 --- INFO: Lexus GX 470 - found: 0, pass primary filters: 0, did not pass the filter by color: 0, added: 0, new vincodes: 0
23-03-2011 11:05:11 --- INFO: Lexus GX 470 - found: 3, pass primary filters: 3, did not pass the filter by color: 1, added: 2, new vincodes: 0
23-03-2011 11:05:12 --- INFO: Lexus LX 470 - found: 1, pass primary filters: 1, did not pass the filter by color: 1, added: 0, new vincodes: 0
23-03-2011 11:05:14 --- INFO: Lexus LX 470 - found: 2, pass primary filters: 2, did not pass the filter by color: 2, added: 0, new vincodes: 0
23-03-2011 11:05:15 --- INFO: Toyota Land Cruiser - found: 0, pass primary filters: 0, did not pass the filter by color: 0, added: 0, new vincodes: 0
23-03-2011 11:05:16 --- INFO: Honda CR-V - found: 0, pass primary filters: 0, did not pass the filter by color: 0, added: 0, new vincodes: 0
23-03-2011 11:05:17 --- INFO: Honda Pilot - found: 2, pass primary filters: 0, did not pass the filter by color: 0, added: 0, new vincodes: 0
23-03-2011 11:05:18 --- INFO: Mitsubishi Montero 4WD Limited - found: 1, pass primary filters: 1, did not pass the filter by color: 1, added: 0, new vincodes: 0
23-03-2011 11:05:19 --- INFO: Toyota 4RUNNER 4WD Limited - found: 2, pass primary filters: 1, did not pass the filter by color: 1, added: 0, new vincodes: 0
23-03-2011 11:05:20 --- INFO: Toyota RAV 4 - found: 1, pass primary filters: 1, did not pass the filter by color: 1, added: 0, new vincodes: 0
23-03-2011 11:05:22 --- INFO: Toyota Highlander 4WD - found: 1, pass primary filters: 0, did not pass the filter by color: 0, added: 0, new vincodes: 0
23-03-2011 11:05:22 --- INFO: finish: 23-03-2011 11:05:22
23-03-2011 11:05:22 --- INFO: elapsed time: ~20.26 sec., memory usage: ~1.96 Mb.
23-03-2011 11:10:01 --- INFO: start: 23-03-2011 11:10:01
23-03-2011 11:10:01 --- INFO: ----------Source_Adesa (cli)
23-03-2011 11:10:03 --- INFO: Authorized request
23-03-2011 11:10:03 --- INFO: Lexus RX 300 - found: 9, pass primary filters: 5, did not pass the filter by color: 2, added: 3, new vincodes: 0
23-03-2011 11:10:03 --- INFO: Lexus RX 330 - found: 11, pass primary filters: 2, did not pass the filter by color: 0, added: 2, new vincodes: 0
23-03-2011 11:10:04 --- INFO: Lexus RX 400H - found: 1, pass primary filters: 0, did not pass the filter by color: 0, added: 0, new vincodes: 0
23-03-2011 11:10:04 --- INFO: Lexus GX 470 - found: 3, pass primary filters: 2, did not pass the filter by color: 0, added: 2, new vincodes: 0
23-03-2011 11:10:04 --- INFO: Lexus GX 470 - found: 1, pass primary filters: 0, did not pass the filter by color: 0, added: 0, new vincodes: 0
23-03-2011 11:10:04 --- INFO: Lexus LX 470 - found: 1, pass primary filters: 1, did not pass the filter by color: 1, added: 0, new vincodes: 0
23-03-2011 11:10:06 --- INFO: Lexus LX 470 - found: 2, pass primary filters: 2, did not pass the filter by color: 2, added: 0, new vincodes: 1
23-03-2011 11:10:06 --- INFO: Toyota Land Cruiser - found: 1, pass primary filters: 1, did not pass the filter by color: 1, added: 0, new vincodes: 0
23-03-2011 11:10:06 --- INFO: Honda CR-V - found: 9, pass primary filters: 1, did not pass the filter by color: 0, added: 1, new vincodes: 0
23-03-2011 11:10:07 --- INFO: Honda Pilot - found: 22, pass primary filters: 1, did not pass the filter by color: 0, added: 1, new vincodes: 0
23-03-2011 11:10:07 --- INFO: Mitsubishi Montero 4WD Limited - found: 24, pass primary filters: 4, did not pass the filter by color: 4, added: 0, new vincodes: 0
23-03-2011 11:10:07 --- INFO: Toyota 4RUNNER 4WD Limited - found: 30, pass primary filters: 9, did not pass the filter by color: 7, added: 2, new vincodes: 0
23-03-2011 11:10:07 --- INFO: Toyota RAV 4 - found: 8, pass primary filters: 3, did not pass the filter by color: 3, added: 0, new vincodes: 0
23-03-2011 11:10:08 --- INFO: Toyota Highlander 4WD - found: 14, pass primary filters: 0, did not pass the filter by color: 0, added: 0, new vincodes: 0
23-03-2011 11:10:08 --- INFO: finish: 23-03-2011 11:10:08
23-03-2011 11:10:08 --- INFO: elapsed time: ~6.73 sec., memory usage: ~2.14 Mb.
23-03-2011 11:10:01 --- INFO: start: 23-03-2011 11:10:01
23-03-2011 11:10:01 --- INFO: ----------Source_Ebay (cli)
23-03-2011 11:10:20 --- INFO: Lexus RX 300 - found: 23, pass primary filters: 3, did not pass the filter by color: 1, added: 2, new vincodes: 0
23-03-2011 11:10:59 --- INFO: Lexus RX 330 - found: 50, pass primary filters: 1, did not pass the filter by color: 0, added: 1, new vincodes: 0
23-03-2011 11:11:29 --- INFO: Lexus RX 400H - found: 38, pass primary filters: 0, did not pass the filter by color: 0, added: 0, new vincodes: 0
23-03-2011 11:11:45 --- INFO: Lexus GX 470 - found: 22, pass primary filters: 6, did not pass the filter by color: 3, added: 3, new vincodes: 0
23-03-2011 11:12:07 --- INFO: Lexus GX 470 - found: 27, pass primary filters: 11, did not pass the filter by color: 7, added: 4, new vincodes: 1
23-03-2011 11:12:14 --- INFO: Lexus LX 470 - found: 8, pass primary filters: 5, did not pass the filter by color: 4, added: 1, new vincodes: 0
23-03-2011 11:12:22 --- INFO: Lexus LX 470 - found: 9, pass primary filters: 6, did not pass the filter by color: 6, added: 0, new vincodes: 0
23-03-2011 11:12:26 --- INFO: Toyota Land Cruiser - found: 4, pass primary filters: 2, did not pass the filter by color: 2, added: 0, new vincodes: 0
23-03-2011 11:12:35 --- INFO: Honda CR-V - found: 11, pass primary filters: 2, did not pass the filter by color: 0, added: 2, new vincodes: 0
23-03-2011 11:13:03 --- INFO: Honda Pilot - found: 33, pass primary filters: 1, did not pass the filter by color: 0, added: 1, new vincodes: 0
23-03-2011 11:13:08 --- INFO: Mitsubishi Montero 4WD Limited - found: 5, pass primary filters: 0, did not pass the filter by color: 0, added: 0, new vincodes: 0
23-03-2011 11:14:33 --- INFO: Toyota 4RUNNER 4WD Limited - found: 61, pass primary filters: 28, did not pass the filter by color: 19, added: 9, new vincodes: 0
23-03-2011 11:14:40 --- INFO: Toyota RAV 4 - found: 8, pass primary filters: 0, did not pass the filter by color: 0, added: 0, new vincodes: 0
23-03-2011 11:14:52 --- INFO: Toyota Highlander 4WD - found: 17, pass primary filters: 0, did not pass the filter by color: 0, added: 0, new vincodes: 0
23-03-2011 11:14:52 --- INFO: finish: 23-03-2011 11:14:52
23-03-2011 11:14:52 --- INFO: elapsed time: ~290.78 sec., memory usage: ~2.38 Mb.
23-03-2011 11:10:01 --- INFO: start: 23-03-2011 11:10:01
23-03-2011 11:10:01 --- INFO: ----------Source_Gsmotors (cli)
23-03-2011 11:11:03 --- INFO: Lexus RX 300 - found: 78, pass primary filters: 24, did not pass the filter by color: 9, added: 15, new vincodes: 0
23-03-2011 11:14:16 --- INFO: Lexus RX 330 - found: 185, pass primary filters: 48, did not pass the filter by color: 18, added: 30, new vincodes: 0
23-03-2011 11:14:28 --- INFO: Lexus RX 400H - found: 11, pass primary filters: 2, did not pass the filter by color: 0, added: 2, new vincodes: 0
23-03-2011 11:15:05 --- INFO: Lexus GX 470 - found: 48, pass primary filters: 19, did not pass the filter by color: 17, added: 2, new vincodes: 0
23-03-2011 11:15:59 --- INFO: Lexus GX 470 - found: 60, pass primary filters: 25, did not pass the filter by color: 16, added: 9, new vincodes: 0
23-03-2011 11:16:15 --- INFO: Lexus LX 470 - found: 20, pass primary filters: 14, did not pass the filter by color: 14, added: 0, new vincodes: 0
23-03-2011 11:16:41 --- INFO: Lexus LX 470 - found: 23, pass primary filters: 18, did not pass the filter by color: 16, added: 2, new vincodes: 0
23-03-2011 11:16:44 --- INFO: Toyota Land Cruiser - found: 3, pass primary filters: 3, did not pass the filter by color: 3, added: 0, new vincodes: 0
23-03-2011 11:17:16 --- INFO: Honda CR-V - found: 43, pass primary filters: 3, did not pass the filter by color: 0, added: 3, new vincodes: 0
23-03-2011 11:18:46 --- INFO: Honda Pilot - found: 119, pass primary filters: 8, did not pass the filter by color: 0, added: 8, new vincodes: 0
23-03-2011 11:19:56 --- INFO: Mitsubishi Montero 4WD Limited - found: 74, pass primary filters: 13, did not pass the filter by color: 13, added: 0, new vincodes: 0
23-03-2011 11:23:17 --- INFO: Toyota 4RUNNER 4WD Limited - found: 206, pass primary filters: 37, did not pass the filter by color: 24, added: 13, new vincodes: 1
23-03-2011 11:24:50 --- INFO: Toyota RAV 4 - found: 61, pass primary filters: 16, did not pass the filter by color: 16, added: 0, new vincodes: 3
23-03-2011 11:26:33 --- INFO: Toyota Highlander 4WD - found: 68, pass primary filters: 0, did not pass the filter by color: 0, added: 0, new vincodes: 0
23-03-2011 11:26:33 --- INFO: finish: 23-03-2011 11:26:33
23-03-2011 11:26:33 --- INFO: elapsed time: ~992.08 sec., memory usage: ~3.55 Mb.
23-03-2011 11:20:01 --- INFO: start: 23-03-2011 11:20:01
23-03-2011 11:20:01 --- INFO: ----------Source_Cars (cli)
23-03-2011 11:20:08 --- INFO: Lexus RX 300 - found: 9, pass primary filters: 5, did not pass the filter by color: 4, added: 1, new vincodes: 0
23-03-2011 11:20:43 --- INFO: Lexus RX 330 - found: 43, pass primary filters: 15, did not pass the filter by color: 4, added: 11, new vincodes: 0
23-03-2011 11:20:44 --- INFO: Lexus RX 400H - found: 1, pass primary filters: 1, did not pass the filter by color: 1, added: 0, new vincodes: 0
23-03-2011 11:20:53 --- INFO: Lexus GX 470 - found: 11, pass primary filters: 11, did not pass the filter by color: 11, added: 0, new vincodes: 0
23-03-2011 11:21:00 --- INFO: Lexus GX 470 - found: 9, pass primary filters: 9, did not pass the filter by color: 4, added: 5, new vincodes: 0
23-03-2011 11:21:14 --- INFO: Lexus LX 470 - found: 0, pass primary filters: 0, did not pass the filter by color: 0, added: 0, new vincodes: 0
23-03-2011 11:21:25 --- INFO: Lexus LX 470 - found: 0, pass primary filters: 0, did not pass the filter by color: 0, added: 0, new vincodes: 0
23-03-2011 11:21:40 --- INFO: Toyota Land Cruiser - found: 0, pass primary filters: 0, did not pass the filter by color: 0, added: 0, new vincodes: 0
23-03-2011 11:22:10 --- INFO: Honda CR-V - found: 39, pass primary filters: 9, did not pass the filter by color: 0, added: 9, new vincodes: 0
23-03-2011 11:28:11 --- INFO: Honda Pilot - found: 487, pass primary filters: 53, did not pass the filter by color: 0, added: 53, new vincodes: 0
23-03-2011 11:28:27 --- INFO: Mitsubishi Montero 4WD Limited - found: 23, pass primary filters: 9, did not pass the filter by color: 9, added: 0, new vincodes: 0
23-03-2011 11:33:45 --- INFO: Toyota 4RUNNER 4WD Limited - found: 442, pass primary filters: 74, did not pass the filter by color: 51, added: 23, new vincodes: 1
23-03-2011 11:33:51 --- INFO: Toyota RAV 4 - found: 8, pass primary filters: 1, did not pass the filter by color: 1, added: 0, new vincodes: 0
23-03-2011 11:34:00 --- INFO: Toyota Highlander 4WD - found: 12, pass primary filters: 0, did not pass the filter by color: 0, added: 0, new vincodes: 0
23-03-2011 11:34:00 --- INFO: finish: 23-03-2011 11:34:00
23-03-2011 11:34:00 --- INFO: elapsed time: ~838.72 sec., memory usage: ~3.21 Mb.
23-03-2011 11:30:01 --- INFO: start: 23-03-2011 11:30:01
23-03-2011 11:30:01 --- INFO: ----------Source_Autotrader (cli)
23-03-2011 11:35:02 --- ERROR: Unauthorized request
23-03-2011 11:35:02 --- INFO: finish: 23-03-2011 11:35:02
23-03-2011 11:35:02 --- INFO: elapsed time: ~301 sec., memory usage: ~1.32 Mb.
23-03-2011 12:03:47 --- INFO: start: 23-03-2011 12:03:47
23-03-2011 12:03:47 --- INFO: ----------Source_Gsmotors (apache2handler)
23-03-2011 12:04:41 --- INFO: Lexus RX 300 - found: 78, pass primary filters: 24, did not pass the filter by color: 8, added: 16, new vincodes: 0
23-03-2011 12:08:15 --- INFO: Lexus RX 330 - found: 185, pass primary filters: 48, did not pass the filter by color: 16, added: 32, new vincodes: 0
23-03-2011 12:08:27 --- INFO: Lexus RX 400H - found: 11, pass primary filters: 2, did not pass the filter by color: 0, added: 2, new vincodes: 0
23-03-2011 12:09:26 --- INFO: Lexus GX 470 - found: 48, pass primary filters: 19, did not pass the filter by color: 17, added: 2, new vincodes: 0
23-03-2011 12:10:08 --- INFO: Lexus GX 470 - found: 60, pass primary filters: 25, did not pass the filter by color: 16, added: 9, new vincodes: 0
23-03-2011 12:10:26 --- INFO: Lexus LX 470 - found: 20, pass primary filters: 14, did not pass the filter by color: 14, added: 0, new vincodes: 0
23-03-2011 12:10:53 --- INFO: Lexus LX 470 - found: 23, pass primary filters: 18, did not pass the filter by color: 16, added: 2, new vincodes: 0
23-03-2011 12:10:57 --- INFO: Toyota Land Cruiser - found: 3, pass primary filters: 3, did not pass the filter by color: 3, added: 0, new vincodes: 0
23-03-2011 12:11:44 --- INFO: Honda CR-V - found: 43, pass primary filters: 3, did not pass the filter by color: 0, added: 3, new vincodes: 0
23-03-2011 12:13:01 --- INFO: Honda Pilot - found: 119, pass primary filters: 8, did not pass the filter by color: 0, added: 8, new vincodes: 0
23-03-2011 12:13:53 --- INFO: Mitsubishi Montero 4WD Limited - found: 74, pass primary filters: 13, did not pass the filter by color: 13, added: 0, new vincodes: 0
23-03-2011 12:16:32 --- INFO: Toyota 4RUNNER 4WD Limited - found: 206, pass primary filters: 37, did not pass the filter by color: 24, added: 13, new vincodes: 0
23-03-2011 12:17:16 --- INFO: Toyota RAV 4 - found: 61, pass primary filters: 16, did not pass the filter by color: 16, added: 0, new vincodes: 0
23-03-2011 12:18:37 --- INFO: Toyota Highlander 4WD - found: 68, pass primary filters: 0, did not pass the filter by color: 0, added: 0, new vincodes: 0
23-03-2011 12:18:37 --- INFO: finish: 23-03-2011 12:18:37
23-03-2011 12:18:37 --- INFO: elapsed time: ~890.53 sec., memory usage: ~3.46 Mb.
23-03-2011 12:20:01 --- INFO: start: 23-03-2011 12:20:01
23-03-2011 12:20:01 --- INFO: ----------Source_Adesa (cli)
23-03-2011 12:20:03 --- INFO: Authorized request
23-03-2011 12:20:08 --- INFO: Lexus RX 300 - found: 10, pass primary filters: 6, did not pass the filter by color: 2, added: 4, new vincodes: 1
23-03-2011 12:20:08 --- INFO: Lexus RX 330 - found: 11, pass primary filters: 2, did not pass the filter by color: 0, added: 2, new vincodes: 0
23-03-2011 12:20:09 --- INFO: Lexus RX 400H - found: 1, pass primary filters: 0, did not pass the filter by color: 0, added: 0, new vincodes: 0
23-03-2011 12:20:09 --- INFO: Lexus GX 470 - found: 3, pass primary filters: 2, did not pass the filter by color: 0, added: 2, new vincodes: 0
23-03-2011 12:20:09 --- INFO: Lexus GX 470 - found: 1, pass primary filters: 0, did not pass the filter by color: 0, added: 0, new vincodes: 0
23-03-2011 12:20:09 --- INFO: Lexus LX 470 - found: 1, pass primary filters: 1, did not pass the filter by color: 1, added: 0, new vincodes: 0
23-03-2011 12:20:09 --- INFO: Lexus LX 470 - found: 2, pass primary filters: 2, did not pass the filter by color: 2, added: 0, new vincodes: 0
23-03-2011 12:20:09 --- INFO: Toyota Land Cruiser - found: 1, pass primary filters: 1, did not pass the filter by color: 1, added: 0, new vincodes: 0
23-03-2011 12:20:10 --- INFO: Honda CR-V - found: 9, pass primary filters: 1, did not pass the filter by color: 0, added: 1, new vincodes: 0
23-03-2011 12:20:10 --- INFO: Honda Pilot - found: 23, pass primary filters: 1, did not pass the filter by color: 0, added: 1, new vincodes: 0
23-03-2011 12:20:10 --- INFO: Mitsubishi Montero 4WD Limited - found: 24, pass primary filters: 4, did not pass the filter by color: 4, added: 0, new vincodes: 0
23-03-2011 12:20:11 --- INFO: Toyota 4RUNNER 4WD Limited - found: 31, pass primary filters: 9, did not pass the filter by color: 7, added: 2, new vincodes: 0
23-03-2011 12:20:11 --- INFO: Toyota RAV 4 - found: 8, pass primary filters: 3, did not pass the filter by color: 3, added: 0, new vincodes: 0
23-03-2011 12:20:11 --- INFO: Toyota Highlander 4WD - found: 14, pass primary filters: 0, did not pass the filter by color: 0, added: 0, new vincodes: 0
23-03-2011 12:20:11 --- INFO: finish: 23-03-2011 12:20:11
23-03-2011 12:20:11 --- INFO: elapsed time: ~10.01 sec., memory usage: ~2.15 Mb.
23-03-2011 12:20:01 --- INFO: start: 23-03-2011 12:20:01
23-03-2011 12:20:01 --- INFO: ----------Source_Gsmotors (cli)
23-03-2011 12:20:57 --- INFO: Lexus RX 300 - found: 78, pass primary filters: 24, did not pass the filter by color: 8, added: 16, new vincodes: 0
23-03-2011 12:23:31 --- INFO: Lexus RX 330 - found: 185, pass primary filters: 48, did not pass the filter by color: 15, added: 33, new vincodes: 0
23-03-2011 12:23:41 --- INFO: Lexus RX 400H - found: 11, pass primary filters: 2, did not pass the filter by color: 1, added: 1, new vincodes: 0
23-03-2011 12:27:17 --- INFO: Lexus GX 470 - found: 48, pass primary filters: 19, did not pass the filter by color: 17, added: 2, new vincodes: 0
23-03-2011 12:28:13 --- INFO: Lexus GX 470 - found: 60, pass primary filters: 25, did not pass the filter by color: 17, added: 8, new vincodes: 0
23-03-2011 12:28:29 --- INFO: Lexus LX 470 - found: 20, pass primary filters: 14, did not pass the filter by color: 14, added: 0, new vincodes: 0
23-03-2011 12:28:49 --- INFO: Lexus LX 470 - found: 23, pass primary filters: 18, did not pass the filter by color: 16, added: 2, new vincodes: 0
23-03-2011 12:28:53 --- INFO: Toyota Land Cruiser - found: 3, pass primary filters: 3, did not pass the filter by color: 3, added: 0, new vincodes: 0
23-03-2011 12:29:30 --- INFO: Honda CR-V - found: 43, pass primary filters: 3, did not pass the filter by color: 0, added: 3, new vincodes: 0
23-03-2011 12:31:20 --- INFO: Honda Pilot - found: 119, pass primary filters: 8, did not pass the filter by color: 0, added: 8, new vincodes: 0
23-03-2011 12:34:50 --- INFO: Mitsubishi Montero 4WD Limited - found: 74, pass primary filters: 13, did not pass the filter by color: 13, added: 0, new vincodes: 0
23-03-2011 12:39:56 --- INFO: Toyota 4RUNNER 4WD Limited - found: 206, pass primary filters: 37, did not pass the filter by color: 24, added: 13, new vincodes: 0
23-03-2011 12:40:54 --- INFO: Toyota RAV 4 - found: 61, pass primary filters: 16, did not pass the filter by color: 16, added: 0, new vincodes: 0
23-03-2011 12:42:12 --- INFO: Toyota Highlander 4WD - found: 68, pass primary filters: 0, did not pass the filter by color: 0, added: 0, new vincodes: 0
23-03-2011 12:42:12 --- INFO: finish: 23-03-2011 12:42:12
23-03-2011 12:42:12 --- INFO: elapsed time: ~1331.3 sec., memory usage: ~3.46 Mb.
23-03-2011 13:20:01 --- INFO: start: 23-03-2011 13:20:01
23-03-2011 13:20:01 --- INFO: ----------Source_Adesa (cli)
23-03-2011 13:20:03 --- INFO: Authorized request
23-03-2011 13:20:03 --- INFO: Lexus RX 300 - found: 10, pass primary filters: 6, did not pass the filter by color: 2, added: 4, new vincodes: 0
23-03-2011 13:20:03 --- INFO: Lexus RX 330 - found: 11, pass primary filters: 2, did not pass the filter by color: 0, added: 2, new vincodes: 0
23-03-2011 13:20:04 --- INFO: Lexus RX 400H - found: 1, pass primary filters: 0, did not pass the filter by color: 0, added: 0, new vincodes: 0
23-03-2011 13:20:04 --- INFO: Lexus GX 470 - found: 3, pass primary filters: 2, did not pass the filter by color: 0, added: 2, new vincodes: 0
23-03-2011 13:20:04 --- INFO: Lexus GX 470 - found: 1, pass primary filters: 1, did not pass the filter by color: 1, added: 0, new vincodes: 0
23-03-2011 13:20:04 --- INFO: Lexus LX 470 - found: 1, pass primary filters: 1, did not pass the filter by color: 1, added: 0, new vincodes: 0
23-03-2011 13:20:04 --- INFO: Lexus LX 470 - found: 2, pass primary filters: 2, did not pass the filter by color: 2, added: 0, new vincodes: 0
23-03-2011 13:20:05 --- INFO: Toyota Land Cruiser - found: 1, pass primary filters: 1, did not pass the filter by color: 1, added: 0, new vincodes: 0
23-03-2011 13:20:05 --- INFO: Honda CR-V - found: 9, pass primary filters: 1, did not pass the filter by color: 0, added: 1, new vincodes: 0
23-03-2011 13:20:05 --- INFO: Honda Pilot - found: 23, pass primary filters: 1, did not pass the filter by color: 0, added: 1, new vincodes: 0
23-03-2011 13:20:05 --- INFO: Mitsubishi Montero 4WD Limited - found: 23, pass primary filters: 4, did not pass the filter by color: 4, added: 0, new vincodes: 0
23-03-2011 13:20:06 --- INFO: Toyota 4RUNNER 4WD Limited - found: 31, pass primary filters: 9, did not pass the filter by color: 7, added: 2, new vincodes: 0
23-03-2011 13:20:09 --- INFO: Toyota RAV 4 - found: 10, pass primary filters: 5, did not pass the filter by color: 5, added: 0, new vincodes: 2
23-03-2011 13:20:10 --- INFO: Toyota Highlander 4WD - found: 15, pass primary filters: 0, did not pass the filter by color: 0, added: 0, new vincodes: 0
23-03-2011 13:20:10 --- INFO: finish: 23-03-2011 13:20:10
23-03-2011 13:20:10 --- INFO: elapsed time: ~8.27 sec., memory usage: ~2.15 Mb.
23-03-2011 13:20:01 --- INFO: start: 23-03-2011 13:20:01
23-03-2011 13:20:01 --- INFO: ----------Source_Gsmotors (cli)
23-03-2011 13:20:57 --- INFO: Lexus RX 300 - found: 78, pass primary filters: 24, did not pass the filter by color: 9, added: 15, new vincodes: 0
23-03-2011 13:23:13 --- INFO: Lexus RX 330 - found: 185, pass primary filters: 48, did not pass the filter by color: 17, added: 31, new vincodes: 0
23-03-2011 13:23:23 --- INFO: Lexus RX 400H - found: 11, pass primary filters: 2, did not pass the filter by color: 1, added: 1, new vincodes: 0
23-03-2011 13:24:09 --- INFO: Lexus GX 470 - found: 48, pass primary filters: 19, did not pass the filter by color: 17, added: 2, new vincodes: 0
23-03-2011 13:24:55 --- INFO: Lexus GX 470 - found: 60, pass primary filters: 25, did not pass the filter by color: 17, added: 8, new vincodes: 0
23-03-2011 13:25:10 --- INFO: Lexus LX 470 - found: 20, pass primary filters: 14, did not pass the filter by color: 14, added: 0, new vincodes: 0
23-03-2011 13:25:27 --- INFO: Lexus LX 470 - found: 23, pass primary filters: 18, did not pass the filter by color: 16, added: 2, new vincodes: 0
23-03-2011 13:25:31 --- INFO: Toyota Land Cruiser - found: 3, pass primary filters: 3, did not pass the filter by color: 3, added: 0, new vincodes: 0
23-03-2011 13:26:00 --- INFO: Honda CR-V - found: 43, pass primary filters: 3, did not pass the filter by color: 0, added: 3, new vincodes: 0
23-03-2011 13:27:25 --- INFO: Honda Pilot - found: 119, pass primary filters: 8, did not pass the filter by color: 0, added: 8, new vincodes: 0
23-03-2011 13:28:25 --- INFO: Mitsubishi Montero 4WD Limited - found: 74, pass primary filters: 13, did not pass the filter by color: 13, added: 0, new vincodes: 0
23-03-2011 13:32:10 --- INFO: Toyota 4RUNNER 4WD Limited - found: 206, pass primary filters: 37, did not pass the filter by color: 24, added: 13, new vincodes: 0
23-03-2011 13:33:01 --- INFO: Toyota RAV 4 - found: 61, pass primary filters: 16, did not pass the filter by color: 16, added: 0, new vincodes: 0
23-03-2011 13:34:06 --- INFO: Toyota Highlander 4WD - found: 68, pass primary filters: 0, did not pass the filter by color: 0, added: 0, new vincodes: 0
23-03-2011 13:34:06 --- INFO: finish: 23-03-2011 13:34:06
23-03-2011 13:34:06 --- INFO: elapsed time: ~844.76 sec., memory usage: ~3.46 Mb.
23-03-2011 15:05:01 --- INFO: start: 23-03-2011 15:05:01
23-03-2011 15:05:01 --- INFO: ----------Source_Openlane (cli)
23-03-2011 15:05:05 --- INFO: Authorized request
23-03-2011 15:05:06 --- INFO: Lexus RX 300 - found: 0, pass primary filters: 0, did not pass the filter by color: 0, added: 0, new vincodes: 0
23-03-2011 15:05:07 --- INFO: Lexus RX 330 - found: 0, pass primary filters: 0, did not pass the filter by color: 0, added: 0, new vincodes: 0
23-03-2011 15:05:08 --- INFO: Lexus RX 400H - found: 0, pass primary filters: 0, did not pass the filter by color: 0, added: 0, new vincodes: 0
23-03-2011 15:05:09 --- INFO: Lexus GX 470 - found: 0, pass primary filters: 0, did not pass the filter by color: 0, added: 0, new vincodes: 0
23-03-2011 15:05:10 --- INFO: Lexus GX 470 - found: 0, pass primary filters: 0, did not pass the filter by color: 0, added: 0, new vincodes: 0
23-03-2011 15:05:11 --- INFO: Lexus LX 470 - found: 0, pass primary filters: 0, did not pass the filter by color: 0, added: 0, new vincodes: 0
23-03-2011 15:05:12 --- INFO: Lexus LX 470 - found: 0, pass primary filters: 0, did not pass the filter by color: 0, added: 0, new vincodes: 0
23-03-2011 15:05:13 --- INFO: Toyota Land Cruiser - found: 0, pass primary filters: 0, did not pass the filter by color: 0, added: 0, new vincodes: 0
23-03-2011 15:05:14 --- INFO: Honda CR-V - found: 0, pass primary filters: 0, did not pass the filter by color: 0, added: 0, new vincodes: 0
23-03-2011 15:05:14 --- INFO: Honda Pilot - found: 0, pass primary filters: 0, did not pass the filter by color: 0, added: 0, new vincodes: 0
23-03-2011 15:05:15 --- INFO: Mitsubishi Montero 4WD Limited - found: 0, pass primary filters: 0, did not pass the filter by color: 0, added: 0, new vincodes: 0
23-03-2011 15:05:16 --- INFO: Toyota 4RUNNER 4WD Limited - found: 0, pass primary filters: 0, did not pass the filter by color: 0, added: 0, new vincodes: 0
23-03-2011 15:05:17 --- INFO: Toyota RAV 4 - found: 0, pass primary filters: 0, did not pass the filter by color: 0, added: 0, new vincodes: 0
23-03-2011 15:05:18 --- INFO: Toyota Highlander 4WD - found: 0, pass primary filters: 0, did not pass the filter by color: 0, added: 0, new vincodes: 0
23-03-2011 15:05:18 --- INFO: finish: 23-03-2011 15:05:18
23-03-2011 15:05:18 --- INFO: elapsed time: ~16.78 sec., memory usage: ~1.58 Mb.
23-03-2011 15:10:01 --- INFO: start: 23-03-2011 15:10:01
23-03-2011 15:10:01 --- INFO: ----------Source_Ebay (cli)
23-03-2011 15:10:21 --- INFO: Lexus RX 300 - found: 23, pass primary filters: 2, did not pass the filter by color: 1, added: 1, new vincodes: 0
23-03-2011 15:11:38 --- INFO: Lexus RX 330 - found: 51, pass primary filters: 2, did not pass the filter by color: 0, added: 2, new vincodes: 0
23-03-2011 15:12:05 --- INFO: Lexus RX 400H - found: 38, pass primary filters: 0, did not pass the filter by color: 0, added: 0, new vincodes: 0
23-03-2011 15:12:21 --- INFO: Lexus GX 470 - found: 22, pass primary filters: 6, did not pass the filter by color: 3, added: 3, new vincodes: 0
23-03-2011 15:12:40 --- INFO: Lexus GX 470 - found: 25, pass primary filters: 9, did not pass the filter by color: 7, added: 2, new vincodes: 0
23-03-2011 15:12:48 --- INFO: Lexus LX 470 - found: 9, pass primary filters: 5, did not pass the filter by color: 4, added: 1, new vincodes: 0
23-03-2011 15:12:56 --- INFO: Lexus LX 470 - found: 10, pass primary filters: 6, did not pass the filter by color: 6, added: 0, new vincodes: 0
23-03-2011 15:13:01 --- INFO: Toyota Land Cruiser - found: 4, pass primary filters: 2, did not pass the filter by color: 2, added: 0, new vincodes: 0
23-03-2011 15:13:10 --- INFO: Honda CR-V - found: 11, pass primary filters: 2, did not pass the filter by color: 0, added: 2, new vincodes: 0
23-03-2011 15:13:35 --- INFO: Honda Pilot - found: 31, pass primary filters: 1, did not pass the filter by color: 0, added: 1, new vincodes: 0
23-03-2011 15:13:40 --- INFO: Mitsubishi Montero 4WD Limited - found: 5, pass primary filters: 0, did not pass the filter by color: 0, added: 0, new vincodes: 0
23-03-2011 15:15:15 --- INFO: Toyota 4RUNNER 4WD Limited - found: 63, pass primary filters: 32, did not pass the filter by color: 21, added: 11, new vincodes: 0
23-03-2011 15:15:22 --- INFO: Toyota RAV 4 - found: 8, pass primary filters: 0, did not pass the filter by color: 0, added: 0, new vincodes: 0
23-03-2011 15:15:35 --- INFO: Toyota Highlander 4WD - found: 17, pass primary filters: 0, did not pass the filter by color: 0, added: 0, new vincodes: 0
23-03-2011 15:15:35 --- INFO: finish: 23-03-2011 15:15:35
23-03-2011 15:15:35 --- INFO: elapsed time: ~333.78 sec., memory usage: ~2.36 Mb.
23-03-2011 15:30:01 --- INFO: start: 23-03-2011 15:30:01
23-03-2011 15:30:01 --- INFO: ----------Source_Autotrader (cli)
23-03-2011 15:35:02 --- ERROR: Unauthorized request
23-03-2011 15:35:02 --- INFO: finish: 23-03-2011 15:35:02
23-03-2011 15:35:02 --- INFO: elapsed time: ~301.42 sec., memory usage: ~1.32 Mb.
23-03-2011 15:20:01 --- INFO: start: 23-03-2011 15:20:01
23-03-2011 15:20:01 --- INFO: ----------Source_Cars (cli)
23-03-2011 15:20:10 --- INFO: Lexus RX 300 - found: 9, pass primary filters: 5, did not pass the filter by color: 4, added: 1, new vincodes: 0
23-03-2011 15:21:43 --- INFO: Lexus RX 330 - found: 43, pass primary filters: 15, did not pass the filter by color: 4, added: 11, new vincodes: 0
23-03-2011 15:21:45 --- INFO: Lexus RX 400H - found: 1, pass primary filters: 1, did not pass the filter by color: 1, added: 0, new vincodes: 0
23-03-2011 15:22:02 --- INFO: Lexus GX 470 - found: 11, pass primary filters: 11, did not pass the filter by color: 11, added: 0, new vincodes: 0
23-03-2011 15:22:21 --- INFO: Lexus GX 470 - found: 9, pass primary filters: 9, did not pass the filter by color: 4, added: 5, new vincodes: 0
23-03-2011 15:22:39 --- INFO: Lexus LX 470 - found: 0, pass primary filters: 0, did not pass the filter by color: 0, added: 0, new vincodes: 0
23-03-2011 15:22:53 --- INFO: Lexus LX 470 - found: 0, pass primary filters: 0, did not pass the filter by color: 0, added: 0, new vincodes: 0
23-03-2011 15:23:10 --- INFO: Toyota Land Cruiser - found: 0, pass primary filters: 0, did not pass the filter by color: 0, added: 0, new vincodes: 0
23-03-2011 15:23:47 --- INFO: Honda CR-V - found: 41, pass primary filters: 9, did not pass the filter by color: 0, added: 9, new vincodes: 0
23-03-2011 15:30:42 --- INFO: Honda Pilot - found: 488, pass primary filters: 53, did not pass the filter by color: 0, added: 53, new vincodes: 0
23-03-2011 15:31:00 --- INFO: Mitsubishi Montero 4WD Limited - found: 23, pass primary filters: 9, did not pass the filter by color: 9, added: 0, new vincodes: 0
23-03-2011 15:36:23 --- INFO: Toyota 4RUNNER 4WD Limited - found: 441, pass primary filters: 76, did not pass the filter by color: 52, added: 24, new vincodes: 1
23-03-2011 15:36:30 --- INFO: Toyota RAV 4 - found: 8, pass primary filters: 1, did not pass the filter by color: 1, added: 0, new vincodes: 0
23-03-2011 15:36:39 --- INFO: Toyota Highlander 4WD - found: 12, pass primary filters: 0, did not pass the filter by color: 0, added: 0, new vincodes: 0
23-03-2011 15:36:39 --- INFO: finish: 23-03-2011 15:36:39
23-03-2011 15:36:39 --- INFO: elapsed time: ~997.94 sec., memory usage: ~3.22 Mb.
23-03-2011 16:10:01 --- INFO: start: 23-03-2011 16:10:01
23-03-2011 16:10:01 --- INFO: ----------Source_Gsmotors (cli)
23-03-2011 16:10:02 --- ERROR: Request returns empty result
23-03-2011 16:10:02 --- INFO: finish: 23-03-2011 16:10:02
23-03-2011 16:10:02 --- INFO: elapsed time: ~0.64 sec., memory usage: ~1.51 Mb.
23-03-2011 16:10:01 --- INFO: start: 23-03-2011 16:10:01
23-03-2011 16:10:01 --- INFO: ----------Source_Adesa (cli)
23-03-2011 16:10:03 --- INFO: Authorized request
23-03-2011 16:10:05 --- INFO: Lexus RX 300 - found: 16, pass primary filters: 8, did not pass the filter by color: 3, added: 5, new vincodes: 2
23-03-2011 16:10:08 --- INFO: Lexus RX 330 - found: 13, pass primary filters: 4, did not pass the filter by color: 1, added: 3, new vincodes: 2
23-03-2011 16:10:08 --- INFO: Lexus RX 400H - found: 1, pass primary filters: 0, did not pass the filter by color: 0, added: 0, new vincodes: 0
23-03-2011 16:10:22 --- INFO: Lexus GX 470 - found: 7, pass primary filters: 6, did not pass the filter by color: 3, added: 3, new vincodes: 3
23-03-2011 16:10:22 --- INFO: Lexus GX 470 - found: 1, pass primary filters: 1, did not pass the filter by color: 1, added: 0, new vincodes: 0
23-03-2011 16:10:22 --- INFO: Lexus LX 470 - found: 1, pass primary filters: 1, did not pass the filter by color: 1, added: 0, new vincodes: 0
23-03-2011 16:11:04 --- INFO: Lexus LX 470 - found: 3, pass primary filters: 3, did not pass the filter by color: 2, added: 1, new vincodes: 1
23-03-2011 16:11:04 --- INFO: Toyota Land Cruiser - found: 1, pass primary filters: 1, did not pass the filter by color: 1, added: 0, new vincodes: 0
23-03-2011 16:11:04 --- INFO: Honda CR-V - found: 9, pass primary filters: 1, did not pass the filter by color: 0, added: 1, new vincodes: 0
23-03-2011 16:11:04 --- INFO: Honda Pilot - found: 26, pass primary filters: 1, did not pass the filter by color: 0, added: 1, new vincodes: 0
23-03-2011 16:11:05 --- INFO: Mitsubishi Montero 4WD Limited - found: 27, pass primary filters: 4, did not pass the filter by color: 4, added: 0, new vincodes: 0
23-03-2011 16:11:05 --- INFO: Toyota 4RUNNER 4WD Limited - found: 31, pass primary filters: 9, did not pass the filter by color: 7, added: 2, new vincodes: 0
23-03-2011 16:11:05 --- INFO: Toyota RAV 4 - found: 13, pass primary filters: 5, did not pass the filter by color: 5, added: 0, new vincodes: 0
23-03-2011 16:11:06 --- INFO: Toyota Highlander 4WD - found: 17, pass primary filters: 0, did not pass the filter by color: 0, added: 0, new vincodes: 0
23-03-2011 16:11:06 --- INFO: finish: 23-03-2011 16:11:06
23-03-2011 16:11:06 --- INFO: elapsed time: ~64.61 sec., memory usage: ~2.24 Mb.
23-03-2011 18:10:01 --- INFO: start: 23-03-2011 18:10:01
23-03-2011 18:10:01 --- INFO: ----------Source_Adesa (cli)
23-03-2011 18:10:03 --- INFO: Authorized request
23-03-2011 18:10:03 --- INFO: Lexus RX 300 - found: 16, pass primary filters: 8, did not pass the filter by color: 3, added: 5, new vincodes: 0
23-03-2011 18:10:03 --- INFO: Lexus RX 330 - found: 13, pass primary filters: 4, did not pass the filter by color: 1, added: 3, new vincodes: 0
23-03-2011 18:10:03 --- INFO: Lexus RX 400H - found: 1, pass primary filters: 0, did not pass the filter by color: 0, added: 0, new vincodes: 0
23-03-2011 18:10:04 --- INFO: Lexus GX 470 - found: 7, pass primary filters: 6, did not pass the filter by color: 3, added: 3, new vincodes: 0
23-03-2011 18:10:06 --- INFO: Lexus GX 470 - found: 2, pass primary filters: 2, did not pass the filter by color: 2, added: 0, new vincodes: 1
23-03-2011 18:10:06 --- INFO: Lexus LX 470 - found: 1, pass primary filters: 1, did not pass the filter by color: 1, added: 0, new vincodes: 0
23-03-2011 18:10:06 --- INFO: Lexus LX 470 - found: 3, pass primary filters: 3, did not pass the filter by color: 2, added: 1, new vincodes: 0
23-03-2011 18:10:06 --- INFO: Toyota Land Cruiser - found: 1, pass primary filters: 1, did not pass the filter by color: 1, added: 0, new vincodes: 0
23-03-2011 18:10:07 --- INFO: Honda CR-V - found: 10, pass primary filters: 1, did not pass the filter by color: 0, added: 1, new vincodes: 0
23-03-2011 18:10:07 --- INFO: Honda Pilot - found: 28, pass primary filters: 1, did not pass the filter by color: 0, added: 1, new vincodes: 0
23-03-2011 18:10:07 --- INFO: Mitsubishi Montero 4WD Limited - found: 28, pass primary filters: 4, did not pass the filter by color: 4, added: 0, new vincodes: 0
23-03-2011 18:10:07 --- INFO: Toyota 4RUNNER 4WD Limited - found: 33, pass primary filters: 9, did not pass the filter by color: 7, added: 2, new vincodes: 0
23-03-2011 18:10:08 --- INFO: Toyota RAV 4 - found: 14, pass primary filters: 5, did not pass the filter by color: 5, added: 0, new vincodes: 0
23-03-2011 18:10:08 --- INFO: Toyota Highlander 4WD - found: 17, pass primary filters: 0, did not pass the filter by color: 0, added: 0, new vincodes: 0
23-03-2011 18:10:08 --- INFO: finish: 23-03-2011 18:10:08
23-03-2011 18:10:08 --- INFO: elapsed time: ~7 sec., memory usage: ~2.24 Mb.
23-03-2011 18:10:01 --- INFO: start: 23-03-2011 18:10:01
23-03-2011 18:10:01 --- INFO: ----------Source_Gsmotors (cli)
23-03-2011 18:11:59 --- INFO: Lexus RX 300 - found: 81, pass primary filters: 22, did not pass the filter by color: 6, added: 16, new vincodes: 2
23-03-2011 18:16:36 --- INFO: Lexus RX 330 - found: 193, pass primary filters: 45, did not pass the filter by color: 14, added: 31, new vincodes: 3
23-03-2011 18:16:56 --- INFO: Lexus RX 400H - found: 15, pass primary filters: 1, did not pass the filter by color: 0, added: 1, new vincodes: 0
23-03-2011 18:18:10 --- INFO: Lexus GX 470 - found: 53, pass primary filters: 20, did not pass the filter by color: 16, added: 4, new vincodes: 2
23-03-2011 18:19:38 --- INFO: Lexus GX 470 - found: 67, pass primary filters: 30, did not pass the filter by color: 19, added: 11, new vincodes: 6
23-03-2011 18:20:12 --- INFO: Lexus LX 470 - found: 23, pass primary filters: 19, did not pass the filter by color: 19, added: 0, new vincodes: 2
23-03-2011 18:20:47 --- INFO: Lexus LX 470 - found: 24, pass primary filters: 17, did not pass the filter by color: 16, added: 1, new vincodes: 3
23-03-2011 18:20:52 --- INFO: Toyota Land Cruiser - found: 3, pass primary filters: 3, did not pass the filter by color: 3, added: 0, new vincodes: 0
23-03-2011 18:22:02 --- INFO: Honda CR-V - found: 44, pass primary filters: 3, did not pass the filter by color: 0, added: 3, new vincodes: 0
23-03-2011 18:24:35 --- INFO: Honda Pilot - found: 126, pass primary filters: 9, did not pass the filter by color: 0, added: 9, new vincodes: 0
23-03-2011 18:26:16 --- INFO: Mitsubishi Montero 4WD Limited - found: 68, pass primary filters: 15, did not pass the filter by color: 15, added: 0, new vincodes: 2
23-03-2011 18:32:44 --- INFO: Toyota 4RUNNER 4WD Limited - found: 250, pass primary filters: 49, did not pass the filter by color: 33, added: 16, new vincodes: 6
23-03-2011 18:34:21 --- INFO: Toyota RAV 4 - found: 58, pass primary filters: 13, did not pass the filter by color: 13, added: 0, new vincodes: 1
23-03-2011 18:35:59 --- INFO: Toyota Highlander 4WD - found: 73, pass primary filters: 0, did not pass the filter by color: 0, added: 0, new vincodes: 0
23-03-2011 18:35:59 --- INFO: finish: 23-03-2011 18:35:59
23-03-2011 18:35:59 --- INFO: elapsed time: ~1558.08 sec., memory usage: ~3.77 Mb.
23-03-2011 19:05:01 --- INFO: start: 23-03-2011 19:05:01
23-03-2011 19:05:01 --- INFO: ----------Source_Openlane (cli)
23-03-2011 19:05:05 --- INFO: Authorized request
23-03-2011 19:05:06 --- INFO: Lexus RX 300 - found: 1, pass primary filters: 1, did not pass the filter by color: 0, added: 1, new vincodes: 0
23-03-2011 19:05:07 --- INFO: Lexus RX 330 - found: 0, pass primary filters: 0, did not pass the filter by color: 0, added: 0, new vincodes: 0
23-03-2011 19:05:08 --- INFO: Lexus RX 400H - found: 0, pass primary filters: 0, did not pass the filter by color: 0, added: 0, new vincodes: 0
23-03-2011 19:05:10 --- INFO: Lexus GX 470 - found: 0, pass primary filters: 0, did not pass the filter by color: 0, added: 0, new vincodes: 0
23-03-2011 19:05:11 --- INFO: Lexus GX 470 - found: 3, pass primary filters: 3, did not pass the filter by color: 1, added: 2, new vincodes: 0
23-03-2011 19:05:12 --- INFO: Lexus LX 470 - found: 1, pass primary filters: 1, did not pass the filter by color: 1, added: 0, new vincodes: 0
23-03-2011 19:05:13 --- INFO: Lexus LX 470 - found: 1, pass primary filters: 1, did not pass the filter by color: 1, added: 0, new vincodes: 0
23-03-2011 19:05:14 --- INFO: Toyota Land Cruiser - found: 0, pass primary filters: 0, did not pass the filter by color: 0, added: 0, new vincodes: 0
23-03-2011 19:05:15 --- INFO: Honda CR-V - found: 0, pass primary filters: 0, did not pass the filter by color: 0, added: 0, new vincodes: 0
23-03-2011 19:05:16 --- INFO: Honda Pilot - found: 2, pass primary filters: 0, did not pass the filter by color: 0, added: 0, new vincodes: 0
23-03-2011 19:05:18 --- INFO: Mitsubishi Montero 4WD Limited - found: 1, pass primary filters: 1, did not pass the filter by color: 1, added: 0, new vincodes: 0
23-03-2011 19:05:19 --- INFO: Toyota 4RUNNER 4WD Limited - found: 1, pass primary filters: 0, did not pass the filter by color: 0, added: 0, new vincodes: 0
23-03-2011 19:05:20 --- INFO: Toyota RAV 4 - found: 1, pass primary filters: 1, did not pass the filter by color: 1, added: 0, new vincodes: 0
23-03-2011 19:05:21 --- INFO: Toyota Highlander 4WD - found: 1, pass primary filters: 0, did not pass the filter by color: 0, added: 0, new vincodes: 0
23-03-2011 19:05:21 --- INFO: finish: 23-03-2011 19:05:21
23-03-2011 19:05:21 --- INFO: elapsed time: ~19.88 sec., memory usage: ~1.94 Mb.
23-03-2011 19:10:01 --- INFO: start: 23-03-2011 19:10:01
23-03-2011 19:10:01 --- INFO: ----------Source_Ebay (cli)
23-03-2011 19:10:22 --- INFO: Lexus RX 300 - found: 24, pass primary filters: 3, did not pass the filter by color: 1, added: 2, new vincodes: 1
23-03-2011 19:10:59 --- INFO: Lexus RX 330 - found: 48, pass primary filters: 1, did not pass the filter by color: 0, added: 1, new vincodes: 0
23-03-2011 19:11:28 --- INFO: Lexus RX 400H - found: 37, pass primary filters: 0, did not pass the filter by color: 0, added: 0, new vincodes: 0
23-03-2011 19:11:44 --- INFO: Lexus GX 470 - found: 22, pass primary filters: 6, did not pass the filter by color: 4, added: 2, new vincodes: 0
23-03-2011 19:12:02 --- INFO: Lexus GX 470 - found: 25, pass primary filters: 9, did not pass the filter by color: 7, added: 2, new vincodes: 0
23-03-2011 19:12:09 --- INFO: Lexus LX 470 - found: 8, pass primary filters: 4, did not pass the filter by color: 4, added: 0, new vincodes: 0
23-03-2011 19:12:16 --- INFO: Lexus LX 470 - found: 9, pass primary filters: 6, did not pass the filter by color: 6, added: 0, new vincodes: 0
23-03-2011 19:12:20 --- INFO: Toyota Land Cruiser - found: 4, pass primary filters: 2, did not pass the filter by color: 2, added: 0, new vincodes: 0
23-03-2011 19:12:28 --- INFO: Honda CR-V - found: 11, pass primary filters: 2, did not pass the filter by color: 0, added: 2, new vincodes: 0
23-03-2011 19:12:52 --- INFO: Honda Pilot - found: 31, pass primary filters: 1, did not pass the filter by color: 0, added: 1, new vincodes: 0
23-03-2011 19:12:57 --- INFO: Mitsubishi Montero 4WD Limited - found: 5, pass primary filters: 0, did not pass the filter by color: 0, added: 0, new vincodes: 0
23-03-2011 19:14:25 --- INFO: Toyota 4RUNNER 4WD Limited - found: 63, pass primary filters: 30, did not pass the filter by color: 21, added: 9, new vincodes: 0
23-03-2011 19:14:32 --- INFO: Toyota RAV 4 - found: 9, pass primary filters: 0, did not pass the filter by color: 0, added: 0, new vincodes: 0
23-03-2011 19:14:44 --- INFO: Toyota Highlander 4WD - found: 17, pass primary filters: 0, did not pass the filter by color: 0, added: 0, new vincodes: 0
23-03-2011 19:14:44 --- INFO: finish: 23-03-2011 19:14:44
23-03-2011 19:14:44 --- INFO: elapsed time: ~282.5 sec., memory usage: ~2.37 Mb.
23-03-2011 19:30:01 --- INFO: start: 23-03-2011 19:30:01
23-03-2011 19:30:02 --- INFO: ----------Source_Autotrader (cli)
23-03-2011 19:35:02 --- ERROR: Unauthorized request
23-03-2011 19:35:02 --- INFO: finish: 23-03-2011 19:35:02
23-03-2011 19:35:02 --- INFO: elapsed time: ~300.96 sec., memory usage: ~1.32 Mb.
23-03-2011 19:20:01 --- INFO: start: 23-03-2011 19:20:01
23-03-2011 19:20:01 --- INFO: ----------Source_Cars (cli)
23-03-2011 19:20:09 --- INFO: Lexus RX 300 - found: 9, pass primary filters: 5, did not pass the filter by color: 4, added: 1, new vincodes: 0
23-03-2011 19:20:50 --- INFO: Lexus RX 330 - found: 45, pass primary filters: 16, did not pass the filter by color: 5, added: 11, new vincodes: 1
23-03-2011 19:20:51 --- INFO: Lexus RX 400H - found: 1, pass primary filters: 1, did not pass the filter by color: 1, added: 0, new vincodes: 0
23-03-2011 19:21:04 --- INFO: Lexus GX 470 - found: 12, pass primary filters: 12, did not pass the filter by color: 12, added: 0, new vincodes: 0
23-03-2011 19:21:13 --- INFO: Lexus GX 470 - found: 9, pass primary filters: 9, did not pass the filter by color: 4, added: 5, new vincodes: 0
23-03-2011 19:21:24 --- INFO: Lexus LX 470 - found: 0, pass primary filters: 0, did not pass the filter by color: 0, added: 0, new vincodes: 0
23-03-2011 19:21:36 --- INFO: Lexus LX 470 - found: 0, pass primary filters: 0, did not pass the filter by color: 0, added: 0, new vincodes: 0
23-03-2011 19:21:46 --- INFO: Toyota Land Cruiser - found: 0, pass primary filters: 0, did not pass the filter by color: 0, added: 0, new vincodes: 0
23-03-2011 19:22:25 --- INFO: Honda CR-V - found: 44, pass primary filters: 9, did not pass the filter by color: 0, added: 9, new vincodes: 0
23-03-2011 19:31:13 --- INFO: Honda Pilot - found: 500, pass primary filters: 54, did not pass the filter by color: 0, added: 54, new vincodes: 1
23-03-2011 19:31:36 --- INFO: Mitsubishi Montero 4WD Limited - found: 23, pass primary filters: 9, did not pass the filter by color: 9, added: 0, new vincodes: 0
23-03-2011 19:38:13 --- INFO: Toyota 4RUNNER 4WD Limited - found: 446, pass primary filters: 76, did not pass the filter by color: 52, added: 24, new vincodes: 0
23-03-2011 19:38:24 --- INFO: Toyota RAV 4 - found: 8, pass primary filters: 1, did not pass the filter by color: 1, added: 0, new vincodes: 0
23-03-2011 19:38:36 --- INFO: Toyota Highlander 4WD - found: 12, pass primary filters: 0, did not pass the filter by color: 0, added: 0, new vincodes: 0
23-03-2011 19:38:36 --- INFO: finish: 23-03-2011 19:38:36
23-03-2011 19:38:36 --- INFO: elapsed time: ~1115.42 sec., memory usage: ~3.25 Mb.
23-03-2011 23:05:01 --- INFO: start: 23-03-2011 23:05:01
23-03-2011 23:05:01 --- INFO: ----------Source_Openlane (cli)
23-03-2011 23:05:04 --- INFO: Authorized request
23-03-2011 23:05:06 --- INFO: Lexus RX 300 - found: 1, pass primary filters: 1, did not pass the filter by color: 0, added: 1, new vincodes: 0
23-03-2011 23:05:07 --- INFO: Lexus RX 330 - found: 0, pass primary filters: 0, did not pass the filter by color: 0, added: 0, new vincodes: 0
23-03-2011 23:05:08 --- INFO: Lexus RX 400H - found: 0, pass primary filters: 0, did not pass the filter by color: 0, added: 0, new vincodes: 0
23-03-2011 23:05:09 --- INFO: Lexus GX 470 - found: 0, pass primary filters: 0, did not pass the filter by color: 0, added: 0, new vincodes: 0
23-03-2011 23:05:10 --- INFO: Lexus GX 470 - found: 3, pass primary filters: 3, did not pass the filter by color: 1, added: 2, new vincodes: 0
23-03-2011 23:05:12 --- INFO: Lexus LX 470 - found: 1, pass primary filters: 1, did not pass the filter by color: 1, added: 0, new vincodes: 0
23-03-2011 23:05:13 --- INFO: Lexus LX 470 - found: 1, pass primary filters: 1, did not pass the filter by color: 1, added: 0, new vincodes: 0
23-03-2011 23:05:14 --- INFO: Toyota Land Cruiser - found: 0, pass primary filters: 0, did not pass the filter by color: 0, added: 0, new vincodes: 0
23-03-2011 23:05:15 --- INFO: Honda CR-V - found: 0, pass primary filters: 0, did not pass the filter by color: 0, added: 0, new vincodes: 0
23-03-2011 23:05:16 --- INFO: Honda Pilot - found: 2, pass primary filters: 0, did not pass the filter by color: 0, added: 0, new vincodes: 0
23-03-2011 23:05:17 --- INFO: Mitsubishi Montero 4WD Limited - found: 1, pass primary filters: 1, did not pass the filter by color: 1, added: 0, new vincodes: 0
23-03-2011 23:05:18 --- INFO: Toyota 4RUNNER 4WD Limited - found: 1, pass primary filters: 0, did not pass the filter by color: 0, added: 0, new vincodes: 0
23-03-2011 23:05:20 --- INFO: Toyota RAV 4 - found: 1, pass primary filters: 1, did not pass the filter by color: 1, added: 0, new vincodes: 0
23-03-2011 23:05:21 --- INFO: Toyota Highlander 4WD - found: 1, pass primary filters: 0, did not pass the filter by color: 0, added: 0, new vincodes: 0
23-03-2011 23:05:21 --- INFO: finish: 23-03-2011 23:05:21
23-03-2011 23:05:21 --- INFO: elapsed time: ~19.88 sec., memory usage: ~1.94 Mb.
23-03-2011 23:10:01 --- INFO: start: 23-03-2011 23:10:01
23-03-2011 23:10:01 --- INFO: ----------Source_Ebay (cli)
23-03-2011 23:10:18 --- INFO: Lexus RX 300 - found: 25, pass primary filters: 3, did not pass the filter by color: 1, added: 2, new vincodes: 0
23-03-2011 23:10:51 --- INFO: Lexus RX 330 - found: 49, pass primary filters: 1, did not pass the filter by color: 0, added: 1, new vincodes: 0
23-03-2011 23:11:17 --- INFO: Lexus RX 400H - found: 37, pass primary filters: 0, did not pass the filter by color: 0, added: 0, new vincodes: 0
23-03-2011 23:11:34 --- INFO: Lexus GX 470 - found: 24, pass primary filters: 7, did not pass the filter by color: 5, added: 2, new vincodes: 0
23-03-2011 23:11:51 --- INFO: Lexus GX 470 - found: 25, pass primary filters: 9, did not pass the filter by color: 7, added: 2, new vincodes: 0
23-03-2011 23:11:59 --- INFO: Lexus LX 470 - found: 9, pass primary filters: 5, did not pass the filter by color: 5, added: 0, new vincodes: 1
23-03-2011 23:12:06 --- INFO: Lexus LX 470 - found: 9, pass primary filters: 6, did not pass the filter by color: 6, added: 0, new vincodes: 0
23-03-2011 23:12:09 --- INFO: Toyota Land Cruiser - found: 4, pass primary filters: 2, did not pass the filter by color: 2, added: 0, new vincodes: 0
23-03-2011 23:12:17 --- INFO: Honda CR-V - found: 9, pass primary filters: 2, did not pass the filter by color: 0, added: 2, new vincodes: 0
23-03-2011 23:12:38 --- INFO: Honda Pilot - found: 32, pass primary filters: 1, did not pass the filter by color: 0, added: 1, new vincodes: 0
23-03-2011 23:12:43 --- INFO: Mitsubishi Montero 4WD Limited - found: 5, pass primary filters: 0, did not pass the filter by color: 0, added: 0, new vincodes: 0
23-03-2011 23:14:00 --- INFO: Toyota 4RUNNER 4WD Limited - found: 61, pass primary filters: 28, did not pass the filter by color: 20, added: 8, new vincodes: 0
23-03-2011 23:14:07 --- INFO: Toyota RAV 4 - found: 9, pass primary filters: 0, did not pass the filter by color: 0, added: 0, new vincodes: 0
23-03-2011 23:14:17 --- INFO: Toyota Highlander 4WD - found: 14, pass primary filters: 0, did not pass the filter by color: 0, added: 0, new vincodes: 0
23-03-2011 23:14:17 --- INFO: finish: 23-03-2011 23:14:17
23-03-2011 23:14:17 --- INFO: elapsed time: ~256.47 sec., memory usage: ~2.37 Mb.
23-03-2011 23:30:01 --- INFO: start: 23-03-2011 23:30:01
23-03-2011 23:30:01 --- INFO: ----------Source_Autotrader (cli)
23-03-2011 23:35:02 --- ERROR: Unauthorized request
23-03-2011 23:35:02 --- INFO: finish: 23-03-2011 23:35:02
23-03-2011 23:35:02 --- INFO: elapsed time: ~300.96 sec., memory usage: ~1.32 Mb.
23-03-2011 23:20:02 --- INFO: start: 23-03-2011 23:20:02
23-03-2011 23:20:02 --- INFO: ----------Source_Cars (cli)
23-03-2011 23:20:10 --- INFO: Lexus RX 300 - found: 9, pass primary filters: 5, did not pass the filter by color: 4, added: 1, new vincodes: 0
23-03-2011 23:20:43 --- INFO: Lexus RX 330 - found: 45, pass primary filters: 16, did not pass the filter by color: 5, added: 11, new vincodes: 0
23-03-2011 23:20:46 --- INFO: Lexus RX 400H - found: 1, pass primary filters: 1, did not pass the filter by color: 1, added: 0, new vincodes: 0
23-03-2011 23:20:55 --- INFO: Lexus GX 470 - found: 12, pass primary filters: 12, did not pass the filter by color: 12, added: 0, new vincodes: 0
23-03-2011 23:21:03 --- INFO: Lexus GX 470 - found: 9, pass primary filters: 9, did not pass the filter by color: 4, added: 5, new vincodes: 0
23-03-2011 23:21:14 --- INFO: Lexus LX 470 - found: 0, pass primary filters: 0, did not pass the filter by color: 0, added: 0, new vincodes: 0
23-03-2011 23:21:27 --- INFO: Lexus LX 470 - found: 0, pass primary filters: 0, did not pass the filter by color: 0, added: 0, new vincodes: 0
23-03-2011 23:21:40 --- INFO: Toyota Land Cruiser - found: 0, pass primary filters: 0, did not pass the filter by color: 0, added: 0, new vincodes: 0
23-03-2011 23:22:11 --- INFO: Honda CR-V - found: 43, pass primary filters: 8, did not pass the filter by color: 0, added: 8, new vincodes: 0
23-03-2011 23:28:57 --- INFO: Honda Pilot - found: 499, pass primary filters: 54, did not pass the filter by color: 0, added: 54, new vincodes: 1
23-03-2011 23:29:21 --- INFO: Mitsubishi Montero 4WD Limited - found: 23, pass primary filters: 9, did not pass the filter by color: 9, added: 0, new vincodes: 0
23-03-2011 23:35:15 --- INFO: Toyota 4RUNNER 4WD Limited - found: 444, pass primary filters: 73, did not pass the filter by color: 49, added: 24, new vincodes: 0
23-03-2011 23:35:23 --- INFO: Toyota RAV 4 - found: 8, pass primary filters: 1, did not pass the filter by color: 1, added: 0, new vincodes: 0
23-03-2011 23:35:34 --- INFO: Toyota Highlander 4WD - found: 12, pass primary filters: 0, did not pass the filter by color: 0, added: 0, new vincodes: 0
23-03-2011 23:35:34 --- INFO: finish: 23-03-2011 23:35:34
23-03-2011 23:35:34 --- INFO: elapsed time: ~932.08 sec., memory usage: ~3.19 Mb.