
28-03-2011 03:05:01 --- INFO: start: 28-03-2011 03:05:01
28-03-2011 03:05:02 --- INFO: ----------Source_Openlane (cli)
28-03-2011 03:05:05 --- INFO: Authorized request
28-03-2011 03:05:07 --- INFO: Lexus RX 300 - found: 2, pass primary filters: 2, did not pass the filter by color: 0, added: 2, new vincodes: 0
28-03-2011 03:05:08 --- INFO: Lexus RX 330 - found: 1, pass primary filters: 0, did not pass the filter by color: 0, added: 0, new vincodes: 0
28-03-2011 03:05:10 --- INFO: Lexus RX 400H - found: 0, pass primary filters: 0, did not pass the filter by color: 0, added: 0, new vincodes: 0
28-03-2011 03:05:11 --- INFO: Lexus GX 470 - found: 0, pass primary filters: 0, did not pass the filter by color: 0, added: 0, new vincodes: 0
28-03-2011 03:05:12 --- INFO: Lexus GX 470 - found: 2, pass primary filters: 2, did not pass the filter by color: 1, added: 1, new vincodes: 0
28-03-2011 03:05:13 --- INFO: Lexus LX 470 - found: 1, pass primary filters: 1, did not pass the filter by color: 1, added: 0, new vincodes: 0
28-03-2011 03:05:15 --- INFO: Lexus LX 470 - found: 1, pass primary filters: 1, did not pass the filter by color: 1, added: 0, new vincodes: 0
28-03-2011 03:05:16 --- INFO: Toyota Land Cruiser - found: 0, pass primary filters: 0, did not pass the filter by color: 0, added: 0, new vincodes: 0
28-03-2011 03:05:17 --- INFO: Honda CR-V - found: 0, pass primary filters: 0, did not pass the filter by color: 0, added: 0, new vincodes: 0
28-03-2011 03:05:18 --- INFO: Honda CR-V - found: 0, pass primary filters: 0, did not pass the filter by color: 0, added: 0, new vincodes: 0
28-03-2011 03:05:19 --- INFO: Mitsubishi Montero 4WD Limited - found: 1, pass primary filters: 1, did not pass the filter by color: 1, added: 0, new vincodes: 0
28-03-2011 03:05:20 --- INFO: Toyota 4RUNNER 4WD Limited - found: 3, pass primary filters: 1, did not pass the filter by color: 1, added: 0, new vincodes: 0
28-03-2011 03:05:22 --- INFO: Toyota RAV 4 - found: 1, pass primary filters: 1, did not pass the filter by color: 1, added: 0, new vincodes: 0
28-03-2011 03:05:23 --- INFO: Toyota Highlander 4WD - found: 1, pass primary filters: 0, did not pass the filter by color: 0, added: 0, new vincodes: 0
28-03-2011 03:05:23 --- INFO: finish: 28-03-2011 03:05:23
28-03-2011 03:05:23 --- INFO: elapsed time: ~21.82 sec., memory usage: ~1.95 Mb.
28-03-2011 03:10:01 --- INFO: start: 28-03-2011 03:10:01
28-03-2011 03:10:01 --- INFO: ----------Source_Ebay (cli)
28-03-2011 03:10:22 --- INFO: Lexus RX 300 - found: 25, pass primary filters: 3, did not pass the filter by color: 1, added: 2, new vincodes: 0
28-03-2011 03:11:41 --- INFO: Lexus RX 330 - found: 53, pass primary filters: 2, did not pass the filter by color: 1, added: 1, new vincodes: 0
28-03-2011 03:12:04 --- INFO: Lexus RX 400H - found: 33, pass primary filters: 0, did not pass the filter by color: 0, added: 0, new vincodes: 0
28-03-2011 03:12:19 --- INFO: Lexus GX 470 - found: 21, pass primary filters: 6, did not pass the filter by color: 4, added: 2, new vincodes: 0
28-03-2011 03:12:35 --- INFO: Lexus GX 470 - found: 23, pass primary filters: 12, did not pass the filter by color: 10, added: 2, new vincodes: 0
28-03-2011 03:12:43 --- INFO: Lexus LX 470 - found: 11, pass primary filters: 7, did not pass the filter by color: 6, added: 1, new vincodes: 0
28-03-2011 03:12:49 --- INFO: Lexus LX 470 - found: 8, pass primary filters: 5, did not pass the filter by color: 4, added: 1, new vincodes: 0
28-03-2011 03:12:53 --- INFO: Toyota Land Cruiser - found: 4, pass primary filters: 1, did not pass the filter by color: 1, added: 0, new vincodes: 0
28-03-2011 03:12:59 --- INFO: Honda CR-V - found: 7, pass primary filters: 0, did not pass the filter by color: 0, added: 0, new vincodes: 0
28-03-2011 03:14:37 --- INFO: Honda CR-V - found: 74, pass primary filters: 2, did not pass the filter by color: 0, added: 2, new vincodes: 0
28-03-2011 03:14:41 --- INFO: Mitsubishi Montero 4WD Limited - found: 5, pass primary filters: 0, did not pass the filter by color: 0, added: 0, new vincodes: 0
28-03-2011 03:15:52 --- INFO: Toyota 4RUNNER 4WD Limited - found: 54, pass primary filters: 26, did not pass the filter by color: 20, added: 6, new vincodes: 0
28-03-2011 03:15:57 --- INFO: Toyota RAV 4 - found: 6, pass primary filters: 0, did not pass the filter by color: 0, added: 0, new vincodes: 0
28-03-2011 03:16:09 --- INFO: Toyota Highlander 4WD - found: 17, pass primary filters: 0, did not pass the filter by color: 0, added: 0, new vincodes: 0
28-03-2011 03:16:09 --- INFO: finish: 28-03-2011 03:16:09
28-03-2011 03:16:09 --- INFO: elapsed time: ~367.76 sec., memory usage: ~2.34 Mb.
28-03-2011 03:20:01 --- INFO: start: 28-03-2011 03:20:01
28-03-2011 03:20:01 --- INFO: ----------Source_Cars (cli)
28-03-2011 03:20:09 --- INFO: Lexus RX 300 - found: 9, pass primary filters: 4, did not pass the filter by color: 3, added: 1, new vincodes: 0
28-03-2011 03:20:51 --- INFO: Lexus RX 330 - found: 48, pass primary filters: 18, did not pass the filter by color: 14, added: 4, new vincodes: 0
28-03-2011 03:20:54 --- INFO: Lexus RX 400H - found: 1, pass primary filters: 1, did not pass the filter by color: 1, added: 0, new vincodes: 0
28-03-2011 03:21:03 --- INFO: Lexus GX 470 - found: 9, pass primary filters: 9, did not pass the filter by color: 9, added: 0, new vincodes: 0
28-03-2011 03:21:12 --- INFO: Lexus GX 470 - found: 8, pass primary filters: 8, did not pass the filter by color: 5, added: 3, new vincodes: 0
28-03-2011 03:21:25 --- INFO: Lexus LX 470 - found: 0, pass primary filters: 0, did not pass the filter by color: 0, added: 0, new vincodes: 0
28-03-2011 03:21:27 --- INFO: Lexus LX 470 - found: 1, pass primary filters: 1, did not pass the filter by color: 1, added: 0, new vincodes: 0
28-03-2011 03:21:43 --- INFO: Toyota Land Cruiser - found: 0, pass primary filters: 0, did not pass the filter by color: 0, added: 0, new vincodes: 0
28-03-2011 03:22:19 --- INFO: Honda CR-V - found: 39, pass primary filters: 7, did not pass the filter by color: 0, added: 7, new vincodes: 0
28-03-2011 03:22:43 --- INFO: Honda CR-V - found: 26, pass primary filters: 10, did not pass the filter by color: 0, added: 10, new vincodes: 0
28-03-2011 03:23:04 --- INFO: Mitsubishi Montero 4WD Limited - found: 24, pass primary filters: 10, did not pass the filter by color: 10, added: 0, new vincodes: 0
28-03-2011 03:30:14 --- INFO: Toyota 4RUNNER 4WD Limited - found: 475, pass primary filters: 87, did not pass the filter by color: 59, added: 28, new vincodes: 0
28-03-2011 03:30:25 --- INFO: Toyota RAV 4 - found: 10, pass primary filters: 3, did not pass the filter by color: 3, added: 0, new vincodes: 0
28-03-2011 03:30:37 --- INFO: Toyota Highlander 4WD - found: 12, pass primary filters: 0, did not pass the filter by color: 0, added: 0, new vincodes: 0
28-03-2011 03:30:37 --- INFO: finish: 28-03-2011 03:30:37
28-03-2011 03:30:37 --- INFO: elapsed time: ~636.5 sec., memory usage: ~2.98 Mb.
28-03-2011 03:30:01 --- INFO: start: 28-03-2011 03:30:01
28-03-2011 03:30:01 --- INFO: ----------Source_Autotrader (cli)
28-03-2011 03:30:02 --- INFO: Authorized request
28-03-2011 03:30:05 --- INFO: Lexus RX 300 - found: 8, pass primary filters: 1, did not pass the filter by color: 0, added: 1, new vincodes: 0
28-03-2011 03:30:38 --- INFO: Lexus RX 330 - found: 104, pass primary filters: 19, did not pass the filter by color: 7, added: 12, new vincodes: 0
28-03-2011 03:30:39 --- INFO: Lexus RX 400H - found: 1, pass primary filters: 1, did not pass the filter by color: 0, added: 1, new vincodes: 0
28-03-2011 03:30:44 --- INFO: VIN unavilable. Trying to decode...
28-03-2011 03:30:44 --- INFO: Attempt #1
28-03-2011 03:30:44 --- ERROR: ErrorException [ 2 ]: fopen(/home/clients/boldyrek_ftp0/domains/tcl.makmalauto.com/html/cron/grabber/application/1.0.2/cache/autotrader/captcha.jpg): failed to open stream: Permission denied ~ APPPATH/classes/source/autotrader.php [ 340 ]
#0 [internal function]: Kohana_Core::error_handler(2, 'fopen(/home/cli...', '/home/clients/b...', 340, Array)
#1 /home/clients/boldyrek_ftp0/domains/tcl.makmalauto.com/html/cron/grabber/application/1.0.2/classes/source/autotrader.php(340): fopen('/home/clients/b...', 'w')
#2 /home/clients/boldyrek_ftp0/domains/tcl.makmalauto.com/html/cron/grabber/application/1.0.2/classes/source/autotrader.php(113): Source_Autotrader->_captcha()
#3 /home/clients/boldyrek_ftp0/domains/tcl.makmalauto.com/html/cron/grabber/application/1.0.2/classes/source.php(48): Source_Autotrader->execute()
#4 /home/clients/boldyrek_ftp0/domains/tcl.makmalauto.com/html/cron/grabber/application/1.0.2/classes/controller/home.php(36): Source->run()
#5 [internal function]: Controller_Home->action_execute('5', 'home/execute/5', Object(Route))
#6 /home/clients/boldyrek_ftp0/domains/tcl.makmalauto.com/html/cron/grabber/system/classes/kohana/request/client/internal.php(132): ReflectionMethod->invokeArgs(Object(Controller_Home), Array)
#7 /home/clients/boldyrek_ftp0/domains/tcl.makmalauto.com/html/cron/grabber/system/classes/kohana/request.php(964): Kohana_Request_Client_Internal->execute(Object(Request))
#8 /home/clients/boldyrek_ftp0/domains/tcl.makmalauto.com/html/cron/grabber/index.php(110): Kohana_Request->execute()
#9 {main}
28-03-2011 06:10:01 --- INFO: start: 28-03-2011 06:10:01
28-03-2011 06:10:02 --- INFO: ----------Source_Adesa (cli)
28-03-2011 06:10:03 --- INFO: Authorized request
28-03-2011 06:10:04 --- INFO: Lexus RX 300 - found: 2, pass primary filters: 1, did not pass the filter by color: 0, added: 1, new vincodes: 0
28-03-2011 06:10:04 --- INFO: Lexus RX 330 - found: 2, pass primary filters: 0, did not pass the filter by color: 0, added: 0, new vincodes: 0
28-03-2011 06:10:04 --- INFO: Lexus RX 400H - found: 0, pass primary filters: 0, did not pass the filter by color: 0, added: 0, new vincodes: 0
28-03-2011 06:10:04 --- INFO: Lexus GX 470 - found: 2, pass primary filters: 1, did not pass the filter by color: 0, added: 1, new vincodes: 0
28-03-2011 06:10:05 --- INFO: Lexus GX 470 - found: 1, pass primary filters: 1, did not pass the filter by color: 1, added: 0, new vincodes: 0
28-03-2011 06:10:05 --- INFO: Lexus LX 470 - found: 0, pass primary filters: 0, did not pass the filter by color: 0, added: 0, new vincodes: 0
28-03-2011 06:10:05 --- INFO: Lexus LX 470 - found: 1, pass primary filters: 0, did not pass the filter by color: 0, added: 0, new vincodes: 0
28-03-2011 06:10:05 --- INFO: Toyota Land Cruiser - found: 1, pass primary filters: 0, did not pass the filter by color: 0, added: 0, new vincodes: 0
28-03-2011 06:10:05 --- INFO: Honda CR-V - found: 4, pass primary filters: 1, did not pass the filter by color: 0, added: 1, new vincodes: 0
28-03-2011 06:10:05 --- INFO: Honda CR-V - found: 4, pass primary filters: 2, did not pass the filter by color: 0, added: 2, new vincodes: 0
28-03-2011 06:10:06 --- INFO: Mitsubishi Montero 4WD Limited - found: 14, pass primary filters: 0, did not pass the filter by color: 0, added: 0, new vincodes: 0
28-03-2011 06:10:06 --- INFO: Toyota 4RUNNER 4WD Limited - found: 13, pass primary filters: 6, did not pass the filter by color: 4, added: 2, new vincodes: 0
28-03-2011 06:10:06 --- INFO: Toyota RAV 4 - found: 3, pass primary filters: 0, did not pass the filter by color: 0, added: 0, new vincodes: 0
28-03-2011 06:10:06 --- INFO: Toyota Highlander 4WD - found: 8, pass primary filters: 0, did not pass the filter by color: 0, added: 0, new vincodes: 0
28-03-2011 06:10:06 --- INFO: finish: 28-03-2011 06:10:06
28-03-2011 06:10:06 --- INFO: elapsed time: ~4.91 sec., memory usage: ~1.97 Mb.
28-03-2011 06:10:01 --- INFO: start: 28-03-2011 06:10:01
28-03-2011 06:10:02 --- INFO: ----------Source_Gsmotors (cli)
28-03-2011 06:11:10 --- INFO: Lexus RX 300 - found: 54, pass primary filters: 10, did not pass the filter by color: 4, added: 6, new vincodes: 0
28-03-2011 06:14:00 --- INFO: Lexus RX 330 - found: 124, pass primary filters: 29, did not pass the filter by color: 7, added: 22, new vincodes: 0
28-03-2011 06:14:14 --- INFO: Lexus RX 400H - found: 8, pass primary filters: 0, did not pass the filter by color: 0, added: 0, new vincodes: 0
28-03-2011 06:15:08 --- INFO: Lexus GX 470 - found: 35, pass primary filters: 18, did not pass the filter by color: 13, added: 5, new vincodes: 0
28-03-2011 06:16:25 --- INFO: Lexus GX 470 - found: 52, pass primary filters: 17, did not pass the filter by color: 14, added: 3, new vincodes: 0
28-03-2011 06:16:42 --- INFO: Lexus LX 470 - found: 11, pass primary filters: 9, did not pass the filter by color: 9, added: 0, new vincodes: 1
28-03-2011 06:17:00 --- INFO: Lexus LX 470 - found: 14, pass primary filters: 7, did not pass the filter by color: 7, added: 0, new vincodes: 0
28-03-2011 06:17:13 --- INFO: Toyota Land Cruiser - found: 5, pass primary filters: 4, did not pass the filter by color: 4, added: 0, new vincodes: 1
28-03-2011 06:17:53 --- INFO: Honda CR-V - found: 29, pass primary filters: 6, did not pass the filter by color: 0, added: 6, new vincodes: 0
28-03-2011 06:21:06 --- INFO: Honda CR-V - found: 109, pass primary filters: 1, did not pass the filter by color: 0, added: 1, new vincodes: 0
28-03-2011 06:22:29 --- INFO: Mitsubishi Montero 4WD Limited - found: 48, pass primary filters: 10, did not pass the filter by color: 10, added: 0, new vincodes: 0
28-03-2011 06:27:05 --- INFO: Toyota 4RUNNER 4WD Limited - found: 175, pass primary filters: 39, did not pass the filter by color: 26, added: 13, new vincodes: 0
28-03-2011 06:28:01 --- INFO: Toyota RAV 4 - found: 39, pass primary filters: 7, did not pass the filter by color: 7, added: 0, new vincodes: 0
28-03-2011 06:29:28 --- INFO: Toyota Highlander 4WD - found: 53, pass primary filters: 5, did not pass the filter by color: 5, added: 0, new vincodes: 0
28-03-2011 06:29:28 --- INFO: finish: 28-03-2011 06:29:28
28-03-2011 06:29:28 --- INFO: elapsed time: ~1166.24 sec., memory usage: ~3.08 Mb.
28-03-2011 07:05:01 --- INFO: start: 28-03-2011 07:05:01
28-03-2011 07:05:01 --- INFO: ----------Source_Openlane (cli)
28-03-2011 07:05:05 --- INFO: Authorized request
28-03-2011 07:05:06 --- INFO: Lexus RX 300 - found: 2, pass primary filters: 2, did not pass the filter by color: 0, added: 2, new vincodes: 0
28-03-2011 07:05:08 --- INFO: Lexus RX 330 - found: 1, pass primary filters: 0, did not pass the filter by color: 0, added: 0, new vincodes: 0
28-03-2011 07:05:09 --- INFO: Lexus RX 400H - found: 0, pass primary filters: 0, did not pass the filter by color: 0, added: 0, new vincodes: 0
28-03-2011 07:05:10 --- INFO: Lexus GX 470 - found: 0, pass primary filters: 0, did not pass the filter by color: 0, added: 0, new vincodes: 0
28-03-2011 07:05:11 --- INFO: Lexus GX 470 - found: 2, pass primary filters: 2, did not pass the filter by color: 1, added: 1, new vincodes: 0
28-03-2011 07:05:12 --- INFO: Lexus LX 470 - found: 1, pass primary filters: 1, did not pass the filter by color: 1, added: 0, new vincodes: 0
28-03-2011 07:05:14 --- INFO: Lexus LX 470 - found: 1, pass primary filters: 1, did not pass the filter by color: 1, added: 0, new vincodes: 0
28-03-2011 07:05:15 --- INFO: Toyota Land Cruiser - found: 0, pass primary filters: 0, did not pass the filter by color: 0, added: 0, new vincodes: 0
28-03-2011 07:05:16 --- INFO: Honda CR-V - found: 0, pass primary filters: 0, did not pass the filter by color: 0, added: 0, new vincodes: 0
28-03-2011 07:05:17 --- INFO: Honda CR-V - found: 0, pass primary filters: 0, did not pass the filter by color: 0, added: 0, new vincodes: 0
28-03-2011 07:05:18 --- INFO: Mitsubishi Montero 4WD Limited - found: 1, pass primary filters: 1, did not pass the filter by color: 1, added: 0, new vincodes: 0
28-03-2011 07:05:19 --- INFO: Toyota 4RUNNER 4WD Limited - found: 3, pass primary filters: 1, did not pass the filter by color: 1, added: 0, new vincodes: 0
28-03-2011 07:05:20 --- INFO: Toyota RAV 4 - found: 1, pass primary filters: 1, did not pass the filter by color: 1, added: 0, new vincodes: 0
28-03-2011 07:05:22 --- INFO: Toyota Highlander 4WD - found: 1, pass primary filters: 0, did not pass the filter by color: 0, added: 0, new vincodes: 0
28-03-2011 07:05:22 --- INFO: finish: 28-03-2011 07:05:22
28-03-2011 07:05:22 --- INFO: elapsed time: ~20.2 sec., memory usage: ~1.95 Mb.
28-03-2011 07:10:01 --- INFO: start: 28-03-2011 07:10:01
28-03-2011 07:10:01 --- INFO: ----------Source_Ebay (cli)
28-03-2011 07:10:20 --- INFO: Lexus RX 300 - found: 25, pass primary filters: 3, did not pass the filter by color: 1, added: 2, new vincodes: 0
28-03-2011 07:11:32 --- INFO: Lexus RX 330 - found: 54, pass primary filters: 2, did not pass the filter by color: 1, added: 1, new vincodes: 0
28-03-2011 07:11:56 --- INFO: Lexus RX 400H - found: 34, pass primary filters: 0, did not pass the filter by color: 0, added: 0, new vincodes: 0
28-03-2011 07:12:11 --- INFO: Lexus GX 470 - found: 21, pass primary filters: 6, did not pass the filter by color: 4, added: 2, new vincodes: 0
28-03-2011 07:12:29 --- INFO: Lexus GX 470 - found: 23, pass primary filters: 12, did not pass the filter by color: 10, added: 2, new vincodes: 0
28-03-2011 07:12:37 --- INFO: Lexus LX 470 - found: 11, pass primary filters: 7, did not pass the filter by color: 6, added: 1, new vincodes: 0
28-03-2011 07:12:44 --- INFO: Lexus LX 470 - found: 8, pass primary filters: 5, did not pass the filter by color: 4, added: 1, new vincodes: 0
28-03-2011 07:12:48 --- INFO: Toyota Land Cruiser - found: 4, pass primary filters: 1, did not pass the filter by color: 1, added: 0, new vincodes: 0
28-03-2011 07:12:54 --- INFO: Honda CR-V - found: 7, pass primary filters: 0, did not pass the filter by color: 0, added: 0, new vincodes: 0
28-03-2011 07:14:43 --- INFO: Honda CR-V - found: 74, pass primary filters: 2, did not pass the filter by color: 0, added: 2, new vincodes: 0
28-03-2011 07:14:49 --- INFO: Mitsubishi Montero 4WD Limited - found: 5, pass primary filters: 0, did not pass the filter by color: 0, added: 0, new vincodes: 0
28-03-2011 07:16:06 --- INFO: Toyota 4RUNNER 4WD Limited - found: 52, pass primary filters: 24, did not pass the filter by color: 19, added: 5, new vincodes: 0
28-03-2011 07:16:11 --- INFO: Toyota RAV 4 - found: 6, pass primary filters: 0, did not pass the filter by color: 0, added: 0, new vincodes: 0
28-03-2011 07:16:28 --- INFO: Toyota Highlander 4WD - found: 19, pass primary filters: 1, did not pass the filter by color: 1, added: 0, new vincodes: 1
28-03-2011 07:16:28 --- INFO: finish: 28-03-2011 07:16:28
28-03-2011 07:16:28 --- INFO: elapsed time: ~387.12 sec., memory usage: ~2.36 Mb.
28-03-2011 07:20:01 --- INFO: start: 28-03-2011 07:20:01
28-03-2011 07:20:01 --- INFO: ----------Source_Cars (cli)
28-03-2011 07:20:09 --- INFO: Lexus RX 300 - found: 9, pass primary filters: 4, did not pass the filter by color: 3, added: 1, new vincodes: 0
28-03-2011 07:20:41 --- INFO: Lexus RX 330 - found: 48, pass primary filters: 18, did not pass the filter by color: 14, added: 4, new vincodes: 0
28-03-2011 07:20:43 --- INFO: Lexus RX 400H - found: 1, pass primary filters: 1, did not pass the filter by color: 1, added: 0, new vincodes: 0
28-03-2011 07:20:51 --- INFO: Lexus GX 470 - found: 9, pass primary filters: 9, did not pass the filter by color: 9, added: 0, new vincodes: 0
28-03-2011 07:20:58 --- INFO: Lexus GX 470 - found: 8, pass primary filters: 8, did not pass the filter by color: 5, added: 3, new vincodes: 0
28-03-2011 07:21:09 --- INFO: Lexus LX 470 - found: 0, pass primary filters: 0, did not pass the filter by color: 0, added: 0, new vincodes: 0
28-03-2011 07:21:11 --- INFO: Lexus LX 470 - found: 1, pass primary filters: 1, did not pass the filter by color: 1, added: 0, new vincodes: 0
28-03-2011 07:21:28 --- INFO: Toyota Land Cruiser - found: 0, pass primary filters: 0, did not pass the filter by color: 0, added: 0, new vincodes: 0
28-03-2011 07:21:55 --- INFO: Honda CR-V - found: 39, pass primary filters: 7, did not pass the filter by color: 0, added: 7, new vincodes: 0
28-03-2011 07:22:13 --- INFO: Honda CR-V - found: 26, pass primary filters: 10, did not pass the filter by color: 0, added: 10, new vincodes: 0
28-03-2011 07:22:30 --- INFO: Mitsubishi Montero 4WD Limited - found: 24, pass primary filters: 10, did not pass the filter by color: 10, added: 0, new vincodes: 0
28-03-2011 07:27:57 --- INFO: Toyota 4RUNNER 4WD Limited - found: 475, pass primary filters: 87, did not pass the filter by color: 59, added: 28, new vincodes: 0
28-03-2011 07:28:05 --- INFO: Toyota RAV 4 - found: 10, pass primary filters: 3, did not pass the filter by color: 3, added: 0, new vincodes: 0
28-03-2011 07:28:15 --- INFO: Toyota Highlander 4WD - found: 12, pass primary filters: 0, did not pass the filter by color: 0, added: 0, new vincodes: 0
28-03-2011 07:28:15 --- INFO: finish: 28-03-2011 07:28:15
28-03-2011 07:28:15 --- INFO: elapsed time: ~493.44 sec., memory usage: ~2.98 Mb.
28-03-2011 07:30:01 --- INFO: start: 28-03-2011 07:30:01
28-03-2011 07:30:01 --- INFO: ----------Source_Autotrader (cli)
28-03-2011 07:30:01 --- INFO: Authorized request
28-03-2011 07:30:05 --- INFO: Lexus RX 300 - found: 8, pass primary filters: 1, did not pass the filter by color: 0, added: 1, new vincodes: 0
28-03-2011 07:30:42 --- INFO: Lexus RX 330 - found: 103, pass primary filters: 18, did not pass the filter by color: 7, added: 11, new vincodes: 0
28-03-2011 07:30:43 --- INFO: Lexus RX 400H - found: 1, pass primary filters: 1, did not pass the filter by color: 0, added: 1, new vincodes: 0
28-03-2011 07:30:49 --- INFO: Lexus GX 470 - found: 13, pass primary filters: 12, did not pass the filter by color: 11, added: 1, new vincodes: 0
28-03-2011 07:30:50 --- INFO: VIN unavilable. Trying to decode...
28-03-2011 07:30:50 --- INFO: Attempt #1
28-03-2011 07:30:50 --- ERROR: ErrorException [ 2 ]: fopen(/home/clients/boldyrek_ftp0/domains/tcl.makmalauto.com/html/cron/grabber/application/1.0.2/cache/autotrader/captcha.jpg): failed to open stream: Permission denied ~ APPPATH/classes/source/autotrader.php [ 340 ]
#0 [internal function]: Kohana_Core::error_handler(2, 'fopen(/home/cli...', '/home/clients/b...', 340, Array)
#1 /home/clients/boldyrek_ftp0/domains/tcl.makmalauto.com/html/cron/grabber/application/1.0.2/classes/source/autotrader.php(340): fopen('/home/clients/b...', 'w')
#2 /home/clients/boldyrek_ftp0/domains/tcl.makmalauto.com/html/cron/grabber/application/1.0.2/classes/source/autotrader.php(113): Source_Autotrader->_captcha()
#3 /home/clients/boldyrek_ftp0/domains/tcl.makmalauto.com/html/cron/grabber/application/1.0.2/classes/source.php(48): Source_Autotrader->execute()
#4 /home/clients/boldyrek_ftp0/domains/tcl.makmalauto.com/html/cron/grabber/application/1.0.2/classes/controller/home.php(36): Source->run()
#5 [internal function]: Controller_Home->action_execute('5', 'home/execute/5', Object(Route))
#6 /home/clients/boldyrek_ftp0/domains/tcl.makmalauto.com/html/cron/grabber/system/classes/kohana/request/client/internal.php(132): ReflectionMethod->invokeArgs(Object(Controller_Home), Array)
#7 /home/clients/boldyrek_ftp0/domains/tcl.makmalauto.com/html/cron/grabber/system/classes/kohana/request.php(964): Kohana_Request_Client_Internal->execute(Object(Request))
#8 /home/clients/boldyrek_ftp0/domains/tcl.makmalauto.com/html/cron/grabber/index.php(110): Kohana_Request->execute()
#9 {main}
28-03-2011 08:10:01 --- INFO: start: 28-03-2011 08:10:01
28-03-2011 08:10:01 --- INFO: ----------Source_Adesa (cli)
28-03-2011 08:10:02 --- INFO: Authorized request
28-03-2011 08:10:03 --- INFO: Lexus RX 300 - found: 2, pass primary filters: 1, did not pass the filter by color: 0, added: 1, new vincodes: 0
28-03-2011 08:10:03 --- INFO: Lexus RX 330 - found: 2, pass primary filters: 0, did not pass the filter by color: 0, added: 0, new vincodes: 0
28-03-2011 08:10:03 --- INFO: Lexus RX 400H - found: 0, pass primary filters: 0, did not pass the filter by color: 0, added: 0, new vincodes: 0
28-03-2011 08:10:03 --- INFO: Lexus GX 470 - found: 2, pass primary filters: 1, did not pass the filter by color: 0, added: 1, new vincodes: 0
28-03-2011 08:10:04 --- INFO: Lexus GX 470 - found: 1, pass primary filters: 1, did not pass the filter by color: 1, added: 0, new vincodes: 0
28-03-2011 08:10:04 --- INFO: Lexus LX 470 - found: 0, pass primary filters: 0, did not pass the filter by color: 0, added: 0, new vincodes: 0
28-03-2011 08:10:04 --- INFO: Lexus LX 470 - found: 1, pass primary filters: 0, did not pass the filter by color: 0, added: 0, new vincodes: 0
28-03-2011 08:10:04 --- INFO: Toyota Land Cruiser - found: 1, pass primary filters: 0, did not pass the filter by color: 0, added: 0, new vincodes: 0
28-03-2011 08:10:04 --- INFO: Honda CR-V - found: 4, pass primary filters: 1, did not pass the filter by color: 0, added: 1, new vincodes: 0
28-03-2011 08:10:04 --- INFO: Honda CR-V - found: 4, pass primary filters: 2, did not pass the filter by color: 0, added: 2, new vincodes: 0
28-03-2011 08:10:05 --- INFO: Mitsubishi Montero 4WD Limited - found: 15, pass primary filters: 0, did not pass the filter by color: 0, added: 0, new vincodes: 0
28-03-2011 08:10:05 --- INFO: Toyota 4RUNNER 4WD Limited - found: 13, pass primary filters: 6, did not pass the filter by color: 4, added: 2, new vincodes: 0
28-03-2011 08:10:05 --- INFO: Toyota RAV 4 - found: 3, pass primary filters: 0, did not pass the filter by color: 0, added: 0, new vincodes: 0
28-03-2011 08:10:05 --- INFO: Toyota Highlander 4WD - found: 8, pass primary filters: 0, did not pass the filter by color: 0, added: 0, new vincodes: 0
28-03-2011 08:10:05 --- INFO: finish: 28-03-2011 08:10:05
28-03-2011 08:10:05 --- INFO: elapsed time: ~4.58 sec., memory usage: ~1.97 Mb.
28-03-2011 08:10:01 --- INFO: start: 28-03-2011 08:10:01
28-03-2011 08:10:01 --- INFO: ----------Source_Gsmotors (cli)
28-03-2011 08:10:37 --- INFO: Lexus RX 300 - found: 54, pass primary filters: 10, did not pass the filter by color: 4, added: 6, new vincodes: 0
28-03-2011 08:12:16 --- INFO: Lexus RX 330 - found: 124, pass primary filters: 29, did not pass the filter by color: 5, added: 24, new vincodes: 0
28-03-2011 08:12:24 --- INFO: Lexus RX 400H - found: 8, pass primary filters: 0, did not pass the filter by color: 0, added: 0, new vincodes: 0
28-03-2011 08:13:00 --- INFO: Lexus GX 470 - found: 35, pass primary filters: 18, did not pass the filter by color: 13, added: 5, new vincodes: 0
28-03-2011 08:13:44 --- INFO: Lexus GX 470 - found: 52, pass primary filters: 17, did not pass the filter by color: 14, added: 3, new vincodes: 0
28-03-2011 08:13:54 --- INFO: Lexus LX 470 - found: 11, pass primary filters: 9, did not pass the filter by color: 9, added: 0, new vincodes: 0
28-03-2011 08:14:12 --- INFO: Lexus LX 470 - found: 14, pass primary filters: 7, did not pass the filter by color: 7, added: 0, new vincodes: 0
28-03-2011 08:14:21 --- INFO: Toyota Land Cruiser - found: 5, pass primary filters: 4, did not pass the filter by color: 4, added: 0, new vincodes: 0
28-03-2011 08:14:48 --- INFO: Honda CR-V - found: 29, pass primary filters: 6, did not pass the filter by color: 0, added: 6, new vincodes: 0
28-03-2011 08:16:19 --- INFO: Honda CR-V - found: 109, pass primary filters: 1, did not pass the filter by color: 0, added: 1, new vincodes: 0
28-03-2011 08:17:03 --- INFO: Mitsubishi Montero 4WD Limited - found: 48, pass primary filters: 10, did not pass the filter by color: 10, added: 0, new vincodes: 0
28-03-2011 08:19:04 --- INFO: Toyota 4RUNNER 4WD Limited - found: 175, pass primary filters: 39, did not pass the filter by color: 26, added: 13, new vincodes: 0
28-03-2011 08:19:32 --- INFO: Toyota RAV 4 - found: 39, pass primary filters: 7, did not pass the filter by color: 7, added: 0, new vincodes: 0
28-03-2011 08:20:15 --- INFO: Toyota Highlander 4WD - found: 53, pass primary filters: 5, did not pass the filter by color: 5, added: 0, new vincodes: 0
28-03-2011 08:20:15 --- INFO: finish: 28-03-2011 08:20:15
28-03-2011 08:20:15 --- INFO: elapsed time: ~614.7 sec., memory usage: ~2.98 Mb.
28-03-2011 09:10:02 --- INFO: start: 28-03-2011 09:10:02
28-03-2011 09:10:02 --- INFO: ----------Source_Adesa (cli)
28-03-2011 09:10:03 --- INFO: Authorized request
28-03-2011 09:10:03 --- INFO: Lexus RX 300 - found: 2, pass primary filters: 1, did not pass the filter by color: 0, added: 1, new vincodes: 0
28-03-2011 09:10:04 --- INFO: Lexus RX 330 - found: 2, pass primary filters: 1, did not pass the filter by color: 0, added: 1, new vincodes: 1
28-03-2011 09:10:04 --- INFO: Lexus RX 400H - found: 0, pass primary filters: 0, did not pass the filter by color: 0, added: 0, new vincodes: 0
28-03-2011 09:10:04 --- INFO: Lexus GX 470 - found: 2, pass primary filters: 1, did not pass the filter by color: 0, added: 1, new vincodes: 0
28-03-2011 09:10:05 --- INFO: Lexus GX 470 - found: 1, pass primary filters: 1, did not pass the filter by color: 1, added: 0, new vincodes: 0
28-03-2011 09:10:05 --- INFO: Lexus LX 470 - found: 0, pass primary filters: 0, did not pass the filter by color: 0, added: 0, new vincodes: 0
28-03-2011 09:10:05 --- INFO: Lexus LX 470 - found: 1, pass primary filters: 0, did not pass the filter by color: 0, added: 0, new vincodes: 0
28-03-2011 09:10:05 --- INFO: Toyota Land Cruiser - found: 1, pass primary filters: 0, did not pass the filter by color: 0, added: 0, new vincodes: 0
28-03-2011 09:10:05 --- INFO: Honda CR-V - found: 4, pass primary filters: 1, did not pass the filter by color: 0, added: 1, new vincodes: 0
28-03-2011 09:10:05 --- INFO: Honda CR-V - found: 4, pass primary filters: 2, did not pass the filter by color: 0, added: 2, new vincodes: 0
28-03-2011 09:10:06 --- INFO: Mitsubishi Montero 4WD Limited - found: 15, pass primary filters: 0, did not pass the filter by color: 0, added: 0, new vincodes: 0
28-03-2011 09:10:06 --- INFO: Toyota 4RUNNER 4WD Limited - found: 13, pass primary filters: 6, did not pass the filter by color: 4, added: 2, new vincodes: 0
28-03-2011 09:10:06 --- INFO: Toyota RAV 4 - found: 4, pass primary filters: 1, did not pass the filter by color: 1, added: 0, new vincodes: 1
28-03-2011 09:10:06 --- INFO: Toyota Highlander 4WD - found: 9, pass primary filters: 0, did not pass the filter by color: 0, added: 0, new vincodes: 0
28-03-2011 09:10:06 --- INFO: finish: 28-03-2011 09:10:06
28-03-2011 09:10:06 --- INFO: elapsed time: ~4.86 sec., memory usage: ~2.02 Mb.
28-03-2011 09:10:02 --- INFO: start: 28-03-2011 09:10:02
28-03-2011 09:10:02 --- INFO: ----------Source_Gsmotors (cli)
28-03-2011 09:10:38 --- INFO: Lexus RX 300 - found: 54, pass primary filters: 10, did not pass the filter by color: 4, added: 6, new vincodes: 0
28-03-2011 09:11:55 --- INFO: Lexus RX 330 - found: 124, pass primary filters: 29, did not pass the filter by color: 7, added: 22, new vincodes: 0
28-03-2011 09:12:01 --- INFO: Lexus RX 400H - found: 8, pass primary filters: 0, did not pass the filter by color: 0, added: 0, new vincodes: 0
28-03-2011 09:12:27 --- INFO: Lexus GX 470 - found: 35, pass primary filters: 18, did not pass the filter by color: 13, added: 5, new vincodes: 0
28-03-2011 09:13:02 --- INFO: Lexus GX 470 - found: 52, pass primary filters: 17, did not pass the filter by color: 14, added: 3, new vincodes: 0
28-03-2011 09:13:12 --- INFO: Lexus LX 470 - found: 11, pass primary filters: 9, did not pass the filter by color: 9, added: 0, new vincodes: 0
28-03-2011 09:13:23 --- INFO: Lexus LX 470 - found: 14, pass primary filters: 7, did not pass the filter by color: 7, added: 0, new vincodes: 0
28-03-2011 09:13:29 --- INFO: Toyota Land Cruiser - found: 5, pass primary filters: 4, did not pass the filter by color: 4, added: 0, new vincodes: 0
28-03-2011 09:13:49 --- INFO: Honda CR-V - found: 29, pass primary filters: 6, did not pass the filter by color: 0, added: 6, new vincodes: 0
28-03-2011 09:15:09 --- INFO: Honda CR-V - found: 109, pass primary filters: 1, did not pass the filter by color: 0, added: 1, new vincodes: 0
28-03-2011 09:15:43 --- INFO: Mitsubishi Montero 4WD Limited - found: 48, pass primary filters: 10, did not pass the filter by color: 10, added: 0, new vincodes: 0
28-03-2011 09:17:47 --- INFO: Toyota 4RUNNER 4WD Limited - found: 175, pass primary filters: 39, did not pass the filter by color: 26, added: 13, new vincodes: 0
28-03-2011 09:18:13 --- INFO: Toyota RAV 4 - found: 39, pass primary filters: 7, did not pass the filter by color: 7, added: 0, new vincodes: 0
28-03-2011 09:18:53 --- INFO: Toyota Highlander 4WD - found: 53, pass primary filters: 5, did not pass the filter by color: 5, added: 0, new vincodes: 0
28-03-2011 09:18:53 --- INFO: finish: 28-03-2011 09:18:53
28-03-2011 09:18:53 --- INFO: elapsed time: ~531.56 sec., memory usage: ~2.98 Mb.
28-03-2011 10:00:01 --- INFO: start: 28-03-2011 10:00:01
28-03-2011 10:00:01 --- INFO: ----------Source_Adesa (cli)
28-03-2011 10:00:03 --- INFO: Authorized request
28-03-2011 10:00:03 --- INFO: Lexus RX 300 - found: 2, pass primary filters: 1, did not pass the filter by color: 0, added: 1, new vincodes: 0
28-03-2011 10:00:03 --- INFO: Lexus RX 330 - found: 2, pass primary filters: 1, did not pass the filter by color: 0, added: 1, new vincodes: 0
28-03-2011 10:00:03 --- INFO: Lexus RX 400H - found: 0, pass primary filters: 0, did not pass the filter by color: 0, added: 0, new vincodes: 0
28-03-2011 10:00:04 --- INFO: Lexus GX 470 - found: 2, pass primary filters: 1, did not pass the filter by color: 0, added: 1, new vincodes: 0
28-03-2011 10:00:04 --- INFO: Lexus GX 470 - found: 1, pass primary filters: 1, did not pass the filter by color: 1, added: 0, new vincodes: 0
28-03-2011 10:00:04 --- INFO: Lexus LX 470 - found: 0, pass primary filters: 0, did not pass the filter by color: 0, added: 0, new vincodes: 0
28-03-2011 10:00:06 --- INFO: Lexus LX 470 - found: 2, pass primary filters: 2, did not pass the filter by color: 2, added: 0, new vincodes: 2
28-03-2011 10:00:07 --- INFO: Toyota Land Cruiser - found: 1, pass primary filters: 0, did not pass the filter by color: 0, added: 0, new vincodes: 0
28-03-2011 10:00:07 --- INFO: Honda CR-V - found: 5, pass primary filters: 1, did not pass the filter by color: 0, added: 1, new vincodes: 0
28-03-2011 10:00:07 --- INFO: Honda CR-V - found: 4, pass primary filters: 2, did not pass the filter by color: 0, added: 2, new vincodes: 0
28-03-2011 10:00:07 --- INFO: Mitsubishi Montero 4WD Limited - found: 15, pass primary filters: 0, did not pass the filter by color: 0, added: 0, new vincodes: 0
28-03-2011 10:00:08 --- INFO: Toyota 4RUNNER 4WD Limited - found: 13, pass primary filters: 6, did not pass the filter by color: 4, added: 2, new vincodes: 0
28-03-2011 10:00:08 --- INFO: Toyota RAV 4 - found: 4, pass primary filters: 1, did not pass the filter by color: 1, added: 0, new vincodes: 0
28-03-2011 10:00:08 --- INFO: Toyota Highlander 4WD - found: 9, pass primary filters: 0, did not pass the filter by color: 0, added: 0, new vincodes: 0
28-03-2011 10:00:08 --- INFO: finish: 28-03-2011 10:00:08
28-03-2011 10:00:08 --- INFO: elapsed time: ~6.72 sec., memory usage: ~2.03 Mb.
28-03-2011 10:00:01 --- INFO: start: 28-03-2011 10:00:01
28-03-2011 10:00:01 --- INFO: ----------Source_Gsmotors (cli)
28-03-2011 10:00:53 --- INFO: Lexus RX 300 - found: 54, pass primary filters: 10, did not pass the filter by color: 4, added: 6, new vincodes: 0
28-03-2011 10:02:51 --- INFO: Lexus RX 330 - found: 124, pass primary filters: 29, did not pass the filter by color: 7, added: 22, new vincodes: 0
28-03-2011 10:02:58 --- INFO: Lexus RX 400H - found: 8, pass primary filters: 0, did not pass the filter by color: 0, added: 0, new vincodes: 0
28-03-2011 10:03:39 --- INFO: Lexus GX 470 - found: 35, pass primary filters: 18, did not pass the filter by color: 13, added: 5, new vincodes: 0
28-03-2011 10:04:25 --- INFO: Lexus GX 470 - found: 52, pass primary filters: 17, did not pass the filter by color: 14, added: 3, new vincodes: 0
28-03-2011 10:04:44 --- INFO: Lexus LX 470 - found: 11, pass primary filters: 9, did not pass the filter by color: 9, added: 0, new vincodes: 0
28-03-2011 10:04:55 --- INFO: Lexus LX 470 - found: 14, pass primary filters: 7, did not pass the filter by color: 7, added: 0, new vincodes: 0
28-03-2011 10:04:59 --- INFO: Toyota Land Cruiser - found: 5, pass primary filters: 4, did not pass the filter by color: 4, added: 0, new vincodes: 0
28-03-2011 10:05:21 --- INFO: Honda CR-V - found: 29, pass primary filters: 6, did not pass the filter by color: 0, added: 6, new vincodes: 0
28-03-2011 10:07:06 --- INFO: Honda CR-V - found: 109, pass primary filters: 1, did not pass the filter by color: 0, added: 1, new vincodes: 0
28-03-2011 10:07:43 --- INFO: Mitsubishi Montero 4WD Limited - found: 48, pass primary filters: 10, did not pass the filter by color: 10, added: 0, new vincodes: 0
28-03-2011 10:10:15 --- INFO: Toyota 4RUNNER 4WD Limited - found: 175, pass primary filters: 39, did not pass the filter by color: 25, added: 14, new vincodes: 0
28-03-2011 10:10:41 --- INFO: Toyota RAV 4 - found: 39, pass primary filters: 7, did not pass the filter by color: 7, added: 0, new vincodes: 0
28-03-2011 10:11:21 --- INFO: Toyota Highlander 4WD - found: 53, pass primary filters: 5, did not pass the filter by color: 5, added: 0, new vincodes: 0
28-03-2011 10:11:21 --- INFO: finish: 28-03-2011 10:11:21
28-03-2011 10:11:21 --- INFO: elapsed time: ~679.37 sec., memory usage: ~2.98 Mb.
28-03-2011 11:05:01 --- INFO: start: 28-03-2011 11:05:01
28-03-2011 11:05:01 --- INFO: ----------Source_Openlane (cli)
28-03-2011 11:05:05 --- INFO: Authorized request
28-03-2011 11:05:06 --- INFO: Lexus RX 300 - found: 2, pass primary filters: 2, did not pass the filter by color: 0, added: 2, new vincodes: 0
28-03-2011 11:05:08 --- INFO: Lexus RX 330 - found: 1, pass primary filters: 0, did not pass the filter by color: 0, added: 0, new vincodes: 0
28-03-2011 11:05:09 --- INFO: Lexus RX 400H - found: 0, pass primary filters: 0, did not pass the filter by color: 0, added: 0, new vincodes: 0
28-03-2011 11:05:10 --- INFO: Lexus GX 470 - found: 0, pass primary filters: 0, did not pass the filter by color: 0, added: 0, new vincodes: 0
28-03-2011 11:05:11 --- INFO: Lexus GX 470 - found: 2, pass primary filters: 2, did not pass the filter by color: 1, added: 1, new vincodes: 0
28-03-2011 11:05:12 --- INFO: Lexus LX 470 - found: 1, pass primary filters: 1, did not pass the filter by color: 1, added: 0, new vincodes: 0
28-03-2011 11:05:14 --- INFO: Lexus LX 470 - found: 1, pass primary filters: 1, did not pass the filter by color: 1, added: 0, new vincodes: 0
28-03-2011 11:05:15 --- INFO: Toyota Land Cruiser - found: 0, pass primary filters: 0, did not pass the filter by color: 0, added: 0, new vincodes: 0
28-03-2011 11:05:16 --- INFO: Honda CR-V - found: 0, pass primary filters: 0, did not pass the filter by color: 0, added: 0, new vincodes: 0
28-03-2011 11:05:17 --- INFO: Honda CR-V - found: 0, pass primary filters: 0, did not pass the filter by color: 0, added: 0, new vincodes: 0
28-03-2011 11:05:18 --- INFO: Mitsubishi Montero 4WD Limited - found: 1, pass primary filters: 1, did not pass the filter by color: 1, added: 0, new vincodes: 0
28-03-2011 11:05:20 --- INFO: Toyota 4RUNNER 4WD Limited - found: 3, pass primary filters: 1, did not pass the filter by color: 1, added: 0, new vincodes: 0
28-03-2011 11:05:21 --- INFO: Toyota RAV 4 - found: 1, pass primary filters: 1, did not pass the filter by color: 1, added: 0, new vincodes: 0
28-03-2011 11:05:22 --- INFO: Toyota Highlander 4WD - found: 1, pass primary filters: 0, did not pass the filter by color: 0, added: 0, new vincodes: 0
28-03-2011 11:05:22 --- INFO: finish: 28-03-2011 11:05:22
28-03-2011 11:05:22 --- INFO: elapsed time: ~21.27 sec., memory usage: ~1.95 Mb.
28-03-2011 11:10:02 --- INFO: start: 28-03-2011 11:10:02
28-03-2011 11:10:02 --- INFO: ----------Source_Adesa (cli)
28-03-2011 11:10:04 --- INFO: Authorized request
28-03-2011 11:10:04 --- INFO: Lexus RX 300 - found: 2, pass primary filters: 1, did not pass the filter by color: 0, added: 1, new vincodes: 0
28-03-2011 11:10:04 --- INFO: Lexus RX 330 - found: 2, pass primary filters: 1, did not pass the filter by color: 0, added: 1, new vincodes: 0
28-03-2011 11:10:04 --- INFO: Lexus RX 400H - found: 0, pass primary filters: 0, did not pass the filter by color: 0, added: 0, new vincodes: 0
28-03-2011 11:10:05 --- INFO: Lexus GX 470 - found: 2, pass primary filters: 1, did not pass the filter by color: 0, added: 1, new vincodes: 0
28-03-2011 11:10:05 --- INFO: Lexus GX 470 - found: 1, pass primary filters: 1, did not pass the filter by color: 1, added: 0, new vincodes: 0
28-03-2011 11:10:05 --- INFO: Lexus LX 470 - found: 0, pass primary filters: 0, did not pass the filter by color: 0, added: 0, new vincodes: 0
28-03-2011 11:10:05 --- INFO: Lexus LX 470 - found: 2, pass primary filters: 2, did not pass the filter by color: 2, added: 0, new vincodes: 0
28-03-2011 11:10:05 --- INFO: Toyota Land Cruiser - found: 1, pass primary filters: 0, did not pass the filter by color: 0, added: 0, new vincodes: 0
28-03-2011 11:10:06 --- INFO: Honda CR-V - found: 6, pass primary filters: 1, did not pass the filter by color: 0, added: 1, new vincodes: 0
28-03-2011 11:10:06 --- INFO: Honda CR-V - found: 4, pass primary filters: 2, did not pass the filter by color: 0, added: 2, new vincodes: 0
28-03-2011 11:10:06 --- INFO: Mitsubishi Montero 4WD Limited - found: 16, pass primary filters: 0, did not pass the filter by color: 0, added: 0, new vincodes: 0
28-03-2011 11:10:06 --- INFO: Toyota 4RUNNER 4WD Limited - found: 12, pass primary filters: 5, did not pass the filter by color: 3, added: 2, new vincodes: 0
28-03-2011 11:10:07 --- INFO: Toyota RAV 4 - found: 4, pass primary filters: 1, did not pass the filter by color: 1, added: 0, new vincodes: 0
28-03-2011 11:10:07 --- INFO: Toyota Highlander 4WD - found: 9, pass primary filters: 0, did not pass the filter by color: 0, added: 0, new vincodes: 0
28-03-2011 11:10:07 --- INFO: finish: 28-03-2011 11:10:07
28-03-2011 11:10:07 --- INFO: elapsed time: ~5.1 sec., memory usage: ~2 Mb.
28-03-2011 11:10:02 --- INFO: start: 28-03-2011 11:10:02
28-03-2011 11:10:02 --- INFO: ----------Source_Ebay (cli)
28-03-2011 11:10:20 --- INFO: Lexus RX 300 - found: 24, pass primary filters: 2, did not pass the filter by color: 1, added: 1, new vincodes: 0
28-03-2011 11:11:31 --- INFO: Lexus RX 330 - found: 54, pass primary filters: 2, did not pass the filter by color: 0, added: 2, new vincodes: 0
28-03-2011 11:11:55 --- INFO: Lexus RX 400H - found: 34, pass primary filters: 0, did not pass the filter by color: 0, added: 0, new vincodes: 0
28-03-2011 11:12:10 --- INFO: Lexus GX 470 - found: 21, pass primary filters: 6, did not pass the filter by color: 4, added: 2, new vincodes: 0
28-03-2011 11:12:27 --- INFO: Lexus GX 470 - found: 22, pass primary filters: 11, did not pass the filter by color: 10, added: 1, new vincodes: 0
28-03-2011 11:12:36 --- INFO: Lexus LX 470 - found: 11, pass primary filters: 7, did not pass the filter by color: 6, added: 1, new vincodes: 0
28-03-2011 11:12:42 --- INFO: Lexus LX 470 - found: 7, pass primary filters: 4, did not pass the filter by color: 3, added: 1, new vincodes: 0
28-03-2011 11:12:47 --- INFO: Toyota Land Cruiser - found: 4, pass primary filters: 1, did not pass the filter by color: 1, added: 0, new vincodes: 0
28-03-2011 11:12:53 --- INFO: Honda CR-V - found: 7, pass primary filters: 0, did not pass the filter by color: 0, added: 0, new vincodes: 0
28-03-2011 11:14:40 --- INFO: Honda CR-V - found: 71, pass primary filters: 2, did not pass the filter by color: 0, added: 2, new vincodes: 0
28-03-2011 11:14:45 --- INFO: Mitsubishi Montero 4WD Limited - found: 5, pass primary filters: 0, did not pass the filter by color: 0, added: 0, new vincodes: 0
28-03-2011 11:16:06 --- INFO: Toyota 4RUNNER 4WD Limited - found: 54, pass primary filters: 26, did not pass the filter by color: 19, added: 7, new vincodes: 0
28-03-2011 11:16:11 --- INFO: Toyota RAV 4 - found: 6, pass primary filters: 0, did not pass the filter by color: 0, added: 0, new vincodes: 0
28-03-2011 11:16:25 --- INFO: Toyota Highlander 4WD - found: 19, pass primary filters: 1, did not pass the filter by color: 1, added: 0, new vincodes: 0
28-03-2011 11:16:25 --- INFO: finish: 28-03-2011 11:16:25
28-03-2011 11:16:25 --- INFO: elapsed time: ~383.63 sec., memory usage: ~2.33 Mb.
28-03-2011 11:20:01 --- INFO: start: 28-03-2011 11:20:01
28-03-2011 11:20:01 --- INFO: ----------Source_Cars (cli)
28-03-2011 11:20:09 --- INFO: Lexus RX 300 - found: 9, pass primary filters: 4, did not pass the filter by color: 3, added: 1, new vincodes: 0
28-03-2011 11:20:39 --- INFO: Lexus RX 330 - found: 46, pass primary filters: 16, did not pass the filter by color: 13, added: 3, new vincodes: 0
28-03-2011 11:20:41 --- INFO: Lexus RX 400H - found: 1, pass primary filters: 1, did not pass the filter by color: 1, added: 0, new vincodes: 0
28-03-2011 11:20:49 --- INFO: Lexus GX 470 - found: 9, pass primary filters: 9, did not pass the filter by color: 9, added: 0, new vincodes: 0
28-03-2011 11:20:56 --- INFO: Lexus GX 470 - found: 8, pass primary filters: 8, did not pass the filter by color: 7, added: 1, new vincodes: 0
28-03-2011 11:21:14 --- INFO: Lexus LX 470 - found: 0, pass primary filters: 0, did not pass the filter by color: 0, added: 0, new vincodes: 0
28-03-2011 11:21:16 --- INFO: Lexus LX 470 - found: 1, pass primary filters: 1, did not pass the filter by color: 1, added: 0, new vincodes: 0
28-03-2011 11:21:33 --- INFO: Toyota Land Cruiser - found: 0, pass primary filters: 0, did not pass the filter by color: 0, added: 0, new vincodes: 0
28-03-2011 11:21:58 --- INFO: Honda CR-V - found: 37, pass primary filters: 7, did not pass the filter by color: 0, added: 7, new vincodes: 0
28-03-2011 11:22:17 --- INFO: Honda CR-V - found: 26, pass primary filters: 10, did not pass the filter by color: 0, added: 10, new vincodes: 0
28-03-2011 11:22:35 --- INFO: Mitsubishi Montero 4WD Limited - found: 23, pass primary filters: 10, did not pass the filter by color: 10, added: 0, new vincodes: 0
28-03-2011 11:28:21 --- INFO: Toyota 4RUNNER 4WD Limited - found: 471, pass primary filters: 87, did not pass the filter by color: 57, added: 30, new vincodes: 0
28-03-2011 11:28:29 --- INFO: Toyota RAV 4 - found: 10, pass primary filters: 3, did not pass the filter by color: 3, added: 0, new vincodes: 0
28-03-2011 11:28:40 --- INFO: Toyota Highlander 4WD - found: 12, pass primary filters: 0, did not pass the filter by color: 0, added: 0, new vincodes: 0
28-03-2011 11:28:40 --- INFO: finish: 28-03-2011 11:28:40
28-03-2011 11:28:40 --- INFO: elapsed time: ~518.09 sec., memory usage: ~2.97 Mb.
28-03-2011 11:30:02 --- INFO: start: 28-03-2011 11:30:02
28-03-2011 11:30:02 --- INFO: ----------Source_Autotrader (cli)
28-03-2011 11:30:02 --- INFO: Authorized request
28-03-2011 11:30:05 --- INFO: Lexus RX 300 - found: 8, pass primary filters: 1, did not pass the filter by color: 0, added: 1, new vincodes: 0
28-03-2011 11:30:41 --- INFO: Lexus RX 330 - found: 99, pass primary filters: 18, did not pass the filter by color: 7, added: 11, new vincodes: 0
28-03-2011 11:30:42 --- INFO: Lexus RX 400H - found: 1, pass primary filters: 1, did not pass the filter by color: 0, added: 1, new vincodes: 0
28-03-2011 11:30:47 --- INFO: Lexus GX 470 - found: 13, pass primary filters: 12, did not pass the filter by color: 11, added: 1, new vincodes: 0
28-03-2011 11:30:50 --- INFO: VIN unavilable. Trying to decode...
28-03-2011 11:30:50 --- INFO: Attempt #1
28-03-2011 11:30:50 --- ERROR: ErrorException [ 2 ]: fopen(/home/clients/boldyrek_ftp0/domains/tcl.makmalauto.com/html/cron/grabber/application/1.0.2/cache/autotrader/captcha.jpg): failed to open stream: Permission denied ~ APPPATH/classes/source/autotrader.php [ 340 ]
#0 [internal function]: Kohana_Core::error_handler(2, 'fopen(/home/cli...', '/home/clients/b...', 340, Array)
#1 /home/clients/boldyrek_ftp0/domains/tcl.makmalauto.com/html/cron/grabber/application/1.0.2/classes/source/autotrader.php(340): fopen('/home/clients/b...', 'w')
#2 /home/clients/boldyrek_ftp0/domains/tcl.makmalauto.com/html/cron/grabber/application/1.0.2/classes/source/autotrader.php(113): Source_Autotrader->_captcha()
#3 /home/clients/boldyrek_ftp0/domains/tcl.makmalauto.com/html/cron/grabber/application/1.0.2/classes/source.php(48): Source_Autotrader->execute()
#4 /home/clients/boldyrek_ftp0/domains/tcl.makmalauto.com/html/cron/grabber/application/1.0.2/classes/controller/home.php(36): Source->run()
#5 [internal function]: Controller_Home->action_execute('5', 'home/execute/5', Object(Route))
#6 /home/clients/boldyrek_ftp0/domains/tcl.makmalauto.com/html/cron/grabber/system/classes/kohana/request/client/internal.php(132): ReflectionMethod->invokeArgs(Object(Controller_Home), Array)
#7 /home/clients/boldyrek_ftp0/domains/tcl.makmalauto.com/html/cron/grabber/system/classes/kohana/request.php(964): Kohana_Request_Client_Internal->execute(Object(Request))
#8 /home/clients/boldyrek_ftp0/domains/tcl.makmalauto.com/html/cron/grabber/index.php(110): Kohana_Request->execute()
#9 {main}
28-03-2011 11:10:02 --- INFO: start: 28-03-2011 11:10:02
28-03-2011 11:10:02 --- INFO: ----------Source_Gsmotors (cli)
28-03-2011 11:11:43 --- INFO: Lexus RX 300 - found: 70, pass primary filters: 14, did not pass the filter by color: 6, added: 8, new vincodes: 1
28-03-2011 11:15:28 --- INFO: Lexus RX 330 - found: 148, pass primary filters: 36, did not pass the filter by color: 9, added: 27, new vincodes: 2
28-03-2011 11:15:44 --- INFO: Lexus RX 400H - found: 10, pass primary filters: 0, did not pass the filter by color: 0, added: 0, new vincodes: 0
28-03-2011 11:16:46 --- INFO: Lexus GX 470 - found: 39, pass primary filters: 18, did not pass the filter by color: 12, added: 6, new vincodes: 2
28-03-2011 11:18:32 --- INFO: Lexus GX 470 - found: 61, pass primary filters: 23, did not pass the filter by color: 17, added: 6, new vincodes: 2
28-03-2011 11:18:56 --- INFO: Lexus LX 470 - found: 15, pass primary filters: 12, did not pass the filter by color: 12, added: 0, new vincodes: 2
28-03-2011 11:19:21 --- INFO: Lexus LX 470 - found: 17, pass primary filters: 9, did not pass the filter by color: 9, added: 0, new vincodes: 0
28-03-2011 11:19:41 --- INFO: Toyota Land Cruiser - found: 7, pass primary filters: 6, did not pass the filter by color: 6, added: 0, new vincodes: 2
28-03-2011 11:20:31 --- INFO: Honda CR-V - found: 37, pass primary filters: 5, did not pass the filter by color: 0, added: 5, new vincodes: 0
28-03-2011 11:24:47 --- INFO: Honda CR-V - found: 127, pass primary filters: 1, did not pass the filter by color: 0, added: 1, new vincodes: 0
28-03-2011 11:26:43 --- INFO: Mitsubishi Montero 4WD Limited - found: 58, pass primary filters: 11, did not pass the filter by color: 11, added: 0, new vincodes: 0
28-03-2011 11:33:11 --- INFO: Toyota 4RUNNER 4WD Limited - found: 211, pass primary filters: 48, did not pass the filter by color: 35, added: 13, new vincodes: 6
28-03-2011 11:35:14 --- INFO: Toyota RAV 4 - found: 53, pass primary filters: 12, did not pass the filter by color: 12, added: 0, new vincodes: 5
28-03-2011 11:37:15 --- INFO: Toyota Highlander 4WD - found: 78, pass primary filters: 5, did not pass the filter by color: 5, added: 0, new vincodes: 0
28-03-2011 11:37:15 --- INFO: finish: 28-03-2011 11:37:15
28-03-2011 11:37:15 --- INFO: elapsed time: ~1632.91 sec., memory usage: ~3.4 Mb.
28-03-2011 12:20:03 --- INFO: start: 28-03-2011 12:20:03
28-03-2011 12:20:03 --- INFO: ----------Source_Adesa (cli)
28-03-2011 12:20:04 --- ERROR: Unauthorized request
28-03-2011 12:20:04 --- INFO: finish: 28-03-2011 12:20:04
28-03-2011 12:20:04 --- INFO: elapsed time: ~1 sec., memory usage: ~1.3 Mb.
28-03-2011 12:20:03 --- INFO: start: 28-03-2011 12:20:03
28-03-2011 12:20:03 --- INFO: ----------Source_Gsmotors (cli)
28-03-2011 12:21:16 --- INFO: Lexus RX 300 - found: 70, pass primary filters: 14, did not pass the filter by color: 5, added: 9, new vincodes: 0
28-03-2011 12:23:35 --- INFO: Lexus RX 330 - found: 148, pass primary filters: 36, did not pass the filter by color: 8, added: 28, new vincodes: 0
28-03-2011 12:23:44 --- INFO: Lexus RX 400H - found: 10, pass primary filters: 0, did not pass the filter by color: 0, added: 0, new vincodes: 0
28-03-2011 12:24:23 --- INFO: Lexus GX 470 - found: 39, pass primary filters: 18, did not pass the filter by color: 12, added: 6, new vincodes: 0
28-03-2011 12:25:15 --- INFO: Lexus GX 470 - found: 61, pass primary filters: 23, did not pass the filter by color: 16, added: 7, new vincodes: 0
28-03-2011 12:25:27 --- INFO: Lexus LX 470 - found: 15, pass primary filters: 12, did not pass the filter by color: 12, added: 0, new vincodes: 0
28-03-2011 12:25:41 --- INFO: Lexus LX 470 - found: 17, pass primary filters: 9, did not pass the filter by color: 9, added: 0, new vincodes: 0
28-03-2011 12:25:47 --- INFO: Toyota Land Cruiser - found: 7, pass primary filters: 6, did not pass the filter by color: 6, added: 0, new vincodes: 0
28-03-2011 12:26:14 --- INFO: Honda CR-V - found: 37, pass primary filters: 5, did not pass the filter by color: 0, added: 5, new vincodes: 0
28-03-2011 12:28:01 --- INFO: Honda CR-V - found: 127, pass primary filters: 1, did not pass the filter by color: 0, added: 1, new vincodes: 0
28-03-2011 12:28:41 --- INFO: Mitsubishi Montero 4WD Limited - found: 58, pass primary filters: 11, did not pass the filter by color: 11, added: 0, new vincodes: 0
28-03-2011 12:31:07 --- INFO: Toyota 4RUNNER 4WD Limited - found: 211, pass primary filters: 48, did not pass the filter by color: 35, added: 13, new vincodes: 0
28-03-2011 12:31:46 --- INFO: Toyota RAV 4 - found: 53, pass primary filters: 12, did not pass the filter by color: 12, added: 0, new vincodes: 0
28-03-2011 12:32:39 --- INFO: Toyota Highlander 4WD - found: 78, pass primary filters: 5, did not pass the filter by color: 5, added: 0, new vincodes: 0
28-03-2011 12:32:39 --- INFO: finish: 28-03-2011 12:32:39
28-03-2011 12:32:39 --- INFO: elapsed time: ~755.97 sec., memory usage: ~3.25 Mb.
28-03-2011 13:20:01 --- INFO: start: 28-03-2011 13:20:01
28-03-2011 13:20:01 --- INFO: ----------Source_Adesa (cli)
28-03-2011 13:20:02 --- ERROR: Unauthorized request
28-03-2011 13:20:02 --- INFO: finish: 28-03-2011 13:20:02
28-03-2011 13:20:02 --- INFO: elapsed time: ~0.61 sec., memory usage: ~1.3 Mb.
28-03-2011 13:20:01 --- INFO: start: 28-03-2011 13:20:01
28-03-2011 13:20:01 --- INFO: ----------Source_Gsmotors (cli)
28-03-2011 13:20:50 --- INFO: Lexus RX 300 - found: 70, pass primary filters: 14, did not pass the filter by color: 6, added: 8, new vincodes: 0
28-03-2011 13:23:01 --- INFO: Lexus RX 330 - found: 148, pass primary filters: 36, did not pass the filter by color: 9, added: 27, new vincodes: 0
28-03-2011 13:23:10 --- INFO: Lexus RX 400H - found: 10, pass primary filters: 0, did not pass the filter by color: 0, added: 0, new vincodes: 0
28-03-2011 13:23:45 --- INFO: Lexus GX 470 - found: 39, pass primary filters: 18, did not pass the filter by color: 12, added: 6, new vincodes: 0
28-03-2011 13:24:33 --- INFO: Lexus GX 470 - found: 61, pass primary filters: 23, did not pass the filter by color: 17, added: 6, new vincodes: 0
28-03-2011 13:24:47 --- INFO: Lexus LX 470 - found: 15, pass primary filters: 12, did not pass the filter by color: 12, added: 0, new vincodes: 0
28-03-2011 13:24:59 --- INFO: Lexus LX 470 - found: 17, pass primary filters: 9, did not pass the filter by color: 9, added: 0, new vincodes: 0
28-03-2011 13:25:05 --- INFO: Toyota Land Cruiser - found: 7, pass primary filters: 6, did not pass the filter by color: 6, added: 0, new vincodes: 0
28-03-2011 13:25:32 --- INFO: Honda CR-V - found: 37, pass primary filters: 5, did not pass the filter by color: 0, added: 5, new vincodes: 0
28-03-2011 13:27:27 --- INFO: Honda CR-V - found: 127, pass primary filters: 1, did not pass the filter by color: 0, added: 1, new vincodes: 0
28-03-2011 13:28:17 --- INFO: Mitsubishi Montero 4WD Limited - found: 58, pass primary filters: 11, did not pass the filter by color: 11, added: 0, new vincodes: 0
28-03-2011 13:31:53 --- INFO: Toyota 4RUNNER 4WD Limited - found: 211, pass primary filters: 48, did not pass the filter by color: 34, added: 14, new vincodes: 0
28-03-2011 13:32:29 --- INFO: Toyota RAV 4 - found: 53, pass primary filters: 12, did not pass the filter by color: 12, added: 0, new vincodes: 0
28-03-2011 13:33:37 --- INFO: Toyota Highlander 4WD - found: 78, pass primary filters: 5, did not pass the filter by color: 5, added: 0, new vincodes: 0
28-03-2011 13:33:37 --- INFO: finish: 28-03-2011 13:33:37
28-03-2011 13:33:37 --- INFO: elapsed time: ~815.46 sec., memory usage: ~3.25 Mb.
28-03-2011 15:05:01 --- INFO: start: 28-03-2011 15:05:01
28-03-2011 15:05:01 --- INFO: ----------Source_Openlane (cli)
28-03-2011 15:05:04 --- ERROR: Unauthorized request
28-03-2011 15:05:04 --- INFO: finish: 28-03-2011 15:05:04
28-03-2011 15:05:04 --- INFO: elapsed time: ~3.07 sec., memory usage: ~1.29 Mb.
28-03-2011 15:10:01 --- INFO: start: 28-03-2011 15:10:01
28-03-2011 15:10:01 --- INFO: ----------Source_Ebay (cli)
28-03-2011 15:10:21 --- INFO: Lexus RX 300 - found: 24, pass primary filters: 2, did not pass the filter by color: 1, added: 1, new vincodes: 0
28-03-2011 15:11:37 --- INFO: Lexus RX 330 - found: 52, pass primary filters: 2, did not pass the filter by color: 1, added: 1, new vincodes: 0
28-03-2011 15:12:02 --- INFO: Lexus RX 400H - found: 34, pass primary filters: 0, did not pass the filter by color: 0, added: 0, new vincodes: 0
28-03-2011 15:12:19 --- INFO: Lexus GX 470 - found: 22, pass primary filters: 6, did not pass the filter by color: 4, added: 2, new vincodes: 0
28-03-2011 15:12:33 --- INFO: Lexus GX 470 - found: 18, pass primary filters: 10, did not pass the filter by color: 9, added: 1, new vincodes: 0
28-03-2011 15:12:42 --- INFO: Lexus LX 470 - found: 11, pass primary filters: 7, did not pass the filter by color: 6, added: 1, new vincodes: 0
28-03-2011 15:12:51 --- INFO: Lexus LX 470 - found: 8, pass primary filters: 5, did not pass the filter by color: 4, added: 1, new vincodes: 1
28-03-2011 15:12:56 --- INFO: Toyota Land Cruiser - found: 5, pass primary filters: 2, did not pass the filter by color: 2, added: 0, new vincodes: 1
28-03-2011 15:13:02 --- INFO: Honda CR-V - found: 7, pass primary filters: 0, did not pass the filter by color: 0, added: 0, new vincodes: 0
28-03-2011 15:14:47 --- INFO: Honda CR-V - found: 72, pass primary filters: 2, did not pass the filter by color: 0, added: 2, new vincodes: 0
28-03-2011 15:14:52 --- INFO: Mitsubishi Montero 4WD Limited - found: 5, pass primary filters: 0, did not pass the filter by color: 0, added: 0, new vincodes: 0
28-03-2011 15:16:13 --- INFO: Toyota 4RUNNER 4WD Limited - found: 56, pass primary filters: 26, did not pass the filter by color: 22, added: 4, new vincodes: 0
28-03-2011 15:16:20 --- INFO: Toyota RAV 4 - found: 7, pass primary filters: 0, did not pass the filter by color: 0, added: 0, new vincodes: 0
28-03-2011 15:16:33 --- INFO: Toyota Highlander 4WD - found: 17, pass primary filters: 1, did not pass the filter by color: 1, added: 0, new vincodes: 0
28-03-2011 15:16:33 --- INFO: finish: 28-03-2011 15:16:33
28-03-2011 15:16:33 --- INFO: elapsed time: ~391.52 sec., memory usage: ~2.37 Mb.
28-03-2011 15:30:01 --- INFO: start: 28-03-2011 15:30:01
28-03-2011 15:30:01 --- INFO: ----------Source_Autotrader (cli)
28-03-2011 15:30:01 --- INFO: Authorized request
28-03-2011 15:30:05 --- INFO: Lexus RX 300 - found: 8, pass primary filters: 1, did not pass the filter by color: 0, added: 1, new vincodes: 0
28-03-2011 15:30:15 --- INFO: VIN unavilable. Trying to decode...
28-03-2011 15:30:15 --- INFO: Attempt #1
28-03-2011 15:30:15 --- ERROR: ErrorException [ 2 ]: fopen(/home/clients/boldyrek_ftp0/domains/tcl.makmalauto.com/html/cron/grabber/application/1.0.2/cache/autotrader/captcha.jpg): failed to open stream: Permission denied ~ APPPATH/classes/source/autotrader.php [ 340 ]
#0 [internal function]: Kohana_Core::error_handler(2, 'fopen(/home/cli...', '/home/clients/b...', 340, Array)
#1 /home/clients/boldyrek_ftp0/domains/tcl.makmalauto.com/html/cron/grabber/application/1.0.2/classes/source/autotrader.php(340): fopen('/home/clients/b...', 'w')
#2 /home/clients/boldyrek_ftp0/domains/tcl.makmalauto.com/html/cron/grabber/application/1.0.2/classes/source/autotrader.php(113): Source_Autotrader->_captcha()
#3 /home/clients/boldyrek_ftp0/domains/tcl.makmalauto.com/html/cron/grabber/application/1.0.2/classes/source.php(48): Source_Autotrader->execute()
#4 /home/clients/boldyrek_ftp0/domains/tcl.makmalauto.com/html/cron/grabber/application/1.0.2/classes/controller/home.php(36): Source->run()
#5 [internal function]: Controller_Home->action_execute('5', 'home/execute/5', Object(Route))
#6 /home/clients/boldyrek_ftp0/domains/tcl.makmalauto.com/html/cron/grabber/system/classes/kohana/request/client/internal.php(132): ReflectionMethod->invokeArgs(Object(Controller_Home), Array)
#7 /home/clients/boldyrek_ftp0/domains/tcl.makmalauto.com/html/cron/grabber/system/classes/kohana/request.php(964): Kohana_Request_Client_Internal->execute(Object(Request))
#8 /home/clients/boldyrek_ftp0/domains/tcl.makmalauto.com/html/cron/grabber/index.php(110): Kohana_Request->execute()
#9 {main}
28-03-2011 15:20:01 --- INFO: start: 28-03-2011 15:20:01
28-03-2011 15:20:01 --- INFO: ----------Source_Cars (cli)
28-03-2011 15:20:22 --- INFO: Lexus RX 300 - found: 9, pass primary filters: 4, did not pass the filter by color: 3, added: 1, new vincodes: 0
28-03-2011 15:22:20 --- INFO: Lexus RX 330 - found: 47, pass primary filters: 16, did not pass the filter by color: 13, added: 3, new vincodes: 0
28-03-2011 15:22:22 --- INFO: Lexus RX 400H - found: 1, pass primary filters: 1, did not pass the filter by color: 1, added: 0, new vincodes: 0
28-03-2011 15:22:42 --- INFO: Lexus GX 470 - found: 9, pass primary filters: 9, did not pass the filter by color: 9, added: 0, new vincodes: 0
28-03-2011 15:22:52 --- INFO: Lexus GX 470 - found: 8, pass primary filters: 8, did not pass the filter by color: 8, added: 0, new vincodes: 0
28-03-2011 15:23:09 --- INFO: Lexus LX 470 - found: 0, pass primary filters: 0, did not pass the filter by color: 0, added: 0, new vincodes: 0
28-03-2011 15:23:10 --- INFO: Lexus LX 470 - found: 1, pass primary filters: 1, did not pass the filter by color: 1, added: 0, new vincodes: 0
28-03-2011 15:23:28 --- INFO: Toyota Land Cruiser - found: 0, pass primary filters: 0, did not pass the filter by color: 0, added: 0, new vincodes: 0
28-03-2011 15:24:07 --- INFO: Honda CR-V - found: 38, pass primary filters: 8, did not pass the filter by color: 0, added: 8, new vincodes: 1
28-03-2011 15:24:41 --- INFO: Honda CR-V - found: 26, pass primary filters: 10, did not pass the filter by color: 0, added: 10, new vincodes: 0
28-03-2011 15:25:45 --- INFO: Mitsubishi Montero 4WD Limited - found: 23, pass primary filters: 10, did not pass the filter by color: 10, added: 0, new vincodes: 0
28-03-2011 15:39:26 --- INFO: Toyota 4RUNNER 4WD Limited - found: 472, pass primary filters: 88, did not pass the filter by color: 58, added: 30, new vincodes: 1
28-03-2011 15:39:37 --- INFO: Toyota RAV 4 - found: 10, pass primary filters: 3, did not pass the filter by color: 3, added: 0, new vincodes: 0
28-03-2011 15:39:49 --- INFO: Toyota Highlander 4WD - found: 12, pass primary filters: 0, did not pass the filter by color: 0, added: 0, new vincodes: 0
28-03-2011 15:39:49 --- INFO: finish: 28-03-2011 15:39:49
28-03-2011 15:39:49 --- INFO: elapsed time: ~1188.74 sec., memory usage: ~3.01 Mb.
28-03-2011 16:10:01 --- INFO: start: 28-03-2011 16:10:01
28-03-2011 16:10:01 --- INFO: ----------Source_Adesa (cli)
28-03-2011 16:10:02 --- ERROR: Unauthorized request
28-03-2011 16:10:02 --- INFO: finish: 28-03-2011 16:10:02
28-03-2011 16:10:02 --- INFO: elapsed time: ~0.65 sec., memory usage: ~1.3 Mb.
28-03-2011 16:10:01 --- INFO: start: 28-03-2011 16:10:01
28-03-2011 16:10:01 --- INFO: ----------Source_Gsmotors (cli)
28-03-2011 16:12:10 --- INFO: Lexus RX 300 - found: 91, pass primary filters: 19, did not pass the filter by color: 8, added: 11, new vincodes: 3
28-03-2011 16:17:18 --- INFO: Lexus RX 330 - found: 174, pass primary filters: 43, did not pass the filter by color: 13, added: 30, new vincodes: 3
28-03-2011 16:17:40 --- INFO: Lexus RX 400H - found: 11, pass primary filters: 0, did not pass the filter by color: 0, added: 0, new vincodes: 0
28-03-2011 16:18:56 --- INFO: Lexus GX 470 - found: 48, pass primary filters: 21, did not pass the filter by color: 15, added: 6, new vincodes: 0
28-03-2011 16:20:36 --- INFO: Lexus GX 470 - found: 72, pass primary filters: 28, did not pass the filter by color: 19, added: 9, new vincodes: 2
28-03-2011 16:20:59 --- INFO: Lexus LX 470 - found: 18, pass primary filters: 15, did not pass the filter by color: 15, added: 0, new vincodes: 0
28-03-2011 16:21:26 --- INFO: Lexus LX 470 - found: 22, pass primary filters: 12, did not pass the filter by color: 11, added: 1, new vincodes: 1
28-03-2011 16:21:48 --- INFO: Toyota Land Cruiser - found: 12, pass primary filters: 10, did not pass the filter by color: 10, added: 0, new vincodes: 3
28-03-2011 16:22:49 --- INFO: Honda CR-V - found: 50, pass primary filters: 8, did not pass the filter by color: 0, added: 8, new vincodes: 2
28-03-2011 16:27:10 --- INFO: Honda CR-V - found: 154, pass primary filters: 1, did not pass the filter by color: 0, added: 1, new vincodes: 0
28-03-2011 16:29:08 --- INFO: Mitsubishi Montero 4WD Limited - found: 70, pass primary filters: 12, did not pass the filter by color: 12, added: 0, new vincodes: 0
28-03-2011 16:35:44 --- INFO: Toyota 4RUNNER 4WD Limited - found: 253, pass primary filters: 58, did not pass the filter by color: 41, added: 17, new vincodes: 9
28-03-2011 16:37:25 --- INFO: Toyota RAV 4 - found: 70, pass primary filters: 18, did not pass the filter by color: 18, added: 0, new vincodes: 5
28-03-2011 16:39:44 --- INFO: Toyota Highlander 4WD - found: 93, pass primary filters: 5, did not pass the filter by color: 5, added: 0, new vincodes: 0
28-03-2011 16:39:44 --- INFO: finish: 28-03-2011 16:39:44
28-03-2011 16:39:44 --- INFO: elapsed time: ~1782.57 sec., memory usage: ~3.78 Mb.
28-03-2011 18:10:01 --- INFO: start: 28-03-2011 18:10:01
28-03-2011 18:10:01 --- INFO: ----------Source_Adesa (cli)
28-03-2011 18:10:02 --- ERROR: Unauthorized request
28-03-2011 18:10:02 --- INFO: finish: 28-03-2011 18:10:02
28-03-2011 18:10:02 --- INFO: elapsed time: ~0.68 sec., memory usage: ~1.3 Mb.
28-03-2011 18:10:01 --- INFO: start: 28-03-2011 18:10:01
28-03-2011 18:10:01 --- INFO: ----------Source_Gsmotors (cli)
28-03-2011 18:10:58 --- INFO: Lexus RX 300 - found: 91, pass primary filters: 19, did not pass the filter by color: 8, added: 11, new vincodes: 0
28-03-2011 18:12:57 --- INFO: Lexus RX 330 - found: 174, pass primary filters: 43, did not pass the filter by color: 15, added: 28, new vincodes: 0
28-03-2011 18:13:06 --- INFO: Lexus RX 400H - found: 11, pass primary filters: 0, did not pass the filter by color: 0, added: 0, new vincodes: 0
28-03-2011 18:13:36 --- INFO: Lexus GX 470 - found: 48, pass primary filters: 21, did not pass the filter by color: 15, added: 6, new vincodes: 0
28-03-2011 18:14:23 --- INFO: Lexus GX 470 - found: 72, pass primary filters: 28, did not pass the filter by color: 20, added: 8, new vincodes: 0
28-03-2011 18:14:42 --- INFO: Lexus LX 470 - found: 18, pass primary filters: 15, did not pass the filter by color: 15, added: 0, new vincodes: 0
28-03-2011 18:14:56 --- INFO: Lexus LX 470 - found: 22, pass primary filters: 12, did not pass the filter by color: 11, added: 1, new vincodes: 0
28-03-2011 18:15:04 --- INFO: Toyota Land Cruiser - found: 12, pass primary filters: 10, did not pass the filter by color: 10, added: 0, new vincodes: 0
28-03-2011 18:15:34 --- INFO: Honda CR-V - found: 50, pass primary filters: 8, did not pass the filter by color: 0, added: 8, new vincodes: 0
28-03-2011 18:17:12 --- INFO: Honda CR-V - found: 154, pass primary filters: 1, did not pass the filter by color: 0, added: 1, new vincodes: 0
28-03-2011 18:17:58 --- INFO: Mitsubishi Montero 4WD Limited - found: 70, pass primary filters: 12, did not pass the filter by color: 12, added: 0, new vincodes: 0
28-03-2011 18:20:50 --- INFO: Toyota 4RUNNER 4WD Limited - found: 253, pass primary filters: 58, did not pass the filter by color: 41, added: 17, new vincodes: 0
28-03-2011 18:21:33 --- INFO: Toyota RAV 4 - found: 70, pass primary filters: 18, did not pass the filter by color: 18, added: 0, new vincodes: 0
28-03-2011 18:22:30 --- INFO: Toyota Highlander 4WD - found: 93, pass primary filters: 5, did not pass the filter by color: 5, added: 0, new vincodes: 0
28-03-2011 18:22:30 --- INFO: finish: 28-03-2011 18:22:30
28-03-2011 18:22:30 --- INFO: elapsed time: ~748.53 sec., memory usage: ~3.61 Mb.
28-03-2011 19:05:02 --- INFO: start: 28-03-2011 19:05:02
28-03-2011 19:05:02 --- INFO: ----------Source_Openlane (cli)
28-03-2011 19:05:05 --- ERROR: Unauthorized request
28-03-2011 19:05:05 --- INFO: finish: 28-03-2011 19:05:05
28-03-2011 19:05:05 --- INFO: elapsed time: ~3.37 sec., memory usage: ~1.29 Mb.
28-03-2011 19:10:01 --- INFO: start: 28-03-2011 19:10:01
28-03-2011 19:10:01 --- INFO: ----------Source_Ebay (cli)
28-03-2011 19:10:21 --- INFO: Lexus RX 300 - found: 25, pass primary filters: 2, did not pass the filter by color: 1, added: 1, new vincodes: 0
28-03-2011 19:11:39 --- INFO: Lexus RX 330 - found: 54, pass primary filters: 2, did not pass the filter by color: 0, added: 2, new vincodes: 0
28-03-2011 19:12:04 --- INFO: Lexus RX 400H - found: 34, pass primary filters: 0, did not pass the filter by color: 0, added: 0, new vincodes: 0
28-03-2011 19:12:21 --- INFO: Lexus GX 470 - found: 22, pass primary filters: 5, did not pass the filter by color: 3, added: 2, new vincodes: 0
28-03-2011 19:12:35 --- INFO: Lexus GX 470 - found: 19, pass primary filters: 10, did not pass the filter by color: 9, added: 1, new vincodes: 0
28-03-2011 19:12:44 --- INFO: Lexus LX 470 - found: 11, pass primary filters: 7, did not pass the filter by color: 6, added: 1, new vincodes: 0
28-03-2011 19:12:53 --- INFO: Lexus LX 470 - found: 9, pass primary filters: 6, did not pass the filter by color: 5, added: 1, new vincodes: 0
28-03-2011 19:13:00 --- INFO: Toyota Land Cruiser - found: 6, pass primary filters: 3, did not pass the filter by color: 3, added: 0, new vincodes: 1
28-03-2011 19:13:06 --- INFO: Honda CR-V - found: 7, pass primary filters: 0, did not pass the filter by color: 0, added: 0, new vincodes: 0
28-03-2011 19:14:50 --- INFO: Honda CR-V - found: 72, pass primary filters: 2, did not pass the filter by color: 0, added: 2, new vincodes: 0
28-03-2011 19:14:54 --- INFO: Mitsubishi Montero 4WD Limited - found: 4, pass primary filters: 0, did not pass the filter by color: 0, added: 0, new vincodes: 0
28-03-2011 19:16:13 --- INFO: Toyota 4RUNNER 4WD Limited - found: 53, pass primary filters: 26, did not pass the filter by color: 20, added: 6, new vincodes: 0
28-03-2011 19:16:18 --- INFO: Toyota RAV 4 - found: 7, pass primary filters: 0, did not pass the filter by color: 0, added: 0, new vincodes: 0
28-03-2011 19:16:30 --- INFO: Toyota Highlander 4WD - found: 17, pass primary filters: 1, did not pass the filter by color: 1, added: 0, new vincodes: 0
28-03-2011 19:16:30 --- INFO: finish: 28-03-2011 19:16:30
28-03-2011 19:16:30 --- INFO: elapsed time: ~388.86 sec., memory usage: ~2.37 Mb.
28-03-2011 19:30:01 --- INFO: start: 28-03-2011 19:30:01
28-03-2011 19:30:01 --- INFO: ----------Source_Autotrader (cli)
28-03-2011 19:30:01 --- INFO: Authorized request
28-03-2011 19:30:05 --- INFO: Lexus RX 300 - found: 7, pass primary filters: 1, did not pass the filter by color: 0, added: 1, new vincodes: 0
28-03-2011 19:30:20 --- INFO: VIN unavilable. Trying to decode...
28-03-2011 19:30:20 --- INFO: Attempt #1
28-03-2011 19:30:20 --- ERROR: ErrorException [ 2 ]: fopen(/home/clients/boldyrek_ftp0/domains/tcl.makmalauto.com/html/cron/grabber/application/1.0.2/cache/autotrader/captcha.jpg): failed to open stream: Permission denied ~ APPPATH/classes/source/autotrader.php [ 340 ]
#0 [internal function]: Kohana_Core::error_handler(2, 'fopen(/home/cli...', '/home/clients/b...', 340, Array)
#1 /home/clients/boldyrek_ftp0/domains/tcl.makmalauto.com/html/cron/grabber/application/1.0.2/classes/source/autotrader.php(340): fopen('/home/clients/b...', 'w')
#2 /home/clients/boldyrek_ftp0/domains/tcl.makmalauto.com/html/cron/grabber/application/1.0.2/classes/source/autotrader.php(113): Source_Autotrader->_captcha()
#3 /home/clients/boldyrek_ftp0/domains/tcl.makmalauto.com/html/cron/grabber/application/1.0.2/classes/source.php(48): Source_Autotrader->execute()
#4 /home/clients/boldyrek_ftp0/domains/tcl.makmalauto.com/html/cron/grabber/application/1.0.2/classes/controller/home.php(36): Source->run()
#5 [internal function]: Controller_Home->action_execute('5', 'home/execute/5', Object(Route))
#6 /home/clients/boldyrek_ftp0/domains/tcl.makmalauto.com/html/cron/grabber/system/classes/kohana/request/client/internal.php(132): ReflectionMethod->invokeArgs(Object(Controller_Home), Array)
#7 /home/clients/boldyrek_ftp0/domains/tcl.makmalauto.com/html/cron/grabber/system/classes/kohana/request.php(964): Kohana_Request_Client_Internal->execute(Object(Request))
#8 /home/clients/boldyrek_ftp0/domains/tcl.makmalauto.com/html/cron/grabber/index.php(110): Kohana_Request->execute()
#9 {main}
28-03-2011 19:20:01 --- INFO: start: 28-03-2011 19:20:01
28-03-2011 19:20:01 --- INFO: ----------Source_Cars (cli)
28-03-2011 19:21:06 --- INFO: Lexus RX 300 - found: 9, pass primary filters: 4, did not pass the filter by color: 3, added: 1, new vincodes: 0
28-03-2011 19:22:17 --- INFO: Lexus RX 330 - found: 47, pass primary filters: 16, did not pass the filter by color: 7, added: 9, new vincodes: 0
28-03-2011 19:22:21 --- INFO: Lexus RX 400H - found: 1, pass primary filters: 1, did not pass the filter by color: 1, added: 0, new vincodes: 0
28-03-2011 19:22:30 --- INFO: Lexus GX 470 - found: 9, pass primary filters: 9, did not pass the filter by color: 9, added: 0, new vincodes: 0
28-03-2011 19:22:39 --- INFO: Lexus GX 470 - found: 8, pass primary filters: 8, did not pass the filter by color: 5, added: 3, new vincodes: 0
28-03-2011 19:22:56 --- INFO: Lexus LX 470 - found: 0, pass primary filters: 0, did not pass the filter by color: 0, added: 0, new vincodes: 0
28-03-2011 19:22:58 --- INFO: Lexus LX 470 - found: 1, pass primary filters: 1, did not pass the filter by color: 1, added: 0, new vincodes: 0
28-03-2011 19:23:13 --- INFO: Toyota Land Cruiser - found: 0, pass primary filters: 0, did not pass the filter by color: 0, added: 0, new vincodes: 0
28-03-2011 19:23:50 --- INFO: Honda CR-V - found: 38, pass primary filters: 8, did not pass the filter by color: 0, added: 8, new vincodes: 0
28-03-2011 19:24:13 --- INFO: Honda CR-V - found: 26, pass primary filters: 10, did not pass the filter by color: 0, added: 10, new vincodes: 0
28-03-2011 19:24:39 --- INFO: Mitsubishi Montero 4WD Limited - found: 23, pass primary filters: 10, did not pass the filter by color: 10, added: 0, new vincodes: 0
28-03-2011 19:32:16 --- INFO: Toyota 4RUNNER 4WD Limited - found: 473, pass primary filters: 88, did not pass the filter by color: 58, added: 30, new vincodes: 0
28-03-2011 19:32:26 --- INFO: Toyota RAV 4 - found: 10, pass primary filters: 3, did not pass the filter by color: 3, added: 0, new vincodes: 0
28-03-2011 19:32:39 --- INFO: Toyota Highlander 4WD - found: 12, pass primary filters: 0, did not pass the filter by color: 0, added: 0, new vincodes: 0
28-03-2011 19:32:39 --- INFO: finish: 28-03-2011 19:32:39
28-03-2011 19:32:39 --- INFO: elapsed time: ~757.64 sec., memory usage: ~2.98 Mb.
28-03-2011 22:18:52 --- INFO: start: 28-03-2011 22:18:52
28-03-2011 22:18:52 --- INFO: ----------Source_Gsmotors (apache2handler)
28-03-2011 22:20:59 --- INFO: Lexus RX 300 - found: 94, pass primary filters: 19, did not pass the filter by color: 9, added: 10, new vincodes: 1
28-03-2011 22:25:19 --- INFO: Lexus RX 330 - found: 194, pass primary filters: 47, did not pass the filter by color: 12, added: 35, new vincodes: 2
28-03-2011 22:25:37 --- INFO: Lexus RX 400H - found: 12, pass primary filters: 1, did not pass the filter by color: 0, added: 1, new vincodes: 1
28-03-2011 22:26:55 --- INFO: Lexus GX 470 - found: 53, pass primary filters: 23, did not pass the filter by color: 17, added: 6, new vincodes: 0
28-03-2011 22:28:49 --- INFO: Lexus GX 470 - found: 79, pass primary filters: 33, did not pass the filter by color: 23, added: 10, new vincodes: 3
28-03-2011 22:29:20 --- INFO: Lexus LX 470 - found: 20, pass primary filters: 17, did not pass the filter by color: 17, added: 0, new vincodes: 1
28-03-2011 22:29:48 --- INFO: Lexus LX 470 - found: 24, pass primary filters: 13, did not pass the filter by color: 12, added: 1, new vincodes: 0
28-03-2011 22:30:06 --- INFO: Toyota Land Cruiser - found: 12, pass primary filters: 10, did not pass the filter by color: 10, added: 0, new vincodes: 0
28-03-2011 22:31:11 --- INFO: Honda CR-V - found: 51, pass primary filters: 8, did not pass the filter by color: 0, added: 8, new vincodes: 0
28-03-2011 22:35:39 --- INFO: Honda CR-V - found: 164, pass primary filters: 1, did not pass the filter by color: 0, added: 1, new vincodes: 0
28-03-2011 22:37:39 --- INFO: Mitsubishi Montero 4WD Limited - found: 72, pass primary filters: 14, did not pass the filter by color: 14, added: 0, new vincodes: 1
28-03-2011 22:45:34 --- INFO: Toyota 4RUNNER 4WD Limited - found: 271, pass primary filters: 59, did not pass the filter by color: 42, added: 17, new vincodes: 1
28-03-2011 22:46:54 --- INFO: Toyota RAV 4 - found: 71, pass primary filters: 18, did not pass the filter by color: 18, added: 0, new vincodes: 0
28-03-2011 22:49:00 --- INFO: Toyota Highlander 4WD - found: 96, pass primary filters: 5, did not pass the filter by color: 5, added: 0, new vincodes: 0
28-03-2011 22:49:00 --- INFO: finish: 28-03-2011 22:49:00
28-03-2011 22:49:00 --- INFO: elapsed time: ~1807.81 sec., memory usage: ~3.88 Mb.
28-03-2011 23:05:01 --- INFO: start: 28-03-2011 23:05:01
28-03-2011 23:05:01 --- INFO: ----------Source_Openlane (cli)
28-03-2011 23:05:04 --- ERROR: Unauthorized request
28-03-2011 23:05:04 --- INFO: finish: 28-03-2011 23:05:04
28-03-2011 23:05:04 --- INFO: elapsed time: ~3.08 sec., memory usage: ~1.29 Mb.
28-03-2011 23:10:01 --- INFO: start: 28-03-2011 23:10:01
28-03-2011 23:10:01 --- INFO: ----------Source_Ebay (cli)
28-03-2011 23:10:19 --- INFO: Lexus RX 300 - found: 26, pass primary filters: 2, did not pass the filter by color: 1, added: 1, new vincodes: 0
28-03-2011 23:11:32 --- INFO: Lexus RX 330 - found: 57, pass primary filters: 2, did not pass the filter by color: 1, added: 1, new vincodes: 0
28-03-2011 23:11:58 --- INFO: Lexus RX 400H - found: 38, pass primary filters: 0, did not pass the filter by color: 0, added: 0, new vincodes: 0
28-03-2011 23:12:11 --- INFO: Lexus GX 470 - found: 20, pass primary filters: 5, did not pass the filter by color: 3, added: 2, new vincodes: 0
28-03-2011 23:12:26 --- INFO: Lexus GX 470 - found: 21, pass primary filters: 10, did not pass the filter by color: 9, added: 1, new vincodes: 0
28-03-2011 23:12:37 --- INFO: Lexus LX 470 - found: 12, pass primary filters: 9, did not pass the filter by color: 8, added: 1, new vincodes: 2
28-03-2011 23:12:45 --- INFO: Lexus LX 470 - found: 9, pass primary filters: 6, did not pass the filter by color: 5, added: 1, new vincodes: 0
28-03-2011 23:12:49 --- INFO: Toyota Land Cruiser - found: 6, pass primary filters: 3, did not pass the filter by color: 3, added: 0, new vincodes: 0
28-03-2011 23:12:56 --- INFO: Honda CR-V - found: 8, pass primary filters: 0, did not pass the filter by color: 0, added: 0, new vincodes: 0
28-03-2011 23:14:32 --- INFO: Honda CR-V - found: 74, pass primary filters: 2, did not pass the filter by color: 0, added: 2, new vincodes: 0
28-03-2011 23:14:35 --- INFO: Mitsubishi Montero 4WD Limited - found: 4, pass primary filters: 0, did not pass the filter by color: 0, added: 0, new vincodes: 0
28-03-2011 23:15:47 --- INFO: Toyota 4RUNNER 4WD Limited - found: 54, pass primary filters: 28, did not pass the filter by color: 21, added: 7, new vincodes: 0
28-03-2011 23:15:52 --- INFO: Toyota RAV 4 - found: 7, pass primary filters: 0, did not pass the filter by color: 0, added: 0, new vincodes: 0
28-03-2011 23:16:04 --- INFO: Toyota Highlander 4WD - found: 17, pass primary filters: 1, did not pass the filter by color: 1, added: 0, new vincodes: 0
28-03-2011 23:16:04 --- INFO: finish: 28-03-2011 23:16:04
28-03-2011 23:16:04 --- INFO: elapsed time: ~362.74 sec., memory usage: ~2.4 Mb.
28-03-2011 23:20:01 --- INFO: start: 28-03-2011 23:20:01
28-03-2011 23:20:01 --- INFO: ----------Source_Cars (cli)
28-03-2011 23:20:08 --- INFO: Lexus RX 300 - found: 9, pass primary filters: 4, did not pass the filter by color: 3, added: 1, new vincodes: 0
28-03-2011 23:20:44 --- INFO: Lexus RX 330 - found: 48, pass primary filters: 16, did not pass the filter by color: 8, added: 8, new vincodes: 1
28-03-2011 23:20:45 --- INFO: Lexus RX 400H - found: 1, pass primary filters: 1, did not pass the filter by color: 1, added: 0, new vincodes: 0
28-03-2011 23:20:53 --- INFO: Lexus GX 470 - found: 9, pass primary filters: 9, did not pass the filter by color: 9, added: 0, new vincodes: 0
28-03-2011 23:21:00 --- INFO: Lexus GX 470 - found: 8, pass primary filters: 8, did not pass the filter by color: 5, added: 3, new vincodes: 0
28-03-2011 23:21:15 --- INFO: Lexus LX 470 - found: 0, pass primary filters: 0, did not pass the filter by color: 0, added: 0, new vincodes: 0
28-03-2011 23:21:17 --- INFO: Lexus LX 470 - found: 1, pass primary filters: 1, did not pass the filter by color: 1, added: 0, new vincodes: 0
28-03-2011 23:21:34 --- INFO: Toyota Land Cruiser - found: 0, pass primary filters: 0, did not pass the filter by color: 0, added: 0, new vincodes: 0
28-03-2011 23:22:03 --- INFO: Honda CR-V - found: 38, pass primary filters: 8, did not pass the filter by color: 0, added: 8, new vincodes: 0
28-03-2011 23:22:24 --- INFO: Honda CR-V - found: 24, pass primary filters: 9, did not pass the filter by color: 0, added: 9, new vincodes: 0
28-03-2011 23:22:41 --- INFO: Mitsubishi Montero 4WD Limited - found: 23, pass primary filters: 10, did not pass the filter by color: 10, added: 0, new vincodes: 0
28-03-2011 23:28:04 --- INFO: Toyota 4RUNNER 4WD Limited - found: 467, pass primary filters: 87, did not pass the filter by color: 57, added: 30, new vincodes: 0
28-03-2011 23:28:11 --- INFO: Toyota RAV 4 - found: 9, pass primary filters: 2, did not pass the filter by color: 2, added: 0, new vincodes: 0
28-03-2011 23:28:20 --- INFO: Toyota Highlander 4WD - found: 11, pass primary filters: 0, did not pass the filter by color: 0, added: 0, new vincodes: 0
28-03-2011 23:28:20 --- INFO: finish: 28-03-2011 23:28:20
28-03-2011 23:28:20 --- INFO: elapsed time: ~499.3 sec., memory usage: ~2.99 Mb.
28-03-2011 23:30:01 --- INFO: start: 28-03-2011 23:30:01
28-03-2011 23:30:01 --- INFO: ----------Source_Autotrader (cli)
28-03-2011 23:30:01 --- INFO: Authorized request
28-03-2011 23:30:04 --- INFO: Lexus RX 300 - found: 7, pass primary filters: 1, did not pass the filter by color: 0, added: 1, new vincodes: 0
28-03-2011 23:30:12 --- INFO: VIN unavilable. Trying to decode...
28-03-2011 23:30:12 --- INFO: Attempt #1
28-03-2011 23:30:12 --- ERROR: ErrorException [ 2 ]: fopen(/home/clients/boldyrek_ftp0/domains/tcl.makmalauto.com/html/cron/grabber/application/1.0.2/cache/autotrader/captcha.jpg): failed to open stream: Permission denied ~ APPPATH/classes/source/autotrader.php [ 340 ]
#0 [internal function]: Kohana_Core::error_handler(2, 'fopen(/home/cli...', '/home/clients/b...', 340, Array)
#1 /home/clients/boldyrek_ftp0/domains/tcl.makmalauto.com/html/cron/grabber/application/1.0.2/classes/source/autotrader.php(340): fopen('/home/clients/b...', 'w')
#2 /home/clients/boldyrek_ftp0/domains/tcl.makmalauto.com/html/cron/grabber/application/1.0.2/classes/source/autotrader.php(113): Source_Autotrader->_captcha()
#3 /home/clients/boldyrek_ftp0/domains/tcl.makmalauto.com/html/cron/grabber/application/1.0.2/classes/source.php(48): Source_Autotrader->execute()
#4 /home/clients/boldyrek_ftp0/domains/tcl.makmalauto.com/html/cron/grabber/application/1.0.2/classes/controller/home.php(36): Source->run()
#5 [internal function]: Controller_Home->action_execute('5', 'home/execute/5', Object(Route))
#6 /home/clients/boldyrek_ftp0/domains/tcl.makmalauto.com/html/cron/grabber/system/classes/kohana/request/client/internal.php(132): ReflectionMethod->invokeArgs(Object(Controller_Home), Array)
#7 /home/clients/boldyrek_ftp0/domains/tcl.makmalauto.com/html/cron/grabber/system/classes/kohana/request.php(964): Kohana_Request_Client_Internal->execute(Object(Request))
#8 /home/clients/boldyrek_ftp0/domains/tcl.makmalauto.com/html/cron/grabber/index.php(110): Kohana_Request->execute()
#9 {main}