
30-04-2011 03:05:01 --- INFO: start: 30-04-2011 03:05:01
30-04-2011 03:05:01 --- INFO: ----------Source_Openlane (cli)
30-04-2011 03:05:04 --- INFO: Authorized request
30-04-2011 03:05:06 --- INFO: Lexus RX 300 - found: 3, pass primary filters: 1, did not pass the filter by color: 0, added: 1, new vincodes: 0
30-04-2011 03:05:08 --- INFO: Lexus RX 330 - found: 2, pass primary filters: 1, did not pass the filter by color: 0, added: 1, new vincodes: 0
30-04-2011 03:05:09 --- INFO: Lexus RX 400H - found: 0, pass primary filters: 0, did not pass the filter by color: 0, added: 0, new vincodes: 0
30-04-2011 03:05:10 --- INFO: Lexus GX 470 - found: 1, pass primary filters: 1, did not pass the filter by color: 1, added: 0, new vincodes: 0
30-04-2011 03:05:12 --- INFO: Lexus GX 470 - found: 6, pass primary filters: 3, did not pass the filter by color: 2, added: 1, new vincodes: 0
30-04-2011 03:05:13 --- INFO: Lexus LX 470 - found: 1, pass primary filters: 1, did not pass the filter by color: 1, added: 0, new vincodes: 0
30-04-2011 03:05:14 --- INFO: Lexus LX 470 - found: 2, pass primary filters: 2, did not pass the filter by color: 2, added: 0, new vincodes: 0
30-04-2011 03:05:15 --- INFO: Toyota Land Cruiser - found: 0, pass primary filters: 0, did not pass the filter by color: 0, added: 0, new vincodes: 0
30-04-2011 03:05:16 --- INFO: Honda CR-V - found: 0, pass primary filters: 0, did not pass the filter by color: 0, added: 0, new vincodes: 0
30-04-2011 03:05:18 --- INFO: Honda CR-V - found: 1, pass primary filters: 0, did not pass the filter by color: 0, added: 0, new vincodes: 0
30-04-2011 03:05:19 --- INFO: Mitsubishi Montero 4WD Limited - found: 0, pass primary filters: 0, did not pass the filter by color: 0, added: 0, new vincodes: 0
30-04-2011 03:05:20 --- INFO: Toyota 4RUNNER 4WD Limited - found: 3, pass primary filters: 0, did not pass the filter by color: 0, added: 0, new vincodes: 0
30-04-2011 03:05:21 --- INFO: Toyota RAV 4 - found: 0, pass primary filters: 0, did not pass the filter by color: 0, added: 0, new vincodes: 0
30-04-2011 03:05:37 --- INFO: Toyota Highlander 4WD - found: 0, pass primary filters: 0, did not pass the filter by color: 0, added: 0, new vincodes: 0
30-04-2011 03:05:38 --- INFO: Subaru Forester - found: 0, pass primary filters: 0, did not pass the filter by color: 0, added: 0, new vincodes: 0
30-04-2011 03:05:39 --- INFO: Nissan Rogue - found: 0, pass primary filters: 0, did not pass the filter by color: 0, added: 0, new vincodes: 0
30-04-2011 03:05:39 --- INFO: finish: 30-04-2011 03:05:39
30-04-2011 03:05:39 --- INFO: elapsed time: ~38.33 sec., memory usage: ~2.03 Mb.
30-04-2011 03:10:01 --- INFO: start: 30-04-2011 03:10:01
30-04-2011 03:10:01 --- INFO: ----------Source_Ebay (cli)
30-04-2011 03:10:18 --- INFO: Lexus RX 300 - found: 24, pass primary filters: 2, did not pass the filter by color: 0, added: 2, new vincodes: 0
30-04-2011 03:11:34 --- INFO: Lexus RX 330 - found: 57, pass primary filters: 10, did not pass the filter by color: 4, added: 6, new vincodes: 0
30-04-2011 03:11:58 --- INFO: Lexus RX 400H - found: 35, pass primary filters: 1, did not pass the filter by color: 0, added: 1, new vincodes: 0
30-04-2011 03:12:22 --- INFO: Lexus GX 470 - found: 31, pass primary filters: 14, did not pass the filter by color: 12, added: 2, new vincodes: 0
30-04-2011 03:12:46 --- INFO: Lexus GX 470 - found: 30, pass primary filters: 13, did not pass the filter by color: 10, added: 3, new vincodes: 0
30-04-2011 03:12:53 --- INFO: Lexus LX 470 - found: 7, pass primary filters: 5, did not pass the filter by color: 4, added: 1, new vincodes: 0
30-04-2011 03:13:02 --- INFO: Lexus LX 470 - found: 11, pass primary filters: 10, did not pass the filter by color: 10, added: 0, new vincodes: 0
30-04-2011 03:13:06 --- INFO: Toyota Land Cruiser - found: 5, pass primary filters: 3, did not pass the filter by color: 3, added: 0, new vincodes: 0
30-04-2011 03:13:23 --- INFO: Honda CR-V - found: 19, pass primary filters: 2, did not pass the filter by color: 0, added: 2, new vincodes: 0
30-04-2011 03:15:14 --- INFO: Honda CR-V - found: 75, pass primary filters: 2, did not pass the filter by color: 0, added: 2, new vincodes: 0
30-04-2011 03:15:23 --- INFO: Mitsubishi Montero 4WD Limited - found: 10, pass primary filters: 0, did not pass the filter by color: 0, added: 0, new vincodes: 0
30-04-2011 03:17:02 --- INFO: Toyota 4RUNNER 4WD Limited - found: 71, pass primary filters: 30, did not pass the filter by color: 23, added: 7, new vincodes: 0
30-04-2011 03:17:19 --- INFO: Toyota RAV 4 - found: 21, pass primary filters: 5, did not pass the filter by color: 3, added: 2, new vincodes: 0
30-04-2011 03:17:34 --- INFO: Toyota Highlander 4WD - found: 20, pass primary filters: 0, did not pass the filter by color: 0, added: 0, new vincodes: 0
30-04-2011 03:18:57 --- INFO: Subaru Forester - found: 55, pass primary filters: 2, did not pass the filter by color: 0, added: 2, new vincodes: 0
30-04-2011 03:19:22 --- INFO: Nissan Rogue - found: 29, pass primary filters: 0, did not pass the filter by color: 0, added: 0, new vincodes: 0
30-04-2011 03:19:22 --- INFO: finish: 30-04-2011 03:19:22
30-04-2011 03:19:22 --- INFO: elapsed time: ~561.5 sec., memory usage: ~2.67 Mb.
30-04-2011 03:30:01 --- INFO: start: 30-04-2011 03:30:01
30-04-2011 03:30:01 --- INFO: ----------Source_Autotrader (cli)
30-04-2011 03:30:30 --- ERROR: Request returns empty result
30-04-2011 03:30:30 --- INFO: finish: 30-04-2011 03:30:30
30-04-2011 03:30:30 --- INFO: elapsed time: ~28.05 sec., memory usage: ~1.66 Mb.
30-04-2011 03:20:01 --- INFO: start: 30-04-2011 03:20:01
30-04-2011 03:20:01 --- INFO: ----------Source_Cars (cli)
30-04-2011 03:20:17 --- INFO: Lexus RX 300 - found: 14, pass primary filters: 5, did not pass the filter by color: 4, added: 1, new vincodes: 0
30-04-2011 03:21:37 --- INFO: Lexus RX 330 - found: 79, pass primary filters: 40, did not pass the filter by color: 11, added: 29, new vincodes: 0
30-04-2011 03:21:54 --- INFO: Lexus RX 400H - found: 0, pass primary filters: 0, did not pass the filter by color: 0, added: 0, new vincodes: 0
30-04-2011 03:22:08 --- INFO: Lexus GX 470 - found: 12, pass primary filters: 12, did not pass the filter by color: 9, added: 3, new vincodes: 0
30-04-2011 03:22:21 --- INFO: Lexus GX 470 - found: 11, pass primary filters: 11, did not pass the filter by color: 9, added: 2, new vincodes: 0
30-04-2011 03:22:37 --- INFO: Lexus LX 470 - found: 0, pass primary filters: 0, did not pass the filter by color: 0, added: 0, new vincodes: 0
30-04-2011 03:22:40 --- INFO: Lexus LX 470 - found: 1, pass primary filters: 1, did not pass the filter by color: 1, added: 0, new vincodes: 0
30-04-2011 03:22:56 --- INFO: Toyota Land Cruiser - found: 0, pass primary filters: 0, did not pass the filter by color: 0, added: 0, new vincodes: 0
30-04-2011 03:23:51 --- INFO: Honda CR-V - found: 52, pass primary filters: 15, did not pass the filter by color: 0, added: 15, new vincodes: 0
30-04-2011 03:24:25 --- INFO: Honda CR-V - found: 36, pass primary filters: 18, did not pass the filter by color: 0, added: 18, new vincodes: 0
30-04-2011 03:24:49 --- INFO: Mitsubishi Montero 4WD Limited - found: 23, pass primary filters: 6, did not pass the filter by color: 6, added: 0, new vincodes: 0
30-04-2011 03:33:55 --- INFO: Toyota 4RUNNER 4WD Limited - found: 585, pass primary filters: 126, did not pass the filter by color: 88, added: 38, new vincodes: 0
30-04-2011 03:34:07 --- INFO: Toyota RAV 4 - found: 12, pass primary filters: 4, did not pass the filter by color: 2, added: 2, new vincodes: 0
30-04-2011 03:34:16 --- INFO: Toyota Highlander 4WD - found: 9, pass primary filters: 0, did not pass the filter by color: 0, added: 0, new vincodes: 0
30-04-2011 03:34:48 --- INFO: Subaru Forester - found: 34, pass primary filters: 34, did not pass the filter by color: 0, added: 34, new vincodes: 0
30-04-2011 03:35:20 --- INFO: Nissan Rogue - found: 37, pass primary filters: 27, did not pass the filter by color: 0, added: 27, new vincodes: 0
30-04-2011 03:35:20 --- INFO: finish: 30-04-2011 03:35:20
30-04-2011 03:35:20 --- INFO: elapsed time: ~919.23 sec., memory usage: ~4.06 Mb.
30-04-2011 06:10:01 --- INFO: start: 30-04-2011 06:10:01
30-04-2011 06:10:01 --- INFO: ----------Source_Adesa (cli)
30-04-2011 06:10:02 --- ERROR: Unauthorized request
30-04-2011 06:10:02 --- INFO: finish: 30-04-2011 06:10:02
30-04-2011 06:10:02 --- INFO: elapsed time: ~0.51 sec., memory usage: ~1.31 Mb.
30-04-2011 06:10:01 --- INFO: start: 30-04-2011 06:10:01
30-04-2011 06:10:01 --- INFO: ----------Source_Avtobest (cli)
30-04-2011 06:10:47 --- INFO: Lexus RX 300 - found: 61, pass primary filters: 15, did not pass the filter by color: 3, added: 12, new vincodes: 0
30-04-2011 06:13:13 --- INFO: Lexus RX 330 - found: 174, pass primary filters: 56, did not pass the filter by color: 27, added: 29, new vincodes: 0
30-04-2011 06:13:34 --- INFO: Lexus RX 400H - found: 20, pass primary filters: 2, did not pass the filter by color: 1, added: 1, new vincodes: 0
30-04-2011 06:14:30 --- INFO: Lexus GX 470 - found: 56, pass primary filters: 28, did not pass the filter by color: 22, added: 6, new vincodes: 0
30-04-2011 06:15:49 --- INFO: Lexus GX 470 - found: 77, pass primary filters: 44, did not pass the filter by color: 37, added: 7, new vincodes: 0
30-04-2011 06:16:07 --- INFO: Lexus LX 470 - found: 16, pass primary filters: 13, did not pass the filter by color: 13, added: 0, new vincodes: 0
30-04-2011 06:16:30 --- INFO: Lexus LX 470 - found: 23, pass primary filters: 20, did not pass the filter by color: 17, added: 3, new vincodes: 0
30-04-2011 06:16:37 --- INFO: Toyota Land Cruiser - found: 5, pass primary filters: 3, did not pass the filter by color: 2, added: 1, new vincodes: 0
30-04-2011 06:17:24 --- INFO: Honda CR-V - found: 50, pass primary filters: 9, did not pass the filter by color: 0, added: 9, new vincodes: 1
30-04-2011 06:19:59 --- INFO: Honda CR-V - found: 155, pass primary filters: 3, did not pass the filter by color: 0, added: 3, new vincodes: 0
30-04-2011 06:20:58 --- INFO: Mitsubishi Montero 4WD Limited - found: 64, pass primary filters: 18, did not pass the filter by color: 18, added: 0, new vincodes: 0
30-04-2011 06:23:55 --- INFO: Toyota 4RUNNER 4WD Limited - found: 186, pass primary filters: 56, did not pass the filter by color: 43, added: 13, new vincodes: 0
30-04-2011 06:24:27 --- INFO: Toyota RAV 4 - found: 39, pass primary filters: 16, did not pass the filter by color: 13, added: 3, new vincodes: 1
30-04-2011 06:26:00 --- INFO: Toyota Highlander 4WD - found: 102, pass primary filters: 2, did not pass the filter by color: 1, added: 1, new vincodes: 0
30-04-2011 06:28:52 --- INFO: Subaru Forester - found: 179, pass primary filters: 15, did not pass the filter by color: 0, added: 15, new vincodes: 0
30-04-2011 06:30:53 --- INFO: Nissan Rogue - found: 128, pass primary filters: 6, did not pass the filter by color: 0, added: 6, new vincodes: 0
30-04-2011 06:30:53 --- INFO: finish: 30-04-2011 06:30:53
30-04-2011 06:30:53 --- INFO: elapsed time: ~1251.74 sec., memory usage: ~4.2 Mb.
30-04-2011 07:05:01 --- INFO: start: 30-04-2011 07:05:01
30-04-2011 07:05:01 --- INFO: ----------Source_Openlane (cli)
30-04-2011 07:05:04 --- INFO: Authorized request
30-04-2011 07:05:06 --- INFO: Lexus RX 300 - found: 3, pass primary filters: 1, did not pass the filter by color: 0, added: 1, new vincodes: 0
30-04-2011 07:05:07 --- INFO: Lexus RX 330 - found: 2, pass primary filters: 1, did not pass the filter by color: 0, added: 1, new vincodes: 0
30-04-2011 07:05:08 --- INFO: Lexus RX 400H - found: 0, pass primary filters: 0, did not pass the filter by color: 0, added: 0, new vincodes: 0
30-04-2011 07:05:09 --- INFO: Lexus GX 470 - found: 1, pass primary filters: 1, did not pass the filter by color: 1, added: 0, new vincodes: 0
30-04-2011 07:05:11 --- INFO: Lexus GX 470 - found: 6, pass primary filters: 3, did not pass the filter by color: 2, added: 1, new vincodes: 0
30-04-2011 07:05:12 --- INFO: Lexus LX 470 - found: 1, pass primary filters: 1, did not pass the filter by color: 1, added: 0, new vincodes: 0
30-04-2011 07:05:14 --- INFO: Lexus LX 470 - found: 2, pass primary filters: 2, did not pass the filter by color: 2, added: 0, new vincodes: 0
30-04-2011 07:05:15 --- INFO: Toyota Land Cruiser - found: 0, pass primary filters: 0, did not pass the filter by color: 0, added: 0, new vincodes: 0
30-04-2011 07:05:16 --- INFO: Honda CR-V - found: 0, pass primary filters: 0, did not pass the filter by color: 0, added: 0, new vincodes: 0
30-04-2011 07:05:17 --- INFO: Honda CR-V - found: 1, pass primary filters: 0, did not pass the filter by color: 0, added: 0, new vincodes: 0
30-04-2011 07:05:18 --- INFO: Mitsubishi Montero 4WD Limited - found: 0, pass primary filters: 0, did not pass the filter by color: 0, added: 0, new vincodes: 0
30-04-2011 07:05:19 --- INFO: Toyota 4RUNNER 4WD Limited - found: 3, pass primary filters: 0, did not pass the filter by color: 0, added: 0, new vincodes: 0
30-04-2011 07:05:20 --- INFO: Toyota RAV 4 - found: 0, pass primary filters: 0, did not pass the filter by color: 0, added: 0, new vincodes: 0
30-04-2011 07:05:21 --- INFO: Toyota Highlander 4WD - found: 0, pass primary filters: 0, did not pass the filter by color: 0, added: 0, new vincodes: 0
30-04-2011 07:05:22 --- INFO: Subaru Forester - found: 0, pass primary filters: 0, did not pass the filter by color: 0, added: 0, new vincodes: 0
30-04-2011 07:05:23 --- INFO: Nissan Rogue - found: 0, pass primary filters: 0, did not pass the filter by color: 0, added: 0, new vincodes: 0
30-04-2011 07:05:23 --- INFO: finish: 30-04-2011 07:05:23
30-04-2011 07:05:23 --- INFO: elapsed time: ~22.49 sec., memory usage: ~2.03 Mb.
30-04-2011 07:10:01 --- INFO: start: 30-04-2011 07:10:01
30-04-2011 07:10:01 --- INFO: ----------Source_Ebay (cli)
30-04-2011 07:10:20 --- INFO: Lexus RX 300 - found: 24, pass primary filters: 2, did not pass the filter by color: 0, added: 2, new vincodes: 0
30-04-2011 07:11:48 --- INFO: Lexus RX 330 - found: 57, pass primary filters: 10, did not pass the filter by color: 6, added: 4, new vincodes: 0
30-04-2011 07:12:13 --- INFO: Lexus RX 400H - found: 35, pass primary filters: 1, did not pass the filter by color: 0, added: 1, new vincodes: 0
30-04-2011 07:12:34 --- INFO: Lexus GX 470 - found: 31, pass primary filters: 14, did not pass the filter by color: 12, added: 2, new vincodes: 0
30-04-2011 07:12:55 --- INFO: Lexus GX 470 - found: 30, pass primary filters: 13, did not pass the filter by color: 10, added: 3, new vincodes: 0
30-04-2011 07:13:01 --- INFO: Lexus LX 470 - found: 7, pass primary filters: 5, did not pass the filter by color: 4, added: 1, new vincodes: 0
30-04-2011 07:13:09 --- INFO: Lexus LX 470 - found: 11, pass primary filters: 10, did not pass the filter by color: 10, added: 0, new vincodes: 0
30-04-2011 07:13:14 --- INFO: Toyota Land Cruiser - found: 5, pass primary filters: 3, did not pass the filter by color: 3, added: 0, new vincodes: 0
30-04-2011 07:13:28 --- INFO: Honda CR-V - found: 19, pass primary filters: 2, did not pass the filter by color: 0, added: 2, new vincodes: 0
30-04-2011 07:15:12 --- INFO: Honda CR-V - found: 77, pass primary filters: 2, did not pass the filter by color: 0, added: 2, new vincodes: 0
30-04-2011 07:15:19 --- INFO: Mitsubishi Montero 4WD Limited - found: 10, pass primary filters: 0, did not pass the filter by color: 0, added: 0, new vincodes: 0
30-04-2011 07:16:53 --- INFO: Toyota 4RUNNER 4WD Limited - found: 71, pass primary filters: 30, did not pass the filter by color: 22, added: 8, new vincodes: 0
30-04-2011 07:17:10 --- INFO: Toyota RAV 4 - found: 21, pass primary filters: 5, did not pass the filter by color: 3, added: 2, new vincodes: 0
30-04-2011 07:17:26 --- INFO: Toyota Highlander 4WD - found: 19, pass primary filters: 0, did not pass the filter by color: 0, added: 0, new vincodes: 0
30-04-2011 07:18:47 --- INFO: Subaru Forester - found: 55, pass primary filters: 2, did not pass the filter by color: 0, added: 2, new vincodes: 0
30-04-2011 07:19:10 --- INFO: Nissan Rogue - found: 29, pass primary filters: 0, did not pass the filter by color: 0, added: 0, new vincodes: 0
30-04-2011 07:19:10 --- INFO: finish: 30-04-2011 07:19:10
30-04-2011 07:19:10 --- INFO: elapsed time: ~549.22 sec., memory usage: ~2.67 Mb.
30-04-2011 07:30:01 --- INFO: start: 30-04-2011 07:30:01
30-04-2011 07:30:01 --- INFO: ----------Source_Autotrader (cli)
30-04-2011 07:30:29 --- ERROR: Request returns empty result
30-04-2011 07:30:29 --- INFO: finish: 30-04-2011 07:30:29
30-04-2011 07:30:29 --- INFO: elapsed time: ~28.04 sec., memory usage: ~1.66 Mb.
30-04-2011 07:20:01 --- INFO: start: 30-04-2011 07:20:01
30-04-2011 07:20:01 --- INFO: ----------Source_Cars (cli)
30-04-2011 07:20:13 --- INFO: Lexus RX 300 - found: 14, pass primary filters: 5, did not pass the filter by color: 4, added: 1, new vincodes: 0
30-04-2011 07:21:21 --- INFO: Lexus RX 330 - found: 79, pass primary filters: 40, did not pass the filter by color: 11, added: 29, new vincodes: 0
30-04-2011 07:21:38 --- INFO: Lexus RX 400H - found: 0, pass primary filters: 0, did not pass the filter by color: 0, added: 0, new vincodes: 0
30-04-2011 07:21:50 --- INFO: Lexus GX 470 - found: 12, pass primary filters: 12, did not pass the filter by color: 8, added: 4, new vincodes: 0
30-04-2011 07:22:00 --- INFO: Lexus GX 470 - found: 11, pass primary filters: 11, did not pass the filter by color: 9, added: 2, new vincodes: 0
30-04-2011 07:22:15 --- INFO: Lexus LX 470 - found: 0, pass primary filters: 0, did not pass the filter by color: 0, added: 0, new vincodes: 0
30-04-2011 07:22:17 --- INFO: Lexus LX 470 - found: 1, pass primary filters: 1, did not pass the filter by color: 1, added: 0, new vincodes: 0
30-04-2011 07:22:35 --- INFO: Toyota Land Cruiser - found: 0, pass primary filters: 0, did not pass the filter by color: 0, added: 0, new vincodes: 0
30-04-2011 07:23:21 --- INFO: Honda CR-V - found: 53, pass primary filters: 15, did not pass the filter by color: 0, added: 15, new vincodes: 0
30-04-2011 07:23:53 --- INFO: Honda CR-V - found: 36, pass primary filters: 18, did not pass the filter by color: 0, added: 18, new vincodes: 0
30-04-2011 07:24:15 --- INFO: Mitsubishi Montero 4WD Limited - found: 23, pass primary filters: 6, did not pass the filter by color: 6, added: 0, new vincodes: 0
30-04-2011 07:32:54 --- INFO: Toyota 4RUNNER 4WD Limited - found: 591, pass primary filters: 130, did not pass the filter by color: 89, added: 41, new vincodes: 1
30-04-2011 07:33:05 --- INFO: Toyota RAV 4 - found: 12, pass primary filters: 4, did not pass the filter by color: 2, added: 2, new vincodes: 0
30-04-2011 07:33:16 --- INFO: Toyota Highlander 4WD - found: 9, pass primary filters: 0, did not pass the filter by color: 0, added: 0, new vincodes: 0
30-04-2011 07:33:49 --- INFO: Subaru Forester - found: 36, pass primary filters: 36, did not pass the filter by color: 0, added: 36, new vincodes: 0
30-04-2011 07:34:21 --- INFO: Nissan Rogue - found: 38, pass primary filters: 27, did not pass the filter by color: 0, added: 27, new vincodes: 0
30-04-2011 07:34:21 --- INFO: finish: 30-04-2011 07:34:21
30-04-2011 07:34:21 --- INFO: elapsed time: ~859.74 sec., memory usage: ~4.14 Mb.
30-04-2011 08:10:01 --- INFO: start: 30-04-2011 08:10:01
30-04-2011 08:10:01 --- INFO: ----------Source_Adesa (cli)
30-04-2011 08:10:01 --- ERROR: Unauthorized request
30-04-2011 08:10:01 --- INFO: finish: 30-04-2011 08:10:01
30-04-2011 08:10:01 --- INFO: elapsed time: ~0.47 sec., memory usage: ~1.31 Mb.
30-04-2011 08:10:01 --- INFO: start: 30-04-2011 08:10:01
30-04-2011 08:10:01 --- INFO: ----------Source_Avtobest (cli)
30-04-2011 08:10:51 --- INFO: Lexus RX 300 - found: 62, pass primary filters: 15, did not pass the filter by color: 3, added: 12, new vincodes: 0
30-04-2011 08:13:12 --- INFO: Lexus RX 330 - found: 172, pass primary filters: 55, did not pass the filter by color: 26, added: 29, new vincodes: 0
30-04-2011 08:13:30 --- INFO: Lexus RX 400H - found: 20, pass primary filters: 2, did not pass the filter by color: 1, added: 1, new vincodes: 0
30-04-2011 08:14:23 --- INFO: Lexus GX 470 - found: 56, pass primary filters: 28, did not pass the filter by color: 22, added: 6, new vincodes: 0
30-04-2011 08:15:33 --- INFO: Lexus GX 470 - found: 77, pass primary filters: 44, did not pass the filter by color: 37, added: 7, new vincodes: 0
30-04-2011 08:15:51 --- INFO: Lexus LX 470 - found: 16, pass primary filters: 13, did not pass the filter by color: 13, added: 0, new vincodes: 0
30-04-2011 08:16:11 --- INFO: Lexus LX 470 - found: 23, pass primary filters: 18, did not pass the filter by color: 14, added: 4, new vincodes: 0
30-04-2011 08:16:17 --- INFO: Toyota Land Cruiser - found: 5, pass primary filters: 3, did not pass the filter by color: 2, added: 1, new vincodes: 0
30-04-2011 08:17:04 --- INFO: Honda CR-V - found: 50, pass primary filters: 9, did not pass the filter by color: 0, added: 9, new vincodes: 0
30-04-2011 08:19:32 --- INFO: Honda CR-V - found: 155, pass primary filters: 3, did not pass the filter by color: 0, added: 3, new vincodes: 0
30-04-2011 08:20:32 --- INFO: Mitsubishi Montero 4WD Limited - found: 65, pass primary filters: 18, did not pass the filter by color: 18, added: 0, new vincodes: 0
30-04-2011 08:23:14 --- INFO: Toyota 4RUNNER 4WD Limited - found: 186, pass primary filters: 56, did not pass the filter by color: 44, added: 12, new vincodes: 0
30-04-2011 08:23:43 --- INFO: Toyota RAV 4 - found: 40, pass primary filters: 17, did not pass the filter by color: 14, added: 3, new vincodes: 1
30-04-2011 08:25:07 --- INFO: Toyota Highlander 4WD - found: 103, pass primary filters: 2, did not pass the filter by color: 1, added: 1, new vincodes: 0
30-04-2011 08:27:48 --- INFO: Subaru Forester - found: 179, pass primary filters: 15, did not pass the filter by color: 0, added: 15, new vincodes: 0
30-04-2011 08:29:45 --- INFO: Nissan Rogue - found: 129, pass primary filters: 6, did not pass the filter by color: 0, added: 6, new vincodes: 0
30-04-2011 08:29:45 --- INFO: finish: 30-04-2011 08:29:45
30-04-2011 08:29:45 --- INFO: elapsed time: ~1184.56 sec., memory usage: ~4.17 Mb.
30-04-2011 09:10:01 --- INFO: start: 30-04-2011 09:10:01
30-04-2011 09:10:01 --- INFO: ----------Source_Adesa (cli)
30-04-2011 09:10:01 --- ERROR: Unauthorized request
30-04-2011 09:10:01 --- INFO: finish: 30-04-2011 09:10:01
30-04-2011 09:10:01 --- INFO: elapsed time: ~0.39 sec., memory usage: ~1.31 Mb.
30-04-2011 09:10:01 --- INFO: start: 30-04-2011 09:10:01
30-04-2011 09:10:01 --- INFO: ----------Source_Avtobest (cli)
30-04-2011 09:10:51 --- INFO: Lexus RX 300 - found: 63, pass primary filters: 16, did not pass the filter by color: 4, added: 12, new vincodes: 0
30-04-2011 09:13:16 --- INFO: Lexus RX 330 - found: 173, pass primary filters: 55, did not pass the filter by color: 24, added: 31, new vincodes: 0
30-04-2011 09:13:51 --- INFO: Lexus RX 400H - found: 20, pass primary filters: 2, did not pass the filter by color: 1, added: 1, new vincodes: 0
30-04-2011 09:14:46 --- INFO: Lexus GX 470 - found: 57, pass primary filters: 28, did not pass the filter by color: 21, added: 7, new vincodes: 0
30-04-2011 09:15:57 --- INFO: Lexus GX 470 - found: 77, pass primary filters: 44, did not pass the filter by color: 37, added: 7, new vincodes: 0
30-04-2011 09:16:12 --- INFO: Lexus LX 470 - found: 16, pass primary filters: 13, did not pass the filter by color: 13, added: 0, new vincodes: 0
30-04-2011 09:16:35 --- INFO: Lexus LX 470 - found: 23, pass primary filters: 20, did not pass the filter by color: 16, added: 4, new vincodes: 0
30-04-2011 09:16:41 --- INFO: Toyota Land Cruiser - found: 5, pass primary filters: 3, did not pass the filter by color: 2, added: 1, new vincodes: 0
30-04-2011 09:17:34 --- INFO: Honda CR-V - found: 51, pass primary filters: 9, did not pass the filter by color: 0, added: 9, new vincodes: 0
30-04-2011 09:20:01 --- INFO: Honda CR-V - found: 157, pass primary filters: 3, did not pass the filter by color: 0, added: 3, new vincodes: 0
30-04-2011 09:20:59 --- INFO: Mitsubishi Montero 4WD Limited - found: 66, pass primary filters: 18, did not pass the filter by color: 18, added: 0, new vincodes: 0
30-04-2011 09:23:49 --- INFO: Toyota 4RUNNER 4WD Limited - found: 188, pass primary filters: 56, did not pass the filter by color: 44, added: 12, new vincodes: 0
30-04-2011 09:24:18 --- INFO: Toyota RAV 4 - found: 40, pass primary filters: 17, did not pass the filter by color: 14, added: 3, new vincodes: 0
30-04-2011 09:25:44 --- INFO: Toyota Highlander 4WD - found: 103, pass primary filters: 2, did not pass the filter by color: 1, added: 1, new vincodes: 0
30-04-2011 09:28:32 --- INFO: Subaru Forester - found: 179, pass primary filters: 15, did not pass the filter by color: 0, added: 15, new vincodes: 0
30-04-2011 09:30:32 --- INFO: Nissan Rogue - found: 129, pass primary filters: 6, did not pass the filter by color: 0, added: 6, new vincodes: 0
30-04-2011 09:30:32 --- INFO: finish: 30-04-2011 09:30:32
30-04-2011 09:30:32 --- INFO: elapsed time: ~1231.08 sec., memory usage: ~4.17 Mb.
30-04-2011 10:00:02 --- INFO: start: 30-04-2011 10:00:02
30-04-2011 10:00:02 --- INFO: ----------Source_Adesa (cli)
30-04-2011 10:00:02 --- ERROR: Unauthorized request
30-04-2011 10:00:02 --- INFO: finish: 30-04-2011 10:00:02
30-04-2011 10:00:02 --- INFO: elapsed time: ~0.29 sec., memory usage: ~1.31 Mb.
30-04-2011 10:00:02 --- INFO: start: 30-04-2011 10:00:02
30-04-2011 10:00:02 --- INFO: ----------Source_Avtobest (cli)
30-04-2011 10:00:53 --- INFO: Lexus RX 300 - found: 63, pass primary filters: 16, did not pass the filter by color: 5, added: 11, new vincodes: 0
30-04-2011 10:03:20 --- INFO: Lexus RX 330 - found: 172, pass primary filters: 57, did not pass the filter by color: 26, added: 31, new vincodes: 0
30-04-2011 10:03:39 --- INFO: Lexus RX 400H - found: 20, pass primary filters: 2, did not pass the filter by color: 1, added: 1, new vincodes: 0
30-04-2011 10:04:38 --- INFO: Lexus GX 470 - found: 57, pass primary filters: 28, did not pass the filter by color: 22, added: 6, new vincodes: 0
30-04-2011 10:05:53 --- INFO: Lexus GX 470 - found: 77, pass primary filters: 44, did not pass the filter by color: 37, added: 7, new vincodes: 0
30-04-2011 10:06:09 --- INFO: Lexus LX 470 - found: 16, pass primary filters: 13, did not pass the filter by color: 13, added: 0, new vincodes: 0
30-04-2011 10:06:32 --- INFO: Lexus LX 470 - found: 23, pass primary filters: 20, did not pass the filter by color: 16, added: 4, new vincodes: 0
30-04-2011 10:06:38 --- INFO: Toyota Land Cruiser - found: 5, pass primary filters: 3, did not pass the filter by color: 2, added: 1, new vincodes: 0
30-04-2011 10:07:30 --- INFO: Honda CR-V - found: 52, pass primary filters: 9, did not pass the filter by color: 0, added: 9, new vincodes: 0
30-04-2011 10:10:09 --- INFO: Honda CR-V - found: 158, pass primary filters: 3, did not pass the filter by color: 0, added: 3, new vincodes: 0
30-04-2011 10:11:15 --- INFO: Mitsubishi Montero 4WD Limited - found: 66, pass primary filters: 18, did not pass the filter by color: 18, added: 0, new vincodes: 0
30-04-2011 10:14:41 --- INFO: Toyota 4RUNNER 4WD Limited - found: 192, pass primary filters: 58, did not pass the filter by color: 46, added: 12, new vincodes: 1
30-04-2011 10:15:16 --- INFO: Toyota RAV 4 - found: 40, pass primary filters: 17, did not pass the filter by color: 14, added: 3, new vincodes: 0
30-04-2011 10:17:00 --- INFO: Toyota Highlander 4WD - found: 106, pass primary filters: 2, did not pass the filter by color: 1, added: 1, new vincodes: 0
30-04-2011 10:20:16 --- INFO: Subaru Forester - found: 179, pass primary filters: 15, did not pass the filter by color: 0, added: 15, new vincodes: 0
30-04-2011 10:22:30 --- INFO: Nissan Rogue - found: 130, pass primary filters: 6, did not pass the filter by color: 0, added: 6, new vincodes: 0
30-04-2011 10:22:30 --- INFO: finish: 30-04-2011 10:22:30
30-04-2011 10:22:30 --- INFO: elapsed time: ~1348.57 sec., memory usage: ~4.23 Mb.
30-04-2011 11:05:01 --- INFO: start: 30-04-2011 11:05:01
30-04-2011 11:05:01 --- INFO: ----------Source_Openlane (cli)
30-04-2011 11:05:04 --- INFO: Authorized request
30-04-2011 11:05:07 --- INFO: Lexus RX 300 - found: 4, pass primary filters: 2, did not pass the filter by color: 0, added: 2, new vincodes: 1
30-04-2011 11:05:08 --- INFO: Lexus RX 330 - found: 2, pass primary filters: 1, did not pass the filter by color: 1, added: 0, new vincodes: 0
30-04-2011 11:05:09 --- INFO: Lexus RX 400H - found: 0, pass primary filters: 0, did not pass the filter by color: 0, added: 0, new vincodes: 0
30-04-2011 11:05:11 --- INFO: Lexus GX 470 - found: 1, pass primary filters: 1, did not pass the filter by color: 1, added: 0, new vincodes: 0
30-04-2011 11:05:12 --- INFO: Lexus GX 470 - found: 6, pass primary filters: 3, did not pass the filter by color: 2, added: 1, new vincodes: 0
30-04-2011 11:05:13 --- INFO: Lexus LX 470 - found: 1, pass primary filters: 1, did not pass the filter by color: 1, added: 0, new vincodes: 0
30-04-2011 11:05:15 --- INFO: Lexus LX 470 - found: 2, pass primary filters: 2, did not pass the filter by color: 2, added: 0, new vincodes: 0
30-04-2011 11:05:16 --- INFO: Toyota Land Cruiser - found: 0, pass primary filters: 0, did not pass the filter by color: 0, added: 0, new vincodes: 0
30-04-2011 11:05:17 --- INFO: Honda CR-V - found: 0, pass primary filters: 0, did not pass the filter by color: 0, added: 0, new vincodes: 0
30-04-2011 11:05:18 --- INFO: Honda CR-V - found: 1, pass primary filters: 0, did not pass the filter by color: 0, added: 0, new vincodes: 0
30-04-2011 11:05:19 --- INFO: Mitsubishi Montero 4WD Limited - found: 0, pass primary filters: 0, did not pass the filter by color: 0, added: 0, new vincodes: 0
30-04-2011 11:05:20 --- INFO: Toyota 4RUNNER 4WD Limited - found: 3, pass primary filters: 0, did not pass the filter by color: 0, added: 0, new vincodes: 0
30-04-2011 11:05:21 --- INFO: Toyota RAV 4 - found: 0, pass primary filters: 0, did not pass the filter by color: 0, added: 0, new vincodes: 0
30-04-2011 11:05:22 --- INFO: Toyota Highlander 4WD - found: 0, pass primary filters: 0, did not pass the filter by color: 0, added: 0, new vincodes: 0
30-04-2011 11:05:23 --- INFO: Subaru Forester - found: 0, pass primary filters: 0, did not pass the filter by color: 0, added: 0, new vincodes: 0
30-04-2011 11:05:24 --- INFO: Nissan Rogue - found: 0, pass primary filters: 0, did not pass the filter by color: 0, added: 0, new vincodes: 0
30-04-2011 11:05:24 --- INFO: finish: 30-04-2011 11:05:24
30-04-2011 11:05:24 --- INFO: elapsed time: ~23.54 sec., memory usage: ~2.06 Mb.
30-04-2011 11:10:01 --- INFO: start: 30-04-2011 11:10:01
30-04-2011 11:10:02 --- INFO: ----------Source_Adesa (cli)
30-04-2011 11:10:02 --- ERROR: Unauthorized request
30-04-2011 11:10:02 --- INFO: finish: 30-04-2011 11:10:02
30-04-2011 11:10:02 --- INFO: elapsed time: ~0.36 sec., memory usage: ~1.31 Mb.
30-04-2011 11:10:01 --- INFO: start: 30-04-2011 11:10:01
30-04-2011 11:10:02 --- INFO: ----------Source_Ebay (cli)
30-04-2011 11:10:21 --- INFO: Lexus RX 300 - found: 24, pass primary filters: 2, did not pass the filter by color: 0, added: 2, new vincodes: 0
30-04-2011 11:11:47 --- INFO: Lexus RX 330 - found: 58, pass primary filters: 14, did not pass the filter by color: 9, added: 5, new vincodes: 0
30-04-2011 11:12:13 --- INFO: Lexus RX 400H - found: 36, pass primary filters: 1, did not pass the filter by color: 0, added: 1, new vincodes: 0
30-04-2011 11:12:35 --- INFO: Lexus GX 470 - found: 31, pass primary filters: 15, did not pass the filter by color: 12, added: 3, new vincodes: 1
30-04-2011 11:12:56 --- INFO: Lexus GX 470 - found: 29, pass primary filters: 12, did not pass the filter by color: 9, added: 3, new vincodes: 0
30-04-2011 11:13:02 --- INFO: Lexus LX 470 - found: 7, pass primary filters: 5, did not pass the filter by color: 4, added: 1, new vincodes: 0
30-04-2011 11:13:10 --- INFO: Lexus LX 470 - found: 11, pass primary filters: 10, did not pass the filter by color: 10, added: 0, new vincodes: 0
30-04-2011 11:13:15 --- INFO: Toyota Land Cruiser - found: 5, pass primary filters: 3, did not pass the filter by color: 3, added: 0, new vincodes: 0
30-04-2011 11:13:31 --- INFO: Honda CR-V - found: 21, pass primary filters: 2, did not pass the filter by color: 0, added: 2, new vincodes: 0
30-04-2011 11:15:18 --- INFO: Honda CR-V - found: 80, pass primary filters: 2, did not pass the filter by color: 0, added: 2, new vincodes: 0
30-04-2011 11:15:25 --- INFO: Mitsubishi Montero 4WD Limited - found: 10, pass primary filters: 0, did not pass the filter by color: 0, added: 0, new vincodes: 0
30-04-2011 11:17:01 --- INFO: Toyota 4RUNNER 4WD Limited - found: 73, pass primary filters: 30, did not pass the filter by color: 22, added: 8, new vincodes: 0
30-04-2011 11:17:16 --- INFO: Toyota RAV 4 - found: 20, pass primary filters: 4, did not pass the filter by color: 3, added: 1, new vincodes: 0
30-04-2011 11:17:30 --- INFO: Toyota Highlander 4WD - found: 19, pass primary filters: 0, did not pass the filter by color: 0, added: 0, new vincodes: 0
30-04-2011 11:18:43 --- INFO: Subaru Forester - found: 55, pass primary filters: 2, did not pass the filter by color: 0, added: 2, new vincodes: 0
30-04-2011 11:19:05 --- INFO: Nissan Rogue - found: 29, pass primary filters: 0, did not pass the filter by color: 0, added: 0, new vincodes: 0
30-04-2011 11:19:05 --- INFO: finish: 30-04-2011 11:19:05
30-04-2011 11:19:05 --- INFO: elapsed time: ~543.06 sec., memory usage: ~2.72 Mb.
30-04-2011 11:30:01 --- INFO: start: 30-04-2011 11:30:01
30-04-2011 11:30:01 --- INFO: ----------Source_Autotrader (cli)
30-04-2011 11:30:29 --- ERROR: Request returns empty result
30-04-2011 11:30:29 --- INFO: finish: 30-04-2011 11:30:29
30-04-2011 11:30:29 --- INFO: elapsed time: ~28.05 sec., memory usage: ~1.66 Mb.
30-04-2011 11:10:01 --- INFO: start: 30-04-2011 11:10:01
30-04-2011 11:10:02 --- INFO: ----------Source_Avtobest (cli)
30-04-2011 11:11:00 --- INFO: Lexus RX 300 - found: 64, pass primary filters: 17, did not pass the filter by color: 5, added: 12, new vincodes: 0
30-04-2011 11:13:59 --- INFO: Lexus RX 330 - found: 172, pass primary filters: 58, did not pass the filter by color: 25, added: 33, new vincodes: 0
30-04-2011 11:14:24 --- INFO: Lexus RX 400H - found: 22, pass primary filters: 2, did not pass the filter by color: 1, added: 1, new vincodes: 0
30-04-2011 11:15:26 --- INFO: Lexus GX 470 - found: 57, pass primary filters: 28, did not pass the filter by color: 23, added: 5, new vincodes: 0
30-04-2011 11:16:51 --- INFO: Lexus GX 470 - found: 77, pass primary filters: 44, did not pass the filter by color: 37, added: 7, new vincodes: 0
30-04-2011 11:17:09 --- INFO: Lexus LX 470 - found: 17, pass primary filters: 13, did not pass the filter by color: 13, added: 0, new vincodes: 0
30-04-2011 11:17:34 --- INFO: Lexus LX 470 - found: 23, pass primary filters: 20, did not pass the filter by color: 16, added: 4, new vincodes: 0
30-04-2011 11:17:42 --- INFO: Toyota Land Cruiser - found: 5, pass primary filters: 3, did not pass the filter by color: 2, added: 1, new vincodes: 0
30-04-2011 11:18:43 --- INFO: Honda CR-V - found: 52, pass primary filters: 9, did not pass the filter by color: 0, added: 9, new vincodes: 0
30-04-2011 11:21:38 --- INFO: Honda CR-V - found: 159, pass primary filters: 3, did not pass the filter by color: 0, added: 3, new vincodes: 0
30-04-2011 11:22:48 --- INFO: Mitsubishi Montero 4WD Limited - found: 68, pass primary filters: 19, did not pass the filter by color: 19, added: 0, new vincodes: 0
30-04-2011 11:26:04 --- INFO: Toyota 4RUNNER 4WD Limited - found: 192, pass primary filters: 58, did not pass the filter by color: 46, added: 12, new vincodes: 0
30-04-2011 11:26:35 --- INFO: Toyota RAV 4 - found: 40, pass primary filters: 17, did not pass the filter by color: 14, added: 3, new vincodes: 0
30-04-2011 11:28:21 --- INFO: Toyota Highlander 4WD - found: 106, pass primary filters: 2, did not pass the filter by color: 1, added: 1, new vincodes: 0
30-04-2011 11:31:31 --- INFO: Subaru Forester - found: 179, pass primary filters: 15, did not pass the filter by color: 0, added: 15, new vincodes: 0
30-04-2011 11:33:47 --- INFO: Nissan Rogue - found: 132, pass primary filters: 6, did not pass the filter by color: 0, added: 6, new vincodes: 0
30-04-2011 11:33:47 --- INFO: finish: 30-04-2011 11:33:47
30-04-2011 11:33:47 --- INFO: elapsed time: ~1425.83 sec., memory usage: ~4.22 Mb.
30-04-2011 11:20:01 --- INFO: start: 30-04-2011 11:20:01
30-04-2011 11:20:01 --- INFO: ----------Source_Cars (cli)
30-04-2011 11:20:13 --- INFO: Lexus RX 300 - found: 13, pass primary filters: 5, did not pass the filter by color: 4, added: 1, new vincodes: 0
30-04-2011 11:21:29 --- INFO: Lexus RX 330 - found: 78, pass primary filters: 38, did not pass the filter by color: 13, added: 25, new vincodes: 0
30-04-2011 11:21:47 --- INFO: Lexus RX 400H - found: 0, pass primary filters: 0, did not pass the filter by color: 0, added: 0, new vincodes: 0
30-04-2011 11:22:07 --- INFO: Lexus GX 470 - found: 11, pass primary filters: 11, did not pass the filter by color: 7, added: 4, new vincodes: 0
30-04-2011 11:22:18 --- INFO: Lexus GX 470 - found: 11, pass primary filters: 11, did not pass the filter by color: 9, added: 2, new vincodes: 0
30-04-2011 11:22:33 --- INFO: Lexus LX 470 - found: 0, pass primary filters: 0, did not pass the filter by color: 0, added: 0, new vincodes: 0
30-04-2011 11:22:36 --- INFO: Lexus LX 470 - found: 1, pass primary filters: 1, did not pass the filter by color: 1, added: 0, new vincodes: 0
30-04-2011 11:22:55 --- INFO: Toyota Land Cruiser - found: 0, pass primary filters: 0, did not pass the filter by color: 0, added: 0, new vincodes: 0
30-04-2011 11:23:53 --- INFO: Honda CR-V - found: 55, pass primary filters: 16, did not pass the filter by color: 0, added: 16, new vincodes: 1
30-04-2011 11:24:29 --- INFO: Honda CR-V - found: 37, pass primary filters: 19, did not pass the filter by color: 0, added: 19, new vincodes: 1
30-04-2011 11:24:53 --- INFO: Mitsubishi Montero 4WD Limited - found: 23, pass primary filters: 6, did not pass the filter by color: 6, added: 0, new vincodes: 0
30-04-2011 11:35:25 --- INFO: Toyota 4RUNNER 4WD Limited - found: 603, pass primary filters: 130, did not pass the filter by color: 89, added: 41, new vincodes: 0
30-04-2011 11:35:37 --- INFO: Toyota RAV 4 - found: 12, pass primary filters: 4, did not pass the filter by color: 2, added: 2, new vincodes: 0
30-04-2011 11:35:52 --- INFO: Toyota Highlander 4WD - found: 12, pass primary filters: 0, did not pass the filter by color: 0, added: 0, new vincodes: 0
30-04-2011 11:36:29 --- INFO: Subaru Forester - found: 36, pass primary filters: 36, did not pass the filter by color: 0, added: 36, new vincodes: 0
30-04-2011 11:37:12 --- INFO: Nissan Rogue - found: 37, pass primary filters: 26, did not pass the filter by color: 0, added: 26, new vincodes: 0
30-04-2011 11:37:12 --- INFO: finish: 30-04-2011 11:37:12
30-04-2011 11:37:12 --- INFO: elapsed time: ~1031.3 sec., memory usage: ~4.09 Mb.
30-04-2011 12:20:01 --- INFO: start: 30-04-2011 12:20:01
30-04-2011 12:20:01 --- INFO: ----------Source_Adesa (cli)
30-04-2011 12:20:02 --- ERROR: Unauthorized request
30-04-2011 12:20:02 --- INFO: finish: 30-04-2011 12:20:02
30-04-2011 12:20:02 --- INFO: elapsed time: ~0.39 sec., memory usage: ~1.31 Mb.
30-04-2011 12:20:01 --- INFO: start: 30-04-2011 12:20:01
30-04-2011 12:20:01 --- INFO: ----------Source_Avtobest (cli)
30-04-2011 12:20:51 --- INFO: Lexus RX 300 - found: 64, pass primary filters: 17, did not pass the filter by color: 4, added: 13, new vincodes: 0
30-04-2011 12:23:21 --- INFO: Lexus RX 330 - found: 176, pass primary filters: 58, did not pass the filter by color: 26, added: 32, new vincodes: 0
30-04-2011 12:23:41 --- INFO: Lexus RX 400H - found: 22, pass primary filters: 2, did not pass the filter by color: 1, added: 1, new vincodes: 0
30-04-2011 12:24:41 --- INFO: Lexus GX 470 - found: 58, pass primary filters: 28, did not pass the filter by color: 23, added: 5, new vincodes: 0
30-04-2011 12:25:57 --- INFO: Lexus GX 470 - found: 79, pass primary filters: 46, did not pass the filter by color: 39, added: 7, new vincodes: 0
30-04-2011 12:26:15 --- INFO: Lexus LX 470 - found: 17, pass primary filters: 13, did not pass the filter by color: 13, added: 0, new vincodes: 0
30-04-2011 12:26:37 --- INFO: Lexus LX 470 - found: 23, pass primary filters: 20, did not pass the filter by color: 16, added: 4, new vincodes: 0
30-04-2011 12:26:45 --- INFO: Toyota Land Cruiser - found: 5, pass primary filters: 3, did not pass the filter by color: 2, added: 1, new vincodes: 0
30-04-2011 12:27:36 --- INFO: Honda CR-V - found: 52, pass primary filters: 9, did not pass the filter by color: 0, added: 9, new vincodes: 0
30-04-2011 12:30:11 --- INFO: Honda CR-V - found: 163, pass primary filters: 3, did not pass the filter by color: 0, added: 3, new vincodes: 0
30-04-2011 12:31:12 --- INFO: Mitsubishi Montero 4WD Limited - found: 68, pass primary filters: 19, did not pass the filter by color: 19, added: 0, new vincodes: 0
30-04-2011 12:34:05 --- INFO: Toyota 4RUNNER 4WD Limited - found: 194, pass primary filters: 56, did not pass the filter by color: 43, added: 13, new vincodes: 0
30-04-2011 12:34:32 --- INFO: Toyota RAV 4 - found: 40, pass primary filters: 17, did not pass the filter by color: 14, added: 3, new vincodes: 0
30-04-2011 12:36:03 --- INFO: Toyota Highlander 4WD - found: 109, pass primary filters: 2, did not pass the filter by color: 1, added: 1, new vincodes: 0
30-04-2011 12:38:56 --- INFO: Subaru Forester - found: 180, pass primary filters: 15, did not pass the filter by color: 0, added: 15, new vincodes: 0
30-04-2011 12:40:56 --- INFO: Nissan Rogue - found: 132, pass primary filters: 6, did not pass the filter by color: 0, added: 6, new vincodes: 0
30-04-2011 12:40:56 --- INFO: finish: 30-04-2011 12:40:56
30-04-2011 12:40:56 --- INFO: elapsed time: ~1254.75 sec., memory usage: ~4.22 Mb.
30-04-2011 13:20:01 --- INFO: start: 30-04-2011 13:20:01
30-04-2011 13:20:01 --- INFO: ----------Source_Adesa (cli)
30-04-2011 13:20:02 --- ERROR: Unauthorized request
30-04-2011 13:20:02 --- INFO: finish: 30-04-2011 13:20:02
30-04-2011 13:20:02 --- INFO: elapsed time: ~0.36 sec., memory usage: ~1.31 Mb.
30-04-2011 13:20:01 --- INFO: start: 30-04-2011 13:20:01
30-04-2011 13:20:01 --- INFO: ----------Source_Avtobest (cli)
30-04-2011 13:20:51 --- INFO: Lexus RX 300 - found: 65, pass primary filters: 17, did not pass the filter by color: 6, added: 11, new vincodes: 0
30-04-2011 13:23:13 --- INFO: Lexus RX 330 - found: 177, pass primary filters: 58, did not pass the filter by color: 27, added: 31, new vincodes: 0
30-04-2011 13:23:33 --- INFO: Lexus RX 400H - found: 22, pass primary filters: 2, did not pass the filter by color: 1, added: 1, new vincodes: 0
30-04-2011 13:24:29 --- INFO: Lexus GX 470 - found: 58, pass primary filters: 28, did not pass the filter by color: 22, added: 6, new vincodes: 0
30-04-2011 13:25:43 --- INFO: Lexus GX 470 - found: 79, pass primary filters: 46, did not pass the filter by color: 38, added: 8, new vincodes: 0
30-04-2011 13:25:59 --- INFO: Lexus LX 470 - found: 17, pass primary filters: 12, did not pass the filter by color: 12, added: 0, new vincodes: 0
30-04-2011 13:26:21 --- INFO: Lexus LX 470 - found: 23, pass primary filters: 20, did not pass the filter by color: 17, added: 3, new vincodes: 0
30-04-2011 13:26:28 --- INFO: Toyota Land Cruiser - found: 5, pass primary filters: 3, did not pass the filter by color: 2, added: 1, new vincodes: 0
30-04-2011 13:27:16 --- INFO: Honda CR-V - found: 52, pass primary filters: 9, did not pass the filter by color: 0, added: 9, new vincodes: 0
30-04-2011 13:29:49 --- INFO: Honda CR-V - found: 170, pass primary filters: 3, did not pass the filter by color: 0, added: 3, new vincodes: 0
30-04-2011 13:30:47 --- INFO: Mitsubishi Montero 4WD Limited - found: 69, pass primary filters: 19, did not pass the filter by color: 19, added: 0, new vincodes: 0
30-04-2011 13:33:37 --- INFO: Toyota 4RUNNER 4WD Limited - found: 195, pass primary filters: 58, did not pass the filter by color: 47, added: 11, new vincodes: 0
30-04-2011 13:34:11 --- INFO: Toyota RAV 4 - found: 41, pass primary filters: 18, did not pass the filter by color: 15, added: 3, new vincodes: 0
30-04-2011 13:35:45 --- INFO: Toyota Highlander 4WD - found: 109, pass primary filters: 2, did not pass the filter by color: 1, added: 1, new vincodes: 0
30-04-2011 13:38:43 --- INFO: Subaru Forester - found: 181, pass primary filters: 15, did not pass the filter by color: 0, added: 15, new vincodes: 0
30-04-2011 13:40:54 --- INFO: Nissan Rogue - found: 133, pass primary filters: 6, did not pass the filter by color: 0, added: 6, new vincodes: 0
30-04-2011 13:40:54 --- INFO: finish: 30-04-2011 13:40:54
30-04-2011 13:40:54 --- INFO: elapsed time: ~1253 sec., memory usage: ~4.24 Mb.
30-04-2011 15:05:01 --- INFO: start: 30-04-2011 15:05:01
30-04-2011 15:05:01 --- INFO: ----------Source_Openlane (cli)
30-04-2011 15:05:04 --- INFO: Authorized request
30-04-2011 15:05:06 --- INFO: Lexus RX 300 - found: 4, pass primary filters: 2, did not pass the filter by color: 0, added: 2, new vincodes: 0
30-04-2011 15:05:07 --- INFO: Lexus RX 330 - found: 2, pass primary filters: 1, did not pass the filter by color: 0, added: 1, new vincodes: 0
30-04-2011 15:05:08 --- INFO: Lexus RX 400H - found: 0, pass primary filters: 0, did not pass the filter by color: 0, added: 0, new vincodes: 0
30-04-2011 15:05:09 --- INFO: Lexus GX 470 - found: 1, pass primary filters: 1, did not pass the filter by color: 1, added: 0, new vincodes: 0
30-04-2011 15:05:11 --- INFO: Lexus GX 470 - found: 6, pass primary filters: 3, did not pass the filter by color: 2, added: 1, new vincodes: 0
30-04-2011 15:05:12 --- INFO: Lexus LX 470 - found: 1, pass primary filters: 1, did not pass the filter by color: 1, added: 0, new vincodes: 0
30-04-2011 15:05:13 --- INFO: Lexus LX 470 - found: 2, pass primary filters: 2, did not pass the filter by color: 2, added: 0, new vincodes: 0
30-04-2011 15:05:14 --- INFO: Toyota Land Cruiser - found: 0, pass primary filters: 0, did not pass the filter by color: 0, added: 0, new vincodes: 0
30-04-2011 15:05:15 --- INFO: Honda CR-V - found: 0, pass primary filters: 0, did not pass the filter by color: 0, added: 0, new vincodes: 0
30-04-2011 15:05:17 --- INFO: Honda CR-V - found: 1, pass primary filters: 0, did not pass the filter by color: 0, added: 0, new vincodes: 0
30-04-2011 15:05:18 --- INFO: Mitsubishi Montero 4WD Limited - found: 0, pass primary filters: 0, did not pass the filter by color: 0, added: 0, new vincodes: 0
30-04-2011 15:05:19 --- INFO: Toyota 4RUNNER 4WD Limited - found: 3, pass primary filters: 0, did not pass the filter by color: 0, added: 0, new vincodes: 0
30-04-2011 15:05:20 --- INFO: Toyota RAV 4 - found: 0, pass primary filters: 0, did not pass the filter by color: 0, added: 0, new vincodes: 0
30-04-2011 15:05:21 --- INFO: Toyota Highlander 4WD - found: 0, pass primary filters: 0, did not pass the filter by color: 0, added: 0, new vincodes: 0
30-04-2011 15:05:22 --- INFO: Subaru Forester - found: 0, pass primary filters: 0, did not pass the filter by color: 0, added: 0, new vincodes: 0
30-04-2011 15:05:23 --- INFO: Nissan Rogue - found: 0, pass primary filters: 0, did not pass the filter by color: 0, added: 0, new vincodes: 0
30-04-2011 15:05:23 --- INFO: finish: 30-04-2011 15:05:23
30-04-2011 15:05:23 --- INFO: elapsed time: ~22.04 sec., memory usage: ~2.03 Mb.
30-04-2011 15:10:01 --- INFO: start: 30-04-2011 15:10:01
30-04-2011 15:10:01 --- INFO: ----------Source_Ebay (cli)
30-04-2011 15:10:18 --- INFO: Lexus RX 300 - found: 21, pass primary filters: 2, did not pass the filter by color: 0, added: 2, new vincodes: 0
30-04-2011 15:11:33 --- INFO: Lexus RX 330 - found: 57, pass primary filters: 10, did not pass the filter by color: 4, added: 6, new vincodes: 0
30-04-2011 15:12:00 --- INFO: Lexus RX 400H - found: 37, pass primary filters: 1, did not pass the filter by color: 0, added: 1, new vincodes: 0
30-04-2011 15:12:24 --- INFO: Lexus GX 470 - found: 31, pass primary filters: 16, did not pass the filter by color: 14, added: 2, new vincodes: 0
30-04-2011 15:12:49 --- INFO: Lexus GX 470 - found: 31, pass primary filters: 13, did not pass the filter by color: 11, added: 2, new vincodes: 0
30-04-2011 15:12:55 --- INFO: Lexus LX 470 - found: 7, pass primary filters: 5, did not pass the filter by color: 4, added: 1, new vincodes: 0
30-04-2011 15:13:04 --- INFO: Lexus LX 470 - found: 11, pass primary filters: 9, did not pass the filter by color: 9, added: 0, new vincodes: 0
30-04-2011 15:13:09 --- INFO: Toyota Land Cruiser - found: 5, pass primary filters: 3, did not pass the filter by color: 3, added: 0, new vincodes: 0
30-04-2011 15:13:26 --- INFO: Honda CR-V - found: 20, pass primary filters: 2, did not pass the filter by color: 0, added: 2, new vincodes: 0
30-04-2011 15:15:27 --- INFO: Honda CR-V - found: 80, pass primary filters: 2, did not pass the filter by color: 0, added: 2, new vincodes: 0
30-04-2011 15:15:37 --- INFO: Mitsubishi Montero 4WD Limited - found: 10, pass primary filters: 0, did not pass the filter by color: 0, added: 0, new vincodes: 0
30-04-2011 15:17:18 --- INFO: Toyota 4RUNNER 4WD Limited - found: 71, pass primary filters: 30, did not pass the filter by color: 22, added: 8, new vincodes: 0
30-04-2011 15:17:35 --- INFO: Toyota RAV 4 - found: 20, pass primary filters: 4, did not pass the filter by color: 3, added: 1, new vincodes: 0
30-04-2011 15:17:50 --- INFO: Toyota Highlander 4WD - found: 20, pass primary filters: 0, did not pass the filter by color: 0, added: 0, new vincodes: 0
30-04-2011 15:19:14 --- INFO: Subaru Forester - found: 56, pass primary filters: 2, did not pass the filter by color: 0, added: 2, new vincodes: 0
30-04-2011 15:19:40 --- INFO: Nissan Rogue - found: 32, pass primary filters: 0, did not pass the filter by color: 0, added: 0, new vincodes: 0
30-04-2011 15:19:40 --- INFO: finish: 30-04-2011 15:19:40
30-04-2011 15:19:40 --- INFO: elapsed time: ~578.61 sec., memory usage: ~2.67 Mb.
30-04-2011 15:30:01 --- INFO: start: 30-04-2011 15:30:01
30-04-2011 15:30:01 --- INFO: ----------Source_Autotrader (cli)
30-04-2011 15:30:29 --- ERROR: Request returns empty result
30-04-2011 15:30:29 --- INFO: finish: 30-04-2011 15:30:29
30-04-2011 15:30:29 --- INFO: elapsed time: ~28.05 sec., memory usage: ~1.66 Mb.
30-04-2011 15:20:01 --- INFO: start: 30-04-2011 15:20:01
30-04-2011 15:20:01 --- INFO: ----------Source_Cars (cli)
30-04-2011 15:20:14 --- INFO: Lexus RX 300 - found: 13, pass primary filters: 5, did not pass the filter by color: 4, added: 1, new vincodes: 0
30-04-2011 15:21:31 --- INFO: Lexus RX 330 - found: 77, pass primary filters: 38, did not pass the filter by color: 11, added: 27, new vincodes: 0
30-04-2011 15:21:48 --- INFO: Lexus RX 400H - found: 0, pass primary filters: 0, did not pass the filter by color: 0, added: 0, new vincodes: 0
30-04-2011 15:22:02 --- INFO: Lexus GX 470 - found: 11, pass primary filters: 11, did not pass the filter by color: 7, added: 4, new vincodes: 1
30-04-2011 15:22:16 --- INFO: Lexus GX 470 - found: 12, pass primary filters: 12, did not pass the filter by color: 10, added: 2, new vincodes: 1
30-04-2011 15:22:34 --- INFO: Lexus LX 470 - found: 0, pass primary filters: 0, did not pass the filter by color: 0, added: 0, new vincodes: 0
30-04-2011 15:22:36 --- INFO: Lexus LX 470 - found: 1, pass primary filters: 1, did not pass the filter by color: 1, added: 0, new vincodes: 0
30-04-2011 15:22:54 --- INFO: Toyota Land Cruiser - found: 0, pass primary filters: 0, did not pass the filter by color: 0, added: 0, new vincodes: 0
30-04-2011 15:23:44 --- INFO: Honda CR-V - found: 53, pass primary filters: 16, did not pass the filter by color: 0, added: 16, new vincodes: 0
30-04-2011 15:24:23 --- INFO: Honda CR-V - found: 37, pass primary filters: 19, did not pass the filter by color: 0, added: 19, new vincodes: 0
30-04-2011 15:24:43 --- INFO: Mitsubishi Montero 4WD Limited - found: 22, pass primary filters: 6, did not pass the filter by color: 6, added: 0, new vincodes: 0
30-04-2011 15:33:58 --- INFO: Toyota 4RUNNER 4WD Limited - found: 600, pass primary filters: 130, did not pass the filter by color: 90, added: 40, new vincodes: 0
30-04-2011 15:34:11 --- INFO: Toyota RAV 4 - found: 13, pass primary filters: 5, did not pass the filter by color: 3, added: 2, new vincodes: 1
30-04-2011 15:34:23 --- INFO: Toyota Highlander 4WD - found: 12, pass primary filters: 0, did not pass the filter by color: 0, added: 0, new vincodes: 0
30-04-2011 15:34:57 --- INFO: Subaru Forester - found: 35, pass primary filters: 35, did not pass the filter by color: 0, added: 35, new vincodes: 0
30-04-2011 15:35:32 --- INFO: Nissan Rogue - found: 34, pass primary filters: 24, did not pass the filter by color: 0, added: 24, new vincodes: 0
30-04-2011 15:35:32 --- INFO: finish: 30-04-2011 15:35:32
30-04-2011 15:35:32 --- INFO: elapsed time: ~931.15 sec., memory usage: ~4.12 Mb.
30-04-2011 16:10:01 --- INFO: start: 30-04-2011 16:10:01
30-04-2011 16:10:01 --- INFO: ----------Source_Adesa (cli)
30-04-2011 16:10:02 --- ERROR: Unauthorized request
30-04-2011 16:10:02 --- INFO: finish: 30-04-2011 16:10:02
30-04-2011 16:10:02 --- INFO: elapsed time: ~0.4 sec., memory usage: ~1.31 Mb.
30-04-2011 16:10:01 --- INFO: start: 30-04-2011 16:10:01
30-04-2011 16:10:01 --- INFO: ----------Source_Avtobest (cli)
30-04-2011 16:10:52 --- INFO: Lexus RX 300 - found: 66, pass primary filters: 17, did not pass the filter by color: 5, added: 12, new vincodes: 0
30-04-2011 16:13:22 --- INFO: Lexus RX 330 - found: 177, pass primary filters: 58, did not pass the filter by color: 25, added: 33, new vincodes: 0
30-04-2011 16:13:44 --- INFO: Lexus RX 400H - found: 23, pass primary filters: 2, did not pass the filter by color: 1, added: 1, new vincodes: 0
30-04-2011 16:14:44 --- INFO: Lexus GX 470 - found: 60, pass primary filters: 30, did not pass the filter by color: 24, added: 6, new vincodes: 0
30-04-2011 16:16:04 --- INFO: Lexus GX 470 - found: 81, pass primary filters: 47, did not pass the filter by color: 38, added: 9, new vincodes: 1
30-04-2011 16:16:23 --- INFO: Lexus LX 470 - found: 18, pass primary filters: 14, did not pass the filter by color: 14, added: 0, new vincodes: 0
30-04-2011 16:16:45 --- INFO: Lexus LX 470 - found: 24, pass primary filters: 20, did not pass the filter by color: 17, added: 3, new vincodes: 0
30-04-2011 16:16:52 --- INFO: Toyota Land Cruiser - found: 5, pass primary filters: 3, did not pass the filter by color: 2, added: 1, new vincodes: 0
30-04-2011 16:17:43 --- INFO: Honda CR-V - found: 53, pass primary filters: 10, did not pass the filter by color: 0, added: 10, new vincodes: 0
30-04-2011 16:20:17 --- INFO: Honda CR-V - found: 172, pass primary filters: 3, did not pass the filter by color: 0, added: 3, new vincodes: 0
30-04-2011 16:21:18 --- INFO: Mitsubishi Montero 4WD Limited - found: 69, pass primary filters: 19, did not pass the filter by color: 19, added: 0, new vincodes: 0
30-04-2011 16:24:26 --- INFO: Toyota 4RUNNER 4WD Limited - found: 201, pass primary filters: 59, did not pass the filter by color: 46, added: 13, new vincodes: 0
30-04-2011 16:24:55 --- INFO: Toyota RAV 4 - found: 42, pass primary filters: 17, did not pass the filter by color: 14, added: 3, new vincodes: 0
30-04-2011 16:26:30 --- INFO: Toyota Highlander 4WD - found: 112, pass primary filters: 2, did not pass the filter by color: 1, added: 1, new vincodes: 0
30-04-2011 16:29:20 --- INFO: Subaru Forester - found: 181, pass primary filters: 15, did not pass the filter by color: 0, added: 15, new vincodes: 0
30-04-2011 16:31:21 --- INFO: Nissan Rogue - found: 134, pass primary filters: 6, did not pass the filter by color: 0, added: 6, new vincodes: 0
30-04-2011 16:31:21 --- INFO: finish: 30-04-2011 16:31:21
30-04-2011 16:31:21 --- INFO: elapsed time: ~1279.56 sec., memory usage: ~4.31 Mb.
30-04-2011 18:10:01 --- INFO: start: 30-04-2011 18:10:01
30-04-2011 18:10:01 --- INFO: ----------Source_Adesa (cli)
30-04-2011 18:10:01 --- ERROR: Unauthorized request
30-04-2011 18:10:01 --- INFO: finish: 30-04-2011 18:10:01
30-04-2011 18:10:01 --- INFO: elapsed time: ~0.52 sec., memory usage: ~1.31 Mb.
30-04-2011 18:10:01 --- INFO: start: 30-04-2011 18:10:01
30-04-2011 18:10:01 --- INFO: ----------Source_Avtobest (cli)
30-04-2011 18:10:52 --- INFO: Lexus RX 300 - found: 68, pass primary filters: 17, did not pass the filter by color: 4, added: 13, new vincodes: 0
30-04-2011 18:13:16 --- INFO: Lexus RX 330 - found: 178, pass primary filters: 58, did not pass the filter by color: 25, added: 33, new vincodes: 0
30-04-2011 18:13:41 --- INFO: Lexus RX 400H - found: 24, pass primary filters: 2, did not pass the filter by color: 1, added: 1, new vincodes: 0
30-04-2011 18:14:40 --- INFO: Lexus GX 470 - found: 60, pass primary filters: 30, did not pass the filter by color: 23, added: 7, new vincodes: 0
30-04-2011 18:16:02 --- INFO: Lexus GX 470 - found: 81, pass primary filters: 47, did not pass the filter by color: 37, added: 10, new vincodes: 0
30-04-2011 18:16:21 --- INFO: Lexus LX 470 - found: 18, pass primary filters: 13, did not pass the filter by color: 13, added: 0, new vincodes: 0
30-04-2011 18:16:43 --- INFO: Lexus LX 470 - found: 24, pass primary filters: 20, did not pass the filter by color: 17, added: 3, new vincodes: 0
30-04-2011 18:16:49 --- INFO: Toyota Land Cruiser - found: 5, pass primary filters: 3, did not pass the filter by color: 2, added: 1, new vincodes: 0
30-04-2011 18:17:42 --- INFO: Honda CR-V - found: 53, pass primary filters: 10, did not pass the filter by color: 0, added: 10, new vincodes: 0
30-04-2011 18:20:30 --- INFO: Honda CR-V - found: 172, pass primary filters: 3, did not pass the filter by color: 0, added: 3, new vincodes: 0
30-04-2011 18:21:34 --- INFO: Mitsubishi Montero 4WD Limited - found: 70, pass primary filters: 19, did not pass the filter by color: 19, added: 0, new vincodes: 0
30-04-2011 18:24:43 --- INFO: Toyota 4RUNNER 4WD Limited - found: 203, pass primary filters: 61, did not pass the filter by color: 50, added: 11, new vincodes: 0
30-04-2011 18:25:15 --- INFO: Toyota RAV 4 - found: 42, pass primary filters: 18, did not pass the filter by color: 15, added: 3, new vincodes: 0
30-04-2011 18:26:53 --- INFO: Toyota Highlander 4WD - found: 112, pass primary filters: 2, did not pass the filter by color: 1, added: 1, new vincodes: 0
30-04-2011 18:29:48 --- INFO: Subaru Forester - found: 181, pass primary filters: 15, did not pass the filter by color: 0, added: 15, new vincodes: 0
30-04-2011 18:31:56 --- INFO: Nissan Rogue - found: 134, pass primary filters: 6, did not pass the filter by color: 0, added: 6, new vincodes: 0
30-04-2011 18:31:56 --- INFO: finish: 30-04-2011 18:31:56
30-04-2011 18:31:56 --- INFO: elapsed time: ~1314.8 sec., memory usage: ~4.29 Mb.
30-04-2011 19:05:01 --- INFO: start: 30-04-2011 19:05:01
30-04-2011 19:05:01 --- INFO: ----------Source_Openlane (cli)
30-04-2011 19:05:05 --- INFO: Authorized request
30-04-2011 19:05:06 --- INFO: Lexus RX 300 - found: 4, pass primary filters: 2, did not pass the filter by color: 0, added: 2, new vincodes: 0
30-04-2011 19:05:08 --- INFO: Lexus RX 330 - found: 2, pass primary filters: 1, did not pass the filter by color: 0, added: 1, new vincodes: 0
30-04-2011 19:05:09 --- INFO: Lexus RX 400H - found: 0, pass primary filters: 0, did not pass the filter by color: 0, added: 0, new vincodes: 0
30-04-2011 19:05:10 --- INFO: Lexus GX 470 - found: 1, pass primary filters: 1, did not pass the filter by color: 1, added: 0, new vincodes: 0
30-04-2011 19:05:12 --- INFO: Lexus GX 470 - found: 6, pass primary filters: 3, did not pass the filter by color: 3, added: 0, new vincodes: 0
30-04-2011 19:05:13 --- INFO: Lexus LX 470 - found: 1, pass primary filters: 1, did not pass the filter by color: 1, added: 0, new vincodes: 0
30-04-2011 19:05:14 --- INFO: Lexus LX 470 - found: 2, pass primary filters: 2, did not pass the filter by color: 2, added: 0, new vincodes: 0
30-04-2011 19:05:15 --- INFO: Toyota Land Cruiser - found: 0, pass primary filters: 0, did not pass the filter by color: 0, added: 0, new vincodes: 0
30-04-2011 19:05:16 --- INFO: Honda CR-V - found: 0, pass primary filters: 0, did not pass the filter by color: 0, added: 0, new vincodes: 0
30-04-2011 19:05:17 --- INFO: Honda CR-V - found: 1, pass primary filters: 0, did not pass the filter by color: 0, added: 0, new vincodes: 0
30-04-2011 19:05:18 --- INFO: Mitsubishi Montero 4WD Limited - found: 0, pass primary filters: 0, did not pass the filter by color: 0, added: 0, new vincodes: 0
30-04-2011 19:05:20 --- INFO: Toyota 4RUNNER 4WD Limited - found: 3, pass primary filters: 0, did not pass the filter by color: 0, added: 0, new vincodes: 0
30-04-2011 19:05:21 --- INFO: Toyota RAV 4 - found: 0, pass primary filters: 0, did not pass the filter by color: 0, added: 0, new vincodes: 0
30-04-2011 19:05:22 --- INFO: Toyota Highlander 4WD - found: 0, pass primary filters: 0, did not pass the filter by color: 0, added: 0, new vincodes: 0
30-04-2011 19:05:23 --- INFO: Subaru Forester - found: 0, pass primary filters: 0, did not pass the filter by color: 0, added: 0, new vincodes: 0
30-04-2011 19:05:24 --- INFO: Nissan Rogue - found: 0, pass primary filters: 0, did not pass the filter by color: 0, added: 0, new vincodes: 0
30-04-2011 19:05:24 --- INFO: finish: 30-04-2011 19:05:24
30-04-2011 19:05:24 --- INFO: elapsed time: ~22.76 sec., memory usage: ~2.03 Mb.
30-04-2011 19:10:01 --- INFO: start: 30-04-2011 19:10:01
30-04-2011 19:10:01 --- INFO: ----------Source_Ebay (cli)
30-04-2011 19:10:19 --- INFO: Lexus RX 300 - found: 21, pass primary filters: 2, did not pass the filter by color: 1, added: 1, new vincodes: 0
30-04-2011 19:11:46 --- INFO: Lexus RX 330 - found: 57, pass primary filters: 10, did not pass the filter by color: 6, added: 4, new vincodes: 0
30-04-2011 19:12:14 --- INFO: Lexus RX 400H - found: 36, pass primary filters: 1, did not pass the filter by color: 0, added: 1, new vincodes: 0
30-04-2011 19:12:36 --- INFO: Lexus GX 470 - found: 32, pass primary filters: 16, did not pass the filter by color: 14, added: 2, new vincodes: 0
30-04-2011 19:12:57 --- INFO: Lexus GX 470 - found: 30, pass primary filters: 14, did not pass the filter by color: 11, added: 3, new vincodes: 1
30-04-2011 19:13:03 --- INFO: Lexus LX 470 - found: 7, pass primary filters: 5, did not pass the filter by color: 4, added: 1, new vincodes: 0
30-04-2011 19:13:12 --- INFO: Lexus LX 470 - found: 11, pass primary filters: 9, did not pass the filter by color: 9, added: 0, new vincodes: 0
30-04-2011 19:13:18 --- INFO: Toyota Land Cruiser - found: 5, pass primary filters: 3, did not pass the filter by color: 3, added: 0, new vincodes: 0
30-04-2011 19:13:35 --- INFO: Honda CR-V - found: 22, pass primary filters: 3, did not pass the filter by color: 0, added: 3, new vincodes: 1
30-04-2011 19:15:19 --- INFO: Honda CR-V - found: 77, pass primary filters: 2, did not pass the filter by color: 0, added: 2, new vincodes: 0
30-04-2011 19:15:27 --- INFO: Mitsubishi Montero 4WD Limited - found: 10, pass primary filters: 0, did not pass the filter by color: 0, added: 0, new vincodes: 0
30-04-2011 19:16:56 --- INFO: Toyota 4RUNNER 4WD Limited - found: 69, pass primary filters: 30, did not pass the filter by color: 22, added: 8, new vincodes: 0
30-04-2011 19:17:10 --- INFO: Toyota RAV 4 - found: 20, pass primary filters: 4, did not pass the filter by color: 3, added: 1, new vincodes: 0
30-04-2011 19:17:25 --- INFO: Toyota Highlander 4WD - found: 21, pass primary filters: 0, did not pass the filter by color: 0, added: 0, new vincodes: 0
30-04-2011 19:18:37 --- INFO: Subaru Forester - found: 56, pass primary filters: 2, did not pass the filter by color: 0, added: 2, new vincodes: 0
30-04-2011 19:19:00 --- INFO: Nissan Rogue - found: 32, pass primary filters: 0, did not pass the filter by color: 0, added: 0, new vincodes: 0
30-04-2011 19:19:00 --- INFO: finish: 30-04-2011 19:19:00
30-04-2011 19:19:00 --- INFO: elapsed time: ~539 sec., memory usage: ~2.71 Mb.
30-04-2011 19:30:01 --- INFO: start: 30-04-2011 19:30:01
30-04-2011 19:30:01 --- INFO: ----------Source_Autotrader (cli)
30-04-2011 19:30:29 --- ERROR: Request returns empty result
30-04-2011 19:30:29 --- INFO: finish: 30-04-2011 19:30:29
30-04-2011 19:30:29 --- INFO: elapsed time: ~28.04 sec., memory usage: ~1.66 Mb.
30-04-2011 19:20:01 --- INFO: start: 30-04-2011 19:20:01
30-04-2011 19:20:01 --- INFO: ----------Source_Cars (cli)
30-04-2011 19:20:15 --- INFO: Lexus RX 300 - found: 13, pass primary filters: 5, did not pass the filter by color: 4, added: 1, new vincodes: 0
30-04-2011 19:21:28 --- INFO: Lexus RX 330 - found: 77, pass primary filters: 38, did not pass the filter by color: 13, added: 25, new vincodes: 1
30-04-2011 19:21:43 --- INFO: Lexus RX 400H - found: 0, pass primary filters: 0, did not pass the filter by color: 0, added: 0, new vincodes: 0
30-04-2011 19:21:54 --- INFO: Lexus GX 470 - found: 11, pass primary filters: 11, did not pass the filter by color: 7, added: 4, new vincodes: 0
30-04-2011 19:22:05 --- INFO: Lexus GX 470 - found: 12, pass primary filters: 12, did not pass the filter by color: 10, added: 2, new vincodes: 0
30-04-2011 19:22:21 --- INFO: Lexus LX 470 - found: 0, pass primary filters: 0, did not pass the filter by color: 0, added: 0, new vincodes: 0
30-04-2011 19:22:24 --- INFO: Lexus LX 470 - found: 1, pass primary filters: 1, did not pass the filter by color: 1, added: 0, new vincodes: 0
30-04-2011 19:22:39 --- INFO: Toyota Land Cruiser - found: 0, pass primary filters: 0, did not pass the filter by color: 0, added: 0, new vincodes: 0
30-04-2011 19:23:30 --- INFO: Honda CR-V - found: 52, pass primary filters: 16, did not pass the filter by color: 0, added: 16, new vincodes: 0
30-04-2011 19:24:05 --- INFO: Honda CR-V - found: 38, pass primary filters: 19, did not pass the filter by color: 0, added: 19, new vincodes: 0
30-04-2011 19:24:29 --- INFO: Mitsubishi Montero 4WD Limited - found: 23, pass primary filters: 7, did not pass the filter by color: 7, added: 0, new vincodes: 1
30-04-2011 19:40:32 --- INFO: Toyota 4RUNNER 4WD Limited - found: 602, pass primary filters: 130, did not pass the filter by color: 92, added: 38, new vincodes: 4
30-04-2011 19:40:48 --- INFO: Toyota RAV 4 - found: 15, pass primary filters: 6, did not pass the filter by color: 4, added: 2, new vincodes: 1
30-04-2011 19:40:59 --- INFO: Toyota Highlander 4WD - found: 13, pass primary filters: 0, did not pass the filter by color: 0, added: 0, new vincodes: 0
30-04-2011 19:41:34 --- INFO: Subaru Forester - found: 35, pass primary filters: 36, did not pass the filter by color: 0, added: 36, new vincodes: 0
30-04-2011 19:42:05 --- INFO: Nissan Rogue - found: 35, pass primary filters: 25, did not pass the filter by color: 0, added: 25, new vincodes: 0
30-04-2011 19:42:05 --- INFO: finish: 30-04-2011 19:42:05
30-04-2011 19:42:05 --- INFO: elapsed time: ~1324.1 sec., memory usage: ~4.19 Mb.
30-04-2011 23:05:01 --- INFO: start: 30-04-2011 23:05:01
30-04-2011 23:05:01 --- INFO: ----------Source_Openlane (cli)
30-04-2011 23:05:05 --- INFO: Authorized request
30-04-2011 23:05:06 --- INFO: Lexus RX 300 - found: 4, pass primary filters: 2, did not pass the filter by color: 0, added: 2, new vincodes: 0
30-04-2011 23:05:07 --- INFO: Lexus RX 330 - found: 2, pass primary filters: 1, did not pass the filter by color: 0, added: 1, new vincodes: 0
30-04-2011 23:05:09 --- INFO: Lexus RX 400H - found: 0, pass primary filters: 0, did not pass the filter by color: 0, added: 0, new vincodes: 0
30-04-2011 23:05:10 --- INFO: Lexus GX 470 - found: 1, pass primary filters: 1, did not pass the filter by color: 1, added: 0, new vincodes: 0
30-04-2011 23:05:11 --- INFO: Lexus GX 470 - found: 6, pass primary filters: 3, did not pass the filter by color: 3, added: 0, new vincodes: 0
30-04-2011 23:05:12 --- INFO: Lexus LX 470 - found: 1, pass primary filters: 1, did not pass the filter by color: 1, added: 0, new vincodes: 0
30-04-2011 23:05:14 --- INFO: Lexus LX 470 - found: 2, pass primary filters: 2, did not pass the filter by color: 2, added: 0, new vincodes: 0
30-04-2011 23:05:15 --- INFO: Toyota Land Cruiser - found: 0, pass primary filters: 0, did not pass the filter by color: 0, added: 0, new vincodes: 0
30-04-2011 23:05:16 --- INFO: Honda CR-V - found: 0, pass primary filters: 0, did not pass the filter by color: 0, added: 0, new vincodes: 0
30-04-2011 23:05:17 --- INFO: Honda CR-V - found: 1, pass primary filters: 0, did not pass the filter by color: 0, added: 0, new vincodes: 0
30-04-2011 23:05:18 --- INFO: Mitsubishi Montero 4WD Limited - found: 0, pass primary filters: 0, did not pass the filter by color: 0, added: 0, new vincodes: 0
30-04-2011 23:05:19 --- INFO: Toyota 4RUNNER 4WD Limited - found: 3, pass primary filters: 0, did not pass the filter by color: 0, added: 0, new vincodes: 0
30-04-2011 23:05:20 --- INFO: Toyota RAV 4 - found: 0, pass primary filters: 0, did not pass the filter by color: 0, added: 0, new vincodes: 0
30-04-2011 23:05:21 --- INFO: Toyota Highlander 4WD - found: 0, pass primary filters: 0, did not pass the filter by color: 0, added: 0, new vincodes: 0
30-04-2011 23:05:22 --- INFO: Subaru Forester - found: 0, pass primary filters: 0, did not pass the filter by color: 0, added: 0, new vincodes: 0
30-04-2011 23:05:23 --- INFO: Nissan Rogue - found: 0, pass primary filters: 0, did not pass the filter by color: 0, added: 0, new vincodes: 0
30-04-2011 23:05:23 --- INFO: finish: 30-04-2011 23:05:23
30-04-2011 23:05:23 --- INFO: elapsed time: ~21.92 sec., memory usage: ~2.03 Mb.
30-04-2011 23:10:01 --- INFO: start: 30-04-2011 23:10:01
30-04-2011 23:10:01 --- INFO: ----------Source_Ebay (cli)
30-04-2011 23:10:16 --- INFO: Lexus RX 300 - found: 19, pass primary filters: 2, did not pass the filter by color: 1, added: 1, new vincodes: 0
30-04-2011 23:11:40 --- INFO: Lexus RX 330 - found: 58, pass primary filters: 10, did not pass the filter by color: 5, added: 5, new vincodes: 0
30-04-2011 23:12:07 --- INFO: Lexus RX 400H - found: 36, pass primary filters: 1, did not pass the filter by color: 0, added: 1, new vincodes: 0
30-04-2011 23:12:33 --- INFO: Lexus GX 470 - found: 31, pass primary filters: 16, did not pass the filter by color: 14, added: 2, new vincodes: 1
30-04-2011 23:12:56 --- INFO: Lexus GX 470 - found: 29, pass primary filters: 14, did not pass the filter by color: 12, added: 2, new vincodes: 0
30-04-2011 23:13:02 --- INFO: Lexus LX 470 - found: 7, pass primary filters: 5, did not pass the filter by color: 4, added: 1, new vincodes: 0
30-04-2011 23:13:13 --- INFO: Lexus LX 470 - found: 12, pass primary filters: 10, did not pass the filter by color: 10, added: 0, new vincodes: 1
30-04-2011 23:13:17 --- INFO: Toyota Land Cruiser - found: 5, pass primary filters: 3, did not pass the filter by color: 3, added: 0, new vincodes: 0
30-04-2011 23:13:35 --- INFO: Honda CR-V - found: 22, pass primary filters: 3, did not pass the filter by color: 0, added: 3, new vincodes: 0
30-04-2011 23:15:29 --- INFO: Honda CR-V - found: 76, pass primary filters: 2, did not pass the filter by color: 0, added: 2, new vincodes: 0
30-04-2011 23:15:38 --- INFO: Mitsubishi Montero 4WD Limited - found: 11, pass primary filters: 0, did not pass the filter by color: 0, added: 0, new vincodes: 0
30-04-2011 23:17:19 --- INFO: Toyota 4RUNNER 4WD Limited - found: 71, pass primary filters: 32, did not pass the filter by color: 25, added: 7, new vincodes: 0
30-04-2011 23:17:37 --- INFO: Toyota RAV 4 - found: 21, pass primary filters: 5, did not pass the filter by color: 4, added: 1, new vincodes: 1
30-04-2011 23:17:53 --- INFO: Toyota Highlander 4WD - found: 20, pass primary filters: 0, did not pass the filter by color: 0, added: 0, new vincodes: 0
30-04-2011 23:19:19 --- INFO: Subaru Forester - found: 56, pass primary filters: 2, did not pass the filter by color: 0, added: 2, new vincodes: 0
30-04-2011 23:19:44 --- INFO: Nissan Rogue - found: 32, pass primary filters: 0, did not pass the filter by color: 0, added: 0, new vincodes: 0
30-04-2011 23:19:44 --- INFO: finish: 30-04-2011 23:19:44
30-04-2011 23:19:44 --- INFO: elapsed time: ~582.5 sec., memory usage: ~2.75 Mb.
30-04-2011 23:30:01 --- INFO: start: 30-04-2011 23:30:01
30-04-2011 23:30:01 --- INFO: ----------Source_Autotrader (cli)
30-04-2011 23:30:29 --- ERROR: Request returns empty result
30-04-2011 23:30:29 --- INFO: finish: 30-04-2011 23:30:29
30-04-2011 23:30:29 --- INFO: elapsed time: ~28.05 sec., memory usage: ~1.66 Mb.
30-04-2011 23:20:01 --- INFO: start: 30-04-2011 23:20:01
30-04-2011 23:20:01 --- INFO: ----------Source_Cars (cli)
30-04-2011 23:20:13 --- INFO: Lexus RX 300 - found: 13, pass primary filters: 5, did not pass the filter by color: 4, added: 1, new vincodes: 0
30-04-2011 23:21:29 --- INFO: Lexus RX 330 - found: 79, pass primary filters: 38, did not pass the filter by color: 12, added: 26, new vincodes: 0
30-04-2011 23:21:45 --- INFO: Lexus RX 400H - found: 0, pass primary filters: 0, did not pass the filter by color: 0, added: 0, new vincodes: 0
30-04-2011 23:21:56 --- INFO: Lexus GX 470 - found: 11, pass primary filters: 11, did not pass the filter by color: 7, added: 4, new vincodes: 0
30-04-2011 23:22:08 --- INFO: Lexus GX 470 - found: 12, pass primary filters: 12, did not pass the filter by color: 10, added: 2, new vincodes: 0
30-04-2011 23:22:25 --- INFO: Lexus LX 470 - found: 0, pass primary filters: 0, did not pass the filter by color: 0, added: 0, new vincodes: 0
30-04-2011 23:22:27 --- INFO: Lexus LX 470 - found: 1, pass primary filters: 1, did not pass the filter by color: 1, added: 0, new vincodes: 0
30-04-2011 23:22:41 --- INFO: Toyota Land Cruiser - found: 0, pass primary filters: 0, did not pass the filter by color: 0, added: 0, new vincodes: 0
30-04-2011 23:23:31 --- INFO: Honda CR-V - found: 51, pass primary filters: 16, did not pass the filter by color: 0, added: 16, new vincodes: 0
30-04-2011 23:24:05 --- INFO: Honda CR-V - found: 38, pass primary filters: 19, did not pass the filter by color: 0, added: 19, new vincodes: 0
30-04-2011 23:24:27 --- INFO: Mitsubishi Montero 4WD Limited - found: 22, pass primary filters: 6, did not pass the filter by color: 6, added: 0, new vincodes: 0
30-04-2011 23:34:03 --- INFO: Toyota 4RUNNER 4WD Limited - found: 605, pass primary filters: 135, did not pass the filter by color: 93, added: 42, new vincodes: 1
30-04-2011 23:34:16 --- INFO: Toyota RAV 4 - found: 15, pass primary filters: 6, did not pass the filter by color: 4, added: 2, new vincodes: 0
30-04-2011 23:34:29 --- INFO: Toyota Highlander 4WD - found: 13, pass primary filters: 0, did not pass the filter by color: 0, added: 0, new vincodes: 0
30-04-2011 23:35:02 --- INFO: Subaru Forester - found: 34, pass primary filters: 34, did not pass the filter by color: 0, added: 34, new vincodes: 0
30-04-2011 23:35:42 --- INFO: Nissan Rogue - found: 35, pass primary filters: 25, did not pass the filter by color: 0, added: 25, new vincodes: 0
30-04-2011 23:35:42 --- INFO: finish: 30-04-2011 23:35:42
30-04-2011 23:35:42 --- INFO: elapsed time: ~941.09 sec., memory usage: ~4.15 Mb.