2011-02-03T13:52:23+00:00 INFO (6): -------------------- Exporttrader
2011-02-03T13:52:23+00:00 INFO (6): Каптча получена и записана в локальный файл
2011-02-03T13:52:24+00:00 INFO (6): Captcha::recognize() result OK|4715899
2011-02-03T13:52:44+00:00 INFO (6): Captcha::recognize() result OK|01956
2011-02-03T13:52:44+00:00 INFO (6): Каптча распознана: 01956
2011-02-03T13:52:45+00:00 INFO (6): Авторизация: запрос №1 прошел
2011-02-03T13:52:46+00:00 INFO (6): Авторизация: запрос №2 прошел
2011-02-03T13:52:46+00:00 INFO (6): Запрос авторизован
2011-02-03T13:52:52+00:00 INFO (6): Тип 1 - найдено: 77, прошли первичные фильтры: 13, не прошли фильтр по цветам: 4, добавлено: 9, новых вин-кодов: 2
2011-02-03T13:53:01+00:00 INFO (6): Тип 2 - найдено: 120, прошли первичные фильтры: 14, не прошли фильтр по цветам: 7, добавлено: 7, новых вин-кодов: 5
2011-02-03T13:53:05+00:00 INFO (6): Тип 3 - найдено: 31, прошли первичные фильтры: 4, не прошли фильтр по цветам: 2, добавлено: 2, новых вин-кодов: 1
2011-02-03T13:53:09+00:00 INFO (6): Тип 4 - найдено: 53, прошли первичные фильтры: 21, не прошли фильтр по цветам: 16, добавлено: 5, новых вин-кодов: 1
2011-02-03T13:53:23+00:00 INFO (6): Тип 5 - найдено: 48, прошли первичные фильтры: 18, не прошли фильтр по цветам: 14, добавлено: 4, новых вин-кодов: 2
2011-02-03T13:53:26+00:00 INFO (6): Тип 6 - найдено: 12, прошли первичные фильтры: 9, не прошли фильтр по цветам: 8, добавлено: 1, новых вин-кодов: 1
2011-02-03T13:53:29+00:00 INFO (6): Тип 7 - найдено: 22, прошли первичные фильтры: 12, не прошли фильтр по цветам: 11, добавлено: 1, новых вин-кодов: 2
2011-02-03T13:53:31+00:00 INFO (6): Тип 8 - найдено: 4, прошли первичные фильтры: 3, не прошли фильтр по цветам: 3, добавлено: 0, новых вин-кодов: 0
2011-02-03T13:53:35+00:00 INFO (6): Тип 9 - найдено: 63, прошли первичные фильтры: 4, не прошли фильтр по цветам: 0, добавлено: 4, новых вин-кодов: 1
2011-02-03T13:53:47+00:00 INFO (6): Тип 10 - найдено: 137, прошли первичные фильтры: 8, не прошли фильтр по цветам: 0, добавлено: 8, новых вин-кодов: 1
2011-02-03T13:53:55+00:00 INFO (6): Тип 21 - найдено: 72, прошли первичные фильтры: 4, не прошли фильтр по цветам: 4, добавлено: 0, новых вин-кодов: 0
2011-02-03T13:54:06+00:00 INFO (6): Тип 22 - найдено: 148, прошли первичные фильтры: 22, не прошли фильтр по цветам: 20, добавлено: 2, новых вин-кодов: 1
2011-02-03T13:54:16+00:00 INFO (6): Тип 23 - найдено: 67, прошли первичные фильтры: 8, не прошли фильтр по цветам: 6, добавлено: 2, новых вин-кодов: 2
2011-02-03T13:54:20+00:00 INFO (6): Тип 27 - найдено: 56, прошли первичные фильтры: 0, не прошли фильтр по цветам: 0, добавлено: 0, новых вин-кодов: 0
2011-02-03T13:54:20+00:00 INFO (6): -------------------- Adesa
2011-02-03T13:54:20+00:00 INFO (6): Авторизация: запрос №1 прошел
2011-02-03T13:54:22+00:00 INFO (6): Авторизация: запрос №2 прошел
2011-02-03T13:54:22+00:00 INFO (6): Запрос авторизован
2011-02-03T13:54:22+00:00 INFO (6): Тип 11 - найдено: 5, прошли первичные фильтры: 1, не прошли фильтр по цветам: 1, добавлено: 0, новых вин-кодов: 0
2011-02-03T13:54:23+00:00 INFO (6): Тип 12 - найдено: 5, прошли первичные фильтры: 1, не прошли фильтр по цветам: 1, добавлено: 0, новых вин-кодов: 0
2011-02-03T13:54:23+00:00 INFO (6): Тип 13 - найдено: 1, прошли первичные фильтры: 1, не прошли фильтр по цветам: 1, добавлено: 0, новых вин-кодов: 0
2011-02-03T13:54:23+00:00 INFO (6): Тип 14 - найдено: 0, прошли первичные фильтры: 0, не прошли фильтр по цветам: 0, добавлено: 0, новых вин-кодов: 0
2011-02-03T13:54:23+00:00 INFO (6): Тип 15 - найдено: 1, прошли первичные фильтры: 1, не прошли фильтр по цветам: 1, добавлено: 0, новых вин-кодов: 0
2011-02-03T13:54:24+00:00 INFO (6): Тип 16 - найдено: 2, прошли первичные фильтры: 1, не прошли фильтр по цветам: 1, добавлено: 0, новых вин-кодов: 1
2011-02-03T13:54:25+00:00 INFO (6): Тип 17 - найдено: 3, прошли первичные фильтры: 3, не прошли фильтр по цветам: 3, добавлено: 0, новых вин-кодов: 1
2011-02-03T13:54:25+00:00 INFO (6): Тип 18 - найдено: 0, прошли первичные фильтры: 0, не прошли фильтр по цветам: 0, добавлено: 0, новых вин-кодов: 0
2011-02-03T13:54:25+00:00 INFO (6): Тип 19 - найдено: 9, прошли первичные фильтры: 0, не прошли фильтр по цветам: 0, добавлено: 0, новых вин-кодов: 0
2011-02-03T13:54:25+00:00 INFO (6): Тип 20 - найдено: 22, прошли первичные фильтры: 2, не прошли фильтр по цветам: 0, добавлено: 2, новых вин-кодов: 0
2011-02-03T13:54:26+00:00 INFO (6): Тип 24 - найдено: 16, прошли первичные фильтры: 2, не прошли фильтр по цветам: 2, добавлено: 0, новых вин-кодов: 0
2011-02-03T13:54:26+00:00 INFO (6): Тип 25 - найдено: 12, прошли первичные фильтры: 2, не прошли фильтр по цветам: 2, добавлено: 0, новых вин-кодов: 0
2011-02-03T13:54:26+00:00 INFO (6): Тип 26 - найдено: 8, прошли первичные фильтры: 0, не прошли фильтр по цветам: 0, добавлено: 0, новых вин-кодов: 0
2011-02-03T13:54:26+00:00 INFO (6): Тип 28 - найдено: 12, прошли первичные фильтры: 0, не прошли фильтр по цветам: 0, добавлено: 0, новых вин-кодов: 0
2011-02-03T13:54:26+00:00 INFO (6): -------------------- Openlane
2011-02-03T13:54:30+00:00 INFO (6): Запрос авторизован
2011-02-03T13:54:31+00:00 INFO (6): Тип 43 - найдено: 1, прошли первичные фильтры: 0, не прошли фильтр по цветам: 0, добавлено: 0, новых вин-кодов: 0
2011-02-03T13:54:32+00:00 INFO (6): Тип 44 - найдено: 0, прошли первичные фильтры: 0, не прошли фильтр по цветам: 0, добавлено: 0, новых вин-кодов: 0
2011-02-03T13:54:33+00:00 INFO (6): Тип 45 - найдено: 0, прошли первичные фильтры: 0, не прошли фильтр по цветам: 0, добавлено: 0, новых вин-кодов: 0
2011-02-03T13:54:35+00:00 INFO (6): Тип 46 - найдено: 4, прошли первичные фильтры: 0, не прошли фильтр по цветам: 0, добавлено: 0, новых вин-кодов: 0
2011-02-03T13:54:36+00:00 INFO (6): Тип 47 - найдено: 3, прошли первичные фильтры: 0, не прошли фильтр по цветам: 0, добавлено: 0, новых вин-кодов: 0
2011-02-03T13:54:37+00:00 INFO (6): Тип 48 - найдено: 0, прошли первичные фильтры: 0, не прошли фильтр по цветам: 0, добавлено: 0, новых вин-кодов: 0
2011-02-03T13:54:38+00:00 INFO (6): Тип 49 - найдено: 1, прошли первичные фильтры: 0, не прошли фильтр по цветам: 0, добавлено: 0, новых вин-кодов: 0
2011-02-03T13:54:39+00:00 INFO (6): Тип 50 - найдено: 1, прошли первичные фильтры: 0, не прошли фильтр по цветам: 0, добавлено: 0, новых вин-кодов: 0
2011-02-03T13:54:40+00:00 INFO (6): Тип 51 - найдено: 0, прошли первичные фильтры: 0, не прошли фильтр по цветам: 0, добавлено: 0, новых вин-кодов: 0
2011-02-03T13:54:41+00:00 INFO (6): Тип 52 - найдено: 6, прошли первичные фильтры: 0, не прошли фильтр по цветам: 0, добавлено: 0, новых вин-кодов: 0
2011-02-03T13:54:42+00:00 INFO (6): Тип 53 - найдено: 1, прошли первичные фильтры: 0, не прошли фильтр по цветам: 0, добавлено: 0, новых вин-кодов: 0
2011-02-03T13:54:43+00:00 INFO (6): Тип 54 - найдено: 2, прошли первичные фильтры: 0, не прошли фильтр по цветам: 0, добавлено: 0, новых вин-кодов: 0
2011-02-03T13:54:44+00:00 INFO (6): Тип 55 - найдено: 0, прошли первичные фильтры: 0, не прошли фильтр по цветам: 0, добавлено: 0, новых вин-кодов: 0
2011-02-03T13:54:45+00:00 INFO (6): Тип 56 - найдено: 0, прошли первичные фильтры: 0, не прошли фильтр по цветам: 0, добавлено: 0, новых вин-кодов: 0
2011-02-03T13:54:45+00:00 INFO (6): -------------------- Ebay
2011-02-03T13:54:59+00:00 INFO (6): Тип 29 - найдено: 17, прошли первичные фильтры: 2, не прошли фильтр по цветам: 1, добавлено: 1, новых вин-кодов: 0
2011-02-03T13:55:49+00:00 INFO (6): Тип 30 - найдено: 67, прошли первичные фильтры: 1, не прошли фильтр по цветам: 0, добавлено: 1, новых вин-кодов: 0
2011-02-03T13:56:17+00:00 INFO (6): Тип 31 - найдено: 37, прошли первичные фильтры: 0, не прошли фильтр по цветам: 0, добавлено: 0, новых вин-кодов: 0
2011-02-03T13:56:40+00:00 INFO (6): Тип 32 - найдено: 30, прошли первичные фильтры: 5, не прошли фильтр по цветам: 4, добавлено: 1, новых вин-кодов: 0
2011-02-03T13:57:01+00:00 INFO (6): Тип 33 - найдено: 26, прошли первичные фильтры: 5, не прошли фильтр по цветам: 5, добавлено: 0, новых вин-кодов: 0
2011-02-03T13:57:04+00:00 INFO (6): Тип 34 - найдено: 2, прошли первичные фильтры: 2, не прошли фильтр по цветам: 2, добавлено: 0, новых вин-кодов: 0
2011-02-03T13:57:14+00:00 INFO (6): Тип 35 - найдено: 12, прошли первичные фильтры: 10, не прошли фильтр по цветам: 10, добавлено: 0, новых вин-кодов: 0
2011-02-03T13:57:18+00:00 INFO (6): Тип 36 - найдено: 5, прошли первичные фильтры: 4, не прошли фильтр по цветам: 4, добавлено: 0, новых вин-кодов: 0
2011-02-03T13:57:26+00:00 INFO (6): Тип 37 - найдено: 8, прошли первичные фильтры: 0, не прошли фильтр по цветам: 0, добавлено: 0, новых вин-кодов: 0
2011-02-03T13:57:45+00:00 INFO (6): Тип 38 - найдено: 26, прошли первичные фильтры: 3, не прошли фильтр по цветам: 0, добавлено: 3, новых вин-кодов: 0
2011-02-03T13:57:51+00:00 INFO (6): Тип 39 - найдено: 5, прошли первичные фильтры: 0, не прошли фильтр по цветам: 0, добавлено: 0, новых вин-кодов: 0
2011-02-03T13:58:37+00:00 INFO (6): Тип 40 - найдено: 62, прошли первичные фильтры: 15, не прошли фильтр по цветам: 12, добавлено: 3, новых вин-кодов: 1
2011-02-03T13:58:51+00:00 INFO (6): Тип 41 - найдено: 17, прошли первичные фильтры: 1, не прошли фильтр по цветам: 1, добавлено: 0, новых вин-кодов: 0
2011-02-03T13:59:00+00:00 INFO (6): Тип 42 - найдено: 10, прошли первичные фильтры: 0, не прошли фильтр по цветам: 0, добавлено: 0, новых вин-кодов: 0
2011-02-03T13:59:00+00:00 INFO (6): -------------------- Cars
2011-02-03T13:59:13+00:00 INFO (6): Тип 71 - найдено: 16, прошли первичные фильтры: 7, не прошли фильтр по цветам: 5, добавлено: 2, новых вин-кодов: 0
2011-02-03T14:00:11+00:00 INFO (6): Тип 72 - найдено: 70, прошли первичные фильтры: 24, не прошли фильтр по цветам: 16, добавлено: 8, новых вин-кодов: 0
2011-02-03T14:00:28+00:00 INFO (6): Тип 73 - найдено: 0, прошли первичные фильтры: 0, не прошли фильтр по цветам: 0, добавлено: 0, новых вин-кодов: 0
2011-02-03T14:00:44+00:00 INFO (6): Тип 74 - найдено: 18, прошли первичные фильтры: 18, не прошли фильтр по цветам: 17, добавлено: 1, новых вин-кодов: 0
2011-02-03T14:00:50+00:00 INFO (6): Тип 75 - найдено: 5, прошли первичные фильтры: 5, не прошли фильтр по цветам: 5, добавлено: 0, новых вин-кодов: 0
2011-02-03T14:00:52+00:00 INFO (6): Тип 76 - найдено: 1, прошли первичные фильтры: 1, не прошли фильтр по цветам: 1, добавлено: 0, новых вин-кодов: 0
2011-02-03T14:01:02+00:00 INFO (6): Тип 77 - найдено: 0, прошли первичные фильтры: 0, не прошли фильтр по цветам: 0, добавлено: 0, новых вин-кодов: 0
2011-02-03T14:01:05+00:00 INFO (6): Тип 78 - найдено: 1, прошли первичные фильтры: 1, не прошли фильтр по цветам: 1, добавлено: 0, новых вин-кодов: 0
2011-02-03T14:01:29+00:00 INFO (6): Тип 81 - найдено: 26, прошли первичные фильтры: 11, не прошли фильтр по цветам: 11, добавлено: 0, новых вин-кодов: 1
2011-02-03T14:01:42+00:00 INFO (6): Тип 83 - найдено: 15, прошли первичные фильтры: 6, не прошли фильтр по цветам: 3, добавлено: 3, новых вин-кодов: 0
2011-02-03T14:01:54+00:00 INFO (6): Тип 84 - найдено: 14, прошли первичные фильтры: 1, не прошли фильтр по цветам: 1, добавлено: 0, новых вин-кодов: 0
2011-02-03T14:01:54+00:00 INFO (6): -------------------- Autotrader
2011-02-03T14:01:56+00:00 INFO (6): Запрос авторизован
2011-02-03T14:02:07+00:00 INFO (6): Тип 57 - найдено: 26, прошли первичные фильтры: 7, не прошли фильтр по цветам: 2, добавлено: 5, новых вин-кодов: 0
2011-02-03T14:02:21+00:00 DEBUG (7): ID машины 291561721 не кэширован
2011-02-03T14:02:21+00:00 DEBUG (7): Винкод защищен
2011-02-03T14:02:21+00:00 DEBUG (7): Попытка №1
2011-02-03T14:02:21+00:00 INFO (6): Captcha::recognize() result OK|4745470
2011-02-03T14:03:28+00:00 INFO (6): Captcha::recognize() result OK|5ddd s
2011-02-03T14:03:29+00:00 DEBUG (7): Попытка №2
2011-02-03T14:03:29+00:00 INFO (6): Captcha::recognize() result OK|4749111
2011-02-03T14:03:44+00:00 INFO (6): Captcha::recognize() result OK|ndy 5p
2011-02-03T14:03:45+00:00 DEBUG (7): Попытка №3
2011-02-03T14:03:45+00:00 INFO (6): Captcha::recognize() result OK|4749805
2011-02-03T14:04:20+00:00 INFO (6): Captcha::recognize() result OK|dw 456
2011-02-03T14:04:25+00:00 DEBUG (7): ID машины 293956690 не кэширован
2011-02-03T14:04:28+00:00 DEBUG (7): ID машины 293943830 не кэширован
2011-02-03T14:04:31+00:00 DEBUG (7): ID машины 293375704 не кэширован
2011-02-03T14:04:38+00:00 DEBUG (7): ID машины 293411924 не кэширован
2011-02-03T14:04:51+00:00 INFO (6): Тип 58 - найдено: 157, прошли первичные фильтры: 21, не прошли фильтр по цветам: 13, добавлено: 8, новых вин-кодов: 0
2011-02-03T14:04:53+00:00 INFO (6): Тип 59 - найдено: 1, прошли первичные фильтры: 0, не прошли фильтр по цветам: 0, добавлено: 0, новых вин-кодов: 0
2011-02-03T14:04:58+00:00 DEBUG (7): ID машины 293957218 не кэширован
2011-02-03T14:05:05+00:00 INFO (6): Тип 60 - найдено: 27, прошли первичные фильтры: 25, не прошли фильтр по цветам: 23, добавлено: 2, новых вин-кодов: 1
2011-02-03T14:05:09+00:00 INFO (6): Тип 61 - найдено: 7, прошли первичные фильтры: 7, не прошли фильтр по цветам: 7, добавлено: 0, новых вин-кодов: 0
2011-02-03T14:05:11+00:00 INFO (6): Тип 62 - найдено: 2, прошли первичные фильтры: 2, не прошли фильтр по цветам: 2, добавлено: 0, новых вин-кодов: 0
2011-02-03T14:05:13+00:00 INFO (6): Тип 63 - найдено: 2, прошли первичные фильтры: 2, не прошли фильтр по цветам: 2, добавлено: 0, новых вин-кодов: 0
2011-02-03T14:05:14+00:00 INFO (6): Тип 64 - найдено: 1, прошли первичные фильтры: 1, не прошли фильтр по цветам: 1, добавлено: 0, новых вин-кодов: 0
2011-02-03T14:05:19+00:00 DEBUG (7): ID машины 293952676 не кэширован
2011-02-03T14:05:19+00:00 INFO (6): Тип 65 - найдено: 8, прошли первичные фильтры: 6, не прошли фильтр по цветам: 0, добавлено: 6, новых вин-кодов: 1
2011-02-03T14:30:28+00:00 INFO (6): -------------------- Exporttrader
2011-02-03T14:30:29+00:00 INFO (6): Запрос авторизован
2011-02-03T14:30:33+00:00 INFO (6): Тип 1 - найдено: 77, прошли первичные фильтры: 13, не прошли фильтр по цветам: 4, добавлено: 9, новых вин-кодов: 0
2011-02-03T14:30:39+00:00 INFO (6): Тип 2 - найдено: 120, прошли первичные фильтры: 14, не прошли фильтр по цветам: 7, добавлено: 7, новых вин-кодов: 0
2011-02-03T14:30:41+00:00 INFO (6): Тип 3 - найдено: 31, прошли первичные фильтры: 4, не прошли фильтр по цветам: 2, добавлено: 2, новых вин-кодов: 0
2011-02-03T14:30:46+00:00 INFO (6): Тип 4 - найдено: 53, прошли первичные фильтры: 21, не прошли фильтр по цветам: 16, добавлено: 5, новых вин-кодов: 0
2011-02-03T14:30:50+00:00 INFO (6): Тип 5 - найдено: 48, прошли первичные фильтры: 18, не прошли фильтр по цветам: 14, добавлено: 4, новых вин-кодов: 0
2011-02-03T14:30:51+00:00 INFO (6): Тип 6 - найдено: 12, прошли первичные фильтры: 9, не прошли фильтр по цветам: 8, добавлено: 1, новых вин-кодов: 0
2011-02-03T14:30:54+00:00 INFO (6): Тип 7 - найдено: 22, прошли первичные фильтры: 12, не прошли фильтр по цветам: 11, добавлено: 1, новых вин-кодов: 0
2011-02-03T14:30:55+00:00 INFO (6): Тип 8 - найдено: 4, прошли первичные фильтры: 3, не прошли фильтр по цветам: 3, добавлено: 0, новых вин-кодов: 0
2011-02-03T14:31:00+00:00 INFO (6): Тип 9 - найдено: 63, прошли первичные фильтры: 4, не прошли фильтр по цветам: 0, добавлено: 4, новых вин-кодов: 0
2011-02-03T14:31:08+00:00 INFO (6): Тип 10 - найдено: 137, прошли первичные фильтры: 8, не прошли фильтр по цветам: 0, добавлено: 8, новых вин-кодов: 0
2011-02-03T14:31:13+00:00 INFO (6): Тип 21 - найдено: 72, прошли первичные фильтры: 4, не прошли фильтр по цветам: 4, добавлено: 0, новых вин-кодов: 0
2011-02-03T14:31:30+00:00 INFO (6): Тип 22 - найдено: 148, прошли первичные фильтры: 22, не прошли фильтр по цветам: 20, добавлено: 2, новых вин-кодов: 0
2011-02-03T14:31:35+00:00 INFO (6): Тип 23 - найдено: 67, прошли первичные фильтры: 8, не прошли фильтр по цветам: 6, добавлено: 2, новых вин-кодов: 0
2011-02-03T14:31:38+00:00 INFO (6): Тип 27 - найдено: 56, прошли первичные фильтры: 0, не прошли фильтр по цветам: 0, добавлено: 0, новых вин-кодов: 0
2011-02-03T14:31:38+00:00 INFO (6): -------------------- Adesa
2011-02-03T14:31:40+00:00 INFO (6): Запрос авторизован
2011-02-03T14:31:40+00:00 INFO (6): Тип 11 - найдено: 5, прошли первичные фильтры: 1, не прошли фильтр по цветам: 1, добавлено: 0, новых вин-кодов: 0
2011-02-03T14:31:40+00:00 INFO (6): Тип 12 - найдено: 5, прошли первичные фильтры: 1, не прошли фильтр по цветам: 1, добавлено: 0, новых вин-кодов: 0
2011-02-03T14:31:40+00:00 INFO (6): Тип 13 - найдено: 1, прошли первичные фильтры: 1, не прошли фильтр по цветам: 1, добавлено: 0, новых вин-кодов: 0
2011-02-03T14:31:41+00:00 INFO (6): Тип 14 - найдено: 0, прошли первичные фильтры: 0, не прошли фильтр по цветам: 0, добавлено: 0, новых вин-кодов: 0
2011-02-03T14:31:41+00:00 INFO (6): Тип 15 - найдено: 1, прошли первичные фильтры: 1, не прошли фильтр по цветам: 1, добавлено: 0, новых вин-кодов: 0
2011-02-03T14:31:41+00:00 INFO (6): Тип 16 - найдено: 2, прошли первичные фильтры: 1, не прошли фильтр по цветам: 1, добавлено: 0, новых вин-кодов: 0
2011-02-03T14:31:41+00:00 INFO (6): Тип 17 - найдено: 3, прошли первичные фильтры: 3, не прошли фильтр по цветам: 3, добавлено: 0, новых вин-кодов: 0
2011-02-03T14:31:41+00:00 INFO (6): Тип 18 - найдено: 0, прошли первичные фильтры: 0, не прошли фильтр по цветам: 0, добавлено: 0, новых вин-кодов: 0
2011-02-03T14:31:42+00:00 INFO (6): Тип 19 - найдено: 9, прошли первичные фильтры: 0, не прошли фильтр по цветам: 0, добавлено: 0, новых вин-кодов: 0
2011-02-03T14:31:42+00:00 INFO (6): Тип 20 - найдено: 22, прошли первичные фильтры: 2, не прошли фильтр по цветам: 0, добавлено: 2, новых вин-кодов: 0
2011-02-03T14:31:42+00:00 INFO (6): Тип 24 - найдено: 17, прошли первичные фильтры: 2, не прошли фильтр по цветам: 2, добавлено: 0, новых вин-кодов: 0
2011-02-03T14:31:42+00:00 INFO (6): Тип 25 - найдено: 12, прошли первичные фильтры: 2, не прошли фильтр по цветам: 2, добавлено: 0, новых вин-кодов: 0
2011-02-03T14:31:43+00:00 INFO (6): Тип 26 - найдено: 9, прошли первичные фильтры: 0, не прошли фильтр по цветам: 0, добавлено: 0, новых вин-кодов: 0
2011-02-03T14:31:43+00:00 INFO (6): Тип 28 - найдено: 12, прошли первичные фильтры: 0, не прошли фильтр по цветам: 0, добавлено: 0, новых вин-кодов: 0
2011-02-03T14:31:43+00:00 INFO (6): -------------------- Openlane
2011-02-03T14:31:46+00:00 INFO (6): Запрос авторизован
2011-02-03T14:31:48+00:00 INFO (6): Тип 43 - найдено: 1, прошли первичные фильтры: 0, не прошли фильтр по цветам: 0, добавлено: 0, новых вин-кодов: 0
2011-02-03T14:31:49+00:00 INFO (6): Тип 44 - найдено: 0, прошли первичные фильтры: 0, не прошли фильтр по цветам: 0, добавлено: 0, новых вин-кодов: 0
2011-02-03T14:31:50+00:00 INFO (6): Тип 45 - найдено: 0, прошли первичные фильтры: 0, не прошли фильтр по цветам: 0, добавлено: 0, новых вин-кодов: 0
2011-02-03T14:31:51+00:00 INFO (6): Тип 46 - найдено: 4, прошли первичные фильтры: 0, не прошли фильтр по цветам: 0, добавлено: 0, новых вин-кодов: 0
2011-02-03T14:31:52+00:00 INFO (6): Тип 47 - найдено: 3, прошли первичные фильтры: 0, не прошли фильтр по цветам: 0, добавлено: 0, новых вин-кодов: 0
2011-02-03T14:31:53+00:00 INFO (6): Тип 48 - найдено: 0, прошли первичные фильтры: 0, не прошли фильтр по цветам: 0, добавлено: 0, новых вин-кодов: 0
2011-02-03T14:31:54+00:00 INFO (6): Тип 49 - найдено: 1, прошли первичные фильтры: 0, не прошли фильтр по цветам: 0, добавлено: 0, новых вин-кодов: 0
2011-02-03T14:31:55+00:00 INFO (6): Тип 50 - найдено: 1, прошли первичные фильтры: 0, не прошли фильтр по цветам: 0, добавлено: 0, новых вин-кодов: 0
2011-02-03T14:31:56+00:00 INFO (6): Тип 51 - найдено: 0, прошли первичные фильтры: 0, не прошли фильтр по цветам: 0, добавлено: 0, новых вин-кодов: 0
2011-02-03T14:31:57+00:00 INFO (6): Тип 52 - найдено: 6, прошли первичные фильтры: 0, не прошли фильтр по цветам: 0, добавлено: 0, новых вин-кодов: 0
2011-02-03T14:31:59+00:00 INFO (6): Тип 53 - найдено: 1, прошли первичные фильтры: 0, не прошли фильтр по цветам: 0, добавлено: 0, новых вин-кодов: 0
2011-02-03T14:32:00+00:00 INFO (6): Тип 54 - найдено: 2, прошли первичные фильтры: 0, не прошли фильтр по цветам: 0, добавлено: 0, новых вин-кодов: 0
2011-02-03T14:32:01+00:00 INFO (6): Тип 55 - найдено: 0, прошли первичные фильтры: 0, не прошли фильтр по цветам: 0, добавлено: 0, новых вин-кодов: 0
2011-02-03T14:32:02+00:00 INFO (6): Тип 56 - найдено: 0, прошли первичные фильтры: 0, не прошли фильтр по цветам: 0, добавлено: 0, новых вин-кодов: 0
2011-02-03T14:32:02+00:00 INFO (6): -------------------- Ebay
2011-02-03T14:32:15+00:00 INFO (6): Тип 29 - найдено: 17, прошли первичные фильтры: 2, не прошли фильтр по цветам: 1, добавлено: 1, новых вин-кодов: 0
2011-02-03T14:33:06+00:00 INFO (6): Тип 30 - найдено: 66, прошли первичные фильтры: 1, не прошли фильтр по цветам: 0, добавлено: 1, новых вин-кодов: 0
2011-02-03T14:33:32+00:00 INFO (6): Тип 31 - найдено: 35, прошли первичные фильтры: 0, не прошли фильтр по цветам: 0, добавлено: 0, новых вин-кодов: 0
2011-02-03T14:33:54+00:00 INFO (6): Тип 32 - найдено: 30, прошли первичные фильтры: 5, не прошли фильтр по цветам: 4, добавлено: 1, новых вин-кодов: 0
2011-02-03T14:34:15+00:00 INFO (6): Тип 33 - найдено: 26, прошли первичные фильтры: 5, не прошли фильтр по цветам: 5, добавлено: 0, новых вин-кодов: 0
2011-02-03T14:34:17+00:00 INFO (6): Тип 34 - найдено: 2, прошли первичные фильтры: 2, не прошли фильтр по цветам: 2, добавлено: 0, новых вин-кодов: 0
2011-02-03T14:34:28+00:00 INFO (6): Тип 35 - найдено: 12, прошли первичные фильтры: 10, не прошли фильтр по цветам: 10, добавлено: 0, новых вин-кодов: 0
2011-02-03T14:34:32+00:00 INFO (6): Тип 36 - найдено: 5, прошли первичные фильтры: 4, не прошли фильтр по цветам: 4, добавлено: 0, новых вин-кодов: 0
2011-02-03T14:34:40+00:00 INFO (6): Тип 37 - найдено: 8, прошли первичные фильтры: 0, не прошли фильтр по цветам: 0, добавлено: 0, новых вин-кодов: 0
2011-02-03T14:34:59+00:00 INFO (6): Тип 38 - найдено: 26, прошли первичные фильтры: 3, не прошли фильтр по цветам: 0, добавлено: 3, новых вин-кодов: 0
2011-02-03T14:35:04+00:00 INFO (6): Тип 39 - найдено: 5, прошли первичные фильтры: 0, не прошли фильтр по цветам: 0, добавлено: 0, новых вин-кодов: 0
2011-02-03T14:35:48+00:00 INFO (6): Тип 40 - найдено: 62, прошли первичные фильтры: 15, не прошли фильтр по цветам: 12, добавлено: 3, новых вин-кодов: 0
2011-02-03T14:36:00+00:00 INFO (6): Тип 41 - найдено: 17, прошли первичные фильтры: 1, не прошли фильтр по цветам: 1, добавлено: 0, новых вин-кодов: 0
2011-02-03T14:36:09+00:00 INFO (6): Тип 42 - найдено: 10, прошли первичные фильтры: 0, не прошли фильтр по цветам: 0, добавлено: 0, новых вин-кодов: 0
2011-02-03T14:36:09+00:00 INFO (6): -------------------- Cars
2011-02-03T14:36:22+00:00 INFO (6): Тип 71 - найдено: 16, прошли первичные фильтры: 7, не прошли фильтр по цветам: 5, добавлено: 2, новых вин-кодов: 0
2011-02-03T14:37:19+00:00 INFO (6): Тип 72 - найдено: 70, прошли первичные фильтры: 24, не прошли фильтр по цветам: 16, добавлено: 8, новых вин-кодов: 0
2011-02-03T14:37:33+00:00 INFO (6): Тип 73 - найдено: 0, прошли первичные фильтры: 0, не прошли фильтр по цветам: 0, добавлено: 0, новых вин-кодов: 0
2011-02-03T14:37:49+00:00 INFO (6): Тип 74 - найдено: 18, прошли первичные фильтры: 18, не прошли фильтр по цветам: 17, добавлено: 1, новых вин-кодов: 0
2011-02-03T14:37:54+00:00 INFO (6): Тип 75 - найдено: 5, прошли первичные фильтры: 5, не прошли фильтр по цветам: 5, добавлено: 0, новых вин-кодов: 0
2011-02-03T14:37:56+00:00 INFO (6): Тип 76 - найдено: 1, прошли первичные фильтры: 1, не прошли фильтр по цветам: 1, добавлено: 0, новых вин-кодов: 0
2011-02-03T14:38:09+00:00 INFO (6): Тип 77 - найдено: 0, прошли первичные фильтры: 0, не прошли фильтр по цветам: 0, добавлено: 0, новых вин-кодов: 0
2011-02-03T14:38:11+00:00 INFO (6): Тип 78 - найдено: 1, прошли первичные фильтры: 1, не прошли фильтр по цветам: 1, добавлено: 0, новых вин-кодов: 0
2011-02-03T14:38:32+00:00 INFO (6): Тип 81 - найдено: 26, прошли первичные фильтры: 11, не прошли фильтр по цветам: 11, добавлено: 0, новых вин-кодов: 0
2011-02-03T14:38:46+00:00 INFO (6): Тип 83 - найдено: 15, прошли первичные фильтры: 6, не прошли фильтр по цветам: 3, добавлено: 3, новых вин-кодов: 0
2011-02-03T14:38:58+00:00 INFO (6): Тип 84 - найдено: 14, прошли первичные фильтры: 1, не прошли фильтр по цветам: 1, добавлено: 0, новых вин-кодов: 0
2011-02-03T14:38:58+00:00 INFO (6): -------------------- Autotrader
2011-02-03T14:38:59+00:00 INFO (6): Запрос авторизован
2011-02-03T14:39:10+00:00 INFO (6): Тип 57 - найдено: 26, прошли первичные фильтры: 7, не прошли фильтр по цветам: 2, добавлено: 5, новых вин-кодов: 0
2011-02-03T14:40:16+00:00 INFO (6): Тип 58 - найдено: 157, прошли первичные фильтры: 31, не прошли фильтр по цветам: 18, добавлено: 13, новых вин-кодов: 0
2011-02-03T14:40:18+00:00 INFO (6): Тип 59 - найдено: 1, прошли первичные фильтры: 0, не прошли фильтр по цветам: 0, добавлено: 0, новых вин-кодов: 0
2011-02-03T14:40:31+00:00 INFO (6): Тип 60 - найдено: 27, прошли первичные фильтры: 25, не прошли фильтр по цветам: 23, добавлено: 2, новых вин-кодов: 0
2011-02-03T14:40:35+00:00 INFO (6): Тип 61 - найдено: 7, прошли первичные фильтры: 7, не прошли фильтр по цветам: 7, добавлено: 0, новых вин-кодов: 0
2011-02-03T14:40:37+00:00 INFO (6): Тип 62 - найдено: 2, прошли первичные фильтры: 2, не прошли фильтр по цветам: 2, добавлено: 0, новых вин-кодов: 0
2011-02-03T14:40:39+00:00 INFO (6): Тип 63 - найдено: 2, прошли первичные фильтры: 2, не прошли фильтр по цветам: 2, добавлено: 0, новых вин-кодов: 0
2011-02-03T14:40:41+00:00 INFO (6): Тип 64 - найдено: 1, прошли первичные фильтры: 1, не прошли фильтр по цветам: 1, добавлено: 0, новых вин-кодов: 0
2011-02-03T14:40:45+00:00 INFO (6): Тип 65 - найдено: 8, прошли первичные фильтры: 6, не прошли фильтр по цветам: 0, добавлено: 6, новых вин-кодов: 0
2011-02-03T14:40:50+00:00 DEBUG (7): ID машины 293891781 не кэширован
2011-02-03T14:40:50+00:00 DEBUG (7): Винкод защищен
2011-02-03T14:40:50+00:00 DEBUG (7): Попытка №1
2011-02-03T14:40:50+00:00 INFO (6): Captcha::recognize() result OK|4842837
2011-02-03T14:41:11+00:00 INFO (6): Captcha::recognize() result OK|ex 453
2011-02-03T14:41:15+00:00 INFO (6): -------------------- Exporttrader
2011-02-03T14:41:16+00:00 DEBUG (7): ID машины 285718891 не кэширован
2011-02-03T14:41:17+00:00 INFO (6): Запрос авторизован
2011-02-03T14:41:18+00:00 DEBUG (7): ID машины 293646398 не кэширован
2011-02-03T14:41:23+00:00 INFO (6): Тип 1 - найдено: 77, прошли первичные фильтры: 13, не прошли фильтр по цветам: 4, добавлено: 9, новых вин-кодов: 0
2011-02-03T14:41:28+00:00 INFO (6): Тип 67 - найдено: 53, прошли первичные фильтры: 17, не прошли фильтр по цветам: 11, добавлено: 6, новых вин-кодов: 0
2011-02-03T14:41:36+00:00 DEBUG (7): ID машины 293774001 не кэширован
2011-02-03T14:41:37+00:00 INFO (6): Тип 2 - найдено: 120, прошли первичные фильтры: 14, не прошли фильтр по цветам: 7, добавлено: 7, новых вин-кодов: 0
2011-02-03T14:41:41+00:00 INFO (6): Тип 3 - найдено: 31, прошли первичные фильтры: 4, не прошли фильтр по цветам: 2, добавлено: 2, новых вин-кодов: 0
2011-02-03T14:41:42+00:00 INFO (6): Тип 69 - найдено: 33, прошли первичные фильтры: 9, не прошли фильтр по цветам: 6, добавлено: 3, новых вин-кодов: 0
2011-02-03T14:41:45+00:00 INFO (6): Тип 4 - найдено: 53, прошли первичные фильтры: 21, не прошли фильтр по цветам: 16, добавлено: 5, новых вин-кодов: 0
2011-02-03T14:41:49+00:00 INFO (6): Тип 5 - найдено: 48, прошли первичные фильтры: 18, не прошли фильтр по цветам: 14, добавлено: 4, новых вин-кодов: 0
2011-02-03T14:41:50+00:00 INFO (6): Тип 6 - найдено: 12, прошли первичные фильтры: 9, не прошли фильтр по цветам: 8, добавлено: 1, новых вин-кодов: 0
2011-02-03T14:41:52+00:00 INFO (6): Тип 70 - найдено: 22, прошли первичные фильтры: 1, не прошли фильтр по цветам: 1, добавлено: 0, новых вин-кодов: 0
2011-02-03T14:41:52+00:00 INFO (6): Тип 7 - найдено: 22, прошли первичные фильтры: 12, не прошли фильтр по цветам: 11, добавлено: 1, новых вин-кодов: 0
2011-02-03T14:41:54+00:00 INFO (6): Тип 8 - найдено: 4, прошли первичные фильтры: 3, не прошли фильтр по цветам: 3, добавлено: 0, новых вин-кодов: 0
2011-02-03T14:41:59+00:00 INFO (6): Тип 9 - найдено: 63, прошли первичные фильтры: 4, не прошли фильтр по цветам: 0, добавлено: 4, новых вин-кодов: 0
2011-02-03T14:42:09+00:00 INFO (6): Тип 10 - найдено: 137, прошли первичные фильтры: 8, не прошли фильтр по цветам: 0, добавлено: 8, новых вин-кодов: 0
2011-02-03T14:42:21+00:00 INFO (6): Тип 21 - найдено: 72, прошли первичные фильтры: 4, не прошли фильтр по цветам: 4, добавлено: 0, новых вин-кодов: 0
2011-02-03T14:42:30+00:00 INFO (6): Тип 22 - найдено: 148, прошли первичные фильтры: 22, не прошли фильтр по цветам: 20, добавлено: 2, новых вин-кодов: 0
2011-02-03T14:42:35+00:00 INFO (6): Тип 23 - найдено: 67, прошли первичные фильтры: 8, не прошли фильтр по цветам: 6, добавлено: 2, новых вин-кодов: 0
2011-02-03T14:42:41+00:00 INFO (6): Тип 27 - найдено: 56, прошли первичные фильтры: 0, не прошли фильтр по цветам: 0, добавлено: 0, новых вин-кодов: 0
2011-02-03T14:42:41+00:00 INFO (6): -------------------- Adesa
2011-02-03T14:42:42+00:00 INFO (6): Запрос авторизован
2011-02-03T14:42:42+00:00 INFO (6): Тип 11 - найдено: 5, прошли первичные фильтры: 1, не прошли фильтр по цветам: 1, добавлено: 0, новых вин-кодов: 0
2011-02-03T14:42:43+00:00 INFO (6): Тип 12 - найдено: 5, прошли первичные фильтры: 1, не прошли фильтр по цветам: 1, добавлено: 0, новых вин-кодов: 0
2011-02-03T14:42:43+00:00 INFO (6): Тип 13 - найдено: 1, прошли первичные фильтры: 1, не прошли фильтр по цветам: 1, добавлено: 0, новых вин-кодов: 0
2011-02-03T14:42:43+00:00 INFO (6): Тип 14 - найдено: 0, прошли первичные фильтры: 0, не прошли фильтр по цветам: 0, добавлено: 0, новых вин-кодов: 0
2011-02-03T14:42:43+00:00 INFO (6): Тип 15 - найдено: 1, прошли первичные фильтры: 1, не прошли фильтр по цветам: 1, добавлено: 0, новых вин-кодов: 0
2011-02-03T14:42:43+00:00 INFO (6): Тип 16 - найдено: 2, прошли первичные фильтры: 1, не прошли фильтр по цветам: 1, добавлено: 0, новых вин-кодов: 0
2011-02-03T14:42:44+00:00 INFO (6): Тип 17 - найдено: 3, прошли первичные фильтры: 3, не прошли фильтр по цветам: 3, добавлено: 0, новых вин-кодов: 0
2011-02-03T14:42:44+00:00 INFO (6): Тип 18 - найдено: 0, прошли первичные фильтры: 0, не прошли фильтр по цветам: 0, добавлено: 0, новых вин-кодов: 0
2011-02-03T14:42:44+00:00 INFO (6): Тип 19 - найдено: 9, прошли первичные фильтры: 0, не прошли фильтр по цветам: 0, добавлено: 0, новых вин-кодов: 0
2011-02-03T14:42:44+00:00 INFO (6): Тип 20 - найдено: 22, прошли первичные фильтры: 2, не прошли фильтр по цветам: 0, добавлено: 2, новых вин-кодов: 0
2011-02-03T14:42:44+00:00 INFO (6): Тип 24 - найдено: 17, прошли первичные фильтры: 2, не прошли фильтр по цветам: 2, добавлено: 0, новых вин-кодов: 0
2011-02-03T14:42:45+00:00 INFO (6): Тип 25 - найдено: 12, прошли первичные фильтры: 2, не прошли фильтр по цветам: 2, добавлено: 0, новых вин-кодов: 0
2011-02-03T14:42:45+00:00 INFO (6): Тип 26 - найдено: 9, прошли первичные фильтры: 0, не прошли фильтр по цветам: 0, добавлено: 0, новых вин-кодов: 0
2011-02-03T14:42:45+00:00 INFO (6): Тип 28 - найдено: 12, прошли первичные фильтры: 0, не прошли фильтр по цветам: 0, добавлено: 0, новых вин-кодов: 0
2011-02-03T14:42:45+00:00 INFO (6): -------------------- Openlane
2011-02-03T14:42:54+00:00 INFO (6): Запрос авторизован
2011-02-03T14:42:55+00:00 INFO (6): Тип 43 - найдено: 1, прошли первичные фильтры: 0, не прошли фильтр по цветам: 0, добавлено: 0, новых вин-кодов: 0
2011-02-03T14:42:56+00:00 INFO (6): Тип 44 - найдено: 0, прошли первичные фильтры: 0, не прошли фильтр по цветам: 0, добавлено: 0, новых вин-кодов: 0
2011-02-03T14:42:57+00:00 INFO (6): Тип 45 - найдено: 0, прошли первичные фильтры: 0, не прошли фильтр по цветам: 0, добавлено: 0, новых вин-кодов: 0
2011-02-03T14:42:58+00:00 INFO (6): Тип 46 - найдено: 4, прошли первичные фильтры: 0, не прошли фильтр по цветам: 0, добавлено: 0, новых вин-кодов: 0
2011-02-03T14:42:59+00:00 INFO (6): Тип 47 - найдено: 3, прошли первичные фильтры: 0, не прошли фильтр по цветам: 0, добавлено: 0, новых вин-кодов: 0
2011-02-03T14:43:00+00:00 INFO (6): Тип 48 - найдено: 0, прошли первичные фильтры: 0, не прошли фильтр по цветам: 0, добавлено: 0, новых вин-кодов: 0
2011-02-03T14:43:01+00:00 INFO (6): Тип 49 - найдено: 1, прошли первичные фильтры: 0, не прошли фильтр по цветам: 0, добавлено: 0, новых вин-кодов: 0
2011-02-03T14:43:02+00:00 INFO (6): Тип 50 - найдено: 1, прошли первичные фильтры: 0, не прошли фильтр по цветам: 0, добавлено: 0, новых вин-кодов: 0
2011-02-03T14:43:03+00:00 INFO (6): Тип 51 - найдено: 0, прошли первичные фильтры: 0, не прошли фильтр по цветам: 0, добавлено: 0, новых вин-кодов: 0
2011-02-03T14:43:05+00:00 INFO (6): Тип 52 - найдено: 6, прошли первичные фильтры: 0, не прошли фильтр по цветам: 0, добавлено: 0, новых вин-кодов: 0
2011-02-03T14:43:06+00:00 INFO (6): Тип 53 - найдено: 1, прошли первичные фильтры: 0, не прошли фильтр по цветам: 0, добавлено: 0, новых вин-кодов: 0
2011-02-03T14:43:07+00:00 INFO (6): Тип 54 - найдено: 2, прошли первичные фильтры: 0, не прошли фильтр по цветам: 0, добавлено: 0, новых вин-кодов: 0
2011-02-03T14:43:08+00:00 INFO (6): Тип 55 - найдено: 0, прошли первичные фильтры: 0, не прошли фильтр по цветам: 0, добавлено: 0, новых вин-кодов: 0
2011-02-03T14:43:09+00:00 INFO (6): Тип 56 - найдено: 0, прошли первичные фильтры: 0, не прошли фильтр по цветам: 0, добавлено: 0, новых вин-кодов: 0
2011-02-03T14:43:09+00:00 INFO (6): -------------------- Ebay
2011-02-03T14:43:21+00:00 INFO (6): Тип 29 - найдено: 17, прошли первичные фильтры: 2, не прошли фильтр по цветам: 1, добавлено: 1, новых вин-кодов: 0
2011-02-03T14:44:11+00:00 INFO (6): Тип 30 - найдено: 66, прошли первичные фильтры: 1, не прошли фильтр по цветам: 0, добавлено: 1, новых вин-кодов: 0
2011-02-03T14:44:37+00:00 INFO (6): Тип 31 - найдено: 35, прошли первичные фильтры: 0, не прошли фильтр по цветам: 0, добавлено: 0, новых вин-кодов: 0
2011-02-03T14:44:58+00:00 INFO (6): Тип 32 - найдено: 30, прошли первичные фильтры: 5, не прошли фильтр по цветам: 4, добавлено: 1, новых вин-кодов: 0
2011-02-03T14:45:18+00:00 INFO (6): Тип 33 - найдено: 26, прошли первичные фильтры: 5, не прошли фильтр по цветам: 5, добавлено: 0, новых вин-кодов: 0
2011-02-03T14:45:20+00:00 INFO (6): Тип 34 - найдено: 2, прошли первичные фильтры: 2, не прошли фильтр по цветам: 2, добавлено: 0, новых вин-кодов: 0
2011-02-03T14:45:36+00:00 INFO (6): Тип 35 - найдено: 12, прошли первичные фильтры: 10, не прошли фильтр по цветам: 10, добавлено: 0, новых вин-кодов: 0
2011-02-03T14:45:40+00:00 INFO (6): Тип 36 - найдено: 5, прошли первичные фильтры: 4, не прошли фильтр по цветам: 4, добавлено: 0, новых вин-кодов: 0
2011-02-03T14:45:48+00:00 INFO (6): Тип 37 - найдено: 8, прошли первичные фильтры: 0, не прошли фильтр по цветам: 0, добавлено: 0, новых вин-кодов: 0
2011-02-03T14:46:08+00:00 INFO (6): Тип 38 - найдено: 26, прошли первичные фильтры: 3, не прошли фильтр по цветам: 0, добавлено: 3, новых вин-кодов: 0
2011-02-03T14:46:12+00:00 INFO (6): Тип 39 - найдено: 5, прошли первичные фильтры: 0, не прошли фильтр по цветам: 0, добавлено: 0, новых вин-кодов: 0
2011-02-03T14:46:56+00:00 INFO (6): Тип 40 - найдено: 62, прошли первичные фильтры: 15, не прошли фильтр по цветам: 12, добавлено: 3, новых вин-кодов: 0
2011-02-03T14:47:09+00:00 INFO (6): Тип 41 - найдено: 17, прошли первичные фильтры: 1, не прошли фильтр по цветам: 1, добавлено: 0, новых вин-кодов: 0
2011-02-03T14:47:17+00:00 INFO (6): Тип 42 - найдено: 10, прошли первичные фильтры: 0, не прошли фильтр по цветам: 0, добавлено: 0, новых вин-кодов: 0
2011-02-03T14:47:17+00:00 INFO (6): -------------------- Cars
2011-02-03T14:47:31+00:00 INFO (6): Тип 71 - найдено: 16, прошли первичные фильтры: 7, не прошли фильтр по цветам: 5, добавлено: 2, новых вин-кодов: 0
2011-02-03T14:48:29+00:00 INFO (6): Тип 72 - найдено: 70, прошли первичные фильтры: 24, не прошли фильтр по цветам: 16, добавлено: 8, новых вин-кодов: 0
2011-02-03T14:48:47+00:00 INFO (6): Тип 73 - найдено: 0, прошли первичные фильтры: 0, не прошли фильтр по цветам: 0, добавлено: 0, новых вин-кодов: 0
2011-02-03T14:49:02+00:00 INFO (6): Тип 74 - найдено: 18, прошли первичные фильтры: 18, не прошли фильтр по цветам: 17, добавлено: 1, новых вин-кодов: 0
2011-02-03T14:49:06+00:00 INFO (6): Тип 75 - найдено: 5, прошли первичные фильтры: 5, не прошли фильтр по цветам: 5, добавлено: 0, новых вин-кодов: 0
2011-02-03T14:49:10+00:00 INFO (6): Тип 76 - найдено: 1, прошли первичные фильтры: 1, не прошли фильтр по цветам: 1, добавлено: 0, новых вин-кодов: 0
2011-02-03T14:49:16+00:00 INFO (6): Тип 77 - найдено: 0, прошли первичные фильтры: 0, не прошли фильтр по цветам: 0, добавлено: 0, новых вин-кодов: 0
2011-02-03T14:49:19+00:00 INFO (6): Тип 78 - найдено: 1, прошли первичные фильтры: 1, не прошли фильтр по цветам: 1, добавлено: 0, новых вин-кодов: 0
2011-02-03T14:49:41+00:00 INFO (6): Тип 81 - найдено: 26, прошли первичные фильтры: 11, не прошли фильтр по цветам: 11, добавлено: 0, новых вин-кодов: 0
2011-02-03T14:49:54+00:00 INFO (6): Тип 83 - найдено: 15, прошли первичные фильтры: 6, не прошли фильтр по цветам: 3, добавлено: 3, новых вин-кодов: 0
2011-02-03T14:50:06+00:00 INFO (6): Тип 84 - найдено: 14, прошли первичные фильтры: 1, не прошли фильтр по цветам: 1, добавлено: 0, новых вин-кодов: 0
2011-02-03T14:50:06+00:00 INFO (6): -------------------- Autotrader
2011-02-03T14:50:06+00:00 INFO (6): Запрос авторизован
2011-02-03T14:50:18+00:00 INFO (6): Тип 57 - найдено: 26, прошли первичные фильтры: 7, не прошли фильтр по цветам: 2, добавлено: 5, новых вин-кодов: 0
2011-02-03T14:51:20+00:00 INFO (6): Тип 58 - найдено: 157, прошли первичные фильтры: 31, не прошли фильтр по цветам: 18, добавлено: 13, новых вин-кодов: 0
2011-02-03T14:51:22+00:00 INFO (6): Тип 59 - найдено: 1, прошли первичные фильтры: 0, не прошли фильтр по цветам: 0, добавлено: 0, новых вин-кодов: 0
2011-02-03T14:51:35+00:00 INFO (6): Тип 60 - найдено: 27, прошли первичные фильтры: 25, не прошли фильтр по цветам: 23, добавлено: 2, новых вин-кодов: 0
2011-02-03T14:51:39+00:00 INFO (6): Тип 61 - найдено: 7, прошли первичные фильтры: 7, не прошли фильтр по цветам: 7, добавлено: 0, новых вин-кодов: 0
2011-02-03T14:51:41+00:00 INFO (6): Тип 62 - найдено: 2, прошли первичные фильтры: 2, не прошли фильтр по цветам: 2, добавлено: 0, новых вин-кодов: 0
2011-02-03T14:51:43+00:00 INFO (6): Тип 63 - найдено: 2, прошли первичные фильтры: 2, не прошли фильтр по цветам: 2, добавлено: 0, новых вин-кодов: 0
2011-02-03T14:51:45+00:00 INFO (6): Тип 64 - найдено: 1, прошли первичные фильтры: 1, не прошли фильтр по цветам: 1, добавлено: 0, новых вин-кодов: 0
2011-02-03T14:51:49+00:00 INFO (6): Тип 65 - найдено: 8, прошли первичные фильтры: 6, не прошли фильтр по цветам: 0, добавлено: 6, новых вин-кодов: 0
2011-02-03T14:52:11+00:00 INFO (6): Тип 67 - найдено: 53, прошли первичные фильтры: 17, не прошли фильтр по цветам: 17, добавлено: 0, новых вин-кодов: 0
2011-02-03T14:52:25+00:00 INFO (6): Тип 69 - найдено: 33, прошли первичные фильтры: 9, не прошли фильтр по цветам: 6, добавлено: 3, новых вин-кодов: 0
2011-02-03T14:52:35+00:00 INFO (6): Тип 70 - найдено: 22, прошли первичные фильтры: 1, не прошли фильтр по цветам: 1, добавлено: 0, новых вин-кодов: 0
2011-02-03T15:10:36+00:00 INFO (6): -------------------- Exporttrader
2011-02-03T15:10:38+00:00 INFO (6): Запрос авторизован
2011-02-03T15:10:45+00:00 INFO (6): Тип 1 - найдено: 77, прошли первичные фильтры: 13, не прошли фильтр по цветам: 4, добавлено: 9, новых вин-кодов: 0
2011-02-03T15:10:52+00:00 INFO (6): Тип 2 - найдено: 120, прошли первичные фильтры: 14, не прошли фильтр по цветам: 7, добавлено: 7, новых вин-кодов: 0
2011-02-03T15:10:55+00:00 INFO (6): Тип 3 - найдено: 31, прошли первичные фильтры: 4, не прошли фильтр по цветам: 2, добавлено: 2, новых вин-кодов: 0
2011-02-03T15:11:02+00:00 INFO (6): Тип 4 - найдено: 53, прошли первичные фильтры: 21, не прошли фильтр по цветам: 16, добавлено: 5, новых вин-кодов: 0
2011-02-03T15:11:06+00:00 INFO (6): Тип 5 - найдено: 48, прошли первичные фильтры: 18, не прошли фильтр по цветам: 14, добавлено: 4, новых вин-кодов: 0
2011-02-03T15:11:08+00:00 INFO (6): Тип 6 - найдено: 12, прошли первичные фильтры: 9, не прошли фильтр по цветам: 8, добавлено: 1, новых вин-кодов: 0
2011-02-03T15:11:10+00:00 INFO (6): Тип 7 - найдено: 22, прошли первичные фильтры: 12, не прошли фильтр по цветам: 11, добавлено: 1, новых вин-кодов: 0
2011-02-03T15:11:11+00:00 INFO (6): Тип 8 - найдено: 4, прошли первичные фильтры: 3, не прошли фильтр по цветам: 3, добавлено: 0, новых вин-кодов: 0
2011-02-03T15:11:15+00:00 INFO (6): Тип 9 - найдено: 63, прошли первичные фильтры: 4, не прошли фильтр по цветам: 0, добавлено: 4, новых вин-кодов: 0
2011-02-03T15:11:22+00:00 INFO (6): Тип 10 - найдено: 137, прошли первичные фильтры: 8, не прошли фильтр по цветам: 0, добавлено: 8, новых вин-кодов: 0
2011-02-03T15:11:28+00:00 INFO (6): Тип 21 - найдено: 72, прошли первичные фильтры: 4, не прошли фильтр по цветам: 4, добавлено: 0, новых вин-кодов: 0
2011-02-03T15:11:36+00:00 INFO (6): Тип 22 - найдено: 148, прошли первичные фильтры: 22, не прошли фильтр по цветам: 20, добавлено: 2, новых вин-кодов: 0
2011-02-03T15:11:40+00:00 INFO (6): Тип 23 - найдено: 67, прошли первичные фильтры: 8, не прошли фильтр по цветам: 6, добавлено: 2, новых вин-кодов: 0
2011-02-03T15:11:43+00:00 INFO (6): Тип 27 - найдено: 56, прошли первичные фильтры: 0, не прошли фильтр по цветам: 0, добавлено: 0, новых вин-кодов: 0
2011-02-03T15:11:43+00:00 INFO (6): -------------------- Adesa
2011-02-03T15:11:45+00:00 INFO (6): Запрос авторизован
2011-02-03T15:11:45+00:00 INFO (6): Тип 11 - найдено: 5, прошли первичные фильтры: 1, не прошли фильтр по цветам: 1, добавлено: 0, новых вин-кодов: 0
2011-02-03T15:11:45+00:00 INFO (6): Тип 12 - найдено: 5, прошли первичные фильтры: 1, не прошли фильтр по цветам: 1, добавлено: 0, новых вин-кодов: 0
2011-02-03T15:11:45+00:00 INFO (6): Тип 13 - найдено: 1, прошли первичные фильтры: 1, не прошли фильтр по цветам: 1, добавлено: 0, новых вин-кодов: 0
2011-02-03T15:11:46+00:00 INFO (6): Тип 14 - найдено: 0, прошли первичные фильтры: 0, не прошли фильтр по цветам: 0, добавлено: 0, новых вин-кодов: 0
2011-02-03T15:11:46+00:00 INFO (6): Тип 15 - найдено: 1, прошли первичные фильтры: 1, не прошли фильтр по цветам: 1, добавлено: 0, новых вин-кодов: 0
2011-02-03T15:11:46+00:00 INFO (6): Тип 16 - найдено: 2, прошли первичные фильтры: 1, не прошли фильтр по цветам: 1, добавлено: 0, новых вин-кодов: 0
2011-02-03T15:11:46+00:00 INFO (6): Тип 17 - найдено: 3, прошли первичные фильтры: 3, не прошли фильтр по цветам: 3, добавлено: 0, новых вин-кодов: 0
2011-02-03T15:11:46+00:00 INFO (6): Тип 18 - найдено: 0, прошли первичные фильтры: 0, не прошли фильтр по цветам: 0, добавлено: 0, новых вин-кодов: 0
2011-02-03T15:11:47+00:00 INFO (6): Тип 19 - найдено: 9, прошли первичные фильтры: 0, не прошли фильтр по цветам: 0, добавлено: 0, новых вин-кодов: 0
2011-02-03T15:11:47+00:00 INFO (6): Тип 20 - найдено: 25, прошли первичные фильтры: 2, не прошли фильтр по цветам: 0, добавлено: 2, новых вин-кодов: 0
2011-02-03T15:11:47+00:00 INFO (6): Тип 24 - найдено: 17, прошли первичные фильтры: 2, не прошли фильтр по цветам: 2, добавлено: 0, новых вин-кодов: 0
2011-02-03T15:11:47+00:00 INFO (6): Тип 25 - найдено: 14, прошли первичные фильтры: 2, не прошли фильтр по цветам: 2, добавлено: 0, новых вин-кодов: 0
2011-02-03T15:11:48+00:00 INFO (6): Тип 26 - найдено: 9, прошли первичные фильтры: 0, не прошли фильтр по цветам: 0, добавлено: 0, новых вин-кодов: 0
2011-02-03T15:11:48+00:00 INFO (6): Тип 28 - найдено: 12, прошли первичные фильтры: 0, не прошли фильтр по цветам: 0, добавлено: 0, новых вин-кодов: 0
2011-02-03T15:11:48+00:00 INFO (6): -------------------- Openlane
2011-02-03T15:11:51+00:00 INFO (6): Запрос авторизован
2011-02-03T15:11:53+00:00 INFO (6): Тип 43 - найдено: 1, прошли первичные фильтры: 0, не прошли фильтр по цветам: 0, добавлено: 0, новых вин-кодов: 0
2011-02-03T15:11:54+00:00 INFO (6): Тип 44 - найдено: 0, прошли первичные фильтры: 0, не прошли фильтр по цветам: 0, добавлено: 0, новых вин-кодов: 0
2011-02-03T15:11:55+00:00 INFO (6): Тип 45 - найдено: 0, прошли первичные фильтры: 0, не прошли фильтр по цветам: 0, добавлено: 0, новых вин-кодов: 0
2011-02-03T15:11:56+00:00 INFO (6): Тип 46 - найдено: 4, прошли первичные фильтры: 0, не прошли фильтр по цветам: 0, добавлено: 0, новых вин-кодов: 0
2011-02-03T15:11:57+00:00 INFO (6): Тип 47 - найдено: 3, прошли первичные фильтры: 0, не прошли фильтр по цветам: 0, добавлено: 0, новых вин-кодов: 0
2011-02-03T15:11:58+00:00 INFO (6): Тип 48 - найдено: 0, прошли первичные фильтры: 0, не прошли фильтр по цветам: 0, добавлено: 0, новых вин-кодов: 0
2011-02-03T15:11:59+00:00 INFO (6): Тип 49 - найдено: 1, прошли первичные фильтры: 0, не прошли фильтр по цветам: 0, добавлено: 0, новых вин-кодов: 0
2011-02-03T15:12:00+00:00 INFO (6): Тип 50 - найдено: 1, прошли первичные фильтры: 0, не прошли фильтр по цветам: 0, добавлено: 0, новых вин-кодов: 0
2011-02-03T15:12:01+00:00 INFO (6): Тип 51 - найдено: 0, прошли первичные фильтры: 0, не прошли фильтр по цветам: 0, добавлено: 0, новых вин-кодов: 0
2011-02-03T15:12:02+00:00 INFO (6): Тип 52 - найдено: 6, прошли первичные фильтры: 0, не прошли фильтр по цветам: 0, добавлено: 0, новых вин-кодов: 0
2011-02-03T15:12:03+00:00 INFO (6): Тип 53 - найдено: 1, прошли первичные фильтры: 0, не прошли фильтр по цветам: 0, добавлено: 0, новых вин-кодов: 0
2011-02-03T15:12:04+00:00 INFO (6): Тип 54 - найдено: 2, прошли первичные фильтры: 0, не прошли фильтр по цветам: 0, добавлено: 0, новых вин-кодов: 0
2011-02-03T15:12:05+00:00 INFO (6): Тип 55 - найдено: 0, прошли первичные фильтры: 0, не прошли фильтр по цветам: 0, добавлено: 0, новых вин-кодов: 0
2011-02-03T15:12:06+00:00 INFO (6): Тип 56 - найдено: 0, прошли первичные фильтры: 0, не прошли фильтр по цветам: 0, добавлено: 0, новых вин-кодов: 0
2011-02-03T15:12:07+00:00 INFO (6): -------------------- Ebay
2011-02-03T15:12:20+00:00 INFO (6): Тип 29 - найдено: 18, прошли первичные фильтры: 3, не прошли фильтр по цветам: 1, добавлено: 2, новых вин-кодов: 0
2011-02-03T15:13:07+00:00 INFO (6): Тип 30 - найдено: 66, прошли первичные фильтры: 1, не прошли фильтр по цветам: 0, добавлено: 1, новых вин-кодов: 0
2011-02-03T15:13:32+00:00 INFO (6): Тип 31 - найдено: 35, прошли первичные фильтры: 0, не прошли фильтр по цветам: 0, добавлено: 0, новых вин-кодов: 0
2011-02-03T15:13:53+00:00 INFO (6): Тип 32 - найдено: 30, прошли первичные фильтры: 5, не прошли фильтр по цветам: 4, добавлено: 1, новых вин-кодов: 0
2011-02-03T15:14:14+00:00 INFO (6): Тип 33 - найдено: 27, прошли первичные фильтры: 5, не прошли фильтр по цветам: 5, добавлено: 0, новых вин-кодов: 0
2011-02-03T15:14:16+00:00 INFO (6): Тип 34 - найдено: 2, прошли первичные фильтры: 2, не прошли фильтр по цветам: 2, добавлено: 0, новых вин-кодов: 0
2011-02-03T15:14:27+00:00 INFO (6): Тип 35 - найдено: 12, прошли первичные фильтры: 10, не прошли фильтр по цветам: 10, добавлено: 0, новых вин-кодов: 0
2011-02-03T15:14:32+00:00 INFO (6): Тип 36 - найдено: 5, прошли первичные фильтры: 4, не прошли фильтр по цветам: 4, добавлено: 0, новых вин-кодов: 0
2011-02-03T15:14:38+00:00 INFO (6): Тип 37 - найдено: 8, прошли первичные фильтры: 0, не прошли фильтр по цветам: 0, добавлено: 0, новых вин-кодов: 0
2011-02-03T15:14:59+00:00 INFO (6): Тип 38 - найдено: 26, прошли первичные фильтры: 3, не прошли фильтр по цветам: 0, добавлено: 3, новых вин-кодов: 0
2011-02-03T15:15:04+00:00 INFO (6): Тип 39 - найдено: 5, прошли первичные фильтры: 0, не прошли фильтр по цветам: 0, добавлено: 0, новых вин-кодов: 0
2011-02-03T15:15:46+00:00 INFO (6): Тип 40 - найдено: 62, прошли первичные фильтры: 15, не прошли фильтр по цветам: 12, добавлено: 3, новых вин-кодов: 0
2011-02-03T15:15:59+00:00 INFO (6): Тип 41 - найдено: 17, прошли первичные фильтры: 1, не прошли фильтр по цветам: 1, добавлено: 0, новых вин-кодов: 0
2011-02-03T15:16:07+00:00 INFO (6): Тип 42 - найдено: 10, прошли первичные фильтры: 0, не прошли фильтр по цветам: 0, добавлено: 0, новых вин-кодов: 0
2011-02-03T15:16:07+00:00 INFO (6): -------------------- Cars
2011-02-03T15:16:21+00:00 INFO (6): Тип 71 - найдено: 16, прошли первичные фильтры: 7, не прошли фильтр по цветам: 5, добавлено: 2, новых вин-кодов: 0
2011-02-03T15:17:22+00:00 INFO (6): Тип 72 - найдено: 70, прошли первичные фильтры: 24, не прошли фильтр по цветам: 16, добавлено: 8, новых вин-кодов: 0
2011-02-03T15:17:35+00:00 INFO (6): Тип 73 - найдено: 0, прошли первичные фильтры: 0, не прошли фильтр по цветам: 0, добавлено: 0, новых вин-кодов: 0
2011-02-03T15:17:52+00:00 INFO (6): Тип 74 - найдено: 18, прошли первичные фильтры: 18, не прошли фильтр по цветам: 17, добавлено: 1, новых вин-кодов: 0
2011-02-03T15:17:58+00:00 INFO (6): Тип 75 - найдено: 5, прошли первичные фильтры: 5, не прошли фильтр по цветам: 5, добавлено: 0, новых вин-кодов: 0
2011-02-03T15:18:00+00:00 INFO (6): Тип 76 - найдено: 1, прошли первичные фильтры: 1, не прошли фильтр по цветам: 1, добавлено: 0, новых вин-кодов: 0
2011-02-03T15:18:11+00:00 INFO (6): Тип 77 - найдено: 0, прошли первичные фильтры: 0, не прошли фильтр по цветам: 0, добавлено: 0, новых вин-кодов: 0
2011-02-03T15:18:13+00:00 INFO (6): Тип 78 - найдено: 1, прошли первичные фильтры: 1, не прошли фильтр по цветам: 1, добавлено: 0, новых вин-кодов: 0
2011-02-03T15:18:36+00:00 INFO (6): Тип 81 - найдено: 26, прошли первичные фильтры: 11, не прошли фильтр по цветам: 11, добавлено: 0, новых вин-кодов: 0
2011-02-03T15:18:49+00:00 INFO (6): Тип 83 - найдено: 15, прошли первичные фильтры: 6, не прошли фильтр по цветам: 3, добавлено: 3, новых вин-кодов: 0
2011-02-03T15:19:02+00:00 INFO (6): Тип 84 - найдено: 14, прошли первичные фильтры: 1, не прошли фильтр по цветам: 1, добавлено: 0, новых вин-кодов: 0
2011-02-03T15:19:02+00:00 INFO (6): -------------------- Autotrader
2011-02-03T15:19:02+00:00 INFO (6): Запрос авторизован
2011-02-03T15:19:13+00:00 INFO (6): Тип 57 - найдено: 26, прошли первичные фильтры: 7, не прошли фильтр по цветам: 2, добавлено: 5, новых вин-кодов: 0
2011-02-03T15:20:16+00:00 INFO (6): Тип 58 - найдено: 157, прошли первичные фильтры: 31, не прошли фильтр по цветам: 18, добавлено: 13, новых вин-кодов: 0
2011-02-03T15:20:18+00:00 INFO (6): Тип 59 - найдено: 1, прошли первичные фильтры: 0, не прошли фильтр по цветам: 0, добавлено: 0, новых вин-кодов: 0
2011-02-03T15:20:30+00:00 INFO (6): Тип 60 - найдено: 27, прошли первичные фильтры: 25, не прошли фильтр по цветам: 23, добавлено: 2, новых вин-кодов: 0
2011-02-03T15:20:35+00:00 INFO (6): Тип 61 - найдено: 7, прошли первичные фильтры: 7, не прошли фильтр по цветам: 7, добавлено: 0, новых вин-кодов: 0
2011-02-03T15:20:37+00:00 INFO (6): Тип 62 - найдено: 2, прошли первичные фильтры: 2, не прошли фильтр по цветам: 2, добавлено: 0, новых вин-кодов: 0
2011-02-03T15:20:39+00:00 INFO (6): Тип 63 - найдено: 2, прошли первичные фильтры: 2, не прошли фильтр по цветам: 2, добавлено: 0, новых вин-кодов: 0
2011-02-03T15:20:41+00:00 INFO (6): Тип 64 - найдено: 1, прошли первичные фильтры: 1, не прошли фильтр по цветам: 1, добавлено: 0, новых вин-кодов: 0
2011-02-03T15:20:46+00:00 DEBUG (7): ID машины 293984326 не кэширован
2011-02-03T15:20:46+00:00 INFO (6): Тип 65 - найдено: 9, прошли первичные фильтры: 7, не прошли фильтр по цветам: 0, добавлено: 7, новых вин-кодов: 1
2011-02-03T15:21:08+00:00 INFO (6): Тип 67 - найдено: 53, прошли первичные фильтры: 17, не прошли фильтр по цветам: 17, добавлено: 0, новых вин-кодов: 0
2011-02-03T15:21:21+00:00 INFO (6): Тип 69 - найдено: 33, прошли первичные фильтры: 9, не прошли фильтр по цветам: 6, добавлено: 3, новых вин-кодов: 0
2011-02-03T15:21:31+00:00 INFO (6): Тип 70 - найдено: 22, прошли первичные фильтры: 1, не прошли фильтр по цветам: 1, добавлено: 0, новых вин-кодов: 0
2011-02-03T15:46:02+00:00 INFO (6): -------------------- Exporttrader
2011-02-03T15:46:03+00:00 INFO (6): Запрос авторизован
2011-02-03T15:46:07+00:00 INFO (6): Тип 1 - найдено: 77, прошли первичные фильтры: 13, не прошли фильтр по цветам: 4, добавлено: 9, новых вин-кодов: 0
2011-02-03T15:46:18+00:00 INFO (6): Тип 2 - найдено: 120, прошли первичные фильтры: 14, не прошли фильтр по цветам: 7, добавлено: 7, новых вин-кодов: 0
2011-02-03T15:46:22+00:00 INFO (6): Тип 3 - найдено: 31, прошли первичные фильтры: 4, не прошли фильтр по цветам: 2, добавлено: 2, новых вин-кодов: 0
2011-02-03T15:46:25+00:00 INFO (6): Тип 4 - найдено: 53, прошли первичные фильтры: 21, не прошли фильтр по цветам: 16, добавлено: 5, новых вин-кодов: 0
2011-02-03T15:46:28+00:00 INFO (6): Тип 5 - найдено: 48, прошли первичные фильтры: 18, не прошли фильтр по цветам: 14, добавлено: 4, новых вин-кодов: 0
2011-02-03T15:46:30+00:00 INFO (6): Тип 6 - найдено: 12, прошли первичные фильтры: 9, не прошли фильтр по цветам: 8, добавлено: 1, новых вин-кодов: 0
2011-02-03T15:46:32+00:00 INFO (6): Тип 7 - найдено: 22, прошли первичные фильтры: 12, не прошли фильтр по цветам: 11, добавлено: 1, новых вин-кодов: 0
2011-02-03T15:46:33+00:00 INFO (6): Тип 8 - найдено: 4, прошли первичные фильтры: 3, не прошли фильтр по цветам: 3, добавлено: 0, новых вин-кодов: 0
2011-02-03T15:46:37+00:00 INFO (6): Тип 9 - найдено: 60, прошли первичные фильтры: 4, не прошли фильтр по цветам: 0, добавлено: 4, новых вин-кодов: 0
2011-02-03T15:46:45+00:00 INFO (6): Тип 10 - найдено: 141, прошли первичные фильтры: 8, не прошли фильтр по цветам: 0, добавлено: 8, новых вин-кодов: 0
2011-02-03T15:46:50+00:00 INFO (6): Тип 21 - найдено: 72, прошли первичные фильтры: 4, не прошли фильтр по цветам: 4, добавлено: 0, новых вин-кодов: 0
2011-02-03T15:46:58+00:00 INFO (6): Тип 22 - найдено: 147, прошли первичные фильтры: 22, не прошли фильтр по цветам: 20, добавлено: 2, новых вин-кодов: 0
2011-02-03T15:47:04+00:00 INFO (6): Тип 23 - найдено: 66, прошли первичные фильтры: 8, не прошли фильтр по цветам: 6, добавлено: 2, новых вин-кодов: 0
2011-02-03T15:47:09+00:00 INFO (6): Тип 27 - найдено: 56, прошли первичные фильтры: 0, не прошли фильтр по цветам: 0, добавлено: 0, новых вин-кодов: 0
2011-02-03T15:47:09+00:00 INFO (6): -------------------- Adesa
2011-02-03T15:47:10+00:00 INFO (6): Запрос авторизован
2011-02-03T15:47:11+00:00 INFO (6): Тип 11 - найдено: 5, прошли первичные фильтры: 1, не прошли фильтр по цветам: 1, добавлено: 0, новых вин-кодов: 0
2011-02-03T15:47:11+00:00 INFO (6): Тип 12 - найдено: 5, прошли первичные фильтры: 1, не прошли фильтр по цветам: 1, добавлено: 0, новых вин-кодов: 0
2011-02-03T15:47:11+00:00 INFO (6): Тип 13 - найдено: 1, прошли первичные фильтры: 1, не прошли фильтр по цветам: 1, добавлено: 0, новых вин-кодов: 0
2011-02-03T15:47:11+00:00 INFO (6): Тип 14 - найдено: 0, прошли первичные фильтры: 0, не прошли фильтр по цветам: 0, добавлено: 0, новых вин-кодов: 0
2011-02-03T15:47:11+00:00 INFO (6): Тип 15 - найдено: 1, прошли первичные фильтры: 1, не прошли фильтр по цветам: 1, добавлено: 0, новых вин-кодов: 0
2011-02-03T15:47:11+00:00 INFO (6): Тип 16 - найдено: 2, прошли первичные фильтры: 1, не прошли фильтр по цветам: 1, добавлено: 0, новых вин-кодов: 0
2011-02-03T15:47:12+00:00 INFO (6): Тип 17 - найдено: 3, прошли первичные фильтры: 3, не прошли фильтр по цветам: 3, добавлено: 0, новых вин-кодов: 0
2011-02-03T15:47:12+00:00 INFO (6): Тип 18 - найдено: 0, прошли первичные фильтры: 0, не прошли фильтр по цветам: 0, добавлено: 0, новых вин-кодов: 0
2011-02-03T15:47:12+00:00 INFO (6): Тип 19 - найдено: 9, прошли первичные фильтры: 0, не прошли фильтр по цветам: 0, добавлено: 0, новых вин-кодов: 0
2011-02-03T15:47:12+00:00 INFO (6): Тип 20 - найдено: 25, прошли первичные фильтры: 2, не прошли фильтр по цветам: 0, добавлено: 2, новых вин-кодов: 0
2011-02-03T15:47:13+00:00 INFO (6): Тип 24 - найдено: 17, прошли первичные фильтры: 2, не прошли фильтр по цветам: 2, добавлено: 0, новых вин-кодов: 0
2011-02-03T15:47:15+00:00 INFO (6): Тип 25 - найдено: 14, прошли первичные фильтры: 3, не прошли фильтр по цветам: 3, добавлено: 0, новых вин-кодов: 1
2011-02-03T15:47:15+00:00 INFO (6): Тип 26 - найдено: 9, прошли первичные фильтры: 0, не прошли фильтр по цветам: 0, добавлено: 0, новых вин-кодов: 0
2011-02-03T15:47:15+00:00 INFO (6): Тип 28 - найдено: 12, прошли первичные фильтры: 0, не прошли фильтр по цветам: 0, добавлено: 0, новых вин-кодов: 0
2011-02-03T15:47:15+00:00 INFO (6): -------------------- Openlane
2011-02-03T15:47:19+00:00 INFO (6): Запрос авторизован
2011-02-03T15:47:20+00:00 INFO (6): Тип 43 - найдено: 1, прошли первичные фильтры: 0, не прошли фильтр по цветам: 0, добавлено: 0, новых вин-кодов: 0
2011-02-03T15:47:22+00:00 INFO (6): Тип 44 - найдено: 0, прошли первичные фильтры: 0, не прошли фильтр по цветам: 0, добавлено: 0, новых вин-кодов: 0
2011-02-03T15:47:23+00:00 INFO (6): Тип 45 - найдено: 0, прошли первичные фильтры: 0, не прошли фильтр по цветам: 0, добавлено: 0, новых вин-кодов: 0
2011-02-03T15:47:24+00:00 INFO (6): Тип 46 - найдено: 4, прошли первичные фильтры: 0, не прошли фильтр по цветам: 0, добавлено: 0, новых вин-кодов: 0
2011-02-03T15:47:25+00:00 INFO (6): Тип 47 - найдено: 3, прошли первичные фильтры: 0, не прошли фильтр по цветам: 0, добавлено: 0, новых вин-кодов: 0
2011-02-03T15:47:26+00:00 INFO (6): Тип 48 - найдено: 0, прошли первичные фильтры: 0, не прошли фильтр по цветам: 0, добавлено: 0, новых вин-кодов: 0
2011-02-03T15:47:27+00:00 INFO (6): Тип 49 - найдено: 1, прошли первичные фильтры: 0, не прошли фильтр по цветам: 0, добавлено: 0, новых вин-кодов: 0
2011-02-03T15:47:28+00:00 INFO (6): Тип 50 - найдено: 1, прошли первичные фильтры: 0, не прошли фильтр по цветам: 0, добавлено: 0, новых вин-кодов: 0
2011-02-03T15:47:29+00:00 INFO (6): Тип 51 - найдено: 0, прошли первичные фильтры: 0, не прошли фильтр по цветам: 0, добавлено: 0, новых вин-кодов: 0
2011-02-03T15:47:30+00:00 INFO (6): Тип 52 - найдено: 6, прошли первичные фильтры: 0, не прошли фильтр по цветам: 0, добавлено: 0, новых вин-кодов: 0
2011-02-03T15:47:32+00:00 INFO (6): Тип 53 - найдено: 1, прошли первичные фильтры: 0, не прошли фильтр по цветам: 0, добавлено: 0, новых вин-кодов: 0
2011-02-03T15:47:33+00:00 INFO (6): Тип 54 - найдено: 2, прошли первичные фильтры: 0, не прошли фильтр по цветам: 0, добавлено: 0, новых вин-кодов: 0
2011-02-03T15:47:34+00:00 INFO (6): Тип 55 - найдено: 0, прошли первичные фильтры: 0, не прошли фильтр по цветам: 0, добавлено: 0, новых вин-кодов: 0
2011-02-03T15:47:35+00:00 INFO (6): Тип 56 - найдено: 0, прошли первичные фильтры: 0, не прошли фильтр по цветам: 0, добавлено: 0, новых вин-кодов: 0
2011-02-03T15:47:35+00:00 INFO (6): -------------------- Ebay
2011-02-03T15:47:47+00:00 INFO (6): Тип 29 - найдено: 18, прошли первичные фильтры: 3, не прошли фильтр по цветам: 1, добавлено: 2, новых вин-кодов: 0
2011-02-03T15:48:37+00:00 INFO (6): Тип 30 - найдено: 66, прошли первичные фильтры: 1, не прошли фильтр по цветам: 0, добавлено: 1, новых вин-кодов: 0
2011-02-03T15:49:03+00:00 INFO (6): Тип 31 - найдено: 35, прошли первичные фильтры: 0, не прошли фильтр по цветам: 0, добавлено: 0, новых вин-кодов: 0
2011-02-03T15:49:25+00:00 INFO (6): Тип 32 - найдено: 29, прошли первичные фильтры: 5, не прошли фильтр по цветам: 4, добавлено: 1, новых вин-кодов: 0
2011-02-03T15:49:45+00:00 INFO (6): Тип 33 - найдено: 27, прошли первичные фильтры: 5, не прошли фильтр по цветам: 5, добавлено: 0, новых вин-кодов: 0
2011-02-03T15:49:47+00:00 INFO (6): Тип 34 - найдено: 2, прошли первичные фильтры: 2, не прошли фильтр по цветам: 2, добавлено: 0, новых вин-кодов: 0
2011-02-03T15:49:59+00:00 INFO (6): Тип 35 - найдено: 12, прошли первичные фильтры: 10, не прошли фильтр по цветам: 10, добавлено: 0, новых вин-кодов: 0
2011-02-03T15:50:03+00:00 INFO (6): Тип 36 - найдено: 5, прошли первичные фильтры: 4, не прошли фильтр по цветам: 4, добавлено: 0, новых вин-кодов: 0
2011-02-03T15:50:10+00:00 INFO (6): Тип 37 - найдено: 8, прошли первичные фильтры: 0, не прошли фильтр по цветам: 0, добавлено: 0, новых вин-кодов: 0
2011-02-03T15:50:30+00:00 INFO (6): Тип 38 - найдено: 26, прошли первичные фильтры: 3, не прошли фильтр по цветам: 0, добавлено: 3, новых вин-кодов: 0
2011-02-03T15:50:35+00:00 INFO (6): Тип 39 - найдено: 5, прошли первичные фильтры: 0, не прошли фильтр по цветам: 0, добавлено: 0, новых вин-кодов: 0
2011-02-03T15:51:19+00:00 INFO (6): Тип 40 - найдено: 62, прошли первичные фильтры: 15, не прошли фильтр по цветам: 12, добавлено: 3, новых вин-кодов: 0
2011-02-03T15:51:32+00:00 INFO (6): Тип 41 - найдено: 17, прошли первичные фильтры: 1, не прошли фильтр по цветам: 1, добавлено: 0, новых вин-кодов: 0
2011-02-03T15:51:40+00:00 INFO (6): Тип 42 - найдено: 10, прошли первичные фильтры: 0, не прошли фильтр по цветам: 0, добавлено: 0, новых вин-кодов: 0
2011-02-03T15:51:40+00:00 INFO (6): -------------------- Cars
2011-02-03T15:51:53+00:00 INFO (6): Тип 71 - найдено: 16, прошли первичные фильтры: 7, не прошли фильтр по цветам: 5, добавлено: 2, новых вин-кодов: 0
2011-02-03T15:53:03+00:00 INFO (6): Тип 72 - найдено: 69, прошли первичные фильтры: 23, не прошли фильтр по цветам: 15, добавлено: 8, новых вин-кодов: 0
2011-02-03T15:53:20+00:00 INFO (6): Тип 73 - найдено: 0, прошли первичные фильтры: 0, не прошли фильтр по цветам: 0, добавлено: 0, новых вин-кодов: 0
2011-02-03T15:53:36+00:00 INFO (6): Тип 74 - найдено: 18, прошли первичные фильтры: 18, не прошли фильтр по цветам: 17, добавлено: 1, новых вин-кодов: 0
2011-02-03T15:53:41+00:00 INFO (6): Тип 75 - найдено: 5, прошли первичные фильтры: 5, не прошли фильтр по цветам: 5, добавлено: 0, новых вин-кодов: 0
2011-02-03T15:53:44+00:00 INFO (6): Тип 76 - найдено: 1, прошли первичные фильтры: 1, не прошли фильтр по цветам: 1, добавлено: 0, новых вин-кодов: 0
2011-02-03T15:53:57+00:00 INFO (6): Тип 77 - найдено: 0, прошли первичные фильтры: 0, не прошли фильтр по цветам: 0, добавлено: 0, новых вин-кодов: 0
2011-02-03T15:53:59+00:00 INFO (6): Тип 78 - найдено: 1, прошли первичные фильтры: 1, не прошли фильтр по цветам: 1, добавлено: 0, новых вин-кодов: 0
2011-02-03T15:54:22+00:00 INFO (6): Тип 81 - найдено: 26, прошли первичные фильтры: 11, не прошли фильтр по цветам: 11, добавлено: 0, новых вин-кодов: 0
2011-02-03T15:54:36+00:00 INFO (6): Тип 83 - найдено: 15, прошли первичные фильтры: 6, не прошли фильтр по цветам: 3, добавлено: 3, новых вин-кодов: 0
2011-02-03T15:54:48+00:00 INFO (6): Тип 84 - найдено: 14, прошли первичные фильтры: 1, не прошли фильтр по цветам: 1, добавлено: 0, новых вин-кодов: 0
2011-02-03T15:54:48+00:00 INFO (6): -------------------- Autotrader
2011-02-03T15:54:49+00:00 INFO (6): Запрос авторизован
2011-02-03T15:54:59+00:00 INFO (6): Тип 57 - найдено: 26, прошли первичные фильтры: 7, не прошли фильтр по цветам: 2, добавлено: 5, новых вин-кодов: 0
2011-02-03T15:56:03+00:00 INFO (6): Тип 58 - найдено: 157, прошли первичные фильтры: 31, не прошли фильтр по цветам: 18, добавлено: 13, новых вин-кодов: 0
2011-02-03T15:56:05+00:00 INFO (6): Тип 59 - найдено: 1, прошли первичные фильтры: 0, не прошли фильтр по цветам: 0, добавлено: 0, новых вин-кодов: 0
2011-02-03T15:56:17+00:00 INFO (6): Тип 60 - найдено: 27, прошли первичные фильтры: 25, не прошли фильтр по цветам: 23, добавлено: 2, новых вин-кодов: 0
2011-02-03T15:56:21+00:00 INFO (6): Тип 61 - найдено: 7, прошли первичные фильтры: 7, не прошли фильтр по цветам: 7, добавлено: 0, новых вин-кодов: 0
2011-02-03T15:56:23+00:00 INFO (6): Тип 62 - найдено: 2, прошли первичные фильтры: 2, не прошли фильтр по цветам: 2, добавлено: 0, новых вин-кодов: 0
2011-02-03T15:56:25+00:00 INFO (6): Тип 63 - найдено: 2, прошли первичные фильтры: 2, не прошли фильтр по цветам: 2, добавлено: 0, новых вин-кодов: 0
2011-02-03T15:56:27+00:00 INFO (6): Тип 64 - найдено: 1, прошли первичные фильтры: 1, не прошли фильтр по цветам: 1, добавлено: 0, новых вин-кодов: 0
2011-02-03T15:56:31+00:00 INFO (6): Тип 65 - найдено: 9, прошли первичные фильтры: 7, не прошли фильтр по цветам: 0, добавлено: 7, новых вин-кодов: 0
2011-02-03T15:56:46+00:00 DEBUG (7): ID машины 289877699 не кэширован
2011-02-03T15:56:46+00:00 DEBUG (7): Винкод защищен
2011-02-03T15:56:46+00:00 DEBUG (7): Попытка №1
2011-02-03T15:56:46+00:00 INFO (6): Captcha::recognize() result OK|5048239
2011-02-03T15:57:48+00:00 INFO (6): Captcha::recognize() result OK|1 7355y
2011-02-03T15:57:48+00:00 DEBUG (7): Попытка №2
2011-02-03T15:57:49+00:00 INFO (6): Captcha::recognize() result OK|5050675
2011-02-03T15:58:14+00:00 INFO (6): Captcha::recognize() result OK|cant see
2011-02-03T15:58:14+00:00 DEBUG (7): Попытка №3
2011-02-03T15:58:15+00:00 INFO (6): Captcha::recognize() result OK|5051547
2011-02-03T15:58:45+00:00 INFO (6): Captcha::recognize() result OK|cant see
2011-02-03T15:58:46+00:00 DEBUG (7): Попытка №4
2011-02-03T15:58:46+00:00 INFO (6): Captcha::recognize() result OK|5052735
2011-02-03T15:59:21+00:00 INFO (6): Captcha::recognize() result OK|fw mb6
2011-02-03T15:59:28+00:00 INFO (6): Тип 67 - найдено: 54, прошли первичные фильтры: 18, не прошли фильтр по цветам: 18, добавлено: 0, новых вин-кодов: 0
2011-02-03T15:59:42+00:00 INFO (6): Тип 69 - найдено: 33, прошли первичные фильтры: 9, не прошли фильтр по цветам: 6, добавлено: 3, новых вин-кодов: 0
2011-02-03T15:59:52+00:00 INFO (6): Тип 70 - найдено: 22, прошли первичные фильтры: 1, не прошли фильтр по цветам: 1, добавлено: 0, новых вин-кодов: 0
2011-02-03T17:47:00+00:00 INFO (6): -------------------- Exporttrader
2011-02-03T17:47:03+00:00 INFO (6): Запрос авторизован
2011-02-03T17:47:12+00:00 INFO (6): Тип 1 - найдено: 79, прошли первичные фильтры: 13, не прошли фильтр по цветам: 4, добавлено: 9, новых вин-кодов: 0
2011-02-03T17:47:18+00:00 INFO (6): Тип 2 - найдено: 125, прошли первичные фильтры: 14, не прошли фильтр по цветам: 7, добавлено: 7, новых вин-кодов: 0
2011-02-03T17:47:21+00:00 INFO (6): Тип 3 - найдено: 31, прошли первичные фильтры: 4, не прошли фильтр по цветам: 2, добавлено: 2, новых вин-кодов: 0
2011-02-03T17:47:24+00:00 INFO (6): Тип 4 - найдено: 53, прошли первичные фильтры: 21, не прошли фильтр по цветам: 16, добавлено: 5, новых вин-кодов: 0
2011-02-03T17:47:27+00:00 INFO (6): Тип 5 - найдено: 48, прошли первичные фильтры: 18, не прошли фильтр по цветам: 14, добавлено: 4, новых вин-кодов: 0
2011-02-03T17:47:29+00:00 INFO (6): Тип 6 - найдено: 12, прошли первичные фильтры: 9, не прошли фильтр по цветам: 8, добавлено: 1, новых вин-кодов: 0
2011-02-03T17:47:33+00:00 INFO (6): Тип 7 - найдено: 22, прошли первичные фильтры: 12, не прошли фильтр по цветам: 11, добавлено: 1, новых вин-кодов: 0
2011-02-03T17:47:35+00:00 INFO (6): Тип 8 - найдено: 4, прошли первичные фильтры: 3, не прошли фильтр по цветам: 3, добавлено: 0, новых вин-кодов: 0
2011-02-03T17:47:39+00:00 INFO (6): Тип 9 - найдено: 61, прошли первичные фильтры: 4, не прошли фильтр по цветам: 0, добавлено: 4, новых вин-кодов: 0
2011-02-03T17:47:45+00:00 INFO (6): Тип 10 - найдено: 142, прошли первичные фильтры: 8, не прошли фильтр по цветам: 0, добавлено: 8, новых вин-кодов: 0
2011-02-03T17:47:51+00:00 INFO (6): Тип 21 - найдено: 82, прошли первичные фильтры: 4, не прошли фильтр по цветам: 4, добавлено: 0, новых вин-кодов: 0
2011-02-03T17:48:00+00:00 INFO (6): Тип 22 - найдено: 155, прошли первичные фильтры: 22, не прошли фильтр по цветам: 20, добавлено: 2, новых вин-кодов: 0
2011-02-03T17:48:04+00:00 INFO (6): Тип 23 - найдено: 71, прошли первичные фильтры: 8, не прошли фильтр по цветам: 6, добавлено: 2, новых вин-кодов: 0
2011-02-03T17:48:08+00:00 INFO (6): Тип 27 - найдено: 60, прошли первичные фильтры: 0, не прошли фильтр по цветам: 0, добавлено: 0, новых вин-кодов: 0
2011-02-03T17:48:08+00:00 INFO (6): -------------------- Adesa
2011-02-03T17:48:08+00:00 INFO (6): Авторизация: запрос №1 прошел
2011-02-03T17:48:11+00:00 INFO (6): Авторизация: запрос №2 прошел
2011-02-03T17:48:11+00:00 INFO (6): Запрос авторизован
2011-02-03T17:48:11+00:00 INFO (6): Тип 11 - найдено: 5, прошли первичные фильтры: 1, не прошли фильтр по цветам: 1, добавлено: 0, новых вин-кодов: 0
2011-02-03T17:48:11+00:00 INFO (6): Тип 12 - найдено: 6, прошли первичные фильтры: 2, не прошли фильтр по цветам: 2, добавлено: 0, новых вин-кодов: 0
2011-02-03T17:48:12+00:00 INFO (6): Тип 13 - найдено: 1, прошли первичные фильтры: 1, не прошли фильтр по цветам: 1, добавлено: 0, новых вин-кодов: 0
2011-02-03T17:48:12+00:00 INFO (6): Тип 14 - найдено: 0, прошли первичные фильтры: 0, не прошли фильтр по цветам: 0, добавлено: 0, новых вин-кодов: 0
2011-02-03T17:48:12+00:00 INFO (6): Тип 15 - найдено: 1, прошли первичные фильтры: 1, не прошли фильтр по цветам: 1, добавлено: 0, новых вин-кодов: 0
2011-02-03T17:48:12+00:00 INFO (6): Тип 16 - найдено: 2, прошли первичные фильтры: 1, не прошли фильтр по цветам: 1, добавлено: 0, новых вин-кодов: 0
2011-02-03T17:48:12+00:00 INFO (6): Тип 17 - найдено: 3, прошли первичные фильтры: 3, не прошли фильтр по цветам: 3, добавлено: 0, новых вин-кодов: 0
2011-02-03T17:48:13+00:00 INFO (6): Тип 18 - найдено: 0, прошли первичные фильтры: 0, не прошли фильтр по цветам: 0, добавлено: 0, новых вин-кодов: 0
2011-02-03T17:48:13+00:00 INFO (6): Тип 19 - найдено: 9, прошли первичные фильтры: 0, не прошли фильтр по цветам: 0, добавлено: 0, новых вин-кодов: 0
2011-02-03T17:48:14+00:00 INFO (6): Тип 20 - найдено: 27, прошли первичные фильтры: 3, не прошли фильтр по цветам: 0, добавлено: 3, новых вин-кодов: 1
2011-02-03T17:48:15+00:00 INFO (6): Тип 24 - найдено: 18, прошли первичные фильтры: 2, не прошли фильтр по цветам: 2, добавлено: 0, новых вин-кодов: 0
2011-02-03T17:48:15+00:00 INFO (6): Тип 25 - найдено: 17, прошли первичные фильтры: 4, не прошли фильтр по цветам: 4, добавлено: 0, новых вин-кодов: 0
2011-02-03T17:48:15+00:00 INFO (6): Тип 26 - найдено: 9, прошли первичные фильтры: 0, не прошли фильтр по цветам: 0, добавлено: 0, новых вин-кодов: 0
2011-02-03T17:48:15+00:00 INFO (6): Тип 28 - найдено: 12, прошли первичные фильтры: 0, не прошли фильтр по цветам: 0, добавлено: 0, новых вин-кодов: 0
2011-02-03T17:48:15+00:00 INFO (6): -------------------- Openlane
2011-02-03T17:48:19+00:00 INFO (6): Запрос авторизован
2011-02-03T17:48:20+00:00 INFO (6): Тип 43 - найдено: 1, прошли первичные фильтры: 0, не прошли фильтр по цветам: 0, добавлено: 0, новых вин-кодов: 0
2011-02-03T17:48:21+00:00 INFO (6): Тип 44 - найдено: 0, прошли первичные фильтры: 0, не прошли фильтр по цветам: 0, добавлено: 0, новых вин-кодов: 0
2011-02-03T17:48:22+00:00 INFO (6): Тип 45 - найдено: 0, прошли первичные фильтры: 0, не прошли фильтр по цветам: 0, добавлено: 0, новых вин-кодов: 0
2011-02-03T17:48:24+00:00 INFO (6): Тип 46 - найдено: 5, прошли первичные фильтры: 0, не прошли фильтр по цветам: 0, добавлено: 0, новых вин-кодов: 0
2011-02-03T17:48:25+00:00 INFO (6): Тип 47 - найдено: 3, прошли первичные фильтры: 0, не прошли фильтр по цветам: 0, добавлено: 0, новых вин-кодов: 0
2011-02-03T17:48:26+00:00 INFO (6): Тип 48 - найдено: 0, прошли первичные фильтры: 0, не прошли фильтр по цветам: 0, добавлено: 0, новых вин-кодов: 0
2011-02-03T17:48:27+00:00 INFO (6): Тип 49 - найдено: 1, прошли первичные фильтры: 0, не прошли фильтр по цветам: 0, добавлено: 0, новых вин-кодов: 0
2011-02-03T17:48:28+00:00 INFO (6): Тип 50 - найдено: 1, прошли первичные фильтры: 0, не прошли фильтр по цветам: 0, добавлено: 0, новых вин-кодов: 0
2011-02-03T17:48:29+00:00 INFO (6): Тип 51 - найдено: 0, прошли первичные фильтры: 0, не прошли фильтр по цветам: 0, добавлено: 0, новых вин-кодов: 0
2011-02-03T17:48:30+00:00 INFO (6): Тип 52 - найдено: 6, прошли первичные фильтры: 0, не прошли фильтр по цветам: 0, добавлено: 0, новых вин-кодов: 0
2011-02-03T17:48:31+00:00 INFO (6): Тип 53 - найдено: 1, прошли первичные фильтры: 0, не прошли фильтр по цветам: 0, добавлено: 0, новых вин-кодов: 0
2011-02-03T17:48:32+00:00 INFO (6): Тип 54 - найдено: 2, прошли первичные фильтры: 0, не прошли фильтр по цветам: 0, добавлено: 0, новых вин-кодов: 0
2011-02-03T17:48:33+00:00 INFO (6): Тип 55 - найдено: 0, прошли первичные фильтры: 0, не прошли фильтр по цветам: 0, добавлено: 0, новых вин-кодов: 0
2011-02-03T17:48:36+00:00 INFO (6): Тип 56 - найдено: 0, прошли первичные фильтры: 0, не прошли фильтр по цветам: 0, добавлено: 0, новых вин-кодов: 0
2011-02-03T17:48:36+00:00 INFO (6): -------------------- Ebay
2011-02-03T17:48:49+00:00 INFO (6): Тип 29 - найдено: 18, прошли первичные фильтры: 3, не прошли фильтр по цветам: 1, добавлено: 2, новых вин-кодов: 0
2011-02-03T17:49:36+00:00 INFO (6): Тип 30 - найдено: 65, прошли первичные фильтры: 1, не прошли фильтр по цветам: 0, добавлено: 1, новых вин-кодов: 0
2011-02-03T17:50:03+00:00 INFO (6): Тип 31 - найдено: 35, прошли первичные фильтры: 0, не прошли фильтр по цветам: 0, добавлено: 0, новых вин-кодов: 0
2011-02-03T17:50:25+00:00 INFO (6): Тип 32 - найдено: 30, прошли первичные фильтры: 6, не прошли фильтр по цветам: 5, добавлено: 1, новых вин-кодов: 1
2011-02-03T17:50:46+00:00 INFO (6): Тип 33 - найдено: 27, прошли первичные фильтры: 5, не прошли фильтр по цветам: 5, добавлено: 0, новых вин-кодов: 0
2011-02-03T17:50:48+00:00 INFO (6): Тип 34 - найдено: 1, прошли первичные фильтры: 1, не прошли фильтр по цветам: 1, добавлено: 0, новых вин-кодов: 0
2011-02-03T17:50:58+00:00 INFO (6): Тип 35 - найдено: 12, прошли первичные фильтры: 10, не прошли фильтр по цветам: 10, добавлено: 0, новых вин-кодов: 0
2011-02-03T17:51:03+00:00 INFO (6): Тип 36 - найдено: 5, прошли первичные фильтры: 4, не прошли фильтр по цветам: 4, добавлено: 0, новых вин-кодов: 0
2011-02-03T17:51:10+00:00 INFO (6): Тип 37 - найдено: 8, прошли первичные фильтры: 0, не прошли фильтр по цветам: 0, добавлено: 0, новых вин-кодов: 0
2011-02-03T17:51:29+00:00 INFO (6): Тип 38 - найдено: 26, прошли первичные фильтры: 3, не прошли фильтр по цветам: 0, добавлено: 3, новых вин-кодов: 0
2011-02-03T17:51:34+00:00 INFO (6): Тип 39 - найдено: 5, прошли первичные фильтры: 0, не прошли фильтр по цветам: 0, добавлено: 0, новых вин-кодов: 0
2011-02-03T17:52:20+00:00 INFO (6): Тип 40 - найдено: 63, прошли первичные фильтры: 15, не прошли фильтр по цветам: 12, добавлено: 3, новых вин-кодов: 0
2011-02-03T17:52:33+00:00 INFO (6): Тип 41 - найдено: 17, прошли первичные фильтры: 1, не прошли фильтр по цветам: 1, добавлено: 0, новых вин-кодов: 0
2011-02-03T17:52:41+00:00 INFO (6): Тип 42 - найдено: 10, прошли первичные фильтры: 0, не прошли фильтр по цветам: 0, добавлено: 0, новых вин-кодов: 0
2011-02-03T17:52:41+00:00 INFO (6): -------------------- Cars
2011-02-03T17:52:54+00:00 INFO (6): Тип 71 - найдено: 15, прошли первичные фильтры: 6, не прошли фильтр по цветам: 4, добавлено: 2, новых вин-кодов: 0
2011-02-03T17:53:51+00:00 INFO (6): Тип 72 - найдено: 67, прошли первичные фильтры: 22, не прошли фильтр по цветам: 14, добавлено: 8, новых вин-кодов: 0
2011-02-03T17:54:06+00:00 INFO (6): Тип 73 - найдено: 0, прошли первичные фильтры: 0, не прошли фильтр по цветам: 0, добавлено: 0, новых вин-кодов: 0
2011-02-03T17:54:21+00:00 INFO (6): Тип 74 - найдено: 16, прошли первичные фильтры: 16, не прошли фильтр по цветам: 15, добавлено: 1, новых вин-кодов: 0
2011-02-03T17:54:28+00:00 INFO (6): Тип 75 - найдено: 5, прошли первичные фильтры: 5, не прошли фильтр по цветам: 5, добавлено: 0, новых вин-кодов: 0
2011-02-03T17:54:31+00:00 INFO (6): Тип 76 - найдено: 1, прошли первичные фильтры: 1, не прошли фильтр по цветам: 1, добавлено: 0, новых вин-кодов: 0
2011-02-03T17:54:42+00:00 INFO (6): Тип 77 - найдено: 0, прошли первичные фильтры: 0, не прошли фильтр по цветам: 0, добавлено: 0, новых вин-кодов: 0
2011-02-03T17:54:45+00:00 INFO (6): Тип 78 - найдено: 1, прошли первичные фильтры: 1, не прошли фильтр по цветам: 1, добавлено: 0, новых вин-кодов: 0
2011-02-03T17:55:09+00:00 INFO (6): Тип 81 - найдено: 26, прошли первичные фильтры: 11, не прошли фильтр по цветам: 11, добавлено: 0, новых вин-кодов: 0
2011-02-03T17:55:22+00:00 INFO (6): Тип 83 - найдено: 15, прошли первичные фильтры: 6, не прошли фильтр по цветам: 3, добавлено: 3, новых вин-кодов: 0
2011-02-03T17:55:34+00:00 INFO (6): Тип 84 - найдено: 13, прошли первичные фильтры: 1, не прошли фильтр по цветам: 1, добавлено: 0, новых вин-кодов: 0
2011-02-03T17:55:34+00:00 INFO (6): -------------------- Autotrader
2011-02-03T17:55:35+00:00 INFO (6): Запрос авторизован
2011-02-03T17:55:48+00:00 INFO (6): Тип 57 - найдено: 27, прошли первичные фильтры: 7, не прошли фильтр по цветам: 2, добавлено: 5, новых вин-кодов: 0
2011-02-03T17:56:01+00:00 DEBUG (7): ID машины 289132496 не кэширован
2011-02-03T17:56:01+00:00 DEBUG (7): Винкод защищен
2011-02-03T17:56:01+00:00 DEBUG (7): Попытка №1
2011-02-03T17:56:01+00:00 INFO (6): Captcha::recognize() result OK|5409929
2011-02-03T17:56:16+00:00 INFO (6): Captcha::recognize() result OK|asda aczxc
2011-02-03T17:56:16+00:00 DEBUG (7): Попытка №2
2011-02-03T17:56:17+00:00 INFO (6): Captcha::recognize() result OK|5410670
2011-02-03T17:56:47+00:00 INFO (6): Captcha::recognize() result OK|w5 fb3
2011-02-03T17:56:53+00:00 DEBUG (7): ID машины 293993247 не кэширован
2011-02-03T17:57:24+00:00 INFO (6): Тип 58 - найдено: 158, прошли первичные фильтры: 21, не прошли фильтр по цветам: 12, добавлено: 9, новых вин-кодов: 1
2011-02-03T17:57:26+00:00 INFO (6): Тип 59 - найдено: 1, прошли первичные фильтры: 0, не прошли фильтр по цветам: 0, добавлено: 0, новых вин-кодов: 0
2011-02-03T17:57:37+00:00 INFO (6): Тип 60 - найдено: 27, прошли первичные фильтры: 25, не прошли фильтр по цветам: 23, добавлено: 2, новых вин-кодов: 0
2011-02-03T17:57:41+00:00 INFO (6): Тип 61 - найдено: 7, прошли первичные фильтры: 7, не прошли фильтр по цветам: 7, добавлено: 0, новых вин-кодов: 0
2011-02-03T17:57:43+00:00 INFO (6): Тип 62 - найдено: 2, прошли первичные фильтры: 2, не прошли фильтр по цветам: 2, добавлено: 0, новых вин-кодов: 0
2011-02-03T17:57:44+00:00 INFO (6): Тип 63 - найдено: 2, прошли первичные фильтры: 2, не прошли фильтр по цветам: 2, добавлено: 0, новых вин-кодов: 0
2011-02-03T17:57:46+00:00 INFO (6): Тип 64 - найдено: 1, прошли первичные фильтры: 1, не прошли фильтр по цветам: 1, добавлено: 0, новых вин-кодов: 0
2011-02-03T17:57:50+00:00 DEBUG (7): ID машины 291352341 не кэширован
2011-02-03T17:57:51+00:00 INFO (6): Тип 65 - найдено: 10, прошли первичные фильтры: 7, не прошли фильтр по цветам: 0, добавлено: 7, новых вин-кодов: 0
2011-02-03T17:58:14+00:00 INFO (6): Тип 67 - найдено: 54, прошли первичные фильтры: 18, не прошли фильтр по цветам: 18, добавлено: 0, новых вин-кодов: 0
2011-02-03T17:58:29+00:00 INFO (6): Тип 69 - найдено: 33, прошли первичные фильтры: 9, не прошли фильтр по цветам: 6, добавлено: 3, новых вин-кодов: 0
2011-02-03T17:58:39+00:00 INFO (6): Тип 70 - найдено: 22, прошли первичные фильтры: 1, не прошли фильтр по цветам: 1, добавлено: 0, новых вин-кодов: 0
2011-02-03T21:00:49+00:00 INFO (6): -------------------- Exporttrader
2011-02-03T21:00:50+00:00 INFO (6): Каптча получена и записана в локальный файл
2011-02-03T21:00:50+00:00 INFO (6): Captcha::recognize() result OK|5888141
2011-02-03T21:01:01+00:00 INFO (6): Captcha::recognize() result OK|65494
2011-02-03T21:01:01+00:00 INFO (6): Каптча распознана: 65494
2011-02-03T21:01:01+00:00 INFO (6): Авторизация: запрос №1 прошел
2011-02-03T21:01:02+00:00 INFO (6): Авторизация: запрос №2 прошел
2011-02-03T21:01:02+00:00 INFO (6): Запрос авторизован
2011-02-03T21:01:06+00:00 INFO (6): Тип 1 - найдено: 83, прошли первичные фильтры: 14, не прошли фильтр по цветам: 4, добавлено: 10, новых вин-кодов: 0
2011-02-03T21:01:11+00:00 INFO (6): Тип 2 - найдено: 136, прошли первичные фильтры: 16, не прошли фильтр по цветам: 8, добавлено: 8, новых вин-кодов: 0
2011-02-03T21:01:13+00:00 INFO (6): Тип 3 - найдено: 32, прошли первичные фильтры: 4, не прошли фильтр по цветам: 2, добавлено: 2, новых вин-кодов: 0
2011-02-03T21:01:16+00:00 INFO (6): Тип 4 - найдено: 60, прошли первичные фильтры: 22, не прошли фильтр по цветам: 17, добавлено: 5, новых вин-кодов: 0
2011-02-03T21:01:18+00:00 INFO (6): Тип 5 - найдено: 55, прошли первичные фильтры: 19, не прошли фильтр по цветам: 14, добавлено: 5, новых вин-кодов: 0
2011-02-03T21:01:19+00:00 INFO (6): Тип 6 - найдено: 13, прошли первичные фильтры: 10, не прошли фильтр по цветам: 9, добавлено: 1, новых вин-кодов: 0
2011-02-03T21:01:22+00:00 INFO (6): Тип 7 - найдено: 27, прошли первичные фильтры: 16, не прошли фильтр по цветам: 15, добавлено: 1, новых вин-кодов: 1
2011-02-03T21:01:23+00:00 INFO (6): Тип 8 - найдено: 5, прошли первичные фильтры: 4, не прошли фильтр по цветам: 4, добавлено: 0, новых вин-кодов: 0
2011-02-03T21:01:26+00:00 INFO (6): Тип 9 - найдено: 66, прошли первичные фильтры: 4, не прошли фильтр по цветам: 0, добавлено: 4, новых вин-кодов: 0
2011-02-03T21:01:33+00:00 INFO (6): Тип 10 - найдено: 147, прошли первичные фильтры: 8, не прошли фильтр по цветам: 0, добавлено: 8, новых вин-кодов: 0
2011-02-03T21:01:37+00:00 INFO (6): Тип 21 - найдено: 83, прошли первичные фильтры: 4, не прошли фильтр по цветам: 4, добавлено: 0, новых вин-кодов: 0
2011-02-03T21:01:44+00:00 INFO (6): Тип 22 - найдено: 166, прошли первичные фильтры: 24, не прошли фильтр по цветам: 22, добавлено: 2, новых вин-кодов: 0
2011-02-03T21:01:47+00:00 INFO (6): Тип 23 - найдено: 72, прошли первичные фильтры: 8, не прошли фильтр по цветам: 6, добавлено: 2, новых вин-кодов: 0
2011-02-03T21:01:50+00:00 INFO (6): Тип 27 - найдено: 61, прошли первичные фильтры: 0, не прошли фильтр по цветам: 0, добавлено: 0, новых вин-кодов: 0
2011-02-03T21:01:50+00:00 INFO (6): -------------------- Adesa
2011-02-03T21:01:50+00:00 INFO (6): Авторизация: запрос №1 прошел
2011-02-03T21:01:52+00:00 INFO (6): Авторизация: запрос №2 прошел
2011-02-03T21:01:52+00:00 INFO (6): Запрос авторизован
2011-02-03T21:01:53+00:00 INFO (6): Тип 11 - найдено: 5, прошли первичные фильтры: 2, не прошли фильтр по цветам: 1, добавлено: 1, новых вин-кодов: 1
2011-02-03T21:01:54+00:00 INFO (6): Тип 12 - найдено: 7, прошли первичные фильтры: 3, не прошли фильтр по цветам: 3, добавлено: 0, новых вин-кодов: 1
2011-02-03T21:01:54+00:00 INFO (6): Тип 13 - найдено: 1, прошли первичные фильтры: 1, не прошли фильтр по цветам: 1, добавлено: 0, новых вин-кодов: 0
2011-02-03T21:01:54+00:00 INFO (6): Тип 14 - найдено: 0, прошли первичные фильтры: 0, не прошли фильтр по цветам: 0, добавлено: 0, новых вин-кодов: 0
2011-02-03T21:01:54+00:00 INFO (6): Тип 15 - найдено: 2, прошли первичные фильтры: 1, не прошли фильтр по цветам: 1, добавлено: 0, новых вин-кодов: 0
2011-02-03T21:01:54+00:00 INFO (6): Тип 16 - найдено: 2, прошли первичные фильтры: 1, не прошли фильтр по цветам: 1, добавлено: 0, новых вин-кодов: 0
2011-02-03T21:01:55+00:00 INFO (6): Тип 17 - найдено: 3, прошли первичные фильтры: 3, не прошли фильтр по цветам: 3, добавлено: 0, новых вин-кодов: 0
2011-02-03T21:01:55+00:00 INFO (6): Тип 18 - найдено: 0, прошли первичные фильтры: 0, не прошли фильтр по цветам: 0, добавлено: 0, новых вин-кодов: 0
2011-02-03T21:01:55+00:00 INFO (6): Тип 19 - найдено: 8, прошли первичные фильтры: 0, не прошли фильтр по цветам: 0, добавлено: 0, новых вин-кодов: 0
2011-02-03T21:01:55+00:00 INFO (6): Тип 20 - найдено: 24, прошли первичные фильтры: 3, не прошли фильтр по цветам: 0, добавлено: 3, новых вин-кодов: 0
2011-02-03T21:01:56+00:00 INFO (6): Тип 24 - найдено: 21, прошли первичные фильтры: 2, не прошли фильтр по цветам: 2, добавлено: 0, новых вин-кодов: 0
2011-02-03T21:01:56+00:00 INFO (6): Тип 25 - найдено: 21, прошли первичные фильтры: 4, не прошли фильтр по цветам: 4, добавлено: 0, новых вин-кодов: 0
2011-02-03T21:01:56+00:00 INFO (6): Тип 26 - найдено: 11, прошли первичные фильтры: 0, не прошли фильтр по цветам: 0, добавлено: 0, новых вин-кодов: 0
2011-02-03T21:01:57+00:00 INFO (6): Тип 28 - найдено: 13, прошли первичные фильтры: 0, не прошли фильтр по цветам: 0, добавлено: 0, новых вин-кодов: 0
2011-02-03T21:01:57+00:00 INFO (6): -------------------- Openlane
2011-02-03T21:02:00+00:00 INFO (6): Запрос авторизован
2011-02-03T21:02:01+00:00 INFO (6): Тип 43 - найдено: 0, прошли первичные фильтры: 0, не прошли фильтр по цветам: 0, добавлено: 0, новых вин-кодов: 0
2011-02-03T21:02:02+00:00 INFO (6): Тип 44 - найдено: 0, прошли первичные фильтры: 0, не прошли фильтр по цветам: 0, добавлено: 0, новых вин-кодов: 0
2011-02-03T21:02:03+00:00 INFO (6): Тип 45 - найдено: 0, прошли первичные фильтры: 0, не прошли фильтр по цветам: 0, добавлено: 0, новых вин-кодов: 0
2011-02-03T21:02:04+00:00 INFO (6): Тип 46 - найдено: 0, прошли первичные фильтры: 0, не прошли фильтр по цветам: 0, добавлено: 0, новых вин-кодов: 0
2011-02-03T21:02:05+00:00 INFO (6): Тип 47 - найдено: 0, прошли первичные фильтры: 0, не прошли фильтр по цветам: 0, добавлено: 0, новых вин-кодов: 0
2011-02-03T21:02:06+00:00 INFO (6): Тип 48 - найдено: 0, прошли первичные фильтры: 0, не прошли фильтр по цветам: 0, добавлено: 0, новых вин-кодов: 0
2011-02-03T21:02:07+00:00 INFO (6): Тип 49 - найдено: 0, прошли первичные фильтры: 0, не прошли фильтр по цветам: 0, добавлено: 0, новых вин-кодов: 0
2011-02-03T21:02:08+00:00 INFO (6): Тип 50 - найдено: 0, прошли первичные фильтры: 0, не прошли фильтр по цветам: 0, добавлено: 0, новых вин-кодов: 0
2011-02-03T21:02:09+00:00 INFO (6): Тип 51 - найдено: 0, прошли первичные фильтры: 0, не прошли фильтр по цветам: 0, добавлено: 0, новых вин-кодов: 0
2011-02-03T21:02:10+00:00 INFO (6): Тип 52 - найдено: 0, прошли первичные фильтры: 0, не прошли фильтр по цветам: 0, добавлено: 0, новых вин-кодов: 0
2011-02-03T21:02:11+00:00 INFO (6): Тип 53 - найдено: 0, прошли первичные фильтры: 0, не прошли фильтр по цветам: 0, добавлено: 0, новых вин-кодов: 0
2011-02-03T21:02:12+00:00 INFO (6): Тип 54 - найдено: 0, прошли первичные фильтры: 0, не прошли фильтр по цветам: 0, добавлено: 0, новых вин-кодов: 0
2011-02-03T21:02:13+00:00 INFO (6): Тип 55 - найдено: 0, прошли первичные фильтры: 0, не прошли фильтр по цветам: 0, добавлено: 0, новых вин-кодов: 0
2011-02-03T21:02:14+00:00 INFO (6): Тип 56 - найдено: 0, прошли первичные фильтры: 0, не прошли фильтр по цветам: 0, добавлено: 0, новых вин-кодов: 0
2011-02-03T21:02:14+00:00 INFO (6): -------------------- Ebay
2011-02-03T21:02:27+00:00 INFO (6): Тип 29 - найдено: 18, прошли первичные фильтры: 3, не прошли фильтр по цветам: 1, добавлено: 2, новых вин-кодов: 0
2011-02-03T21:03:19+00:00 INFO (6): Тип 30 - найдено: 65, прошли первичные фильтры: 2, не прошли фильтр по цветам: 1, добавлено: 1, новых вин-кодов: 0
2011-02-03T21:03:43+00:00 INFO (6): Тип 31 - найдено: 33, прошли первичные фильтры: 0, не прошли фильтр по цветам: 0, добавлено: 0, новых вин-кодов: 0
2011-02-03T21:04:08+00:00 INFO (6): Тип 32 - найдено: 31, прошли первичные фильтры: 7, не прошли фильтр по цветам: 6, добавлено: 1, новых вин-кодов: 1
2011-02-03T21:04:31+00:00 INFO (6): Тип 33 - найдено: 26, прошли первичные фильтры: 5, не прошли фильтр по цветам: 5, добавлено: 0, новых вин-кодов: 0
2011-02-03T21:04:33+00:00 INFO (6): Тип 34 - найдено: 1, прошли первичные фильтры: 1, не прошли фильтр по цветам: 1, добавлено: 0, новых вин-кодов: 0
2011-02-03T21:04:44+00:00 INFO (6): Тип 35 - найдено: 12, прошли первичные фильтры: 10, не прошли фильтр по цветам: 10, добавлено: 0, новых вин-кодов: 0
2011-02-03T21:04:48+00:00 INFO (6): Тип 36 - найдено: 4, прошли первичные фильтры: 3, не прошли фильтр по цветам: 3, добавлено: 0, новых вин-кодов: 0
2011-02-03T21:04:55+00:00 INFO (6): Тип 37 - найдено: 8, прошли первичные фильтры: 0, не прошли фильтр по цветам: 0, добавлено: 0, новых вин-кодов: 0
2011-02-03T21:05:17+00:00 INFO (6): Тип 38 - найдено: 28, прошли первичные фильтры: 3, не прошли фильтр по цветам: 0, добавлено: 3, новых вин-кодов: 0
2011-02-03T21:05:22+00:00 INFO (6): Тип 39 - найдено: 5, прошли первичные фильтры: 0, не прошли фильтр по цветам: 0, добавлено: 0, новых вин-кодов: 0
2011-02-03T21:06:10+00:00 INFO (6): Тип 40 - найдено: 62, прошли первичные фильтры: 16, не прошли фильтр по цветам: 13, добавлено: 3, новых вин-кодов: 1
2011-02-03T21:06:26+00:00 INFO (6): Тип 41 - найдено: 16, прошли первичные фильтры: 1, не прошли фильтр по цветам: 1, добавлено: 0, новых вин-кодов: 0
2011-02-03T21:06:35+00:00 INFO (6): Тип 42 - найдено: 10, прошли первичные фильтры: 0, не прошли фильтр по цветам: 0, добавлено: 0, новых вин-кодов: 0
2011-02-03T21:06:35+00:00 INFO (6): -------------------- Cars
2011-02-03T21:06:49+00:00 INFO (6): Тип 71 - найдено: 15, прошли первичные фильтры: 6, не прошли фильтр по цветам: 4, добавлено: 2, новых вин-кодов: 0
2011-02-03T21:08:13+00:00 INFO (6): Тип 72 - найдено: 68, прошли первичные фильтры: 23, не прошли фильтр по цветам: 15, добавлено: 8, новых вин-кодов: 0
2011-02-03T21:08:31+00:00 INFO (6): Тип 73 - найдено: 0, прошли первичные фильтры: 0, не прошли фильтр по цветам: 0, добавлено: 0, новых вин-кодов: 0
2011-02-03T21:08:47+00:00 INFO (6): Тип 74 - найдено: 16, прошли первичные фильтры: 16, не прошли фильтр по цветам: 15, добавлено: 1, новых вин-кодов: 0
2011-02-03T21:08:54+00:00 INFO (6): Тип 75 - найдено: 5, прошли первичные фильтры: 5, не прошли фильтр по цветам: 5, добавлено: 0, новых вин-кодов: 0
2011-02-03T21:08:56+00:00 INFO (6): Тип 76 - найдено: 1, прошли первичные фильтры: 1, не прошли фильтр по цветам: 1, добавлено: 0, новых вин-кодов: 0
2011-02-03T21:09:10+00:00 INFO (6): Тип 77 - найдено: 0, прошли первичные фильтры: 0, не прошли фильтр по цветам: 0, добавлено: 0, новых вин-кодов: 0
2011-02-03T21:09:12+00:00 INFO (6): Тип 78 - найдено: 1, прошли первичные фильтры: 1, не прошли фильтр по цветам: 1, добавлено: 0, новых вин-кодов: 0
2011-02-03T21:09:36+00:00 INFO (6): Тип 81 - найдено: 27, прошли первичные фильтры: 12, не прошли фильтр по цветам: 12, добавлено: 0, новых вин-кодов: 0
2011-02-03T21:09:50+00:00 INFO (6): Тип 83 - найдено: 14, прошли первичные фильтры: 5, не прошли фильтр по цветам: 2, добавлено: 3, новых вин-кодов: 0
2011-02-03T21:10:03+00:00 INFO (6): Тип 84 - найдено: 13, прошли первичные фильтры: 1, не прошли фильтр по цветам: 1, добавлено: 0, новых вин-кодов: 0
2011-02-03T21:10:03+00:00 INFO (6): -------------------- Autotrader
2011-02-03T21:10:04+00:00 INFO (6): Запрос авторизован
2011-02-03T21:10:16+00:00 INFO (6): Тип 57 - найдено: 27, прошли первичные фильтры: 7, не прошли фильтр по цветам: 2, добавлено: 5, новых вин-кодов: 0
