2011-01-07T02:32:41+00:00 INFO (6): Запуск задачи
2011-01-07T02:32:41+00:00 INFO (6): Exporttrader
2011-01-07T02:32:42+00:00 INFO (6): Каптча получена и записана в локальный файл
2011-01-07T02:32:57+00:00 INFO (6): Каптча распознана: 23890
2011-01-07T02:32:58+00:00 INFO (6): Авторизация: запрос №1 прошел
2011-01-07T02:32:58+00:00 INFO (6): Авторизация: запрос №2 прошел
2011-01-07T02:32:58+00:00 INFO (6): Запрос авторизован
2011-01-07T02:33:03+00:00 INFO (6): Тип 1 - найдено: 98, прошли первичные фильтры: 34, не прошли фильтр по цветам: 9, добавлено: 25, новых вин-кодов: 0
2011-01-07T02:33:10+00:00 INFO (6): Тип 2 - найдено: 169, прошли первичные фильтры: 26, не прошли фильтр по цветам: 7, добавлено: 19, новых вин-кодов: 0
2011-01-07T02:33:11+00:00 INFO (6): Тип 3 - найдено: 29, прошли первичные фильтры: 1, не прошли фильтр по цветам: 1, добавлено: 0, новых вин-кодов: 0
2011-01-07T02:33:15+00:00 INFO (6): Тип 4 - найдено: 69, прошли первичные фильтры: 44, не прошли фильтр по цветам: 33, добавлено: 11, новых вин-кодов: 0
2011-01-07T02:33:18+00:00 INFO (6): Тип 5 - найдено: 64, прошли первичные фильтры: 34, не прошли фильтр по цветам: 27, добавлено: 7, новых вин-кодов: 0
2011-01-07T02:33:19+00:00 INFO (6): Тип 6 - найдено: 17, прошли первичные фильтры: 13, не прошли фильтр по цветам: 11, добавлено: 2, новых вин-кодов: 0
2011-01-07T02:33:20+00:00 INFO (6): Тип 7 - найдено: 19, прошли первичные фильтры: 14, не прошли фильтр по цветам: 14, добавлено: 0, новых вин-кодов: 0
2011-01-07T02:33:21+00:00 INFO (6): Тип 8 - найдено: 6, прошли первичные фильтры: 6, не прошли фильтр по цветам: 4, добавлено: 2, новых вин-кодов: 0
2011-01-07T02:33:25+00:00 INFO (6): Тип 9 - найдено: 82, прошли первичные фильтры: 7, не прошли фильтр по цветам: 0, добавлено: 7, новых вин-кодов: 0
2011-01-07T02:33:30+00:00 INFO (6): Тип 10 - найдено: 131, прошли первичные фильтры: 7, не прошли фильтр по цветам: 0, добавлено: 7, новых вин-кодов: 0
2011-01-07T02:33:34+00:00 INFO (6): Тип 21 - найдено: 93, прошли первичные фильтры: 11, не прошли фильтр по цветам: 10, добавлено: 1, новых вин-кодов: 0
2011-01-07T02:33:44+00:00 INFO (6): Тип 22 - найдено: 166, прошли первичные фильтры: 25, не прошли фильтр по цветам: 19, добавлено: 6, новых вин-кодов: 0
2011-01-07T02:33:48+00:00 INFO (6): Тип 23 - найдено: 89, прошли первичные фильтры: 10, не прошли фильтр по цветам: 6, добавлено: 4, новых вин-кодов: 0
2011-01-07T02:33:51+00:00 INFO (6): Тип 27 - найдено: 82, прошли первичные фильтры: 1, не прошли фильтр по цветам: 1, добавлено: 0, новых вин-кодов: 0
2011-01-07T02:33:51+00:00 INFO (6): Adesa
2011-01-07T02:33:51+00:00 INFO (6): Авторизация: запрос №1 прошел
2011-01-07T02:33:53+00:00 INFO (6): Авторизация: запрос №2 прошел
2011-01-07T02:33:53+00:00 INFO (6): Запрос авторизован
2011-01-07T02:33:55+00:00 INFO (6): Тип 11 - найдено: 19, прошли первичные фильтры: 7, не прошли фильтр по цветам: 5, добавлено: 2, новых вин-кодов: 1
2011-01-07T02:33:56+00:00 INFO (6): Тип 12 - найдено: 10, прошли первичные фильтры: 1, не прошли фильтр по цветам: 0, добавлено: 1, новых вин-кодов: 1
2011-01-07T02:33:57+00:00 INFO (6): Тип 13 - найдено: 3, прошли первичные фильтры: 0, не прошли фильтр по цветам: 0, добавлено: 0, новых вин-кодов: 0
2011-01-07T02:33:58+00:00 INFO (6): Тип 14 - найдено: 5, прошли первичные фильтры: 3, не прошли фильтр по цветам: 3, добавлено: 0, новых вин-кодов: 0
2011-01-07T02:33:59+00:00 INFO (6): Тип 15 - найдено: 7, прошли первичные фильтры: 4, не прошли фильтр по цветам: 1, добавлено: 3, новых вин-кодов: 1
2011-01-07T02:33:59+00:00 INFO (6): Тип 16 - найдено: 0, прошли первичные фильтры: 0, не прошли фильтр по цветам: 0, добавлено: 0, новых вин-кодов: 0
2011-01-07T02:34:00+00:00 INFO (6): Тип 17 - найдено: 2, прошли первичные фильтры: 0, не прошли фильтр по цветам: 0, добавлено: 0, новых вин-кодов: 0
2011-01-07T02:34:00+00:00 INFO (6): Тип 18 - найдено: 0, прошли первичные фильтры: 0, не прошли фильтр по цветам: 0, добавлено: 0, новых вин-кодов: 0
2011-01-07T02:34:00+00:00 INFO (6): Тип 19 - найдено: 20, прошли первичные фильтры: 1, не прошли фильтр по цветам: 0, добавлено: 1, новых вин-кодов: 0
2011-01-07T02:34:00+00:00 INFO (6): Тип 20 - найдено: 38, прошли первичные фильтры: 5, не прошли фильтр по цветам: 0, добавлено: 5, новых вин-кодов: 0
2011-01-07T02:34:01+00:00 INFO (6): Тип 24 - найдено: 26, прошли первичные фильтры: 3, не прошли фильтр по цветам: 3, добавлено: 0, новых вин-кодов: 0
2011-01-07T02:34:05+00:00 INFO (6): Тип 25 - найдено: 38, прошли первичные фильтры: 7, не прошли фильтр по цветам: 5, добавлено: 2, новых вин-кодов: 3
2011-01-07T02:34:05+00:00 INFO (6): Тип 26 - найдено: 16, прошли первичные фильтры: 0, не прошли фильтр по цветам: 0, добавлено: 0, новых вин-кодов: 0
2011-01-07T02:34:06+00:00 INFO (6): Тип 28 - найдено: 25, прошли первичные фильтры: 2, не прошли фильтр по цветам: 1, добавлено: 1, новых вин-кодов: 0
2011-01-07T02:34:06+00:00 INFO (6): Openlane
2011-01-07T02:34:12+00:00 INFO (6): Запрос авторизован
2011-01-07T02:34:13+00:00 INFO (6): Тип 43 - найдено: 3, прошли первичные фильтры: 2, не прошли фильтр по цветам: 1, добавлено: 1, новых вин-кодов: 0
2011-01-07T02:34:14+00:00 INFO (6): Тип 44 - найдено: 3, прошли первичные фильтры: 1, не прошли фильтр по цветам: 0, добавлено: 1, новых вин-кодов: 0
2011-01-07T02:34:15+00:00 INFO (6): Тип 45 - найдено: 1, прошли первичные фильтры: 1, не прошли фильтр по цветам: 0, добавлено: 1, новых вин-кодов: 0
2011-01-07T02:34:16+00:00 INFO (6): Тип 46 - найдено: 2, прошли первичные фильтры: 2, не прошли фильтр по цветам: 2, добавлено: 0, новых вин-кодов: 0
2011-01-07T02:34:17+00:00 INFO (6): Тип 47 - найдено: 2, прошли первичные фильтры: 2, не прошли фильтр по цветам: 1, добавлено: 1, новых вин-кодов: 0
2011-01-07T02:34:18+00:00 INFO (6): Тип 48 - найдено: 2, прошли первичные фильтры: 2, не прошли фильтр по цветам: 2, добавлено: 0, новых вин-кодов: 0
2011-01-07T02:34:19+00:00 INFO (6): Тип 49 - найдено: 0, прошли первичные фильтры: 0, не прошли фильтр по цветам: 0, добавлено: 0, новых вин-кодов: 0
2011-01-07T02:34:20+00:00 INFO (6): Тип 50 - найдено: 0, прошли первичные фильтры: 0, не прошли фильтр по цветам: 0, добавлено: 0, новых вин-кодов: 0
2011-01-07T02:34:20+00:00 INFO (6): Тип 51 - найдено: 0, прошли первичные фильтры: 0, не прошли фильтр по цветам: 0, добавлено: 0, новых вин-кодов: 0
2011-01-07T02:34:21+00:00 INFO (6): Тип 52 - найдено: 5, прошли первичные фильтры: 0, не прошли фильтр по цветам: 0, добавлено: 0, новых вин-кодов: 0
2011-01-07T02:34:22+00:00 INFO (6): Тип 53 - найдено: 0, прошли первичные фильтры: 0, не прошли фильтр по цветам: 0, добавлено: 0, новых вин-кодов: 0
2011-01-07T02:34:23+00:00 INFO (6): Тип 54 - найдено: 3, прошли первичные фильтры: 0, не прошли фильтр по цветам: 0, добавлено: 0, новых вин-кодов: 0
2011-01-07T02:34:24+00:00 INFO (6): Тип 55 - найдено: 0, прошли первичные фильтры: 0, не прошли фильтр по цветам: 0, добавлено: 0, новых вин-кодов: 0
2011-01-07T02:34:25+00:00 INFO (6): Тип 56 - найдено: 0, прошли первичные фильтры: 0, не прошли фильтр по цветам: 0, добавлено: 0, новых вин-кодов: 0
2011-01-07T02:34:25+00:00 INFO (6): Ebay
2011-01-07T02:34:33+00:00 INFO (6): Тип 29 - найдено: 10, прошли первичные фильтры: 0, не прошли фильтр по цветам: 0, добавлено: 0, новых вин-кодов: 0
2011-01-07T02:35:36+00:00 INFO (6): Тип 30 - найдено: 72, прошли первичные фильтры: 2, не прошли фильтр по цветам: 0, добавлено: 2, новых вин-кодов: 0
2011-01-07T02:36:17+00:00 INFO (6): Тип 31 - найдено: 52, прошли первичные фильтры: 0, не прошли фильтр по цветам: 0, добавлено: 0, новых вин-кодов: 0
2011-01-07T02:36:35+00:00 INFO (6): Тип 32 - найдено: 23, прошли первичные фильтры: 7, не прошли фильтр по цветам: 7, добавлено: 0, новых вин-кодов: 0
2011-01-07T02:37:02+00:00 INFO (6): Тип 33 - найдено: 30, прошли первичные фильтры: 12, не прошли фильтр по цветам: 11, добавлено: 1, новых вин-кодов: 1
2011-01-07T02:37:08+00:00 INFO (6): Тип 34 - найдено: 5, прошли первичные фильтры: 4, не прошли фильтр по цветам: 4, добавлено: 0, новых вин-кодов: 0
2011-01-07T02:37:17+00:00 INFO (6): Тип 35 - найдено: 11, прошли первичные фильтры: 9, не прошли фильтр по цветам: 9, добавлено: 0, новых вин-кодов: 0
2011-01-07T02:37:22+00:00 INFO (6): Тип 36 - найдено: 5, прошли первичные фильтры: 4, не прошли фильтр по цветам: 4, добавлено: 0, новых вин-кодов: 1
2011-01-07T02:37:30+00:00 INFO (6): Тип 37 - найдено: 9, прошли первичные фильтры: 2, не прошли фильтр по цветам: 0, добавлено: 2, новых вин-кодов: 0
2011-01-07T02:37:53+00:00 INFO (6): Тип 38 - найдено: 26, прошли первичные фильтры: 1, не прошли фильтр по цветам: 0, добавлено: 1, новых вин-кодов: 0
2011-01-07T02:38:03+00:00 INFO (6): Тип 39 - найдено: 13, прошли первичные фильтры: 2, не прошли фильтр по цветам: 1, добавлено: 1, новых вин-кодов: 0
2011-01-07T02:38:45+00:00 INFO (6): Тип 40 - найдено: 50, прошли первичные фильтры: 6, не прошли фильтр по цветам: 4, добавлено: 2, новых вин-кодов: 1
2011-01-07T02:39:04+00:00 INFO (6): Тип 41 - найдено: 23, прошли первичные фильтры: 1, не прошли фильтр по цветам: 1, добавлено: 0, новых вин-кодов: 0
2011-01-07T02:39:18+00:00 INFO (6): Тип 42 - найдено: 17, прошли первичные фильтры: 1, не прошли фильтр по цветам: 0, добавлено: 1, новых вин-кодов: 0
2011-01-07T02:39:18+00:00 INFO (6): Завершение задачи
2011-01-07T13:44:39+00:00 INFO (6): Запуск задачи
2011-01-07T13:44:39+00:00 INFO (6): Exporttrader
2011-01-07T13:44:40+00:00 INFO (6): Каптча получена и записана в локальный файл
2011-01-07T13:44:59+00:00 INFO (6): Каптча распознана: 01518
2011-01-07T13:44:59+00:00 INFO (6): Авторизация: запрос №1 прошел
2011-01-07T13:45:00+00:00 INFO (6): Авторизация: запрос №2 прошел
2011-01-07T13:45:00+00:00 INFO (6): Запрос авторизован
2011-01-07T13:45:07+00:00 INFO (6): Тип 1 - найдено: 77, прошли первичные фильтры: 21, не прошли фильтр по цветам: 6, добавлено: 15, новых вин-кодов: 2
2011-01-07T13:45:19+00:00 INFO (6): Тип 2 - найдено: 145, прошли первичные фильтры: 20, не прошли фильтр по цветам: 5, добавлено: 15, новых вин-кодов: 5
2011-01-07T13:45:20+00:00 INFO (6): Тип 3 - найдено: 17, прошли первичные фильтры: 0, не прошли фильтр по цветам: 0, добавлено: 0, новых вин-кодов: 0
2011-01-07T13:45:27+00:00 INFO (6): Тип 4 - найдено: 58, прошли первичные фильтры: 34, не прошли фильтр по цветам: 26, добавлено: 8, новых вин-кодов: 3
2011-01-07T13:45:31+00:00 INFO (6): Тип 5 - найдено: 47, прошли первичные фильтры: 28, не прошли фильтр по цветам: 22, добавлено: 6, новых вин-кодов: 1
2011-01-07T13:45:34+00:00 INFO (6): Тип 6 - найдено: 13, прошли первичные фильтры: 9, не прошли фильтр по цветам: 7, добавлено: 2, новых вин-кодов: 1
2011-01-07T13:45:37+00:00 INFO (6): Тип 7 - найдено: 16, прошли первичные фильтры: 12, не прошли фильтр по цветам: 11, добавлено: 1, новых вин-кодов: 1
2011-01-07T13:45:41+00:00 INFO (6): Тип 8 - найдено: 6, прошли первичные фильтры: 6, не прошли фильтр по цветам: 4, добавлено: 2, новых вин-кодов: 2
2011-01-07T13:45:44+00:00 INFO (6): Тип 9 - найдено: 62, прошли первичные фильтры: 5, не прошли фильтр по цветам: 0, добавлено: 5, новых вин-кодов: 1
2011-01-07T13:45:48+00:00 INFO (6): Тип 10 - найдено: 115, прошли первичные фильтры: 7, не прошли фильтр по цветам: 0, добавлено: 7, новых вин-кодов: 1
2011-01-07T13:45:55+00:00 INFO (6): Тип 21 - найдено: 84, прошли первичные фильтры: 10, не прошли фильтр по цветам: 10, добавлено: 0, новых вин-кодов: 2
2011-01-07T13:46:08+00:00 INFO (6): Тип 22 - найдено: 157, прошли первичные фильтры: 22, не прошли фильтр по цветам: 18, добавлено: 4, новых вин-кодов: 5
2011-01-07T13:46:16+00:00 INFO (6): Тип 23 - найдено: 73, прошли первичные фильтры: 6, не прошли фильтр по цветам: 5, добавлено: 1, новых вин-кодов: 3
2011-01-07T13:46:23+00:00 INFO (6): Тип 27 - найдено: 85, прошли первичные фильтры: 3, не прошли фильтр по цветам: 2, добавлено: 1, новых вин-кодов: 1
2011-01-07T13:46:23+00:00 INFO (6): Adesa
2011-01-07T13:46:23+00:00 INFO (6): Авторизация: запрос №1 прошел
2011-01-07T13:46:24+00:00 INFO (6): Авторизация: запрос №2 прошел
2011-01-07T13:46:24+00:00 INFO (6): Запрос авторизован
2011-01-07T13:46:25+00:00 INFO (6): Тип 11 - найдено: 10, прошли первичные фильтры: 4, не прошли фильтр по цветам: 3, добавлено: 1, новых вин-кодов: 0
2011-01-07T13:46:25+00:00 INFO (6): Тип 12 - найдено: 8, прошли первичные фильтры: 1, не прошли фильтр по цветам: 0, добавлено: 1, новых вин-кодов: 0
2011-01-07T13:46:25+00:00 INFO (6): Тип 13 - найдено: 2, прошли первичные фильтры: 0, не прошли фильтр по цветам: 0, добавлено: 0, новых вин-кодов: 0
2011-01-07T13:46:26+00:00 INFO (6): Тип 14 - найдено: 3, прошли первичные фильтры: 2, не прошли фильтр по цветам: 2, добавлено: 0, новых вин-кодов: 0
2011-01-07T13:46:26+00:00 INFO (6): Тип 15 - найдено: 3, прошли первичные фильтры: 1, не прошли фильтр по цветам: 0, добавлено: 1, новых вин-кодов: 0
2011-01-07T13:46:26+00:00 INFO (6): Тип 16 - найдено: 0, прошли первичные фильтры: 0, не прошли фильтр по цветам: 0, добавлено: 0, новых вин-кодов: 0
2011-01-07T13:46:27+00:00 INFO (6): Тип 17 - найдено: 2, прошли первичные фильтры: 1, не прошли фильтр по цветам: 1, добавлено: 0, новых вин-кодов: 1
2011-01-07T13:46:27+00:00 INFO (6): Тип 18 - найдено: 0, прошли первичные фильтры: 0, не прошли фильтр по цветам: 0, добавлено: 0, новых вин-кодов: 0
2011-01-07T13:46:27+00:00 INFO (6): Тип 19 - найдено: 13, прошли первичные фильтры: 0, не прошли фильтр по цветам: 0, добавлено: 0, новых вин-кодов: 0
2011-01-07T13:46:28+00:00 INFO (6): Тип 20 - найдено: 23, прошли первичные фильтры: 3, не прошли фильтр по цветам: 0, добавлено: 3, новых вин-кодов: 0
2011-01-07T13:46:28+00:00 INFO (6): Тип 24 - найдено: 14, прошли первичные фильтры: 2, не прошли фильтр по цветам: 2, добавлено: 0, новых вин-кодов: 0
2011-01-07T13:46:28+00:00 INFO (6): Тип 25 - найдено: 26, прошли первичные фильтры: 5, не прошли фильтр по цветам: 3, добавлено: 2, новых вин-кодов: 0
2011-01-07T13:46:28+00:00 INFO (6): Тип 26 - найдено: 9, прошли первичные фильтры: 0, не прошли фильтр по цветам: 0, добавлено: 0, новых вин-кодов: 0
2011-01-07T13:46:29+00:00 INFO (6): Тип 28 - найдено: 16, прошли первичные фильтры: 1, не прошли фильтр по цветам: 0, добавлено: 1, новых вин-кодов: 0
2011-01-07T13:46:29+00:00 INFO (6): Openlane
2011-01-07T13:46:33+00:00 INFO (6): Запрос авторизован
2011-01-07T13:46:34+00:00 INFO (6): Тип 43 - найдено: 3, прошли первичные фильтры: 2, не прошли фильтр по цветам: 1, добавлено: 1, новых вин-кодов: 0
2011-01-07T13:46:35+00:00 INFO (6): Тип 44 - найдено: 3, прошли первичные фильтры: 1, не прошли фильтр по цветам: 0, добавлено: 1, новых вин-кодов: 0
2011-01-07T13:46:36+00:00 INFO (6): Тип 45 - найдено: 1, прошли первичные фильтры: 1, не прошли фильтр по цветам: 0, добавлено: 1, новых вин-кодов: 0
2011-01-07T13:46:37+00:00 INFO (6): Тип 46 - найдено: 2, прошли первичные фильтры: 2, не прошли фильтр по цветам: 2, добавлено: 0, новых вин-кодов: 0
2011-01-07T13:46:38+00:00 INFO (6): Тип 47 - найдено: 2, прошли первичные фильтры: 2, не прошли фильтр по цветам: 1, добавлено: 1, новых вин-кодов: 0
2011-01-07T13:46:39+00:00 INFO (6): Тип 48 - найдено: 2, прошли первичные фильтры: 2, не прошли фильтр по цветам: 2, добавлено: 0, новых вин-кодов: 0
2011-01-07T13:46:40+00:00 INFO (6): Тип 49 - найдено: 0, прошли первичные фильтры: 0, не прошли фильтр по цветам: 0, добавлено: 0, новых вин-кодов: 0
2011-01-07T13:46:41+00:00 INFO (6): Тип 50 - найдено: 0, прошли первичные фильтры: 0, не прошли фильтр по цветам: 0, добавлено: 0, новых вин-кодов: 0
2011-01-07T13:46:41+00:00 INFO (6): Тип 51 - найдено: 0, прошли первичные фильтры: 0, не прошли фильтр по цветам: 0, добавлено: 0, новых вин-кодов: 0
2011-01-07T13:46:42+00:00 INFO (6): Тип 52 - найдено: 5, прошли первичные фильтры: 0, не прошли фильтр по цветам: 0, добавлено: 0, новых вин-кодов: 0
2011-01-07T13:46:43+00:00 INFO (6): Тип 53 - найдено: 0, прошли первичные фильтры: 0, не прошли фильтр по цветам: 0, добавлено: 0, новых вин-кодов: 0
2011-01-07T13:46:44+00:00 INFO (6): Тип 54 - найдено: 3, прошли первичные фильтры: 0, не прошли фильтр по цветам: 0, добавлено: 0, новых вин-кодов: 0
2011-01-07T13:46:45+00:00 INFO (6): Тип 55 - найдено: 0, прошли первичные фильтры: 0, не прошли фильтр по цветам: 0, добавлено: 0, новых вин-кодов: 0
2011-01-07T13:46:46+00:00 INFO (6): Тип 56 - найдено: 0, прошли первичные фильтры: 0, не прошли фильтр по цветам: 0, добавлено: 0, новых вин-кодов: 0
2011-01-07T13:46:46+00:00 INFO (6): Ebay
2011-01-07T13:46:55+00:00 INFO (6): Тип 29 - найдено: 10, прошли первичные фильтры: 0, не прошли фильтр по цветам: 0, добавлено: 0, новых вин-кодов: 0
2011-01-07T13:47:50+00:00 INFO (6): Тип 30 - найдено: 72, прошли первичные фильтры: 2, не прошли фильтр по цветам: 0, добавлено: 2, новых вин-кодов: 0
2011-01-07T13:48:27+00:00 INFO (6): Тип 31 - найдено: 53, прошли первичные фильтры: 0, не прошли фильтр по цветам: 0, добавлено: 0, новых вин-кодов: 0
2011-01-07T13:48:45+00:00 INFO (6): Тип 32 - найдено: 23, прошли первичные фильтры: 7, не прошли фильтр по цветам: 7, добавлено: 0, новых вин-кодов: 0
2011-01-07T13:49:11+00:00 INFO (6): Тип 33 - найдено: 30, прошли первичные фильтры: 12, не прошли фильтр по цветам: 11, добавлено: 1, новых вин-кодов: 0
2011-01-07T13:49:17+00:00 INFO (6): Тип 34 - найдено: 5, прошли первичные фильтры: 4, не прошли фильтр по цветам: 4, добавлено: 0, новых вин-кодов: 0
2011-01-07T13:49:31+00:00 INFO (6): Тип 35 - найдено: 13, прошли первичные фильтры: 11, не прошли фильтр по цветам: 11, добавлено: 0, новых вин-кодов: 2
2011-01-07T13:49:35+00:00 INFO (6): Тип 36 - найдено: 5, прошли первичные фильтры: 3, не прошли фильтр по цветам: 3, добавлено: 0, новых вин-кодов: 0
2011-01-07T13:49:44+00:00 INFO (6): Тип 37 - найдено: 9, прошли первичные фильтры: 2, не прошли фильтр по цветам: 0, добавлено: 2, новых вин-кодов: 0
2011-01-07T13:50:05+00:00 INFO (6): Тип 38 - найдено: 27, прошли первичные фильтры: 2, не прошли фильтр по цветам: 0, добавлено: 2, новых вин-кодов: 1
2011-01-07T13:50:16+00:00 INFO (6): Тип 39 - найдено: 13, прошли первичные фильтры: 2, не прошли фильтр по цветам: 1, добавлено: 1, новых вин-кодов: 0
2011-01-07T13:50:55+00:00 INFO (6): Тип 40 - найдено: 50, прошли первичные фильтры: 6, не прошли фильтр по цветам: 4, добавлено: 2, новых вин-кодов: 0
2011-01-07T13:51:12+00:00 INFO (6): Тип 41 - найдено: 22, прошли первичные фильтры: 1, не прошли фильтр по цветам: 1, добавлено: 0, новых вин-кодов: 0
2011-01-07T13:51:29+00:00 INFO (6): Тип 42 - найдено: 17, прошли первичные фильтры: 1, не прошли фильтр по цветам: 0, добавлено: 1, новых вин-кодов: 0
2011-01-07T13:51:29+00:00 INFO (6): Завершение задачи
2011-01-07T14:53:12+00:00 INFO (6): Запуск задачи
2011-01-07T14:53:12+00:00 INFO (6): Exporttrader
2011-01-07T14:53:13+00:00 INFO (6): Запрос авторизован
2011-01-07T14:53:25+00:00 INFO (6): Тип 1 - найдено: 77, прошли первичные фильтры: 21, не прошли фильтр по цветам: 6, добавлено: 15, новых вин-кодов: 0
2011-01-07T14:53:32+00:00 INFO (6): Тип 2 - найдено: 145, прошли первичные фильтры: 20, не прошли фильтр по цветам: 5, добавлено: 15, новых вин-кодов: 0
2011-01-07T14:53:34+00:00 INFO (6): Тип 3 - найдено: 17, прошли первичные фильтры: 0, не прошли фильтр по цветам: 0, добавлено: 0, новых вин-кодов: 0
2011-01-07T14:53:37+00:00 INFO (6): Тип 4 - найдено: 58, прошли первичные фильтры: 34, не прошли фильтр по цветам: 26, добавлено: 8, новых вин-кодов: 0
2011-01-07T14:53:40+00:00 INFO (6): Тип 5 - найдено: 47, прошли первичные фильтры: 28, не прошли фильтр по цветам: 22, добавлено: 6, новых вин-кодов: 0
2011-01-07T14:53:41+00:00 INFO (6): Тип 6 - найдено: 13, прошли первичные фильтры: 9, не прошли фильтр по цветам: 7, добавлено: 2, новых вин-кодов: 0
2011-01-07T14:53:43+00:00 INFO (6): Тип 7 - найдено: 16, прошли первичные фильтры: 12, не прошли фильтр по цветам: 11, добавлено: 1, новых вин-кодов: 0
2011-01-07T14:53:44+00:00 INFO (6): Тип 8 - найдено: 6, прошли первичные фильтры: 6, не прошли фильтр по цветам: 4, добавлено: 2, новых вин-кодов: 0
2011-01-07T14:53:47+00:00 INFO (6): Тип 9 - найдено: 62, прошли первичные фильтры: 5, не прошли фильтр по цветам: 0, добавлено: 5, новых вин-кодов: 0
2011-01-07T14:53:57+00:00 INFO (6): Тип 10 - найдено: 115, прошли первичные фильтры: 7, не прошли фильтр по цветам: 0, добавлено: 7, новых вин-кодов: 0
2011-01-07T14:54:01+00:00 INFO (6): Тип 21 - найдено: 84, прошли первичные фильтры: 10, не прошли фильтр по цветам: 10, добавлено: 0, новых вин-кодов: 0
2011-01-07T14:54:08+00:00 INFO (6): Тип 22 - найдено: 157, прошли первичные фильтры: 22, не прошли фильтр по цветам: 18, добавлено: 4, новых вин-кодов: 0
2011-01-07T14:54:12+00:00 INFO (6): Тип 23 - найдено: 73, прошли первичные фильтры: 6, не прошли фильтр по цветам: 5, добавлено: 1, новых вин-кодов: 0
2011-01-07T14:54:17+00:00 INFO (6): Тип 27 - найдено: 85, прошли первичные фильтры: 3, не прошли фильтр по цветам: 2, добавлено: 1, новых вин-кодов: 0
2011-01-07T14:54:17+00:00 INFO (6): Adesa
2011-01-07T14:54:17+00:00 INFO (6): Авторизация: запрос №1 прошел
2011-01-07T14:54:19+00:00 INFO (6): Авторизация: запрос №2 прошел
2011-01-07T14:54:19+00:00 INFO (6): Запрос авторизован
2011-01-07T14:54:19+00:00 INFO (6): Тип 11 - найдено: 10, прошли первичные фильтры: 4, не прошли фильтр по цветам: 3, добавлено: 1, новых вин-кодов: 0
2011-01-07T14:54:19+00:00 INFO (6): Тип 12 - найдено: 8, прошли первичные фильтры: 1, не прошли фильтр по цветам: 0, добавлено: 1, новых вин-кодов: 0
2011-01-07T14:54:20+00:00 INFO (6): Тип 13 - найдено: 2, прошли первичные фильтры: 0, не прошли фильтр по цветам: 0, добавлено: 0, новых вин-кодов: 0
2011-01-07T14:54:21+00:00 INFO (6): Тип 14 - найдено: 4, прошли первичные фильтры: 3, не прошли фильтр по цветам: 3, добавлено: 0, новых вин-кодов: 1
2011-01-07T14:54:21+00:00 INFO (6): Тип 15 - найдено: 3, прошли первичные фильтры: 1, не прошли фильтр по цветам: 0, добавлено: 1, новых вин-кодов: 0
2011-01-07T14:54:22+00:00 INFO (6): Тип 16 - найдено: 0, прошли первичные фильтры: 0, не прошли фильтр по цветам: 0, добавлено: 0, новых вин-кодов: 0
2011-01-07T14:54:22+00:00 INFO (6): Тип 17 - найдено: 2, прошли первичные фильтры: 1, не прошли фильтр по цветам: 1, добавлено: 0, новых вин-кодов: 0
2011-01-07T14:54:22+00:00 INFO (6): Тип 18 - найдено: 0, прошли первичные фильтры: 0, не прошли фильтр по цветам: 0, добавлено: 0, новых вин-кодов: 0
2011-01-07T14:54:22+00:00 INFO (6): Тип 19 - найдено: 13, прошли первичные фильтры: 0, не прошли фильтр по цветам: 0, добавлено: 0, новых вин-кодов: 0
2011-01-07T14:54:23+00:00 INFO (6): Тип 20 - найдено: 23, прошли первичные фильтры: 3, не прошли фильтр по цветам: 0, добавлено: 3, новых вин-кодов: 0
2011-01-07T14:54:23+00:00 INFO (6): Тип 24 - найдено: 14, прошли первичные фильтры: 2, не прошли фильтр по цветам: 2, добавлено: 0, новых вин-кодов: 0
2011-01-07T14:54:23+00:00 INFO (6): Тип 25 - найдено: 27, прошли первичные фильтры: 5, не прошли фильтр по цветам: 3, добавлено: 2, новых вин-кодов: 0
2011-01-07T14:54:23+00:00 INFO (6): Тип 26 - найдено: 10, прошли первичные фильтры: 0, не прошли фильтр по цветам: 0, добавлено: 0, новых вин-кодов: 0
2011-01-07T14:54:24+00:00 INFO (6): Тип 28 - найдено: 16, прошли первичные фильтры: 1, не прошли фильтр по цветам: 0, добавлено: 1, новых вин-кодов: 0
2011-01-07T14:54:24+00:00 INFO (6): Openlane
2011-01-07T14:54:27+00:00 INFO (6): Запрос авторизован
2011-01-07T14:54:28+00:00 INFO (6): Тип 43 - найдено: 4, прошли первичные фильтры: 2, не прошли фильтр по цветам: 1, добавлено: 1, новых вин-кодов: 0
2011-01-07T14:54:30+00:00 INFO (6): Тип 44 - найдено: 3, прошли первичные фильтры: 1, не прошли фильтр по цветам: 0, добавлено: 1, новых вин-кодов: 0
2011-01-07T14:54:30+00:00 INFO (6): Тип 45 - найдено: 1, прошли первичные фильтры: 1, не прошли фильтр по цветам: 0, добавлено: 1, новых вин-кодов: 0
2011-01-07T14:54:33+00:00 INFO (6): Тип 46 - найдено: 3, прошли первичные фильтры: 3, не прошли фильтр по цветам: 3, добавлено: 0, новых вин-кодов: 1
2011-01-07T14:54:33+00:00 INFO (6): Тип 47 - найдено: 2, прошли первичные фильтры: 2, не прошли фильтр по цветам: 1, добавлено: 1, новых вин-кодов: 0
2011-01-07T14:54:34+00:00 INFO (6): Тип 48 - найдено: 2, прошли первичные фильтры: 2, не прошли фильтр по цветам: 2, добавлено: 0, новых вин-кодов: 0
2011-01-07T14:54:35+00:00 INFO (6): Тип 49 - найдено: 0, прошли первичные фильтры: 0, не прошли фильтр по цветам: 0, добавлено: 0, новых вин-кодов: 0
2011-01-07T14:54:36+00:00 INFO (6): Тип 50 - найдено: 0, прошли первичные фильтры: 0, не прошли фильтр по цветам: 0, добавлено: 0, новых вин-кодов: 0
2011-01-07T14:54:37+00:00 INFO (6): Тип 51 - найдено: 0, прошли первичные фильтры: 0, не прошли фильтр по цветам: 0, добавлено: 0, новых вин-кодов: 0
2011-01-07T14:54:38+00:00 INFO (6): Тип 52 - найдено: 4, прошли первичные фильтры: 0, не прошли фильтр по цветам: 0, добавлено: 0, новых вин-кодов: 0
2011-01-07T14:54:39+00:00 INFO (6): Тип 53 - найдено: 0, прошли первичные фильтры: 0, не прошли фильтр по цветам: 0, добавлено: 0, новых вин-кодов: 0
2011-01-07T14:54:39+00:00 INFO (6): Тип 54 - найдено: 3, прошли первичные фильтры: 0, не прошли фильтр по цветам: 0, добавлено: 0, новых вин-кодов: 0
2011-01-07T14:54:40+00:00 INFO (6): Тип 55 - найдено: 0, прошли первичные фильтры: 0, не прошли фильтр по цветам: 0, добавлено: 0, новых вин-кодов: 0
2011-01-07T14:54:41+00:00 INFO (6): Тип 56 - найдено: 0, прошли первичные фильтры: 0, не прошли фильтр по цветам: 0, добавлено: 0, новых вин-кодов: 0
2011-01-07T14:54:41+00:00 INFO (6): Ebay
2011-01-07T14:54:53+00:00 INFO (6): Тип 29 - найдено: 11, прошли первичные фильтры: 1, не прошли фильтр по цветам: 0, добавлено: 1, новых вин-кодов: 1
2011-01-07T14:55:52+00:00 INFO (6): Тип 30 - найдено: 72, прошли первичные фильтры: 2, не прошли фильтр по цветам: 0, добавлено: 2, новых вин-кодов: 0
2011-01-07T14:56:36+00:00 INFO (6): Тип 31 - найдено: 53, прошли первичные фильтры: 0, не прошли фильтр по цветам: 0, добавлено: 0, новых вин-кодов: 0
2011-01-07T14:56:54+00:00 INFO (6): Тип 32 - найдено: 23, прошли первичные фильтры: 7, не прошли фильтр по цветам: 7, добавлено: 0, новых вин-кодов: 0
2011-01-07T14:57:21+00:00 INFO (6): Тип 33 - найдено: 30, прошли первичные фильтры: 12, не прошли фильтр по цветам: 11, добавлено: 1, новых вин-кодов: 0
2011-01-07T14:57:28+00:00 INFO (6): Тип 34 - найдено: 5, прошли первичные фильтры: 4, не прошли фильтр по цветам: 4, добавлено: 0, новых вин-кодов: 0
2011-01-07T14:57:39+00:00 INFO (6): Тип 35 - найдено: 13, прошли первичные фильтры: 11, не прошли фильтр по цветам: 11, добавлено: 0, новых вин-кодов: 0
2011-01-07T14:57:43+00:00 INFO (6): Тип 36 - найдено: 5, прошли первичные фильтры: 3, не прошли фильтр по цветам: 3, добавлено: 0, новых вин-кодов: 0
2011-01-07T14:57:52+00:00 INFO (6): Тип 37 - найдено: 9, прошли первичные фильтры: 2, не прошли фильтр по цветам: 0, добавлено: 2, новых вин-кодов: 0
2011-01-07T14:58:14+00:00 INFO (6): Тип 38 - найдено: 26, прошли первичные фильтры: 2, не прошли фильтр по цветам: 0, добавлено: 2, новых вин-кодов: 0
2011-01-07T14:58:25+00:00 INFO (6): Тип 39 - найдено: 13, прошли первичные фильтры: 2, не прошли фильтр по цветам: 1, добавлено: 1, новых вин-кодов: 0
2011-01-07T14:59:07+00:00 INFO (6): Тип 40 - найдено: 50, прошли первичные фильтры: 6, не прошли фильтр по цветам: 4, добавлено: 2, новых вин-кодов: 0
2011-01-07T14:59:22+00:00 INFO (6): Тип 41 - найдено: 22, прошли первичные фильтры: 1, не прошли фильтр по цветам: 1, добавлено: 0, новых вин-кодов: 0
2011-01-07T14:59:36+00:00 INFO (6): Тип 42 - найдено: 17, прошли первичные фильтры: 1, не прошли фильтр по цветам: 0, добавлено: 1, новых вин-кодов: 0
2011-01-07T14:59:36+00:00 INFO (6): Завершение задачи
2011-01-07T15:24:24+00:00 INFO (6): Запуск задачи
2011-01-07T15:24:24+00:00 INFO (6): Exporttrader
2011-01-07T15:24:25+00:00 INFO (6): Запрос авторизован
2011-01-07T15:24:29+00:00 INFO (6): Тип 1 - найдено: 77, прошли первичные фильтры: 21, не прошли фильтр по цветам: 6, добавлено: 15, новых вин-кодов: 0
2011-01-07T15:24:41+00:00 INFO (6): Тип 2 - найдено: 145, прошли первичные фильтры: 20, не прошли фильтр по цветам: 5, добавлено: 15, новых вин-кодов: 0
2011-01-07T15:24:43+00:00 INFO (6): Тип 3 - найдено: 17, прошли первичные фильтры: 0, не прошли фильтр по цветам: 0, добавлено: 0, новых вин-кодов: 0
2011-01-07T15:24:50+00:00 INFO (6): Тип 4 - найдено: 58, прошли первичные фильтры: 34, не прошли фильтр по цветам: 26, добавлено: 8, новых вин-кодов: 0
2011-01-07T15:24:55+00:00 INFO (6): Тип 5 - найдено: 47, прошли первичные фильтры: 28, не прошли фильтр по цветам: 22, добавлено: 6, новых вин-кодов: 0
2011-01-07T15:24:59+00:00 INFO (6): Тип 6 - найдено: 13, прошли первичные фильтры: 9, не прошли фильтр по цветам: 7, добавлено: 2, новых вин-кодов: 0
2011-01-07T15:25:02+00:00 INFO (6): Тип 7 - найдено: 16, прошли первичные фильтры: 12, не прошли фильтр по цветам: 11, добавлено: 1, новых вин-кодов: 0
2011-01-07T15:25:04+00:00 INFO (6): Тип 8 - найдено: 6, прошли первичные фильтры: 6, не прошли фильтр по цветам: 4, добавлено: 2, новых вин-кодов: 0
2011-01-07T15:25:08+00:00 INFO (6): Тип 9 - найдено: 62, прошли первичные фильтры: 5, не прошли фильтр по цветам: 0, добавлено: 5, новых вин-кодов: 0
2011-01-07T15:25:18+00:00 INFO (6): Тип 10 - найдено: 115, прошли первичные фильтры: 7, не прошли фильтр по цветам: 0, добавлено: 7, новых вин-кодов: 0
2011-01-07T15:25:24+00:00 INFO (6): Тип 21 - найдено: 84, прошли первичные фильтры: 10, не прошли фильтр по цветам: 10, добавлено: 0, новых вин-кодов: 0
2011-01-07T15:25:37+00:00 INFO (6): Тип 22 - найдено: 157, прошли первичные фильтры: 22, не прошли фильтр по цветам: 18, добавлено: 4, новых вин-кодов: 0
2011-01-07T15:25:44+00:00 INFO (6): Тип 23 - найдено: 73, прошли первичные фильтры: 6, не прошли фильтр по цветам: 5, добавлено: 1, новых вин-кодов: 0
2011-01-07T15:25:53+00:00 INFO (6): Тип 27 - найдено: 85, прошли первичные фильтры: 3, не прошли фильтр по цветам: 2, добавлено: 1, новых вин-кодов: 0
2011-01-07T15:25:53+00:00 INFO (6): Adesa
2011-01-07T15:25:54+00:00 INFO (6): Запрос авторизован
2011-01-07T15:25:55+00:00 INFO (6): Тип 11 - найдено: 10, прошли первичные фильтры: 4, не прошли фильтр по цветам: 3, добавлено: 1, новых вин-кодов: 0
2011-01-07T15:25:55+00:00 INFO (6): Тип 12 - найдено: 8, прошли первичные фильтры: 1, не прошли фильтр по цветам: 0, добавлено: 1, новых вин-кодов: 0
2011-01-07T15:25:55+00:00 INFO (6): Тип 13 - найдено: 2, прошли первичные фильтры: 0, не прошли фильтр по цветам: 0, добавлено: 0, новых вин-кодов: 0
2011-01-07T15:25:55+00:00 INFO (6): Тип 14 - найдено: 4, прошли первичные фильтры: 3, не прошли фильтр по цветам: 3, добавлено: 0, новых вин-кодов: 0
2011-01-07T15:25:56+00:00 INFO (6): Тип 15 - найдено: 3, прошли первичные фильтры: 1, не прошли фильтр по цветам: 0, добавлено: 1, новых вин-кодов: 0
2011-01-07T15:25:56+00:00 INFO (6): Тип 16 - найдено: 0, прошли первичные фильтры: 0, не прошли фильтр по цветам: 0, добавлено: 0, новых вин-кодов: 0
2011-01-07T15:25:56+00:00 INFO (6): Тип 17 - найдено: 2, прошли первичные фильтры: 1, не прошли фильтр по цветам: 1, добавлено: 0, новых вин-кодов: 0
2011-01-07T15:25:56+00:00 INFO (6): Тип 18 - найдено: 0, прошли первичные фильтры: 0, не прошли фильтр по цветам: 0, добавлено: 0, новых вин-кодов: 0
2011-01-07T15:25:56+00:00 INFO (6): Тип 19 - найдено: 13, прошли первичные фильтры: 0, не прошли фильтр по цветам: 0, добавлено: 0, новых вин-кодов: 0
2011-01-07T15:25:57+00:00 INFO (6): Тип 20 - найдено: 23, прошли первичные фильтры: 3, не прошли фильтр по цветам: 0, добавлено: 3, новых вин-кодов: 0
2011-01-07T15:25:57+00:00 INFO (6): Тип 24 - найдено: 14, прошли первичные фильтры: 2, не прошли фильтр по цветам: 2, добавлено: 0, новых вин-кодов: 0
2011-01-07T15:25:57+00:00 INFO (6): Тип 25 - найдено: 27, прошли первичные фильтры: 5, не прошли фильтр по цветам: 3, добавлено: 2, новых вин-кодов: 0
2011-01-07T15:25:58+00:00 INFO (6): Тип 26 - найдено: 10, прошли первичные фильтры: 0, не прошли фильтр по цветам: 0, добавлено: 0, новых вин-кодов: 0
2011-01-07T15:25:58+00:00 INFO (6): Тип 28 - найдено: 16, прошли первичные фильтры: 1, не прошли фильтр по цветам: 0, добавлено: 1, новых вин-кодов: 0
2011-01-07T15:25:58+00:00 INFO (6): Openlane
2011-01-07T15:26:01+00:00 INFO (6): Запрос авторизован
2011-01-07T15:26:03+00:00 INFO (6): Тип 43 - найдено: 4, прошли первичные фильтры: 2, не прошли фильтр по цветам: 1, добавлено: 1, новых вин-кодов: 0
2011-01-07T15:26:04+00:00 INFO (6): Тип 44 - найдено: 3, прошли первичные фильтры: 1, не прошли фильтр по цветам: 0, добавлено: 1, новых вин-кодов: 0
2011-01-07T15:26:05+00:00 INFO (6): Тип 45 - найдено: 1, прошли первичные фильтры: 1, не прошли фильтр по цветам: 0, добавлено: 1, новых вин-кодов: 0
2011-01-07T15:26:06+00:00 INFO (6): Тип 46 - найдено: 3, прошли первичные фильтры: 3, не прошли фильтр по цветам: 3, добавлено: 0, новых вин-кодов: 0
2011-01-07T15:26:07+00:00 INFO (6): Тип 47 - найдено: 2, прошли первичные фильтры: 2, не прошли фильтр по цветам: 1, добавлено: 1, новых вин-кодов: 0
2011-01-07T15:26:08+00:00 INFO (6): Тип 48 - найдено: 2, прошли первичные фильтры: 2, не прошли фильтр по цветам: 2, добавлено: 0, новых вин-кодов: 0
2011-01-07T15:26:08+00:00 INFO (6): Тип 49 - найдено: 0, прошли первичные фильтры: 0, не прошли фильтр по цветам: 0, добавлено: 0, новых вин-кодов: 0
2011-01-07T15:26:09+00:00 INFO (6): Тип 50 - найдено: 0, прошли первичные фильтры: 0, не прошли фильтр по цветам: 0, добавлено: 0, новых вин-кодов: 0
2011-01-07T15:26:10+00:00 INFO (6): Тип 51 - найдено: 0, прошли первичные фильтры: 0, не прошли фильтр по цветам: 0, добавлено: 0, новых вин-кодов: 0
2011-01-07T15:26:11+00:00 INFO (6): Тип 52 - найдено: 4, прошли первичные фильтры: 0, не прошли фильтр по цветам: 0, добавлено: 0, новых вин-кодов: 0
2011-01-07T15:26:12+00:00 INFO (6): Тип 53 - найдено: 0, прошли первичные фильтры: 0, не прошли фильтр по цветам: 0, добавлено: 0, новых вин-кодов: 0
2011-01-07T15:26:13+00:00 INFO (6): Тип 54 - найдено: 3, прошли первичные фильтры: 0, не прошли фильтр по цветам: 0, добавлено: 0, новых вин-кодов: 0
2011-01-07T15:26:13+00:00 INFO (6): Тип 55 - найдено: 0, прошли первичные фильтры: 0, не прошли фильтр по цветам: 0, добавлено: 0, новых вин-кодов: 0
2011-01-07T15:26:14+00:00 INFO (6): Тип 56 - найдено: 0, прошли первичные фильтры: 0, не прошли фильтр по цветам: 0, добавлено: 0, новых вин-кодов: 0
2011-01-07T15:26:14+00:00 INFO (6): Ebay
2011-01-07T15:26:23+00:00 INFO (6): Тип 29 - найдено: 11, прошли первичные фильтры: 1, не прошли фильтр по цветам: 0, добавлено: 1, новых вин-кодов: 0
2011-01-07T15:27:15+00:00 INFO (6): Тип 30 - найдено: 72, прошли первичные фильтры: 2, не прошли фильтр по цветам: 0, добавлено: 2, новых вин-кодов: 0
2011-01-07T15:27:54+00:00 INFO (6): Тип 31 - найдено: 53, прошли первичные фильтры: 0, не прошли фильтр по цветам: 0, добавлено: 0, новых вин-кодов: 0
2011-01-07T15:28:11+00:00 INFO (6): Тип 32 - найдено: 23, прошли первичные фильтры: 7, не прошли фильтр по цветам: 7, добавлено: 0, новых вин-кодов: 0
2011-01-07T15:28:35+00:00 INFO (6): Тип 33 - найдено: 30, прошли первичные фильтры: 12, не прошли фильтр по цветам: 11, добавлено: 1, новых вин-кодов: 0
2011-01-07T15:28:40+00:00 INFO (6): Тип 34 - найдено: 5, прошли первичные фильтры: 4, не прошли фильтр по цветам: 4, добавлено: 0, новых вин-кодов: 0
2011-01-07T15:28:50+00:00 INFO (6): Тип 35 - найдено: 13, прошли первичные фильтры: 11, не прошли фильтр по цветам: 11, добавлено: 0, новых вин-кодов: 0
2011-01-07T15:28:54+00:00 INFO (6): Тип 36 - найдено: 5, прошли первичные фильтры: 3, не прошли фильтр по цветам: 3, добавлено: 0, новых вин-кодов: 0
2011-01-07T15:29:02+00:00 INFO (6): Тип 37 - найдено: 9, прошли первичные фильтры: 2, не прошли фильтр по цветам: 0, добавлено: 2, новых вин-кодов: 0
2011-01-07T15:29:21+00:00 INFO (6): Тип 38 - найдено: 26, прошли первичные фильтры: 2, не прошли фильтр по цветам: 0, добавлено: 2, новых вин-кодов: 0
2011-01-07T15:29:32+00:00 INFO (6): Тип 39 - найдено: 13, прошли первичные фильтры: 2, не прошли фильтр по цветам: 1, добавлено: 1, новых вин-кодов: 0
2011-01-07T15:30:08+00:00 INFO (6): Тип 40 - найдено: 50, прошли первичные фильтры: 6, не прошли фильтр по цветам: 4, добавлено: 2, новых вин-кодов: 0
2011-01-07T15:30:24+00:00 INFO (6): Тип 41 - найдено: 22, прошли первичные фильтры: 1, не прошли фильтр по цветам: 1, добавлено: 0, новых вин-кодов: 0
2011-01-07T15:30:39+00:00 INFO (6): Тип 42 - найдено: 17, прошли первичные фильтры: 1, не прошли фильтр по цветам: 0, добавлено: 1, новых вин-кодов: 0
2011-01-07T15:30:39+00:00 INFO (6): Завершение задачи
2011-01-07T15:53:07+00:00 INFO (6): Запуск задачи
2011-01-07T15:53:07+00:00 INFO (6): Exporttrader
2011-01-07T15:53:08+00:00 INFO (6): Запрос авторизован
2011-01-07T15:53:21+00:00 INFO (6): Тип 1 - найдено: 77, прошли первичные фильтры: 21, не прошли фильтр по цветам: 6, добавлено: 15, новых вин-кодов: 0
2011-01-07T15:53:30+00:00 INFO (6): Тип 2 - найдено: 147, прошли первичные фильтры: 20, не прошли фильтр по цветам: 5, добавлено: 15, новых вин-кодов: 0
2011-01-07T15:53:31+00:00 INFO (6): Тип 3 - найдено: 17, прошли первичные фильтры: 0, не прошли фильтр по цветам: 0, добавлено: 0, новых вин-кодов: 0
2011-01-07T15:53:34+00:00 INFO (6): Тип 4 - найдено: 58, прошли первичные фильтры: 34, не прошли фильтр по цветам: 26, добавлено: 8, новых вин-кодов: 0
2011-01-07T15:53:37+00:00 INFO (6): Тип 5 - найдено: 47, прошли первичные фильтры: 28, не прошли фильтр по цветам: 22, добавлено: 6, новых вин-кодов: 0
2011-01-07T15:53:39+00:00 INFO (6): Тип 6 - найдено: 13, прошли первичные фильтры: 9, не прошли фильтр по цветам: 7, добавлено: 2, новых вин-кодов: 0
2011-01-07T15:53:40+00:00 INFO (6): Тип 7 - найдено: 16, прошли первичные фильтры: 12, не прошли фильтр по цветам: 11, добавлено: 1, новых вин-кодов: 0
2011-01-07T15:53:42+00:00 INFO (6): Тип 8 - найдено: 6, прошли первичные фильтры: 6, не прошли фильтр по цветам: 4, добавлено: 2, новых вин-кодов: 0
2011-01-07T15:53:45+00:00 INFO (6): Тип 9 - найдено: 69, прошли первичные фильтры: 5, не прошли фильтр по цветам: 0, добавлено: 5, новых вин-кодов: 0
2011-01-07T15:53:51+00:00 INFO (6): Тип 10 - найдено: 121, прошли первичные фильтры: 7, не прошли фильтр по цветам: 0, добавлено: 7, новых вин-кодов: 0
2011-01-07T15:53:56+00:00 INFO (6): Тип 21 - найдено: 84, прошли первичные фильтры: 10, не прошли фильтр по цветам: 10, добавлено: 0, новых вин-кодов: 0
2011-01-07T15:54:03+00:00 INFO (6): Тип 22 - найдено: 157, прошли первичные фильтры: 22, не прошли фильтр по цветам: 18, добавлено: 4, новых вин-кодов: 0
2011-01-07T15:54:08+00:00 INFO (6): Тип 23 - найдено: 73, прошли первичные фильтры: 6, не прошли фильтр по цветам: 5, добавлено: 1, новых вин-кодов: 0
2011-01-07T15:54:12+00:00 INFO (6): Тип 27 - найдено: 85, прошли первичные фильтры: 3, не прошли фильтр по цветам: 2, добавлено: 1, новых вин-кодов: 0
2011-01-07T15:54:12+00:00 INFO (6): Adesa
2011-01-07T15:54:14+00:00 INFO (6): Запрос авторизован
2011-01-07T15:54:14+00:00 INFO (6): Тип 11 - найдено: 10, прошли первичные фильтры: 4, не прошли фильтр по цветам: 3, добавлено: 1, новых вин-кодов: 0
2011-01-07T15:54:14+00:00 INFO (6): Тип 12 - найдено: 8, прошли первичные фильтры: 1, не прошли фильтр по цветам: 0, добавлено: 1, новых вин-кодов: 0
2011-01-07T15:54:15+00:00 INFO (6): Тип 13 - найдено: 2, прошли первичные фильтры: 0, не прошли фильтр по цветам: 0, добавлено: 0, новых вин-кодов: 0
2011-01-07T15:54:15+00:00 INFO (6): Тип 14 - найдено: 3, прошли первичные фильтры: 2, не прошли фильтр по цветам: 2, добавлено: 0, новых вин-кодов: 0
2011-01-07T15:54:15+00:00 INFO (6): Тип 15 - найдено: 3, прошли первичные фильтры: 1, не прошли фильтр по цветам: 0, добавлено: 1, новых вин-кодов: 0
2011-01-07T15:54:15+00:00 INFO (6): Тип 16 - найдено: 0, прошли первичные фильтры: 0, не прошли фильтр по цветам: 0, добавлено: 0, новых вин-кодов: 0
2011-01-07T15:54:15+00:00 INFO (6): Тип 17 - найдено: 2, прошли первичные фильтры: 1, не прошли фильтр по цветам: 1, добавлено: 0, новых вин-кодов: 0
2011-01-07T15:54:16+00:00 INFO (6): Тип 18 - найдено: 0, прошли первичные фильтры: 0, не прошли фильтр по цветам: 0, добавлено: 0, новых вин-кодов: 0
2011-01-07T15:54:16+00:00 INFO (6): Тип 19 - найдено: 12, прошли первичные фильтры: 0, не прошли фильтр по цветам: 0, добавлено: 0, новых вин-кодов: 0
2011-01-07T15:54:16+00:00 INFO (6): Тип 20 - найдено: 24, прошли первичные фильтры: 3, не прошли фильтр по цветам: 0, добавлено: 3, новых вин-кодов: 0
2011-01-07T15:54:16+00:00 INFO (6): Тип 24 - найдено: 13, прошли первичные фильтры: 2, не прошли фильтр по цветам: 2, добавлено: 0, новых вин-кодов: 0
2011-01-07T15:54:17+00:00 INFO (6): Тип 25 - найдено: 27, прошли первичные фильтры: 5, не прошли фильтр по цветам: 3, добавлено: 2, новых вин-кодов: 0
2011-01-07T15:54:17+00:00 INFO (6): Тип 26 - найдено: 10, прошли первичные фильтры: 0, не прошли фильтр по цветам: 0, добавлено: 0, новых вин-кодов: 0
2011-01-07T15:54:17+00:00 INFO (6): Тип 28 - найдено: 15, прошли первичные фильтры: 1, не прошли фильтр по цветам: 0, добавлено: 1, новых вин-кодов: 0
2011-01-07T15:54:17+00:00 INFO (6): Openlane
2011-01-07T15:54:25+00:00 INFO (6): Запрос авторизован
2011-01-07T15:54:26+00:00 INFO (6): Тип 43 - найдено: 4, прошли первичные фильтры: 2, не прошли фильтр по цветам: 1, добавлено: 1, новых вин-кодов: 0
2011-01-07T15:54:27+00:00 INFO (6): Тип 44 - найдено: 3, прошли первичные фильтры: 1, не прошли фильтр по цветам: 0, добавлено: 1, новых вин-кодов: 0
2011-01-07T15:54:28+00:00 INFO (6): Тип 45 - найдено: 1, прошли первичные фильтры: 1, не прошли фильтр по цветам: 0, добавлено: 1, новых вин-кодов: 0
2011-01-07T15:54:29+00:00 INFO (6): Тип 46 - найдено: 3, прошли первичные фильтры: 3, не прошли фильтр по цветам: 3, добавлено: 0, новых вин-кодов: 0
2011-01-07T15:54:30+00:00 INFO (6): Тип 47 - найдено: 2, прошли первичные фильтры: 2, не прошли фильтр по цветам: 1, добавлено: 1, новых вин-кодов: 0
2011-01-07T15:54:30+00:00 INFO (6): Тип 48 - найдено: 2, прошли первичные фильтры: 2, не прошли фильтр по цветам: 2, добавлено: 0, новых вин-кодов: 0
2011-01-07T15:54:31+00:00 INFO (6): Тип 49 - найдено: 0, прошли первичные фильтры: 0, не прошли фильтр по цветам: 0, добавлено: 0, новых вин-кодов: 0
2011-01-07T15:54:32+00:00 INFO (6): Тип 50 - найдено: 0, прошли первичные фильтры: 0, не прошли фильтр по цветам: 0, добавлено: 0, новых вин-кодов: 0
2011-01-07T15:54:33+00:00 INFO (6): Тип 51 - найдено: 0, прошли первичные фильтры: 0, не прошли фильтр по цветам: 0, добавлено: 0, новых вин-кодов: 0
2011-01-07T15:54:34+00:00 INFO (6): Тип 52 - найдено: 4, прошли первичные фильтры: 0, не прошли фильтр по цветам: 0, добавлено: 0, новых вин-кодов: 0
2011-01-07T15:54:35+00:00 INFO (6): Тип 53 - найдено: 0, прошли первичные фильтры: 0, не прошли фильтр по цветам: 0, добавлено: 0, новых вин-кодов: 0
2011-01-07T15:54:36+00:00 INFO (6): Тип 54 - найдено: 3, прошли первичные фильтры: 0, не прошли фильтр по цветам: 0, добавлено: 0, новых вин-кодов: 0
2011-01-07T15:54:36+00:00 INFO (6): Тип 55 - найдено: 0, прошли первичные фильтры: 0, не прошли фильтр по цветам: 0, добавлено: 0, новых вин-кодов: 0
2011-01-07T15:54:37+00:00 INFO (6): Тип 56 - найдено: 0, прошли первичные фильтры: 0, не прошли фильтр по цветам: 0, добавлено: 0, новых вин-кодов: 0
2011-01-07T15:54:37+00:00 INFO (6): Ebay
2011-01-07T15:54:47+00:00 INFO (6): Тип 29 - найдено: 10, прошли первичные фильтры: 1, не прошли фильтр по цветам: 0, добавлено: 1, новых вин-кодов: 0
2011-01-07T15:55:44+00:00 INFO (6): Тип 30 - найдено: 72, прошли первичные фильтры: 2, не прошли фильтр по цветам: 0, добавлено: 2, новых вин-кодов: 0
2011-01-07T15:56:26+00:00 INFO (6): Тип 31 - найдено: 53, прошли первичные фильтры: 0, не прошли фильтр по цветам: 0, добавлено: 0, новых вин-кодов: 0
2011-01-07T15:56:46+00:00 INFO (6): Тип 32 - найдено: 24, прошли первичные фильтры: 8, не прошли фильтр по цветам: 8, добавлено: 0, новых вин-кодов: 0
2011-01-07T15:57:11+00:00 INFO (6): Тип 33 - найдено: 30, прошли первичные фильтры: 12, не прошли фильтр по цветам: 11, добавлено: 1, новых вин-кодов: 0
2011-01-07T15:57:17+00:00 INFO (6): Тип 34 - найдено: 5, прошли первичные фильтры: 4, не прошли фильтр по цветам: 4, добавлено: 0, новых вин-кодов: 0
2011-01-07T15:57:29+00:00 INFO (6): Тип 35 - найдено: 13, прошли первичные фильтры: 11, не прошли фильтр по цветам: 11, добавлено: 0, новых вин-кодов: 0
2011-01-07T15:57:33+00:00 INFO (6): Тип 36 - найдено: 5, прошли первичные фильтры: 3, не прошли фильтр по цветам: 3, добавлено: 0, новых вин-кодов: 0
2011-01-07T15:57:42+00:00 INFO (6): Тип 37 - найдено: 9, прошли первичные фильтры: 2, не прошли фильтр по цветам: 0, добавлено: 2, новых вин-кодов: 0
2011-01-07T16:24:17+00:00 INFO (6): Запуск задачи
2011-01-07T16:24:17+00:00 INFO (6): Exporttrader
2011-01-07T16:24:17+00:00 INFO (6): Запрос авторизован
2011-01-07T16:24:21+00:00 INFO (6): Тип 1 - найдено: 78, прошли первичные фильтры: 21, не прошли фильтр по цветам: 6, добавлено: 15, новых вин-кодов: 0
2011-01-07T16:24:27+00:00 INFO (6): Тип 2 - найдено: 147, прошли первичные фильтры: 20, не прошли фильтр по цветам: 5, добавлено: 15, новых вин-кодов: 0
2011-01-07T16:24:29+00:00 INFO (6): Тип 3 - найдено: 18, прошли первичные фильтры: 0, не прошли фильтр по цветам: 0, добавлено: 0, новых вин-кодов: 0
2011-01-07T16:24:34+00:00 INFO (6): Тип 4 - найдено: 59, прошли первичные фильтры: 35, не прошли фильтр по цветам: 27, добавлено: 8, новых вин-кодов: 0
2011-01-07T16:24:36+00:00 INFO (6): Тип 5 - найдено: 47, прошли первичные фильтры: 28, не прошли фильтр по цветам: 22, добавлено: 6, новых вин-кодов: 0
2011-01-07T16:24:37+00:00 INFO (6): Тип 6 - найдено: 13, прошли первичные фильтры: 9, не прошли фильтр по цветам: 7, добавлено: 2, новых вин-кодов: 0
2011-01-07T16:24:39+00:00 INFO (6): Тип 7 - найдено: 16, прошли первичные фильтры: 12, не прошли фильтр по цветам: 11, добавлено: 1, новых вин-кодов: 0
2011-01-07T16:24:41+00:00 INFO (6): Тип 8 - найдено: 6, прошли первичные фильтры: 6, не прошли фильтр по цветам: 4, добавлено: 2, новых вин-кодов: 0
2011-01-07T16:24:44+00:00 INFO (6): Тип 9 - найдено: 69, прошли первичные фильтры: 5, не прошли фильтр по цветам: 0, добавлено: 5, новых вин-кодов: 0
2011-01-07T16:24:50+00:00 INFO (6): Тип 10 - найдено: 122, прошли первичные фильтры: 7, не прошли фильтр по цветам: 0, добавлено: 7, новых вин-кодов: 0
2011-01-07T16:24:54+00:00 INFO (6): Тип 21 - найдено: 92, прошли первичные фильтры: 10, не прошли фильтр по цветам: 10, добавлено: 0, новых вин-кодов: 0
2011-01-07T16:25:03+00:00 INFO (6): Тип 22 - найдено: 162, прошли первичные фильтры: 22, не прошли фильтр по цветам: 18, добавлено: 4, новых вин-кодов: 0
2011-01-07T16:25:07+00:00 INFO (6): Тип 23 - найдено: 76, прошли первичные фильтры: 6, не прошли фильтр по цветам: 5, добавлено: 1, новых вин-кодов: 0
2011-01-07T16:25:12+00:00 INFO (6): Тип 27 - найдено: 93, прошли первичные фильтры: 3, не прошли фильтр по цветам: 2, добавлено: 1, новых вин-кодов: 0
2011-01-07T16:25:12+00:00 INFO (6): Adesa
2011-01-07T16:25:13+00:00 INFO (6): Запрос авторизован
2011-01-07T16:25:14+00:00 INFO (6): Тип 11 - найдено: 9, прошли первичные фильтры: 3, не прошли фильтр по цветам: 3, добавлено: 0, новых вин-кодов: 0
2011-01-07T16:25:14+00:00 INFO (6): Тип 12 - найдено: 8, прошли первичные фильтры: 1, не прошли фильтр по цветам: 0, добавлено: 1, новых вин-кодов: 0
2011-01-07T16:25:14+00:00 INFO (6): Тип 13 - найдено: 2, прошли первичные фильтры: 0, не прошли фильтр по цветам: 0, добавлено: 0, новых вин-кодов: 0
2011-01-07T16:25:14+00:00 INFO (6): Тип 14 - найдено: 3, прошли первичные фильтры: 2, не прошли фильтр по цветам: 2, добавлено: 0, новых вин-кодов: 0
2011-01-07T16:25:15+00:00 INFO (6): Тип 15 - найдено: 3, прошли первичные фильтры: 1, не прошли фильтр по цветам: 0, добавлено: 1, новых вин-кодов: 0
2011-01-07T16:25:15+00:00 INFO (6): Тип 16 - найдено: 0, прошли первичные фильтры: 0, не прошли фильтр по цветам: 0, добавлено: 0, новых вин-кодов: 0
2011-01-07T16:25:15+00:00 INFO (6): Тип 17 - найдено: 2, прошли первичные фильтры: 1, не прошли фильтр по цветам: 1, добавлено: 0, новых вин-кодов: 0
2011-01-07T16:25:15+00:00 INFO (6): Тип 18 - найдено: 0, прошли первичные фильтры: 0, не прошли фильтр по цветам: 0, добавлено: 0, новых вин-кодов: 0
2011-01-07T16:25:15+00:00 INFO (6): Тип 19 - найдено: 11, прошли первичные фильтры: 0, не прошли фильтр по цветам: 0, добавлено: 0, новых вин-кодов: 0
2011-01-07T16:25:16+00:00 INFO (6): Тип 20 - найдено: 24, прошли первичные фильтры: 3, не прошли фильтр по цветам: 0, добавлено: 3, новых вин-кодов: 0
2011-01-07T16:25:16+00:00 INFO (6): Тип 24 - найдено: 14, прошли первичные фильтры: 2, не прошли фильтр по цветам: 2, добавлено: 0, новых вин-кодов: 0
2011-01-07T16:25:16+00:00 INFO (6): Тип 25 - найдено: 28, прошли первичные фильтры: 5, не прошли фильтр по цветам: 3, добавлено: 2, новых вин-кодов: 0
2011-01-07T16:25:17+00:00 INFO (6): Тип 26 - найдено: 10, прошли первичные фильтры: 0, не прошли фильтр по цветам: 0, добавлено: 0, новых вин-кодов: 0
2011-01-07T16:25:17+00:00 INFO (6): Тип 28 - найдено: 15, прошли первичные фильтры: 1, не прошли фильтр по цветам: 0, добавлено: 1, новых вин-кодов: 0
2011-01-07T16:25:17+00:00 INFO (6): Openlane
2011-01-07T16:25:21+00:00 INFO (6): Запрос авторизован
2011-01-07T16:25:22+00:00 INFO (6): Тип 43 - найдено: 4, прошли первичные фильтры: 2, не прошли фильтр по цветам: 1, добавлено: 1, новых вин-кодов: 0
2011-01-07T16:25:23+00:00 INFO (6): Тип 44 - найдено: 3, прошли первичные фильтры: 1, не прошли фильтр по цветам: 0, добавлено: 1, новых вин-кодов: 0
2011-01-07T16:25:24+00:00 INFO (6): Тип 45 - найдено: 1, прошли первичные фильтры: 1, не прошли фильтр по цветам: 0, добавлено: 1, новых вин-кодов: 0
2011-01-07T16:25:25+00:00 INFO (6): Тип 46 - найдено: 3, прошли первичные фильтры: 3, не прошли фильтр по цветам: 3, добавлено: 0, новых вин-кодов: 0
2011-01-07T16:25:26+00:00 INFO (6): Тип 47 - найдено: 2, прошли первичные фильтры: 2, не прошли фильтр по цветам: 1, добавлено: 1, новых вин-кодов: 0
2011-01-07T16:25:27+00:00 INFO (6): Тип 48 - найдено: 2, прошли первичные фильтры: 2, не прошли фильтр по цветам: 2, добавлено: 0, новых вин-кодов: 0
2011-01-07T16:25:28+00:00 INFO (6): Тип 49 - найдено: 0, прошли первичные фильтры: 0, не прошли фильтр по цветам: 0, добавлено: 0, новых вин-кодов: 0
2011-01-07T16:25:29+00:00 INFO (6): Тип 50 - найдено: 0, прошли первичные фильтры: 0, не прошли фильтр по цветам: 0, добавлено: 0, новых вин-кодов: 0
2011-01-07T16:25:29+00:00 INFO (6): Тип 51 - найдено: 0, прошли первичные фильтры: 0, не прошли фильтр по цветам: 0, добавлено: 0, новых вин-кодов: 0
2011-01-07T16:25:30+00:00 INFO (6): Тип 52 - найдено: 4, прошли первичные фильтры: 0, не прошли фильтр по цветам: 0, добавлено: 0, новых вин-кодов: 0
2011-01-07T16:25:31+00:00 INFO (6): Тип 53 - найдено: 0, прошли первичные фильтры: 0, не прошли фильтр по цветам: 0, добавлено: 0, новых вин-кодов: 0
2011-01-07T16:25:32+00:00 INFO (6): Тип 54 - найдено: 3, прошли первичные фильтры: 0, не прошли фильтр по цветам: 0, добавлено: 0, новых вин-кодов: 0
2011-01-07T16:25:33+00:00 INFO (6): Тип 55 - найдено: 0, прошли первичные фильтры: 0, не прошли фильтр по цветам: 0, добавлено: 0, новых вин-кодов: 0
2011-01-07T16:25:34+00:00 INFO (6): Тип 56 - найдено: 0, прошли первичные фильтры: 0, не прошли фильтр по цветам: 0, добавлено: 0, новых вин-кодов: 0
2011-01-07T16:25:34+00:00 INFO (6): Ebay
2011-01-07T16:25:45+00:00 INFO (6): Тип 29 - найдено: 10, прошли первичные фильтры: 1, не прошли фильтр по цветам: 0, добавлено: 1, новых вин-кодов: 0
2011-01-07T16:26:41+00:00 INFO (6): Тип 30 - найдено: 72, прошли первичные фильтры: 2, не прошли фильтр по цветам: 0, добавлено: 2, новых вин-кодов: 0
2011-01-07T16:27:21+00:00 INFO (6): Тип 31 - найдено: 53, прошли первичные фильтры: 0, не прошли фильтр по цветам: 0, добавлено: 0, новых вин-кодов: 0
2011-01-07T16:27:41+00:00 INFO (6): Тип 32 - найдено: 24, прошли первичные фильтры: 8, не прошли фильтр по цветам: 8, добавлено: 0, новых вин-кодов: 0
2011-01-07T16:28:09+00:00 INFO (6): Тип 33 - найдено: 30, прошли первичные фильтры: 12, не прошли фильтр по цветам: 11, добавлено: 1, новых вин-кодов: 0
2011-01-07T16:28:14+00:00 INFO (6): Тип 34 - найдено: 5, прошли первичные фильтры: 4, не прошли фильтр по цветам: 4, добавлено: 0, новых вин-кодов: 0
2011-01-07T16:28:25+00:00 INFO (6): Тип 35 - найдено: 13, прошли первичные фильтры: 11, не прошли фильтр по цветам: 11, добавлено: 0, новых вин-кодов: 0
2011-01-07T16:28:32+00:00 INFO (6): Тип 36 - найдено: 6, прошли первичные фильтры: 4, не прошли фильтр по цветам: 4, добавлено: 0, новых вин-кодов: 1
2011-01-07T16:28:41+00:00 INFO (6): Тип 37 - найдено: 9, прошли первичные фильтры: 2, не прошли фильтр по цветам: 0, добавлено: 2, новых вин-кодов: 0
2011-01-07T16:29:01+00:00 INFO (6): Тип 38 - найдено: 25, прошли первичные фильтры: 2, не прошли фильтр по цветам: 0, добавлено: 2, новых вин-кодов: 0
2011-01-07T16:29:12+00:00 INFO (6): Тип 39 - найдено: 13, прошли первичные фильтры: 2, не прошли фильтр по цветам: 1, добавлено: 1, новых вин-кодов: 0
2011-01-07T16:29:52+00:00 INFO (6): Тип 40 - найдено: 50, прошли первичные фильтры: 6, не прошли фильтр по цветам: 4, добавлено: 2, новых вин-кодов: 0
2011-01-07T16:30:08+00:00 INFO (6): Тип 41 - найдено: 22, прошли первичные фильтры: 1, не прошли фильтр по цветам: 1, добавлено: 0, новых вин-кодов: 0
2011-01-07T16:30:23+00:00 INFO (6): Тип 42 - найдено: 18, прошли первичные фильтры: 1, не прошли фильтр по цветам: 0, добавлено: 1, новых вин-кодов: 0
2011-01-07T16:30:23+00:00 INFO (6): Завершение задачи
2011-01-07T16:35:52+00:00 INFO (6): Запуск задачи
2011-01-07T16:35:53+00:00 INFO (6): Exporttrader
2011-01-07T16:35:53+00:00 INFO (6): Запрос авторизован
2011-01-07T16:35:57+00:00 INFO (6): Тип 1 - найдено: 75, прошли первичные фильтры: 20, не прошли фильтр по цветам: 6, добавлено: 14, новых вин-кодов: 0
2011-01-07T16:36:05+00:00 INFO (6): Тип 2 - найдено: 145, прошли первичные фильтры: 20, не прошли фильтр по цветам: 5, добавлено: 15, новых вин-кодов: 0
2011-01-07T16:36:06+00:00 INFO (6): Тип 3 - найдено: 18, прошли первичные фильтры: 0, не прошли фильтр по цветам: 0, добавлено: 0, новых вин-кодов: 0
2011-01-07T16:36:09+00:00 INFO (6): Тип 4 - найдено: 58, прошли первичные фильтры: 34, не прошли фильтр по цветам: 26, добавлено: 8, новых вин-кодов: 0
2011-01-07T16:36:12+00:00 INFO (6): Тип 5 - найдено: 46, прошли первичные фильтры: 28, не прошли фильтр по цветам: 22, добавлено: 6, новых вин-кодов: 0
2011-01-07T16:36:14+00:00 INFO (6): Тип 6 - найдено: 13, прошли первичные фильтры: 9, не прошли фильтр по цветам: 7, добавлено: 2, новых вин-кодов: 0
2011-01-07T16:36:15+00:00 INFO (6): Тип 7 - найдено: 16, прошли первичные фильтры: 12, не прошли фильтр по цветам: 11, добавлено: 1, новых вин-кодов: 0
2011-01-07T16:36:17+00:00 INFO (6): Тип 8 - найдено: 6, прошли первичные фильтры: 6, не прошли фильтр по цветам: 4, добавлено: 2, новых вин-кодов: 0
2011-01-07T16:36:20+00:00 INFO (6): Тип 9 - найдено: 68, прошли первичные фильтры: 5, не прошли фильтр по цветам: 0, добавлено: 5, новых вин-кодов: 0
2011-01-07T16:36:25+00:00 INFO (6): Тип 10 - найдено: 121, прошли первичные фильтры: 7, не прошли фильтр по цветам: 0, добавлено: 7, новых вин-кодов: 0
2011-01-07T16:36:33+00:00 INFO (6): Тип 21 - найдено: 90, прошли первичные фильтры: 10, не прошли фильтр по цветам: 10, добавлено: 0, новых вин-кодов: 0
2011-01-07T16:36:40+00:00 INFO (6): Тип 22 - найдено: 160, прошли первичные фильтры: 22, не прошли фильтр по цветам: 18, добавлено: 4, новых вин-кодов: 0
2011-01-07T16:36:44+00:00 INFO (6): Тип 23 - найдено: 75, прошли первичные фильтры: 6, не прошли фильтр по цветам: 5, добавлено: 1, новых вин-кодов: 0
2011-01-07T16:36:49+00:00 INFO (6): Тип 27 - найдено: 91, прошли первичные фильтры: 3, не прошли фильтр по цветам: 2, добавлено: 1, новых вин-кодов: 0
2011-01-07T16:36:49+00:00 INFO (6): Adesa
2011-01-07T16:36:50+00:00 INFO (6): Запрос авторизован
2011-01-07T16:36:51+00:00 INFO (6): Тип 11 - найдено: 9, прошли первичные фильтры: 3, не прошли фильтр по цветам: 3, добавлено: 0, новых вин-кодов: 0
2011-01-07T16:36:51+00:00 INFO (6): Тип 12 - найдено: 8, прошли первичные фильтры: 1, не прошли фильтр по цветам: 0, добавлено: 1, новых вин-кодов: 0
2011-01-07T16:36:51+00:00 INFO (6): Тип 13 - найдено: 2, прошли первичные фильтры: 0, не прошли фильтр по цветам: 0, добавлено: 0, новых вин-кодов: 0
2011-01-07T16:36:51+00:00 INFO (6): Тип 14 - найдено: 3, прошли первичные фильтры: 2, не прошли фильтр по цветам: 2, добавлено: 0, новых вин-кодов: 0
2011-01-07T16:36:52+00:00 INFO (6): Тип 15 - найдено: 3, прошли первичные фильтры: 1, не прошли фильтр по цветам: 0, добавлено: 1, новых вин-кодов: 0
2011-01-07T16:36:52+00:00 INFO (6): Тип 16 - найдено: 0, прошли первичные фильтры: 0, не прошли фильтр по цветам: 0, добавлено: 0, новых вин-кодов: 0
2011-01-07T16:36:52+00:00 INFO (6): Тип 17 - найдено: 2, прошли первичные фильтры: 1, не прошли фильтр по цветам: 1, добавлено: 0, новых вин-кодов: 0
2011-01-07T16:36:52+00:00 INFO (6): Тип 18 - найдено: 0, прошли первичные фильтры: 0, не прошли фильтр по цветам: 0, добавлено: 0, новых вин-кодов: 0
2011-01-07T16:36:52+00:00 INFO (6): Тип 19 - найдено: 11, прошли первичные фильтры: 0, не прошли фильтр по цветам: 0, добавлено: 0, новых вин-кодов: 0
2011-01-07T16:36:53+00:00 INFO (6): Тип 20 - найдено: 23, прошли первичные фильтры: 3, не прошли фильтр по цветам: 0, добавлено: 3, новых вин-кодов: 0
2011-01-07T16:36:53+00:00 INFO (6): Тип 24 - найдено: 13, прошли первичные фильтры: 2, не прошли фильтр по цветам: 2, добавлено: 0, новых вин-кодов: 0
2011-01-07T16:36:54+00:00 INFO (6): Тип 25 - найдено: 27, прошли первичные фильтры: 5, не прошли фильтр по цветам: 3, добавлено: 2, новых вин-кодов: 0
2011-01-07T16:36:54+00:00 INFO (6): Тип 26 - найдено: 9, прошли первичные фильтры: 0, не прошли фильтр по цветам: 0, добавлено: 0, новых вин-кодов: 0
2011-01-07T16:36:54+00:00 INFO (6): Тип 28 - найдено: 15, прошли первичные фильтры: 1, не прошли фильтр по цветам: 0, добавлено: 1, новых вин-кодов: 0
2011-01-07T16:36:54+00:00 INFO (6): Openlane
2011-01-07T16:37:01+00:00 INFO (6): Запрос авторизован
2011-01-07T16:37:02+00:00 INFO (6): Тип 43 - найдено: 4, прошли первичные фильтры: 2, не прошли фильтр по цветам: 1, добавлено: 1, новых вин-кодов: 0
2011-01-07T16:37:03+00:00 INFO (6): Тип 44 - найдено: 3, прошли первичные фильтры: 1, не прошли фильтр по цветам: 0, добавлено: 1, новых вин-кодов: 0
2011-01-07T16:37:04+00:00 INFO (6): Тип 45 - найдено: 1, прошли первичные фильтры: 1, не прошли фильтр по цветам: 0, добавлено: 1, новых вин-кодов: 0
2011-01-07T16:37:05+00:00 INFO (6): Тип 46 - найдено: 3, прошли первичные фильтры: 3, не прошли фильтр по цветам: 3, добавлено: 0, новых вин-кодов: 0
2011-01-07T16:37:06+00:00 INFO (6): Тип 47 - найдено: 2, прошли первичные фильтры: 2, не прошли фильтр по цветам: 1, добавлено: 1, новых вин-кодов: 0
2011-01-07T16:37:07+00:00 INFO (6): Тип 48 - найдено: 2, прошли первичные фильтры: 2, не прошли фильтр по цветам: 2, добавлено: 0, новых вин-кодов: 0
2011-01-07T16:37:08+00:00 INFO (6): Тип 49 - найдено: 0, прошли первичные фильтры: 0, не прошли фильтр по цветам: 0, добавлено: 0, новых вин-кодов: 0
2011-01-07T16:37:09+00:00 INFO (6): Тип 50 - найдено: 0, прошли первичные фильтры: 0, не прошли фильтр по цветам: 0, добавлено: 0, новых вин-кодов: 0
2011-01-07T16:37:09+00:00 INFO (6): Тип 51 - найдено: 0, прошли первичные фильтры: 0, не прошли фильтр по цветам: 0, добавлено: 0, новых вин-кодов: 0
2011-01-07T16:37:10+00:00 INFO (6): Тип 52 - найдено: 4, прошли первичные фильтры: 0, не прошли фильтр по цветам: 0, добавлено: 0, новых вин-кодов: 0
2011-01-07T16:37:11+00:00 INFO (6): Тип 53 - найдено: 0, прошли первичные фильтры: 0, не прошли фильтр по цветам: 0, добавлено: 0, новых вин-кодов: 0
2011-01-07T16:37:12+00:00 INFO (6): Тип 54 - найдено: 3, прошли первичные фильтры: 0, не прошли фильтр по цветам: 0, добавлено: 0, новых вин-кодов: 0
2011-01-07T16:37:13+00:00 INFO (6): Тип 55 - найдено: 0, прошли первичные фильтры: 0, не прошли фильтр по цветам: 0, добавлено: 0, новых вин-кодов: 0
2011-01-07T16:37:14+00:00 INFO (6): Тип 56 - найдено: 0, прошли первичные фильтры: 0, не прошли фильтр по цветам: 0, добавлено: 0, новых вин-кодов: 0
2011-01-07T16:37:14+00:00 INFO (6): Ebay
2011-01-07T16:37:23+00:00 INFO (6): Тип 29 - найдено: 10, прошли первичные фильтры: 1, не прошли фильтр по цветам: 0, добавлено: 1, новых вин-кодов: 0
2011-01-07T16:38:21+00:00 INFO (6): Тип 30 - найдено: 72, прошли первичные фильтры: 2, не прошли фильтр по цветам: 0, добавлено: 2, новых вин-кодов: 0
2011-01-07T16:39:06+00:00 INFO (6): Тип 31 - найдено: 53, прошли первичные фильтры: 0, не прошли фильтр по цветам: 0, добавлено: 0, новых вин-кодов: 0
2011-01-07T16:39:25+00:00 INFO (6): Тип 32 - найдено: 23, прошли первичные фильтры: 8, не прошли фильтр по цветам: 8, добавлено: 0, новых вин-кодов: 0
2011-01-07T16:39:52+00:00 INFO (6): Тип 33 - найдено: 30, прошли первичные фильтры: 12, не прошли фильтр по цветам: 11, добавлено: 1, новых вин-кодов: 0
2011-01-07T16:39:57+00:00 INFO (6): Тип 34 - найдено: 5, прошли первичные фильтры: 4, не прошли фильтр по цветам: 4, добавлено: 0, новых вин-кодов: 0
2011-01-07T16:40:08+00:00 INFO (6): Тип 35 - найдено: 13, прошли первичные фильтры: 11, не прошли фильтр по цветам: 11, добавлено: 0, новых вин-кодов: 0
2011-01-07T16:40:14+00:00 INFO (6): Тип 36 - найдено: 6, прошли первичные фильтры: 4, не прошли фильтр по цветам: 4, добавлено: 0, новых вин-кодов: 0
2011-01-07T16:40:23+00:00 INFO (6): Тип 37 - найдено: 9, прошли первичные фильтры: 2, не прошли фильтр по цветам: 0, добавлено: 2, новых вин-кодов: 0
2011-01-07T16:40:44+00:00 INFO (6): Тип 38 - найдено: 25, прошли первичные фильтры: 2, не прошли фильтр по цветам: 0, добавлено: 2, новых вин-кодов: 0
2011-01-07T16:40:54+00:00 INFO (6): Тип 39 - найдено: 13, прошли первичные фильтры: 2, не прошли фильтр по цветам: 1, добавлено: 1, новых вин-кодов: 0
2011-01-07T16:41:33+00:00 INFO (6): Тип 40 - найдено: 50, прошли первичные фильтры: 6, не прошли фильтр по цветам: 4, добавлено: 2, новых вин-кодов: 0
2011-01-07T16:41:49+00:00 INFO (6): Тип 41 - найдено: 21, прошли первичные фильтры: 1, не прошли фильтр по цветам: 1, добавлено: 0, новых вин-кодов: 0
2011-01-07T16:42:06+00:00 INFO (6): Тип 42 - найдено: 18, прошли первичные фильтры: 1, не прошли фильтр по цветам: 0, добавлено: 1, новых вин-кодов: 0
2011-01-07T16:42:06+00:00 INFO (6): Завершение задачи
2011-01-07T18:06:59+00:00 INFO (6): Запуск задачи
2011-01-07T18:06:59+00:00 INFO (6): Exporttrader
2011-01-07T18:06:59+00:00 INFO (6): Запрос авторизован
2011-01-07T18:07:04+00:00 INFO (6): Тип 1 - найдено: 75, прошли первичные фильтры: 20, не прошли фильтр по цветам: 6, добавлено: 14, новых вин-кодов: 0
2011-01-07T18:07:10+00:00 INFO (6): Тип 2 - найдено: 145, прошли первичные фильтры: 20, не прошли фильтр по цветам: 5, добавлено: 15, новых вин-кодов: 0
2011-01-07T18:07:12+00:00 INFO (6): Тип 3 - найдено: 18, прошли первичные фильтры: 0, не прошли фильтр по цветам: 0, добавлено: 0, новых вин-кодов: 0
2011-01-07T18:07:15+00:00 INFO (6): Тип 4 - найдено: 58, прошли первичные фильтры: 34, не прошли фильтр по цветам: 26, добавлено: 8, новых вин-кодов: 0
2011-01-07T18:07:17+00:00 INFO (6): Тип 5 - найдено: 46, прошли первичные фильтры: 28, не прошли фильтр по цветам: 22, добавлено: 6, новых вин-кодов: 0
2011-01-07T18:07:18+00:00 INFO (6): Тип 6 - найдено: 13, прошли первичные фильтры: 9, не прошли фильтр по цветам: 7, добавлено: 2, новых вин-кодов: 0
2011-01-07T18:07:20+00:00 INFO (6): Тип 7 - найдено: 16, прошли первичные фильтры: 12, не прошли фильтр по цветам: 11, добавлено: 1, новых вин-кодов: 0
2011-01-07T18:07:21+00:00 INFO (6): Тип 8 - найдено: 6, прошли первичные фильтры: 6, не прошли фильтр по цветам: 4, добавлено: 2, новых вин-кодов: 0
2011-01-07T18:07:25+00:00 INFO (6): Тип 9 - найдено: 68, прошли первичные фильтры: 5, не прошли фильтр по цветам: 0, добавлено: 5, новых вин-кодов: 0
2011-01-07T18:07:33+00:00 INFO (6): Тип 10 - найдено: 121, прошли первичные фильтры: 7, не прошли фильтр по цветам: 0, добавлено: 7, новых вин-кодов: 0
2011-01-07T18:07:37+00:00 INFO (6): Тип 21 - найдено: 90, прошли первичные фильтры: 10, не прошли фильтр по цветам: 10, добавлено: 0, новых вин-кодов: 0
2011-01-07T18:07:46+00:00 INFO (6): Тип 22 - найдено: 160, прошли первичные фильтры: 24, не прошли фильтр по цветам: 18, добавлено: 6, новых вин-кодов: 1
2011-01-07T18:07:50+00:00 INFO (6): Тип 23 - найдено: 75, прошли первичные фильтры: 6, не прошли фильтр по цветам: 5, добавлено: 1, новых вин-кодов: 0
2011-01-07T18:07:55+00:00 INFO (6): Тип 27 - найдено: 91, прошли первичные фильтры: 3, не прошли фильтр по цветам: 2, добавлено: 1, новых вин-кодов: 0
2011-01-07T18:07:55+00:00 INFO (6): Adesa
2011-01-07T18:07:56+00:00 INFO (6): Авторизация: запрос №1 прошел
2011-01-07T18:07:57+00:00 INFO (6): Авторизация: запрос №2 прошел
2011-01-07T18:07:57+00:00 INFO (6): Запрос авторизован
2011-01-07T18:07:57+00:00 INFO (6): Тип 11 - найдено: 9, прошли первичные фильтры: 3, не прошли фильтр по цветам: 3, добавлено: 0, новых вин-кодов: 0
2011-01-07T18:07:58+00:00 INFO (6): Тип 12 - найдено: 8, прошли первичные фильтры: 1, не прошли фильтр по цветам: 0, добавлено: 1, новых вин-кодов: 0
2011-01-07T18:07:58+00:00 INFO (6): Тип 13 - найдено: 2, прошли первичные фильтры: 0, не прошли фильтр по цветам: 0, добавлено: 0, новых вин-кодов: 0
2011-01-07T18:07:58+00:00 INFO (6): Тип 14 - найдено: 3, прошли первичные фильтры: 2, не прошли фильтр по цветам: 2, добавлено: 0, новых вин-кодов: 0
2011-01-07T18:07:58+00:00 INFO (6): Тип 15 - найдено: 4, прошли первичные фильтры: 2, не прошли фильтр по цветам: 1, добавлено: 1, новых вин-кодов: 0
2011-01-07T18:07:58+00:00 INFO (6): Тип 16 - найдено: 0, прошли первичные фильтры: 0, не прошли фильтр по цветам: 0, добавлено: 0, новых вин-кодов: 0
2011-01-07T18:07:59+00:00 INFO (6): Тип 17 - найдено: 2, прошли первичные фильтры: 1, не прошли фильтр по цветам: 1, добавлено: 0, новых вин-кодов: 0
2011-01-07T18:07:59+00:00 INFO (6): Тип 18 - найдено: 0, прошли первичные фильтры: 0, не прошли фильтр по цветам: 0, добавлено: 0, новых вин-кодов: 0
2011-01-07T18:07:59+00:00 INFO (6): Тип 19 - найдено: 11, прошли первичные фильтры: 0, не прошли фильтр по цветам: 0, добавлено: 0, новых вин-кодов: 0
2011-01-07T18:07:59+00:00 INFO (6): Тип 20 - найдено: 23, прошли первичные фильтры: 3, не прошли фильтр по цветам: 0, добавлено: 3, новых вин-кодов: 0
2011-01-07T18:08:01+00:00 INFO (6): Тип 24 - найдено: 13, прошли первичные фильтры: 2, не прошли фильтр по цветам: 2, добавлено: 0, новых вин-кодов: 1
2011-01-07T18:08:03+00:00 INFO (6): Тип 25 - найдено: 27, прошли первичные фильтры: 7, не прошли фильтр по цветам: 5, добавлено: 2, новых вин-кодов: 1
2011-01-07T18:08:03+00:00 INFO (6): Тип 26 - найдено: 9, прошли первичные фильтры: 0, не прошли фильтр по цветам: 0, добавлено: 0, новых вин-кодов: 0
2011-01-07T18:08:03+00:00 INFO (6): Тип 28 - найдено: 17, прошли первичные фильтры: 1, не прошли фильтр по цветам: 0, добавлено: 1, новых вин-кодов: 0
2011-01-07T18:08:03+00:00 INFO (6): Openlane
2011-01-07T18:08:07+00:00 INFO (6): Запрос авторизован
2011-01-07T18:08:08+00:00 INFO (6): Тип 43 - найдено: 4, прошли первичные фильтры: 2, не прошли фильтр по цветам: 1, добавлено: 1, новых вин-кодов: 0
2011-01-07T18:08:09+00:00 INFO (6): Тип 44 - найдено: 3, прошли первичные фильтры: 1, не прошли фильтр по цветам: 0, добавлено: 1, новых вин-кодов: 0
2011-01-07T18:08:10+00:00 INFO (6): Тип 45 - найдено: 1, прошли первичные фильтры: 1, не прошли фильтр по цветам: 0, добавлено: 1, новых вин-кодов: 0
2011-01-07T18:08:11+00:00 INFO (6): Тип 46 - найдено: 3, прошли первичные фильтры: 3, не прошли фильтр по цветам: 3, добавлено: 0, новых вин-кодов: 0
2011-01-07T18:08:12+00:00 INFO (6): Тип 47 - найдено: 2, прошли первичные фильтры: 2, не прошли фильтр по цветам: 1, добавлено: 1, новых вин-кодов: 0
2011-01-07T18:08:13+00:00 INFO (6): Тип 48 - найдено: 2, прошли первичные фильтры: 2, не прошли фильтр по цветам: 2, добавлено: 0, новых вин-кодов: 0
2011-01-07T18:08:14+00:00 INFO (6): Тип 49 - найдено: 0, прошли первичные фильтры: 0, не прошли фильтр по цветам: 0, добавлено: 0, новых вин-кодов: 0
2011-01-07T18:08:15+00:00 INFO (6): Тип 50 - найдено: 0, прошли первичные фильтры: 0, не прошли фильтр по цветам: 0, добавлено: 0, новых вин-кодов: 0
2011-01-07T18:08:15+00:00 INFO (6): Тип 51 - найдено: 0, прошли первичные фильтры: 0, не прошли фильтр по цветам: 0, добавлено: 0, новых вин-кодов: 0
2011-01-07T18:08:16+00:00 INFO (6): Тип 52 - найдено: 4, прошли первичные фильтры: 0, не прошли фильтр по цветам: 0, добавлено: 0, новых вин-кодов: 0
2011-01-07T18:08:17+00:00 INFO (6): Тип 53 - найдено: 0, прошли первичные фильтры: 0, не прошли фильтр по цветам: 0, добавлено: 0, новых вин-кодов: 0
2011-01-07T18:08:18+00:00 INFO (6): Тип 54 - найдено: 3, прошли первичные фильтры: 0, не прошли фильтр по цветам: 0, добавлено: 0, новых вин-кодов: 0
2011-01-07T18:08:19+00:00 INFO (6): Тип 55 - найдено: 0, прошли первичные фильтры: 0, не прошли фильтр по цветам: 0, добавлено: 0, новых вин-кодов: 0
2011-01-07T18:08:20+00:00 INFO (6): Тип 56 - найдено: 0, прошли первичные фильтры: 0, не прошли фильтр по цветам: 0, добавлено: 0, новых вин-кодов: 0
2011-01-07T18:08:20+00:00 INFO (6): Ebay
2011-01-07T18:08:29+00:00 INFO (6): Тип 29 - найдено: 10, прошли первичные фильтры: 1, не прошли фильтр по цветам: 0, добавлено: 1, новых вин-кодов: 0
2011-01-07T18:09:30+00:00 INFO (6): Тип 30 - найдено: 72, прошли первичные фильтры: 2, не прошли фильтр по цветам: 0, добавлено: 2, новых вин-кодов: 0
2011-01-07T18:10:13+00:00 INFO (6): Тип 31 - найдено: 52, прошли первичные фильтры: 0, не прошли фильтр по цветам: 0, добавлено: 0, новых вин-кодов: 0
2011-01-07T18:10:31+00:00 INFO (6): Тип 32 - найдено: 23, прошли первичные фильтры: 8, не прошли фильтр по цветам: 8, добавлено: 0, новых вин-кодов: 0
2011-01-07T18:10:57+00:00 INFO (6): Тип 33 - найдено: 30, прошли первичные фильтры: 12, не прошли фильтр по цветам: 11, добавлено: 1, новых вин-кодов: 0
2011-01-07T18:11:03+00:00 INFO (6): Тип 34 - найдено: 5, прошли первичные фильтры: 4, не прошли фильтр по цветам: 4, добавлено: 0, новых вин-кодов: 0
2011-01-07T18:11:14+00:00 INFO (6): Тип 35 - найдено: 13, прошли первичные фильтры: 11, не прошли фильтр по цветам: 11, добавлено: 0, новых вин-кодов: 0
2011-01-07T18:11:20+00:00 INFO (6): Тип 36 - найдено: 6, прошли первичные фильтры: 4, не прошли фильтр по цветам: 4, добавлено: 0, новых вин-кодов: 0
2011-01-07T18:11:29+00:00 INFO (6): Тип 37 - найдено: 9, прошли первичные фильтры: 2, не прошли фильтр по цветам: 0, добавлено: 2, новых вин-кодов: 0
2011-01-07T18:11:51+00:00 INFO (6): Тип 38 - найдено: 24, прошли первичные фильтры: 2, не прошли фильтр по цветам: 0, добавлено: 2, новых вин-кодов: 0
2011-01-07T18:12:02+00:00 INFO (6): Тип 39 - найдено: 13, прошли первичные фильтры: 2, не прошли фильтр по цветам: 1, добавлено: 1, новых вин-кодов: 0
2011-01-07T18:12:41+00:00 INFO (6): Тип 40 - найдено: 51, прошли первичные фильтры: 6, не прошли фильтр по цветам: 4, добавлено: 2, новых вин-кодов: 0
2011-01-07T18:12:57+00:00 INFO (6): Тип 41 - найдено: 21, прошли первичные фильтры: 1, не прошли фильтр по цветам: 1, добавлено: 0, новых вин-кодов: 0
2011-01-07T18:13:11+00:00 INFO (6): Тип 42 - найдено: 18, прошли первичные фильтры: 1, не прошли фильтр по цветам: 0, добавлено: 1, новых вин-кодов: 0
2011-01-07T18:13:11+00:00 INFO (6): Завершение задачи
2011-01-07T19:57:35+00:00 INFO (6): Запуск задачи
2011-01-07T19:57:35+00:00 INFO (6): Exporttrader
2011-01-07T19:57:36+00:00 INFO (6): Запрос авторизован
2011-01-07T19:57:41+00:00 INFO (6): Тип 1 - найдено: 77, прошли первичные фильтры: 22, не прошли фильтр по цветам: 6, добавлено: 16, новых вин-кодов: 1
2011-01-07T19:57:48+00:00 INFO (6): Тип 2 - найдено: 151, прошли первичные фильтры: 22, не прошли фильтр по цветам: 5, добавлено: 17, новых вин-кодов: 0
2011-01-07T19:57:49+00:00 INFO (6): Тип 3 - найдено: 20, прошли первичные фильтры: 0, не прошли фильтр по цветам: 0, добавлено: 0, новых вин-кодов: 0
2011-01-07T19:57:53+00:00 INFO (6): Тип 4 - найдено: 59, прошли первичные фильтры: 35, не прошли фильтр по цветам: 26, добавлено: 9, новых вин-кодов: 1
2011-01-07T19:57:56+00:00 INFO (6): Тип 5 - найдено: 48, прошли первичные фильтры: 29, не прошли фильтр по цветам: 23, добавлено: 6, новых вин-кодов: 0
2011-01-07T19:57:58+00:00 INFO (6): Тип 6 - найдено: 15, прошли первичные фильтры: 10, не прошли фильтр по цветам: 8, добавлено: 2, новых вин-кодов: 0
2011-01-07T19:57:59+00:00 INFO (6): Тип 7 - найдено: 17, прошли первичные фильтры: 13, не прошли фильтр по цветам: 12, добавлено: 1, новых вин-кодов: 0
2011-01-07T19:58:00+00:00 INFO (6): Тип 8 - найдено: 6, прошли первичные фильтры: 6, не прошли фильтр по цветам: 4, добавлено: 2, новых вин-кодов: 0
2011-01-07T19:58:03+00:00 INFO (6): Тип 9 - найдено: 68, прошли первичные фильтры: 5, не прошли фильтр по цветам: 0, добавлено: 5, новых вин-кодов: 0
2011-01-07T19:58:10+00:00 INFO (6): Тип 10 - найдено: 123, прошли первичные фильтры: 8, не прошли фильтр по цветам: 0, добавлено: 8, новых вин-кодов: 0
2011-01-07T19:58:15+00:00 INFO (6): Тип 21 - найдено: 92, прошли первичные фильтры: 10, не прошли фильтр по цветам: 10, добавлено: 0, новых вин-кодов: 0
2011-01-07T19:58:21+00:00 INFO (6): Тип 22 - найдено: 160, прошли первичные фильтры: 24, не прошли фильтр по цветам: 18, добавлено: 6, новых вин-кодов: 0
2011-01-07T19:58:25+00:00 INFO (6): Тип 23 - найдено: 76, прошли первичные фильтры: 6, не прошли фильтр по цветам: 5, добавлено: 1, новых вин-кодов: 0
2011-01-07T19:58:29+00:00 INFO (6): Тип 27 - найдено: 92, прошли первичные фильтры: 3, не прошли фильтр по цветам: 2, добавлено: 1, новых вин-кодов: 0
2011-01-07T19:58:29+00:00 INFO (6): Adesa
2011-01-07T19:58:29+00:00 INFO (6): Авторизация: запрос №1 прошел
2011-01-07T19:58:31+00:00 INFO (6): Авторизация: запрос №2 прошел
2011-01-07T19:58:31+00:00 INFO (6): Запрос авторизован
2011-01-07T19:58:31+00:00 INFO (6): Тип 11 - найдено: 9, прошли первичные фильтры: 3, не прошли фильтр по цветам: 3, добавлено: 0, новых вин-кодов: 0
2011-01-07T19:58:31+00:00 INFO (6): Тип 12 - найдено: 8, прошли первичные фильтры: 1, не прошли фильтр по цветам: 0, добавлено: 1, новых вин-кодов: 0
2011-01-07T19:58:32+00:00 INFO (6): Тип 13 - найдено: 2, прошли первичные фильтры: 0, не прошли фильтр по цветам: 0, добавлено: 0, новых вин-кодов: 0
2011-01-07T19:58:32+00:00 INFO (6): Тип 14 - найдено: 3, прошли первичные фильтры: 2, не прошли фильтр по цветам: 2, добавлено: 0, новых вин-кодов: 0
2011-01-07T19:58:32+00:00 INFO (6): Тип 15 - найдено: 4, прошли первичные фильтры: 2, не прошли фильтр по цветам: 1, добавлено: 1, новых вин-кодов: 0
2011-01-07T19:58:32+00:00 INFO (6): Тип 16 - найдено: 0, прошли первичные фильтры: 0, не прошли фильтр по цветам: 0, добавлено: 0, новых вин-кодов: 0
2011-01-07T19:58:32+00:00 INFO (6): Тип 17 - найдено: 2, прошли первичные фильтры: 1, не прошли фильтр по цветам: 1, добавлено: 0, новых вин-кодов: 0
2011-01-07T19:58:33+00:00 INFO (6): Тип 18 - найдено: 0, прошли первичные фильтры: 0, не прошли фильтр по цветам: 0, добавлено: 0, новых вин-кодов: 0
2011-01-07T19:58:33+00:00 INFO (6): Тип 19 - найдено: 11, прошли первичные фильтры: 0, не прошли фильтр по цветам: 0, добавлено: 0, новых вин-кодов: 0
2011-01-07T19:58:33+00:00 INFO (6): Тип 20 - найдено: 23, прошли первичные фильтры: 3, не прошли фильтр по цветам: 0, добавлено: 3, новых вин-кодов: 0
2011-01-07T19:58:34+00:00 INFO (6): Тип 24 - найдено: 13, прошли первичные фильтры: 2, не прошли фильтр по цветам: 2, добавлено: 0, новых вин-кодов: 0
2011-01-07T19:58:34+00:00 INFO (6): Тип 25 - найдено: 27, прошли первичные фильтры: 7, не прошли фильтр по цветам: 5, добавлено: 2, новых вин-кодов: 0
2011-01-07T19:58:34+00:00 INFO (6): Тип 26 - найдено: 9, прошли первичные фильтры: 0, не прошли фильтр по цветам: 0, добавлено: 0, новых вин-кодов: 0
2011-01-07T19:58:35+00:00 INFO (6): Тип 28 - найдено: 17, прошли первичные фильтры: 1, не прошли фильтр по цветам: 0, добавлено: 1, новых вин-кодов: 0
2011-01-07T19:58:35+00:00 INFO (6): Openlane
2011-01-07T19:58:38+00:00 INFO (6): Запрос авторизован
2011-01-07T19:58:40+00:00 INFO (6): Тип 43 - найдено: 4, прошли первичные фильтры: 2, не прошли фильтр по цветам: 1, добавлено: 1, новых вин-кодов: 0
2011-01-07T19:58:41+00:00 INFO (6): Тип 44 - найдено: 3, прошли первичные фильтры: 1, не прошли фильтр по цветам: 0, добавлено: 1, новых вин-кодов: 0
2011-01-07T19:58:42+00:00 INFO (6): Тип 45 - найдено: 1, прошли первичные фильтры: 1, не прошли фильтр по цветам: 0, добавлено: 1, новых вин-кодов: 0
2011-01-07T19:58:43+00:00 INFO (6): Тип 46 - найдено: 3, прошли первичные фильтры: 3, не прошли фильтр по цветам: 3, добавлено: 0, новых вин-кодов: 0
2011-01-07T19:58:44+00:00 INFO (6): Тип 47 - найдено: 2, прошли первичные фильтры: 2, не прошли фильтр по цветам: 1, добавлено: 1, новых вин-кодов: 0
2011-01-07T19:58:45+00:00 INFO (6): Тип 48 - найдено: 2, прошли первичные фильтры: 2, не прошли фильтр по цветам: 2, добавлено: 0, новых вин-кодов: 0
2011-01-07T19:58:45+00:00 INFO (6): Тип 49 - найдено: 0, прошли первичные фильтры: 0, не прошли фильтр по цветам: 0, добавлено: 0, новых вин-кодов: 0
2011-01-07T19:58:46+00:00 INFO (6): Тип 50 - найдено: 0, прошли первичные фильтры: 0, не прошли фильтр по цветам: 0, добавлено: 0, новых вин-кодов: 0
2011-01-07T19:58:47+00:00 INFO (6): Тип 51 - найдено: 0, прошли первичные фильтры: 0, не прошли фильтр по цветам: 0, добавлено: 0, новых вин-кодов: 0
2011-01-07T19:58:48+00:00 INFO (6): Тип 52 - найдено: 4, прошли первичные фильтры: 0, не прошли фильтр по цветам: 0, добавлено: 0, новых вин-кодов: 0
2011-01-07T19:58:49+00:00 INFO (6): Тип 53 - найдено: 0, прошли первичные фильтры: 0, не прошли фильтр по цветам: 0, добавлено: 0, новых вин-кодов: 0
2011-01-07T19:58:50+00:00 INFO (6): Тип 54 - найдено: 3, прошли первичные фильтры: 0, не прошли фильтр по цветам: 0, добавлено: 0, новых вин-кодов: 0
2011-01-07T19:58:50+00:00 INFO (6): Тип 55 - найдено: 0, прошли первичные фильтры: 0, не прошли фильтр по цветам: 0, добавлено: 0, новых вин-кодов: 0
2011-01-07T19:58:51+00:00 INFO (6): Тип 56 - найдено: 0, прошли первичные фильтры: 0, не прошли фильтр по цветам: 0, добавлено: 0, новых вин-кодов: 0
2011-01-07T19:58:51+00:00 INFO (6): Ebay
2011-01-07T19:59:00+00:00 INFO (6): Тип 29 - найдено: 10, прошли первичные фильтры: 1, не прошли фильтр по цветам: 0, добавлено: 1, новых вин-кодов: 0
2011-01-07T19:59:54+00:00 INFO (6): Тип 30 - найдено: 72, прошли первичные фильтры: 2, не прошли фильтр по цветам: 0, добавлено: 2, новых вин-кодов: 0
2011-01-07T20:00:33+00:00 INFO (6): Тип 31 - найдено: 51, прошли первичные фильтры: 0, не прошли фильтр по цветам: 0, добавлено: 0, новых вин-кодов: 0
2011-01-07T20:00:51+00:00 INFO (6): Тип 32 - найдено: 23, прошли первичные фильтры: 8, не прошли фильтр по цветам: 8, добавлено: 0, новых вин-кодов: 0
2011-01-07T20:01:14+00:00 INFO (6): Тип 33 - найдено: 26, прошли первичные фильтры: 11, не прошли фильтр по цветам: 10, добавлено: 1, новых вин-кодов: 0
2011-01-07T20:01:19+00:00 INFO (6): Тип 34 - найдено: 5, прошли первичные фильтры: 4, не прошли фильтр по цветам: 4, добавлено: 0, новых вин-кодов: 0
2011-01-07T20:01:29+00:00 INFO (6): Тип 35 - найдено: 12, прошли первичные фильтры: 10, не прошли фильтр по цветам: 10, добавлено: 0, новых вин-кодов: 0
2011-01-07T20:01:33+00:00 INFO (6): Тип 36 - найдено: 6, прошли первичные фильтры: 4, не прошли фильтр по цветам: 4, добавлено: 0, новых вин-кодов: 0
2011-01-07T20:01:41+00:00 INFO (6): Тип 37 - найдено: 9, прошли первичные фильтры: 2, не прошли фильтр по цветам: 0, добавлено: 2, новых вин-кодов: 0
2011-01-07T20:02:00+00:00 INFO (6): Тип 38 - найдено: 24, прошли первичные фильтры: 2, не прошли фильтр по цветам: 0, добавлено: 2, новых вин-кодов: 0
2011-01-07T20:02:11+00:00 INFO (6): Тип 39 - найдено: 13, прошли первичные фильтры: 2, не прошли фильтр по цветам: 1, добавлено: 1, новых вин-кодов: 0
2011-01-07T20:02:50+00:00 INFO (6): Тип 40 - найдено: 50, прошли первичные фильтры: 6, не прошли фильтр по цветам: 4, добавлено: 2, новых вин-кодов: 0
2011-01-07T20:03:06+00:00 INFO (6): Тип 41 - найдено: 22, прошли первичные фильтры: 1, не прошли фильтр по цветам: 1, добавлено: 0, новых вин-кодов: 0
2011-01-07T20:03:21+00:00 INFO (6): Тип 42 - найдено: 19, прошли первичные фильтры: 1, не прошли фильтр по цветам: 0, добавлено: 1, новых вин-кодов: 0
2011-01-07T20:03:21+00:00 INFO (6): Завершение задачи
