2010-12-17T09:24:40+00:00 INFO (6): Запуск задачи
2010-12-17T09:24:40+00:00 INFO (6): Ebay
2010-12-17T09:24:56+00:00 INFO (6): Тип 29 - найдено: 21, прошли первичные фильтры: 1, не прошли фильтр по цветам: 0, добавлено: 1, новых вин-кодов: 0
2010-12-17T09:25:31+00:00 INFO (6): Тип 30 - найдено: 52, прошли первичные фильтры: 2, не прошли фильтр по цветам: 0, добавлено: 2, новых вин-кодов: 0
2010-12-17T09:26:00+00:00 INFO (6): Тип 31 - найдено: 40, прошли первичные фильтры: 0, не прошли фильтр по цветам: 0, добавлено: 0, новых вин-кодов: 0
2010-12-17T09:26:25+00:00 INFO (6): Тип 32 - найдено: 25, прошли первичные фильтры: 9, не прошли фильтр по цветам: 0, добавлено: 9, новых вин-кодов: 4
2010-12-17T09:26:39+00:00 INFO (6): Тип 33 - найдено: 15, прошли первичные фильтры: 8, не прошли фильтр по цветам: 0, добавлено: 8, новых вин-кодов: 1
2010-12-17T09:26:44+00:00 INFO (6): Тип 34 - найдено: 4, прошли первичные фильтры: 3, не прошли фильтр по цветам: 0, добавлено: 3, новых вин-кодов: 0
2010-12-17T09:26:53+00:00 INFO (6): Тип 35 - найдено: 9, прошли первичные фильтры: 5, не прошли фильтр по цветам: 0, добавлено: 5, новых вин-кодов: 1
2010-12-17T09:26:59+00:00 INFO (6): Тип 36 - найдено: 6, прошли первичные фильтры: 6, не прошли фильтр по цветам: 0, добавлено: 6, новых вин-кодов: 1
2010-12-17T09:27:03+00:00 INFO (6): Тип 37 - найдено: 4, прошли первичные фильтры: 0, не прошли фильтр по цветам: 0, добавлено: 0, новых вин-кодов: 0
2010-12-17T09:27:17+00:00 INFO (6): Тип 38 - найдено: 18, прошли первичные фильтры: 2, не прошли фильтр по цветам: 0, добавлено: 2, новых вин-кодов: 1
2010-12-17T09:27:19+00:00 INFO (6): Тип 39 - найдено: 1, прошли первичные фильтры: 0, не прошли фильтр по цветам: 0, добавлено: 0, новых вин-кодов: 0
2010-12-17T09:27:52+00:00 INFO (6): Тип 40 - найдено: 48, прошли первичные фильтры: 1, не прошли фильтр по цветам: 0, добавлено: 1, новых вин-кодов: 0
2010-12-17T09:28:00+00:00 INFO (6): Тип 41 - найдено: 10, прошли первичные фильтры: 0, не прошли фильтр по цветам: 0, добавлено: 0, новых вин-кодов: 0
2010-12-17T09:28:11+00:00 INFO (6): Тип 42 - найдено: 14, прошли первичные фильтры: 0, не прошли фильтр по цветам: 0, добавлено: 0, новых вин-кодов: 0
2010-12-17T09:28:11+00:00 INFO (6): Завершение задачи
2010-12-17T09:37:46+00:00 INFO (6): Запуск задачи
2010-12-17T09:37:46+00:00 INFO (6): Ebay
2010-12-17T09:38:01+00:00 INFO (6): Тип 29 - найдено: 21, прошли первичные фильтры: 1, не прошли фильтр по цветам: 0, добавлено: 1, новых вин-кодов: 0
2010-12-17T09:38:37+00:00 INFO (6): Тип 30 - найдено: 52, прошли первичные фильтры: 2, не прошли фильтр по цветам: 2, добавлено: 0, новых вин-кодов: 0
2010-12-17T09:39:06+00:00 INFO (6): Тип 31 - найдено: 40, прошли первичные фильтры: 0, не прошли фильтр по цветам: 0, добавлено: 0, новых вин-кодов: 0
2010-12-17T09:39:28+00:00 INFO (6): Тип 32 - найдено: 25, прошли первичные фильтры: 9, не прошли фильтр по цветам: 9, добавлено: 0, новых вин-кодов: 0
2010-12-17T09:39:40+00:00 INFO (6): Тип 33 - найдено: 15, прошли первичные фильтры: 8, не прошли фильтр по цветам: 6, добавлено: 2, новых вин-кодов: 0
2010-12-17T09:39:45+00:00 INFO (6): Тип 34 - найдено: 4, прошли первичные фильтры: 3, не прошли фильтр по цветам: 3, добавлено: 0, новых вин-кодов: 0
2010-12-17T09:39:53+00:00 INFO (6): Тип 35 - найдено: 9, прошли первичные фильтры: 5, не прошли фильтр по цветам: 5, добавлено: 0, новых вин-кодов: 0
2010-12-17T09:39:58+00:00 INFO (6): Тип 36 - найдено: 6, прошли первичные фильтры: 6, не прошли фильтр по цветам: 6, добавлено: 0, новых вин-кодов: 0
2010-12-17T09:40:02+00:00 INFO (6): Тип 37 - найдено: 4, прошли первичные фильтры: 0, не прошли фильтр по цветам: 0, добавлено: 0, новых вин-кодов: 0
2010-12-17T09:40:15+00:00 INFO (6): Тип 38 - найдено: 18, прошли первичные фильтры: 2, не прошли фильтр по цветам: 0, добавлено: 2, новых вин-кодов: 0
2010-12-17T09:40:17+00:00 INFO (6): Тип 39 - найдено: 1, прошли первичные фильтры: 0, не прошли фильтр по цветам: 0, добавлено: 0, новых вин-кодов: 0
2010-12-17T09:40:49+00:00 INFO (6): Тип 40 - найдено: 48, прошли первичные фильтры: 1, не прошли фильтр по цветам: 1, добавлено: 0, новых вин-кодов: 0
2010-12-17T09:40:57+00:00 INFO (6): Тип 41 - найдено: 10, прошли первичные фильтры: 0, не прошли фильтр по цветам: 0, добавлено: 0, новых вин-кодов: 0
2010-12-17T09:41:06+00:00 INFO (6): Тип 42 - найдено: 14, прошли первичные фильтры: 0, не прошли фильтр по цветам: 0, добавлено: 0, новых вин-кодов: 0
2010-12-17T09:41:06+00:00 INFO (6): Завершение задачи
2010-12-17T09:48:33+00:00 INFO (6): Запуск задачи
2010-12-17T09:48:33+00:00 INFO (6): Exporttrader
2010-12-17T09:48:34+00:00 INFO (6): Каптча получена и записана в локальный файл
2010-12-17T09:48:46+00:00 INFO (6): Каптча распознана: 77346
2010-12-17T09:48:47+00:00 INFO (6): Авторизация: запрос №1 прошел
2010-12-17T09:48:47+00:00 INFO (6): Авторизация: запрос №2 прошел
2010-12-17T09:48:47+00:00 INFO (6): Запрос авторизован
2010-12-17T09:48:57+00:00 INFO (6): Тип 1 - найдено: 71, прошли первичные фильтры: 22, не прошли фильтр по цветам: 5, добавлено: 17, новых вин-кодов: 5
2010-12-17T09:49:03+00:00 INFO (6): Тип 2 - найдено: 100, прошли первичные фильтры: 13, не прошли фильтр по цветам: 6, добавлено: 7, новых вин-кодов: 1
2010-12-17T09:49:05+00:00 INFO (6): Тип 3 - найдено: 24, прошли первичные фильтры: 0, не прошли фильтр по цветам: 0, добавлено: 0, новых вин-кодов: 0
2010-12-17T09:49:09+00:00 INFO (6): Тип 4 - найдено: 41, прошли первичные фильтры: 20, не прошли фильтр по цветам: 14, добавлено: 6, новых вин-кодов: 1
2010-12-17T09:49:14+00:00 INFO (6): Тип 5 - найдено: 58, прошли первичные фильтры: 22, не прошли фильтр по цветам: 19, добавлено: 3, новых вин-кодов: 2
2010-12-17T09:49:17+00:00 INFO (6): Тип 6 - найдено: 14, прошли первичные фильтры: 11, не прошли фильтр по цветам: 10, добавлено: 1, новых вин-кодов: 2
2010-12-17T09:49:19+00:00 INFO (6): Тип 7 - найдено: 19, прошли первичные фильтры: 13, не прошли фильтр по цветам: 12, добавлено: 1, новых вин-кодов: 0
2010-12-17T09:49:20+00:00 INFO (6): Тип 8 - найдено: 11, прошли первичные фильтры: 10, не прошли фильтр по цветам: 9, добавлено: 1, новых вин-кодов: 0
2010-12-17T09:49:23+00:00 INFO (6): Тип 9 - найдено: 52, прошли первичные фильтры: 5, не прошли фильтр по цветам: 0, добавлено: 5, новых вин-кодов: 1
2010-12-17T09:49:27+00:00 INFO (6): Тип 10 - найдено: 115, прошли первичные фильтры: 8, не прошли фильтр по цветам: 0, добавлено: 8, новых вин-кодов: 0
2010-12-17T09:49:32+00:00 INFO (6): Тип 21 - найдено: 69, прошли первичные фильтры: 3, не прошли фильтр по цветам: 3, добавлено: 0, новых вин-кодов: 0
2010-12-17T09:49:40+00:00 INFO (6): Тип 22 - найдено: 165, прошли первичные фильтры: 4, не прошли фильтр по цветам: 3, добавлено: 1, новых вин-кодов: 1
2010-12-17T09:49:43+00:00 INFO (6): Тип 23 - найдено: 72, прошли первичные фильтры: 8, не прошли фильтр по цветам: 6, добавлено: 2, новых вин-кодов: 0
2010-12-17T09:49:47+00:00 INFO (6): Тип 27 - найдено: 46, прошли первичные фильтры: 0, не прошли фильтр по цветам: 0, добавлено: 0, новых вин-кодов: 0
2010-12-17T09:49:47+00:00 INFO (6): Adesa
2010-12-17T09:49:47+00:00 INFO (6): Авторизация: запрос №1 прошел
2010-12-17T09:49:49+00:00 INFO (6): Авторизация: запрос №2 прошел
2010-12-17T09:49:49+00:00 INFO (6): Запрос авторизован
2010-12-17T09:49:49+00:00 INFO (6): Тип 11 - найдено: 7, прошли первичные фильтры: 2, не прошли фильтр по цветам: 0, добавлено: 2, новых вин-кодов: 0
2010-12-17T09:49:49+00:00 INFO (6): Тип 12 - найдено: 8, прошли первичные фильтры: 2, не прошли фильтр по цветам: 1, добавлено: 1, новых вин-кодов: 0
2010-12-17T09:49:49+00:00 INFO (6): Тип 13 - найдено: 1, прошли первичные фильтры: 0, не прошли фильтр по цветам: 0, добавлено: 0, новых вин-кодов: 0
2010-12-17T09:49:50+00:00 INFO (6): Тип 14 - найдено: 0, прошли первичные фильтры: 0, не прошли фильтр по цветам: 0, добавлено: 0, новых вин-кодов: 0
2010-12-17T09:49:50+00:00 INFO (6): Тип 15 - найдено: 0, прошли первичные фильтры: 0, не прошли фильтр по цветам: 0, добавлено: 0, новых вин-кодов: 0
2010-12-17T09:49:50+00:00 INFO (6): Тип 16 - найдено: 1, прошли первичные фильтры: 0, не прошли фильтр по цветам: 0, добавлено: 0, новых вин-кодов: 0
2010-12-17T09:49:50+00:00 INFO (6): Тип 17 - найдено: 1, прошли первичные фильтры: 0, не прошли фильтр по цветам: 0, добавлено: 0, новых вин-кодов: 0
2010-12-17T09:49:50+00:00 INFO (6): Тип 18 - найдено: 0, прошли первичные фильтры: 0, не прошли фильтр по цветам: 0, добавлено: 0, новых вин-кодов: 0
2010-12-17T09:49:50+00:00 INFO (6): Тип 19 - найдено: 6, прошли первичные фильтры: 0, не прошли фильтр по цветам: 0, добавлено: 0, новых вин-кодов: 0
2010-12-17T09:49:51+00:00 INFO (6): Тип 20 - найдено: 12, прошли первичные фильтры: 3, не прошли фильтр по цветам: 0, добавлено: 3, новых вин-кодов: 1
2010-12-17T09:49:51+00:00 INFO (6): Тип 24 - найдено: 10, прошли первичные фильтры: 2, не прошли фильтр по цветам: 2, добавлено: 0, новых вин-кодов: 0
2010-12-17T09:49:52+00:00 INFO (6): Тип 25 - найдено: 11, прошли первичные фильтры: 2, не прошли фильтр по цветам: 2, добавлено: 0, новых вин-кодов: 0
2010-12-17T09:49:52+00:00 INFO (6): Тип 26 - найдено: 9, прошли первичные фильтры: 1, не прошли фильтр по цветам: 1, добавлено: 0, новых вин-кодов: 0
2010-12-17T09:49:54+00:00 INFO (6): Тип 28 - найдено: 15, прошли первичные фильтры: 1, не прошли фильтр по цветам: 1, добавлено: 0, новых вин-кодов: 1
2010-12-17T09:49:54+00:00 INFO (6): Ebay
2010-12-17T09:50:09+00:00 INFO (6): Тип 29 - найдено: 21, прошли первичные фильтры: 1, не прошли фильтр по цветам: 0, добавлено: 1, новых вин-кодов: 0
2010-12-17T09:50:44+00:00 INFO (6): Тип 30 - найдено: 52, прошли первичные фильтры: 2, не прошли фильтр по цветам: 2, добавлено: 0, новых вин-кодов: 0
2010-12-17T09:51:12+00:00 INFO (6): Тип 31 - найдено: 40, прошли первичные фильтры: 0, не прошли фильтр по цветам: 0, добавлено: 0, новых вин-кодов: 0
2010-12-17T09:51:31+00:00 INFO (6): Тип 32 - найдено: 25, прошли первичные фильтры: 9, не прошли фильтр по цветам: 9, добавлено: 0, новых вин-кодов: 0
2010-12-17T09:51:43+00:00 INFO (6): Тип 33 - найдено: 15, прошли первичные фильтры: 8, не прошли фильтр по цветам: 6, добавлено: 2, новых вин-кодов: 0
2010-12-17T09:51:47+00:00 INFO (6): Тип 34 - найдено: 4, прошли первичные фильтры: 3, не прошли фильтр по цветам: 3, добавлено: 0, новых вин-кодов: 0
2010-12-17T09:51:55+00:00 INFO (6): Тип 35 - найдено: 9, прошли первичные фильтры: 5, не прошли фильтр по цветам: 5, добавлено: 0, новых вин-кодов: 0
2010-12-17T09:52:00+00:00 INFO (6): Тип 36 - найдено: 6, прошли первичные фильтры: 6, не прошли фильтр по цветам: 6, добавлено: 0, новых вин-кодов: 0
2010-12-17T09:52:04+00:00 INFO (6): Тип 37 - найдено: 4, прошли первичные фильтры: 0, не прошли фильтр по цветам: 0, добавлено: 0, новых вин-кодов: 0
2010-12-17T09:52:19+00:00 INFO (6): Тип 38 - найдено: 18, прошли первичные фильтры: 2, не прошли фильтр по цветам: 0, добавлено: 2, новых вин-кодов: 0
2010-12-17T09:52:20+00:00 INFO (6): Тип 39 - найдено: 1, прошли первичные фильтры: 0, не прошли фильтр по цветам: 0, добавлено: 0, новых вин-кодов: 0
2010-12-17T09:52:53+00:00 INFO (6): Тип 40 - найдено: 48, прошли первичные фильтры: 1, не прошли фильтр по цветам: 1, добавлено: 0, новых вин-кодов: 0
2010-12-17T09:53:00+00:00 INFO (6): Тип 41 - найдено: 10, прошли первичные фильтры: 0, не прошли фильтр по цветам: 0, добавлено: 0, новых вин-кодов: 0
2010-12-17T09:53:09+00:00 INFO (6): Тип 42 - найдено: 14, прошли первичные фильтры: 0, не прошли фильтр по цветам: 0, добавлено: 0, новых вин-кодов: 0
2010-12-17T09:53:09+00:00 INFO (6): Завершение задачи
2010-12-17T09:53:26+00:00 INFO (6): Запуск задачи
2010-12-17T09:53:26+00:00 INFO (6): Exporttrader
2010-12-17T09:53:27+00:00 INFO (6): Запрос авторизован
2010-12-17T09:53:34+00:00 INFO (6): Тип 1 - найдено: 71, прошли первичные фильтры: 22, не прошли фильтр по цветам: 5, добавлено: 17, новых вин-кодов: 0
2010-12-17T09:53:37+00:00 INFO (6): Тип 2 - найдено: 100, прошли первичные фильтры: 13, не прошли фильтр по цветам: 6, добавлено: 7, новых вин-кодов: 0
2010-12-17T09:53:39+00:00 INFO (6): Тип 3 - найдено: 24, прошли первичные фильтры: 0, не прошли фильтр по цветам: 0, добавлено: 0, новых вин-кодов: 0
2010-12-17T09:53:41+00:00 INFO (6): Тип 4 - найдено: 41, прошли первичные фильтры: 20, не прошли фильтр по цветам: 14, добавлено: 6, новых вин-кодов: 0
2010-12-17T09:53:44+00:00 INFO (6): Тип 5 - найдено: 60, прошли первичные фильтры: 24, не прошли фильтр по цветам: 21, добавлено: 3, новых вин-кодов: 0
2010-12-17T09:53:45+00:00 INFO (6): Тип 6 - найдено: 14, прошли первичные фильтры: 11, не прошли фильтр по цветам: 10, добавлено: 1, новых вин-кодов: 0
2010-12-17T09:53:47+00:00 INFO (6): Тип 7 - найдено: 19, прошли первичные фильтры: 13, не прошли фильтр по цветам: 12, добавлено: 1, новых вин-кодов: 0
2010-12-17T09:53:49+00:00 INFO (6): Тип 8 - найдено: 11, прошли первичные фильтры: 10, не прошли фильтр по цветам: 9, добавлено: 1, новых вин-кодов: 0
2010-12-17T09:53:51+00:00 INFO (6): Тип 9 - найдено: 52, прошли первичные фильтры: 5, не прошли фильтр по цветам: 0, добавлено: 5, новых вин-кодов: 0
2010-12-17T09:53:56+00:00 INFO (6): Тип 10 - найдено: 115, прошли первичные фильтры: 8, не прошли фильтр по цветам: 0, добавлено: 8, новых вин-кодов: 0
2010-12-17T09:54:00+00:00 INFO (6): Тип 21 - найдено: 69, прошли первичные фильтры: 3, не прошли фильтр по цветам: 3, добавлено: 0, новых вин-кодов: 0
2010-12-17T09:54:06+00:00 INFO (6): Тип 22 - найдено: 165, прошли первичные фильтры: 4, не прошли фильтр по цветам: 3, добавлено: 1, новых вин-кодов: 0
2010-12-17T09:54:11+00:00 INFO (6): Тип 23 - найдено: 72, прошли первичные фильтры: 8, не прошли фильтр по цветам: 6, добавлено: 2, новых вин-кодов: 0
2010-12-17T09:54:13+00:00 INFO (6): Тип 27 - найдено: 46, прошли первичные фильтры: 0, не прошли фильтр по цветам: 0, добавлено: 0, новых вин-кодов: 0
2010-12-17T09:54:13+00:00 INFO (6): Adesa
2010-12-17T09:54:15+00:00 INFO (6): Запрос авторизован
2010-12-17T09:54:15+00:00 INFO (6): Тип 11 - найдено: 7, прошли первичные фильтры: 2, не прошли фильтр по цветам: 0, добавлено: 2, новых вин-кодов: 0
2010-12-17T09:54:15+00:00 INFO (6): Тип 12 - найдено: 8, прошли первичные фильтры: 2, не прошли фильтр по цветам: 1, добавлено: 1, новых вин-кодов: 0
2010-12-17T09:54:15+00:00 INFO (6): Тип 13 - найдено: 1, прошли первичные фильтры: 0, не прошли фильтр по цветам: 0, добавлено: 0, новых вин-кодов: 0
2010-12-17T09:54:16+00:00 INFO (6): Тип 14 - найдено: 0, прошли первичные фильтры: 0, не прошли фильтр по цветам: 0, добавлено: 0, новых вин-кодов: 0
2010-12-17T09:54:16+00:00 INFO (6): Тип 15 - найдено: 0, прошли первичные фильтры: 0, не прошли фильтр по цветам: 0, добавлено: 0, новых вин-кодов: 0
2010-12-17T09:54:16+00:00 INFO (6): Тип 16 - найдено: 1, прошли первичные фильтры: 0, не прошли фильтр по цветам: 0, добавлено: 0, новых вин-кодов: 0
2010-12-17T09:54:16+00:00 INFO (6): Тип 17 - найдено: 1, прошли первичные фильтры: 0, не прошли фильтр по цветам: 0, добавлено: 0, новых вин-кодов: 0
2010-12-17T09:54:16+00:00 INFO (6): Тип 18 - найдено: 0, прошли первичные фильтры: 0, не прошли фильтр по цветам: 0, добавлено: 0, новых вин-кодов: 0
2010-12-17T09:54:16+00:00 INFO (6): Тип 19 - найдено: 6, прошли первичные фильтры: 0, не прошли фильтр по цветам: 0, добавлено: 0, новых вин-кодов: 0
2010-12-17T09:54:17+00:00 INFO (6): Тип 20 - найдено: 12, прошли первичные фильтры: 3, не прошли фильтр по цветам: 0, добавлено: 3, новых вин-кодов: 0
2010-12-17T09:54:17+00:00 INFO (6): Тип 24 - найдено: 10, прошли первичные фильтры: 2, не прошли фильтр по цветам: 2, добавлено: 0, новых вин-кодов: 0
2010-12-17T09:54:17+00:00 INFO (6): Тип 25 - найдено: 11, прошли первичные фильтры: 2, не прошли фильтр по цветам: 2, добавлено: 0, новых вин-кодов: 0
2010-12-17T09:54:17+00:00 INFO (6): Тип 26 - найдено: 9, прошли первичные фильтры: 1, не прошли фильтр по цветам: 1, добавлено: 0, новых вин-кодов: 0
2010-12-17T09:54:17+00:00 INFO (6): Тип 28 - найдено: 15, прошли первичные фильтры: 1, не прошли фильтр по цветам: 1, добавлено: 0, новых вин-кодов: 0
2010-12-17T09:54:17+00:00 INFO (6): Ebay
2010-12-17T09:54:32+00:00 INFO (6): Тип 29 - найдено: 21, прошли первичные фильтры: 1, не прошли фильтр по цветам: 0, добавлено: 1, новых вин-кодов: 0
2010-12-17T09:55:06+00:00 INFO (6): Тип 30 - найдено: 52, прошли первичные фильтры: 2, не прошли фильтр по цветам: 2, добавлено: 0, новых вин-кодов: 0
2010-12-17T09:55:33+00:00 INFO (6): Тип 31 - найдено: 40, прошли первичные фильтры: 0, не прошли фильтр по цветам: 0, добавлено: 0, новых вин-кодов: 0
2010-12-17T09:55:50+00:00 INFO (6): Тип 32 - найдено: 25, прошли первичные фильтры: 9, не прошли фильтр по цветам: 9, добавлено: 0, новых вин-кодов: 0
2010-12-17T09:56:01+00:00 INFO (6): Тип 33 - найдено: 15, прошли первичные фильтры: 8, не прошли фильтр по цветам: 6, добавлено: 2, новых вин-кодов: 0
2010-12-17T09:56:04+00:00 INFO (6): Тип 34 - найдено: 4, прошли первичные фильтры: 3, не прошли фильтр по цветам: 3, добавлено: 0, новых вин-кодов: 0
2010-12-17T09:56:11+00:00 INFO (6): Тип 35 - найдено: 9, прошли первичные фильтры: 5, не прошли фильтр по цветам: 5, добавлено: 0, новых вин-кодов: 0
2010-12-17T09:56:16+00:00 INFO (6): Тип 36 - найдено: 6, прошли первичные фильтры: 6, не прошли фильтр по цветам: 6, добавлено: 0, новых вин-кодов: 0
2010-12-17T09:56:19+00:00 INFO (6): Тип 37 - найдено: 4, прошли первичные фильтры: 0, не прошли фильтр по цветам: 0, добавлено: 0, новых вин-кодов: 0
2010-12-17T09:56:32+00:00 INFO (6): Тип 38 - найдено: 18, прошли первичные фильтры: 2, не прошли фильтр по цветам: 0, добавлено: 2, новых вин-кодов: 0
2010-12-17T09:56:34+00:00 INFO (6): Тип 39 - найдено: 1, прошли первичные фильтры: 0, не прошли фильтр по цветам: 0, добавлено: 0, новых вин-кодов: 0
2010-12-17T09:57:04+00:00 INFO (6): Тип 40 - найдено: 48, прошли первичные фильтры: 1, не прошли фильтр по цветам: 1, добавлено: 0, новых вин-кодов: 0
2010-12-17T09:57:11+00:00 INFO (6): Тип 41 - найдено: 10, прошли первичные фильтры: 0, не прошли фильтр по цветам: 0, добавлено: 0, новых вин-кодов: 0
2010-12-17T09:57:20+00:00 INFO (6): Тип 42 - найдено: 14, прошли первичные фильтры: 0, не прошли фильтр по цветам: 0, добавлено: 0, новых вин-кодов: 0
2010-12-17T09:57:20+00:00 INFO (6): Завершение задачи
2010-12-17T09:58:47+00:00 INFO (6): Запуск задачи
2010-12-17T09:58:47+00:00 INFO (6): Exporttrader
2010-12-17T09:58:48+00:00 INFO (6): Запрос авторизован
2010-12-17T09:58:51+00:00 INFO (6): Тип 1 - найдено: 71, прошли первичные фильтры: 22, не прошли фильтр по цветам: 5, добавлено: 17, новых вин-кодов: 0
2010-12-17T09:58:55+00:00 INFO (6): Тип 2 - найдено: 100, прошли первичные фильтры: 13, не прошли фильтр по цветам: 6, добавлено: 7, новых вин-кодов: 0
2010-12-17T09:58:57+00:00 INFO (6): Тип 3 - найдено: 24, прошли первичные фильтры: 0, не прошли фильтр по цветам: 0, добавлено: 0, новых вин-кодов: 0
2010-12-17T09:58:59+00:00 INFO (6): Тип 4 - найдено: 41, прошли первичные фильтры: 20, не прошли фильтр по цветам: 14, добавлено: 6, новых вин-кодов: 0
2010-12-17T09:59:02+00:00 INFO (6): Тип 5 - найдено: 60, прошли первичные фильтры: 24, не прошли фильтр по цветам: 21, добавлено: 3, новых вин-кодов: 0
2010-12-17T09:59:04+00:00 INFO (6): Тип 6 - найдено: 14, прошли первичные фильтры: 11, не прошли фильтр по цветам: 10, добавлено: 1, новых вин-кодов: 0
2010-12-17T09:59:05+00:00 INFO (6): Тип 7 - найдено: 19, прошли первичные фильтры: 13, не прошли фильтр по цветам: 12, добавлено: 1, новых вин-кодов: 0
2010-12-17T09:59:06+00:00 INFO (6): Тип 8 - найдено: 11, прошли первичные фильтры: 10, не прошли фильтр по цветам: 9, добавлено: 1, новых вин-кодов: 0
2010-12-17T09:59:09+00:00 INFO (6): Тип 9 - найдено: 53, прошли первичные фильтры: 5, не прошли фильтр по цветам: 0, добавлено: 5, новых вин-кодов: 0
2010-12-17T09:59:14+00:00 INFO (6): Тип 10 - найдено: 115, прошли первичные фильтры: 8, не прошли фильтр по цветам: 0, добавлено: 8, новых вин-кодов: 0
2010-12-17T09:59:17+00:00 INFO (6): Тип 21 - найдено: 69, прошли первичные фильтры: 3, не прошли фильтр по цветам: 3, добавлено: 0, новых вин-кодов: 0
2010-12-17T09:59:24+00:00 INFO (6): Тип 22 - найдено: 165, прошли первичные фильтры: 4, не прошли фильтр по цветам: 3, добавлено: 1, новых вин-кодов: 0
2010-12-17T09:59:28+00:00 INFO (6): Тип 23 - найдено: 72, прошли первичные фильтры: 8, не прошли фильтр по цветам: 6, добавлено: 2, новых вин-кодов: 0
2010-12-17T09:59:30+00:00 INFO (6): Тип 27 - найдено: 46, прошли первичные фильтры: 0, не прошли фильтр по цветам: 0, добавлено: 0, новых вин-кодов: 0
2010-12-17T09:59:30+00:00 INFO (6): Adesa
2010-12-17T09:59:31+00:00 INFO (6): Запрос авторизован
2010-12-17T09:59:32+00:00 INFO (6): Тип 11 - найдено: 7, прошли первичные фильтры: 2, не прошли фильтр по цветам: 0, добавлено: 2, новых вин-кодов: 0
2010-12-17T09:59:32+00:00 INFO (6): Тип 12 - найдено: 8, прошли первичные фильтры: 2, не прошли фильтр по цветам: 1, добавлено: 1, новых вин-кодов: 0
2010-12-17T09:59:32+00:00 INFO (6): Тип 13 - найдено: 1, прошли первичные фильтры: 0, не прошли фильтр по цветам: 0, добавлено: 0, новых вин-кодов: 0
2010-12-17T09:59:32+00:00 INFO (6): Тип 14 - найдено: 0, прошли первичные фильтры: 0, не прошли фильтр по цветам: 0, добавлено: 0, новых вин-кодов: 0
2010-12-17T09:59:32+00:00 INFO (6): Тип 15 - найдено: 0, прошли первичные фильтры: 0, не прошли фильтр по цветам: 0, добавлено: 0, новых вин-кодов: 0
2010-12-17T09:59:32+00:00 INFO (6): Тип 16 - найдено: 1, прошли первичные фильтры: 0, не прошли фильтр по цветам: 0, добавлено: 0, новых вин-кодов: 0
2010-12-17T09:59:33+00:00 INFO (6): Тип 17 - найдено: 1, прошли первичные фильтры: 0, не прошли фильтр по цветам: 0, добавлено: 0, новых вин-кодов: 0
2010-12-17T09:59:33+00:00 INFO (6): Тип 18 - найдено: 0, прошли первичные фильтры: 0, не прошли фильтр по цветам: 0, добавлено: 0, новых вин-кодов: 0
2010-12-17T09:59:33+00:00 INFO (6): Тип 19 - найдено: 6, прошли первичные фильтры: 0, не прошли фильтр по цветам: 0, добавлено: 0, новых вин-кодов: 0
2010-12-17T09:59:33+00:00 INFO (6): Тип 20 - найдено: 12, прошли первичные фильтры: 3, не прошли фильтр по цветам: 0, добавлено: 3, новых вин-кодов: 0
2010-12-17T09:59:33+00:00 INFO (6): Тип 24 - найдено: 10, прошли первичные фильтры: 2, не прошли фильтр по цветам: 2, добавлено: 0, новых вин-кодов: 0
2010-12-17T09:59:33+00:00 INFO (6): Тип 25 - найдено: 11, прошли первичные фильтры: 2, не прошли фильтр по цветам: 2, добавлено: 0, новых вин-кодов: 0
2010-12-17T09:59:33+00:00 INFO (6): Тип 26 - найдено: 9, прошли первичные фильтры: 1, не прошли фильтр по цветам: 1, добавлено: 0, новых вин-кодов: 0
2010-12-17T09:59:34+00:00 INFO (6): Тип 28 - найдено: 15, прошли первичные фильтры: 1, не прошли фильтр по цветам: 1, добавлено: 0, новых вин-кодов: 0
2010-12-17T09:59:34+00:00 INFO (6): Ebay
2010-12-17T09:59:47+00:00 INFO (6): Тип 29 - найдено: 21, прошли первичные фильтры: 1, не прошли фильтр по цветам: 0, добавлено: 1, новых вин-кодов: 0
2010-12-17T10:00:23+00:00 INFO (6): Тип 30 - найдено: 52, прошли первичные фильтры: 2, не прошли фильтр по цветам: 2, добавлено: 0, новых вин-кодов: 0
2010-12-17T10:00:51+00:00 INFO (6): Тип 31 - найдено: 40, прошли первичные фильтры: 0, не прошли фильтр по цветам: 0, добавлено: 0, новых вин-кодов: 0
2010-12-17T10:01:08+00:00 INFO (6): Тип 32 - найдено: 25, прошли первичные фильтры: 9, не прошли фильтр по цветам: 9, добавлено: 0, новых вин-кодов: 0
2010-12-17T10:01:19+00:00 INFO (6): Тип 33 - найдено: 15, прошли первичные фильтры: 8, не прошли фильтр по цветам: 6, добавлено: 2, новых вин-кодов: 0
2010-12-17T10:01:23+00:00 INFO (6): Тип 34 - найдено: 4, прошли первичные фильтры: 3, не прошли фильтр по цветам: 3, добавлено: 0, новых вин-кодов: 0
2010-12-17T10:01:30+00:00 INFO (6): Тип 35 - найдено: 9, прошли первичные фильтры: 5, не прошли фильтр по цветам: 5, добавлено: 0, новых вин-кодов: 0
2010-12-17T10:01:34+00:00 INFO (6): Тип 36 - найдено: 6, прошли первичные фильтры: 6, не прошли фильтр по цветам: 6, добавлено: 0, новых вин-кодов: 0
2010-12-17T10:01:38+00:00 INFO (6): Тип 37 - найдено: 4, прошли первичные фильтры: 0, не прошли фильтр по цветам: 0, добавлено: 0, новых вин-кодов: 0
2010-12-17T10:01:50+00:00 INFO (6): Тип 38 - найдено: 18, прошли первичные фильтры: 2, не прошли фильтр по цветам: 0, добавлено: 2, новых вин-кодов: 0
2010-12-17T10:01:52+00:00 INFO (6): Тип 39 - найдено: 1, прошли первичные фильтры: 0, не прошли фильтр по цветам: 0, добавлено: 0, новых вин-кодов: 0
2010-12-17T10:02:23+00:00 INFO (6): Тип 40 - найдено: 48, прошли первичные фильтры: 1, не прошли фильтр по цветам: 1, добавлено: 0, новых вин-кодов: 0
2010-12-17T10:02:29+00:00 INFO (6): Тип 41 - найдено: 10, прошли первичные фильтры: 0, не прошли фильтр по цветам: 0, добавлено: 0, новых вин-кодов: 0
2010-12-17T10:02:38+00:00 INFO (6): Тип 42 - найдено: 14, прошли первичные фильтры: 0, не прошли фильтр по цветам: 0, добавлено: 0, новых вин-кодов: 0
2010-12-17T10:02:38+00:00 INFO (6): Завершение задачи
2010-12-17T10:14:33+00:00 INFO (6): Запуск задачи
2010-12-17T10:14:33+00:00 INFO (6): Exporttrader
2010-12-17T10:14:34+00:00 INFO (6): Запрос авторизован
2010-12-17T10:14:38+00:00 INFO (6): Тип 1 - найдено: 72, прошли первичные фильтры: 22, не прошли фильтр по цветам: 5, добавлено: 17, новых вин-кодов: 0
2010-12-17T10:14:42+00:00 INFO (6): Тип 2 - найдено: 101, прошли первичные фильтры: 14, не прошли фильтр по цветам: 6, добавлено: 8, новых вин-кодов: 0
2010-12-17T10:14:45+00:00 INFO (6): Тип 3 - найдено: 24, прошли первичные фильтры: 0, не прошли фильтр по цветам: 0, добавлено: 0, новых вин-кодов: 0
2010-12-17T10:14:47+00:00 INFO (6): Тип 4 - найдено: 43, прошли первичные фильтры: 20, не прошли фильтр по цветам: 14, добавлено: 6, новых вин-кодов: 0
2010-12-17T10:14:50+00:00 INFO (6): Тип 5 - найдено: 60, прошли первичные фильтры: 24, не прошли фильтр по цветам: 21, добавлено: 3, новых вин-кодов: 0
2010-12-17T10:14:52+00:00 INFO (6): Тип 6 - найдено: 15, прошли первичные фильтры: 11, не прошли фильтр по цветам: 10, добавлено: 1, новых вин-кодов: 0
2010-12-17T10:14:53+00:00 INFO (6): Тип 7 - найдено: 19, прошли первичные фильтры: 13, не прошли фильтр по цветам: 12, добавлено: 1, новых вин-кодов: 0
2010-12-17T10:14:55+00:00 INFO (6): Тип 8 - найдено: 11, прошли первичные фильтры: 10, не прошли фильтр по цветам: 9, добавлено: 1, новых вин-кодов: 0
2010-12-17T10:14:58+00:00 INFO (6): Тип 9 - найдено: 53, прошли первичные фильтры: 5, не прошли фильтр по цветам: 0, добавлено: 5, новых вин-кодов: 0
2010-12-17T10:15:04+00:00 INFO (6): Тип 10 - найдено: 115, прошли первичные фильтры: 8, не прошли фильтр по цветам: 0, добавлено: 8, новых вин-кодов: 0
2010-12-17T10:15:08+00:00 INFO (6): Тип 21 - найдено: 69, прошли первичные фильтры: 3, не прошли фильтр по цветам: 3, добавлено: 0, новых вин-кодов: 0
2010-12-17T10:15:18+00:00 INFO (6): Тип 22 - найдено: 169, прошли первичные фильтры: 4, не прошли фильтр по цветам: 3, добавлено: 1, новых вин-кодов: 0
2010-12-17T10:15:23+00:00 INFO (6): Тип 23 - найдено: 72, прошли первичные фильтры: 8, не прошли фильтр по цветам: 6, добавлено: 2, новых вин-кодов: 0
2010-12-17T10:15:27+00:00 INFO (6): Тип 27 - найдено: 46, прошли первичные фильтры: 0, не прошли фильтр по цветам: 0, добавлено: 0, новых вин-кодов: 0
2010-12-17T10:15:27+00:00 INFO (6): Adesa
2010-12-17T10:15:28+00:00 INFO (6): Запрос авторизован
2010-12-17T10:15:28+00:00 INFO (6): Тип 11 - найдено: 7, прошли первичные фильтры: 2, не прошли фильтр по цветам: 0, добавлено: 2, новых вин-кодов: 0
2010-12-17T10:15:29+00:00 INFO (6): Тип 12 - найдено: 8, прошли первичные фильтры: 2, не прошли фильтр по цветам: 1, добавлено: 1, новых вин-кодов: 0
2010-12-17T10:15:29+00:00 INFO (6): Тип 13 - найдено: 1, прошли первичные фильтры: 0, не прошли фильтр по цветам: 0, добавлено: 0, новых вин-кодов: 0
2010-12-17T10:15:29+00:00 INFO (6): Тип 14 - найдено: 0, прошли первичные фильтры: 0, не прошли фильтр по цветам: 0, добавлено: 0, новых вин-кодов: 0
2010-12-17T10:15:29+00:00 INFO (6): Тип 15 - найдено: 0, прошли первичные фильтры: 0, не прошли фильтр по цветам: 0, добавлено: 0, новых вин-кодов: 0
2010-12-17T10:15:29+00:00 INFO (6): Тип 16 - найдено: 1, прошли первичные фильтры: 0, не прошли фильтр по цветам: 0, добавлено: 0, новых вин-кодов: 0
2010-12-17T10:15:29+00:00 INFO (6): Тип 17 - найдено: 1, прошли первичные фильтры: 0, не прошли фильтр по цветам: 0, добавлено: 0, новых вин-кодов: 0
2010-12-17T10:15:30+00:00 INFO (6): Тип 18 - найдено: 0, прошли первичные фильтры: 0, не прошли фильтр по цветам: 0, добавлено: 0, новых вин-кодов: 0
2010-12-17T10:15:30+00:00 INFO (6): Тип 19 - найдено: 6, прошли первичные фильтры: 0, не прошли фильтр по цветам: 0, добавлено: 0, новых вин-кодов: 0
2010-12-17T10:15:30+00:00 INFO (6): Тип 20 - найдено: 12, прошли первичные фильтры: 3, не прошли фильтр по цветам: 0, добавлено: 3, новых вин-кодов: 0
2010-12-17T10:15:30+00:00 INFO (6): Тип 24 - найдено: 10, прошли первичные фильтры: 2, не прошли фильтр по цветам: 2, добавлено: 0, новых вин-кодов: 0
2010-12-17T10:15:31+00:00 INFO (6): Тип 25 - найдено: 11, прошли первичные фильтры: 2, не прошли фильтр по цветам: 2, добавлено: 0, новых вин-кодов: 0
2010-12-17T10:15:31+00:00 INFO (6): Тип 26 - найдено: 9, прошли первичные фильтры: 1, не прошли фильтр по цветам: 1, добавлено: 0, новых вин-кодов: 0
2010-12-17T10:15:31+00:00 INFO (6): Тип 28 - найдено: 15, прошли первичные фильтры: 1, не прошли фильтр по цветам: 1, добавлено: 0, новых вин-кодов: 0
2010-12-17T10:15:31+00:00 INFO (6): Ebay
2010-12-17T10:15:46+00:00 INFO (6): Тип 29 - найдено: 21, прошли первичные фильтры: 1, не прошли фильтр по цветам: 0, добавлено: 1, новых вин-кодов: 0
2010-12-17T10:16:22+00:00 INFO (6): Тип 30 - найдено: 52, прошли первичные фильтры: 2, не прошли фильтр по цветам: 2, добавлено: 0, новых вин-кодов: 0
2010-12-17T10:16:49+00:00 INFO (6): Тип 31 - найдено: 40, прошли первичные фильтры: 0, не прошли фильтр по цветам: 0, добавлено: 0, новых вин-кодов: 0
2010-12-17T10:17:07+00:00 INFO (6): Тип 32 - найдено: 25, прошли первичные фильтры: 9, не прошли фильтр по цветам: 9, добавлено: 0, новых вин-кодов: 0
2010-12-17T10:17:17+00:00 INFO (6): Тип 33 - найдено: 15, прошли первичные фильтры: 8, не прошли фильтр по цветам: 6, добавлено: 2, новых вин-кодов: 0
2010-12-17T10:17:21+00:00 INFO (6): Тип 34 - найдено: 4, прошли первичные фильтры: 3, не прошли фильтр по цветам: 3, добавлено: 0, новых вин-кодов: 0
2010-12-17T10:17:28+00:00 INFO (6): Тип 35 - найдено: 9, прошли первичные фильтры: 5, не прошли фильтр по цветам: 5, добавлено: 0, новых вин-кодов: 0
2010-12-17T10:17:32+00:00 INFO (6): Тип 36 - найдено: 6, прошли первичные фильтры: 6, не прошли фильтр по цветам: 6, добавлено: 0, новых вин-кодов: 0
2010-12-17T10:17:36+00:00 INFO (6): Тип 37 - найдено: 4, прошли первичные фильтры: 0, не прошли фильтр по цветам: 0, добавлено: 0, новых вин-кодов: 0
2010-12-17T10:17:49+00:00 INFO (6): Тип 38 - найдено: 18, прошли первичные фильтры: 2, не прошли фильтр по цветам: 0, добавлено: 2, новых вин-кодов: 0
2010-12-17T10:17:51+00:00 INFO (6): Тип 39 - найдено: 1, прошли первичные фильтры: 0, не прошли фильтр по цветам: 0, добавлено: 0, новых вин-кодов: 0
2010-12-17T10:18:23+00:00 INFO (6): Тип 40 - найдено: 48, прошли первичные фильтры: 1, не прошли фильтр по цветам: 1, добавлено: 0, новых вин-кодов: 0
2010-12-17T10:18:31+00:00 INFO (6): Тип 41 - найдено: 10, прошли первичные фильтры: 0, не прошли фильтр по цветам: 0, добавлено: 0, новых вин-кодов: 0
2010-12-17T10:18:40+00:00 INFO (6): Тип 42 - найдено: 14, прошли первичные фильтры: 0, не прошли фильтр по цветам: 0, добавлено: 0, новых вин-кодов: 0
2010-12-17T10:18:40+00:00 INFO (6): Завершение задачи
2010-12-17T14:14:07+00:00 INFO (6): Запуск задачи
2010-12-17T14:14:07+00:00 INFO (6): Exporttrader
2010-12-17T14:14:08+00:00 INFO (6): Каптча получена и записана в локальный файл
2010-12-17T14:14:25+00:00 INFO (6): Каптча распознана: 17940
2010-12-17T14:14:25+00:00 INFO (6): Авторизация: запрос №1 прошел
2010-12-17T14:14:26+00:00 INFO (6): Авторизация: запрос №2 прошел
2010-12-17T14:14:26+00:00 INFO (6): Запрос авторизован
2010-12-17T14:14:29+00:00 INFO (6): Тип 1 - найдено: 68, прошли первичные фильтры: 19, не прошли фильтр по цветам: 5, добавлено: 14, новых вин-кодов: 0
2010-12-17T14:14:34+00:00 INFO (6): Тип 2 - найдено: 96, прошли первичные фильтры: 12, не прошли фильтр по цветам: 5, добавлено: 7, новых вин-кодов: 0
2010-12-17T14:14:35+00:00 INFO (6): Тип 3 - найдено: 25, прошли первичные фильтры: 0, не прошли фильтр по цветам: 0, добавлено: 0, новых вин-кодов: 0
2010-12-17T14:14:40+00:00 INFO (6): Тип 4 - найдено: 42, прошли первичные фильтры: 22, не прошли фильтр по цветам: 16, добавлено: 6, новых вин-кодов: 1
2010-12-17T14:14:44+00:00 INFO (6): Тип 5 - найдено: 60, прошли первичные фильтры: 24, не прошли фильтр по цветам: 21, добавлено: 3, новых вин-кодов: 1
2010-12-17T14:14:45+00:00 INFO (6): Тип 6 - найдено: 15, прошли первичные фильтры: 11, не прошли фильтр по цветам: 10, добавлено: 1, новых вин-кодов: 0
2010-12-17T14:14:47+00:00 INFO (6): Тип 7 - найдено: 19, прошли первичные фильтры: 13, не прошли фильтр по цветам: 12, добавлено: 1, новых вин-кодов: 0
2010-12-17T14:14:48+00:00 INFO (6): Тип 8 - найдено: 11, прошли первичные фильтры: 10, не прошли фильтр по цветам: 10, добавлено: 0, новых вин-кодов: 0
2010-12-17T14:14:50+00:00 INFO (6): Тип 9 - найдено: 54, прошли первичные фильтры: 5, не прошли фильтр по цветам: 0, добавлено: 5, новых вин-кодов: 0
2010-12-17T14:14:56+00:00 INFO (6): Тип 10 - найдено: 114, прошли первичные фильтры: 7, не прошли фильтр по цветам: 0, добавлено: 7, новых вин-кодов: 0
2010-12-17T14:14:59+00:00 INFO (6): Тип 21 - найдено: 71, прошли первичные фильтры: 4, не прошли фильтр по цветам: 4, добавлено: 0, новых вин-кодов: 0
2010-12-17T14:15:06+00:00 INFO (6): Тип 22 - найдено: 165, прошли первичные фильтры: 4, не прошли фильтр по цветам: 3, добавлено: 1, новых вин-кодов: 0
2010-12-17T14:15:10+00:00 INFO (6): Тип 23 - найдено: 74, прошли первичные фильтры: 8, не прошли фильтр по цветам: 6, добавлено: 2, новых вин-кодов: 0
2010-12-17T14:15:14+00:00 INFO (6): Тип 27 - найдено: 48, прошли первичные фильтры: 0, не прошли фильтр по цветам: 0, добавлено: 0, новых вин-кодов: 0
2010-12-17T14:15:14+00:00 INFO (6): Adesa
2010-12-17T14:15:15+00:00 INFO (6): Авторизация: запрос №1 прошел
2010-12-17T14:15:16+00:00 INFO (6): Авторизация: запрос №2 прошел
2010-12-17T14:15:16+00:00 INFO (6): Запрос авторизован
2010-12-17T14:15:16+00:00 INFO (6): Тип 11 - найдено: 7, прошли первичные фильтры: 2, не прошли фильтр по цветам: 0, добавлено: 2, новых вин-кодов: 0
2010-12-17T14:15:17+00:00 INFO (6): Тип 12 - найдено: 8, прошли первичные фильтры: 2, не прошли фильтр по цветам: 1, добавлено: 1, новых вин-кодов: 0
2010-12-17T14:15:17+00:00 INFO (6): Тип 13 - найдено: 1, прошли первичные фильтры: 0, не прошли фильтр по цветам: 0, добавлено: 0, новых вин-кодов: 0
2010-12-17T14:15:17+00:00 INFO (6): Тип 14 - найдено: 0, прошли первичные фильтры: 0, не прошли фильтр по цветам: 0, добавлено: 0, новых вин-кодов: 0
2010-12-17T14:15:17+00:00 INFO (6): Тип 15 - найдено: 0, прошли первичные фильтры: 0, не прошли фильтр по цветам: 0, добавлено: 0, новых вин-кодов: 0
2010-12-17T14:15:17+00:00 INFO (6): Тип 16 - найдено: 1, прошли первичные фильтры: 0, не прошли фильтр по цветам: 0, добавлено: 0, новых вин-кодов: 0
2010-12-17T14:15:17+00:00 INFO (6): Тип 17 - найдено: 2, прошли первичные фильтры: 0, не прошли фильтр по цветам: 0, добавлено: 0, новых вин-кодов: 0
2010-12-17T14:15:18+00:00 INFO (6): Тип 18 - найдено: 2, прошли первичные фильтры: 0, не прошли фильтр по цветам: 0, добавлено: 0, новых вин-кодов: 0
2010-12-17T14:15:18+00:00 INFO (6): Тип 19 - найдено: 6, прошли первичные фильтры: 0, не прошли фильтр по цветам: 0, добавлено: 0, новых вин-кодов: 0
2010-12-17T14:15:18+00:00 INFO (6): Тип 20 - найдено: 14, прошли первичные фильтры: 3, не прошли фильтр по цветам: 0, добавлено: 3, новых вин-кодов: 0
2010-12-17T14:15:18+00:00 INFO (6): Тип 24 - найдено: 12, прошли первичные фильтры: 2, не прошли фильтр по цветам: 2, добавлено: 0, новых вин-кодов: 0
2010-12-17T14:15:19+00:00 INFO (6): Тип 25 - найдено: 11, прошли первичные фильтры: 2, не прошли фильтр по цветам: 2, добавлено: 0, новых вин-кодов: 0
2010-12-17T14:15:19+00:00 INFO (6): Тип 26 - найдено: 9, прошли первичные фильтры: 1, не прошли фильтр по цветам: 1, добавлено: 0, новых вин-кодов: 0
2010-12-17T14:15:19+00:00 INFO (6): Тип 28 - найдено: 15, прошли первичные фильтры: 1, не прошли фильтр по цветам: 1, добавлено: 0, новых вин-кодов: 0
2010-12-17T14:15:19+00:00 INFO (6): Ebay
2010-12-17T14:15:35+00:00 INFO (6): Тип 29 - найдено: 21, прошли первичные фильтры: 1, не прошли фильтр по цветам: 0, добавлено: 1, новых вин-кодов: 0
2010-12-17T14:16:13+00:00 INFO (6): Тип 30 - найдено: 52, прошли первичные фильтры: 2, не прошли фильтр по цветам: 2, добавлено: 0, новых вин-кодов: 0
2010-12-17T14:16:41+00:00 INFO (6): Тип 31 - найдено: 40, прошли первичные фильтры: 0, не прошли фильтр по цветам: 0, добавлено: 0, новых вин-кодов: 0
2010-12-17T14:16:59+00:00 INFO (6): Тип 32 - найдено: 25, прошли первичные фильтры: 9, не прошли фильтр по цветам: 9, добавлено: 0, новых вин-кодов: 0
2010-12-17T14:17:12+00:00 INFO (6): Тип 33 - найдено: 15, прошли первичные фильтры: 8, не прошли фильтр по цветам: 6, добавлено: 2, новых вин-кодов: 0
2010-12-17T14:17:16+00:00 INFO (6): Тип 34 - найдено: 4, прошли первичные фильтры: 3, не прошли фильтр по цветам: 3, добавлено: 0, новых вин-кодов: 0
2010-12-17T14:17:24+00:00 INFO (6): Тип 35 - найдено: 9, прошли первичные фильтры: 5, не прошли фильтр по цветам: 5, добавлено: 0, новых вин-кодов: 0
2010-12-17T14:17:29+00:00 INFO (6): Тип 36 - найдено: 6, прошли первичные фильтры: 6, не прошли фильтр по цветам: 6, добавлено: 0, новых вин-кодов: 0
2010-12-17T14:17:33+00:00 INFO (6): Тип 37 - найдено: 4, прошли первичные фильтры: 0, не прошли фильтр по цветам: 0, добавлено: 0, новых вин-кодов: 0
2010-12-17T14:17:46+00:00 INFO (6): Тип 38 - найдено: 18, прошли первичные фильтры: 2, не прошли фильтр по цветам: 0, добавлено: 2, новых вин-кодов: 0
2010-12-17T14:17:48+00:00 INFO (6): Тип 39 - найдено: 1, прошли первичные фильтры: 0, не прошли фильтр по цветам: 0, добавлено: 0, новых вин-кодов: 0
2010-12-17T14:18:21+00:00 INFO (6): Тип 40 - найдено: 48, прошли первичные фильтры: 1, не прошли фильтр по цветам: 1, добавлено: 0, новых вин-кодов: 0
2010-12-17T14:18:28+00:00 INFO (6): Тип 41 - найдено: 10, прошли первичные фильтры: 0, не прошли фильтр по цветам: 0, добавлено: 0, новых вин-кодов: 0
2010-12-17T14:18:38+00:00 INFO (6): Тип 42 - найдено: 14, прошли первичные фильтры: 0, не прошли фильтр по цветам: 0, добавлено: 0, новых вин-кодов: 0
2010-12-17T14:18:38+00:00 INFO (6): Завершение задачи
2010-12-17T14:42:59+00:00 INFO (6): Запуск задачи
2010-12-17T14:42:59+00:00 INFO (6): Exporttrader
2010-12-17T14:43:00+00:00 INFO (6): Запрос авторизован
2010-12-17T14:43:03+00:00 INFO (6): Тип 1 - найдено: 68, прошли первичные фильтры: 19, не прошли фильтр по цветам: 5, добавлено: 14, новых вин-кодов: 0
2010-12-17T14:43:08+00:00 INFO (6): Тип 2 - найдено: 96, прошли первичные фильтры: 12, не прошли фильтр по цветам: 5, добавлено: 7, новых вин-кодов: 0
2010-12-17T14:43:10+00:00 INFO (6): Тип 3 - найдено: 25, прошли первичные фильтры: 0, не прошли фильтр по цветам: 0, добавлено: 0, новых вин-кодов: 0
2010-12-17T14:43:13+00:00 INFO (6): Тип 4 - найдено: 42, прошли первичные фильтры: 22, не прошли фильтр по цветам: 16, добавлено: 6, новых вин-кодов: 0
2010-12-17T14:43:16+00:00 INFO (6): Тип 5 - найдено: 60, прошли первичные фильтры: 24, не прошли фильтр по цветам: 21, добавлено: 3, новых вин-кодов: 0
2010-12-17T14:43:18+00:00 INFO (6): Тип 6 - найдено: 15, прошли первичные фильтры: 11, не прошли фильтр по цветам: 10, добавлено: 1, новых вин-кодов: 0
2010-12-17T14:43:20+00:00 INFO (6): Тип 7 - найдено: 19, прошли первичные фильтры: 13, не прошли фильтр по цветам: 12, добавлено: 1, новых вин-кодов: 0
2010-12-17T14:43:21+00:00 INFO (6): Тип 8 - найдено: 11, прошли первичные фильтры: 10, не прошли фильтр по цветам: 10, добавлено: 0, новых вин-кодов: 0
2010-12-17T14:43:26+00:00 INFO (6): Тип 9 - найдено: 54, прошли первичные фильтры: 5, не прошли фильтр по цветам: 0, добавлено: 5, новых вин-кодов: 0
2010-12-17T14:43:34+00:00 INFO (6): Тип 10 - найдено: 114, прошли первичные фильтры: 7, не прошли фильтр по цветам: 0, добавлено: 7, новых вин-кодов: 0
2010-12-17T14:43:38+00:00 INFO (6): Тип 21 - найдено: 71, прошли первичные фильтры: 4, не прошли фильтр по цветам: 4, добавлено: 0, новых вин-кодов: 0
2010-12-17T14:43:48+00:00 INFO (6): Тип 22 - найдено: 165, прошли первичные фильтры: 4, не прошли фильтр по цветам: 3, добавлено: 1, новых вин-кодов: 0
2010-12-17T14:43:52+00:00 INFO (6): Тип 23 - найдено: 74, прошли первичные фильтры: 8, не прошли фильтр по цветам: 6, добавлено: 2, новых вин-кодов: 0
2010-12-17T14:43:55+00:00 INFO (6): Тип 27 - найдено: 48, прошли первичные фильтры: 0, не прошли фильтр по цветам: 0, добавлено: 0, новых вин-кодов: 0
2010-12-17T14:43:55+00:00 INFO (6): Adesa
2010-12-17T14:43:57+00:00 INFO (6): Запрос авторизован
2010-12-17T14:43:57+00:00 INFO (6): Тип 11 - найдено: 7, прошли первичные фильтры: 2, не прошли фильтр по цветам: 0, добавлено: 2, новых вин-кодов: 0
2010-12-17T14:43:57+00:00 INFO (6): Тип 12 - найдено: 8, прошли первичные фильтры: 2, не прошли фильтр по цветам: 1, добавлено: 1, новых вин-кодов: 0
2010-12-17T14:43:57+00:00 INFO (6): Тип 13 - найдено: 1, прошли первичные фильтры: 0, не прошли фильтр по цветам: 0, добавлено: 0, новых вин-кодов: 0
2010-12-17T14:43:59+00:00 INFO (6): Тип 14 - найдено: 1, прошли первичные фильтры: 1, не прошли фильтр по цветам: 1, добавлено: 0, новых вин-кодов: 1
2010-12-17T14:43:59+00:00 INFO (6): Тип 15 - найдено: 0, прошли первичные фильтры: 0, не прошли фильтр по цветам: 0, добавлено: 0, новых вин-кодов: 0
2010-12-17T14:44:00+00:00 INFO (6): Тип 16 - найдено: 1, прошли первичные фильтры: 0, не прошли фильтр по цветам: 0, добавлено: 0, новых вин-кодов: 0
2010-12-17T14:44:00+00:00 INFO (6): Тип 17 - найдено: 2, прошли первичные фильтры: 0, не прошли фильтр по цветам: 0, добавлено: 0, новых вин-кодов: 0
2010-12-17T14:44:00+00:00 INFO (6): Тип 18 - найдено: 2, прошли первичные фильтры: 0, не прошли фильтр по цветам: 0, добавлено: 0, новых вин-кодов: 0
2010-12-17T14:44:00+00:00 INFO (6): Тип 19 - найдено: 6, прошли первичные фильтры: 0, не прошли фильтр по цветам: 0, добавлено: 0, новых вин-кодов: 0
2010-12-17T14:44:00+00:00 INFO (6): Тип 20 - найдено: 14, прошли первичные фильтры: 3, не прошли фильтр по цветам: 0, добавлено: 3, новых вин-кодов: 0
2010-12-17T14:44:01+00:00 INFO (6): Тип 24 - найдено: 13, прошли первичные фильтры: 2, не прошли фильтр по цветам: 2, добавлено: 0, новых вин-кодов: 0
2010-12-17T14:44:01+00:00 INFO (6): Тип 25 - найдено: 11, прошли первичные фильтры: 2, не прошли фильтр по цветам: 2, добавлено: 0, новых вин-кодов: 0
2010-12-17T14:44:01+00:00 INFO (6): Тип 26 - найдено: 9, прошли первичные фильтры: 1, не прошли фильтр по цветам: 1, добавлено: 0, новых вин-кодов: 0
2010-12-17T14:44:01+00:00 INFO (6): Тип 28 - найдено: 15, прошли первичные фильтры: 1, не прошли фильтр по цветам: 1, добавлено: 0, новых вин-кодов: 0
2010-12-17T14:44:01+00:00 INFO (6): Ebay
2010-12-17T14:44:21+00:00 INFO (6): Тип 29 - найдено: 21, прошли первичные фильтры: 1, не прошли фильтр по цветам: 0, добавлено: 1, новых вин-кодов: 0
2010-12-17T14:45:09+00:00 INFO (6): Тип 30 - найдено: 52, прошли первичные фильтры: 2, не прошли фильтр по цветам: 2, добавлено: 0, новых вин-кодов: 0
2010-12-17T15:03:56+00:00 INFO (6): Запуск задачи
2010-12-17T15:03:56+00:00 INFO (6): Exporttrader
2010-12-17T15:03:56+00:00 INFO (6): Запрос авторизован
2010-12-17T15:04:00+00:00 INFO (6): Тип 1 - найдено: 68, прошли первичные фильтры: 19, не прошли фильтр по цветам: 5, добавлено: 14, новых вин-кодов: 0
2010-12-17T15:04:04+00:00 INFO (6): Тип 2 - найдено: 96, прошли первичные фильтры: 12, не прошли фильтр по цветам: 5, добавлено: 7, новых вин-кодов: 0
2010-12-17T15:04:06+00:00 INFO (6): Тип 3 - найдено: 25, прошли первичные фильтры: 0, не прошли фильтр по цветам: 0, добавлено: 0, новых вин-кодов: 0
2010-12-17T15:04:08+00:00 INFO (6): Тип 4 - найдено: 42, прошли первичные фильтры: 22, не прошли фильтр по цветам: 16, добавлено: 6, новых вин-кодов: 0
2010-12-17T15:04:11+00:00 INFO (6): Тип 5 - найдено: 60, прошли первичные фильтры: 24, не прошли фильтр по цветам: 21, добавлено: 3, новых вин-кодов: 0
2010-12-17T15:04:12+00:00 INFO (6): Тип 6 - найдено: 15, прошли первичные фильтры: 11, не прошли фильтр по цветам: 10, добавлено: 1, новых вин-кодов: 0
2010-12-17T15:04:13+00:00 INFO (6): Тип 7 - найдено: 19, прошли первичные фильтры: 13, не прошли фильтр по цветам: 12, добавлено: 1, новых вин-кодов: 0
2010-12-17T15:04:14+00:00 INFO (6): Тип 8 - найдено: 11, прошли первичные фильтры: 10, не прошли фильтр по цветам: 10, добавлено: 0, новых вин-кодов: 0
2010-12-17T15:04:17+00:00 INFO (6): Тип 9 - найдено: 54, прошли первичные фильтры: 5, не прошли фильтр по цветам: 0, добавлено: 5, новых вин-кодов: 0
2010-12-17T15:04:22+00:00 INFO (6): Тип 10 - найдено: 114, прошли первичные фильтры: 7, не прошли фильтр по цветам: 0, добавлено: 7, новых вин-кодов: 0
2010-12-17T15:04:25+00:00 INFO (6): Тип 21 - найдено: 71, прошли первичные фильтры: 4, не прошли фильтр по цветам: 4, добавлено: 0, новых вин-кодов: 0
2010-12-17T15:04:32+00:00 INFO (6): Тип 22 - найдено: 165, прошли первичные фильтры: 4, не прошли фильтр по цветам: 3, добавлено: 1, новых вин-кодов: 0
2010-12-17T15:04:35+00:00 INFO (6): Тип 23 - найдено: 74, прошли первичные фильтры: 8, не прошли фильтр по цветам: 6, добавлено: 2, новых вин-кодов: 0
2010-12-17T15:04:37+00:00 INFO (6): Тип 27 - найдено: 48, прошли первичные фильтры: 0, не прошли фильтр по цветам: 0, добавлено: 0, новых вин-кодов: 0
2010-12-17T15:04:37+00:00 INFO (6): Adesa
2010-12-17T15:04:39+00:00 INFO (6): Запрос авторизован
2010-12-17T15:04:39+00:00 INFO (6): Тип 11 - найдено: 7, прошли первичные фильтры: 2, не прошли фильтр по цветам: 0, добавлено: 2, новых вин-кодов: 0
2010-12-17T15:04:40+00:00 INFO (6): Тип 12 - найдено: 8, прошли первичные фильтры: 2, не прошли фильтр по цветам: 1, добавлено: 1, новых вин-кодов: 0
2010-12-17T15:04:40+00:00 INFO (6): Тип 13 - найдено: 1, прошли первичные фильтры: 0, не прошли фильтр по цветам: 0, добавлено: 0, новых вин-кодов: 0
2010-12-17T15:04:40+00:00 INFO (6): Тип 14 - найдено: 1, прошли первичные фильтры: 1, не прошли фильтр по цветам: 1, добавлено: 0, новых вин-кодов: 0
2010-12-17T15:04:40+00:00 INFO (6): Тип 15 - найдено: 0, прошли первичные фильтры: 0, не прошли фильтр по цветам: 0, добавлено: 0, новых вин-кодов: 0
2010-12-17T15:04:40+00:00 INFO (6): Тип 16 - найдено: 1, прошли первичные фильтры: 0, не прошли фильтр по цветам: 0, добавлено: 0, новых вин-кодов: 0
2010-12-17T15:04:41+00:00 INFO (6): Тип 17 - найдено: 2, прошли первичные фильтры: 0, не прошли фильтр по цветам: 0, добавлено: 0, новых вин-кодов: 0
2010-12-17T15:04:41+00:00 INFO (6): Тип 18 - найдено: 2, прошли первичные фильтры: 0, не прошли фильтр по цветам: 0, добавлено: 0, новых вин-кодов: 0
2010-12-17T15:04:42+00:00 INFO (6): Тип 19 - найдено: 7, прошли первичные фильтры: 1, не прошли фильтр по цветам: 0, добавлено: 1, новых вин-кодов: 1
2010-12-17T15:04:42+00:00 INFO (6): Тип 20 - найдено: 14, прошли первичные фильтры: 3, не прошли фильтр по цветам: 0, добавлено: 3, новых вин-кодов: 0
2010-12-17T15:04:42+00:00 INFO (6): Тип 24 - найдено: 13, прошли первичные фильтры: 2, не прошли фильтр по цветам: 2, добавлено: 0, новых вин-кодов: 0
2010-12-17T15:04:42+00:00 INFO (6): Тип 25 - найдено: 11, прошли первичные фильтры: 2, не прошли фильтр по цветам: 2, добавлено: 0, новых вин-кодов: 0
2010-12-17T15:04:43+00:00 INFO (6): Тип 26 - найдено: 9, прошли первичные фильтры: 1, не прошли фильтр по цветам: 1, добавлено: 0, новых вин-кодов: 0
2010-12-17T15:04:43+00:00 INFO (6): Тип 28 - найдено: 15, прошли первичные фильтры: 1, не прошли фильтр по цветам: 1, добавлено: 0, новых вин-кодов: 0
2010-12-17T15:04:43+00:00 INFO (6): Ebay
2010-12-17T15:04:58+00:00 INFO (6): Тип 29 - найдено: 21, прошли первичные фильтры: 1, не прошли фильтр по цветам: 0, добавлено: 1, новых вин-кодов: 0
2010-12-17T15:05:38+00:00 INFO (6): Тип 30 - найдено: 52, прошли первичные фильтры: 2, не прошли фильтр по цветам: 2, добавлено: 0, новых вин-кодов: 0
2010-12-17T15:22:38+00:00 INFO (6): Запуск задачи
2010-12-17T15:22:38+00:00 INFO (6): Exporttrader
2010-12-17T15:22:39+00:00 INFO (6): Запрос авторизован
2010-12-17T15:22:43+00:00 INFO (6): Тип 1 - найдено: 68, прошли первичные фильтры: 19, не прошли фильтр по цветам: 5, добавлено: 14, новых вин-кодов: 0
2010-12-17T15:22:48+00:00 INFO (6): Тип 2 - найдено: 96, прошли первичные фильтры: 12, не прошли фильтр по цветам: 5, добавлено: 7, новых вин-кодов: 0
2010-12-17T15:22:49+00:00 INFO (6): Тип 3 - найдено: 25, прошли первичные фильтры: 0, не прошли фильтр по цветам: 0, добавлено: 0, новых вин-кодов: 0
2010-12-17T15:22:53+00:00 INFO (6): Тип 4 - найдено: 42, прошли первичные фильтры: 22, не прошли фильтр по цветам: 16, добавлено: 6, новых вин-кодов: 0
2010-12-17T15:22:56+00:00 INFO (6): Тип 5 - найдено: 60, прошли первичные фильтры: 24, не прошли фильтр по цветам: 21, добавлено: 3, новых вин-кодов: 0
2010-12-17T15:22:58+00:00 INFO (6): Тип 6 - найдено: 15, прошли первичные фильтры: 11, не прошли фильтр по цветам: 10, добавлено: 1, новых вин-кодов: 0
2010-12-17T15:22:59+00:00 INFO (6): Тип 7 - найдено: 19, прошли первичные фильтры: 13, не прошли фильтр по цветам: 12, добавлено: 1, новых вин-кодов: 0
2010-12-17T15:23:01+00:00 INFO (6): Тип 8 - найдено: 11, прошли первичные фильтры: 10, не прошли фильтр по цветам: 10, добавлено: 0, новых вин-кодов: 0
2010-12-17T15:23:03+00:00 INFO (6): Тип 9 - найдено: 54, прошли первичные фильтры: 5, не прошли фильтр по цветам: 0, добавлено: 5, новых вин-кодов: 0
2010-12-17T15:23:09+00:00 INFO (6): Тип 10 - найдено: 114, прошли первичные фильтры: 7, не прошли фильтр по цветам: 0, добавлено: 7, новых вин-кодов: 0
2010-12-17T15:23:19+00:00 INFO (6): Тип 21 - найдено: 71, прошли первичные фильтры: 4, не прошли фильтр по цветам: 4, добавлено: 0, новых вин-кодов: 0
2010-12-17T15:23:25+00:00 INFO (6): Тип 22 - найдено: 165, прошли первичные фильтры: 4, не прошли фильтр по цветам: 3, добавлено: 1, новых вин-кодов: 0
2010-12-17T15:23:29+00:00 INFO (6): Тип 23 - найдено: 74, прошли первичные фильтры: 8, не прошли фильтр по цветам: 6, добавлено: 2, новых вин-кодов: 0
2010-12-17T15:23:32+00:00 INFO (6): Тип 27 - найдено: 48, прошли первичные фильтры: 0, не прошли фильтр по цветам: 0, добавлено: 0, новых вин-кодов: 0
2010-12-17T15:23:32+00:00 INFO (6): Adesa
2010-12-17T15:23:34+00:00 INFO (6): Запрос авторизован
2010-12-17T15:23:34+00:00 INFO (6): Тип 11 - найдено: 7, прошли первичные фильтры: 2, не прошли фильтр по цветам: 0, добавлено: 2, новых вин-кодов: 0
2010-12-17T15:23:34+00:00 INFO (6): Тип 12 - найдено: 8, прошли первичные фильтры: 2, не прошли фильтр по цветам: 1, добавлено: 1, новых вин-кодов: 0
2010-12-17T15:23:34+00:00 INFO (6): Тип 13 - найдено: 1, прошли первичные фильтры: 0, не прошли фильтр по цветам: 0, добавлено: 0, новых вин-кодов: 0
2010-12-17T15:23:35+00:00 INFO (6): Тип 14 - найдено: 1, прошли первичные фильтры: 1, не прошли фильтр по цветам: 1, добавлено: 0, новых вин-кодов: 0
2010-12-17T15:23:35+00:00 INFO (6): Тип 15 - найдено: 0, прошли первичные фильтры: 0, не прошли фильтр по цветам: 0, добавлено: 0, новых вин-кодов: 0
2010-12-17T15:23:35+00:00 INFO (6): Тип 16 - найдено: 1, прошли первичные фильтры: 0, не прошли фильтр по цветам: 0, добавлено: 0, новых вин-кодов: 0
2010-12-17T15:23:35+00:00 INFO (6): Тип 17 - найдено: 2, прошли первичные фильтры: 0, не прошли фильтр по цветам: 0, добавлено: 0, новых вин-кодов: 0
2010-12-17T15:23:35+00:00 INFO (6): Тип 18 - найдено: 2, прошли первичные фильтры: 0, не прошли фильтр по цветам: 0, добавлено: 0, новых вин-кодов: 0
2010-12-17T15:23:36+00:00 INFO (6): Тип 19 - найдено: 7, прошли первичные фильтры: 1, не прошли фильтр по цветам: 0, добавлено: 1, новых вин-кодов: 0
2010-12-17T15:23:36+00:00 INFO (6): Тип 20 - найдено: 14, прошли первичные фильтры: 3, не прошли фильтр по цветам: 0, добавлено: 3, новых вин-кодов: 0
2010-12-17T15:23:36+00:00 INFO (6): Тип 24 - найдено: 13, прошли первичные фильтры: 2, не прошли фильтр по цветам: 2, добавлено: 0, новых вин-кодов: 0
2010-12-17T15:23:36+00:00 INFO (6): Тип 25 - найдено: 12, прошли первичные фильтры: 2, не прошли фильтр по цветам: 2, добавлено: 0, новых вин-кодов: 0
2010-12-17T15:23:37+00:00 INFO (6): Тип 26 - найдено: 9, прошли первичные фильтры: 1, не прошли фильтр по цветам: 1, добавлено: 0, новых вин-кодов: 0
2010-12-17T15:23:37+00:00 INFO (6): Тип 28 - найдено: 15, прошли первичные фильтры: 1, не прошли фильтр по цветам: 1, добавлено: 0, новых вин-кодов: 0
2010-12-17T15:23:37+00:00 INFO (6): Ebay
2010-12-17T15:23:53+00:00 INFO (6): Тип 29 - найдено: 21, прошли первичные фильтры: 1, не прошли фильтр по цветам: 0, добавлено: 1, новых вин-кодов: 0
2010-12-17T15:24:32+00:00 INFO (6): Тип 30 - найдено: 51, прошли первичные фильтры: 1, не прошли фильтр по цветам: 1, добавлено: 0, новых вин-кодов: 0
2010-12-17T15:40:30+00:00 INFO (6): Запуск задачи
2010-12-17T15:40:30+00:00 INFO (6): Exporttrader
2010-12-17T15:40:30+00:00 INFO (6): Запрос авторизован
2010-12-17T15:40:34+00:00 INFO (6): Тип 1 - найдено: 68, прошли первичные фильтры: 19, не прошли фильтр по цветам: 5, добавлено: 14, новых вин-кодов: 0
2010-12-17T15:40:38+00:00 INFO (6): Тип 2 - найдено: 96, прошли первичные фильтры: 12, не прошли фильтр по цветам: 5, добавлено: 7, новых вин-кодов: 0
2010-12-17T15:40:40+00:00 INFO (6): Тип 3 - найдено: 25, прошли первичные фильтры: 0, не прошли фильтр по цветам: 0, добавлено: 0, новых вин-кодов: 0
2010-12-17T15:40:43+00:00 INFO (6): Тип 4 - найдено: 42, прошли первичные фильтры: 22, не прошли фильтр по цветам: 16, добавлено: 6, новых вин-кодов: 0
2010-12-17T15:40:46+00:00 INFO (6): Тип 5 - найдено: 60, прошли первичные фильтры: 24, не прошли фильтр по цветам: 21, добавлено: 3, новых вин-кодов: 0
2010-12-17T15:40:47+00:00 INFO (6): Тип 6 - найдено: 15, прошли первичные фильтры: 11, не прошли фильтр по цветам: 10, добавлено: 1, новых вин-кодов: 0
2010-12-17T15:40:49+00:00 INFO (6): Тип 7 - найдено: 19, прошли первичные фильтры: 13, не прошли фильтр по цветам: 12, добавлено: 1, новых вин-кодов: 0
2010-12-17T15:40:50+00:00 INFO (6): Тип 8 - найдено: 11, прошли первичные фильтры: 10, не прошли фильтр по цветам: 10, добавлено: 0, новых вин-кодов: 0
2010-12-17T15:40:53+00:00 INFO (6): Тип 9 - найдено: 57, прошли первичные фильтры: 5, не прошли фильтр по цветам: 0, добавлено: 5, новых вин-кодов: 0
2010-12-17T15:40:58+00:00 INFO (6): Тип 10 - найдено: 118, прошли первичные фильтры: 7, не прошли фильтр по цветам: 0, добавлено: 7, новых вин-кодов: 0
2010-12-17T15:41:02+00:00 INFO (6): Тип 21 - найдено: 71, прошли первичные фильтры: 4, не прошли фильтр по цветам: 4, добавлено: 0, новых вин-кодов: 0
2010-12-17T15:41:09+00:00 INFO (6): Тип 22 - найдено: 165, прошли первичные фильтры: 4, не прошли фильтр по цветам: 3, добавлено: 1, новых вин-кодов: 0
2010-12-17T15:41:12+00:00 INFO (6): Тип 23 - найдено: 74, прошли первичные фильтры: 8, не прошли фильтр по цветам: 6, добавлено: 2, новых вин-кодов: 0
2010-12-17T15:41:15+00:00 INFO (6): Тип 27 - найдено: 48, прошли первичные фильтры: 0, не прошли фильтр по цветам: 0, добавлено: 0, новых вин-кодов: 0
2010-12-17T15:41:15+00:00 INFO (6): Adesa
2010-12-17T15:41:16+00:00 INFO (6): Запрос авторизован
2010-12-17T15:41:16+00:00 INFO (6): Тип 11 - найдено: 7, прошли первичные фильтры: 2, не прошли фильтр по цветам: 0, добавлено: 2, новых вин-кодов: 0
2010-12-17T15:41:17+00:00 INFO (6): Тип 12 - найдено: 8, прошли первичные фильтры: 2, не прошли фильтр по цветам: 1, добавлено: 1, новых вин-кодов: 0
2010-12-17T15:41:17+00:00 INFO (6): Тип 13 - найдено: 1, прошли первичные фильтры: 0, не прошли фильтр по цветам: 0, добавлено: 0, новых вин-кодов: 0
2010-12-17T15:41:17+00:00 INFO (6): Тип 14 - найдено: 1, прошли первичные фильтры: 1, не прошли фильтр по цветам: 1, добавлено: 0, новых вин-кодов: 0
2010-12-17T15:41:17+00:00 INFO (6): Тип 15 - найдено: 0, прошли первичные фильтры: 0, не прошли фильтр по цветам: 0, добавлено: 0, новых вин-кодов: 0
2010-12-17T15:41:17+00:00 INFO (6): Тип 16 - найдено: 1, прошли первичные фильтры: 0, не прошли фильтр по цветам: 0, добавлено: 0, новых вин-кодов: 0
2010-12-17T15:41:18+00:00 INFO (6): Тип 17 - найдено: 2, прошли первичные фильтры: 0, не прошли фильтр по цветам: 0, добавлено: 0, новых вин-кодов: 0
2010-12-17T15:41:18+00:00 INFO (6): Тип 18 - найдено: 2, прошли первичные фильтры: 0, не прошли фильтр по цветам: 0, добавлено: 0, новых вин-кодов: 0
2010-12-17T15:41:18+00:00 INFO (6): Тип 19 - найдено: 7, прошли первичные фильтры: 1, не прошли фильтр по цветам: 0, добавлено: 1, новых вин-кодов: 0
2010-12-17T15:41:18+00:00 INFO (6): Тип 20 - найдено: 15, прошли первичные фильтры: 3, не прошли фильтр по цветам: 0, добавлено: 3, новых вин-кодов: 0
2010-12-17T15:41:18+00:00 INFO (6): Тип 24 - найдено: 12, прошли первичные фильтры: 2, не прошли фильтр по цветам: 2, добавлено: 0, новых вин-кодов: 0
2010-12-17T15:41:19+00:00 INFO (6): Тип 25 - найдено: 12, прошли первичные фильтры: 2, не прошли фильтр по цветам: 2, добавлено: 0, новых вин-кодов: 0
2010-12-17T15:41:19+00:00 INFO (6): Тип 26 - найдено: 9, прошли первичные фильтры: 1, не прошли фильтр по цветам: 1, добавлено: 0, новых вин-кодов: 0
2010-12-17T15:41:19+00:00 INFO (6): Тип 28 - найдено: 15, прошли первичные фильтры: 1, не прошли фильтр по цветам: 1, добавлено: 0, новых вин-кодов: 0
2010-12-17T15:41:19+00:00 INFO (6): Ebay
2010-12-17T15:41:36+00:00 INFO (6): Тип 29 - найдено: 21, прошли первичные фильтры: 1, не прошли фильтр по цветам: 0, добавлено: 1, новых вин-кодов: 0
2010-12-17T15:42:15+00:00 INFO (6): Тип 30 - найдено: 51, прошли первичные фильтры: 1, не прошли фильтр по цветам: 1, добавлено: 0, новых вин-кодов: 0
2010-12-17T16:15:18+00:00 INFO (6): Запуск задачи
2010-12-17T16:15:18+00:00 INFO (6): Exporttrader
2010-12-17T16:15:18+00:00 INFO (6): Запрос авторизован
2010-12-17T16:15:22+00:00 INFO (6): Тип 1 - найдено: 70, прошли первичные фильтры: 19, не прошли фильтр по цветам: 5, добавлено: 14, новых вин-кодов: 0
2010-12-17T16:15:25+00:00 INFO (6): Тип 2 - найдено: 98, прошли первичные фильтры: 12, не прошли фильтр по цветам: 5, добавлено: 7, новых вин-кодов: 0
2010-12-17T16:15:27+00:00 INFO (6): Тип 3 - найдено: 25, прошли первичные фильтры: 0, не прошли фильтр по цветам: 0, добавлено: 0, новых вин-кодов: 0
2010-12-17T16:15:30+00:00 INFO (6): Тип 4 - найдено: 44, прошли первичные фильтры: 22, не прошли фильтр по цветам: 16, добавлено: 6, новых вин-кодов: 0
2010-12-17T16:15:33+00:00 INFO (6): Тип 5 - найдено: 60, прошли первичные фильтры: 24, не прошли фильтр по цветам: 21, добавлено: 3, новых вин-кодов: 0
2010-12-17T16:15:34+00:00 INFO (6): Тип 6 - найдено: 15, прошли первичные фильтры: 11, не прошли фильтр по цветам: 10, добавлено: 1, новых вин-кодов: 0
2010-12-17T16:15:35+00:00 INFO (6): Тип 7 - найдено: 19, прошли первичные фильтры: 13, не прошли фильтр по цветам: 12, добавлено: 1, новых вин-кодов: 0
2010-12-17T16:15:37+00:00 INFO (6): Тип 8 - найдено: 11, прошли первичные фильтры: 10, не прошли фильтр по цветам: 10, добавлено: 0, новых вин-кодов: 0
2010-12-17T16:15:39+00:00 INFO (6): Тип 9 - найдено: 57, прошли первичные фильтры: 5, не прошли фильтр по цветам: 0, добавлено: 5, новых вин-кодов: 0
2010-12-17T16:15:44+00:00 INFO (6): Тип 10 - найдено: 118, прошли первичные фильтры: 7, не прошли фильтр по цветам: 0, добавлено: 7, новых вин-кодов: 0
2010-12-17T16:15:48+00:00 INFO (6): Тип 21 - найдено: 77, прошли первичные фильтры: 4, не прошли фильтр по цветам: 4, добавлено: 0, новых вин-кодов: 0
2010-12-17T16:15:55+00:00 INFO (6): Тип 22 - найдено: 170, прошли первичные фильтры: 4, не прошли фильтр по цветам: 3, добавлено: 1, новых вин-кодов: 0
2010-12-17T16:15:59+00:00 INFO (6): Тип 23 - найдено: 82, прошли первичные фильтры: 8, не прошли фильтр по цветам: 6, добавлено: 2, новых вин-кодов: 0
2010-12-17T16:16:02+00:00 INFO (6): Тип 27 - найдено: 55, прошли первичные фильтры: 0, не прошли фильтр по цветам: 0, добавлено: 0, новых вин-кодов: 0
2010-12-17T16:16:02+00:00 INFO (6): Adesa
2010-12-17T16:16:03+00:00 INFO (6): Запрос авторизован
2010-12-17T16:16:03+00:00 INFO (6): Тип 11 - найдено: 7, прошли первичные фильтры: 2, не прошли фильтр по цветам: 0, добавлено: 2, новых вин-кодов: 0
2010-12-17T16:16:04+00:00 INFO (6): Тип 12 - найдено: 8, прошли первичные фильтры: 2, не прошли фильтр по цветам: 1, добавлено: 1, новых вин-кодов: 0
2010-12-17T16:16:04+00:00 INFO (6): Тип 13 - найдено: 1, прошли первичные фильтры: 0, не прошли фильтр по цветам: 0, добавлено: 0, новых вин-кодов: 0
2010-12-17T16:16:04+00:00 INFO (6): Тип 14 - найдено: 1, прошли первичные фильтры: 1, не прошли фильтр по цветам: 1, добавлено: 0, новых вин-кодов: 0
2010-12-17T16:16:04+00:00 INFO (6): Тип 15 - найдено: 1, прошли первичные фильтры: 0, не прошли фильтр по цветам: 0, добавлено: 0, новых вин-кодов: 0
2010-12-17T16:16:04+00:00 INFO (6): Тип 16 - найдено: 1, прошли первичные фильтры: 0, не прошли фильтр по цветам: 0, добавлено: 0, новых вин-кодов: 0
2010-12-17T16:16:05+00:00 INFO (6): Тип 17 - найдено: 2, прошли первичные фильтры: 0, не прошли фильтр по цветам: 0, добавлено: 0, новых вин-кодов: 0
2010-12-17T16:16:05+00:00 INFO (6): Тип 18 - найдено: 2, прошли первичные фильтры: 0, не прошли фильтр по цветам: 0, добавлено: 0, новых вин-кодов: 0
2010-12-17T16:16:05+00:00 INFO (6): Тип 19 - найдено: 7, прошли первичные фильтры: 1, не прошли фильтр по цветам: 0, добавлено: 1, новых вин-кодов: 0
2010-12-17T16:16:05+00:00 INFO (6): Тип 20 - найдено: 16, прошли первичные фильтры: 3, не прошли фильтр по цветам: 0, добавлено: 3, новых вин-кодов: 0
2010-12-17T16:16:05+00:00 INFO (6): Тип 24 - найдено: 12, прошли первичные фильтры: 2, не прошли фильтр по цветам: 2, добавлено: 0, новых вин-кодов: 0
2010-12-17T16:16:06+00:00 INFO (6): Тип 25 - найдено: 11, прошли первичные фильтры: 2, не прошли фильтр по цветам: 2, добавлено: 0, новых вин-кодов: 0
2010-12-17T16:16:06+00:00 INFO (6): Тип 26 - найдено: 8, прошли первичные фильтры: 1, не прошли фильтр по цветам: 1, добавлено: 0, новых вин-кодов: 0
2010-12-17T16:16:06+00:00 INFO (6): Тип 28 - найдено: 15, прошли первичные фильтры: 1, не прошли фильтр по цветам: 1, добавлено: 0, новых вин-кодов: 0
2010-12-17T16:16:06+00:00 INFO (6): Ebay
2010-12-17T16:16:22+00:00 INFO (6): Тип 29 - найдено: 21, прошли первичные фильтры: 1, не прошли фильтр по цветам: 0, добавлено: 1, новых вин-кодов: 0
2010-12-17T16:16:59+00:00 INFO (6): Тип 30 - найдено: 50, прошли первичные фильтры: 1, не прошли фильтр по цветам: 1, добавлено: 0, новых вин-кодов: 0
2010-12-17T16:17:27+00:00 INFO (6): Тип 31 - найдено: 38, прошли первичные фильтры: 0, не прошли фильтр по цветам: 0, добавлено: 0, новых вин-кодов: 0
2010-12-17T16:17:47+00:00 INFO (6): Тип 32 - найдено: 24, прошли первичные фильтры: 8, не прошли фильтр по цветам: 8, добавлено: 0, новых вин-кодов: 0
2010-12-17T16:18:00+00:00 INFO (6): Тип 33 - найдено: 15, прошли первичные фильтры: 8, не прошли фильтр по цветам: 6, добавлено: 2, новых вин-кодов: 0
2010-12-17T16:18:04+00:00 INFO (6): Тип 34 - найдено: 4, прошли первичные фильтры: 3, не прошли фильтр по цветам: 3, добавлено: 0, новых вин-кодов: 0
2010-12-17T16:18:12+00:00 INFO (6): Тип 35 - найдено: 8, прошли первичные фильтры: 5, не прошли фильтр по цветам: 5, добавлено: 0, новых вин-кодов: 0
2010-12-17T16:18:17+00:00 INFO (6): Тип 36 - найдено: 6, прошли первичные фильтры: 6, не прошли фильтр по цветам: 6, добавлено: 0, новых вин-кодов: 0
2010-12-17T16:18:21+00:00 INFO (6): Тип 37 - найдено: 4, прошли первичные фильтры: 0, не прошли фильтр по цветам: 0, добавлено: 0, новых вин-кодов: 0
2010-12-17T16:18:37+00:00 INFO (6): Тип 38 - найдено: 18, прошли первичные фильтры: 2, не прошли фильтр по цветам: 0, добавлено: 2, новых вин-кодов: 0
2010-12-17T16:18:38+00:00 INFO (6): Тип 39 - найдено: 1, прошли первичные фильтры: 0, не прошли фильтр по цветам: 0, добавлено: 0, новых вин-кодов: 0
2010-12-17T16:19:14+00:00 INFO (6): Тип 40 - найдено: 48, прошли первичные фильтры: 1, не прошли фильтр по цветам: 1, добавлено: 0, новых вин-кодов: 0
2010-12-17T16:19:24+00:00 INFO (6): Тип 41 - найдено: 11, прошли первичные фильтры: 0, не прошли фильтр по цветам: 0, добавлено: 0, новых вин-кодов: 0
2010-12-17T16:19:33+00:00 INFO (6): Тип 42 - найдено: 13, прошли первичные фильтры: 0, не прошли фильтр по цветам: 0, добавлено: 0, новых вин-кодов: 0
2010-12-17T16:19:33+00:00 INFO (6): Завершение задачи
2010-12-17T16:35:45+00:00 INFO (6): Запуск задачи
2010-12-17T16:35:45+00:00 INFO (6): Exporttrader
2010-12-17T16:35:45+00:00 INFO (6): Запрос авторизован
2010-12-17T16:35:49+00:00 INFO (6): Тип 1 - найдено: 70, прошли первичные фильтры: 19, не прошли фильтр по цветам: 5, добавлено: 14, новых вин-кодов: 0
2010-12-17T16:35:53+00:00 INFO (6): Тип 2 - найдено: 98, прошли первичные фильтры: 12, не прошли фильтр по цветам: 5, добавлено: 7, новых вин-кодов: 0
2010-12-17T16:35:55+00:00 INFO (6): Тип 3 - найдено: 25, прошли первичные фильтры: 0, не прошли фильтр по цветам: 0, добавлено: 0, новых вин-кодов: 0
2010-12-17T16:35:59+00:00 INFO (6): Тип 4 - найдено: 44, прошли первичные фильтры: 22, не прошли фильтр по цветам: 16, добавлено: 6, новых вин-кодов: 0
2010-12-17T16:36:01+00:00 INFO (6): Тип 5 - найдено: 60, прошли первичные фильтры: 24, не прошли фильтр по цветам: 21, добавлено: 3, новых вин-кодов: 0
2010-12-17T16:36:03+00:00 INFO (6): Тип 6 - найдено: 15, прошли первичные фильтры: 11, не прошли фильтр по цветам: 10, добавлено: 1, новых вин-кодов: 0
2010-12-17T16:36:04+00:00 INFO (6): Тип 7 - найдено: 19, прошли первичные фильтры: 13, не прошли фильтр по цветам: 12, добавлено: 1, новых вин-кодов: 0
2010-12-17T16:36:05+00:00 INFO (6): Тип 8 - найдено: 11, прошли первичные фильтры: 10, не прошли фильтр по цветам: 10, добавлено: 0, новых вин-кодов: 0
2010-12-17T16:36:08+00:00 INFO (6): Тип 9 - найдено: 57, прошли первичные фильтры: 5, не прошли фильтр по цветам: 0, добавлено: 5, новых вин-кодов: 0
2010-12-17T16:36:12+00:00 INFO (6): Тип 10 - найдено: 119, прошли первичные фильтры: 7, не прошли фильтр по цветам: 0, добавлено: 7, новых вин-кодов: 0
2010-12-17T16:36:16+00:00 INFO (6): Тип 21 - найдено: 77, прошли первичные фильтры: 4, не прошли фильтр по цветам: 4, добавлено: 0, новых вин-кодов: 0
2010-12-17T16:36:25+00:00 INFO (6): Тип 22 - найдено: 172, прошли первичные фильтры: 4, не прошли фильтр по цветам: 3, добавлено: 1, новых вин-кодов: 0
2010-12-17T16:36:28+00:00 INFO (6): Тип 23 - найдено: 82, прошли первичные фильтры: 8, не прошли фильтр по цветам: 6, добавлено: 2, новых вин-кодов: 0
2010-12-17T16:36:31+00:00 INFO (6): Тип 27 - найдено: 55, прошли первичные фильтры: 0, не прошли фильтр по цветам: 0, добавлено: 0, новых вин-кодов: 0
2010-12-17T16:36:31+00:00 INFO (6): Adesa
2010-12-17T16:36:33+00:00 INFO (6): Запрос авторизован
2010-12-17T16:36:33+00:00 INFO (6): Тип 11 - найдено: 7, прошли первичные фильтры: 2, не прошли фильтр по цветам: 0, добавлено: 2, новых вин-кодов: 0
2010-12-17T16:36:33+00:00 INFO (6): Тип 12 - найдено: 8, прошли первичные фильтры: 2, не прошли фильтр по цветам: 1, добавлено: 1, новых вин-кодов: 0
2010-12-17T16:36:34+00:00 INFO (6): Тип 13 - найдено: 1, прошли первичные фильтры: 0, не прошли фильтр по цветам: 0, добавлено: 0, новых вин-кодов: 0
2010-12-17T16:36:34+00:00 INFO (6): Тип 14 - найдено: 1, прошли первичные фильтры: 1, не прошли фильтр по цветам: 1, добавлено: 0, новых вин-кодов: 0
2010-12-17T16:36:34+00:00 INFO (6): Тип 15 - найдено: 1, прошли первичные фильтры: 0, не прошли фильтр по цветам: 0, добавлено: 0, новых вин-кодов: 0
2010-12-17T16:36:34+00:00 INFO (6): Тип 16 - найдено: 1, прошли первичные фильтры: 0, не прошли фильтр по цветам: 0, добавлено: 0, новых вин-кодов: 0
2010-12-17T16:36:34+00:00 INFO (6): Тип 17 - найдено: 2, прошли первичные фильтры: 0, не прошли фильтр по цветам: 0, добавлено: 0, новых вин-кодов: 0
2010-12-17T16:36:34+00:00 INFO (6): Тип 18 - найдено: 2, прошли первичные фильтры: 0, не прошли фильтр по цветам: 0, добавлено: 0, новых вин-кодов: 0
2010-12-17T16:36:35+00:00 INFO (6): Тип 19 - найдено: 7, прошли первичные фильтры: 1, не прошли фильтр по цветам: 0, добавлено: 1, новых вин-кодов: 0
2010-12-17T16:36:35+00:00 INFO (6): Тип 20 - найдено: 16, прошли первичные фильтры: 3, не прошли фильтр по цветам: 0, добавлено: 3, новых вин-кодов: 0
2010-12-17T16:36:35+00:00 INFO (6): Тип 24 - найдено: 12, прошли первичные фильтры: 2, не прошли фильтр по цветам: 2, добавлено: 0, новых вин-кодов: 0
2010-12-17T16:36:35+00:00 INFO (6): Тип 25 - найдено: 11, прошли первичные фильтры: 2, не прошли фильтр по цветам: 2, добавлено: 0, новых вин-кодов: 0
2010-12-17T16:36:36+00:00 INFO (6): Тип 26 - найдено: 8, прошли первичные фильтры: 1, не прошли фильтр по цветам: 1, добавлено: 0, новых вин-кодов: 0
2010-12-17T16:36:36+00:00 INFO (6): Тип 28 - найдено: 15, прошли первичные фильтры: 1, не прошли фильтр по цветам: 1, добавлено: 0, новых вин-кодов: 0
2010-12-17T16:36:36+00:00 INFO (6): Ebay
2010-12-17T16:36:53+00:00 INFO (6): Тип 29 - найдено: 21, прошли первичные фильтры: 1, не прошли фильтр по цветам: 0, добавлено: 1, новых вин-кодов: 0
2010-12-17T16:37:31+00:00 INFO (6): Тип 30 - найдено: 50, прошли первичные фильтры: 1, не прошли фильтр по цветам: 1, добавлено: 0, новых вин-кодов: 0
2010-12-17T16:38:01+00:00 INFO (6): Тип 31 - найдено: 38, прошли первичные фильтры: 0, не прошли фильтр по цветам: 0, добавлено: 0, новых вин-кодов: 0
2010-12-17T16:38:20+00:00 INFO (6): Тип 32 - найдено: 24, прошли первичные фильтры: 8, не прошли фильтр по цветам: 8, добавлено: 0, новых вин-кодов: 0
2010-12-17T16:38:32+00:00 INFO (6): Тип 33 - найдено: 15, прошли первичные фильтры: 8, не прошли фильтр по цветам: 6, добавлено: 2, новых вин-кодов: 0
2010-12-17T16:38:36+00:00 INFO (6): Тип 34 - найдено: 4, прошли первичные фильтры: 3, не прошли фильтр по цветам: 3, добавлено: 0, новых вин-кодов: 0
2010-12-17T16:38:44+00:00 INFO (6): Тип 35 - найдено: 8, прошли первичные фильтры: 5, не прошли фильтр по цветам: 5, добавлено: 0, новых вин-кодов: 0
2010-12-17T16:38:49+00:00 INFO (6): Тип 36 - найдено: 6, прошли первичные фильтры: 6, не прошли фильтр по цветам: 6, добавлено: 0, новых вин-кодов: 0
2010-12-17T16:38:53+00:00 INFO (6): Тип 37 - найдено: 4, прошли первичные фильтры: 0, не прошли фильтр по цветам: 0, добавлено: 0, новых вин-кодов: 0
2010-12-17T16:39:08+00:00 INFO (6): Тип 38 - найдено: 18, прошли первичные фильтры: 2, не прошли фильтр по цветам: 0, добавлено: 2, новых вин-кодов: 0
2010-12-17T16:39:10+00:00 INFO (6): Тип 39 - найдено: 1, прошли первичные фильтры: 0, не прошли фильтр по цветам: 0, добавлено: 0, новых вин-кодов: 0
2010-12-17T16:39:46+00:00 INFO (6): Тип 40 - найдено: 49, прошли первичные фильтры: 1, не прошли фильтр по цветам: 1, добавлено: 0, новых вин-кодов: 0
2010-12-17T16:39:55+00:00 INFO (6): Тип 41 - найдено: 11, прошли первичные фильтры: 0, не прошли фильтр по цветам: 0, добавлено: 0, новых вин-кодов: 0
2010-12-17T16:40:05+00:00 INFO (6): Тип 42 - найдено: 13, прошли первичные фильтры: 0, не прошли фильтр по цветам: 0, добавлено: 0, новых вин-кодов: 0
2010-12-17T16:40:05+00:00 INFO (6): Завершение задачи
2010-12-17T17:17:06+00:00 INFO (6): Запуск задачи
2010-12-17T17:17:06+00:00 INFO (6): Exporttrader
2010-12-17T17:17:06+00:00 INFO (6): Запрос авторизован
2010-12-17T17:17:10+00:00 INFO (6): Тип 1 - найдено: 70, прошли первичные фильтры: 19, не прошли фильтр по цветам: 5, добавлено: 14, новых вин-кодов: 0
2010-12-17T17:17:14+00:00 INFO (6): Тип 2 - найдено: 98, прошли первичные фильтры: 12, не прошли фильтр по цветам: 5, добавлено: 7, новых вин-кодов: 0
2010-12-17T17:17:16+00:00 INFO (6): Тип 3 - найдено: 25, прошли первичные фильтры: 0, не прошли фильтр по цветам: 0, добавлено: 0, новых вин-кодов: 0
2010-12-17T17:17:19+00:00 INFO (6): Тип 4 - найдено: 45, прошли первичные фильтры: 23, не прошли фильтр по цветам: 17, добавлено: 6, новых вин-кодов: 0
2010-12-17T17:17:22+00:00 INFO (6): Тип 5 - найдено: 59, прошли первичные фильтры: 23, не прошли фильтр по цветам: 21, добавлено: 2, новых вин-кодов: 0
2010-12-17T17:17:24+00:00 INFO (6): Тип 6 - найдено: 15, прошли первичные фильтры: 11, не прошли фильтр по цветам: 10, добавлено: 1, новых вин-кодов: 0
2010-12-17T17:17:26+00:00 INFO (6): Тип 7 - найдено: 19, прошли первичные фильтры: 13, не прошли фильтр по цветам: 12, добавлено: 1, новых вин-кодов: 0
2010-12-17T17:17:28+00:00 INFO (6): Тип 8 - найдено: 11, прошли первичные фильтры: 10, не прошли фильтр по цветам: 10, добавлено: 0, новых вин-кодов: 0
2010-12-17T17:17:32+00:00 INFO (6): Тип 9 - найдено: 58, прошли первичные фильтры: 6, не прошли фильтр по цветам: 0, добавлено: 6, новых вин-кодов: 0
2010-12-17T17:17:40+00:00 INFO (6): Тип 10 - найдено: 121, прошли первичные фильтры: 7, не прошли фильтр по цветам: 0, добавлено: 7, новых вин-кодов: 0
2010-12-17T17:17:45+00:00 INFO (6): Тип 21 - найдено: 79, прошли первичные фильтры: 4, не прошли фильтр по цветам: 4, добавлено: 0, новых вин-кодов: 0
2010-12-17T17:17:54+00:00 INFO (6): Тип 22 - найдено: 171, прошли первичные фильтры: 4, не прошли фильтр по цветам: 3, добавлено: 1, новых вин-кодов: 0
2010-12-17T17:18:00+00:00 INFO (6): Тип 23 - найдено: 82, прошли первичные фильтры: 8, не прошли фильтр по цветам: 6, добавлено: 2, новых вин-кодов: 0
2010-12-17T17:18:04+00:00 INFO (6): Тип 27 - найдено: 54, прошли первичные фильтры: 0, не прошли фильтр по цветам: 0, добавлено: 0, новых вин-кодов: 0
2010-12-17T17:18:04+00:00 INFO (6): Adesa
2010-12-17T17:18:05+00:00 INFO (6): Запрос авторизован
2010-12-17T17:18:07+00:00 INFO (6): Тип 11 - найдено: 7, прошли первичные фильтры: 3, не прошли фильтр по цветам: 0, добавлено: 3, новых вин-кодов: 1
2010-12-17T17:18:08+00:00 INFO (6): Тип 12 - найдено: 8, прошли первичные фильтры: 2, не прошли фильтр по цветам: 1, добавлено: 1, новых вин-кодов: 0
2010-12-17T17:18:08+00:00 INFO (6): Тип 13 - найдено: 1, прошли первичные фильтры: 0, не прошли фильтр по цветам: 0, добавлено: 0, новых вин-кодов: 0
2010-12-17T17:18:08+00:00 INFO (6): Тип 14 - найдено: 1, прошли первичные фильтры: 1, не прошли фильтр по цветам: 1, добавлено: 0, новых вин-кодов: 0
2010-12-17T17:18:08+00:00 INFO (6): Тип 15 - найдено: 1, прошли первичные фильтры: 0, не прошли фильтр по цветам: 0, добавлено: 0, новых вин-кодов: 0
2010-12-17T17:18:08+00:00 INFO (6): Тип 16 - найдено: 1, прошли первичные фильтры: 0, не прошли фильтр по цветам: 0, добавлено: 0, новых вин-кодов: 0
2010-12-17T17:18:09+00:00 INFO (6): Тип 17 - найдено: 2, прошли первичные фильтры: 0, не прошли фильтр по цветам: 0, добавлено: 0, новых вин-кодов: 0
2010-12-17T17:18:09+00:00 INFO (6): Тип 18 - найдено: 2, прошли первичные фильтры: 0, не прошли фильтр по цветам: 0, добавлено: 0, новых вин-кодов: 0
2010-12-17T17:18:09+00:00 INFO (6): Тип 19 - найдено: 7, прошли первичные фильтры: 1, не прошли фильтр по цветам: 0, добавлено: 1, новых вин-кодов: 0
2010-12-17T17:18:09+00:00 INFO (6): Тип 20 - найдено: 16, прошли первичные фильтры: 3, не прошли фильтр по цветам: 0, добавлено: 3, новых вин-кодов: 0
2010-12-17T17:18:10+00:00 INFO (6): Тип 24 - найдено: 12, прошли первичные фильтры: 2, не прошли фильтр по цветам: 2, добавлено: 0, новых вин-кодов: 0
2010-12-17T17:18:10+00:00 INFO (6): Тип 25 - найдено: 11, прошли первичные фильтры: 2, не прошли фильтр по цветам: 2, добавлено: 0, новых вин-кодов: 0
2010-12-17T17:18:10+00:00 INFO (6): Тип 26 - найдено: 8, прошли первичные фильтры: 1, не прошли фильтр по цветам: 1, добавлено: 0, новых вин-кодов: 0
2010-12-17T17:18:10+00:00 INFO (6): Тип 28 - найдено: 15, прошли первичные фильтры: 1, не прошли фильтр по цветам: 1, добавлено: 0, новых вин-кодов: 0
2010-12-17T17:18:10+00:00 INFO (6): Ebay
2010-12-17T17:18:26+00:00 INFO (6): Тип 29 - найдено: 20, прошли первичные фильтры: 1, не прошли фильтр по цветам: 0, добавлено: 1, новых вин-кодов: 0
2010-12-17T17:19:04+00:00 INFO (6): Тип 30 - найдено: 50, прошли первичные фильтры: 1, не прошли фильтр по цветам: 1, добавлено: 0, новых вин-кодов: 0
2010-12-17T17:19:31+00:00 INFO (6): Тип 31 - найдено: 38, прошли первичные фильтры: 0, не прошли фильтр по цветам: 0, добавлено: 0, новых вин-кодов: 0
2010-12-17T17:19:50+00:00 INFO (6): Тип 32 - найдено: 24, прошли первичные фильтры: 8, не прошли фильтр по цветам: 8, добавлено: 0, новых вин-кодов: 0
2010-12-17T17:20:04+00:00 INFO (6): Тип 33 - найдено: 15, прошли первичные фильтры: 8, не прошли фильтр по цветам: 6, добавлено: 2, новых вин-кодов: 0
2010-12-17T17:20:08+00:00 INFO (6): Тип 34 - найдено: 4, прошли первичные фильтры: 3, не прошли фильтр по цветам: 3, добавлено: 0, новых вин-кодов: 0
2010-12-17T17:20:16+00:00 INFO (6): Тип 35 - найдено: 8, прошли первичные фильтры: 5, не прошли фильтр по цветам: 5, добавлено: 0, новых вин-кодов: 0
2010-12-17T17:20:21+00:00 INFO (6): Тип 36 - найдено: 6, прошли первичные фильтры: 6, не прошли фильтр по цветам: 6, добавлено: 0, новых вин-кодов: 0
2010-12-17T17:20:25+00:00 INFO (6): Тип 37 - найдено: 4, прошли первичные фильтры: 0, не прошли фильтр по цветам: 0, добавлено: 0, новых вин-кодов: 0
2010-12-17T17:20:39+00:00 INFO (6): Тип 38 - найдено: 17, прошли первичные фильтры: 2, не прошли фильтр по цветам: 0, добавлено: 2, новых вин-кодов: 0
2010-12-17T17:20:40+00:00 INFO (6): Тип 39 - найдено: 1, прошли первичные фильтры: 0, не прошли фильтр по цветам: 0, добавлено: 0, новых вин-кодов: 0
2010-12-17T17:21:14+00:00 INFO (6): Тип 40 - найдено: 48, прошли первичные фильтры: 1, не прошли фильтр по цветам: 1, добавлено: 0, новых вин-кодов: 0
2010-12-17T17:21:24+00:00 INFO (6): Тип 41 - найдено: 12, прошли первичные фильтры: 0, не прошли фильтр по цветам: 0, добавлено: 0, новых вин-кодов: 0
2010-12-17T17:21:33+00:00 INFO (6): Тип 42 - найдено: 12, прошли первичные фильтры: 0, не прошли фильтр по цветам: 0, добавлено: 0, новых вин-кодов: 0
2010-12-17T17:21:33+00:00 INFO (6): Завершение задачи
2010-12-17T17:53:33+00:00 INFO (6): Запуск задачи
2010-12-17T17:53:33+00:00 INFO (6): Exporttrader
2010-12-17T17:53:33+00:00 INFO (6): Запрос авторизован
2010-12-17T17:53:36+00:00 INFO (6): Тип 1 - найдено: 70, прошли первичные фильтры: 19, не прошли фильтр по цветам: 5, добавлено: 14, новых вин-кодов: 0
2010-12-17T17:53:41+00:00 INFO (6): Тип 2 - найдено: 98, прошли первичные фильтры: 12, не прошли фильтр по цветам: 5, добавлено: 7, новых вин-кодов: 0
2010-12-17T17:53:43+00:00 INFO (6): Тип 3 - найдено: 25, прошли первичные фильтры: 0, не прошли фильтр по цветам: 0, добавлено: 0, новых вин-кодов: 0
2010-12-17T17:53:45+00:00 INFO (6): Тип 4 - найдено: 45, прошли первичные фильтры: 23, не прошли фильтр по цветам: 17, добавлено: 6, новых вин-кодов: 0
2010-12-17T17:53:48+00:00 INFO (6): Тип 5 - найдено: 59, прошли первичные фильтры: 23, не прошли фильтр по цветам: 21, добавлено: 2, новых вин-кодов: 0
2010-12-17T17:53:49+00:00 INFO (6): Тип 6 - найдено: 15, прошли первичные фильтры: 11, не прошли фильтр по цветам: 10, добавлено: 1, новых вин-кодов: 0
2010-12-17T17:53:51+00:00 INFO (6): Тип 7 - найдено: 19, прошли первичные фильтры: 13, не прошли фильтр по цветам: 12, добавлено: 1, новых вин-кодов: 0
2010-12-17T17:53:52+00:00 INFO (6): Тип 8 - найдено: 11, прошли первичные фильтры: 10, не прошли фильтр по цветам: 10, добавлено: 0, новых вин-кодов: 0
2010-12-17T17:53:55+00:00 INFO (6): Тип 9 - найдено: 58, прошли первичные фильтры: 6, не прошли фильтр по цветам: 0, добавлено: 6, новых вин-кодов: 0
2010-12-17T17:54:01+00:00 INFO (6): Тип 10 - найдено: 121, прошли первичные фильтры: 7, не прошли фильтр по цветам: 0, добавлено: 7, новых вин-кодов: 0
2010-12-17T17:54:05+00:00 INFO (6): Тип 21 - найдено: 79, прошли первичные фильтры: 4, не прошли фильтр по цветам: 4, добавлено: 0, новых вин-кодов: 0
2010-12-17T17:54:12+00:00 INFO (6): Тип 22 - найдено: 171, прошли первичные фильтры: 4, не прошли фильтр по цветам: 3, добавлено: 1, новых вин-кодов: 0
2010-12-17T17:54:15+00:00 INFO (6): Тип 23 - найдено: 82, прошли первичные фильтры: 8, не прошли фильтр по цветам: 6, добавлено: 2, новых вин-кодов: 0
2010-12-17T17:54:18+00:00 INFO (6): Тип 27 - найдено: 54, прошли первичные фильтры: 0, не прошли фильтр по цветам: 0, добавлено: 0, новых вин-кодов: 0
2010-12-17T17:54:18+00:00 INFO (6): Adesa
2010-12-17T17:54:20+00:00 INFO (6): Запрос авторизован
2010-12-17T17:54:20+00:00 INFO (6): Тип 11 - найдено: 7, прошли первичные фильтры: 3, не прошли фильтр по цветам: 0, добавлено: 3, новых вин-кодов: 0
2010-12-17T17:54:20+00:00 INFO (6): Тип 12 - найдено: 8, прошли первичные фильтры: 2, не прошли фильтр по цветам: 1, добавлено: 1, новых вин-кодов: 0
2010-12-17T17:54:20+00:00 INFO (6): Тип 13 - найдено: 1, прошли первичные фильтры: 0, не прошли фильтр по цветам: 0, добавлено: 0, новых вин-кодов: 0
2010-12-17T17:54:21+00:00 INFO (6): Тип 14 - найдено: 1, прошли первичные фильтры: 1, не прошли фильтр по цветам: 1, добавлено: 0, новых вин-кодов: 0
2010-12-17T17:54:21+00:00 INFO (6): Тип 15 - найдено: 1, прошли первичные фильтры: 0, не прошли фильтр по цветам: 0, добавлено: 0, новых вин-кодов: 0
2010-12-17T17:54:21+00:00 INFO (6): Тип 16 - найдено: 1, прошли первичные фильтры: 0, не прошли фильтр по цветам: 0, добавлено: 0, новых вин-кодов: 0
2010-12-17T17:54:21+00:00 INFO (6): Тип 17 - найдено: 2, прошли первичные фильтры: 0, не прошли фильтр по цветам: 0, добавлено: 0, новых вин-кодов: 0
2010-12-17T17:54:21+00:00 INFO (6): Тип 18 - найдено: 2, прошли первичные фильтры: 0, не прошли фильтр по цветам: 0, добавлено: 0, новых вин-кодов: 0
2010-12-17T17:54:22+00:00 INFO (6): Тип 19 - найдено: 7, прошли первичные фильтры: 1, не прошли фильтр по цветам: 0, добавлено: 1, новых вин-кодов: 0
2010-12-17T17:54:22+00:00 INFO (6): Тип 20 - найдено: 16, прошли первичные фильтры: 3, не прошли фильтр по цветам: 0, добавлено: 3, новых вин-кодов: 0
2010-12-17T17:54:22+00:00 INFO (6): Тип 24 - найдено: 12, прошли первичные фильтры: 2, не прошли фильтр по цветам: 2, добавлено: 0, новых вин-кодов: 0
2010-12-17T17:54:22+00:00 INFO (6): Тип 25 - найдено: 11, прошли первичные фильтры: 2, не прошли фильтр по цветам: 2, добавлено: 0, новых вин-кодов: 0
2010-12-17T17:54:23+00:00 INFO (6): Тип 26 - найдено: 8, прошли первичные фильтры: 1, не прошли фильтр по цветам: 1, добавлено: 0, новых вин-кодов: 0
2010-12-17T17:54:23+00:00 INFO (6): Тип 28 - найдено: 15, прошли первичные фильтры: 1, не прошли фильтр по цветам: 1, добавлено: 0, новых вин-кодов: 0
2010-12-17T17:54:23+00:00 INFO (6): Ebay
2010-12-17T17:54:38+00:00 INFO (6): Тип 29 - найдено: 20, прошли первичные фильтры: 1, не прошли фильтр по цветам: 0, добавлено: 1, новых вин-кодов: 0
2010-12-17T17:55:16+00:00 INFO (6): Тип 30 - найдено: 49, прошли первичные фильтры: 1, не прошли фильтр по цветам: 1, добавлено: 0, новых вин-кодов: 0
2010-12-17T17:55:45+00:00 INFO (6): Тип 31 - найдено: 38, прошли первичные фильтры: 0, не прошли фильтр по цветам: 0, добавлено: 0, новых вин-кодов: 0
2010-12-17T17:56:03+00:00 INFO (6): Тип 32 - найдено: 24, прошли первичные фильтры: 8, не прошли фильтр по цветам: 8, добавлено: 0, новых вин-кодов: 0
2010-12-17T17:56:16+00:00 INFO (6): Тип 33 - найдено: 15, прошли первичные фильтры: 8, не прошли фильтр по цветам: 6, добавлено: 2, новых вин-кодов: 0
2010-12-17T17:56:20+00:00 INFO (6): Тип 34 - найдено: 4, прошли первичные фильтры: 3, не прошли фильтр по цветам: 3, добавлено: 0, новых вин-кодов: 0
2010-12-17T17:56:28+00:00 INFO (6): Тип 35 - найдено: 8, прошли первичные фильтры: 5, не прошли фильтр по цветам: 5, добавлено: 0, новых вин-кодов: 0
2010-12-17T17:56:33+00:00 INFO (6): Тип 36 - найдено: 6, прошли первичные фильтры: 6, не прошли фильтр по цветам: 6, добавлено: 0, новых вин-кодов: 0
2010-12-17T17:56:36+00:00 INFO (6): Тип 37 - найдено: 4, прошли первичные фильтры: 0, не прошли фильтр по цветам: 0, добавлено: 0, новых вин-кодов: 0
2010-12-17T17:56:50+00:00 INFO (6): Тип 38 - найдено: 17, прошли первичные фильтры: 2, не прошли фильтр по цветам: 0, добавлено: 2, новых вин-кодов: 0
2010-12-17T17:56:52+00:00 INFO (6): Тип 39 - найдено: 1, прошли первичные фильтры: 0, не прошли фильтр по цветам: 0, добавлено: 0, новых вин-кодов: 0
2010-12-17T17:57:27+00:00 INFO (6): Тип 40 - найдено: 48, прошли первичные фильтры: 1, не прошли фильтр по цветам: 1, добавлено: 0, новых вин-кодов: 0
2010-12-17T17:57:37+00:00 INFO (6): Тип 41 - найдено: 12, прошли первичные фильтры: 0, не прошли фильтр по цветам: 0, добавлено: 0, новых вин-кодов: 0
2010-12-17T17:57:46+00:00 INFO (6): Тип 42 - найдено: 12, прошли первичные фильтры: 0, не прошли фильтр по цветам: 0, добавлено: 0, новых вин-кодов: 0
2010-12-17T17:57:46+00:00 INFO (6): Завершение задачи
2010-12-17T19:22:13+00:00 INFO (6): Запуск задачи
2010-12-17T19:22:13+00:00 INFO (6): Exporttrader
2010-12-17T19:22:13+00:00 INFO (6): Запрос авторизован
2010-12-17T19:22:19+00:00 INFO (6): Тип 1 - найдено: 70, прошли первичные фильтры: 19, не прошли фильтр по цветам: 5, добавлено: 14, новых вин-кодов: 0
2010-12-17T19:22:25+00:00 INFO (6): Тип 2 - найдено: 98, прошли первичные фильтры: 12, не прошли фильтр по цветам: 5, добавлено: 7, новых вин-кодов: 0
2010-12-17T19:22:28+00:00 INFO (6): Тип 3 - найдено: 25, прошли первичные фильтры: 0, не прошли фильтр по цветам: 0, добавлено: 0, новых вин-кодов: 0
2010-12-17T19:22:32+00:00 INFO (6): Тип 4 - найдено: 45, прошли первичные фильтры: 23, не прошли фильтр по цветам: 17, добавлено: 6, новых вин-кодов: 0
2010-12-17T19:22:36+00:00 INFO (6): Тип 5 - найдено: 59, прошли первичные фильтры: 23, не прошли фильтр по цветам: 21, добавлено: 2, новых вин-кодов: 0
2010-12-17T19:22:38+00:00 INFO (6): Тип 6 - найдено: 15, прошли первичные фильтры: 11, не прошли фильтр по цветам: 10, добавлено: 1, новых вин-кодов: 0
2010-12-17T19:22:41+00:00 INFO (6): Тип 7 - найдено: 19, прошли первичные фильтры: 13, не прошли фильтр по цветам: 12, добавлено: 1, новых вин-кодов: 0
2010-12-17T19:22:43+00:00 INFO (6): Тип 8 - найдено: 11, прошли первичные фильтры: 10, не прошли фильтр по цветам: 10, добавлено: 0, новых вин-кодов: 0
2010-12-17T19:22:47+00:00 INFO (6): Тип 9 - найдено: 58, прошли первичные фильтры: 6, не прошли фильтр по цветам: 0, добавлено: 6, новых вин-кодов: 0
2010-12-17T19:22:56+00:00 INFO (6): Тип 10 - найдено: 121, прошли первичные фильтры: 7, не прошли фильтр по цветам: 0, добавлено: 7, новых вин-кодов: 0
2010-12-17T19:23:01+00:00 INFO (6): Тип 21 - найдено: 79, прошли первичные фильтры: 4, не прошли фильтр по цветам: 4, добавлено: 0, новых вин-кодов: 0
2010-12-17T19:23:12+00:00 INFO (6): Тип 22 - найдено: 171, прошли первичные фильтры: 4, не прошли фильтр по цветам: 3, добавлено: 1, новых вин-кодов: 0
2010-12-17T19:23:24+00:00 INFO (6): Тип 23 - найдено: 82, прошли первичные фильтры: 8, не прошли фильтр по цветам: 6, добавлено: 2, новых вин-кодов: 0
2010-12-17T19:23:29+00:00 INFO (6): Тип 27 - найдено: 54, прошли первичные фильтры: 0, не прошли фильтр по цветам: 0, добавлено: 0, новых вин-кодов: 0
2010-12-17T19:23:29+00:00 INFO (6): Adesa
2010-12-17T19:23:29+00:00 INFO (6): Авторизация: запрос №1 прошел
2010-12-17T19:23:31+00:00 INFO (6): Авторизация: запрос №2 прошел
2010-12-17T19:23:31+00:00 INFO (6): Запрос авторизован
2010-12-17T19:23:31+00:00 INFO (6): Тип 11 - найдено: 7, прошли первичные фильтры: 3, не прошли фильтр по цветам: 0, добавлено: 3, новых вин-кодов: 0
2010-12-17T19:23:31+00:00 INFO (6): Тип 12 - найдено: 8, прошли первичные фильтры: 2, не прошли фильтр по цветам: 1, добавлено: 1, новых вин-кодов: 0
2010-12-17T19:23:31+00:00 INFO (6): Тип 13 - найдено: 1, прошли первичные фильтры: 0, не прошли фильтр по цветам: 0, добавлено: 0, новых вин-кодов: 0
2010-12-17T19:23:32+00:00 INFO (6): Тип 14 - найдено: 1, прошли первичные фильтры: 1, не прошли фильтр по цветам: 1, добавлено: 0, новых вин-кодов: 0
2010-12-17T19:23:32+00:00 INFO (6): Тип 15 - найдено: 1, прошли первичные фильтры: 0, не прошли фильтр по цветам: 0, добавлено: 0, новых вин-кодов: 0
2010-12-17T19:23:32+00:00 INFO (6): Тип 16 - найдено: 1, прошли первичные фильтры: 0, не прошли фильтр по цветам: 0, добавлено: 0, новых вин-кодов: 0
2010-12-17T19:23:32+00:00 INFO (6): Тип 17 - найдено: 2, прошли первичные фильтры: 0, не прошли фильтр по цветам: 0, добавлено: 0, новых вин-кодов: 0
2010-12-17T19:23:32+00:00 INFO (6): Тип 18 - найдено: 2, прошли первичные фильтры: 0, не прошли фильтр по цветам: 0, добавлено: 0, новых вин-кодов: 0
2010-12-17T19:23:33+00:00 INFO (6): Тип 19 - найдено: 9, прошли первичные фильтры: 1, не прошли фильтр по цветам: 0, добавлено: 1, новых вин-кодов: 0
2010-12-17T19:23:33+00:00 INFO (6): Тип 20 - найдено: 16, прошли первичные фильтры: 3, не прошли фильтр по цветам: 0, добавлено: 3, новых вин-кодов: 0
2010-12-17T19:23:33+00:00 INFO (6): Тип 24 - найдено: 12, прошли первичные фильтры: 1, не прошли фильтр по цветам: 1, добавлено: 0, новых вин-кодов: 0
2010-12-17T19:23:33+00:00 INFO (6): Тип 25 - найдено: 13, прошли первичные фильтры: 2, не прошли фильтр по цветам: 2, добавлено: 0, новых вин-кодов: 0
2010-12-17T19:23:34+00:00 INFO (6): Тип 26 - найдено: 9, прошли первичные фильтры: 1, не прошли фильтр по цветам: 1, добавлено: 0, новых вин-кодов: 0
2010-12-17T19:23:34+00:00 INFO (6): Тип 28 - найдено: 16, прошли первичные фильтры: 1, не прошли фильтр по цветам: 1, добавлено: 0, новых вин-кодов: 0
2010-12-17T19:23:34+00:00 INFO (6): Ebay
2010-12-17T19:23:50+00:00 INFO (6): Тип 29 - найдено: 20, прошли первичные фильтры: 1, не прошли фильтр по цветам: 0, добавлено: 1, новых вин-кодов: 0
2010-12-17T19:24:28+00:00 INFO (6): Тип 30 - найдено: 48, прошли первичные фильтры: 1, не прошли фильтр по цветам: 1, добавлено: 0, новых вин-кодов: 0
2010-12-17T19:24:57+00:00 INFO (6): Тип 31 - найдено: 38, прошли первичные фильтры: 0, не прошли фильтр по цветам: 0, добавлено: 0, новых вин-кодов: 0
2010-12-17T19:25:16+00:00 INFO (6): Тип 32 - найдено: 24, прошли первичные фильтры: 8, не прошли фильтр по цветам: 8, добавлено: 0, новых вин-кодов: 0
2010-12-17T19:25:28+00:00 INFO (6): Тип 33 - найдено: 14, прошли первичные фильтры: 8, не прошли фильтр по цветам: 6, добавлено: 2, новых вин-кодов: 0
2010-12-17T19:25:32+00:00 INFO (6): Тип 34 - найдено: 4, прошли первичные фильтры: 3, не прошли фильтр по цветам: 3, добавлено: 0, новых вин-кодов: 0
2010-12-17T19:25:41+00:00 INFO (6): Тип 35 - найдено: 8, прошли первичные фильтры: 5, не прошли фильтр по цветам: 5, добавлено: 0, новых вин-кодов: 0
2010-12-17T19:25:45+00:00 INFO (6): Тип 36 - найдено: 6, прошли первичные фильтры: 6, не прошли фильтр по цветам: 6, добавлено: 0, новых вин-кодов: 0
2010-12-17T19:25:50+00:00 INFO (6): Тип 37 - найдено: 4, прошли первичные фильтры: 0, не прошли фильтр по цветам: 0, добавлено: 0, новых вин-кодов: 0
2010-12-17T19:26:05+00:00 INFO (6): Тип 38 - найдено: 18, прошли первичные фильтры: 2, не прошли фильтр по цветам: 0, добавлено: 2, новых вин-кодов: 0
2010-12-17T19:26:06+00:00 INFO (6): Тип 39 - найдено: 1, прошли первичные фильтры: 0, не прошли фильтр по цветам: 0, добавлено: 0, новых вин-кодов: 0
2010-12-17T19:26:42+00:00 INFO (6): Тип 40 - найдено: 49, прошли первичные фильтры: 1, не прошли фильтр по цветам: 1, добавлено: 0, новых вин-кодов: 0
2010-12-17T19:26:51+00:00 INFO (6): Тип 41 - найдено: 11, прошли первичные фильтры: 0, не прошли фильтр по цветам: 0, добавлено: 0, новых вин-кодов: 0
2010-12-17T19:27:00+00:00 INFO (6): Тип 42 - найдено: 12, прошли первичные фильтры: 0, не прошли фильтр по цветам: 0, добавлено: 0, новых вин-кодов: 0
2010-12-17T19:27:00+00:00 INFO (6): Завершение задачи
