2010-11-20T15:14:02+00:00 INFO (6): Exporttrader
2010-11-20T15:14:02+00:00 INFO (6): Каптча получена и записана в локальный файл
2010-11-20T15:14:13+00:00 INFO (6): Каптча распознана: 56706
2010-11-20T15:14:13+00:00 INFO (6): Авторизация: запрос №1 прошел
2010-11-20T15:14:14+00:00 INFO (6): Авторизация: запрос №2 прошел
2010-11-20T15:14:14+00:00 INFO (6): Запрос авторизован
2010-11-20T15:14:21+00:00 DEBUG (7): DELETE FROM `ccl_et_cars` WHERE (`color_outside` NOT IN ('1C0', '4P2', '8P6', 'UCAB8', '202', '3P4', '6R6') OR `color_inside` NOT IN ('LB22', 'LB00', 'WZ22') OR `color_outside` IS NULL OR `color_inside` IS NULL) AND `search_type` = '1'
2010-11-20T15:14:21+00:00 INFO (6): Тип 1 - найдено: 58, прошли первичные фильтры: 16, не прошли фильтр по цветам: 5, добавлено: 11, новых вин-кодов: 1
2010-11-20T15:14:27+00:00 DEBUG (7): DELETE FROM `ccl_et_cars` WHERE (`color_outside` NOT IN ('1C0', '6T1', '1E0', '062', '065', '202', '8R6') OR `color_inside` NOT IN ('LA22', 'LA11', 'LA00') OR `color_outside` IS NULL OR `color_inside` IS NULL) AND `search_type` = '2'
2010-11-20T15:14:27+00:00 INFO (6): Тип 2 - найдено: 92, прошли первичные фильтры: 15, не прошли фильтр по цветам: 8, добавлено: 7, новых вин-кодов: 2
2010-11-20T15:14:29+00:00 DEBUG (7): DELETE FROM `ccl_et_cars` WHERE (`color_outside` NOT IN ('1C0', '6T1', '1E0', '062', '202') OR `color_inside` NOT IN ('LA22', 'LA11', 'LA00') OR `color_outside` IS NULL OR `color_inside` IS NULL) AND `search_type` = '3'
2010-11-20T15:14:29+00:00 INFO (6): Тип 3 - найдено: 30, прошли первичные фильтры: 1, не прошли фильтр по цветам: 0, добавлено: 1, новых вин-кодов: 0
2010-11-20T15:14:38+00:00 DEBUG (7): DELETE FROM `ccl_et_cars` WHERE (`color_outside` NOT IN ('202', '1F0', '070') OR `color_inside` NOT IN ('LH10') OR `color_outside` IS NULL OR `color_inside` IS NULL) AND `search_type` = '4'
2010-11-20T15:14:38+00:00 INFO (6): Тип 4 - найдено: 62, прошли первичные фильтры: 33, не прошли фильтр по цветам: 25, добавлено: 8, новых вин-кодов: 4
2010-11-20T15:14:44+00:00 DEBUG (7): DELETE FROM `ccl_et_cars` WHERE (`color_outside` NOT IN ('202', '1F0', '070') OR `color_inside` NOT IN ('LK10', 'LH10') OR `color_outside` IS NULL OR `color_inside` IS NULL) AND `search_type` = '5'
2010-11-20T15:14:45+00:00 INFO (6): Тип 5 - найдено: 40, прошли первичные фильтры: 23, не прошли фильтр по цветам: 20, добавлено: 3, новых вин-кодов: 4
2010-11-20T15:14:47+00:00 DEBUG (7): DELETE FROM `ccl_et_cars` WHERE (`color_outside` NOT IN ('202', '070') OR `color_inside` NOT IN ('LG10') OR `color_outside` IS NULL OR `color_inside` IS NULL) AND `search_type` = '6'
2010-11-20T15:14:47+00:00 INFO (6): Тип 6 - найдено: 17, прошли первичные фильтры: 13, не прошли фильтр по цветам: 10, добавлено: 3, новых вин-кодов: 1
2010-11-20T15:14:48+00:00 DEBUG (7): DELETE FROM `ccl_et_cars` WHERE (`color_outside` NOT IN ('202') OR `color_inside` NOT IN ('LF10') OR `color_outside` IS NULL OR `color_inside` IS NULL) AND `search_type` = '7'
2010-11-20T15:14:48+00:00 INFO (6): Тип 7 - найдено: 18, прошли первичные фильтры: 12, не прошли фильтр по цветам: 11, добавлено: 1, новых вин-кодов: 0
2010-11-20T15:14:50+00:00 DEBUG (7): DELETE FROM `ccl_et_cars` WHERE (`color_outside` NOT IN ('202', '1D2') OR `color_inside` NOT IN ('LA10') OR `color_outside` IS NULL OR `color_inside` IS NULL) AND `search_type` = '8'
2010-11-20T15:14:50+00:00 INFO (6): Тип 8 - найдено: 12, прошли первичные фильтры: 8, не прошли фильтр по цветам: 6, добавлено: 2, новых вин-кодов: 0
2010-11-20T15:14:53+00:00 INFO (6): Тип 9 - найдено: 50, прошли первичные фильтры: 5, не прошли фильтр по цветам: 0, добавлено: 5, новых вин-кодов: 1
2010-11-20T15:14:57+00:00 INFO (6): Тип 10 - найдено: 109, прошли первичные фильтры: 6, не прошли фильтр по цветам: 0, добавлено: 6, новых вин-кодов: 0
2010-11-20T15:15:03+00:00 DEBUG (7): DELETE FROM `ccl_et_cars` WHERE (`color_outside` NOT IN ('A69D') OR `color_inside` NOT IN ('08A', '18A', '21T') OR `color_outside` IS NULL OR `color_inside` IS NULL) AND `search_type` = '11'
2010-11-20T15:15:03+00:00 INFO (6): Тип 21 - найдено: 72, прошли первичные фильтры: 5, не прошли фильтр по цветам: 5, добавлено: 0, новых вин-кодов: 2
2010-11-20T15:15:08+00:00 DEBUG (7): DELETE FROM `ccl_et_cars` WHERE (`color_outside` NOT IN ('202', '1D4', '056') OR `color_inside` NOT IN ('LB12', 'FA12') OR `color_outside` IS NULL OR `color_inside` IS NULL) AND `search_type` = '12'
2010-11-20T15:15:08+00:00 INFO (6): Тип 22 - найдено: 139, прошли первичные фильтры: 6, не прошли фильтр по цветам: 2, добавлено: 4, новых вин-кодов: 0
2010-11-20T15:15:18+00:00 DEBUG (7): DELETE FROM `ccl_et_cars` WHERE (`color_outside` NOT IN ('1D4') OR `color_outside` IS NULL OR `color_inside` IS NULL) AND `search_type` = '13'
2010-11-20T15:15:18+00:00 INFO (6): Тип 23 - найдено: 70, прошли первичные фильтры: 7, не прошли фильтр по цветам: 3, добавлено: 4, новых вин-кодов: 3
2010-11-20T15:15:18+00:00 INFO (6): Adesa
2010-11-20T15:15:18+00:00 INFO (6): Авторизация: запрос №1 прошел
2010-11-20T15:15:20+00:00 INFO (6): Авторизация: запрос №2 прошел
2010-11-20T15:15:20+00:00 INFO (6): Запрос авторизован
2010-11-20T15:15:20+00:00 DEBUG (7): DELETE FROM `ccl_et_cars` WHERE (`color_outside` NOT IN ('1C0', '4P2', '8P6', 'UCAB8', '202', '3P4', '6R6') OR `color_inside` NOT IN ('LB22', 'LB00', 'WZ22') OR `color_outside` IS NULL OR `color_inside` IS NULL) AND `search_type` = '1'
2010-11-20T15:15:20+00:00 INFO (6): Тип 11 - найдено: 9, прошли первичные фильтры: 2, не прошли фильтр по цветам: 0, добавлено: 2, новых вин-кодов: 0
2010-11-20T15:15:20+00:00 DEBUG (7): DELETE FROM `ccl_et_cars` WHERE (`color_outside` NOT IN ('1C0', '6T1', '1E0', '062', '065', '202', '8R6') OR `color_inside` NOT IN ('LA22', 'LA11', 'LA00') OR `color_outside` IS NULL OR `color_inside` IS NULL) AND `search_type` = '2'
2010-11-20T15:15:20+00:00 INFO (6): Тип 12 - найдено: 5, прошли первичные фильтры: 0, не прошли фильтр по цветам: 0, добавлено: 0, новых вин-кодов: 0
2010-11-20T15:15:21+00:00 INFO (6): Тип 13 - найдено: 0, прошли первичные фильтры: 0, не прошли фильтр по цветам: 0, добавлено: 0, новых вин-кодов: 0
2010-11-20T15:15:21+00:00 DEBUG (7): DELETE FROM `ccl_et_cars` WHERE (`color_outside` NOT IN ('202', '1F0', '070') OR `color_inside` NOT IN ('LH10') OR `color_outside` IS NULL OR `color_inside` IS NULL) AND `search_type` = '4'
2010-11-20T15:15:21+00:00 INFO (6): Тип 14 - найдено: 3, прошли первичные фильтры: 0, не прошли фильтр по цветам: 0, добавлено: 0, новых вин-кодов: 0
2010-11-20T15:15:21+00:00 DEBUG (7): DELETE FROM `ccl_et_cars` WHERE (`color_outside` NOT IN ('202', '1F0', '070') OR `color_inside` NOT IN ('LK10', 'LH10') OR `color_outside` IS NULL OR `color_inside` IS NULL) AND `search_type` = '5'
2010-11-20T15:15:21+00:00 INFO (6): Тип 15 - найдено: 2, прошли первичные фильтры: 2, не прошли фильтр по цветам: 2, добавлено: 0, новых вин-кодов: 0
2010-11-20T15:15:21+00:00 INFO (6): Тип 16 - найдено: 0, прошли первичные фильтры: 0, не прошли фильтр по цветам: 0, добавлено: 0, новых вин-кодов: 0
2010-11-20T15:15:21+00:00 DEBUG (7): DELETE FROM `ccl_et_cars` WHERE (`color_outside` NOT IN ('202') OR `color_inside` NOT IN ('LF10') OR `color_outside` IS NULL OR `color_inside` IS NULL) AND `search_type` = '7'
2010-11-20T15:15:21+00:00 INFO (6): Тип 17 - найдено: 1, прошли первичные фильтры: 0, не прошли фильтр по цветам: 0, добавлено: 0, новых вин-кодов: 0
2010-11-20T15:15:21+00:00 INFO (6): Тип 18 - найдено: 0, прошли первичные фильтры: 0, не прошли фильтр по цветам: 0, добавлено: 0, новых вин-кодов: 0
2010-11-20T15:15:22+00:00 INFO (6): Тип 19 - найдено: 6, прошли первичные фильтры: 1, не прошли фильтр по цветам: 0, добавлено: 1, новых вин-кодов: 0
2010-11-20T15:15:22+00:00 INFO (6): Тип 20 - найдено: 13, прошли первичные фильтры: 0, не прошли фильтр по цветам: 0, добавлено: 0, новых вин-кодов: 0
2010-11-20T15:15:22+00:00 DEBUG (7): DELETE FROM `ccl_et_cars` WHERE (`color_outside` NOT IN ('A69D') OR `color_inside` NOT IN ('08A', '18A', '21T') OR `color_outside` IS NULL OR `color_inside` IS NULL) AND `search_type` = '11'
2010-11-20T15:15:22+00:00 INFO (6): Тип 24 - найдено: 17, прошли первичные фильтры: 1, не прошли фильтр по цветам: 1, добавлено: 0, новых вин-кодов: 0
2010-11-20T15:15:22+00:00 DEBUG (7): DELETE FROM `ccl_et_cars` WHERE (`color_outside` NOT IN ('202', '1D4', '056') OR `color_inside` NOT IN ('LB12', 'FA12') OR `color_outside` IS NULL OR `color_inside` IS NULL) AND `search_type` = '12'
2010-11-20T15:15:22+00:00 INFO (6): Тип 25 - найдено: 11, прошли первичные фильтры: 0, не прошли фильтр по цветам: 0, добавлено: 0, новых вин-кодов: 0
2010-11-20T15:15:23+00:00 INFO (6): Тип 26 - найдено: 5, прошли первичные фильтры: 0, не прошли фильтр по цветам: 0, добавлено: 0, новых вин-кодов: 0
