2010-12-23T12:44:45+00:00 INFO (6): Запуск задачи
2010-12-23T12:44:45+00:00 INFO (6): Openlane
2010-12-23T12:44:46+00:00 INFO (6): Авторизация: запрос №1 прошел
2010-12-23T12:44:46+00:00 ERR (3): Uncaught exception: Failed to set CURL options [/home/clients/boldyrek_ftp0/domains/tcl.makmalauto.com/html/cron/grabber/class/remote.php: 15]
2010-12-23T13:21:32+00:00 INFO (6): Запуск задачи
2010-12-23T13:21:32+00:00 INFO (6): Openlane
2010-12-23T13:21:33+00:00 INFO (6): Авторизация: запрос №1 прошел
2010-12-23T13:21:33+00:00 INFO (6): Авторизация: запрос №2 прошел
2010-12-23T13:21:34+00:00 INFO (6): Авторизация: запрос №3 прошел
2010-12-23T13:21:35+00:00 INFO (6): Авторизация: запрос №4 прошел
2010-12-23T13:21:35+00:00 INFO (6): Запрос авторизован
2010-12-23T13:21:36+00:00 INFO (6): Тип 43 - найдено: 0, прошли первичные фильтры: 0, не прошли фильтр по цветам: 0, добавлено: 0, новых вин-кодов: 0
2010-12-23T13:21:43+00:00 INFO (6): Тип 44 - найдено: 1, прошли первичные фильтры: 1, не прошли фильтр по цветам: 1, добавлено: 0, новых вин-кодов: 1
2010-12-23T13:21:44+00:00 INFO (6): Тип 45 - найдено: 0, прошли первичные фильтры: 0, не прошли фильтр по цветам: 0, добавлено: 0, новых вин-кодов: 0
2010-12-23T13:21:45+00:00 INFO (6): Тип 46 - найдено: 1, прошли первичные фильтры: 1, не прошли фильтр по цветам: 1, добавлено: 0, новых вин-кодов: 0
2010-12-23T13:21:46+00:00 INFO (6): Тип 47 - найдено: 1, прошли первичные фильтры: 1, не прошли фильтр по цветам: 1, добавлено: 0, новых вин-кодов: 0
2010-12-23T13:21:47+00:00 INFO (6): Тип 48 - найдено: 0, прошли первичные фильтры: 0, не прошли фильтр по цветам: 0, добавлено: 0, новых вин-кодов: 0
2010-12-23T13:21:53+00:00 INFO (6): Тип 49 - найдено: 2, прошли первичные фильтры: 2, не прошли фильтр по цветам: 2, добавлено: 0, новых вин-кодов: 1
2010-12-23T13:21:54+00:00 INFO (6): Тип 50 - найдено: 0, прошли первичные фильтры: 0, не прошли фильтр по цветам: 0, добавлено: 0, новых вин-кодов: 0
2010-12-23T13:21:55+00:00 INFO (6): Тип 51 - найдено: 0, прошли первичные фильтры: 0, не прошли фильтр по цветам: 0, добавлено: 0, новых вин-кодов: 0
2010-12-23T13:21:56+00:00 INFO (6): Тип 52 - найдено: 4, прошли первичные фильтры: 4, не прошли фильтр по цветам: 0, добавлено: 4, новых вин-кодов: 4
2010-12-23T13:21:57+00:00 INFO (6): Тип 53 - найдено: 0, прошли первичные фильтры: 0, не прошли фильтр по цветам: 0, добавлено: 0, новых вин-кодов: 0
2010-12-23T13:22:32+00:00 INFO (6): Тип 54 - найдено: 6, прошли первичные фильтры: 6, не прошли фильтр по цветам: 6, добавлено: 0, новых вин-кодов: 6
2010-12-23T13:22:39+00:00 INFO (6): Тип 55 - найдено: 1, прошли первичные фильтры: 1, не прошли фильтр по цветам: 1, добавлено: 0, новых вин-кодов: 1
2010-12-23T13:22:40+00:00 INFO (6): Тип 56 - найдено: 1, прошли первичные фильтры: 1, не прошли фильтр по цветам: 1, добавлено: 0, новых вин-кодов: 0
2010-12-23T13:22:40+00:00 INFO (6): Завершение задачи
2010-12-23T13:31:38+00:00 INFO (6): Запуск задачи
2010-12-23T13:31:38+00:00 INFO (6): Openlane
2010-12-23T13:31:38+00:00 INFO (6): Авторизация: запрос №1 прошел
2010-12-23T13:31:43+00:00 INFO (6): Авторизация: запрос №2 прошел
2010-12-23T13:31:44+00:00 INFO (6): Авторизация: запрос №3 прошел
2010-12-23T13:31:45+00:00 INFO (6): Авторизация: запрос №4 прошел
2010-12-23T13:31:45+00:00 INFO (6): Запрос авторизован
2010-12-23T13:31:46+00:00 INFO (6): Тип 43 - найдено: 0, прошли первичные фильтры: 0, не прошли фильтр по цветам: 0, добавлено: 0, новых вин-кодов: 0
2010-12-23T13:31:47+00:00 INFO (6): Тип 44 - найдено: 1, прошли первичные фильтры: 1, не прошли фильтр по цветам: 1, добавлено: 0, новых вин-кодов: 0
2010-12-23T13:31:47+00:00 INFO (6): Тип 45 - найдено: 0, прошли первичные фильтры: 0, не прошли фильтр по цветам: 0, добавлено: 0, новых вин-кодов: 0
2010-12-23T13:31:48+00:00 INFO (6): Тип 46 - найдено: 1, прошли первичные фильтры: 1, не прошли фильтр по цветам: 1, добавлено: 0, новых вин-кодов: 0
2010-12-23T13:31:49+00:00 INFO (6): Тип 47 - найдено: 1, прошли первичные фильтры: 1, не прошли фильтр по цветам: 1, добавлено: 0, новых вин-кодов: 0
2010-12-23T13:31:50+00:00 INFO (6): Тип 48 - найдено: 0, прошли первичные фильтры: 0, не прошли фильтр по цветам: 0, добавлено: 0, новых вин-кодов: 0
2010-12-23T13:31:51+00:00 INFO (6): Тип 49 - найдено: 2, прошли первичные фильтры: 2, не прошли фильтр по цветам: 2, добавлено: 0, новых вин-кодов: 0
2010-12-23T13:31:52+00:00 INFO (6): Тип 50 - найдено: 0, прошли первичные фильтры: 0, не прошли фильтр по цветам: 0, добавлено: 0, новых вин-кодов: 0
2010-12-23T13:31:53+00:00 INFO (6): Тип 51 - найдено: 0, прошли первичные фильтры: 0, не прошли фильтр по цветам: 0, добавлено: 0, новых вин-кодов: 0
2010-12-23T13:31:53+00:00 INFO (6): Тип 52 - найдено: 4, прошли первичные фильтры: 4, не прошли фильтр по цветам: 0, добавлено: 4, новых вин-кодов: 0
2010-12-23T13:31:54+00:00 INFO (6): Тип 53 - найдено: 0, прошли первичные фильтры: 0, не прошли фильтр по цветам: 0, добавлено: 0, новых вин-кодов: 0
2010-12-23T13:31:55+00:00 INFO (6): Тип 54 - найдено: 6, прошли первичные фильтры: 6, не прошли фильтр по цветам: 6, добавлено: 0, новых вин-кодов: 0
2010-12-23T13:31:56+00:00 INFO (6): Тип 55 - найдено: 1, прошли первичные фильтры: 1, не прошли фильтр по цветам: 1, добавлено: 0, новых вин-кодов: 0
2010-12-23T13:31:57+00:00 INFO (6): Тип 56 - найдено: 1, прошли первичные фильтры: 1, не прошли фильтр по цветам: 1, добавлено: 0, новых вин-кодов: 0
2010-12-23T13:31:57+00:00 INFO (6): Завершение задачи
2010-12-23T13:32:21+00:00 INFO (6): Запуск задачи
2010-12-23T13:32:21+00:00 INFO (6): Openlane
2010-12-23T13:32:21+00:00 INFO (6): Авторизация: запрос №1 прошел
2010-12-23T13:32:26+00:00 INFO (6): Авторизация: запрос №2 прошел
2010-12-23T13:32:27+00:00 INFO (6): Авторизация: запрос №3 прошел
2010-12-23T13:32:27+00:00 INFO (6): Авторизация: запрос №4 прошел
2010-12-23T13:32:28+00:00 INFO (6): Запрос авторизован
2010-12-23T13:32:28+00:00 INFO (6): Тип 43 - найдено: 0, прошли первичные фильтры: 0, не прошли фильтр по цветам: 0, добавлено: 0, новых вин-кодов: 0
2010-12-23T13:32:29+00:00 INFO (6): Тип 44 - найдено: 1, прошли первичные фильтры: 1, не прошли фильтр по цветам: 1, добавлено: 0, новых вин-кодов: 0
2010-12-23T13:32:30+00:00 INFO (6): Тип 45 - найдено: 0, прошли первичные фильтры: 0, не прошли фильтр по цветам: 0, добавлено: 0, новых вин-кодов: 0
2010-12-23T13:32:31+00:00 INFO (6): Тип 46 - найдено: 1, прошли первичные фильтры: 1, не прошли фильтр по цветам: 1, добавлено: 0, новых вин-кодов: 0
2010-12-23T13:32:32+00:00 INFO (6): Тип 47 - найдено: 1, прошли первичные фильтры: 1, не прошли фильтр по цветам: 1, добавлено: 0, новых вин-кодов: 0
2010-12-23T13:32:33+00:00 INFO (6): Тип 48 - найдено: 0, прошли первичные фильтры: 0, не прошли фильтр по цветам: 0, добавлено: 0, новых вин-кодов: 0
2010-12-23T13:32:34+00:00 INFO (6): Тип 49 - найдено: 2, прошли первичные фильтры: 2, не прошли фильтр по цветам: 2, добавлено: 0, новых вин-кодов: 0
2010-12-23T13:32:34+00:00 INFO (6): Тип 50 - найдено: 0, прошли первичные фильтры: 0, не прошли фильтр по цветам: 0, добавлено: 0, новых вин-кодов: 0
2010-12-23T13:32:35+00:00 INFO (6): Тип 51 - найдено: 0, прошли первичные фильтры: 0, не прошли фильтр по цветам: 0, добавлено: 0, новых вин-кодов: 0
2010-12-23T13:32:36+00:00 INFO (6): Тип 52 - найдено: 4, прошли первичные фильтры: 4, не прошли фильтр по цветам: 0, добавлено: 4, новых вин-кодов: 0
2010-12-23T13:32:37+00:00 INFO (6): Тип 53 - найдено: 0, прошли первичные фильтры: 0, не прошли фильтр по цветам: 0, добавлено: 0, новых вин-кодов: 0
2010-12-23T13:32:38+00:00 INFO (6): Тип 54 - найдено: 6, прошли первичные фильтры: 6, не прошли фильтр по цветам: 6, добавлено: 0, новых вин-кодов: 0
2010-12-23T13:32:39+00:00 INFO (6): Тип 55 - найдено: 1, прошли первичные фильтры: 1, не прошли фильтр по цветам: 1, добавлено: 0, новых вин-кодов: 0
2010-12-23T13:32:40+00:00 INFO (6): Тип 56 - найдено: 1, прошли первичные фильтры: 1, не прошли фильтр по цветам: 1, добавлено: 0, новых вин-кодов: 0
2010-12-23T13:32:40+00:00 INFO (6): Завершение задачи
2010-12-23T13:33:10+00:00 INFO (6): Запуск задачи
2010-12-23T13:33:10+00:00 INFO (6): Openlane
2010-12-23T13:33:10+00:00 INFO (6): Авторизация: запрос №1 прошел
2010-12-23T13:33:16+00:00 INFO (6): Авторизация: запрос №2 прошел
2010-12-23T13:33:16+00:00 INFO (6): Авторизация: запрос №3 прошел
2010-12-23T13:33:17+00:00 INFO (6): Авторизация: запрос №4 прошел
2010-12-23T13:33:17+00:00 INFO (6): Запрос авторизован
2010-12-23T13:33:18+00:00 INFO (6): Тип 43 - найдено: 0, прошли первичные фильтры: 0, не прошли фильтр по цветам: 0, добавлено: 0, новых вин-кодов: 0
2010-12-23T13:33:19+00:00 INFO (6): Тип 44 - найдено: 1, прошли первичные фильтры: 1, не прошли фильтр по цветам: 1, добавлено: 0, новых вин-кодов: 0
2010-12-23T13:33:19+00:00 INFO (6): Тип 45 - найдено: 0, прошли первичные фильтры: 0, не прошли фильтр по цветам: 0, добавлено: 0, новых вин-кодов: 0
2010-12-23T13:33:20+00:00 INFO (6): Тип 46 - найдено: 1, прошли первичные фильтры: 1, не прошли фильтр по цветам: 1, добавлено: 0, новых вин-кодов: 0
2010-12-23T13:33:21+00:00 INFO (6): Тип 47 - найдено: 1, прошли первичные фильтры: 1, не прошли фильтр по цветам: 1, добавлено: 0, новых вин-кодов: 0
2010-12-23T13:33:22+00:00 INFO (6): Тип 48 - найдено: 0, прошли первичные фильтры: 0, не прошли фильтр по цветам: 0, добавлено: 0, новых вин-кодов: 0
2010-12-23T13:33:23+00:00 INFO (6): Тип 49 - найдено: 2, прошли первичные фильтры: 2, не прошли фильтр по цветам: 2, добавлено: 0, новых вин-кодов: 0
2010-12-23T13:33:24+00:00 INFO (6): Тип 50 - найдено: 0, прошли первичные фильтры: 0, не прошли фильтр по цветам: 0, добавлено: 0, новых вин-кодов: 0
2010-12-23T13:33:25+00:00 INFO (6): Тип 51 - найдено: 0, прошли первичные фильтры: 0, не прошли фильтр по цветам: 0, добавлено: 0, новых вин-кодов: 0
2010-12-23T13:33:26+00:00 INFO (6): Тип 52 - найдено: 4, прошли первичные фильтры: 4, не прошли фильтр по цветам: 0, добавлено: 4, новых вин-кодов: 0
2010-12-23T13:33:26+00:00 INFO (6): Тип 53 - найдено: 0, прошли первичные фильтры: 0, не прошли фильтр по цветам: 0, добавлено: 0, новых вин-кодов: 0
2010-12-23T13:33:27+00:00 INFO (6): Тип 54 - найдено: 6, прошли первичные фильтры: 6, не прошли фильтр по цветам: 6, добавлено: 0, новых вин-кодов: 0
2010-12-23T13:33:28+00:00 INFO (6): Тип 55 - найдено: 1, прошли первичные фильтры: 1, не прошли фильтр по цветам: 1, добавлено: 0, новых вин-кодов: 0
2010-12-23T13:33:29+00:00 INFO (6): Тип 56 - найдено: 1, прошли первичные фильтры: 1, не прошли фильтр по цветам: 1, добавлено: 0, новых вин-кодов: 0
2010-12-23T13:33:29+00:00 INFO (6): Завершение задачи
2010-12-23T13:33:48+00:00 INFO (6): Запуск задачи
2010-12-23T13:33:48+00:00 INFO (6): Openlane
2010-12-23T13:33:48+00:00 INFO (6): Авторизация: запрос №1 прошел
2010-12-23T13:33:53+00:00 INFO (6): Авторизация: запрос №2 прошел
2010-12-23T13:33:54+00:00 INFO (6): Авторизация: запрос №3 прошел
2010-12-23T13:33:55+00:00 INFO (6): Авторизация: запрос №4 прошел
2010-12-23T13:33:55+00:00 INFO (6): Запрос авторизован
2010-12-23T13:33:56+00:00 INFO (6): Тип 43 - найдено: 0, прошли первичные фильтры: 0, не прошли фильтр по цветам: 0, добавлено: 0, новых вин-кодов: 0
2010-12-23T13:33:57+00:00 INFO (6): Тип 44 - найдено: 1, прошли первичные фильтры: 1, не прошли фильтр по цветам: 1, добавлено: 0, новых вин-кодов: 0
2010-12-23T13:33:58+00:00 INFO (6): Тип 45 - найдено: 0, прошли первичные фильтры: 0, не прошли фильтр по цветам: 0, добавлено: 0, новых вин-кодов: 0
2010-12-23T13:33:58+00:00 INFO (6): Тип 46 - найдено: 1, прошли первичные фильтры: 1, не прошли фильтр по цветам: 1, добавлено: 0, новых вин-кодов: 0
2010-12-23T13:33:59+00:00 INFO (6): Тип 47 - найдено: 1, прошли первичные фильтры: 1, не прошли фильтр по цветам: 1, добавлено: 0, новых вин-кодов: 0
2010-12-23T13:34:00+00:00 INFO (6): Тип 48 - найдено: 0, прошли первичные фильтры: 0, не прошли фильтр по цветам: 0, добавлено: 0, новых вин-кодов: 0
2010-12-23T13:34:01+00:00 INFO (6): Тип 49 - найдено: 2, прошли первичные фильтры: 2, не прошли фильтр по цветам: 2, добавлено: 0, новых вин-кодов: 0
2010-12-23T13:34:02+00:00 INFO (6): Тип 50 - найдено: 0, прошли первичные фильтры: 0, не прошли фильтр по цветам: 0, добавлено: 0, новых вин-кодов: 0
2010-12-23T13:34:03+00:00 INFO (6): Тип 51 - найдено: 0, прошли первичные фильтры: 0, не прошли фильтр по цветам: 0, добавлено: 0, новых вин-кодов: 0
2010-12-23T13:34:04+00:00 INFO (6): Тип 52 - найдено: 4, прошли первичные фильтры: 4, не прошли фильтр по цветам: 0, добавлено: 4, новых вин-кодов: 0
2010-12-23T13:34:04+00:00 INFO (6): Тип 53 - найдено: 0, прошли первичные фильтры: 0, не прошли фильтр по цветам: 0, добавлено: 0, новых вин-кодов: 0
2010-12-23T13:34:05+00:00 INFO (6): Тип 54 - найдено: 6, прошли первичные фильтры: 6, не прошли фильтр по цветам: 6, добавлено: 0, новых вин-кодов: 0
2010-12-23T13:34:06+00:00 INFO (6): Тип 55 - найдено: 1, прошли первичные фильтры: 1, не прошли фильтр по цветам: 1, добавлено: 0, новых вин-кодов: 0
2010-12-23T13:34:07+00:00 INFO (6): Запуск задачи
2010-12-23T13:34:07+00:00 INFO (6): Openlane
2010-12-23T13:34:07+00:00 INFO (6): Тип 56 - найдено: 1, прошли первичные фильтры: 1, не прошли фильтр по цветам: 1, добавлено: 0, новых вин-кодов: 0
2010-12-23T13:34:07+00:00 INFO (6): Завершение задачи
2010-12-23T13:34:07+00:00 INFO (6): Авторизация: запрос №1 прошел
2010-12-23T13:34:13+00:00 INFO (6): Авторизация: запрос №2 прошел
2010-12-23T13:34:13+00:00 INFO (6): Авторизация: запрос №3 прошел
2010-12-23T13:34:14+00:00 INFO (6): Авторизация: запрос №4 прошел
2010-12-23T13:34:14+00:00 INFO (6): Запрос авторизован
2010-12-23T13:34:15+00:00 INFO (6): Тип 43 - найдено: 0, прошли первичные фильтры: 0, не прошли фильтр по цветам: 0, добавлено: 0, новых вин-кодов: 0
2010-12-23T13:34:16+00:00 INFO (6): Тип 44 - найдено: 1, прошли первичные фильтры: 1, не прошли фильтр по цветам: 1, добавлено: 0, новых вин-кодов: 0
2010-12-23T13:34:16+00:00 INFO (6): Тип 45 - найдено: 0, прошли первичные фильтры: 0, не прошли фильтр по цветам: 0, добавлено: 0, новых вин-кодов: 0
2010-12-23T13:34:17+00:00 INFO (6): Тип 46 - найдено: 1, прошли первичные фильтры: 1, не прошли фильтр по цветам: 1, добавлено: 0, новых вин-кодов: 0
2010-12-23T13:34:18+00:00 INFO (6): Тип 47 - найдено: 1, прошли первичные фильтры: 1, не прошли фильтр по цветам: 1, добавлено: 0, новых вин-кодов: 0
2010-12-23T13:34:19+00:00 INFO (6): Тип 48 - найдено: 0, прошли первичные фильтры: 0, не прошли фильтр по цветам: 0, добавлено: 0, новых вин-кодов: 0
2010-12-23T13:34:20+00:00 INFO (6): Тип 49 - найдено: 2, прошли первичные фильтры: 2, не прошли фильтр по цветам: 2, добавлено: 0, новых вин-кодов: 0
2010-12-23T13:34:21+00:00 INFO (6): Тип 50 - найдено: 0, прошли первичные фильтры: 0, не прошли фильтр по цветам: 0, добавлено: 0, новых вин-кодов: 0
2010-12-23T13:34:22+00:00 INFO (6): Тип 51 - найдено: 0, прошли первичные фильтры: 0, не прошли фильтр по цветам: 0, добавлено: 0, новых вин-кодов: 0
2010-12-23T13:34:22+00:00 INFO (6): Тип 52 - найдено: 4, прошли первичные фильтры: 4, не прошли фильтр по цветам: 0, добавлено: 4, новых вин-кодов: 0
2010-12-23T13:34:23+00:00 INFO (6): Тип 53 - найдено: 0, прошли первичные фильтры: 0, не прошли фильтр по цветам: 0, добавлено: 0, новых вин-кодов: 0
2010-12-23T13:34:24+00:00 INFO (6): Тип 54 - найдено: 6, прошли первичные фильтры: 6, не прошли фильтр по цветам: 6, добавлено: 0, новых вин-кодов: 0
2010-12-23T13:34:25+00:00 INFO (6): Тип 55 - найдено: 1, прошли первичные фильтры: 1, не прошли фильтр по цветам: 1, добавлено: 0, новых вин-кодов: 0
2010-12-23T13:34:26+00:00 INFO (6): Тип 56 - найдено: 1, прошли первичные фильтры: 1, не прошли фильтр по цветам: 1, добавлено: 0, новых вин-кодов: 0
2010-12-23T13:34:26+00:00 INFO (6): Завершение задачи
2010-12-23T13:42:22+00:00 INFO (6): Запуск задачи
2010-12-23T13:42:22+00:00 INFO (6): Exporttrader
2010-12-23T13:42:23+00:00 INFO (6): Каптча получена и записана в локальный файл
2010-12-23T13:42:31+00:00 INFO (6): Captcha::recognize() error ERROR_WRONG_ID_FORMAT
2010-12-23T13:42:31+00:00 ERR (3): Uncaught exception: Каптча не распознана [/home/clients/boldyrek_ftp0/domains/tcl.makmalauto.com/html/cron/grabber/class/cron/source/exporttrader.php: 288]
2010-12-23T13:44:20+00:00 INFO (6): Запуск задачи
2010-12-23T13:44:20+00:00 INFO (6): Exporttrader
2010-12-23T13:44:21+00:00 INFO (6): Каптча получена и записана в локальный файл
2010-12-23T13:44:30+00:00 INFO (6): Captcha::recognize() error ERROR_WRONG_ID_FORMAT
2010-12-23T13:44:30+00:00 ERR (3): Uncaught exception: Каптча не распознана [/home/clients/boldyrek_ftp0/domains/tcl.makmalauto.com/html/cron/grabber/class/cron/source/exporttrader.php: 288]
2010-12-23T13:46:01+00:00 INFO (6): Запуск задачи
2010-12-23T13:46:01+00:00 INFO (6): Exporttrader
2010-12-23T13:46:01+00:00 INFO (6): Каптча получена и записана в локальный файл
2010-12-23T13:46:07+00:00 INFO (6): Captcha::recognize() error ERROR_WRONG_ID_FORMAT
2010-12-23T13:46:07+00:00 ERR (3): Uncaught exception: Каптча не распознана [/home/clients/boldyrek_ftp0/domains/tcl.makmalauto.com/html/cron/grabber/class/cron/source/exporttrader.php: 288]
2010-12-23T13:46:31+00:00 INFO (6): Запуск задачи
2010-12-23T13:46:31+00:00 INFO (6): Exporttrader
2010-12-23T13:46:31+00:00 INFO (6): Каптча получена и записана в локальный файл
2010-12-23T13:46:38+00:00 INFO (6): Captcha::recognize() error ERROR_WRONG_ID_FORMAT
2010-12-23T13:46:38+00:00 ERR (3): Uncaught exception: Каптча не распознана [/home/clients/boldyrek_ftp0/domains/tcl.makmalauto.com/html/cron/grabber/class/cron/source/exporttrader.php: 288]
2010-12-23T13:47:02+00:00 INFO (6): Запуск задачи
2010-12-23T13:47:02+00:00 INFO (6): Adesa
2010-12-23T13:47:04+00:00 INFO (6): Авторизация: запрос №1 прошел
2010-12-23T13:47:05+00:00 INFO (6): Авторизация: запрос №2 прошел
2010-12-23T13:47:05+00:00 ERR (3): Uncaught exception: Запрос не авторизован [/home/clients/boldyrek_ftp0/domains/tcl.makmalauto.com/html/cron/grabber/class/cron/source/adesa.php: 21]
2010-12-23T13:47:50+00:00 INFO (6): Запуск задачи
2010-12-23T13:47:50+00:00 INFO (6): Exporttrader
2010-12-23T13:47:51+00:00 INFO (6): Каптча получена и записана в локальный файл
2010-12-23T13:47:59+00:00 INFO (6): Captcha::recognize() error ERROR_WRONG_ID_FORMAT
2010-12-23T13:47:59+00:00 ERR (3): Uncaught exception: Каптча не распознана [/home/clients/boldyrek_ftp0/domains/tcl.makmalauto.com/html/cron/grabber/class/cron/source/exporttrader.php: 288]
2010-12-23T13:53:16+00:00 INFO (6): Запуск задачи
2010-12-23T13:53:16+00:00 INFO (6): Exporttrader
2010-12-23T13:53:17+00:00 INFO (6): Каптча получена и записана в локальный файл
2010-12-23T13:53:28+00:00 INFO (6): Captcha::recognize() error ERROR_WRONG_ID_FORMAT
2010-12-23T13:53:28+00:00 ERR (3): Uncaught exception: Каптча не распознана [/home/clients/boldyrek_ftp0/domains/tcl.makmalauto.com/html/cron/grabber/class/cron/source/exporttrader.php: 288]
2010-12-23T14:00:44+00:00 INFO (6): Запуск задачи
2010-12-23T14:00:44+00:00 INFO (6): Exporttrader
2010-12-23T14:00:45+00:00 INFO (6): Каптча получена и записана в локальный файл
2010-12-23T14:00:52+00:00 INFO (6): Captcha::recognize() error ERROR_WRONG_ID_FORMAT
2010-12-23T14:00:52+00:00 ERR (3): Uncaught exception: Каптча не распознана [/home/clients/boldyrek_ftp0/domains/tcl.makmalauto.com/html/cron/grabber/class/cron/source/exporttrader.php: 288]
2010-12-23T14:34:32+00:00 INFO (6): Запуск задачи
2010-12-23T14:34:32+00:00 INFO (6): Exporttrader
2010-12-23T14:34:33+00:00 INFO (6): Каптча получена и записана в локальный файл
2010-12-23T14:34:39+00:00 INFO (6): Captcha::recognize() error ERROR_WRONG_ID_FORMAT
2010-12-23T14:34:39+00:00 ERR (3): Uncaught exception: Каптча не распознана [/home/clients/boldyrek_ftp0/domains/tcl.makmalauto.com/html/cron/grabber/class/cron/source/exporttrader.php: 288]
2010-12-23T14:48:05+00:00 INFO (6): Запуск задачи
2010-12-23T14:48:05+00:00 INFO (6): Exporttrader
2010-12-23T14:48:06+00:00 INFO (6): Каптча получена и записана в локальный файл
2010-12-23T14:48:11+00:00 INFO (6): Captcha::recognize() error ERROR_WRONG_ID_FORMAT
2010-12-23T14:48:11+00:00 ERR (3): Uncaught exception: Каптча не распознана [/home/clients/boldyrek_ftp0/domains/tcl.makmalauto.com/html/cron/grabber/class/cron/source/exporttrader.php: 288]
2010-12-23T16:03:14+00:00 INFO (6): Запуск задачи
2010-12-23T16:03:14+00:00 INFO (6): Exporttrader
2010-12-23T16:03:14+00:00 INFO (6): Каптча получена и записана в локальный файл
2010-12-23T16:03:20+00:00 INFO (6): Captcha::recognize() error ERROR_WRONG_ID_FORMAT
2010-12-23T16:03:21+00:00 ERR (3): Uncaught exception: Каптча не распознана [/home/clients/boldyrek_ftp0/domains/tcl.makmalauto.com/html/cron/grabber/class/cron/source/exporttrader.php: 288]
2010-12-23T19:45:56+00:00 INFO (6): Запуск задачи
2010-12-23T19:45:57+00:00 INFO (6): Exporttrader
2010-12-23T19:45:57+00:00 INFO (6): Каптча получена и записана в локальный файл
2010-12-23T19:46:03+00:00 INFO (6): Captcha::recognize() error ERROR_WRONG_ID_FORMAT
2010-12-23T19:46:03+00:00 ERR (3): Uncaught exception: Каптча не распознана [/home/clients/boldyrek_ftp0/domains/tcl.makmalauto.com/html/cron/grabber/class/cron/source/exporttrader.php: 288]
2010-12-23T20:50:37+00:00 INFO (6): Запуск задачи
2010-12-23T20:50:37+00:00 INFO (6): Exporttrader
2010-12-23T20:50:38+00:00 INFO (6): Каптча получена и записана в локальный файл
2010-12-23T20:50:44+00:00 INFO (6): Captcha::recognize() error ERROR_WRONG_ID_FORMAT
2010-12-23T20:50:44+00:00 ERR (3): Uncaught exception: Каптча не распознана [/home/clients/boldyrek_ftp0/domains/tcl.makmalauto.com/html/cron/grabber/class/cron/source/exporttrader.php: 288]
