
01-06-2012 06:10:01 --- INFO: start: 01-06-2012 06:10:01
01-06-2012 06:10:01 --- INFO: ----------Source_Adesa (cli)
01-06-2012 06:10:03 --- INFO: Authorized request
01-06-2012 06:10:25 --- INFO: Lexus RX 330 - found: 18, pass primary filters: 9, did not pass the filter by color: 7, added: 2, new vincodes: 0
01-06-2012 06:10:32 --- INFO: Lexus RX 400H - found: 3, pass primary filters: 2, did not pass the filter by color: 2, added: 0, new vincodes: 0
01-06-2012 06:10:32 --- INFO: Lexus GX 470 - found: 2, pass primary filters: 0, did not pass the filter by color: 0, added: 0, new vincodes: 0
01-06-2012 06:10:46 --- INFO: Lexus GX 470 - found: 11, pass primary filters: 6, did not pass the filter by color: 5, added: 1, new vincodes: 0
01-06-2012 06:10:47 --- INFO: Lexus LX 470 - found: 0, pass primary filters: 0, did not pass the filter by color: 0, added: 0, new vincodes: 0
01-06-2012 06:10:47 --- INFO: Lexus LX 470 - found: 0, pass primary filters: 0, did not pass the filter by color: 0, added: 0, new vincodes: 0
01-06-2012 06:11:03 --- INFO: Toyota Land Cruiser - found: 1, pass primary filters: 1, did not pass the filter by color: 1, added: 0, new vincodes: 1
01-06-2012 06:11:04 --- INFO: Toyota Highlander 4WD - found: 34, pass primary filters: 0, did not pass the filter by color: 0, added: 0, new vincodes: 0
01-06-2012 06:11:06 --- INFO: Toyota Highlander - found: 27, pass primary filters: 3, did not pass the filter by color: 3, added: 0, new vincodes: 0
01-06-2012 06:11:06 --- INFO: Lexus RX 350 - found: 2, pass primary filters: 0, did not pass the filter by color: 0, added: 0, new vincodes: 0
01-06-2012 06:11:10 --- INFO: Toyota 4RUNNER Limited V6 - found: 16, pass primary filters: 1, did not pass the filter by color: 0, added: 1, new vincodes: 0
01-06-2012 06:11:10 --- INFO: finish: 01-06-2012 06:11:10
01-06-2012 06:11:10 --- INFO: elapsed time: ~69.05 sec., memory usage: ~2.1 Mb.
01-06-2012 06:40:01 --- INFO: start: 01-06-2012 06:40:01
01-06-2012 06:40:01 --- INFO: ----------Source_Gsmotors (cli)
01-06-2012 06:49:51 --- INFO: Lexus RX 330 - found: 199, pass primary filters: 95, did not pass the filter by color: 85, added: 10, new vincodes: 0
01-06-2012 06:51:50 --- INFO: Lexus RX 400H - found: 43, pass primary filters: 7, did not pass the filter by color: 6, added: 1, new vincodes: 0
01-06-2012 06:55:04 --- INFO: Lexus GX 470 - found: 65, pass primary filters: 39, did not pass the filter by color: 31, added: 8, new vincodes: 0
01-06-2012 07:01:41 --- INFO: Lexus GX 470 - found: 137, pass primary filters: 53, did not pass the filter by color: 43, added: 10, new vincodes: 0
01-06-2012 07:01:44 --- INFO: Lexus LX 470 - found: 0, pass primary filters: 0, did not pass the filter by color: 0, added: 0, new vincodes: 0
01-06-2012 07:01:47 --- INFO: Lexus LX 470 - found: 0, pass primary filters: 0, did not pass the filter by color: 0, added: 0, new vincodes: 0
01-06-2012 07:01:51 --- INFO: Toyota Land Cruiser - found: 0, pass primary filters: 0, did not pass the filter by color: 0, added: 0, new vincodes: 0
01-06-2012 07:01:54 --- INFO: Toyota Highlander 4WD - found: 0, pass primary filters: 0, did not pass the filter by color: 0, added: 0, new vincodes: 0
01-06-2012 07:01:58 --- INFO: Toyota Highlander - found: 0, pass primary filters: 0, did not pass the filter by color: 0, added: 0, new vincodes: 0
01-06-2012 07:02:01 --- INFO: Lexus RX 350 - found: 0, pass primary filters: 0, did not pass the filter by color: 0, added: 0, new vincodes: 0
01-06-2012 07:02:05 --- INFO: Toyota 4RUNNER Limited V6 - found: 0, pass primary filters: 0, did not pass the filter by color: 0, added: 0, new vincodes: 0
01-06-2012 07:02:05 --- INFO: finish: 01-06-2012 07:02:05
01-06-2012 07:02:05 --- INFO: elapsed time: ~1323.84 sec., memory usage: ~3.32 Mb.
01-06-2012 08:10:01 --- INFO: start: 01-06-2012 08:10:01
01-06-2012 08:10:01 --- INFO: ----------Source_Adesa (cli)
01-06-2012 08:10:03 --- INFO: Authorized request
01-06-2012 08:10:36 --- INFO: Lexus RX 330 - found: 21, pass primary filters: 11, did not pass the filter by color: 9, added: 2, new vincodes: 1
01-06-2012 08:10:43 --- INFO: Lexus RX 400H - found: 3, pass primary filters: 2, did not pass the filter by color: 2, added: 0, new vincodes: 0
01-06-2012 08:10:43 --- INFO: Lexus GX 470 - found: 2, pass primary filters: 0, did not pass the filter by color: 0, added: 0, new vincodes: 0
01-06-2012 08:11:05 --- INFO: Lexus GX 470 - found: 11, pass primary filters: 7, did not pass the filter by color: 6, added: 1, new vincodes: 1
01-06-2012 08:11:05 --- INFO: Lexus LX 470 - found: 0, pass primary filters: 0, did not pass the filter by color: 0, added: 0, new vincodes: 0
01-06-2012 08:11:06 --- INFO: Lexus LX 470 - found: 0, pass primary filters: 0, did not pass the filter by color: 0, added: 0, new vincodes: 0
01-06-2012 08:11:09 --- INFO: Toyota Land Cruiser - found: 1, pass primary filters: 1, did not pass the filter by color: 1, added: 0, new vincodes: 0
01-06-2012 08:11:17 --- INFO: Toyota Highlander 4WD - found: 35, pass primary filters: 1, did not pass the filter by color: 1, added: 0, new vincodes: 1
01-06-2012 08:11:25 --- INFO: Toyota Highlander - found: 27, pass primary filters: 4, did not pass the filter by color: 4, added: 0, new vincodes: 0
01-06-2012 08:11:25 --- INFO: Lexus RX 350 - found: 2, pass primary filters: 0, did not pass the filter by color: 0, added: 0, new vincodes: 0
01-06-2012 08:11:36 --- INFO: Toyota 4RUNNER Limited V6 - found: 16, pass primary filters: 2, did not pass the filter by color: 1, added: 1, new vincodes: 1
01-06-2012 08:11:36 --- INFO: finish: 01-06-2012 08:11:36
01-06-2012 08:11:36 --- INFO: elapsed time: ~95.26 sec., memory usage: ~2.15 Mb.
01-06-2012 09:10:01 --- INFO: start: 01-06-2012 09:10:01
01-06-2012 09:10:01 --- INFO: ----------Source_Adesa (cli)
01-06-2012 09:10:01 --- INFO: Authorized request
01-06-2012 09:10:28 --- INFO: Lexus RX 330 - found: 22, pass primary filters: 11, did not pass the filter by color: 9, added: 2, new vincodes: 0
01-06-2012 09:10:36 --- INFO: Lexus RX 400H - found: 3, pass primary filters: 3, did not pass the filter by color: 3, added: 0, new vincodes: 0
01-06-2012 09:11:33 --- INFO: Lexus GX 470 - found: 3, pass primary filters: 2, did not pass the filter by color: 2, added: 0, new vincodes: 2
01-06-2012 09:11:52 --- INFO: Lexus GX 470 - found: 11, pass primary filters: 7, did not pass the filter by color: 6, added: 1, new vincodes: 0
01-06-2012 09:11:52 --- INFO: Lexus LX 470 - found: 0, pass primary filters: 0, did not pass the filter by color: 0, added: 0, new vincodes: 0
01-06-2012 09:11:53 --- INFO: Lexus LX 470 - found: 0, pass primary filters: 0, did not pass the filter by color: 0, added: 0, new vincodes: 0
01-06-2012 09:11:57 --- INFO: Toyota Land Cruiser - found: 1, pass primary filters: 1, did not pass the filter by color: 1, added: 0, new vincodes: 0
01-06-2012 09:12:02 --- INFO: Toyota Highlander 4WD - found: 37, pass primary filters: 1, did not pass the filter by color: 1, added: 0, new vincodes: 0
01-06-2012 09:12:08 --- INFO: Toyota Highlander - found: 29, pass primary filters: 4, did not pass the filter by color: 4, added: 0, new vincodes: 0
01-06-2012 09:12:08 --- INFO: Lexus RX 350 - found: 2, pass primary filters: 0, did not pass the filter by color: 0, added: 0, new vincodes: 0
01-06-2012 09:12:15 --- INFO: Toyota 4RUNNER Limited V6 - found: 17, pass primary filters: 2, did not pass the filter by color: 1, added: 1, new vincodes: 0
01-06-2012 09:12:15 --- INFO: finish: 01-06-2012 09:12:15
01-06-2012 09:12:15 --- INFO: elapsed time: ~134.73 sec., memory usage: ~2.18 Mb.
01-06-2012 08:40:01 --- INFO: start: 01-06-2012 08:40:01
01-06-2012 08:40:01 --- INFO: ----------Source_Gsmotors (cli)
01-06-2012 08:47:23 --- INFO: Lexus RX 330 - found: 199, pass primary filters: 95, did not pass the filter by color: 85, added: 10, new vincodes: 0
01-06-2012 08:48:49 --- INFO: Lexus RX 400H - found: 43, pass primary filters: 7, did not pass the filter by color: 6, added: 1, new vincodes: 0
01-06-2012 08:51:09 --- INFO: Lexus GX 470 - found: 65, pass primary filters: 39, did not pass the filter by color: 31, added: 8, new vincodes: 0
01-06-2012 08:56:44 --- INFO: Lexus GX 470 - found: 137, pass primary filters: 63, did not pass the filter by color: 53, added: 10, new vincodes: 1
01-06-2012 08:59:22 --- INFO: Lexus LX 470 - found: 56, pass primary filters: 39, did not pass the filter by color: 34, added: 5, new vincodes: 0
01-06-2012 09:00:10 --- INFO: Lexus LX 470 - found: 20, pass primary filters: 4, did not pass the filter by color: 4, added: 0, new vincodes: 0
01-06-2012 09:00:59 --- INFO: Toyota Land Cruiser - found: 18, pass primary filters: 14, did not pass the filter by color: 12, added: 2, new vincodes: 0
01-06-2012 09:08:19 --- INFO: Toyota Highlander 4WD - found: 171, pass primary filters: 6, did not pass the filter by color: 6, added: 0, new vincodes: 0
01-06-2012 09:12:40 --- INFO: Toyota Highlander - found: 128, pass primary filters: 27, did not pass the filter by color: 24, added: 3, new vincodes: 1
01-06-2012 09:18:04 --- INFO: Lexus RX 350 - found: 101, pass primary filters: 17, did not pass the filter by color: 17, added: 0, new vincodes: 0
01-06-2012 09:22:55 --- INFO: Toyota 4RUNNER Limited V6 - found: 105, pass primary filters: 1, did not pass the filter by color: 1, added: 0, new vincodes: 0
01-06-2012 09:22:55 --- INFO: finish: 01-06-2012 09:22:55
01-06-2012 09:22:55 --- INFO: elapsed time: ~2573.98 sec., memory usage: ~4.28 Mb.
01-06-2012 10:00:01 --- INFO: start: 01-06-2012 10:00:01
01-06-2012 10:00:01 --- INFO: ----------Source_Adesa (cli)
01-06-2012 10:00:02 --- INFO: Authorized request
01-06-2012 10:00:29 --- INFO: Lexus RX 330 - found: 24, pass primary filters: 11, did not pass the filter by color: 9, added: 2, new vincodes: 0
01-06-2012 10:00:36 --- INFO: Lexus RX 400H - found: 3, pass primary filters: 3, did not pass the filter by color: 3, added: 0, new vincodes: 0
01-06-2012 10:00:42 --- INFO: Lexus GX 470 - found: 3, pass primary filters: 2, did not pass the filter by color: 2, added: 0, new vincodes: 0
01-06-2012 10:00:59 --- INFO: Lexus GX 470 - found: 10, pass primary filters: 6, did not pass the filter by color: 5, added: 1, new vincodes: 0
01-06-2012 10:00:59 --- INFO: Lexus LX 470 - found: 0, pass primary filters: 0, did not pass the filter by color: 0, added: 0, new vincodes: 0
01-06-2012 10:00:59 --- INFO: Lexus LX 470 - found: 0, pass primary filters: 0, did not pass the filter by color: 0, added: 0, new vincodes: 0
01-06-2012 10:01:03 --- INFO: Toyota Land Cruiser - found: 1, pass primary filters: 1, did not pass the filter by color: 1, added: 0, new vincodes: 0
01-06-2012 10:01:07 --- INFO: Toyota Highlander 4WD - found: 39, pass primary filters: 1, did not pass the filter by color: 1, added: 0, new vincodes: 0
01-06-2012 10:01:13 --- INFO: Toyota Highlander - found: 30, pass primary filters: 4, did not pass the filter by color: 4, added: 0, new vincodes: 0
01-06-2012 10:01:13 --- INFO: Lexus RX 350 - found: 2, pass primary filters: 0, did not pass the filter by color: 0, added: 0, new vincodes: 0
01-06-2012 10:01:20 --- INFO: Toyota 4RUNNER Limited V6 - found: 17, pass primary filters: 2, did not pass the filter by color: 1, added: 1, new vincodes: 0
01-06-2012 10:01:20 --- INFO: finish: 01-06-2012 10:01:20
01-06-2012 10:01:20 --- INFO: elapsed time: ~78.78 sec., memory usage: ~2.14 Mb.
01-06-2012 09:40:01 --- INFO: start: 01-06-2012 09:40:01
01-06-2012 09:40:01 --- INFO: ----------Source_Gsmotors (cli)
01-06-2012 09:47:27 --- INFO: Lexus RX 330 - found: 199, pass primary filters: 95, did not pass the filter by color: 85, added: 10, new vincodes: 0
01-06-2012 09:49:01 --- INFO: Lexus RX 400H - found: 43, pass primary filters: 7, did not pass the filter by color: 6, added: 1, new vincodes: 0
01-06-2012 09:51:23 --- INFO: Lexus GX 470 - found: 65, pass primary filters: 39, did not pass the filter by color: 31, added: 8, new vincodes: 0
01-06-2012 09:57:15 --- INFO: Lexus GX 470 - found: 137, pass primary filters: 63, did not pass the filter by color: 53, added: 10, new vincodes: 0
01-06-2012 09:59:06 --- INFO: Lexus LX 470 - found: 56, pass primary filters: 39, did not pass the filter by color: 34, added: 5, new vincodes: 0
01-06-2012 09:59:47 --- INFO: Lexus LX 470 - found: 20, pass primary filters: 4, did not pass the filter by color: 4, added: 0, new vincodes: 0
01-06-2012 10:00:31 --- INFO: Toyota Land Cruiser - found: 18, pass primary filters: 14, did not pass the filter by color: 12, added: 2, new vincodes: 0
01-06-2012 10:06:39 --- INFO: Toyota Highlander 4WD - found: 171, pass primary filters: 6, did not pass the filter by color: 6, added: 0, new vincodes: 0
01-06-2012 10:10:54 --- INFO: Toyota Highlander - found: 128, pass primary filters: 27, did not pass the filter by color: 24, added: 3, new vincodes: 0
01-06-2012 10:14:46 --- INFO: Lexus RX 350 - found: 101, pass primary filters: 17, did not pass the filter by color: 17, added: 0, new vincodes: 0
01-06-2012 10:18:27 --- INFO: Toyota 4RUNNER Limited V6 - found: 105, pass primary filters: 1, did not pass the filter by color: 1, added: 0, new vincodes: 0
01-06-2012 10:18:27 --- INFO: finish: 01-06-2012 10:18:27
01-06-2012 10:18:27 --- INFO: elapsed time: ~2306.04 sec., memory usage: ~4.23 Mb.
01-06-2012 10:30:01 --- INFO: start: 01-06-2012 10:30:01
01-06-2012 10:30:01 --- INFO: ----------Source_Gsmotors (cli)
01-06-2012 10:37:17 --- INFO: Lexus RX 330 - found: 199, pass primary filters: 95, did not pass the filter by color: 85, added: 10, new vincodes: 0
01-06-2012 10:38:49 --- INFO: Lexus RX 400H - found: 43, pass primary filters: 7, did not pass the filter by color: 6, added: 1, new vincodes: 0
01-06-2012 10:41:19 --- INFO: Lexus GX 470 - found: 65, pass primary filters: 39, did not pass the filter by color: 31, added: 8, new vincodes: 0
01-06-2012 10:46:37 --- INFO: Lexus GX 470 - found: 137, pass primary filters: 63, did not pass the filter by color: 53, added: 10, new vincodes: 0
01-06-2012 10:48:36 --- INFO: Lexus LX 470 - found: 56, pass primary filters: 39, did not pass the filter by color: 34, added: 5, new vincodes: 0
01-06-2012 10:49:20 --- INFO: Lexus LX 470 - found: 20, pass primary filters: 4, did not pass the filter by color: 4, added: 0, new vincodes: 0
01-06-2012 10:49:59 --- INFO: Toyota Land Cruiser - found: 18, pass primary filters: 14, did not pass the filter by color: 12, added: 2, new vincodes: 0
01-06-2012 10:55:35 --- INFO: Toyota Highlander 4WD - found: 171, pass primary filters: 6, did not pass the filter by color: 6, added: 0, new vincodes: 0
01-06-2012 10:59:51 --- INFO: Toyota Highlander - found: 128, pass primary filters: 27, did not pass the filter by color: 24, added: 3, new vincodes: 0
01-06-2012 11:03:42 --- INFO: Lexus RX 350 - found: 101, pass primary filters: 17, did not pass the filter by color: 17, added: 0, new vincodes: 0
01-06-2012 11:07:10 --- INFO: Toyota 4RUNNER Limited V6 - found: 105, pass primary filters: 1, did not pass the filter by color: 1, added: 0, new vincodes: 0
01-06-2012 11:07:10 --- INFO: finish: 01-06-2012 11:07:10
01-06-2012 11:07:10 --- INFO: elapsed time: ~2228.93 sec., memory usage: ~4.24 Mb.
01-06-2012 11:10:01 --- INFO: start: 01-06-2012 11:10:01
01-06-2012 11:10:01 --- INFO: ----------Source_Adesa (cli)
01-06-2012 11:10:03 --- INFO: Authorized request
01-06-2012 11:10:25 --- INFO: Lexus RX 330 - found: 24, pass primary filters: 11, did not pass the filter by color: 9, added: 2, new vincodes: 0
01-06-2012 11:10:26 --- INFO: Lexus RX 400H - found: 3, pass primary filters: 3, did not pass the filter by color: 3, added: 0, new vincodes: 0
01-06-2012 11:10:30 --- INFO: Lexus GX 470 - found: 3, pass primary filters: 2, did not pass the filter by color: 2, added: 0, new vincodes: 0
01-06-2012 11:10:42 --- INFO: Lexus GX 470 - found: 10, pass primary filters: 6, did not pass the filter by color: 5, added: 1, new vincodes: 0
01-06-2012 11:10:43 --- INFO: Lexus LX 470 - found: 0, pass primary filters: 0, did not pass the filter by color: 0, added: 0, new vincodes: 0
01-06-2012 11:10:43 --- INFO: Lexus LX 470 - found: 0, pass primary filters: 0, did not pass the filter by color: 0, added: 0, new vincodes: 0
01-06-2012 11:10:46 --- INFO: Toyota Land Cruiser - found: 1, pass primary filters: 1, did not pass the filter by color: 1, added: 0, new vincodes: 0
01-06-2012 11:10:55 --- INFO: Toyota Highlander 4WD - found: 40, pass primary filters: 1, did not pass the filter by color: 1, added: 0, new vincodes: 0
01-06-2012 11:10:58 --- INFO: Toyota Highlander - found: 31, pass primary filters: 4, did not pass the filter by color: 4, added: 0, new vincodes: 0
01-06-2012 11:10:58 --- INFO: Lexus RX 350 - found: 2, pass primary filters: 0, did not pass the filter by color: 0, added: 0, new vincodes: 0
01-06-2012 11:11:02 --- INFO: Toyota 4RUNNER Limited V6 - found: 17, pass primary filters: 2, did not pass the filter by color: 1, added: 1, new vincodes: 0
01-06-2012 11:11:02 --- INFO: finish: 01-06-2012 11:11:02
01-06-2012 11:11:02 --- INFO: elapsed time: ~60.57 sec., memory usage: ~2.14 Mb.
01-06-2012 12:20:01 --- INFO: start: 01-06-2012 12:20:01
01-06-2012 12:20:01 --- INFO: ----------Source_Adesa (cli)
01-06-2012 12:20:03 --- INFO: Authorized request
01-06-2012 12:20:29 --- INFO: Lexus RX 330 - found: 26, pass primary filters: 13, did not pass the filter by color: 11, added: 2, new vincodes: 0
01-06-2012 12:20:30 --- INFO: Lexus RX 400H - found: 3, pass primary filters: 3, did not pass the filter by color: 3, added: 0, new vincodes: 0
01-06-2012 12:20:35 --- INFO: Lexus GX 470 - found: 3, pass primary filters: 2, did not pass the filter by color: 2, added: 0, new vincodes: 0
01-06-2012 12:20:51 --- INFO: Lexus GX 470 - found: 10, pass primary filters: 6, did not pass the filter by color: 5, added: 1, new vincodes: 0
01-06-2012 12:20:51 --- INFO: Lexus LX 470 - found: 0, pass primary filters: 0, did not pass the filter by color: 0, added: 0, new vincodes: 0
01-06-2012 12:20:51 --- INFO: Lexus LX 470 - found: 0, pass primary filters: 0, did not pass the filter by color: 0, added: 0, new vincodes: 0
01-06-2012 12:20:55 --- INFO: Toyota Land Cruiser - found: 1, pass primary filters: 1, did not pass the filter by color: 1, added: 0, new vincodes: 0
01-06-2012 12:20:56 --- INFO: Toyota Highlander 4WD - found: 40, pass primary filters: 1, did not pass the filter by color: 1, added: 0, new vincodes: 0
01-06-2012 12:20:59 --- INFO: Toyota Highlander - found: 31, pass primary filters: 4, did not pass the filter by color: 4, added: 0, new vincodes: 0
01-06-2012 12:20:59 --- INFO: Lexus RX 350 - found: 2, pass primary filters: 0, did not pass the filter by color: 0, added: 0, new vincodes: 0
01-06-2012 12:21:07 --- INFO: Toyota 4RUNNER Limited V6 - found: 17, pass primary filters: 2, did not pass the filter by color: 1, added: 1, new vincodes: 0
01-06-2012 12:21:07 --- INFO: finish: 01-06-2012 12:21:07
01-06-2012 12:21:07 --- INFO: elapsed time: ~65.65 sec., memory usage: ~2.16 Mb.
01-06-2012 11:40:01 --- INFO: start: 01-06-2012 11:40:01
01-06-2012 11:40:01 --- INFO: ----------Source_Gsmotors (cli)
01-06-2012 11:52:10 --- INFO: Lexus RX 330 - found: 230, pass primary filters: 110, did not pass the filter by color: 100, added: 10, new vincodes: 4
01-06-2012 11:54:15 --- INFO: Lexus RX 400H - found: 43, pass primary filters: 7, did not pass the filter by color: 6, added: 1, new vincodes: 0
01-06-2012 11:58:16 --- INFO: Lexus GX 470 - found: 73, pass primary filters: 42, did not pass the filter by color: 34, added: 8, new vincodes: 2
01-06-2012 12:05:27 --- INFO: Lexus GX 470 - found: 153, pass primary filters: 58, did not pass the filter by color: 50, added: 8, new vincodes: 0
01-06-2012 12:07:15 --- INFO: Lexus LX 470 - found: 56, pass primary filters: 39, did not pass the filter by color: 34, added: 5, new vincodes: 0
01-06-2012 12:07:55 --- INFO: Lexus LX 470 - found: 20, pass primary filters: 4, did not pass the filter by color: 4, added: 0, new vincodes: 0
01-06-2012 12:08:32 --- INFO: Toyota Land Cruiser - found: 18, pass primary filters: 14, did not pass the filter by color: 12, added: 2, new vincodes: 0
01-06-2012 12:14:20 --- INFO: Toyota Highlander 4WD - found: 171, pass primary filters: 6, did not pass the filter by color: 6, added: 0, new vincodes: 0
01-06-2012 12:18:28 --- INFO: Toyota Highlander - found: 128, pass primary filters: 27, did not pass the filter by color: 24, added: 3, new vincodes: 0
01-06-2012 12:22:20 --- INFO: Lexus RX 350 - found: 101, pass primary filters: 17, did not pass the filter by color: 17, added: 0, new vincodes: 0
01-06-2012 12:26:04 --- INFO: Toyota 4RUNNER Limited V6 - found: 105, pass primary filters: 1, did not pass the filter by color: 1, added: 0, new vincodes: 0
01-06-2012 12:26:04 --- INFO: finish: 01-06-2012 12:26:04
01-06-2012 12:26:04 --- INFO: elapsed time: ~2762.21 sec., memory usage: ~4.38 Mb.
01-06-2012 12:50:01 --- INFO: start: 01-06-2012 12:50:01
01-06-2012 12:50:01 --- INFO: ----------Source_Gsmotors (cli)
01-06-2012 12:58:30 --- INFO: Lexus RX 330 - found: 230, pass primary filters: 110, did not pass the filter by color: 100, added: 10, new vincodes: 0
01-06-2012 13:00:10 --- INFO: Lexus RX 400H - found: 43, pass primary filters: 7, did not pass the filter by color: 6, added: 1, new vincodes: 0
01-06-2012 13:02:39 --- INFO: Lexus GX 470 - found: 73, pass primary filters: 42, did not pass the filter by color: 34, added: 8, new vincodes: 0
01-06-2012 13:08:29 --- INFO: Lexus GX 470 - found: 153, pass primary filters: 61, did not pass the filter by color: 51, added: 10, new vincodes: 0
01-06-2012 13:11:05 --- INFO: Lexus LX 470 - found: 62, pass primary filters: 39, did not pass the filter by color: 34, added: 5, new vincodes: 0
01-06-2012 13:11:46 --- INFO: Lexus LX 470 - found: 23, pass primary filters: 4, did not pass the filter by color: 4, added: 0, new vincodes: 0
01-06-2012 13:12:54 --- INFO: Toyota Land Cruiser - found: 25, pass primary filters: 17, did not pass the filter by color: 15, added: 2, new vincodes: 1
01-06-2012 13:17:57 --- INFO: Toyota Highlander 4WD - found: 205, pass primary filters: 6, did not pass the filter by color: 6, added: 0, new vincodes: 0
01-06-2012 13:17:57 --- ERROR: Request returns empty result
01-06-2012 13:17:57 --- INFO: Toyota Highlander - found: 0, pass primary filters: 0, did not pass the filter by color: 0, added: 0, new vincodes: 0
01-06-2012 13:17:57 --- ERROR: Request returns empty result
01-06-2012 13:17:57 --- INFO: Lexus RX 350 - found: 0, pass primary filters: 0, did not pass the filter by color: 0, added: 0, new vincodes: 0
01-06-2012 13:17:57 --- ERROR: Request returns empty result
01-06-2012 13:17:57 --- INFO: Toyota 4RUNNER Limited V6 - found: 0, pass primary filters: 0, did not pass the filter by color: 0, added: 0, new vincodes: 0
01-06-2012 13:17:57 --- INFO: finish: 01-06-2012 13:17:57
01-06-2012 13:17:57 --- INFO: elapsed time: ~1676.24 sec., memory usage: ~4.05 Mb.
01-06-2012 13:20:02 --- INFO: start: 01-06-2012 13:20:02
01-06-2012 13:20:02 --- INFO: ----------Source_Adesa (cli)
01-06-2012 13:20:02 --- INFO: Authorized request
01-06-2012 13:20:18 --- INFO: Lexus RX 330 - found: 26, pass primary filters: 13, did not pass the filter by color: 11, added: 2, new vincodes: 0
01-06-2012 13:20:19 --- INFO: Lexus RX 400H - found: 3, pass primary filters: 3, did not pass the filter by color: 3, added: 0, new vincodes: 0
01-06-2012 13:20:24 --- INFO: Lexus GX 470 - found: 3, pass primary filters: 2, did not pass the filter by color: 2, added: 0, new vincodes: 0
01-06-2012 13:20:31 --- INFO: Lexus GX 470 - found: 9, pass primary filters: 5, did not pass the filter by color: 4, added: 1, new vincodes: 0
01-06-2012 13:20:31 --- INFO: Lexus LX 470 - found: 0, pass primary filters: 0, did not pass the filter by color: 0, added: 0, new vincodes: 0
01-06-2012 13:20:31 --- INFO: Lexus LX 470 - found: 0, pass primary filters: 0, did not pass the filter by color: 0, added: 0, new vincodes: 0
01-06-2012 13:20:35 --- INFO: Toyota Land Cruiser - found: 1, pass primary filters: 1, did not pass the filter by color: 1, added: 0, new vincodes: 0
01-06-2012 13:20:36 --- INFO: Toyota Highlander 4WD - found: 41, pass primary filters: 1, did not pass the filter by color: 1, added: 0, new vincodes: 0
01-06-2012 13:20:39 --- INFO: Toyota Highlander - found: 32, pass primary filters: 4, did not pass the filter by color: 4, added: 0, new vincodes: 0
01-06-2012 13:20:40 --- INFO: Lexus RX 350 - found: 2, pass primary filters: 0, did not pass the filter by color: 0, added: 0, new vincodes: 0
01-06-2012 13:20:40 --- INFO: Toyota 4RUNNER Limited V6 - found: 17, pass primary filters: 2, did not pass the filter by color: 1, added: 1, new vincodes: 0
01-06-2012 13:20:40 --- INFO: finish: 01-06-2012 13:20:40
01-06-2012 13:20:40 --- INFO: elapsed time: ~38.85 sec., memory usage: ~2.15 Mb.
01-06-2012 13:50:01 --- INFO: start: 01-06-2012 13:50:01
01-06-2012 13:50:01 --- INFO: ----------Source_Gsmotors (cli)
01-06-2012 13:58:22 --- INFO: Lexus RX 330 - found: 230, pass primary filters: 110, did not pass the filter by color: 100, added: 10, new vincodes: 0
01-06-2012 13:59:54 --- INFO: Lexus RX 400H - found: 43, pass primary filters: 7, did not pass the filter by color: 6, added: 1, new vincodes: 0
01-06-2012 14:02:31 --- INFO: Lexus GX 470 - found: 73, pass primary filters: 42, did not pass the filter by color: 34, added: 8, new vincodes: 0
01-06-2012 14:09:10 --- INFO: Lexus GX 470 - found: 153, pass primary filters: 61, did not pass the filter by color: 51, added: 10, new vincodes: 0
01-06-2012 14:11:10 --- INFO: Lexus LX 470 - found: 62, pass primary filters: 39, did not pass the filter by color: 34, added: 5, new vincodes: 0
01-06-2012 14:11:53 --- INFO: Lexus LX 470 - found: 23, pass primary filters: 4, did not pass the filter by color: 4, added: 0, new vincodes: 0
01-06-2012 14:12:39 --- INFO: Toyota Land Cruiser - found: 25, pass primary filters: 17, did not pass the filter by color: 15, added: 2, new vincodes: 0
01-06-2012 14:20:26 --- INFO: Toyota Highlander 4WD - found: 205, pass primary filters: 7, did not pass the filter by color: 7, added: 0, new vincodes: 0
01-06-2012 14:25:36 --- INFO: Toyota Highlander - found: 156, pass primary filters: 29, did not pass the filter by color: 26, added: 3, new vincodes: 0
01-06-2012 14:32:30 --- INFO: Lexus RX 350 - found: 120, pass primary filters: 21, did not pass the filter by color: 21, added: 0, new vincodes: 1
01-06-2012 14:38:37 --- INFO: Toyota 4RUNNER Limited V6 - found: 132, pass primary filters: 1, did not pass the filter by color: 1, added: 0, new vincodes: 0
01-06-2012 14:38:37 --- INFO: finish: 01-06-2012 14:38:37
01-06-2012 14:38:37 --- INFO: elapsed time: ~2916.12 sec., memory usage: ~4.46 Mb.
01-06-2012 16:10:01 --- INFO: start: 01-06-2012 16:10:01
01-06-2012 16:10:01 --- INFO: ----------Source_Adesa (cli)
01-06-2012 16:10:03 --- INFO: Authorized request
01-06-2012 16:10:20 --- INFO: Lexus RX 330 - found: 26, pass primary filters: 14, did not pass the filter by color: 12, added: 2, new vincodes: 0
01-06-2012 16:10:27 --- INFO: Lexus RX 400H - found: 4, pass primary filters: 4, did not pass the filter by color: 4, added: 0, new vincodes: 0
01-06-2012 16:10:29 --- INFO: Lexus GX 470 - found: 3, pass primary filters: 2, did not pass the filter by color: 2, added: 0, new vincodes: 0
01-06-2012 16:10:46 --- INFO: Lexus GX 470 - found: 9, pass primary filters: 6, did not pass the filter by color: 5, added: 1, new vincodes: 0
01-06-2012 16:10:46 --- INFO: Lexus LX 470 - found: 0, pass primary filters: 0, did not pass the filter by color: 0, added: 0, new vincodes: 0
01-06-2012 16:10:46 --- INFO: Lexus LX 470 - found: 0, pass primary filters: 0, did not pass the filter by color: 0, added: 0, new vincodes: 0
01-06-2012 16:10:47 --- INFO: Toyota Land Cruiser - found: 1, pass primary filters: 1, did not pass the filter by color: 1, added: 0, new vincodes: 0
01-06-2012 16:10:48 --- INFO: Toyota Highlander 4WD - found: 44, pass primary filters: 1, did not pass the filter by color: 1, added: 0, new vincodes: 0
01-06-2012 16:10:57 --- INFO: Toyota Highlander - found: 33, pass primary filters: 5, did not pass the filter by color: 5, added: 0, new vincodes: 0
01-06-2012 16:10:57 --- INFO: Lexus RX 350 - found: 2, pass primary filters: 0, did not pass the filter by color: 0, added: 0, new vincodes: 0
01-06-2012 16:10:58 --- INFO: Toyota 4RUNNER Limited V6 - found: 18, pass primary filters: 2, did not pass the filter by color: 1, added: 1, new vincodes: 0
01-06-2012 16:10:58 --- INFO: finish: 01-06-2012 16:10:58
01-06-2012 16:10:58 --- INFO: elapsed time: ~57.05 sec., memory usage: ~2.19 Mb.
01-06-2012 16:40:01 --- INFO: start: 01-06-2012 16:40:01
01-06-2012 16:40:01 --- INFO: ----------Source_Gsmotors (cli)
01-06-2012 16:53:41 --- INFO: Lexus RX 330 - found: 257, pass primary filters: 120, did not pass the filter by color: 110, added: 10, new vincodes: 5
01-06-2012 16:56:01 --- INFO: Lexus RX 400H - found: 51, pass primary filters: 10, did not pass the filter by color: 9, added: 1, new vincodes: 1
01-06-2012 17:00:27 --- INFO: Lexus GX 470 - found: 87, pass primary filters: 50, did not pass the filter by color: 40, added: 10, new vincodes: 0
01-06-2012 17:08:17 --- INFO: Lexus GX 470 - found: 177, pass primary filters: 66, did not pass the filter by color: 56, added: 10, new vincodes: 0
01-06-2012 17:10:08 --- INFO: Lexus LX 470 - found: 62, pass primary filters: 39, did not pass the filter by color: 34, added: 5, new vincodes: 0
01-06-2012 17:10:56 --- INFO: Lexus LX 470 - found: 23, pass primary filters: 4, did not pass the filter by color: 4, added: 0, new vincodes: 0
01-06-2012 17:11:41 --- INFO: Toyota Land Cruiser - found: 25, pass primary filters: 17, did not pass the filter by color: 15, added: 2, new vincodes: 0
01-06-2012 17:18:00 --- INFO: Toyota Highlander 4WD - found: 205, pass primary filters: 7, did not pass the filter by color: 7, added: 0, new vincodes: 0
01-06-2012 17:23:38 --- INFO: Toyota Highlander - found: 156, pass primary filters: 28, did not pass the filter by color: 25, added: 3, new vincodes: 0
01-06-2012 17:27:52 --- INFO: Lexus RX 350 - found: 120, pass primary filters: 21, did not pass the filter by color: 21, added: 0, new vincodes: 0
01-06-2012 17:31:57 --- INFO: Toyota 4RUNNER Limited V6 - found: 132, pass primary filters: 1, did not pass the filter by color: 1, added: 0, new vincodes: 0
01-06-2012 17:31:57 --- INFO: finish: 01-06-2012 17:31:57
01-06-2012 17:31:57 --- INFO: elapsed time: ~3115.85 sec., memory usage: ~4.71 Mb.
01-06-2012 18:10:01 --- INFO: start: 01-06-2012 18:10:01
01-06-2012 18:10:01 --- INFO: ----------Source_Adesa (cli)
01-06-2012 18:10:03 --- INFO: Authorized request
01-06-2012 18:10:19 --- INFO: Lexus RX 330 - found: 28, pass primary filters: 13, did not pass the filter by color: 11, added: 2, new vincodes: 0
01-06-2012 18:10:23 --- INFO: Lexus RX 400H - found: 4, pass primary filters: 4, did not pass the filter by color: 4, added: 0, new vincodes: 0
01-06-2012 18:10:24 --- INFO: Lexus GX 470 - found: 3, pass primary filters: 2, did not pass the filter by color: 2, added: 0, new vincodes: 0
01-06-2012 18:10:35 --- INFO: Lexus GX 470 - found: 10, pass primary filters: 6, did not pass the filter by color: 5, added: 1, new vincodes: 0
01-06-2012 18:10:35 --- INFO: Lexus LX 470 - found: 0, pass primary filters: 0, did not pass the filter by color: 0, added: 0, new vincodes: 0
01-06-2012 18:10:35 --- INFO: Lexus LX 470 - found: 0, pass primary filters: 0, did not pass the filter by color: 0, added: 0, new vincodes: 0
01-06-2012 18:10:36 --- INFO: Toyota Land Cruiser - found: 1, pass primary filters: 1, did not pass the filter by color: 1, added: 0, new vincodes: 0
01-06-2012 18:10:37 --- INFO: Toyota Highlander 4WD - found: 47, pass primary filters: 1, did not pass the filter by color: 1, added: 0, new vincodes: 0
01-06-2012 18:10:43 --- INFO: Toyota Highlander - found: 35, pass primary filters: 5, did not pass the filter by color: 5, added: 0, new vincodes: 0
01-06-2012 18:10:43 --- INFO: Lexus RX 350 - found: 2, pass primary filters: 0, did not pass the filter by color: 0, added: 0, new vincodes: 0
01-06-2012 18:10:44 --- INFO: Toyota 4RUNNER Limited V6 - found: 19, pass primary filters: 2, did not pass the filter by color: 1, added: 1, new vincodes: 0
01-06-2012 18:10:44 --- INFO: finish: 01-06-2012 18:10:44
01-06-2012 18:10:44 --- INFO: elapsed time: ~42.65 sec., memory usage: ~2.17 Mb.
01-06-2012 18:40:01 --- INFO: start: 01-06-2012 18:40:01
01-06-2012 18:40:01 --- INFO: ----------Source_Gsmotors (cli)
01-06-2012 18:49:07 --- INFO: Lexus RX 330 - found: 257, pass primary filters: 120, did not pass the filter by color: 110, added: 10, new vincodes: 0
01-06-2012 18:50:46 --- INFO: Lexus RX 400H - found: 51, pass primary filters: 10, did not pass the filter by color: 9, added: 1, new vincodes: 0
01-06-2012 18:53:27 --- INFO: Lexus GX 470 - found: 87, pass primary filters: 50, did not pass the filter by color: 40, added: 10, new vincodes: 0
01-06-2012 18:59:32 --- INFO: Lexus GX 470 - found: 177, pass primary filters: 68, did not pass the filter by color: 58, added: 10, new vincodes: 0
01-06-2012 19:03:34 --- INFO: Lexus LX 470 - found: 70, pass primary filters: 44, did not pass the filter by color: 39, added: 5, new vincodes: 2
01-06-2012 19:04:17 --- INFO: Lexus LX 470 - found: 26, pass primary filters: 5, did not pass the filter by color: 5, added: 0, new vincodes: 0
01-06-2012 19:05:41 --- INFO: Toyota Land Cruiser - found: 29, pass primary filters: 19, did not pass the filter by color: 17, added: 2, new vincodes: 0
01-06-2012 19:14:05 --- INFO: Toyota Highlander 4WD - found: 234, pass primary filters: 9, did not pass the filter by color: 9, added: 0, new vincodes: 0
01-06-2012 19:19:26 --- INFO: Toyota Highlander - found: 169, pass primary filters: 33, did not pass the filter by color: 30, added: 3, new vincodes: 1
01-06-2012 19:25:45 --- INFO: Lexus RX 350 - found: 130, pass primary filters: 21, did not pass the filter by color: 21, added: 0, new vincodes: 0
01-06-2012 19:31:57 --- INFO: Toyota 4RUNNER Limited V6 - found: 141, pass primary filters: 1, did not pass the filter by color: 1, added: 0, new vincodes: 0
01-06-2012 19:31:57 --- INFO: finish: 01-06-2012 19:31:57
01-06-2012 19:31:57 --- INFO: elapsed time: ~3116.43 sec., memory usage: ~4.8 Mb.