
03-02-2012 05:10:01 --- INFO: start: 03-02-2012 05:10:01
03-02-2012 05:10:01 --- INFO: ----------Source_Adesa (cli)
03-02-2012 05:10:03 --- INFO: Authorized request
03-02-2012 05:10:32 --- INFO: Lexus RX 300 - found: 11, pass primary filters: 4, did not pass the filter by color: 4, added: 0, new vincodes: 2
03-02-2012 05:10:47 --- INFO: Lexus RX 330 - found: 15, pass primary filters: 6, did not pass the filter by color: 6, added: 0, new vincodes: 0
03-02-2012 05:10:48 --- INFO: Lexus RX 400H - found: 1, pass primary filters: 1, did not pass the filter by color: 1, added: 0, new vincodes: 0
03-02-2012 05:11:10 --- INFO: Lexus GX 470 - found: 6, pass primary filters: 3, did not pass the filter by color: 0, added: 3, new vincodes: 1
03-02-2012 05:11:19 --- INFO: Lexus GX 470 - found: 6, pass primary filters: 3, did not pass the filter by color: 3, added: 0, new vincodes: 0
03-02-2012 05:11:20 --- INFO: Lexus LX 470 - found: 0, pass primary filters: 0, did not pass the filter by color: 0, added: 0, new vincodes: 0
03-02-2012 05:11:20 --- INFO: Lexus LX 470 - found: 0, pass primary filters: 0, did not pass the filter by color: 0, added: 0, new vincodes: 0
03-02-2012 05:11:20 --- INFO: Toyota Land Cruiser - found: 0, pass primary filters: 0, did not pass the filter by color: 0, added: 0, new vincodes: 0
03-02-2012 05:11:21 --- INFO: Honda CR-V - found: 8, pass primary filters: 0, did not pass the filter by color: 0, added: 0, new vincodes: 0
03-02-2012 05:11:21 --- INFO: Honda CR-V - found: 1, pass primary filters: 0, did not pass the filter by color: 0, added: 0, new vincodes: 0
03-02-2012 05:11:26 --- INFO: Mitsubishi Montero 4WD Limited - found: 18, pass primary filters: 3, did not pass the filter by color: 3, added: 0, new vincodes: 0
03-02-2012 05:11:33 --- INFO: Toyota 4RUNNER 4WD V6 - found: 8, pass primary filters: 2, did not pass the filter by color: 2, added: 0, new vincodes: 0
03-02-2012 05:11:45 --- INFO: Toyota RAV 4 - found: 15, pass primary filters: 6, did not pass the filter by color: 6, added: 0, new vincodes: 0
03-02-2012 05:11:49 --- INFO: Toyota Highlander 4WD - found: 41, pass primary filters: 1, did not pass the filter by color: 1, added: 0, new vincodes: 0
03-02-2012 05:11:59 --- INFO: Toyota Highlander - found: 24, pass primary filters: 4, did not pass the filter by color: 4, added: 0, new vincodes: 0
03-02-2012 05:11:59 --- INFO: Lexus RX 350 - found: 3, pass primary filters: 0, did not pass the filter by color: 0, added: 0, new vincodes: 0
03-02-2012 05:11:59 --- INFO: Toyota 4RUNNER Limited V6 - found: 8, pass primary filters: 0, did not pass the filter by color: 0, added: 0, new vincodes: 0
03-02-2012 05:11:59 --- INFO: finish: 03-02-2012 05:11:59
03-02-2012 05:11:59 --- INFO: elapsed time: ~118.54 sec., memory usage: ~2.24 Mb.
03-02-2012 05:40:01 --- INFO: start: 03-02-2012 05:40:01
03-02-2012 05:40:01 --- INFO: ----------Source_Gsmotors (cli)
03-02-2012 05:40:08 --- INFO: Lexus RX 300 - found: 84, pass primary filters: 0, did not pass the filter by color: 0, added: 0, new vincodes: 0
03-02-2012 05:40:28 --- INFO: Lexus RX 330 - found: 269, pass primary filters: 0, did not pass the filter by color: 0, added: 0, new vincodes: 0
03-02-2012 05:40:31 --- INFO: Lexus RX 400H - found: 48, pass primary filters: 0, did not pass the filter by color: 0, added: 0, new vincodes: 0
03-02-2012 05:40:39 --- INFO: Lexus GX 470 - found: 106, pass primary filters: 0, did not pass the filter by color: 0, added: 0, new vincodes: 0
03-02-2012 05:40:51 --- INFO: Lexus GX 470 - found: 182, pass primary filters: 0, did not pass the filter by color: 0, added: 0, new vincodes: 0
03-02-2012 05:40:57 --- INFO: Lexus LX 470 - found: 62, pass primary filters: 0, did not pass the filter by color: 0, added: 0, new vincodes: 0
03-02-2012 05:40:59 --- INFO: Lexus LX 470 - found: 11, pass primary filters: 0, did not pass the filter by color: 0, added: 0, new vincodes: 0
03-02-2012 05:41:01 --- INFO: Toyota Land Cruiser - found: 20, pass primary filters: 0, did not pass the filter by color: 0, added: 0, new vincodes: 0
03-02-2012 05:41:07 --- INFO: Honda CR-V - found: 66, pass primary filters: 0, did not pass the filter by color: 0, added: 0, new vincodes: 0
03-02-2012 05:41:23 --- INFO: Honda CR-V - found: 237, pass primary filters: 0, did not pass the filter by color: 0, added: 0, new vincodes: 0
03-02-2012 05:41:28 --- INFO: Mitsubishi Montero 4WD Limited - found: 59, pass primary filters: 0, did not pass the filter by color: 0, added: 0, new vincodes: 0
03-02-2012 05:41:41 --- INFO: Toyota 4RUNNER 4WD V6 - found: 172, pass primary filters: 0, did not pass the filter by color: 0, added: 0, new vincodes: 0
03-02-2012 05:41:48 --- INFO: Toyota RAV 4 - found: 71, pass primary filters: 0, did not pass the filter by color: 0, added: 0, new vincodes: 0
03-02-2012 05:42:00 --- INFO: Toyota Highlander 4WD - found: 184, pass primary filters: 0, did not pass the filter by color: 0, added: 0, new vincodes: 0
03-02-2012 05:42:09 --- INFO: Toyota Highlander - found: 127, pass primary filters: 0, did not pass the filter by color: 0, added: 0, new vincodes: 0
03-02-2012 05:42:20 --- INFO: Lexus RX 350 - found: 171, pass primary filters: 0, did not pass the filter by color: 0, added: 0, new vincodes: 0
03-02-2012 05:42:24 --- INFO: Toyota 4RUNNER Limited V6 - found: 172, pass primary filters: 0, did not pass the filter by color: 0, added: 0, new vincodes: 0
03-02-2012 05:42:24 --- INFO: finish: 03-02-2012 05:42:24
03-02-2012 05:42:24 --- INFO: elapsed time: ~143.18 sec., memory usage: ~1.87 Mb.
03-02-2012 07:10:01 --- INFO: start: 03-02-2012 07:10:01
03-02-2012 07:10:01 --- INFO: ----------Source_Adesa (cli)
03-02-2012 07:10:03 --- INFO: Authorized request
03-02-2012 07:10:15 --- INFO: Lexus RX 300 - found: 11, pass primary filters: 4, did not pass the filter by color: 4, added: 0, new vincodes: 0
03-02-2012 07:10:39 --- INFO: Lexus RX 330 - found: 16, pass primary filters: 7, did not pass the filter by color: 7, added: 0, new vincodes: 0
03-02-2012 07:10:40 --- INFO: Lexus RX 400H - found: 1, pass primary filters: 1, did not pass the filter by color: 1, added: 0, new vincodes: 0
03-02-2012 07:10:56 --- INFO: Lexus GX 470 - found: 6, pass primary filters: 4, did not pass the filter by color: 1, added: 3, new vincodes: 0
03-02-2012 07:11:06 --- INFO: Lexus GX 470 - found: 6, pass primary filters: 3, did not pass the filter by color: 3, added: 0, new vincodes: 0
03-02-2012 07:11:06 --- INFO: Lexus LX 470 - found: 0, pass primary filters: 0, did not pass the filter by color: 0, added: 0, new vincodes: 0
03-02-2012 07:11:06 --- INFO: Lexus LX 470 - found: 0, pass primary filters: 0, did not pass the filter by color: 0, added: 0, new vincodes: 0
03-02-2012 07:11:06 --- INFO: Toyota Land Cruiser - found: 0, pass primary filters: 0, did not pass the filter by color: 0, added: 0, new vincodes: 0
03-02-2012 07:11:06 --- INFO: Honda CR-V - found: 8, pass primary filters: 0, did not pass the filter by color: 0, added: 0, new vincodes: 0
03-02-2012 07:11:07 --- INFO: Honda CR-V - found: 1, pass primary filters: 0, did not pass the filter by color: 0, added: 0, new vincodes: 0
03-02-2012 07:11:12 --- INFO: Mitsubishi Montero 4WD Limited - found: 19, pass primary filters: 3, did not pass the filter by color: 3, added: 0, new vincodes: 0
03-02-2012 07:11:19 --- INFO: Toyota 4RUNNER 4WD V6 - found: 8, pass primary filters: 2, did not pass the filter by color: 2, added: 0, new vincodes: 0
03-02-2012 07:11:37 --- INFO: Toyota RAV 4 - found: 15, pass primary filters: 7, did not pass the filter by color: 7, added: 0, new vincodes: 0
03-02-2012 07:11:41 --- INFO: Toyota Highlander 4WD - found: 41, pass primary filters: 1, did not pass the filter by color: 1, added: 0, new vincodes: 0
03-02-2012 07:11:52 --- INFO: Toyota Highlander - found: 24, pass primary filters: 4, did not pass the filter by color: 4, added: 0, new vincodes: 0
03-02-2012 07:11:53 --- INFO: Lexus RX 350 - found: 3, pass primary filters: 0, did not pass the filter by color: 0, added: 0, new vincodes: 0
03-02-2012 07:11:53 --- INFO: Toyota 4RUNNER Limited V6 - found: 8, pass primary filters: 0, did not pass the filter by color: 0, added: 0, new vincodes: 0
03-02-2012 07:11:53 --- INFO: finish: 03-02-2012 07:11:53
03-02-2012 07:11:53 --- INFO: elapsed time: ~112.07 sec., memory usage: ~2.23 Mb.
03-02-2012 07:40:02 --- INFO: start: 03-02-2012 07:40:02
03-02-2012 07:40:02 --- INFO: ----------Source_Gsmotors (cli)
03-02-2012 07:40:05 --- INFO: Lexus RX 300 - found: 84, pass primary filters: 0, did not pass the filter by color: 0, added: 0, new vincodes: 0
03-02-2012 07:40:13 --- INFO: Lexus RX 330 - found: 269, pass primary filters: 0, did not pass the filter by color: 0, added: 0, new vincodes: 0
03-02-2012 07:40:15 --- INFO: Lexus RX 400H - found: 48, pass primary filters: 0, did not pass the filter by color: 0, added: 0, new vincodes: 0
03-02-2012 07:40:19 --- INFO: Lexus GX 470 - found: 106, pass primary filters: 0, did not pass the filter by color: 0, added: 0, new vincodes: 0
03-02-2012 07:40:25 --- INFO: Lexus GX 470 - found: 182, pass primary filters: 0, did not pass the filter by color: 0, added: 0, new vincodes: 0
03-02-2012 07:40:28 --- INFO: Lexus LX 470 - found: 62, pass primary filters: 0, did not pass the filter by color: 0, added: 0, new vincodes: 0
03-02-2012 07:40:29 --- INFO: Lexus LX 470 - found: 11, pass primary filters: 0, did not pass the filter by color: 0, added: 0, new vincodes: 0
03-02-2012 07:40:30 --- INFO: Toyota Land Cruiser - found: 20, pass primary filters: 0, did not pass the filter by color: 0, added: 0, new vincodes: 0
03-02-2012 07:40:33 --- INFO: Honda CR-V - found: 66, pass primary filters: 0, did not pass the filter by color: 0, added: 0, new vincodes: 0
03-02-2012 07:40:40 --- INFO: Honda CR-V - found: 237, pass primary filters: 0, did not pass the filter by color: 0, added: 0, new vincodes: 0
03-02-2012 07:40:43 --- INFO: Mitsubishi Montero 4WD Limited - found: 59, pass primary filters: 0, did not pass the filter by color: 0, added: 0, new vincodes: 0
03-02-2012 07:40:49 --- INFO: Toyota 4RUNNER 4WD V6 - found: 172, pass primary filters: 0, did not pass the filter by color: 0, added: 0, new vincodes: 0
03-02-2012 07:40:52 --- INFO: Toyota RAV 4 - found: 71, pass primary filters: 0, did not pass the filter by color: 0, added: 0, new vincodes: 0
03-02-2012 07:40:58 --- INFO: Toyota Highlander 4WD - found: 184, pass primary filters: 0, did not pass the filter by color: 0, added: 0, new vincodes: 0
03-02-2012 07:41:04 --- INFO: Toyota Highlander - found: 127, pass primary filters: 0, did not pass the filter by color: 0, added: 0, new vincodes: 0
03-02-2012 07:41:10 --- INFO: Lexus RX 350 - found: 171, pass primary filters: 0, did not pass the filter by color: 0, added: 0, new vincodes: 0
03-02-2012 07:41:15 --- INFO: Toyota 4RUNNER Limited V6 - found: 172, pass primary filters: 0, did not pass the filter by color: 0, added: 0, new vincodes: 0
03-02-2012 07:41:15 --- INFO: finish: 03-02-2012 07:41:15
03-02-2012 07:41:15 --- INFO: elapsed time: ~73.81 sec., memory usage: ~1.87 Mb.
03-02-2012 08:10:01 --- INFO: start: 03-02-2012 08:10:01
03-02-2012 08:10:01 --- INFO: ----------Source_Adesa (cli)
03-02-2012 08:10:02 --- INFO: Authorized request
03-02-2012 08:10:14 --- INFO: Lexus RX 300 - found: 11, pass primary filters: 4, did not pass the filter by color: 4, added: 0, new vincodes: 0
03-02-2012 08:10:46 --- INFO: Lexus RX 330 - found: 17, pass primary filters: 9, did not pass the filter by color: 9, added: 0, new vincodes: 1
03-02-2012 08:10:46 --- INFO: Lexus RX 400H - found: 1, pass primary filters: 1, did not pass the filter by color: 1, added: 0, new vincodes: 0
03-02-2012 08:11:00 --- INFO: Lexus GX 470 - found: 6, pass primary filters: 4, did not pass the filter by color: 1, added: 3, new vincodes: 0
03-02-2012 08:11:08 --- INFO: Lexus GX 470 - found: 6, pass primary filters: 3, did not pass the filter by color: 3, added: 0, new vincodes: 0
03-02-2012 08:11:08 --- INFO: Lexus LX 470 - found: 0, pass primary filters: 0, did not pass the filter by color: 0, added: 0, new vincodes: 0
03-02-2012 08:11:08 --- INFO: Lexus LX 470 - found: 0, pass primary filters: 0, did not pass the filter by color: 0, added: 0, new vincodes: 0
03-02-2012 08:11:08 --- INFO: Toyota Land Cruiser - found: 0, pass primary filters: 0, did not pass the filter by color: 0, added: 0, new vincodes: 0
03-02-2012 08:11:09 --- INFO: Honda CR-V - found: 9, pass primary filters: 0, did not pass the filter by color: 0, added: 0, new vincodes: 0
03-02-2012 08:11:09 --- INFO: Honda CR-V - found: 1, pass primary filters: 0, did not pass the filter by color: 0, added: 0, new vincodes: 0
03-02-2012 08:11:15 --- INFO: Mitsubishi Montero 4WD Limited - found: 19, pass primary filters: 3, did not pass the filter by color: 3, added: 0, new vincodes: 0
03-02-2012 08:11:22 --- INFO: Toyota 4RUNNER 4WD V6 - found: 8, pass primary filters: 2, did not pass the filter by color: 2, added: 0, new vincodes: 0
03-02-2012 08:11:38 --- INFO: Toyota RAV 4 - found: 15, pass primary filters: 7, did not pass the filter by color: 7, added: 0, new vincodes: 0
03-02-2012 08:11:42 --- INFO: Toyota Highlander 4WD - found: 41, pass primary filters: 1, did not pass the filter by color: 1, added: 0, new vincodes: 0
03-02-2012 08:11:53 --- INFO: Toyota Highlander - found: 24, pass primary filters: 4, did not pass the filter by color: 4, added: 0, new vincodes: 0
03-02-2012 08:11:54 --- INFO: Lexus RX 350 - found: 3, pass primary filters: 0, did not pass the filter by color: 0, added: 0, new vincodes: 0
03-02-2012 08:11:54 --- INFO: Toyota 4RUNNER Limited V6 - found: 8, pass primary filters: 0, did not pass the filter by color: 0, added: 0, new vincodes: 0
03-02-2012 08:11:54 --- INFO: finish: 03-02-2012 08:11:54
03-02-2012 08:11:54 --- INFO: elapsed time: ~112.86 sec., memory usage: ~2.27 Mb.
03-02-2012 08:40:01 --- INFO: start: 03-02-2012 08:40:01
03-02-2012 08:40:01 --- INFO: ----------Source_Gsmotors (cli)
03-02-2012 08:40:04 --- INFO: Lexus RX 300 - found: 84, pass primary filters: 0, did not pass the filter by color: 0, added: 0, new vincodes: 0
03-02-2012 08:40:14 --- INFO: Lexus RX 330 - found: 269, pass primary filters: 0, did not pass the filter by color: 0, added: 0, new vincodes: 0
03-02-2012 08:40:16 --- INFO: Lexus RX 400H - found: 48, pass primary filters: 0, did not pass the filter by color: 0, added: 0, new vincodes: 0
03-02-2012 08:40:21 --- INFO: Lexus GX 470 - found: 106, pass primary filters: 0, did not pass the filter by color: 0, added: 0, new vincodes: 0
03-02-2012 08:40:27 --- INFO: Lexus GX 470 - found: 182, pass primary filters: 0, did not pass the filter by color: 0, added: 0, new vincodes: 0
03-02-2012 08:40:30 --- INFO: Lexus LX 470 - found: 62, pass primary filters: 0, did not pass the filter by color: 0, added: 0, new vincodes: 0
03-02-2012 08:40:31 --- INFO: Lexus LX 470 - found: 11, pass primary filters: 0, did not pass the filter by color: 0, added: 0, new vincodes: 0
03-02-2012 08:40:32 --- INFO: Toyota Land Cruiser - found: 20, pass primary filters: 0, did not pass the filter by color: 0, added: 0, new vincodes: 0
03-02-2012 08:40:34 --- INFO: Honda CR-V - found: 66, pass primary filters: 0, did not pass the filter by color: 0, added: 0, new vincodes: 0
03-02-2012 08:40:42 --- INFO: Honda CR-V - found: 237, pass primary filters: 0, did not pass the filter by color: 0, added: 0, new vincodes: 0
03-02-2012 08:40:44 --- INFO: Mitsubishi Montero 4WD Limited - found: 59, pass primary filters: 0, did not pass the filter by color: 0, added: 0, new vincodes: 0
03-02-2012 08:40:49 --- INFO: Toyota 4RUNNER 4WD V6 - found: 172, pass primary filters: 0, did not pass the filter by color: 0, added: 0, new vincodes: 0
03-02-2012 08:40:51 --- INFO: Toyota RAV 4 - found: 71, pass primary filters: 0, did not pass the filter by color: 0, added: 0, new vincodes: 0
03-02-2012 08:40:57 --- INFO: Toyota Highlander 4WD - found: 184, pass primary filters: 0, did not pass the filter by color: 0, added: 0, new vincodes: 0
03-02-2012 08:41:02 --- INFO: Toyota Highlander - found: 127, pass primary filters: 0, did not pass the filter by color: 0, added: 0, new vincodes: 0
03-02-2012 08:41:07 --- INFO: Lexus RX 350 - found: 171, pass primary filters: 0, did not pass the filter by color: 0, added: 0, new vincodes: 0
03-02-2012 08:41:11 --- INFO: Toyota 4RUNNER Limited V6 - found: 172, pass primary filters: 0, did not pass the filter by color: 0, added: 0, new vincodes: 0
03-02-2012 08:41:11 --- INFO: finish: 03-02-2012 08:41:11
03-02-2012 08:41:11 --- INFO: elapsed time: ~70.8 sec., memory usage: ~1.87 Mb.
03-02-2012 09:00:01 --- INFO: start: 03-02-2012 09:00:01
03-02-2012 09:00:01 --- INFO: ----------Source_Adesa (cli)
03-02-2012 09:00:01 --- INFO: Authorized request
03-02-2012 09:00:15 --- INFO: Lexus RX 300 - found: 12, pass primary filters: 5, did not pass the filter by color: 5, added: 0, new vincodes: 1
03-02-2012 09:00:34 --- INFO: Lexus RX 330 - found: 17, pass primary filters: 9, did not pass the filter by color: 9, added: 0, new vincodes: 0
03-02-2012 09:00:34 --- INFO: Lexus RX 400H - found: 1, pass primary filters: 1, did not pass the filter by color: 1, added: 0, new vincodes: 0
03-02-2012 09:00:48 --- INFO: Lexus GX 470 - found: 6, pass primary filters: 4, did not pass the filter by color: 1, added: 3, new vincodes: 0
03-02-2012 09:00:56 --- INFO: Lexus GX 470 - found: 6, pass primary filters: 3, did not pass the filter by color: 3, added: 0, new vincodes: 0
03-02-2012 09:00:57 --- INFO: Lexus LX 470 - found: 0, pass primary filters: 0, did not pass the filter by color: 0, added: 0, new vincodes: 0
03-02-2012 09:00:57 --- INFO: Lexus LX 470 - found: 0, pass primary filters: 0, did not pass the filter by color: 0, added: 0, new vincodes: 0
03-02-2012 09:00:57 --- INFO: Toyota Land Cruiser - found: 0, pass primary filters: 0, did not pass the filter by color: 0, added: 0, new vincodes: 0
03-02-2012 09:00:57 --- INFO: Honda CR-V - found: 9, pass primary filters: 0, did not pass the filter by color: 0, added: 0, new vincodes: 0
03-02-2012 09:00:57 --- INFO: Honda CR-V - found: 1, pass primary filters: 0, did not pass the filter by color: 0, added: 0, new vincodes: 0
03-02-2012 09:01:04 --- INFO: Mitsubishi Montero 4WD Limited - found: 19, pass primary filters: 3, did not pass the filter by color: 3, added: 0, new vincodes: 0
03-02-2012 09:01:11 --- INFO: Toyota 4RUNNER 4WD V6 - found: 8, pass primary filters: 2, did not pass the filter by color: 2, added: 0, new vincodes: 0
03-02-2012 09:01:26 --- INFO: Toyota RAV 4 - found: 15, pass primary filters: 7, did not pass the filter by color: 7, added: 0, new vincodes: 0
03-02-2012 09:01:30 --- INFO: Toyota Highlander 4WD - found: 41, pass primary filters: 1, did not pass the filter by color: 1, added: 0, new vincodes: 0
03-02-2012 09:01:39 --- INFO: Toyota Highlander - found: 24, pass primary filters: 4, did not pass the filter by color: 4, added: 0, new vincodes: 0
03-02-2012 09:01:40 --- INFO: Lexus RX 350 - found: 3, pass primary filters: 0, did not pass the filter by color: 0, added: 0, new vincodes: 0
03-02-2012 09:01:40 --- INFO: Toyota 4RUNNER Limited V6 - found: 8, pass primary filters: 0, did not pass the filter by color: 0, added: 0, new vincodes: 0
03-02-2012 09:01:40 --- INFO: finish: 03-02-2012 09:01:40
03-02-2012 09:01:40 --- INFO: elapsed time: ~99.11 sec., memory usage: ~2.27 Mb.
03-02-2012 09:30:01 --- INFO: start: 03-02-2012 09:30:01
03-02-2012 09:30:01 --- INFO: ----------Source_Gsmotors (cli)
03-02-2012 09:30:05 --- INFO: Lexus RX 300 - found: 84, pass primary filters: 0, did not pass the filter by color: 0, added: 0, new vincodes: 0
03-02-2012 09:30:14 --- INFO: Lexus RX 330 - found: 269, pass primary filters: 0, did not pass the filter by color: 0, added: 0, new vincodes: 0
03-02-2012 09:30:16 --- INFO: Lexus RX 400H - found: 48, pass primary filters: 0, did not pass the filter by color: 0, added: 0, new vincodes: 0
03-02-2012 09:30:22 --- INFO: Lexus GX 470 - found: 106, pass primary filters: 0, did not pass the filter by color: 0, added: 0, new vincodes: 0
03-02-2012 09:30:30 --- INFO: Lexus GX 470 - found: 182, pass primary filters: 0, did not pass the filter by color: 0, added: 0, new vincodes: 0
03-02-2012 09:30:34 --- INFO: Lexus LX 470 - found: 62, pass primary filters: 0, did not pass the filter by color: 0, added: 0, new vincodes: 0
03-02-2012 09:30:35 --- INFO: Lexus LX 470 - found: 11, pass primary filters: 0, did not pass the filter by color: 0, added: 0, new vincodes: 0
03-02-2012 09:30:37 --- INFO: Toyota Land Cruiser - found: 20, pass primary filters: 0, did not pass the filter by color: 0, added: 0, new vincodes: 0
03-02-2012 09:30:40 --- INFO: Honda CR-V - found: 66, pass primary filters: 0, did not pass the filter by color: 0, added: 0, new vincodes: 0
03-02-2012 09:30:50 --- INFO: Honda CR-V - found: 237, pass primary filters: 0, did not pass the filter by color: 0, added: 0, new vincodes: 0
03-02-2012 09:30:52 --- INFO: Mitsubishi Montero 4WD Limited - found: 59, pass primary filters: 0, did not pass the filter by color: 0, added: 0, new vincodes: 0
03-02-2012 09:30:57 --- INFO: Toyota 4RUNNER 4WD V6 - found: 172, pass primary filters: 0, did not pass the filter by color: 0, added: 0, new vincodes: 0
03-02-2012 09:31:00 --- INFO: Toyota RAV 4 - found: 71, pass primary filters: 0, did not pass the filter by color: 0, added: 0, new vincodes: 0
03-02-2012 09:31:08 --- INFO: Toyota Highlander 4WD - found: 184, pass primary filters: 0, did not pass the filter by color: 0, added: 0, new vincodes: 0
03-02-2012 09:31:13 --- INFO: Toyota Highlander - found: 127, pass primary filters: 0, did not pass the filter by color: 0, added: 0, new vincodes: 0
03-02-2012 09:31:19 --- INFO: Lexus RX 350 - found: 171, pass primary filters: 0, did not pass the filter by color: 0, added: 0, new vincodes: 0
03-02-2012 09:31:26 --- INFO: Toyota 4RUNNER Limited V6 - found: 172, pass primary filters: 0, did not pass the filter by color: 0, added: 0, new vincodes: 0
03-02-2012 09:31:26 --- INFO: finish: 03-02-2012 09:31:26
03-02-2012 09:31:26 --- INFO: elapsed time: ~84.24 sec., memory usage: ~1.87 Mb.
03-02-2012 10:10:01 --- INFO: start: 03-02-2012 10:10:01
03-02-2012 10:10:01 --- INFO: ----------Source_Adesa (cli)
03-02-2012 10:10:03 --- INFO: Authorized request
03-02-2012 10:10:40 --- INFO: Lexus RX 300 - found: 13, pass primary filters: 7, did not pass the filter by color: 7, added: 0, new vincodes: 1
03-02-2012 10:10:59 --- INFO: Lexus RX 330 - found: 17, pass primary filters: 9, did not pass the filter by color: 9, added: 0, new vincodes: 0
03-02-2012 10:11:00 --- INFO: Lexus RX 400H - found: 1, pass primary filters: 1, did not pass the filter by color: 1, added: 0, new vincodes: 0
03-02-2012 10:11:10 --- INFO: Lexus GX 470 - found: 6, pass primary filters: 4, did not pass the filter by color: 1, added: 3, new vincodes: 0
03-02-2012 10:11:18 --- INFO: Lexus GX 470 - found: 6, pass primary filters: 3, did not pass the filter by color: 3, added: 0, new vincodes: 0
03-02-2012 10:11:19 --- INFO: Lexus LX 470 - found: 0, pass primary filters: 0, did not pass the filter by color: 0, added: 0, new vincodes: 0
03-02-2012 10:11:19 --- INFO: Lexus LX 470 - found: 0, pass primary filters: 0, did not pass the filter by color: 0, added: 0, new vincodes: 0
03-02-2012 10:11:19 --- INFO: Toyota Land Cruiser - found: 0, pass primary filters: 0, did not pass the filter by color: 0, added: 0, new vincodes: 0
03-02-2012 10:11:19 --- INFO: Honda CR-V - found: 9, pass primary filters: 0, did not pass the filter by color: 0, added: 0, new vincodes: 0
03-02-2012 10:11:20 --- INFO: Honda CR-V - found: 1, pass primary filters: 0, did not pass the filter by color: 0, added: 0, new vincodes: 0
03-02-2012 10:11:26 --- INFO: Mitsubishi Montero 4WD Limited - found: 19, pass primary filters: 3, did not pass the filter by color: 3, added: 0, new vincodes: 0
03-02-2012 10:11:33 --- INFO: Toyota 4RUNNER 4WD V6 - found: 8, pass primary filters: 2, did not pass the filter by color: 2, added: 0, new vincodes: 0
03-02-2012 10:11:47 --- INFO: Toyota RAV 4 - found: 16, pass primary filters: 7, did not pass the filter by color: 7, added: 0, new vincodes: 0
03-02-2012 10:11:51 --- INFO: Toyota Highlander 4WD - found: 42, pass primary filters: 1, did not pass the filter by color: 1, added: 0, new vincodes: 0
03-02-2012 10:12:02 --- INFO: Toyota Highlander - found: 24, pass primary filters: 4, did not pass the filter by color: 4, added: 0, new vincodes: 0
03-02-2012 10:12:03 --- INFO: Lexus RX 350 - found: 3, pass primary filters: 0, did not pass the filter by color: 0, added: 0, new vincodes: 0
03-02-2012 10:12:03 --- INFO: Toyota 4RUNNER Limited V6 - found: 8, pass primary filters: 0, did not pass the filter by color: 0, added: 0, new vincodes: 0
03-02-2012 10:12:03 --- INFO: finish: 03-02-2012 10:12:03
03-02-2012 10:12:03 --- INFO: elapsed time: ~122.32 sec., memory usage: ~2.29 Mb.
03-02-2012 10:40:01 --- INFO: start: 03-02-2012 10:40:01
03-02-2012 10:40:01 --- INFO: ----------Source_Gsmotors (cli)
03-02-2012 10:40:03 --- INFO: Lexus RX 300 - found: 0, pass primary filters: 0, did not pass the filter by color: 0, added: 0, new vincodes: 0
03-02-2012 10:40:05 --- INFO: Lexus RX 330 - found: 0, pass primary filters: 0, did not pass the filter by color: 0, added: 0, new vincodes: 0
03-02-2012 10:40:07 --- INFO: Lexus RX 400H - found: 0, pass primary filters: 0, did not pass the filter by color: 0, added: 0, new vincodes: 0
03-02-2012 10:40:08 --- INFO: Lexus GX 470 - found: 0, pass primary filters: 0, did not pass the filter by color: 0, added: 0, new vincodes: 0
03-02-2012 10:40:11 --- INFO: Lexus GX 470 - found: 0, pass primary filters: 0, did not pass the filter by color: 0, added: 0, new vincodes: 0
03-02-2012 10:40:13 --- INFO: Lexus LX 470 - found: 0, pass primary filters: 0, did not pass the filter by color: 0, added: 0, new vincodes: 0
03-02-2012 10:40:15 --- INFO: Lexus LX 470 - found: 0, pass primary filters: 0, did not pass the filter by color: 0, added: 0, new vincodes: 0
03-02-2012 10:40:17 --- INFO: Toyota Land Cruiser - found: 0, pass primary filters: 0, did not pass the filter by color: 0, added: 0, new vincodes: 0
03-02-2012 10:40:18 --- INFO: Honda CR-V - found: 0, pass primary filters: 0, did not pass the filter by color: 0, added: 0, new vincodes: 0
03-02-2012 10:40:20 --- INFO: Honda CR-V - found: 0, pass primary filters: 0, did not pass the filter by color: 0, added: 0, new vincodes: 0
03-02-2012 10:40:22 --- INFO: Mitsubishi Montero 4WD Limited - found: 0, pass primary filters: 0, did not pass the filter by color: 0, added: 0, new vincodes: 0
03-02-2012 10:40:23 --- INFO: Toyota 4RUNNER 4WD V6 - found: 0, pass primary filters: 0, did not pass the filter by color: 0, added: 0, new vincodes: 0
03-02-2012 10:40:26 --- INFO: Toyota RAV 4 - found: 0, pass primary filters: 0, did not pass the filter by color: 0, added: 0, new vincodes: 0
03-02-2012 10:40:27 --- INFO: Toyota Highlander 4WD - found: 0, pass primary filters: 0, did not pass the filter by color: 0, added: 0, new vincodes: 0
03-02-2012 10:40:29 --- INFO: Toyota Highlander - found: 0, pass primary filters: 0, did not pass the filter by color: 0, added: 0, new vincodes: 0
03-02-2012 10:40:30 --- INFO: Lexus RX 350 - found: 0, pass primary filters: 0, did not pass the filter by color: 0, added: 0, new vincodes: 0
03-02-2012 10:40:32 --- INFO: Toyota 4RUNNER Limited V6 - found: 0, pass primary filters: 0, did not pass the filter by color: 0, added: 0, new vincodes: 0
03-02-2012 10:40:32 --- INFO: finish: 03-02-2012 10:40:32
03-02-2012 10:40:32 --- INFO: elapsed time: ~30.93 sec., memory usage: ~1.67 Mb.
03-02-2012 11:20:01 --- INFO: start: 03-02-2012 11:20:01
03-02-2012 11:20:01 --- INFO: ----------Source_Adesa (cli)
03-02-2012 11:20:03 --- INFO: Authorized request
03-02-2012 11:20:22 --- INFO: Lexus RX 300 - found: 14, pass primary filters: 7, did not pass the filter by color: 7, added: 0, new vincodes: 0
03-02-2012 11:20:32 --- INFO: Lexus RX 330 - found: 17, pass primary filters: 9, did not pass the filter by color: 9, added: 0, new vincodes: 0
03-02-2012 11:20:32 --- INFO: Lexus RX 400H - found: 1, pass primary filters: 1, did not pass the filter by color: 1, added: 0, new vincodes: 0
03-02-2012 11:20:39 --- INFO: Lexus GX 470 - found: 6, pass primary filters: 4, did not pass the filter by color: 1, added: 3, new vincodes: 0
03-02-2012 11:21:04 --- INFO: Lexus GX 470 - found: 6, pass primary filters: 4, did not pass the filter by color: 4, added: 0, new vincodes: 1
03-02-2012 11:21:04 --- INFO: Lexus LX 470 - found: 0, pass primary filters: 0, did not pass the filter by color: 0, added: 0, new vincodes: 0
03-02-2012 11:21:04 --- INFO: Lexus LX 470 - found: 0, pass primary filters: 0, did not pass the filter by color: 0, added: 0, new vincodes: 0
03-02-2012 11:21:04 --- INFO: Toyota Land Cruiser - found: 0, pass primary filters: 0, did not pass the filter by color: 0, added: 0, new vincodes: 0
03-02-2012 11:21:05 --- INFO: Honda CR-V - found: 10, pass primary filters: 0, did not pass the filter by color: 0, added: 0, new vincodes: 0
03-02-2012 11:21:05 --- INFO: Honda CR-V - found: 1, pass primary filters: 0, did not pass the filter by color: 0, added: 0, new vincodes: 0
03-02-2012 11:21:18 --- INFO: Mitsubishi Montero 4WD Limited - found: 20, pass primary filters: 4, did not pass the filter by color: 4, added: 0, new vincodes: 0
03-02-2012 11:21:22 --- INFO: Toyota 4RUNNER 4WD V6 - found: 9, pass primary filters: 2, did not pass the filter by color: 2, added: 0, new vincodes: 0
03-02-2012 11:21:33 --- INFO: Toyota RAV 4 - found: 16, pass primary filters: 7, did not pass the filter by color: 7, added: 0, new vincodes: 0
03-02-2012 11:21:34 --- INFO: Toyota Highlander 4WD - found: 42, pass primary filters: 1, did not pass the filter by color: 1, added: 0, new vincodes: 0
03-02-2012 11:21:41 --- INFO: Toyota Highlander - found: 24, pass primary filters: 4, did not pass the filter by color: 4, added: 0, new vincodes: 0
03-02-2012 11:21:41 --- INFO: Lexus RX 350 - found: 3, pass primary filters: 0, did not pass the filter by color: 0, added: 0, new vincodes: 0
03-02-2012 11:21:42 --- INFO: Toyota 4RUNNER Limited V6 - found: 9, pass primary filters: 0, did not pass the filter by color: 0, added: 0, new vincodes: 0
03-02-2012 11:21:42 --- INFO: finish: 03-02-2012 11:21:42
03-02-2012 11:21:42 --- INFO: elapsed time: ~100.34 sec., memory usage: ~2.3 Mb.
03-02-2012 11:50:01 --- INFO: start: 03-02-2012 11:50:01
03-02-2012 11:50:01 --- INFO: ----------Source_Gsmotors (cli)
03-02-2012 11:50:03 --- INFO: Lexus RX 300 - found: 0, pass primary filters: 0, did not pass the filter by color: 0, added: 0, new vincodes: 0
03-02-2012 11:50:04 --- INFO: Lexus RX 330 - found: 0, pass primary filters: 0, did not pass the filter by color: 0, added: 0, new vincodes: 0
03-02-2012 11:50:06 --- INFO: Lexus RX 400H - found: 0, pass primary filters: 0, did not pass the filter by color: 0, added: 0, new vincodes: 0
03-02-2012 11:50:08 --- INFO: Lexus GX 470 - found: 0, pass primary filters: 0, did not pass the filter by color: 0, added: 0, new vincodes: 0
03-02-2012 11:50:10 --- INFO: Lexus GX 470 - found: 0, pass primary filters: 0, did not pass the filter by color: 0, added: 0, new vincodes: 0
03-02-2012 11:50:12 --- INFO: Lexus LX 470 - found: 0, pass primary filters: 0, did not pass the filter by color: 0, added: 0, new vincodes: 0
03-02-2012 11:50:14 --- INFO: Lexus LX 470 - found: 0, pass primary filters: 0, did not pass the filter by color: 0, added: 0, new vincodes: 0
03-02-2012 11:50:15 --- INFO: Toyota Land Cruiser - found: 0, pass primary filters: 0, did not pass the filter by color: 0, added: 0, new vincodes: 0
03-02-2012 11:50:17 --- INFO: Honda CR-V - found: 0, pass primary filters: 0, did not pass the filter by color: 0, added: 0, new vincodes: 0
03-02-2012 11:50:18 --- INFO: Honda CR-V - found: 0, pass primary filters: 0, did not pass the filter by color: 0, added: 0, new vincodes: 0
03-02-2012 11:50:20 --- INFO: Mitsubishi Montero 4WD Limited - found: 0, pass primary filters: 0, did not pass the filter by color: 0, added: 0, new vincodes: 0
03-02-2012 11:50:23 --- INFO: Toyota 4RUNNER 4WD V6 - found: 0, pass primary filters: 0, did not pass the filter by color: 0, added: 0, new vincodes: 0
03-02-2012 11:50:25 --- INFO: Toyota RAV 4 - found: 0, pass primary filters: 0, did not pass the filter by color: 0, added: 0, new vincodes: 0
03-02-2012 11:50:26 --- INFO: Toyota Highlander 4WD - found: 0, pass primary filters: 0, did not pass the filter by color: 0, added: 0, new vincodes: 0
03-02-2012 11:50:28 --- INFO: Toyota Highlander - found: 0, pass primary filters: 0, did not pass the filter by color: 0, added: 0, new vincodes: 0
03-02-2012 11:50:29 --- INFO: Lexus RX 350 - found: 0, pass primary filters: 0, did not pass the filter by color: 0, added: 0, new vincodes: 0
03-02-2012 11:50:31 --- INFO: Toyota 4RUNNER Limited V6 - found: 0, pass primary filters: 0, did not pass the filter by color: 0, added: 0, new vincodes: 0
03-02-2012 11:50:31 --- INFO: finish: 03-02-2012 11:50:31
03-02-2012 11:50:31 --- INFO: elapsed time: ~30.25 sec., memory usage: ~1.67 Mb.
03-02-2012 12:20:01 --- INFO: start: 03-02-2012 12:20:01
03-02-2012 12:20:01 --- INFO: ----------Source_Adesa (cli)
03-02-2012 12:20:01 --- INFO: Authorized request
03-02-2012 12:20:14 --- INFO: Lexus RX 300 - found: 14, pass primary filters: 7, did not pass the filter by color: 7, added: 0, new vincodes: 0
03-02-2012 12:20:17 --- INFO: Lexus RX 330 - found: 17, pass primary filters: 9, did not pass the filter by color: 9, added: 0, new vincodes: 0
03-02-2012 12:20:18 --- INFO: Lexus RX 400H - found: 1, pass primary filters: 1, did not pass the filter by color: 1, added: 0, new vincodes: 0
03-02-2012 12:20:18 --- INFO: Lexus GX 470 - found: 6, pass primary filters: 4, did not pass the filter by color: 1, added: 3, new vincodes: 0
03-02-2012 12:20:30 --- INFO: Lexus GX 470 - found: 6, pass primary filters: 4, did not pass the filter by color: 4, added: 0, new vincodes: 0
03-02-2012 12:20:30 --- INFO: Lexus LX 470 - found: 0, pass primary filters: 0, did not pass the filter by color: 0, added: 0, new vincodes: 0
03-02-2012 12:20:30 --- INFO: Lexus LX 470 - found: 0, pass primary filters: 0, did not pass the filter by color: 0, added: 0, new vincodes: 0
03-02-2012 12:20:30 --- INFO: Toyota Land Cruiser - found: 0, pass primary filters: 0, did not pass the filter by color: 0, added: 0, new vincodes: 0
03-02-2012 12:20:31 --- INFO: Honda CR-V - found: 10, pass primary filters: 0, did not pass the filter by color: 0, added: 0, new vincodes: 0
03-02-2012 12:20:31 --- INFO: Honda CR-V - found: 1, pass primary filters: 0, did not pass the filter by color: 0, added: 0, new vincodes: 0
03-02-2012 12:20:40 --- INFO: Mitsubishi Montero 4WD Limited - found: 20, pass primary filters: 4, did not pass the filter by color: 4, added: 0, new vincodes: 0
03-02-2012 12:20:40 --- INFO: Toyota 4RUNNER 4WD V6 - found: 9, pass primary filters: 2, did not pass the filter by color: 2, added: 0, new vincodes: 0
03-02-2012 12:20:49 --- INFO: Toyota RAV 4 - found: 16, pass primary filters: 7, did not pass the filter by color: 7, added: 0, new vincodes: 0
03-02-2012 12:20:50 --- INFO: Toyota Highlander 4WD - found: 43, pass primary filters: 1, did not pass the filter by color: 1, added: 0, new vincodes: 0
03-02-2012 12:20:56 --- INFO: Toyota Highlander - found: 24, pass primary filters: 4, did not pass the filter by color: 4, added: 0, new vincodes: 0
03-02-2012 12:20:56 --- INFO: Lexus RX 350 - found: 3, pass primary filters: 0, did not pass the filter by color: 0, added: 0, new vincodes: 0
03-02-2012 12:20:57 --- INFO: Toyota 4RUNNER Limited V6 - found: 9, pass primary filters: 0, did not pass the filter by color: 0, added: 0, new vincodes: 0
03-02-2012 12:20:57 --- INFO: finish: 03-02-2012 12:20:57
03-02-2012 12:20:57 --- INFO: elapsed time: ~55.83 sec., memory usage: ~2.28 Mb.
03-02-2012 12:50:01 --- INFO: start: 03-02-2012 12:50:01
03-02-2012 12:50:01 --- INFO: ----------Source_Gsmotors (cli)
03-02-2012 12:50:04 --- INFO: Lexus RX 300 - found: 0, pass primary filters: 0, did not pass the filter by color: 0, added: 0, new vincodes: 0
03-02-2012 12:50:05 --- INFO: Lexus RX 330 - found: 0, pass primary filters: 0, did not pass the filter by color: 0, added: 0, new vincodes: 0
03-02-2012 12:50:07 --- INFO: Lexus RX 400H - found: 0, pass primary filters: 0, did not pass the filter by color: 0, added: 0, new vincodes: 0
03-02-2012 12:50:09 --- INFO: Lexus GX 470 - found: 0, pass primary filters: 0, did not pass the filter by color: 0, added: 0, new vincodes: 0
03-02-2012 12:50:10 --- INFO: Lexus GX 470 - found: 0, pass primary filters: 0, did not pass the filter by color: 0, added: 0, new vincodes: 0
03-02-2012 12:50:12 --- INFO: Lexus LX 470 - found: 0, pass primary filters: 0, did not pass the filter by color: 0, added: 0, new vincodes: 0
03-02-2012 12:50:14 --- INFO: Lexus LX 470 - found: 0, pass primary filters: 0, did not pass the filter by color: 0, added: 0, new vincodes: 0
03-02-2012 12:50:16 --- INFO: Toyota Land Cruiser - found: 0, pass primary filters: 0, did not pass the filter by color: 0, added: 0, new vincodes: 0
03-02-2012 12:50:17 --- INFO: Honda CR-V - found: 0, pass primary filters: 0, did not pass the filter by color: 0, added: 0, new vincodes: 0
03-02-2012 12:50:19 --- INFO: Honda CR-V - found: 0, pass primary filters: 0, did not pass the filter by color: 0, added: 0, new vincodes: 0
03-02-2012 12:50:20 --- INFO: Mitsubishi Montero 4WD Limited - found: 0, pass primary filters: 0, did not pass the filter by color: 0, added: 0, new vincodes: 0
03-02-2012 12:50:22 --- INFO: Toyota 4RUNNER 4WD V6 - found: 0, pass primary filters: 0, did not pass the filter by color: 0, added: 0, new vincodes: 0
03-02-2012 12:50:24 --- INFO: Toyota RAV 4 - found: 0, pass primary filters: 0, did not pass the filter by color: 0, added: 0, new vincodes: 0
03-02-2012 12:50:25 --- INFO: Toyota Highlander 4WD - found: 0, pass primary filters: 0, did not pass the filter by color: 0, added: 0, new vincodes: 0
03-02-2012 12:50:27 --- INFO: Toyota Highlander - found: 0, pass primary filters: 0, did not pass the filter by color: 0, added: 0, new vincodes: 0
03-02-2012 12:50:28 --- INFO: Lexus RX 350 - found: 0, pass primary filters: 0, did not pass the filter by color: 0, added: 0, new vincodes: 0
03-02-2012 12:50:30 --- INFO: Toyota 4RUNNER Limited V6 - found: 0, pass primary filters: 0, did not pass the filter by color: 0, added: 0, new vincodes: 0
03-02-2012 12:50:30 --- INFO: finish: 03-02-2012 12:50:30
03-02-2012 12:50:30 --- INFO: elapsed time: ~28.4 sec., memory usage: ~1.67 Mb.
03-02-2012 15:10:01 --- INFO: start: 03-02-2012 15:10:01
03-02-2012 15:10:01 --- INFO: ----------Source_Adesa (cli)
03-02-2012 15:10:03 --- INFO: Authorized request
03-02-2012 15:10:35 --- INFO: Lexus RX 300 - found: 15, pass primary filters: 9, did not pass the filter by color: 9, added: 0, new vincodes: 1
03-02-2012 15:10:39 --- INFO: Lexus RX 330 - found: 17, pass primary filters: 9, did not pass the filter by color: 9, added: 0, new vincodes: 0
03-02-2012 15:10:39 --- INFO: Lexus RX 400H - found: 1, pass primary filters: 1, did not pass the filter by color: 1, added: 0, new vincodes: 0
03-02-2012 15:10:40 --- INFO: Lexus GX 470 - found: 6, pass primary filters: 4, did not pass the filter by color: 1, added: 3, new vincodes: 0
03-02-2012 15:10:47 --- INFO: Lexus GX 470 - found: 5, pass primary filters: 3, did not pass the filter by color: 3, added: 0, new vincodes: 0
03-02-2012 15:10:47 --- INFO: Lexus LX 470 - found: 0, pass primary filters: 0, did not pass the filter by color: 0, added: 0, new vincodes: 0
03-02-2012 15:10:47 --- INFO: Lexus LX 470 - found: 0, pass primary filters: 0, did not pass the filter by color: 0, added: 0, new vincodes: 0
03-02-2012 15:10:48 --- INFO: Toyota Land Cruiser - found: 0, pass primary filters: 0, did not pass the filter by color: 0, added: 0, new vincodes: 0
03-02-2012 15:11:04 --- INFO: Honda CR-V - found: 10, pass primary filters: 1, did not pass the filter by color: 0, added: 1, new vincodes: 1
03-02-2012 15:11:05 --- INFO: Honda CR-V - found: 1, pass primary filters: 0, did not pass the filter by color: 0, added: 0, new vincodes: 0
03-02-2012 15:11:14 --- INFO: Mitsubishi Montero 4WD Limited - found: 22, pass primary filters: 4, did not pass the filter by color: 4, added: 0, new vincodes: 0
03-02-2012 15:12:02 --- INFO: Toyota 4RUNNER 4WD V6 - found: 11, pass primary filters: 4, did not pass the filter by color: 3, added: 1, new vincodes: 1
03-02-2012 15:12:13 --- INFO: Toyota RAV 4 - found: 16, pass primary filters: 7, did not pass the filter by color: 7, added: 0, new vincodes: 0
03-02-2012 15:12:14 --- INFO: Toyota Highlander 4WD - found: 47, pass primary filters: 1, did not pass the filter by color: 1, added: 0, new vincodes: 0
03-02-2012 15:12:22 --- INFO: Toyota Highlander - found: 27, pass primary filters: 5, did not pass the filter by color: 5, added: 0, new vincodes: 1
03-02-2012 15:12:23 --- INFO: Lexus RX 350 - found: 3, pass primary filters: 0, did not pass the filter by color: 0, added: 0, new vincodes: 0
03-02-2012 15:12:23 --- INFO: Toyota 4RUNNER Limited V6 - found: 11, pass primary filters: 0, did not pass the filter by color: 0, added: 0, new vincodes: 0
03-02-2012 15:12:23 --- INFO: finish: 03-02-2012 15:12:23
03-02-2012 15:12:23 --- INFO: elapsed time: ~142.41 sec., memory usage: ~2.39 Mb.
03-02-2012 15:40:01 --- INFO: start: 03-02-2012 15:40:01
03-02-2012 15:40:01 --- INFO: ----------Source_Gsmotors (cli)
03-02-2012 15:40:03 --- INFO: Lexus RX 300 - found: 0, pass primary filters: 0, did not pass the filter by color: 0, added: 0, new vincodes: 0
03-02-2012 15:40:05 --- INFO: Lexus RX 330 - found: 0, pass primary filters: 0, did not pass the filter by color: 0, added: 0, new vincodes: 0
03-02-2012 15:40:07 --- INFO: Lexus RX 400H - found: 0, pass primary filters: 0, did not pass the filter by color: 0, added: 0, new vincodes: 0
03-02-2012 15:40:09 --- INFO: Lexus GX 470 - found: 0, pass primary filters: 0, did not pass the filter by color: 0, added: 0, new vincodes: 0
03-02-2012 15:40:11 --- INFO: Lexus GX 470 - found: 0, pass primary filters: 0, did not pass the filter by color: 0, added: 0, new vincodes: 0
03-02-2012 15:40:12 --- INFO: Lexus LX 470 - found: 0, pass primary filters: 0, did not pass the filter by color: 0, added: 0, new vincodes: 0
03-02-2012 15:40:14 --- INFO: Lexus LX 470 - found: 0, pass primary filters: 0, did not pass the filter by color: 0, added: 0, new vincodes: 0
03-02-2012 15:40:16 --- INFO: Toyota Land Cruiser - found: 0, pass primary filters: 0, did not pass the filter by color: 0, added: 0, new vincodes: 0
03-02-2012 15:40:17 --- INFO: Honda CR-V - found: 0, pass primary filters: 0, did not pass the filter by color: 0, added: 0, new vincodes: 0
03-02-2012 15:40:19 --- INFO: Honda CR-V - found: 0, pass primary filters: 0, did not pass the filter by color: 0, added: 0, new vincodes: 0
03-02-2012 15:40:21 --- INFO: Mitsubishi Montero 4WD Limited - found: 0, pass primary filters: 0, did not pass the filter by color: 0, added: 0, new vincodes: 0
03-02-2012 15:40:22 --- INFO: Toyota 4RUNNER 4WD V6 - found: 0, pass primary filters: 0, did not pass the filter by color: 0, added: 0, new vincodes: 0
03-02-2012 15:40:24 --- INFO: Toyota RAV 4 - found: 0, pass primary filters: 0, did not pass the filter by color: 0, added: 0, new vincodes: 0
03-02-2012 15:40:26 --- INFO: Toyota Highlander 4WD - found: 0, pass primary filters: 0, did not pass the filter by color: 0, added: 0, new vincodes: 0
03-02-2012 15:40:27 --- INFO: Toyota Highlander - found: 0, pass primary filters: 0, did not pass the filter by color: 0, added: 0, new vincodes: 0
03-02-2012 15:40:29 --- INFO: Lexus RX 350 - found: 0, pass primary filters: 0, did not pass the filter by color: 0, added: 0, new vincodes: 0
03-02-2012 15:40:31 --- INFO: Toyota 4RUNNER Limited V6 - found: 0, pass primary filters: 0, did not pass the filter by color: 0, added: 0, new vincodes: 0
03-02-2012 15:40:31 --- INFO: finish: 03-02-2012 15:40:31
03-02-2012 15:40:31 --- INFO: elapsed time: ~30.22 sec., memory usage: ~1.67 Mb.
03-02-2012 17:10:01 --- INFO: start: 03-02-2012 17:10:01
03-02-2012 17:10:01 --- INFO: ----------Source_Adesa (cli)
03-02-2012 17:10:03 --- INFO: Authorized request
03-02-2012 17:10:16 --- INFO: Lexus RX 300 - found: 16, pass primary filters: 9, did not pass the filter by color: 9, added: 0, new vincodes: 0
03-02-2012 17:10:20 --- INFO: Lexus RX 330 - found: 17, pass primary filters: 9, did not pass the filter by color: 9, added: 0, new vincodes: 0
03-02-2012 17:10:20 --- INFO: Lexus RX 400H - found: 0, pass primary filters: 0, did not pass the filter by color: 0, added: 0, new vincodes: 0
03-02-2012 17:10:21 --- INFO: Lexus GX 470 - found: 6, pass primary filters: 4, did not pass the filter by color: 1, added: 3, new vincodes: 0
03-02-2012 17:10:21 --- INFO: Lexus GX 470 - found: 5, pass primary filters: 3, did not pass the filter by color: 3, added: 0, new vincodes: 0
03-02-2012 17:10:22 --- INFO: Lexus LX 470 - found: 0, pass primary filters: 0, did not pass the filter by color: 0, added: 0, new vincodes: 0
03-02-2012 17:10:22 --- INFO: Lexus LX 470 - found: 0, pass primary filters: 0, did not pass the filter by color: 0, added: 0, new vincodes: 0
03-02-2012 17:10:22 --- INFO: Toyota Land Cruiser - found: 0, pass primary filters: 0, did not pass the filter by color: 0, added: 0, new vincodes: 0
03-02-2012 17:10:26 --- INFO: Honda CR-V - found: 11, pass primary filters: 1, did not pass the filter by color: 0, added: 1, new vincodes: 0
03-02-2012 17:10:26 --- INFO: Honda CR-V - found: 2, pass primary filters: 0, did not pass the filter by color: 0, added: 0, new vincodes: 0
03-02-2012 17:10:33 --- INFO: Mitsubishi Montero 4WD Limited - found: 23, pass primary filters: 4, did not pass the filter by color: 4, added: 0, new vincodes: 0
03-02-2012 17:11:40 --- INFO: Toyota 4RUNNER 4WD V6 - found: 13, pass primary filters: 6, did not pass the filter by color: 4, added: 2, new vincodes: 2
03-02-2012 17:11:48 --- INFO: Toyota RAV 4 - found: 17, pass primary filters: 8, did not pass the filter by color: 8, added: 0, new vincodes: 0
03-02-2012 17:11:50 --- INFO: Toyota Highlander 4WD - found: 47, pass primary filters: 1, did not pass the filter by color: 1, added: 0, new vincodes: 0
03-02-2012 17:11:57 --- INFO: Toyota Highlander - found: 27, pass primary filters: 5, did not pass the filter by color: 5, added: 0, new vincodes: 0
03-02-2012 17:11:57 --- INFO: Lexus RX 350 - found: 3, pass primary filters: 0, did not pass the filter by color: 0, added: 0, new vincodes: 0
03-02-2012 17:11:57 --- INFO: Toyota 4RUNNER Limited V6 - found: 13, pass primary filters: 0, did not pass the filter by color: 0, added: 0, new vincodes: 0
03-02-2012 17:11:57 --- INFO: finish: 03-02-2012 17:11:57
03-02-2012 17:11:57 --- INFO: elapsed time: ~116.2 sec., memory usage: ~2.35 Mb.
03-02-2012 17:40:01 --- INFO: start: 03-02-2012 17:40:01
03-02-2012 17:40:01 --- INFO: ----------Source_Gsmotors (cli)
03-02-2012 17:40:03 --- INFO: Lexus RX 300 - found: 0, pass primary filters: 0, did not pass the filter by color: 0, added: 0, new vincodes: 0
03-02-2012 17:40:06 --- INFO: Lexus RX 330 - found: 0, pass primary filters: 0, did not pass the filter by color: 0, added: 0, new vincodes: 0
03-02-2012 17:40:07 --- INFO: Lexus RX 400H - found: 0, pass primary filters: 0, did not pass the filter by color: 0, added: 0, new vincodes: 0
03-02-2012 17:40:09 --- INFO: Lexus GX 470 - found: 0, pass primary filters: 0, did not pass the filter by color: 0, added: 0, new vincodes: 0
03-02-2012 17:40:10 --- INFO: Lexus GX 470 - found: 0, pass primary filters: 0, did not pass the filter by color: 0, added: 0, new vincodes: 0
03-02-2012 17:40:12 --- INFO: Lexus LX 470 - found: 0, pass primary filters: 0, did not pass the filter by color: 0, added: 0, new vincodes: 0
03-02-2012 17:40:14 --- INFO: Lexus LX 470 - found: 0, pass primary filters: 0, did not pass the filter by color: 0, added: 0, new vincodes: 0
03-02-2012 17:40:16 --- INFO: Toyota Land Cruiser - found: 0, pass primary filters: 0, did not pass the filter by color: 0, added: 0, new vincodes: 0
03-02-2012 17:40:17 --- INFO: Honda CR-V - found: 0, pass primary filters: 0, did not pass the filter by color: 0, added: 0, new vincodes: 0
03-02-2012 17:40:19 --- INFO: Honda CR-V - found: 0, pass primary filters: 0, did not pass the filter by color: 0, added: 0, new vincodes: 0
03-02-2012 17:40:21 --- INFO: Mitsubishi Montero 4WD Limited - found: 0, pass primary filters: 0, did not pass the filter by color: 0, added: 0, new vincodes: 0
03-02-2012 17:40:23 --- INFO: Toyota 4RUNNER 4WD V6 - found: 0, pass primary filters: 0, did not pass the filter by color: 0, added: 0, new vincodes: 0
03-02-2012 17:40:25 --- INFO: Toyota RAV 4 - found: 0, pass primary filters: 0, did not pass the filter by color: 0, added: 0, new vincodes: 0
03-02-2012 17:40:27 --- INFO: Toyota Highlander 4WD - found: 0, pass primary filters: 0, did not pass the filter by color: 0, added: 0, new vincodes: 0
03-02-2012 17:40:28 --- INFO: Toyota Highlander - found: 0, pass primary filters: 0, did not pass the filter by color: 0, added: 0, new vincodes: 0
03-02-2012 17:40:30 --- INFO: Lexus RX 350 - found: 0, pass primary filters: 0, did not pass the filter by color: 0, added: 0, new vincodes: 0
03-02-2012 17:40:31 --- INFO: Toyota 4RUNNER Limited V6 - found: 0, pass primary filters: 0, did not pass the filter by color: 0, added: 0, new vincodes: 0
03-02-2012 17:40:31 --- INFO: finish: 03-02-2012 17:40:31
03-02-2012 17:40:31 --- INFO: elapsed time: ~30.4 sec., memory usage: ~1.67 Mb.