
04-09-2012 06:10:01 --- INFO: start: 04-09-2012 06:10:01
04-09-2012 06:10:01 --- INFO: ----------Source_Adesa (cli)
04-09-2012 06:10:02 --- INFO: Authorized request
04-09-2012 06:10:20 --- INFO: Lexus RX 330 - found: 20, pass primary filters: 10, did not pass the filter by colors: 3, did not pass the filter by options: 4, added: 3, new vincodes: 0
04-09-2012 06:10:25 --- INFO: Lexus RX 400H - found: 2, pass primary filters: 2, did not pass the filter by colors: 1, did not pass the filter by options: 0, added: 1, new vincodes: 0
04-09-2012 06:10:42 --- INFO: Lexus GX 470 - found: 10, pass primary filters: 9, did not pass the filter by colors: 6, did not pass the filter by options: 0, added: 3, new vincodes: 0
04-09-2012 06:10:53 --- INFO: Lexus GX 470 - found: 7, pass primary filters: 5, did not pass the filter by colors: 4, did not pass the filter by options: 0, added: 1, new vincodes: 0
04-09-2012 06:10:56 --- INFO: Lexus LX 470 - found: 3, pass primary filters: 2, did not pass the filter by colors: 1, did not pass the filter by options: , added: 1, new vincodes: 0
04-09-2012 06:10:57 --- INFO: Lexus LX 470 - found: 0, pass primary filters: 0, did not pass the filter by colors: 0, did not pass the filter by options: 0, added: 0, new vincodes: 0
04-09-2012 06:10:57 --- INFO: Toyota Land Cruiser - found: 0, pass primary filters: 0, did not pass the filter by colors: 0, did not pass the filter by options: 0, added: 0, new vincodes: 0
04-09-2012 06:11:01 --- INFO: Honda CR-V - found: 11, pass primary filters: 1, did not pass the filter by colors: 0, did not pass the filter by options: 0, added: 1, new vincodes: 0
04-09-2012 06:11:09 --- INFO: Toyota 4RUNNER 4WD V6 - found: 21, pass primary filters: 4, did not pass the filter by colors: 3, did not pass the filter by options: , added: 1, new vincodes: 0
04-09-2012 06:11:09 --- INFO: Toyota Highlander 4WD - found: 16, pass primary filters: 0, did not pass the filter by colors: 0, did not pass the filter by options: 0, added: 0, new vincodes: 0
04-09-2012 06:11:09 --- INFO: Toyota Highlander - found: 3, pass primary filters: 0, did not pass the filter by colors: 0, did not pass the filter by options: 0, added: 0, new vincodes: 0
04-09-2012 06:11:10 --- INFO: Lexus RX 350 - found: 3, pass primary filters: 1, did not pass the filter by colors: 1, did not pass the filter by options: 0, added: 0, new vincodes: 0
04-09-2012 06:11:11 --- INFO: Toyota 4RUNNER Limited V6 - found: 33, pass primary filters: 2, did not pass the filter by colors: 1, did not pass the filter by options: , added: 1, new vincodes: 0
04-09-2012 06:11:11 --- INFO: finish: 04-09-2012 06:11:11
04-09-2012 06:11:11 --- INFO: elapsed time: ~69.88 sec., memory usage: ~2.42 Mb.
04-09-2012 06:40:01 --- INFO: start: 04-09-2012 06:40:01
04-09-2012 06:40:01 --- INFO: ----------Source_Megaavto (cli)
04-09-2012 06:44:47 --- INFO: Lexus GX 470 - found: 91, pass primary filters: 58, did not pass the filter by colors: 18, did not pass the filter by options: 18, added: 22, new vincodes: 2
04-09-2012 06:44:47 --- INFO: finish: 04-09-2012 06:44:47
04-09-2012 06:44:47 --- INFO: elapsed time: ~286.64 sec., memory usage: ~2.51 Mb.
04-09-2012 08:10:01 --- INFO: start: 04-09-2012 08:10:01
04-09-2012 08:10:01 --- INFO: ----------Source_Adesa (cli)
04-09-2012 08:10:02 --- INFO: Authorized request
04-09-2012 08:11:04 --- INFO: Lexus RX 330 - found: 20, pass primary filters: 10, did not pass the filter by colors: 3, did not pass the filter by options: 4, added: 3, new vincodes: 0
04-09-2012 08:11:09 --- INFO: Lexus RX 400H - found: 2, pass primary filters: 2, did not pass the filter by colors: 1, did not pass the filter by options: 0, added: 1, new vincodes: 0
04-09-2012 08:11:29 --- INFO: Lexus GX 470 - found: 12, pass primary filters: 9, did not pass the filter by colors: 6, did not pass the filter by options: 0, added: 3, new vincodes: 0
04-09-2012 08:11:40 --- INFO: Lexus GX 470 - found: 7, pass primary filters: 5, did not pass the filter by colors: 4, did not pass the filter by options: 0, added: 1, new vincodes: 0
04-09-2012 08:11:42 --- INFO: Lexus LX 470 - found: 3, pass primary filters: 2, did not pass the filter by colors: 1, did not pass the filter by options: , added: 1, new vincodes: 0
04-09-2012 08:11:43 --- INFO: Lexus LX 470 - found: 0, pass primary filters: 0, did not pass the filter by colors: 0, did not pass the filter by options: 0, added: 0, new vincodes: 0
04-09-2012 08:11:43 --- INFO: Toyota Land Cruiser - found: 0, pass primary filters: 0, did not pass the filter by colors: 0, did not pass the filter by options: 0, added: 0, new vincodes: 0
04-09-2012 08:11:46 --- INFO: Honda CR-V - found: 11, pass primary filters: 1, did not pass the filter by colors: 0, did not pass the filter by options: 0, added: 1, new vincodes: 0
04-09-2012 08:11:54 --- INFO: Toyota 4RUNNER 4WD V6 - found: 22, pass primary filters: 4, did not pass the filter by colors: 3, did not pass the filter by options: , added: 1, new vincodes: 0
04-09-2012 08:11:54 --- INFO: Toyota Highlander 4WD - found: 17, pass primary filters: 0, did not pass the filter by colors: 0, did not pass the filter by options: 0, added: 0, new vincodes: 0
04-09-2012 08:11:55 --- INFO: Toyota Highlander - found: 3, pass primary filters: 0, did not pass the filter by colors: 0, did not pass the filter by options: 0, added: 0, new vincodes: 0
04-09-2012 08:11:55 --- INFO: Lexus RX 350 - found: 5, pass primary filters: 1, did not pass the filter by colors: 1, did not pass the filter by options: 0, added: 0, new vincodes: 0
04-09-2012 08:11:56 --- INFO: Toyota 4RUNNER Limited V6 - found: 35, pass primary filters: 2, did not pass the filter by colors: 1, did not pass the filter by options: , added: 1, new vincodes: 0
04-09-2012 08:11:56 --- INFO: finish: 04-09-2012 08:11:56
04-09-2012 08:11:56 --- INFO: elapsed time: ~115.55 sec., memory usage: ~2.42 Mb.
04-09-2012 08:40:01 --- INFO: start: 04-09-2012 08:40:01
04-09-2012 08:40:01 --- INFO: ----------Source_Megaavto (cli)
04-09-2012 08:41:40 --- INFO: Lexus GX 470 - found: 91, pass primary filters: 58, did not pass the filter by colors: 17, did not pass the filter by options: 18, added: 23, new vincodes: 0
04-09-2012 08:41:40 --- INFO: finish: 04-09-2012 08:41:40
04-09-2012 08:41:40 --- INFO: elapsed time: ~99.06 sec., memory usage: ~2.46 Mb.
04-09-2012 09:10:01 --- INFO: start: 04-09-2012 09:10:01
04-09-2012 09:10:01 --- INFO: ----------Source_Adesa (cli)
04-09-2012 09:10:02 --- INFO: Authorized request
04-09-2012 09:11:05 --- INFO: Lexus RX 330 - found: 22, pass primary filters: 11, did not pass the filter by colors: 3, did not pass the filter by options: 5, added: 3, new vincodes: 1
04-09-2012 09:11:09 --- INFO: Lexus RX 400H - found: 2, pass primary filters: 2, did not pass the filter by colors: 1, did not pass the filter by options: 0, added: 1, new vincodes: 0
04-09-2012 09:11:27 --- INFO: Lexus GX 470 - found: 13, pass primary filters: 10, did not pass the filter by colors: 6, did not pass the filter by options: 0, added: 4, new vincodes: 1
04-09-2012 09:11:37 --- INFO: Lexus GX 470 - found: 6, pass primary filters: 5, did not pass the filter by colors: 4, did not pass the filter by options: 0, added: 1, new vincodes: 0
04-09-2012 09:11:39 --- INFO: Lexus LX 470 - found: 3, pass primary filters: 2, did not pass the filter by colors: 2, did not pass the filter by options: , added: 0, new vincodes: 0
04-09-2012 09:11:40 --- INFO: Lexus LX 470 - found: 0, pass primary filters: 0, did not pass the filter by colors: 0, did not pass the filter by options: 0, added: 0, new vincodes: 0
04-09-2012 09:11:40 --- INFO: Toyota Land Cruiser - found: 0, pass primary filters: 0, did not pass the filter by colors: 0, did not pass the filter by options: 0, added: 0, new vincodes: 0
04-09-2012 09:11:43 --- INFO: Honda CR-V - found: 11, pass primary filters: 1, did not pass the filter by colors: 0, did not pass the filter by options: 0, added: 1, new vincodes: 0
04-09-2012 09:11:52 --- INFO: Toyota 4RUNNER 4WD V6 - found: 22, pass primary filters: 4, did not pass the filter by colors: 3, did not pass the filter by options: , added: 1, new vincodes: 0
04-09-2012 09:11:53 --- INFO: Toyota Highlander 4WD - found: 19, pass primary filters: 0, did not pass the filter by colors: 0, did not pass the filter by options: 0, added: 0, new vincodes: 0
04-09-2012 09:11:53 --- INFO: Toyota Highlander - found: 3, pass primary filters: 0, did not pass the filter by colors: 0, did not pass the filter by options: 0, added: 0, new vincodes: 0
04-09-2012 09:12:03 --- INFO: Lexus RX 350 - found: 6, pass primary filters: 2, did not pass the filter by colors: 2, did not pass the filter by options: 0, added: 0, new vincodes: 1
04-09-2012 09:12:05 --- INFO: Toyota 4RUNNER Limited V6 - found: 35, pass primary filters: 2, did not pass the filter by colors: 1, did not pass the filter by options: , added: 1, new vincodes: 0
04-09-2012 09:12:05 --- INFO: finish: 04-09-2012 09:12:05
04-09-2012 09:12:05 --- INFO: elapsed time: ~123.58 sec., memory usage: ~2.49 Mb.
04-09-2012 09:40:01 --- INFO: start: 04-09-2012 09:40:01
04-09-2012 09:40:01 --- INFO: ----------Source_Megaavto (cli)
04-09-2012 09:41:23 --- INFO: Lexus GX 470 - found: 91, pass primary filters: 58, did not pass the filter by colors: 18, did not pass the filter by options: 18, added: 22, new vincodes: 0
04-09-2012 09:41:23 --- INFO: finish: 04-09-2012 09:41:23
04-09-2012 09:41:23 --- INFO: elapsed time: ~82.06 sec., memory usage: ~2.46 Mb.
04-09-2012 10:00:01 --- INFO: start: 04-09-2012 10:00:01
04-09-2012 10:00:01 --- INFO: ----------Source_Adesa (cli)
04-09-2012 10:00:01 --- INFO: Authorized request
04-09-2012 10:00:19 --- INFO: Lexus RX 330 - found: 22, pass primary filters: 11, did not pass the filter by colors: 3, did not pass the filter by options: 5, added: 3, new vincodes: 0
04-09-2012 10:00:24 --- INFO: Lexus RX 400H - found: 2, pass primary filters: 2, did not pass the filter by colors: 1, did not pass the filter by options: 0, added: 1, new vincodes: 0
04-09-2012 10:00:42 --- INFO: Lexus GX 470 - found: 13, pass primary filters: 10, did not pass the filter by colors: 6, did not pass the filter by options: 0, added: 4, new vincodes: 0
04-09-2012 10:00:54 --- INFO: Lexus GX 470 - found: 6, pass primary filters: 5, did not pass the filter by colors: 4, did not pass the filter by options: 0, added: 1, new vincodes: 0
04-09-2012 10:00:58 --- INFO: Lexus LX 470 - found: 3, pass primary filters: 2, did not pass the filter by colors: 1, did not pass the filter by options: , added: 1, new vincodes: 0
04-09-2012 10:00:58 --- INFO: Lexus LX 470 - found: 0, pass primary filters: 0, did not pass the filter by colors: 0, did not pass the filter by options: 0, added: 0, new vincodes: 0
04-09-2012 10:00:58 --- INFO: Toyota Land Cruiser - found: 0, pass primary filters: 0, did not pass the filter by colors: 0, did not pass the filter by options: 0, added: 0, new vincodes: 0
04-09-2012 10:01:03 --- INFO: Honda CR-V - found: 11, pass primary filters: 1, did not pass the filter by colors: 0, did not pass the filter by options: 0, added: 1, new vincodes: 0
04-09-2012 10:01:13 --- INFO: Toyota 4RUNNER 4WD V6 - found: 22, pass primary filters: 4, did not pass the filter by colors: 3, did not pass the filter by options: , added: 1, new vincodes: 0
04-09-2012 10:01:14 --- INFO: Toyota Highlander 4WD - found: 21, pass primary filters: 0, did not pass the filter by colors: 0, did not pass the filter by options: 0, added: 0, new vincodes: 0
04-09-2012 10:01:14 --- INFO: Toyota Highlander - found: 3, pass primary filters: 0, did not pass the filter by colors: 0, did not pass the filter by options: 0, added: 0, new vincodes: 0
04-09-2012 10:01:15 --- INFO: Lexus RX 350 - found: 6, pass primary filters: 2, did not pass the filter by colors: 2, did not pass the filter by options: 0, added: 0, new vincodes: 0
04-09-2012 10:01:17 --- INFO: Toyota 4RUNNER Limited V6 - found: 36, pass primary filters: 2, did not pass the filter by colors: 1, did not pass the filter by options: , added: 1, new vincodes: 0
04-09-2012 10:01:17 --- INFO: finish: 04-09-2012 10:01:17
04-09-2012 10:01:17 --- INFO: elapsed time: ~76.1 sec., memory usage: ~2.45 Mb.
04-09-2012 10:30:01 --- INFO: start: 04-09-2012 10:30:01
04-09-2012 10:30:01 --- INFO: ----------Source_Megaavto (cli)
04-09-2012 10:31:24 --- INFO: Lexus GX 470 - found: 91, pass primary filters: 58, did not pass the filter by colors: 17, did not pass the filter by options: 18, added: 23, new vincodes: 0
04-09-2012 10:31:24 --- INFO: finish: 04-09-2012 10:31:24
04-09-2012 10:31:24 --- INFO: elapsed time: ~82.59 sec., memory usage: ~2.46 Mb.
04-09-2012 11:10:01 --- INFO: start: 04-09-2012 11:10:01
04-09-2012 11:10:01 --- INFO: ----------Source_Adesa (cli)
04-09-2012 11:10:02 --- INFO: Authorized request
04-09-2012 11:10:25 --- INFO: Lexus RX 330 - found: 23, pass primary filters: 12, did not pass the filter by colors: 4, did not pass the filter by options: 5, added: 3, new vincodes: 1
04-09-2012 11:10:30 --- INFO: Lexus RX 400H - found: 2, pass primary filters: 2, did not pass the filter by colors: 1, did not pass the filter by options: 0, added: 1, new vincodes: 0
04-09-2012 11:10:49 --- INFO: Lexus GX 470 - found: 13, pass primary filters: 10, did not pass the filter by colors: 6, did not pass the filter by options: 0, added: 4, new vincodes: 0
04-09-2012 11:11:02 --- INFO: Lexus GX 470 - found: 7, pass primary filters: 6, did not pass the filter by colors: 5, did not pass the filter by options: 0, added: 1, new vincodes: 0
04-09-2012 11:11:05 --- INFO: Lexus LX 470 - found: 3, pass primary filters: 2, did not pass the filter by colors: 1, did not pass the filter by options: , added: 1, new vincodes: 0
04-09-2012 11:11:05 --- INFO: Lexus LX 470 - found: 0, pass primary filters: 0, did not pass the filter by colors: 0, did not pass the filter by options: 0, added: 0, new vincodes: 0
04-09-2012 11:11:05 --- INFO: Toyota Land Cruiser - found: 0, pass primary filters: 0, did not pass the filter by colors: 0, did not pass the filter by options: 0, added: 0, new vincodes: 0
04-09-2012 11:11:09 --- INFO: Honda CR-V - found: 12, pass primary filters: 1, did not pass the filter by colors: 0, did not pass the filter by options: 0, added: 1, new vincodes: 0
04-09-2012 11:11:17 --- INFO: Toyota 4RUNNER 4WD V6 - found: 24, pass primary filters: 5, did not pass the filter by colors: 4, did not pass the filter by options: , added: 1, new vincodes: 0
04-09-2012 11:11:18 --- INFO: Toyota Highlander 4WD - found: 22, pass primary filters: 0, did not pass the filter by colors: 0, did not pass the filter by options: 0, added: 0, new vincodes: 0
04-09-2012 11:11:18 --- INFO: Toyota Highlander - found: 3, pass primary filters: 0, did not pass the filter by colors: 0, did not pass the filter by options: 0, added: 0, new vincodes: 0
04-09-2012 11:11:19 --- INFO: Lexus RX 350 - found: 6, pass primary filters: 2, did not pass the filter by colors: 2, did not pass the filter by options: 0, added: 0, new vincodes: 0
04-09-2012 11:11:20 --- INFO: Toyota 4RUNNER Limited V6 - found: 38, pass primary filters: 2, did not pass the filter by colors: 1, did not pass the filter by options: , added: 1, new vincodes: 0
04-09-2012 11:11:20 --- INFO: finish: 04-09-2012 11:11:20
04-09-2012 11:11:20 --- INFO: elapsed time: ~79.84 sec., memory usage: ~2.5 Mb.
04-09-2012 11:40:02 --- INFO: start: 04-09-2012 11:40:02
04-09-2012 11:40:02 --- INFO: ----------Source_Megaavto (cli)
04-09-2012 11:41:30 --- INFO: Lexus GX 470 - found: 91, pass primary filters: 58, did not pass the filter by colors: 17, did not pass the filter by options: 18, added: 23, new vincodes: 0
04-09-2012 11:41:30 --- INFO: finish: 04-09-2012 11:41:30
04-09-2012 11:41:30 --- INFO: elapsed time: ~88.34 sec., memory usage: ~2.46 Mb.
04-09-2012 12:20:01 --- INFO: start: 04-09-2012 12:20:01
04-09-2012 12:20:01 --- INFO: ----------Source_Adesa (cli)
04-09-2012 12:20:02 --- INFO: Authorized request
04-09-2012 12:20:27 --- INFO: Lexus RX 330 - found: 24, pass primary filters: 13, did not pass the filter by colors: 4, did not pass the filter by options: 6, added: 3, new vincodes: 0
04-09-2012 12:20:32 --- INFO: Lexus RX 400H - found: 2, pass primary filters: 2, did not pass the filter by colors: 1, did not pass the filter by options: 0, added: 1, new vincodes: 0
04-09-2012 12:20:49 --- INFO: Lexus GX 470 - found: 13, pass primary filters: 10, did not pass the filter by colors: 6, did not pass the filter by options: 0, added: 4, new vincodes: 0
04-09-2012 12:21:01 --- INFO: Lexus GX 470 - found: 7, pass primary filters: 6, did not pass the filter by colors: 5, did not pass the filter by options: 0, added: 1, new vincodes: 0
04-09-2012 12:21:04 --- INFO: Lexus LX 470 - found: 3, pass primary filters: 2, did not pass the filter by colors: 1, did not pass the filter by options: , added: 1, new vincodes: 0
04-09-2012 12:21:04 --- INFO: Lexus LX 470 - found: 0, pass primary filters: 0, did not pass the filter by colors: 0, did not pass the filter by options: 0, added: 0, new vincodes: 0
04-09-2012 12:21:05 --- INFO: Toyota Land Cruiser - found: 0, pass primary filters: 0, did not pass the filter by colors: 0, did not pass the filter by options: 0, added: 0, new vincodes: 0
04-09-2012 12:21:05 --- INFO: Honda CR-V - found: 12, pass primary filters: 1, did not pass the filter by colors: 0, did not pass the filter by options: 0, added: 1, new vincodes: 0
04-09-2012 12:21:19 --- INFO: Toyota 4RUNNER 4WD V6 - found: 25, pass primary filters: 7, did not pass the filter by colors: 5, did not pass the filter by options: , added: 2, new vincodes: 0
04-09-2012 12:21:20 --- INFO: Toyota Highlander 4WD - found: 25, pass primary filters: 0, did not pass the filter by colors: 0, did not pass the filter by options: 0, added: 0, new vincodes: 0
04-09-2012 12:21:20 --- INFO: Toyota Highlander - found: 3, pass primary filters: 0, did not pass the filter by colors: 0, did not pass the filter by options: 0, added: 0, new vincodes: 0
04-09-2012 12:21:21 --- INFO: Lexus RX 350 - found: 6, pass primary filters: 2, did not pass the filter by colors: 2, did not pass the filter by options: 0, added: 0, new vincodes: 0
04-09-2012 12:21:23 --- INFO: Toyota 4RUNNER Limited V6 - found: 40, pass primary filters: 2, did not pass the filter by colors: 1, did not pass the filter by options: , added: 1, new vincodes: 0
04-09-2012 12:21:23 --- INFO: finish: 04-09-2012 12:21:23
04-09-2012 12:21:23 --- INFO: elapsed time: ~82.03 sec., memory usage: ~2.5 Mb.
04-09-2012 12:50:01 --- INFO: start: 04-09-2012 12:50:01
04-09-2012 12:50:01 --- INFO: ----------Source_Megaavto (cli)
04-09-2012 12:55:55 --- INFO: Lexus GX 470 - found: 119, pass primary filters: 77, did not pass the filter by colors: 21, did not pass the filter by options: 23, added: 33, new vincodes: 2
04-09-2012 12:55:55 --- INFO: finish: 04-09-2012 12:55:55
04-09-2012 12:55:55 --- INFO: elapsed time: ~353.97 sec., memory usage: ~2.71 Mb.
04-09-2012 13:20:02 --- INFO: start: 04-09-2012 13:20:02
04-09-2012 13:20:02 --- INFO: ----------Source_Adesa (cli)
04-09-2012 13:20:03 --- INFO: Authorized request
04-09-2012 13:20:27 --- INFO: Lexus RX 330 - found: 24, pass primary filters: 13, did not pass the filter by colors: 4, did not pass the filter by options: 6, added: 3, new vincodes: 0
04-09-2012 13:20:31 --- INFO: Lexus RX 400H - found: 2, pass primary filters: 2, did not pass the filter by colors: 1, did not pass the filter by options: 0, added: 1, new vincodes: 0
04-09-2012 13:20:52 --- INFO: Lexus GX 470 - found: 14, pass primary filters: 11, did not pass the filter by colors: 7, did not pass the filter by options: 0, added: 4, new vincodes: 0
04-09-2012 13:21:00 --- INFO: Lexus GX 470 - found: 8, pass primary filters: 7, did not pass the filter by colors: 5, did not pass the filter by options: 0, added: 2, new vincodes: 0
04-09-2012 13:21:02 --- INFO: Lexus LX 470 - found: 3, pass primary filters: 2, did not pass the filter by colors: 1, did not pass the filter by options: , added: 1, new vincodes: 0
04-09-2012 13:21:03 --- INFO: Lexus LX 470 - found: 0, pass primary filters: 0, did not pass the filter by colors: 0, did not pass the filter by options: 0, added: 0, new vincodes: 0
04-09-2012 13:21:03 --- INFO: Toyota Land Cruiser - found: 0, pass primary filters: 0, did not pass the filter by colors: 0, did not pass the filter by options: 0, added: 0, new vincodes: 0
04-09-2012 13:21:04 --- INFO: Honda CR-V - found: 12, pass primary filters: 1, did not pass the filter by colors: 0, did not pass the filter by options: 0, added: 1, new vincodes: 0
04-09-2012 13:21:14 --- INFO: Toyota 4RUNNER 4WD V6 - found: 25, pass primary filters: 7, did not pass the filter by colors: 5, did not pass the filter by options: , added: 2, new vincodes: 0
04-09-2012 13:21:15 --- INFO: Toyota Highlander 4WD - found: 25, pass primary filters: 0, did not pass the filter by colors: 0, did not pass the filter by options: 0, added: 0, new vincodes: 0
04-09-2012 13:21:15 --- INFO: Toyota Highlander - found: 3, pass primary filters: 0, did not pass the filter by colors: 0, did not pass the filter by options: 0, added: 0, new vincodes: 0
04-09-2012 13:21:16 --- INFO: Lexus RX 350 - found: 6, pass primary filters: 2, did not pass the filter by colors: 2, did not pass the filter by options: 0, added: 0, new vincodes: 0
04-09-2012 13:21:18 --- INFO: Toyota 4RUNNER Limited V6 - found: 41, pass primary filters: 2, did not pass the filter by colors: 1, did not pass the filter by options: , added: 1, new vincodes: 0
04-09-2012 13:21:18 --- INFO: finish: 04-09-2012 13:21:18
04-09-2012 13:21:18 --- INFO: elapsed time: ~76.57 sec., memory usage: ~2.54 Mb.
04-09-2012 13:50:01 --- INFO: start: 04-09-2012 13:50:01
04-09-2012 13:50:01 --- INFO: ----------Source_Megaavto (cli)
04-09-2012 13:51:52 --- INFO: Lexus GX 470 - found: 119, pass primary filters: 77, did not pass the filter by colors: 21, did not pass the filter by options: 23, added: 33, new vincodes: 0
04-09-2012 13:51:52 --- INFO: finish: 04-09-2012 13:51:52
04-09-2012 13:51:52 --- INFO: elapsed time: ~111.16 sec., memory usage: ~2.66 Mb.
04-09-2012 16:10:01 --- INFO: start: 04-09-2012 16:10:01
04-09-2012 16:10:02 --- INFO: ----------Source_Adesa (cli)
04-09-2012 16:10:03 --- INFO: Authorized request
04-09-2012 16:10:27 --- INFO: Lexus RX 330 - found: 33, pass primary filters: 15, did not pass the filter by colors: 4, did not pass the filter by options: 8, added: 3, new vincodes: 0
04-09-2012 16:10:49 --- INFO: Lexus RX 400H - found: 4, pass primary filters: 3, did not pass the filter by colors: 2, did not pass the filter by options: 0, added: 1, new vincodes: 1
04-09-2012 16:11:15 --- INFO: Lexus GX 470 - found: 15, pass primary filters: 12, did not pass the filter by colors: 8, did not pass the filter by options: 0, added: 4, new vincodes: 0
04-09-2012 16:11:28 --- INFO: Lexus GX 470 - found: 12, pass primary filters: 8, did not pass the filter by colors: 6, did not pass the filter by options: 0, added: 2, new vincodes: 0
04-09-2012 16:11:30 --- INFO: Lexus LX 470 - found: 4, pass primary filters: 2, did not pass the filter by colors: 1, did not pass the filter by options: , added: 1, new vincodes: 0
04-09-2012 16:11:30 --- INFO: Lexus LX 470 - found: 0, pass primary filters: 0, did not pass the filter by colors: 0, did not pass the filter by options: 0, added: 0, new vincodes: 0
04-09-2012 16:11:31 --- INFO: Toyota Land Cruiser - found: 0, pass primary filters: 0, did not pass the filter by colors: 0, did not pass the filter by options: 0, added: 0, new vincodes: 0
04-09-2012 16:11:31 --- INFO: Honda CR-V - found: 16, pass primary filters: 1, did not pass the filter by colors: 0, did not pass the filter by options: 0, added: 1, new vincodes: 0
04-09-2012 16:11:58 --- INFO: Toyota 4RUNNER 4WD V6 - found: 34, pass primary filters: 10, did not pass the filter by colors: 6, did not pass the filter by options: , added: 4, new vincodes: 3
04-09-2012 16:11:59 --- INFO: Toyota Highlander 4WD - found: 46, pass primary filters: 0, did not pass the filter by colors: 0, did not pass the filter by options: 0, added: 0, new vincodes: 0
04-09-2012 16:11:59 --- INFO: Toyota Highlander - found: 3, pass primary filters: 0, did not pass the filter by colors: 0, did not pass the filter by options: 0, added: 0, new vincodes: 0
04-09-2012 16:12:06 --- INFO: Lexus RX 350 - found: 9, pass primary filters: 3, did not pass the filter by colors: 3, did not pass the filter by options: 0, added: 0, new vincodes: 0
04-09-2012 16:12:14 --- INFO: Toyota 4RUNNER Limited V6 - found: 51, pass primary filters: 3, did not pass the filter by colors: 1, did not pass the filter by options: , added: 2, new vincodes: 0
04-09-2012 16:12:14 --- INFO: finish: 04-09-2012 16:12:14
04-09-2012 16:12:14 --- INFO: elapsed time: ~132.74 sec., memory usage: ~2.65 Mb.
04-09-2012 16:40:01 --- INFO: start: 04-09-2012 16:40:01
04-09-2012 16:40:01 --- INFO: ----------Source_Megaavto (cli)
04-09-2012 16:41:45 --- INFO: Lexus GX 470 - found: 119, pass primary filters: 77, did not pass the filter by colors: 21, did not pass the filter by options: 23, added: 33, new vincodes: 0
04-09-2012 16:41:45 --- INFO: finish: 04-09-2012 16:41:45
04-09-2012 16:41:45 --- INFO: elapsed time: ~104.42 sec., memory usage: ~2.66 Mb.
04-09-2012 18:10:01 --- INFO: start: 04-09-2012 18:10:01
04-09-2012 18:10:01 --- INFO: ----------Source_Adesa (cli)
04-09-2012 18:10:02 --- INFO: Authorized request
04-09-2012 18:10:29 --- INFO: Lexus RX 330 - found: 33, pass primary filters: 15, did not pass the filter by colors: 4, did not pass the filter by options: 8, added: 3, new vincodes: 0
04-09-2012 18:10:38 --- INFO: Lexus RX 400H - found: 4, pass primary filters: 3, did not pass the filter by colors: 2, did not pass the filter by options: 0, added: 1, new vincodes: 0
04-09-2012 18:11:14 --- INFO: Lexus GX 470 - found: 15, pass primary filters: 14, did not pass the filter by colors: 8, did not pass the filter by options: 0, added: 6, new vincodes: 0
04-09-2012 18:11:56 --- INFO: Lexus GX 470 - found: 12, pass primary filters: 8, did not pass the filter by colors: 6, did not pass the filter by options: 0, added: 2, new vincodes: 0
04-09-2012 18:12:00 --- INFO: Lexus LX 470 - found: 5, pass primary filters: 2, did not pass the filter by colors: 1, did not pass the filter by options: , added: 1, new vincodes: 0
04-09-2012 18:12:00 --- INFO: Lexus LX 470 - found: 0, pass primary filters: 0, did not pass the filter by colors: 0, did not pass the filter by options: 0, added: 0, new vincodes: 0
04-09-2012 18:12:01 --- INFO: Toyota Land Cruiser - found: 0, pass primary filters: 0, did not pass the filter by colors: 0, did not pass the filter by options: 0, added: 0, new vincodes: 0
04-09-2012 18:12:05 --- INFO: Honda CR-V - found: 17, pass primary filters: 2, did not pass the filter by colors: 0, did not pass the filter by options: 0, added: 2, new vincodes: 1
04-09-2012 18:12:19 --- INFO: Toyota 4RUNNER 4WD V6 - found: 35, pass primary filters: 10, did not pass the filter by colors: 6, did not pass the filter by options: , added: 4, new vincodes: 0
04-09-2012 18:12:21 --- INFO: Toyota Highlander 4WD - found: 55, pass primary filters: 0, did not pass the filter by colors: 0, did not pass the filter by options: 0, added: 0, new vincodes: 0
04-09-2012 18:12:21 --- INFO: Toyota Highlander - found: 4, pass primary filters: 0, did not pass the filter by colors: 0, did not pass the filter by options: 0, added: 0, new vincodes: 0
04-09-2012 18:12:25 --- INFO: Lexus RX 350 - found: 9, pass primary filters: 3, did not pass the filter by colors: 3, did not pass the filter by options: 0, added: 0, new vincodes: 0
04-09-2012 18:12:30 --- INFO: Toyota 4RUNNER Limited V6 - found: 55, pass primary filters: 3, did not pass the filter by colors: 1, did not pass the filter by options: , added: 2, new vincodes: 0
04-09-2012 18:12:30 --- INFO: finish: 04-09-2012 18:12:30
04-09-2012 18:12:30 --- INFO: elapsed time: ~149.24 sec., memory usage: ~2.69 Mb.
04-09-2012 18:40:01 --- INFO: start: 04-09-2012 18:40:01
04-09-2012 18:40:01 --- INFO: ----------Source_Megaavto (cli)
04-09-2012 18:42:16 --- INFO: Lexus GX 470 - found: 119, pass primary filters: 77, did not pass the filter by colors: 21, did not pass the filter by options: 23, added: 33, new vincodes: 0
04-09-2012 18:42:16 --- INFO: finish: 04-09-2012 18:42:16
04-09-2012 18:42:16 --- INFO: elapsed time: ~135.34 sec., memory usage: ~2.66 Mb.