
04-04-2012 06:10:01 --- INFO: start: 04-04-2012 06:10:01
04-04-2012 06:10:01 --- INFO: ----------Source_Adesa (cli)
04-04-2012 06:10:03 --- INFO: Authorized request
04-04-2012 06:10:22 --- INFO: Lexus RX 300 - found: 14, pass primary filters: 6, did not pass the filter by color: 5, added: 1, new vincodes: 0
04-04-2012 06:10:52 --- INFO: Lexus RX 330 - found: 15, pass primary filters: 6, did not pass the filter by color: 5, added: 1, new vincodes: 1
04-04-2012 06:10:52 --- INFO: Lexus RX 400H - found: 0, pass primary filters: 0, did not pass the filter by color: 0, added: 0, new vincodes: 0
04-04-2012 06:11:00 --- INFO: Lexus GX 470 - found: 5, pass primary filters: 4, did not pass the filter by color: 4, added: 0, new vincodes: 0
04-04-2012 06:11:02 --- INFO: Lexus GX 470 - found: 4, pass primary filters: 2, did not pass the filter by color: 1, added: 1, new vincodes: 0
04-04-2012 06:11:13 --- INFO: Lexus LX 470 - found: 3, pass primary filters: 3, did not pass the filter by color: 3, added: 0, new vincodes: 0
04-04-2012 06:11:13 --- INFO: Lexus LX 470 - found: 0, pass primary filters: 0, did not pass the filter by color: 0, added: 0, new vincodes: 0
04-04-2012 06:11:13 --- INFO: Toyota Land Cruiser - found: 1, pass primary filters: 0, did not pass the filter by color: 0, added: 0, new vincodes: 0
04-04-2012 06:11:14 --- INFO: Honda CR-V - found: 13, pass primary filters: 0, did not pass the filter by color: 0, added: 0, new vincodes: 0
04-04-2012 06:11:17 --- INFO: Honda CR-V - found: 1, pass primary filters: 1, did not pass the filter by color: 0, added: 1, new vincodes: 0
04-04-2012 06:11:42 --- INFO: Mitsubishi Montero 4WD Limited - found: 23, pass primary filters: 4, did not pass the filter by color: 4, added: 0, new vincodes: 0
04-04-2012 06:11:56 --- INFO: Toyota 4RUNNER 4WD V6 - found: 18, pass primary filters: 6, did not pass the filter by color: 6, added: 0, new vincodes: 0
04-04-2012 06:12:13 --- INFO: Toyota RAV 4 - found: 11, pass primary filters: 2, did not pass the filter by color: 2, added: 0, new vincodes: 1
04-04-2012 06:12:17 --- INFO: Toyota Highlander 4WD - found: 27, pass primary filters: 1, did not pass the filter by color: 1, added: 0, new vincodes: 0
04-04-2012 06:12:24 --- INFO: Toyota Highlander - found: 14, pass primary filters: 2, did not pass the filter by color: 2, added: 0, new vincodes: 0
04-04-2012 06:12:24 --- INFO: Lexus RX 350 - found: 5, pass primary filters: 0, did not pass the filter by color: 0, added: 0, new vincodes: 0
04-04-2012 06:12:24 --- INFO: Toyota 4RUNNER Limited V6 - found: 18, pass primary filters: 0, did not pass the filter by color: 0, added: 0, new vincodes: 0
04-04-2012 06:12:24 --- INFO: finish: 04-04-2012 06:12:24
04-04-2012 06:12:24 --- INFO: elapsed time: ~143.02 sec., memory usage: ~2.27 Mb.
04-04-2012 08:10:01 --- INFO: start: 04-04-2012 08:10:01
04-04-2012 08:10:01 --- INFO: ----------Source_Adesa (cli)
04-04-2012 08:10:03 --- INFO: Authorized request
04-04-2012 08:10:24 --- INFO: Lexus RX 300 - found: 16, pass primary filters: 7, did not pass the filter by color: 6, added: 1, new vincodes: 1
04-04-2012 08:10:39 --- INFO: Lexus RX 330 - found: 16, pass primary filters: 6, did not pass the filter by color: 5, added: 1, new vincodes: 0
04-04-2012 08:10:39 --- INFO: Lexus RX 400H - found: 0, pass primary filters: 0, did not pass the filter by color: 0, added: 0, new vincodes: 0
04-04-2012 08:10:48 --- INFO: Lexus GX 470 - found: 5, pass primary filters: 4, did not pass the filter by color: 4, added: 0, new vincodes: 0
04-04-2012 08:10:50 --- INFO: Lexus GX 470 - found: 4, pass primary filters: 2, did not pass the filter by color: 1, added: 1, new vincodes: 0
04-04-2012 08:10:58 --- INFO: Lexus LX 470 - found: 3, pass primary filters: 3, did not pass the filter by color: 3, added: 0, new vincodes: 0
04-04-2012 08:10:58 --- INFO: Lexus LX 470 - found: 0, pass primary filters: 0, did not pass the filter by color: 0, added: 0, new vincodes: 0
04-04-2012 08:10:58 --- INFO: Toyota Land Cruiser - found: 1, pass primary filters: 0, did not pass the filter by color: 0, added: 0, new vincodes: 0
04-04-2012 08:10:59 --- INFO: Honda CR-V - found: 14, pass primary filters: 0, did not pass the filter by color: 0, added: 0, new vincodes: 0
04-04-2012 08:11:02 --- INFO: Honda CR-V - found: 1, pass primary filters: 1, did not pass the filter by color: 0, added: 1, new vincodes: 0
04-04-2012 08:11:14 --- INFO: Mitsubishi Montero 4WD Limited - found: 23, pass primary filters: 4, did not pass the filter by color: 4, added: 0, new vincodes: 0
04-04-2012 08:11:28 --- INFO: Toyota 4RUNNER 4WD V6 - found: 18, pass primary filters: 6, did not pass the filter by color: 6, added: 0, new vincodes: 0
04-04-2012 08:11:33 --- INFO: Toyota RAV 4 - found: 14, pass primary filters: 2, did not pass the filter by color: 2, added: 0, new vincodes: 0
04-04-2012 08:11:37 --- INFO: Toyota Highlander 4WD - found: 30, pass primary filters: 1, did not pass the filter by color: 1, added: 0, new vincodes: 0
04-04-2012 08:11:44 --- INFO: Toyota Highlander - found: 16, pass primary filters: 2, did not pass the filter by color: 2, added: 0, new vincodes: 0
04-04-2012 08:11:45 --- INFO: Lexus RX 350 - found: 5, pass primary filters: 1, did not pass the filter by color: 1, added: 0, new vincodes: 0
04-04-2012 08:11:45 --- INFO: Toyota 4RUNNER Limited V6 - found: 18, pass primary filters: 0, did not pass the filter by color: 0, added: 0, new vincodes: 0
04-04-2012 08:11:45 --- INFO: finish: 04-04-2012 08:11:45
04-04-2012 08:11:45 --- INFO: elapsed time: ~104.04 sec., memory usage: ~2.3 Mb.
04-04-2012 06:40:01 --- INFO: start: 04-04-2012 06:40:01
04-04-2012 06:40:01 --- INFO: ----------Source_Gsmotors (cli)
04-04-2012 06:44:45 --- INFO: Lexus RX 300 - found: 86, pass primary filters: 45, did not pass the filter by color: 34, added: 11, new vincodes: 1
04-04-2012 06:57:38 --- INFO: Lexus RX 330 - found: 228, pass primary filters: 113, did not pass the filter by color: 102, added: 11, new vincodes: 2
04-04-2012 06:59:30 --- INFO: Lexus RX 400H - found: 33, pass primary filters: 11, did not pass the filter by color: 11, added: 0, new vincodes: 0
04-04-2012 07:04:55 --- INFO: Lexus GX 470 - found: 100, pass primary filters: 68, did not pass the filter by color: 51, added: 17, new vincodes: 1
04-04-2012 07:15:55 --- INFO: Lexus GX 470 - found: 179, pass primary filters: 89, did not pass the filter by color: 67, added: 22, new vincodes: 1
04-04-2012 07:19:57 --- INFO: Lexus LX 470 - found: 81, pass primary filters: 55, did not pass the filter by color: 41, added: 14, new vincodes: 0
04-04-2012 07:20:52 --- INFO: Lexus LX 470 - found: 24, pass primary filters: 5, did not pass the filter by color: 2, added: 3, new vincodes: 0
04-04-2012 07:22:25 --- INFO: Toyota Land Cruiser - found: 29, pass primary filters: 19, did not pass the filter by color: 18, added: 1, new vincodes: 1
04-04-2012 07:28:11 --- INFO: Honda CR-V - found: 112, pass primary filters: 7, did not pass the filter by color: 0, added: 7, new vincodes: 1
04-04-2012 07:39:23 --- INFO: Honda CR-V - found: 189, pass primary filters: 3, did not pass the filter by color: 0, added: 3, new vincodes: 0
04-04-2012 07:44:03 --- INFO: Mitsubishi Montero 4WD Limited - found: 71, pass primary filters: 16, did not pass the filter by color: 16, added: 0, new vincodes: 1
04-04-2012 07:53:59 --- INFO: Toyota 4RUNNER 4WD V6 - found: 169, pass primary filters: 46, did not pass the filter by color: 32, added: 14, new vincodes: 2
04-04-2012 08:00:44 --- INFO: Toyota RAV 4 - found: 116, pass primary filters: 59, did not pass the filter by color: 43, added: 16, new vincodes: 5
04-04-2012 08:09:36 --- INFO: Toyota Highlander 4WD - found: 165, pass primary filters: 5, did not pass the filter by color: 3, added: 2, new vincodes: 0
04-04-2012 08:14:04 --- INFO: Toyota Highlander - found: 109, pass primary filters: 20, did not pass the filter by color: 13, added: 7, new vincodes: 0
04-04-2012 08:20:24 --- INFO: Lexus RX 350 - found: 111, pass primary filters: 14, did not pass the filter by color: 12, added: 2, new vincodes: 1
04-04-2012 08:26:33 --- INFO: Toyota 4RUNNER Limited V6 - found: 169, pass primary filters: 3, did not pass the filter by color: 2, added: 1, new vincodes: 1
04-04-2012 08:26:33 --- INFO: finish: 04-04-2012 08:26:33
04-04-2012 08:26:33 --- INFO: elapsed time: ~6392.36 sec., memory usage: ~6.61 Mb.
04-04-2012 09:10:01 --- INFO: start: 04-04-2012 09:10:01
04-04-2012 09:10:01 --- INFO: ----------Source_Adesa (cli)
04-04-2012 09:10:02 --- INFO: Authorized request
04-04-2012 09:10:22 --- INFO: Lexus RX 300 - found: 17, pass primary filters: 7, did not pass the filter by color: 6, added: 1, new vincodes: 0
04-04-2012 09:10:37 --- INFO: Lexus RX 330 - found: 16, pass primary filters: 6, did not pass the filter by color: 5, added: 1, new vincodes: 0
04-04-2012 09:10:37 --- INFO: Lexus RX 400H - found: 0, pass primary filters: 0, did not pass the filter by color: 0, added: 0, new vincodes: 0
04-04-2012 09:10:45 --- INFO: Lexus GX 470 - found: 5, pass primary filters: 4, did not pass the filter by color: 4, added: 0, new vincodes: 0
04-04-2012 09:10:48 --- INFO: Lexus GX 470 - found: 4, pass primary filters: 2, did not pass the filter by color: 1, added: 1, new vincodes: 0
04-04-2012 09:10:56 --- INFO: Lexus LX 470 - found: 4, pass primary filters: 3, did not pass the filter by color: 3, added: 0, new vincodes: 0
04-04-2012 09:10:56 --- INFO: Lexus LX 470 - found: 0, pass primary filters: 0, did not pass the filter by color: 0, added: 0, new vincodes: 0
04-04-2012 09:10:56 --- INFO: Toyota Land Cruiser - found: 1, pass primary filters: 0, did not pass the filter by color: 0, added: 0, new vincodes: 0
04-04-2012 09:10:57 --- INFO: Honda CR-V - found: 16, pass primary filters: 0, did not pass the filter by color: 0, added: 0, new vincodes: 0
04-04-2012 09:11:00 --- INFO: Honda CR-V - found: 1, pass primary filters: 1, did not pass the filter by color: 0, added: 1, new vincodes: 0
04-04-2012 09:11:12 --- INFO: Mitsubishi Montero 4WD Limited - found: 23, pass primary filters: 4, did not pass the filter by color: 4, added: 0, new vincodes: 0
04-04-2012 09:11:26 --- INFO: Toyota 4RUNNER 4WD V6 - found: 18, pass primary filters: 6, did not pass the filter by color: 6, added: 0, new vincodes: 0
04-04-2012 09:11:32 --- INFO: Toyota RAV 4 - found: 15, pass primary filters: 2, did not pass the filter by color: 2, added: 0, new vincodes: 0
04-04-2012 09:11:36 --- INFO: Toyota Highlander 4WD - found: 31, pass primary filters: 1, did not pass the filter by color: 1, added: 0, new vincodes: 0
04-04-2012 09:11:43 --- INFO: Toyota Highlander - found: 16, pass primary filters: 2, did not pass the filter by color: 2, added: 0, new vincodes: 0
04-04-2012 09:11:43 --- INFO: Lexus RX 350 - found: 5, pass primary filters: 1, did not pass the filter by color: 1, added: 0, new vincodes: 0
04-04-2012 09:11:44 --- INFO: Toyota 4RUNNER Limited V6 - found: 18, pass primary filters: 0, did not pass the filter by color: 0, added: 0, new vincodes: 0
04-04-2012 09:11:44 --- INFO: finish: 04-04-2012 09:11:44
04-04-2012 09:11:44 --- INFO: elapsed time: ~102.25 sec., memory usage: ~2.27 Mb.
04-04-2012 08:40:01 --- INFO: start: 04-04-2012 08:40:01
04-04-2012 08:40:01 --- INFO: ----------Source_Gsmotors (cli)
04-04-2012 08:43:30 --- INFO: Lexus RX 300 - found: 86, pass primary filters: 45, did not pass the filter by color: 34, added: 11, new vincodes: 0
04-04-2012 08:52:19 --- INFO: Lexus RX 330 - found: 228, pass primary filters: 113, did not pass the filter by color: 102, added: 11, new vincodes: 0
04-04-2012 08:53:39 --- INFO: Lexus RX 400H - found: 33, pass primary filters: 11, did not pass the filter by color: 11, added: 0, new vincodes: 0
04-04-2012 08:57:29 --- INFO: Lexus GX 470 - found: 100, pass primary filters: 68, did not pass the filter by color: 51, added: 17, new vincodes: 0
04-04-2012 09:04:35 --- INFO: Lexus GX 470 - found: 179, pass primary filters: 89, did not pass the filter by color: 67, added: 22, new vincodes: 0
04-04-2012 09:07:29 --- INFO: Lexus LX 470 - found: 81, pass primary filters: 55, did not pass the filter by color: 41, added: 14, new vincodes: 0
04-04-2012 09:08:29 --- INFO: Lexus LX 470 - found: 24, pass primary filters: 5, did not pass the filter by color: 2, added: 3, new vincodes: 0
04-04-2012 09:09:25 --- INFO: Toyota Land Cruiser - found: 29, pass primary filters: 19, did not pass the filter by color: 18, added: 1, new vincodes: 0
04-04-2012 09:13:20 --- INFO: Honda CR-V - found: 112, pass primary filters: 7, did not pass the filter by color: 0, added: 7, new vincodes: 0
04-04-2012 09:20:45 --- INFO: Honda CR-V - found: 189, pass primary filters: 3, did not pass the filter by color: 0, added: 3, new vincodes: 0
04-04-2012 09:23:42 --- INFO: Mitsubishi Montero 4WD Limited - found: 71, pass primary filters: 16, did not pass the filter by color: 16, added: 0, new vincodes: 0
04-04-2012 09:29:56 --- INFO: Toyota 4RUNNER 4WD V6 - found: 169, pass primary filters: 46, did not pass the filter by color: 32, added: 14, new vincodes: 0
04-04-2012 09:34:21 --- INFO: Toyota RAV 4 - found: 116, pass primary filters: 59, did not pass the filter by color: 43, added: 16, new vincodes: 0
04-04-2012 09:40:41 --- INFO: Toyota Highlander 4WD - found: 165, pass primary filters: 5, did not pass the filter by color: 0, added: 5, new vincodes: 0
04-04-2012 09:44:39 --- INFO: Toyota Highlander - found: 109, pass primary filters: 20, did not pass the filter by color: 14, added: 6, new vincodes: 0
04-04-2012 09:49:09 --- INFO: Lexus RX 350 - found: 111, pass primary filters: 14, did not pass the filter by color: 12, added: 2, new vincodes: 0
04-04-2012 09:56:02 --- INFO: Toyota 4RUNNER Limited V6 - found: 169, pass primary filters: 3, did not pass the filter by color: 2, added: 1, new vincodes: 0
04-04-2012 09:56:02 --- INFO: finish: 04-04-2012 09:56:02
04-04-2012 09:56:02 --- INFO: elapsed time: ~4561.62 sec., memory usage: ~6.4 Mb.
04-04-2012 10:00:02 --- INFO: start: 04-04-2012 10:00:02
04-04-2012 10:00:02 --- INFO: ----------Source_Adesa (cli)
04-04-2012 10:00:02 --- INFO: Authorized request
04-04-2012 10:00:27 --- INFO: Lexus RX 300 - found: 18, pass primary filters: 8, did not pass the filter by color: 7, added: 1, new vincodes: 0
04-04-2012 10:00:43 --- INFO: Lexus RX 330 - found: 17, pass primary filters: 6, did not pass the filter by color: 5, added: 1, new vincodes: 0
04-04-2012 10:00:43 --- INFO: Lexus RX 400H - found: 0, pass primary filters: 0, did not pass the filter by color: 0, added: 0, new vincodes: 0
04-04-2012 10:00:51 --- INFO: Lexus GX 470 - found: 5, pass primary filters: 4, did not pass the filter by color: 4, added: 0, new vincodes: 0
04-04-2012 10:01:10 --- INFO: Lexus GX 470 - found: 4, pass primary filters: 3, did not pass the filter by color: 2, added: 1, new vincodes: 1
04-04-2012 10:01:18 --- INFO: Lexus LX 470 - found: 4, pass primary filters: 3, did not pass the filter by color: 3, added: 0, new vincodes: 0
04-04-2012 10:01:19 --- INFO: Lexus LX 470 - found: 0, pass primary filters: 0, did not pass the filter by color: 0, added: 0, new vincodes: 0
04-04-2012 10:01:19 --- INFO: Toyota Land Cruiser - found: 1, pass primary filters: 0, did not pass the filter by color: 0, added: 0, new vincodes: 0
04-04-2012 10:01:19 --- INFO: Honda CR-V - found: 16, pass primary filters: 0, did not pass the filter by color: 0, added: 0, new vincodes: 0
04-04-2012 10:01:23 --- INFO: Honda CR-V - found: 1, pass primary filters: 1, did not pass the filter by color: 0, added: 1, new vincodes: 0
04-04-2012 10:01:34 --- INFO: Mitsubishi Montero 4WD Limited - found: 23, pass primary filters: 4, did not pass the filter by color: 4, added: 0, new vincodes: 0
04-04-2012 10:01:47 --- INFO: Toyota 4RUNNER 4WD V6 - found: 18, pass primary filters: 6, did not pass the filter by color: 6, added: 0, new vincodes: 0
04-04-2012 10:01:52 --- INFO: Toyota RAV 4 - found: 15, pass primary filters: 2, did not pass the filter by color: 2, added: 0, new vincodes: 0
04-04-2012 10:01:56 --- INFO: Toyota Highlander 4WD - found: 33, pass primary filters: 1, did not pass the filter by color: 1, added: 0, new vincodes: 0
04-04-2012 10:02:03 --- INFO: Toyota Highlander - found: 17, pass primary filters: 2, did not pass the filter by color: 2, added: 0, new vincodes: 0
04-04-2012 10:02:04 --- INFO: Lexus RX 350 - found: 5, pass primary filters: 1, did not pass the filter by color: 1, added: 0, new vincodes: 0
04-04-2012 10:02:04 --- INFO: Toyota 4RUNNER Limited V6 - found: 18, pass primary filters: 0, did not pass the filter by color: 0, added: 0, new vincodes: 0
04-04-2012 10:02:04 --- INFO: finish: 04-04-2012 10:02:04
04-04-2012 10:02:04 --- INFO: elapsed time: ~122.3 sec., memory usage: ~2.31 Mb.
04-04-2012 09:40:01 --- INFO: start: 04-04-2012 09:40:01
04-04-2012 09:40:01 --- INFO: ----------Source_Gsmotors (cli)
04-04-2012 09:43:16 --- INFO: Lexus RX 300 - found: 86, pass primary filters: 45, did not pass the filter by color: 34, added: 11, new vincodes: 0
04-04-2012 09:52:03 --- INFO: Lexus RX 330 - found: 228, pass primary filters: 113, did not pass the filter by color: 102, added: 11, new vincodes: 0
04-04-2012 09:53:22 --- INFO: Lexus RX 400H - found: 33, pass primary filters: 11, did not pass the filter by color: 11, added: 0, new vincodes: 0
04-04-2012 09:56:57 --- INFO: Lexus GX 470 - found: 100, pass primary filters: 68, did not pass the filter by color: 51, added: 17, new vincodes: 0
04-04-2012 10:04:35 --- INFO: Lexus GX 470 - found: 179, pass primary filters: 89, did not pass the filter by color: 67, added: 22, new vincodes: 0
04-04-2012 10:07:26 --- INFO: Lexus LX 470 - found: 81, pass primary filters: 55, did not pass the filter by color: 41, added: 14, new vincodes: 0
04-04-2012 10:08:20 --- INFO: Lexus LX 470 - found: 24, pass primary filters: 5, did not pass the filter by color: 2, added: 3, new vincodes: 0
04-04-2012 10:09:44 --- INFO: Toyota Land Cruiser - found: 29, pass primary filters: 19, did not pass the filter by color: 18, added: 1, new vincodes: 0
04-04-2012 10:13:49 --- INFO: Honda CR-V - found: 112, pass primary filters: 7, did not pass the filter by color: 0, added: 7, new vincodes: 0
04-04-2012 10:21:49 --- INFO: Honda CR-V - found: 189, pass primary filters: 3, did not pass the filter by color: 0, added: 3, new vincodes: 0
04-04-2012 10:24:53 --- INFO: Mitsubishi Montero 4WD Limited - found: 71, pass primary filters: 16, did not pass the filter by color: 16, added: 0, new vincodes: 0
04-04-2012 10:31:39 --- INFO: Toyota 4RUNNER 4WD V6 - found: 169, pass primary filters: 46, did not pass the filter by color: 11, added: 35, new vincodes: 0
04-04-2012 10:35:51 --- INFO: Toyota RAV 4 - found: 116, pass primary filters: 59, did not pass the filter by color: 43, added: 16, new vincodes: 0
04-04-2012 10:42:10 --- INFO: Toyota Highlander 4WD - found: 165, pass primary filters: 5, did not pass the filter by color: 3, added: 2, new vincodes: 0
04-04-2012 10:46:11 --- INFO: Toyota Highlander - found: 109, pass primary filters: 20, did not pass the filter by color: 16, added: 4, new vincodes: 0
04-04-2012 10:50:43 --- INFO: Lexus RX 350 - found: 111, pass primary filters: 14, did not pass the filter by color: 12, added: 2, new vincodes: 0
04-04-2012 10:57:25 --- INFO: Toyota 4RUNNER Limited V6 - found: 169, pass primary filters: 3, did not pass the filter by color: 2, added: 1, new vincodes: 0
04-04-2012 10:57:25 --- INFO: finish: 04-04-2012 10:57:25
04-04-2012 10:57:25 --- INFO: elapsed time: ~4643.77 sec., memory usage: ~6.39 Mb.
04-04-2012 11:10:02 --- INFO: start: 04-04-2012 11:10:02
04-04-2012 11:10:02 --- INFO: ----------Source_Adesa (cli)
04-04-2012 11:10:03 --- INFO: Authorized request
04-04-2012 11:10:37 --- INFO: Lexus RX 300 - found: 18, pass primary filters: 9, did not pass the filter by color: 8, added: 1, new vincodes: 1
04-04-2012 11:10:53 --- INFO: Lexus RX 330 - found: 18, pass primary filters: 6, did not pass the filter by color: 5, added: 1, new vincodes: 0
04-04-2012 11:10:53 --- INFO: Lexus RX 400H - found: 0, pass primary filters: 0, did not pass the filter by color: 0, added: 0, new vincodes: 0
04-04-2012 11:11:01 --- INFO: Lexus GX 470 - found: 5, pass primary filters: 4, did not pass the filter by color: 4, added: 0, new vincodes: 0
04-04-2012 11:11:07 --- INFO: Lexus GX 470 - found: 4, pass primary filters: 3, did not pass the filter by color: 2, added: 1, new vincodes: 0
04-04-2012 11:11:15 --- INFO: Lexus LX 470 - found: 4, pass primary filters: 3, did not pass the filter by color: 3, added: 0, new vincodes: 0
04-04-2012 11:11:15 --- INFO: Lexus LX 470 - found: 0, pass primary filters: 0, did not pass the filter by color: 0, added: 0, new vincodes: 0
04-04-2012 11:11:15 --- INFO: Toyota Land Cruiser - found: 0, pass primary filters: 0, did not pass the filter by color: 0, added: 0, new vincodes: 0
04-04-2012 11:11:16 --- INFO: Honda CR-V - found: 18, pass primary filters: 0, did not pass the filter by color: 0, added: 0, new vincodes: 0
04-04-2012 11:11:19 --- INFO: Honda CR-V - found: 1, pass primary filters: 1, did not pass the filter by color: 0, added: 1, new vincodes: 0
04-04-2012 11:11:31 --- INFO: Mitsubishi Montero 4WD Limited - found: 25, pass primary filters: 4, did not pass the filter by color: 4, added: 0, new vincodes: 0
04-04-2012 11:11:45 --- INFO: Toyota 4RUNNER 4WD V6 - found: 19, pass primary filters: 6, did not pass the filter by color: 6, added: 0, new vincodes: 0
04-04-2012 11:11:51 --- INFO: Toyota RAV 4 - found: 17, pass primary filters: 2, did not pass the filter by color: 2, added: 0, new vincodes: 0
04-04-2012 11:11:55 --- INFO: Toyota Highlander 4WD - found: 35, pass primary filters: 1, did not pass the filter by color: 1, added: 0, new vincodes: 0
04-04-2012 11:12:02 --- INFO: Toyota Highlander - found: 19, pass primary filters: 2, did not pass the filter by color: 2, added: 0, new vincodes: 0
04-04-2012 11:12:02 --- INFO: Lexus RX 350 - found: 6, pass primary filters: 1, did not pass the filter by color: 1, added: 0, new vincodes: 0
04-04-2012 11:12:03 --- INFO: Toyota 4RUNNER Limited V6 - found: 19, pass primary filters: 0, did not pass the filter by color: 0, added: 0, new vincodes: 0
04-04-2012 11:12:03 --- INFO: finish: 04-04-2012 11:12:03
04-04-2012 11:12:03 --- INFO: elapsed time: ~121.76 sec., memory usage: ~2.32 Mb.
04-04-2012 10:30:01 --- INFO: start: 04-04-2012 10:30:01
04-04-2012 10:30:01 --- INFO: ----------Source_Gsmotors (cli)
04-04-2012 10:33:22 --- INFO: Lexus RX 300 - found: 86, pass primary filters: 45, did not pass the filter by color: 34, added: 11, new vincodes: 0
04-04-2012 10:42:04 --- INFO: Lexus RX 330 - found: 228, pass primary filters: 113, did not pass the filter by color: 102, added: 11, new vincodes: 0
04-04-2012 10:43:22 --- INFO: Lexus RX 400H - found: 33, pass primary filters: 11, did not pass the filter by color: 11, added: 0, new vincodes: 0
04-04-2012 10:46:50 --- INFO: Lexus GX 470 - found: 100, pass primary filters: 68, did not pass the filter by color: 52, added: 16, new vincodes: 0
04-04-2012 10:53:35 --- INFO: Lexus GX 470 - found: 179, pass primary filters: 89, did not pass the filter by color: 68, added: 21, new vincodes: 0
04-04-2012 10:56:27 --- INFO: Lexus LX 470 - found: 81, pass primary filters: 55, did not pass the filter by color: 41, added: 14, new vincodes: 0
04-04-2012 10:57:26 --- INFO: Lexus LX 470 - found: 24, pass primary filters: 5, did not pass the filter by color: 2, added: 3, new vincodes: 0
04-04-2012 10:58:33 --- INFO: Toyota Land Cruiser - found: 29, pass primary filters: 19, did not pass the filter by color: 18, added: 1, new vincodes: 0
04-04-2012 11:02:51 --- INFO: Honda CR-V - found: 112, pass primary filters: 7, did not pass the filter by color: 0, added: 7, new vincodes: 0
04-04-2012 11:10:30 --- INFO: Honda CR-V - found: 189, pass primary filters: 3, did not pass the filter by color: 0, added: 3, new vincodes: 0
04-04-2012 11:13:30 --- INFO: Mitsubishi Montero 4WD Limited - found: 71, pass primary filters: 16, did not pass the filter by color: 16, added: 0, new vincodes: 0
04-04-2012 11:21:32 --- INFO: Toyota 4RUNNER 4WD V6 - found: 169, pass primary filters: 46, did not pass the filter by color: 33, added: 13, new vincodes: 0
04-04-2012 11:25:58 --- INFO: Toyota RAV 4 - found: 116, pass primary filters: 59, did not pass the filter by color: 44, added: 15, new vincodes: 0
04-04-2012 11:32:45 --- INFO: Toyota Highlander 4WD - found: 165, pass primary filters: 5, did not pass the filter by color: 3, added: 2, new vincodes: 0
04-04-2012 11:36:53 --- INFO: Toyota Highlander - found: 109, pass primary filters: 20, did not pass the filter by color: 15, added: 5, new vincodes: 0
04-04-2012 11:41:24 --- INFO: Lexus RX 350 - found: 111, pass primary filters: 14, did not pass the filter by color: 4, added: 10, new vincodes: 0
04-04-2012 11:48:07 --- INFO: Toyota 4RUNNER Limited V6 - found: 169, pass primary filters: 3, did not pass the filter by color: 2, added: 1, new vincodes: 0
04-04-2012 11:48:07 --- INFO: finish: 04-04-2012 11:48:07
04-04-2012 11:48:07 --- INFO: elapsed time: ~4686.63 sec., memory usage: ~6.45 Mb.
04-04-2012 12:20:01 --- INFO: start: 04-04-2012 12:20:01
04-04-2012 12:20:01 --- INFO: ----------Source_Adesa (cli)
04-04-2012 12:20:04 --- INFO: Authorized request
04-04-2012 12:20:22 --- INFO: Lexus RX 300 - found: 19, pass primary filters: 9, did not pass the filter by color: 8, added: 1, new vincodes: 0
04-04-2012 12:21:18 --- INFO: Lexus RX 330 - found: 20, pass primary filters: 6, did not pass the filter by color: 5, added: 1, new vincodes: 0
04-04-2012 12:21:18 --- INFO: Lexus RX 400H - found: 0, pass primary filters: 0, did not pass the filter by color: 0, added: 0, new vincodes: 0
04-04-2012 12:21:27 --- INFO: Lexus GX 470 - found: 5, pass primary filters: 4, did not pass the filter by color: 4, added: 0, new vincodes: 0
04-04-2012 12:21:33 --- INFO: Lexus GX 470 - found: 4, pass primary filters: 3, did not pass the filter by color: 2, added: 1, new vincodes: 0
04-04-2012 12:21:41 --- INFO: Lexus LX 470 - found: 4, pass primary filters: 3, did not pass the filter by color: 3, added: 0, new vincodes: 0
04-04-2012 12:21:41 --- INFO: Lexus LX 470 - found: 0, pass primary filters: 0, did not pass the filter by color: 0, added: 0, new vincodes: 0
04-04-2012 12:21:41 --- INFO: Toyota Land Cruiser - found: 0, pass primary filters: 0, did not pass the filter by color: 0, added: 0, new vincodes: 0
04-04-2012 12:21:42 --- INFO: Honda CR-V - found: 20, pass primary filters: 0, did not pass the filter by color: 0, added: 0, new vincodes: 0
04-04-2012 12:21:43 --- INFO: Honda CR-V - found: 1, pass primary filters: 1, did not pass the filter by color: 0, added: 1, new vincodes: 0
04-04-2012 12:21:51 --- INFO: Mitsubishi Montero 4WD Limited - found: 27, pass primary filters: 4, did not pass the filter by color: 4, added: 0, new vincodes: 0
04-04-2012 12:22:05 --- INFO: Toyota 4RUNNER 4WD V6 - found: 19, pass primary filters: 6, did not pass the filter by color: 6, added: 0, new vincodes: 0
04-04-2012 12:22:09 --- INFO: Toyota RAV 4 - found: 19, pass primary filters: 3, did not pass the filter by color: 3, added: 0, new vincodes: 1
04-04-2012 12:22:14 --- INFO: Toyota Highlander 4WD - found: 36, pass primary filters: 1, did not pass the filter by color: 1, added: 0, new vincodes: 0
04-04-2012 12:22:21 --- INFO: Toyota Highlander - found: 20, pass primary filters: 2, did not pass the filter by color: 2, added: 0, new vincodes: 0
04-04-2012 12:22:22 --- INFO: Lexus RX 350 - found: 6, pass primary filters: 1, did not pass the filter by color: 1, added: 0, new vincodes: 0
04-04-2012 12:22:22 --- INFO: Toyota 4RUNNER Limited V6 - found: 19, pass primary filters: 0, did not pass the filter by color: 0, added: 0, new vincodes: 0
04-04-2012 12:22:22 --- INFO: finish: 04-04-2012 12:22:22
04-04-2012 12:22:22 --- INFO: elapsed time: ~140.5 sec., memory usage: ~2.3 Mb.
04-04-2012 13:20:01 --- INFO: start: 04-04-2012 13:20:01
04-04-2012 13:20:01 --- INFO: ----------Source_Adesa (cli)
04-04-2012 13:20:02 --- INFO: Authorized request
04-04-2012 13:20:38 --- INFO: Lexus RX 300 - found: 20, pass primary filters: 10, did not pass the filter by color: 9, added: 1, new vincodes: 1
04-04-2012 13:21:23 --- INFO: Lexus RX 330 - found: 20, pass primary filters: 8, did not pass the filter by color: 7, added: 1, new vincodes: 2
04-04-2012 13:21:23 --- INFO: Lexus RX 400H - found: 0, pass primary filters: 0, did not pass the filter by color: 0, added: 0, new vincodes: 0
04-04-2012 13:21:31 --- INFO: Lexus GX 470 - found: 6, pass primary filters: 4, did not pass the filter by color: 4, added: 0, new vincodes: 0
04-04-2012 13:21:37 --- INFO: Lexus GX 470 - found: 4, pass primary filters: 3, did not pass the filter by color: 2, added: 1, new vincodes: 0
04-04-2012 13:21:42 --- INFO: Lexus LX 470 - found: 4, pass primary filters: 3, did not pass the filter by color: 3, added: 0, new vincodes: 0
04-04-2012 13:21:42 --- INFO: Lexus LX 470 - found: 0, pass primary filters: 0, did not pass the filter by color: 0, added: 0, new vincodes: 0
04-04-2012 13:21:42 --- INFO: Toyota Land Cruiser - found: 0, pass primary filters: 0, did not pass the filter by color: 0, added: 0, new vincodes: 0
04-04-2012 13:21:43 --- INFO: Honda CR-V - found: 20, pass primary filters: 0, did not pass the filter by color: 0, added: 0, new vincodes: 0
04-04-2012 13:21:43 --- INFO: Honda CR-V - found: 1, pass primary filters: 1, did not pass the filter by color: 0, added: 1, new vincodes: 0
04-04-2012 13:21:52 --- INFO: Mitsubishi Montero 4WD Limited - found: 27, pass primary filters: 4, did not pass the filter by color: 4, added: 0, new vincodes: 0
04-04-2012 13:22:11 --- INFO: Toyota 4RUNNER 4WD V6 - found: 19, pass primary filters: 6, did not pass the filter by color: 6, added: 0, new vincodes: 0
04-04-2012 13:22:31 --- INFO: Toyota RAV 4 - found: 20, pass primary filters: 4, did not pass the filter by color: 4, added: 0, new vincodes: 1
04-04-2012 13:22:46 --- INFO: Toyota Highlander 4WD - found: 38, pass primary filters: 2, did not pass the filter by color: 2, added: 0, new vincodes: 1
04-04-2012 13:22:54 --- INFO: Toyota Highlander - found: 22, pass primary filters: 3, did not pass the filter by color: 3, added: 0, new vincodes: 0
04-04-2012 13:22:54 --- INFO: Lexus RX 350 - found: 6, pass primary filters: 1, did not pass the filter by color: 1, added: 0, new vincodes: 0
04-04-2012 13:22:55 --- INFO: Toyota 4RUNNER Limited V6 - found: 19, pass primary filters: 0, did not pass the filter by color: 0, added: 0, new vincodes: 0
04-04-2012 13:22:55 --- INFO: finish: 04-04-2012 13:22:55
04-04-2012 13:22:55 --- INFO: elapsed time: ~174.25 sec., memory usage: ~2.39 Mb.
04-04-2012 11:40:01 --- INFO: start: 04-04-2012 11:40:01
04-04-2012 11:40:01 --- INFO: ----------Source_Gsmotors (cli)
04-04-2012 11:46:14 --- INFO: Lexus RX 300 - found: 103, pass primary filters: 49, did not pass the filter by color: 36, added: 13, new vincodes: 4
04-04-2012 12:01:56 --- INFO: Lexus RX 330 - found: 266, pass primary filters: 130, did not pass the filter by color: 117, added: 13, new vincodes: 5
04-04-2012 12:03:47 --- INFO: Lexus RX 400H - found: 35, pass primary filters: 11, did not pass the filter by color: 11, added: 0, new vincodes: 0
04-04-2012 12:09:57 --- INFO: Lexus GX 470 - found: 113, pass primary filters: 78, did not pass the filter by color: 57, added: 21, new vincodes: 2
04-04-2012 12:21:24 --- INFO: Lexus GX 470 - found: 203, pass primary filters: 100, did not pass the filter by color: 75, added: 25, new vincodes: 6
04-04-2012 12:25:36 --- INFO: Lexus LX 470 - found: 87, pass primary filters: 59, did not pass the filter by color: 45, added: 14, new vincodes: 3
04-04-2012 12:26:32 --- INFO: Lexus LX 470 - found: 25, pass primary filters: 5, did not pass the filter by color: 2, added: 3, new vincodes: 0
04-04-2012 12:28:10 --- INFO: Toyota Land Cruiser - found: 29, pass primary filters: 21, did not pass the filter by color: 20, added: 1, new vincodes: 0
04-04-2012 12:35:01 --- INFO: Honda CR-V - found: 129, pass primary filters: 10, did not pass the filter by color: 0, added: 10, new vincodes: 2
04-04-2012 12:46:38 --- INFO: Honda CR-V - found: 206, pass primary filters: 3, did not pass the filter by color: 0, added: 3, new vincodes: 0
04-04-2012 12:52:25 --- INFO: Mitsubishi Montero 4WD Limited - found: 81, pass primary filters: 18, did not pass the filter by color: 12, added: 6, new vincodes: 1
04-04-2012 13:02:31 --- INFO: Toyota 4RUNNER 4WD V6 - found: 185, pass primary filters: 50, did not pass the filter by color: 35, added: 15, new vincodes: 3
04-04-2012 13:08:46 --- INFO: Toyota RAV 4 - found: 126, pass primary filters: 60, did not pass the filter by color: 44, added: 16, new vincodes: 0
04-04-2012 13:18:36 --- INFO: Toyota Highlander 4WD - found: 193, pass primary filters: 6, did not pass the filter by color: 4, added: 2, new vincodes: 2
04-04-2012 13:23:03 --- INFO: Toyota Highlander - found: 120, pass primary filters: 19, did not pass the filter by color: 13, added: 6, new vincodes: 0
04-04-2012 13:30:19 --- INFO: Lexus RX 350 - found: 125, pass primary filters: 18, did not pass the filter by color: 15, added: 3, new vincodes: 1
04-04-2012 13:37:22 --- INFO: Toyota 4RUNNER Limited V6 - found: 185, pass primary filters: 4, did not pass the filter by color: 3, added: 1, new vincodes: 1
04-04-2012 13:37:22 --- INFO: finish: 04-04-2012 13:37:22
04-04-2012 13:37:22 --- INFO: elapsed time: ~7041.42 sec., memory usage: ~7.08 Mb.
04-04-2012 12:50:01 --- INFO: start: 04-04-2012 12:50:01
04-04-2012 12:50:01 --- INFO: ----------Source_Gsmotors (cli)
04-04-2012 12:54:11 --- INFO: Lexus RX 300 - found: 103, pass primary filters: 49, did not pass the filter by color: 36, added: 13, new vincodes: 0
04-04-2012 13:04:28 --- INFO: Lexus RX 330 - found: 266, pass primary filters: 130, did not pass the filter by color: 117, added: 13, new vincodes: 0
04-04-2012 13:05:46 --- INFO: Lexus RX 400H - found: 35, pass primary filters: 11, did not pass the filter by color: 11, added: 0, new vincodes: 0
04-04-2012 13:10:12 --- INFO: Lexus GX 470 - found: 113, pass primary filters: 78, did not pass the filter by color: 59, added: 19, new vincodes: 0
04-04-2012 13:17:38 --- INFO: Lexus GX 470 - found: 203, pass primary filters: 100, did not pass the filter by color: 75, added: 25, new vincodes: 0
04-04-2012 13:20:30 --- INFO: Lexus LX 470 - found: 87, pass primary filters: 59, did not pass the filter by color: 45, added: 14, new vincodes: 0
04-04-2012 13:21:21 --- INFO: Lexus LX 470 - found: 25, pass primary filters: 5, did not pass the filter by color: 2, added: 3, new vincodes: 0
04-04-2012 13:22:29 --- INFO: Toyota Land Cruiser - found: 29, pass primary filters: 21, did not pass the filter by color: 20, added: 1, new vincodes: 0
04-04-2012 13:27:27 --- INFO: Honda CR-V - found: 129, pass primary filters: 10, did not pass the filter by color: 0, added: 10, new vincodes: 0
04-04-2012 13:35:34 --- INFO: Honda CR-V - found: 206, pass primary filters: 3, did not pass the filter by color: 0, added: 3, new vincodes: 0
04-04-2012 13:39:26 --- INFO: Mitsubishi Montero 4WD Limited - found: 81, pass primary filters: 18, did not pass the filter by color: 18, added: 0, new vincodes: 0
04-04-2012 13:46:33 --- INFO: Toyota 4RUNNER 4WD V6 - found: 185, pass primary filters: 50, did not pass the filter by color: 35, added: 15, new vincodes: 0
04-04-2012 13:51:15 --- INFO: Toyota RAV 4 - found: 126, pass primary filters: 60, did not pass the filter by color: 14, added: 46, new vincodes: 0
04-04-2012 13:58:33 --- INFO: Toyota Highlander 4WD - found: 193, pass primary filters: 6, did not pass the filter by color: 4, added: 2, new vincodes: 0
04-04-2012 14:03:27 --- INFO: Toyota Highlander - found: 120, pass primary filters: 19, did not pass the filter by color: 12, added: 7, new vincodes: 0
04-04-2012 14:08:18 --- INFO: Lexus RX 350 - found: 125, pass primary filters: 18, did not pass the filter by color: 15, added: 3, new vincodes: 0
04-04-2012 14:16:25 --- INFO: Toyota 4RUNNER Limited V6 - found: 185, pass primary filters: 4, did not pass the filter by color: 3, added: 1, new vincodes: 0
04-04-2012 14:16:25 --- INFO: finish: 04-04-2012 14:16:25
04-04-2012 14:16:25 --- INFO: elapsed time: ~5183.34 sec., memory usage: ~6.91 Mb.
04-04-2012 13:50:01 --- INFO: start: 04-04-2012 13:50:01
04-04-2012 13:50:01 --- INFO: ----------Source_Gsmotors (cli)
04-04-2012 13:53:57 --- INFO: Lexus RX 300 - found: 103, pass primary filters: 49, did not pass the filter by color: 36, added: 13, new vincodes: 0
04-04-2012 14:04:35 --- INFO: Lexus RX 330 - found: 266, pass primary filters: 130, did not pass the filter by color: 117, added: 13, new vincodes: 0
04-04-2012 14:05:45 --- INFO: Lexus RX 400H - found: 35, pass primary filters: 11, did not pass the filter by color: 11, added: 0, new vincodes: 0
04-04-2012 14:10:27 --- INFO: Lexus GX 470 - found: 113, pass primary filters: 78, did not pass the filter by color: 58, added: 20, new vincodes: 0
04-04-2012 14:18:15 --- INFO: Lexus GX 470 - found: 203, pass primary filters: 100, did not pass the filter by color: 75, added: 25, new vincodes: 0
04-04-2012 14:21:17 --- INFO: Lexus LX 470 - found: 87, pass primary filters: 59, did not pass the filter by color: 45, added: 14, new vincodes: 0
04-04-2012 14:22:12 --- INFO: Lexus LX 470 - found: 25, pass primary filters: 5, did not pass the filter by color: 4, added: 1, new vincodes: 0
04-04-2012 14:23:21 --- INFO: Toyota Land Cruiser - found: 29, pass primary filters: 21, did not pass the filter by color: 20, added: 1, new vincodes: 0
04-04-2012 14:27:52 --- INFO: Honda CR-V - found: 129, pass primary filters: 10, did not pass the filter by color: 0, added: 10, new vincodes: 0
04-04-2012 14:36:21 --- INFO: Honda CR-V - found: 206, pass primary filters: 3, did not pass the filter by color: 0, added: 3, new vincodes: 0
04-04-2012 14:39:50 --- INFO: Mitsubishi Montero 4WD Limited - found: 81, pass primary filters: 18, did not pass the filter by color: 18, added: 0, new vincodes: 0
04-04-2012 14:47:16 --- INFO: Toyota 4RUNNER 4WD V6 - found: 185, pass primary filters: 50, did not pass the filter by color: 36, added: 14, new vincodes: 0
04-04-2012 14:51:57 --- INFO: Toyota RAV 4 - found: 126, pass primary filters: 60, did not pass the filter by color: 44, added: 16, new vincodes: 0
04-04-2012 14:59:37 --- INFO: Toyota Highlander 4WD - found: 193, pass primary filters: 6, did not pass the filter by color: 4, added: 2, new vincodes: 0
04-04-2012 15:04:09 --- INFO: Toyota Highlander - found: 120, pass primary filters: 19, did not pass the filter by color: 12, added: 7, new vincodes: 0
04-04-2012 15:08:57 --- INFO: Lexus RX 350 - found: 125, pass primary filters: 18, did not pass the filter by color: 15, added: 3, new vincodes: 0
04-04-2012 15:16:33 --- INFO: Toyota 4RUNNER Limited V6 - found: 185, pass primary filters: 4, did not pass the filter by color: 3, added: 1, new vincodes: 0
04-04-2012 15:16:33 --- INFO: finish: 04-04-2012 15:16:33
04-04-2012 15:16:33 --- INFO: elapsed time: ~5191.79 sec., memory usage: ~6.93 Mb.
04-04-2012 16:10:01 --- INFO: start: 04-04-2012 16:10:01
04-04-2012 16:10:01 --- INFO: ----------Source_Adesa (cli)
04-04-2012 16:10:03 --- INFO: Authorized request
04-04-2012 16:11:02 --- INFO: Lexus RX 300 - found: 25, pass primary filters: 12, did not pass the filter by color: 11, added: 1, new vincodes: 2
04-04-2012 16:11:31 --- INFO: Lexus RX 330 - found: 24, pass primary filters: 9, did not pass the filter by color: 8, added: 1, new vincodes: 1
04-04-2012 16:11:31 --- INFO: Lexus RX 400H - found: 0, pass primary filters: 0, did not pass the filter by color: 0, added: 0, new vincodes: 0
04-04-2012 16:11:39 --- INFO: Lexus GX 470 - found: 6, pass primary filters: 4, did not pass the filter by color: 4, added: 0, new vincodes: 0
04-04-2012 16:11:42 --- INFO: Lexus GX 470 - found: 4, pass primary filters: 3, did not pass the filter by color: 2, added: 1, new vincodes: 0
04-04-2012 16:11:46 --- INFO: Lexus LX 470 - found: 4, pass primary filters: 3, did not pass the filter by color: 3, added: 0, new vincodes: 0
04-04-2012 16:11:46 --- INFO: Lexus LX 470 - found: 0, pass primary filters: 0, did not pass the filter by color: 0, added: 0, new vincodes: 0
04-04-2012 16:11:47 --- INFO: Toyota Land Cruiser - found: 0, pass primary filters: 0, did not pass the filter by color: 0, added: 0, new vincodes: 0
04-04-2012 16:11:47 --- INFO: Honda CR-V - found: 20, pass primary filters: 0, did not pass the filter by color: 0, added: 0, new vincodes: 0
04-04-2012 16:11:48 --- INFO: Honda CR-V - found: 1, pass primary filters: 1, did not pass the filter by color: 0, added: 1, new vincodes: 0
04-04-2012 16:11:59 --- INFO: Mitsubishi Montero 4WD Limited - found: 31, pass primary filters: 5, did not pass the filter by color: 5, added: 0, new vincodes: 1
04-04-2012 16:12:13 --- INFO: Toyota 4RUNNER 4WD V6 - found: 22, pass primary filters: 6, did not pass the filter by color: 6, added: 0, new vincodes: 0
04-04-2012 16:12:21 --- INFO: Toyota RAV 4 - found: 23, pass primary filters: 5, did not pass the filter by color: 5, added: 0, new vincodes: 1
04-04-2012 16:12:25 --- INFO: Toyota Highlander 4WD - found: 42, pass primary filters: 3, did not pass the filter by color: 3, added: 0, new vincodes: 1
04-04-2012 16:12:28 --- INFO: Toyota Highlander - found: 23, pass primary filters: 4, did not pass the filter by color: 4, added: 0, new vincodes: 0
04-04-2012 16:12:28 --- INFO: Lexus RX 350 - found: 6, pass primary filters: 1, did not pass the filter by color: 1, added: 0, new vincodes: 0
04-04-2012 16:12:33 --- INFO: Toyota 4RUNNER Limited V6 - found: 22, pass primary filters: 1, did not pass the filter by color: 0, added: 1, new vincodes: 0
04-04-2012 16:12:33 --- INFO: finish: 04-04-2012 16:12:33
04-04-2012 16:12:33 --- INFO: elapsed time: ~151.79 sec., memory usage: ~2.48 Mb.
04-04-2012 18:10:01 --- INFO: start: 04-04-2012 18:10:01
04-04-2012 18:10:01 --- INFO: ----------Source_Adesa (cli)
04-04-2012 18:10:03 --- INFO: Authorized request
04-04-2012 18:10:32 --- INFO: Lexus RX 300 - found: 28, pass primary filters: 13, did not pass the filter by color: 12, added: 1, new vincodes: 0
04-04-2012 18:11:05 --- INFO: Lexus RX 330 - found: 25, pass primary filters: 10, did not pass the filter by color: 8, added: 2, new vincodes: 1
04-04-2012 18:11:05 --- INFO: Lexus RX 400H - found: 0, pass primary filters: 0, did not pass the filter by color: 0, added: 0, new vincodes: 0
04-04-2012 18:11:28 --- INFO: Lexus GX 470 - found: 8, pass primary filters: 7, did not pass the filter by color: 7, added: 0, new vincodes: 1
04-04-2012 18:11:36 --- INFO: Lexus GX 470 - found: 5, pass primary filters: 4, did not pass the filter by color: 3, added: 1, new vincodes: 0
04-04-2012 18:11:41 --- INFO: Lexus LX 470 - found: 4, pass primary filters: 3, did not pass the filter by color: 3, added: 0, new vincodes: 0
04-04-2012 18:11:41 --- INFO: Lexus LX 470 - found: 0, pass primary filters: 0, did not pass the filter by color: 0, added: 0, new vincodes: 0
04-04-2012 18:11:42 --- INFO: Toyota Land Cruiser - found: 0, pass primary filters: 0, did not pass the filter by color: 0, added: 0, new vincodes: 0
04-04-2012 18:11:42 --- INFO: Honda CR-V - found: 20, pass primary filters: 0, did not pass the filter by color: 0, added: 0, new vincodes: 0
04-04-2012 18:11:42 --- INFO: Honda CR-V - found: 1, pass primary filters: 1, did not pass the filter by color: 0, added: 1, new vincodes: 0
04-04-2012 18:12:08 --- INFO: Mitsubishi Montero 4WD Limited - found: 36, pass primary filters: 6, did not pass the filter by color: 6, added: 0, new vincodes: 1
04-04-2012 18:12:19 --- INFO: Toyota 4RUNNER 4WD V6 - found: 22, pass primary filters: 6, did not pass the filter by color: 6, added: 0, new vincodes: 0
04-04-2012 18:12:26 --- INFO: Toyota RAV 4 - found: 25, pass primary filters: 5, did not pass the filter by color: 5, added: 0, new vincodes: 0
04-04-2012 18:12:29 --- INFO: Toyota Highlander 4WD - found: 45, pass primary filters: 3, did not pass the filter by color: 3, added: 0, new vincodes: 0
04-04-2012 18:12:30 --- INFO: Toyota Highlander - found: 25, pass primary filters: 4, did not pass the filter by color: 4, added: 0, new vincodes: 0
04-04-2012 18:12:31 --- INFO: Lexus RX 350 - found: 6, pass primary filters: 1, did not pass the filter by color: 1, added: 0, new vincodes: 0
04-04-2012 18:12:34 --- INFO: Toyota 4RUNNER Limited V6 - found: 22, pass primary filters: 1, did not pass the filter by color: 0, added: 1, new vincodes: 0
04-04-2012 18:12:34 --- INFO: finish: 04-04-2012 18:12:34
04-04-2012 18:12:34 --- INFO: elapsed time: ~153.07 sec., memory usage: ~2.53 Mb.
04-04-2012 16:40:01 --- INFO: start: 04-04-2012 16:40:01
04-04-2012 16:40:01 --- INFO: ----------Source_Gsmotors (cli)
04-04-2012 16:46:23 --- INFO: Lexus RX 300 - found: 119, pass primary filters: 57, did not pass the filter by color: 44, added: 13, new vincodes: 4
04-04-2012 17:02:07 --- INFO: Lexus RX 330 - found: 291, pass primary filters: 134, did not pass the filter by color: 120, added: 14, new vincodes: 4
04-04-2012 17:04:08 --- INFO: Lexus RX 400H - found: 42, pass primary filters: 11, did not pass the filter by color: 11, added: 0, new vincodes: 0
04-04-2012 17:11:05 --- INFO: Lexus GX 470 - found: 130, pass primary filters: 87, did not pass the filter by color: 65, added: 22, new vincodes: 2
04-04-2012 17:22:05 --- INFO: Lexus GX 470 - found: 225, pass primary filters: 101, did not pass the filter by color: 76, added: 25, new vincodes: 2
04-04-2012 17:26:12 --- INFO: Lexus LX 470 - found: 90, pass primary filters: 60, did not pass the filter by color: 46, added: 14, new vincodes: 1
04-04-2012 17:27:08 --- INFO: Lexus LX 470 - found: 26, pass primary filters: 5, did not pass the filter by color: 2, added: 3, new vincodes: 0
04-04-2012 17:28:55 --- INFO: Toyota Land Cruiser - found: 33, pass primary filters: 23, did not pass the filter by color: 22, added: 1, new vincodes: 0
04-04-2012 17:35:12 --- INFO: Honda CR-V - found: 142, pass primary filters: 11, did not pass the filter by color: 0, added: 11, new vincodes: 1
04-04-2012 17:46:11 --- INFO: Honda CR-V - found: 242, pass primary filters: 3, did not pass the filter by color: 0, added: 3, new vincodes: 0
04-04-2012 17:50:57 --- INFO: Mitsubishi Montero 4WD Limited - found: 85, pass primary filters: 18, did not pass the filter by color: 18, added: 0, new vincodes: 0
04-04-2012 18:02:04 --- INFO: Toyota 4RUNNER 4WD V6 - found: 211, pass primary filters: 51, did not pass the filter by color: 37, added: 14, new vincodes: 0
04-04-2012 18:09:23 --- INFO: Toyota RAV 4 - found: 141, pass primary filters: 66, did not pass the filter by color: 49, added: 17, new vincodes: 2
04-04-2012 18:20:11 --- INFO: Toyota Highlander 4WD - found: 215, pass primary filters: 6, did not pass the filter by color: 4, added: 2, new vincodes: 0
04-04-2012 18:24:56 --- INFO: Toyota Highlander - found: 134, pass primary filters: 20, did not pass the filter by color: 13, added: 7, new vincodes: 2
04-04-2012 18:32:32 --- INFO: Lexus RX 350 - found: 146, pass primary filters: 20, did not pass the filter by color: 17, added: 3, new vincodes: 2
04-04-2012 18:39:54 --- INFO: Toyota 4RUNNER Limited V6 - found: 211, pass primary filters: 4, did not pass the filter by color: 3, added: 1, new vincodes: 0
04-04-2012 18:39:54 --- INFO: finish: 04-04-2012 18:39:54
04-04-2012 18:39:54 --- INFO: elapsed time: ~7192.94 sec., memory usage: ~7.3 Mb.
04-04-2012 18:40:01 --- INFO: start: 04-04-2012 18:40:01
04-04-2012 18:40:01 --- INFO: ----------Source_Gsmotors (cli)
04-04-2012 18:44:12 --- INFO: Lexus RX 300 - found: 119, pass primary filters: 57, did not pass the filter by color: 44, added: 13, new vincodes: 0
04-04-2012 18:54:43 --- INFO: Lexus RX 330 - found: 291, pass primary filters: 134, did not pass the filter by color: 120, added: 14, new vincodes: 0
04-04-2012 18:56:10 --- INFO: Lexus RX 400H - found: 42, pass primary filters: 11, did not pass the filter by color: 11, added: 0, new vincodes: 0
04-04-2012 19:01:11 --- INFO: Lexus GX 470 - found: 130, pass primary filters: 87, did not pass the filter by color: 64, added: 23, new vincodes: 0
04-04-2012 19:09:38 --- INFO: Lexus GX 470 - found: 225, pass primary filters: 101, did not pass the filter by color: 76, added: 25, new vincodes: 0
04-04-2012 19:12:46 --- INFO: Lexus LX 470 - found: 90, pass primary filters: 60, did not pass the filter by color: 46, added: 14, new vincodes: 0
04-04-2012 19:13:44 --- INFO: Lexus LX 470 - found: 26, pass primary filters: 5, did not pass the filter by color: 2, added: 3, new vincodes: 0
04-04-2012 19:14:48 --- INFO: Toyota Land Cruiser - found: 33, pass primary filters: 23, did not pass the filter by color: 22, added: 1, new vincodes: 0
04-04-2012 19:19:44 --- INFO: Honda CR-V - found: 142, pass primary filters: 11, did not pass the filter by color: 0, added: 11, new vincodes: 0
04-04-2012 19:27:48 --- INFO: Honda CR-V - found: 242, pass primary filters: 3, did not pass the filter by color: 0, added: 3, new vincodes: 0
04-04-2012 19:33:52 --- INFO: Mitsubishi Montero 4WD Limited - found: 85, pass primary filters: 18, did not pass the filter by color: 18, added: 0, new vincodes: 0
04-04-2012 19:41:10 --- INFO: Toyota 4RUNNER 4WD V6 - found: 211, pass primary filters: 51, did not pass the filter by color: 38, added: 13, new vincodes: 0
04-04-2012 19:46:02 --- INFO: Toyota RAV 4 - found: 141, pass primary filters: 66, did not pass the filter by color: 49, added: 17, new vincodes: 0
04-04-2012 19:53:34 --- INFO: Toyota Highlander 4WD - found: 215, pass primary filters: 6, did not pass the filter by color: 4, added: 2, new vincodes: 0
04-04-2012 19:58:04 --- INFO: Toyota Highlander - found: 134, pass primary filters: 20, did not pass the filter by color: 13, added: 7, new vincodes: 0
04-04-2012 20:03:18 --- INFO: Lexus RX 350 - found: 146, pass primary filters: 20, did not pass the filter by color: 17, added: 3, new vincodes: 0
04-04-2012 20:11:15 --- INFO: Toyota 4RUNNER Limited V6 - found: 211, pass primary filters: 4, did not pass the filter by color: 3, added: 1, new vincodes: 0
04-04-2012 20:11:15 --- INFO: finish: 04-04-2012 20:11:15
04-04-2012 20:11:15 --- INFO: elapsed time: ~5474.24 sec., memory usage: ~7.18 Mb.