
07-07-2012 06:10:01 --- INFO: start: 07-07-2012 06:10:01
07-07-2012 06:10:01 --- INFO: ----------Source_Adesa (cli)
07-07-2012 06:10:02 --- INFO: Authorized request
07-07-2012 06:10:19 --- INFO: Lexus RX 330 - found: 10, pass primary filters: 8, did not pass the filter by colors: 7, did not pass the filter by options: 1, added: 0, new vincodes: 0
07-07-2012 06:10:22 --- INFO: Lexus RX 400H - found: 1, pass primary filters: 1, did not pass the filter by colors: 0, did not pass the filter by options: 0, added: 1, new vincodes: 0
07-07-2012 06:10:27 --- INFO: Lexus GX 470 - found: 2, pass primary filters: 2, did not pass the filter by colors: 1, did not pass the filter by options: 1, added: 0, new vincodes: 0
07-07-2012 06:10:31 --- INFO: Lexus GX 470 - found: 3, pass primary filters: 1, did not pass the filter by colors: 1, did not pass the filter by options: 0, added: 0, new vincodes: 0
07-07-2012 06:10:31 --- INFO: Lexus LX 470 - found: 0, pass primary filters: 0, did not pass the filter by colors: 0, did not pass the filter by options: 0, added: 0, new vincodes: 0
07-07-2012 06:10:31 --- INFO: Lexus LX 470 - found: 0, pass primary filters: 0, did not pass the filter by colors: 0, did not pass the filter by options: 0, added: 0, new vincodes: 0
07-07-2012 06:10:35 --- INFO: Toyota Land Cruiser - found: 2, pass primary filters: 1, did not pass the filter by colors: 1, did not pass the filter by options: 0, added: 0, new vincodes: 0
07-07-2012 06:10:45 --- INFO: Toyota 4RUNNER 4WD V6 - found: 10, pass primary filters: 4, did not pass the filter by colors: 0, did not pass the filter by options: , added: 4, new vincodes: 0
07-07-2012 06:10:46 --- INFO: Toyota Highlander 4WD - found: 14, pass primary filters: 0, did not pass the filter by colors: 0, did not pass the filter by options: 0, added: 0, new vincodes: 0
07-07-2012 06:10:46 --- INFO: Toyota Highlander - found: 2, pass primary filters: 0, did not pass the filter by colors: 0, did not pass the filter by options: 0, added: 0, new vincodes: 0
07-07-2012 06:10:46 --- INFO: Lexus RX 350 - found: 3, pass primary filters: 0, did not pass the filter by colors: 0, did not pass the filter by options: 0, added: 0, new vincodes: 0
07-07-2012 06:10:50 --- INFO: Toyota 4RUNNER Limited V6 - found: 12, pass primary filters: 1, did not pass the filter by colors: 0, did not pass the filter by options: , added: 1, new vincodes: 0
07-07-2012 06:10:50 --- INFO: finish: 07-07-2012 06:10:50
07-07-2012 06:10:50 --- INFO: elapsed time: ~49.02 sec., memory usage: ~2.22 Mb.
07-07-2012 06:40:01 --- INFO: start: 07-07-2012 06:40:01
07-07-2012 06:40:01 --- INFO: ----------Source_Megaavto (cli)
07-07-2012 06:48:03 --- INFO: Lexus RX 330 - found: 200, pass primary filters: 99, did not pass the filter by colors: 87, did not pass the filter by options: 4, added: 8, new vincodes: 7
07-07-2012 06:49:25 --- INFO: Lexus RX 400H - found: 36, pass primary filters: 12, did not pass the filter by colors: 12, did not pass the filter by options: 0, added: 0, new vincodes: 0
07-07-2012 06:52:55 --- INFO: Lexus GX 470 - found: 88, pass primary filters: 69, did not pass the filter by colors: 54, did not pass the filter by options: 8, added: 7, new vincodes: 7
07-07-2012 06:58:17 --- INFO: Lexus GX 470 - found: 134, pass primary filters: 61, did not pass the filter by colors: 31, did not pass the filter by options: 13, added: 17, new vincodes: 5
07-07-2012 07:00:27 --- INFO: Lexus LX 470 - found: 58, pass primary filters: 40, did not pass the filter by colors: 32, did not pass the filter by options: , added: 8, new vincodes: 1
07-07-2012 07:00:50 --- INFO: Lexus LX 470 - found: 23, pass primary filters: 7, did not pass the filter by colors: 6, did not pass the filter by options: , added: 1, new vincodes: 0
07-07-2012 07:01:19 --- INFO: Toyota Land Cruiser - found: 12, pass primary filters: 11, did not pass the filter by colors: 10, did not pass the filter by options: 0, added: 1, new vincodes: 0
07-07-2012 07:04:54 --- INFO: Toyota 4RUNNER 4WD V6 - found: 95, pass primary filters: 28, did not pass the filter by colors: 13, did not pass the filter by options: , added: 15, new vincodes: 2
07-07-2012 07:11:23 --- INFO: Toyota Highlander 4WD - found: 189, pass primary filters: 5, did not pass the filter by colors: 5, did not pass the filter by options: 0, added: 0, new vincodes: 0
07-07-2012 07:16:36 --- INFO: Toyota Highlander - found: 134, pass primary filters: 0, did not pass the filter by colors: 0, did not pass the filter by options: , added: 0, new vincodes: 0
07-07-2012 07:21:02 --- INFO: Lexus RX 350 - found: 101, pass primary filters: 26, did not pass the filter by colors: 24, did not pass the filter by options: 0, added: 2, new vincodes: 0
07-07-2012 07:25:42 --- INFO: Toyota 4RUNNER Limited V6 - found: 163, pass primary filters: 3, did not pass the filter by colors: 1, did not pass the filter by options: , added: 2, new vincodes: 1
07-07-2012 07:25:42 --- INFO: finish: 07-07-2012 07:25:42
07-07-2012 07:25:42 --- INFO: elapsed time: ~2740.72 sec., memory usage: ~5.12 Mb.
07-07-2012 08:10:01 --- INFO: start: 07-07-2012 08:10:01
07-07-2012 08:10:01 --- INFO: ----------Source_Adesa (cli)
07-07-2012 08:10:02 --- INFO: Authorized request
07-07-2012 08:10:19 --- INFO: Lexus RX 330 - found: 10, pass primary filters: 8, did not pass the filter by colors: 7, did not pass the filter by options: 1, added: 0, new vincodes: 0
07-07-2012 08:10:23 --- INFO: Lexus RX 400H - found: 1, pass primary filters: 1, did not pass the filter by colors: 0, did not pass the filter by options: 0, added: 1, new vincodes: 0
07-07-2012 08:10:27 --- INFO: Lexus GX 470 - found: 2, pass primary filters: 2, did not pass the filter by colors: 1, did not pass the filter by options: 1, added: 0, new vincodes: 0
07-07-2012 08:10:33 --- INFO: Lexus GX 470 - found: 4, pass primary filters: 2, did not pass the filter by colors: 1, did not pass the filter by options: 0, added: 1, new vincodes: 0
07-07-2012 08:10:33 --- INFO: Lexus LX 470 - found: 0, pass primary filters: 0, did not pass the filter by colors: 0, did not pass the filter by options: 0, added: 0, new vincodes: 0
07-07-2012 08:10:33 --- INFO: Lexus LX 470 - found: 0, pass primary filters: 0, did not pass the filter by colors: 0, did not pass the filter by options: 0, added: 0, new vincodes: 0
07-07-2012 08:10:37 --- INFO: Toyota Land Cruiser - found: 2, pass primary filters: 1, did not pass the filter by colors: 1, did not pass the filter by options: 0, added: 0, new vincodes: 0
07-07-2012 08:10:47 --- INFO: Toyota 4RUNNER 4WD V6 - found: 11, pass primary filters: 4, did not pass the filter by colors: 0, did not pass the filter by options: , added: 4, new vincodes: 0
07-07-2012 08:10:48 --- INFO: Toyota Highlander 4WD - found: 14, pass primary filters: 0, did not pass the filter by colors: 0, did not pass the filter by options: 0, added: 0, new vincodes: 0
07-07-2012 08:10:48 --- INFO: Toyota Highlander - found: 2, pass primary filters: 0, did not pass the filter by colors: 0, did not pass the filter by options: 0, added: 0, new vincodes: 0
07-07-2012 08:10:48 --- INFO: Lexus RX 350 - found: 3, pass primary filters: 0, did not pass the filter by colors: 0, did not pass the filter by options: 0, added: 0, new vincodes: 0
07-07-2012 08:10:52 --- INFO: Toyota 4RUNNER Limited V6 - found: 13, pass primary filters: 1, did not pass the filter by colors: 0, did not pass the filter by options: , added: 1, new vincodes: 0
07-07-2012 08:10:52 --- INFO: finish: 07-07-2012 08:10:52
07-07-2012 08:10:52 --- INFO: elapsed time: ~50.65 sec., memory usage: ~2.23 Mb.
07-07-2012 08:40:01 --- INFO: start: 07-07-2012 08:40:01
07-07-2012 08:40:02 --- INFO: ----------Source_Megaavto (cli)
07-07-2012 08:43:03 --- INFO: Lexus RX 330 - found: 200, pass primary filters: 99, did not pass the filter by colors: 87, did not pass the filter by options: 4, added: 8, new vincodes: 0
07-07-2012 08:43:38 --- INFO: Lexus RX 400H - found: 36, pass primary filters: 12, did not pass the filter by colors: 12, did not pass the filter by options: 0, added: 0, new vincodes: 0
07-07-2012 08:45:03 --- INFO: Lexus GX 470 - found: 88, pass primary filters: 71, did not pass the filter by colors: 54, did not pass the filter by options: 8, added: 9, new vincodes: 0
07-07-2012 08:47:18 --- INFO: Lexus GX 470 - found: 134, pass primary filters: 64, did not pass the filter by colors: 32, did not pass the filter by options: 14, added: 18, new vincodes: 0
07-07-2012 08:48:13 --- INFO: Lexus LX 470 - found: 58, pass primary filters: 40, did not pass the filter by colors: 32, did not pass the filter by options: , added: 8, new vincodes: 0
07-07-2012 08:48:37 --- INFO: Lexus LX 470 - found: 23, pass primary filters: 7, did not pass the filter by colors: 6, did not pass the filter by options: , added: 1, new vincodes: 0
07-07-2012 08:48:51 --- INFO: Toyota Land Cruiser - found: 12, pass primary filters: 11, did not pass the filter by colors: 10, did not pass the filter by options: 0, added: 1, new vincodes: 0
07-07-2012 08:50:14 --- INFO: Toyota 4RUNNER 4WD V6 - found: 95, pass primary filters: 28, did not pass the filter by colors: 13, did not pass the filter by options: , added: 15, new vincodes: 0
07-07-2012 08:52:48 --- INFO: Toyota Highlander 4WD - found: 189, pass primary filters: 5, did not pass the filter by colors: 5, did not pass the filter by options: 0, added: 0, new vincodes: 0
07-07-2012 08:54:55 --- INFO: Toyota Highlander - found: 134, pass primary filters: 0, did not pass the filter by colors: 0, did not pass the filter by options: , added: 0, new vincodes: 0
07-07-2012 08:56:33 --- INFO: Lexus RX 350 - found: 101, pass primary filters: 26, did not pass the filter by colors: 24, did not pass the filter by options: 0, added: 2, new vincodes: 0
07-07-2012 08:58:55 --- INFO: Toyota 4RUNNER Limited V6 - found: 163, pass primary filters: 3, did not pass the filter by colors: 1, did not pass the filter by options: , added: 2, new vincodes: 0
07-07-2012 08:58:55 --- INFO: finish: 07-07-2012 08:58:55
07-07-2012 08:58:55 --- INFO: elapsed time: ~1133.44 sec., memory usage: ~5 Mb.
07-07-2012 09:10:01 --- INFO: start: 07-07-2012 09:10:01
07-07-2012 09:10:01 --- INFO: ----------Source_Adesa (cli)
07-07-2012 09:10:02 --- INFO: Authorized request
07-07-2012 09:10:18 --- INFO: Lexus RX 330 - found: 11, pass primary filters: 8, did not pass the filter by colors: 7, did not pass the filter by options: 1, added: 0, new vincodes: 0
07-07-2012 09:10:22 --- INFO: Lexus RX 400H - found: 1, pass primary filters: 1, did not pass the filter by colors: 0, did not pass the filter by options: 0, added: 1, new vincodes: 0
07-07-2012 09:10:27 --- INFO: Lexus GX 470 - found: 2, pass primary filters: 2, did not pass the filter by colors: 1, did not pass the filter by options: 1, added: 0, new vincodes: 0
07-07-2012 09:10:32 --- INFO: Lexus GX 470 - found: 4, pass primary filters: 2, did not pass the filter by colors: 1, did not pass the filter by options: 0, added: 1, new vincodes: 0
07-07-2012 09:10:33 --- INFO: Lexus LX 470 - found: 0, pass primary filters: 0, did not pass the filter by colors: 0, did not pass the filter by options: 0, added: 0, new vincodes: 0
07-07-2012 09:10:33 --- INFO: Lexus LX 470 - found: 0, pass primary filters: 0, did not pass the filter by colors: 0, did not pass the filter by options: 0, added: 0, new vincodes: 0
07-07-2012 09:10:36 --- INFO: Toyota Land Cruiser - found: 2, pass primary filters: 1, did not pass the filter by colors: 1, did not pass the filter by options: 0, added: 0, new vincodes: 0
07-07-2012 09:10:47 --- INFO: Toyota 4RUNNER 4WD V6 - found: 11, pass primary filters: 4, did not pass the filter by colors: 0, did not pass the filter by options: , added: 4, new vincodes: 0
07-07-2012 09:10:47 --- INFO: Toyota Highlander 4WD - found: 14, pass primary filters: 0, did not pass the filter by colors: 0, did not pass the filter by options: 0, added: 0, new vincodes: 0
07-07-2012 09:10:47 --- INFO: Toyota Highlander - found: 2, pass primary filters: 0, did not pass the filter by colors: 0, did not pass the filter by options: 0, added: 0, new vincodes: 0
07-07-2012 09:10:47 --- INFO: Lexus RX 350 - found: 3, pass primary filters: 0, did not pass the filter by colors: 0, did not pass the filter by options: 0, added: 0, new vincodes: 0
07-07-2012 09:10:51 --- INFO: Toyota 4RUNNER Limited V6 - found: 13, pass primary filters: 1, did not pass the filter by colors: 0, did not pass the filter by options: , added: 1, new vincodes: 0
07-07-2012 09:10:51 --- INFO: finish: 07-07-2012 09:10:51
07-07-2012 09:10:51 --- INFO: elapsed time: ~49.84 sec., memory usage: ~2.23 Mb.
07-07-2012 09:40:01 --- INFO: start: 07-07-2012 09:40:01
07-07-2012 09:40:01 --- INFO: ----------Source_Megaavto (cli)
07-07-2012 09:42:58 --- INFO: Lexus RX 330 - found: 200, pass primary filters: 99, did not pass the filter by colors: 87, did not pass the filter by options: 4, added: 8, new vincodes: 0
07-07-2012 09:43:33 --- INFO: Lexus RX 400H - found: 36, pass primary filters: 12, did not pass the filter by colors: 12, did not pass the filter by options: 0, added: 0, new vincodes: 0
07-07-2012 09:44:49 --- INFO: Lexus GX 470 - found: 88, pass primary filters: 71, did not pass the filter by colors: 54, did not pass the filter by options: 8, added: 9, new vincodes: 0
07-07-2012 09:46:47 --- INFO: Lexus GX 470 - found: 134, pass primary filters: 64, did not pass the filter by colors: 32, did not pass the filter by options: 14, added: 18, new vincodes: 0
07-07-2012 09:47:36 --- INFO: Lexus LX 470 - found: 58, pass primary filters: 40, did not pass the filter by colors: 32, did not pass the filter by options: , added: 8, new vincodes: 0
07-07-2012 09:47:58 --- INFO: Lexus LX 470 - found: 23, pass primary filters: 7, did not pass the filter by colors: 6, did not pass the filter by options: , added: 1, new vincodes: 0
07-07-2012 09:48:09 --- INFO: Toyota Land Cruiser - found: 12, pass primary filters: 11, did not pass the filter by colors: 10, did not pass the filter by options: 0, added: 1, new vincodes: 0
07-07-2012 09:49:31 --- INFO: Toyota 4RUNNER 4WD V6 - found: 95, pass primary filters: 28, did not pass the filter by colors: 13, did not pass the filter by options: , added: 15, new vincodes: 0
07-07-2012 09:52:03 --- INFO: Toyota Highlander 4WD - found: 189, pass primary filters: 5, did not pass the filter by colors: 5, did not pass the filter by options: 0, added: 0, new vincodes: 0
07-07-2012 09:54:08 --- INFO: Toyota Highlander - found: 134, pass primary filters: 0, did not pass the filter by colors: 0, did not pass the filter by options: , added: 0, new vincodes: 0
07-07-2012 09:55:45 --- INFO: Lexus RX 350 - found: 101, pass primary filters: 26, did not pass the filter by colors: 24, did not pass the filter by options: 0, added: 2, new vincodes: 0
07-07-2012 09:58:10 --- INFO: Toyota 4RUNNER Limited V6 - found: 163, pass primary filters: 3, did not pass the filter by colors: 1, did not pass the filter by options: , added: 2, new vincodes: 0
07-07-2012 09:58:10 --- INFO: finish: 07-07-2012 09:58:10
07-07-2012 09:58:10 --- INFO: elapsed time: ~1088.9 sec., memory usage: ~5 Mb.
07-07-2012 10:00:01 --- INFO: start: 07-07-2012 10:00:01
07-07-2012 10:00:01 --- INFO: ----------Source_Adesa (cli)
07-07-2012 10:00:01 --- INFO: Authorized request
07-07-2012 10:00:17 --- INFO: Lexus RX 330 - found: 11, pass primary filters: 8, did not pass the filter by colors: 7, did not pass the filter by options: 1, added: 0, new vincodes: 0
07-07-2012 10:00:21 --- INFO: Lexus RX 400H - found: 1, pass primary filters: 1, did not pass the filter by colors: 0, did not pass the filter by options: 0, added: 1, new vincodes: 0
07-07-2012 10:00:25 --- INFO: Lexus GX 470 - found: 2, pass primary filters: 2, did not pass the filter by colors: 1, did not pass the filter by options: 1, added: 0, new vincodes: 0
07-07-2012 10:00:33 --- INFO: Lexus GX 470 - found: 4, pass primary filters: 2, did not pass the filter by colors: 1, did not pass the filter by options: 0, added: 1, new vincodes: 0
07-07-2012 10:00:33 --- INFO: Lexus LX 470 - found: 0, pass primary filters: 0, did not pass the filter by colors: 0, did not pass the filter by options: 0, added: 0, new vincodes: 0
07-07-2012 10:00:34 --- INFO: Lexus LX 470 - found: 0, pass primary filters: 0, did not pass the filter by colors: 0, did not pass the filter by options: 0, added: 0, new vincodes: 0
07-07-2012 10:00:38 --- INFO: Toyota Land Cruiser - found: 2, pass primary filters: 1, did not pass the filter by colors: 1, did not pass the filter by options: 0, added: 0, new vincodes: 0
07-07-2012 10:00:48 --- INFO: Toyota 4RUNNER 4WD V6 - found: 11, pass primary filters: 4, did not pass the filter by colors: 0, did not pass the filter by options: , added: 4, new vincodes: 0
07-07-2012 10:00:49 --- INFO: Toyota Highlander 4WD - found: 14, pass primary filters: 0, did not pass the filter by colors: 0, did not pass the filter by options: 0, added: 0, new vincodes: 0
07-07-2012 10:00:49 --- INFO: Toyota Highlander - found: 2, pass primary filters: 0, did not pass the filter by colors: 0, did not pass the filter by options: 0, added: 0, new vincodes: 0
07-07-2012 10:00:49 --- INFO: Lexus RX 350 - found: 3, pass primary filters: 0, did not pass the filter by colors: 0, did not pass the filter by options: 0, added: 0, new vincodes: 0
07-07-2012 10:00:53 --- INFO: Toyota 4RUNNER Limited V6 - found: 13, pass primary filters: 1, did not pass the filter by colors: 0, did not pass the filter by options: , added: 1, new vincodes: 0
07-07-2012 10:00:53 --- INFO: finish: 07-07-2012 10:00:53
07-07-2012 10:00:53 --- INFO: elapsed time: ~52.13 sec., memory usage: ~2.23 Mb.
07-07-2012 10:30:01 --- INFO: start: 07-07-2012 10:30:01
07-07-2012 10:30:01 --- INFO: ----------Source_Megaavto (cli)
07-07-2012 10:33:01 --- INFO: Lexus RX 330 - found: 200, pass primary filters: 99, did not pass the filter by colors: 87, did not pass the filter by options: 4, added: 8, new vincodes: 0
07-07-2012 10:33:38 --- INFO: Lexus RX 400H - found: 36, pass primary filters: 12, did not pass the filter by colors: 12, did not pass the filter by options: 0, added: 0, new vincodes: 0
07-07-2012 10:35:03 --- INFO: Lexus GX 470 - found: 88, pass primary filters: 71, did not pass the filter by colors: 54, did not pass the filter by options: 8, added: 9, new vincodes: 0
07-07-2012 10:37:09 --- INFO: Lexus GX 470 - found: 134, pass primary filters: 64, did not pass the filter by colors: 32, did not pass the filter by options: 14, added: 18, new vincodes: 0
07-07-2012 10:38:01 --- INFO: Lexus LX 470 - found: 58, pass primary filters: 40, did not pass the filter by colors: 32, did not pass the filter by options: , added: 8, new vincodes: 0
07-07-2012 10:38:24 --- INFO: Lexus LX 470 - found: 23, pass primary filters: 7, did not pass the filter by colors: 6, did not pass the filter by options: , added: 1, new vincodes: 0
07-07-2012 10:38:39 --- INFO: Toyota Land Cruiser - found: 12, pass primary filters: 11, did not pass the filter by colors: 10, did not pass the filter by options: 0, added: 1, new vincodes: 0
07-07-2012 10:40:06 --- INFO: Toyota 4RUNNER 4WD V6 - found: 95, pass primary filters: 28, did not pass the filter by colors: 13, did not pass the filter by options: , added: 15, new vincodes: 0
07-07-2012 10:42:43 --- INFO: Toyota Highlander 4WD - found: 189, pass primary filters: 5, did not pass the filter by colors: 5, did not pass the filter by options: 0, added: 0, new vincodes: 0
07-07-2012 10:44:49 --- INFO: Toyota Highlander - found: 134, pass primary filters: 0, did not pass the filter by colors: 0, did not pass the filter by options: , added: 0, new vincodes: 0
07-07-2012 10:46:26 --- INFO: Lexus RX 350 - found: 101, pass primary filters: 26, did not pass the filter by colors: 24, did not pass the filter by options: 0, added: 2, new vincodes: 0
07-07-2012 10:48:59 --- INFO: Toyota 4RUNNER Limited V6 - found: 163, pass primary filters: 3, did not pass the filter by colors: 1, did not pass the filter by options: , added: 2, new vincodes: 0
07-07-2012 10:48:59 --- INFO: finish: 07-07-2012 10:48:59
07-07-2012 10:48:59 --- INFO: elapsed time: ~1137.53 sec., memory usage: ~4.99 Mb.
07-07-2012 11:10:01 --- INFO: start: 07-07-2012 11:10:01
07-07-2012 11:10:01 --- INFO: ----------Source_Adesa (cli)
07-07-2012 11:10:02 --- INFO: Authorized request
07-07-2012 11:10:18 --- INFO: Lexus RX 330 - found: 11, pass primary filters: 8, did not pass the filter by colors: 7, did not pass the filter by options: 1, added: 0, new vincodes: 0
07-07-2012 11:10:21 --- INFO: Lexus RX 400H - found: 1, pass primary filters: 1, did not pass the filter by colors: 0, did not pass the filter by options: 0, added: 1, new vincodes: 0
07-07-2012 11:10:26 --- INFO: Lexus GX 470 - found: 2, pass primary filters: 2, did not pass the filter by colors: 1, did not pass the filter by options: 1, added: 0, new vincodes: 0
07-07-2012 11:10:32 --- INFO: Lexus GX 470 - found: 4, pass primary filters: 2, did not pass the filter by colors: 1, did not pass the filter by options: 0, added: 1, new vincodes: 0
07-07-2012 11:10:32 --- INFO: Lexus LX 470 - found: 0, pass primary filters: 0, did not pass the filter by colors: 0, did not pass the filter by options: 0, added: 0, new vincodes: 0
07-07-2012 11:10:32 --- INFO: Lexus LX 470 - found: 0, pass primary filters: 0, did not pass the filter by colors: 0, did not pass the filter by options: 0, added: 0, new vincodes: 0
07-07-2012 11:10:36 --- INFO: Toyota Land Cruiser - found: 2, pass primary filters: 1, did not pass the filter by colors: 1, did not pass the filter by options: 0, added: 0, new vincodes: 0
07-07-2012 11:10:46 --- INFO: Toyota 4RUNNER 4WD V6 - found: 11, pass primary filters: 4, did not pass the filter by colors: 0, did not pass the filter by options: , added: 4, new vincodes: 0
07-07-2012 11:10:47 --- INFO: Toyota Highlander 4WD - found: 14, pass primary filters: 0, did not pass the filter by colors: 0, did not pass the filter by options: 0, added: 0, new vincodes: 0
07-07-2012 11:10:47 --- INFO: Toyota Highlander - found: 2, pass primary filters: 0, did not pass the filter by colors: 0, did not pass the filter by options: 0, added: 0, new vincodes: 0
07-07-2012 11:10:47 --- INFO: Lexus RX 350 - found: 3, pass primary filters: 0, did not pass the filter by colors: 0, did not pass the filter by options: 0, added: 0, new vincodes: 0
07-07-2012 11:10:51 --- INFO: Toyota 4RUNNER Limited V6 - found: 13, pass primary filters: 1, did not pass the filter by colors: 0, did not pass the filter by options: , added: 1, new vincodes: 0
07-07-2012 11:10:51 --- INFO: finish: 07-07-2012 11:10:51
07-07-2012 11:10:51 --- INFO: elapsed time: ~49.25 sec., memory usage: ~2.23 Mb.
07-07-2012 11:40:01 --- INFO: start: 07-07-2012 11:40:01
07-07-2012 11:40:01 --- INFO: ----------Source_Megaavto (cli)
07-07-2012 11:43:06 --- INFO: Lexus RX 330 - found: 200, pass primary filters: 99, did not pass the filter by colors: 87, did not pass the filter by options: 4, added: 8, new vincodes: 0
07-07-2012 11:43:43 --- INFO: Lexus RX 400H - found: 36, pass primary filters: 12, did not pass the filter by colors: 12, did not pass the filter by options: 0, added: 0, new vincodes: 0
07-07-2012 11:45:05 --- INFO: Lexus GX 470 - found: 88, pass primary filters: 71, did not pass the filter by colors: 54, did not pass the filter by options: 8, added: 9, new vincodes: 0
07-07-2012 11:47:10 --- INFO: Lexus GX 470 - found: 134, pass primary filters: 64, did not pass the filter by colors: 32, did not pass the filter by options: 14, added: 18, new vincodes: 0
07-07-2012 11:47:58 --- INFO: Lexus LX 470 - found: 58, pass primary filters: 40, did not pass the filter by colors: 32, did not pass the filter by options: , added: 8, new vincodes: 0
07-07-2012 11:48:20 --- INFO: Lexus LX 470 - found: 23, pass primary filters: 7, did not pass the filter by colors: 6, did not pass the filter by options: , added: 1, new vincodes: 0
07-07-2012 11:48:33 --- INFO: Toyota Land Cruiser - found: 12, pass primary filters: 11, did not pass the filter by colors: 10, did not pass the filter by options: 0, added: 1, new vincodes: 0
07-07-2012 11:49:55 --- INFO: Toyota 4RUNNER 4WD V6 - found: 95, pass primary filters: 28, did not pass the filter by colors: 13, did not pass the filter by options: , added: 15, new vincodes: 0
07-07-2012 11:52:31 --- INFO: Toyota Highlander 4WD - found: 189, pass primary filters: 5, did not pass the filter by colors: 5, did not pass the filter by options: 0, added: 0, new vincodes: 0
07-07-2012 11:54:51 --- INFO: Toyota Highlander - found: 134, pass primary filters: 0, did not pass the filter by colors: 0, did not pass the filter by options: , added: 0, new vincodes: 0
07-07-2012 11:56:32 --- INFO: Lexus RX 350 - found: 101, pass primary filters: 26, did not pass the filter by colors: 24, did not pass the filter by options: 0, added: 2, new vincodes: 0
07-07-2012 11:59:01 --- INFO: Toyota 4RUNNER Limited V6 - found: 163, pass primary filters: 3, did not pass the filter by colors: 1, did not pass the filter by options: , added: 2, new vincodes: 0
07-07-2012 11:59:01 --- INFO: finish: 07-07-2012 11:59:01
07-07-2012 11:59:01 --- INFO: elapsed time: ~1140.17 sec., memory usage: ~4.99 Mb.
07-07-2012 12:20:01 --- INFO: start: 07-07-2012 12:20:01
07-07-2012 12:20:01 --- INFO: ----------Source_Adesa (cli)
07-07-2012 12:20:02 --- INFO: Authorized request
07-07-2012 12:20:18 --- INFO: Lexus RX 330 - found: 11, pass primary filters: 8, did not pass the filter by colors: 7, did not pass the filter by options: 1, added: 0, new vincodes: 0
07-07-2012 12:20:21 --- INFO: Lexus RX 400H - found: 1, pass primary filters: 1, did not pass the filter by colors: 0, did not pass the filter by options: 0, added: 1, new vincodes: 0
07-07-2012 12:20:26 --- INFO: Lexus GX 470 - found: 2, pass primary filters: 2, did not pass the filter by colors: 1, did not pass the filter by options: 1, added: 0, new vincodes: 0
07-07-2012 12:20:32 --- INFO: Lexus GX 470 - found: 4, pass primary filters: 2, did not pass the filter by colors: 1, did not pass the filter by options: 0, added: 1, new vincodes: 0
07-07-2012 12:20:32 --- INFO: Lexus LX 470 - found: 0, pass primary filters: 0, did not pass the filter by colors: 0, did not pass the filter by options: 0, added: 0, new vincodes: 0
07-07-2012 12:20:32 --- INFO: Lexus LX 470 - found: 0, pass primary filters: 0, did not pass the filter by colors: 0, did not pass the filter by options: 0, added: 0, new vincodes: 0
07-07-2012 12:20:36 --- INFO: Toyota Land Cruiser - found: 2, pass primary filters: 1, did not pass the filter by colors: 1, did not pass the filter by options: 0, added: 0, new vincodes: 0
07-07-2012 12:20:46 --- INFO: Toyota 4RUNNER 4WD V6 - found: 11, pass primary filters: 4, did not pass the filter by colors: 0, did not pass the filter by options: , added: 4, new vincodes: 0
07-07-2012 12:20:47 --- INFO: Toyota Highlander 4WD - found: 14, pass primary filters: 0, did not pass the filter by colors: 0, did not pass the filter by options: 0, added: 0, new vincodes: 0
07-07-2012 12:20:47 --- INFO: Toyota Highlander - found: 2, pass primary filters: 0, did not pass the filter by colors: 0, did not pass the filter by options: 0, added: 0, new vincodes: 0
07-07-2012 12:20:47 --- INFO: Lexus RX 350 - found: 3, pass primary filters: 0, did not pass the filter by colors: 0, did not pass the filter by options: 0, added: 0, new vincodes: 0
07-07-2012 12:20:51 --- INFO: Toyota 4RUNNER Limited V6 - found: 13, pass primary filters: 1, did not pass the filter by colors: 0, did not pass the filter by options: , added: 1, new vincodes: 0
07-07-2012 12:20:51 --- INFO: finish: 07-07-2012 12:20:51
07-07-2012 12:20:51 --- INFO: elapsed time: ~50.22 sec., memory usage: ~2.23 Mb.
07-07-2012 13:20:01 --- INFO: start: 07-07-2012 13:20:01
07-07-2012 13:20:01 --- INFO: ----------Source_Adesa (cli)
07-07-2012 13:20:02 --- INFO: Authorized request
07-07-2012 13:20:18 --- INFO: Lexus RX 330 - found: 11, pass primary filters: 8, did not pass the filter by colors: 7, did not pass the filter by options: 1, added: 0, new vincodes: 0
07-07-2012 13:20:22 --- INFO: Lexus RX 400H - found: 1, pass primary filters: 1, did not pass the filter by colors: 0, did not pass the filter by options: 0, added: 1, new vincodes: 0
07-07-2012 13:20:26 --- INFO: Lexus GX 470 - found: 2, pass primary filters: 2, did not pass the filter by colors: 1, did not pass the filter by options: 1, added: 0, new vincodes: 0
07-07-2012 13:20:32 --- INFO: Lexus GX 470 - found: 4, pass primary filters: 2, did not pass the filter by colors: 1, did not pass the filter by options: 0, added: 1, new vincodes: 0
07-07-2012 13:20:32 --- INFO: Lexus LX 470 - found: 0, pass primary filters: 0, did not pass the filter by colors: 0, did not pass the filter by options: 0, added: 0, new vincodes: 0
07-07-2012 13:20:32 --- INFO: Lexus LX 470 - found: 0, pass primary filters: 0, did not pass the filter by colors: 0, did not pass the filter by options: 0, added: 0, new vincodes: 0
07-07-2012 13:20:35 --- INFO: Toyota Land Cruiser - found: 2, pass primary filters: 1, did not pass the filter by colors: 1, did not pass the filter by options: 0, added: 0, new vincodes: 0
07-07-2012 13:20:46 --- INFO: Toyota 4RUNNER 4WD V6 - found: 11, pass primary filters: 4, did not pass the filter by colors: 0, did not pass the filter by options: , added: 4, new vincodes: 0
07-07-2012 13:20:46 --- INFO: Toyota Highlander 4WD - found: 14, pass primary filters: 0, did not pass the filter by colors: 0, did not pass the filter by options: 0, added: 0, new vincodes: 0
07-07-2012 13:20:46 --- INFO: Toyota Highlander - found: 2, pass primary filters: 0, did not pass the filter by colors: 0, did not pass the filter by options: 0, added: 0, new vincodes: 0
07-07-2012 13:20:46 --- INFO: Lexus RX 350 - found: 3, pass primary filters: 0, did not pass the filter by colors: 0, did not pass the filter by options: 0, added: 0, new vincodes: 0
07-07-2012 13:20:50 --- INFO: Toyota 4RUNNER Limited V6 - found: 13, pass primary filters: 1, did not pass the filter by colors: 0, did not pass the filter by options: , added: 1, new vincodes: 0
07-07-2012 13:20:50 --- INFO: finish: 07-07-2012 13:20:50
07-07-2012 13:20:50 --- INFO: elapsed time: ~48.85 sec., memory usage: ~2.23 Mb.
07-07-2012 12:50:01 --- INFO: start: 07-07-2012 12:50:01
07-07-2012 12:50:01 --- INFO: ----------Source_Megaavto (cli)
07-07-2012 12:58:30 --- INFO: Lexus RX 330 - found: 212, pass primary filters: 101, did not pass the filter by colors: 89, did not pass the filter by options: 4, added: 8, new vincodes: 1
07-07-2012 12:59:47 --- INFO: Lexus RX 400H - found: 38, pass primary filters: 12, did not pass the filter by colors: 12, did not pass the filter by options: 0, added: 0, new vincodes: 0
07-07-2012 13:03:10 --- INFO: Lexus GX 470 - found: 90, pass primary filters: 73, did not pass the filter by colors: 56, did not pass the filter by options: 8, added: 9, new vincodes: 1
07-07-2012 13:08:31 --- INFO: Lexus GX 470 - found: 147, pass primary filters: 67, did not pass the filter by colors: 34, did not pass the filter by options: 14, added: 19, new vincodes: 1
07-07-2012 13:10:33 --- INFO: Lexus LX 470 - found: 62, pass primary filters: 43, did not pass the filter by colors: 35, did not pass the filter by options: , added: 8, new vincodes: 0
07-07-2012 13:11:01 --- INFO: Lexus LX 470 - found: 27, pass primary filters: 7, did not pass the filter by colors: 6, did not pass the filter by options: , added: 1, new vincodes: 0
07-07-2012 13:11:36 --- INFO: Toyota Land Cruiser - found: 16, pass primary filters: 14, did not pass the filter by colors: 12, did not pass the filter by options: 0, added: 2, new vincodes: 2
07-07-2012 13:15:19 --- INFO: Toyota 4RUNNER 4WD V6 - found: 99, pass primary filters: 29, did not pass the filter by colors: 14, did not pass the filter by options: , added: 15, new vincodes: 1
07-07-2012 13:22:08 --- INFO: Toyota Highlander 4WD - found: 198, pass primary filters: 6, did not pass the filter by colors: 6, did not pass the filter by options: 0, added: 0, new vincodes: 0
07-07-2012 13:27:35 --- INFO: Toyota Highlander - found: 142, pass primary filters: 0, did not pass the filter by colors: 0, did not pass the filter by options: , added: 0, new vincodes: 0
07-07-2012 13:32:16 --- INFO: Lexus RX 350 - found: 111, pass primary filters: 27, did not pass the filter by colors: 25, did not pass the filter by options: 0, added: 2, new vincodes: 0
07-07-2012 13:36:48 --- INFO: Toyota 4RUNNER Limited V6 - found: 172, pass primary filters: 3, did not pass the filter by colors: 1, did not pass the filter by options: , added: 2, new vincodes: 0
07-07-2012 13:36:48 --- INFO: finish: 07-07-2012 13:36:48
07-07-2012 13:36:48 --- INFO: elapsed time: ~2806.58 sec., memory usage: ~5.18 Mb.
07-07-2012 13:50:01 --- INFO: start: 07-07-2012 13:50:01
07-07-2012 13:50:01 --- INFO: ----------Source_Megaavto (cli)
07-07-2012 13:53:01 --- INFO: Lexus RX 330 - found: 212, pass primary filters: 101, did not pass the filter by colors: 89, did not pass the filter by options: 4, added: 8, new vincodes: 0
07-07-2012 13:53:37 --- INFO: Lexus RX 400H - found: 38, pass primary filters: 12, did not pass the filter by colors: 12, did not pass the filter by options: 0, added: 0, new vincodes: 0
07-07-2012 13:55:04 --- INFO: Lexus GX 470 - found: 90, pass primary filters: 73, did not pass the filter by colors: 57, did not pass the filter by options: 8, added: 8, new vincodes: 0
07-07-2012 13:57:15 --- INFO: Lexus GX 470 - found: 147, pass primary filters: 67, did not pass the filter by colors: 34, did not pass the filter by options: 14, added: 19, new vincodes: 0
07-07-2012 13:58:06 --- INFO: Lexus LX 470 - found: 62, pass primary filters: 43, did not pass the filter by colors: 35, did not pass the filter by options: , added: 8, new vincodes: 0
07-07-2012 13:58:31 --- INFO: Lexus LX 470 - found: 27, pass primary filters: 7, did not pass the filter by colors: 6, did not pass the filter by options: , added: 1, new vincodes: 0
07-07-2012 13:58:47 --- INFO: Toyota Land Cruiser - found: 16, pass primary filters: 14, did not pass the filter by colors: 12, did not pass the filter by options: 0, added: 2, new vincodes: 0
07-07-2012 14:00:14 --- INFO: Toyota 4RUNNER 4WD V6 - found: 99, pass primary filters: 29, did not pass the filter by colors: 14, did not pass the filter by options: , added: 15, new vincodes: 0
07-07-2012 14:02:50 --- INFO: Toyota Highlander 4WD - found: 198, pass primary filters: 6, did not pass the filter by colors: 6, did not pass the filter by options: 0, added: 0, new vincodes: 0
07-07-2012 14:04:55 --- INFO: Toyota Highlander - found: 142, pass primary filters: 0, did not pass the filter by colors: 0, did not pass the filter by options: , added: 0, new vincodes: 0
07-07-2012 14:06:36 --- INFO: Lexus RX 350 - found: 111, pass primary filters: 27, did not pass the filter by colors: 25, did not pass the filter by options: 0, added: 2, new vincodes: 0
07-07-2012 14:09:10 --- INFO: Toyota 4RUNNER Limited V6 - found: 172, pass primary filters: 3, did not pass the filter by colors: 1, did not pass the filter by options: , added: 2, new vincodes: 0
07-07-2012 14:09:10 --- INFO: finish: 07-07-2012 14:09:10
07-07-2012 14:09:10 --- INFO: elapsed time: ~1148.56 sec., memory usage: ~5.12 Mb.
07-07-2012 16:10:01 --- INFO: start: 07-07-2012 16:10:01
07-07-2012 16:10:01 --- INFO: ----------Source_Adesa (cli)
07-07-2012 16:10:03 --- INFO: Authorized request
07-07-2012 16:10:19 --- INFO: Lexus RX 330 - found: 11, pass primary filters: 8, did not pass the filter by colors: 7, did not pass the filter by options: 1, added: 0, new vincodes: 0
07-07-2012 16:10:22 --- INFO: Lexus RX 400H - found: 1, pass primary filters: 1, did not pass the filter by colors: 0, did not pass the filter by options: 0, added: 1, new vincodes: 0
07-07-2012 16:10:27 --- INFO: Lexus GX 470 - found: 2, pass primary filters: 2, did not pass the filter by colors: 1, did not pass the filter by options: 1, added: 0, new vincodes: 0
07-07-2012 16:10:33 --- INFO: Lexus GX 470 - found: 4, pass primary filters: 2, did not pass the filter by colors: 1, did not pass the filter by options: 0, added: 1, new vincodes: 0
07-07-2012 16:10:33 --- INFO: Lexus LX 470 - found: 0, pass primary filters: 0, did not pass the filter by colors: 0, did not pass the filter by options: 0, added: 0, new vincodes: 0
07-07-2012 16:10:33 --- INFO: Lexus LX 470 - found: 0, pass primary filters: 0, did not pass the filter by colors: 0, did not pass the filter by options: 0, added: 0, new vincodes: 0
07-07-2012 16:10:37 --- INFO: Toyota Land Cruiser - found: 2, pass primary filters: 1, did not pass the filter by colors: 1, did not pass the filter by options: 0, added: 0, new vincodes: 0
07-07-2012 16:10:47 --- INFO: Toyota 4RUNNER 4WD V6 - found: 11, pass primary filters: 4, did not pass the filter by colors: 0, did not pass the filter by options: , added: 4, new vincodes: 0
07-07-2012 16:10:47 --- INFO: Toyota Highlander 4WD - found: 14, pass primary filters: 0, did not pass the filter by colors: 0, did not pass the filter by options: 0, added: 0, new vincodes: 0
07-07-2012 16:10:48 --- INFO: Toyota Highlander - found: 2, pass primary filters: 0, did not pass the filter by colors: 0, did not pass the filter by options: 0, added: 0, new vincodes: 0
07-07-2012 16:10:48 --- INFO: Lexus RX 350 - found: 3, pass primary filters: 0, did not pass the filter by colors: 0, did not pass the filter by options: 0, added: 0, new vincodes: 0
07-07-2012 16:10:52 --- INFO: Toyota 4RUNNER Limited V6 - found: 13, pass primary filters: 1, did not pass the filter by colors: 0, did not pass the filter by options: , added: 1, new vincodes: 0
07-07-2012 16:10:52 --- INFO: finish: 07-07-2012 16:10:52
07-07-2012 16:10:52 --- INFO: elapsed time: ~50.87 sec., memory usage: ~2.23 Mb.
07-07-2012 16:40:01 --- INFO: start: 07-07-2012 16:40:01
07-07-2012 16:40:01 --- INFO: ----------Source_Megaavto (cli)
07-07-2012 16:47:17 --- INFO: Lexus RX 330 - found: 217, pass primary filters: 108, did not pass the filter by colors: 98, did not pass the filter by options: 4, added: 6, new vincodes: 0
07-07-2012 16:48:33 --- INFO: Lexus RX 400H - found: 40, pass primary filters: 12, did not pass the filter by colors: 12, did not pass the filter by options: 0, added: 0, new vincodes: 0
07-07-2012 16:51:47 --- INFO: Lexus GX 470 - found: 92, pass primary filters: 72, did not pass the filter by colors: 56, did not pass the filter by options: 8, added: 8, new vincodes: 0
07-07-2012 16:56:51 --- INFO: Lexus GX 470 - found: 152, pass primary filters: 69, did not pass the filter by colors: 35, did not pass the filter by options: 14, added: 20, new vincodes: 1
07-07-2012 16:58:47 --- INFO: Lexus LX 470 - found: 62, pass primary filters: 43, did not pass the filter by colors: 35, did not pass the filter by options: , added: 8, new vincodes: 0
07-07-2012 16:59:14 --- INFO: Lexus LX 470 - found: 27, pass primary filters: 7, did not pass the filter by colors: 6, did not pass the filter by options: , added: 1, new vincodes: 0
07-07-2012 16:59:46 --- INFO: Toyota Land Cruiser - found: 16, pass primary filters: 14, did not pass the filter by colors: 12, did not pass the filter by options: 0, added: 2, new vincodes: 0
07-07-2012 17:03:19 --- INFO: Toyota 4RUNNER 4WD V6 - found: 102, pass primary filters: 30, did not pass the filter by colors: 15, did not pass the filter by options: , added: 15, new vincodes: 0
07-07-2012 17:09:48 --- INFO: Toyota Highlander 4WD - found: 200, pass primary filters: 6, did not pass the filter by colors: 6, did not pass the filter by options: 0, added: 0, new vincodes: 0
07-07-2012 17:14:42 --- INFO: Toyota Highlander - found: 142, pass primary filters: 0, did not pass the filter by colors: 0, did not pass the filter by options: , added: 0, new vincodes: 0
07-07-2012 17:19:19 --- INFO: Lexus RX 350 - found: 116, pass primary filters: 30, did not pass the filter by colors: 28, did not pass the filter by options: 0, added: 2, new vincodes: 1
07-07-2012 17:23:42 --- INFO: Toyota 4RUNNER Limited V6 - found: 176, pass primary filters: 3, did not pass the filter by colors: 1, did not pass the filter by options: , added: 2, new vincodes: 0
07-07-2012 17:23:42 --- INFO: finish: 07-07-2012 17:23:42
07-07-2012 17:23:42 --- INFO: elapsed time: ~2620.92 sec., memory usage: ~5.23 Mb.
07-07-2012 18:10:01 --- INFO: start: 07-07-2012 18:10:01
07-07-2012 18:10:01 --- INFO: ----------Source_Adesa (cli)
07-07-2012 18:10:02 --- INFO: Authorized request
07-07-2012 18:10:18 --- INFO: Lexus RX 330 - found: 11, pass primary filters: 8, did not pass the filter by colors: 7, did not pass the filter by options: 1, added: 0, new vincodes: 0
07-07-2012 18:10:22 --- INFO: Lexus RX 400H - found: 1, pass primary filters: 1, did not pass the filter by colors: 0, did not pass the filter by options: 0, added: 1, new vincodes: 0
07-07-2012 18:10:27 --- INFO: Lexus GX 470 - found: 2, pass primary filters: 2, did not pass the filter by colors: 1, did not pass the filter by options: 1, added: 0, new vincodes: 0
07-07-2012 18:10:32 --- INFO: Lexus GX 470 - found: 4, pass primary filters: 2, did not pass the filter by colors: 1, did not pass the filter by options: 0, added: 1, new vincodes: 0
07-07-2012 18:10:33 --- INFO: Lexus LX 470 - found: 0, pass primary filters: 0, did not pass the filter by colors: 0, did not pass the filter by options: 0, added: 0, new vincodes: 0
07-07-2012 18:10:33 --- INFO: Lexus LX 470 - found: 0, pass primary filters: 0, did not pass the filter by colors: 0, did not pass the filter by options: 0, added: 0, new vincodes: 0
07-07-2012 18:10:36 --- INFO: Toyota Land Cruiser - found: 2, pass primary filters: 1, did not pass the filter by colors: 1, did not pass the filter by options: 0, added: 0, new vincodes: 0
07-07-2012 18:10:47 --- INFO: Toyota 4RUNNER 4WD V6 - found: 11, pass primary filters: 4, did not pass the filter by colors: 0, did not pass the filter by options: , added: 4, new vincodes: 0
07-07-2012 18:10:47 --- INFO: Toyota Highlander 4WD - found: 14, pass primary filters: 0, did not pass the filter by colors: 0, did not pass the filter by options: 0, added: 0, new vincodes: 0
07-07-2012 18:10:48 --- INFO: Toyota Highlander - found: 2, pass primary filters: 0, did not pass the filter by colors: 0, did not pass the filter by options: 0, added: 0, new vincodes: 0
07-07-2012 18:10:48 --- INFO: Lexus RX 350 - found: 3, pass primary filters: 0, did not pass the filter by colors: 0, did not pass the filter by options: 0, added: 0, new vincodes: 0
07-07-2012 18:10:51 --- INFO: Toyota 4RUNNER Limited V6 - found: 13, pass primary filters: 1, did not pass the filter by colors: 0, did not pass the filter by options: , added: 1, new vincodes: 0
07-07-2012 18:10:51 --- INFO: finish: 07-07-2012 18:10:51
07-07-2012 18:10:51 --- INFO: elapsed time: ~50.61 sec., memory usage: ~2.23 Mb.
07-07-2012 18:40:01 --- INFO: start: 07-07-2012 18:40:01
07-07-2012 18:40:01 --- INFO: ----------Source_Megaavto (cli)
07-07-2012 18:43:26 --- INFO: Lexus RX 330 - found: 217, pass primary filters: 108, did not pass the filter by colors: 97, did not pass the filter by options: 4, added: 7, new vincodes: 0
07-07-2012 18:44:04 --- INFO: Lexus RX 400H - found: 40, pass primary filters: 12, did not pass the filter by colors: 12, did not pass the filter by options: 0, added: 0, new vincodes: 0
07-07-2012 18:45:31 --- INFO: Lexus GX 470 - found: 92, pass primary filters: 72, did not pass the filter by colors: 55, did not pass the filter by options: 8, added: 9, new vincodes: 0
07-07-2012 18:47:56 --- INFO: Lexus GX 470 - found: 152, pass primary filters: 69, did not pass the filter by colors: 36, did not pass the filter by options: 14, added: 19, new vincodes: 0
07-07-2012 18:48:53 --- INFO: Lexus LX 470 - found: 62, pass primary filters: 43, did not pass the filter by colors: 35, did not pass the filter by options: , added: 8, new vincodes: 0
07-07-2012 18:49:18 --- INFO: Lexus LX 470 - found: 27, pass primary filters: 7, did not pass the filter by colors: 6, did not pass the filter by options: , added: 1, new vincodes: 0
07-07-2012 18:49:34 --- INFO: Toyota Land Cruiser - found: 16, pass primary filters: 14, did not pass the filter by colors: 12, did not pass the filter by options: 0, added: 2, new vincodes: 0
07-07-2012 18:51:10 --- INFO: Toyota 4RUNNER 4WD V6 - found: 102, pass primary filters: 30, did not pass the filter by colors: 14, did not pass the filter by options: , added: 16, new vincodes: 0
07-07-2012 18:53:53 --- INFO: Toyota Highlander 4WD - found: 200, pass primary filters: 6, did not pass the filter by colors: 6, did not pass the filter by options: 0, added: 0, new vincodes: 0
07-07-2012 18:56:06 --- INFO: Toyota Highlander - found: 142, pass primary filters: 0, did not pass the filter by colors: 0, did not pass the filter by options: , added: 0, new vincodes: 0
07-07-2012 18:57:54 --- INFO: Lexus RX 350 - found: 116, pass primary filters: 30, did not pass the filter by colors: 28, did not pass the filter by options: 0, added: 2, new vincodes: 0
07-07-2012 19:00:28 --- INFO: Toyota 4RUNNER Limited V6 - found: 176, pass primary filters: 3, did not pass the filter by colors: 1, did not pass the filter by options: , added: 2, new vincodes: 0
07-07-2012 19:00:28 --- INFO: finish: 07-07-2012 19:00:28
07-07-2012 19:00:28 --- INFO: elapsed time: ~1227.05 sec., memory usage: ~5.2 Mb.