
07-03-2012 05:10:01 --- INFO: start: 07-03-2012 05:10:01
07-03-2012 05:10:01 --- INFO: ----------Source_Adesa (cli)
07-03-2012 05:10:03 --- INFO: Authorized request
07-03-2012 05:10:12 --- INFO: Lexus RX 300 - found: 10, pass primary filters: 5, did not pass the filter by color: 5, added: 0, new vincodes: 0
07-03-2012 05:10:29 --- INFO: Lexus RX 330 - found: 13, pass primary filters: 7, did not pass the filter by color: 7, added: 0, new vincodes: 0
07-03-2012 05:10:45 --- INFO: Lexus RX 400H - found: 2, pass primary filters: 1, did not pass the filter by color: 1, added: 0, new vincodes: 1
07-03-2012 05:10:51 --- INFO: Lexus GX 470 - found: 4, pass primary filters: 4, did not pass the filter by color: 3, added: 1, new vincodes: 0
07-03-2012 05:11:19 --- INFO: Lexus GX 470 - found: 8, pass primary filters: 6, did not pass the filter by color: 4, added: 2, new vincodes: 0
07-03-2012 05:11:35 --- INFO: Lexus LX 470 - found: 2, pass primary filters: 2, did not pass the filter by color: 2, added: 0, new vincodes: 0
07-03-2012 05:11:35 --- INFO: Lexus LX 470 - found: 0, pass primary filters: 0, did not pass the filter by color: 0, added: 0, new vincodes: 0
07-03-2012 05:11:35 --- INFO: Toyota Land Cruiser - found: 0, pass primary filters: 0, did not pass the filter by color: 0, added: 0, new vincodes: 0
07-03-2012 05:11:39 --- INFO: Honda CR-V - found: 12, pass primary filters: 1, did not pass the filter by color: 0, added: 1, new vincodes: 0
07-03-2012 05:11:55 --- INFO: Honda CR-V - found: 4, pass primary filters: 1, did not pass the filter by color: 0, added: 1, new vincodes: 1
07-03-2012 05:11:59 --- INFO: Mitsubishi Montero 4WD Limited - found: 18, pass primary filters: 1, did not pass the filter by color: 1, added: 0, new vincodes: 0
07-03-2012 05:12:11 --- INFO: Toyota 4RUNNER 4WD V6 - found: 14, pass primary filters: 4, did not pass the filter by color: 1, added: 3, new vincodes: 0
07-03-2012 05:12:45 --- INFO: Toyota RAV 4 - found: 19, pass primary filters: 10, did not pass the filter by color: 9, added: 1, new vincodes: 0
07-03-2012 05:12:49 --- INFO: Toyota Highlander 4WD - found: 32, pass primary filters: 1, did not pass the filter by color: 1, added: 0, new vincodes: 0
07-03-2012 05:13:02 --- INFO: Toyota Highlander - found: 22, pass primary filters: 5, did not pass the filter by color: 5, added: 0, new vincodes: 0
07-03-2012 05:13:05 --- INFO: Lexus RX 350 - found: 2, pass primary filters: 1, did not pass the filter by color: 1, added: 0, new vincodes: 0
07-03-2012 05:13:34 --- INFO: Toyota 4RUNNER Limited V6 - found: 14, pass primary filters: 2, did not pass the filter by color: 2, added: 0, new vincodes: 0
07-03-2012 05:13:34 --- INFO: finish: 07-03-2012 05:13:34
07-03-2012 05:13:34 --- INFO: elapsed time: ~212.59 sec., memory usage: ~2.41 Mb.
07-03-2012 05:40:01 --- INFO: start: 07-03-2012 05:40:01
07-03-2012 05:40:01 --- INFO: ----------Source_Gsmotors (cli)
07-03-2012 05:43:40 --- INFO: Lexus RX 300 - found: 53, pass primary filters: 27, did not pass the filter by color: 23, added: 4, new vincodes: 5
07-03-2012 05:55:22 --- INFO: Lexus RX 330 - found: 196, pass primary filters: 82, did not pass the filter by color: 74, added: 8, new vincodes: 15
07-03-2012 05:57:03 --- INFO: Lexus RX 400H - found: 38, pass primary filters: 5, did not pass the filter by color: 5, added: 0, new vincodes: 0
07-03-2012 06:03:06 --- INFO: Lexus GX 470 - found: 94, pass primary filters: 65, did not pass the filter by color: 51, added: 14, new vincodes: 6
07-03-2012 06:12:17 --- INFO: Lexus GX 470 - found: 139, pass primary filters: 71, did not pass the filter by color: 58, added: 13, new vincodes: 12
07-03-2012 06:16:04 --- INFO: Lexus LX 470 - found: 54, pass primary filters: 38, did not pass the filter by color: 31, added: 7, new vincodes: 3
07-03-2012 06:16:55 --- INFO: Lexus LX 470 - found: 23, pass primary filters: 3, did not pass the filter by color: 3, added: 0, new vincodes: 0
07-03-2012 06:18:25 --- INFO: Toyota Land Cruiser - found: 33, pass primary filters: 23, did not pass the filter by color: 20, added: 3, new vincodes: 0
07-03-2012 06:22:01 --- INFO: Honda CR-V - found: 68, pass primary filters: 0, did not pass the filter by color: 0, added: 0, new vincodes: 0
07-03-2012 06:30:32 --- INFO: Honda CR-V - found: 155, pass primary filters: 3, did not pass the filter by color: 0, added: 3, new vincodes: 1
07-03-2012 06:33:22 --- INFO: Mitsubishi Montero 4WD Limited - found: 49, pass primary filters: 10, did not pass the filter by color: 10, added: 0, new vincodes: 0
07-03-2012 06:39:09 --- INFO: Toyota 4RUNNER 4WD V6 - found: 106, pass primary filters: 18, did not pass the filter by color: 14, added: 4, new vincodes: 1
07-03-2012 06:42:47 --- INFO: Toyota RAV 4 - found: 58, pass primary filters: 24, did not pass the filter by color: 18, added: 6, new vincodes: 7
07-03-2012 06:49:01 --- INFO: Toyota Highlander 4WD - found: 123, pass primary filters: 3, did not pass the filter by color: 2, added: 1, new vincodes: 0
07-03-2012 06:52:02 --- INFO: Toyota Highlander - found: 82, pass primary filters: 10, did not pass the filter by color: 7, added: 3, new vincodes: 0
07-03-2012 06:58:03 --- INFO: Lexus RX 350 - found: 110, pass primary filters: 18, did not pass the filter by color: 16, added: 2, new vincodes: 5
07-03-2012 07:01:45 --- INFO: Toyota 4RUNNER Limited V6 - found: 106, pass primary filters: 3, did not pass the filter by color: 3, added: 0, new vincodes: 0
07-03-2012 07:01:45 --- INFO: finish: 07-03-2012 07:01:45
07-03-2012 07:01:45 --- INFO: elapsed time: ~4903.52 sec., memory usage: ~5.3 Mb.
07-03-2012 07:10:01 --- INFO: start: 07-03-2012 07:10:01
07-03-2012 07:10:01 --- INFO: ----------Source_Adesa (cli)
07-03-2012 07:10:02 --- INFO: Authorized request
07-03-2012 07:10:12 --- INFO: Lexus RX 300 - found: 10, pass primary filters: 5, did not pass the filter by color: 5, added: 0, new vincodes: 0
07-03-2012 07:10:29 --- INFO: Lexus RX 330 - found: 13, pass primary filters: 7, did not pass the filter by color: 7, added: 0, new vincodes: 0
07-03-2012 07:10:32 --- INFO: Lexus RX 400H - found: 2, pass primary filters: 1, did not pass the filter by color: 1, added: 0, new vincodes: 0
07-03-2012 07:10:39 --- INFO: Lexus GX 470 - found: 4, pass primary filters: 4, did not pass the filter by color: 3, added: 1, new vincodes: 0
07-03-2012 07:10:54 --- INFO: Lexus GX 470 - found: 8, pass primary filters: 6, did not pass the filter by color: 4, added: 2, new vincodes: 0
07-03-2012 07:10:59 --- INFO: Lexus LX 470 - found: 2, pass primary filters: 2, did not pass the filter by color: 2, added: 0, new vincodes: 0
07-03-2012 07:10:59 --- INFO: Lexus LX 470 - found: 0, pass primary filters: 0, did not pass the filter by color: 0, added: 0, new vincodes: 0
07-03-2012 07:10:59 --- INFO: Toyota Land Cruiser - found: 0, pass primary filters: 0, did not pass the filter by color: 0, added: 0, new vincodes: 0
07-03-2012 07:11:03 --- INFO: Honda CR-V - found: 12, pass primary filters: 1, did not pass the filter by color: 0, added: 1, new vincodes: 0
07-03-2012 07:11:06 --- INFO: Honda CR-V - found: 4, pass primary filters: 1, did not pass the filter by color: 0, added: 1, new vincodes: 0
07-03-2012 07:11:10 --- INFO: Mitsubishi Montero 4WD Limited - found: 18, pass primary filters: 1, did not pass the filter by color: 1, added: 0, new vincodes: 0
07-03-2012 07:11:22 --- INFO: Toyota 4RUNNER 4WD V6 - found: 14, pass primary filters: 4, did not pass the filter by color: 1, added: 3, new vincodes: 0
07-03-2012 07:11:50 --- INFO: Toyota RAV 4 - found: 19, pass primary filters: 11, did not pass the filter by color: 10, added: 1, new vincodes: 1
07-03-2012 07:11:54 --- INFO: Toyota Highlander 4WD - found: 32, pass primary filters: 1, did not pass the filter by color: 1, added: 0, new vincodes: 0
07-03-2012 07:12:08 --- INFO: Toyota Highlander - found: 22, pass primary filters: 5, did not pass the filter by color: 5, added: 0, new vincodes: 0
07-03-2012 07:12:10 --- INFO: Lexus RX 350 - found: 2, pass primary filters: 1, did not pass the filter by color: 1, added: 0, new vincodes: 0
07-03-2012 07:12:13 --- INFO: Toyota 4RUNNER Limited V6 - found: 14, pass primary filters: 2, did not pass the filter by color: 2, added: 0, new vincodes: 0
07-03-2012 07:12:13 --- INFO: finish: 07-03-2012 07:12:13
07-03-2012 07:12:13 --- INFO: elapsed time: ~131.82 sec., memory usage: ~2.39 Mb.
07-03-2012 08:10:01 --- INFO: start: 07-03-2012 08:10:01
07-03-2012 08:10:01 --- INFO: ----------Source_Adesa (cli)
07-03-2012 08:10:02 --- INFO: Authorized request
07-03-2012 08:10:13 --- INFO: Lexus RX 300 - found: 10, pass primary filters: 5, did not pass the filter by color: 5, added: 0, new vincodes: 0
07-03-2012 08:10:48 --- INFO: Lexus RX 330 - found: 14, pass primary filters: 9, did not pass the filter by color: 9, added: 0, new vincodes: 1
07-03-2012 08:10:51 --- INFO: Lexus RX 400H - found: 2, pass primary filters: 1, did not pass the filter by color: 1, added: 0, new vincodes: 0
07-03-2012 08:10:58 --- INFO: Lexus GX 470 - found: 4, pass primary filters: 4, did not pass the filter by color: 3, added: 1, new vincodes: 0
07-03-2012 08:11:15 --- INFO: Lexus GX 470 - found: 8, pass primary filters: 6, did not pass the filter by color: 4, added: 2, new vincodes: 0
07-03-2012 08:11:19 --- INFO: Lexus LX 470 - found: 2, pass primary filters: 2, did not pass the filter by color: 2, added: 0, new vincodes: 0
07-03-2012 08:11:19 --- INFO: Lexus LX 470 - found: 0, pass primary filters: 0, did not pass the filter by color: 0, added: 0, new vincodes: 0
07-03-2012 08:11:19 --- INFO: Toyota Land Cruiser - found: 0, pass primary filters: 0, did not pass the filter by color: 0, added: 0, new vincodes: 0
07-03-2012 08:11:23 --- INFO: Honda CR-V - found: 14, pass primary filters: 1, did not pass the filter by color: 0, added: 1, new vincodes: 0
07-03-2012 08:11:27 --- INFO: Honda CR-V - found: 4, pass primary filters: 1, did not pass the filter by color: 0, added: 1, new vincodes: 0
07-03-2012 08:11:34 --- INFO: Mitsubishi Montero 4WD Limited - found: 22, pass primary filters: 2, did not pass the filter by color: 2, added: 0, new vincodes: 1
07-03-2012 08:11:46 --- INFO: Toyota 4RUNNER 4WD V6 - found: 14, pass primary filters: 4, did not pass the filter by color: 1, added: 3, new vincodes: 0
07-03-2012 08:12:15 --- INFO: Toyota RAV 4 - found: 19, pass primary filters: 11, did not pass the filter by color: 10, added: 1, new vincodes: 0
07-03-2012 08:12:19 --- INFO: Toyota Highlander 4WD - found: 35, pass primary filters: 1, did not pass the filter by color: 1, added: 0, new vincodes: 0
07-03-2012 08:12:35 --- INFO: Toyota Highlander - found: 25, pass primary filters: 6, did not pass the filter by color: 6, added: 0, new vincodes: 1
07-03-2012 08:12:37 --- INFO: Lexus RX 350 - found: 2, pass primary filters: 1, did not pass the filter by color: 1, added: 0, new vincodes: 0
07-03-2012 08:12:38 --- INFO: Toyota 4RUNNER Limited V6 - found: 14, pass primary filters: 2, did not pass the filter by color: 2, added: 0, new vincodes: 0
07-03-2012 08:12:38 --- INFO: finish: 07-03-2012 08:12:38
07-03-2012 08:12:38 --- INFO: elapsed time: ~157.13 sec., memory usage: ~2.49 Mb.
07-03-2012 07:40:01 --- INFO: start: 07-03-2012 07:40:01
07-03-2012 07:40:01 --- INFO: ----------Source_Gsmotors (cli)
07-03-2012 07:41:58 --- INFO: Lexus RX 300 - found: 53, pass primary filters: 27, did not pass the filter by color: 23, added: 4, new vincodes: 0
07-03-2012 07:49:33 --- INFO: Lexus RX 330 - found: 196, pass primary filters: 82, did not pass the filter by color: 74, added: 8, new vincodes: 0
07-03-2012 07:50:50 --- INFO: Lexus RX 400H - found: 38, pass primary filters: 5, did not pass the filter by color: 5, added: 0, new vincodes: 0
07-03-2012 07:54:13 --- INFO: Lexus GX 470 - found: 94, pass primary filters: 65, did not pass the filter by color: 51, added: 14, new vincodes: 0
07-03-2012 07:59:15 --- INFO: Lexus GX 470 - found: 139, pass primary filters: 71, did not pass the filter by color: 58, added: 13, new vincodes: 0
07-03-2012 08:01:15 --- INFO: Lexus LX 470 - found: 54, pass primary filters: 38, did not pass the filter by color: 31, added: 7, new vincodes: 0
07-03-2012 08:02:09 --- INFO: Lexus LX 470 - found: 23, pass primary filters: 3, did not pass the filter by color: 3, added: 0, new vincodes: 0
07-03-2012 08:03:12 --- INFO: Toyota Land Cruiser - found: 33, pass primary filters: 23, did not pass the filter by color: 20, added: 3, new vincodes: 0
07-03-2012 08:05:54 --- INFO: Honda CR-V - found: 68, pass primary filters: 0, did not pass the filter by color: 0, added: 0, new vincodes: 0
07-03-2012 08:12:06 --- INFO: Honda CR-V - found: 155, pass primary filters: 3, did not pass the filter by color: 0, added: 3, new vincodes: 0
07-03-2012 08:14:22 --- INFO: Mitsubishi Montero 4WD Limited - found: 49, pass primary filters: 10, did not pass the filter by color: 10, added: 0, new vincodes: 0
07-03-2012 08:18:50 --- INFO: Toyota 4RUNNER 4WD V6 - found: 106, pass primary filters: 18, did not pass the filter by color: 14, added: 4, new vincodes: 0
07-03-2012 08:21:14 --- INFO: Toyota RAV 4 - found: 58, pass primary filters: 24, did not pass the filter by color: 18, added: 6, new vincodes: 0
07-03-2012 08:26:15 --- INFO: Toyota Highlander 4WD - found: 123, pass primary filters: 3, did not pass the filter by color: 2, added: 1, new vincodes: 0
07-03-2012 08:29:46 --- INFO: Toyota Highlander - found: 82, pass primary filters: 10, did not pass the filter by color: 7, added: 3, new vincodes: 0
07-03-2012 08:34:16 --- INFO: Lexus RX 350 - found: 110, pass primary filters: 18, did not pass the filter by color: 16, added: 2, new vincodes: 0
07-03-2012 08:38:38 --- INFO: Toyota 4RUNNER Limited V6 - found: 106, pass primary filters: 3, did not pass the filter by color: 3, added: 0, new vincodes: 0
07-03-2012 08:38:38 --- INFO: finish: 07-03-2012 08:38:38
07-03-2012 08:38:38 --- INFO: elapsed time: ~3516.88 sec., memory usage: ~5.02 Mb.
07-03-2012 09:00:01 --- INFO: start: 07-03-2012 09:00:01
07-03-2012 09:00:01 --- INFO: ----------Source_Adesa (cli)
07-03-2012 09:00:01 --- INFO: Authorized request
07-03-2012 09:00:19 --- INFO: Lexus RX 300 - found: 12, pass primary filters: 7, did not pass the filter by color: 6, added: 1, new vincodes: 0
07-03-2012 09:00:40 --- INFO: Lexus RX 330 - found: 14, pass primary filters: 9, did not pass the filter by color: 9, added: 0, new vincodes: 0
07-03-2012 09:00:44 --- INFO: Lexus RX 400H - found: 2, pass primary filters: 1, did not pass the filter by color: 1, added: 0, new vincodes: 0
07-03-2012 09:00:56 --- INFO: Lexus GX 470 - found: 5, pass primary filters: 5, did not pass the filter by color: 4, added: 1, new vincodes: 1
07-03-2012 09:01:08 --- INFO: Lexus GX 470 - found: 8, pass primary filters: 5, did not pass the filter by color: 3, added: 2, new vincodes: 0
07-03-2012 09:01:12 --- INFO: Lexus LX 470 - found: 2, pass primary filters: 2, did not pass the filter by color: 2, added: 0, new vincodes: 0
07-03-2012 09:01:13 --- INFO: Lexus LX 470 - found: 0, pass primary filters: 0, did not pass the filter by color: 0, added: 0, new vincodes: 0
07-03-2012 09:01:13 --- INFO: Toyota Land Cruiser - found: 0, pass primary filters: 0, did not pass the filter by color: 0, added: 0, new vincodes: 0
07-03-2012 09:01:17 --- INFO: Honda CR-V - found: 15, pass primary filters: 1, did not pass the filter by color: 0, added: 1, new vincodes: 0
07-03-2012 09:01:21 --- INFO: Honda CR-V - found: 4, pass primary filters: 1, did not pass the filter by color: 0, added: 1, new vincodes: 0
07-03-2012 09:01:27 --- INFO: Mitsubishi Montero 4WD Limited - found: 23, pass primary filters: 2, did not pass the filter by color: 2, added: 0, new vincodes: 0
07-03-2012 09:01:40 --- INFO: Toyota 4RUNNER 4WD V6 - found: 14, pass primary filters: 4, did not pass the filter by color: 1, added: 3, new vincodes: 0
07-03-2012 09:02:08 --- INFO: Toyota RAV 4 - found: 20, pass primary filters: 11, did not pass the filter by color: 10, added: 1, new vincodes: 0
07-03-2012 09:02:12 --- INFO: Toyota Highlander 4WD - found: 35, pass primary filters: 1, did not pass the filter by color: 1, added: 0, new vincodes: 0
07-03-2012 09:02:26 --- INFO: Toyota Highlander - found: 25, pass primary filters: 6, did not pass the filter by color: 6, added: 0, new vincodes: 0
07-03-2012 09:02:29 --- INFO: Lexus RX 350 - found: 3, pass primary filters: 1, did not pass the filter by color: 1, added: 0, new vincodes: 0
07-03-2012 09:02:31 --- INFO: Toyota 4RUNNER Limited V6 - found: 14, pass primary filters: 2, did not pass the filter by color: 2, added: 0, new vincodes: 0
07-03-2012 09:02:31 --- INFO: finish: 07-03-2012 09:02:31
07-03-2012 09:02:31 --- INFO: elapsed time: ~150.2 sec., memory usage: ~2.46 Mb.
07-03-2012 08:40:01 --- INFO: start: 07-03-2012 08:40:01
07-03-2012 08:40:01 --- INFO: ----------Source_Gsmotors (cli)
07-03-2012 08:42:08 --- INFO: Lexus RX 300 - found: 53, pass primary filters: 27, did not pass the filter by color: 23, added: 4, new vincodes: 0
07-03-2012 08:50:18 --- INFO: Lexus RX 330 - found: 196, pass primary filters: 82, did not pass the filter by color: 74, added: 8, new vincodes: 0
07-03-2012 08:51:46 --- INFO: Lexus RX 400H - found: 38, pass primary filters: 5, did not pass the filter by color: 5, added: 0, new vincodes: 0
07-03-2012 08:55:43 --- INFO: Lexus GX 470 - found: 94, pass primary filters: 65, did not pass the filter by color: 51, added: 14, new vincodes: 0
07-03-2012 09:01:21 --- INFO: Lexus GX 470 - found: 139, pass primary filters: 71, did not pass the filter by color: 58, added: 13, new vincodes: 0
07-03-2012 09:03:31 --- INFO: Lexus LX 470 - found: 54, pass primary filters: 38, did not pass the filter by color: 31, added: 7, new vincodes: 0
07-03-2012 09:05:21 --- INFO: Lexus LX 470 - found: 23, pass primary filters: 3, did not pass the filter by color: 3, added: 0, new vincodes: 0
07-03-2012 09:06:31 --- INFO: Toyota Land Cruiser - found: 33, pass primary filters: 23, did not pass the filter by color: 20, added: 3, new vincodes: 0
07-03-2012 09:09:25 --- INFO: Honda CR-V - found: 68, pass primary filters: 0, did not pass the filter by color: 0, added: 0, new vincodes: 0
07-03-2012 09:15:58 --- INFO: Honda CR-V - found: 155, pass primary filters: 3, did not pass the filter by color: 0, added: 3, new vincodes: 0
07-03-2012 09:18:36 --- INFO: Mitsubishi Montero 4WD Limited - found: 49, pass primary filters: 10, did not pass the filter by color: 10, added: 0, new vincodes: 0
07-03-2012 09:23:01 --- INFO: Toyota 4RUNNER 4WD V6 - found: 106, pass primary filters: 18, did not pass the filter by color: 14, added: 4, new vincodes: 0
07-03-2012 09:25:36 --- INFO: Toyota RAV 4 - found: 58, pass primary filters: 24, did not pass the filter by color: 18, added: 6, new vincodes: 0
07-03-2012 09:40:53 --- INFO: Toyota Highlander 4WD - found: 123, pass primary filters: 3, did not pass the filter by color: 1, added: 2, new vincodes: 0
07-03-2012 09:48:13 --- INFO: Toyota Highlander - found: 82, pass primary filters: 0, did not pass the filter by color: 0, added: 0, new vincodes: 0
07-03-2012 09:48:13 --- ERROR: Request returns empty result
07-03-2012 09:48:13 --- INFO: Lexus RX 350 - found: 0, pass primary filters: 0, did not pass the filter by color: 0, added: 0, new vincodes: 0
07-03-2012 09:48:13 --- ERROR: Request returns empty result
07-03-2012 09:48:13 --- INFO: Toyota 4RUNNER Limited V6 - found: 0, pass primary filters: 0, did not pass the filter by color: 0, added: 0, new vincodes: 0
07-03-2012 09:48:13 --- INFO: finish: 07-03-2012 09:48:13
07-03-2012 09:48:13 --- INFO: elapsed time: ~4091.67 sec., memory usage: ~4.77 Mb.
07-03-2012 09:30:01 --- INFO: start: 07-03-2012 09:30:01
07-03-2012 09:30:01 --- INFO: ----------Source_Gsmotors (cli)
07-03-2012 09:45:50 --- INFO: Lexus RX 300 - found: 53, pass primary filters: 25, did not pass the filter by color: 21, added: 4, new vincodes: 0
07-03-2012 09:48:12 --- INFO: Lexus RX 330 - found: 218, pass primary filters: 0, did not pass the filter by color: 0, added: 0, new vincodes: 0
07-03-2012 09:48:12 --- ERROR: Request returns empty result
07-03-2012 09:48:12 --- INFO: Lexus RX 400H - found: 0, pass primary filters: 0, did not pass the filter by color: 0, added: 0, new vincodes: 0
07-03-2012 09:48:12 --- ERROR: Request returns empty result
07-03-2012 09:48:12 --- INFO: Lexus GX 470 - found: 0, pass primary filters: 0, did not pass the filter by color: 0, added: 0, new vincodes: 0
07-03-2012 09:48:12 --- ERROR: Request returns empty result
07-03-2012 09:48:12 --- INFO: Lexus GX 470 - found: 0, pass primary filters: 0, did not pass the filter by color: 0, added: 0, new vincodes: 0
07-03-2012 09:48:12 --- ERROR: Request returns empty result
07-03-2012 09:48:12 --- INFO: Lexus LX 470 - found: 0, pass primary filters: 0, did not pass the filter by color: 0, added: 0, new vincodes: 0
07-03-2012 09:48:12 --- ERROR: Request returns empty result
07-03-2012 09:48:12 --- INFO: Lexus LX 470 - found: 0, pass primary filters: 0, did not pass the filter by color: 0, added: 0, new vincodes: 0
07-03-2012 09:48:12 --- ERROR: Request returns empty result
07-03-2012 09:48:12 --- INFO: Toyota Land Cruiser - found: 0, pass primary filters: 0, did not pass the filter by color: 0, added: 0, new vincodes: 0
07-03-2012 09:48:12 --- ERROR: Request returns empty result
07-03-2012 09:48:12 --- INFO: Honda CR-V - found: 0, pass primary filters: 0, did not pass the filter by color: 0, added: 0, new vincodes: 0
07-03-2012 09:48:13 --- ERROR: Request returns empty result
07-03-2012 09:48:13 --- INFO: Honda CR-V - found: 0, pass primary filters: 0, did not pass the filter by color: 0, added: 0, new vincodes: 0
07-03-2012 09:48:13 --- ERROR: Request returns empty result
07-03-2012 09:48:13 --- INFO: Mitsubishi Montero 4WD Limited - found: 0, pass primary filters: 0, did not pass the filter by color: 0, added: 0, new vincodes: 0
07-03-2012 09:48:13 --- ERROR: Request returns empty result
07-03-2012 09:48:13 --- INFO: Toyota 4RUNNER 4WD V6 - found: 0, pass primary filters: 0, did not pass the filter by color: 0, added: 0, new vincodes: 0
07-03-2012 09:48:13 --- ERROR: Request returns empty result
07-03-2012 09:48:13 --- INFO: Toyota RAV 4 - found: 0, pass primary filters: 0, did not pass the filter by color: 0, added: 0, new vincodes: 0
07-03-2012 09:48:13 --- ERROR: Request returns empty result
07-03-2012 09:48:13 --- INFO: Toyota Highlander 4WD - found: 0, pass primary filters: 0, did not pass the filter by color: 0, added: 0, new vincodes: 0
07-03-2012 09:48:13 --- ERROR: Request returns empty result
07-03-2012 09:48:13 --- INFO: Toyota Highlander - found: 0, pass primary filters: 0, did not pass the filter by color: 0, added: 0, new vincodes: 0
07-03-2012 09:48:13 --- ERROR: Request returns empty result
07-03-2012 09:48:13 --- INFO: Lexus RX 350 - found: 0, pass primary filters: 0, did not pass the filter by color: 0, added: 0, new vincodes: 0
07-03-2012 09:48:13 --- ERROR: Request returns empty result
07-03-2012 09:48:13 --- INFO: Toyota 4RUNNER Limited V6 - found: 0, pass primary filters: 0, did not pass the filter by color: 0, added: 0, new vincodes: 0
07-03-2012 09:48:13 --- INFO: finish: 07-03-2012 09:48:13
07-03-2012 09:48:13 --- INFO: elapsed time: ~1092.15 sec., memory usage: ~2.08 Mb.
07-03-2012 10:10:01 --- INFO: start: 07-03-2012 10:10:01
07-03-2012 10:10:01 --- INFO: ----------Source_Adesa (cli)
07-03-2012 10:10:03 --- INFO: Authorized request
07-03-2012 10:10:16 --- INFO: Lexus RX 300 - found: 12, pass primary filters: 7, did not pass the filter by color: 6, added: 1, new vincodes: 0
07-03-2012 10:10:38 --- INFO: Lexus RX 330 - found: 14, pass primary filters: 9, did not pass the filter by color: 9, added: 0, new vincodes: 1
07-03-2012 10:10:43 --- INFO: Lexus RX 400H - found: 3, pass primary filters: 2, did not pass the filter by color: 2, added: 0, new vincodes: 1
07-03-2012 10:10:52 --- INFO: Lexus GX 470 - found: 5, pass primary filters: 5, did not pass the filter by color: 4, added: 1, new vincodes: 0
07-03-2012 10:11:12 --- INFO: Lexus GX 470 - found: 8, pass primary filters: 6, did not pass the filter by color: 4, added: 2, new vincodes: 0
07-03-2012 10:11:16 --- INFO: Lexus LX 470 - found: 2, pass primary filters: 2, did not pass the filter by color: 2, added: 0, new vincodes: 0
07-03-2012 10:11:17 --- INFO: Lexus LX 470 - found: 0, pass primary filters: 0, did not pass the filter by color: 0, added: 0, new vincodes: 0
07-03-2012 10:11:17 --- INFO: Toyota Land Cruiser - found: 0, pass primary filters: 0, did not pass the filter by color: 0, added: 0, new vincodes: 0
07-03-2012 10:11:20 --- INFO: Honda CR-V - found: 15, pass primary filters: 1, did not pass the filter by color: 0, added: 1, new vincodes: 0
07-03-2012 10:11:24 --- INFO: Honda CR-V - found: 4, pass primary filters: 1, did not pass the filter by color: 0, added: 1, new vincodes: 0
07-03-2012 10:11:29 --- INFO: Mitsubishi Montero 4WD Limited - found: 24, pass primary filters: 3, did not pass the filter by color: 3, added: 0, new vincodes: 0
07-03-2012 10:11:45 --- INFO: Toyota 4RUNNER 4WD V6 - found: 15, pass primary filters: 4, did not pass the filter by color: 1, added: 3, new vincodes: 0
07-03-2012 10:12:12 --- INFO: Toyota RAV 4 - found: 20, pass primary filters: 11, did not pass the filter by color: 10, added: 1, new vincodes: 0
07-03-2012 10:12:17 --- INFO: Toyota Highlander 4WD - found: 37, pass primary filters: 1, did not pass the filter by color: 1, added: 0, new vincodes: 0
07-03-2012 10:12:31 --- INFO: Toyota Highlander - found: 26, pass primary filters: 6, did not pass the filter by color: 6, added: 0, new vincodes: 0
07-03-2012 10:12:50 --- INFO: Lexus RX 350 - found: 4, pass primary filters: 2, did not pass the filter by color: 2, added: 0, new vincodes: 1
07-03-2012 10:12:52 --- INFO: Toyota 4RUNNER Limited V6 - found: 15, pass primary filters: 2, did not pass the filter by color: 2, added: 0, new vincodes: 0
07-03-2012 10:12:52 --- INFO: finish: 07-03-2012 10:12:52
07-03-2012 10:12:52 --- INFO: elapsed time: ~170.73 sec., memory usage: ~2.49 Mb.
07-03-2012 10:40:01 --- INFO: start: 07-03-2012 10:40:01
07-03-2012 10:40:01 --- INFO: ----------Source_Gsmotors (cli)
07-03-2012 10:44:02 --- INFO: Lexus RX 300 - found: 53, pass primary filters: 26, did not pass the filter by color: 22, added: 4, new vincodes: 0
07-03-2012 10:44:13 --- INFO: Lexus RX 330 - found: 218, pass primary filters: 0, did not pass the filter by color: 0, added: 0, new vincodes: 0
07-03-2012 10:44:13 --- ERROR: Request returns empty result
07-03-2012 10:44:13 --- INFO: Lexus RX 400H - found: 0, pass primary filters: 0, did not pass the filter by color: 0, added: 0, new vincodes: 0
07-03-2012 10:44:16 --- ERROR: Request returns empty result
07-03-2012 10:44:16 --- INFO: Lexus GX 470 - found: 0, pass primary filters: 0, did not pass the filter by color: 0, added: 0, new vincodes: 0
07-03-2012 10:44:16 --- ERROR: Request returns empty result
07-03-2012 10:44:16 --- INFO: Lexus GX 470 - found: 0, pass primary filters: 0, did not pass the filter by color: 0, added: 0, new vincodes: 0
07-03-2012 10:44:16 --- ERROR: Request returns empty result
07-03-2012 10:44:16 --- INFO: Lexus LX 470 - found: 0, pass primary filters: 0, did not pass the filter by color: 0, added: 0, new vincodes: 0
07-03-2012 10:44:16 --- ERROR: Request returns empty result
07-03-2012 10:44:16 --- INFO: Lexus LX 470 - found: 0, pass primary filters: 0, did not pass the filter by color: 0, added: 0, new vincodes: 0
07-03-2012 10:44:16 --- ERROR: Request returns empty result
07-03-2012 10:44:16 --- INFO: Toyota Land Cruiser - found: 0, pass primary filters: 0, did not pass the filter by color: 0, added: 0, new vincodes: 0
07-03-2012 10:44:16 --- ERROR: Request returns empty result
07-03-2012 10:44:16 --- INFO: Honda CR-V - found: 0, pass primary filters: 0, did not pass the filter by color: 0, added: 0, new vincodes: 0
07-03-2012 10:44:16 --- ERROR: Request returns empty result
07-03-2012 10:44:16 --- INFO: Honda CR-V - found: 0, pass primary filters: 0, did not pass the filter by color: 0, added: 0, new vincodes: 0
07-03-2012 10:44:16 --- ERROR: Request returns empty result
07-03-2012 10:44:16 --- INFO: Mitsubishi Montero 4WD Limited - found: 0, pass primary filters: 0, did not pass the filter by color: 0, added: 0, new vincodes: 0
07-03-2012 10:44:17 --- ERROR: Request returns empty result
07-03-2012 10:44:17 --- INFO: Toyota 4RUNNER 4WD V6 - found: 0, pass primary filters: 0, did not pass the filter by color: 0, added: 0, new vincodes: 0
07-03-2012 10:44:17 --- ERROR: Request returns empty result
07-03-2012 10:44:17 --- INFO: Toyota RAV 4 - found: 0, pass primary filters: 0, did not pass the filter by color: 0, added: 0, new vincodes: 0
07-03-2012 10:44:17 --- ERROR: Request returns empty result
07-03-2012 10:44:17 --- INFO: Toyota Highlander 4WD - found: 0, pass primary filters: 0, did not pass the filter by color: 0, added: 0, new vincodes: 0
07-03-2012 10:44:17 --- ERROR: Request returns empty result
07-03-2012 10:44:17 --- INFO: Toyota Highlander - found: 0, pass primary filters: 0, did not pass the filter by color: 0, added: 0, new vincodes: 0
07-03-2012 10:44:17 --- ERROR: Request returns empty result
07-03-2012 10:44:17 --- INFO: Lexus RX 350 - found: 0, pass primary filters: 0, did not pass the filter by color: 0, added: 0, new vincodes: 0
07-03-2012 10:44:17 --- ERROR: Request returns empty result
07-03-2012 10:44:17 --- INFO: Toyota 4RUNNER Limited V6 - found: 0, pass primary filters: 0, did not pass the filter by color: 0, added: 0, new vincodes: 0
07-03-2012 10:44:17 --- INFO: finish: 07-03-2012 10:44:17
07-03-2012 10:44:17 --- INFO: elapsed time: ~255.7 sec., memory usage: ~2.08 Mb.
07-03-2012 11:20:01 --- INFO: start: 07-03-2012 11:20:01
07-03-2012 11:20:01 --- INFO: ----------Source_Adesa (cli)
07-03-2012 11:20:03 --- INFO: Authorized request
07-03-2012 11:20:17 --- INFO: Lexus RX 300 - found: 13, pass primary filters: 7, did not pass the filter by color: 6, added: 1, new vincodes: 0
07-03-2012 11:20:39 --- INFO: Lexus RX 330 - found: 17, pass primary filters: 10, did not pass the filter by color: 10, added: 0, new vincodes: 0
07-03-2012 11:21:26 --- INFO: Lexus RX 400H - found: 4, pass primary filters: 3, did not pass the filter by color: 3, added: 0, new vincodes: 1
07-03-2012 11:21:34 --- INFO: Lexus GX 470 - found: 5, pass primary filters: 5, did not pass the filter by color: 4, added: 1, new vincodes: 0
07-03-2012 11:21:51 --- INFO: Lexus GX 470 - found: 8, pass primary filters: 6, did not pass the filter by color: 4, added: 2, new vincodes: 0
07-03-2012 11:21:56 --- INFO: Lexus LX 470 - found: 2, pass primary filters: 2, did not pass the filter by color: 2, added: 0, new vincodes: 0
07-03-2012 11:21:56 --- INFO: Lexus LX 470 - found: 0, pass primary filters: 0, did not pass the filter by color: 0, added: 0, new vincodes: 0
07-03-2012 11:21:56 --- INFO: Toyota Land Cruiser - found: 0, pass primary filters: 0, did not pass the filter by color: 0, added: 0, new vincodes: 0
07-03-2012 11:21:57 --- INFO: Honda CR-V - found: 17, pass primary filters: 1, did not pass the filter by color: 0, added: 1, new vincodes: 0
07-03-2012 11:22:01 --- INFO: Honda CR-V - found: 4, pass primary filters: 1, did not pass the filter by color: 0, added: 1, new vincodes: 0
07-03-2012 11:22:08 --- INFO: Mitsubishi Montero 4WD Limited - found: 25, pass primary filters: 3, did not pass the filter by color: 3, added: 0, new vincodes: 0
07-03-2012 11:22:21 --- INFO: Toyota 4RUNNER 4WD V6 - found: 16, pass primary filters: 4, did not pass the filter by color: 1, added: 3, new vincodes: 0
07-03-2012 11:22:49 --- INFO: Toyota RAV 4 - found: 20, pass primary filters: 11, did not pass the filter by color: 10, added: 1, new vincodes: 0
07-03-2012 11:22:53 --- INFO: Toyota Highlander 4WD - found: 38, pass primary filters: 1, did not pass the filter by color: 1, added: 0, new vincodes: 0
07-03-2012 11:23:08 --- INFO: Toyota Highlander - found: 27, pass primary filters: 6, did not pass the filter by color: 6, added: 0, new vincodes: 0
07-03-2012 11:23:14 --- INFO: Lexus RX 350 - found: 4, pass primary filters: 2, did not pass the filter by color: 2, added: 0, new vincodes: 0
07-03-2012 11:23:15 --- INFO: Toyota 4RUNNER Limited V6 - found: 16, pass primary filters: 2, did not pass the filter by color: 2, added: 0, new vincodes: 0
07-03-2012 11:23:15 --- INFO: finish: 07-03-2012 11:23:15
07-03-2012 11:23:15 --- INFO: elapsed time: ~194.63 sec., memory usage: ~2.5 Mb.
07-03-2012 12:20:01 --- INFO: start: 07-03-2012 12:20:01
07-03-2012 12:20:01 --- INFO: ----------Source_Adesa (cli)
07-03-2012 12:20:02 --- INFO: Authorized request
07-03-2012 12:20:17 --- INFO: Lexus RX 300 - found: 13, pass primary filters: 7, did not pass the filter by color: 6, added: 1, new vincodes: 0
07-03-2012 12:21:50 --- INFO: Lexus RX 330 - found: 17, pass primary filters: 10, did not pass the filter by color: 10, added: 0, new vincodes: 0
07-03-2012 12:21:53 --- INFO: Lexus RX 400H - found: 4, pass primary filters: 3, did not pass the filter by color: 3, added: 0, new vincodes: 0
07-03-2012 12:22:02 --- INFO: Lexus GX 470 - found: 5, pass primary filters: 5, did not pass the filter by color: 4, added: 1, new vincodes: 0
07-03-2012 12:22:14 --- INFO: Lexus GX 470 - found: 9, pass primary filters: 6, did not pass the filter by color: 4, added: 2, new vincodes: 0
07-03-2012 12:22:19 --- INFO: Lexus LX 470 - found: 2, pass primary filters: 2, did not pass the filter by color: 2, added: 0, new vincodes: 0
07-03-2012 12:22:20 --- INFO: Lexus LX 470 - found: 0, pass primary filters: 0, did not pass the filter by color: 0, added: 0, new vincodes: 0
07-03-2012 12:22:20 --- INFO: Toyota Land Cruiser - found: 0, pass primary filters: 0, did not pass the filter by color: 0, added: 0, new vincodes: 0
07-03-2012 12:22:21 --- INFO: Honda CR-V - found: 17, pass primary filters: 1, did not pass the filter by color: 0, added: 1, new vincodes: 0
07-03-2012 12:22:21 --- INFO: Honda CR-V - found: 4, pass primary filters: 1, did not pass the filter by color: 0, added: 1, new vincodes: 0
07-03-2012 12:22:26 --- INFO: Mitsubishi Montero 4WD Limited - found: 25, pass primary filters: 3, did not pass the filter by color: 3, added: 0, new vincodes: 0
07-03-2012 12:22:36 --- INFO: Toyota 4RUNNER 4WD V6 - found: 18, pass primary filters: 4, did not pass the filter by color: 1, added: 3, new vincodes: 0
07-03-2012 12:23:31 --- INFO: Toyota RAV 4 - found: 21, pass primary filters: 13, did not pass the filter by color: 12, added: 1, new vincodes: 1
07-03-2012 12:23:35 --- INFO: Toyota Highlander 4WD - found: 42, pass primary filters: 1, did not pass the filter by color: 1, added: 0, new vincodes: 0
07-03-2012 12:23:50 --- INFO: Toyota Highlander - found: 28, pass primary filters: 6, did not pass the filter by color: 6, added: 0, new vincodes: 0
07-03-2012 12:23:55 --- INFO: Lexus RX 350 - found: 4, pass primary filters: 2, did not pass the filter by color: 2, added: 0, new vincodes: 0
07-03-2012 12:23:58 --- INFO: Toyota 4RUNNER Limited V6 - found: 18, pass primary filters: 2, did not pass the filter by color: 2, added: 0, new vincodes: 0
07-03-2012 12:23:58 --- INFO: finish: 07-03-2012 12:23:58
07-03-2012 12:23:58 --- INFO: elapsed time: ~236.63 sec., memory usage: ~2.49 Mb.
07-03-2012 11:50:01 --- INFO: start: 07-03-2012 11:50:01
07-03-2012 11:50:01 --- INFO: ----------Source_Gsmotors (cli)
07-03-2012 11:52:17 --- INFO: Lexus RX 300 - found: 53, pass primary filters: 26, did not pass the filter by color: 22, added: 4, new vincodes: 0
07-03-2012 12:04:08 --- INFO: Lexus RX 330 - found: 218, pass primary filters: 66, did not pass the filter by color: 58, added: 8, new vincodes: 1
07-03-2012 12:05:11 --- INFO: Lexus RX 400H - found: 0, pass primary filters: 0, did not pass the filter by color: 0, added: 0, new vincodes: 0
07-03-2012 12:05:34 --- INFO: Lexus GX 470 - found: 0, pass primary filters: 0, did not pass the filter by color: 0, added: 0, new vincodes: 0
07-03-2012 12:14:30 --- INFO: Lexus GX 470 - found: 154, pass primary filters: 74, did not pass the filter by color: 60, added: 14, new vincodes: 0
07-03-2012 12:18:38 --- INFO: Lexus LX 470 - found: 64, pass primary filters: 47, did not pass the filter by color: 38, added: 9, new vincodes: 3
07-03-2012 12:20:02 --- INFO: Lexus LX 470 - found: 25, pass primary filters: 3, did not pass the filter by color: 3, added: 0, new vincodes: 0
07-03-2012 12:21:53 --- INFO: Toyota Land Cruiser - found: 40, pass primary filters: 24, did not pass the filter by color: 21, added: 3, new vincodes: 0
07-03-2012 12:27:34 --- INFO: Honda CR-V - found: 79, pass primary filters: 0, did not pass the filter by color: 0, added: 0, new vincodes: 0
07-03-2012 12:28:36 --- INFO: Honda CR-V - found: 0, pass primary filters: 0, did not pass the filter by color: 0, added: 0, new vincodes: 0
07-03-2012 12:29:39 --- INFO: Mitsubishi Montero 4WD Limited - found: 0, pass primary filters: 0, did not pass the filter by color: 0, added: 0, new vincodes: 0
07-03-2012 12:30:41 --- INFO: Toyota 4RUNNER 4WD V6 - found: 0, pass primary filters: 0, did not pass the filter by color: 0, added: 0, new vincodes: 0
07-03-2012 12:31:55 --- INFO: Toyota RAV 4 - found: 0, pass primary filters: 0, did not pass the filter by color: 0, added: 0, new vincodes: 0
07-03-2012 12:33:10 --- INFO: Toyota Highlander 4WD - found: 0, pass primary filters: 0, did not pass the filter by color: 0, added: 0, new vincodes: 0
07-03-2012 12:34:12 --- INFO: Toyota Highlander - found: 0, pass primary filters: 0, did not pass the filter by color: 0, added: 0, new vincodes: 0
07-03-2012 12:35:14 --- INFO: Lexus RX 350 - found: 0, pass primary filters: 0, did not pass the filter by color: 0, added: 0, new vincodes: 0
07-03-2012 12:36:17 --- INFO: Toyota 4RUNNER Limited V6 - found: 0, pass primary filters: 0, did not pass the filter by color: 0, added: 0, new vincodes: 0
07-03-2012 12:36:17 --- INFO: finish: 07-03-2012 12:36:17
07-03-2012 12:36:17 --- INFO: elapsed time: ~2775.67 sec., memory usage: ~3.76 Mb.
07-03-2012 12:50:01 --- INFO: start: 07-03-2012 12:50:01
07-03-2012 12:50:01 --- INFO: ----------Source_Gsmotors (cli)
07-03-2012 12:52:47 --- INFO: Lexus RX 300 - found: 53, pass primary filters: 26, did not pass the filter by color: 22, added: 4, new vincodes: 0
07-03-2012 13:03:34 --- INFO: Lexus RX 330 - found: 218, pass primary filters: 84, did not pass the filter by color: 75, added: 9, new vincodes: 0
07-03-2012 13:06:05 --- INFO: Lexus RX 400H - found: 43, pass primary filters: 6, did not pass the filter by color: 6, added: 0, new vincodes: 1
07-03-2012 13:14:01 --- INFO: Lexus GX 470 - found: 116, pass primary filters: 77, did not pass the filter by color: 63, added: 14, new vincodes: 3
07-03-2012 13:21:25 --- INFO: Lexus GX 470 - found: 154, pass primary filters: 74, did not pass the filter by color: 58, added: 16, new vincodes: 0
07-03-2012 13:24:30 --- INFO: Lexus LX 470 - found: 64, pass primary filters: 47, did not pass the filter by color: 38, added: 9, new vincodes: 0
07-03-2012 13:25:48 --- INFO: Lexus LX 470 - found: 25, pass primary filters: 3, did not pass the filter by color: 3, added: 0, new vincodes: 0
07-03-2012 13:27:05 --- INFO: Toyota Land Cruiser - found: 40, pass primary filters: 24, did not pass the filter by color: 21, added: 3, new vincodes: 0
07-03-2012 13:33:19 --- INFO: Honda CR-V - found: 79, pass primary filters: 1, did not pass the filter by color: 0, added: 1, new vincodes: 0
07-03-2012 13:45:31 --- INFO: Honda CR-V - found: 176, pass primary filters: 3, did not pass the filter by color: 0, added: 3, new vincodes: 0
07-03-2012 13:49:41 --- INFO: Mitsubishi Montero 4WD Limited - found: 64, pass primary filters: 12, did not pass the filter by color: 12, added: 0, new vincodes: 1
07-03-2012 13:58:14 --- INFO: Toyota 4RUNNER 4WD V6 - found: 132, pass primary filters: 25, did not pass the filter by color: 19, added: 6, new vincodes: 0
07-03-2012 14:02:56 --- INFO: Toyota RAV 4 - found: 75, pass primary filters: 26, did not pass the filter by color: 20, added: 6, new vincodes: 1
07-03-2012 14:12:21 --- INFO: Toyota Highlander 4WD - found: 163, pass primary filters: 5, did not pass the filter by color: 4, added: 1, new vincodes: 1
07-03-2012 14:17:24 --- INFO: Toyota Highlander - found: 103, pass primary filters: 14, did not pass the filter by color: 10, added: 4, new vincodes: 1
07-03-2012 14:25:10 --- INFO: Lexus RX 350 - found: 131, pass primary filters: 20, did not pass the filter by color: 17, added: 3, new vincodes: 1
07-03-2012 14:31:05 --- INFO: Toyota 4RUNNER Limited V6 - found: 132, pass primary filters: 3, did not pass the filter by color: 3, added: 0, new vincodes: 0
07-03-2012 14:31:05 --- INFO: finish: 07-03-2012 14:31:05
07-03-2012 14:31:05 --- INFO: elapsed time: ~6064 sec., memory usage: ~5.5 Mb.
07-03-2012 15:10:01 --- INFO: start: 07-03-2012 15:10:01
07-03-2012 15:10:01 --- INFO: ----------Source_Adesa (cli)
07-03-2012 15:10:03 --- INFO: Authorized request
07-03-2012 15:10:17 --- INFO: Lexus RX 300 - found: 15, pass primary filters: 9, did not pass the filter by color: 7, added: 2, new vincodes: 2
07-03-2012 15:10:41 --- INFO: Lexus RX 330 - found: 21, pass primary filters: 10, did not pass the filter by color: 10, added: 0, new vincodes: 0
07-03-2012 15:10:44 --- INFO: Lexus RX 400H - found: 4, pass primary filters: 3, did not pass the filter by color: 3, added: 0, new vincodes: 0
07-03-2012 15:11:17 --- INFO: Lexus GX 470 - found: 5, pass primary filters: 5, did not pass the filter by color: 4, added: 1, new vincodes: 0
07-03-2012 15:11:36 --- INFO: Lexus GX 470 - found: 14, pass primary filters: 9, did not pass the filter by color: 7, added: 2, new vincodes: 0
07-03-2012 15:11:38 --- INFO: Lexus LX 470 - found: 2, pass primary filters: 2, did not pass the filter by color: 2, added: 0, new vincodes: 0
07-03-2012 15:11:38 --- INFO: Lexus LX 470 - found: 0, pass primary filters: 0, did not pass the filter by color: 0, added: 0, new vincodes: 0
07-03-2012 15:11:38 --- INFO: Toyota Land Cruiser - found: 0, pass primary filters: 0, did not pass the filter by color: 0, added: 0, new vincodes: 0
07-03-2012 15:11:39 --- INFO: Honda CR-V - found: 18, pass primary filters: 1, did not pass the filter by color: 0, added: 1, new vincodes: 0
07-03-2012 15:11:40 --- INFO: Honda CR-V - found: 4, pass primary filters: 1, did not pass the filter by color: 0, added: 1, new vincodes: 0
07-03-2012 15:11:53 --- INFO: Mitsubishi Montero 4WD Limited - found: 27, pass primary filters: 4, did not pass the filter by color: 4, added: 0, new vincodes: 1
07-03-2012 15:12:05 --- INFO: Toyota 4RUNNER 4WD V6 - found: 21, pass primary filters: 5, did not pass the filter by color: 2, added: 3, new vincodes: 0
07-03-2012 15:12:43 --- INFO: Toyota RAV 4 - found: 24, pass primary filters: 13, did not pass the filter by color: 12, added: 1, new vincodes: 0
07-03-2012 15:12:49 --- INFO: Toyota Highlander 4WD - found: 51, pass primary filters: 1, did not pass the filter by color: 1, added: 0, new vincodes: 0
07-03-2012 15:13:08 --- INFO: Toyota Highlander - found: 36, pass primary filters: 7, did not pass the filter by color: 6, added: 1, new vincodes: 0
07-03-2012 15:13:16 --- INFO: Lexus RX 350 - found: 4, pass primary filters: 2, did not pass the filter by color: 2, added: 0, new vincodes: 0
07-03-2012 15:13:19 --- INFO: Toyota 4RUNNER Limited V6 - found: 21, pass primary filters: 2, did not pass the filter by color: 2, added: 0, new vincodes: 0
07-03-2012 15:13:19 --- INFO: finish: 07-03-2012 15:13:19
07-03-2012 15:13:19 --- INFO: elapsed time: ~197.45 sec., memory usage: ~2.61 Mb.
07-03-2012 15:40:01 --- INFO: start: 07-03-2012 15:40:01
07-03-2012 15:40:01 --- INFO: ----------Source_Gsmotors (cli)
07-03-2012 15:45:13 --- INFO: Lexus RX 300 - found: 70, pass primary filters: 37, did not pass the filter by color: 33, added: 4, new vincodes: 6
07-03-2012 15:55:28 --- INFO: Lexus RX 330 - found: 256, pass primary filters: 102, did not pass the filter by color: 94, added: 8, new vincodes: 1
07-03-2012 15:57:01 --- INFO: Lexus RX 400H - found: 43, pass primary filters: 6, did not pass the filter by color: 6, added: 0, new vincodes: 0
07-03-2012 16:01:47 --- INFO: Lexus GX 470 - found: 116, pass primary filters: 77, did not pass the filter by color: 63, added: 14, new vincodes: 0
07-03-2012 16:06:59 --- INFO: Lexus GX 470 - found: 154, pass primary filters: 74, did not pass the filter by color: 59, added: 15, new vincodes: 0
07-03-2012 16:09:14 --- INFO: Lexus LX 470 - found: 64, pass primary filters: 47, did not pass the filter by color: 38, added: 9, new vincodes: 0
07-03-2012 16:10:07 --- INFO: Lexus LX 470 - found: 25, pass primary filters: 3, did not pass the filter by color: 3, added: 0, new vincodes: 0
07-03-2012 16:11:13 --- INFO: Toyota Land Cruiser - found: 40, pass primary filters: 24, did not pass the filter by color: 21, added: 3, new vincodes: 0
07-03-2012 16:14:07 --- INFO: Honda CR-V - found: 79, pass primary filters: 1, did not pass the filter by color: 0, added: 1, new vincodes: 0
07-03-2012 16:20:23 --- INFO: Honda CR-V - found: 176, pass primary filters: 3, did not pass the filter by color: 0, added: 3, new vincodes: 0
07-03-2012 16:22:36 --- INFO: Mitsubishi Montero 4WD Limited - found: 64, pass primary filters: 12, did not pass the filter by color: 12, added: 0, new vincodes: 0
07-03-2012 16:27:20 --- INFO: Toyota 4RUNNER 4WD V6 - found: 132, pass primary filters: 25, did not pass the filter by color: 19, added: 6, new vincodes: 0
07-03-2012 16:29:58 --- INFO: Toyota RAV 4 - found: 75, pass primary filters: 26, did not pass the filter by color: 20, added: 6, new vincodes: 0
07-03-2012 16:35:38 --- INFO: Toyota Highlander 4WD - found: 163, pass primary filters: 5, did not pass the filter by color: 4, added: 1, new vincodes: 0
07-03-2012 16:39:18 --- INFO: Toyota Highlander - found: 103, pass primary filters: 14, did not pass the filter by color: 10, added: 4, new vincodes: 0
07-03-2012 16:43:40 --- INFO: Lexus RX 350 - found: 131, pass primary filters: 20, did not pass the filter by color: 17, added: 3, new vincodes: 0
07-03-2012 16:48:15 --- INFO: Toyota 4RUNNER Limited V6 - found: 132, pass primary filters: 3, did not pass the filter by color: 3, added: 0, new vincodes: 0
07-03-2012 16:48:15 --- INFO: finish: 07-03-2012 16:48:15
07-03-2012 16:48:15 --- INFO: elapsed time: ~4094.06 sec., memory usage: ~5.65 Mb.
07-03-2012 17:10:01 --- INFO: start: 07-03-2012 17:10:01
07-03-2012 17:10:01 --- INFO: ----------Source_Adesa (cli)
07-03-2012 17:10:04 --- INFO: Authorized request
07-03-2012 17:10:50 --- INFO: Lexus RX 300 - found: 16, pass primary filters: 10, did not pass the filter by color: 8, added: 2, new vincodes: 0
07-03-2012 17:11:07 --- INFO: Lexus RX 330 - found: 23, pass primary filters: 11, did not pass the filter by color: 11, added: 0, new vincodes: 0
07-03-2012 17:11:10 --- INFO: Lexus RX 400H - found: 4, pass primary filters: 3, did not pass the filter by color: 3, added: 0, new vincodes: 0
07-03-2012 17:11:15 --- INFO: Lexus GX 470 - found: 6, pass primary filters: 5, did not pass the filter by color: 4, added: 1, new vincodes: 0
07-03-2012 17:12:03 --- INFO: Lexus GX 470 - found: 14, pass primary filters: 11, did not pass the filter by color: 9, added: 2, new vincodes: 2
07-03-2012 17:12:05 --- INFO: Lexus LX 470 - found: 2, pass primary filters: 2, did not pass the filter by color: 2, added: 0, new vincodes: 0
07-03-2012 17:12:06 --- INFO: Lexus LX 470 - found: 0, pass primary filters: 0, did not pass the filter by color: 0, added: 0, new vincodes: 0
07-03-2012 17:12:06 --- INFO: Toyota Land Cruiser - found: 0, pass primary filters: 0, did not pass the filter by color: 0, added: 0, new vincodes: 0
07-03-2012 17:12:07 --- INFO: Honda CR-V - found: 18, pass primary filters: 1, did not pass the filter by color: 0, added: 1, new vincodes: 0
07-03-2012 17:12:07 --- INFO: Honda CR-V - found: 4, pass primary filters: 1, did not pass the filter by color: 0, added: 1, new vincodes: 0
07-03-2012 17:12:19 --- INFO: Mitsubishi Montero 4WD Limited - found: 28, pass primary filters: 4, did not pass the filter by color: 4, added: 0, new vincodes: 0
07-03-2012 17:12:26 --- INFO: Toyota 4RUNNER 4WD V6 - found: 22, pass primary filters: 5, did not pass the filter by color: 2, added: 3, new vincodes: 0
07-03-2012 17:12:55 --- INFO: Toyota RAV 4 - found: 24, pass primary filters: 13, did not pass the filter by color: 12, added: 1, new vincodes: 0
07-03-2012 17:12:59 --- INFO: Toyota Highlander 4WD - found: 51, pass primary filters: 1, did not pass the filter by color: 1, added: 0, new vincodes: 0
07-03-2012 17:13:14 --- INFO: Toyota Highlander - found: 36, pass primary filters: 7, did not pass the filter by color: 6, added: 1, new vincodes: 0
07-03-2012 17:13:19 --- INFO: Lexus RX 350 - found: 4, pass primary filters: 2, did not pass the filter by color: 2, added: 0, new vincodes: 0
07-03-2012 17:13:21 --- INFO: Toyota 4RUNNER Limited V6 - found: 22, pass primary filters: 2, did not pass the filter by color: 2, added: 0, new vincodes: 0
07-03-2012 17:13:21 --- INFO: finish: 07-03-2012 17:13:21
07-03-2012 17:13:21 --- INFO: elapsed time: ~199.75 sec., memory usage: ~2.61 Mb.
07-03-2012 17:40:01 --- INFO: start: 07-03-2012 17:40:01
07-03-2012 17:40:01 --- INFO: ----------Source_Gsmotors (cli)
07-03-2012 17:42:31 --- INFO: Lexus RX 300 - found: 70, pass primary filters: 37, did not pass the filter by color: 33, added: 4, new vincodes: 0
07-03-2012 17:54:41 --- INFO: Lexus RX 330 - found: 256, pass primary filters: 90, did not pass the filter by color: 81, added: 9, new vincodes: 3
07-03-2012 17:56:57 --- INFO: Lexus RX 400H - found: 51, pass primary filters: 7, did not pass the filter by color: 7, added: 0, new vincodes: 0
07-03-2012 18:04:21 --- INFO: Lexus GX 470 - found: 133, pass primary filters: 83, did not pass the filter by color: 67, added: 16, new vincodes: 2
07-03-2012 18:13:40 --- INFO: Lexus GX 470 - found: 177, pass primary filters: 79, did not pass the filter by color: 63, added: 16, new vincodes: 5
07-03-2012 18:18:25 --- INFO: Lexus LX 470 - found: 72, pass primary filters: 55, did not pass the filter by color: 46, added: 9, new vincodes: 3
07-03-2012 18:19:28 --- INFO: Lexus LX 470 - found: 25, pass primary filters: 4, did not pass the filter by color: 4, added: 0, new vincodes: 0
07-03-2012 18:21:20 --- INFO: Toyota Land Cruiser - found: 41, pass primary filters: 26, did not pass the filter by color: 23, added: 3, new vincodes: 1
07-03-2012 18:26:39 --- INFO: Honda CR-V - found: 94, pass primary filters: 3, did not pass the filter by color: 0, added: 3, new vincodes: 1
07-03-2012 18:41:08 --- INFO: Honda CR-V - found: 198, pass primary filters: 3, did not pass the filter by color: 0, added: 3, new vincodes: 0
07-03-2012 18:45:17 --- INFO: Mitsubishi Montero 4WD Limited - found: 68, pass primary filters: 11, did not pass the filter by color: 11, added: 0, new vincodes: 0
07-03-2012 18:53:37 --- INFO: Toyota 4RUNNER 4WD V6 - found: 148, pass primary filters: 25, did not pass the filter by color: 19, added: 6, new vincodes: 0
07-03-2012 18:59:52 --- INFO: Toyota RAV 4 - found: 86, pass primary filters: 32, did not pass the filter by color: 21, added: 11, new vincodes: 4
07-03-2012 19:10:00 --- INFO: Toyota Highlander 4WD - found: 181, pass primary filters: 5, did not pass the filter by color: 4, added: 1, new vincodes: 0
07-03-2012 19:14:30 --- INFO: Toyota Highlander - found: 121, pass primary filters: 15, did not pass the filter by color: 10, added: 5, new vincodes: 1
07-03-2012 19:22:28 --- INFO: Lexus RX 350 - found: 143, pass primary filters: 22, did not pass the filter by color: 19, added: 3, new vincodes: 0
07-03-2012 19:28:02 --- INFO: Toyota 4RUNNER Limited V6 - found: 148, pass primary filters: 3, did not pass the filter by color: 3, added: 0, new vincodes: 0
07-03-2012 19:28:02 --- INFO: finish: 07-03-2012 19:28:02
07-03-2012 19:28:02 --- INFO: elapsed time: ~6481.17 sec., memory usage: ~5.89 Mb.