
07-02-2012 05:10:01 --- INFO: start: 07-02-2012 05:10:01
07-02-2012 05:10:01 --- INFO: ----------Source_Adesa (cli)
07-02-2012 05:10:03 --- INFO: Authorized request
07-02-2012 05:10:16 --- INFO: Lexus RX 300 - found: 15, pass primary filters: 6, did not pass the filter by color: 6, added: 0, new vincodes: 0
07-02-2012 05:10:41 --- INFO: Lexus RX 330 - found: 15, pass primary filters: 6, did not pass the filter by color: 6, added: 0, new vincodes: 1
07-02-2012 05:10:41 --- INFO: Lexus RX 400H - found: 0, pass primary filters: 0, did not pass the filter by color: 0, added: 0, new vincodes: 0
07-02-2012 05:11:02 --- INFO: Lexus GX 470 - found: 10, pass primary filters: 5, did not pass the filter by color: 3, added: 2, new vincodes: 1
07-02-2012 05:11:09 --- INFO: Lexus GX 470 - found: 3, pass primary filters: 2, did not pass the filter by color: 1, added: 1, new vincodes: 0
07-02-2012 05:11:25 --- INFO: Lexus LX 470 - found: 2, pass primary filters: 1, did not pass the filter by color: 1, added: 0, new vincodes: 1
07-02-2012 05:11:26 --- INFO: Lexus LX 470 - found: 0, pass primary filters: 0, did not pass the filter by color: 0, added: 0, new vincodes: 0
07-02-2012 05:11:26 --- INFO: Toyota Land Cruiser - found: 1, pass primary filters: 0, did not pass the filter by color: 0, added: 0, new vincodes: 0
07-02-2012 05:11:29 --- INFO: Honda CR-V - found: 7, pass primary filters: 1, did not pass the filter by color: 0, added: 1, new vincodes: 0
07-02-2012 05:11:30 --- INFO: Honda CR-V - found: 2, pass primary filters: 0, did not pass the filter by color: 0, added: 0, new vincodes: 0
07-02-2012 05:11:32 --- INFO: Mitsubishi Montero 4WD Limited - found: 23, pass primary filters: 2, did not pass the filter by color: 2, added: 0, new vincodes: 0
07-02-2012 05:11:57 --- INFO: Toyota 4RUNNER 4WD V6 - found: 22, pass primary filters: 10, did not pass the filter by color: 8, added: 2, new vincodes: 0
07-02-2012 05:12:29 --- INFO: Toyota RAV 4 - found: 15, pass primary filters: 7, did not pass the filter by color: 6, added: 1, new vincodes: 1
07-02-2012 05:12:33 --- INFO: Toyota Highlander 4WD - found: 38, pass primary filters: 1, did not pass the filter by color: 1, added: 0, new vincodes: 0
07-02-2012 05:13:14 --- INFO: Toyota Highlander - found: 23, pass primary filters: 6, did not pass the filter by color: 6, added: 0, new vincodes: 0
07-02-2012 05:13:18 --- INFO: Lexus RX 350 - found: 5, pass primary filters: 1, did not pass the filter by color: 0, added: 1, new vincodes: 0
07-02-2012 05:13:19 --- INFO: Toyota 4RUNNER Limited V6 - found: 22, pass primary filters: 1, did not pass the filter by color: 0, added: 1, new vincodes: 0
07-02-2012 05:13:19 --- INFO: finish: 07-02-2012 05:13:19
07-02-2012 05:13:19 --- INFO: elapsed time: ~197.69 sec., memory usage: ~2.39 Mb.
07-02-2012 05:40:02 --- INFO: start: 07-02-2012 05:40:02
07-02-2012 05:40:02 --- INFO: ----------Source_Gsmotors (cli)
07-02-2012 05:46:03 --- INFO: Lexus RX 300 - found: 81, pass primary filters: 58, did not pass the filter by color: 52, added: 6, new vincodes: 30
07-02-2012 06:00:55 --- INFO: Lexus RX 330 - found: 185, pass primary filters: 71, did not pass the filter by color: 64, added: 7, new vincodes: 20
07-02-2012 06:02:51 --- INFO: Lexus RX 400H - found: 44, pass primary filters: 9, did not pass the filter by color: 8, added: 1, new vincodes: 2
07-02-2012 06:11:38 --- INFO: Lexus GX 470 - found: 77, pass primary filters: 52, did not pass the filter by color: 40, added: 12, new vincodes: 16
07-02-2012 06:20:07 --- INFO: Lexus GX 470 - found: 157, pass primary filters: 63, did not pass the filter by color: 55, added: 8, new vincodes: 17
07-02-2012 06:25:23 --- INFO: Lexus LX 470 - found: 56, pass primary filters: 38, did not pass the filter by color: 35, added: 3, new vincodes: 14
07-02-2012 06:25:33 --- INFO: Lexus LX 470 - found: 18, pass primary filters: 3, did not pass the filter by color: 3, added: 0, new vincodes: 0
07-02-2012 06:28:43 --- INFO: Toyota Land Cruiser - found: 27, pass primary filters: 24, did not pass the filter by color: 20, added: 4, new vincodes: 9
07-02-2012 06:30:28 --- INFO: Honda CR-V - found: 83, pass primary filters: 1, did not pass the filter by color: 0, added: 1, new vincodes: 1
07-02-2012 06:35:52 --- INFO: Honda CR-V - found: 188, pass primary filters: 5, did not pass the filter by color: 0, added: 5, new vincodes: 5
07-02-2012 06:38:32 --- INFO: Mitsubishi Montero 4WD Limited - found: 65, pass primary filters: 10, did not pass the filter by color: 10, added: 0, new vincodes: 5
07-02-2012 06:43:54 --- INFO: Toyota 4RUNNER 4WD V6 - found: 141, pass primary filters: 25, did not pass the filter by color: 17, added: 8, new vincodes: 8
07-02-2012 06:49:11 --- INFO: Toyota RAV 4 - found: 84, pass primary filters: 31, did not pass the filter by color: 22, added: 9, new vincodes: 16
07-02-2012 06:53:46 --- INFO: Toyota Highlander 4WD - found: 203, pass primary filters: 5, did not pass the filter by color: 4, added: 1, new vincodes: 1
07-02-2012 06:55:46 --- INFO: Toyota Highlander - found: 136, pass primary filters: 14, did not pass the filter by color: 12, added: 2, new vincodes: 5
07-02-2012 07:01:08 --- INFO: Lexus RX 350 - found: 141, pass primary filters: 16, did not pass the filter by color: 16, added: 0, new vincodes: 7
07-02-2012 07:03:04 --- INFO: Toyota 4RUNNER Limited V6 - found: 141, pass primary filters: 2, did not pass the filter by color: 2, added: 0, new vincodes: 1
07-02-2012 07:03:04 --- INFO: finish: 07-02-2012 07:03:04
07-02-2012 07:03:04 --- INFO: elapsed time: ~4982.53 sec., memory usage: ~5.86 Mb.
07-02-2012 07:10:01 --- INFO: start: 07-02-2012 07:10:01
07-02-2012 07:10:01 --- INFO: ----------Source_Adesa (cli)
07-02-2012 07:10:03 --- INFO: Authorized request
07-02-2012 07:10:17 --- INFO: Lexus RX 300 - found: 15, pass primary filters: 6, did not pass the filter by color: 6, added: 0, new vincodes: 0
07-02-2012 07:10:28 --- INFO: Lexus RX 330 - found: 15, pass primary filters: 6, did not pass the filter by color: 6, added: 0, new vincodes: 0
07-02-2012 07:10:29 --- INFO: Lexus RX 400H - found: 0, pass primary filters: 0, did not pass the filter by color: 0, added: 0, new vincodes: 0
07-02-2012 07:10:36 --- INFO: Lexus GX 470 - found: 10, pass primary filters: 5, did not pass the filter by color: 4, added: 1, new vincodes: 0
07-02-2012 07:10:43 --- INFO: Lexus GX 470 - found: 3, pass primary filters: 2, did not pass the filter by color: 2, added: 0, new vincodes: 0
07-02-2012 07:10:46 --- INFO: Lexus LX 470 - found: 2, pass primary filters: 1, did not pass the filter by color: 1, added: 0, new vincodes: 0
07-02-2012 07:10:47 --- INFO: Lexus LX 470 - found: 0, pass primary filters: 0, did not pass the filter by color: 0, added: 0, new vincodes: 0
07-02-2012 07:10:47 --- INFO: Toyota Land Cruiser - found: 1, pass primary filters: 0, did not pass the filter by color: 0, added: 0, new vincodes: 0
07-02-2012 07:10:50 --- INFO: Honda CR-V - found: 7, pass primary filters: 1, did not pass the filter by color: 0, added: 1, new vincodes: 0
07-02-2012 07:10:51 --- INFO: Honda CR-V - found: 2, pass primary filters: 0, did not pass the filter by color: 0, added: 0, new vincodes: 0
07-02-2012 07:10:53 --- INFO: Mitsubishi Montero 4WD Limited - found: 23, pass primary filters: 2, did not pass the filter by color: 2, added: 0, new vincodes: 0
07-02-2012 07:11:23 --- INFO: Toyota 4RUNNER 4WD V6 - found: 24, pass primary filters: 11, did not pass the filter by color: 9, added: 2, new vincodes: 0
07-02-2012 07:11:44 --- INFO: Toyota RAV 4 - found: 15, pass primary filters: 7, did not pass the filter by color: 6, added: 1, new vincodes: 0
07-02-2012 07:11:48 --- INFO: Toyota Highlander 4WD - found: 40, pass primary filters: 1, did not pass the filter by color: 1, added: 0, new vincodes: 0
07-02-2012 07:12:06 --- INFO: Toyota Highlander - found: 24, pass primary filters: 7, did not pass the filter by color: 7, added: 0, new vincodes: 0
07-02-2012 07:12:10 --- INFO: Lexus RX 350 - found: 5, pass primary filters: 1, did not pass the filter by color: 0, added: 1, new vincodes: 0
07-02-2012 07:12:11 --- INFO: Toyota 4RUNNER Limited V6 - found: 24, pass primary filters: 1, did not pass the filter by color: 0, added: 1, new vincodes: 0
07-02-2012 07:12:11 --- INFO: finish: 07-02-2012 07:12:11
07-02-2012 07:12:11 --- INFO: elapsed time: ~129.23 sec., memory usage: ~2.37 Mb.
07-02-2012 07:40:01 --- INFO: start: 07-02-2012 07:40:01
07-02-2012 07:40:02 --- INFO: ----------Source_Gsmotors (cli)
07-02-2012 07:40:49 --- INFO: Lexus RX 300 - found: 81, pass primary filters: 58, did not pass the filter by color: 52, added: 6, new vincodes: 0
07-02-2012 07:42:41 --- INFO: Lexus RX 330 - found: 185, pass primary filters: 71, did not pass the filter by color: 64, added: 7, new vincodes: 0
07-02-2012 07:43:09 --- INFO: Lexus RX 400H - found: 44, pass primary filters: 9, did not pass the filter by color: 8, added: 1, new vincodes: 0
07-02-2012 07:44:03 --- INFO: Lexus GX 470 - found: 77, pass primary filters: 52, did not pass the filter by color: 40, added: 12, new vincodes: 0
07-02-2012 07:46:07 --- INFO: Lexus GX 470 - found: 157, pass primary filters: 63, did not pass the filter by color: 55, added: 8, new vincodes: 0
07-02-2012 07:46:44 --- INFO: Lexus LX 470 - found: 56, pass primary filters: 38, did not pass the filter by color: 35, added: 3, new vincodes: 0
07-02-2012 07:46:54 --- INFO: Lexus LX 470 - found: 18, pass primary filters: 3, did not pass the filter by color: 3, added: 0, new vincodes: 0
07-02-2012 07:47:13 --- INFO: Toyota Land Cruiser - found: 27, pass primary filters: 24, did not pass the filter by color: 20, added: 4, new vincodes: 0
07-02-2012 07:48:09 --- INFO: Honda CR-V - found: 83, pass primary filters: 1, did not pass the filter by color: 0, added: 1, new vincodes: 0
07-02-2012 07:50:24 --- INFO: Honda CR-V - found: 188, pass primary filters: 5, did not pass the filter by color: 0, added: 5, new vincodes: 0
07-02-2012 07:51:16 --- INFO: Mitsubishi Montero 4WD Limited - found: 65, pass primary filters: 10, did not pass the filter by color: 10, added: 0, new vincodes: 0
07-02-2012 07:53:03 --- INFO: Toyota 4RUNNER 4WD V6 - found: 141, pass primary filters: 25, did not pass the filter by color: 17, added: 8, new vincodes: 0
07-02-2012 07:54:02 --- INFO: Toyota RAV 4 - found: 84, pass primary filters: 31, did not pass the filter by color: 22, added: 9, new vincodes: 0
07-02-2012 07:56:32 --- INFO: Toyota Highlander 4WD - found: 203, pass primary filters: 5, did not pass the filter by color: 4, added: 1, new vincodes: 0
07-02-2012 07:58:03 --- INFO: Toyota Highlander - found: 136, pass primary filters: 14, did not pass the filter by color: 12, added: 2, new vincodes: 0
07-02-2012 07:59:52 --- INFO: Lexus RX 350 - found: 141, pass primary filters: 16, did not pass the filter by color: 16, added: 0, new vincodes: 0
07-02-2012 08:01:11 --- INFO: Toyota 4RUNNER Limited V6 - found: 141, pass primary filters: 2, did not pass the filter by color: 2, added: 0, new vincodes: 0
07-02-2012 08:01:11 --- INFO: finish: 07-02-2012 08:01:11
07-02-2012 08:01:11 --- INFO: elapsed time: ~1269.87 sec., memory usage: ~5.19 Mb.
07-02-2012 08:10:01 --- INFO: start: 07-02-2012 08:10:01
07-02-2012 08:10:01 --- INFO: ----------Source_Adesa (cli)
07-02-2012 08:10:02 --- INFO: Authorized request
07-02-2012 08:10:18 --- INFO: Lexus RX 300 - found: 16, pass primary filters: 7, did not pass the filter by color: 7, added: 0, new vincodes: 1
07-02-2012 08:10:37 --- INFO: Lexus RX 330 - found: 15, pass primary filters: 7, did not pass the filter by color: 7, added: 0, new vincodes: 0
07-02-2012 08:10:37 --- INFO: Lexus RX 400H - found: 0, pass primary filters: 0, did not pass the filter by color: 0, added: 0, new vincodes: 0
07-02-2012 08:10:44 --- INFO: Lexus GX 470 - found: 10, pass primary filters: 5, did not pass the filter by color: 4, added: 1, new vincodes: 0
07-02-2012 08:10:51 --- INFO: Lexus GX 470 - found: 3, pass primary filters: 2, did not pass the filter by color: 2, added: 0, new vincodes: 0
07-02-2012 08:10:58 --- INFO: Lexus LX 470 - found: 3, pass primary filters: 2, did not pass the filter by color: 2, added: 0, new vincodes: 1
07-02-2012 08:10:59 --- INFO: Lexus LX 470 - found: 1, pass primary filters: 1, did not pass the filter by color: 1, added: 0, new vincodes: 0
07-02-2012 08:10:59 --- INFO: Toyota Land Cruiser - found: 1, pass primary filters: 0, did not pass the filter by color: 0, added: 0, new vincodes: 0
07-02-2012 08:11:03 --- INFO: Honda CR-V - found: 7, pass primary filters: 1, did not pass the filter by color: 0, added: 1, new vincodes: 0
07-02-2012 08:11:03 --- INFO: Honda CR-V - found: 2, pass primary filters: 0, did not pass the filter by color: 0, added: 0, new vincodes: 0
07-02-2012 08:11:06 --- INFO: Mitsubishi Montero 4WD Limited - found: 23, pass primary filters: 2, did not pass the filter by color: 2, added: 0, new vincodes: 0
07-02-2012 08:11:33 --- INFO: Toyota 4RUNNER 4WD V6 - found: 25, pass primary filters: 11, did not pass the filter by color: 9, added: 2, new vincodes: 0
07-02-2012 08:11:52 --- INFO: Toyota RAV 4 - found: 17, pass primary filters: 7, did not pass the filter by color: 6, added: 1, new vincodes: 0
07-02-2012 08:11:56 --- INFO: Toyota Highlander 4WD - found: 41, pass primary filters: 1, did not pass the filter by color: 1, added: 0, new vincodes: 0
07-02-2012 08:12:11 --- INFO: Toyota Highlander - found: 24, pass primary filters: 7, did not pass the filter by color: 7, added: 0, new vincodes: 0
07-02-2012 08:12:14 --- INFO: Lexus RX 350 - found: 5, pass primary filters: 1, did not pass the filter by color: 0, added: 1, new vincodes: 0
07-02-2012 08:12:16 --- INFO: Toyota 4RUNNER Limited V6 - found: 25, pass primary filters: 1, did not pass the filter by color: 0, added: 1, new vincodes: 0
07-02-2012 08:12:16 --- INFO: finish: 07-02-2012 08:12:16
07-02-2012 08:12:16 --- INFO: elapsed time: ~135.01 sec., memory usage: ~2.44 Mb.
07-02-2012 09:00:01 --- INFO: start: 07-02-2012 09:00:01
07-02-2012 09:00:01 --- INFO: ----------Source_Adesa (cli)
07-02-2012 09:00:01 --- INFO: Authorized request
07-02-2012 09:00:16 --- INFO: Lexus RX 300 - found: 17, pass primary filters: 7, did not pass the filter by color: 7, added: 0, new vincodes: 0
07-02-2012 09:00:32 --- INFO: Lexus RX 330 - found: 16, pass primary filters: 7, did not pass the filter by color: 7, added: 0, new vincodes: 0
07-02-2012 09:00:32 --- INFO: Lexus RX 400H - found: 0, pass primary filters: 0, did not pass the filter by color: 0, added: 0, new vincodes: 0
07-02-2012 09:00:40 --- INFO: Lexus GX 470 - found: 10, pass primary filters: 5, did not pass the filter by color: 4, added: 1, new vincodes: 0
07-02-2012 09:00:49 --- INFO: Lexus GX 470 - found: 4, pass primary filters: 3, did not pass the filter by color: 3, added: 0, new vincodes: 0
07-02-2012 09:00:53 --- INFO: Lexus LX 470 - found: 3, pass primary filters: 2, did not pass the filter by color: 2, added: 0, new vincodes: 0
07-02-2012 09:00:54 --- INFO: Lexus LX 470 - found: 1, pass primary filters: 1, did not pass the filter by color: 1, added: 0, new vincodes: 0
07-02-2012 09:00:55 --- INFO: Toyota Land Cruiser - found: 1, pass primary filters: 0, did not pass the filter by color: 0, added: 0, new vincodes: 0
07-02-2012 09:00:58 --- INFO: Honda CR-V - found: 7, pass primary filters: 1, did not pass the filter by color: 0, added: 1, new vincodes: 0
07-02-2012 09:00:58 --- INFO: Honda CR-V - found: 2, pass primary filters: 0, did not pass the filter by color: 0, added: 0, new vincodes: 0
07-02-2012 09:01:01 --- INFO: Mitsubishi Montero 4WD Limited - found: 24, pass primary filters: 2, did not pass the filter by color: 2, added: 0, new vincodes: 0
07-02-2012 09:01:31 --- INFO: Toyota 4RUNNER 4WD V6 - found: 26, pass primary filters: 11, did not pass the filter by color: 9, added: 2, new vincodes: 0
07-02-2012 09:01:52 --- INFO: Toyota RAV 4 - found: 17, pass primary filters: 7, did not pass the filter by color: 6, added: 1, new vincodes: 0
07-02-2012 09:01:56 --- INFO: Toyota Highlander 4WD - found: 41, pass primary filters: 1, did not pass the filter by color: 1, added: 0, new vincodes: 0
07-02-2012 09:02:10 --- INFO: Toyota Highlander - found: 24, pass primary filters: 7, did not pass the filter by color: 7, added: 0, new vincodes: 0
07-02-2012 09:02:14 --- INFO: Lexus RX 350 - found: 5, pass primary filters: 1, did not pass the filter by color: 0, added: 1, new vincodes: 0
07-02-2012 09:02:16 --- INFO: Toyota 4RUNNER Limited V6 - found: 26, pass primary filters: 1, did not pass the filter by color: 0, added: 1, new vincodes: 0
07-02-2012 09:02:16 --- INFO: finish: 07-02-2012 09:02:16
07-02-2012 09:02:16 --- INFO: elapsed time: ~135.12 sec., memory usage: ~2.41 Mb.
07-02-2012 08:40:01 --- INFO: start: 07-02-2012 08:40:01
07-02-2012 08:40:01 --- INFO: ----------Source_Gsmotors (cli)
07-02-2012 08:41:51 --- INFO: Lexus RX 300 - found: 81, pass primary filters: 58, did not pass the filter by color: 52, added: 6, new vincodes: 0
07-02-2012 08:43:52 --- INFO: Lexus RX 330 - found: 185, pass primary filters: 71, did not pass the filter by color: 64, added: 7, new vincodes: 0
07-02-2012 08:44:29 --- INFO: Lexus RX 400H - found: 44, pass primary filters: 9, did not pass the filter by color: 8, added: 1, new vincodes: 0
07-02-2012 08:45:27 --- INFO: Lexus GX 470 - found: 77, pass primary filters: 52, did not pass the filter by color: 40, added: 12, new vincodes: 0
07-02-2012 08:47:29 --- INFO: Lexus GX 470 - found: 157, pass primary filters: 63, did not pass the filter by color: 55, added: 8, new vincodes: 0
07-02-2012 08:48:13 --- INFO: Lexus LX 470 - found: 56, pass primary filters: 38, did not pass the filter by color: 35, added: 3, new vincodes: 0
07-02-2012 08:48:24 --- INFO: Lexus LX 470 - found: 18, pass primary filters: 3, did not pass the filter by color: 3, added: 0, new vincodes: 0
07-02-2012 08:48:44 --- INFO: Toyota Land Cruiser - found: 27, pass primary filters: 24, did not pass the filter by color: 20, added: 4, new vincodes: 0
07-02-2012 08:49:49 --- INFO: Honda CR-V - found: 83, pass primary filters: 1, did not pass the filter by color: 0, added: 1, new vincodes: 0
07-02-2012 08:52:12 --- INFO: Honda CR-V - found: 188, pass primary filters: 5, did not pass the filter by color: 0, added: 5, new vincodes: 0
07-02-2012 08:53:13 --- INFO: Mitsubishi Montero 4WD Limited - found: 65, pass primary filters: 10, did not pass the filter by color: 10, added: 0, new vincodes: 0
07-02-2012 08:55:06 --- INFO: Toyota 4RUNNER 4WD V6 - found: 141, pass primary filters: 25, did not pass the filter by color: 17, added: 8, new vincodes: 0
07-02-2012 08:56:07 --- INFO: Toyota RAV 4 - found: 84, pass primary filters: 31, did not pass the filter by color: 22, added: 9, new vincodes: 0
07-02-2012 08:58:33 --- INFO: Toyota Highlander 4WD - found: 203, pass primary filters: 5, did not pass the filter by color: 4, added: 1, new vincodes: 0
07-02-2012 09:00:14 --- INFO: Toyota Highlander - found: 136, pass primary filters: 14, did not pass the filter by color: 13, added: 1, new vincodes: 0
07-02-2012 09:01:34 --- INFO: Lexus RX 350 - found: 141, pass primary filters: 16, did not pass the filter by color: 16, added: 0, new vincodes: 0
07-02-2012 09:02:55 --- INFO: Toyota 4RUNNER Limited V6 - found: 141, pass primary filters: 2, did not pass the filter by color: 2, added: 0, new vincodes: 0
07-02-2012 09:02:55 --- INFO: finish: 07-02-2012 09:02:55
07-02-2012 09:02:55 --- INFO: elapsed time: ~1373.78 sec., memory usage: ~5.19 Mb.
07-02-2012 09:30:01 --- INFO: start: 07-02-2012 09:30:01
07-02-2012 09:30:01 --- INFO: ----------Source_Gsmotors (cli)
07-02-2012 09:30:55 --- INFO: Lexus RX 300 - found: 81, pass primary filters: 58, did not pass the filter by color: 52, added: 6, new vincodes: 0
07-02-2012 09:33:07 --- INFO: Lexus RX 330 - found: 185, pass primary filters: 71, did not pass the filter by color: 64, added: 7, new vincodes: 0
07-02-2012 09:33:38 --- INFO: Lexus RX 400H - found: 44, pass primary filters: 9, did not pass the filter by color: 8, added: 1, new vincodes: 0
07-02-2012 09:34:36 --- INFO: Lexus GX 470 - found: 77, pass primary filters: 52, did not pass the filter by color: 40, added: 12, new vincodes: 0
07-02-2012 09:36:19 --- INFO: Lexus GX 470 - found: 157, pass primary filters: 63, did not pass the filter by color: 55, added: 8, new vincodes: 0
07-02-2012 09:36:56 --- INFO: Lexus LX 470 - found: 56, pass primary filters: 38, did not pass the filter by color: 35, added: 3, new vincodes: 0
07-02-2012 09:37:08 --- INFO: Lexus LX 470 - found: 18, pass primary filters: 3, did not pass the filter by color: 3, added: 0, new vincodes: 0
07-02-2012 09:37:29 --- INFO: Toyota Land Cruiser - found: 27, pass primary filters: 24, did not pass the filter by color: 20, added: 4, new vincodes: 0
07-02-2012 09:38:24 --- INFO: Honda CR-V - found: 83, pass primary filters: 1, did not pass the filter by color: 0, added: 1, new vincodes: 0
07-02-2012 09:40:55 --- INFO: Honda CR-V - found: 188, pass primary filters: 5, did not pass the filter by color: 0, added: 5, new vincodes: 0
07-02-2012 09:41:47 --- INFO: Mitsubishi Montero 4WD Limited - found: 65, pass primary filters: 10, did not pass the filter by color: 10, added: 0, new vincodes: 0
07-02-2012 09:43:38 --- INFO: Toyota 4RUNNER 4WD V6 - found: 141, pass primary filters: 25, did not pass the filter by color: 17, added: 8, new vincodes: 0
07-02-2012 09:45:00 --- INFO: Toyota RAV 4 - found: 84, pass primary filters: 31, did not pass the filter by color: 22, added: 9, new vincodes: 0
07-02-2012 09:48:11 --- INFO: Toyota Highlander 4WD - found: 203, pass primary filters: 5, did not pass the filter by color: 4, added: 1, new vincodes: 0
07-02-2012 09:50:09 --- INFO: Toyota Highlander - found: 136, pass primary filters: 14, did not pass the filter by color: 12, added: 2, new vincodes: 0
07-02-2012 09:58:49 --- INFO: Lexus RX 350 - found: 141, pass primary filters: 16, did not pass the filter by color: 16, added: 0, new vincodes: 0
07-02-2012 10:03:30 --- INFO: Toyota 4RUNNER Limited V6 - found: 141, pass primary filters: 2, did not pass the filter by color: 2, added: 0, new vincodes: 0
07-02-2012 10:03:30 --- INFO: finish: 07-02-2012 10:03:30
07-02-2012 10:03:30 --- INFO: elapsed time: ~2009.27 sec., memory usage: ~5.19 Mb.
07-02-2012 10:10:01 --- INFO: start: 07-02-2012 10:10:01
07-02-2012 10:10:01 --- INFO: ----------Source_Adesa (cli)
07-02-2012 10:10:04 --- INFO: Authorized request
07-02-2012 10:10:52 --- INFO: Lexus RX 300 - found: 18, pass primary filters: 8, did not pass the filter by color: 8, added: 0, new vincodes: 1
07-02-2012 10:11:08 --- INFO: Lexus RX 330 - found: 18, pass primary filters: 7, did not pass the filter by color: 7, added: 0, new vincodes: 0
07-02-2012 10:11:08 --- INFO: Lexus RX 400H - found: 0, pass primary filters: 0, did not pass the filter by color: 0, added: 0, new vincodes: 0
07-02-2012 10:11:16 --- INFO: Lexus GX 470 - found: 10, pass primary filters: 5, did not pass the filter by color: 3, added: 2, new vincodes: 0
07-02-2012 10:11:24 --- INFO: Lexus GX 470 - found: 4, pass primary filters: 3, did not pass the filter by color: 3, added: 0, new vincodes: 0
07-02-2012 10:12:02 --- INFO: Lexus LX 470 - found: 3, pass primary filters: 2, did not pass the filter by color: 2, added: 0, new vincodes: 0
07-02-2012 10:12:04 --- INFO: Lexus LX 470 - found: 1, pass primary filters: 1, did not pass the filter by color: 1, added: 0, new vincodes: 0
07-02-2012 10:12:04 --- INFO: Toyota Land Cruiser - found: 1, pass primary filters: 0, did not pass the filter by color: 0, added: 0, new vincodes: 0
07-02-2012 10:12:08 --- INFO: Honda CR-V - found: 8, pass primary filters: 1, did not pass the filter by color: 0, added: 1, new vincodes: 0
07-02-2012 10:12:08 --- INFO: Honda CR-V - found: 2, pass primary filters: 0, did not pass the filter by color: 0, added: 0, new vincodes: 0
07-02-2012 10:12:13 --- INFO: Mitsubishi Montero 4WD Limited - found: 24, pass primary filters: 2, did not pass the filter by color: 2, added: 0, new vincodes: 0
07-02-2012 10:13:00 --- INFO: Toyota 4RUNNER 4WD V6 - found: 27, pass primary filters: 12, did not pass the filter by color: 10, added: 2, new vincodes: 0
07-02-2012 10:13:25 --- INFO: Toyota RAV 4 - found: 17, pass primary filters: 7, did not pass the filter by color: 6, added: 1, new vincodes: 0
07-02-2012 10:13:29 --- INFO: Toyota Highlander 4WD - found: 43, pass primary filters: 1, did not pass the filter by color: 1, added: 0, new vincodes: 0
07-02-2012 10:14:43 --- INFO: Toyota Highlander - found: 25, pass primary filters: 7, did not pass the filter by color: 7, added: 0, new vincodes: 0
07-02-2012 10:14:47 --- INFO: Lexus RX 350 - found: 5, pass primary filters: 1, did not pass the filter by color: 0, added: 1, new vincodes: 0
07-02-2012 10:14:51 --- INFO: Toyota 4RUNNER Limited V6 - found: 27, pass primary filters: 1, did not pass the filter by color: 0, added: 1, new vincodes: 0
07-02-2012 10:14:51 --- INFO: finish: 07-02-2012 10:14:51
07-02-2012 10:14:51 --- INFO: elapsed time: ~289.45 sec., memory usage: ~2.46 Mb.
07-02-2012 10:40:01 --- INFO: start: 07-02-2012 10:40:01
07-02-2012 10:40:01 --- INFO: ----------Source_Gsmotors (cli)
07-02-2012 10:45:01 --- INFO: Lexus RX 300 - found: 90, pass primary filters: 3, did not pass the filter by color: 2, added: 1, new vincodes: 1
07-02-2012 10:45:01 --- ERROR: Request returns empty result
07-02-2012 10:45:01 --- INFO: Lexus RX 330 - found: 0, pass primary filters: 0, did not pass the filter by color: 0, added: 0, new vincodes: 0
07-02-2012 10:45:01 --- ERROR: Request returns empty result
07-02-2012 10:45:01 --- INFO: Lexus RX 400H - found: 0, pass primary filters: 0, did not pass the filter by color: 0, added: 0, new vincodes: 0
07-02-2012 10:45:01 --- ERROR: Request returns empty result
07-02-2012 10:45:01 --- INFO: Lexus GX 470 - found: 0, pass primary filters: 0, did not pass the filter by color: 0, added: 0, new vincodes: 0
07-02-2012 10:45:01 --- ERROR: Request returns empty result
07-02-2012 10:45:01 --- INFO: Lexus GX 470 - found: 0, pass primary filters: 0, did not pass the filter by color: 0, added: 0, new vincodes: 0
07-02-2012 10:45:01 --- ERROR: Request returns empty result
07-02-2012 10:45:01 --- INFO: Lexus LX 470 - found: 0, pass primary filters: 0, did not pass the filter by color: 0, added: 0, new vincodes: 0
07-02-2012 10:45:01 --- ERROR: Request returns empty result
07-02-2012 10:45:01 --- INFO: Lexus LX 470 - found: 0, pass primary filters: 0, did not pass the filter by color: 0, added: 0, new vincodes: 0
07-02-2012 10:45:02 --- ERROR: Request returns empty result
07-02-2012 10:45:02 --- INFO: Toyota Land Cruiser - found: 0, pass primary filters: 0, did not pass the filter by color: 0, added: 0, new vincodes: 0
07-02-2012 10:45:02 --- ERROR: Request returns empty result
07-02-2012 10:45:02 --- INFO: Honda CR-V - found: 0, pass primary filters: 0, did not pass the filter by color: 0, added: 0, new vincodes: 0
07-02-2012 10:45:02 --- ERROR: Request returns empty result
07-02-2012 10:45:02 --- INFO: Honda CR-V - found: 0, pass primary filters: 0, did not pass the filter by color: 0, added: 0, new vincodes: 0
07-02-2012 10:45:02 --- ERROR: Request returns empty result
07-02-2012 10:45:02 --- INFO: Mitsubishi Montero 4WD Limited - found: 0, pass primary filters: 0, did not pass the filter by color: 0, added: 0, new vincodes: 0
07-02-2012 10:45:02 --- ERROR: Request returns empty result
07-02-2012 10:45:02 --- INFO: Toyota 4RUNNER 4WD V6 - found: 0, pass primary filters: 0, did not pass the filter by color: 0, added: 0, new vincodes: 0
07-02-2012 10:45:02 --- ERROR: Request returns empty result
07-02-2012 10:45:02 --- INFO: Toyota RAV 4 - found: 0, pass primary filters: 0, did not pass the filter by color: 0, added: 0, new vincodes: 0
07-02-2012 10:45:02 --- ERROR: Request returns empty result
07-02-2012 10:45:02 --- INFO: Toyota Highlander 4WD - found: 0, pass primary filters: 0, did not pass the filter by color: 0, added: 0, new vincodes: 0
07-02-2012 10:45:02 --- ERROR: Request returns empty result
07-02-2012 10:45:02 --- INFO: Toyota Highlander - found: 0, pass primary filters: 0, did not pass the filter by color: 0, added: 0, new vincodes: 0
07-02-2012 10:45:02 --- ERROR: Request returns empty result
07-02-2012 10:45:02 --- INFO: Lexus RX 350 - found: 0, pass primary filters: 0, did not pass the filter by color: 0, added: 0, new vincodes: 0
07-02-2012 10:45:02 --- ERROR: Request returns empty result
07-02-2012 10:45:02 --- INFO: Toyota 4RUNNER Limited V6 - found: 0, pass primary filters: 0, did not pass the filter by color: 0, added: 0, new vincodes: 0
07-02-2012 10:45:02 --- INFO: finish: 07-02-2012 10:45:02
07-02-2012 10:45:02 --- INFO: elapsed time: ~301.1 sec., memory usage: ~1.92 Mb.
07-02-2012 11:20:01 --- INFO: start: 07-02-2012 11:20:01
07-02-2012 11:20:01 --- INFO: ----------Source_Adesa (cli)
07-02-2012 11:20:03 --- INFO: Authorized request
07-02-2012 11:20:28 --- INFO: Lexus RX 300 - found: 18, pass primary filters: 9, did not pass the filter by color: 9, added: 0, new vincodes: 1
07-02-2012 11:21:01 --- INFO: Lexus RX 330 - found: 18, pass primary filters: 9, did not pass the filter by color: 9, added: 0, new vincodes: 1
07-02-2012 11:21:01 --- INFO: Lexus RX 400H - found: 0, pass primary filters: 0, did not pass the filter by color: 0, added: 0, new vincodes: 0
07-02-2012 11:21:11 --- INFO: Lexus GX 470 - found: 10, pass primary filters: 5, did not pass the filter by color: 3, added: 2, new vincodes: 0
07-02-2012 11:21:19 --- INFO: Lexus GX 470 - found: 4, pass primary filters: 3, did not pass the filter by color: 2, added: 1, new vincodes: 0
07-02-2012 11:21:24 --- INFO: Lexus LX 470 - found: 3, pass primary filters: 2, did not pass the filter by color: 2, added: 0, new vincodes: 0
07-02-2012 11:21:26 --- INFO: Lexus LX 470 - found: 1, pass primary filters: 1, did not pass the filter by color: 1, added: 0, new vincodes: 0
07-02-2012 11:21:27 --- INFO: Toyota Land Cruiser - found: 1, pass primary filters: 0, did not pass the filter by color: 0, added: 0, new vincodes: 0
07-02-2012 11:21:30 --- INFO: Honda CR-V - found: 9, pass primary filters: 1, did not pass the filter by color: 0, added: 1, new vincodes: 0
07-02-2012 11:21:31 --- INFO: Honda CR-V - found: 2, pass primary filters: 0, did not pass the filter by color: 0, added: 0, new vincodes: 0
07-02-2012 11:21:33 --- INFO: Mitsubishi Montero 4WD Limited - found: 23, pass primary filters: 2, did not pass the filter by color: 2, added: 0, new vincodes: 0
07-02-2012 11:22:12 --- INFO: Toyota 4RUNNER 4WD V6 - found: 28, pass primary filters: 12, did not pass the filter by color: 10, added: 2, new vincodes: 0
07-02-2012 11:23:02 --- INFO: Toyota RAV 4 - found: 17, pass primary filters: 10, did not pass the filter by color: 9, added: 1, new vincodes: 1
07-02-2012 11:23:06 --- INFO: Toyota Highlander 4WD - found: 45, pass primary filters: 1, did not pass the filter by color: 1, added: 0, new vincodes: 0
07-02-2012 11:23:48 --- INFO: Toyota Highlander - found: 26, pass primary filters: 10, did not pass the filter by color: 10, added: 0, new vincodes: 1
07-02-2012 11:24:08 --- INFO: Lexus RX 350 - found: 5, pass primary filters: 2, did not pass the filter by color: 1, added: 1, new vincodes: 1
07-02-2012 11:24:09 --- INFO: Toyota 4RUNNER Limited V6 - found: 28, pass primary filters: 1, did not pass the filter by color: 0, added: 1, new vincodes: 0
07-02-2012 11:24:09 --- INFO: finish: 07-02-2012 11:24:09
07-02-2012 11:24:09 --- INFO: elapsed time: ~248.51 sec., memory usage: ~2.56 Mb.
07-02-2012 12:20:02 --- INFO: start: 07-02-2012 12:20:02
07-02-2012 12:20:02 --- INFO: ----------Source_Adesa (cli)
07-02-2012 12:20:03 --- INFO: Authorized request
07-02-2012 12:21:06 --- INFO: Lexus RX 300 - found: 20, pass primary filters: 9, did not pass the filter by color: 9, added: 0, new vincodes: 0
07-02-2012 12:22:07 --- INFO: Lexus RX 330 - found: 18, pass primary filters: 9, did not pass the filter by color: 9, added: 0, new vincodes: 0
07-02-2012 12:22:07 --- INFO: Lexus RX 400H - found: 0, pass primary filters: 0, did not pass the filter by color: 0, added: 0, new vincodes: 0
07-02-2012 12:22:19 --- INFO: Lexus GX 470 - found: 10, pass primary filters: 5, did not pass the filter by color: 3, added: 2, new vincodes: 0
07-02-2012 12:22:24 --- INFO: Lexus GX 470 - found: 5, pass primary filters: 3, did not pass the filter by color: 2, added: 1, new vincodes: 0
07-02-2012 12:22:30 --- INFO: Lexus LX 470 - found: 3, pass primary filters: 2, did not pass the filter by color: 2, added: 0, new vincodes: 0
07-02-2012 12:22:34 --- INFO: Lexus LX 470 - found: 1, pass primary filters: 1, did not pass the filter by color: 1, added: 0, new vincodes: 0
07-02-2012 12:22:34 --- INFO: Toyota Land Cruiser - found: 1, pass primary filters: 0, did not pass the filter by color: 0, added: 0, new vincodes: 0
07-02-2012 12:22:54 --- INFO: Honda CR-V - found: 9, pass primary filters: 2, did not pass the filter by color: 0, added: 2, new vincodes: 1
07-02-2012 12:22:54 --- INFO: Honda CR-V - found: 2, pass primary filters: 0, did not pass the filter by color: 0, added: 0, new vincodes: 0
07-02-2012 12:22:55 --- INFO: Mitsubishi Montero 4WD Limited - found: 25, pass primary filters: 1, did not pass the filter by color: 1, added: 0, new vincodes: 0
07-02-2012 12:23:39 --- INFO: Toyota 4RUNNER 4WD V6 - found: 28, pass primary filters: 12, did not pass the filter by color: 10, added: 2, new vincodes: 0
07-02-2012 12:24:11 --- INFO: Toyota RAV 4 - found: 18, pass primary filters: 10, did not pass the filter by color: 9, added: 1, new vincodes: 0
07-02-2012 12:24:15 --- INFO: Toyota Highlander 4WD - found: 46, pass primary filters: 1, did not pass the filter by color: 1, added: 0, new vincodes: 0
07-02-2012 12:24:42 --- INFO: Toyota Highlander - found: 26, pass primary filters: 10, did not pass the filter by color: 10, added: 0, new vincodes: 0
07-02-2012 12:24:49 --- INFO: Lexus RX 350 - found: 5, pass primary filters: 2, did not pass the filter by color: 1, added: 1, new vincodes: 0
07-02-2012 12:24:52 --- INFO: Toyota 4RUNNER Limited V6 - found: 28, pass primary filters: 1, did not pass the filter by color: 0, added: 1, new vincodes: 0
07-02-2012 12:24:52 --- INFO: finish: 07-02-2012 12:24:52
07-02-2012 12:24:52 --- INFO: elapsed time: ~290.12 sec., memory usage: ~2.55 Mb.
07-02-2012 11:50:01 --- INFO: start: 07-02-2012 11:50:01
07-02-2012 11:50:01 --- INFO: ----------Source_Gsmotors (cli)
07-02-2012 11:52:22 --- INFO: Lexus RX 300 - found: 90, pass primary filters: 61, did not pass the filter by color: 54, added: 7, new vincodes: 2
07-02-2012 11:57:25 --- INFO: Lexus RX 330 - found: 209, pass primary filters: 75, did not pass the filter by color: 67, added: 8, new vincodes: 4
07-02-2012 11:58:29 --- INFO: Lexus RX 400H - found: 47, pass primary filters: 9, did not pass the filter by color: 8, added: 1, new vincodes: 0
07-02-2012 12:01:12 --- INFO: Lexus GX 470 - found: 96, pass primary filters: 55, did not pass the filter by color: 44, added: 11, new vincodes: 5
07-02-2012 12:06:27 --- INFO: Lexus GX 470 - found: 185, pass primary filters: 62, did not pass the filter by color: 55, added: 7, new vincodes: 2
07-02-2012 12:07:39 --- INFO: Lexus LX 470 - found: 65, pass primary filters: 39, did not pass the filter by color: 35, added: 4, new vincodes: 1
07-02-2012 12:07:49 --- INFO: Lexus LX 470 - found: 21, pass primary filters: 3, did not pass the filter by color: 3, added: 0, new vincodes: 0
07-02-2012 12:08:50 --- INFO: Toyota Land Cruiser - found: 30, pass primary filters: 26, did not pass the filter by color: 22, added: 4, new vincodes: 2
07-02-2012 12:11:01 --- INFO: Honda CR-V - found: 92, pass primary filters: 2, did not pass the filter by color: 0, added: 2, new vincodes: 0
07-02-2012 12:17:31 --- INFO: Honda CR-V - found: 223, pass primary filters: 7, did not pass the filter by color: 0, added: 7, new vincodes: 2
07-02-2012 12:19:39 --- INFO: Mitsubishi Montero 4WD Limited - found: 81, pass primary filters: 12, did not pass the filter by color: 12, added: 0, new vincodes: 2
07-02-2012 12:23:42 --- INFO: Toyota 4RUNNER 4WD V6 - found: 167, pass primary filters: 27, did not pass the filter by color: 19, added: 8, new vincodes: 1
07-02-2012 12:26:03 --- INFO: Toyota RAV 4 - found: 98, pass primary filters: 35, did not pass the filter by color: 24, added: 11, new vincodes: 4
07-02-2012 12:31:14 --- INFO: Toyota Highlander 4WD - found: 227, pass primary filters: 6, did not pass the filter by color: 5, added: 1, new vincodes: 1
07-02-2012 12:33:03 --- INFO: Toyota Highlander - found: 149, pass primary filters: 15, did not pass the filter by color: 14, added: 1, new vincodes: 1
07-02-2012 12:36:55 --- INFO: Lexus RX 350 - found: 165, pass primary filters: 18, did not pass the filter by color: 18, added: 0, new vincodes: 1
07-02-2012 12:38:30 --- INFO: Toyota 4RUNNER Limited V6 - found: 167, pass primary filters: 2, did not pass the filter by color: 2, added: 0, new vincodes: 0
07-02-2012 12:38:30 --- INFO: finish: 07-02-2012 12:38:30
07-02-2012 12:38:30 --- INFO: elapsed time: ~2909.37 sec., memory usage: ~5.55 Mb.
07-02-2012 12:50:01 --- INFO: start: 07-02-2012 12:50:01
07-02-2012 12:50:01 --- INFO: ----------Source_Gsmotors (cli)
07-02-2012 12:51:01 --- INFO: Lexus RX 300 - found: 90, pass primary filters: 61, did not pass the filter by color: 54, added: 7, new vincodes: 0
07-02-2012 12:53:26 --- INFO: Lexus RX 330 - found: 209, pass primary filters: 75, did not pass the filter by color: 67, added: 8, new vincodes: 0
07-02-2012 12:53:55 --- INFO: Lexus RX 400H - found: 47, pass primary filters: 9, did not pass the filter by color: 8, added: 1, new vincodes: 0
07-02-2012 12:55:03 --- INFO: Lexus GX 470 - found: 96, pass primary filters: 55, did not pass the filter by color: 44, added: 11, new vincodes: 0
07-02-2012 12:56:51 --- INFO: Lexus GX 470 - found: 185, pass primary filters: 62, did not pass the filter by color: 55, added: 7, new vincodes: 0
07-02-2012 12:57:31 --- INFO: Lexus LX 470 - found: 65, pass primary filters: 39, did not pass the filter by color: 35, added: 4, new vincodes: 0
07-02-2012 12:57:41 --- INFO: Lexus LX 470 - found: 21, pass primary filters: 3, did not pass the filter by color: 3, added: 0, new vincodes: 0
07-02-2012 12:58:08 --- INFO: Toyota Land Cruiser - found: 30, pass primary filters: 26, did not pass the filter by color: 22, added: 4, new vincodes: 0
07-02-2012 12:59:12 --- INFO: Honda CR-V - found: 92, pass primary filters: 2, did not pass the filter by color: 0, added: 2, new vincodes: 0
07-02-2012 13:01:48 --- INFO: Honda CR-V - found: 223, pass primary filters: 7, did not pass the filter by color: 0, added: 7, new vincodes: 0
07-02-2012 13:02:41 --- INFO: Mitsubishi Montero 4WD Limited - found: 81, pass primary filters: 12, did not pass the filter by color: 12, added: 0, new vincodes: 0
07-02-2012 13:04:31 --- INFO: Toyota 4RUNNER 4WD V6 - found: 167, pass primary filters: 27, did not pass the filter by color: 19, added: 8, new vincodes: 0
07-02-2012 13:05:33 --- INFO: Toyota RAV 4 - found: 98, pass primary filters: 35, did not pass the filter by color: 24, added: 11, new vincodes: 0
07-02-2012 13:08:03 --- INFO: Toyota Highlander 4WD - found: 227, pass primary filters: 6, did not pass the filter by color: 5, added: 1, new vincodes: 0
07-02-2012 13:09:32 --- INFO: Toyota Highlander - found: 149, pass primary filters: 15, did not pass the filter by color: 14, added: 1, new vincodes: 0
07-02-2012 13:11:19 --- INFO: Lexus RX 350 - found: 165, pass primary filters: 18, did not pass the filter by color: 18, added: 0, new vincodes: 0
07-02-2012 13:13:13 --- INFO: Toyota 4RUNNER Limited V6 - found: 167, pass primary filters: 2, did not pass the filter by color: 2, added: 0, new vincodes: 0
07-02-2012 13:13:13 --- INFO: finish: 07-02-2012 13:13:13
07-02-2012 13:13:13 --- INFO: elapsed time: ~1391.7 sec., memory usage: ~5.39 Mb.
07-02-2012 15:10:01 --- INFO: start: 07-02-2012 15:10:01
07-02-2012 15:10:01 --- INFO: ----------Source_Adesa (cli)
07-02-2012 15:10:03 --- INFO: Authorized request
07-02-2012 15:10:25 --- INFO: Lexus RX 300 - found: 23, pass primary filters: 9, did not pass the filter by color: 9, added: 0, new vincodes: 0
07-02-2012 15:11:31 --- INFO: Lexus RX 330 - found: 22, pass primary filters: 10, did not pass the filter by color: 9, added: 1, new vincodes: 1
07-02-2012 15:11:31 --- INFO: Lexus RX 400H - found: 0, pass primary filters: 0, did not pass the filter by color: 0, added: 0, new vincodes: 0
07-02-2012 15:11:48 --- INFO: Lexus GX 470 - found: 10, pass primary filters: 6, did not pass the filter by color: 4, added: 2, new vincodes: 0
07-02-2012 15:12:09 --- INFO: Lexus GX 470 - found: 5, pass primary filters: 4, did not pass the filter by color: 3, added: 1, new vincodes: 1
07-02-2012 15:12:14 --- INFO: Lexus LX 470 - found: 4, pass primary filters: 2, did not pass the filter by color: 2, added: 0, new vincodes: 0
07-02-2012 15:12:15 --- INFO: Lexus LX 470 - found: 1, pass primary filters: 1, did not pass the filter by color: 1, added: 0, new vincodes: 0
07-02-2012 15:12:16 --- INFO: Toyota Land Cruiser - found: 1, pass primary filters: 0, did not pass the filter by color: 0, added: 0, new vincodes: 0
07-02-2012 15:12:23 --- INFO: Honda CR-V - found: 9, pass primary filters: 2, did not pass the filter by color: 0, added: 2, new vincodes: 0
07-02-2012 15:12:23 --- INFO: Honda CR-V - found: 2, pass primary filters: 0, did not pass the filter by color: 0, added: 0, new vincodes: 0
07-02-2012 15:12:32 --- INFO: Mitsubishi Montero 4WD Limited - found: 28, pass primary filters: 2, did not pass the filter by color: 2, added: 0, new vincodes: 0
07-02-2012 15:12:59 --- INFO: Toyota 4RUNNER 4WD V6 - found: 29, pass primary filters: 12, did not pass the filter by color: 10, added: 2, new vincodes: 0
07-02-2012 15:14:09 --- INFO: Toyota RAV 4 - found: 23, pass primary filters: 12, did not pass the filter by color: 11, added: 1, new vincodes: 2
07-02-2012 15:14:14 --- INFO: Toyota Highlander 4WD - found: 52, pass primary filters: 1, did not pass the filter by color: 1, added: 0, new vincodes: 0
07-02-2012 15:15:15 --- INFO: Toyota Highlander - found: 29, pass primary filters: 11, did not pass the filter by color: 10, added: 1, new vincodes: 1
07-02-2012 15:15:23 --- INFO: Lexus RX 350 - found: 5, pass primary filters: 2, did not pass the filter by color: 1, added: 1, new vincodes: 0
07-02-2012 15:15:25 --- INFO: Toyota 4RUNNER Limited V6 - found: 29, pass primary filters: 1, did not pass the filter by color: 0, added: 1, new vincodes: 0
07-02-2012 15:15:25 --- INFO: finish: 07-02-2012 15:15:25
07-02-2012 15:15:25 --- INFO: elapsed time: ~324.03 sec., memory usage: ~2.61 Mb.
07-02-2012 15:40:01 --- INFO: start: 07-02-2012 15:40:01
07-02-2012 15:40:01 --- INFO: ----------Source_Gsmotors (cli)
07-02-2012 15:41:55 --- INFO: Lexus RX 300 - found: 110, pass primary filters: 67, did not pass the filter by color: 60, added: 7, new vincodes: 3
07-02-2012 15:44:21 --- INFO: Lexus RX 330 - found: 209, pass primary filters: 75, did not pass the filter by color: 67, added: 8, new vincodes: 0
07-02-2012 15:45:00 --- INFO: Lexus RX 400H - found: 47, pass primary filters: 9, did not pass the filter by color: 8, added: 1, new vincodes: 0
07-02-2012 15:45:56 --- INFO: Lexus GX 470 - found: 96, pass primary filters: 55, did not pass the filter by color: 44, added: 11, new vincodes: 0
07-02-2012 15:47:46 --- INFO: Lexus GX 470 - found: 185, pass primary filters: 62, did not pass the filter by color: 55, added: 7, new vincodes: 0
07-02-2012 15:48:29 --- INFO: Lexus LX 470 - found: 65, pass primary filters: 39, did not pass the filter by color: 35, added: 4, new vincodes: 0
07-02-2012 15:48:40 --- INFO: Lexus LX 470 - found: 21, pass primary filters: 3, did not pass the filter by color: 3, added: 0, new vincodes: 0
07-02-2012 15:49:00 --- INFO: Toyota Land Cruiser - found: 30, pass primary filters: 26, did not pass the filter by color: 22, added: 4, new vincodes: 0
07-02-2012 15:50:11 --- INFO: Honda CR-V - found: 92, pass primary filters: 2, did not pass the filter by color: 0, added: 2, new vincodes: 0
07-02-2012 15:52:46 --- INFO: Honda CR-V - found: 223, pass primary filters: 7, did not pass the filter by color: 0, added: 7, new vincodes: 0
07-02-2012 15:53:45 --- INFO: Mitsubishi Montero 4WD Limited - found: 81, pass primary filters: 12, did not pass the filter by color: 12, added: 0, new vincodes: 0
07-02-2012 15:55:54 --- INFO: Toyota 4RUNNER 4WD V6 - found: 167, pass primary filters: 27, did not pass the filter by color: 19, added: 8, new vincodes: 0
07-02-2012 15:57:19 --- INFO: Toyota RAV 4 - found: 98, pass primary filters: 35, did not pass the filter by color: 24, added: 11, new vincodes: 0
07-02-2012 15:59:51 --- INFO: Toyota Highlander 4WD - found: 227, pass primary filters: 6, did not pass the filter by color: 5, added: 1, new vincodes: 0
07-02-2012 16:01:24 --- INFO: Toyota Highlander - found: 149, pass primary filters: 15, did not pass the filter by color: 13, added: 2, new vincodes: 0
07-02-2012 16:02:52 --- INFO: Lexus RX 350 - found: 165, pass primary filters: 18, did not pass the filter by color: 18, added: 0, new vincodes: 0
07-02-2012 16:04:24 --- INFO: Toyota 4RUNNER Limited V6 - found: 167, pass primary filters: 2, did not pass the filter by color: 2, added: 0, new vincodes: 0
07-02-2012 16:04:24 --- INFO: finish: 07-02-2012 16:04:24
07-02-2012 16:04:24 --- INFO: elapsed time: ~1462.89 sec., memory usage: ~5.47 Mb.
07-02-2012 17:10:01 --- INFO: start: 07-02-2012 17:10:01
07-02-2012 17:10:01 --- INFO: ----------Source_Adesa (cli)
07-02-2012 17:10:03 --- INFO: Authorized request
07-02-2012 17:10:23 --- INFO: Lexus RX 300 - found: 27, pass primary filters: 9, did not pass the filter by color: 9, added: 0, new vincodes: 0
07-02-2012 17:10:43 --- INFO: Lexus RX 330 - found: 24, pass primary filters: 10, did not pass the filter by color: 9, added: 1, new vincodes: 0
07-02-2012 17:10:50 --- INFO: Lexus RX 400H - found: 1, pass primary filters: 1, did not pass the filter by color: 0, added: 1, new vincodes: 0
07-02-2012 17:11:05 --- INFO: Lexus GX 470 - found: 12, pass primary filters: 7, did not pass the filter by color: 5, added: 2, new vincodes: 0
07-02-2012 17:11:14 --- INFO: Lexus GX 470 - found: 5, pass primary filters: 4, did not pass the filter by color: 3, added: 1, new vincodes: 0
07-02-2012 17:11:19 --- INFO: Lexus LX 470 - found: 4, pass primary filters: 2, did not pass the filter by color: 2, added: 0, new vincodes: 0
07-02-2012 17:11:20 --- INFO: Lexus LX 470 - found: 1, pass primary filters: 1, did not pass the filter by color: 1, added: 0, new vincodes: 0
07-02-2012 17:11:20 --- INFO: Toyota Land Cruiser - found: 1, pass primary filters: 0, did not pass the filter by color: 0, added: 0, new vincodes: 0
07-02-2012 17:11:27 --- INFO: Honda CR-V - found: 9, pass primary filters: 2, did not pass the filter by color: 0, added: 2, new vincodes: 0
07-02-2012 17:11:27 --- INFO: Honda CR-V - found: 2, pass primary filters: 0, did not pass the filter by color: 0, added: 0, new vincodes: 0
07-02-2012 17:11:54 --- INFO: Mitsubishi Montero 4WD Limited - found: 33, pass primary filters: 4, did not pass the filter by color: 4, added: 0, new vincodes: 0
07-02-2012 17:12:22 --- INFO: Toyota 4RUNNER 4WD V6 - found: 31, pass primary filters: 12, did not pass the filter by color: 10, added: 2, new vincodes: 0
07-02-2012 17:12:42 --- INFO: Toyota RAV 4 - found: 25, pass primary filters: 12, did not pass the filter by color: 11, added: 1, new vincodes: 0
07-02-2012 17:12:47 --- INFO: Toyota Highlander 4WD - found: 57, pass primary filters: 1, did not pass the filter by color: 1, added: 0, new vincodes: 0
07-02-2012 17:13:13 --- INFO: Toyota Highlander - found: 31, pass primary filters: 11, did not pass the filter by color: 10, added: 1, new vincodes: 0
07-02-2012 17:13:16 --- INFO: Lexus RX 350 - found: 5, pass primary filters: 2, did not pass the filter by color: 1, added: 1, new vincodes: 0
07-02-2012 17:13:18 --- INFO: Toyota 4RUNNER Limited V6 - found: 31, pass primary filters: 1, did not pass the filter by color: 0, added: 1, new vincodes: 0
07-02-2012 17:13:18 --- INFO: finish: 07-02-2012 17:13:18
07-02-2012 17:13:18 --- INFO: elapsed time: ~197.41 sec., memory usage: ~2.6 Mb.
07-02-2012 17:40:01 --- INFO: start: 07-02-2012 17:40:01
07-02-2012 17:40:01 --- INFO: ----------Source_Gsmotors (cli)
07-02-2012 17:42:49 --- INFO: Lexus RX 300 - found: 110, pass primary filters: 69, did not pass the filter by color: 60, added: 9, new vincodes: 5
07-02-2012 17:49:22 --- INFO: Lexus RX 330 - found: 238, pass primary filters: 84, did not pass the filter by color: 75, added: 9, new vincodes: 7
07-02-2012 17:50:30 --- INFO: Lexus RX 400H - found: 54, pass primary filters: 10, did not pass the filter by color: 8, added: 2, new vincodes: 1
07-02-2012 17:53:37 --- INFO: Lexus GX 470 - found: 120, pass primary filters: 71, did not pass the filter by color: 58, added: 13, new vincodes: 8
07-02-2012 17:58:52 --- INFO: Lexus GX 470 - found: 210, pass primary filters: 71, did not pass the filter by color: 62, added: 9, new vincodes: 7
07-02-2012 18:01:06 --- INFO: Lexus LX 470 - found: 73, pass primary filters: 44, did not pass the filter by color: 38, added: 6, new vincodes: 5
07-02-2012 18:01:19 --- INFO: Lexus LX 470 - found: 24, pass primary filters: 4, did not pass the filter by color: 4, added: 0, new vincodes: 0
07-02-2012 18:02:09 --- INFO: Toyota Land Cruiser - found: 35, pass primary filters: 28, did not pass the filter by color: 24, added: 4, new vincodes: 1
07-02-2012 18:04:40 --- INFO: Honda CR-V - found: 105, pass primary filters: 1, did not pass the filter by color: 0, added: 1, new vincodes: 0
07-02-2012 18:11:56 --- INFO: Honda CR-V - found: 264, pass primary filters: 5, did not pass the filter by color: 0, added: 5, new vincodes: 0
07-02-2012 18:14:20 --- INFO: Mitsubishi Montero 4WD Limited - found: 99, pass primary filters: 15, did not pass the filter by color: 15, added: 0, new vincodes: 3
07-02-2012 18:18:35 --- INFO: Toyota 4RUNNER 4WD V6 - found: 188, pass primary filters: 28, did not pass the filter by color: 20, added: 8, new vincodes: 2
07-02-2012 18:21:45 --- INFO: Toyota RAV 4 - found: 105, pass primary filters: 38, did not pass the filter by color: 26, added: 12, new vincodes: 3
07-02-2012 18:27:57 --- INFO: Toyota Highlander 4WD - found: 257, pass primary filters: 6, did not pass the filter by color: 5, added: 1, new vincodes: 1
07-02-2012 18:30:45 --- INFO: Toyota Highlander - found: 170, pass primary filters: 20, did not pass the filter by color: 17, added: 3, new vincodes: 3
07-02-2012 18:35:13 --- INFO: Lexus RX 350 - found: 177, pass primary filters: 21, did not pass the filter by color: 21, added: 0, new vincodes: 2
07-02-2012 18:37:36 --- INFO: Toyota 4RUNNER Limited V6 - found: 188, pass primary filters: 2, did not pass the filter by color: 2, added: 0, new vincodes: 0
07-02-2012 18:37:36 --- INFO: finish: 07-02-2012 18:37:36
07-02-2012 18:37:36 --- INFO: elapsed time: ~3455.18 sec., memory usage: ~6.09 Mb.