
08-06-2012 00:52:38 --- INFO: start: 08-06-2012 00:52:38
08-06-2012 00:52:38 --- INFO: ----------Source_Adesa (apache2handler)
08-06-2012 00:52:40 --- INFO: Authorized request
08-06-2012 00:52:53 --- INFO: Lexus RX 330 - found: 12, pass primary filters: 4, did not pass the filter by color: 3, added: 1, new vincodes: 0
08-06-2012 00:52:53 --- INFO: Lexus RX 400H - found: 0, pass primary filters: 0, did not pass the filter by color: 0, added: 0, new vincodes: 0
08-06-2012 00:52:58 --- INFO: Lexus GX 470 - found: 5, pass primary filters: 2, did not pass the filter by color: 2, added: 0, new vincodes: 0
08-06-2012 00:53:16 --- INFO: Lexus GX 470 - found: 11, pass primary filters: 9, did not pass the filter by color: 8, added: 1, new vincodes: 0
08-06-2012 00:53:16 --- INFO: Lexus LX 470 - found: 0, pass primary filters: 0, did not pass the filter by color: 0, added: 0, new vincodes: 0
08-06-2012 00:53:16 --- INFO: Lexus LX 470 - found: 0, pass primary filters: 0, did not pass the filter by color: 0, added: 0, new vincodes: 0
08-06-2012 00:53:18 --- INFO: Toyota Land Cruiser - found: 1, pass primary filters: 1, did not pass the filter by color: 1, added: 0, new vincodes: 0
08-06-2012 00:53:20 --- INFO: Toyota 4RUNNER 4WD V6 - found: 11, pass primary filters: 2, did not pass the filter by color: 2, added: 0, new vincodes: 0
08-06-2012 00:53:21 --- INFO: Toyota Highlander 4WD - found: 41, pass primary filters: 0, did not pass the filter by color: 0, added: 0, new vincodes: 0
08-06-2012 00:53:28 --- INFO: Toyota Highlander - found: 25, pass primary filters: 4, did not pass the filter by color: 4, added: 0, new vincodes: 0
08-06-2012 00:53:32 --- INFO: Lexus RX 350 - found: 6, pass primary filters: 1, did not pass the filter by color: 1, added: 0, new vincodes: 0
08-06-2012 00:53:39 --- INFO: Toyota 4RUNNER Limited V6 - found: 11, pass primary filters: 3, did not pass the filter by color: 2, added: 1, new vincodes: 0
08-06-2012 00:53:39 --- INFO: finish: 08-06-2012 00:53:39
08-06-2012 00:53:39 --- INFO: elapsed time: ~60.76 sec., memory usage: ~2.13 Mb.
08-06-2012 03:51:52 --- INFO: start: 08-06-2012 03:51:52
08-06-2012 03:51:53 --- INFO: ----------Source_Gsmotors (cli)
08-06-2012 03:51:59 --- INFO: Lexus RX 330 - found: 0, pass primary filters: 0, did not pass the filter by colors: 0, did not pass the filter by options: 0, added: 0, new vincodes: 0
08-06-2012 03:51:59 --- INFO: finish: 08-06-2012 03:51:59
08-06-2012 03:51:59 --- INFO: elapsed time: ~6.1 sec., memory usage: ~1.63 Mb.
08-06-2012 03:53:44 --- INFO: start: 08-06-2012 03:53:44
08-06-2012 03:53:44 --- INFO: ----------Source_Adesa (cli)
08-06-2012 03:53:45 --- INFO: Authorized request
08-06-2012 03:53:56 --- INFO: Lexus RX 330 - found: 12, pass primary filters: 4, did not pass the filter by colors: 3, did not pass the filter by options: 0, added: 1, new vincodes: 0
08-06-2012 03:53:57 --- INFO: Lexus RX 400H - found: 0, pass primary filters: 0, did not pass the filter by colors: 0, did not pass the filter by options: 0, added: 0, new vincodes: 0
08-06-2012 03:54:01 --- INFO: Lexus GX 470 - found: 5, pass primary filters: 2, did not pass the filter by colors: 2, did not pass the filter by options: 0, added: 0, new vincodes: 0
08-06-2012 03:55:55 --- INFO: Lexus GX 470 - found: 11, pass primary filters: 9, did not pass the filter by colors: 8, did not pass the filter by options: 0, added: 1, new vincodes: 0
08-06-2012 03:55:55 --- INFO: Lexus LX 470 - found: 0, pass primary filters: 0, did not pass the filter by colors: 0, did not pass the filter by options: 0, added: 0, new vincodes: 0
08-06-2012 03:55:55 --- INFO: Lexus LX 470 - found: 0, pass primary filters: 0, did not pass the filter by colors: 0, did not pass the filter by options: 0, added: 0, new vincodes: 0
08-06-2012 03:55:57 --- INFO: Toyota Land Cruiser - found: 1, pass primary filters: 1, did not pass the filter by colors: 1, did not pass the filter by options: 0, added: 0, new vincodes: 0
08-06-2012 03:56:00 --- INFO: Toyota 4RUNNER 4WD V6 - found: 11, pass primary filters: 2, did not pass the filter by colors: 2, did not pass the filter by options: 0, added: 0, new vincodes: 0
08-06-2012 03:56:00 --- INFO: Toyota Highlander 4WD - found: 41, pass primary filters: 0, did not pass the filter by colors: 0, did not pass the filter by options: 0, added: 0, new vincodes: 0
08-06-2012 03:56:06 --- INFO: Toyota Highlander - found: 25, pass primary filters: 4, did not pass the filter by colors: 4, did not pass the filter by options: 0, added: 0, new vincodes: 0
08-06-2012 03:56:10 --- INFO: Lexus RX 350 - found: 6, pass primary filters: 1, did not pass the filter by colors: 1, did not pass the filter by options: 0, added: 0, new vincodes: 0
08-06-2012 03:56:17 --- INFO: Toyota 4RUNNER Limited V6 - found: 11, pass primary filters: 3, did not pass the filter by colors: 2, did not pass the filter by options: 0, added: 1, new vincodes: 0
08-06-2012 03:56:17 --- INFO: finish: 08-06-2012 03:56:17
08-06-2012 03:56:17 --- INFO: elapsed time: ~152.67 sec., memory usage: ~2.16 Mb.
08-06-2012 03:59:22 --- INFO: start: 08-06-2012 03:59:22
08-06-2012 03:59:22 --- INFO: ----------Source_Gsmotors (cli)
08-06-2012 03:59:28 --- INFO: Lexus RX 330 - found: 0, pass primary filters: 0, did not pass the filter by colors: 0, did not pass the filter by options: 0, added: 0, new vincodes: 0
08-06-2012 03:59:32 --- INFO: Lexus RX 400H - found: 0, pass primary filters: 0, did not pass the filter by colors: 0, did not pass the filter by options: 0, added: 0, new vincodes: 0
08-06-2012 03:59:37 --- INFO: Lexus GX 470 - found: 0, pass primary filters: 0, did not pass the filter by colors: 0, did not pass the filter by options: 0, added: 0, new vincodes: 0
08-06-2012 03:59:41 --- INFO: Lexus GX 470 - found: 0, pass primary filters: 0, did not pass the filter by colors: 0, did not pass the filter by options: 0, added: 0, new vincodes: 0
08-06-2012 03:59:46 --- INFO: Lexus LX 470 - found: 0, pass primary filters: 0, did not pass the filter by colors: 0, did not pass the filter by options: 0, added: 0, new vincodes: 0
08-06-2012 03:59:51 --- INFO: Lexus LX 470 - found: 0, pass primary filters: 0, did not pass the filter by colors: 0, did not pass the filter by options: 0, added: 0, new vincodes: 0
08-06-2012 03:59:55 --- INFO: Toyota Land Cruiser - found: 0, pass primary filters: 0, did not pass the filter by colors: 0, did not pass the filter by options: 0, added: 0, new vincodes: 0
08-06-2012 04:00:00 --- INFO: Toyota 4RUNNER 4WD V6 - found: 0, pass primary filters: 0, did not pass the filter by colors: 0, did not pass the filter by options: 0, added: 0, new vincodes: 0
08-06-2012 04:00:05 --- INFO: Toyota Highlander 4WD - found: 0, pass primary filters: 0, did not pass the filter by colors: 0, did not pass the filter by options: 0, added: 0, new vincodes: 0
08-06-2012 04:00:09 --- INFO: Toyota Highlander - found: 0, pass primary filters: 0, did not pass the filter by colors: 0, did not pass the filter by options: 0, added: 0, new vincodes: 0
08-06-2012 04:00:14 --- INFO: Lexus RX 350 - found: 0, pass primary filters: 0, did not pass the filter by colors: 0, did not pass the filter by options: 0, added: 0, new vincodes: 0
08-06-2012 04:00:19 --- INFO: Toyota 4RUNNER Limited V6 - found: 0, pass primary filters: 0, did not pass the filter by colors: 0, did not pass the filter by options: 0, added: 0, new vincodes: 0
08-06-2012 04:00:19 --- INFO: finish: 08-06-2012 04:00:19
08-06-2012 04:00:19 --- INFO: elapsed time: ~56.14 sec., memory usage: ~1.69 Mb.
08-06-2012 04:01:43 --- INFO: start: 08-06-2012 04:01:43
08-06-2012 04:01:43 --- INFO: ----------Source_Gsmotors (apache2handler)
08-06-2012 04:03:34 --- INFO: start: 08-06-2012 04:03:34
08-06-2012 04:03:34 --- INFO: ----------Source_Adesa (cli)
08-06-2012 04:03:34 --- INFO: Authorized request
08-06-2012 04:03:46 --- INFO: Lexus RX 330 - found: 12, pass primary filters: 4, did not pass the filter by colors: 3, did not pass the filter by options: 1, added: 0, new vincodes: 0
08-06-2012 04:03:46 --- INFO: Lexus RX 400H - found: 0, pass primary filters: 0, did not pass the filter by colors: 0, did not pass the filter by options: 0, added: 0, new vincodes: 0
08-06-2012 04:03:50 --- INFO: Lexus GX 470 - found: 5, pass primary filters: 2, did not pass the filter by colors: 2, did not pass the filter by options: 0, added: 0, new vincodes: 0
08-06-2012 04:04:10 --- INFO: Lexus GX 470 - found: 11, pass primary filters: 9, did not pass the filter by colors: 8, did not pass the filter by options: 0, added: 1, new vincodes: 0
08-06-2012 04:04:10 --- INFO: Lexus LX 470 - found: 0, pass primary filters: 0, did not pass the filter by colors: 0, did not pass the filter by options: 0, added: 0, new vincodes: 0
08-06-2012 04:04:10 --- INFO: Lexus LX 470 - found: 0, pass primary filters: 0, did not pass the filter by colors: 0, did not pass the filter by options: 0, added: 0, new vincodes: 0
08-06-2012 04:04:12 --- INFO: Toyota Land Cruiser - found: 1, pass primary filters: 1, did not pass the filter by colors: 1, did not pass the filter by options: 0, added: 0, new vincodes: 0
08-06-2012 04:04:14 --- INFO: Toyota 4RUNNER 4WD V6 - found: 11, pass primary filters: 2, did not pass the filter by colors: 2, did not pass the filter by options: 0, added: 0, new vincodes: 0
08-06-2012 04:04:15 --- INFO: Toyota Highlander 4WD - found: 41, pass primary filters: 0, did not pass the filter by colors: 0, did not pass the filter by options: 0, added: 0, new vincodes: 0
08-06-2012 04:04:23 --- INFO: Toyota Highlander - found: 25, pass primary filters: 4, did not pass the filter by colors: 4, did not pass the filter by options: 0, added: 0, new vincodes: 0
08-06-2012 04:04:26 --- INFO: Lexus RX 350 - found: 6, pass primary filters: 1, did not pass the filter by colors: 1, did not pass the filter by options: 0, added: 0, new vincodes: 0
08-06-2012 04:04:33 --- INFO: Toyota 4RUNNER Limited V6 - found: 11, pass primary filters: 3, did not pass the filter by colors: 2, did not pass the filter by options: 0, added: 1, new vincodes: 0
08-06-2012 04:04:33 --- INFO: finish: 08-06-2012 04:04:33
08-06-2012 04:04:33 --- INFO: elapsed time: ~59.25 sec., memory usage: ~2.25 Mb.
08-06-2012 04:11:29 --- INFO: start: 08-06-2012 04:11:29
08-06-2012 04:11:29 --- INFO: ----------Source_Adesa (cli)
08-06-2012 04:11:29 --- INFO: Authorized request
08-06-2012 04:11:41 --- INFO: Lexus RX 330 - found: 12, pass primary filters: 4, did not pass the filter by colors: 3, did not pass the filter by options: 1, added: 0, new vincodes: 0
08-06-2012 04:11:41 --- INFO: Lexus RX 400H - found: 0, pass primary filters: 0, did not pass the filter by colors: 0, did not pass the filter by options: 0, added: 0, new vincodes: 0
08-06-2012 04:11:46 --- INFO: Lexus GX 470 - found: 5, pass primary filters: 2, did not pass the filter by colors: 2, did not pass the filter by options: 0, added: 0, new vincodes: 0
08-06-2012 04:12:04 --- INFO: Lexus GX 470 - found: 11, pass primary filters: 9, did not pass the filter by colors: 8, did not pass the filter by options: 0, added: 1, new vincodes: 0
08-06-2012 04:12:04 --- INFO: Lexus LX 470 - found: 0, pass primary filters: 0, did not pass the filter by colors: 0, did not pass the filter by options: 0, added: 0, new vincodes: 0
08-06-2012 04:12:04 --- INFO: Lexus LX 470 - found: 0, pass primary filters: 0, did not pass the filter by colors: 0, did not pass the filter by options: 0, added: 0, new vincodes: 0
08-06-2012 04:12:05 --- INFO: Toyota Land Cruiser - found: 1, pass primary filters: 1, did not pass the filter by colors: 1, did not pass the filter by options: 0, added: 0, new vincodes: 0
08-06-2012 04:12:09 --- INFO: Toyota 4RUNNER 4WD V6 - found: 11, pass primary filters: 2, did not pass the filter by colors: 2, did not pass the filter by options: 0, added: 0, new vincodes: 0
08-06-2012 04:12:09 --- INFO: Toyota Highlander 4WD - found: 41, pass primary filters: 0, did not pass the filter by colors: 0, did not pass the filter by options: 0, added: 0, new vincodes: 0
08-06-2012 04:12:18 --- INFO: Toyota Highlander - found: 25, pass primary filters: 4, did not pass the filter by colors: 4, did not pass the filter by options: 0, added: 0, new vincodes: 0
08-06-2012 04:12:21 --- INFO: Lexus RX 350 - found: 6, pass primary filters: 1, did not pass the filter by colors: 1, did not pass the filter by options: 0, added: 0, new vincodes: 0
08-06-2012 04:12:28 --- INFO: Toyota 4RUNNER Limited V6 - found: 11, pass primary filters: 3, did not pass the filter by colors: 2, did not pass the filter by options: 0, added: 1, new vincodes: 0
08-06-2012 04:12:28 --- INFO: finish: 08-06-2012 04:12:28
08-06-2012 04:12:28 --- INFO: elapsed time: ~59.13 sec., memory usage: ~2.25 Mb.
08-06-2012 04:16:48 --- INFO: start: 08-06-2012 04:16:48
08-06-2012 04:16:48 --- INFO: ----------Source_Adesa (cli)
08-06-2012 04:16:49 --- INFO: Authorized request
08-06-2012 04:17:00 --- INFO: Lexus RX 330 - found: 12, pass primary filters: 4, did not pass the filter by colors: 3, did not pass the filter by options: 1, added: 0, new vincodes: 0
08-06-2012 04:17:00 --- INFO: Lexus RX 400H - found: 0, pass primary filters: 0, did not pass the filter by colors: 0, did not pass the filter by options: 0, added: 0, new vincodes: 0
08-06-2012 04:17:05 --- INFO: Lexus GX 470 - found: 5, pass primary filters: 2, did not pass the filter by colors: 2, did not pass the filter by options: 0, added: 0, new vincodes: 0
08-06-2012 04:17:23 --- INFO: Lexus GX 470 - found: 11, pass primary filters: 9, did not pass the filter by colors: 8, did not pass the filter by options: 0, added: 1, new vincodes: 0
08-06-2012 04:17:23 --- INFO: Lexus LX 470 - found: 0, pass primary filters: 0, did not pass the filter by colors: 0, did not pass the filter by options: 0, added: 0, new vincodes: 0
08-06-2012 04:17:23 --- INFO: Lexus LX 470 - found: 0, pass primary filters: 0, did not pass the filter by colors: 0, did not pass the filter by options: 0, added: 0, new vincodes: 0
08-06-2012 04:17:25 --- INFO: Toyota Land Cruiser - found: 1, pass primary filters: 1, did not pass the filter by colors: 1, did not pass the filter by options: 0, added: 0, new vincodes: 0
08-06-2012 04:17:27 --- INFO: Toyota 4RUNNER 4WD V6 - found: 11, pass primary filters: 2, did not pass the filter by colors: 2, did not pass the filter by options: 0, added: 0, new vincodes: 0
08-06-2012 04:17:28 --- INFO: Toyota Highlander 4WD - found: 41, pass primary filters: 0, did not pass the filter by colors: 0, did not pass the filter by options: 0, added: 0, new vincodes: 0
08-06-2012 04:17:34 --- INFO: Toyota Highlander - found: 25, pass primary filters: 4, did not pass the filter by colors: 4, did not pass the filter by options: 0, added: 0, new vincodes: 0
08-06-2012 04:17:38 --- INFO: Lexus RX 350 - found: 6, pass primary filters: 1, did not pass the filter by colors: 1, did not pass the filter by options: 0, added: 0, new vincodes: 0
08-06-2012 04:17:45 --- INFO: Toyota 4RUNNER Limited V6 - found: 11, pass primary filters: 3, did not pass the filter by colors: 2, did not pass the filter by options: 0, added: 1, new vincodes: 0
08-06-2012 04:17:45 --- INFO: finish: 08-06-2012 04:17:45
08-06-2012 04:17:45 --- INFO: elapsed time: ~56.35 sec., memory usage: ~2.25 Mb.
08-06-2012 04:28:11 --- INFO: start: 08-06-2012 04:28:11
08-06-2012 04:28:11 --- INFO: ----------Source_Adesa (cli)
08-06-2012 04:28:11 --- INFO: Authorized request
08-06-2012 04:28:23 --- INFO: Lexus RX 330 - found: 12, pass primary filters: 4, did not pass the filter by colors: 3, did not pass the filter by options: , added: 1, new vincodes: 0
08-06-2012 04:28:23 --- INFO: Lexus RX 400H - found: 0, pass primary filters: 0, did not pass the filter by colors: 0, did not pass the filter by options: 0, added: 0, new vincodes: 0
08-06-2012 04:28:28 --- INFO: Lexus GX 470 - found: 5, pass primary filters: 2, did not pass the filter by colors: 2, did not pass the filter by options: 0, added: 0, new vincodes: 0
08-06-2012 04:28:47 --- INFO: Lexus GX 470 - found: 11, pass primary filters: 9, did not pass the filter by colors: 8, did not pass the filter by options: 0, added: 1, new vincodes: 0
08-06-2012 04:28:47 --- INFO: Lexus LX 470 - found: 0, pass primary filters: 0, did not pass the filter by colors: 0, did not pass the filter by options: 0, added: 0, new vincodes: 0
08-06-2012 04:28:47 --- INFO: Lexus LX 470 - found: 0, pass primary filters: 0, did not pass the filter by colors: 0, did not pass the filter by options: 0, added: 0, new vincodes: 0
08-06-2012 04:28:48 --- INFO: Toyota Land Cruiser - found: 1, pass primary filters: 1, did not pass the filter by colors: 1, did not pass the filter by options: 0, added: 0, new vincodes: 0
08-06-2012 04:28:51 --- INFO: Toyota 4RUNNER 4WD V6 - found: 11, pass primary filters: 2, did not pass the filter by colors: 2, did not pass the filter by options: 0, added: 0, new vincodes: 0
08-06-2012 04:28:52 --- INFO: Toyota Highlander 4WD - found: 41, pass primary filters: 0, did not pass the filter by colors: 0, did not pass the filter by options: 0, added: 0, new vincodes: 0
08-06-2012 04:28:58 --- INFO: Toyota Highlander - found: 25, pass primary filters: 4, did not pass the filter by colors: 4, did not pass the filter by options: 0, added: 0, new vincodes: 0
08-06-2012 04:29:02 --- INFO: Lexus RX 350 - found: 6, pass primary filters: 1, did not pass the filter by colors: 1, did not pass the filter by options: 0, added: 0, new vincodes: 0
08-06-2012 04:29:09 --- INFO: Toyota 4RUNNER Limited V6 - found: 11, pass primary filters: 3, did not pass the filter by colors: 2, did not pass the filter by options: 0, added: 1, new vincodes: 0
08-06-2012 04:29:09 --- INFO: finish: 08-06-2012 04:29:09
08-06-2012 04:29:09 --- INFO: elapsed time: ~58.01 sec., memory usage: ~2.19 Mb.
08-06-2012 05:27:50 --- INFO: start: 08-06-2012 05:27:50
08-06-2012 05:27:50 --- INFO: ----------Source_Gsmotors (apache2handler)
08-06-2012 05:27:54 --- INFO: Lexus RX 330 - found: 0, pass primary filters: 0, did not pass the filter by colors: 0, did not pass the filter by options: 0, added: 0, new vincodes: 0
08-06-2012 05:27:59 --- INFO: Lexus RX 400H - found: 0, pass primary filters: 0, did not pass the filter by colors: 0, did not pass the filter by options: 0, added: 0, new vincodes: 0
08-06-2012 05:28:03 --- INFO: Lexus GX 470 - found: 0, pass primary filters: 0, did not pass the filter by colors: 0, did not pass the filter by options: 0, added: 0, new vincodes: 0
08-06-2012 05:28:08 --- INFO: Lexus GX 470 - found: 0, pass primary filters: 0, did not pass the filter by colors: 0, did not pass the filter by options: 0, added: 0, new vincodes: 0
08-06-2012 05:28:12 --- INFO: Lexus LX 470 - found: 0, pass primary filters: 0, did not pass the filter by colors: 0, did not pass the filter by options: 0, added: 0, new vincodes: 0
08-06-2012 05:28:17 --- INFO: Lexus LX 470 - found: 0, pass primary filters: 0, did not pass the filter by colors: 0, did not pass the filter by options: 0, added: 0, new vincodes: 0
08-06-2012 05:28:21 --- INFO: Toyota Land Cruiser - found: 0, pass primary filters: 0, did not pass the filter by colors: 0, did not pass the filter by options: 0, added: 0, new vincodes: 0
08-06-2012 05:28:26 --- INFO: Toyota 4RUNNER 4WD V6 - found: 0, pass primary filters: 0, did not pass the filter by colors: 0, did not pass the filter by options: 0, added: 0, new vincodes: 0
08-06-2012 05:28:30 --- INFO: Toyota Highlander 4WD - found: 0, pass primary filters: 0, did not pass the filter by colors: 0, did not pass the filter by options: 0, added: 0, new vincodes: 0
08-06-2012 05:28:34 --- INFO: Toyota Highlander - found: 0, pass primary filters: 0, did not pass the filter by colors: 0, did not pass the filter by options: 0, added: 0, new vincodes: 0
08-06-2012 05:28:39 --- INFO: Lexus RX 350 - found: 0, pass primary filters: 0, did not pass the filter by colors: 0, did not pass the filter by options: 0, added: 0, new vincodes: 0
08-06-2012 05:28:44 --- INFO: Toyota 4RUNNER Limited V6 - found: 0, pass primary filters: 0, did not pass the filter by colors: 0, did not pass the filter by options: 0, added: 0, new vincodes: 0
08-06-2012 05:28:44 --- INFO: finish: 08-06-2012 05:28:44
08-06-2012 05:28:44 --- INFO: elapsed time: ~54.19 sec., memory usage: ~1.68 Mb.
08-06-2012 05:30:51 --- INFO: start: 08-06-2012 05:30:51
08-06-2012 05:30:52 --- INFO: ----------Source_Gsmotors (apache2handler)
08-06-2012 05:30:56 --- INFO: Lexus RX 330 - found: 0, pass primary filters: 0, did not pass the filter by colors: 0, did not pass the filter by options: 0, added: 0, new vincodes: 0
08-06-2012 05:31:01 --- INFO: Lexus RX 400H - found: 0, pass primary filters: 0, did not pass the filter by colors: 0, did not pass the filter by options: 0, added: 0, new vincodes: 0
08-06-2012 05:31:05 --- INFO: Lexus GX 470 - found: 0, pass primary filters: 0, did not pass the filter by colors: 0, did not pass the filter by options: 0, added: 0, new vincodes: 0
08-06-2012 05:31:09 --- INFO: Lexus GX 470 - found: 0, pass primary filters: 0, did not pass the filter by colors: 0, did not pass the filter by options: 0, added: 0, new vincodes: 0
08-06-2012 05:31:14 --- INFO: Lexus LX 470 - found: 0, pass primary filters: 0, did not pass the filter by colors: 0, did not pass the filter by options: 0, added: 0, new vincodes: 0
08-06-2012 05:31:18 --- INFO: Lexus LX 470 - found: 0, pass primary filters: 0, did not pass the filter by colors: 0, did not pass the filter by options: 0, added: 0, new vincodes: 0
08-06-2012 05:31:23 --- INFO: Toyota Land Cruiser - found: 0, pass primary filters: 0, did not pass the filter by colors: 0, did not pass the filter by options: 0, added: 0, new vincodes: 0
08-06-2012 05:31:27 --- INFO: Toyota 4RUNNER 4WD V6 - found: 0, pass primary filters: 0, did not pass the filter by colors: 0, did not pass the filter by options: 0, added: 0, new vincodes: 0
08-06-2012 05:31:32 --- INFO: Toyota Highlander 4WD - found: 0, pass primary filters: 0, did not pass the filter by colors: 0, did not pass the filter by options: 0, added: 0, new vincodes: 0
08-06-2012 05:31:37 --- INFO: Toyota Highlander - found: 0, pass primary filters: 0, did not pass the filter by colors: 0, did not pass the filter by options: 0, added: 0, new vincodes: 0
08-06-2012 05:31:41 --- INFO: Lexus RX 350 - found: 0, pass primary filters: 0, did not pass the filter by colors: 0, did not pass the filter by options: 0, added: 0, new vincodes: 0
08-06-2012 05:31:46 --- INFO: Toyota 4RUNNER Limited V6 - found: 0, pass primary filters: 0, did not pass the filter by colors: 0, did not pass the filter by options: 0, added: 0, new vincodes: 0
08-06-2012 05:31:46 --- INFO: finish: 08-06-2012 05:31:46
08-06-2012 05:31:46 --- INFO: elapsed time: ~54.09 sec., memory usage: ~1.68 Mb.
08-06-2012 05:36:55 --- INFO: start: 08-06-2012 05:36:55
08-06-2012 05:36:55 --- INFO: ----------Source_Gsmotors (apache2handler)
08-06-2012 05:37:00 --- INFO: Lexus RX 330 - found: 0, pass primary filters: 0, did not pass the filter by colors: 0, did not pass the filter by options: 0, added: 0, new vincodes: 0
08-06-2012 05:37:04 --- INFO: Lexus RX 400H - found: 0, pass primary filters: 0, did not pass the filter by colors: 0, did not pass the filter by options: 0, added: 0, new vincodes: 0
08-06-2012 05:37:09 --- INFO: Lexus GX 470 - found: 0, pass primary filters: 0, did not pass the filter by colors: 0, did not pass the filter by options: 0, added: 0, new vincodes: 0
08-06-2012 05:37:14 --- INFO: Lexus GX 470 - found: 0, pass primary filters: 0, did not pass the filter by colors: 0, did not pass the filter by options: 0, added: 0, new vincodes: 0
08-06-2012 05:37:18 --- INFO: Lexus LX 470 - found: 0, pass primary filters: 0, did not pass the filter by colors: 0, did not pass the filter by options: 0, added: 0, new vincodes: 0
08-06-2012 05:37:23 --- INFO: Lexus LX 470 - found: 0, pass primary filters: 0, did not pass the filter by colors: 0, did not pass the filter by options: 0, added: 0, new vincodes: 0
08-06-2012 05:37:27 --- INFO: Toyota Land Cruiser - found: 0, pass primary filters: 0, did not pass the filter by colors: 0, did not pass the filter by options: 0, added: 0, new vincodes: 0
08-06-2012 05:37:32 --- INFO: Toyota 4RUNNER 4WD V6 - found: 0, pass primary filters: 0, did not pass the filter by colors: 0, did not pass the filter by options: 0, added: 0, new vincodes: 0
08-06-2012 05:37:36 --- INFO: Toyota Highlander 4WD - found: 0, pass primary filters: 0, did not pass the filter by colors: 0, did not pass the filter by options: 0, added: 0, new vincodes: 0
08-06-2012 05:37:40 --- INFO: Toyota Highlander - found: 0, pass primary filters: 0, did not pass the filter by colors: 0, did not pass the filter by options: 0, added: 0, new vincodes: 0
08-06-2012 05:37:45 --- INFO: Lexus RX 350 - found: 0, pass primary filters: 0, did not pass the filter by colors: 0, did not pass the filter by options: 0, added: 0, new vincodes: 0
08-06-2012 05:37:50 --- INFO: Toyota 4RUNNER Limited V6 - found: 0, pass primary filters: 0, did not pass the filter by colors: 0, did not pass the filter by options: 0, added: 0, new vincodes: 0
08-06-2012 05:37:50 --- INFO: finish: 08-06-2012 05:37:50
08-06-2012 05:37:50 --- INFO: elapsed time: ~54.48 sec., memory usage: ~1.68 Mb.
08-06-2012 05:41:33 --- INFO: start: 08-06-2012 05:41:33
08-06-2012 05:41:33 --- INFO: ----------Source_Adesa (apache2handler)
08-06-2012 05:41:34 --- INFO: Authorized request
08-06-2012 05:41:46 --- INFO: Lexus RX 330 - found: 12, pass primary filters: 4, did not pass the filter by colors: 3, did not pass the filter by options: 1, added: 0, new vincodes: 0
08-06-2012 05:41:46 --- INFO: Lexus RX 400H - found: 0, pass primary filters: 0, did not pass the filter by colors: 0, did not pass the filter by options: 0, added: 0, new vincodes: 0
08-06-2012 05:41:50 --- INFO: Lexus GX 470 - found: 5, pass primary filters: 2, did not pass the filter by colors: 2, did not pass the filter by options: 0, added: 0, new vincodes: 0
08-06-2012 05:42:09 --- INFO: Lexus GX 470 - found: 11, pass primary filters: 9, did not pass the filter by colors: 8, did not pass the filter by options: 1, added: 0, new vincodes: 0
08-06-2012 05:42:09 --- INFO: Lexus LX 470 - found: 0, pass primary filters: 0, did not pass the filter by colors: 0, did not pass the filter by options: 0, added: 0, new vincodes: 0
08-06-2012 05:42:10 --- INFO: Lexus LX 470 - found: 0, pass primary filters: 0, did not pass the filter by colors: 0, did not pass the filter by options: 0, added: 0, new vincodes: 0
08-06-2012 05:42:27 --- INFO: Toyota Land Cruiser - found: 2, pass primary filters: 2, did not pass the filter by colors: 2, did not pass the filter by options: 0, added: 0, new vincodes: 1
08-06-2012 05:42:30 --- INFO: Toyota 4RUNNER 4WD V6 - found: 11, pass primary filters: 2, did not pass the filter by colors: 2, did not pass the filter by options: 0, added: 0, new vincodes: 0
08-06-2012 05:42:30 --- INFO: Toyota Highlander 4WD - found: 41, pass primary filters: 0, did not pass the filter by colors: 0, did not pass the filter by options: 0, added: 0, new vincodes: 0
08-06-2012 05:42:37 --- INFO: Toyota Highlander - found: 25, pass primary filters: 4, did not pass the filter by colors: 4, did not pass the filter by options: 0, added: 0, new vincodes: 0
08-06-2012 05:42:41 --- INFO: Lexus RX 350 - found: 6, pass primary filters: 1, did not pass the filter by colors: 1, did not pass the filter by options: 0, added: 0, new vincodes: 0
08-06-2012 05:42:48 --- INFO: Toyota 4RUNNER Limited V6 - found: 11, pass primary filters: 3, did not pass the filter by colors: 2, did not pass the filter by options: 0, added: 1, new vincodes: 0
08-06-2012 05:42:48 --- INFO: finish: 08-06-2012 05:42:48
08-06-2012 05:42:48 --- INFO: elapsed time: ~75.46 sec., memory usage: ~2.26 Mb.
08-06-2012 06:10:01 --- INFO: start: 08-06-2012 06:10:01
08-06-2012 06:10:01 --- INFO: ----------Source_Adesa (cli)
08-06-2012 06:10:02 --- INFO: Authorized request
08-06-2012 06:10:14 --- INFO: Lexus RX 330 - found: 12, pass primary filters: 4, did not pass the filter by colors: 3, did not pass the filter by options: 1, added: 0, new vincodes: 0
08-06-2012 06:10:14 --- INFO: Lexus RX 400H - found: 0, pass primary filters: 0, did not pass the filter by colors: 0, did not pass the filter by options: 0, added: 0, new vincodes: 0
08-06-2012 06:10:18 --- INFO: Lexus GX 470 - found: 5, pass primary filters: 2, did not pass the filter by colors: 2, did not pass the filter by options: 0, added: 0, new vincodes: 0
08-06-2012 06:10:43 --- INFO: Lexus GX 470 - found: 11, pass primary filters: 10, did not pass the filter by colors: 9, did not pass the filter by options: 1, added: 0, new vincodes: 1
08-06-2012 06:10:43 --- INFO: Lexus LX 470 - found: 0, pass primary filters: 0, did not pass the filter by colors: 0, did not pass the filter by options: 0, added: 0, new vincodes: 0
08-06-2012 06:10:44 --- INFO: Lexus LX 470 - found: 0, pass primary filters: 0, did not pass the filter by colors: 0, did not pass the filter by options: 0, added: 0, new vincodes: 0
08-06-2012 06:15:44 --- INFO: Toyota Land Cruiser - found: 0, pass primary filters: 0, did not pass the filter by colors: 0, did not pass the filter by options: 0, added: 0, new vincodes: 0
08-06-2012 06:15:46 --- INFO: Toyota 4RUNNER 4WD V6 - found: 12, pass primary filters: 2, did not pass the filter by colors: 2, did not pass the filter by options: 0, added: 0, new vincodes: 0
08-06-2012 06:15:47 --- INFO: Toyota Highlander 4WD - found: 41, pass primary filters: 0, did not pass the filter by colors: 0, did not pass the filter by options: 0, added: 0, new vincodes: 0
08-06-2012 06:15:55 --- INFO: Toyota Highlander - found: 25, pass primary filters: 4, did not pass the filter by colors: 4, did not pass the filter by options: 0, added: 0, new vincodes: 0
08-06-2012 06:15:59 --- INFO: Lexus RX 350 - found: 6, pass primary filters: 1, did not pass the filter by colors: 1, did not pass the filter by options: 0, added: 0, new vincodes: 0
08-06-2012 06:16:06 --- INFO: Toyota 4RUNNER Limited V6 - found: 12, pass primary filters: 3, did not pass the filter by colors: 2, did not pass the filter by options: 0, added: 1, new vincodes: 0
08-06-2012 06:16:06 --- INFO: finish: 08-06-2012 06:16:06
08-06-2012 06:16:06 --- INFO: elapsed time: ~364.82 sec., memory usage: ~2.23 Mb.
08-06-2012 06:40:01 --- INFO: start: 08-06-2012 06:40:01
08-06-2012 06:40:01 --- INFO: ----------Source_Gsmotors (cli)
08-06-2012 06:40:06 --- INFO: Lexus RX 330 - found: 0, pass primary filters: 0, did not pass the filter by colors: 0, did not pass the filter by options: 0, added: 0, new vincodes: 0
08-06-2012 06:40:11 --- INFO: Lexus RX 400H - found: 0, pass primary filters: 0, did not pass the filter by colors: 0, did not pass the filter by options: 0, added: 0, new vincodes: 0
08-06-2012 06:40:18 --- INFO: Lexus GX 470 - found: 0, pass primary filters: 0, did not pass the filter by colors: 0, did not pass the filter by options: 0, added: 0, new vincodes: 0
08-06-2012 06:40:23 --- INFO: Lexus GX 470 - found: 0, pass primary filters: 0, did not pass the filter by colors: 0, did not pass the filter by options: 0, added: 0, new vincodes: 0
08-06-2012 06:40:28 --- INFO: Lexus LX 470 - found: 0, pass primary filters: 0, did not pass the filter by colors: 0, did not pass the filter by options: 0, added: 0, new vincodes: 0
08-06-2012 06:40:32 --- INFO: Lexus LX 470 - found: 0, pass primary filters: 0, did not pass the filter by colors: 0, did not pass the filter by options: 0, added: 0, new vincodes: 0
08-06-2012 06:40:37 --- INFO: Toyota Land Cruiser - found: 0, pass primary filters: 0, did not pass the filter by colors: 0, did not pass the filter by options: 0, added: 0, new vincodes: 0
08-06-2012 06:40:42 --- INFO: Toyota 4RUNNER 4WD V6 - found: 0, pass primary filters: 0, did not pass the filter by colors: 0, did not pass the filter by options: 0, added: 0, new vincodes: 0
08-06-2012 06:40:46 --- INFO: Toyota Highlander 4WD - found: 0, pass primary filters: 0, did not pass the filter by colors: 0, did not pass the filter by options: 0, added: 0, new vincodes: 0
08-06-2012 06:40:51 --- INFO: Toyota Highlander - found: 0, pass primary filters: 0, did not pass the filter by colors: 0, did not pass the filter by options: 0, added: 0, new vincodes: 0
08-06-2012 06:40:55 --- INFO: Lexus RX 350 - found: 0, pass primary filters: 0, did not pass the filter by colors: 0, did not pass the filter by options: 0, added: 0, new vincodes: 0
08-06-2012 06:41:00 --- INFO: Toyota 4RUNNER Limited V6 - found: 0, pass primary filters: 0, did not pass the filter by colors: 0, did not pass the filter by options: 0, added: 0, new vincodes: 0
08-06-2012 06:41:00 --- INFO: finish: 08-06-2012 06:41:00
08-06-2012 06:41:00 --- INFO: elapsed time: ~59.48 sec., memory usage: ~1.68 Mb.
08-06-2012 08:10:01 --- INFO: start: 08-06-2012 08:10:01
08-06-2012 08:10:01 --- INFO: ----------Source_Adesa (cli)
08-06-2012 08:10:02 --- INFO: Authorized request
08-06-2012 08:10:15 --- INFO: Lexus RX 330 - found: 13, pass primary filters: 4, did not pass the filter by colors: 3, did not pass the filter by options: 1, added: 0, new vincodes: 0
08-06-2012 08:10:15 --- INFO: Lexus RX 400H - found: 0, pass primary filters: 0, did not pass the filter by colors: 0, did not pass the filter by options: 0, added: 0, new vincodes: 0
08-06-2012 08:10:20 --- INFO: Lexus GX 470 - found: 5, pass primary filters: 2, did not pass the filter by colors: 2, did not pass the filter by options: 0, added: 0, new vincodes: 0
08-06-2012 08:10:42 --- INFO: Lexus GX 470 - found: 11, pass primary filters: 10, did not pass the filter by colors: 9, did not pass the filter by options: 1, added: 0, new vincodes: 0
08-06-2012 08:10:43 --- INFO: Lexus LX 470 - found: 0, pass primary filters: 0, did not pass the filter by colors: 0, did not pass the filter by options: 0, added: 0, new vincodes: 0
08-06-2012 08:10:43 --- INFO: Lexus LX 470 - found: 0, pass primary filters: 0, did not pass the filter by colors: 0, did not pass the filter by options: 0, added: 0, new vincodes: 0
08-06-2012 08:10:48 --- INFO: Toyota Land Cruiser - found: 2, pass primary filters: 2, did not pass the filter by colors: 2, did not pass the filter by options: 0, added: 0, new vincodes: 0
08-06-2012 08:10:51 --- INFO: Toyota 4RUNNER 4WD V6 - found: 12, pass primary filters: 2, did not pass the filter by colors: 2, did not pass the filter by options: 0, added: 0, new vincodes: 0
08-06-2012 08:10:52 --- INFO: Toyota Highlander 4WD - found: 41, pass primary filters: 0, did not pass the filter by colors: 0, did not pass the filter by options: 0, added: 0, new vincodes: 0
08-06-2012 08:10:59 --- INFO: Toyota Highlander - found: 25, pass primary filters: 4, did not pass the filter by colors: 4, did not pass the filter by options: 0, added: 0, new vincodes: 0
08-06-2012 08:11:03 --- INFO: Lexus RX 350 - found: 6, pass primary filters: 1, did not pass the filter by colors: 1, did not pass the filter by options: 0, added: 0, new vincodes: 0
08-06-2012 08:11:11 --- INFO: Toyota 4RUNNER Limited V6 - found: 12, pass primary filters: 3, did not pass the filter by colors: 2, did not pass the filter by options: 0, added: 1, new vincodes: 0
08-06-2012 08:11:11 --- INFO: finish: 08-06-2012 08:11:11
08-06-2012 08:11:11 --- INFO: elapsed time: ~69.94 sec., memory usage: ~2.24 Mb.
08-06-2012 08:40:01 --- INFO: start: 08-06-2012 08:40:01
08-06-2012 08:40:01 --- INFO: ----------Source_Gsmotors (cli)
08-06-2012 08:40:08 --- INFO: Lexus RX 330 - found: 0, pass primary filters: 0, did not pass the filter by colors: 0, did not pass the filter by options: 0, added: 0, new vincodes: 0
08-06-2012 08:40:12 --- INFO: Lexus RX 400H - found: 0, pass primary filters: 0, did not pass the filter by colors: 0, did not pass the filter by options: 0, added: 0, new vincodes: 0
08-06-2012 08:40:20 --- INFO: Lexus GX 470 - found: 0, pass primary filters: 0, did not pass the filter by colors: 0, did not pass the filter by options: 0, added: 0, new vincodes: 0
08-06-2012 08:40:25 --- INFO: Lexus GX 470 - found: 0, pass primary filters: 0, did not pass the filter by colors: 0, did not pass the filter by options: 0, added: 0, new vincodes: 0
08-06-2012 08:40:30 --- INFO: Lexus LX 470 - found: 0, pass primary filters: 0, did not pass the filter by colors: 0, did not pass the filter by options: 0, added: 0, new vincodes: 0
08-06-2012 08:40:34 --- INFO: Lexus LX 470 - found: 0, pass primary filters: 0, did not pass the filter by colors: 0, did not pass the filter by options: 0, added: 0, new vincodes: 0
08-06-2012 08:40:39 --- INFO: Toyota Land Cruiser - found: 0, pass primary filters: 0, did not pass the filter by colors: 0, did not pass the filter by options: 0, added: 0, new vincodes: 0
08-06-2012 08:40:44 --- INFO: Toyota 4RUNNER 4WD V6 - found: 0, pass primary filters: 0, did not pass the filter by colors: 0, did not pass the filter by options: 0, added: 0, new vincodes: 0
08-06-2012 08:40:48 --- INFO: Toyota Highlander 4WD - found: 0, pass primary filters: 0, did not pass the filter by colors: 0, did not pass the filter by options: 0, added: 0, new vincodes: 0
08-06-2012 08:40:55 --- INFO: Toyota Highlander - found: 0, pass primary filters: 0, did not pass the filter by colors: 0, did not pass the filter by options: 0, added: 0, new vincodes: 0
08-06-2012 08:40:59 --- INFO: Lexus RX 350 - found: 0, pass primary filters: 0, did not pass the filter by colors: 0, did not pass the filter by options: 0, added: 0, new vincodes: 0
08-06-2012 08:41:04 --- INFO: Toyota 4RUNNER Limited V6 - found: 0, pass primary filters: 0, did not pass the filter by colors: 0, did not pass the filter by options: 0, added: 0, new vincodes: 0
08-06-2012 08:41:04 --- INFO: finish: 08-06-2012 08:41:04
08-06-2012 08:41:04 --- INFO: elapsed time: ~62.26 sec., memory usage: ~1.68 Mb.
08-06-2012 09:09:01 --- INFO: start: 08-06-2012 09:09:01
08-06-2012 09:09:01 --- INFO: ----------Source_Gsmotors (apache2handler)
08-06-2012 09:09:07 --- INFO: Lexus RX 330 - found: 0, pass primary filters: 0, did not pass the filter by colors: 0, did not pass the filter by options: 0, added: 0, new vincodes: 0
08-06-2012 09:09:12 --- INFO: Lexus RX 400H - found: 0, pass primary filters: 0, did not pass the filter by colors: 0, did not pass the filter by options: 0, added: 0, new vincodes: 0
08-06-2012 09:09:17 --- INFO: Lexus GX 470 - found: 0, pass primary filters: 0, did not pass the filter by colors: 0, did not pass the filter by options: 0, added: 0, new vincodes: 0
08-06-2012 09:09:22 --- INFO: Lexus GX 470 - found: 0, pass primary filters: 0, did not pass the filter by colors: 0, did not pass the filter by options: 0, added: 0, new vincodes: 0
08-06-2012 09:09:28 --- INFO: Lexus LX 470 - found: 0, pass primary filters: 0, did not pass the filter by colors: 0, did not pass the filter by options: 0, added: 0, new vincodes: 0
08-06-2012 09:09:33 --- INFO: Lexus LX 470 - found: 0, pass primary filters: 0, did not pass the filter by colors: 0, did not pass the filter by options: 0, added: 0, new vincodes: 0
08-06-2012 09:09:38 --- INFO: Toyota Land Cruiser - found: 0, pass primary filters: 0, did not pass the filter by colors: 0, did not pass the filter by options: 0, added: 0, new vincodes: 0
08-06-2012 09:09:42 --- INFO: Toyota 4RUNNER 4WD V6 - found: 0, pass primary filters: 0, did not pass the filter by colors: 0, did not pass the filter by options: 0, added: 0, new vincodes: 0
08-06-2012 09:09:47 --- INFO: Toyota Highlander 4WD - found: 0, pass primary filters: 0, did not pass the filter by colors: 0, did not pass the filter by options: 0, added: 0, new vincodes: 0
08-06-2012 09:09:52 --- INFO: Toyota Highlander - found: 0, pass primary filters: 0, did not pass the filter by colors: 0, did not pass the filter by options: 0, added: 0, new vincodes: 0
08-06-2012 09:09:57 --- INFO: Lexus RX 350 - found: 0, pass primary filters: 0, did not pass the filter by colors: 0, did not pass the filter by options: 0, added: 0, new vincodes: 0
08-06-2012 09:10:02 --- INFO: Toyota 4RUNNER Limited V6 - found: 0, pass primary filters: 0, did not pass the filter by colors: 0, did not pass the filter by options: 0, added: 0, new vincodes: 0
08-06-2012 09:10:02 --- INFO: finish: 08-06-2012 09:10:02
08-06-2012 09:10:02 --- INFO: elapsed time: ~61.44 sec., memory usage: ~1.68 Mb.
08-06-2012 09:10:01 --- INFO: start: 08-06-2012 09:10:01
08-06-2012 09:10:01 --- INFO: ----------Source_Adesa (cli)
08-06-2012 09:10:04 --- INFO: Authorized request
08-06-2012 09:10:31 --- INFO: Lexus RX 330 - found: 16, pass primary filters: 7, did not pass the filter by colors: 6, did not pass the filter by options: 1, added: 0, new vincodes: 2
08-06-2012 09:10:31 --- INFO: Lexus RX 400H - found: 0, pass primary filters: 0, did not pass the filter by colors: 0, did not pass the filter by options: 0, added: 0, new vincodes: 0
08-06-2012 09:10:37 --- INFO: Lexus GX 470 - found: 5, pass primary filters: 2, did not pass the filter by colors: 2, did not pass the filter by options: 0, added: 0, new vincodes: 0
08-06-2012 09:10:56 --- INFO: Lexus GX 470 - found: 11, pass primary filters: 10, did not pass the filter by colors: 9, did not pass the filter by options: 1, added: 0, new vincodes: 0
08-06-2012 09:10:56 --- INFO: Lexus LX 470 - found: 0, pass primary filters: 0, did not pass the filter by colors: 0, did not pass the filter by options: 0, added: 0, new vincodes: 0
08-06-2012 09:10:57 --- INFO: Lexus LX 470 - found: 0, pass primary filters: 0, did not pass the filter by colors: 0, did not pass the filter by options: 0, added: 0, new vincodes: 0
08-06-2012 09:11:02 --- INFO: Toyota Land Cruiser - found: 2, pass primary filters: 2, did not pass the filter by colors: 2, did not pass the filter by options: 0, added: 0, new vincodes: 0
08-06-2012 09:11:05 --- INFO: Toyota 4RUNNER 4WD V6 - found: 12, pass primary filters: 2, did not pass the filter by colors: 2, did not pass the filter by options: 0, added: 0, new vincodes: 0
08-06-2012 09:11:07 --- INFO: Toyota Highlander 4WD - found: 41, pass primary filters: 0, did not pass the filter by colors: 0, did not pass the filter by options: 0, added: 0, new vincodes: 0
08-06-2012 09:11:14 --- INFO: Toyota Highlander - found: 25, pass primary filters: 4, did not pass the filter by colors: 4, did not pass the filter by options: 0, added: 0, new vincodes: 0
08-06-2012 09:11:34 --- INFO: Lexus RX 350 - found: 7, pass primary filters: 2, did not pass the filter by colors: 2, did not pass the filter by options: 0, added: 0, new vincodes: 1
08-06-2012 09:11:42 --- INFO: Toyota 4RUNNER Limited V6 - found: 12, pass primary filters: 3, did not pass the filter by colors: 2, did not pass the filter by options: 0, added: 1, new vincodes: 0
08-06-2012 09:11:42 --- INFO: finish: 08-06-2012 09:11:42
08-06-2012 09:11:42 --- INFO: elapsed time: ~100.66 sec., memory usage: ~2.3 Mb.
08-06-2012 09:40:01 --- INFO: start: 08-06-2012 09:40:01
08-06-2012 09:40:01 --- INFO: ----------Source_Gsmotors (cli)
08-06-2012 09:40:08 --- INFO: Lexus RX 330 - found: 0, pass primary filters: 0, did not pass the filter by colors: 0, did not pass the filter by options: 0, added: 0, new vincodes: 0
08-06-2012 09:40:13 --- INFO: Lexus RX 400H - found: 0, pass primary filters: 0, did not pass the filter by colors: 0, did not pass the filter by options: 0, added: 0, new vincodes: 0
08-06-2012 09:40:18 --- INFO: Lexus GX 470 - found: 0, pass primary filters: 0, did not pass the filter by colors: 0, did not pass the filter by options: 0, added: 0, new vincodes: 0
08-06-2012 09:40:23 --- INFO: Lexus GX 470 - found: 0, pass primary filters: 0, did not pass the filter by colors: 0, did not pass the filter by options: 0, added: 0, new vincodes: 0
08-06-2012 09:40:28 --- INFO: Lexus LX 470 - found: 0, pass primary filters: 0, did not pass the filter by colors: 0, did not pass the filter by options: 0, added: 0, new vincodes: 0
08-06-2012 09:40:33 --- INFO: Lexus LX 470 - found: 0, pass primary filters: 0, did not pass the filter by colors: 0, did not pass the filter by options: 0, added: 0, new vincodes: 0
08-06-2012 09:40:37 --- INFO: Toyota Land Cruiser - found: 0, pass primary filters: 0, did not pass the filter by colors: 0, did not pass the filter by options: 0, added: 0, new vincodes: 0
08-06-2012 09:40:42 --- INFO: Toyota 4RUNNER 4WD V6 - found: 0, pass primary filters: 0, did not pass the filter by colors: 0, did not pass the filter by options: 0, added: 0, new vincodes: 0
08-06-2012 09:40:47 --- INFO: Toyota Highlander 4WD - found: 0, pass primary filters: 0, did not pass the filter by colors: 0, did not pass the filter by options: 0, added: 0, new vincodes: 0
08-06-2012 09:40:51 --- INFO: Toyota Highlander - found: 0, pass primary filters: 0, did not pass the filter by colors: 0, did not pass the filter by options: 0, added: 0, new vincodes: 0
08-06-2012 09:40:56 --- INFO: Lexus RX 350 - found: 0, pass primary filters: 0, did not pass the filter by colors: 0, did not pass the filter by options: 0, added: 0, new vincodes: 0
08-06-2012 09:41:01 --- INFO: Toyota 4RUNNER Limited V6 - found: 0, pass primary filters: 0, did not pass the filter by colors: 0, did not pass the filter by options: 0, added: 0, new vincodes: 0
08-06-2012 09:41:01 --- INFO: finish: 08-06-2012 09:41:01
08-06-2012 09:41:01 --- INFO: elapsed time: ~59.3 sec., memory usage: ~1.68 Mb.
08-06-2012 10:00:01 --- INFO: start: 08-06-2012 10:00:01
08-06-2012 10:00:01 --- INFO: ----------Source_Adesa (cli)
08-06-2012 10:00:02 --- INFO: Authorized request
08-06-2012 10:01:19 --- INFO: Lexus RX 330 - found: 16, pass primary filters: 7, did not pass the filter by colors: 6, did not pass the filter by options: 1, added: 0, new vincodes: 0
08-06-2012 10:01:19 --- INFO: Lexus RX 400H - found: 0, pass primary filters: 0, did not pass the filter by colors: 0, did not pass the filter by options: 0, added: 0, new vincodes: 0
08-06-2012 10:01:24 --- INFO: Lexus GX 470 - found: 6, pass primary filters: 2, did not pass the filter by colors: 2, did not pass the filter by options: 0, added: 0, new vincodes: 0
08-06-2012 10:01:43 --- INFO: Lexus GX 470 - found: 11, pass primary filters: 10, did not pass the filter by colors: 9, did not pass the filter by options: 1, added: 0, new vincodes: 0
08-06-2012 10:01:43 --- INFO: Lexus LX 470 - found: 0, pass primary filters: 0, did not pass the filter by colors: 0, did not pass the filter by options: 0, added: 0, new vincodes: 0
08-06-2012 10:01:43 --- INFO: Lexus LX 470 - found: 0, pass primary filters: 0, did not pass the filter by colors: 0, did not pass the filter by options: 0, added: 0, new vincodes: 0
08-06-2012 10:01:49 --- INFO: Toyota Land Cruiser - found: 2, pass primary filters: 2, did not pass the filter by colors: 2, did not pass the filter by options: 0, added: 0, new vincodes: 0
08-06-2012 10:01:52 --- INFO: Toyota 4RUNNER 4WD V6 - found: 12, pass primary filters: 2, did not pass the filter by colors: 2, did not pass the filter by options: 0, added: 0, new vincodes: 0
08-06-2012 10:01:53 --- INFO: Toyota Highlander 4WD - found: 41, pass primary filters: 0, did not pass the filter by colors: 0, did not pass the filter by options: 0, added: 0, new vincodes: 0
08-06-2012 10:02:02 --- INFO: Toyota Highlander - found: 25, pass primary filters: 4, did not pass the filter by colors: 4, did not pass the filter by options: 0, added: 0, new vincodes: 0
08-06-2012 10:02:10 --- INFO: Lexus RX 350 - found: 7, pass primary filters: 2, did not pass the filter by colors: 2, did not pass the filter by options: 0, added: 0, new vincodes: 0
08-06-2012 10:02:17 --- INFO: Toyota 4RUNNER Limited V6 - found: 12, pass primary filters: 3, did not pass the filter by colors: 2, did not pass the filter by options: 0, added: 1, new vincodes: 0
08-06-2012 10:02:17 --- INFO: finish: 08-06-2012 10:02:17
08-06-2012 10:02:17 --- INFO: elapsed time: ~135.94 sec., memory usage: ~2.26 Mb.
08-06-2012 10:30:01 --- INFO: start: 08-06-2012 10:30:01
08-06-2012 10:30:01 --- INFO: ----------Source_Gsmotors (cli)
08-06-2012 10:30:07 --- INFO: Lexus RX 330 - found: 0, pass primary filters: 0, did not pass the filter by colors: 0, did not pass the filter by options: 0, added: 0, new vincodes: 0
08-06-2012 10:30:13 --- INFO: Lexus RX 400H - found: 0, pass primary filters: 0, did not pass the filter by colors: 0, did not pass the filter by options: 0, added: 0, new vincodes: 0
08-06-2012 10:30:18 --- INFO: Lexus GX 470 - found: 0, pass primary filters: 0, did not pass the filter by colors: 0, did not pass the filter by options: 0, added: 0, new vincodes: 0
08-06-2012 10:30:22 --- INFO: Lexus GX 470 - found: 0, pass primary filters: 0, did not pass the filter by colors: 0, did not pass the filter by options: 0, added: 0, new vincodes: 0
08-06-2012 10:30:27 --- INFO: Lexus LX 470 - found: 0, pass primary filters: 0, did not pass the filter by colors: 0, did not pass the filter by options: 0, added: 0, new vincodes: 0
08-06-2012 10:30:32 --- INFO: Lexus LX 470 - found: 0, pass primary filters: 0, did not pass the filter by colors: 0, did not pass the filter by options: 0, added: 0, new vincodes: 0
08-06-2012 10:30:37 --- INFO: Toyota Land Cruiser - found: 0, pass primary filters: 0, did not pass the filter by colors: 0, did not pass the filter by options: 0, added: 0, new vincodes: 0
08-06-2012 10:30:41 --- INFO: Toyota 4RUNNER 4WD V6 - found: 0, pass primary filters: 0, did not pass the filter by colors: 0, did not pass the filter by options: 0, added: 0, new vincodes: 0
08-06-2012 10:30:46 --- INFO: Toyota Highlander 4WD - found: 0, pass primary filters: 0, did not pass the filter by colors: 0, did not pass the filter by options: 0, added: 0, new vincodes: 0
08-06-2012 10:30:51 --- INFO: Toyota Highlander - found: 0, pass primary filters: 0, did not pass the filter by colors: 0, did not pass the filter by options: 0, added: 0, new vincodes: 0
08-06-2012 10:30:55 --- INFO: Lexus RX 350 - found: 0, pass primary filters: 0, did not pass the filter by colors: 0, did not pass the filter by options: 0, added: 0, new vincodes: 0
08-06-2012 10:31:01 --- INFO: Toyota 4RUNNER Limited V6 - found: 0, pass primary filters: 0, did not pass the filter by colors: 0, did not pass the filter by options: 0, added: 0, new vincodes: 0
08-06-2012 10:31:01 --- INFO: finish: 08-06-2012 10:31:01
08-06-2012 10:31:01 --- INFO: elapsed time: ~59.64 sec., memory usage: ~1.68 Mb.
08-06-2012 11:10:01 --- INFO: start: 08-06-2012 11:10:01
08-06-2012 11:10:01 --- INFO: ----------Source_Adesa (cli)
08-06-2012 11:10:02 --- INFO: Authorized request
08-06-2012 11:10:17 --- INFO: Lexus RX 330 - found: 16, pass primary filters: 7, did not pass the filter by colors: 6, did not pass the filter by options: 1, added: 0, new vincodes: 0
08-06-2012 11:10:17 --- INFO: Lexus RX 400H - found: 0, pass primary filters: 0, did not pass the filter by colors: 0, did not pass the filter by options: 0, added: 0, new vincodes: 0
08-06-2012 11:10:21 --- INFO: Lexus GX 470 - found: 6, pass primary filters: 2, did not pass the filter by colors: 2, did not pass the filter by options: 0, added: 0, new vincodes: 0
08-06-2012 11:10:41 --- INFO: Lexus GX 470 - found: 11, pass primary filters: 10, did not pass the filter by colors: 9, did not pass the filter by options: 1, added: 0, new vincodes: 0
08-06-2012 11:10:41 --- INFO: Lexus LX 470 - found: 1, pass primary filters: 0, did not pass the filter by colors: 0, did not pass the filter by options: 0, added: 0, new vincodes: 0
08-06-2012 11:10:41 --- INFO: Lexus LX 470 - found: 0, pass primary filters: 0, did not pass the filter by colors: 0, did not pass the filter by options: 0, added: 0, new vincodes: 0
08-06-2012 11:10:44 --- INFO: Toyota Land Cruiser - found: 2, pass primary filters: 2, did not pass the filter by colors: 2, did not pass the filter by options: 0, added: 0, new vincodes: 0
08-06-2012 11:10:47 --- INFO: Toyota 4RUNNER 4WD V6 - found: 13, pass primary filters: 2, did not pass the filter by colors: 2, did not pass the filter by options: 0, added: 0, new vincodes: 0
08-06-2012 11:10:48 --- INFO: Toyota Highlander 4WD - found: 41, pass primary filters: 0, did not pass the filter by colors: 0, did not pass the filter by options: 0, added: 0, new vincodes: 0
08-06-2012 11:10:53 --- INFO: Toyota Highlander - found: 25, pass primary filters: 4, did not pass the filter by colors: 4, did not pass the filter by options: 0, added: 0, new vincodes: 0
08-06-2012 11:10:57 --- INFO: Lexus RX 350 - found: 7, pass primary filters: 2, did not pass the filter by colors: 2, did not pass the filter by options: 0, added: 0, new vincodes: 0
08-06-2012 11:11:01 --- INFO: Toyota 4RUNNER Limited V6 - found: 13, pass primary filters: 3, did not pass the filter by colors: 2, did not pass the filter by options: 0, added: 1, new vincodes: 0
08-06-2012 11:11:01 --- INFO: finish: 08-06-2012 11:11:01
08-06-2012 11:11:01 --- INFO: elapsed time: ~59.74 sec., memory usage: ~2.26 Mb.
08-06-2012 11:40:01 --- INFO: start: 08-06-2012 11:40:01
08-06-2012 11:40:01 --- INFO: ----------Source_Gsmotors (cli)
08-06-2012 11:40:07 --- INFO: Lexus RX 330 - found: 0, pass primary filters: 0, did not pass the filter by colors: 0, did not pass the filter by options: 0, added: 0, new vincodes: 0
08-06-2012 11:40:12 --- INFO: Lexus RX 400H - found: 0, pass primary filters: 0, did not pass the filter by colors: 0, did not pass the filter by options: 0, added: 0, new vincodes: 0
08-06-2012 11:40:16 --- INFO: Lexus GX 470 - found: 0, pass primary filters: 0, did not pass the filter by colors: 0, did not pass the filter by options: 0, added: 0, new vincodes: 0
08-06-2012 11:40:22 --- INFO: Lexus GX 470 - found: 0, pass primary filters: 0, did not pass the filter by colors: 0, did not pass the filter by options: 0, added: 0, new vincodes: 0
08-06-2012 11:40:26 --- INFO: Lexus LX 470 - found: 0, pass primary filters: 0, did not pass the filter by colors: 0, did not pass the filter by options: 0, added: 0, new vincodes: 0
08-06-2012 11:40:31 --- INFO: Lexus LX 470 - found: 0, pass primary filters: 0, did not pass the filter by colors: 0, did not pass the filter by options: 0, added: 0, new vincodes: 0
08-06-2012 11:40:36 --- INFO: Toyota Land Cruiser - found: 0, pass primary filters: 0, did not pass the filter by colors: 0, did not pass the filter by options: 0, added: 0, new vincodes: 0
08-06-2012 11:40:41 --- INFO: Toyota 4RUNNER 4WD V6 - found: 0, pass primary filters: 0, did not pass the filter by colors: 0, did not pass the filter by options: 0, added: 0, new vincodes: 0
08-06-2012 11:40:45 --- INFO: Toyota Highlander 4WD - found: 0, pass primary filters: 0, did not pass the filter by colors: 0, did not pass the filter by options: 0, added: 0, new vincodes: 0
08-06-2012 11:40:53 --- INFO: Toyota Highlander - found: 0, pass primary filters: 0, did not pass the filter by colors: 0, did not pass the filter by options: 0, added: 0, new vincodes: 0
08-06-2012 11:40:58 --- INFO: Lexus RX 350 - found: 0, pass primary filters: 0, did not pass the filter by colors: 0, did not pass the filter by options: 0, added: 0, new vincodes: 0
08-06-2012 11:41:03 --- INFO: Toyota 4RUNNER Limited V6 - found: 0, pass primary filters: 0, did not pass the filter by colors: 0, did not pass the filter by options: 0, added: 0, new vincodes: 0
08-06-2012 11:41:03 --- INFO: finish: 08-06-2012 11:41:03
08-06-2012 11:41:03 --- INFO: elapsed time: ~61.69 sec., memory usage: ~1.68 Mb.
08-06-2012 12:20:01 --- INFO: start: 08-06-2012 12:20:01
08-06-2012 12:20:01 --- INFO: ----------Source_Adesa (cli)
08-06-2012 12:20:03 --- INFO: Authorized request
08-06-2012 12:20:10 --- INFO: Lexus RX 330 - found: 16, pass primary filters: 7, did not pass the filter by colors: 6, did not pass the filter by options: 1, added: 0, new vincodes: 0
08-06-2012 12:20:11 --- INFO: Lexus RX 400H - found: 0, pass primary filters: 0, did not pass the filter by colors: 0, did not pass the filter by options: 0, added: 0, new vincodes: 0
08-06-2012 12:20:33 --- INFO: Lexus GX 470 - found: 7, pass primary filters: 4, did not pass the filter by colors: 4, did not pass the filter by options: 0, added: 0, new vincodes: 1
08-06-2012 12:20:47 --- INFO: Lexus GX 470 - found: 11, pass primary filters: 10, did not pass the filter by colors: 9, did not pass the filter by options: 1, added: 0, new vincodes: 0
08-06-2012 12:20:47 --- INFO: Lexus LX 470 - found: 1, pass primary filters: 0, did not pass the filter by colors: 0, did not pass the filter by options: 0, added: 0, new vincodes: 0
08-06-2012 12:20:47 --- INFO: Lexus LX 470 - found: 0, pass primary filters: 0, did not pass the filter by colors: 0, did not pass the filter by options: 0, added: 0, new vincodes: 0
08-06-2012 12:20:50 --- INFO: Toyota Land Cruiser - found: 2, pass primary filters: 2, did not pass the filter by colors: 2, did not pass the filter by options: 0, added: 0, new vincodes: 0
08-06-2012 12:20:52 --- INFO: Toyota 4RUNNER 4WD V6 - found: 13, pass primary filters: 2, did not pass the filter by colors: 2, did not pass the filter by options: 0, added: 0, new vincodes: 0
08-06-2012 12:20:53 --- INFO: Toyota Highlander 4WD - found: 41, pass primary filters: 0, did not pass the filter by colors: 0, did not pass the filter by options: 0, added: 0, new vincodes: 0
08-06-2012 12:20:57 --- INFO: Toyota Highlander - found: 25, pass primary filters: 4, did not pass the filter by colors: 4, did not pass the filter by options: 0, added: 0, new vincodes: 0
08-06-2012 12:21:01 --- INFO: Lexus RX 350 - found: 7, pass primary filters: 2, did not pass the filter by colors: 2, did not pass the filter by options: 0, added: 0, new vincodes: 0
08-06-2012 12:21:01 --- INFO: Toyota 4RUNNER Limited V6 - found: 13, pass primary filters: 3, did not pass the filter by colors: 2, did not pass the filter by options: 0, added: 1, new vincodes: 0
08-06-2012 12:21:01 --- INFO: finish: 08-06-2012 12:21:01
08-06-2012 12:21:01 --- INFO: elapsed time: ~60.43 sec., memory usage: ~2.31 Mb.
08-06-2012 12:50:01 --- INFO: start: 08-06-2012 12:50:01
08-06-2012 12:50:01 --- INFO: ----------Source_Gsmotors (cli)
08-06-2012 12:50:07 --- INFO: Lexus RX 330 - found: 0, pass primary filters: 0, did not pass the filter by colors: 0, did not pass the filter by options: 0, added: 0, new vincodes: 0
08-06-2012 12:50:12 --- INFO: Lexus RX 400H - found: 0, pass primary filters: 0, did not pass the filter by colors: 0, did not pass the filter by options: 0, added: 0, new vincodes: 0
08-06-2012 12:50:17 --- INFO: Lexus GX 470 - found: 0, pass primary filters: 0, did not pass the filter by colors: 0, did not pass the filter by options: 0, added: 0, new vincodes: 0
08-06-2012 12:50:22 --- INFO: Lexus GX 470 - found: 0, pass primary filters: 0, did not pass the filter by colors: 0, did not pass the filter by options: 0, added: 0, new vincodes: 0
08-06-2012 12:50:27 --- INFO: Lexus LX 470 - found: 0, pass primary filters: 0, did not pass the filter by colors: 0, did not pass the filter by options: 0, added: 0, new vincodes: 0
08-06-2012 12:50:32 --- INFO: Lexus LX 470 - found: 0, pass primary filters: 0, did not pass the filter by colors: 0, did not pass the filter by options: 0, added: 0, new vincodes: 0
08-06-2012 12:50:36 --- INFO: Toyota Land Cruiser - found: 0, pass primary filters: 0, did not pass the filter by colors: 0, did not pass the filter by options: 0, added: 0, new vincodes: 0
08-06-2012 12:50:41 --- INFO: Toyota 4RUNNER 4WD V6 - found: 0, pass primary filters: 0, did not pass the filter by colors: 0, did not pass the filter by options: 0, added: 0, new vincodes: 0
08-06-2012 12:50:45 --- INFO: Toyota Highlander 4WD - found: 0, pass primary filters: 0, did not pass the filter by colors: 0, did not pass the filter by options: 0, added: 0, new vincodes: 0
08-06-2012 12:50:50 --- INFO: Toyota Highlander - found: 0, pass primary filters: 0, did not pass the filter by colors: 0, did not pass the filter by options: 0, added: 0, new vincodes: 0
08-06-2012 12:50:55 --- INFO: Lexus RX 350 - found: 0, pass primary filters: 0, did not pass the filter by colors: 0, did not pass the filter by options: 0, added: 0, new vincodes: 0
08-06-2012 12:50:59 --- INFO: Toyota 4RUNNER Limited V6 - found: 0, pass primary filters: 0, did not pass the filter by colors: 0, did not pass the filter by options: 0, added: 0, new vincodes: 0
08-06-2012 12:50:59 --- INFO: finish: 08-06-2012 12:50:59
08-06-2012 12:50:59 --- INFO: elapsed time: ~58.11 sec., memory usage: ~1.68 Mb.
08-06-2012 13:20:01 --- INFO: start: 08-06-2012 13:20:01
08-06-2012 13:20:01 --- INFO: ----------Source_Adesa (cli)
08-06-2012 13:20:02 --- INFO: Authorized request
08-06-2012 13:20:10 --- INFO: Lexus RX 330 - found: 17, pass primary filters: 7, did not pass the filter by colors: 6, did not pass the filter by options: 1, added: 0, new vincodes: 0
08-06-2012 13:20:11 --- INFO: Lexus RX 400H - found: 0, pass primary filters: 0, did not pass the filter by colors: 0, did not pass the filter by options: 0, added: 0, new vincodes: 0
08-06-2012 13:20:20 --- INFO: Lexus GX 470 - found: 7, pass primary filters: 4, did not pass the filter by colors: 4, did not pass the filter by options: 0, added: 0, new vincodes: 0
08-06-2012 13:20:34 --- INFO: Lexus GX 470 - found: 11, pass primary filters: 10, did not pass the filter by colors: 9, did not pass the filter by options: 1, added: 0, new vincodes: 0
08-06-2012 13:20:34 --- INFO: Lexus LX 470 - found: 1, pass primary filters: 0, did not pass the filter by colors: 0, did not pass the filter by options: 0, added: 0, new vincodes: 0
08-06-2012 13:20:34 --- INFO: Lexus LX 470 - found: 0, pass primary filters: 0, did not pass the filter by colors: 0, did not pass the filter by options: 0, added: 0, new vincodes: 0
08-06-2012 13:20:36 --- INFO: Toyota Land Cruiser - found: 2, pass primary filters: 2, did not pass the filter by colors: 2, did not pass the filter by options: 0, added: 0, new vincodes: 0
08-06-2012 13:20:39 --- INFO: Toyota 4RUNNER 4WD V6 - found: 13, pass primary filters: 2, did not pass the filter by colors: 2, did not pass the filter by options: 0, added: 0, new vincodes: 0
08-06-2012 13:20:40 --- INFO: Toyota Highlander 4WD - found: 43, pass primary filters: 0, did not pass the filter by colors: 0, did not pass the filter by options: 0, added: 0, new vincodes: 0
08-06-2012 13:21:24 --- INFO: Toyota Highlander - found: 27, pass primary filters: 5, did not pass the filter by colors: 5, did not pass the filter by options: 0, added: 0, new vincodes: 1
08-06-2012 13:21:28 --- INFO: Lexus RX 350 - found: 7, pass primary filters: 2, did not pass the filter by colors: 2, did not pass the filter by options: 0, added: 0, new vincodes: 0
08-06-2012 13:21:28 --- INFO: Toyota 4RUNNER Limited V6 - found: 13, pass primary filters: 3, did not pass the filter by colors: 2, did not pass the filter by options: 0, added: 1, new vincodes: 0
08-06-2012 13:21:28 --- INFO: finish: 08-06-2012 13:21:28
08-06-2012 13:21:28 --- INFO: elapsed time: ~87.63 sec., memory usage: ~2.31 Mb.
08-06-2012 13:50:01 --- INFO: start: 08-06-2012 13:50:01
08-06-2012 13:50:01 --- INFO: ----------Source_Gsmotors (cli)
08-06-2012 13:50:06 --- INFO: Lexus RX 330 - found: 0, pass primary filters: 0, did not pass the filter by colors: 0, did not pass the filter by options: 0, added: 0, new vincodes: 0
08-06-2012 13:50:11 --- INFO: Lexus RX 400H - found: 0, pass primary filters: 0, did not pass the filter by colors: 0, did not pass the filter by options: 0, added: 0, new vincodes: 0
08-06-2012 13:50:15 --- INFO: Lexus GX 470 - found: 0, pass primary filters: 0, did not pass the filter by colors: 0, did not pass the filter by options: 0, added: 0, new vincodes: 0
08-06-2012 13:50:20 --- INFO: Lexus GX 470 - found: 0, pass primary filters: 0, did not pass the filter by colors: 0, did not pass the filter by options: 0, added: 0, new vincodes: 0
08-06-2012 13:50:25 --- INFO: Lexus LX 470 - found: 0, pass primary filters: 0, did not pass the filter by colors: 0, did not pass the filter by options: 0, added: 0, new vincodes: 0
08-06-2012 13:50:30 --- INFO: Lexus LX 470 - found: 0, pass primary filters: 0, did not pass the filter by colors: 0, did not pass the filter by options: 0, added: 0, new vincodes: 0
08-06-2012 13:50:38 --- INFO: Toyota Land Cruiser - found: 0, pass primary filters: 0, did not pass the filter by colors: 0, did not pass the filter by options: 0, added: 0, new vincodes: 0
08-06-2012 13:50:42 --- INFO: Toyota 4RUNNER 4WD V6 - found: 0, pass primary filters: 0, did not pass the filter by colors: 0, did not pass the filter by options: 0, added: 0, new vincodes: 0
08-06-2012 13:50:47 --- INFO: Toyota Highlander 4WD - found: 0, pass primary filters: 0, did not pass the filter by colors: 0, did not pass the filter by options: 0, added: 0, new vincodes: 0
08-06-2012 13:50:51 --- INFO: Toyota Highlander - found: 0, pass primary filters: 0, did not pass the filter by colors: 0, did not pass the filter by options: 0, added: 0, new vincodes: 0
08-06-2012 13:50:56 --- INFO: Lexus RX 350 - found: 0, pass primary filters: 0, did not pass the filter by colors: 0, did not pass the filter by options: 0, added: 0, new vincodes: 0
08-06-2012 13:51:04 --- INFO: Toyota 4RUNNER Limited V6 - found: 0, pass primary filters: 0, did not pass the filter by colors: 0, did not pass the filter by options: 0, added: 0, new vincodes: 0
08-06-2012 13:51:04 --- INFO: finish: 08-06-2012 13:51:04
08-06-2012 13:51:04 --- INFO: elapsed time: ~62.92 sec., memory usage: ~1.68 Mb.
08-06-2012 16:10:02 --- INFO: start: 08-06-2012 16:10:02
08-06-2012 16:10:02 --- INFO: ----------Source_Adesa (cli)
08-06-2012 16:10:03 --- INFO: Authorized request
08-06-2012 16:10:34 --- INFO: Lexus RX 330 - found: 20, pass primary filters: 10, did not pass the filter by colors: 9, did not pass the filter by options: 1, added: 0, new vincodes: 3
08-06-2012 16:10:34 --- INFO: Lexus RX 400H - found: 0, pass primary filters: 0, did not pass the filter by colors: 0, did not pass the filter by options: 0, added: 0, new vincodes: 0
08-06-2012 16:10:40 --- INFO: Lexus GX 470 - found: 7, pass primary filters: 4, did not pass the filter by colors: 4, did not pass the filter by options: 0, added: 0, new vincodes: 0
08-06-2012 16:10:53 --- INFO: Lexus GX 470 - found: 12, pass primary filters: 10, did not pass the filter by colors: 9, did not pass the filter by options: 1, added: 0, new vincodes: 0
08-06-2012 16:10:53 --- INFO: Lexus LX 470 - found: 1, pass primary filters: 0, did not pass the filter by colors: 0, did not pass the filter by options: 0, added: 0, new vincodes: 0
08-06-2012 16:10:54 --- INFO: Lexus LX 470 - found: 0, pass primary filters: 0, did not pass the filter by colors: 0, did not pass the filter by options: 0, added: 0, new vincodes: 0
08-06-2012 16:10:56 --- INFO: Toyota Land Cruiser - found: 2, pass primary filters: 2, did not pass the filter by colors: 2, did not pass the filter by options: 0, added: 0, new vincodes: 0
08-06-2012 16:11:14 --- INFO: Toyota 4RUNNER 4WD V6 - found: 13, pass primary filters: 3, did not pass the filter by colors: 3, did not pass the filter by options: 0, added: 0, new vincodes: 1
08-06-2012 16:11:15 --- INFO: Toyota Highlander 4WD - found: 43, pass primary filters: 0, did not pass the filter by colors: 0, did not pass the filter by options: 0, added: 0, new vincodes: 0
08-06-2012 16:11:23 --- INFO: Toyota Highlander - found: 27, pass primary filters: 5, did not pass the filter by colors: 5, did not pass the filter by options: 0, added: 0, new vincodes: 0
08-06-2012 16:11:24 --- INFO: Lexus RX 350 - found: 7, pass primary filters: 3, did not pass the filter by colors: 3, did not pass the filter by options: 0, added: 0, new vincodes: 0
08-06-2012 16:11:24 --- INFO: Toyota 4RUNNER Limited V6 - found: 13, pass primary filters: 3, did not pass the filter by colors: 2, did not pass the filter by options: 0, added: 1, new vincodes: 0
08-06-2012 16:11:24 --- INFO: finish: 08-06-2012 16:11:24
08-06-2012 16:11:24 --- INFO: elapsed time: ~82.84 sec., memory usage: ~2.36 Mb.
08-06-2012 16:40:01 --- INFO: start: 08-06-2012 16:40:01
08-06-2012 16:40:01 --- INFO: ----------Source_Gsmotors (cli)
08-06-2012 16:40:08 --- INFO: Lexus RX 330 - found: 0, pass primary filters: 0, did not pass the filter by colors: 0, did not pass the filter by options: 0, added: 0, new vincodes: 0
08-06-2012 16:40:13 --- INFO: Lexus RX 400H - found: 0, pass primary filters: 0, did not pass the filter by colors: 0, did not pass the filter by options: 0, added: 0, new vincodes: 0
08-06-2012 16:40:18 --- INFO: Lexus GX 470 - found: 0, pass primary filters: 0, did not pass the filter by colors: 0, did not pass the filter by options: 0, added: 0, new vincodes: 0
08-06-2012 16:40:22 --- INFO: Lexus GX 470 - found: 0, pass primary filters: 0, did not pass the filter by colors: 0, did not pass the filter by options: 0, added: 0, new vincodes: 0
08-06-2012 16:40:27 --- INFO: Lexus LX 470 - found: 0, pass primary filters: 0, did not pass the filter by colors: 0, did not pass the filter by options: 0, added: 0, new vincodes: 0
08-06-2012 16:40:32 --- INFO: Lexus LX 470 - found: 0, pass primary filters: 0, did not pass the filter by colors: 0, did not pass the filter by options: 0, added: 0, new vincodes: 0
08-06-2012 16:40:38 --- INFO: Toyota Land Cruiser - found: 0, pass primary filters: 0, did not pass the filter by colors: 0, did not pass the filter by options: 0, added: 0, new vincodes: 0
08-06-2012 16:40:42 --- INFO: Toyota 4RUNNER 4WD V6 - found: 0, pass primary filters: 0, did not pass the filter by colors: 0, did not pass the filter by options: 0, added: 0, new vincodes: 0
08-06-2012 16:40:47 --- INFO: Toyota Highlander 4WD - found: 0, pass primary filters: 0, did not pass the filter by colors: 0, did not pass the filter by options: 0, added: 0, new vincodes: 0
08-06-2012 16:40:51 --- INFO: Toyota Highlander - found: 0, pass primary filters: 0, did not pass the filter by colors: 0, did not pass the filter by options: 0, added: 0, new vincodes: 0
08-06-2012 16:40:56 --- INFO: Lexus RX 350 - found: 0, pass primary filters: 0, did not pass the filter by colors: 0, did not pass the filter by options: 0, added: 0, new vincodes: 0
08-06-2012 16:41:00 --- INFO: Toyota 4RUNNER Limited V6 - found: 0, pass primary filters: 0, did not pass the filter by colors: 0, did not pass the filter by options: 0, added: 0, new vincodes: 0
08-06-2012 16:41:00 --- INFO: finish: 08-06-2012 16:41:00
08-06-2012 16:41:00 --- INFO: elapsed time: ~59.45 sec., memory usage: ~1.68 Mb.
08-06-2012 18:10:02 --- INFO: start: 08-06-2012 18:10:02
08-06-2012 18:10:02 --- INFO: ----------Source_Adesa (cli)
08-06-2012 18:10:03 --- INFO: Authorized request
08-06-2012 18:10:15 --- INFO: Lexus RX 330 - found: 21, pass primary filters: 10, did not pass the filter by colors: 9, did not pass the filter by options: 1, added: 0, new vincodes: 0
08-06-2012 18:10:16 --- INFO: Lexus RX 400H - found: 0, pass primary filters: 0, did not pass the filter by colors: 0, did not pass the filter by options: 0, added: 0, new vincodes: 0
08-06-2012 18:10:22 --- INFO: Lexus GX 470 - found: 7, pass primary filters: 4, did not pass the filter by colors: 4, did not pass the filter by options: 0, added: 0, new vincodes: 0
08-06-2012 18:10:35 --- INFO: Lexus GX 470 - found: 12, pass primary filters: 10, did not pass the filter by colors: 9, did not pass the filter by options: 1, added: 0, new vincodes: 0
08-06-2012 18:10:35 --- INFO: Lexus LX 470 - found: 1, pass primary filters: 0, did not pass the filter by colors: 0, did not pass the filter by options: 0, added: 0, new vincodes: 0
08-06-2012 18:10:35 --- INFO: Lexus LX 470 - found: 0, pass primary filters: 0, did not pass the filter by colors: 0, did not pass the filter by options: 0, added: 0, new vincodes: 0
08-06-2012 18:10:37 --- INFO: Toyota Land Cruiser - found: 2, pass primary filters: 2, did not pass the filter by colors: 2, did not pass the filter by options: 0, added: 0, new vincodes: 0
08-06-2012 18:10:43 --- INFO: Toyota 4RUNNER 4WD V6 - found: 14, pass primary filters: 4, did not pass the filter by colors: 4, did not pass the filter by options: 0, added: 0, new vincodes: 0
08-06-2012 18:10:44 --- INFO: Toyota Highlander 4WD - found: 44, pass primary filters: 0, did not pass the filter by colors: 0, did not pass the filter by options: 0, added: 0, new vincodes: 0
08-06-2012 18:10:50 --- INFO: Toyota Highlander - found: 28, pass primary filters: 5, did not pass the filter by colors: 5, did not pass the filter by options: 0, added: 0, new vincodes: 0
08-06-2012 18:10:50 --- INFO: Lexus RX 350 - found: 7, pass primary filters: 3, did not pass the filter by colors: 3, did not pass the filter by options: 0, added: 0, new vincodes: 0
08-06-2012 18:10:51 --- INFO: Toyota 4RUNNER Limited V6 - found: 14, pass primary filters: 2, did not pass the filter by colors: 1, did not pass the filter by options: 0, added: 1, new vincodes: 0
08-06-2012 18:10:51 --- INFO: finish: 08-06-2012 18:10:51
08-06-2012 18:10:51 --- INFO: elapsed time: ~49.34 sec., memory usage: ~2.32 Mb.
08-06-2012 18:40:01 --- INFO: start: 08-06-2012 18:40:01
08-06-2012 18:40:01 --- INFO: ----------Source_Gsmotors (cli)
08-06-2012 18:40:08 --- INFO: Lexus RX 330 - found: 0, pass primary filters: 0, did not pass the filter by colors: 0, did not pass the filter by options: 0, added: 0, new vincodes: 0
08-06-2012 18:40:13 --- INFO: Lexus RX 400H - found: 0, pass primary filters: 0, did not pass the filter by colors: 0, did not pass the filter by options: 0, added: 0, new vincodes: 0
08-06-2012 18:40:17 --- INFO: Lexus GX 470 - found: 0, pass primary filters: 0, did not pass the filter by colors: 0, did not pass the filter by options: 0, added: 0, new vincodes: 0
08-06-2012 18:40:22 --- INFO: Lexus GX 470 - found: 0, pass primary filters: 0, did not pass the filter by colors: 0, did not pass the filter by options: 0, added: 0, new vincodes: 0
08-06-2012 18:40:26 --- INFO: Lexus LX 470 - found: 0, pass primary filters: 0, did not pass the filter by colors: 0, did not pass the filter by options: 0, added: 0, new vincodes: 0
08-06-2012 18:40:31 --- INFO: Lexus LX 470 - found: 0, pass primary filters: 0, did not pass the filter by colors: 0, did not pass the filter by options: 0, added: 0, new vincodes: 0
08-06-2012 18:40:36 --- INFO: Toyota Land Cruiser - found: 0, pass primary filters: 0, did not pass the filter by colors: 0, did not pass the filter by options: 0, added: 0, new vincodes: 0
08-06-2012 18:40:40 --- INFO: Toyota 4RUNNER 4WD V6 - found: 0, pass primary filters: 0, did not pass the filter by colors: 0, did not pass the filter by options: 0, added: 0, new vincodes: 0
08-06-2012 18:40:45 --- INFO: Toyota Highlander 4WD - found: 0, pass primary filters: 0, did not pass the filter by colors: 0, did not pass the filter by options: 0, added: 0, new vincodes: 0
08-06-2012 18:40:49 --- INFO: Toyota Highlander - found: 0, pass primary filters: 0, did not pass the filter by colors: 0, did not pass the filter by options: 0, added: 0, new vincodes: 0
08-06-2012 18:40:53 --- INFO: Lexus RX 350 - found: 0, pass primary filters: 0, did not pass the filter by colors: 0, did not pass the filter by options: 0, added: 0, new vincodes: 0
08-06-2012 18:40:58 --- INFO: Toyota 4RUNNER Limited V6 - found: 0, pass primary filters: 0, did not pass the filter by colors: 0, did not pass the filter by options: 0, added: 0, new vincodes: 0
08-06-2012 18:40:58 --- INFO: finish: 08-06-2012 18:40:58
08-06-2012 18:40:58 --- INFO: elapsed time: ~56.65 sec., memory usage: ~1.68 Mb.
08-06-2012 22:46:40 --- INFO: start: 08-06-2012 22:46:40
08-06-2012 22:46:40 --- INFO: ----------Source_Gsmotors (apache2handler)
08-06-2012 22:46:47 --- INFO: Lexus RX 330 - found: 0, pass primary filters: 0, did not pass the filter by colors: 0, did not pass the filter by options: 0, added: 0, new vincodes: 0
08-06-2012 22:46:52 --- INFO: Lexus RX 400H - found: 0, pass primary filters: 0, did not pass the filter by colors: 0, did not pass the filter by options: 0, added: 0, new vincodes: 0
08-06-2012 22:46:56 --- INFO: Lexus GX 470 - found: 0, pass primary filters: 0, did not pass the filter by colors: 0, did not pass the filter by options: 0, added: 0, new vincodes: 0
08-06-2012 22:47:01 --- INFO: Lexus GX 470 - found: 0, pass primary filters: 0, did not pass the filter by colors: 0, did not pass the filter by options: 0, added: 0, new vincodes: 0
08-06-2012 22:47:05 --- INFO: Lexus LX 470 - found: 0, pass primary filters: 0, did not pass the filter by colors: 0, did not pass the filter by options: 0, added: 0, new vincodes: 0
08-06-2012 22:47:09 --- INFO: Lexus LX 470 - found: 0, pass primary filters: 0, did not pass the filter by colors: 0, did not pass the filter by options: 0, added: 0, new vincodes: 0
08-06-2012 22:47:14 --- INFO: Toyota Land Cruiser - found: 0, pass primary filters: 0, did not pass the filter by colors: 0, did not pass the filter by options: 0, added: 0, new vincodes: 0
08-06-2012 22:47:18 --- INFO: Toyota 4RUNNER 4WD V6 - found: 0, pass primary filters: 0, did not pass the filter by colors: 0, did not pass the filter by options: 0, added: 0, new vincodes: 0
08-06-2012 22:47:23 --- INFO: Toyota Highlander 4WD - found: 0, pass primary filters: 0, did not pass the filter by colors: 0, did not pass the filter by options: 0, added: 0, new vincodes: 0
08-06-2012 22:47:31 --- INFO: Toyota Highlander - found: 0, pass primary filters: 0, did not pass the filter by colors: 0, did not pass the filter by options: 0, added: 0, new vincodes: 0
08-06-2012 22:47:35 --- INFO: Lexus RX 350 - found: 0, pass primary filters: 0, did not pass the filter by colors: 0, did not pass the filter by options: 0, added: 0, new vincodes: 0
08-06-2012 22:47:40 --- INFO: Toyota 4RUNNER Limited V6 - found: 0, pass primary filters: 0, did not pass the filter by colors: 0, did not pass the filter by options: 0, added: 0, new vincodes: 0
08-06-2012 22:47:40 --- INFO: finish: 08-06-2012 22:47:40
08-06-2012 22:47:40 --- INFO: elapsed time: ~59.44 sec., memory usage: ~1.68 Mb.