
09-02-2012 05:10:02 --- INFO: start: 09-02-2012 05:10:02
09-02-2012 05:10:02 --- INFO: ----------Source_Adesa (cli)
09-02-2012 05:10:03 --- INFO: Authorized request
09-02-2012 05:10:51 --- INFO: Lexus RX 300 - found: 28, pass primary filters: 14, did not pass the filter by color: 12, added: 2, new vincodes: 1
09-02-2012 05:11:34 --- INFO: Lexus RX 330 - found: 22, pass primary filters: 12, did not pass the filter by color: 10, added: 2, new vincodes: 1
09-02-2012 05:11:37 --- INFO: Lexus RX 400H - found: 1, pass primary filters: 1, did not pass the filter by color: 0, added: 1, new vincodes: 0
09-02-2012 05:12:15 --- INFO: Lexus GX 470 - found: 11, pass primary filters: 8, did not pass the filter by color: 6, added: 2, new vincodes: 1
09-02-2012 05:12:24 --- INFO: Lexus GX 470 - found: 8, pass primary filters: 5, did not pass the filter by color: 4, added: 1, new vincodes: 0
09-02-2012 05:12:32 --- INFO: Lexus LX 470 - found: 4, pass primary filters: 3, did not pass the filter by color: 3, added: 0, new vincodes: 0
09-02-2012 05:12:32 --- INFO: Lexus LX 470 - found: 0, pass primary filters: 0, did not pass the filter by color: 0, added: 0, new vincodes: 0
09-02-2012 05:12:32 --- INFO: Toyota Land Cruiser - found: 1, pass primary filters: 0, did not pass the filter by color: 0, added: 0, new vincodes: 0
09-02-2012 05:12:36 --- INFO: Honda CR-V - found: 5, pass primary filters: 1, did not pass the filter by color: 0, added: 1, new vincodes: 0
09-02-2012 05:12:36 --- INFO: Honda CR-V - found: 1, pass primary filters: 0, did not pass the filter by color: 0, added: 0, new vincodes: 0
09-02-2012 05:12:47 --- INFO: Mitsubishi Montero 4WD Limited - found: 28, pass primary filters: 4, did not pass the filter by color: 4, added: 0, new vincodes: 0
09-02-2012 05:13:18 --- INFO: Toyota 4RUNNER 4WD V6 - found: 29, pass primary filters: 12, did not pass the filter by color: 8, added: 4, new vincodes: 0
09-02-2012 05:14:01 --- INFO: Toyota RAV 4 - found: 30, pass primary filters: 13, did not pass the filter by color: 13, added: 0, new vincodes: 2
09-02-2012 05:14:09 --- INFO: Toyota Highlander 4WD - found: 39, pass primary filters: 2, did not pass the filter by color: 2, added: 0, new vincodes: 0
09-02-2012 05:14:22 --- INFO: Toyota Highlander - found: 23, pass primary filters: 5, did not pass the filter by color: 5, added: 0, new vincodes: 0
09-02-2012 05:14:22 --- INFO: Lexus RX 350 - found: 2, pass primary filters: 0, did not pass the filter by color: 0, added: 0, new vincodes: 0
09-02-2012 05:14:23 --- INFO: Toyota 4RUNNER Limited V6 - found: 29, pass primary filters: 0, did not pass the filter by color: 0, added: 0, new vincodes: 0
09-02-2012 05:14:23 --- INFO: finish: 09-02-2012 05:14:23
09-02-2012 05:14:23 --- INFO: elapsed time: ~261.35 sec., memory usage: ~2.62 Mb.
09-02-2012 05:40:01 --- INFO: start: 09-02-2012 05:40:01
09-02-2012 05:40:01 --- INFO: ----------Source_Gsmotors (cli)
09-02-2012 05:41:22 --- INFO: Lexus RX 300 - found: 61, pass primary filters: 43, did not pass the filter by color: 37, added: 6, new vincodes: 1
09-02-2012 05:46:18 --- INFO: Lexus RX 330 - found: 196, pass primary filters: 85, did not pass the filter by color: 76, added: 9, new vincodes: 4
09-02-2012 05:46:58 --- INFO: Lexus RX 400H - found: 31, pass primary filters: 6, did not pass the filter by color: 6, added: 0, new vincodes: 0
09-02-2012 05:49:22 --- INFO: Lexus GX 470 - found: 84, pass primary filters: 54, did not pass the filter by color: 45, added: 9, new vincodes: 3
09-02-2012 05:53:35 --- INFO: Lexus GX 470 - found: 141, pass primary filters: 58, did not pass the filter by color: 48, added: 10, new vincodes: 2
09-02-2012 05:55:02 --- INFO: Lexus LX 470 - found: 45, pass primary filters: 34, did not pass the filter by color: 29, added: 5, new vincodes: 0
09-02-2012 05:55:12 --- INFO: Lexus LX 470 - found: 11, pass primary filters: 2, did not pass the filter by color: 2, added: 0, new vincodes: 0
09-02-2012 05:55:42 --- INFO: Toyota Land Cruiser - found: 28, pass primary filters: 23, did not pass the filter by color: 19, added: 4, new vincodes: 1
09-02-2012 05:57:01 --- INFO: Honda CR-V - found: 64, pass primary filters: 1, did not pass the filter by color: 0, added: 1, new vincodes: 0
09-02-2012 06:01:24 --- INFO: Honda CR-V - found: 169, pass primary filters: 2, did not pass the filter by color: 0, added: 2, new vincodes: 0
09-02-2012 06:02:49 --- INFO: Mitsubishi Montero 4WD Limited - found: 49, pass primary filters: 6, did not pass the filter by color: 6, added: 0, new vincodes: 0
09-02-2012 06:05:45 --- INFO: Toyota 4RUNNER 4WD V6 - found: 116, pass primary filters: 20, did not pass the filter by color: 13, added: 7, new vincodes: 0
09-02-2012 06:07:22 --- INFO: Toyota RAV 4 - found: 61, pass primary filters: 19, did not pass the filter by color: 13, added: 6, new vincodes: 1
09-02-2012 06:10:40 --- INFO: Toyota Highlander 4WD - found: 158, pass primary filters: 3, did not pass the filter by color: 2, added: 1, new vincodes: 0
09-02-2012 06:11:44 --- INFO: Toyota Highlander - found: 103, pass primary filters: 12, did not pass the filter by color: 11, added: 1, new vincodes: 1
09-02-2012 06:14:22 --- INFO: Lexus RX 350 - found: 113, pass primary filters: 20, did not pass the filter by color: 20, added: 0, new vincodes: 0
09-02-2012 06:15:24 --- INFO: Toyota 4RUNNER Limited V6 - found: 116, pass primary filters: 1, did not pass the filter by color: 1, added: 0, new vincodes: 0
09-02-2012 06:15:24 --- INFO: finish: 09-02-2012 06:15:24
09-02-2012 06:15:24 --- INFO: elapsed time: ~2122.55 sec., memory usage: ~5.04 Mb.
09-02-2012 07:10:01 --- INFO: start: 09-02-2012 07:10:01
09-02-2012 07:10:01 --- INFO: ----------Source_Adesa (cli)
09-02-2012 07:10:03 --- INFO: Authorized request
09-02-2012 07:10:37 --- INFO: Lexus RX 300 - found: 27, pass primary filters: 14, did not pass the filter by color: 12, added: 2, new vincodes: 0
09-02-2012 07:11:08 --- INFO: Lexus RX 330 - found: 22, pass primary filters: 12, did not pass the filter by color: 10, added: 2, new vincodes: 0
09-02-2012 07:11:11 --- INFO: Lexus RX 400H - found: 1, pass primary filters: 1, did not pass the filter by color: 0, added: 1, new vincodes: 0
09-02-2012 07:11:32 --- INFO: Lexus GX 470 - found: 12, pass primary filters: 8, did not pass the filter by color: 6, added: 2, new vincodes: 0
09-02-2012 07:11:42 --- INFO: Lexus GX 470 - found: 8, pass primary filters: 5, did not pass the filter by color: 4, added: 1, new vincodes: 0
09-02-2012 07:11:50 --- INFO: Lexus LX 470 - found: 4, pass primary filters: 3, did not pass the filter by color: 3, added: 0, new vincodes: 0
09-02-2012 07:11:50 --- INFO: Lexus LX 470 - found: 0, pass primary filters: 0, did not pass the filter by color: 0, added: 0, new vincodes: 0
09-02-2012 07:11:50 --- INFO: Toyota Land Cruiser - found: 1, pass primary filters: 0, did not pass the filter by color: 0, added: 0, new vincodes: 0
09-02-2012 07:11:54 --- INFO: Honda CR-V - found: 7, pass primary filters: 1, did not pass the filter by color: 0, added: 1, new vincodes: 0
09-02-2012 07:11:54 --- INFO: Honda CR-V - found: 1, pass primary filters: 0, did not pass the filter by color: 0, added: 0, new vincodes: 0
09-02-2012 07:12:05 --- INFO: Mitsubishi Montero 4WD Limited - found: 28, pass primary filters: 4, did not pass the filter by color: 4, added: 0, new vincodes: 0
09-02-2012 07:12:39 --- INFO: Toyota 4RUNNER 4WD V6 - found: 29, pass primary filters: 12, did not pass the filter by color: 8, added: 4, new vincodes: 0
09-02-2012 07:13:11 --- INFO: Toyota RAV 4 - found: 30, pass primary filters: 13, did not pass the filter by color: 12, added: 1, new vincodes: 0
09-02-2012 07:13:19 --- INFO: Toyota Highlander 4WD - found: 40, pass primary filters: 2, did not pass the filter by color: 2, added: 0, new vincodes: 0
09-02-2012 07:13:32 --- INFO: Toyota Highlander - found: 23, pass primary filters: 5, did not pass the filter by color: 5, added: 0, new vincodes: 0
09-02-2012 07:13:32 --- INFO: Lexus RX 350 - found: 2, pass primary filters: 0, did not pass the filter by color: 0, added: 0, new vincodes: 0
09-02-2012 07:13:33 --- INFO: Toyota 4RUNNER Limited V6 - found: 29, pass primary filters: 0, did not pass the filter by color: 0, added: 0, new vincodes: 0
09-02-2012 07:13:33 --- INFO: finish: 09-02-2012 07:13:33
09-02-2012 07:13:33 --- INFO: elapsed time: ~211.92 sec., memory usage: ~2.58 Mb.
09-02-2012 07:40:01 --- INFO: start: 09-02-2012 07:40:01
09-02-2012 07:40:01 --- INFO: ----------Source_Gsmotors (cli)
09-02-2012 07:40:39 --- INFO: Lexus RX 300 - found: 61, pass primary filters: 43, did not pass the filter by color: 37, added: 6, new vincodes: 0
09-02-2012 07:42:35 --- INFO: Lexus RX 330 - found: 196, pass primary filters: 85, did not pass the filter by color: 76, added: 9, new vincodes: 0
09-02-2012 07:42:55 --- INFO: Lexus RX 400H - found: 31, pass primary filters: 6, did not pass the filter by color: 6, added: 0, new vincodes: 0
09-02-2012 07:43:51 --- INFO: Lexus GX 470 - found: 84, pass primary filters: 54, did not pass the filter by color: 45, added: 9, new vincodes: 0
09-02-2012 07:45:56 --- INFO: Lexus GX 470 - found: 141, pass primary filters: 58, did not pass the filter by color: 48, added: 10, new vincodes: 0
09-02-2012 07:46:35 --- INFO: Lexus LX 470 - found: 45, pass primary filters: 34, did not pass the filter by color: 29, added: 5, new vincodes: 0
09-02-2012 07:46:46 --- INFO: Lexus LX 470 - found: 11, pass primary filters: 2, did not pass the filter by color: 2, added: 0, new vincodes: 0
09-02-2012 07:47:08 --- INFO: Toyota Land Cruiser - found: 28, pass primary filters: 23, did not pass the filter by color: 19, added: 4, new vincodes: 0
09-02-2012 07:47:57 --- INFO: Honda CR-V - found: 64, pass primary filters: 1, did not pass the filter by color: 0, added: 1, new vincodes: 0
09-02-2012 07:50:26 --- INFO: Honda CR-V - found: 169, pass primary filters: 2, did not pass the filter by color: 0, added: 2, new vincodes: 0
09-02-2012 07:50:58 --- INFO: Mitsubishi Montero 4WD Limited - found: 49, pass primary filters: 6, did not pass the filter by color: 6, added: 0, new vincodes: 0
09-02-2012 07:52:10 --- INFO: Toyota 4RUNNER 4WD V6 - found: 116, pass primary filters: 20, did not pass the filter by color: 13, added: 7, new vincodes: 0
09-02-2012 07:52:50 --- INFO: Toyota RAV 4 - found: 61, pass primary filters: 19, did not pass the filter by color: 13, added: 6, new vincodes: 0
09-02-2012 07:54:44 --- INFO: Toyota Highlander 4WD - found: 158, pass primary filters: 3, did not pass the filter by color: 2, added: 1, new vincodes: 0
09-02-2012 07:56:00 --- INFO: Toyota Highlander - found: 103, pass primary filters: 12, did not pass the filter by color: 10, added: 2, new vincodes: 0
09-02-2012 07:57:25 --- INFO: Lexus RX 350 - found: 113, pass primary filters: 20, did not pass the filter by color: 20, added: 0, new vincodes: 0
09-02-2012 07:58:45 --- INFO: Toyota 4RUNNER Limited V6 - found: 116, pass primary filters: 1, did not pass the filter by color: 1, added: 0, new vincodes: 0
09-02-2012 07:58:45 --- INFO: finish: 09-02-2012 07:58:45
09-02-2012 07:58:45 --- INFO: elapsed time: ~1123.99 sec., memory usage: ~4.91 Mb.
09-02-2012 08:10:01 --- INFO: start: 09-02-2012 08:10:01
09-02-2012 08:10:01 --- INFO: ----------Source_Adesa (cli)
09-02-2012 08:10:02 --- INFO: Authorized request
09-02-2012 08:10:38 --- INFO: Lexus RX 300 - found: 27, pass primary filters: 14, did not pass the filter by color: 12, added: 2, new vincodes: 0
09-02-2012 08:11:13 --- INFO: Lexus RX 330 - found: 24, pass primary filters: 13, did not pass the filter by color: 11, added: 2, new vincodes: 1
09-02-2012 08:11:16 --- INFO: Lexus RX 400H - found: 1, pass primary filters: 1, did not pass the filter by color: 0, added: 1, new vincodes: 0
09-02-2012 08:11:50 --- INFO: Lexus GX 470 - found: 12, pass primary filters: 10, did not pass the filter by color: 8, added: 2, new vincodes: 1
09-02-2012 08:12:42 --- INFO: Lexus GX 470 - found: 8, pass primary filters: 5, did not pass the filter by color: 4, added: 1, new vincodes: 0
09-02-2012 08:12:50 --- INFO: Lexus LX 470 - found: 4, pass primary filters: 3, did not pass the filter by color: 3, added: 0, new vincodes: 0
09-02-2012 08:12:50 --- INFO: Lexus LX 470 - found: 0, pass primary filters: 0, did not pass the filter by color: 0, added: 0, new vincodes: 0
09-02-2012 08:12:51 --- INFO: Toyota Land Cruiser - found: 1, pass primary filters: 0, did not pass the filter by color: 0, added: 0, new vincodes: 0
09-02-2012 08:12:54 --- INFO: Honda CR-V - found: 7, pass primary filters: 1, did not pass the filter by color: 0, added: 1, new vincodes: 0
09-02-2012 08:12:55 --- INFO: Honda CR-V - found: 1, pass primary filters: 0, did not pass the filter by color: 0, added: 0, new vincodes: 0
09-02-2012 08:13:06 --- INFO: Mitsubishi Montero 4WD Limited - found: 28, pass primary filters: 4, did not pass the filter by color: 4, added: 0, new vincodes: 0
09-02-2012 08:13:41 --- INFO: Toyota 4RUNNER 4WD V6 - found: 29, pass primary filters: 12, did not pass the filter by color: 8, added: 4, new vincodes: 0
09-02-2012 08:14:14 --- INFO: Toyota RAV 4 - found: 30, pass primary filters: 13, did not pass the filter by color: 12, added: 1, new vincodes: 0
09-02-2012 08:14:22 --- INFO: Toyota Highlander 4WD - found: 40, pass primary filters: 2, did not pass the filter by color: 2, added: 0, new vincodes: 0
09-02-2012 08:14:37 --- INFO: Toyota Highlander - found: 23, pass primary filters: 5, did not pass the filter by color: 5, added: 0, new vincodes: 0
09-02-2012 08:14:37 --- INFO: Lexus RX 350 - found: 2, pass primary filters: 0, did not pass the filter by color: 0, added: 0, new vincodes: 0
09-02-2012 08:14:38 --- INFO: Toyota 4RUNNER Limited V6 - found: 29, pass primary filters: 0, did not pass the filter by color: 0, added: 0, new vincodes: 0
09-02-2012 08:14:38 --- INFO: finish: 09-02-2012 08:14:38
09-02-2012 08:14:38 --- INFO: elapsed time: ~276.35 sec., memory usage: ~2.63 Mb.
09-02-2012 08:40:01 --- INFO: start: 09-02-2012 08:40:01
09-02-2012 08:40:01 --- INFO: ----------Source_Gsmotors (cli)
09-02-2012 08:40:47 --- INFO: Lexus RX 300 - found: 61, pass primary filters: 43, did not pass the filter by color: 37, added: 6, new vincodes: 0
09-02-2012 08:42:53 --- INFO: Lexus RX 330 - found: 196, pass primary filters: 85, did not pass the filter by color: 76, added: 9, new vincodes: 0
09-02-2012 08:43:12 --- INFO: Lexus RX 400H - found: 31, pass primary filters: 6, did not pass the filter by color: 6, added: 0, new vincodes: 0
09-02-2012 08:44:01 --- INFO: Lexus GX 470 - found: 84, pass primary filters: 54, did not pass the filter by color: 45, added: 9, new vincodes: 0
09-02-2012 08:45:44 --- INFO: Lexus GX 470 - found: 141, pass primary filters: 58, did not pass the filter by color: 48, added: 10, new vincodes: 0
09-02-2012 08:46:24 --- INFO: Lexus LX 470 - found: 45, pass primary filters: 34, did not pass the filter by color: 29, added: 5, new vincodes: 0
09-02-2012 08:46:32 --- INFO: Lexus LX 470 - found: 11, pass primary filters: 2, did not pass the filter by color: 2, added: 0, new vincodes: 0
09-02-2012 08:46:49 --- INFO: Toyota Land Cruiser - found: 28, pass primary filters: 23, did not pass the filter by color: 19, added: 4, new vincodes: 0
09-02-2012 08:47:32 --- INFO: Honda CR-V - found: 64, pass primary filters: 1, did not pass the filter by color: 0, added: 1, new vincodes: 0
09-02-2012 08:49:55 --- INFO: Honda CR-V - found: 169, pass primary filters: 2, did not pass the filter by color: 0, added: 2, new vincodes: 0
09-02-2012 08:50:28 --- INFO: Mitsubishi Montero 4WD Limited - found: 49, pass primary filters: 6, did not pass the filter by color: 6, added: 0, new vincodes: 0
09-02-2012 08:51:35 --- INFO: Toyota 4RUNNER 4WD V6 - found: 116, pass primary filters: 20, did not pass the filter by color: 12, added: 8, new vincodes: 0
09-02-2012 08:52:13 --- INFO: Toyota RAV 4 - found: 61, pass primary filters: 19, did not pass the filter by color: 13, added: 6, new vincodes: 0
09-02-2012 08:53:43 --- INFO: Toyota Highlander 4WD - found: 158, pass primary filters: 3, did not pass the filter by color: 2, added: 1, new vincodes: 0
09-02-2012 08:54:43 --- INFO: Toyota Highlander - found: 103, pass primary filters: 12, did not pass the filter by color: 10, added: 2, new vincodes: 0
09-02-2012 08:55:52 --- INFO: Lexus RX 350 - found: 113, pass primary filters: 20, did not pass the filter by color: 20, added: 0, new vincodes: 0
09-02-2012 08:57:17 --- INFO: Toyota 4RUNNER Limited V6 - found: 116, pass primary filters: 1, did not pass the filter by color: 1, added: 0, new vincodes: 0
09-02-2012 08:57:17 --- INFO: finish: 09-02-2012 08:57:17
09-02-2012 08:57:17 --- INFO: elapsed time: ~1035.71 sec., memory usage: ~4.91 Mb.
09-02-2012 09:00:01 --- INFO: start: 09-02-2012 09:00:01
09-02-2012 09:00:01 --- INFO: ----------Source_Adesa (cli)
09-02-2012 09:00:02 --- INFO: Authorized request
09-02-2012 09:00:38 --- INFO: Lexus RX 300 - found: 27, pass primary filters: 14, did not pass the filter by color: 12, added: 2, new vincodes: 0
09-02-2012 09:01:11 --- INFO: Lexus RX 330 - found: 24, pass primary filters: 13, did not pass the filter by color: 11, added: 2, new vincodes: 0
09-02-2012 09:01:14 --- INFO: Lexus RX 400H - found: 1, pass primary filters: 1, did not pass the filter by color: 0, added: 1, new vincodes: 0
09-02-2012 09:01:45 --- INFO: Lexus GX 470 - found: 13, pass primary filters: 11, did not pass the filter by color: 9, added: 2, new vincodes: 1
09-02-2012 09:01:55 --- INFO: Lexus GX 470 - found: 8, pass primary filters: 5, did not pass the filter by color: 4, added: 1, new vincodes: 0
09-02-2012 09:02:03 --- INFO: Lexus LX 470 - found: 5, pass primary filters: 3, did not pass the filter by color: 3, added: 0, new vincodes: 0
09-02-2012 09:02:03 --- INFO: Lexus LX 470 - found: 0, pass primary filters: 0, did not pass the filter by color: 0, added: 0, new vincodes: 0
09-02-2012 09:02:04 --- INFO: Toyota Land Cruiser - found: 1, pass primary filters: 0, did not pass the filter by color: 0, added: 0, new vincodes: 0
09-02-2012 09:02:07 --- INFO: Honda CR-V - found: 7, pass primary filters: 1, did not pass the filter by color: 0, added: 1, new vincodes: 0
09-02-2012 09:02:07 --- INFO: Honda CR-V - found: 1, pass primary filters: 0, did not pass the filter by color: 0, added: 0, new vincodes: 0
09-02-2012 09:02:20 --- INFO: Mitsubishi Montero 4WD Limited - found: 29, pass primary filters: 4, did not pass the filter by color: 4, added: 0, new vincodes: 0
09-02-2012 09:02:55 --- INFO: Toyota 4RUNNER 4WD V6 - found: 30, pass primary filters: 12, did not pass the filter by color: 8, added: 4, new vincodes: 0
09-02-2012 09:03:28 --- INFO: Toyota RAV 4 - found: 31, pass primary filters: 13, did not pass the filter by color: 12, added: 1, new vincodes: 0
09-02-2012 09:03:36 --- INFO: Toyota Highlander 4WD - found: 41, pass primary filters: 2, did not pass the filter by color: 2, added: 0, new vincodes: 0
09-02-2012 09:03:52 --- INFO: Toyota Highlander - found: 24, pass primary filters: 6, did not pass the filter by color: 6, added: 0, new vincodes: 0
09-02-2012 09:03:54 --- INFO: Lexus RX 350 - found: 3, pass primary filters: 1, did not pass the filter by color: 1, added: 0, new vincodes: 0
09-02-2012 09:03:55 --- INFO: Toyota 4RUNNER Limited V6 - found: 30, pass primary filters: 0, did not pass the filter by color: 0, added: 0, new vincodes: 0
09-02-2012 09:03:55 --- INFO: finish: 09-02-2012 09:03:55
09-02-2012 09:03:55 --- INFO: elapsed time: ~234.02 sec., memory usage: ~2.66 Mb.
09-02-2012 09:30:01 --- INFO: start: 09-02-2012 09:30:01
09-02-2012 09:30:01 --- INFO: ----------Source_Gsmotors (cli)
09-02-2012 09:30:51 --- INFO: Lexus RX 300 - found: 61, pass primary filters: 43, did not pass the filter by color: 37, added: 6, new vincodes: 0
09-02-2012 09:33:34 --- INFO: Lexus RX 330 - found: 196, pass primary filters: 85, did not pass the filter by color: 76, added: 9, new vincodes: 0
09-02-2012 09:33:58 --- INFO: Lexus RX 400H - found: 31, pass primary filters: 6, did not pass the filter by color: 6, added: 0, new vincodes: 0
09-02-2012 09:35:03 --- INFO: Lexus GX 470 - found: 84, pass primary filters: 54, did not pass the filter by color: 45, added: 9, new vincodes: 0
09-02-2012 09:36:35 --- INFO: Lexus GX 470 - found: 141, pass primary filters: 58, did not pass the filter by color: 48, added: 10, new vincodes: 0
09-02-2012 09:37:11 --- INFO: Lexus LX 470 - found: 45, pass primary filters: 34, did not pass the filter by color: 29, added: 5, new vincodes: 0
09-02-2012 09:37:25 --- INFO: Lexus LX 470 - found: 11, pass primary filters: 2, did not pass the filter by color: 2, added: 0, new vincodes: 0
09-02-2012 09:37:49 --- INFO: Toyota Land Cruiser - found: 28, pass primary filters: 23, did not pass the filter by color: 19, added: 4, new vincodes: 0
09-02-2012 09:38:55 --- INFO: Honda CR-V - found: 64, pass primary filters: 1, did not pass the filter by color: 0, added: 1, new vincodes: 0
09-02-2012 09:41:19 --- INFO: Honda CR-V - found: 169, pass primary filters: 2, did not pass the filter by color: 0, added: 2, new vincodes: 0
09-02-2012 09:42:01 --- INFO: Mitsubishi Montero 4WD Limited - found: 49, pass primary filters: 6, did not pass the filter by color: 6, added: 0, new vincodes: 0
09-02-2012 09:43:28 --- INFO: Toyota 4RUNNER 4WD V6 - found: 116, pass primary filters: 20, did not pass the filter by color: 13, added: 7, new vincodes: 0
09-02-2012 09:44:14 --- INFO: Toyota RAV 4 - found: 61, pass primary filters: 19, did not pass the filter by color: 13, added: 6, new vincodes: 0
09-02-2012 09:46:04 --- INFO: Toyota Highlander 4WD - found: 158, pass primary filters: 3, did not pass the filter by color: 2, added: 1, new vincodes: 0
09-02-2012 09:47:11 --- INFO: Toyota Highlander - found: 103, pass primary filters: 12, did not pass the filter by color: 10, added: 2, new vincodes: 0
09-02-2012 09:48:37 --- INFO: Lexus RX 350 - found: 113, pass primary filters: 20, did not pass the filter by color: 20, added: 0, new vincodes: 0
09-02-2012 09:50:21 --- INFO: Toyota 4RUNNER Limited V6 - found: 116, pass primary filters: 1, did not pass the filter by color: 1, added: 0, new vincodes: 0
09-02-2012 09:50:21 --- INFO: finish: 09-02-2012 09:50:21
09-02-2012 09:50:21 --- INFO: elapsed time: ~1219.93 sec., memory usage: ~4.91 Mb.
09-02-2012 10:10:01 --- INFO: start: 09-02-2012 10:10:01
09-02-2012 10:10:01 --- INFO: ----------Source_Adesa (cli)
09-02-2012 10:10:02 --- INFO: Authorized request
09-02-2012 10:10:38 --- INFO: Lexus RX 300 - found: 27, pass primary filters: 14, did not pass the filter by color: 12, added: 2, new vincodes: 0
09-02-2012 10:11:07 --- INFO: Lexus RX 330 - found: 24, pass primary filters: 13, did not pass the filter by color: 11, added: 2, new vincodes: 0
09-02-2012 10:11:11 --- INFO: Lexus RX 400H - found: 1, pass primary filters: 1, did not pass the filter by color: 0, added: 1, new vincodes: 0
09-02-2012 10:11:41 --- INFO: Lexus GX 470 - found: 13, pass primary filters: 11, did not pass the filter by color: 9, added: 2, new vincodes: 0
09-02-2012 10:11:49 --- INFO: Lexus GX 470 - found: 9, pass primary filters: 6, did not pass the filter by color: 5, added: 1, new vincodes: 0
09-02-2012 10:11:54 --- INFO: Lexus LX 470 - found: 5, pass primary filters: 3, did not pass the filter by color: 3, added: 0, new vincodes: 0
09-02-2012 10:11:54 --- INFO: Lexus LX 470 - found: 0, pass primary filters: 0, did not pass the filter by color: 0, added: 0, new vincodes: 0
09-02-2012 10:11:54 --- INFO: Toyota Land Cruiser - found: 1, pass primary filters: 0, did not pass the filter by color: 0, added: 0, new vincodes: 0
09-02-2012 10:11:58 --- INFO: Honda CR-V - found: 7, pass primary filters: 1, did not pass the filter by color: 0, added: 1, new vincodes: 0
09-02-2012 10:11:58 --- INFO: Honda CR-V - found: 1, pass primary filters: 0, did not pass the filter by color: 0, added: 0, new vincodes: 0
09-02-2012 10:12:14 --- INFO: Mitsubishi Montero 4WD Limited - found: 31, pass primary filters: 5, did not pass the filter by color: 5, added: 0, new vincodes: 1
09-02-2012 10:12:46 --- INFO: Toyota 4RUNNER 4WD V6 - found: 30, pass primary filters: 12, did not pass the filter by color: 8, added: 4, new vincodes: 0
09-02-2012 10:13:45 --- INFO: Toyota RAV 4 - found: 32, pass primary filters: 15, did not pass the filter by color: 14, added: 1, new vincodes: 2
09-02-2012 10:13:53 --- INFO: Toyota Highlander 4WD - found: 45, pass primary filters: 2, did not pass the filter by color: 2, added: 0, new vincodes: 0
09-02-2012 10:14:09 --- INFO: Toyota Highlander - found: 26, pass primary filters: 7, did not pass the filter by color: 7, added: 0, new vincodes: 0
09-02-2012 10:14:10 --- INFO: Lexus RX 350 - found: 4, pass primary filters: 1, did not pass the filter by color: 1, added: 0, new vincodes: 0
09-02-2012 10:14:11 --- INFO: Toyota 4RUNNER Limited V6 - found: 30, pass primary filters: 0, did not pass the filter by color: 0, added: 0, new vincodes: 0
09-02-2012 10:14:11 --- INFO: finish: 09-02-2012 10:14:11
09-02-2012 10:14:11 --- INFO: elapsed time: ~250.34 sec., memory usage: ~2.72 Mb.
09-02-2012 10:40:01 --- INFO: start: 09-02-2012 10:40:01
09-02-2012 10:40:01 --- INFO: ----------Source_Gsmotors (cli)
09-02-2012 10:41:50 --- INFO: Lexus RX 300 - found: 77, pass primary filters: 49, did not pass the filter by color: 43, added: 6, new vincodes: 2
09-02-2012 10:46:52 --- INFO: Lexus RX 330 - found: 223, pass primary filters: 91, did not pass the filter by color: 80, added: 11, new vincodes: 2
09-02-2012 10:47:36 --- INFO: Lexus RX 400H - found: 33, pass primary filters: 6, did not pass the filter by color: 6, added: 0, new vincodes: 0
09-02-2012 10:49:58 --- INFO: Lexus GX 470 - found: 99, pass primary filters: 59, did not pass the filter by color: 50, added: 9, new vincodes: 0
09-02-2012 10:53:53 --- INFO: Lexus GX 470 - found: 164, pass primary filters: 60, did not pass the filter by color: 51, added: 9, new vincodes: 0
09-02-2012 10:55:10 --- INFO: Lexus LX 470 - found: 50, pass primary filters: 36, did not pass the filter by color: 31, added: 5, new vincodes: 0
09-02-2012 10:55:21 --- INFO: Lexus LX 470 - found: 12, pass primary filters: 2, did not pass the filter by color: 2, added: 0, new vincodes: 0
09-02-2012 10:56:21 --- INFO: Toyota Land Cruiser - found: 39, pass primary filters: 27, did not pass the filter by color: 23, added: 4, new vincodes: 2
09-02-2012 10:58:16 --- INFO: Honda CR-V - found: 82, pass primary filters: 2, did not pass the filter by color: 0, added: 2, new vincodes: 0
09-02-2012 11:04:43 --- INFO: Honda CR-V - found: 201, pass primary filters: 3, did not pass the filter by color: 0, added: 3, new vincodes: 0
09-02-2012 11:06:15 --- INFO: Mitsubishi Montero 4WD Limited - found: 68, pass primary filters: 8, did not pass the filter by color: 8, added: 0, new vincodes: 0
09-02-2012 11:09:02 --- INFO: Toyota 4RUNNER 4WD V6 - found: 133, pass primary filters: 21, did not pass the filter by color: 13, added: 8, new vincodes: 0
09-02-2012 11:10:57 --- INFO: Toyota RAV 4 - found: 74, pass primary filters: 24, did not pass the filter by color: 16, added: 8, new vincodes: 3
09-02-2012 11:15:49 --- INFO: Toyota Highlander 4WD - found: 186, pass primary filters: 3, did not pass the filter by color: 2, added: 1, new vincodes: 0
09-02-2012 11:17:29 --- INFO: Toyota Highlander - found: 120, pass primary filters: 15, did not pass the filter by color: 13, added: 2, new vincodes: 1
09-02-2012 11:21:01 --- INFO: Lexus RX 350 - found: 127, pass primary filters: 21, did not pass the filter by color: 21, added: 0, new vincodes: 0
09-02-2012 11:22:21 --- INFO: Toyota 4RUNNER Limited V6 - found: 133, pass primary filters: 1, did not pass the filter by color: 1, added: 0, new vincodes: 0
09-02-2012 11:22:21 --- INFO: finish: 09-02-2012 11:22:21
09-02-2012 11:22:21 --- INFO: elapsed time: ~2540.5 sec., memory usage: ~5.3 Mb.
09-02-2012 11:20:01 --- INFO: start: 09-02-2012 11:20:01
09-02-2012 11:20:01 --- INFO: ----------Source_Adesa (cli)
09-02-2012 11:20:03 --- INFO: Authorized request
09-02-2012 11:20:39 --- INFO: Lexus RX 300 - found: 28, pass primary filters: 16, did not pass the filter by color: 14, added: 2, new vincodes: 1
09-02-2012 11:21:30 --- INFO: Lexus RX 330 - found: 26, pass primary filters: 15, did not pass the filter by color: 13, added: 2, new vincodes: 1
09-02-2012 11:21:33 --- INFO: Lexus RX 400H - found: 1, pass primary filters: 1, did not pass the filter by color: 0, added: 1, new vincodes: 0
09-02-2012 11:22:09 --- INFO: Lexus GX 470 - found: 15, pass primary filters: 13, did not pass the filter by color: 11, added: 2, new vincodes: 0
09-02-2012 11:22:21 --- INFO: Lexus GX 470 - found: 10, pass primary filters: 6, did not pass the filter by color: 5, added: 1, new vincodes: 0
09-02-2012 11:22:25 --- INFO: Lexus LX 470 - found: 5, pass primary filters: 3, did not pass the filter by color: 3, added: 0, new vincodes: 0
09-02-2012 11:22:26 --- INFO: Lexus LX 470 - found: 0, pass primary filters: 0, did not pass the filter by color: 0, added: 0, new vincodes: 0
09-02-2012 11:22:26 --- INFO: Toyota Land Cruiser - found: 1, pass primary filters: 0, did not pass the filter by color: 0, added: 0, new vincodes: 0
09-02-2012 11:22:29 --- INFO: Honda CR-V - found: 7, pass primary filters: 1, did not pass the filter by color: 0, added: 1, new vincodes: 0
09-02-2012 11:22:30 --- INFO: Honda CR-V - found: 1, pass primary filters: 0, did not pass the filter by color: 0, added: 0, new vincodes: 0
09-02-2012 11:22:47 --- INFO: Mitsubishi Montero 4WD Limited - found: 32, pass primary filters: 5, did not pass the filter by color: 5, added: 0, new vincodes: 0
09-02-2012 11:23:32 --- INFO: Toyota 4RUNNER 4WD V6 - found: 30, pass primary filters: 13, did not pass the filter by color: 9, added: 4, new vincodes: 0
09-02-2012 11:24:19 --- INFO: Toyota RAV 4 - found: 33, pass primary filters: 16, did not pass the filter by color: 15, added: 1, new vincodes: 1
09-02-2012 11:24:26 --- INFO: Toyota Highlander 4WD - found: 47, pass primary filters: 2, did not pass the filter by color: 2, added: 0, new vincodes: 0
09-02-2012 11:24:41 --- INFO: Toyota Highlander - found: 27, pass primary filters: 7, did not pass the filter by color: 7, added: 0, new vincodes: 0
09-02-2012 11:24:43 --- INFO: Lexus RX 350 - found: 6, pass primary filters: 1, did not pass the filter by color: 1, added: 0, new vincodes: 0
09-02-2012 11:24:44 --- INFO: Toyota 4RUNNER Limited V6 - found: 30, pass primary filters: 0, did not pass the filter by color: 0, added: 0, new vincodes: 0
09-02-2012 11:24:44 --- INFO: finish: 09-02-2012 11:24:44
09-02-2012 11:24:44 --- INFO: elapsed time: ~283.29 sec., memory usage: ~2.76 Mb.
09-02-2012 11:50:01 --- INFO: start: 09-02-2012 11:50:01
09-02-2012 11:50:01 --- INFO: ----------Source_Gsmotors (cli)
09-02-2012 11:50:44 --- INFO: Lexus RX 300 - found: 77, pass primary filters: 49, did not pass the filter by color: 43, added: 6, new vincodes: 0
09-02-2012 11:52:57 --- INFO: Lexus RX 330 - found: 223, pass primary filters: 91, did not pass the filter by color: 80, added: 11, new vincodes: 0
09-02-2012 11:53:18 --- INFO: Lexus RX 400H - found: 33, pass primary filters: 6, did not pass the filter by color: 6, added: 0, new vincodes: 0
09-02-2012 11:54:28 --- INFO: Lexus GX 470 - found: 99, pass primary filters: 59, did not pass the filter by color: 50, added: 9, new vincodes: 0
09-02-2012 11:56:11 --- INFO: Lexus GX 470 - found: 164, pass primary filters: 60, did not pass the filter by color: 51, added: 9, new vincodes: 0
09-02-2012 11:56:44 --- INFO: Lexus LX 470 - found: 50, pass primary filters: 36, did not pass the filter by color: 31, added: 5, new vincodes: 0
09-02-2012 11:56:52 --- INFO: Lexus LX 470 - found: 12, pass primary filters: 2, did not pass the filter by color: 2, added: 0, new vincodes: 0
09-02-2012 11:57:11 --- INFO: Toyota Land Cruiser - found: 39, pass primary filters: 27, did not pass the filter by color: 23, added: 4, new vincodes: 0
09-02-2012 11:57:59 --- INFO: Honda CR-V - found: 82, pass primary filters: 2, did not pass the filter by color: 0, added: 2, new vincodes: 0
09-02-2012 12:00:21 --- INFO: Honda CR-V - found: 201, pass primary filters: 3, did not pass the filter by color: 0, added: 3, new vincodes: 0
09-02-2012 12:01:04 --- INFO: Mitsubishi Montero 4WD Limited - found: 68, pass primary filters: 8, did not pass the filter by color: 8, added: 0, new vincodes: 0
09-02-2012 12:02:17 --- INFO: Toyota 4RUNNER 4WD V6 - found: 133, pass primary filters: 21, did not pass the filter by color: 13, added: 8, new vincodes: 0
09-02-2012 12:02:56 --- INFO: Toyota RAV 4 - found: 74, pass primary filters: 24, did not pass the filter by color: 16, added: 8, new vincodes: 0
09-02-2012 12:04:49 --- INFO: Toyota Highlander 4WD - found: 186, pass primary filters: 3, did not pass the filter by color: 2, added: 1, new vincodes: 0
09-02-2012 12:05:51 --- INFO: Toyota Highlander - found: 120, pass primary filters: 15, did not pass the filter by color: 14, added: 1, new vincodes: 0
09-02-2012 12:07:07 --- INFO: Lexus RX 350 - found: 127, pass primary filters: 21, did not pass the filter by color: 21, added: 0, new vincodes: 0
09-02-2012 12:08:20 --- INFO: Toyota 4RUNNER Limited V6 - found: 133, pass primary filters: 1, did not pass the filter by color: 1, added: 0, new vincodes: 0
09-02-2012 12:08:20 --- INFO: finish: 09-02-2012 12:08:20
09-02-2012 12:08:20 --- INFO: elapsed time: ~1099.15 sec., memory usage: ~5.2 Mb.
09-02-2012 12:20:01 --- INFO: start: 09-02-2012 12:20:01
09-02-2012 12:20:01 --- INFO: ----------Source_Adesa (cli)
09-02-2012 12:20:02 --- INFO: Authorized request
09-02-2012 12:20:27 --- INFO: Lexus RX 300 - found: 29, pass primary filters: 16, did not pass the filter by color: 14, added: 2, new vincodes: 0
09-02-2012 12:20:48 --- INFO: Lexus RX 330 - found: 26, pass primary filters: 15, did not pass the filter by color: 13, added: 2, new vincodes: 0
09-02-2012 12:20:48 --- INFO: Lexus RX 400H - found: 1, pass primary filters: 1, did not pass the filter by color: 0, added: 1, new vincodes: 0
09-02-2012 12:21:06 --- INFO: Lexus GX 470 - found: 15, pass primary filters: 13, did not pass the filter by color: 11, added: 2, new vincodes: 0
09-02-2012 12:21:13 --- INFO: Lexus GX 470 - found: 10, pass primary filters: 6, did not pass the filter by color: 5, added: 1, new vincodes: 0
09-02-2012 12:21:18 --- INFO: Lexus LX 470 - found: 5, pass primary filters: 3, did not pass the filter by color: 3, added: 0, new vincodes: 0
09-02-2012 12:21:18 --- INFO: Lexus LX 470 - found: 0, pass primary filters: 0, did not pass the filter by color: 0, added: 0, new vincodes: 0
09-02-2012 12:21:19 --- INFO: Toyota Land Cruiser - found: 1, pass primary filters: 0, did not pass the filter by color: 0, added: 0, new vincodes: 0
09-02-2012 12:21:19 --- INFO: Honda CR-V - found: 7, pass primary filters: 1, did not pass the filter by color: 0, added: 1, new vincodes: 0
09-02-2012 12:21:19 --- INFO: Honda CR-V - found: 1, pass primary filters: 0, did not pass the filter by color: 0, added: 0, new vincodes: 0
09-02-2012 12:21:34 --- INFO: Mitsubishi Montero 4WD Limited - found: 33, pass primary filters: 5, did not pass the filter by color: 5, added: 0, new vincodes: 0
09-02-2012 12:22:02 --- INFO: Toyota 4RUNNER 4WD V6 - found: 30, pass primary filters: 13, did not pass the filter by color: 9, added: 4, new vincodes: 0
09-02-2012 12:22:32 --- INFO: Toyota RAV 4 - found: 34, pass primary filters: 16, did not pass the filter by color: 15, added: 1, new vincodes: 0
09-02-2012 12:22:40 --- INFO: Toyota Highlander 4WD - found: 48, pass primary filters: 2, did not pass the filter by color: 2, added: 0, new vincodes: 0
09-02-2012 12:22:50 --- INFO: Toyota Highlander - found: 28, pass primary filters: 7, did not pass the filter by color: 7, added: 0, new vincodes: 0
09-02-2012 12:22:52 --- INFO: Lexus RX 350 - found: 6, pass primary filters: 1, did not pass the filter by color: 1, added: 0, new vincodes: 0
09-02-2012 12:22:52 --- INFO: Toyota 4RUNNER Limited V6 - found: 30, pass primary filters: 0, did not pass the filter by color: 0, added: 0, new vincodes: 0
09-02-2012 12:22:52 --- INFO: finish: 09-02-2012 12:22:52
09-02-2012 12:22:52 --- INFO: elapsed time: ~171.3 sec., memory usage: ~2.73 Mb.
09-02-2012 12:50:01 --- INFO: start: 09-02-2012 12:50:01
09-02-2012 12:50:01 --- INFO: ----------Source_Gsmotors (cli)
09-02-2012 12:50:46 --- INFO: Lexus RX 300 - found: 77, pass primary filters: 49, did not pass the filter by color: 43, added: 6, new vincodes: 0
09-02-2012 12:53:09 --- INFO: Lexus RX 330 - found: 223, pass primary filters: 91, did not pass the filter by color: 80, added: 11, new vincodes: 0
09-02-2012 12:53:37 --- INFO: Lexus RX 400H - found: 33, pass primary filters: 6, did not pass the filter by color: 6, added: 0, new vincodes: 0
09-02-2012 12:54:51 --- INFO: Lexus GX 470 - found: 99, pass primary filters: 59, did not pass the filter by color: 50, added: 9, new vincodes: 0
09-02-2012 12:57:00 --- INFO: Lexus GX 470 - found: 164, pass primary filters: 60, did not pass the filter by color: 51, added: 9, new vincodes: 0
09-02-2012 12:57:40 --- INFO: Lexus LX 470 - found: 50, pass primary filters: 36, did not pass the filter by color: 31, added: 5, new vincodes: 0
09-02-2012 12:57:51 --- INFO: Lexus LX 470 - found: 12, pass primary filters: 2, did not pass the filter by color: 2, added: 0, new vincodes: 0
09-02-2012 12:58:23 --- INFO: Toyota Land Cruiser - found: 39, pass primary filters: 27, did not pass the filter by color: 23, added: 4, new vincodes: 0
09-02-2012 12:59:43 --- INFO: Honda CR-V - found: 82, pass primary filters: 2, did not pass the filter by color: 0, added: 2, new vincodes: 0
09-02-2012 13:01:56 --- INFO: Honda CR-V - found: 201, pass primary filters: 3, did not pass the filter by color: 0, added: 3, new vincodes: 0
09-02-2012 13:02:36 --- INFO: Mitsubishi Montero 4WD Limited - found: 68, pass primary filters: 8, did not pass the filter by color: 8, added: 0, new vincodes: 0
09-02-2012 13:04:50 --- INFO: Toyota 4RUNNER 4WD V6 - found: 133, pass primary filters: 21, did not pass the filter by color: 13, added: 8, new vincodes: 0
09-02-2012 13:05:34 --- INFO: Toyota RAV 4 - found: 74, pass primary filters: 24, did not pass the filter by color: 16, added: 8, new vincodes: 0
09-02-2012 13:07:26 --- INFO: Toyota Highlander 4WD - found: 186, pass primary filters: 3, did not pass the filter by color: 2, added: 1, new vincodes: 0
09-02-2012 13:08:32 --- INFO: Toyota Highlander - found: 120, pass primary filters: 15, did not pass the filter by color: 13, added: 2, new vincodes: 0
09-02-2012 13:09:54 --- INFO: Lexus RX 350 - found: 127, pass primary filters: 21, did not pass the filter by color: 21, added: 0, new vincodes: 0
09-02-2012 13:11:02 --- INFO: Toyota 4RUNNER Limited V6 - found: 133, pass primary filters: 1, did not pass the filter by color: 1, added: 0, new vincodes: 0
09-02-2012 13:11:02 --- INFO: finish: 09-02-2012 13:11:02
09-02-2012 13:11:02 --- INFO: elapsed time: ~1260.97 sec., memory usage: ~5.2 Mb.
09-02-2012 15:10:01 --- INFO: start: 09-02-2012 15:10:01
09-02-2012 15:10:01 --- INFO: ----------Source_Adesa (cli)
09-02-2012 15:10:03 --- INFO: Authorized request
09-02-2012 15:10:52 --- INFO: Lexus RX 300 - found: 31, pass primary filters: 16, did not pass the filter by color: 14, added: 2, new vincodes: 0
09-02-2012 15:11:13 --- INFO: Lexus RX 330 - found: 26, pass primary filters: 15, did not pass the filter by color: 13, added: 2, new vincodes: 0
09-02-2012 15:11:13 --- INFO: Lexus RX 400H - found: 1, pass primary filters: 1, did not pass the filter by color: 0, added: 1, new vincodes: 0
09-02-2012 15:11:27 --- INFO: Lexus GX 470 - found: 15, pass primary filters: 13, did not pass the filter by color: 11, added: 2, new vincodes: 0
09-02-2012 15:11:32 --- INFO: Lexus GX 470 - found: 11, pass primary filters: 6, did not pass the filter by color: 5, added: 1, new vincodes: 0
09-02-2012 15:11:37 --- INFO: Lexus LX 470 - found: 6, pass primary filters: 3, did not pass the filter by color: 3, added: 0, new vincodes: 0
09-02-2012 15:11:37 --- INFO: Lexus LX 470 - found: 0, pass primary filters: 0, did not pass the filter by color: 0, added: 0, new vincodes: 0
09-02-2012 15:11:37 --- INFO: Toyota Land Cruiser - found: 1, pass primary filters: 0, did not pass the filter by color: 0, added: 0, new vincodes: 0
09-02-2012 15:11:38 --- INFO: Honda CR-V - found: 7, pass primary filters: 1, did not pass the filter by color: 0, added: 1, new vincodes: 0
09-02-2012 15:11:38 --- INFO: Honda CR-V - found: 1, pass primary filters: 0, did not pass the filter by color: 0, added: 0, new vincodes: 0
09-02-2012 15:11:47 --- INFO: Mitsubishi Montero 4WD Limited - found: 36, pass primary filters: 5, did not pass the filter by color: 5, added: 0, new vincodes: 0
09-02-2012 15:12:24 --- INFO: Toyota 4RUNNER 4WD V6 - found: 30, pass primary filters: 14, did not pass the filter by color: 10, added: 4, new vincodes: 0
09-02-2012 15:12:46 --- INFO: Toyota RAV 4 - found: 35, pass primary filters: 17, did not pass the filter by color: 16, added: 1, new vincodes: 1
09-02-2012 15:12:50 --- INFO: Toyota Highlander 4WD - found: 50, pass primary filters: 2, did not pass the filter by color: 2, added: 0, new vincodes: 0
09-02-2012 15:12:57 --- INFO: Toyota Highlander - found: 29, pass primary filters: 8, did not pass the filter by color: 8, added: 0, new vincodes: 0
09-02-2012 15:12:59 --- INFO: Lexus RX 350 - found: 6, pass primary filters: 1, did not pass the filter by color: 1, added: 0, new vincodes: 0
09-02-2012 15:12:59 --- INFO: Toyota 4RUNNER Limited V6 - found: 30, pass primary filters: 0, did not pass the filter by color: 0, added: 0, new vincodes: 0
09-02-2012 15:12:59 --- INFO: finish: 09-02-2012 15:12:59
09-02-2012 15:12:59 --- INFO: elapsed time: ~177.81 sec., memory usage: ~2.75 Mb.
09-02-2012 15:40:01 --- INFO: start: 09-02-2012 15:40:01
09-02-2012 15:40:01 --- INFO: ----------Source_Gsmotors (cli)
09-02-2012 15:42:08 --- INFO: Lexus RX 300 - found: 82, pass primary filters: 53, did not pass the filter by color: 47, added: 6, new vincodes: 2
09-02-2012 15:49:35 --- INFO: Lexus RX 330 - found: 259, pass primary filters: 100, did not pass the filter by color: 89, added: 11, new vincodes: 6
09-02-2012 15:50:23 --- INFO: Lexus RX 400H - found: 34, pass primary filters: 5, did not pass the filter by color: 5, added: 0, new vincodes: 0
09-02-2012 15:52:46 --- INFO: Lexus GX 470 - found: 109, pass primary filters: 61, did not pass the filter by color: 52, added: 9, new vincodes: 1
09-02-2012 15:57:31 --- INFO: Lexus GX 470 - found: 184, pass primary filters: 63, did not pass the filter by color: 54, added: 9, new vincodes: 2
09-02-2012 15:58:50 --- INFO: Lexus LX 470 - found: 56, pass primary filters: 39, did not pass the filter by color: 34, added: 5, new vincodes: 1
09-02-2012 15:59:02 --- INFO: Lexus LX 470 - found: 14, pass primary filters: 2, did not pass the filter by color: 2, added: 0, new vincodes: 0
09-02-2012 16:00:15 --- INFO: Toyota Land Cruiser - found: 42, pass primary filters: 29, did not pass the filter by color: 25, added: 4, new vincodes: 0
09-02-2012 16:02:12 --- INFO: Honda CR-V - found: 92, pass primary filters: 2, did not pass the filter by color: 0, added: 2, new vincodes: 0
09-02-2012 16:07:39 --- INFO: Honda CR-V - found: 232, pass primary filters: 3, did not pass the filter by color: 0, added: 3, new vincodes: 0
09-02-2012 16:09:30 --- INFO: Mitsubishi Montero 4WD Limited - found: 86, pass primary filters: 8, did not pass the filter by color: 8, added: 0, new vincodes: 0
09-02-2012 16:12:43 --- INFO: Toyota 4RUNNER 4WD V6 - found: 153, pass primary filters: 24, did not pass the filter by color: 16, added: 8, new vincodes: 0
09-02-2012 16:14:59 --- INFO: Toyota RAV 4 - found: 85, pass primary filters: 27, did not pass the filter by color: 18, added: 9, new vincodes: 1
09-02-2012 16:19:02 --- INFO: Toyota Highlander 4WD - found: 204, pass primary filters: 5, did not pass the filter by color: 3, added: 2, new vincodes: 1
09-02-2012 16:20:25 --- INFO: Toyota Highlander - found: 133, pass primary filters: 17, did not pass the filter by color: 15, added: 2, new vincodes: 0
09-02-2012 16:23:37 --- INFO: Lexus RX 350 - found: 143, pass primary filters: 21, did not pass the filter by color: 21, added: 0, new vincodes: 0
09-02-2012 16:25:03 --- INFO: Toyota 4RUNNER Limited V6 - found: 153, pass primary filters: 3, did not pass the filter by color: 3, added: 0, new vincodes: 0
09-02-2012 16:25:03 --- INFO: finish: 09-02-2012 16:25:03
09-02-2012 16:25:03 --- INFO: elapsed time: ~2702.79 sec., memory usage: ~5.56 Mb.
09-02-2012 17:10:01 --- INFO: start: 09-02-2012 17:10:01
09-02-2012 17:10:01 --- INFO: ----------Source_Adesa (cli)
09-02-2012 17:10:03 --- INFO: Authorized request
09-02-2012 17:10:29 --- INFO: Lexus RX 300 - found: 35, pass primary filters: 18, did not pass the filter by color: 15, added: 3, new vincodes: 0
09-02-2012 17:10:51 --- INFO: Lexus RX 330 - found: 27, pass primary filters: 15, did not pass the filter by color: 13, added: 2, new vincodes: 0
09-02-2012 17:10:51 --- INFO: Lexus RX 400H - found: 1, pass primary filters: 1, did not pass the filter by color: 0, added: 1, new vincodes: 0
09-02-2012 17:11:02 --- INFO: Lexus GX 470 - found: 14, pass primary filters: 12, did not pass the filter by color: 11, added: 1, new vincodes: 0
09-02-2012 17:11:32 --- INFO: Lexus GX 470 - found: 12, pass primary filters: 8, did not pass the filter by color: 6, added: 2, new vincodes: 1
09-02-2012 17:11:37 --- INFO: Lexus LX 470 - found: 6, pass primary filters: 3, did not pass the filter by color: 3, added: 0, new vincodes: 0
09-02-2012 17:11:37 --- INFO: Lexus LX 470 - found: 0, pass primary filters: 0, did not pass the filter by color: 0, added: 0, new vincodes: 0
09-02-2012 17:11:58 --- INFO: Toyota Land Cruiser - found: 1, pass primary filters: 0, did not pass the filter by color: 0, added: 0, new vincodes: 0
09-02-2012 17:11:58 --- INFO: Honda CR-V - found: 7, pass primary filters: 1, did not pass the filter by color: 0, added: 1, new vincodes: 0
09-02-2012 17:11:58 --- INFO: Honda CR-V - found: 1, pass primary filters: 0, did not pass the filter by color: 0, added: 0, new vincodes: 0
09-02-2012 17:12:09 --- INFO: Mitsubishi Montero 4WD Limited - found: 37, pass primary filters: 5, did not pass the filter by color: 5, added: 0, new vincodes: 0
09-02-2012 17:12:33 --- INFO: Toyota 4RUNNER 4WD V6 - found: 30, pass primary filters: 14, did not pass the filter by color: 10, added: 4, new vincodes: 0
09-02-2012 17:13:01 --- INFO: Toyota RAV 4 - found: 37, pass primary filters: 18, did not pass the filter by color: 17, added: 1, new vincodes: 0
09-02-2012 17:13:05 --- INFO: Toyota Highlander 4WD - found: 53, pass primary filters: 2, did not pass the filter by color: 2, added: 0, new vincodes: 0
09-02-2012 17:13:13 --- INFO: Toyota Highlander - found: 31, pass primary filters: 8, did not pass the filter by color: 8, added: 0, new vincodes: 0
09-02-2012 17:13:21 --- INFO: Lexus RX 350 - found: 6, pass primary filters: 2, did not pass the filter by color: 2, added: 0, new vincodes: 0
09-02-2012 17:13:22 --- INFO: Toyota 4RUNNER Limited V6 - found: 30, pass primary filters: 0, did not pass the filter by color: 0, added: 0, new vincodes: 0
09-02-2012 17:13:22 --- INFO: finish: 09-02-2012 17:13:22
09-02-2012 17:13:22 --- INFO: elapsed time: ~201.05 sec., memory usage: ~2.82 Mb.
09-02-2012 17:40:01 --- INFO: start: 09-02-2012 17:40:01
09-02-2012 17:40:01 --- INFO: ----------Source_Gsmotors (cli)
09-02-2012 17:40:49 --- INFO: Lexus RX 300 - found: 82, pass primary filters: 53, did not pass the filter by color: 47, added: 6, new vincodes: 0
09-02-2012 17:43:12 --- INFO: Lexus RX 330 - found: 259, pass primary filters: 100, did not pass the filter by color: 89, added: 11, new vincodes: 0
09-02-2012 17:43:30 --- INFO: Lexus RX 400H - found: 34, pass primary filters: 5, did not pass the filter by color: 5, added: 0, new vincodes: 0
09-02-2012 17:44:34 --- INFO: Lexus GX 470 - found: 109, pass primary filters: 61, did not pass the filter by color: 51, added: 10, new vincodes: 0
09-02-2012 17:46:09 --- INFO: Lexus GX 470 - found: 184, pass primary filters: 63, did not pass the filter by color: 54, added: 9, new vincodes: 0
09-02-2012 17:46:40 --- INFO: Lexus LX 470 - found: 56, pass primary filters: 39, did not pass the filter by color: 34, added: 5, new vincodes: 0
09-02-2012 17:46:48 --- INFO: Lexus LX 470 - found: 14, pass primary filters: 2, did not pass the filter by color: 2, added: 0, new vincodes: 0
09-02-2012 17:47:08 --- INFO: Toyota Land Cruiser - found: 42, pass primary filters: 29, did not pass the filter by color: 25, added: 4, new vincodes: 0
09-02-2012 17:47:58 --- INFO: Honda CR-V - found: 92, pass primary filters: 2, did not pass the filter by color: 0, added: 2, new vincodes: 0
09-02-2012 17:50:11 --- INFO: Honda CR-V - found: 232, pass primary filters: 3, did not pass the filter by color: 0, added: 3, new vincodes: 0
09-02-2012 17:51:00 --- INFO: Mitsubishi Montero 4WD Limited - found: 86, pass primary filters: 8, did not pass the filter by color: 8, added: 0, new vincodes: 0
09-02-2012 17:52:20 --- INFO: Toyota 4RUNNER 4WD V6 - found: 153, pass primary filters: 24, did not pass the filter by color: 16, added: 8, new vincodes: 0
09-02-2012 17:53:06 --- INFO: Toyota RAV 4 - found: 85, pass primary filters: 27, did not pass the filter by color: 18, added: 9, new vincodes: 0
09-02-2012 17:55:02 --- INFO: Toyota Highlander 4WD - found: 204, pass primary filters: 5, did not pass the filter by color: 3, added: 2, new vincodes: 0
09-02-2012 17:56:10 --- INFO: Toyota Highlander - found: 133, pass primary filters: 17, did not pass the filter by color: 15, added: 2, new vincodes: 0
09-02-2012 17:57:25 --- INFO: Lexus RX 350 - found: 143, pass primary filters: 21, did not pass the filter by color: 21, added: 0, new vincodes: 0
09-02-2012 17:58:42 --- INFO: Toyota 4RUNNER Limited V6 - found: 153, pass primary filters: 3, did not pass the filter by color: 3, added: 0, new vincodes: 0
09-02-2012 17:58:42 --- INFO: finish: 09-02-2012 17:58:42
09-02-2012 17:58:42 --- INFO: elapsed time: ~1121.2 sec., memory usage: ~5.45 Mb.