
10-03-2012 05:10:01 --- INFO: start: 10-03-2012 05:10:01
10-03-2012 05:10:01 --- INFO: ----------Source_Adesa (cli)
10-03-2012 05:10:03 --- INFO: Authorized request
10-03-2012 05:10:10 --- INFO: Lexus RX 300 - found: 4, pass primary filters: 2, did not pass the filter by color: 1, added: 1, new vincodes: 0
10-03-2012 05:10:14 --- INFO: Lexus RX 330 - found: 3, pass primary filters: 2, did not pass the filter by color: 2, added: 0, new vincodes: 0
10-03-2012 05:10:14 --- INFO: Lexus RX 400H - found: 0, pass primary filters: 0, did not pass the filter by color: 0, added: 0, new vincodes: 0
10-03-2012 05:10:14 --- INFO: Lexus GX 470 - found: 0, pass primary filters: 0, did not pass the filter by color: 0, added: 0, new vincodes: 0
10-03-2012 05:10:18 --- INFO: Lexus GX 470 - found: 2, pass primary filters: 1, did not pass the filter by color: 1, added: 0, new vincodes: 0
10-03-2012 05:10:18 --- INFO: Lexus LX 470 - found: 0, pass primary filters: 0, did not pass the filter by color: 0, added: 0, new vincodes: 0
10-03-2012 05:10:18 --- INFO: Lexus LX 470 - found: 0, pass primary filters: 0, did not pass the filter by color: 0, added: 0, new vincodes: 0
10-03-2012 05:10:19 --- INFO: Toyota Land Cruiser - found: 0, pass primary filters: 0, did not pass the filter by color: 0, added: 0, new vincodes: 0
10-03-2012 05:10:19 --- INFO: Honda CR-V - found: 4, pass primary filters: 0, did not pass the filter by color: 0, added: 0, new vincodes: 0
10-03-2012 05:10:22 --- INFO: Honda CR-V - found: 1, pass primary filters: 1, did not pass the filter by color: 0, added: 1, new vincodes: 0
10-03-2012 05:10:22 --- INFO: Mitsubishi Montero 4WD Limited - found: 2, pass primary filters: 0, did not pass the filter by color: 0, added: 0, new vincodes: 0
10-03-2012 05:10:29 --- INFO: Toyota 4RUNNER 4WD V6 - found: 6, pass primary filters: 2, did not pass the filter by color: 2, added: 0, new vincodes: 0
10-03-2012 05:10:29 --- INFO: Toyota RAV 4 - found: 2, pass primary filters: 0, did not pass the filter by color: 0, added: 0, new vincodes: 0
10-03-2012 05:10:30 --- INFO: Toyota Highlander 4WD - found: 8, pass primary filters: 0, did not pass the filter by color: 0, added: 0, new vincodes: 0
10-03-2012 05:10:30 --- INFO: Toyota Highlander - found: 5, pass primary filters: 0, did not pass the filter by color: 0, added: 0, new vincodes: 0
10-03-2012 05:10:30 --- INFO: Lexus RX 350 - found: 0, pass primary filters: 0, did not pass the filter by color: 0, added: 0, new vincodes: 0
10-03-2012 05:10:30 --- INFO: Toyota 4RUNNER Limited V6 - found: 6, pass primary filters: 0, did not pass the filter by color: 0, added: 0, new vincodes: 0
10-03-2012 05:10:30 --- INFO: finish: 10-03-2012 05:10:30
10-03-2012 05:10:30 --- INFO: elapsed time: ~28.97 sec., memory usage: ~1.98 Mb.
10-03-2012 05:40:01 --- INFO: start: 10-03-2012 05:40:01
10-03-2012 05:40:01 --- INFO: ----------Source_Gsmotors (cli)
10-03-2012 05:42:34 --- INFO: Lexus RX 300 - found: 41, pass primary filters: 29, did not pass the filter by color: 26, added: 3, new vincodes: 3
10-03-2012 05:49:33 --- INFO: Lexus RX 330 - found: 131, pass primary filters: 59, did not pass the filter by color: 51, added: 8, new vincodes: 3
10-03-2012 05:51:10 --- INFO: Lexus RX 400H - found: 35, pass primary filters: 7, did not pass the filter by color: 7, added: 0, new vincodes: 0
10-03-2012 05:55:29 --- INFO: Lexus GX 470 - found: 75, pass primary filters: 54, did not pass the filter by color: 47, added: 7, new vincodes: 1
10-03-2012 06:01:30 --- INFO: Lexus GX 470 - found: 105, pass primary filters: 56, did not pass the filter by color: 44, added: 12, new vincodes: 0
10-03-2012 06:04:12 --- INFO: Lexus LX 470 - found: 43, pass primary filters: 34, did not pass the filter by color: 28, added: 6, new vincodes: 0
10-03-2012 06:04:56 --- INFO: Lexus LX 470 - found: 16, pass primary filters: 0, did not pass the filter by color: 0, added: 0, new vincodes: 0
10-03-2012 06:06:01 --- INFO: Toyota Land Cruiser - found: 16, pass primary filters: 14, did not pass the filter by color: 11, added: 3, new vincodes: 0
10-03-2012 06:08:40 --- INFO: Honda CR-V - found: 46, pass primary filters: 0, did not pass the filter by color: 0, added: 0, new vincodes: 0
10-03-2012 06:14:30 --- INFO: Honda CR-V - found: 103, pass primary filters: 1, did not pass the filter by color: 0, added: 1, new vincodes: 0
10-03-2012 06:16:27 --- INFO: Mitsubishi Montero 4WD Limited - found: 32, pass primary filters: 5, did not pass the filter by color: 5, added: 0, new vincodes: 0
10-03-2012 06:20:58 --- INFO: Toyota 4RUNNER 4WD V6 - found: 76, pass primary filters: 18, did not pass the filter by color: 12, added: 6, new vincodes: 0
10-03-2012 06:23:54 --- INFO: Toyota RAV 4 - found: 49, pass primary filters: 20, did not pass the filter by color: 13, added: 7, new vincodes: 0
10-03-2012 06:28:45 --- INFO: Toyota Highlander 4WD - found: 87, pass primary filters: 2, did not pass the filter by color: 1, added: 1, new vincodes: 1
10-03-2012 06:30:46 --- INFO: Toyota Highlander - found: 53, pass primary filters: 7, did not pass the filter by color: 2, added: 5, new vincodes: 0
10-03-2012 06:35:40 --- INFO: Lexus RX 350 - found: 83, pass primary filters: 15, did not pass the filter by color: 14, added: 1, new vincodes: 0
10-03-2012 06:38:58 --- INFO: Toyota 4RUNNER Limited V6 - found: 76, pass primary filters: 0, did not pass the filter by color: 0, added: 0, new vincodes: 0
10-03-2012 06:38:58 --- INFO: finish: 10-03-2012 06:38:58
10-03-2012 06:38:58 --- INFO: elapsed time: ~3536.65 sec., memory usage: ~4.52 Mb.
10-03-2012 07:10:01 --- INFO: start: 10-03-2012 07:10:01
10-03-2012 07:10:01 --- INFO: ----------Source_Adesa (cli)
10-03-2012 07:10:03 --- INFO: Authorized request
10-03-2012 07:10:14 --- INFO: Lexus RX 300 - found: 6, pass primary filters: 4, did not pass the filter by color: 3, added: 1, new vincodes: 0
10-03-2012 07:10:18 --- INFO: Lexus RX 330 - found: 3, pass primary filters: 2, did not pass the filter by color: 2, added: 0, new vincodes: 0
10-03-2012 07:10:18 --- INFO: Lexus RX 400H - found: 0, pass primary filters: 0, did not pass the filter by color: 0, added: 0, new vincodes: 0
10-03-2012 07:10:18 --- INFO: Lexus GX 470 - found: 0, pass primary filters: 0, did not pass the filter by color: 0, added: 0, new vincodes: 0
10-03-2012 07:10:23 --- INFO: Lexus GX 470 - found: 3, pass primary filters: 2, did not pass the filter by color: 2, added: 0, new vincodes: 0
10-03-2012 07:10:23 --- INFO: Lexus LX 470 - found: 0, pass primary filters: 0, did not pass the filter by color: 0, added: 0, new vincodes: 0
10-03-2012 07:10:23 --- INFO: Lexus LX 470 - found: 0, pass primary filters: 0, did not pass the filter by color: 0, added: 0, new vincodes: 0
10-03-2012 07:10:23 --- INFO: Toyota Land Cruiser - found: 0, pass primary filters: 0, did not pass the filter by color: 0, added: 0, new vincodes: 0
10-03-2012 07:10:24 --- INFO: Honda CR-V - found: 4, pass primary filters: 0, did not pass the filter by color: 0, added: 0, new vincodes: 0
10-03-2012 07:10:27 --- INFO: Honda CR-V - found: 1, pass primary filters: 1, did not pass the filter by color: 0, added: 1, new vincodes: 0
10-03-2012 07:10:27 --- INFO: Mitsubishi Montero 4WD Limited - found: 2, pass primary filters: 0, did not pass the filter by color: 0, added: 0, new vincodes: 0
10-03-2012 07:10:34 --- INFO: Toyota 4RUNNER 4WD V6 - found: 6, pass primary filters: 2, did not pass the filter by color: 2, added: 0, new vincodes: 0
10-03-2012 07:10:34 --- INFO: Toyota RAV 4 - found: 2, pass primary filters: 0, did not pass the filter by color: 0, added: 0, new vincodes: 0
10-03-2012 07:10:35 --- INFO: Toyota Highlander 4WD - found: 8, pass primary filters: 0, did not pass the filter by color: 0, added: 0, new vincodes: 0
10-03-2012 07:10:35 --- INFO: Toyota Highlander - found: 5, pass primary filters: 0, did not pass the filter by color: 0, added: 0, new vincodes: 0
10-03-2012 07:10:35 --- INFO: Lexus RX 350 - found: 0, pass primary filters: 0, did not pass the filter by color: 0, added: 0, new vincodes: 0
10-03-2012 07:10:35 --- INFO: Toyota 4RUNNER Limited V6 - found: 6, pass primary filters: 0, did not pass the filter by color: 0, added: 0, new vincodes: 0
10-03-2012 07:10:35 --- INFO: finish: 10-03-2012 07:10:35
10-03-2012 07:10:35 --- INFO: elapsed time: ~34.06 sec., memory usage: ~2 Mb.
10-03-2012 08:10:01 --- INFO: start: 10-03-2012 08:10:01
10-03-2012 08:10:01 --- INFO: ----------Source_Adesa (cli)
10-03-2012 08:10:01 --- INFO: Authorized request
10-03-2012 08:10:12 --- INFO: Lexus RX 300 - found: 6, pass primary filters: 4, did not pass the filter by color: 3, added: 1, new vincodes: 0
10-03-2012 08:10:16 --- INFO: Lexus RX 330 - found: 3, pass primary filters: 2, did not pass the filter by color: 2, added: 0, new vincodes: 0
10-03-2012 08:10:16 --- INFO: Lexus RX 400H - found: 0, pass primary filters: 0, did not pass the filter by color: 0, added: 0, new vincodes: 0
10-03-2012 08:10:16 --- INFO: Lexus GX 470 - found: 0, pass primary filters: 0, did not pass the filter by color: 0, added: 0, new vincodes: 0
10-03-2012 08:10:21 --- INFO: Lexus GX 470 - found: 3, pass primary filters: 2, did not pass the filter by color: 2, added: 0, new vincodes: 0
10-03-2012 08:10:21 --- INFO: Lexus LX 470 - found: 0, pass primary filters: 0, did not pass the filter by color: 0, added: 0, new vincodes: 0
10-03-2012 08:10:21 --- INFO: Lexus LX 470 - found: 0, pass primary filters: 0, did not pass the filter by color: 0, added: 0, new vincodes: 0
10-03-2012 08:10:22 --- INFO: Toyota Land Cruiser - found: 0, pass primary filters: 0, did not pass the filter by color: 0, added: 0, new vincodes: 0
10-03-2012 08:10:22 --- INFO: Honda CR-V - found: 4, pass primary filters: 0, did not pass the filter by color: 0, added: 0, new vincodes: 0
10-03-2012 08:10:25 --- INFO: Honda CR-V - found: 1, pass primary filters: 1, did not pass the filter by color: 0, added: 1, new vincodes: 0
10-03-2012 08:10:25 --- INFO: Mitsubishi Montero 4WD Limited - found: 2, pass primary filters: 0, did not pass the filter by color: 0, added: 0, new vincodes: 0
10-03-2012 08:10:32 --- INFO: Toyota 4RUNNER 4WD V6 - found: 6, pass primary filters: 2, did not pass the filter by color: 2, added: 0, new vincodes: 0
10-03-2012 08:10:32 --- INFO: Toyota RAV 4 - found: 3, pass primary filters: 0, did not pass the filter by color: 0, added: 0, new vincodes: 0
10-03-2012 08:10:33 --- INFO: Toyota Highlander 4WD - found: 8, pass primary filters: 0, did not pass the filter by color: 0, added: 0, new vincodes: 0
10-03-2012 08:10:33 --- INFO: Toyota Highlander - found: 5, pass primary filters: 0, did not pass the filter by color: 0, added: 0, new vincodes: 0
10-03-2012 08:10:33 --- INFO: Lexus RX 350 - found: 0, pass primary filters: 0, did not pass the filter by color: 0, added: 0, new vincodes: 0
10-03-2012 08:10:33 --- INFO: Toyota 4RUNNER Limited V6 - found: 6, pass primary filters: 0, did not pass the filter by color: 0, added: 0, new vincodes: 0
10-03-2012 08:10:33 --- INFO: finish: 10-03-2012 08:10:33
10-03-2012 08:10:33 --- INFO: elapsed time: ~32.51 sec., memory usage: ~2 Mb.
10-03-2012 07:40:01 --- INFO: start: 10-03-2012 07:40:01
10-03-2012 07:40:01 --- INFO: ----------Source_Gsmotors (cli)
10-03-2012 07:41:48 --- INFO: Lexus RX 300 - found: 41, pass primary filters: 29, did not pass the filter by color: 26, added: 3, new vincodes: 0
10-03-2012 07:46:31 --- INFO: Lexus RX 330 - found: 131, pass primary filters: 59, did not pass the filter by color: 51, added: 8, new vincodes: 0
10-03-2012 07:47:48 --- INFO: Lexus RX 400H - found: 35, pass primary filters: 7, did not pass the filter by color: 7, added: 0, new vincodes: 0
10-03-2012 07:51:06 --- INFO: Lexus GX 470 - found: 75, pass primary filters: 54, did not pass the filter by color: 47, added: 7, new vincodes: 0
10-03-2012 07:55:51 --- INFO: Lexus GX 470 - found: 105, pass primary filters: 56, did not pass the filter by color: 44, added: 12, new vincodes: 0
10-03-2012 07:57:57 --- INFO: Lexus LX 470 - found: 43, pass primary filters: 34, did not pass the filter by color: 28, added: 6, new vincodes: 0
10-03-2012 07:58:39 --- INFO: Lexus LX 470 - found: 16, pass primary filters: 0, did not pass the filter by color: 0, added: 0, new vincodes: 0
10-03-2012 07:59:17 --- INFO: Toyota Land Cruiser - found: 16, pass primary filters: 14, did not pass the filter by color: 11, added: 3, new vincodes: 0
10-03-2012 08:00:58 --- INFO: Honda CR-V - found: 46, pass primary filters: 0, did not pass the filter by color: 0, added: 0, new vincodes: 0
10-03-2012 08:04:53 --- INFO: Honda CR-V - found: 103, pass primary filters: 1, did not pass the filter by color: 0, added: 1, new vincodes: 0
10-03-2012 08:06:21 --- INFO: Mitsubishi Montero 4WD Limited - found: 32, pass primary filters: 5, did not pass the filter by color: 5, added: 0, new vincodes: 0
10-03-2012 08:09:35 --- INFO: Toyota 4RUNNER 4WD V6 - found: 76, pass primary filters: 18, did not pass the filter by color: 12, added: 6, new vincodes: 0
10-03-2012 08:11:14 --- INFO: Toyota RAV 4 - found: 49, pass primary filters: 20, did not pass the filter by color: 13, added: 7, new vincodes: 0
10-03-2012 08:14:51 --- INFO: Toyota Highlander 4WD - found: 87, pass primary filters: 2, did not pass the filter by color: 1, added: 1, new vincodes: 0
10-03-2012 08:17:01 --- INFO: Toyota Highlander - found: 53, pass primary filters: 7, did not pass the filter by color: 2, added: 5, new vincodes: 0
10-03-2012 08:20:33 --- INFO: Lexus RX 350 - found: 83, pass primary filters: 15, did not pass the filter by color: 14, added: 1, new vincodes: 0
10-03-2012 08:23:32 --- INFO: Toyota 4RUNNER Limited V6 - found: 76, pass primary filters: 0, did not pass the filter by color: 0, added: 0, new vincodes: 0
10-03-2012 08:23:32 --- INFO: finish: 10-03-2012 08:23:32
10-03-2012 08:23:32 --- INFO: elapsed time: ~2610.96 sec., memory usage: ~4.4 Mb.
10-03-2012 09:00:01 --- INFO: start: 10-03-2012 09:00:01
10-03-2012 09:00:01 --- INFO: ----------Source_Adesa (cli)
10-03-2012 09:00:01 --- INFO: Authorized request
10-03-2012 09:00:13 --- INFO: Lexus RX 300 - found: 6, pass primary filters: 4, did not pass the filter by color: 3, added: 1, new vincodes: 0
10-03-2012 09:00:17 --- INFO: Lexus RX 330 - found: 3, pass primary filters: 2, did not pass the filter by color: 2, added: 0, new vincodes: 0
10-03-2012 09:00:17 --- INFO: Lexus RX 400H - found: 0, pass primary filters: 0, did not pass the filter by color: 0, added: 0, new vincodes: 0
10-03-2012 09:00:17 --- INFO: Lexus GX 470 - found: 0, pass primary filters: 0, did not pass the filter by color: 0, added: 0, new vincodes: 0
10-03-2012 09:00:21 --- INFO: Lexus GX 470 - found: 3, pass primary filters: 2, did not pass the filter by color: 2, added: 0, new vincodes: 0
10-03-2012 09:00:21 --- INFO: Lexus LX 470 - found: 0, pass primary filters: 0, did not pass the filter by color: 0, added: 0, new vincodes: 0
10-03-2012 09:00:22 --- INFO: Lexus LX 470 - found: 0, pass primary filters: 0, did not pass the filter by color: 0, added: 0, new vincodes: 0
10-03-2012 09:00:22 --- INFO: Toyota Land Cruiser - found: 0, pass primary filters: 0, did not pass the filter by color: 0, added: 0, new vincodes: 0
10-03-2012 09:00:22 --- INFO: Honda CR-V - found: 4, pass primary filters: 0, did not pass the filter by color: 0, added: 0, new vincodes: 0
10-03-2012 09:00:25 --- INFO: Honda CR-V - found: 1, pass primary filters: 1, did not pass the filter by color: 0, added: 1, new vincodes: 0
10-03-2012 09:00:26 --- INFO: Mitsubishi Montero 4WD Limited - found: 2, pass primary filters: 0, did not pass the filter by color: 0, added: 0, new vincodes: 0
10-03-2012 09:00:32 --- INFO: Toyota 4RUNNER 4WD V6 - found: 6, pass primary filters: 2, did not pass the filter by color: 2, added: 0, new vincodes: 0
10-03-2012 09:00:33 --- INFO: Toyota RAV 4 - found: 3, pass primary filters: 0, did not pass the filter by color: 0, added: 0, new vincodes: 0
10-03-2012 09:00:33 --- INFO: Toyota Highlander 4WD - found: 8, pass primary filters: 0, did not pass the filter by color: 0, added: 0, new vincodes: 0
10-03-2012 09:00:33 --- INFO: Toyota Highlander - found: 5, pass primary filters: 0, did not pass the filter by color: 0, added: 0, new vincodes: 0
10-03-2012 09:00:33 --- INFO: Lexus RX 350 - found: 0, pass primary filters: 0, did not pass the filter by color: 0, added: 0, new vincodes: 0
10-03-2012 09:00:33 --- INFO: Toyota 4RUNNER Limited V6 - found: 6, pass primary filters: 0, did not pass the filter by color: 0, added: 0, new vincodes: 0
10-03-2012 09:00:33 --- INFO: finish: 10-03-2012 09:00:33
10-03-2012 09:00:33 --- INFO: elapsed time: ~32.7 sec., memory usage: ~2 Mb.
10-03-2012 08:40:01 --- INFO: start: 10-03-2012 08:40:01
10-03-2012 08:40:01 --- INFO: ----------Source_Gsmotors (cli)
10-03-2012 08:42:22 --- INFO: Lexus RX 300 - found: 41, pass primary filters: 29, did not pass the filter by color: 26, added: 3, new vincodes: 0
10-03-2012 08:47:52 --- INFO: Lexus RX 330 - found: 131, pass primary filters: 59, did not pass the filter by color: 51, added: 8, new vincodes: 0
10-03-2012 08:49:11 --- INFO: Lexus RX 400H - found: 35, pass primary filters: 7, did not pass the filter by color: 7, added: 0, new vincodes: 0
10-03-2012 08:52:22 --- INFO: Lexus GX 470 - found: 75, pass primary filters: 54, did not pass the filter by color: 47, added: 7, new vincodes: 0
10-03-2012 08:57:16 --- INFO: Lexus GX 470 - found: 105, pass primary filters: 56, did not pass the filter by color: 44, added: 12, new vincodes: 0
10-03-2012 08:59:28 --- INFO: Lexus LX 470 - found: 43, pass primary filters: 34, did not pass the filter by color: 28, added: 6, new vincodes: 0
10-03-2012 09:00:08 --- INFO: Lexus LX 470 - found: 16, pass primary filters: 0, did not pass the filter by color: 0, added: 0, new vincodes: 0
10-03-2012 09:00:43 --- INFO: Toyota Land Cruiser - found: 16, pass primary filters: 14, did not pass the filter by color: 11, added: 3, new vincodes: 0
10-03-2012 09:02:43 --- INFO: Honda CR-V - found: 46, pass primary filters: 0, did not pass the filter by color: 0, added: 0, new vincodes: 0
10-03-2012 09:07:30 --- INFO: Honda CR-V - found: 103, pass primary filters: 1, did not pass the filter by color: 0, added: 1, new vincodes: 0
10-03-2012 09:09:01 --- INFO: Mitsubishi Montero 4WD Limited - found: 32, pass primary filters: 5, did not pass the filter by color: 5, added: 0, new vincodes: 0
10-03-2012 09:12:22 --- INFO: Toyota 4RUNNER 4WD V6 - found: 76, pass primary filters: 18, did not pass the filter by color: 12, added: 6, new vincodes: 0
10-03-2012 09:14:18 --- INFO: Toyota RAV 4 - found: 49, pass primary filters: 20, did not pass the filter by color: 13, added: 7, new vincodes: 0
10-03-2012 09:17:32 --- INFO: Toyota Highlander 4WD - found: 87, pass primary filters: 2, did not pass the filter by color: 1, added: 1, new vincodes: 0
10-03-2012 09:19:31 --- INFO: Toyota Highlander - found: 53, pass primary filters: 7, did not pass the filter by color: 2, added: 5, new vincodes: 0
10-03-2012 09:22:59 --- INFO: Lexus RX 350 - found: 83, pass primary filters: 15, did not pass the filter by color: 14, added: 1, new vincodes: 0
10-03-2012 09:25:54 --- INFO: Toyota 4RUNNER Limited V6 - found: 76, pass primary filters: 0, did not pass the filter by color: 0, added: 0, new vincodes: 0
10-03-2012 09:25:54 --- INFO: finish: 10-03-2012 09:25:54
10-03-2012 09:25:54 --- INFO: elapsed time: ~2753.2 sec., memory usage: ~4.4 Mb.
10-03-2012 10:10:01 --- INFO: start: 10-03-2012 10:10:01
10-03-2012 10:10:01 --- INFO: ----------Source_Adesa (cli)
10-03-2012 10:10:03 --- INFO: Authorized request
10-03-2012 10:10:11 --- INFO: Lexus RX 300 - found: 6, pass primary filters: 4, did not pass the filter by color: 3, added: 1, new vincodes: 0
10-03-2012 10:10:15 --- INFO: Lexus RX 330 - found: 3, pass primary filters: 2, did not pass the filter by color: 2, added: 0, new vincodes: 0
10-03-2012 10:10:15 --- INFO: Lexus RX 400H - found: 0, pass primary filters: 0, did not pass the filter by color: 0, added: 0, new vincodes: 0
10-03-2012 10:10:16 --- INFO: Lexus GX 470 - found: 0, pass primary filters: 0, did not pass the filter by color: 0, added: 0, new vincodes: 0
10-03-2012 10:10:21 --- INFO: Lexus GX 470 - found: 3, pass primary filters: 2, did not pass the filter by color: 2, added: 0, new vincodes: 0
10-03-2012 10:10:21 --- INFO: Lexus LX 470 - found: 0, pass primary filters: 0, did not pass the filter by color: 0, added: 0, new vincodes: 0
10-03-2012 10:10:21 --- INFO: Lexus LX 470 - found: 0, pass primary filters: 0, did not pass the filter by color: 0, added: 0, new vincodes: 0
10-03-2012 10:10:21 --- INFO: Toyota Land Cruiser - found: 0, pass primary filters: 0, did not pass the filter by color: 0, added: 0, new vincodes: 0
10-03-2012 10:10:21 --- INFO: Honda CR-V - found: 4, pass primary filters: 0, did not pass the filter by color: 0, added: 0, new vincodes: 0
10-03-2012 10:10:25 --- INFO: Honda CR-V - found: 1, pass primary filters: 1, did not pass the filter by color: 0, added: 1, new vincodes: 0
10-03-2012 10:10:25 --- INFO: Mitsubishi Montero 4WD Limited - found: 2, pass primary filters: 0, did not pass the filter by color: 0, added: 0, new vincodes: 0
10-03-2012 10:10:32 --- INFO: Toyota 4RUNNER 4WD V6 - found: 6, pass primary filters: 2, did not pass the filter by color: 2, added: 0, new vincodes: 0
10-03-2012 10:10:32 --- INFO: Toyota RAV 4 - found: 3, pass primary filters: 0, did not pass the filter by color: 0, added: 0, new vincodes: 0
10-03-2012 10:10:32 --- INFO: Toyota Highlander 4WD - found: 8, pass primary filters: 0, did not pass the filter by color: 0, added: 0, new vincodes: 0
10-03-2012 10:10:33 --- INFO: Toyota Highlander - found: 5, pass primary filters: 0, did not pass the filter by color: 0, added: 0, new vincodes: 0
10-03-2012 10:10:33 --- INFO: Lexus RX 350 - found: 0, pass primary filters: 0, did not pass the filter by color: 0, added: 0, new vincodes: 0
10-03-2012 10:10:33 --- INFO: Toyota 4RUNNER Limited V6 - found: 6, pass primary filters: 0, did not pass the filter by color: 0, added: 0, new vincodes: 0
10-03-2012 10:10:33 --- INFO: finish: 10-03-2012 10:10:33
10-03-2012 10:10:33 --- INFO: elapsed time: ~32.09 sec., memory usage: ~2 Mb.
10-03-2012 09:30:01 --- INFO: start: 10-03-2012 09:30:01
10-03-2012 09:30:01 --- INFO: ----------Source_Gsmotors (cli)
10-03-2012 09:31:51 --- INFO: Lexus RX 300 - found: 41, pass primary filters: 29, did not pass the filter by color: 26, added: 3, new vincodes: 0
10-03-2012 09:37:04 --- INFO: Lexus RX 330 - found: 131, pass primary filters: 59, did not pass the filter by color: 51, added: 8, new vincodes: 0
10-03-2012 09:38:39 --- INFO: Lexus RX 400H - found: 35, pass primary filters: 7, did not pass the filter by color: 7, added: 0, new vincodes: 0
10-03-2012 09:41:37 --- INFO: Lexus GX 470 - found: 75, pass primary filters: 54, did not pass the filter by color: 47, added: 7, new vincodes: 0
10-03-2012 09:45:52 --- INFO: Lexus GX 470 - found: 105, pass primary filters: 56, did not pass the filter by color: 44, added: 12, new vincodes: 0
10-03-2012 09:47:39 --- INFO: Lexus LX 470 - found: 43, pass primary filters: 34, did not pass the filter by color: 28, added: 6, new vincodes: 0
10-03-2012 09:48:19 --- INFO: Lexus LX 470 - found: 16, pass primary filters: 0, did not pass the filter by color: 0, added: 0, new vincodes: 0
10-03-2012 09:49:03 --- INFO: Toyota Land Cruiser - found: 16, pass primary filters: 14, did not pass the filter by color: 11, added: 3, new vincodes: 0
10-03-2012 09:50:50 --- INFO: Honda CR-V - found: 46, pass primary filters: 0, did not pass the filter by color: 0, added: 0, new vincodes: 0
10-03-2012 09:55:15 --- INFO: Honda CR-V - found: 103, pass primary filters: 1, did not pass the filter by color: 0, added: 1, new vincodes: 0
10-03-2012 09:56:32 --- INFO: Mitsubishi Montero 4WD Limited - found: 32, pass primary filters: 5, did not pass the filter by color: 5, added: 0, new vincodes: 0
10-03-2012 09:59:50 --- INFO: Toyota 4RUNNER 4WD V6 - found: 76, pass primary filters: 18, did not pass the filter by color: 12, added: 6, new vincodes: 0
10-03-2012 10:01:26 --- INFO: Toyota RAV 4 - found: 49, pass primary filters: 20, did not pass the filter by color: 13, added: 7, new vincodes: 0
10-03-2012 10:05:17 --- INFO: Toyota Highlander 4WD - found: 87, pass primary filters: 2, did not pass the filter by color: 1, added: 1, new vincodes: 0
10-03-2012 10:07:21 --- INFO: Toyota Highlander - found: 53, pass primary filters: 7, did not pass the filter by color: 2, added: 5, new vincodes: 0
10-03-2012 10:11:14 --- INFO: Lexus RX 350 - found: 83, pass primary filters: 15, did not pass the filter by color: 14, added: 1, new vincodes: 0
10-03-2012 10:14:45 --- INFO: Toyota 4RUNNER Limited V6 - found: 76, pass primary filters: 0, did not pass the filter by color: 0, added: 0, new vincodes: 0
10-03-2012 10:14:45 --- INFO: finish: 10-03-2012 10:14:45
10-03-2012 10:14:45 --- INFO: elapsed time: ~2683.89 sec., memory usage: ~4.4 Mb.
10-03-2012 11:20:01 --- INFO: start: 10-03-2012 11:20:01
10-03-2012 11:20:01 --- INFO: ----------Source_Adesa (cli)
10-03-2012 11:20:03 --- INFO: Authorized request
10-03-2012 11:20:13 --- INFO: Lexus RX 300 - found: 6, pass primary filters: 4, did not pass the filter by color: 3, added: 1, new vincodes: 0
10-03-2012 11:20:17 --- INFO: Lexus RX 330 - found: 4, pass primary filters: 2, did not pass the filter by color: 2, added: 0, new vincodes: 0
10-03-2012 11:20:17 --- INFO: Lexus RX 400H - found: 0, pass primary filters: 0, did not pass the filter by color: 0, added: 0, new vincodes: 0
10-03-2012 11:20:17 --- INFO: Lexus GX 470 - found: 0, pass primary filters: 0, did not pass the filter by color: 0, added: 0, new vincodes: 0
10-03-2012 11:20:22 --- INFO: Lexus GX 470 - found: 3, pass primary filters: 2, did not pass the filter by color: 2, added: 0, new vincodes: 0
10-03-2012 11:20:22 --- INFO: Lexus LX 470 - found: 0, pass primary filters: 0, did not pass the filter by color: 0, added: 0, new vincodes: 0
10-03-2012 11:20:22 --- INFO: Lexus LX 470 - found: 0, pass primary filters: 0, did not pass the filter by color: 0, added: 0, new vincodes: 0
10-03-2012 11:20:22 --- INFO: Toyota Land Cruiser - found: 0, pass primary filters: 0, did not pass the filter by color: 0, added: 0, new vincodes: 0
10-03-2012 11:20:23 --- INFO: Honda CR-V - found: 4, pass primary filters: 0, did not pass the filter by color: 0, added: 0, new vincodes: 0
10-03-2012 11:20:26 --- INFO: Honda CR-V - found: 1, pass primary filters: 1, did not pass the filter by color: 0, added: 1, new vincodes: 0
10-03-2012 11:20:26 --- INFO: Mitsubishi Montero 4WD Limited - found: 2, pass primary filters: 0, did not pass the filter by color: 0, added: 0, new vincodes: 0
10-03-2012 11:20:33 --- INFO: Toyota 4RUNNER 4WD V6 - found: 8, pass primary filters: 2, did not pass the filter by color: 2, added: 0, new vincodes: 0
10-03-2012 11:20:33 --- INFO: Toyota RAV 4 - found: 3, pass primary filters: 0, did not pass the filter by color: 0, added: 0, new vincodes: 0
10-03-2012 11:20:34 --- INFO: Toyota Highlander 4WD - found: 8, pass primary filters: 0, did not pass the filter by color: 0, added: 0, new vincodes: 0
10-03-2012 11:20:34 --- INFO: Toyota Highlander - found: 5, pass primary filters: 0, did not pass the filter by color: 0, added: 0, new vincodes: 0
10-03-2012 11:20:34 --- INFO: Lexus RX 350 - found: 0, pass primary filters: 0, did not pass the filter by color: 0, added: 0, new vincodes: 0
10-03-2012 11:20:34 --- INFO: Toyota 4RUNNER Limited V6 - found: 8, pass primary filters: 0, did not pass the filter by color: 0, added: 0, new vincodes: 0
10-03-2012 11:20:34 --- INFO: finish: 10-03-2012 11:20:34
10-03-2012 11:20:34 --- INFO: elapsed time: ~33.4 sec., memory usage: ~2 Mb.
10-03-2012 10:40:01 --- INFO: start: 10-03-2012 10:40:01
10-03-2012 10:40:01 --- INFO: ----------Source_Gsmotors (cli)
10-03-2012 10:42:12 --- INFO: Lexus RX 300 - found: 41, pass primary filters: 29, did not pass the filter by color: 26, added: 3, new vincodes: 0
10-03-2012 10:50:18 --- INFO: Lexus RX 330 - found: 140, pass primary filters: 61, did not pass the filter by color: 53, added: 8, new vincodes: 1
10-03-2012 10:51:57 --- INFO: Lexus RX 400H - found: 35, pass primary filters: 7, did not pass the filter by color: 7, added: 0, new vincodes: 0
10-03-2012 10:56:41 --- INFO: Lexus GX 470 - found: 83, pass primary filters: 54, did not pass the filter by color: 47, added: 7, new vincodes: 0
10-03-2012 11:03:24 --- INFO: Lexus GX 470 - found: 116, pass primary filters: 58, did not pass the filter by color: 46, added: 12, new vincodes: 1
10-03-2012 11:06:17 --- INFO: Lexus LX 470 - found: 45, pass primary filters: 35, did not pass the filter by color: 29, added: 6, new vincodes: 0
10-03-2012 11:07:02 --- INFO: Lexus LX 470 - found: 16, pass primary filters: 0, did not pass the filter by color: 0, added: 0, new vincodes: 0
10-03-2012 11:08:06 --- INFO: Toyota Land Cruiser - found: 18, pass primary filters: 14, did not pass the filter by color: 11, added: 3, new vincodes: 0
10-03-2012 11:10:41 --- INFO: Honda CR-V - found: 47, pass primary filters: 0, did not pass the filter by color: 0, added: 0, new vincodes: 0
10-03-2012 11:16:20 --- INFO: Honda CR-V - found: 104, pass primary filters: 1, did not pass the filter by color: 0, added: 1, new vincodes: 0
10-03-2012 11:18:06 --- INFO: Mitsubishi Montero 4WD Limited - found: 33, pass primary filters: 5, did not pass the filter by color: 5, added: 0, new vincodes: 0
10-03-2012 11:22:42 --- INFO: Toyota 4RUNNER 4WD V6 - found: 82, pass primary filters: 18, did not pass the filter by color: 12, added: 6, new vincodes: 0
10-03-2012 11:26:01 --- INFO: Toyota RAV 4 - found: 51, pass primary filters: 22, did not pass the filter by color: 14, added: 8, new vincodes: 1
10-03-2012 11:30:57 --- INFO: Toyota Highlander 4WD - found: 95, pass primary filters: 2, did not pass the filter by color: 1, added: 1, new vincodes: 0
10-03-2012 11:33:18 --- INFO: Toyota Highlander - found: 59, pass primary filters: 9, did not pass the filter by color: 4, added: 5, new vincodes: 1
10-03-2012 11:38:23 --- INFO: Lexus RX 350 - found: 87, pass primary filters: 15, did not pass the filter by color: 14, added: 1, new vincodes: 0
10-03-2012 11:41:47 --- INFO: Toyota 4RUNNER Limited V6 - found: 82, pass primary filters: 0, did not pass the filter by color: 0, added: 0, new vincodes: 0
10-03-2012 11:41:47 --- INFO: finish: 10-03-2012 11:41:47
10-03-2012 11:41:47 --- INFO: elapsed time: ~3705.76 sec., memory usage: ~4.53 Mb.
10-03-2012 12:20:01 --- INFO: start: 10-03-2012 12:20:01
10-03-2012 12:20:01 --- INFO: ----------Source_Adesa (cli)
10-03-2012 12:20:01 --- INFO: Authorized request
10-03-2012 12:20:13 --- INFO: Lexus RX 300 - found: 7, pass primary filters: 5, did not pass the filter by color: 4, added: 1, new vincodes: 1
10-03-2012 12:20:17 --- INFO: Lexus RX 330 - found: 4, pass primary filters: 2, did not pass the filter by color: 2, added: 0, new vincodes: 0
10-03-2012 12:20:17 --- INFO: Lexus RX 400H - found: 0, pass primary filters: 0, did not pass the filter by color: 0, added: 0, new vincodes: 0
10-03-2012 12:20:17 --- INFO: Lexus GX 470 - found: 0, pass primary filters: 0, did not pass the filter by color: 0, added: 0, new vincodes: 0
10-03-2012 12:20:21 --- INFO: Lexus GX 470 - found: 3, pass primary filters: 2, did not pass the filter by color: 2, added: 0, new vincodes: 0
10-03-2012 12:20:21 --- INFO: Lexus LX 470 - found: 0, pass primary filters: 0, did not pass the filter by color: 0, added: 0, new vincodes: 0
10-03-2012 12:20:21 --- INFO: Lexus LX 470 - found: 0, pass primary filters: 0, did not pass the filter by color: 0, added: 0, new vincodes: 0
10-03-2012 12:20:22 --- INFO: Toyota Land Cruiser - found: 0, pass primary filters: 0, did not pass the filter by color: 0, added: 0, new vincodes: 0
10-03-2012 12:20:22 --- INFO: Honda CR-V - found: 4, pass primary filters: 0, did not pass the filter by color: 0, added: 0, new vincodes: 0
10-03-2012 12:20:25 --- INFO: Honda CR-V - found: 1, pass primary filters: 1, did not pass the filter by color: 0, added: 1, new vincodes: 0
10-03-2012 12:20:26 --- INFO: Mitsubishi Montero 4WD Limited - found: 2, pass primary filters: 0, did not pass the filter by color: 0, added: 0, new vincodes: 0
10-03-2012 12:20:32 --- INFO: Toyota 4RUNNER 4WD V6 - found: 8, pass primary filters: 2, did not pass the filter by color: 2, added: 0, new vincodes: 0
10-03-2012 12:20:33 --- INFO: Toyota RAV 4 - found: 3, pass primary filters: 0, did not pass the filter by color: 0, added: 0, new vincodes: 0
10-03-2012 12:20:33 --- INFO: Toyota Highlander 4WD - found: 8, pass primary filters: 0, did not pass the filter by color: 0, added: 0, new vincodes: 0
10-03-2012 12:20:33 --- INFO: Toyota Highlander - found: 5, pass primary filters: 0, did not pass the filter by color: 0, added: 0, new vincodes: 0
10-03-2012 12:20:33 --- INFO: Lexus RX 350 - found: 0, pass primary filters: 0, did not pass the filter by color: 0, added: 0, new vincodes: 0
10-03-2012 12:20:34 --- INFO: Toyota 4RUNNER Limited V6 - found: 8, pass primary filters: 0, did not pass the filter by color: 0, added: 0, new vincodes: 0
10-03-2012 12:20:34 --- INFO: finish: 10-03-2012 12:20:34
10-03-2012 12:20:34 --- INFO: elapsed time: ~32.96 sec., memory usage: ~2.03 Mb.
10-03-2012 11:50:01 --- INFO: start: 10-03-2012 11:50:01
10-03-2012 11:50:01 --- INFO: ----------Source_Gsmotors (cli)
10-03-2012 11:51:52 --- INFO: Lexus RX 300 - found: 41, pass primary filters: 29, did not pass the filter by color: 26, added: 3, new vincodes: 0
10-03-2012 11:57:47 --- INFO: Lexus RX 330 - found: 140, pass primary filters: 61, did not pass the filter by color: 53, added: 8, new vincodes: 0
10-03-2012 11:59:44 --- INFO: Lexus RX 400H - found: 35, pass primary filters: 7, did not pass the filter by color: 7, added: 0, new vincodes: 0
10-03-2012 12:02:47 --- INFO: Lexus GX 470 - found: 83, pass primary filters: 54, did not pass the filter by color: 47, added: 7, new vincodes: 0
10-03-2012 12:07:39 --- INFO: Lexus GX 470 - found: 116, pass primary filters: 58, did not pass the filter by color: 46, added: 12, new vincodes: 0
10-03-2012 12:09:32 --- INFO: Lexus LX 470 - found: 45, pass primary filters: 35, did not pass the filter by color: 29, added: 6, new vincodes: 0
10-03-2012 12:10:13 --- INFO: Lexus LX 470 - found: 16, pass primary filters: 0, did not pass the filter by color: 0, added: 0, new vincodes: 0
10-03-2012 12:10:57 --- INFO: Toyota Land Cruiser - found: 18, pass primary filters: 14, did not pass the filter by color: 11, added: 3, new vincodes: 0
10-03-2012 12:12:57 --- INFO: Honda CR-V - found: 47, pass primary filters: 0, did not pass the filter by color: 0, added: 0, new vincodes: 0
10-03-2012 12:17:10 --- INFO: Honda CR-V - found: 104, pass primary filters: 1, did not pass the filter by color: 0, added: 1, new vincodes: 0
10-03-2012 12:18:55 --- INFO: Mitsubishi Montero 4WD Limited - found: 33, pass primary filters: 5, did not pass the filter by color: 5, added: 0, new vincodes: 0
10-03-2012 12:22:25 --- INFO: Toyota 4RUNNER 4WD V6 - found: 82, pass primary filters: 18, did not pass the filter by color: 12, added: 6, new vincodes: 0
10-03-2012 12:24:20 --- INFO: Toyota RAV 4 - found: 51, pass primary filters: 22, did not pass the filter by color: 14, added: 8, new vincodes: 0
10-03-2012 12:28:28 --- INFO: Toyota Highlander 4WD - found: 95, pass primary filters: 2, did not pass the filter by color: 1, added: 1, new vincodes: 0
10-03-2012 12:31:22 --- INFO: Toyota Highlander - found: 59, pass primary filters: 9, did not pass the filter by color: 4, added: 5, new vincodes: 0
10-03-2012 12:35:16 --- INFO: Lexus RX 350 - found: 87, pass primary filters: 15, did not pass the filter by color: 14, added: 1, new vincodes: 0
10-03-2012 12:38:31 --- INFO: Toyota 4RUNNER Limited V6 - found: 82, pass primary filters: 0, did not pass the filter by color: 0, added: 0, new vincodes: 0
10-03-2012 12:38:31 --- INFO: finish: 10-03-2012 12:38:31
10-03-2012 12:38:31 --- INFO: elapsed time: ~2910.12 sec., memory usage: ~4.47 Mb.
10-03-2012 12:50:01 --- INFO: start: 10-03-2012 12:50:01
10-03-2012 12:50:01 --- INFO: ----------Source_Gsmotors (cli)
10-03-2012 12:51:44 --- INFO: Lexus RX 300 - found: 41, pass primary filters: 29, did not pass the filter by color: 26, added: 3, new vincodes: 0
10-03-2012 12:57:07 --- INFO: Lexus RX 330 - found: 140, pass primary filters: 61, did not pass the filter by color: 53, added: 8, new vincodes: 0
10-03-2012 12:58:41 --- INFO: Lexus RX 400H - found: 35, pass primary filters: 7, did not pass the filter by color: 7, added: 0, new vincodes: 0
10-03-2012 13:02:28 --- INFO: Lexus GX 470 - found: 83, pass primary filters: 54, did not pass the filter by color: 47, added: 7, new vincodes: 0
10-03-2012 13:07:27 --- INFO: Lexus GX 470 - found: 116, pass primary filters: 58, did not pass the filter by color: 46, added: 12, new vincodes: 0
10-03-2012 13:09:26 --- INFO: Lexus LX 470 - found: 45, pass primary filters: 35, did not pass the filter by color: 29, added: 6, new vincodes: 0
10-03-2012 13:10:06 --- INFO: Lexus LX 470 - found: 16, pass primary filters: 0, did not pass the filter by color: 0, added: 0, new vincodes: 0
10-03-2012 13:11:08 --- INFO: Toyota Land Cruiser - found: 18, pass primary filters: 14, did not pass the filter by color: 11, added: 3, new vincodes: 0
10-03-2012 13:13:36 --- INFO: Honda CR-V - found: 47, pass primary filters: 0, did not pass the filter by color: 0, added: 0, new vincodes: 0
10-03-2012 13:18:21 --- INFO: Honda CR-V - found: 104, pass primary filters: 1, did not pass the filter by color: 0, added: 1, new vincodes: 0
10-03-2012 13:19:56 --- INFO: Mitsubishi Montero 4WD Limited - found: 33, pass primary filters: 5, did not pass the filter by color: 5, added: 0, new vincodes: 0
10-03-2012 13:23:14 --- INFO: Toyota 4RUNNER 4WD V6 - found: 82, pass primary filters: 18, did not pass the filter by color: 12, added: 6, new vincodes: 0
10-03-2012 13:25:20 --- INFO: Toyota RAV 4 - found: 51, pass primary filters: 22, did not pass the filter by color: 14, added: 8, new vincodes: 0
10-03-2012 13:29:21 --- INFO: Toyota Highlander 4WD - found: 95, pass primary filters: 2, did not pass the filter by color: 1, added: 1, new vincodes: 0
10-03-2012 13:31:36 --- INFO: Toyota Highlander - found: 59, pass primary filters: 9, did not pass the filter by color: 4, added: 5, new vincodes: 0
10-03-2012 13:35:14 --- INFO: Lexus RX 350 - found: 87, pass primary filters: 15, did not pass the filter by color: 14, added: 1, new vincodes: 0
10-03-2012 13:39:00 --- INFO: Toyota 4RUNNER Limited V6 - found: 82, pass primary filters: 0, did not pass the filter by color: 0, added: 0, new vincodes: 0
10-03-2012 13:39:00 --- INFO: finish: 10-03-2012 13:39:00
10-03-2012 13:39:00 --- INFO: elapsed time: ~2938.54 sec., memory usage: ~4.47 Mb.
10-03-2012 15:10:01 --- INFO: start: 10-03-2012 15:10:01
10-03-2012 15:10:01 --- INFO: ----------Source_Adesa (cli)
10-03-2012 15:10:03 --- INFO: Authorized request
10-03-2012 15:10:13 --- INFO: Lexus RX 300 - found: 7, pass primary filters: 5, did not pass the filter by color: 4, added: 1, new vincodes: 0
10-03-2012 15:10:17 --- INFO: Lexus RX 330 - found: 4, pass primary filters: 2, did not pass the filter by color: 2, added: 0, new vincodes: 0
10-03-2012 15:10:17 --- INFO: Lexus RX 400H - found: 0, pass primary filters: 0, did not pass the filter by color: 0, added: 0, new vincodes: 0
10-03-2012 15:10:17 --- INFO: Lexus GX 470 - found: 0, pass primary filters: 0, did not pass the filter by color: 0, added: 0, new vincodes: 0
10-03-2012 15:10:22 --- INFO: Lexus GX 470 - found: 3, pass primary filters: 2, did not pass the filter by color: 2, added: 0, new vincodes: 0
10-03-2012 15:10:22 --- INFO: Lexus LX 470 - found: 0, pass primary filters: 0, did not pass the filter by color: 0, added: 0, new vincodes: 0
10-03-2012 15:10:22 --- INFO: Lexus LX 470 - found: 0, pass primary filters: 0, did not pass the filter by color: 0, added: 0, new vincodes: 0
10-03-2012 15:10:22 --- INFO: Toyota Land Cruiser - found: 0, pass primary filters: 0, did not pass the filter by color: 0, added: 0, new vincodes: 0
10-03-2012 15:10:23 --- INFO: Honda CR-V - found: 4, pass primary filters: 0, did not pass the filter by color: 0, added: 0, new vincodes: 0
10-03-2012 15:10:26 --- INFO: Honda CR-V - found: 1, pass primary filters: 1, did not pass the filter by color: 0, added: 1, new vincodes: 0
10-03-2012 15:10:26 --- INFO: Mitsubishi Montero 4WD Limited - found: 2, pass primary filters: 0, did not pass the filter by color: 0, added: 0, new vincodes: 0
10-03-2012 15:10:33 --- INFO: Toyota 4RUNNER 4WD V6 - found: 8, pass primary filters: 2, did not pass the filter by color: 2, added: 0, new vincodes: 0
10-03-2012 15:10:33 --- INFO: Toyota RAV 4 - found: 3, pass primary filters: 0, did not pass the filter by color: 0, added: 0, new vincodes: 0
10-03-2012 15:10:34 --- INFO: Toyota Highlander 4WD - found: 9, pass primary filters: 0, did not pass the filter by color: 0, added: 0, new vincodes: 0
10-03-2012 15:10:34 --- INFO: Toyota Highlander - found: 5, pass primary filters: 0, did not pass the filter by color: 0, added: 0, new vincodes: 0
10-03-2012 15:10:34 --- INFO: Lexus RX 350 - found: 0, pass primary filters: 0, did not pass the filter by color: 0, added: 0, new vincodes: 0
10-03-2012 15:10:34 --- INFO: Toyota 4RUNNER Limited V6 - found: 8, pass primary filters: 0, did not pass the filter by color: 0, added: 0, new vincodes: 0
10-03-2012 15:10:34 --- INFO: finish: 10-03-2012 15:10:34
10-03-2012 15:10:34 --- INFO: elapsed time: ~33.3 sec., memory usage: ~2.01 Mb.
10-03-2012 15:40:01 --- INFO: start: 10-03-2012 15:40:01
10-03-2012 15:40:01 --- INFO: ----------Source_Gsmotors (cli)
10-03-2012 15:42:23 --- INFO: Lexus RX 300 - found: 45, pass primary filters: 30, did not pass the filter by color: 27, added: 3, new vincodes: 0
10-03-2012 15:49:42 --- INFO: Lexus RX 330 - found: 148, pass primary filters: 62, did not pass the filter by color: 54, added: 8, new vincodes: 0
10-03-2012 15:51:16 --- INFO: Lexus RX 400H - found: 42, pass primary filters: 7, did not pass the filter by color: 7, added: 0, new vincodes: 0
10-03-2012 15:55:14 --- INFO: Lexus GX 470 - found: 87, pass primary filters: 55, did not pass the filter by color: 48, added: 7, new vincodes: 0
10-03-2012 16:01:08 --- INFO: Lexus GX 470 - found: 126, pass primary filters: 62, did not pass the filter by color: 49, added: 13, new vincodes: 1
10-03-2012 16:03:44 --- INFO: Lexus LX 470 - found: 52, pass primary filters: 37, did not pass the filter by color: 30, added: 7, new vincodes: 1
10-03-2012 16:04:24 --- INFO: Lexus LX 470 - found: 20, pass primary filters: 1, did not pass the filter by color: 1, added: 0, new vincodes: 0
10-03-2012 16:05:27 --- INFO: Toyota Land Cruiser - found: 21, pass primary filters: 16, did not pass the filter by color: 12, added: 4, new vincodes: 0
10-03-2012 16:07:36 --- INFO: Honda CR-V - found: 48, pass primary filters: 0, did not pass the filter by color: 0, added: 0, new vincodes: 0
10-03-2012 16:12:52 --- INFO: Honda CR-V - found: 109, pass primary filters: 1, did not pass the filter by color: 0, added: 1, new vincodes: 0
10-03-2012 16:14:37 --- INFO: Mitsubishi Montero 4WD Limited - found: 34, pass primary filters: 5, did not pass the filter by color: 5, added: 0, new vincodes: 0
10-03-2012 16:18:34 --- INFO: Toyota 4RUNNER 4WD V6 - found: 87, pass primary filters: 19, did not pass the filter by color: 13, added: 6, new vincodes: 0
10-03-2012 16:20:52 --- INFO: Toyota RAV 4 - found: 52, pass primary filters: 22, did not pass the filter by color: 14, added: 8, new vincodes: 0
10-03-2012 16:25:13 --- INFO: Toyota Highlander 4WD - found: 96, pass primary filters: 2, did not pass the filter by color: 1, added: 1, new vincodes: 0
10-03-2012 16:27:15 --- INFO: Toyota Highlander - found: 59, pass primary filters: 9, did not pass the filter by color: 4, added: 5, new vincodes: 0
10-03-2012 16:31:48 --- INFO: Lexus RX 350 - found: 92, pass primary filters: 15, did not pass the filter by color: 14, added: 1, new vincodes: 0
10-03-2012 16:34:37 --- INFO: Toyota 4RUNNER Limited V6 - found: 87, pass primary filters: 0, did not pass the filter by color: 0, added: 0, new vincodes: 0
10-03-2012 16:34:37 --- INFO: finish: 10-03-2012 16:34:37
10-03-2012 16:34:37 --- INFO: elapsed time: ~3275.99 sec., memory usage: ~4.63 Mb.
10-03-2012 17:10:01 --- INFO: start: 10-03-2012 17:10:01
10-03-2012 17:10:01 --- INFO: ----------Source_Adesa (cli)
10-03-2012 17:10:03 --- INFO: Authorized request
10-03-2012 17:10:14 --- INFO: Lexus RX 300 - found: 7, pass primary filters: 5, did not pass the filter by color: 4, added: 1, new vincodes: 0
10-03-2012 17:10:17 --- INFO: Lexus RX 330 - found: 4, pass primary filters: 2, did not pass the filter by color: 2, added: 0, new vincodes: 0
10-03-2012 17:10:17 --- INFO: Lexus RX 400H - found: 0, pass primary filters: 0, did not pass the filter by color: 0, added: 0, new vincodes: 0
10-03-2012 17:10:18 --- INFO: Lexus GX 470 - found: 0, pass primary filters: 0, did not pass the filter by color: 0, added: 0, new vincodes: 0
10-03-2012 17:10:22 --- INFO: Lexus GX 470 - found: 3, pass primary filters: 2, did not pass the filter by color: 2, added: 0, new vincodes: 0
10-03-2012 17:10:22 --- INFO: Lexus LX 470 - found: 0, pass primary filters: 0, did not pass the filter by color: 0, added: 0, new vincodes: 0
10-03-2012 17:10:22 --- INFO: Lexus LX 470 - found: 0, pass primary filters: 0, did not pass the filter by color: 0, added: 0, new vincodes: 0
10-03-2012 17:10:23 --- INFO: Toyota Land Cruiser - found: 0, pass primary filters: 0, did not pass the filter by color: 0, added: 0, new vincodes: 0
10-03-2012 17:10:23 --- INFO: Honda CR-V - found: 4, pass primary filters: 0, did not pass the filter by color: 0, added: 0, new vincodes: 0
10-03-2012 17:10:26 --- INFO: Honda CR-V - found: 1, pass primary filters: 1, did not pass the filter by color: 0, added: 1, new vincodes: 0
10-03-2012 17:10:27 --- INFO: Mitsubishi Montero 4WD Limited - found: 2, pass primary filters: 0, did not pass the filter by color: 0, added: 0, new vincodes: 0
10-03-2012 17:10:33 --- INFO: Toyota 4RUNNER 4WD V6 - found: 8, pass primary filters: 2, did not pass the filter by color: 2, added: 0, new vincodes: 0
10-03-2012 17:10:34 --- INFO: Toyota RAV 4 - found: 3, pass primary filters: 0, did not pass the filter by color: 0, added: 0, new vincodes: 0
10-03-2012 17:10:34 --- INFO: Toyota Highlander 4WD - found: 9, pass primary filters: 0, did not pass the filter by color: 0, added: 0, new vincodes: 0
10-03-2012 17:10:34 --- INFO: Toyota Highlander - found: 5, pass primary filters: 0, did not pass the filter by color: 0, added: 0, new vincodes: 0
10-03-2012 17:10:34 --- INFO: Lexus RX 350 - found: 0, pass primary filters: 0, did not pass the filter by color: 0, added: 0, new vincodes: 0
10-03-2012 17:10:35 --- INFO: Toyota 4RUNNER Limited V6 - found: 8, pass primary filters: 0, did not pass the filter by color: 0, added: 0, new vincodes: 0
10-03-2012 17:10:35 --- INFO: finish: 10-03-2012 17:10:35
10-03-2012 17:10:35 --- INFO: elapsed time: ~33.74 sec., memory usage: ~2.01 Mb.
10-03-2012 17:40:01 --- INFO: start: 10-03-2012 17:40:01
10-03-2012 17:40:01 --- INFO: ----------Source_Gsmotors (cli)
10-03-2012 17:41:38 --- INFO: Lexus RX 300 - found: 45, pass primary filters: 30, did not pass the filter by color: 27, added: 3, new vincodes: 0
10-03-2012 17:46:32 --- INFO: Lexus RX 330 - found: 148, pass primary filters: 62, did not pass the filter by color: 54, added: 8, new vincodes: 0
10-03-2012 17:47:40 --- INFO: Lexus RX 400H - found: 42, pass primary filters: 7, did not pass the filter by color: 7, added: 0, new vincodes: 0
10-03-2012 17:50:26 --- INFO: Lexus GX 470 - found: 87, pass primary filters: 55, did not pass the filter by color: 48, added: 7, new vincodes: 0
10-03-2012 17:54:33 --- INFO: Lexus GX 470 - found: 126, pass primary filters: 62, did not pass the filter by color: 49, added: 13, new vincodes: 0
10-03-2012 17:56:20 --- INFO: Lexus LX 470 - found: 52, pass primary filters: 37, did not pass the filter by color: 30, added: 7, new vincodes: 0
10-03-2012 17:57:01 --- INFO: Lexus LX 470 - found: 20, pass primary filters: 1, did not pass the filter by color: 1, added: 0, new vincodes: 0
10-03-2012 17:57:44 --- INFO: Toyota Land Cruiser - found: 21, pass primary filters: 16, did not pass the filter by color: 12, added: 4, new vincodes: 0
10-03-2012 17:59:32 --- INFO: Honda CR-V - found: 48, pass primary filters: 0, did not pass the filter by color: 0, added: 0, new vincodes: 0
10-03-2012 18:03:27 --- INFO: Honda CR-V - found: 109, pass primary filters: 1, did not pass the filter by color: 0, added: 1, new vincodes: 0
10-03-2012 18:04:56 --- INFO: Mitsubishi Montero 4WD Limited - found: 34, pass primary filters: 5, did not pass the filter by color: 5, added: 0, new vincodes: 0
10-03-2012 18:08:04 --- INFO: Toyota 4RUNNER 4WD V6 - found: 87, pass primary filters: 19, did not pass the filter by color: 13, added: 6, new vincodes: 0
10-03-2012 18:09:48 --- INFO: Toyota RAV 4 - found: 52, pass primary filters: 22, did not pass the filter by color: 14, added: 8, new vincodes: 0
10-03-2012 18:13:03 --- INFO: Toyota Highlander 4WD - found: 96, pass primary filters: 2, did not pass the filter by color: 1, added: 1, new vincodes: 0
10-03-2012 18:15:12 --- INFO: Toyota Highlander - found: 59, pass primary filters: 9, did not pass the filter by color: 4, added: 5, new vincodes: 0
10-03-2012 18:18:42 --- INFO: Lexus RX 350 - found: 92, pass primary filters: 15, did not pass the filter by color: 14, added: 1, new vincodes: 0
10-03-2012 18:21:54 --- INFO: Toyota 4RUNNER Limited V6 - found: 87, pass primary filters: 0, did not pass the filter by color: 0, added: 0, new vincodes: 0
10-03-2012 18:21:54 --- INFO: finish: 10-03-2012 18:21:54
10-03-2012 18:21:54 --- INFO: elapsed time: ~2513.11 sec., memory usage: ~4.57 Mb.