
13-05-2012 06:10:01 --- INFO: start: 13-05-2012 06:10:01
13-05-2012 06:10:01 --- INFO: ----------Source_Adesa (cli)
13-05-2012 06:10:03 --- INFO: Authorized request
13-05-2012 06:10:05 --- INFO: Lexus RX 300 - found: 6, pass primary filters: 3, did not pass the filter by color: 3, added: 0, new vincodes: 0
13-05-2012 06:10:05 --- INFO: Lexus RX 330 - found: 9, pass primary filters: 1, did not pass the filter by color: 1, added: 0, new vincodes: 0
13-05-2012 06:10:05 --- INFO: Lexus RX 400H - found: 0, pass primary filters: 0, did not pass the filter by color: 0, added: 0, new vincodes: 0
13-05-2012 06:10:10 --- INFO: Lexus GX 470 - found: 3, pass primary filters: 2, did not pass the filter by color: 1, added: 1, new vincodes: 0
13-05-2012 06:10:17 --- INFO: Lexus GX 470 - found: 7, pass primary filters: 4, did not pass the filter by color: 3, added: 1, new vincodes: 0
13-05-2012 06:10:18 --- INFO: Lexus LX 470 - found: 0, pass primary filters: 0, did not pass the filter by color: 0, added: 0, new vincodes: 0
13-05-2012 06:10:18 --- INFO: Lexus LX 470 - found: 0, pass primary filters: 0, did not pass the filter by color: 0, added: 0, new vincodes: 0
13-05-2012 06:10:18 --- INFO: Toyota Land Cruiser - found: 0, pass primary filters: 0, did not pass the filter by color: 0, added: 0, new vincodes: 0
13-05-2012 06:10:18 --- INFO: Honda CR-V - found: 8, pass primary filters: 0, did not pass the filter by color: 0, added: 0, new vincodes: 0
13-05-2012 06:10:18 --- INFO: Honda CR-V - found: 0, pass primary filters: 0, did not pass the filter by color: 0, added: 0, new vincodes: 0
13-05-2012 06:10:19 --- INFO: Mitsubishi Montero 4WD Limited - found: 8, pass primary filters: 0, did not pass the filter by color: 0, added: 0, new vincodes: 0
13-05-2012 06:10:20 --- INFO: Toyota 4RUNNER 4WD V6 - found: 6, pass primary filters: 1, did not pass the filter by color: 0, added: 1, new vincodes: 0
13-05-2012 06:10:31 --- INFO: Toyota RAV 4 - found: 6, pass primary filters: 4, did not pass the filter by color: 4, added: 0, new vincodes: 0
13-05-2012 06:10:35 --- INFO: Toyota Highlander 4WD - found: 16, pass primary filters: 1, did not pass the filter by color: 1, added: 0, new vincodes: 0
13-05-2012 06:10:35 --- INFO: Toyota Highlander - found: 8, pass primary filters: 0, did not pass the filter by color: 0, added: 0, new vincodes: 0
13-05-2012 06:10:35 --- INFO: Lexus RX 350 - found: 0, pass primary filters: 0, did not pass the filter by color: 0, added: 0, new vincodes: 0
13-05-2012 06:10:35 --- INFO: Toyota 4RUNNER Limited V6 - found: 6, pass primary filters: 0, did not pass the filter by color: 0, added: 0, new vincodes: 0
13-05-2012 06:10:35 --- INFO: finish: 13-05-2012 06:10:35
13-05-2012 06:10:35 --- INFO: elapsed time: ~34.19 sec., memory usage: ~2.06 Mb.
13-05-2012 06:40:01 --- INFO: start: 13-05-2012 06:40:01
13-05-2012 06:40:01 --- INFO: ----------Source_Gsmotors (cli)
13-05-2012 06:43:05 --- INFO: Lexus RX 300 - found: 58, pass primary filters: 41, did not pass the filter by color: 33, added: 8, new vincodes: 0
13-05-2012 06:52:36 --- INFO: Lexus RX 330 - found: 190, pass primary filters: 87, did not pass the filter by color: 69, added: 18, new vincodes: 0
13-05-2012 06:54:40 --- INFO: Lexus RX 400H - found: 43, pass primary filters: 17, did not pass the filter by color: 15, added: 2, new vincodes: 0
13-05-2012 06:57:38 --- INFO: Lexus GX 470 - found: 58, pass primary filters: 44, did not pass the filter by color: 36, added: 8, new vincodes: 0
13-05-2012 07:05:23 --- INFO: Lexus GX 470 - found: 139, pass primary filters: 72, did not pass the filter by color: 50, added: 22, new vincodes: 1
13-05-2012 07:08:10 --- INFO: Lexus LX 470 - found: 58, pass primary filters: 38, did not pass the filter by color: 33, added: 5, new vincodes: 0
13-05-2012 07:08:57 --- INFO: Lexus LX 470 - found: 22, pass primary filters: 3, did not pass the filter by color: 2, added: 1, new vincodes: 0
13-05-2012 07:09:57 --- INFO: Toyota Land Cruiser - found: 24, pass primary filters: 19, did not pass the filter by color: 15, added: 4, new vincodes: 0
13-05-2012 07:12:14 --- INFO: Honda CR-V - found: 48, pass primary filters: 1, did not pass the filter by color: 0, added: 1, new vincodes: 0
13-05-2012 07:24:09 --- INFO: Honda CR-V - found: 220, pass primary filters: 3, did not pass the filter by color: 0, added: 3, new vincodes: 0
13-05-2012 07:26:45 --- INFO: Mitsubishi Montero 4WD Limited - found: 54, pass primary filters: 7, did not pass the filter by color: 7, added: 0, new vincodes: 0
13-05-2012 07:31:57 --- INFO: Toyota 4RUNNER 4WD V6 - found: 100, pass primary filters: 27, did not pass the filter by color: 18, added: 9, new vincodes: 0
13-05-2012 07:34:26 --- INFO: Toyota RAV 4 - found: 47, pass primary filters: 24, did not pass the filter by color: 18, added: 6, new vincodes: 0
13-05-2012 07:40:01 --- INFO: Toyota Highlander 4WD - found: 127, pass primary filters: 7, did not pass the filter by color: 3, added: 4, new vincodes: 0
13-05-2012 07:43:05 --- INFO: Toyota Highlander - found: 94, pass primary filters: 23, did not pass the filter by color: 16, added: 7, new vincodes: 0
13-05-2012 07:48:29 --- INFO: Lexus RX 350 - found: 94, pass primary filters: 20, did not pass the filter by color: 18, added: 2, new vincodes: 1
13-05-2012 07:52:02 --- INFO: Toyota 4RUNNER Limited V6 - found: 100, pass primary filters: 2, did not pass the filter by color: 2, added: 0, new vincodes: 0
13-05-2012 07:52:02 --- INFO: finish: 13-05-2012 07:52:02
13-05-2012 07:52:02 --- INFO: elapsed time: ~4320.84 sec., memory usage: ~5.37 Mb.
13-05-2012 08:10:01 --- INFO: start: 13-05-2012 08:10:01
13-05-2012 08:10:01 --- INFO: ----------Source_Adesa (cli)
13-05-2012 08:10:03 --- INFO: Authorized request
13-05-2012 08:10:05 --- INFO: Lexus RX 300 - found: 6, pass primary filters: 3, did not pass the filter by color: 3, added: 0, new vincodes: 0
13-05-2012 08:10:06 --- INFO: Lexus RX 330 - found: 9, pass primary filters: 1, did not pass the filter by color: 1, added: 0, new vincodes: 0
13-05-2012 08:10:06 --- INFO: Lexus RX 400H - found: 0, pass primary filters: 0, did not pass the filter by color: 0, added: 0, new vincodes: 0
13-05-2012 08:10:11 --- INFO: Lexus GX 470 - found: 3, pass primary filters: 2, did not pass the filter by color: 1, added: 1, new vincodes: 0
13-05-2012 08:10:18 --- INFO: Lexus GX 470 - found: 7, pass primary filters: 4, did not pass the filter by color: 3, added: 1, new vincodes: 0
13-05-2012 08:10:18 --- INFO: Lexus LX 470 - found: 0, pass primary filters: 0, did not pass the filter by color: 0, added: 0, new vincodes: 0
13-05-2012 08:10:18 --- INFO: Lexus LX 470 - found: 0, pass primary filters: 0, did not pass the filter by color: 0, added: 0, new vincodes: 0
13-05-2012 08:10:18 --- INFO: Toyota Land Cruiser - found: 0, pass primary filters: 0, did not pass the filter by color: 0, added: 0, new vincodes: 0
13-05-2012 08:10:19 --- INFO: Honda CR-V - found: 8, pass primary filters: 0, did not pass the filter by color: 0, added: 0, new vincodes: 0
13-05-2012 08:10:20 --- INFO: Honda CR-V - found: 2, pass primary filters: 1, did not pass the filter by color: 0, added: 1, new vincodes: 0
13-05-2012 08:10:20 --- INFO: Mitsubishi Montero 4WD Limited - found: 14, pass primary filters: 0, did not pass the filter by color: 0, added: 0, new vincodes: 0
13-05-2012 08:10:25 --- INFO: Toyota 4RUNNER 4WD V6 - found: 7, pass primary filters: 2, did not pass the filter by color: 1, added: 1, new vincodes: 0
13-05-2012 08:10:37 --- INFO: Toyota RAV 4 - found: 7, pass primary filters: 5, did not pass the filter by color: 5, added: 0, new vincodes: 0
13-05-2012 08:10:41 --- INFO: Toyota Highlander 4WD - found: 20, pass primary filters: 1, did not pass the filter by color: 1, added: 0, new vincodes: 0
13-05-2012 08:10:41 --- INFO: Toyota Highlander - found: 11, pass primary filters: 0, did not pass the filter by color: 0, added: 0, new vincodes: 0
13-05-2012 08:10:41 --- INFO: Lexus RX 350 - found: 0, pass primary filters: 0, did not pass the filter by color: 0, added: 0, new vincodes: 0
13-05-2012 08:10:42 --- INFO: Toyota 4RUNNER Limited V6 - found: 7, pass primary filters: 0, did not pass the filter by color: 0, added: 0, new vincodes: 0
13-05-2012 08:10:42 --- INFO: finish: 13-05-2012 08:10:42
13-05-2012 08:10:42 --- INFO: elapsed time: ~40.38 sec., memory usage: ~2.08 Mb.
13-05-2012 09:10:01 --- INFO: start: 13-05-2012 09:10:01
13-05-2012 09:10:01 --- INFO: ----------Source_Adesa (cli)
13-05-2012 09:10:02 --- INFO: Authorized request
13-05-2012 09:10:04 --- INFO: Lexus RX 300 - found: 6, pass primary filters: 3, did not pass the filter by color: 3, added: 0, new vincodes: 0
13-05-2012 09:10:04 --- INFO: Lexus RX 330 - found: 9, pass primary filters: 1, did not pass the filter by color: 1, added: 0, new vincodes: 0
13-05-2012 09:10:05 --- INFO: Lexus RX 400H - found: 0, pass primary filters: 0, did not pass the filter by color: 0, added: 0, new vincodes: 0
13-05-2012 09:10:10 --- INFO: Lexus GX 470 - found: 3, pass primary filters: 2, did not pass the filter by color: 1, added: 1, new vincodes: 0
13-05-2012 09:10:19 --- INFO: Lexus GX 470 - found: 7, pass primary filters: 4, did not pass the filter by color: 3, added: 1, new vincodes: 0
13-05-2012 09:10:20 --- INFO: Lexus LX 470 - found: 0, pass primary filters: 0, did not pass the filter by color: 0, added: 0, new vincodes: 0
13-05-2012 09:10:20 --- INFO: Lexus LX 470 - found: 0, pass primary filters: 0, did not pass the filter by color: 0, added: 0, new vincodes: 0
13-05-2012 09:10:20 --- INFO: Toyota Land Cruiser - found: 0, pass primary filters: 0, did not pass the filter by color: 0, added: 0, new vincodes: 0
13-05-2012 09:10:20 --- INFO: Honda CR-V - found: 8, pass primary filters: 0, did not pass the filter by color: 0, added: 0, new vincodes: 0
13-05-2012 09:10:22 --- INFO: Honda CR-V - found: 2, pass primary filters: 1, did not pass the filter by color: 0, added: 1, new vincodes: 0
13-05-2012 09:10:22 --- INFO: Mitsubishi Montero 4WD Limited - found: 14, pass primary filters: 0, did not pass the filter by color: 0, added: 0, new vincodes: 0
13-05-2012 09:10:25 --- INFO: Toyota 4RUNNER 4WD V6 - found: 7, pass primary filters: 2, did not pass the filter by color: 1, added: 1, new vincodes: 0
13-05-2012 09:10:37 --- INFO: Toyota RAV 4 - found: 7, pass primary filters: 5, did not pass the filter by color: 5, added: 0, new vincodes: 0
13-05-2012 09:10:41 --- INFO: Toyota Highlander 4WD - found: 20, pass primary filters: 1, did not pass the filter by color: 1, added: 0, new vincodes: 0
13-05-2012 09:10:41 --- INFO: Toyota Highlander - found: 11, pass primary filters: 0, did not pass the filter by color: 0, added: 0, new vincodes: 0
13-05-2012 09:10:41 --- INFO: Lexus RX 350 - found: 0, pass primary filters: 0, did not pass the filter by color: 0, added: 0, new vincodes: 0
13-05-2012 09:10:41 --- INFO: Toyota 4RUNNER Limited V6 - found: 7, pass primary filters: 0, did not pass the filter by color: 0, added: 0, new vincodes: 0
13-05-2012 09:10:41 --- INFO: finish: 13-05-2012 09:10:41
13-05-2012 09:10:41 --- INFO: elapsed time: ~40.22 sec., memory usage: ~2.08 Mb.
13-05-2012 08:40:01 --- INFO: start: 13-05-2012 08:40:01
13-05-2012 08:40:01 --- INFO: ----------Source_Gsmotors (cli)
13-05-2012 08:42:14 --- INFO: Lexus RX 300 - found: 58, pass primary filters: 41, did not pass the filter by color: 33, added: 8, new vincodes: 0
13-05-2012 08:48:51 --- INFO: Lexus RX 330 - found: 190, pass primary filters: 87, did not pass the filter by color: 69, added: 18, new vincodes: 0
13-05-2012 08:50:20 --- INFO: Lexus RX 400H - found: 43, pass primary filters: 17, did not pass the filter by color: 15, added: 2, new vincodes: 0
13-05-2012 08:52:23 --- INFO: Lexus GX 470 - found: 58, pass primary filters: 44, did not pass the filter by color: 36, added: 8, new vincodes: 0
13-05-2012 08:57:10 --- INFO: Lexus GX 470 - found: 139, pass primary filters: 72, did not pass the filter by color: 49, added: 23, new vincodes: 0
13-05-2012 08:59:15 --- INFO: Lexus LX 470 - found: 58, pass primary filters: 38, did not pass the filter by color: 33, added: 5, new vincodes: 0
13-05-2012 09:00:01 --- INFO: Lexus LX 470 - found: 22, pass primary filters: 3, did not pass the filter by color: 2, added: 1, new vincodes: 0
13-05-2012 09:00:52 --- INFO: Toyota Land Cruiser - found: 24, pass primary filters: 19, did not pass the filter by color: 15, added: 4, new vincodes: 0
13-05-2012 09:02:23 --- INFO: Honda CR-V - found: 48, pass primary filters: 1, did not pass the filter by color: 0, added: 1, new vincodes: 0
13-05-2012 09:09:54 --- INFO: Honda CR-V - found: 220, pass primary filters: 3, did not pass the filter by color: 0, added: 3, new vincodes: 0
13-05-2012 09:11:51 --- INFO: Mitsubishi Montero 4WD Limited - found: 54, pass primary filters: 7, did not pass the filter by color: 7, added: 0, new vincodes: 0
13-05-2012 09:15:14 --- INFO: Toyota 4RUNNER 4WD V6 - found: 100, pass primary filters: 27, did not pass the filter by color: 18, added: 9, new vincodes: 0
13-05-2012 09:16:53 --- INFO: Toyota RAV 4 - found: 47, pass primary filters: 24, did not pass the filter by color: 18, added: 6, new vincodes: 0
13-05-2012 09:20:57 --- INFO: Toyota Highlander 4WD - found: 127, pass primary filters: 7, did not pass the filter by color: 3, added: 4, new vincodes: 0
13-05-2012 09:23:58 --- INFO: Toyota Highlander - found: 94, pass primary filters: 23, did not pass the filter by color: 16, added: 7, new vincodes: 0
13-05-2012 09:27:30 --- INFO: Lexus RX 350 - found: 94, pass primary filters: 20, did not pass the filter by color: 18, added: 2, new vincodes: 0
13-05-2012 09:31:07 --- INFO: Toyota 4RUNNER Limited V6 - found: 100, pass primary filters: 2, did not pass the filter by color: 2, added: 0, new vincodes: 0
13-05-2012 09:31:07 --- INFO: finish: 13-05-2012 09:31:07
13-05-2012 09:31:07 --- INFO: elapsed time: ~3065.46 sec., memory usage: ~5.31 Mb.
13-05-2012 10:00:01 --- INFO: start: 13-05-2012 10:00:01
13-05-2012 10:00:01 --- INFO: ----------Source_Adesa (cli)
13-05-2012 10:00:02 --- INFO: Authorized request
13-05-2012 10:00:04 --- INFO: Lexus RX 300 - found: 6, pass primary filters: 3, did not pass the filter by color: 3, added: 0, new vincodes: 0
13-05-2012 10:00:04 --- INFO: Lexus RX 330 - found: 9, pass primary filters: 1, did not pass the filter by color: 1, added: 0, new vincodes: 0
13-05-2012 10:00:05 --- INFO: Lexus RX 400H - found: 0, pass primary filters: 0, did not pass the filter by color: 0, added: 0, new vincodes: 0
13-05-2012 10:00:09 --- INFO: Lexus GX 470 - found: 3, pass primary filters: 2, did not pass the filter by color: 1, added: 1, new vincodes: 0
13-05-2012 10:00:16 --- INFO: Lexus GX 470 - found: 7, pass primary filters: 4, did not pass the filter by color: 3, added: 1, new vincodes: 0
13-05-2012 10:00:16 --- INFO: Lexus LX 470 - found: 0, pass primary filters: 0, did not pass the filter by color: 0, added: 0, new vincodes: 0
13-05-2012 10:00:16 --- INFO: Lexus LX 470 - found: 0, pass primary filters: 0, did not pass the filter by color: 0, added: 0, new vincodes: 0
13-05-2012 10:00:16 --- INFO: Toyota Land Cruiser - found: 0, pass primary filters: 0, did not pass the filter by color: 0, added: 0, new vincodes: 0
13-05-2012 10:00:16 --- INFO: Honda CR-V - found: 8, pass primary filters: 0, did not pass the filter by color: 0, added: 0, new vincodes: 0
13-05-2012 10:00:18 --- INFO: Honda CR-V - found: 2, pass primary filters: 1, did not pass the filter by color: 0, added: 1, new vincodes: 0
13-05-2012 10:00:18 --- INFO: Mitsubishi Montero 4WD Limited - found: 14, pass primary filters: 0, did not pass the filter by color: 0, added: 0, new vincodes: 0
13-05-2012 10:00:21 --- INFO: Toyota 4RUNNER 4WD V6 - found: 7, pass primary filters: 2, did not pass the filter by color: 1, added: 1, new vincodes: 0
13-05-2012 10:00:33 --- INFO: Toyota RAV 4 - found: 7, pass primary filters: 5, did not pass the filter by color: 5, added: 0, new vincodes: 0
13-05-2012 10:00:37 --- INFO: Toyota Highlander 4WD - found: 20, pass primary filters: 1, did not pass the filter by color: 1, added: 0, new vincodes: 0
13-05-2012 10:00:37 --- INFO: Toyota Highlander - found: 11, pass primary filters: 0, did not pass the filter by color: 0, added: 0, new vincodes: 0
13-05-2012 10:00:37 --- INFO: Lexus RX 350 - found: 0, pass primary filters: 0, did not pass the filter by color: 0, added: 0, new vincodes: 0
13-05-2012 10:00:37 --- INFO: Toyota 4RUNNER Limited V6 - found: 7, pass primary filters: 0, did not pass the filter by color: 0, added: 0, new vincodes: 0
13-05-2012 10:00:37 --- INFO: finish: 13-05-2012 10:00:37
13-05-2012 10:00:37 --- INFO: elapsed time: ~35.82 sec., memory usage: ~2.08 Mb.
13-05-2012 09:40:01 --- INFO: start: 13-05-2012 09:40:01
13-05-2012 09:40:01 --- INFO: ----------Source_Gsmotors (cli)
13-05-2012 09:42:05 --- INFO: Lexus RX 300 - found: 58, pass primary filters: 41, did not pass the filter by color: 33, added: 8, new vincodes: 0
13-05-2012 09:49:07 --- INFO: Lexus RX 330 - found: 190, pass primary filters: 87, did not pass the filter by color: 70, added: 17, new vincodes: 0
13-05-2012 09:50:37 --- INFO: Lexus RX 400H - found: 43, pass primary filters: 17, did not pass the filter by color: 15, added: 2, new vincodes: 0
13-05-2012 09:52:51 --- INFO: Lexus GX 470 - found: 58, pass primary filters: 44, did not pass the filter by color: 36, added: 8, new vincodes: 0
13-05-2012 09:58:00 --- INFO: Lexus GX 470 - found: 139, pass primary filters: 72, did not pass the filter by color: 49, added: 23, new vincodes: 0
13-05-2012 10:00:12 --- INFO: Lexus LX 470 - found: 58, pass primary filters: 38, did not pass the filter by color: 33, added: 5, new vincodes: 0
13-05-2012 10:01:00 --- INFO: Lexus LX 470 - found: 22, pass primary filters: 3, did not pass the filter by color: 2, added: 1, new vincodes: 0
13-05-2012 10:01:46 --- INFO: Toyota Land Cruiser - found: 24, pass primary filters: 19, did not pass the filter by color: 15, added: 4, new vincodes: 0
13-05-2012 10:03:25 --- INFO: Honda CR-V - found: 48, pass primary filters: 1, did not pass the filter by color: 0, added: 1, new vincodes: 0
13-05-2012 10:11:30 --- INFO: Honda CR-V - found: 220, pass primary filters: 3, did not pass the filter by color: 0, added: 3, new vincodes: 0
13-05-2012 10:13:41 --- INFO: Mitsubishi Montero 4WD Limited - found: 54, pass primary filters: 7, did not pass the filter by color: 7, added: 0, new vincodes: 0
13-05-2012 10:17:20 --- INFO: Toyota 4RUNNER 4WD V6 - found: 100, pass primary filters: 27, did not pass the filter by color: 18, added: 9, new vincodes: 0
13-05-2012 10:19:01 --- INFO: Toyota RAV 4 - found: 47, pass primary filters: 24, did not pass the filter by color: 18, added: 6, new vincodes: 0
13-05-2012 10:23:16 --- INFO: Toyota Highlander 4WD - found: 127, pass primary filters: 7, did not pass the filter by color: 3, added: 4, new vincodes: 0
13-05-2012 10:26:25 --- INFO: Toyota Highlander - found: 94, pass primary filters: 23, did not pass the filter by color: 16, added: 7, new vincodes: 0
13-05-2012 10:30:00 --- INFO: Lexus RX 350 - found: 94, pass primary filters: 20, did not pass the filter by color: 18, added: 2, new vincodes: 0
13-05-2012 10:33:37 --- INFO: Toyota 4RUNNER Limited V6 - found: 100, pass primary filters: 2, did not pass the filter by color: 2, added: 0, new vincodes: 0
13-05-2012 10:33:37 --- INFO: finish: 13-05-2012 10:33:37
13-05-2012 10:33:37 --- INFO: elapsed time: ~3216.43 sec., memory usage: ~5.31 Mb.
13-05-2012 11:10:01 --- INFO: start: 13-05-2012 11:10:01
13-05-2012 11:10:01 --- INFO: ----------Source_Adesa (cli)
13-05-2012 11:10:03 --- INFO: Authorized request
13-05-2012 11:10:05 --- INFO: Lexus RX 300 - found: 6, pass primary filters: 3, did not pass the filter by color: 3, added: 0, new vincodes: 0
13-05-2012 11:10:05 --- INFO: Lexus RX 330 - found: 9, pass primary filters: 1, did not pass the filter by color: 1, added: 0, new vincodes: 0
13-05-2012 11:10:05 --- INFO: Lexus RX 400H - found: 0, pass primary filters: 0, did not pass the filter by color: 0, added: 0, new vincodes: 0
13-05-2012 11:10:10 --- INFO: Lexus GX 470 - found: 3, pass primary filters: 2, did not pass the filter by color: 1, added: 1, new vincodes: 0
13-05-2012 11:10:17 --- INFO: Lexus GX 470 - found: 7, pass primary filters: 4, did not pass the filter by color: 3, added: 1, new vincodes: 0
13-05-2012 11:10:17 --- INFO: Lexus LX 470 - found: 0, pass primary filters: 0, did not pass the filter by color: 0, added: 0, new vincodes: 0
13-05-2012 11:10:17 --- INFO: Lexus LX 470 - found: 0, pass primary filters: 0, did not pass the filter by color: 0, added: 0, new vincodes: 0
13-05-2012 11:10:18 --- INFO: Toyota Land Cruiser - found: 0, pass primary filters: 0, did not pass the filter by color: 0, added: 0, new vincodes: 0
13-05-2012 11:10:18 --- INFO: Honda CR-V - found: 8, pass primary filters: 0, did not pass the filter by color: 0, added: 0, new vincodes: 0
13-05-2012 11:10:19 --- INFO: Honda CR-V - found: 2, pass primary filters: 1, did not pass the filter by color: 0, added: 1, new vincodes: 0
13-05-2012 11:10:19 --- INFO: Mitsubishi Montero 4WD Limited - found: 14, pass primary filters: 0, did not pass the filter by color: 0, added: 0, new vincodes: 0
13-05-2012 11:10:23 --- INFO: Toyota 4RUNNER 4WD V6 - found: 7, pass primary filters: 2, did not pass the filter by color: 1, added: 1, new vincodes: 0
13-05-2012 11:10:35 --- INFO: Toyota RAV 4 - found: 7, pass primary filters: 5, did not pass the filter by color: 5, added: 0, new vincodes: 0
13-05-2012 11:10:39 --- INFO: Toyota Highlander 4WD - found: 20, pass primary filters: 1, did not pass the filter by color: 1, added: 0, new vincodes: 0
13-05-2012 11:10:39 --- INFO: Toyota Highlander - found: 11, pass primary filters: 0, did not pass the filter by color: 0, added: 0, new vincodes: 0
13-05-2012 11:10:39 --- INFO: Lexus RX 350 - found: 0, pass primary filters: 0, did not pass the filter by color: 0, added: 0, new vincodes: 0
13-05-2012 11:10:40 --- INFO: Toyota 4RUNNER Limited V6 - found: 7, pass primary filters: 0, did not pass the filter by color: 0, added: 0, new vincodes: 0
13-05-2012 11:10:40 --- INFO: finish: 13-05-2012 11:10:40
13-05-2012 11:10:40 --- INFO: elapsed time: ~38.17 sec., memory usage: ~2.08 Mb.
13-05-2012 10:30:01 --- INFO: start: 13-05-2012 10:30:01
13-05-2012 10:30:01 --- INFO: ----------Source_Gsmotors (cli)
13-05-2012 10:32:13 --- INFO: Lexus RX 300 - found: 58, pass primary filters: 41, did not pass the filter by color: 33, added: 8, new vincodes: 0
13-05-2012 10:39:21 --- INFO: Lexus RX 330 - found: 190, pass primary filters: 87, did not pass the filter by color: 71, added: 16, new vincodes: 0
13-05-2012 10:40:59 --- INFO: Lexus RX 400H - found: 43, pass primary filters: 17, did not pass the filter by color: 15, added: 2, new vincodes: 0
13-05-2012 10:43:13 --- INFO: Lexus GX 470 - found: 58, pass primary filters: 44, did not pass the filter by color: 36, added: 8, new vincodes: 0
13-05-2012 10:48:40 --- INFO: Lexus GX 470 - found: 139, pass primary filters: 72, did not pass the filter by color: 49, added: 23, new vincodes: 0
13-05-2012 10:51:02 --- INFO: Lexus LX 470 - found: 58, pass primary filters: 38, did not pass the filter by color: 33, added: 5, new vincodes: 0
13-05-2012 10:51:50 --- INFO: Lexus LX 470 - found: 22, pass primary filters: 3, did not pass the filter by color: 2, added: 1, new vincodes: 0
13-05-2012 10:52:39 --- INFO: Toyota Land Cruiser - found: 24, pass primary filters: 19, did not pass the filter by color: 15, added: 4, new vincodes: 0
13-05-2012 10:54:18 --- INFO: Honda CR-V - found: 48, pass primary filters: 1, did not pass the filter by color: 0, added: 1, new vincodes: 0
13-05-2012 11:02:34 --- INFO: Honda CR-V - found: 220, pass primary filters: 3, did not pass the filter by color: 0, added: 3, new vincodes: 0
13-05-2012 11:04:38 --- INFO: Mitsubishi Montero 4WD Limited - found: 54, pass primary filters: 7, did not pass the filter by color: 7, added: 0, new vincodes: 0
13-05-2012 11:08:18 --- INFO: Toyota 4RUNNER 4WD V6 - found: 100, pass primary filters: 27, did not pass the filter by color: 18, added: 9, new vincodes: 0
13-05-2012 11:10:10 --- INFO: Toyota RAV 4 - found: 47, pass primary filters: 24, did not pass the filter by color: 18, added: 6, new vincodes: 0
13-05-2012 11:14:37 --- INFO: Toyota Highlander 4WD - found: 127, pass primary filters: 7, did not pass the filter by color: 3, added: 4, new vincodes: 0
13-05-2012 11:17:40 --- INFO: Toyota Highlander - found: 94, pass primary filters: 23, did not pass the filter by color: 16, added: 7, new vincodes: 0
13-05-2012 11:21:23 --- INFO: Lexus RX 350 - found: 94, pass primary filters: 20, did not pass the filter by color: 18, added: 2, new vincodes: 0
13-05-2012 11:25:02 --- INFO: Toyota 4RUNNER Limited V6 - found: 100, pass primary filters: 2, did not pass the filter by color: 2, added: 0, new vincodes: 0
13-05-2012 11:25:02 --- INFO: finish: 13-05-2012 11:25:02
13-05-2012 11:25:02 --- INFO: elapsed time: ~3301.72 sec., memory usage: ~5.31 Mb.
13-05-2012 12:20:01 --- INFO: start: 13-05-2012 12:20:01
13-05-2012 12:20:01 --- INFO: ----------Source_Adesa (cli)
13-05-2012 12:20:03 --- INFO: Authorized request
13-05-2012 12:22:56 --- INFO: Lexus RX 300 - found: 6, pass primary filters: 3, did not pass the filter by color: 3, added: 0, new vincodes: 0
13-05-2012 12:22:57 --- INFO: Lexus RX 330 - found: 9, pass primary filters: 1, did not pass the filter by color: 1, added: 0, new vincodes: 0
13-05-2012 12:22:57 --- INFO: Lexus RX 400H - found: 0, pass primary filters: 0, did not pass the filter by color: 0, added: 0, new vincodes: 0
13-05-2012 12:23:01 --- INFO: Lexus GX 470 - found: 3, pass primary filters: 2, did not pass the filter by color: 1, added: 1, new vincodes: 0
13-05-2012 12:23:08 --- INFO: Lexus GX 470 - found: 7, pass primary filters: 4, did not pass the filter by color: 3, added: 1, new vincodes: 0
13-05-2012 12:23:08 --- INFO: Lexus LX 470 - found: 0, pass primary filters: 0, did not pass the filter by color: 0, added: 0, new vincodes: 0
13-05-2012 12:23:08 --- INFO: Lexus LX 470 - found: 0, pass primary filters: 0, did not pass the filter by color: 0, added: 0, new vincodes: 0
13-05-2012 12:23:08 --- INFO: Toyota Land Cruiser - found: 0, pass primary filters: 0, did not pass the filter by color: 0, added: 0, new vincodes: 0
13-05-2012 12:23:09 --- INFO: Honda CR-V - found: 8, pass primary filters: 0, did not pass the filter by color: 0, added: 0, new vincodes: 0
13-05-2012 12:23:10 --- INFO: Honda CR-V - found: 2, pass primary filters: 1, did not pass the filter by color: 0, added: 1, new vincodes: 0
13-05-2012 12:23:10 --- INFO: Mitsubishi Montero 4WD Limited - found: 14, pass primary filters: 0, did not pass the filter by color: 0, added: 0, new vincodes: 0
13-05-2012 12:23:15 --- INFO: Toyota 4RUNNER 4WD V6 - found: 7, pass primary filters: 2, did not pass the filter by color: 1, added: 1, new vincodes: 0
13-05-2012 12:23:27 --- INFO: Toyota RAV 4 - found: 7, pass primary filters: 5, did not pass the filter by color: 5, added: 0, new vincodes: 0
13-05-2012 12:23:31 --- INFO: Toyota Highlander 4WD - found: 20, pass primary filters: 1, did not pass the filter by color: 1, added: 0, new vincodes: 0
13-05-2012 12:23:31 --- INFO: Toyota Highlander - found: 11, pass primary filters: 0, did not pass the filter by color: 0, added: 0, new vincodes: 0
13-05-2012 12:23:32 --- INFO: Lexus RX 350 - found: 0, pass primary filters: 0, did not pass the filter by color: 0, added: 0, new vincodes: 0
13-05-2012 12:23:32 --- INFO: Toyota 4RUNNER Limited V6 - found: 7, pass primary filters: 0, did not pass the filter by color: 0, added: 0, new vincodes: 0
13-05-2012 12:23:32 --- INFO: finish: 13-05-2012 12:23:32
13-05-2012 12:23:32 --- INFO: elapsed time: ~210.88 sec., memory usage: ~2.08 Mb.
13-05-2012 11:40:01 --- INFO: start: 13-05-2012 11:40:01
13-05-2012 11:40:01 --- INFO: ----------Source_Gsmotors (cli)
13-05-2012 11:43:22 --- INFO: Lexus RX 300 - found: 69, pass primary filters: 45, did not pass the filter by color: 36, added: 9, new vincodes: 0
13-05-2012 11:53:15 --- INFO: Lexus RX 330 - found: 204, pass primary filters: 92, did not pass the filter by color: 75, added: 17, new vincodes: 1
13-05-2012 11:55:23 --- INFO: Lexus RX 400H - found: 46, pass primary filters: 17, did not pass the filter by color: 15, added: 2, new vincodes: 0
13-05-2012 11:58:38 --- INFO: Lexus GX 470 - found: 70, pass primary filters: 47, did not pass the filter by color: 37, added: 10, new vincodes: 1
13-05-2012 12:06:30 --- INFO: Lexus GX 470 - found: 152, pass primary filters: 77, did not pass the filter by color: 53, added: 24, new vincodes: 1
13-05-2012 12:09:34 --- INFO: Lexus LX 470 - found: 62, pass primary filters: 40, did not pass the filter by color: 35, added: 5, new vincodes: 0
13-05-2012 12:10:23 --- INFO: Lexus LX 470 - found: 24, pass primary filters: 3, did not pass the filter by color: 2, added: 1, new vincodes: 0
13-05-2012 12:11:54 --- INFO: Toyota Land Cruiser - found: 28, pass primary filters: 21, did not pass the filter by color: 17, added: 4, new vincodes: 1
13-05-2012 12:15:35 --- INFO: Honda CR-V - found: 56, pass primary filters: 2, did not pass the filter by color: 0, added: 2, new vincodes: 0
13-05-2012 12:28:24 --- INFO: Honda CR-V - found: 239, pass primary filters: 3, did not pass the filter by color: 0, added: 3, new vincodes: 0
13-05-2012 12:31:17 --- INFO: Mitsubishi Montero 4WD Limited - found: 61, pass primary filters: 7, did not pass the filter by color: 7, added: 0, new vincodes: 0
13-05-2012 12:37:05 --- INFO: Toyota 4RUNNER 4WD V6 - found: 112, pass primary filters: 31, did not pass the filter by color: 22, added: 9, new vincodes: 1
13-05-2012 12:40:23 --- INFO: Toyota RAV 4 - found: 56, pass primary filters: 29, did not pass the filter by color: 22, added: 7, new vincodes: 2
13-05-2012 12:47:19 --- INFO: Toyota Highlander 4WD - found: 144, pass primary filters: 6, did not pass the filter by color: 2, added: 4, new vincodes: 0
13-05-2012 12:50:53 --- INFO: Toyota Highlander - found: 103, pass primary filters: 23, did not pass the filter by color: 11, added: 12, new vincodes: 0
13-05-2012 12:55:41 --- INFO: Lexus RX 350 - found: 96, pass primary filters: 20, did not pass the filter by color: 18, added: 2, new vincodes: 0
13-05-2012 12:59:29 --- INFO: Toyota 4RUNNER Limited V6 - found: 112, pass primary filters: 2, did not pass the filter by color: 2, added: 0, new vincodes: 0
13-05-2012 12:59:29 --- INFO: finish: 13-05-2012 12:59:29
13-05-2012 12:59:29 --- INFO: elapsed time: ~4768.59 sec., memory usage: ~5.64 Mb.
13-05-2012 13:20:01 --- INFO: start: 13-05-2012 13:20:01
13-05-2012 13:20:01 --- INFO: ----------Source_Adesa (cli)
13-05-2012 13:20:02 --- INFO: Authorized request
13-05-2012 13:20:04 --- INFO: Lexus RX 300 - found: 6, pass primary filters: 3, did not pass the filter by color: 3, added: 0, new vincodes: 0
13-05-2012 13:20:04 --- INFO: Lexus RX 330 - found: 9, pass primary filters: 1, did not pass the filter by color: 1, added: 0, new vincodes: 0
13-05-2012 13:20:04 --- INFO: Lexus RX 400H - found: 0, pass primary filters: 0, did not pass the filter by color: 0, added: 0, new vincodes: 0
13-05-2012 13:20:09 --- INFO: Lexus GX 470 - found: 3, pass primary filters: 2, did not pass the filter by color: 1, added: 1, new vincodes: 0
13-05-2012 13:20:17 --- INFO: Lexus GX 470 - found: 7, pass primary filters: 4, did not pass the filter by color: 3, added: 1, new vincodes: 0
13-05-2012 13:20:17 --- INFO: Lexus LX 470 - found: 0, pass primary filters: 0, did not pass the filter by color: 0, added: 0, new vincodes: 0
13-05-2012 13:20:17 --- INFO: Lexus LX 470 - found: 0, pass primary filters: 0, did not pass the filter by color: 0, added: 0, new vincodes: 0
13-05-2012 13:20:17 --- INFO: Toyota Land Cruiser - found: 0, pass primary filters: 0, did not pass the filter by color: 0, added: 0, new vincodes: 0
13-05-2012 13:20:18 --- INFO: Honda CR-V - found: 8, pass primary filters: 0, did not pass the filter by color: 0, added: 0, new vincodes: 0
13-05-2012 13:20:19 --- INFO: Honda CR-V - found: 2, pass primary filters: 1, did not pass the filter by color: 0, added: 1, new vincodes: 0
13-05-2012 13:20:19 --- INFO: Mitsubishi Montero 4WD Limited - found: 14, pass primary filters: 0, did not pass the filter by color: 0, added: 0, new vincodes: 0
13-05-2012 13:20:23 --- INFO: Toyota 4RUNNER 4WD V6 - found: 7, pass primary filters: 2, did not pass the filter by color: 1, added: 1, new vincodes: 0
13-05-2012 13:20:36 --- INFO: Toyota RAV 4 - found: 7, pass primary filters: 5, did not pass the filter by color: 5, added: 0, new vincodes: 0
13-05-2012 13:20:39 --- INFO: Toyota Highlander 4WD - found: 20, pass primary filters: 1, did not pass the filter by color: 1, added: 0, new vincodes: 0
13-05-2012 13:20:40 --- INFO: Toyota Highlander - found: 11, pass primary filters: 0, did not pass the filter by color: 0, added: 0, new vincodes: 0
13-05-2012 13:20:40 --- INFO: Lexus RX 350 - found: 0, pass primary filters: 0, did not pass the filter by color: 0, added: 0, new vincodes: 0
13-05-2012 13:20:40 --- INFO: Toyota 4RUNNER Limited V6 - found: 7, pass primary filters: 0, did not pass the filter by color: 0, added: 0, new vincodes: 0
13-05-2012 13:20:40 --- INFO: finish: 13-05-2012 13:20:40
13-05-2012 13:20:40 --- INFO: elapsed time: ~39.05 sec., memory usage: ~2.08 Mb.
13-05-2012 12:50:01 --- INFO: start: 13-05-2012 12:50:01
13-05-2012 12:50:02 --- INFO: ----------Source_Gsmotors (cli)
13-05-2012 12:52:17 --- INFO: Lexus RX 300 - found: 69, pass primary filters: 45, did not pass the filter by color: 37, added: 8, new vincodes: 0
13-05-2012 12:59:21 --- INFO: Lexus RX 330 - found: 204, pass primary filters: 92, did not pass the filter by color: 75, added: 17, new vincodes: 0
13-05-2012 13:00:56 --- INFO: Lexus RX 400H - found: 46, pass primary filters: 17, did not pass the filter by color: 15, added: 2, new vincodes: 0
13-05-2012 13:03:16 --- INFO: Lexus GX 470 - found: 70, pass primary filters: 47, did not pass the filter by color: 37, added: 10, new vincodes: 0
13-05-2012 13:08:34 --- INFO: Lexus GX 470 - found: 152, pass primary filters: 77, did not pass the filter by color: 52, added: 25, new vincodes: 0
13-05-2012 13:10:53 --- INFO: Lexus LX 470 - found: 62, pass primary filters: 40, did not pass the filter by color: 35, added: 5, new vincodes: 0
13-05-2012 13:11:42 --- INFO: Lexus LX 470 - found: 24, pass primary filters: 3, did not pass the filter by color: 2, added: 1, new vincodes: 0
13-05-2012 13:12:36 --- INFO: Toyota Land Cruiser - found: 28, pass primary filters: 21, did not pass the filter by color: 17, added: 4, new vincodes: 0
13-05-2012 13:14:38 --- INFO: Honda CR-V - found: 56, pass primary filters: 2, did not pass the filter by color: 0, added: 2, new vincodes: 0
13-05-2012 13:22:42 --- INFO: Honda CR-V - found: 239, pass primary filters: 3, did not pass the filter by color: 0, added: 3, new vincodes: 0
13-05-2012 13:24:50 --- INFO: Mitsubishi Montero 4WD Limited - found: 61, pass primary filters: 7, did not pass the filter by color: 7, added: 0, new vincodes: 0
13-05-2012 13:28:44 --- INFO: Toyota 4RUNNER 4WD V6 - found: 112, pass primary filters: 31, did not pass the filter by color: 22, added: 9, new vincodes: 0
13-05-2012 13:30:31 --- INFO: Toyota RAV 4 - found: 56, pass primary filters: 29, did not pass the filter by color: 22, added: 7, new vincodes: 0
13-05-2012 13:35:10 --- INFO: Toyota Highlander 4WD - found: 144, pass primary filters: 6, did not pass the filter by color: 2, added: 4, new vincodes: 0
13-05-2012 13:38:32 --- INFO: Toyota Highlander - found: 103, pass primary filters: 23, did not pass the filter by color: 16, added: 7, new vincodes: 0
13-05-2012 13:41:53 --- INFO: Lexus RX 350 - found: 96, pass primary filters: 20, did not pass the filter by color: 18, added: 2, new vincodes: 0
13-05-2012 13:45:50 --- INFO: Toyota 4RUNNER Limited V6 - found: 112, pass primary filters: 2, did not pass the filter by color: 2, added: 0, new vincodes: 0
13-05-2012 13:45:50 --- INFO: finish: 13-05-2012 13:45:50
13-05-2012 13:45:50 --- INFO: elapsed time: ~3348.55 sec., memory usage: ~5.55 Mb.
13-05-2012 13:50:01 --- INFO: start: 13-05-2012 13:50:01
13-05-2012 13:50:01 --- INFO: ----------Source_Gsmotors (cli)
13-05-2012 13:52:14 --- INFO: Lexus RX 300 - found: 69, pass primary filters: 45, did not pass the filter by color: 36, added: 9, new vincodes: 0
13-05-2012 13:59:24 --- INFO: Lexus RX 330 - found: 204, pass primary filters: 92, did not pass the filter by color: 75, added: 17, new vincodes: 0
13-05-2012 14:00:56 --- INFO: Lexus RX 400H - found: 46, pass primary filters: 17, did not pass the filter by color: 15, added: 2, new vincodes: 0
13-05-2012 14:03:18 --- INFO: Lexus GX 470 - found: 70, pass primary filters: 47, did not pass the filter by color: 37, added: 10, new vincodes: 0
13-05-2012 14:08:31 --- INFO: Lexus GX 470 - found: 152, pass primary filters: 77, did not pass the filter by color: 52, added: 25, new vincodes: 0
13-05-2012 14:10:39 --- INFO: Lexus LX 470 - found: 62, pass primary filters: 40, did not pass the filter by color: 35, added: 5, new vincodes: 0
13-05-2012 14:11:32 --- INFO: Lexus LX 470 - found: 24, pass primary filters: 3, did not pass the filter by color: 2, added: 1, new vincodes: 0
13-05-2012 14:12:34 --- INFO: Toyota Land Cruiser - found: 28, pass primary filters: 21, did not pass the filter by color: 17, added: 4, new vincodes: 0
13-05-2012 14:14:24 --- INFO: Honda CR-V - found: 56, pass primary filters: 2, did not pass the filter by color: 0, added: 2, new vincodes: 0
13-05-2012 14:22:36 --- INFO: Honda CR-V - found: 239, pass primary filters: 3, did not pass the filter by color: 0, added: 3, new vincodes: 0
13-05-2012 14:24:40 --- INFO: Mitsubishi Montero 4WD Limited - found: 61, pass primary filters: 7, did not pass the filter by color: 7, added: 0, new vincodes: 0
13-05-2012 14:28:26 --- INFO: Toyota 4RUNNER 4WD V6 - found: 112, pass primary filters: 31, did not pass the filter by color: 22, added: 9, new vincodes: 0
13-05-2012 14:30:11 --- INFO: Toyota RAV 4 - found: 56, pass primary filters: 29, did not pass the filter by color: 22, added: 7, new vincodes: 0
13-05-2012 14:34:48 --- INFO: Toyota Highlander 4WD - found: 144, pass primary filters: 6, did not pass the filter by color: 2, added: 4, new vincodes: 0
13-05-2012 14:38:07 --- INFO: Toyota Highlander - found: 103, pass primary filters: 23, did not pass the filter by color: 16, added: 7, new vincodes: 0
13-05-2012 14:41:33 --- INFO: Lexus RX 350 - found: 96, pass primary filters: 20, did not pass the filter by color: 18, added: 2, new vincodes: 0
13-05-2012 14:45:12 --- INFO: Toyota 4RUNNER Limited V6 - found: 112, pass primary filters: 2, did not pass the filter by color: 2, added: 0, new vincodes: 0
13-05-2012 14:45:12 --- INFO: finish: 13-05-2012 14:45:12
13-05-2012 14:45:12 --- INFO: elapsed time: ~3310.95 sec., memory usage: ~5.54 Mb.
13-05-2012 16:10:02 --- INFO: start: 13-05-2012 16:10:02
13-05-2012 16:10:02 --- INFO: ----------Source_Adesa (cli)
13-05-2012 16:10:03 --- INFO: Authorized request
13-05-2012 16:10:05 --- INFO: Lexus RX 300 - found: 6, pass primary filters: 3, did not pass the filter by color: 3, added: 0, new vincodes: 0
13-05-2012 16:10:05 --- INFO: Lexus RX 330 - found: 9, pass primary filters: 1, did not pass the filter by color: 1, added: 0, new vincodes: 0
13-05-2012 16:10:05 --- INFO: Lexus RX 400H - found: 0, pass primary filters: 0, did not pass the filter by color: 0, added: 0, new vincodes: 0
13-05-2012 16:10:10 --- INFO: Lexus GX 470 - found: 3, pass primary filters: 2, did not pass the filter by color: 1, added: 1, new vincodes: 0
13-05-2012 16:10:16 --- INFO: Lexus GX 470 - found: 7, pass primary filters: 4, did not pass the filter by color: 3, added: 1, new vincodes: 0
13-05-2012 16:10:16 --- INFO: Lexus LX 470 - found: 0, pass primary filters: 0, did not pass the filter by color: 0, added: 0, new vincodes: 0
13-05-2012 16:10:16 --- INFO: Lexus LX 470 - found: 0, pass primary filters: 0, did not pass the filter by color: 0, added: 0, new vincodes: 0
13-05-2012 16:10:17 --- INFO: Toyota Land Cruiser - found: 0, pass primary filters: 0, did not pass the filter by color: 0, added: 0, new vincodes: 0
13-05-2012 16:10:17 --- INFO: Honda CR-V - found: 8, pass primary filters: 0, did not pass the filter by color: 0, added: 0, new vincodes: 0
13-05-2012 16:10:18 --- INFO: Honda CR-V - found: 2, pass primary filters: 1, did not pass the filter by color: 0, added: 1, new vincodes: 0
13-05-2012 16:10:18 --- INFO: Mitsubishi Montero 4WD Limited - found: 14, pass primary filters: 0, did not pass the filter by color: 0, added: 0, new vincodes: 0
13-05-2012 16:10:21 --- INFO: Toyota 4RUNNER 4WD V6 - found: 7, pass primary filters: 2, did not pass the filter by color: 1, added: 1, new vincodes: 0
13-05-2012 16:10:33 --- INFO: Toyota RAV 4 - found: 7, pass primary filters: 5, did not pass the filter by color: 5, added: 0, new vincodes: 0
13-05-2012 16:10:36 --- INFO: Toyota Highlander 4WD - found: 20, pass primary filters: 1, did not pass the filter by color: 1, added: 0, new vincodes: 0
13-05-2012 16:10:37 --- INFO: Toyota Highlander - found: 11, pass primary filters: 0, did not pass the filter by color: 0, added: 0, new vincodes: 0
13-05-2012 16:10:37 --- INFO: Lexus RX 350 - found: 0, pass primary filters: 0, did not pass the filter by color: 0, added: 0, new vincodes: 0
13-05-2012 16:10:37 --- INFO: Toyota 4RUNNER Limited V6 - found: 7, pass primary filters: 0, did not pass the filter by color: 0, added: 0, new vincodes: 0
13-05-2012 16:10:37 --- INFO: finish: 13-05-2012 16:10:37
13-05-2012 16:10:37 --- INFO: elapsed time: ~35.44 sec., memory usage: ~2.08 Mb.
13-05-2012 16:40:01 --- INFO: start: 13-05-2012 16:40:01
13-05-2012 16:40:01 --- INFO: ----------Source_Gsmotors (cli)
13-05-2012 16:43:06 --- INFO: Lexus RX 300 - found: 74, pass primary filters: 47, did not pass the filter by color: 38, added: 9, new vincodes: 0
13-05-2012 16:52:40 --- INFO: Lexus RX 330 - found: 218, pass primary filters: 95, did not pass the filter by color: 78, added: 17, new vincodes: 0
13-05-2012 16:54:39 --- INFO: Lexus RX 400H - found: 47, pass primary filters: 17, did not pass the filter by color: 15, added: 2, new vincodes: 0
13-05-2012 16:57:44 --- INFO: Lexus GX 470 - found: 73, pass primary filters: 47, did not pass the filter by color: 37, added: 10, new vincodes: 0
13-05-2012 17:04:36 --- INFO: Lexus GX 470 - found: 161, pass primary filters: 78, did not pass the filter by color: 52, added: 26, new vincodes: 0
13-05-2012 17:07:28 --- INFO: Lexus LX 470 - found: 66, pass primary filters: 41, did not pass the filter by color: 36, added: 5, new vincodes: 0
13-05-2012 17:08:14 --- INFO: Lexus LX 470 - found: 25, pass primary filters: 3, did not pass the filter by color: 2, added: 1, new vincodes: 0
13-05-2012 17:09:25 --- INFO: Toyota Land Cruiser - found: 30, pass primary filters: 21, did not pass the filter by color: 17, added: 4, new vincodes: 0
13-05-2012 17:12:00 --- INFO: Honda CR-V - found: 56, pass primary filters: 2, did not pass the filter by color: 0, added: 2, new vincodes: 0
13-05-2012 17:23:44 --- INFO: Honda CR-V - found: 250, pass primary filters: 3, did not pass the filter by color: 0, added: 3, new vincodes: 0
13-05-2012 17:26:47 --- INFO: Mitsubishi Montero 4WD Limited - found: 65, pass primary filters: 8, did not pass the filter by color: 8, added: 0, new vincodes: 0
13-05-2012 17:32:21 --- INFO: Toyota 4RUNNER 4WD V6 - found: 121, pass primary filters: 32, did not pass the filter by color: 24, added: 8, new vincodes: 0
13-05-2012 17:34:51 --- INFO: Toyota RAV 4 - found: 58, pass primary filters: 29, did not pass the filter by color: 22, added: 7, new vincodes: 0
13-05-2012 17:41:19 --- INFO: Toyota Highlander 4WD - found: 148, pass primary filters: 6, did not pass the filter by color: 2, added: 4, new vincodes: 0
13-05-2012 17:44:36 --- INFO: Toyota Highlander - found: 106, pass primary filters: 23, did not pass the filter by color: 16, added: 7, new vincodes: 0
13-05-2012 17:49:38 --- INFO: Lexus RX 350 - found: 102, pass primary filters: 20, did not pass the filter by color: 18, added: 2, new vincodes: 0
13-05-2012 17:53:16 --- INFO: Toyota 4RUNNER Limited V6 - found: 121, pass primary filters: 2, did not pass the filter by color: 2, added: 0, new vincodes: 0
13-05-2012 17:53:16 --- INFO: finish: 13-05-2012 17:53:16
13-05-2012 17:53:16 --- INFO: elapsed time: ~4395.19 sec., memory usage: ~5.62 Mb.
13-05-2012 18:10:01 --- INFO: start: 13-05-2012 18:10:01
13-05-2012 18:10:01 --- INFO: ----------Source_Adesa (cli)
13-05-2012 18:10:03 --- INFO: Authorized request
13-05-2012 18:10:05 --- INFO: Lexus RX 300 - found: 6, pass primary filters: 3, did not pass the filter by color: 3, added: 0, new vincodes: 0
13-05-2012 18:10:06 --- INFO: Lexus RX 330 - found: 9, pass primary filters: 1, did not pass the filter by color: 1, added: 0, new vincodes: 0
13-05-2012 18:10:06 --- INFO: Lexus RX 400H - found: 0, pass primary filters: 0, did not pass the filter by color: 0, added: 0, new vincodes: 0
13-05-2012 18:10:10 --- INFO: Lexus GX 470 - found: 3, pass primary filters: 2, did not pass the filter by color: 1, added: 1, new vincodes: 0
13-05-2012 18:10:18 --- INFO: Lexus GX 470 - found: 7, pass primary filters: 4, did not pass the filter by color: 3, added: 1, new vincodes: 0
13-05-2012 18:10:18 --- INFO: Lexus LX 470 - found: 0, pass primary filters: 0, did not pass the filter by color: 0, added: 0, new vincodes: 0
13-05-2012 18:10:18 --- INFO: Lexus LX 470 - found: 0, pass primary filters: 0, did not pass the filter by color: 0, added: 0, new vincodes: 0
13-05-2012 18:10:18 --- INFO: Toyota Land Cruiser - found: 0, pass primary filters: 0, did not pass the filter by color: 0, added: 0, new vincodes: 0
13-05-2012 18:10:19 --- INFO: Honda CR-V - found: 8, pass primary filters: 0, did not pass the filter by color: 0, added: 0, new vincodes: 0
13-05-2012 18:10:20 --- INFO: Honda CR-V - found: 2, pass primary filters: 1, did not pass the filter by color: 0, added: 1, new vincodes: 0
13-05-2012 18:10:20 --- INFO: Mitsubishi Montero 4WD Limited - found: 14, pass primary filters: 0, did not pass the filter by color: 0, added: 0, new vincodes: 0
13-05-2012 18:10:24 --- INFO: Toyota 4RUNNER 4WD V6 - found: 7, pass primary filters: 2, did not pass the filter by color: 1, added: 1, new vincodes: 0
13-05-2012 18:10:36 --- INFO: Toyota RAV 4 - found: 7, pass primary filters: 5, did not pass the filter by color: 5, added: 0, new vincodes: 0
13-05-2012 18:10:39 --- INFO: Toyota Highlander 4WD - found: 20, pass primary filters: 1, did not pass the filter by color: 1, added: 0, new vincodes: 0
13-05-2012 18:10:40 --- INFO: Toyota Highlander - found: 11, pass primary filters: 0, did not pass the filter by color: 0, added: 0, new vincodes: 0
13-05-2012 18:10:40 --- INFO: Lexus RX 350 - found: 0, pass primary filters: 0, did not pass the filter by color: 0, added: 0, new vincodes: 0
13-05-2012 18:10:40 --- INFO: Toyota 4RUNNER Limited V6 - found: 7, pass primary filters: 0, did not pass the filter by color: 0, added: 0, new vincodes: 0
13-05-2012 18:10:40 --- INFO: finish: 13-05-2012 18:10:40
13-05-2012 18:10:40 --- INFO: elapsed time: ~39.08 sec., memory usage: ~2.08 Mb.
13-05-2012 18:40:01 --- INFO: start: 13-05-2012 18:40:01
13-05-2012 18:40:01 --- INFO: ----------Source_Gsmotors (cli)
13-05-2012 18:42:18 --- INFO: Lexus RX 300 - found: 74, pass primary filters: 47, did not pass the filter by color: 38, added: 9, new vincodes: 0
13-05-2012 18:49:12 --- INFO: Lexus RX 330 - found: 218, pass primary filters: 95, did not pass the filter by color: 77, added: 18, new vincodes: 0
13-05-2012 18:50:38 --- INFO: Lexus RX 400H - found: 47, pass primary filters: 17, did not pass the filter by color: 15, added: 2, new vincodes: 0
13-05-2012 18:52:45 --- INFO: Lexus GX 470 - found: 73, pass primary filters: 47, did not pass the filter by color: 37, added: 10, new vincodes: 0
13-05-2012 18:57:43 --- INFO: Lexus GX 470 - found: 161, pass primary filters: 78, did not pass the filter by color: 52, added: 26, new vincodes: 0
13-05-2012 19:00:02 --- INFO: Lexus LX 470 - found: 66, pass primary filters: 41, did not pass the filter by color: 36, added: 5, new vincodes: 0
13-05-2012 19:00:52 --- INFO: Lexus LX 470 - found: 25, pass primary filters: 3, did not pass the filter by color: 2, added: 1, new vincodes: 0
13-05-2012 19:01:47 --- INFO: Toyota Land Cruiser - found: 30, pass primary filters: 21, did not pass the filter by color: 17, added: 4, new vincodes: 0
13-05-2012 19:03:46 --- INFO: Honda CR-V - found: 56, pass primary filters: 2, did not pass the filter by color: 0, added: 2, new vincodes: 0
13-05-2012 19:12:23 --- INFO: Honda CR-V - found: 250, pass primary filters: 3, did not pass the filter by color: 0, added: 3, new vincodes: 0
13-05-2012 19:14:47 --- INFO: Mitsubishi Montero 4WD Limited - found: 65, pass primary filters: 8, did not pass the filter by color: 8, added: 0, new vincodes: 0
13-05-2012 19:18:46 --- INFO: Toyota 4RUNNER 4WD V6 - found: 121, pass primary filters: 32, did not pass the filter by color: 23, added: 9, new vincodes: 0
13-05-2012 19:20:48 --- INFO: Toyota RAV 4 - found: 58, pass primary filters: 29, did not pass the filter by color: 22, added: 7, new vincodes: 0
13-05-2012 19:25:51 --- INFO: Toyota Highlander 4WD - found: 148, pass primary filters: 6, did not pass the filter by color: 2, added: 4, new vincodes: 0
13-05-2012 19:29:37 --- INFO: Toyota Highlander - found: 106, pass primary filters: 23, did not pass the filter by color: 16, added: 7, new vincodes: 0
13-05-2012 19:33:32 --- INFO: Lexus RX 350 - found: 102, pass primary filters: 20, did not pass the filter by color: 18, added: 2, new vincodes: 0
13-05-2012 19:37:19 --- INFO: Toyota 4RUNNER Limited V6 - found: 121, pass primary filters: 2, did not pass the filter by color: 2, added: 0, new vincodes: 0
13-05-2012 19:37:19 --- INFO: finish: 13-05-2012 19:37:19
13-05-2012 19:37:19 --- INFO: elapsed time: ~3438.51 sec., memory usage: ~5.61 Mb.