
15-01-2012 05:10:02 --- INFO: start: 15-01-2012 05:10:02
15-01-2012 05:10:02 --- INFO: ----------Source_Adesa (cli)
15-01-2012 05:10:03 --- INFO: Authorized request
15-01-2012 05:10:04 --- INFO: finish: 15-01-2012 05:10:04
15-01-2012 05:10:04 --- INFO: elapsed time: ~2.13 sec., memory usage: ~1.56 Mb.
15-01-2012 05:40:01 --- INFO: start: 15-01-2012 05:40:01
15-01-2012 05:40:01 --- INFO: ----------Source_Gsmotors (cli)
15-01-2012 05:40:01 --- INFO: finish: 15-01-2012 05:40:01
15-01-2012 05:40:01 --- INFO: elapsed time: ~0.04 sec., memory usage: ~1.53 Mb.
15-01-2012 07:10:01 --- INFO: start: 15-01-2012 07:10:01
15-01-2012 07:10:01 --- INFO: ----------Source_Adesa (cli)
15-01-2012 07:10:03 --- INFO: Authorized request
15-01-2012 07:10:03 --- INFO: finish: 15-01-2012 07:10:03
15-01-2012 07:10:03 --- INFO: elapsed time: ~2.57 sec., memory usage: ~1.56 Mb.
15-01-2012 07:40:01 --- INFO: start: 15-01-2012 07:40:01
15-01-2012 07:40:01 --- INFO: ----------Source_Gsmotors (cli)
15-01-2012 07:40:01 --- INFO: finish: 15-01-2012 07:40:01
15-01-2012 07:40:01 --- INFO: elapsed time: ~0.03 sec., memory usage: ~1.53 Mb.
15-01-2012 08:10:01 --- INFO: start: 15-01-2012 08:10:01
15-01-2012 08:10:01 --- INFO: ----------Source_Adesa (cli)
15-01-2012 08:10:02 --- INFO: Authorized request
15-01-2012 08:10:02 --- INFO: finish: 15-01-2012 08:10:02
15-01-2012 08:10:02 --- INFO: elapsed time: ~1.22 sec., memory usage: ~1.56 Mb.
15-01-2012 08:40:01 --- INFO: start: 15-01-2012 08:40:01
15-01-2012 08:40:01 --- INFO: ----------Source_Gsmotors (cli)
15-01-2012 08:40:01 --- INFO: finish: 15-01-2012 08:40:01
15-01-2012 08:40:01 --- INFO: elapsed time: ~0.03 sec., memory usage: ~1.53 Mb.
15-01-2012 09:00:01 --- INFO: start: 15-01-2012 09:00:01
15-01-2012 09:00:01 --- INFO: ----------Source_Adesa (cli)
15-01-2012 09:00:01 --- INFO: Authorized request
15-01-2012 09:00:02 --- INFO: finish: 15-01-2012 09:00:02
15-01-2012 09:00:02 --- INFO: elapsed time: ~0.83 sec., memory usage: ~1.56 Mb.
15-01-2012 09:30:01 --- INFO: start: 15-01-2012 09:30:01
15-01-2012 09:30:01 --- INFO: ----------Source_Gsmotors (cli)
15-01-2012 09:30:01 --- INFO: finish: 15-01-2012 09:30:01
15-01-2012 09:30:01 --- INFO: elapsed time: ~0.03 sec., memory usage: ~1.53 Mb.
15-01-2012 10:10:01 --- INFO: start: 15-01-2012 10:10:01
15-01-2012 10:10:01 --- INFO: ----------Source_Adesa (cli)
15-01-2012 10:10:03 --- INFO: Authorized request
15-01-2012 10:10:03 --- INFO: finish: 15-01-2012 10:10:03
15-01-2012 10:10:03 --- INFO: elapsed time: ~2.08 sec., memory usage: ~1.56 Mb.
15-01-2012 10:40:01 --- INFO: start: 15-01-2012 10:40:01
15-01-2012 10:40:01 --- INFO: ----------Source_Gsmotors (cli)
15-01-2012 10:40:01 --- INFO: finish: 15-01-2012 10:40:01
15-01-2012 10:40:01 --- INFO: elapsed time: ~0.03 sec., memory usage: ~1.53 Mb.
15-01-2012 11:20:01 --- INFO: start: 15-01-2012 11:20:01
15-01-2012 11:20:01 --- INFO: ----------Source_Adesa (cli)
15-01-2012 11:20:03 --- INFO: Authorized request
15-01-2012 11:20:03 --- INFO: finish: 15-01-2012 11:20:03
15-01-2012 11:20:03 --- INFO: elapsed time: ~2.25 sec., memory usage: ~1.56 Mb.
15-01-2012 11:50:01 --- INFO: start: 15-01-2012 11:50:01
15-01-2012 11:50:01 --- INFO: ----------Source_Gsmotors (cli)
15-01-2012 11:50:01 --- INFO: finish: 15-01-2012 11:50:01
15-01-2012 11:50:01 --- INFO: elapsed time: ~0.03 sec., memory usage: ~1.53 Mb.
15-01-2012 12:20:01 --- INFO: start: 15-01-2012 12:20:01
15-01-2012 12:20:01 --- INFO: ----------Source_Adesa (cli)
15-01-2012 12:20:02 --- INFO: Authorized request
15-01-2012 12:20:02 --- INFO: finish: 15-01-2012 12:20:02
15-01-2012 12:20:02 --- INFO: elapsed time: ~0.98 sec., memory usage: ~1.56 Mb.
15-01-2012 12:50:01 --- INFO: start: 15-01-2012 12:50:01
15-01-2012 12:50:02 --- INFO: ----------Source_Gsmotors (cli)
15-01-2012 12:50:02 --- INFO: finish: 15-01-2012 12:50:02
15-01-2012 12:50:02 --- INFO: elapsed time: ~0.04 sec., memory usage: ~1.53 Mb.
15-01-2012 15:10:01 --- INFO: start: 15-01-2012 15:10:01
15-01-2012 15:10:01 --- INFO: ----------Source_Adesa (cli)
15-01-2012 15:10:02 --- INFO: Authorized request
15-01-2012 15:10:02 --- INFO: finish: 15-01-2012 15:10:02
15-01-2012 15:10:02 --- INFO: elapsed time: ~1.05 sec., memory usage: ~1.56 Mb.
15-01-2012 15:40:01 --- INFO: start: 15-01-2012 15:40:01
15-01-2012 15:40:01 --- INFO: ----------Source_Gsmotors (cli)
15-01-2012 15:40:01 --- INFO: finish: 15-01-2012 15:40:01
15-01-2012 15:40:01 --- INFO: elapsed time: ~0.03 sec., memory usage: ~1.53 Mb.
15-01-2012 17:10:01 --- INFO: start: 15-01-2012 17:10:01
15-01-2012 17:10:01 --- INFO: ----------Source_Adesa (cli)
15-01-2012 17:10:03 --- INFO: Authorized request
15-01-2012 17:10:03 --- INFO: finish: 15-01-2012 17:10:03
15-01-2012 17:10:03 --- INFO: elapsed time: ~2.04 sec., memory usage: ~1.56 Mb.
15-01-2012 17:40:01 --- INFO: start: 15-01-2012 17:40:01
15-01-2012 17:40:01 --- INFO: ----------Source_Gsmotors (cli)
15-01-2012 17:40:01 --- INFO: finish: 15-01-2012 17:40:01
15-01-2012 17:40:01 --- INFO: elapsed time: ~0.03 sec., memory usage: ~1.53 Mb.
15-01-2012 22:10:17 --- INFO: start: 15-01-2012 22:10:17
15-01-2012 22:10:17 --- INFO: ----------Source_Adesa (cli)
15-01-2012 22:10:18 --- INFO: Authorized request
15-01-2012 22:10:19 --- INFO: finish: 15-01-2012 22:10:19
15-01-2012 22:10:19 --- INFO: elapsed time: ~2.01 sec., memory usage: ~1.56 Mb.
15-01-2012 22:11:45 --- ERROR: Http_Exception_404 [ 404 ]: The requested URL execute/2 was not found on this server. ~ SYSPATH/classes/kohana/request/client/internal.php [ 94 ]
#0 /home/clients/boldyrek_ftp0/domains/tcl.makmalauto.com/html/cron/grabber/system/classes/kohana/request.php(964): Kohana_Request_Client_Internal->execute(Object(Request))
#1 /home/clients/boldyrek_ftp0/domains/tcl.makmalauto.com/html/cron/grabber/index.php(110): Kohana_Request->execute()
#2 {main}
15-01-2012 22:11:55 --- INFO: start: 15-01-2012 22:11:55
15-01-2012 22:11:55 --- INFO: ----------Source_Adesa (apache2handler)
15-01-2012 22:11:56 --- INFO: Authorized request
15-01-2012 22:13:06 --- INFO: start: 15-01-2012 22:13:06
15-01-2012 22:13:06 --- INFO: ----------Source_Adesa (apache2handler)
15-01-2012 22:13:06 --- INFO: Authorized request
15-01-2012 22:13:55 --- INFO: start: 15-01-2012 22:13:55
15-01-2012 22:13:55 --- INFO: ----------Source_Adesa (apache2handler)
15-01-2012 22:13:55 --- INFO: Authorized request
15-01-2012 22:14:17 --- INFO: start: 15-01-2012 22:14:17
15-01-2012 22:14:17 --- INFO: ----------Source_Adesa (apache2handler)
15-01-2012 22:14:17 --- INFO: Authorized request
15-01-2012 22:14:33 --- INFO: start: 15-01-2012 22:14:33
15-01-2012 22:14:33 --- INFO: ----------Source_Adesa (apache2handler)
15-01-2012 22:14:34 --- INFO: Authorized request
15-01-2012 22:14:59 --- INFO: start: 15-01-2012 22:14:59
15-01-2012 22:14:59 --- INFO: ----------Source_Adesa (apache2handler)
15-01-2012 22:14:59 --- INFO: Authorized request
15-01-2012 22:15:13 --- INFO: start: 15-01-2012 22:15:13
15-01-2012 22:15:13 --- INFO: ----------Source_Adesa (apache2handler)
15-01-2012 22:15:14 --- INFO: Authorized request
15-01-2012 22:15:29 --- INFO: start: 15-01-2012 22:15:29
15-01-2012 22:15:29 --- INFO: ----------Source_Adesa (apache2handler)
15-01-2012 22:15:29 --- INFO: Authorized request
15-01-2012 22:16:17 --- INFO: start: 15-01-2012 22:16:17
15-01-2012 22:16:17 --- INFO: ----------Source_Adesa (apache2handler)
15-01-2012 22:16:18 --- INFO: Authorized request
15-01-2012 22:16:27 --- INFO: start: 15-01-2012 22:16:27
15-01-2012 22:16:27 --- ERROR: ErrorException [ 4 ]: syntax error, unexpected $end ~ APPPATH/classes/source.php [ 156 ]
#0 [internal function]: Kohana_Core::shutdown_handler()
#1 {main}
15-01-2012 22:16:50 --- INFO: start: 15-01-2012 22:16:50
15-01-2012 22:16:50 --- INFO: ----------Source_Adesa (apache2handler)
15-01-2012 22:16:50 --- INFO: Authorized request
15-01-2012 22:16:53 --- INFO: start: 15-01-2012 22:16:53
15-01-2012 22:16:53 --- INFO: ----------Source_Adesa (apache2handler)
15-01-2012 22:16:54 --- INFO: Authorized request
15-01-2012 22:17:17 --- INFO: start: 15-01-2012 22:17:17
15-01-2012 22:17:17 --- INFO: ----------Source_Adesa (cli)
15-01-2012 22:17:18 --- INFO: Authorized request
15-01-2012 22:17:18 --- INFO: Lexus RX 300 - found: 1, pass primary filters: 0, did not pass the filter by color: 0, added: 0, new vincodes: 0
15-01-2012 22:18:30 --- INFO: Lexus RX 330 - found: 13, pass primary filters: 3, did not pass the filter by color: 3, added: 0, new vincodes: 1
15-01-2012 22:18:30 --- INFO: Lexus RX 400H - found: 2, pass primary filters: 0, did not pass the filter by color: 0, added: 0, new vincodes: 0
15-01-2012 22:18:40 --- INFO: Lexus GX 470 - found: 3, pass primary filters: 2, did not pass the filter by color: 1, added: 1, new vincodes: 0
15-01-2012 22:18:43 --- INFO: Lexus GX 470 - found: 2, pass primary filters: 2, did not pass the filter by color: 1, added: 1, new vincodes: 0
15-01-2012 22:18:43 --- INFO: Lexus LX 470 - found: 0, pass primary filters: 0, did not pass the filter by color: 0, added: 0, new vincodes: 0
15-01-2012 22:18:44 --- INFO: Lexus LX 470 - found: 0, pass primary filters: 0, did not pass the filter by color: 0, added: 0, new vincodes: 0
15-01-2012 22:18:44 --- INFO: Toyota Land Cruiser - found: 0, pass primary filters: 0, did not pass the filter by color: 0, added: 0, new vincodes: 0
15-01-2012 22:18:44 --- INFO: Honda CR-V - found: 5, pass primary filters: 0, did not pass the filter by color: 0, added: 0, new vincodes: 0
15-01-2012 22:18:48 --- INFO: Honda CR-V - found: 4, pass primary filters: 1, did not pass the filter by color: 0, added: 1, new vincodes: 0
15-01-2012 22:18:51 --- INFO: Mitsubishi Montero 4WD Limited - found: 12, pass primary filters: 1, did not pass the filter by color: 1, added: 0, new vincodes: 0
15-01-2012 22:18:54 --- INFO: Toyota 4RUNNER 4WD V6 - found: 6, pass primary filters: 1, did not pass the filter by color: 0, added: 1, new vincodes: 1
15-01-2012 22:20:07 --- INFO: Toyota RAV 4 - found: 4, pass primary filters: 2, did not pass the filter by color: 1, added: 1, new vincodes: 0
15-01-2012 22:20:14 --- INFO: Toyota Highlander 4WD - found: 18, pass primary filters: 1, did not pass the filter by color: 1, added: 0, new vincodes: 0
15-01-2012 22:20:31 --- INFO: Toyota Highlander - found: 18, pass primary filters: 3, did not pass the filter by color: 3, added: 0, new vincodes: 1
15-01-2012 22:20:32 --- INFO: Lexus RX 350 - found: 6, pass primary filters: 1, did not pass the filter by color: 1, added: 0, new vincodes: 1
15-01-2012 22:20:32 --- INFO: Toyota 4RUNNER Limited V6 - found: 16, pass primary filters: 0, did not pass the filter by color: 0, added: 0, new vincodes: 0
15-01-2012 22:20:32 --- INFO: finish: 15-01-2012 22:20:32
15-01-2012 22:20:32 --- INFO: elapsed time: ~194.88 sec., memory usage: ~2.12 Mb.
15-01-2012 22:28:17 --- INFO: start: 15-01-2012 22:28:17
15-01-2012 22:28:17 --- INFO: ----------Source_Gsmotors (cli)
15-01-2012 22:28:51 --- INFO: Lexus RX 300 - found: 11, pass primary filters: 7, did not pass the filter by color: 6, added: 1, new vincodes: 1
15-01-2012 22:36:49 --- INFO: Lexus RX 330 - found: 176, pass primary filters: 62, did not pass the filter by color: 53, added: 9, new vincodes: 7
15-01-2012 22:38:57 --- INFO: Lexus RX 400H - found: 40, pass primary filters: 12, did not pass the filter by color: 11, added: 1, new vincodes: 3
15-01-2012 22:43:41 --- INFO: Lexus GX 470 - found: 92, pass primary filters: 54, did not pass the filter by color: 40, added: 14, new vincodes: 6
15-01-2012 22:49:32 --- INFO: Lexus GX 470 - found: 156, pass primary filters: 47, did not pass the filter by color: 39, added: 8, new vincodes: 4
15-01-2012 22:51:52 --- INFO: Lexus LX 470 - found: 49, pass primary filters: 32, did not pass the filter by color: 30, added: 2, new vincodes: 3
15-01-2012 22:51:59 --- INFO: Lexus LX 470 - found: 8, pass primary filters: 2, did not pass the filter by color: 2, added: 0, new vincodes: 0
15-01-2012 22:52:52 --- INFO: Toyota Land Cruiser - found: 21, pass primary filters: 17, did not pass the filter by color: 15, added: 2, new vincodes: 4
15-01-2012 22:54:40 --- INFO: Honda CR-V - found: 74, pass primary filters: 3, did not pass the filter by color: 0, added: 3, new vincodes: 2
15-01-2012 23:00:13 --- INFO: Honda CR-V - found: 204, pass primary filters: 3, did not pass the filter by color: 0, added: 3, new vincodes: 1
15-01-2012 23:01:24 --- INFO: Mitsubishi Montero 4WD Limited - found: 53, pass primary filters: 10, did not pass the filter by color: 10, added: 0, new vincodes: 0
15-01-2012 23:07:01 --- INFO: Toyota 4RUNNER 4WD V6 - found: 145, pass primary filters: 20, did not pass the filter by color: 14, added: 6, new vincodes: 2
15-01-2012 23:08:45 --- INFO: Toyota RAV 4 - found: 59, pass primary filters: 21, did not pass the filter by color: 17, added: 4, new vincodes: 2
15-01-2012 23:11:53 --- INFO: Toyota Highlander 4WD - found: 128, pass primary filters: 5, did not pass the filter by color: 3, added: 2, new vincodes: 1
15-01-2012 23:13:58 --- INFO: Toyota Highlander - found: 128, pass primary filters: 19, did not pass the filter by color: 16, added: 3, new vincodes: 2
15-01-2012 23:18:23 --- INFO: Lexus RX 350 - found: 139, pass primary filters: 22, did not pass the filter by color: 22, added: 0, new vincodes: 2
15-01-2012 23:22:14 --- INFO: Toyota 4RUNNER Limited V6 - found: 220, pass primary filters: 5, did not pass the filter by color: 4, added: 1, new vincodes: 1
15-01-2012 23:22:14 --- INFO: finish: 15-01-2012 23:22:14
15-01-2012 23:22:14 --- INFO: elapsed time: ~3236.9 sec., memory usage: ~4.82 Mb.