
16-06-2012 06:10:01 --- INFO: start: 16-06-2012 06:10:01
16-06-2012 06:10:01 --- INFO: ----------Source_Adesa (cli)
16-06-2012 06:10:03 --- INFO: Authorized request
16-06-2012 06:10:14 --- INFO: Lexus RX 330 - found: 15, pass primary filters: 7, did not pass the filter by colors: 7, did not pass the filter by options: 0, added: 0, new vincodes: 0
16-06-2012 06:10:15 --- INFO: Lexus RX 400H - found: 0, pass primary filters: 0, did not pass the filter by colors: 0, did not pass the filter by options: 0, added: 0, new vincodes: 0
16-06-2012 06:10:22 --- INFO: Lexus GX 470 - found: 3, pass primary filters: 3, did not pass the filter by colors: 3, did not pass the filter by options: 0, added: 0, new vincodes: 0
16-06-2012 06:10:29 --- INFO: Lexus GX 470 - found: 3, pass primary filters: 3, did not pass the filter by colors: 3, did not pass the filter by options: 0, added: 0, new vincodes: 0
16-06-2012 06:10:30 --- INFO: Lexus LX 470 - found: 0, pass primary filters: 0, did not pass the filter by colors: 0, did not pass the filter by options: 0, added: 0, new vincodes: 0
16-06-2012 06:10:30 --- INFO: Lexus LX 470 - found: 0, pass primary filters: 0, did not pass the filter by colors: 0, did not pass the filter by options: 0, added: 0, new vincodes: 0
16-06-2012 06:10:30 --- INFO: Toyota Land Cruiser - found: 1, pass primary filters: 0, did not pass the filter by colors: 0, did not pass the filter by options: 0, added: 0, new vincodes: 0
16-06-2012 06:10:40 --- INFO: Toyota 4RUNNER 4WD V6 - found: 14, pass primary filters: 4, did not pass the filter by colors: 4, did not pass the filter by options: 0, added: 0, new vincodes: 0
16-06-2012 06:10:41 --- INFO: Toyota Highlander 4WD - found: 16, pass primary filters: 0, did not pass the filter by colors: 0, did not pass the filter by options: 0, added: 0, new vincodes: 0
16-06-2012 06:10:43 --- INFO: Toyota Highlander - found: 11, pass primary filters: 1, did not pass the filter by colors: 1, did not pass the filter by options: 0, added: 0, new vincodes: 0
16-06-2012 06:10:49 --- INFO: Lexus RX 350 - found: 4, pass primary filters: 2, did not pass the filter by colors: 2, did not pass the filter by options: 0, added: 0, new vincodes: 0
16-06-2012 06:10:50 --- INFO: Toyota 4RUNNER Limited V6 - found: 14, pass primary filters: 1, did not pass the filter by colors: 1, did not pass the filter by options: 0, added: 0, new vincodes: 0
16-06-2012 06:10:50 --- INFO: finish: 16-06-2012 06:10:50
16-06-2012 06:10:50 --- INFO: elapsed time: ~49.28 sec., memory usage: ~2.14 Mb.
16-06-2012 06:40:01 --- INFO: start: 16-06-2012 06:40:01
16-06-2012 06:40:01 --- INFO: ----------Source_Gsmotors (cli)
16-06-2012 06:40:08 --- INFO: Lexus RX 330 - found: 0, pass primary filters: 0, did not pass the filter by colors: 0, did not pass the filter by options: 0, added: 0, new vincodes: 0
16-06-2012 06:40:13 --- INFO: Lexus RX 400H - found: 0, pass primary filters: 0, did not pass the filter by colors: 0, did not pass the filter by options: 0, added: 0, new vincodes: 0
16-06-2012 06:40:18 --- INFO: Lexus GX 470 - found: 0, pass primary filters: 0, did not pass the filter by colors: 0, did not pass the filter by options: 0, added: 0, new vincodes: 0
16-06-2012 06:40:22 --- INFO: Lexus GX 470 - found: 0, pass primary filters: 0, did not pass the filter by colors: 0, did not pass the filter by options: 0, added: 0, new vincodes: 0
16-06-2012 06:40:27 --- INFO: Lexus LX 470 - found: 0, pass primary filters: 0, did not pass the filter by colors: 0, did not pass the filter by options: 0, added: 0, new vincodes: 0
16-06-2012 06:40:31 --- INFO: Lexus LX 470 - found: 0, pass primary filters: 0, did not pass the filter by colors: 0, did not pass the filter by options: 0, added: 0, new vincodes: 0
16-06-2012 06:40:36 --- INFO: Toyota Land Cruiser - found: 0, pass primary filters: 0, did not pass the filter by colors: 0, did not pass the filter by options: 0, added: 0, new vincodes: 0
16-06-2012 06:40:41 --- INFO: Toyota 4RUNNER 4WD V6 - found: 0, pass primary filters: 0, did not pass the filter by colors: 0, did not pass the filter by options: 0, added: 0, new vincodes: 0
16-06-2012 06:40:46 --- INFO: Toyota Highlander 4WD - found: 0, pass primary filters: 0, did not pass the filter by colors: 0, did not pass the filter by options: 0, added: 0, new vincodes: 0
16-06-2012 06:40:50 --- INFO: Toyota Highlander - found: 0, pass primary filters: 0, did not pass the filter by colors: 0, did not pass the filter by options: 0, added: 0, new vincodes: 0
16-06-2012 06:40:55 --- INFO: Lexus RX 350 - found: 0, pass primary filters: 0, did not pass the filter by colors: 0, did not pass the filter by options: 0, added: 0, new vincodes: 0
16-06-2012 06:41:00 --- INFO: Toyota 4RUNNER Limited V6 - found: 0, pass primary filters: 0, did not pass the filter by colors: 0, did not pass the filter by options: 0, added: 0, new vincodes: 0
16-06-2012 06:41:00 --- INFO: finish: 16-06-2012 06:41:00
16-06-2012 06:41:00 --- INFO: elapsed time: ~58.94 sec., memory usage: ~1.68 Mb.
16-06-2012 08:10:01 --- INFO: start: 16-06-2012 08:10:01
16-06-2012 08:10:01 --- INFO: ----------Source_Adesa (cli)
16-06-2012 08:10:02 --- INFO: Authorized request
16-06-2012 08:10:14 --- INFO: Lexus RX 330 - found: 15, pass primary filters: 7, did not pass the filter by colors: 7, did not pass the filter by options: 0, added: 0, new vincodes: 0
16-06-2012 08:10:14 --- INFO: Lexus RX 400H - found: 0, pass primary filters: 0, did not pass the filter by colors: 0, did not pass the filter by options: 0, added: 0, new vincodes: 0
16-06-2012 08:10:21 --- INFO: Lexus GX 470 - found: 3, pass primary filters: 3, did not pass the filter by colors: 3, did not pass the filter by options: 0, added: 0, new vincodes: 0
16-06-2012 08:10:31 --- INFO: Lexus GX 470 - found: 4, pass primary filters: 4, did not pass the filter by colors: 4, did not pass the filter by options: 0, added: 0, new vincodes: 0
16-06-2012 08:10:31 --- INFO: Lexus LX 470 - found: 0, pass primary filters: 0, did not pass the filter by colors: 0, did not pass the filter by options: 0, added: 0, new vincodes: 0
16-06-2012 08:10:31 --- INFO: Lexus LX 470 - found: 0, pass primary filters: 0, did not pass the filter by colors: 0, did not pass the filter by options: 0, added: 0, new vincodes: 0
16-06-2012 08:10:31 --- INFO: Toyota Land Cruiser - found: 1, pass primary filters: 0, did not pass the filter by colors: 0, did not pass the filter by options: 0, added: 0, new vincodes: 0
16-06-2012 08:10:41 --- INFO: Toyota 4RUNNER 4WD V6 - found: 14, pass primary filters: 4, did not pass the filter by colors: 4, did not pass the filter by options: 0, added: 0, new vincodes: 0
16-06-2012 08:10:42 --- INFO: Toyota Highlander 4WD - found: 17, pass primary filters: 0, did not pass the filter by colors: 0, did not pass the filter by options: 0, added: 0, new vincodes: 0
16-06-2012 08:10:43 --- INFO: Toyota Highlander - found: 12, pass primary filters: 1, did not pass the filter by colors: 1, did not pass the filter by options: 0, added: 0, new vincodes: 0
16-06-2012 08:10:50 --- INFO: Lexus RX 350 - found: 4, pass primary filters: 2, did not pass the filter by colors: 2, did not pass the filter by options: 0, added: 0, new vincodes: 0
16-06-2012 08:10:50 --- INFO: Toyota 4RUNNER Limited V6 - found: 14, pass primary filters: 1, did not pass the filter by colors: 1, did not pass the filter by options: 0, added: 0, new vincodes: 0
16-06-2012 08:10:50 --- INFO: finish: 16-06-2012 08:10:50
16-06-2012 08:10:50 --- INFO: elapsed time: ~48.66 sec., memory usage: ~2.14 Mb.
16-06-2012 08:26:38 --- INFO: start: 16-06-2012 08:26:38
16-06-2012 08:26:38 --- INFO: ----------Source_Megaavto (cli)
16-06-2012 08:26:38 --- INFO: finish: 16-06-2012 08:26:38
16-06-2012 08:26:38 --- INFO: elapsed time: ~0.02 sec., memory usage: ~1.56 Mb.
16-06-2012 08:27:10 --- INFO: start: 16-06-2012 08:27:10
16-06-2012 08:27:10 --- INFO: ----------Source_Adesa (cli)
16-06-2012 08:27:10 --- INFO: Authorized request
16-06-2012 08:27:21 --- INFO: Lexus RX 330 - found: 15, pass primary filters: 7, did not pass the filter by colors: 7, did not pass the filter by options: 0, added: 0, new vincodes: 0
16-06-2012 08:27:21 --- INFO: Lexus RX 400H - found: 0, pass primary filters: 0, did not pass the filter by colors: 0, did not pass the filter by options: 0, added: 0, new vincodes: 0
16-06-2012 08:27:29 --- INFO: Lexus GX 470 - found: 3, pass primary filters: 3, did not pass the filter by colors: 3, did not pass the filter by options: 0, added: 0, new vincodes: 0
16-06-2012 08:27:37 --- INFO: Lexus GX 470 - found: 4, pass primary filters: 4, did not pass the filter by colors: 4, did not pass the filter by options: 0, added: 0, new vincodes: 0
16-06-2012 08:27:37 --- INFO: Lexus LX 470 - found: 0, pass primary filters: 0, did not pass the filter by colors: 0, did not pass the filter by options: 0, added: 0, new vincodes: 0
16-06-2012 08:27:38 --- INFO: Lexus LX 470 - found: 0, pass primary filters: 0, did not pass the filter by colors: 0, did not pass the filter by options: 0, added: 0, new vincodes: 0
16-06-2012 08:27:38 --- INFO: Toyota Land Cruiser - found: 1, pass primary filters: 0, did not pass the filter by colors: 0, did not pass the filter by options: 0, added: 0, new vincodes: 0
16-06-2012 08:27:48 --- INFO: Toyota 4RUNNER 4WD V6 - found: 14, pass primary filters: 4, did not pass the filter by colors: 4, did not pass the filter by options: 0, added: 0, new vincodes: 0
16-06-2012 08:27:48 --- INFO: Toyota Highlander 4WD - found: 17, pass primary filters: 0, did not pass the filter by colors: 0, did not pass the filter by options: 0, added: 0, new vincodes: 0
16-06-2012 08:27:50 --- INFO: Toyota Highlander - found: 12, pass primary filters: 1, did not pass the filter by colors: 1, did not pass the filter by options: 0, added: 0, new vincodes: 0
16-06-2012 08:27:56 --- INFO: Lexus RX 350 - found: 4, pass primary filters: 2, did not pass the filter by colors: 2, did not pass the filter by options: 0, added: 0, new vincodes: 0
16-06-2012 08:27:57 --- INFO: Toyota 4RUNNER Limited V6 - found: 14, pass primary filters: 1, did not pass the filter by colors: 1, did not pass the filter by options: 0, added: 0, new vincodes: 0
16-06-2012 08:27:57 --- INFO: finish: 16-06-2012 08:27:57
16-06-2012 08:27:57 --- INFO: elapsed time: ~47.23 sec., memory usage: ~2.15 Mb.
16-06-2012 08:40:01 --- INFO: start: 16-06-2012 08:40:01
16-06-2012 08:40:01 --- INFO: ----------Source_Gsmotors (cli)
16-06-2012 08:40:06 --- INFO: Lexus RX 300 - found: 0, pass primary filters: 0, did not pass the filter by colors: 0, did not pass the filter by options: 0, added: 0, new vincodes: 0
16-06-2012 08:40:10 --- INFO: Lexus RX 330 - found: 0, pass primary filters: 0, did not pass the filter by colors: 0, did not pass the filter by options: 0, added: 0, new vincodes: 0
16-06-2012 08:40:15 --- INFO: Lexus RX 400H - found: 0, pass primary filters: 0, did not pass the filter by colors: 0, did not pass the filter by options: 0, added: 0, new vincodes: 0
16-06-2012 08:40:19 --- INFO: Lexus GX 470 - found: 0, pass primary filters: 0, did not pass the filter by colors: 0, did not pass the filter by options: 0, added: 0, new vincodes: 0
16-06-2012 08:40:24 --- INFO: Lexus GX 470 - found: 0, pass primary filters: 0, did not pass the filter by colors: 0, did not pass the filter by options: 0, added: 0, new vincodes: 0
16-06-2012 08:40:29 --- INFO: Lexus LX 470 - found: 0, pass primary filters: 0, did not pass the filter by colors: 0, did not pass the filter by options: 0, added: 0, new vincodes: 0
16-06-2012 08:40:34 --- INFO: Lexus LX 470 - found: 0, pass primary filters: 0, did not pass the filter by colors: 0, did not pass the filter by options: 0, added: 0, new vincodes: 0
16-06-2012 08:40:38 --- INFO: Toyota Land Cruiser - found: 0, pass primary filters: 0, did not pass the filter by colors: 0, did not pass the filter by options: 0, added: 0, new vincodes: 0
16-06-2012 08:40:43 --- INFO: Toyota 4RUNNER 4WD V6 - found: 0, pass primary filters: 0, did not pass the filter by colors: 0, did not pass the filter by options: 0, added: 0, new vincodes: 0
16-06-2012 08:40:48 --- INFO: Toyota Highlander 4WD - found: 0, pass primary filters: 0, did not pass the filter by colors: 0, did not pass the filter by options: 0, added: 0, new vincodes: 0
16-06-2012 08:40:52 --- INFO: Toyota Highlander - found: 0, pass primary filters: 0, did not pass the filter by colors: 0, did not pass the filter by options: 0, added: 0, new vincodes: 0
16-06-2012 08:40:57 --- INFO: Lexus RX 350 - found: 0, pass primary filters: 0, did not pass the filter by colors: 0, did not pass the filter by options: 0, added: 0, new vincodes: 0
16-06-2012 08:41:01 --- INFO: Toyota 4RUNNER Limited V6 - found: 0, pass primary filters: 0, did not pass the filter by colors: 0, did not pass the filter by options: 0, added: 0, new vincodes: 0
16-06-2012 08:41:01 --- INFO: finish: 16-06-2012 08:41:01
16-06-2012 08:41:01 --- INFO: elapsed time: ~60.61 sec., memory usage: ~1.69 Mb.
16-06-2012 08:46:50 --- INFO: start: 16-06-2012 08:46:50
16-06-2012 08:46:50 --- INFO: ----------Source_Megaavto (cli)
16-06-2012 08:48:59 --- INFO: start: 16-06-2012 08:48:59
16-06-2012 08:48:59 --- INFO: ----------Source_Megaavto (cli)
16-06-2012 08:50:26 --- INFO: Lexus RX 300 - found: 72, pass primary filters: 46, did not pass the filter by colors: 0, did not pass the filter by options: 0, added: 46, new vincodes: 18
16-06-2012 08:50:26 --- INFO: finish: 16-06-2012 08:50:26
16-06-2012 08:50:26 --- INFO: elapsed time: ~87.68 sec., memory usage: ~2.22 Mb.
16-06-2012 09:10:01 --- INFO: start: 16-06-2012 09:10:01
16-06-2012 09:10:01 --- INFO: ----------Source_Adesa (cli)
16-06-2012 09:10:02 --- INFO: Authorized request
16-06-2012 09:10:13 --- INFO: Lexus RX 330 - found: 15, pass primary filters: 7, did not pass the filter by colors: 7, did not pass the filter by options: 0, added: 0, new vincodes: 0
16-06-2012 09:10:14 --- INFO: Lexus RX 400H - found: 0, pass primary filters: 0, did not pass the filter by colors: 0, did not pass the filter by options: 0, added: 0, new vincodes: 0
16-06-2012 09:10:22 --- INFO: Lexus GX 470 - found: 3, pass primary filters: 3, did not pass the filter by colors: 3, did not pass the filter by options: 0, added: 0, new vincodes: 0
16-06-2012 09:10:31 --- INFO: Lexus GX 470 - found: 4, pass primary filters: 4, did not pass the filter by colors: 4, did not pass the filter by options: 0, added: 0, new vincodes: 0
16-06-2012 09:10:31 --- INFO: Lexus LX 470 - found: 0, pass primary filters: 0, did not pass the filter by colors: 0, did not pass the filter by options: 0, added: 0, new vincodes: 0
16-06-2012 09:10:31 --- INFO: Lexus LX 470 - found: 0, pass primary filters: 0, did not pass the filter by colors: 0, did not pass the filter by options: 0, added: 0, new vincodes: 0
16-06-2012 09:10:31 --- INFO: Toyota Land Cruiser - found: 1, pass primary filters: 0, did not pass the filter by colors: 0, did not pass the filter by options: 0, added: 0, new vincodes: 0
16-06-2012 09:10:41 --- INFO: Toyota 4RUNNER 4WD V6 - found: 14, pass primary filters: 4, did not pass the filter by colors: 4, did not pass the filter by options: 0, added: 0, new vincodes: 0
16-06-2012 09:10:42 --- INFO: Toyota Highlander 4WD - found: 17, pass primary filters: 0, did not pass the filter by colors: 0, did not pass the filter by options: 0, added: 0, new vincodes: 0
16-06-2012 09:10:44 --- INFO: Toyota Highlander - found: 12, pass primary filters: 1, did not pass the filter by colors: 1, did not pass the filter by options: 0, added: 0, new vincodes: 0
16-06-2012 09:10:51 --- INFO: Lexus RX 350 - found: 4, pass primary filters: 2, did not pass the filter by colors: 2, did not pass the filter by options: 0, added: 0, new vincodes: 0
16-06-2012 09:10:52 --- INFO: Toyota 4RUNNER Limited V6 - found: 14, pass primary filters: 1, did not pass the filter by colors: 1, did not pass the filter by options: 0, added: 0, new vincodes: 0
16-06-2012 09:10:52 --- INFO: finish: 16-06-2012 09:10:52
16-06-2012 09:10:52 --- INFO: elapsed time: ~50.36 sec., memory usage: ~2.15 Mb.
16-06-2012 09:40:01 --- INFO: start: 16-06-2012 09:40:01
16-06-2012 09:40:01 --- INFO: ----------Source_Gsmotors (cli)
16-06-2012 09:40:08 --- INFO: Lexus RX 330 - found: 0, pass primary filters: 0, did not pass the filter by colors: 0, did not pass the filter by options: 0, added: 0, new vincodes: 0
16-06-2012 09:40:14 --- INFO: Lexus RX 400H - found: 0, pass primary filters: 0, did not pass the filter by colors: 0, did not pass the filter by options: 0, added: 0, new vincodes: 0
16-06-2012 09:40:19 --- INFO: Lexus GX 470 - found: 0, pass primary filters: 0, did not pass the filter by colors: 0, did not pass the filter by options: 0, added: 0, new vincodes: 0
16-06-2012 09:40:23 --- INFO: Lexus GX 470 - found: 0, pass primary filters: 0, did not pass the filter by colors: 0, did not pass the filter by options: 0, added: 0, new vincodes: 0
16-06-2012 09:40:28 --- INFO: Lexus LX 470 - found: 0, pass primary filters: 0, did not pass the filter by colors: 0, did not pass the filter by options: 0, added: 0, new vincodes: 0
16-06-2012 09:40:33 --- INFO: Lexus LX 470 - found: 0, pass primary filters: 0, did not pass the filter by colors: 0, did not pass the filter by options: 0, added: 0, new vincodes: 0
16-06-2012 09:40:37 --- INFO: Toyota Land Cruiser - found: 0, pass primary filters: 0, did not pass the filter by colors: 0, did not pass the filter by options: 0, added: 0, new vincodes: 0
16-06-2012 09:40:42 --- INFO: Toyota 4RUNNER 4WD V6 - found: 0, pass primary filters: 0, did not pass the filter by colors: 0, did not pass the filter by options: 0, added: 0, new vincodes: 0
16-06-2012 09:40:47 --- INFO: Toyota Highlander 4WD - found: 0, pass primary filters: 0, did not pass the filter by colors: 0, did not pass the filter by options: 0, added: 0, new vincodes: 0
16-06-2012 09:40:51 --- INFO: Toyota Highlander - found: 0, pass primary filters: 0, did not pass the filter by colors: 0, did not pass the filter by options: 0, added: 0, new vincodes: 0
16-06-2012 09:40:56 --- INFO: Lexus RX 350 - found: 0, pass primary filters: 0, did not pass the filter by colors: 0, did not pass the filter by options: 0, added: 0, new vincodes: 0
16-06-2012 09:41:01 --- INFO: Toyota 4RUNNER Limited V6 - found: 0, pass primary filters: 0, did not pass the filter by colors: 0, did not pass the filter by options: 0, added: 0, new vincodes: 0
16-06-2012 09:41:01 --- INFO: finish: 16-06-2012 09:41:01
16-06-2012 09:41:01 --- INFO: elapsed time: ~59.55 sec., memory usage: ~1.69 Mb.
16-06-2012 10:00:01 --- INFO: start: 16-06-2012 10:00:01
16-06-2012 10:00:01 --- INFO: ----------Source_Adesa (cli)
16-06-2012 10:00:02 --- INFO: Authorized request
16-06-2012 10:00:13 --- INFO: Lexus RX 330 - found: 15, pass primary filters: 7, did not pass the filter by colors: 7, did not pass the filter by options: 0, added: 0, new vincodes: 0
16-06-2012 10:00:13 --- INFO: Lexus RX 400H - found: 0, pass primary filters: 0, did not pass the filter by colors: 0, did not pass the filter by options: 0, added: 0, new vincodes: 0
16-06-2012 10:00:21 --- INFO: Lexus GX 470 - found: 3, pass primary filters: 3, did not pass the filter by colors: 3, did not pass the filter by options: 0, added: 0, new vincodes: 0
16-06-2012 10:00:30 --- INFO: Lexus GX 470 - found: 4, pass primary filters: 4, did not pass the filter by colors: 4, did not pass the filter by options: 0, added: 0, new vincodes: 0
16-06-2012 10:00:31 --- INFO: Lexus LX 470 - found: 0, pass primary filters: 0, did not pass the filter by colors: 0, did not pass the filter by options: 0, added: 0, new vincodes: 0
16-06-2012 10:00:31 --- INFO: Lexus LX 470 - found: 0, pass primary filters: 0, did not pass the filter by colors: 0, did not pass the filter by options: 0, added: 0, new vincodes: 0
16-06-2012 10:00:31 --- INFO: Toyota Land Cruiser - found: 1, pass primary filters: 0, did not pass the filter by colors: 0, did not pass the filter by options: 0, added: 0, new vincodes: 0
16-06-2012 10:00:42 --- INFO: Toyota 4RUNNER 4WD V6 - found: 14, pass primary filters: 4, did not pass the filter by colors: 4, did not pass the filter by options: 0, added: 0, new vincodes: 0
16-06-2012 10:00:42 --- INFO: Toyota Highlander 4WD - found: 17, pass primary filters: 0, did not pass the filter by colors: 0, did not pass the filter by options: 0, added: 0, new vincodes: 0
16-06-2012 10:00:45 --- INFO: Toyota Highlander - found: 12, pass primary filters: 1, did not pass the filter by colors: 1, did not pass the filter by options: 0, added: 0, new vincodes: 0
16-06-2012 10:00:51 --- INFO: Lexus RX 350 - found: 4, pass primary filters: 2, did not pass the filter by colors: 2, did not pass the filter by options: 0, added: 0, new vincodes: 0
16-06-2012 10:00:52 --- INFO: Toyota 4RUNNER Limited V6 - found: 14, pass primary filters: 1, did not pass the filter by colors: 1, did not pass the filter by options: 0, added: 0, new vincodes: 0
16-06-2012 10:00:52 --- INFO: finish: 16-06-2012 10:00:52
16-06-2012 10:00:52 --- INFO: elapsed time: ~50.68 sec., memory usage: ~2.15 Mb.
16-06-2012 10:30:01 --- INFO: start: 16-06-2012 10:30:01
16-06-2012 10:30:01 --- INFO: ----------Source_Gsmotors (cli)
16-06-2012 10:30:07 --- INFO: Lexus RX 330 - found: 0, pass primary filters: 0, did not pass the filter by colors: 0, did not pass the filter by options: 0, added: 0, new vincodes: 0
16-06-2012 10:30:12 --- INFO: Lexus RX 400H - found: 0, pass primary filters: 0, did not pass the filter by colors: 0, did not pass the filter by options: 0, added: 0, new vincodes: 0
16-06-2012 10:30:16 --- INFO: Lexus GX 470 - found: 0, pass primary filters: 0, did not pass the filter by colors: 0, did not pass the filter by options: 0, added: 0, new vincodes: 0
16-06-2012 10:30:21 --- INFO: Lexus GX 470 - found: 0, pass primary filters: 0, did not pass the filter by colors: 0, did not pass the filter by options: 0, added: 0, new vincodes: 0
16-06-2012 10:30:26 --- INFO: Lexus LX 470 - found: 0, pass primary filters: 0, did not pass the filter by colors: 0, did not pass the filter by options: 0, added: 0, new vincodes: 0
16-06-2012 10:30:31 --- INFO: Lexus LX 470 - found: 0, pass primary filters: 0, did not pass the filter by colors: 0, did not pass the filter by options: 0, added: 0, new vincodes: 0
16-06-2012 10:30:36 --- INFO: Toyota Land Cruiser - found: 0, pass primary filters: 0, did not pass the filter by colors: 0, did not pass the filter by options: 0, added: 0, new vincodes: 0
16-06-2012 10:30:40 --- INFO: Toyota 4RUNNER 4WD V6 - found: 0, pass primary filters: 0, did not pass the filter by colors: 0, did not pass the filter by options: 0, added: 0, new vincodes: 0
16-06-2012 10:30:45 --- INFO: Toyota Highlander 4WD - found: 0, pass primary filters: 0, did not pass the filter by colors: 0, did not pass the filter by options: 0, added: 0, new vincodes: 0
16-06-2012 10:30:50 --- INFO: Toyota Highlander - found: 0, pass primary filters: 0, did not pass the filter by colors: 0, did not pass the filter by options: 0, added: 0, new vincodes: 0
16-06-2012 10:30:55 --- INFO: Lexus RX 350 - found: 0, pass primary filters: 0, did not pass the filter by colors: 0, did not pass the filter by options: 0, added: 0, new vincodes: 0
16-06-2012 10:31:00 --- INFO: Toyota 4RUNNER Limited V6 - found: 0, pass primary filters: 0, did not pass the filter by colors: 0, did not pass the filter by options: 0, added: 0, new vincodes: 0
16-06-2012 10:31:00 --- INFO: finish: 16-06-2012 10:31:00
16-06-2012 10:31:00 --- INFO: elapsed time: ~58.77 sec., memory usage: ~1.69 Mb.
16-06-2012 11:10:01 --- INFO: start: 16-06-2012 11:10:01
16-06-2012 11:10:01 --- INFO: ----------Source_Adesa (cli)
16-06-2012 11:10:02 --- INFO: Authorized request
16-06-2012 11:10:14 --- INFO: Lexus RX 330 - found: 15, pass primary filters: 7, did not pass the filter by colors: 7, did not pass the filter by options: 0, added: 0, new vincodes: 0
16-06-2012 11:10:14 --- INFO: Lexus RX 400H - found: 0, pass primary filters: 0, did not pass the filter by colors: 0, did not pass the filter by options: 0, added: 0, new vincodes: 0
16-06-2012 11:10:23 --- INFO: Lexus GX 470 - found: 3, pass primary filters: 3, did not pass the filter by colors: 3, did not pass the filter by options: 0, added: 0, new vincodes: 0
16-06-2012 11:10:32 --- INFO: Lexus GX 470 - found: 4, pass primary filters: 4, did not pass the filter by colors: 4, did not pass the filter by options: 0, added: 0, new vincodes: 0
16-06-2012 11:10:32 --- INFO: Lexus LX 470 - found: 0, pass primary filters: 0, did not pass the filter by colors: 0, did not pass the filter by options: 0, added: 0, new vincodes: 0
16-06-2012 11:10:32 --- INFO: Lexus LX 470 - found: 0, pass primary filters: 0, did not pass the filter by colors: 0, did not pass the filter by options: 0, added: 0, new vincodes: 0
16-06-2012 11:10:32 --- INFO: Toyota Land Cruiser - found: 1, pass primary filters: 0, did not pass the filter by colors: 0, did not pass the filter by options: 0, added: 0, new vincodes: 0
16-06-2012 11:10:42 --- INFO: Toyota 4RUNNER 4WD V6 - found: 14, pass primary filters: 4, did not pass the filter by colors: 4, did not pass the filter by options: 0, added: 0, new vincodes: 0
16-06-2012 11:10:43 --- INFO: Toyota Highlander 4WD - found: 17, pass primary filters: 0, did not pass the filter by colors: 0, did not pass the filter by options: 0, added: 0, new vincodes: 0
16-06-2012 11:10:44 --- INFO: Toyota Highlander - found: 12, pass primary filters: 1, did not pass the filter by colors: 1, did not pass the filter by options: 0, added: 0, new vincodes: 0
16-06-2012 11:10:51 --- INFO: Lexus RX 350 - found: 4, pass primary filters: 2, did not pass the filter by colors: 2, did not pass the filter by options: 0, added: 0, new vincodes: 0
16-06-2012 11:10:51 --- INFO: Toyota 4RUNNER Limited V6 - found: 14, pass primary filters: 1, did not pass the filter by colors: 1, did not pass the filter by options: 0, added: 0, new vincodes: 0
16-06-2012 11:10:51 --- INFO: finish: 16-06-2012 11:10:51
16-06-2012 11:10:51 --- INFO: elapsed time: ~50.48 sec., memory usage: ~2.15 Mb.
16-06-2012 11:40:01 --- INFO: start: 16-06-2012 11:40:01
16-06-2012 11:40:01 --- INFO: ----------Source_Gsmotors (cli)
16-06-2012 11:40:06 --- INFO: Lexus RX 330 - found: 0, pass primary filters: 0, did not pass the filter by colors: 0, did not pass the filter by options: 0, added: 0, new vincodes: 0
16-06-2012 11:40:11 --- INFO: Lexus RX 400H - found: 0, pass primary filters: 0, did not pass the filter by colors: 0, did not pass the filter by options: 0, added: 0, new vincodes: 0
16-06-2012 11:40:16 --- INFO: Lexus GX 470 - found: 0, pass primary filters: 0, did not pass the filter by colors: 0, did not pass the filter by options: 0, added: 0, new vincodes: 0
16-06-2012 11:40:21 --- INFO: Lexus GX 470 - found: 0, pass primary filters: 0, did not pass the filter by colors: 0, did not pass the filter by options: 0, added: 0, new vincodes: 0
16-06-2012 11:40:25 --- INFO: Lexus LX 470 - found: 0, pass primary filters: 0, did not pass the filter by colors: 0, did not pass the filter by options: 0, added: 0, new vincodes: 0
16-06-2012 11:40:30 --- INFO: Lexus LX 470 - found: 0, pass primary filters: 0, did not pass the filter by colors: 0, did not pass the filter by options: 0, added: 0, new vincodes: 0
16-06-2012 11:40:35 --- INFO: Toyota Land Cruiser - found: 0, pass primary filters: 0, did not pass the filter by colors: 0, did not pass the filter by options: 0, added: 0, new vincodes: 0
16-06-2012 11:40:39 --- INFO: Toyota 4RUNNER 4WD V6 - found: 0, pass primary filters: 0, did not pass the filter by colors: 0, did not pass the filter by options: 0, added: 0, new vincodes: 0
16-06-2012 11:40:44 --- INFO: Toyota Highlander 4WD - found: 0, pass primary filters: 0, did not pass the filter by colors: 0, did not pass the filter by options: 0, added: 0, new vincodes: 0
16-06-2012 11:40:48 --- INFO: Toyota Highlander - found: 0, pass primary filters: 0, did not pass the filter by colors: 0, did not pass the filter by options: 0, added: 0, new vincodes: 0
16-06-2012 11:40:53 --- INFO: Lexus RX 350 - found: 0, pass primary filters: 0, did not pass the filter by colors: 0, did not pass the filter by options: 0, added: 0, new vincodes: 0
16-06-2012 11:40:57 --- INFO: Toyota 4RUNNER Limited V6 - found: 0, pass primary filters: 0, did not pass the filter by colors: 0, did not pass the filter by options: 0, added: 0, new vincodes: 0
16-06-2012 11:40:57 --- INFO: finish: 16-06-2012 11:40:57
16-06-2012 11:40:57 --- INFO: elapsed time: ~56.67 sec., memory usage: ~1.69 Mb.
16-06-2012 12:20:01 --- INFO: start: 16-06-2012 12:20:01
16-06-2012 12:20:01 --- INFO: ----------Source_Adesa (cli)
16-06-2012 12:20:02 --- INFO: Authorized request
16-06-2012 12:20:14 --- INFO: Lexus RX 330 - found: 15, pass primary filters: 7, did not pass the filter by colors: 7, did not pass the filter by options: 0, added: 0, new vincodes: 0
16-06-2012 12:20:14 --- INFO: Lexus RX 400H - found: 0, pass primary filters: 0, did not pass the filter by colors: 0, did not pass the filter by options: 0, added: 0, new vincodes: 0
16-06-2012 12:20:23 --- INFO: Lexus GX 470 - found: 3, pass primary filters: 3, did not pass the filter by colors: 3, did not pass the filter by options: 0, added: 0, new vincodes: 0
16-06-2012 12:20:32 --- INFO: Lexus GX 470 - found: 4, pass primary filters: 4, did not pass the filter by colors: 4, did not pass the filter by options: 0, added: 0, new vincodes: 0
16-06-2012 12:20:32 --- INFO: Lexus LX 470 - found: 0, pass primary filters: 0, did not pass the filter by colors: 0, did not pass the filter by options: 0, added: 0, new vincodes: 0
16-06-2012 12:20:32 --- INFO: Lexus LX 470 - found: 0, pass primary filters: 0, did not pass the filter by colors: 0, did not pass the filter by options: 0, added: 0, new vincodes: 0
16-06-2012 12:20:32 --- INFO: Toyota Land Cruiser - found: 1, pass primary filters: 0, did not pass the filter by colors: 0, did not pass the filter by options: 0, added: 0, new vincodes: 0
16-06-2012 12:20:43 --- INFO: Toyota 4RUNNER 4WD V6 - found: 14, pass primary filters: 4, did not pass the filter by colors: 4, did not pass the filter by options: 0, added: 0, new vincodes: 0
16-06-2012 12:20:43 --- INFO: Toyota Highlander 4WD - found: 17, pass primary filters: 0, did not pass the filter by colors: 0, did not pass the filter by options: 0, added: 0, new vincodes: 0
16-06-2012 12:20:45 --- INFO: Toyota Highlander - found: 12, pass primary filters: 1, did not pass the filter by colors: 1, did not pass the filter by options: 0, added: 0, new vincodes: 0
16-06-2012 12:20:51 --- INFO: Lexus RX 350 - found: 4, pass primary filters: 2, did not pass the filter by colors: 2, did not pass the filter by options: 0, added: 0, new vincodes: 0
16-06-2012 12:20:52 --- INFO: Toyota 4RUNNER Limited V6 - found: 14, pass primary filters: 1, did not pass the filter by colors: 1, did not pass the filter by options: 0, added: 0, new vincodes: 0
16-06-2012 12:20:52 --- INFO: finish: 16-06-2012 12:20:52
16-06-2012 12:20:52 --- INFO: elapsed time: ~50.4 sec., memory usage: ~2.15 Mb.
16-06-2012 12:50:01 --- INFO: start: 16-06-2012 12:50:01
16-06-2012 12:50:01 --- INFO: ----------Source_Gsmotors (cli)
16-06-2012 12:50:07 --- INFO: Lexus RX 330 - found: 0, pass primary filters: 0, did not pass the filter by colors: 0, did not pass the filter by options: 0, added: 0, new vincodes: 0
16-06-2012 12:50:12 --- INFO: Lexus RX 400H - found: 0, pass primary filters: 0, did not pass the filter by colors: 0, did not pass the filter by options: 0, added: 0, new vincodes: 0
16-06-2012 12:50:16 --- INFO: Lexus GX 470 - found: 0, pass primary filters: 0, did not pass the filter by colors: 0, did not pass the filter by options: 0, added: 0, new vincodes: 0
16-06-2012 12:50:21 --- INFO: Lexus GX 470 - found: 0, pass primary filters: 0, did not pass the filter by colors: 0, did not pass the filter by options: 0, added: 0, new vincodes: 0
16-06-2012 12:50:27 --- INFO: Lexus LX 470 - found: 0, pass primary filters: 0, did not pass the filter by colors: 0, did not pass the filter by options: 0, added: 0, new vincodes: 0
16-06-2012 12:50:32 --- INFO: Lexus LX 470 - found: 0, pass primary filters: 0, did not pass the filter by colors: 0, did not pass the filter by options: 0, added: 0, new vincodes: 0
16-06-2012 12:50:36 --- INFO: Toyota Land Cruiser - found: 0, pass primary filters: 0, did not pass the filter by colors: 0, did not pass the filter by options: 0, added: 0, new vincodes: 0
16-06-2012 12:50:41 --- INFO: Toyota 4RUNNER 4WD V6 - found: 0, pass primary filters: 0, did not pass the filter by colors: 0, did not pass the filter by options: 0, added: 0, new vincodes: 0
16-06-2012 12:50:46 --- INFO: Toyota Highlander 4WD - found: 0, pass primary filters: 0, did not pass the filter by colors: 0, did not pass the filter by options: 0, added: 0, new vincodes: 0
16-06-2012 12:50:50 --- INFO: Toyota Highlander - found: 0, pass primary filters: 0, did not pass the filter by colors: 0, did not pass the filter by options: 0, added: 0, new vincodes: 0
16-06-2012 12:50:56 --- INFO: Lexus RX 350 - found: 0, pass primary filters: 0, did not pass the filter by colors: 0, did not pass the filter by options: 0, added: 0, new vincodes: 0
16-06-2012 12:51:00 --- INFO: Toyota 4RUNNER Limited V6 - found: 0, pass primary filters: 0, did not pass the filter by colors: 0, did not pass the filter by options: 0, added: 0, new vincodes: 0
16-06-2012 12:51:00 --- INFO: finish: 16-06-2012 12:51:00
16-06-2012 12:51:00 --- INFO: elapsed time: ~59.02 sec., memory usage: ~1.69 Mb.
16-06-2012 13:20:01 --- INFO: start: 16-06-2012 13:20:01
16-06-2012 13:20:01 --- INFO: ----------Source_Adesa (cli)
16-06-2012 13:20:02 --- INFO: Authorized request
16-06-2012 13:20:14 --- INFO: Lexus RX 330 - found: 17, pass primary filters: 8, did not pass the filter by colors: 8, did not pass the filter by options: 0, added: 0, new vincodes: 0
16-06-2012 13:20:14 --- INFO: Lexus RX 400H - found: 0, pass primary filters: 0, did not pass the filter by colors: 0, did not pass the filter by options: 0, added: 0, new vincodes: 0
16-06-2012 13:20:22 --- INFO: Lexus GX 470 - found: 3, pass primary filters: 3, did not pass the filter by colors: 3, did not pass the filter by options: 0, added: 0, new vincodes: 0
16-06-2012 13:20:31 --- INFO: Lexus GX 470 - found: 4, pass primary filters: 4, did not pass the filter by colors: 4, did not pass the filter by options: 0, added: 0, new vincodes: 0
16-06-2012 13:20:31 --- INFO: Lexus LX 470 - found: 0, pass primary filters: 0, did not pass the filter by colors: 0, did not pass the filter by options: 0, added: 0, new vincodes: 0
16-06-2012 13:20:31 --- INFO: Lexus LX 470 - found: 0, pass primary filters: 0, did not pass the filter by colors: 0, did not pass the filter by options: 0, added: 0, new vincodes: 0
16-06-2012 13:20:31 --- INFO: Toyota Land Cruiser - found: 1, pass primary filters: 0, did not pass the filter by colors: 0, did not pass the filter by options: 0, added: 0, new vincodes: 0
16-06-2012 13:20:41 --- INFO: Toyota 4RUNNER 4WD V6 - found: 14, pass primary filters: 4, did not pass the filter by colors: 4, did not pass the filter by options: 0, added: 0, new vincodes: 0
16-06-2012 13:20:42 --- INFO: Toyota Highlander 4WD - found: 17, pass primary filters: 0, did not pass the filter by colors: 0, did not pass the filter by options: 0, added: 0, new vincodes: 0
16-06-2012 13:20:43 --- INFO: Toyota Highlander - found: 12, pass primary filters: 1, did not pass the filter by colors: 1, did not pass the filter by options: 0, added: 0, new vincodes: 0
16-06-2012 13:20:50 --- INFO: Lexus RX 350 - found: 4, pass primary filters: 2, did not pass the filter by colors: 2, did not pass the filter by options: 0, added: 0, new vincodes: 0
16-06-2012 13:20:50 --- INFO: Toyota 4RUNNER Limited V6 - found: 14, pass primary filters: 1, did not pass the filter by colors: 1, did not pass the filter by options: 0, added: 0, new vincodes: 0
16-06-2012 13:20:50 --- INFO: finish: 16-06-2012 13:20:50
16-06-2012 13:20:50 --- INFO: elapsed time: ~48.81 sec., memory usage: ~2.16 Mb.
16-06-2012 13:50:01 --- INFO: start: 16-06-2012 13:50:01
16-06-2012 13:50:01 --- INFO: ----------Source_Gsmotors (cli)
16-06-2012 13:50:06 --- INFO: Lexus RX 330 - found: 0, pass primary filters: 0, did not pass the filter by colors: 0, did not pass the filter by options: 0, added: 0, new vincodes: 0
16-06-2012 13:50:11 --- INFO: Lexus RX 400H - found: 0, pass primary filters: 0, did not pass the filter by colors: 0, did not pass the filter by options: 0, added: 0, new vincodes: 0
16-06-2012 13:50:16 --- INFO: Lexus GX 470 - found: 0, pass primary filters: 0, did not pass the filter by colors: 0, did not pass the filter by options: 0, added: 0, new vincodes: 0
16-06-2012 13:50:20 --- INFO: Lexus GX 470 - found: 0, pass primary filters: 0, did not pass the filter by colors: 0, did not pass the filter by options: 0, added: 0, new vincodes: 0
16-06-2012 13:50:26 --- INFO: Lexus LX 470 - found: 0, pass primary filters: 0, did not pass the filter by colors: 0, did not pass the filter by options: 0, added: 0, new vincodes: 0
16-06-2012 13:50:30 --- INFO: Lexus LX 470 - found: 0, pass primary filters: 0, did not pass the filter by colors: 0, did not pass the filter by options: 0, added: 0, new vincodes: 0
16-06-2012 13:50:35 --- INFO: Toyota Land Cruiser - found: 0, pass primary filters: 0, did not pass the filter by colors: 0, did not pass the filter by options: 0, added: 0, new vincodes: 0
16-06-2012 13:50:40 --- INFO: Toyota 4RUNNER 4WD V6 - found: 0, pass primary filters: 0, did not pass the filter by colors: 0, did not pass the filter by options: 0, added: 0, new vincodes: 0
16-06-2012 13:50:44 --- INFO: Toyota Highlander 4WD - found: 0, pass primary filters: 0, did not pass the filter by colors: 0, did not pass the filter by options: 0, added: 0, new vincodes: 0
16-06-2012 13:50:49 --- INFO: Toyota Highlander - found: 0, pass primary filters: 0, did not pass the filter by colors: 0, did not pass the filter by options: 0, added: 0, new vincodes: 0
16-06-2012 13:50:53 --- INFO: Lexus RX 350 - found: 0, pass primary filters: 0, did not pass the filter by colors: 0, did not pass the filter by options: 0, added: 0, new vincodes: 0
16-06-2012 13:50:58 --- INFO: Toyota 4RUNNER Limited V6 - found: 0, pass primary filters: 0, did not pass the filter by colors: 0, did not pass the filter by options: 0, added: 0, new vincodes: 0
16-06-2012 13:50:58 --- INFO: finish: 16-06-2012 13:50:58
16-06-2012 13:50:58 --- INFO: elapsed time: ~57.26 sec., memory usage: ~1.69 Mb.
16-06-2012 16:10:01 --- INFO: start: 16-06-2012 16:10:01
16-06-2012 16:10:01 --- INFO: ----------Source_Adesa (cli)
16-06-2012 16:10:04 --- INFO: Authorized request
16-06-2012 16:10:19 --- INFO: Lexus RX 330 - found: 17, pass primary filters: 8, did not pass the filter by colors: 8, did not pass the filter by options: 0, added: 0, new vincodes: 0
16-06-2012 16:10:19 --- INFO: Lexus RX 400H - found: 0, pass primary filters: 0, did not pass the filter by colors: 0, did not pass the filter by options: 0, added: 0, new vincodes: 0
16-06-2012 16:10:27 --- INFO: Lexus GX 470 - found: 3, pass primary filters: 3, did not pass the filter by colors: 3, did not pass the filter by options: 0, added: 0, new vincodes: 0
16-06-2012 16:10:36 --- INFO: Lexus GX 470 - found: 4, pass primary filters: 4, did not pass the filter by colors: 4, did not pass the filter by options: 0, added: 0, new vincodes: 0
16-06-2012 16:10:36 --- INFO: Lexus LX 470 - found: 0, pass primary filters: 0, did not pass the filter by colors: 0, did not pass the filter by options: 0, added: 0, new vincodes: 0
16-06-2012 16:10:36 --- INFO: Lexus LX 470 - found: 0, pass primary filters: 0, did not pass the filter by colors: 0, did not pass the filter by options: 0, added: 0, new vincodes: 0
16-06-2012 16:10:36 --- INFO: Toyota Land Cruiser - found: 1, pass primary filters: 0, did not pass the filter by colors: 0, did not pass the filter by options: 0, added: 0, new vincodes: 0
16-06-2012 16:10:46 --- INFO: Toyota 4RUNNER 4WD V6 - found: 14, pass primary filters: 4, did not pass the filter by colors: 4, did not pass the filter by options: 0, added: 0, new vincodes: 0
16-06-2012 16:10:47 --- INFO: Toyota Highlander 4WD - found: 17, pass primary filters: 0, did not pass the filter by colors: 0, did not pass the filter by options: 0, added: 0, new vincodes: 0
16-06-2012 16:10:49 --- INFO: Toyota Highlander - found: 12, pass primary filters: 1, did not pass the filter by colors: 1, did not pass the filter by options: 0, added: 0, new vincodes: 0
16-06-2012 16:10:56 --- INFO: Lexus RX 350 - found: 4, pass primary filters: 2, did not pass the filter by colors: 2, did not pass the filter by options: 0, added: 0, new vincodes: 0
16-06-2012 16:10:56 --- INFO: Toyota 4RUNNER Limited V6 - found: 14, pass primary filters: 1, did not pass the filter by colors: 1, did not pass the filter by options: 0, added: 0, new vincodes: 0
16-06-2012 16:10:56 --- INFO: finish: 16-06-2012 16:10:56
16-06-2012 16:10:56 --- INFO: elapsed time: ~54.9 sec., memory usage: ~2.16 Mb.
16-06-2012 16:40:01 --- INFO: start: 16-06-2012 16:40:01
16-06-2012 16:40:01 --- INFO: ----------Source_Gsmotors (cli)
16-06-2012 16:40:06 --- INFO: Lexus RX 330 - found: 0, pass primary filters: 0, did not pass the filter by colors: 0, did not pass the filter by options: 0, added: 0, new vincodes: 0
16-06-2012 16:40:11 --- INFO: Lexus RX 400H - found: 0, pass primary filters: 0, did not pass the filter by colors: 0, did not pass the filter by options: 0, added: 0, new vincodes: 0
16-06-2012 16:40:16 --- INFO: Lexus GX 470 - found: 0, pass primary filters: 0, did not pass the filter by colors: 0, did not pass the filter by options: 0, added: 0, new vincodes: 0
16-06-2012 16:40:20 --- INFO: Lexus GX 470 - found: 0, pass primary filters: 0, did not pass the filter by colors: 0, did not pass the filter by options: 0, added: 0, new vincodes: 0
16-06-2012 16:40:25 --- INFO: Lexus LX 470 - found: 0, pass primary filters: 0, did not pass the filter by colors: 0, did not pass the filter by options: 0, added: 0, new vincodes: 0
16-06-2012 16:40:29 --- INFO: Lexus LX 470 - found: 0, pass primary filters: 0, did not pass the filter by colors: 0, did not pass the filter by options: 0, added: 0, new vincodes: 0
16-06-2012 16:40:34 --- INFO: Toyota Land Cruiser - found: 0, pass primary filters: 0, did not pass the filter by colors: 0, did not pass the filter by options: 0, added: 0, new vincodes: 0
16-06-2012 16:40:39 --- INFO: Toyota 4RUNNER 4WD V6 - found: 0, pass primary filters: 0, did not pass the filter by colors: 0, did not pass the filter by options: 0, added: 0, new vincodes: 0
16-06-2012 16:40:43 --- INFO: Toyota Highlander 4WD - found: 0, pass primary filters: 0, did not pass the filter by colors: 0, did not pass the filter by options: 0, added: 0, new vincodes: 0
16-06-2012 16:40:48 --- INFO: Toyota Highlander - found: 0, pass primary filters: 0, did not pass the filter by colors: 0, did not pass the filter by options: 0, added: 0, new vincodes: 0
16-06-2012 16:40:52 --- INFO: Lexus RX 350 - found: 0, pass primary filters: 0, did not pass the filter by colors: 0, did not pass the filter by options: 0, added: 0, new vincodes: 0
16-06-2012 16:40:57 --- INFO: Toyota 4RUNNER Limited V6 - found: 0, pass primary filters: 0, did not pass the filter by colors: 0, did not pass the filter by options: 0, added: 0, new vincodes: 0
16-06-2012 16:40:57 --- INFO: finish: 16-06-2012 16:40:57
16-06-2012 16:40:57 --- INFO: elapsed time: ~56.51 sec., memory usage: ~1.69 Mb.
16-06-2012 18:10:01 --- INFO: start: 16-06-2012 18:10:01
16-06-2012 18:10:01 --- INFO: ----------Source_Adesa (cli)
16-06-2012 18:10:02 --- INFO: Authorized request
16-06-2012 18:10:16 --- INFO: Lexus RX 330 - found: 17, pass primary filters: 8, did not pass the filter by colors: 8, did not pass the filter by options: 0, added: 0, new vincodes: 0
16-06-2012 18:10:16 --- INFO: Lexus RX 400H - found: 0, pass primary filters: 0, did not pass the filter by colors: 0, did not pass the filter by options: 0, added: 0, new vincodes: 0
16-06-2012 18:10:24 --- INFO: Lexus GX 470 - found: 3, pass primary filters: 3, did not pass the filter by colors: 3, did not pass the filter by options: 0, added: 0, new vincodes: 0
16-06-2012 18:10:33 --- INFO: Lexus GX 470 - found: 4, pass primary filters: 4, did not pass the filter by colors: 4, did not pass the filter by options: 0, added: 0, new vincodes: 0
16-06-2012 18:10:33 --- INFO: Lexus LX 470 - found: 0, pass primary filters: 0, did not pass the filter by colors: 0, did not pass the filter by options: 0, added: 0, new vincodes: 0
16-06-2012 18:10:33 --- INFO: Lexus LX 470 - found: 0, pass primary filters: 0, did not pass the filter by colors: 0, did not pass the filter by options: 0, added: 0, new vincodes: 0
16-06-2012 18:10:33 --- INFO: Toyota Land Cruiser - found: 1, pass primary filters: 0, did not pass the filter by colors: 0, did not pass the filter by options: 0, added: 0, new vincodes: 0
16-06-2012 18:12:51 --- INFO: Toyota 4RUNNER 4WD V6 - found: 14, pass primary filters: 4, did not pass the filter by colors: 4, did not pass the filter by options: 0, added: 0, new vincodes: 0
16-06-2012 18:12:52 --- INFO: Toyota Highlander 4WD - found: 17, pass primary filters: 0, did not pass the filter by colors: 0, did not pass the filter by options: 0, added: 0, new vincodes: 0
16-06-2012 18:12:54 --- INFO: Toyota Highlander - found: 12, pass primary filters: 1, did not pass the filter by colors: 1, did not pass the filter by options: 0, added: 0, new vincodes: 0
16-06-2012 18:13:00 --- INFO: Lexus RX 350 - found: 4, pass primary filters: 2, did not pass the filter by colors: 2, did not pass the filter by options: 0, added: 0, new vincodes: 0
16-06-2012 18:13:01 --- INFO: Toyota 4RUNNER Limited V6 - found: 14, pass primary filters: 1, did not pass the filter by colors: 1, did not pass the filter by options: 0, added: 0, new vincodes: 0
16-06-2012 18:13:01 --- INFO: finish: 16-06-2012 18:13:01
16-06-2012 18:13:01 --- INFO: elapsed time: ~179.74 sec., memory usage: ~2.16 Mb.
16-06-2012 18:40:01 --- INFO: start: 16-06-2012 18:40:01
16-06-2012 18:40:01 --- INFO: ----------Source_Gsmotors (cli)
16-06-2012 18:40:06 --- INFO: Lexus RX 330 - found: 0, pass primary filters: 0, did not pass the filter by colors: 0, did not pass the filter by options: 0, added: 0, new vincodes: 0
16-06-2012 18:40:11 --- INFO: Lexus RX 400H - found: 0, pass primary filters: 0, did not pass the filter by colors: 0, did not pass the filter by options: 0, added: 0, new vincodes: 0
16-06-2012 18:40:15 --- INFO: Lexus GX 470 - found: 0, pass primary filters: 0, did not pass the filter by colors: 0, did not pass the filter by options: 0, added: 0, new vincodes: 0
16-06-2012 18:40:20 --- INFO: Lexus GX 470 - found: 0, pass primary filters: 0, did not pass the filter by colors: 0, did not pass the filter by options: 0, added: 0, new vincodes: 0
16-06-2012 18:40:24 --- INFO: Lexus LX 470 - found: 0, pass primary filters: 0, did not pass the filter by colors: 0, did not pass the filter by options: 0, added: 0, new vincodes: 0
16-06-2012 18:40:29 --- INFO: Lexus LX 470 - found: 0, pass primary filters: 0, did not pass the filter by colors: 0, did not pass the filter by options: 0, added: 0, new vincodes: 0
16-06-2012 18:40:34 --- INFO: Toyota Land Cruiser - found: 0, pass primary filters: 0, did not pass the filter by colors: 0, did not pass the filter by options: 0, added: 0, new vincodes: 0
16-06-2012 18:40:38 --- INFO: Toyota 4RUNNER 4WD V6 - found: 0, pass primary filters: 0, did not pass the filter by colors: 0, did not pass the filter by options: 0, added: 0, new vincodes: 0
16-06-2012 18:40:43 --- INFO: Toyota Highlander 4WD - found: 0, pass primary filters: 0, did not pass the filter by colors: 0, did not pass the filter by options: 0, added: 0, new vincodes: 0
16-06-2012 18:40:47 --- INFO: Toyota Highlander - found: 0, pass primary filters: 0, did not pass the filter by colors: 0, did not pass the filter by options: 0, added: 0, new vincodes: 0
16-06-2012 18:40:52 --- INFO: Lexus RX 350 - found: 0, pass primary filters: 0, did not pass the filter by colors: 0, did not pass the filter by options: 0, added: 0, new vincodes: 0
16-06-2012 18:40:56 --- INFO: Toyota 4RUNNER Limited V6 - found: 0, pass primary filters: 0, did not pass the filter by colors: 0, did not pass the filter by options: 0, added: 0, new vincodes: 0
16-06-2012 18:40:56 --- INFO: finish: 16-06-2012 18:40:56
16-06-2012 18:40:56 --- INFO: elapsed time: ~55.74 sec., memory usage: ~1.69 Mb.