
16-03-2012 06:10:01 --- INFO: start: 16-03-2012 06:10:01
16-03-2012 06:10:01 --- INFO: ----------Source_Adesa (cli)
16-03-2012 06:10:03 --- INFO: Authorized request
16-03-2012 06:10:20 --- INFO: Lexus RX 300 - found: 12, pass primary filters: 9, did not pass the filter by color: 9, added: 0, new vincodes: 1
16-03-2012 06:10:46 --- INFO: Lexus RX 330 - found: 18, pass primary filters: 6, did not pass the filter by color: 6, added: 0, new vincodes: 0
16-03-2012 06:10:46 --- INFO: Lexus RX 400H - found: 0, pass primary filters: 0, did not pass the filter by color: 0, added: 0, new vincodes: 0
16-03-2012 06:10:47 --- INFO: Lexus GX 470 - found: 1, pass primary filters: 1, did not pass the filter by color: 1, added: 0, new vincodes: 0
16-03-2012 06:10:58 --- INFO: Lexus GX 470 - found: 6, pass primary filters: 4, did not pass the filter by color: 2, added: 2, new vincodes: 0
16-03-2012 06:11:08 --- INFO: Lexus LX 470 - found: 3, pass primary filters: 3, did not pass the filter by color: 3, added: 0, new vincodes: 0
16-03-2012 06:11:12 --- INFO: Lexus LX 470 - found: 1, pass primary filters: 1, did not pass the filter by color: 1, added: 0, new vincodes: 0
16-03-2012 06:11:12 --- INFO: Toyota Land Cruiser - found: 0, pass primary filters: 0, did not pass the filter by color: 0, added: 0, new vincodes: 0
16-03-2012 06:11:12 --- INFO: Honda CR-V - found: 10, pass primary filters: 0, did not pass the filter by color: 0, added: 0, new vincodes: 0
16-03-2012 06:11:14 --- INFO: Honda CR-V - found: 2, pass primary filters: 1, did not pass the filter by color: 0, added: 1, new vincodes: 0
16-03-2012 06:11:19 --- INFO: Mitsubishi Montero 4WD Limited - found: 15, pass primary filters: 2, did not pass the filter by color: 2, added: 0, new vincodes: 0
16-03-2012 06:11:24 --- INFO: Toyota 4RUNNER 4WD V6 - found: 14, pass primary filters: 2, did not pass the filter by color: 2, added: 0, new vincodes: 0
16-03-2012 06:11:34 --- INFO: Toyota RAV 4 - found: 10, pass primary filters: 4, did not pass the filter by color: 4, added: 0, new vincodes: 0
16-03-2012 06:11:38 --- INFO: Toyota Highlander 4WD - found: 24, pass primary filters: 1, did not pass the filter by color: 0, added: 1, new vincodes: 0
16-03-2012 06:11:41 --- INFO: Toyota Highlander - found: 11, pass primary filters: 1, did not pass the filter by color: 1, added: 0, new vincodes: 0
16-03-2012 06:11:46 --- INFO: Lexus RX 350 - found: 3, pass primary filters: 2, did not pass the filter by color: 2, added: 0, new vincodes: 0
16-03-2012 06:11:46 --- INFO: Toyota 4RUNNER Limited V6 - found: 14, pass primary filters: 0, did not pass the filter by color: 0, added: 0, new vincodes: 0
16-03-2012 06:11:46 --- INFO: finish: 16-03-2012 06:11:46
16-03-2012 06:11:46 --- INFO: elapsed time: ~105.18 sec., memory usage: ~2.29 Mb.
16-03-2012 06:40:01 --- INFO: start: 16-03-2012 06:40:01
16-03-2012 06:40:01 --- INFO: ----------Source_Gsmotors (cli)
16-03-2012 06:43:50 --- INFO: Lexus RX 300 - found: 47, pass primary filters: 27, did not pass the filter by color: 23, added: 4, new vincodes: 0
16-03-2012 06:59:42 --- INFO: Lexus RX 330 - found: 157, pass primary filters: 68, did not pass the filter by color: 58, added: 10, new vincodes: 0
16-03-2012 07:01:34 --- INFO: Lexus RX 400H - found: 36, pass primary filters: 7, did not pass the filter by color: 7, added: 0, new vincodes: 0
16-03-2012 07:05:04 --- INFO: Lexus GX 470 - found: 66, pass primary filters: 46, did not pass the filter by color: 36, added: 10, new vincodes: 0
16-03-2012 07:11:03 --- INFO: Lexus GX 470 - found: 121, pass primary filters: 56, did not pass the filter by color: 45, added: 11, new vincodes: 0
16-03-2012 07:13:23 --- INFO: Lexus LX 470 - found: 48, pass primary filters: 35, did not pass the filter by color: 29, added: 6, new vincodes: 0
16-03-2012 07:14:05 --- INFO: Lexus LX 470 - found: 19, pass primary filters: 2, did not pass the filter by color: 2, added: 0, new vincodes: 0
16-03-2012 07:15:09 --- INFO: Toyota Land Cruiser - found: 21, pass primary filters: 18, did not pass the filter by color: 15, added: 3, new vincodes: 0
16-03-2012 07:17:58 --- INFO: Honda CR-V - found: 61, pass primary filters: 1, did not pass the filter by color: 0, added: 1, new vincodes: 0
16-03-2012 07:26:15 --- INFO: Honda CR-V - found: 139, pass primary filters: 3, did not pass the filter by color: 0, added: 3, new vincodes: 1
16-03-2012 07:28:07 --- INFO: Mitsubishi Montero 4WD Limited - found: 32, pass primary filters: 9, did not pass the filter by color: 9, added: 0, new vincodes: 1
16-03-2012 07:32:51 --- INFO: Toyota 4RUNNER 4WD V6 - found: 89, pass primary filters: 16, did not pass the filter by color: 11, added: 5, new vincodes: 0
16-03-2012 07:35:39 --- INFO: Toyota RAV 4 - found: 58, pass primary filters: 28, did not pass the filter by color: 21, added: 7, new vincodes: 0
16-03-2012 07:39:49 --- INFO: Toyota Highlander 4WD - found: 97, pass primary filters: 1, did not pass the filter by color: 1, added: 0, new vincodes: 0
16-03-2012 07:41:53 --- INFO: Toyota Highlander - found: 56, pass primary filters: 15, did not pass the filter by color: 8, added: 7, new vincodes: 0
16-03-2012 07:45:54 --- INFO: Lexus RX 350 - found: 83, pass primary filters: 14, did not pass the filter by color: 14, added: 0, new vincodes: 1
16-03-2012 07:49:06 --- INFO: Toyota 4RUNNER Limited V6 - found: 89, pass primary filters: 2, did not pass the filter by color: 2, added: 0, new vincodes: 0
16-03-2012 07:49:06 --- INFO: finish: 16-03-2012 07:49:06
16-03-2012 07:49:06 --- INFO: elapsed time: ~4145.45 sec., memory usage: ~4.72 Mb.
16-03-2012 08:10:01 --- INFO: start: 16-03-2012 08:10:01
16-03-2012 08:10:01 --- INFO: ----------Source_Adesa (cli)
16-03-2012 08:10:03 --- INFO: Authorized request
16-03-2012 08:10:21 --- INFO: Lexus RX 300 - found: 13, pass primary filters: 9, did not pass the filter by color: 9, added: 0, new vincodes: 0
16-03-2012 08:11:09 --- INFO: Lexus RX 330 - found: 19, pass primary filters: 9, did not pass the filter by color: 8, added: 1, new vincodes: 3
16-03-2012 08:11:10 --- INFO: Lexus RX 400H - found: 1, pass primary filters: 1, did not pass the filter by color: 1, added: 0, new vincodes: 0
16-03-2012 08:11:11 --- INFO: Lexus GX 470 - found: 2, pass primary filters: 1, did not pass the filter by color: 1, added: 0, new vincodes: 0
16-03-2012 08:11:38 --- INFO: Lexus GX 470 - found: 6, pass primary filters: 5, did not pass the filter by color: 3, added: 2, new vincodes: 1
16-03-2012 08:11:48 --- INFO: Lexus LX 470 - found: 3, pass primary filters: 3, did not pass the filter by color: 3, added: 0, new vincodes: 0
16-03-2012 08:11:52 --- INFO: Lexus LX 470 - found: 1, pass primary filters: 1, did not pass the filter by color: 1, added: 0, new vincodes: 0
16-03-2012 08:11:52 --- INFO: Toyota Land Cruiser - found: 0, pass primary filters: 0, did not pass the filter by color: 0, added: 0, new vincodes: 0
16-03-2012 08:11:52 --- INFO: Honda CR-V - found: 10, pass primary filters: 0, did not pass the filter by color: 0, added: 0, new vincodes: 0
16-03-2012 08:11:53 --- INFO: Honda CR-V - found: 2, pass primary filters: 1, did not pass the filter by color: 0, added: 1, new vincodes: 0
16-03-2012 08:11:58 --- INFO: Mitsubishi Montero 4WD Limited - found: 16, pass primary filters: 2, did not pass the filter by color: 2, added: 0, new vincodes: 0
16-03-2012 08:12:03 --- INFO: Toyota 4RUNNER 4WD V6 - found: 14, pass primary filters: 2, did not pass the filter by color: 2, added: 0, new vincodes: 0
16-03-2012 08:12:18 --- INFO: Toyota RAV 4 - found: 11, pass primary filters: 5, did not pass the filter by color: 5, added: 0, new vincodes: 1
16-03-2012 08:12:32 --- INFO: Toyota Highlander 4WD - found: 26, pass primary filters: 2, did not pass the filter by color: 1, added: 1, new vincodes: 1
16-03-2012 08:12:35 --- INFO: Toyota Highlander - found: 13, pass primary filters: 1, did not pass the filter by color: 1, added: 0, new vincodes: 0
16-03-2012 08:12:40 --- INFO: Lexus RX 350 - found: 3, pass primary filters: 2, did not pass the filter by color: 2, added: 0, new vincodes: 0
16-03-2012 08:12:40 --- INFO: Toyota 4RUNNER Limited V6 - found: 14, pass primary filters: 0, did not pass the filter by color: 0, added: 0, new vincodes: 0
16-03-2012 08:12:40 --- INFO: finish: 16-03-2012 08:12:40
16-03-2012 08:12:40 --- INFO: elapsed time: ~159.35 sec., memory usage: ~2.37 Mb.
16-03-2012 09:10:01 --- INFO: start: 16-03-2012 09:10:01
16-03-2012 09:10:01 --- INFO: ----------Source_Adesa (cli)
16-03-2012 09:10:02 --- INFO: Authorized request
16-03-2012 09:10:20 --- INFO: Lexus RX 300 - found: 13, pass primary filters: 9, did not pass the filter by color: 9, added: 0, new vincodes: 0
16-03-2012 09:10:50 --- INFO: Lexus RX 330 - found: 20, pass primary filters: 10, did not pass the filter by color: 9, added: 1, new vincodes: 1
16-03-2012 09:10:51 --- INFO: Lexus RX 400H - found: 1, pass primary filters: 1, did not pass the filter by color: 1, added: 0, new vincodes: 0
16-03-2012 09:10:52 --- INFO: Lexus GX 470 - found: 2, pass primary filters: 1, did not pass the filter by color: 1, added: 0, new vincodes: 0
16-03-2012 09:11:08 --- INFO: Lexus GX 470 - found: 6, pass primary filters: 5, did not pass the filter by color: 3, added: 2, new vincodes: 0
16-03-2012 09:11:18 --- INFO: Lexus LX 470 - found: 4, pass primary filters: 3, did not pass the filter by color: 3, added: 0, new vincodes: 0
16-03-2012 09:11:22 --- INFO: Lexus LX 470 - found: 1, pass primary filters: 1, did not pass the filter by color: 1, added: 0, new vincodes: 0
16-03-2012 09:11:22 --- INFO: Toyota Land Cruiser - found: 0, pass primary filters: 0, did not pass the filter by color: 0, added: 0, new vincodes: 0
16-03-2012 09:11:22 --- INFO: Honda CR-V - found: 10, pass primary filters: 0, did not pass the filter by color: 0, added: 0, new vincodes: 0
16-03-2012 09:11:23 --- INFO: Honda CR-V - found: 2, pass primary filters: 1, did not pass the filter by color: 0, added: 1, new vincodes: 0
16-03-2012 09:11:28 --- INFO: Mitsubishi Montero 4WD Limited - found: 16, pass primary filters: 2, did not pass the filter by color: 2, added: 0, new vincodes: 0
16-03-2012 09:11:33 --- INFO: Toyota 4RUNNER 4WD V6 - found: 14, pass primary filters: 2, did not pass the filter by color: 2, added: 0, new vincodes: 0
16-03-2012 09:11:46 --- INFO: Toyota RAV 4 - found: 11, pass primary filters: 5, did not pass the filter by color: 5, added: 0, new vincodes: 0
16-03-2012 09:11:53 --- INFO: Toyota Highlander 4WD - found: 27, pass primary filters: 2, did not pass the filter by color: 1, added: 1, new vincodes: 0
16-03-2012 09:11:56 --- INFO: Toyota Highlander - found: 13, pass primary filters: 1, did not pass the filter by color: 1, added: 0, new vincodes: 0
16-03-2012 09:12:01 --- INFO: Lexus RX 350 - found: 3, pass primary filters: 2, did not pass the filter by color: 2, added: 0, new vincodes: 0
16-03-2012 09:12:01 --- INFO: Toyota 4RUNNER Limited V6 - found: 14, pass primary filters: 0, did not pass the filter by color: 0, added: 0, new vincodes: 0
16-03-2012 09:12:01 --- INFO: finish: 16-03-2012 09:12:01
16-03-2012 09:12:01 --- INFO: elapsed time: ~119.9 sec., memory usage: ~2.35 Mb.
16-03-2012 08:40:01 --- INFO: start: 16-03-2012 08:40:01
16-03-2012 08:40:01 --- INFO: ----------Source_Gsmotors (cli)
16-03-2012 08:41:51 --- INFO: Lexus RX 300 - found: 47, pass primary filters: 27, did not pass the filter by color: 23, added: 4, new vincodes: 0
16-03-2012 08:48:11 --- INFO: Lexus RX 330 - found: 157, pass primary filters: 68, did not pass the filter by color: 58, added: 10, new vincodes: 0
16-03-2012 08:49:33 --- INFO: Lexus RX 400H - found: 36, pass primary filters: 7, did not pass the filter by color: 7, added: 0, new vincodes: 0
16-03-2012 08:51:48 --- INFO: Lexus GX 470 - found: 66, pass primary filters: 46, did not pass the filter by color: 36, added: 10, new vincodes: 0
16-03-2012 08:56:04 --- INFO: Lexus GX 470 - found: 121, pass primary filters: 56, did not pass the filter by color: 45, added: 11, new vincodes: 0
16-03-2012 08:57:40 --- INFO: Lexus LX 470 - found: 48, pass primary filters: 35, did not pass the filter by color: 29, added: 6, new vincodes: 0
16-03-2012 08:58:20 --- INFO: Lexus LX 470 - found: 19, pass primary filters: 2, did not pass the filter by color: 2, added: 0, new vincodes: 0
16-03-2012 08:59:13 --- INFO: Toyota Land Cruiser - found: 21, pass primary filters: 18, did not pass the filter by color: 15, added: 3, new vincodes: 0
16-03-2012 09:01:19 --- INFO: Honda CR-V - found: 61, pass primary filters: 1, did not pass the filter by color: 0, added: 1, new vincodes: 0
16-03-2012 09:06:39 --- INFO: Honda CR-V - found: 139, pass primary filters: 3, did not pass the filter by color: 0, added: 3, new vincodes: 0
16-03-2012 09:08:01 --- INFO: Mitsubishi Montero 4WD Limited - found: 32, pass primary filters: 9, did not pass the filter by color: 9, added: 0, new vincodes: 0
16-03-2012 09:11:19 --- INFO: Toyota 4RUNNER 4WD V6 - found: 89, pass primary filters: 16, did not pass the filter by color: 11, added: 5, new vincodes: 0
16-03-2012 09:13:13 --- INFO: Toyota RAV 4 - found: 58, pass primary filters: 28, did not pass the filter by color: 21, added: 7, new vincodes: 0
16-03-2012 09:16:25 --- INFO: Toyota Highlander 4WD - found: 97, pass primary filters: 1, did not pass the filter by color: 1, added: 0, new vincodes: 0
16-03-2012 09:18:22 --- INFO: Toyota Highlander - found: 56, pass primary filters: 15, did not pass the filter by color: 8, added: 7, new vincodes: 0
16-03-2012 09:21:13 --- INFO: Lexus RX 350 - found: 83, pass primary filters: 14, did not pass the filter by color: 14, added: 0, new vincodes: 0
16-03-2012 09:24:24 --- INFO: Toyota 4RUNNER Limited V6 - found: 89, pass primary filters: 2, did not pass the filter by color: 2, added: 0, new vincodes: 0
16-03-2012 09:24:24 --- INFO: finish: 16-03-2012 09:24:24
16-03-2012 09:24:24 --- INFO: elapsed time: ~2663.14 sec., memory usage: ~4.61 Mb.
16-03-2012 10:00:01 --- INFO: start: 16-03-2012 10:00:01
16-03-2012 10:00:01 --- INFO: ----------Source_Adesa (cli)
16-03-2012 10:00:01 --- INFO: Authorized request
16-03-2012 10:00:20 --- INFO: Lexus RX 300 - found: 13, pass primary filters: 9, did not pass the filter by color: 9, added: 0, new vincodes: 0
16-03-2012 10:00:58 --- ERROR: ErrorException [ 8 ]: Undefined offset: 1 ~ APPPATH/classes/vincode.php [ 39 ]
#0 /home/clients/boldyrek_ftp0/domains/tcl.makmalauto.com/html/cron/grabber/application/1.1.0/classes/vincode.php(39): Kohana_Core::error_handler(8, 'Undefined offse...', '/home/clients/b...', 39, Array)
#1 /home/clients/boldyrek_ftp0/domains/tcl.makmalauto.com/html/cron/grabber/application/1.1.0/classes/vincode/lexuspartsnow.php(15): Vincode->_parse_response(Object(Remote))
#2 /home/clients/boldyrek_ftp0/domains/tcl.makmalauto.com/html/cron/grabber/application/1.1.0/classes/source.php(166): Vincode_Lexuspartsnow->get('2T2HA31U14C0027...', 'Lexus')
#3 /home/clients/boldyrek_ftp0/domains/tcl.makmalauto.com/html/cron/grabber/application/1.1.0/classes/source/adesa.php(104): Source->_cache('2T2HA31U14C0027...', 'Lexus', 2, true)
#4 /home/clients/boldyrek_ftp0/domains/tcl.makmalauto.com/html/cron/grabber/application/1.1.0/classes/source.php(48): Source_Adesa->execute()
#5 /home/clients/boldyrek_ftp0/domains/tcl.makmalauto.com/html/cron/grabber/application/1.1.0/classes/controller/home.php(35): Source->run()
#6 [internal function]: Controller_Home->action_execute('2', 'home/execute/2', Object(Route))
#7 /home/clients/boldyrek_ftp0/domains/tcl.makmalauto.com/html/cron/grabber/system/classes/kohana/request/client/internal.php(132): ReflectionMethod->invokeArgs(Object(Controller_Home), Array)
#8 /home/clients/boldyrek_ftp0/domains/tcl.makmalauto.com/html/cron/grabber/system/classes/kohana/request.php(964): Kohana_Request_Client_Internal->execute(Object(Request))
#9 /home/clients/boldyrek_ftp0/domains/tcl.makmalauto.com/html/cron/grabber/index.php(110): Kohana_Request->execute()
#10 {main}
16-03-2012 09:40:01 --- INFO: start: 16-03-2012 09:40:01
16-03-2012 09:40:01 --- INFO: ----------Source_Gsmotors (cli)
16-03-2012 09:41:50 --- INFO: Lexus RX 300 - found: 47, pass primary filters: 27, did not pass the filter by color: 23, added: 4, new vincodes: 0
16-03-2012 09:47:47 --- INFO: Lexus RX 330 - found: 157, pass primary filters: 68, did not pass the filter by color: 58, added: 10, new vincodes: 0
16-03-2012 09:49:38 --- INFO: Lexus RX 400H - found: 36, pass primary filters: 7, did not pass the filter by color: 7, added: 0, new vincodes: 0
16-03-2012 09:52:04 --- INFO: Lexus GX 470 - found: 66, pass primary filters: 46, did not pass the filter by color: 36, added: 10, new vincodes: 0
16-03-2012 09:56:41 --- INFO: Lexus GX 470 - found: 121, pass primary filters: 56, did not pass the filter by color: 45, added: 11, new vincodes: 0
16-03-2012 09:58:38 --- INFO: Lexus LX 470 - found: 48, pass primary filters: 35, did not pass the filter by color: 29, added: 6, new vincodes: 0
16-03-2012 09:59:24 --- INFO: Lexus LX 470 - found: 19, pass primary filters: 2, did not pass the filter by color: 2, added: 0, new vincodes: 0
16-03-2012 10:00:14 --- INFO: Toyota Land Cruiser - found: 21, pass primary filters: 18, did not pass the filter by color: 15, added: 3, new vincodes: 0
16-03-2012 10:02:39 --- INFO: Honda CR-V - found: 61, pass primary filters: 1, did not pass the filter by color: 0, added: 1, new vincodes: 0
16-03-2012 10:07:57 --- INFO: Honda CR-V - found: 139, pass primary filters: 3, did not pass the filter by color: 0, added: 3, new vincodes: 0
16-03-2012 10:09:21 --- INFO: Mitsubishi Montero 4WD Limited - found: 32, pass primary filters: 9, did not pass the filter by color: 9, added: 0, new vincodes: 0
16-03-2012 10:12:57 --- INFO: Toyota 4RUNNER 4WD V6 - found: 89, pass primary filters: 16, did not pass the filter by color: 11, added: 5, new vincodes: 0
16-03-2012 10:15:57 --- INFO: Toyota RAV 4 - found: 58, pass primary filters: 28, did not pass the filter by color: 21, added: 7, new vincodes: 0
16-03-2012 10:19:27 --- INFO: Toyota Highlander 4WD - found: 97, pass primary filters: 1, did not pass the filter by color: 1, added: 0, new vincodes: 0
16-03-2012 10:21:41 --- INFO: Toyota Highlander - found: 56, pass primary filters: 15, did not pass the filter by color: 8, added: 7, new vincodes: 0
16-03-2012 10:25:00 --- INFO: Lexus RX 350 - found: 83, pass primary filters: 14, did not pass the filter by color: 14, added: 0, new vincodes: 0
16-03-2012 10:28:57 --- INFO: Toyota 4RUNNER Limited V6 - found: 89, pass primary filters: 2, did not pass the filter by color: 2, added: 0, new vincodes: 0
16-03-2012 10:28:57 --- INFO: finish: 16-03-2012 10:28:57
16-03-2012 10:28:57 --- INFO: elapsed time: ~2936.08 sec., memory usage: ~4.61 Mb.
16-03-2012 11:10:02 --- INFO: start: 16-03-2012 11:10:02
16-03-2012 11:10:02 --- INFO: ----------Source_Adesa (cli)
16-03-2012 11:10:04 --- INFO: Authorized request
16-03-2012 11:10:31 --- INFO: Lexus RX 300 - found: 14, pass primary filters: 9, did not pass the filter by color: 9, added: 0, new vincodes: 0
16-03-2012 11:10:52 --- INFO: Lexus RX 330 - found: 21, pass primary filters: 11, did not pass the filter by color: 10, added: 1, new vincodes: 1
16-03-2012 11:10:53 --- INFO: Lexus RX 400H - found: 1, pass primary filters: 1, did not pass the filter by color: 1, added: 0, new vincodes: 0
16-03-2012 11:10:56 --- INFO: Lexus GX 470 - found: 4, pass primary filters: 2, did not pass the filter by color: 1, added: 1, new vincodes: 1
16-03-2012 11:11:25 --- INFO: Lexus GX 470 - found: 6, pass primary filters: 6, did not pass the filter by color: 4, added: 2, new vincodes: 1
16-03-2012 11:11:32 --- INFO: Lexus LX 470 - found: 4, pass primary filters: 3, did not pass the filter by color: 3, added: 0, new vincodes: 0
16-03-2012 11:11:32 --- INFO: Lexus LX 470 - found: 1, pass primary filters: 1, did not pass the filter by color: 1, added: 0, new vincodes: 0
16-03-2012 11:11:33 --- INFO: Toyota Land Cruiser - found: 0, pass primary filters: 0, did not pass the filter by color: 0, added: 0, new vincodes: 0
16-03-2012 11:11:33 --- INFO: Honda CR-V - found: 10, pass primary filters: 0, did not pass the filter by color: 0, added: 0, new vincodes: 0
16-03-2012 11:11:34 --- INFO: Honda CR-V - found: 2, pass primary filters: 1, did not pass the filter by color: 0, added: 1, new vincodes: 0
16-03-2012 11:11:41 --- INFO: Mitsubishi Montero 4WD Limited - found: 16, pass primary filters: 2, did not pass the filter by color: 2, added: 0, new vincodes: 0
16-03-2012 11:11:43 --- INFO: Toyota 4RUNNER 4WD V6 - found: 16, pass primary filters: 2, did not pass the filter by color: 2, added: 0, new vincodes: 0
16-03-2012 11:11:55 --- INFO: Toyota RAV 4 - found: 12, pass primary filters: 5, did not pass the filter by color: 5, added: 0, new vincodes: 0
16-03-2012 11:12:09 --- INFO: Toyota Highlander 4WD - found: 29, pass primary filters: 2, did not pass the filter by color: 1, added: 1, new vincodes: 0
16-03-2012 11:12:10 --- INFO: Toyota Highlander - found: 14, pass primary filters: 1, did not pass the filter by color: 1, added: 0, new vincodes: 0
16-03-2012 11:12:15 --- INFO: Lexus RX 350 - found: 3, pass primary filters: 2, did not pass the filter by color: 2, added: 0, new vincodes: 0
16-03-2012 11:12:15 --- INFO: Toyota 4RUNNER Limited V6 - found: 16, pass primary filters: 0, did not pass the filter by color: 0, added: 0, new vincodes: 0
16-03-2012 11:12:15 --- INFO: finish: 16-03-2012 11:12:15
16-03-2012 11:12:15 --- INFO: elapsed time: ~133.72 sec., memory usage: ~2.38 Mb.
16-03-2012 10:30:01 --- INFO: start: 16-03-2012 10:30:01
16-03-2012 10:30:01 --- INFO: ----------Source_Gsmotors (cli)
16-03-2012 10:31:44 --- INFO: Lexus RX 300 - found: 47, pass primary filters: 27, did not pass the filter by color: 23, added: 4, new vincodes: 0
16-03-2012 10:37:45 --- INFO: Lexus RX 330 - found: 157, pass primary filters: 68, did not pass the filter by color: 58, added: 10, new vincodes: 0
16-03-2012 10:39:17 --- INFO: Lexus RX 400H - found: 36, pass primary filters: 7, did not pass the filter by color: 7, added: 0, new vincodes: 0
16-03-2012 10:41:57 --- INFO: Lexus GX 470 - found: 66, pass primary filters: 46, did not pass the filter by color: 36, added: 10, new vincodes: 0
16-03-2012 10:46:56 --- INFO: Lexus GX 470 - found: 121, pass primary filters: 56, did not pass the filter by color: 45, added: 11, new vincodes: 0
16-03-2012 10:49:00 --- INFO: Lexus LX 470 - found: 48, pass primary filters: 35, did not pass the filter by color: 29, added: 6, new vincodes: 0
16-03-2012 10:49:43 --- INFO: Lexus LX 470 - found: 19, pass primary filters: 2, did not pass the filter by color: 2, added: 0, new vincodes: 0
16-03-2012 10:50:40 --- INFO: Toyota Land Cruiser - found: 21, pass primary filters: 18, did not pass the filter by color: 15, added: 3, new vincodes: 0
16-03-2012 10:52:58 --- INFO: Honda CR-V - found: 61, pass primary filters: 1, did not pass the filter by color: 0, added: 1, new vincodes: 0
16-03-2012 10:59:43 --- INFO: Honda CR-V - found: 139, pass primary filters: 3, did not pass the filter by color: 0, added: 3, new vincodes: 0
16-03-2012 11:00:58 --- INFO: Mitsubishi Montero 4WD Limited - found: 32, pass primary filters: 9, did not pass the filter by color: 9, added: 0, new vincodes: 0
16-03-2012 11:04:54 --- INFO: Toyota 4RUNNER 4WD V6 - found: 89, pass primary filters: 16, did not pass the filter by color: 11, added: 5, new vincodes: 0
16-03-2012 11:06:56 --- INFO: Toyota RAV 4 - found: 58, pass primary filters: 28, did not pass the filter by color: 21, added: 7, new vincodes: 0
16-03-2012 11:11:04 --- INFO: Toyota Highlander 4WD - found: 97, pass primary filters: 1, did not pass the filter by color: 1, added: 0, new vincodes: 0
16-03-2012 11:13:06 --- INFO: Toyota Highlander - found: 56, pass primary filters: 15, did not pass the filter by color: 8, added: 7, new vincodes: 0
16-03-2012 11:16:29 --- INFO: Lexus RX 350 - found: 83, pass primary filters: 14, did not pass the filter by color: 14, added: 0, new vincodes: 0
16-03-2012 11:20:11 --- INFO: Toyota 4RUNNER Limited V6 - found: 89, pass primary filters: 2, did not pass the filter by color: 2, added: 0, new vincodes: 0
16-03-2012 11:20:11 --- INFO: finish: 16-03-2012 11:20:11
16-03-2012 11:20:11 --- INFO: elapsed time: ~3009.88 sec., memory usage: ~4.61 Mb.
16-03-2012 12:20:01 --- INFO: start: 16-03-2012 12:20:01
16-03-2012 12:20:01 --- INFO: ----------Source_Adesa (cli)
16-03-2012 12:20:03 --- INFO: Authorized request
16-03-2012 12:20:15 --- INFO: Lexus RX 300 - found: 14, pass primary filters: 9, did not pass the filter by color: 9, added: 0, new vincodes: 0
16-03-2012 12:20:45 --- INFO: Lexus RX 330 - found: 22, pass primary filters: 11, did not pass the filter by color: 10, added: 1, new vincodes: 0
16-03-2012 12:20:46 --- INFO: Lexus RX 400H - found: 1, pass primary filters: 1, did not pass the filter by color: 1, added: 0, new vincodes: 0
16-03-2012 12:20:48 --- INFO: Lexus GX 470 - found: 4, pass primary filters: 2, did not pass the filter by color: 1, added: 1, new vincodes: 0
16-03-2012 12:21:04 --- INFO: Lexus GX 470 - found: 6, pass primary filters: 6, did not pass the filter by color: 4, added: 2, new vincodes: 0
16-03-2012 12:21:08 --- INFO: Lexus LX 470 - found: 4, pass primary filters: 3, did not pass the filter by color: 3, added: 0, new vincodes: 0
16-03-2012 12:21:08 --- INFO: Lexus LX 470 - found: 1, pass primary filters: 1, did not pass the filter by color: 1, added: 0, new vincodes: 0
16-03-2012 12:21:08 --- INFO: Toyota Land Cruiser - found: 0, pass primary filters: 0, did not pass the filter by color: 0, added: 0, new vincodes: 0
16-03-2012 12:21:09 --- INFO: Honda CR-V - found: 10, pass primary filters: 0, did not pass the filter by color: 0, added: 0, new vincodes: 0
16-03-2012 12:21:10 --- INFO: Honda CR-V - found: 2, pass primary filters: 1, did not pass the filter by color: 0, added: 1, new vincodes: 0
16-03-2012 12:21:11 --- INFO: Mitsubishi Montero 4WD Limited - found: 16, pass primary filters: 2, did not pass the filter by color: 2, added: 0, new vincodes: 0
16-03-2012 12:21:20 --- INFO: Toyota 4RUNNER 4WD V6 - found: 16, pass primary filters: 3, did not pass the filter by color: 3, added: 0, new vincodes: 0
16-03-2012 12:21:28 --- INFO: Toyota RAV 4 - found: 12, pass primary filters: 5, did not pass the filter by color: 5, added: 0, new vincodes: 0
16-03-2012 12:21:29 --- INFO: Toyota Highlander 4WD - found: 29, pass primary filters: 2, did not pass the filter by color: 1, added: 1, new vincodes: 0
16-03-2012 12:21:30 --- INFO: Toyota Highlander - found: 14, pass primary filters: 1, did not pass the filter by color: 1, added: 0, new vincodes: 0
16-03-2012 12:21:35 --- INFO: Lexus RX 350 - found: 3, pass primary filters: 2, did not pass the filter by color: 2, added: 0, new vincodes: 0
16-03-2012 12:21:35 --- INFO: Toyota 4RUNNER Limited V6 - found: 16, pass primary filters: 0, did not pass the filter by color: 0, added: 0, new vincodes: 0
16-03-2012 12:21:35 --- INFO: finish: 16-03-2012 12:21:35
16-03-2012 12:21:35 --- INFO: elapsed time: ~93.93 sec., memory usage: ~2.36 Mb.
16-03-2012 11:40:01 --- INFO: start: 16-03-2012 11:40:01
16-03-2012 11:40:01 --- INFO: ----------Source_Gsmotors (cli)
16-03-2012 11:43:18 --- INFO: Lexus RX 300 - found: 57, pass primary filters: 33, did not pass the filter by color: 29, added: 4, new vincodes: 0
16-03-2012 11:54:14 --- INFO: Lexus RX 330 - found: 177, pass primary filters: 75, did not pass the filter by color: 65, added: 10, new vincodes: 1
16-03-2012 11:56:07 --- INFO: Lexus RX 400H - found: 38, pass primary filters: 7, did not pass the filter by color: 7, added: 0, new vincodes: 0
16-03-2012 12:00:09 --- INFO: Lexus GX 470 - found: 76, pass primary filters: 50, did not pass the filter by color: 39, added: 11, new vincodes: 0
16-03-2012 12:08:53 --- INFO: Lexus GX 470 - found: 139, pass primary filters: 60, did not pass the filter by color: 49, added: 11, new vincodes: 1
16-03-2012 12:12:22 --- INFO: Lexus LX 470 - found: 56, pass primary filters: 39, did not pass the filter by color: 33, added: 6, new vincodes: 1
16-03-2012 12:13:37 --- INFO: Lexus LX 470 - found: 21, pass primary filters: 2, did not pass the filter by color: 2, added: 0, new vincodes: 0
16-03-2012 12:15:08 --- INFO: Toyota Land Cruiser - found: 24, pass primary filters: 19, did not pass the filter by color: 16, added: 3, new vincodes: 0
16-03-2012 12:19:07 --- INFO: Honda CR-V - found: 71, pass primary filters: 2, did not pass the filter by color: 0, added: 2, new vincodes: 0
16-03-2012 12:29:26 --- INFO: Honda CR-V - found: 168, pass primary filters: 4, did not pass the filter by color: 0, added: 4, new vincodes: 0
16-03-2012 12:32:35 --- INFO: Mitsubishi Montero 4WD Limited - found: 44, pass primary filters: 12, did not pass the filter by color: 12, added: 0, new vincodes: 2
16-03-2012 12:40:39 --- INFO: Toyota 4RUNNER 4WD V6 - found: 115, pass primary filters: 20, did not pass the filter by color: 12, added: 8, new vincodes: 2
16-03-2012 12:44:17 --- INFO: Toyota RAV 4 - found: 68, pass primary filters: 30, did not pass the filter by color: 22, added: 8, new vincodes: 0
16-03-2012 12:52:29 --- INFO: Toyota Highlander 4WD - found: 109, pass primary filters: 1, did not pass the filter by color: 1, added: 0, new vincodes: 0
16-03-2012 12:56:13 --- INFO: Toyota Highlander - found: 64, pass primary filters: 15, did not pass the filter by color: 8, added: 7, new vincodes: 0
16-03-2012 13:02:48 --- INFO: Lexus RX 350 - found: 99, pass primary filters: 17, did not pass the filter by color: 16, added: 1, new vincodes: 1
16-03-2012 13:08:20 --- INFO: Toyota 4RUNNER Limited V6 - found: 115, pass primary filters: 3, did not pass the filter by color: 3, added: 0, new vincodes: 1
16-03-2012 13:08:20 --- INFO: finish: 16-03-2012 13:08:20
16-03-2012 13:08:20 --- INFO: elapsed time: ~5298.9 sec., memory usage: ~5.05 Mb.
16-03-2012 13:20:01 --- INFO: start: 16-03-2012 13:20:01
16-03-2012 13:20:01 --- INFO: ----------Source_Adesa (cli)
16-03-2012 13:20:02 --- INFO: Authorized request
16-03-2012 13:20:13 --- INFO: Lexus RX 300 - found: 14, pass primary filters: 9, did not pass the filter by color: 9, added: 0, new vincodes: 0
16-03-2012 13:20:41 --- INFO: Lexus RX 330 - found: 22, pass primary filters: 12, did not pass the filter by color: 11, added: 1, new vincodes: 1
16-03-2012 13:20:42 --- INFO: Lexus RX 400H - found: 1, pass primary filters: 1, did not pass the filter by color: 1, added: 0, new vincodes: 0
16-03-2012 13:20:45 --- INFO: Lexus GX 470 - found: 4, pass primary filters: 2, did not pass the filter by color: 1, added: 1, new vincodes: 0
16-03-2012 13:20:59 --- INFO: Lexus GX 470 - found: 6, pass primary filters: 6, did not pass the filter by color: 4, added: 2, new vincodes: 0
16-03-2012 13:21:00 --- INFO: Lexus LX 470 - found: 4, pass primary filters: 3, did not pass the filter by color: 3, added: 0, new vincodes: 0
16-03-2012 13:21:00 --- INFO: Lexus LX 470 - found: 1, pass primary filters: 1, did not pass the filter by color: 1, added: 0, new vincodes: 0
16-03-2012 13:21:01 --- INFO: Toyota Land Cruiser - found: 0, pass primary filters: 0, did not pass the filter by color: 0, added: 0, new vincodes: 0
16-03-2012 13:21:01 --- INFO: Honda CR-V - found: 10, pass primary filters: 0, did not pass the filter by color: 0, added: 0, new vincodes: 0
16-03-2012 13:21:02 --- INFO: Honda CR-V - found: 2, pass primary filters: 1, did not pass the filter by color: 0, added: 1, new vincodes: 0
16-03-2012 13:21:04 --- INFO: Mitsubishi Montero 4WD Limited - found: 17, pass primary filters: 2, did not pass the filter by color: 2, added: 0, new vincodes: 0
16-03-2012 13:21:11 --- INFO: Toyota 4RUNNER 4WD V6 - found: 17, pass primary filters: 4, did not pass the filter by color: 3, added: 1, new vincodes: 1
16-03-2012 13:21:17 --- INFO: Toyota RAV 4 - found: 12, pass primary filters: 5, did not pass the filter by color: 5, added: 0, new vincodes: 0
16-03-2012 13:21:19 --- INFO: Toyota Highlander 4WD - found: 31, pass primary filters: 2, did not pass the filter by color: 1, added: 1, new vincodes: 0
16-03-2012 13:21:20 --- INFO: Toyota Highlander - found: 15, pass primary filters: 1, did not pass the filter by color: 1, added: 0, new vincodes: 0
16-03-2012 13:21:23 --- INFO: Lexus RX 350 - found: 3, pass primary filters: 2, did not pass the filter by color: 2, added: 0, new vincodes: 0
16-03-2012 13:21:24 --- INFO: Toyota 4RUNNER Limited V6 - found: 17, pass primary filters: 0, did not pass the filter by color: 0, added: 0, new vincodes: 0
16-03-2012 13:21:24 --- INFO: finish: 16-03-2012 13:21:24
16-03-2012 13:21:24 --- INFO: elapsed time: ~83.48 sec., memory usage: ~2.41 Mb.
16-03-2012 12:50:01 --- INFO: start: 16-03-2012 12:50:01
16-03-2012 12:50:01 --- INFO: ----------Source_Gsmotors (cli)
16-03-2012 12:52:12 --- INFO: Lexus RX 300 - found: 57, pass primary filters: 33, did not pass the filter by color: 29, added: 4, new vincodes: 0
16-03-2012 13:01:32 --- INFO: Lexus RX 330 - found: 177, pass primary filters: 75, did not pass the filter by color: 65, added: 10, new vincodes: 0
16-03-2012 13:03:34 --- INFO: Lexus RX 400H - found: 38, pass primary filters: 7, did not pass the filter by color: 7, added: 0, new vincodes: 0
16-03-2012 13:07:23 --- INFO: Lexus GX 470 - found: 76, pass primary filters: 50, did not pass the filter by color: 39, added: 11, new vincodes: 0
16-03-2012 13:15:05 --- INFO: Lexus GX 470 - found: 139, pass primary filters: 60, did not pass the filter by color: 49, added: 11, new vincodes: 0
16-03-2012 13:17:34 --- INFO: Lexus LX 470 - found: 56, pass primary filters: 39, did not pass the filter by color: 33, added: 6, new vincodes: 0
16-03-2012 13:18:19 --- INFO: Lexus LX 470 - found: 21, pass primary filters: 2, did not pass the filter by color: 2, added: 0, new vincodes: 0
16-03-2012 13:19:28 --- INFO: Toyota Land Cruiser - found: 24, pass primary filters: 19, did not pass the filter by color: 16, added: 3, new vincodes: 0
16-03-2012 13:22:18 --- INFO: Honda CR-V - found: 71, pass primary filters: 2, did not pass the filter by color: 0, added: 2, new vincodes: 0
16-03-2012 13:30:09 --- INFO: Honda CR-V - found: 168, pass primary filters: 4, did not pass the filter by color: 0, added: 4, new vincodes: 0
16-03-2012 13:32:14 --- INFO: Mitsubishi Montero 4WD Limited - found: 44, pass primary filters: 12, did not pass the filter by color: 12, added: 0, new vincodes: 0
16-03-2012 13:38:17 --- INFO: Toyota 4RUNNER 4WD V6 - found: 115, pass primary filters: 20, did not pass the filter by color: 12, added: 8, new vincodes: 0
16-03-2012 13:42:08 --- INFO: Toyota RAV 4 - found: 68, pass primary filters: 30, did not pass the filter by color: 23, added: 7, new vincodes: 0
16-03-2012 13:50:22 --- INFO: Toyota Highlander 4WD - found: 109, pass primary filters: 1, did not pass the filter by color: 0, added: 1, new vincodes: 0
16-03-2012 13:54:12 --- INFO: Toyota Highlander - found: 64, pass primary filters: 15, did not pass the filter by color: 8, added: 7, new vincodes: 0
16-03-2012 13:58:42 --- INFO: Lexus RX 350 - found: 99, pass primary filters: 17, did not pass the filter by color: 16, added: 1, new vincodes: 0
16-03-2012 14:04:33 --- INFO: Toyota 4RUNNER Limited V6 - found: 115, pass primary filters: 3, did not pass the filter by color: 3, added: 0, new vincodes: 0
16-03-2012 14:04:33 --- INFO: finish: 16-03-2012 14:04:33
16-03-2012 14:04:33 --- INFO: elapsed time: ~4472.23 sec., memory usage: ~4.92 Mb.
16-03-2012 13:50:01 --- INFO: start: 16-03-2012 13:50:01
16-03-2012 13:50:01 --- INFO: ----------Source_Gsmotors (cli)
16-03-2012 13:53:12 --- INFO: Lexus RX 300 - found: 57, pass primary filters: 33, did not pass the filter by color: 29, added: 4, new vincodes: 0
16-03-2012 14:01:22 --- INFO: Lexus RX 330 - found: 177, pass primary filters: 75, did not pass the filter by color: 65, added: 10, new vincodes: 0
16-03-2012 14:03:00 --- INFO: Lexus RX 400H - found: 38, pass primary filters: 7, did not pass the filter by color: 7, added: 0, new vincodes: 0
16-03-2012 14:06:14 --- INFO: Lexus GX 470 - found: 76, pass primary filters: 50, did not pass the filter by color: 39, added: 11, new vincodes: 0
16-03-2012 14:13:34 --- INFO: Lexus GX 470 - found: 139, pass primary filters: 60, did not pass the filter by color: 49, added: 11, new vincodes: 0
16-03-2012 14:15:49 --- INFO: Lexus LX 470 - found: 56, pass primary filters: 39, did not pass the filter by color: 33, added: 6, new vincodes: 0
16-03-2012 14:16:36 --- INFO: Lexus LX 470 - found: 21, pass primary filters: 2, did not pass the filter by color: 2, added: 0, new vincodes: 0
16-03-2012 14:17:31 --- INFO: Toyota Land Cruiser - found: 24, pass primary filters: 19, did not pass the filter by color: 16, added: 3, new vincodes: 0
16-03-2012 14:20:38 --- INFO: Honda CR-V - found: 71, pass primary filters: 2, did not pass the filter by color: 0, added: 2, new vincodes: 0
16-03-2012 14:28:24 --- INFO: Honda CR-V - found: 168, pass primary filters: 4, did not pass the filter by color: 0, added: 4, new vincodes: 0
16-03-2012 14:30:27 --- INFO: Mitsubishi Montero 4WD Limited - found: 44, pass primary filters: 12, did not pass the filter by color: 12, added: 0, new vincodes: 0
16-03-2012 14:36:23 --- INFO: Toyota 4RUNNER 4WD V6 - found: 115, pass primary filters: 20, did not pass the filter by color: 12, added: 8, new vincodes: 0
16-03-2012 14:38:54 --- INFO: Toyota RAV 4 - found: 68, pass primary filters: 30, did not pass the filter by color: 22, added: 8, new vincodes: 0
16-03-2012 14:43:45 --- INFO: Toyota Highlander 4WD - found: 109, pass primary filters: 1, did not pass the filter by color: 1, added: 0, new vincodes: 0
16-03-2012 14:46:15 --- INFO: Toyota Highlander - found: 64, pass primary filters: 15, did not pass the filter by color: 8, added: 7, new vincodes: 0
16-03-2012 14:49:57 --- INFO: Lexus RX 350 - found: 99, pass primary filters: 17, did not pass the filter by color: 16, added: 1, new vincodes: 0
16-03-2012 14:54:54 --- INFO: Toyota 4RUNNER Limited V6 - found: 115, pass primary filters: 3, did not pass the filter by color: 3, added: 0, new vincodes: 0
16-03-2012 14:54:54 --- INFO: finish: 16-03-2012 14:54:54
16-03-2012 14:54:54 --- INFO: elapsed time: ~3892.74 sec., memory usage: ~4.94 Mb.
16-03-2012 16:10:01 --- INFO: start: 16-03-2012 16:10:01
16-03-2012 16:10:01 --- INFO: ----------Source_Adesa (cli)
16-03-2012 16:10:03 --- INFO: Authorized request
16-03-2012 16:10:15 --- INFO: Lexus RX 300 - found: 16, pass primary filters: 9, did not pass the filter by color: 9, added: 0, new vincodes: 0
16-03-2012 16:10:28 --- INFO: Lexus RX 330 - found: 22, pass primary filters: 12, did not pass the filter by color: 11, added: 1, new vincodes: 0
16-03-2012 16:10:29 --- INFO: Lexus RX 400H - found: 1, pass primary filters: 1, did not pass the filter by color: 1, added: 0, new vincodes: 0
16-03-2012 16:10:31 --- INFO: Lexus GX 470 - found: 4, pass primary filters: 2, did not pass the filter by color: 1, added: 1, new vincodes: 0
16-03-2012 16:10:39 --- INFO: Lexus GX 470 - found: 6, pass primary filters: 6, did not pass the filter by color: 4, added: 2, new vincodes: 0
16-03-2012 16:10:40 --- INFO: Lexus LX 470 - found: 4, pass primary filters: 3, did not pass the filter by color: 3, added: 0, new vincodes: 0
16-03-2012 16:10:40 --- INFO: Lexus LX 470 - found: 1, pass primary filters: 1, did not pass the filter by color: 1, added: 0, new vincodes: 0
16-03-2012 16:10:41 --- INFO: Toyota Land Cruiser - found: 0, pass primary filters: 0, did not pass the filter by color: 0, added: 0, new vincodes: 0
16-03-2012 16:10:47 --- INFO: Honda CR-V - found: 12, pass primary filters: 1, did not pass the filter by color: 0, added: 1, new vincodes: 0
16-03-2012 16:10:49 --- INFO: Honda CR-V - found: 2, pass primary filters: 1, did not pass the filter by color: 0, added: 1, new vincodes: 0
16-03-2012 16:10:51 --- INFO: Mitsubishi Montero 4WD Limited - found: 17, pass primary filters: 2, did not pass the filter by color: 2, added: 0, new vincodes: 0
16-03-2012 16:10:56 --- INFO: Toyota 4RUNNER 4WD V6 - found: 17, pass primary filters: 4, did not pass the filter by color: 3, added: 1, new vincodes: 0
16-03-2012 16:11:37 --- INFO: Toyota RAV 4 - found: 13, pass primary filters: 6, did not pass the filter by color: 6, added: 0, new vincodes: 0
16-03-2012 16:11:37 --- INFO: Toyota Highlander 4WD - found: 33, pass primary filters: 2, did not pass the filter by color: 1, added: 1, new vincodes: 0
16-03-2012 16:11:38 --- INFO: Toyota Highlander - found: 15, pass primary filters: 1, did not pass the filter by color: 1, added: 0, new vincodes: 0
16-03-2012 16:11:39 --- INFO: Lexus RX 350 - found: 4, pass primary filters: 2, did not pass the filter by color: 2, added: 0, new vincodes: 0
16-03-2012 16:11:39 --- INFO: Toyota 4RUNNER Limited V6 - found: 17, pass primary filters: 0, did not pass the filter by color: 0, added: 0, new vincodes: 0
16-03-2012 16:11:39 --- INFO: finish: 16-03-2012 16:11:39
16-03-2012 16:11:39 --- INFO: elapsed time: ~98.09 sec., memory usage: ~2.39 Mb.
16-03-2012 16:40:01 --- INFO: start: 16-03-2012 16:40:01
16-03-2012 16:40:01 --- INFO: ----------Source_Gsmotors (cli)
16-03-2012 16:41:38 --- ERROR: ErrorException [ 8 ]: Undefined offset: 1 ~ APPPATH/classes/vincode.php [ 39 ]
#0 /home/clients/boldyrek_ftp0/domains/tcl.makmalauto.com/html/cron/grabber/application/1.1.0/classes/vincode.php(39): Kohana_Core::error_handler(8, 'Undefined offse...', '/home/clients/b...', 39, Array)
#1 /home/clients/boldyrek_ftp0/domains/tcl.makmalauto.com/html/cron/grabber/application/1.1.0/classes/vincode/lexuspartsnow.php(15): Vincode->_parse_response(Object(Remote))
#2 /home/clients/boldyrek_ftp0/domains/tcl.makmalauto.com/html/cron/grabber/application/1.1.0/classes/source.php(166): Vincode_Lexuspartsnow->get('JTJHF10U6202360...', 'Lexus')
#3 /home/clients/boldyrek_ftp0/domains/tcl.makmalauto.com/html/cron/grabber/application/1.1.0/classes/source/gsmotors.php(115): Source->_cache('JTJHF10U6202360...', 'Lexus', 1, true)
#4 /home/clients/boldyrek_ftp0/domains/tcl.makmalauto.com/html/cron/grabber/application/1.1.0/classes/source.php(48): Source_Gsmotors->execute()
#5 /home/clients/boldyrek_ftp0/domains/tcl.makmalauto.com/html/cron/grabber/application/1.1.0/classes/controller/home.php(35): Source->run()
#6 [internal function]: Controller_Home->action_execute('7', 'home/execute/7', Object(Route))
#7 /home/clients/boldyrek_ftp0/domains/tcl.makmalauto.com/html/cron/grabber/system/classes/kohana/request/client/internal.php(132): ReflectionMethod->invokeArgs(Object(Controller_Home), Array)
#8 /home/clients/boldyrek_ftp0/domains/tcl.makmalauto.com/html/cron/grabber/system/classes/kohana/request.php(964): Kohana_Request_Client_Internal->execute(Object(Request))
#9 /home/clients/boldyrek_ftp0/domains/tcl.makmalauto.com/html/cron/grabber/index.php(110): Kohana_Request->execute()
#10 {main}
16-03-2012 18:10:01 --- INFO: start: 16-03-2012 18:10:01
16-03-2012 18:10:01 --- INFO: ----------Source_Adesa (cli)
16-03-2012 18:10:03 --- INFO: Authorized request
16-03-2012 18:10:17 --- INFO: Lexus RX 300 - found: 16, pass primary filters: 9, did not pass the filter by color: 9, added: 0, new vincodes: 0
16-03-2012 18:10:47 --- INFO: Lexus RX 330 - found: 21, pass primary filters: 13, did not pass the filter by color: 11, added: 2, new vincodes: 1
16-03-2012 18:10:48 --- INFO: Lexus RX 400H - found: 1, pass primary filters: 1, did not pass the filter by color: 1, added: 0, new vincodes: 0
16-03-2012 18:10:51 --- INFO: Lexus GX 470 - found: 4, pass primary filters: 2, did not pass the filter by color: 1, added: 1, new vincodes: 0
16-03-2012 18:11:00 --- INFO: Lexus GX 470 - found: 6, pass primary filters: 6, did not pass the filter by color: 4, added: 2, new vincodes: 0
16-03-2012 18:11:01 --- INFO: Lexus LX 470 - found: 4, pass primary filters: 3, did not pass the filter by color: 3, added: 0, new vincodes: 0
16-03-2012 18:11:01 --- INFO: Lexus LX 470 - found: 1, pass primary filters: 1, did not pass the filter by color: 1, added: 0, new vincodes: 0
16-03-2012 18:11:01 --- INFO: Toyota Land Cruiser - found: 0, pass primary filters: 0, did not pass the filter by color: 0, added: 0, new vincodes: 0
16-03-2012 18:11:05 --- INFO: Honda CR-V - found: 13, pass primary filters: 1, did not pass the filter by color: 0, added: 1, new vincodes: 0
16-03-2012 18:11:06 --- INFO: Honda CR-V - found: 2, pass primary filters: 1, did not pass the filter by color: 0, added: 1, new vincodes: 0
16-03-2012 18:11:07 --- INFO: Mitsubishi Montero 4WD Limited - found: 17, pass primary filters: 2, did not pass the filter by color: 2, added: 0, new vincodes: 0
16-03-2012 18:11:13 --- INFO: Toyota 4RUNNER 4WD V6 - found: 18, pass primary filters: 4, did not pass the filter by color: 3, added: 1, new vincodes: 0
16-03-2012 18:11:21 --- INFO: Toyota RAV 4 - found: 13, pass primary filters: 6, did not pass the filter by color: 6, added: 0, new vincodes: 0
16-03-2012 18:11:31 --- INFO: Toyota Highlander 4WD - found: 34, pass primary filters: 3, did not pass the filter by color: 2, added: 1, new vincodes: 1
16-03-2012 18:11:32 --- INFO: Toyota Highlander - found: 16, pass primary filters: 2, did not pass the filter by color: 2, added: 0, new vincodes: 0
16-03-2012 18:11:34 --- INFO: Lexus RX 350 - found: 4, pass primary filters: 2, did not pass the filter by color: 2, added: 0, new vincodes: 0
16-03-2012 18:11:34 --- INFO: Toyota 4RUNNER Limited V6 - found: 18, pass primary filters: 0, did not pass the filter by color: 0, added: 0, new vincodes: 0
16-03-2012 18:11:34 --- INFO: finish: 16-03-2012 18:11:34
16-03-2012 18:11:34 --- INFO: elapsed time: ~92.93 sec., memory usage: ~2.45 Mb.
16-03-2012 18:40:01 --- INFO: start: 16-03-2012 18:40:01
16-03-2012 18:40:01 --- INFO: ----------Source_Gsmotors (cli)
16-03-2012 18:43:58 --- INFO: Lexus RX 300 - found: 68, pass primary filters: 38, did not pass the filter by color: 33, added: 5, new vincodes: 3
16-03-2012 18:54:29 --- INFO: Lexus RX 330 - found: 202, pass primary filters: 75, did not pass the filter by color: 64, added: 11, new vincodes: 1
16-03-2012 18:56:55 --- INFO: Lexus RX 400H - found: 46, pass primary filters: 9, did not pass the filter by color: 9, added: 0, new vincodes: 1
16-03-2012 19:01:51 --- INFO: Lexus GX 470 - found: 90, pass primary filters: 53, did not pass the filter by color: 39, added: 14, new vincodes: 1
16-03-2012 19:10:48 --- INFO: Lexus GX 470 - found: 159, pass primary filters: 62, did not pass the filter by color: 51, added: 11, new vincodes: 2
16-03-2012 19:14:09 --- INFO: Lexus LX 470 - found: 60, pass primary filters: 40, did not pass the filter by color: 32, added: 8, new vincodes: 1
16-03-2012 19:14:54 --- INFO: Lexus LX 470 - found: 22, pass primary filters: 2, did not pass the filter by color: 2, added: 0, new vincodes: 0
16-03-2012 19:16:32 --- INFO: Toyota Land Cruiser - found: 25, pass primary filters: 19, did not pass the filter by color: 16, added: 3, new vincodes: 0
16-03-2012 19:20:21 --- INFO: Honda CR-V - found: 76, pass primary filters: 3, did not pass the filter by color: 0, added: 3, new vincodes: 0
16-03-2012 19:31:48 --- INFO: Honda CR-V - found: 196, pass primary filters: 5, did not pass the filter by color: 0, added: 5, new vincodes: 1
16-03-2012 19:34:33 --- INFO: Mitsubishi Montero 4WD Limited - found: 44, pass primary filters: 12, did not pass the filter by color: 12, added: 0, new vincodes: 0
16-03-2012 19:43:02 --- INFO: Toyota 4RUNNER 4WD V6 - found: 128, pass primary filters: 21, did not pass the filter by color: 13, added: 8, new vincodes: 1
16-03-2012 19:47:32 --- INFO: Toyota RAV 4 - found: 84, pass primary filters: 30, did not pass the filter by color: 23, added: 7, new vincodes: 0
16-03-2012 19:54:01 --- INFO: Toyota Highlander 4WD - found: 124, pass primary filters: 1, did not pass the filter by color: 1, added: 0, new vincodes: 0
16-03-2012 19:56:41 --- INFO: Toyota Highlander - found: 70, pass primary filters: 15, did not pass the filter by color: 8, added: 7, new vincodes: 0
16-03-2012 20:03:39 --- INFO: Lexus RX 350 - found: 112, pass primary filters: 20, did not pass the filter by color: 19, added: 1, new vincodes: 1
16-03-2012 20:08:16 --- INFO: Toyota 4RUNNER Limited V6 - found: 128, pass primary filters: 4, did not pass the filter by color: 4, added: 0, new vincodes: 0
16-03-2012 20:08:16 --- INFO: finish: 16-03-2012 20:08:16
16-03-2012 20:08:16 --- INFO: elapsed time: ~5294.95 sec., memory usage: ~5.17 Mb.