
16-08-2012 06:10:01 --- INFO: start: 16-08-2012 06:10:01
16-08-2012 06:10:01 --- INFO: ----------Source_Adesa (cli)
16-08-2012 06:10:02 --- INFO: Authorized request
16-08-2012 06:10:37 --- INFO: Lexus RX 330 - found: 28, pass primary filters: 11, did not pass the filter by colors: 5, did not pass the filter by options: 4, added: 2, new vincodes: 0
16-08-2012 06:10:37 --- INFO: Lexus RX 400H - found: 0, pass primary filters: 0, did not pass the filter by colors: 0, did not pass the filter by options: 0, added: 0, new vincodes: 0
16-08-2012 06:11:07 --- INFO: Lexus GX 470 - found: 16, pass primary filters: 12, did not pass the filter by colors: 8, did not pass the filter by options: 2, added: 2, new vincodes: 0
16-08-2012 06:13:50 --- INFO: Lexus GX 470 - found: 10, pass primary filters: 10, did not pass the filter by colors: 4, did not pass the filter by options: 2, added: 4, new vincodes: 0
16-08-2012 06:13:55 --- INFO: Lexus LX 470 - found: 3, pass primary filters: 2, did not pass the filter by colors: 2, did not pass the filter by options: , added: 0, new vincodes: 0
16-08-2012 06:13:55 --- INFO: Lexus LX 470 - found: 0, pass primary filters: 0, did not pass the filter by colors: 0, did not pass the filter by options: 0, added: 0, new vincodes: 0
16-08-2012 06:14:12 --- INFO: Toyota Land Cruiser - found: 1, pass primary filters: 1, did not pass the filter by colors: 1, did not pass the filter by options: 0, added: 0, new vincodes: 1
16-08-2012 06:14:16 --- INFO: Honda CR-V - found: 18, pass primary filters: 1, did not pass the filter by colors: 0, did not pass the filter by options: 0, added: 1, new vincodes: 0
16-08-2012 06:14:52 --- INFO: Toyota 4RUNNER 4WD V6 - found: 31, pass primary filters: 15, did not pass the filter by colors: 9, did not pass the filter by options: , added: 6, new vincodes: 0
16-08-2012 06:14:53 --- INFO: Toyota Highlander 4WD - found: 43, pass primary filters: 1, did not pass the filter by colors: 1, did not pass the filter by options: 0, added: 0, new vincodes: 0
16-08-2012 06:14:54 --- INFO: Toyota Highlander - found: 2, pass primary filters: 0, did not pass the filter by colors: 0, did not pass the filter by options: 0, added: 0, new vincodes: 0
16-08-2012 06:14:57 --- INFO: Lexus RX 350 - found: 1, pass primary filters: 1, did not pass the filter by colors: 1, did not pass the filter by options: 0, added: 0, new vincodes: 0
16-08-2012 06:15:00 --- INFO: Toyota 4RUNNER Limited V6 - found: 56, pass primary filters: 1, did not pass the filter by colors: 0, did not pass the filter by options: , added: 1, new vincodes: 0
16-08-2012 06:15:00 --- INFO: finish: 16-08-2012 06:15:00
16-08-2012 06:15:00 --- INFO: elapsed time: ~298.87 sec., memory usage: ~2.62 Mb.
16-08-2012 06:40:01 --- INFO: start: 16-08-2012 06:40:01
16-08-2012 06:40:01 --- INFO: ----------Source_Megaavto (cli)
16-08-2012 06:47:31 --- INFO: Lexus GX 470 - found: 146, pass primary filters: 78, did not pass the filter by colors: 22, did not pass the filter by options: 28, added: 28, new vincodes: 7
16-08-2012 06:47:31 --- INFO: finish: 16-08-2012 06:47:31
16-08-2012 06:47:31 --- INFO: elapsed time: ~450.01 sec., memory usage: ~2.74 Mb.
16-08-2012 08:10:01 --- INFO: start: 16-08-2012 08:10:01
16-08-2012 08:10:01 --- INFO: ----------Source_Adesa (cli)
16-08-2012 08:10:02 --- INFO: Authorized request
16-08-2012 08:10:53 --- INFO: Lexus RX 330 - found: 28, pass primary filters: 12, did not pass the filter by colors: 6, did not pass the filter by options: 4, added: 2, new vincodes: 1
16-08-2012 08:10:53 --- INFO: Lexus RX 400H - found: 0, pass primary filters: 0, did not pass the filter by colors: 0, did not pass the filter by options: 0, added: 0, new vincodes: 0
16-08-2012 08:11:29 --- INFO: Lexus GX 470 - found: 17, pass primary filters: 12, did not pass the filter by colors: 8, did not pass the filter by options: 2, added: 2, new vincodes: 0
16-08-2012 08:11:50 --- INFO: Lexus GX 470 - found: 10, pass primary filters: 10, did not pass the filter by colors: 4, did not pass the filter by options: 2, added: 4, new vincodes: 0
16-08-2012 08:11:55 --- INFO: Lexus LX 470 - found: 3, pass primary filters: 2, did not pass the filter by colors: 2, did not pass the filter by options: , added: 0, new vincodes: 0
16-08-2012 08:11:55 --- INFO: Lexus LX 470 - found: 0, pass primary filters: 0, did not pass the filter by colors: 0, did not pass the filter by options: 0, added: 0, new vincodes: 0
16-08-2012 08:11:58 --- INFO: Toyota Land Cruiser - found: 1, pass primary filters: 1, did not pass the filter by colors: 1, did not pass the filter by options: 0, added: 0, new vincodes: 0
16-08-2012 08:12:02 --- INFO: Honda CR-V - found: 18, pass primary filters: 1, did not pass the filter by colors: 0, did not pass the filter by options: 0, added: 1, new vincodes: 0
16-08-2012 08:12:40 --- INFO: Toyota 4RUNNER 4WD V6 - found: 31, pass primary filters: 15, did not pass the filter by colors: 9, did not pass the filter by options: , added: 6, new vincodes: 0
16-08-2012 08:13:31 --- INFO: Toyota Highlander 4WD - found: 45, pass primary filters: 2, did not pass the filter by colors: 2, did not pass the filter by options: 0, added: 0, new vincodes: 1
16-08-2012 08:13:32 --- INFO: Toyota Highlander - found: 2, pass primary filters: 0, did not pass the filter by colors: 0, did not pass the filter by options: 0, added: 0, new vincodes: 0
16-08-2012 08:13:35 --- INFO: Lexus RX 350 - found: 1, pass primary filters: 1, did not pass the filter by colors: 1, did not pass the filter by options: 0, added: 0, new vincodes: 0
16-08-2012 08:13:37 --- INFO: Toyota 4RUNNER Limited V6 - found: 58, pass primary filters: 1, did not pass the filter by colors: 0, did not pass the filter by options: , added: 1, new vincodes: 0
16-08-2012 08:13:37 --- INFO: finish: 16-08-2012 08:13:37
16-08-2012 08:13:37 --- INFO: elapsed time: ~216.48 sec., memory usage: ~2.64 Mb.
16-08-2012 08:40:01 --- INFO: start: 16-08-2012 08:40:01
16-08-2012 08:40:01 --- INFO: ----------Source_Megaavto (cli)
16-08-2012 08:42:05 --- INFO: Lexus GX 470 - found: 146, pass primary filters: 78, did not pass the filter by colors: 22, did not pass the filter by options: 28, added: 28, new vincodes: 0
16-08-2012 08:42:05 --- INFO: finish: 16-08-2012 08:42:05
16-08-2012 08:42:05 --- INFO: elapsed time: ~124.11 sec., memory usage: ~2.67 Mb.
16-08-2012 09:10:01 --- INFO: start: 16-08-2012 09:10:01
16-08-2012 09:10:01 --- INFO: ----------Source_Adesa (cli)
16-08-2012 09:10:02 --- INFO: Authorized request
16-08-2012 09:10:43 --- INFO: Lexus RX 330 - found: 28, pass primary filters: 12, did not pass the filter by colors: 6, did not pass the filter by options: 4, added: 2, new vincodes: 0
16-08-2012 09:10:43 --- INFO: Lexus RX 400H - found: 0, pass primary filters: 0, did not pass the filter by colors: 0, did not pass the filter by options: 0, added: 0, new vincodes: 0
16-08-2012 09:11:19 --- INFO: Lexus GX 470 - found: 17, pass primary filters: 12, did not pass the filter by colors: 8, did not pass the filter by options: 2, added: 2, new vincodes: 0
16-08-2012 09:11:45 --- INFO: Lexus GX 470 - found: 10, pass primary filters: 10, did not pass the filter by colors: 4, did not pass the filter by options: 2, added: 4, new vincodes: 0
16-08-2012 09:11:58 --- INFO: Lexus LX 470 - found: 3, pass primary filters: 3, did not pass the filter by colors: 3, did not pass the filter by options: , added: 0, new vincodes: 0
16-08-2012 09:11:58 --- INFO: Lexus LX 470 - found: 0, pass primary filters: 0, did not pass the filter by colors: 0, did not pass the filter by options: 0, added: 0, new vincodes: 0
16-08-2012 09:12:02 --- INFO: Toyota Land Cruiser - found: 1, pass primary filters: 1, did not pass the filter by colors: 1, did not pass the filter by options: 0, added: 0, new vincodes: 0
16-08-2012 09:12:05 --- INFO: Honda CR-V - found: 18, pass primary filters: 1, did not pass the filter by colors: 0, did not pass the filter by options: 0, added: 1, new vincodes: 0
16-08-2012 09:12:44 --- INFO: Toyota 4RUNNER 4WD V6 - found: 32, pass primary filters: 15, did not pass the filter by colors: 9, did not pass the filter by options: , added: 6, new vincodes: 0
16-08-2012 09:12:49 --- INFO: Toyota Highlander 4WD - found: 48, pass primary filters: 2, did not pass the filter by colors: 2, did not pass the filter by options: 0, added: 0, new vincodes: 0
16-08-2012 09:12:49 --- INFO: Toyota Highlander - found: 2, pass primary filters: 0, did not pass the filter by colors: 0, did not pass the filter by options: 0, added: 0, new vincodes: 0
16-08-2012 09:12:53 --- INFO: Lexus RX 350 - found: 1, pass primary filters: 1, did not pass the filter by colors: 1, did not pass the filter by options: 0, added: 0, new vincodes: 0
16-08-2012 09:12:55 --- INFO: Toyota 4RUNNER Limited V6 - found: 59, pass primary filters: 1, did not pass the filter by colors: 0, did not pass the filter by options: , added: 1, new vincodes: 0
16-08-2012 09:12:55 --- INFO: finish: 16-08-2012 09:12:55
16-08-2012 09:12:55 --- INFO: elapsed time: ~173.97 sec., memory usage: ~2.62 Mb.
16-08-2012 09:40:01 --- INFO: start: 16-08-2012 09:40:01
16-08-2012 09:40:01 --- INFO: ----------Source_Megaavto (cli)
16-08-2012 09:42:06 --- INFO: Lexus GX 470 - found: 146, pass primary filters: 77, did not pass the filter by colors: 21, did not pass the filter by options: 28, added: 28, new vincodes: 0
16-08-2012 09:42:06 --- INFO: finish: 16-08-2012 09:42:06
16-08-2012 09:42:06 --- INFO: elapsed time: ~125.09 sec., memory usage: ~2.67 Mb.
16-08-2012 10:00:01 --- INFO: start: 16-08-2012 10:00:01
16-08-2012 10:00:01 --- INFO: ----------Source_Adesa (cli)
16-08-2012 10:00:02 --- INFO: Authorized request
16-08-2012 10:00:40 --- INFO: Lexus RX 330 - found: 28, pass primary filters: 12, did not pass the filter by colors: 6, did not pass the filter by options: 4, added: 2, new vincodes: 0
16-08-2012 10:00:40 --- INFO: Lexus RX 400H - found: 0, pass primary filters: 0, did not pass the filter by colors: 0, did not pass the filter by options: 0, added: 0, new vincodes: 0
16-08-2012 10:02:06 --- INFO: Lexus GX 470 - found: 18, pass primary filters: 14, did not pass the filter by colors: 10, did not pass the filter by options: 2, added: 2, new vincodes: 2
16-08-2012 10:02:34 --- INFO: Lexus GX 470 - found: 11, pass primary filters: 11, did not pass the filter by colors: 5, did not pass the filter by options: 2, added: 4, new vincodes: 0
16-08-2012 10:02:45 --- INFO: Lexus LX 470 - found: 3, pass primary filters: 3, did not pass the filter by colors: 3, did not pass the filter by options: , added: 0, new vincodes: 0
16-08-2012 10:02:45 --- INFO: Lexus LX 470 - found: 0, pass primary filters: 0, did not pass the filter by colors: 0, did not pass the filter by options: 0, added: 0, new vincodes: 0
16-08-2012 10:02:48 --- INFO: Toyota Land Cruiser - found: 1, pass primary filters: 1, did not pass the filter by colors: 1, did not pass the filter by options: 0, added: 0, new vincodes: 0
16-08-2012 10:02:52 --- INFO: Honda CR-V - found: 18, pass primary filters: 1, did not pass the filter by colors: 0, did not pass the filter by options: 0, added: 1, new vincodes: 0
16-08-2012 10:03:29 --- INFO: Toyota 4RUNNER 4WD V6 - found: 32, pass primary filters: 15, did not pass the filter by colors: 9, did not pass the filter by options: , added: 6, new vincodes: 0
16-08-2012 10:03:35 --- INFO: Toyota Highlander 4WD - found: 49, pass primary filters: 2, did not pass the filter by colors: 2, did not pass the filter by options: 0, added: 0, new vincodes: 0
16-08-2012 10:03:35 --- INFO: Toyota Highlander - found: 2, pass primary filters: 0, did not pass the filter by colors: 0, did not pass the filter by options: 0, added: 0, new vincodes: 0
16-08-2012 10:03:38 --- INFO: Lexus RX 350 - found: 1, pass primary filters: 1, did not pass the filter by colors: 1, did not pass the filter by options: 0, added: 0, new vincodes: 0
16-08-2012 10:03:41 --- INFO: Toyota 4RUNNER Limited V6 - found: 59, pass primary filters: 2, did not pass the filter by colors: 1, did not pass the filter by options: , added: 1, new vincodes: 0
16-08-2012 10:03:41 --- INFO: finish: 16-08-2012 10:03:41
16-08-2012 10:03:41 --- INFO: elapsed time: ~219.58 sec., memory usage: ~2.68 Mb.
16-08-2012 10:30:01 --- INFO: start: 16-08-2012 10:30:01
16-08-2012 10:30:01 --- INFO: ----------Source_Megaavto (cli)
16-08-2012 10:32:04 --- INFO: Lexus GX 470 - found: 146, pass primary filters: 77, did not pass the filter by colors: 21, did not pass the filter by options: 28, added: 28, new vincodes: 0
16-08-2012 10:32:04 --- INFO: finish: 16-08-2012 10:32:04
16-08-2012 10:32:04 --- INFO: elapsed time: ~123.13 sec., memory usage: ~2.67 Mb.
16-08-2012 11:10:01 --- INFO: start: 16-08-2012 11:10:01
16-08-2012 11:10:01 --- INFO: ----------Source_Adesa (cli)
16-08-2012 11:10:04 --- INFO: Authorized request
16-08-2012 11:10:41 --- INFO: Lexus RX 330 - found: 30, pass primary filters: 13, did not pass the filter by colors: 7, did not pass the filter by options: 4, added: 2, new vincodes: 0
16-08-2012 11:10:42 --- INFO: Lexus RX 400H - found: 0, pass primary filters: 0, did not pass the filter by colors: 0, did not pass the filter by options: 0, added: 0, new vincodes: 0
16-08-2012 11:11:29 --- INFO: Lexus GX 470 - found: 18, pass primary filters: 15, did not pass the filter by colors: 11, did not pass the filter by options: 2, added: 2, new vincodes: 1
16-08-2012 11:11:51 --- INFO: Lexus GX 470 - found: 11, pass primary filters: 11, did not pass the filter by colors: 5, did not pass the filter by options: 2, added: 4, new vincodes: 0
16-08-2012 11:11:59 --- INFO: Lexus LX 470 - found: 3, pass primary filters: 3, did not pass the filter by colors: 3, did not pass the filter by options: , added: 0, new vincodes: 0
16-08-2012 11:12:00 --- INFO: Lexus LX 470 - found: 0, pass primary filters: 0, did not pass the filter by colors: 0, did not pass the filter by options: 0, added: 0, new vincodes: 0
16-08-2012 11:12:03 --- INFO: Toyota Land Cruiser - found: 1, pass primary filters: 1, did not pass the filter by colors: 1, did not pass the filter by options: 0, added: 0, new vincodes: 0
16-08-2012 11:12:04 --- INFO: Honda CR-V - found: 18, pass primary filters: 1, did not pass the filter by colors: 0, did not pass the filter by options: 0, added: 1, new vincodes: 0
16-08-2012 11:12:43 --- INFO: Toyota 4RUNNER 4WD V6 - found: 33, pass primary filters: 15, did not pass the filter by colors: 9, did not pass the filter by options: , added: 6, new vincodes: 0
16-08-2012 11:13:13 --- INFO: Toyota Highlander 4WD - found: 51, pass primary filters: 3, did not pass the filter by colors: 2, did not pass the filter by options: 0, added: 1, new vincodes: 1
16-08-2012 11:13:14 --- INFO: Toyota Highlander - found: 4, pass primary filters: 0, did not pass the filter by colors: 0, did not pass the filter by options: 0, added: 0, new vincodes: 0
16-08-2012 11:13:18 --- INFO: Lexus RX 350 - found: 1, pass primary filters: 1, did not pass the filter by colors: 1, did not pass the filter by options: 0, added: 0, new vincodes: 0
16-08-2012 11:13:21 --- INFO: Toyota 4RUNNER Limited V6 - found: 60, pass primary filters: 2, did not pass the filter by colors: 1, did not pass the filter by options: , added: 1, new vincodes: 0
16-08-2012 11:13:21 --- INFO: finish: 16-08-2012 11:13:21
16-08-2012 11:13:21 --- INFO: elapsed time: ~200.17 sec., memory usage: ~2.7 Mb.
16-08-2012 11:40:01 --- INFO: start: 16-08-2012 11:40:01
16-08-2012 11:40:01 --- INFO: ----------Source_Megaavto (cli)
16-08-2012 11:42:12 --- INFO: Lexus GX 470 - found: 146, pass primary filters: 77, did not pass the filter by colors: 21, did not pass the filter by options: 28, added: 28, new vincodes: 0
16-08-2012 11:42:12 --- INFO: finish: 16-08-2012 11:42:12
16-08-2012 11:42:12 --- INFO: elapsed time: ~130.44 sec., memory usage: ~2.67 Mb.
16-08-2012 12:20:02 --- INFO: start: 16-08-2012 12:20:02
16-08-2012 12:20:02 --- INFO: ----------Source_Adesa (cli)
16-08-2012 12:20:03 --- INFO: Authorized request
16-08-2012 12:20:24 --- INFO: Lexus RX 330 - found: 30, pass primary filters: 13, did not pass the filter by colors: 7, did not pass the filter by options: 4, added: 2, new vincodes: 0
16-08-2012 12:20:24 --- INFO: Lexus RX 400H - found: 0, pass primary filters: 0, did not pass the filter by colors: 0, did not pass the filter by options: 0, added: 0, new vincodes: 0
16-08-2012 12:20:47 --- INFO: Lexus GX 470 - found: 18, pass primary filters: 15, did not pass the filter by colors: 11, did not pass the filter by options: 2, added: 2, new vincodes: 0
16-08-2012 12:21:05 --- INFO: Lexus GX 470 - found: 11, pass primary filters: 11, did not pass the filter by colors: 5, did not pass the filter by options: 2, added: 4, new vincodes: 0
16-08-2012 12:21:14 --- INFO: Lexus LX 470 - found: 3, pass primary filters: 3, did not pass the filter by colors: 3, did not pass the filter by options: , added: 0, new vincodes: 0
16-08-2012 12:21:14 --- INFO: Lexus LX 470 - found: 0, pass primary filters: 0, did not pass the filter by colors: 0, did not pass the filter by options: 0, added: 0, new vincodes: 0
16-08-2012 12:21:18 --- INFO: Toyota Land Cruiser - found: 1, pass primary filters: 1, did not pass the filter by colors: 1, did not pass the filter by options: 0, added: 0, new vincodes: 0
16-08-2012 12:21:19 --- INFO: Honda CR-V - found: 18, pass primary filters: 1, did not pass the filter by colors: 0, did not pass the filter by options: 0, added: 1, new vincodes: 0
16-08-2012 12:21:56 --- INFO: Toyota 4RUNNER 4WD V6 - found: 34, pass primary filters: 15, did not pass the filter by colors: 9, did not pass the filter by options: , added: 6, new vincodes: 0
16-08-2012 12:22:03 --- INFO: Toyota Highlander 4WD - found: 52, pass primary filters: 3, did not pass the filter by colors: 2, did not pass the filter by options: 0, added: 1, new vincodes: 0
16-08-2012 12:22:03 --- INFO: Toyota Highlander - found: 3, pass primary filters: 0, did not pass the filter by colors: 0, did not pass the filter by options: 0, added: 0, new vincodes: 0
16-08-2012 12:22:06 --- INFO: Lexus RX 350 - found: 1, pass primary filters: 1, did not pass the filter by colors: 1, did not pass the filter by options: 0, added: 0, new vincodes: 0
16-08-2012 12:22:09 --- INFO: Toyota 4RUNNER Limited V6 - found: 62, pass primary filters: 2, did not pass the filter by colors: 1, did not pass the filter by options: , added: 1, new vincodes: 0
16-08-2012 12:22:09 --- INFO: finish: 16-08-2012 12:22:09
16-08-2012 12:22:09 --- INFO: elapsed time: ~127.62 sec., memory usage: ~2.67 Mb.
16-08-2012 12:50:01 --- INFO: start: 16-08-2012 12:50:01
16-08-2012 12:50:01 --- INFO: ----------Source_Megaavto (cli)
16-08-2012 12:57:48 --- INFO: Lexus GX 470 - found: 155, pass primary filters: 80, did not pass the filter by colors: 21, did not pass the filter by options: 28, added: 31, new vincodes: 1
16-08-2012 12:57:48 --- INFO: finish: 16-08-2012 12:57:48
16-08-2012 12:57:48 --- INFO: elapsed time: ~466.92 sec., memory usage: ~2.74 Mb.
16-08-2012 13:20:01 --- INFO: start: 16-08-2012 13:20:01
16-08-2012 13:20:01 --- INFO: ----------Source_Adesa (cli)
16-08-2012 13:20:02 --- INFO: Authorized request
16-08-2012 13:20:31 --- INFO: Lexus RX 330 - found: 31, pass primary filters: 13, did not pass the filter by colors: 7, did not pass the filter by options: 4, added: 2, new vincodes: 0
16-08-2012 13:20:31 --- INFO: Lexus RX 400H - found: 0, pass primary filters: 0, did not pass the filter by colors: 0, did not pass the filter by options: 0, added: 0, new vincodes: 0
16-08-2012 13:20:52 --- INFO: Lexus GX 470 - found: 18, pass primary filters: 15, did not pass the filter by colors: 11, did not pass the filter by options: 2, added: 2, new vincodes: 0
16-08-2012 13:21:08 --- INFO: Lexus GX 470 - found: 11, pass primary filters: 11, did not pass the filter by colors: 5, did not pass the filter by options: 2, added: 4, new vincodes: 0
16-08-2012 13:21:13 --- INFO: Lexus LX 470 - found: 3, pass primary filters: 3, did not pass the filter by colors: 3, did not pass the filter by options: , added: 0, new vincodes: 0
16-08-2012 13:21:13 --- INFO: Lexus LX 470 - found: 0, pass primary filters: 0, did not pass the filter by colors: 0, did not pass the filter by options: 0, added: 0, new vincodes: 0
16-08-2012 13:21:17 --- INFO: Toyota Land Cruiser - found: 1, pass primary filters: 1, did not pass the filter by colors: 1, did not pass the filter by options: 0, added: 0, new vincodes: 0
16-08-2012 13:21:18 --- INFO: Honda CR-V - found: 21, pass primary filters: 1, did not pass the filter by colors: 0, did not pass the filter by options: 0, added: 1, new vincodes: 0
16-08-2012 13:21:47 --- INFO: Toyota 4RUNNER 4WD V6 - found: 34, pass primary filters: 15, did not pass the filter by colors: 9, did not pass the filter by options: , added: 6, new vincodes: 0
16-08-2012 13:21:53 --- INFO: Toyota Highlander 4WD - found: 53, pass primary filters: 3, did not pass the filter by colors: 2, did not pass the filter by options: 0, added: 1, new vincodes: 0
16-08-2012 13:21:53 --- INFO: Toyota Highlander - found: 3, pass primary filters: 0, did not pass the filter by colors: 0, did not pass the filter by options: 0, added: 0, new vincodes: 0
16-08-2012 13:21:57 --- INFO: Lexus RX 350 - found: 1, pass primary filters: 1, did not pass the filter by colors: 1, did not pass the filter by options: 0, added: 0, new vincodes: 0
16-08-2012 13:21:59 --- INFO: Toyota 4RUNNER Limited V6 - found: 64, pass primary filters: 2, did not pass the filter by colors: 1, did not pass the filter by options: , added: 1, new vincodes: 0
16-08-2012 13:21:59 --- INFO: finish: 16-08-2012 13:21:59
16-08-2012 13:21:59 --- INFO: elapsed time: ~117.74 sec., memory usage: ~2.67 Mb.
16-08-2012 13:50:01 --- INFO: start: 16-08-2012 13:50:01
16-08-2012 13:50:01 --- INFO: ----------Source_Megaavto (cli)
16-08-2012 13:52:00 --- INFO: Lexus GX 470 - found: 155, pass primary filters: 80, did not pass the filter by colors: 21, did not pass the filter by options: 28, added: 31, new vincodes: 0
16-08-2012 13:52:00 --- INFO: finish: 16-08-2012 13:52:00
16-08-2012 13:52:00 --- INFO: elapsed time: ~119.04 sec., memory usage: ~2.7 Mb.
16-08-2012 16:10:01 --- INFO: start: 16-08-2012 16:10:01
16-08-2012 16:10:01 --- INFO: ----------Source_Adesa (cli)
16-08-2012 16:10:02 --- INFO: Authorized request
16-08-2012 16:10:19 --- INFO: Lexus RX 330 - found: 31, pass primary filters: 13, did not pass the filter by colors: 7, did not pass the filter by options: 4, added: 2, new vincodes: 0
16-08-2012 16:10:19 --- INFO: Lexus RX 400H - found: 0, pass primary filters: 0, did not pass the filter by colors: 0, did not pass the filter by options: 0, added: 0, new vincodes: 0
16-08-2012 16:11:04 --- INFO: Lexus GX 470 - found: 19, pass primary filters: 17, did not pass the filter by colors: 12, did not pass the filter by options: 3, added: 2, new vincodes: 1
16-08-2012 16:11:20 --- INFO: Lexus GX 470 - found: 11, pass primary filters: 11, did not pass the filter by colors: 5, did not pass the filter by options: 2, added: 4, new vincodes: 0
16-08-2012 16:11:23 --- INFO: Lexus LX 470 - found: 3, pass primary filters: 3, did not pass the filter by colors: 3, did not pass the filter by options: , added: 0, new vincodes: 0
16-08-2012 16:11:23 --- INFO: Lexus LX 470 - found: 0, pass primary filters: 0, did not pass the filter by colors: 0, did not pass the filter by options: 0, added: 0, new vincodes: 0
16-08-2012 16:11:27 --- INFO: Toyota Land Cruiser - found: 1, pass primary filters: 1, did not pass the filter by colors: 1, did not pass the filter by options: 0, added: 0, new vincodes: 0
16-08-2012 16:11:27 --- INFO: Honda CR-V - found: 25, pass primary filters: 1, did not pass the filter by colors: 0, did not pass the filter by options: 0, added: 1, new vincodes: 0
16-08-2012 16:11:57 --- INFO: Toyota 4RUNNER 4WD V6 - found: 34, pass primary filters: 15, did not pass the filter by colors: 9, did not pass the filter by options: , added: 6, new vincodes: 0
16-08-2012 16:12:03 --- INFO: Toyota Highlander 4WD - found: 55, pass primary filters: 3, did not pass the filter by colors: 2, did not pass the filter by options: 0, added: 1, new vincodes: 0
16-08-2012 16:12:03 --- INFO: Toyota Highlander - found: 3, pass primary filters: 0, did not pass the filter by colors: 0, did not pass the filter by options: 0, added: 0, new vincodes: 0
16-08-2012 16:12:07 --- INFO: Lexus RX 350 - found: 1, pass primary filters: 1, did not pass the filter by colors: 1, did not pass the filter by options: 0, added: 0, new vincodes: 0
16-08-2012 16:12:09 --- INFO: Toyota 4RUNNER Limited V6 - found: 66, pass primary filters: 2, did not pass the filter by colors: 1, did not pass the filter by options: , added: 1, new vincodes: 0
16-08-2012 16:12:09 --- INFO: finish: 16-08-2012 16:12:09
16-08-2012 16:12:09 --- INFO: elapsed time: ~127.74 sec., memory usage: ~2.72 Mb.
16-08-2012 16:40:01 --- INFO: start: 16-08-2012 16:40:01
16-08-2012 16:40:01 --- INFO: ----------Source_Megaavto (cli)
16-08-2012 16:42:23 --- INFO: Lexus GX 470 - found: 155, pass primary filters: 81, did not pass the filter by colors: 22, did not pass the filter by options: 28, added: 31, new vincodes: 0
16-08-2012 16:42:23 --- INFO: finish: 16-08-2012 16:42:23
16-08-2012 16:42:23 --- INFO: elapsed time: ~141.89 sec., memory usage: ~2.7 Mb.
16-08-2012 18:10:01 --- INFO: start: 16-08-2012 18:10:01
16-08-2012 18:10:01 --- INFO: ----------Source_Adesa (cli)
16-08-2012 18:10:02 --- INFO: Authorized request
16-08-2012 18:10:19 --- INFO: Lexus RX 330 - found: 32, pass primary filters: 13, did not pass the filter by colors: 7, did not pass the filter by options: 4, added: 2, new vincodes: 0
16-08-2012 18:10:20 --- INFO: Lexus RX 400H - found: 0, pass primary filters: 0, did not pass the filter by colors: 0, did not pass the filter by options: 0, added: 0, new vincodes: 0
16-08-2012 18:10:49 --- INFO: Lexus GX 470 - found: 20, pass primary filters: 18, did not pass the filter by colors: 12, did not pass the filter by options: 4, added: 2, new vincodes: 1
16-08-2012 18:11:06 --- INFO: Lexus GX 470 - found: 11, pass primary filters: 11, did not pass the filter by colors: 5, did not pass the filter by options: 2, added: 4, new vincodes: 0
16-08-2012 18:11:08 --- INFO: Lexus LX 470 - found: 4, pass primary filters: 3, did not pass the filter by colors: 3, did not pass the filter by options: , added: 0, new vincodes: 0
16-08-2012 18:11:08 --- INFO: Lexus LX 470 - found: 0, pass primary filters: 0, did not pass the filter by colors: 0, did not pass the filter by options: 0, added: 0, new vincodes: 0
16-08-2012 18:11:12 --- INFO: Toyota Land Cruiser - found: 1, pass primary filters: 1, did not pass the filter by colors: 1, did not pass the filter by options: 0, added: 0, new vincodes: 0
16-08-2012 18:11:12 --- INFO: Honda CR-V - found: 25, pass primary filters: 1, did not pass the filter by colors: 0, did not pass the filter by options: 0, added: 1, new vincodes: 0
16-08-2012 18:11:41 --- INFO: Toyota 4RUNNER 4WD V6 - found: 33, pass primary filters: 15, did not pass the filter by colors: 9, did not pass the filter by options: , added: 6, new vincodes: 0
16-08-2012 18:12:04 --- INFO: Toyota Highlander 4WD - found: 59, pass primary filters: 4, did not pass the filter by colors: 3, did not pass the filter by options: 0, added: 1, new vincodes: 1
16-08-2012 18:12:05 --- INFO: Toyota Highlander - found: 4, pass primary filters: 0, did not pass the filter by colors: 0, did not pass the filter by options: 0, added: 0, new vincodes: 0
16-08-2012 18:12:08 --- INFO: Lexus RX 350 - found: 1, pass primary filters: 1, did not pass the filter by colors: 1, did not pass the filter by options: 0, added: 0, new vincodes: 0
16-08-2012 18:12:10 --- INFO: Toyota 4RUNNER Limited V6 - found: 65, pass primary filters: 2, did not pass the filter by colors: 1, did not pass the filter by options: , added: 1, new vincodes: 0
16-08-2012 18:12:10 --- INFO: finish: 16-08-2012 18:12:10
16-08-2012 18:12:10 --- INFO: elapsed time: ~129.12 sec., memory usage: ~2.74 Mb.
16-08-2012 18:40:01 --- INFO: start: 16-08-2012 18:40:01
16-08-2012 18:40:01 --- INFO: ----------Source_Megaavto (cli)
16-08-2012 18:42:17 --- INFO: Lexus GX 470 - found: 155, pass primary filters: 81, did not pass the filter by colors: 22, did not pass the filter by options: 28, added: 31, new vincodes: 0
16-08-2012 18:42:17 --- INFO: finish: 16-08-2012 18:42:17
16-08-2012 18:42:17 --- INFO: elapsed time: ~135.57 sec., memory usage: ~2.7 Mb.