
16-07-2012 06:10:01 --- INFO: start: 16-07-2012 06:10:01
16-07-2012 06:10:01 --- INFO: ----------Source_Adesa (cli)
16-07-2012 06:10:02 --- INFO: Authorized request
16-07-2012 06:10:16 --- INFO: Lexus RX 330 - found: 12, pass primary filters: 8, did not pass the filter by colors: 8, did not pass the filter by options: 0, added: 0, new vincodes: 0
16-07-2012 06:10:16 --- INFO: Lexus RX 400H - found: 4, pass primary filters: 0, did not pass the filter by colors: 0, did not pass the filter by options: 0, added: 0, new vincodes: 0
16-07-2012 06:10:27 --- INFO: Lexus GX 470 - found: 4, pass primary filters: 4, did not pass the filter by colors: 3, did not pass the filter by options: 0, added: 1, new vincodes: 0
16-07-2012 06:10:39 --- INFO: Lexus GX 470 - found: 5, pass primary filters: 3, did not pass the filter by colors: 2, did not pass the filter by options: 0, added: 1, new vincodes: 0
16-07-2012 06:10:39 --- INFO: Lexus LX 470 - found: 1, pass primary filters: 0, did not pass the filter by colors: 0, did not pass the filter by options: 0, added: 0, new vincodes: 0
16-07-2012 06:10:39 --- INFO: Lexus LX 470 - found: 0, pass primary filters: 0, did not pass the filter by colors: 0, did not pass the filter by options: 0, added: 0, new vincodes: 0
16-07-2012 06:10:43 --- INFO: Toyota Land Cruiser - found: 2, pass primary filters: 1, did not pass the filter by colors: 1, did not pass the filter by options: 0, added: 0, new vincodes: 0
16-07-2012 06:10:50 --- INFO: Toyota 4RUNNER 4WD V6 - found: 19, pass primary filters: 4, did not pass the filter by colors: 3, did not pass the filter by options: , added: 1, new vincodes: 0
16-07-2012 06:10:51 --- INFO: Toyota Highlander 4WD - found: 15, pass primary filters: 0, did not pass the filter by colors: 0, did not pass the filter by options: 0, added: 0, new vincodes: 0
16-07-2012 06:10:51 --- INFO: Toyota Highlander - found: 5, pass primary filters: 0, did not pass the filter by colors: 0, did not pass the filter by options: 0, added: 0, new vincodes: 0
16-07-2012 06:10:55 --- INFO: Lexus RX 350 - found: 5, pass primary filters: 2, did not pass the filter by colors: 1, did not pass the filter by options: 0, added: 1, new vincodes: 0
16-07-2012 06:11:01 --- INFO: Toyota 4RUNNER Limited V6 - found: 20, pass primary filters: 2, did not pass the filter by colors: 0, did not pass the filter by options: , added: 2, new vincodes: 0
16-07-2012 06:11:01 --- INFO: finish: 16-07-2012 06:11:01
16-07-2012 06:11:01 --- INFO: elapsed time: ~60.75 sec., memory usage: ~2.26 Mb.
16-07-2012 06:40:01 --- INFO: start: 16-07-2012 06:40:01
16-07-2012 06:40:01 --- INFO: ----------Source_Megaavto (cli)
16-07-2012 06:42:38 --- INFO: Lexus RX 330 - found: 58, pass primary filters: 34, did not pass the filter by colors: 31, did not pass the filter by options: 1, added: 2, new vincodes: 0
16-07-2012 06:42:53 --- INFO: Lexus RX 400H - found: 6, pass primary filters: 3, did not pass the filter by colors: 2, did not pass the filter by options: 0, added: 1, new vincodes: 0
16-07-2012 06:44:15 --- INFO: Lexus GX 470 - found: 27, pass primary filters: 25, did not pass the filter by colors: 20, did not pass the filter by options: 1, added: 4, new vincodes: 0
16-07-2012 06:46:09 --- INFO: Lexus GX 470 - found: 43, pass primary filters: 29, did not pass the filter by colors: 17, did not pass the filter by options: 2, added: 10, new vincodes: 0
16-07-2012 06:46:48 --- INFO: Lexus LX 470 - found: 13, pass primary filters: 10, did not pass the filter by colors: 9, did not pass the filter by options: , added: 1, new vincodes: 0
16-07-2012 06:46:55 --- INFO: Lexus LX 470 - found: 4, pass primary filters: 1, did not pass the filter by colors: 1, did not pass the filter by options: , added: 0, new vincodes: 0
16-07-2012 06:47:12 --- INFO: Toyota Land Cruiser - found: 6, pass primary filters: 6, did not pass the filter by colors: 6, did not pass the filter by options: 0, added: 0, new vincodes: 0
16-07-2012 06:49:25 --- INFO: Toyota 4RUNNER 4WD V6 - found: 49, pass primary filters: 17, did not pass the filter by colors: 9, did not pass the filter by options: , added: 8, new vincodes: 0
16-07-2012 06:52:49 --- INFO: Toyota Highlander 4WD - found: 83, pass primary filters: 3, did not pass the filter by colors: 2, did not pass the filter by options: 0, added: 1, new vincodes: 0
16-07-2012 06:53:15 --- INFO: Toyota Highlander - found: 9, pass primary filters: 0, did not pass the filter by colors: 0, did not pass the filter by options: , added: 0, new vincodes: 0
16-07-2012 06:54:35 --- INFO: Lexus RX 350 - found: 28, pass primary filters: 9, did not pass the filter by colors: 8, did not pass the filter by options: 0, added: 1, new vincodes: 0
16-07-2012 06:56:28 --- INFO: Toyota 4RUNNER Limited V6 - found: 71, pass primary filters: 4, did not pass the filter by colors: 3, did not pass the filter by options: , added: 1, new vincodes: 0
16-07-2012 06:56:28 --- INFO: finish: 16-07-2012 06:56:28
16-07-2012 06:56:28 --- INFO: elapsed time: ~987.19 sec., memory usage: ~3.2 Mb.
16-07-2012 08:10:01 --- INFO: start: 16-07-2012 08:10:01
16-07-2012 08:10:01 --- INFO: ----------Source_Adesa (cli)
16-07-2012 08:10:02 --- INFO: Authorized request
16-07-2012 08:10:19 --- INFO: Lexus RX 330 - found: 12, pass primary filters: 8, did not pass the filter by colors: 8, did not pass the filter by options: 0, added: 0, new vincodes: 0
16-07-2012 08:10:20 --- INFO: Lexus RX 400H - found: 4, pass primary filters: 0, did not pass the filter by colors: 0, did not pass the filter by options: 0, added: 0, new vincodes: 0
16-07-2012 08:10:30 --- INFO: Lexus GX 470 - found: 4, pass primary filters: 4, did not pass the filter by colors: 3, did not pass the filter by options: 0, added: 1, new vincodes: 0
16-07-2012 08:10:39 --- INFO: Lexus GX 470 - found: 5, pass primary filters: 3, did not pass the filter by colors: 2, did not pass the filter by options: 0, added: 1, new vincodes: 0
16-07-2012 08:10:39 --- INFO: Lexus LX 470 - found: 1, pass primary filters: 0, did not pass the filter by colors: 0, did not pass the filter by options: 0, added: 0, new vincodes: 0
16-07-2012 08:10:39 --- INFO: Lexus LX 470 - found: 0, pass primary filters: 0, did not pass the filter by colors: 0, did not pass the filter by options: 0, added: 0, new vincodes: 0
16-07-2012 08:10:44 --- INFO: Toyota Land Cruiser - found: 2, pass primary filters: 1, did not pass the filter by colors: 1, did not pass the filter by options: 0, added: 0, new vincodes: 0
16-07-2012 08:10:52 --- INFO: Toyota 4RUNNER 4WD V6 - found: 20, pass primary filters: 4, did not pass the filter by colors: 3, did not pass the filter by options: , added: 1, new vincodes: 0
16-07-2012 08:10:52 --- INFO: Toyota Highlander 4WD - found: 15, pass primary filters: 0, did not pass the filter by colors: 0, did not pass the filter by options: 0, added: 0, new vincodes: 0
16-07-2012 08:10:52 --- INFO: Toyota Highlander - found: 5, pass primary filters: 0, did not pass the filter by colors: 0, did not pass the filter by options: 0, added: 0, new vincodes: 0
16-07-2012 08:10:56 --- INFO: Lexus RX 350 - found: 5, pass primary filters: 2, did not pass the filter by colors: 1, did not pass the filter by options: 0, added: 1, new vincodes: 0
16-07-2012 08:11:03 --- INFO: Toyota 4RUNNER Limited V6 - found: 21, pass primary filters: 2, did not pass the filter by colors: 0, did not pass the filter by options: , added: 2, new vincodes: 0
16-07-2012 08:11:03 --- INFO: finish: 16-07-2012 08:11:03
16-07-2012 08:11:03 --- INFO: elapsed time: ~62.07 sec., memory usage: ~2.25 Mb.
16-07-2012 08:40:01 --- INFO: start: 16-07-2012 08:40:01
16-07-2012 08:40:01 --- INFO: ----------Source_Megaavto (cli)
16-07-2012 08:40:54 --- INFO: Lexus RX 330 - found: 58, pass primary filters: 34, did not pass the filter by colors: 31, did not pass the filter by options: 1, added: 2, new vincodes: 0
16-07-2012 08:41:00 --- INFO: Lexus RX 400H - found: 6, pass primary filters: 3, did not pass the filter by colors: 2, did not pass the filter by options: 0, added: 1, new vincodes: 0
16-07-2012 08:41:29 --- INFO: Lexus GX 470 - found: 27, pass primary filters: 25, did not pass the filter by colors: 20, did not pass the filter by options: 1, added: 4, new vincodes: 0
16-07-2012 08:42:12 --- INFO: Lexus GX 470 - found: 43, pass primary filters: 29, did not pass the filter by colors: 17, did not pass the filter by options: 2, added: 10, new vincodes: 0
16-07-2012 08:42:25 --- INFO: Lexus LX 470 - found: 13, pass primary filters: 10, did not pass the filter by colors: 9, did not pass the filter by options: , added: 1, new vincodes: 0
16-07-2012 08:42:29 --- INFO: Lexus LX 470 - found: 4, pass primary filters: 1, did not pass the filter by colors: 1, did not pass the filter by options: , added: 0, new vincodes: 0
16-07-2012 08:42:36 --- INFO: Toyota Land Cruiser - found: 6, pass primary filters: 6, did not pass the filter by colors: 6, did not pass the filter by options: 0, added: 0, new vincodes: 0
16-07-2012 08:43:18 --- INFO: Toyota 4RUNNER 4WD V6 - found: 49, pass primary filters: 17, did not pass the filter by colors: 9, did not pass the filter by options: , added: 8, new vincodes: 0
16-07-2012 08:44:35 --- INFO: Toyota Highlander 4WD - found: 83, pass primary filters: 3, did not pass the filter by colors: 2, did not pass the filter by options: 0, added: 1, new vincodes: 0
16-07-2012 08:44:44 --- INFO: Toyota Highlander - found: 9, pass primary filters: 0, did not pass the filter by colors: 0, did not pass the filter by options: , added: 0, new vincodes: 0
16-07-2012 08:45:12 --- INFO: Lexus RX 350 - found: 28, pass primary filters: 9, did not pass the filter by colors: 8, did not pass the filter by options: 0, added: 1, new vincodes: 0
16-07-2012 08:46:15 --- INFO: Toyota 4RUNNER Limited V6 - found: 71, pass primary filters: 4, did not pass the filter by colors: 3, did not pass the filter by options: , added: 1, new vincodes: 0
16-07-2012 08:46:15 --- INFO: finish: 16-07-2012 08:46:15
16-07-2012 08:46:15 --- INFO: elapsed time: ~374.38 sec., memory usage: ~3.2 Mb.
16-07-2012 09:10:01 --- INFO: start: 16-07-2012 09:10:01
16-07-2012 09:10:02 --- INFO: ----------Source_Adesa (cli)
16-07-2012 09:10:02 --- INFO: Authorized request
16-07-2012 09:10:19 --- INFO: Lexus RX 330 - found: 15, pass primary filters: 10, did not pass the filter by colors: 10, did not pass the filter by options: 0, added: 0, new vincodes: 0
16-07-2012 09:10:19 --- INFO: Lexus RX 400H - found: 4, pass primary filters: 0, did not pass the filter by colors: 0, did not pass the filter by options: 0, added: 0, new vincodes: 0
16-07-2012 09:10:30 --- INFO: Lexus GX 470 - found: 4, pass primary filters: 4, did not pass the filter by colors: 3, did not pass the filter by options: 0, added: 1, new vincodes: 0
16-07-2012 09:10:39 --- INFO: Lexus GX 470 - found: 6, pass primary filters: 3, did not pass the filter by colors: 2, did not pass the filter by options: 0, added: 1, new vincodes: 0
16-07-2012 09:10:39 --- INFO: Lexus LX 470 - found: 1, pass primary filters: 0, did not pass the filter by colors: 0, did not pass the filter by options: 0, added: 0, new vincodes: 0
16-07-2012 09:10:39 --- INFO: Lexus LX 470 - found: 0, pass primary filters: 0, did not pass the filter by colors: 0, did not pass the filter by options: 0, added: 0, new vincodes: 0
16-07-2012 09:10:42 --- INFO: Toyota Land Cruiser - found: 2, pass primary filters: 1, did not pass the filter by colors: 1, did not pass the filter by options: 0, added: 0, new vincodes: 0
16-07-2012 09:11:36 --- INFO: Toyota 4RUNNER 4WD V6 - found: 20, pass primary filters: 4, did not pass the filter by colors: 3, did not pass the filter by options: , added: 1, new vincodes: 0
16-07-2012 09:11:36 --- INFO: Toyota Highlander 4WD - found: 16, pass primary filters: 0, did not pass the filter by colors: 0, did not pass the filter by options: 0, added: 0, new vincodes: 0
16-07-2012 09:11:37 --- INFO: Toyota Highlander - found: 5, pass primary filters: 0, did not pass the filter by colors: 0, did not pass the filter by options: 0, added: 0, new vincodes: 0
16-07-2012 09:11:40 --- INFO: Lexus RX 350 - found: 5, pass primary filters: 2, did not pass the filter by colors: 1, did not pass the filter by options: 0, added: 1, new vincodes: 0
16-07-2012 09:11:48 --- INFO: Toyota 4RUNNER Limited V6 - found: 21, pass primary filters: 3, did not pass the filter by colors: 0, did not pass the filter by options: , added: 3, new vincodes: 0
16-07-2012 09:11:48 --- INFO: finish: 16-07-2012 09:11:48
16-07-2012 09:11:48 --- INFO: elapsed time: ~107.01 sec., memory usage: ~2.28 Mb.
16-07-2012 09:40:01 --- INFO: start: 16-07-2012 09:40:01
16-07-2012 09:40:01 --- INFO: ----------Source_Megaavto (cli)
16-07-2012 09:40:59 --- INFO: Lexus RX 330 - found: 58, pass primary filters: 34, did not pass the filter by colors: 31, did not pass the filter by options: 1, added: 2, new vincodes: 0
16-07-2012 09:41:05 --- INFO: Lexus RX 400H - found: 6, pass primary filters: 3, did not pass the filter by colors: 2, did not pass the filter by options: 0, added: 1, new vincodes: 0
16-07-2012 09:41:31 --- INFO: Lexus GX 470 - found: 27, pass primary filters: 25, did not pass the filter by colors: 20, did not pass the filter by options: 1, added: 4, new vincodes: 0
16-07-2012 09:42:11 --- INFO: Lexus GX 470 - found: 43, pass primary filters: 29, did not pass the filter by colors: 17, did not pass the filter by options: 2, added: 10, new vincodes: 0
16-07-2012 09:42:23 --- INFO: Lexus LX 470 - found: 13, pass primary filters: 10, did not pass the filter by colors: 9, did not pass the filter by options: , added: 1, new vincodes: 0
16-07-2012 09:42:28 --- INFO: Lexus LX 470 - found: 4, pass primary filters: 1, did not pass the filter by colors: 1, did not pass the filter by options: , added: 0, new vincodes: 0
16-07-2012 09:42:34 --- INFO: Toyota Land Cruiser - found: 6, pass primary filters: 6, did not pass the filter by colors: 6, did not pass the filter by options: 0, added: 0, new vincodes: 0
16-07-2012 09:43:18 --- INFO: Toyota 4RUNNER 4WD V6 - found: 49, pass primary filters: 17, did not pass the filter by colors: 9, did not pass the filter by options: , added: 8, new vincodes: 0
16-07-2012 09:44:33 --- INFO: Toyota Highlander 4WD - found: 83, pass primary filters: 3, did not pass the filter by colors: 2, did not pass the filter by options: 0, added: 1, new vincodes: 0
16-07-2012 09:44:41 --- INFO: Toyota Highlander - found: 9, pass primary filters: 0, did not pass the filter by colors: 0, did not pass the filter by options: , added: 0, new vincodes: 0
16-07-2012 09:45:11 --- INFO: Lexus RX 350 - found: 28, pass primary filters: 9, did not pass the filter by colors: 8, did not pass the filter by options: 0, added: 1, new vincodes: 0
16-07-2012 09:46:15 --- INFO: Toyota 4RUNNER Limited V6 - found: 71, pass primary filters: 4, did not pass the filter by colors: 3, did not pass the filter by options: , added: 1, new vincodes: 0
16-07-2012 09:46:15 --- INFO: finish: 16-07-2012 09:46:15
16-07-2012 09:46:15 --- INFO: elapsed time: ~373.67 sec., memory usage: ~3.2 Mb.
16-07-2012 10:00:01 --- INFO: start: 16-07-2012 10:00:01
16-07-2012 10:00:01 --- INFO: ----------Source_Adesa (cli)
16-07-2012 10:00:02 --- INFO: Authorized request
16-07-2012 10:00:22 --- INFO: Lexus RX 330 - found: 16, pass primary filters: 10, did not pass the filter by colors: 10, did not pass the filter by options: 0, added: 0, new vincodes: 0
16-07-2012 10:00:23 --- INFO: Lexus RX 400H - found: 4, pass primary filters: 0, did not pass the filter by colors: 0, did not pass the filter by options: 0, added: 0, new vincodes: 0
16-07-2012 10:00:34 --- INFO: Lexus GX 470 - found: 4, pass primary filters: 4, did not pass the filter by colors: 3, did not pass the filter by options: 0, added: 1, new vincodes: 0
16-07-2012 10:00:42 --- INFO: Lexus GX 470 - found: 6, pass primary filters: 3, did not pass the filter by colors: 2, did not pass the filter by options: 0, added: 1, new vincodes: 0
16-07-2012 10:00:45 --- INFO: Lexus LX 470 - found: 1, pass primary filters: 0, did not pass the filter by colors: 0, did not pass the filter by options: 0, added: 0, new vincodes: 0
16-07-2012 10:00:46 --- INFO: Lexus LX 470 - found: 0, pass primary filters: 0, did not pass the filter by colors: 0, did not pass the filter by options: 0, added: 0, new vincodes: 0
16-07-2012 10:00:51 --- INFO: Toyota Land Cruiser - found: 2, pass primary filters: 1, did not pass the filter by colors: 1, did not pass the filter by options: 0, added: 0, new vincodes: 0
16-07-2012 10:01:09 --- INFO: Toyota 4RUNNER 4WD V6 - found: 22, pass primary filters: 5, did not pass the filter by colors: 3, did not pass the filter by options: , added: 2, new vincodes: 0
16-07-2012 10:01:09 --- INFO: Toyota Highlander 4WD - found: 16, pass primary filters: 0, did not pass the filter by colors: 0, did not pass the filter by options: 0, added: 0, new vincodes: 0
16-07-2012 10:01:10 --- INFO: Toyota Highlander - found: 5, pass primary filters: 0, did not pass the filter by colors: 0, did not pass the filter by options: 0, added: 0, new vincodes: 0
16-07-2012 10:01:13 --- INFO: Lexus RX 350 - found: 5, pass primary filters: 2, did not pass the filter by colors: 1, did not pass the filter by options: 0, added: 1, new vincodes: 0
16-07-2012 10:01:22 --- INFO: Toyota 4RUNNER Limited V6 - found: 23, pass primary filters: 3, did not pass the filter by colors: 0, did not pass the filter by options: , added: 3, new vincodes: 0
16-07-2012 10:01:22 --- INFO: finish: 16-07-2012 10:01:22
16-07-2012 10:01:22 --- INFO: elapsed time: ~80.9 sec., memory usage: ~2.29 Mb.
16-07-2012 10:30:01 --- INFO: start: 16-07-2012 10:30:01
16-07-2012 10:30:01 --- INFO: ----------Source_Megaavto (cli)
16-07-2012 10:31:01 --- INFO: Lexus RX 330 - found: 58, pass primary filters: 34, did not pass the filter by colors: 31, did not pass the filter by options: 1, added: 2, new vincodes: 0
16-07-2012 10:31:06 --- INFO: Lexus RX 400H - found: 6, pass primary filters: 3, did not pass the filter by colors: 2, did not pass the filter by options: 0, added: 1, new vincodes: 0
16-07-2012 10:31:33 --- INFO: Lexus GX 470 - found: 27, pass primary filters: 25, did not pass the filter by colors: 20, did not pass the filter by options: 1, added: 4, new vincodes: 0
16-07-2012 10:32:14 --- INFO: Lexus GX 470 - found: 43, pass primary filters: 29, did not pass the filter by colors: 17, did not pass the filter by options: 2, added: 10, new vincodes: 0
16-07-2012 10:32:27 --- INFO: Lexus LX 470 - found: 13, pass primary filters: 10, did not pass the filter by colors: 9, did not pass the filter by options: , added: 1, new vincodes: 0
16-07-2012 10:32:32 --- INFO: Lexus LX 470 - found: 4, pass primary filters: 1, did not pass the filter by colors: 1, did not pass the filter by options: , added: 0, new vincodes: 0
16-07-2012 10:32:39 --- INFO: Toyota Land Cruiser - found: 6, pass primary filters: 6, did not pass the filter by colors: 6, did not pass the filter by options: 0, added: 0, new vincodes: 0
16-07-2012 10:33:24 --- INFO: Toyota 4RUNNER 4WD V6 - found: 49, pass primary filters: 17, did not pass the filter by colors: 9, did not pass the filter by options: , added: 8, new vincodes: 0
16-07-2012 10:34:39 --- INFO: Toyota Highlander 4WD - found: 83, pass primary filters: 3, did not pass the filter by colors: 2, did not pass the filter by options: 0, added: 1, new vincodes: 0
16-07-2012 10:34:49 --- INFO: Toyota Highlander - found: 9, pass primary filters: 0, did not pass the filter by colors: 0, did not pass the filter by options: , added: 0, new vincodes: 0
16-07-2012 10:35:17 --- INFO: Lexus RX 350 - found: 28, pass primary filters: 9, did not pass the filter by colors: 8, did not pass the filter by options: 0, added: 1, new vincodes: 0
16-07-2012 10:36:21 --- INFO: Toyota 4RUNNER Limited V6 - found: 71, pass primary filters: 4, did not pass the filter by colors: 3, did not pass the filter by options: , added: 1, new vincodes: 0
16-07-2012 10:36:21 --- INFO: finish: 16-07-2012 10:36:21
16-07-2012 10:36:21 --- INFO: elapsed time: ~380.29 sec., memory usage: ~3.2 Mb.
16-07-2012 11:10:01 --- INFO: start: 16-07-2012 11:10:01
16-07-2012 11:10:01 --- INFO: ----------Source_Adesa (cli)
16-07-2012 11:10:02 --- INFO: Authorized request
16-07-2012 11:10:40 --- INFO: Lexus RX 330 - found: 18, pass primary filters: 13, did not pass the filter by colors: 13, did not pass the filter by options: 0, added: 0, new vincodes: 2
16-07-2012 11:10:40 --- INFO: Lexus RX 400H - found: 4, pass primary filters: 0, did not pass the filter by colors: 0, did not pass the filter by options: 0, added: 0, new vincodes: 0
16-07-2012 11:10:50 --- INFO: Lexus GX 470 - found: 4, pass primary filters: 4, did not pass the filter by colors: 3, did not pass the filter by options: 0, added: 1, new vincodes: 0
16-07-2012 11:10:58 --- INFO: Lexus GX 470 - found: 7, pass primary filters: 3, did not pass the filter by colors: 2, did not pass the filter by options: 0, added: 1, new vincodes: 0
16-07-2012 11:11:15 --- INFO: Lexus LX 470 - found: 1, pass primary filters: 1, did not pass the filter by colors: 1, did not pass the filter by options: , added: 0, new vincodes: 1
16-07-2012 11:11:15 --- INFO: Lexus LX 470 - found: 0, pass primary filters: 0, did not pass the filter by colors: 0, did not pass the filter by options: 0, added: 0, new vincodes: 0
16-07-2012 11:11:25 --- INFO: Toyota Land Cruiser - found: 2, pass primary filters: 2, did not pass the filter by colors: 2, did not pass the filter by options: 0, added: 0, new vincodes: 0
16-07-2012 11:11:55 --- INFO: Toyota 4RUNNER 4WD V6 - found: 23, pass primary filters: 6, did not pass the filter by colors: 3, did not pass the filter by options: , added: 3, new vincodes: 0
16-07-2012 11:11:56 --- INFO: Toyota Highlander 4WD - found: 19, pass primary filters: 0, did not pass the filter by colors: 0, did not pass the filter by options: 0, added: 0, new vincodes: 0
16-07-2012 11:11:56 --- INFO: Toyota Highlander - found: 5, pass primary filters: 0, did not pass the filter by colors: 0, did not pass the filter by options: 0, added: 0, new vincodes: 0
16-07-2012 11:11:59 --- INFO: Lexus RX 350 - found: 5, pass primary filters: 2, did not pass the filter by colors: 1, did not pass the filter by options: 0, added: 1, new vincodes: 0
16-07-2012 11:12:08 --- INFO: Toyota 4RUNNER Limited V6 - found: 24, pass primary filters: 3, did not pass the filter by colors: 0, did not pass the filter by options: , added: 3, new vincodes: 0
16-07-2012 11:12:08 --- INFO: finish: 16-07-2012 11:12:08
16-07-2012 11:12:08 --- INFO: elapsed time: ~126.55 sec., memory usage: ~2.39 Mb.
16-07-2012 11:40:01 --- INFO: start: 16-07-2012 11:40:01
16-07-2012 11:40:01 --- INFO: ----------Source_Megaavto (cli)
16-07-2012 11:41:04 --- INFO: Lexus RX 330 - found: 58, pass primary filters: 34, did not pass the filter by colors: 31, did not pass the filter by options: 1, added: 2, new vincodes: 0
16-07-2012 11:41:11 --- INFO: Lexus RX 400H - found: 6, pass primary filters: 3, did not pass the filter by colors: 2, did not pass the filter by options: 0, added: 1, new vincodes: 0
16-07-2012 11:41:39 --- INFO: Lexus GX 470 - found: 27, pass primary filters: 25, did not pass the filter by colors: 20, did not pass the filter by options: 1, added: 4, new vincodes: 0
16-07-2012 11:42:18 --- INFO: Lexus GX 470 - found: 43, pass primary filters: 29, did not pass the filter by colors: 17, did not pass the filter by options: 2, added: 10, new vincodes: 0
16-07-2012 11:42:31 --- INFO: Lexus LX 470 - found: 13, pass primary filters: 10, did not pass the filter by colors: 9, did not pass the filter by options: , added: 1, new vincodes: 0
16-07-2012 11:42:36 --- INFO: Lexus LX 470 - found: 4, pass primary filters: 1, did not pass the filter by colors: 1, did not pass the filter by options: , added: 0, new vincodes: 0
16-07-2012 11:42:43 --- INFO: Toyota Land Cruiser - found: 6, pass primary filters: 6, did not pass the filter by colors: 6, did not pass the filter by options: 0, added: 0, new vincodes: 0
16-07-2012 11:43:28 --- INFO: Toyota 4RUNNER 4WD V6 - found: 49, pass primary filters: 17, did not pass the filter by colors: 9, did not pass the filter by options: , added: 8, new vincodes: 0
16-07-2012 11:44:50 --- INFO: Toyota Highlander 4WD - found: 83, pass primary filters: 3, did not pass the filter by colors: 2, did not pass the filter by options: 0, added: 1, new vincodes: 0
16-07-2012 11:44:59 --- INFO: Toyota Highlander - found: 9, pass primary filters: 0, did not pass the filter by colors: 0, did not pass the filter by options: , added: 0, new vincodes: 0
16-07-2012 11:45:29 --- INFO: Lexus RX 350 - found: 28, pass primary filters: 9, did not pass the filter by colors: 8, did not pass the filter by options: 0, added: 1, new vincodes: 0
16-07-2012 11:46:35 --- INFO: Toyota 4RUNNER Limited V6 - found: 71, pass primary filters: 4, did not pass the filter by colors: 3, did not pass the filter by options: , added: 1, new vincodes: 0
16-07-2012 11:46:35 --- INFO: finish: 16-07-2012 11:46:35
16-07-2012 11:46:35 --- INFO: elapsed time: ~394.69 sec., memory usage: ~3.2 Mb.
16-07-2012 12:20:01 --- INFO: start: 16-07-2012 12:20:01
16-07-2012 12:20:01 --- INFO: ----------Source_Adesa (cli)
16-07-2012 12:20:02 --- INFO: Authorized request
16-07-2012 12:20:23 --- INFO: Lexus RX 330 - found: 18, pass primary filters: 13, did not pass the filter by colors: 13, did not pass the filter by options: 0, added: 0, new vincodes: 0
16-07-2012 12:20:37 --- INFO: Lexus RX 400H - found: 4, pass primary filters: 2, did not pass the filter by colors: 1, did not pass the filter by options: 0, added: 1, new vincodes: 0
16-07-2012 12:20:50 --- INFO: Lexus GX 470 - found: 4, pass primary filters: 4, did not pass the filter by colors: 3, did not pass the filter by options: 0, added: 1, new vincodes: 0
16-07-2012 12:21:00 --- INFO: Lexus GX 470 - found: 8, pass primary filters: 4, did not pass the filter by colors: 2, did not pass the filter by options: 0, added: 2, new vincodes: 1
16-07-2012 12:21:03 --- INFO: Lexus LX 470 - found: 1, pass primary filters: 1, did not pass the filter by colors: 1, did not pass the filter by options: , added: 0, new vincodes: 0
16-07-2012 12:21:03 --- INFO: Lexus LX 470 - found: 0, pass primary filters: 0, did not pass the filter by colors: 0, did not pass the filter by options: 0, added: 0, new vincodes: 0
16-07-2012 12:21:10 --- INFO: Toyota Land Cruiser - found: 2, pass primary filters: 2, did not pass the filter by colors: 2, did not pass the filter by options: 0, added: 0, new vincodes: 0
16-07-2012 12:21:37 --- INFO: Toyota 4RUNNER 4WD V6 - found: 24, pass primary filters: 7, did not pass the filter by colors: 4, did not pass the filter by options: , added: 3, new vincodes: 1
16-07-2012 12:21:37 --- INFO: Toyota Highlander 4WD - found: 20, pass primary filters: 0, did not pass the filter by colors: 0, did not pass the filter by options: 0, added: 0, new vincodes: 0
16-07-2012 12:21:37 --- INFO: Toyota Highlander - found: 4, pass primary filters: 0, did not pass the filter by colors: 0, did not pass the filter by options: 0, added: 0, new vincodes: 0
16-07-2012 12:21:41 --- INFO: Lexus RX 350 - found: 5, pass primary filters: 2, did not pass the filter by colors: 1, did not pass the filter by options: 0, added: 1, new vincodes: 0
16-07-2012 12:21:49 --- INFO: Toyota 4RUNNER Limited V6 - found: 25, pass primary filters: 3, did not pass the filter by colors: 0, did not pass the filter by options: , added: 3, new vincodes: 0
16-07-2012 12:21:49 --- INFO: finish: 16-07-2012 12:21:49
16-07-2012 12:21:49 --- INFO: elapsed time: ~107.59 sec., memory usage: ~2.43 Mb.
16-07-2012 12:50:01 --- INFO: start: 16-07-2012 12:50:01
16-07-2012 12:50:01 --- INFO: ----------Source_Megaavto (cli)
16-07-2012 12:54:43 --- INFO: Lexus RX 330 - found: 133, pass primary filters: 65, did not pass the filter by colors: 59, did not pass the filter by options: 1, added: 5, new vincodes: 2
16-07-2012 12:55:18 --- INFO: Lexus RX 400H - found: 18, pass primary filters: 4, did not pass the filter by colors: 3, did not pass the filter by options: 0, added: 1, new vincodes: 0
16-07-2012 12:57:34 --- INFO: Lexus GX 470 - found: 57, pass primary filters: 41, did not pass the filter by colors: 32, did not pass the filter by options: 2, added: 7, new vincodes: 4
16-07-2012 13:01:05 --- INFO: Lexus GX 470 - found: 90, pass primary filters: 52, did not pass the filter by colors: 31, did not pass the filter by options: 3, added: 18, new vincodes: 5
16-07-2012 13:02:13 --- INFO: Lexus LX 470 - found: 36, pass primary filters: 21, did not pass the filter by colors: 19, did not pass the filter by options: , added: 2, new vincodes: 0
16-07-2012 13:02:24 --- INFO: Lexus LX 470 - found: 15, pass primary filters: 2, did not pass the filter by colors: 1, did not pass the filter by options: , added: 1, new vincodes: 0
16-07-2012 13:02:54 --- INFO: Toyota Land Cruiser - found: 10, pass primary filters: 9, did not pass the filter by colors: 9, did not pass the filter by options: 0, added: 0, new vincodes: 0
16-07-2012 13:06:31 --- INFO: Toyota 4RUNNER 4WD V6 - found: 99, pass primary filters: 23, did not pass the filter by colors: 13, did not pass the filter by options: , added: 10, new vincodes: 5
16-07-2012 13:11:41 --- INFO: Toyota Highlander 4WD - found: 156, pass primary filters: 5, did not pass the filter by colors: 3, did not pass the filter by options: 0, added: 2, new vincodes: 0
16-07-2012 13:13:44 --- INFO: Toyota Highlander - found: 53, pass primary filters: 0, did not pass the filter by colors: 0, did not pass the filter by options: , added: 0, new vincodes: 0
16-07-2012 13:16:08 --- INFO: Lexus RX 350 - found: 62, pass primary filters: 12, did not pass the filter by colors: 11, did not pass the filter by options: 0, added: 1, new vincodes: 1
16-07-2012 13:20:14 --- INFO: Toyota 4RUNNER Limited V6 - found: 148, pass primary filters: 6, did not pass the filter by colors: 4, did not pass the filter by options: , added: 2, new vincodes: 1
16-07-2012 13:20:14 --- INFO: finish: 16-07-2012 13:20:14
16-07-2012 13:20:14 --- INFO: elapsed time: ~1812.45 sec., memory usage: ~4.08 Mb.
16-07-2012 13:20:01 --- INFO: start: 16-07-2012 13:20:01
16-07-2012 13:20:01 --- INFO: ----------Source_Adesa (cli)
16-07-2012 13:20:02 --- INFO: Authorized request
16-07-2012 13:21:07 --- INFO: Lexus RX 330 - found: 18, pass primary filters: 13, did not pass the filter by colors: 13, did not pass the filter by options: 0, added: 0, new vincodes: 0
16-07-2012 13:21:14 --- INFO: Lexus RX 400H - found: 4, pass primary filters: 2, did not pass the filter by colors: 1, did not pass the filter by options: 0, added: 1, new vincodes: 0
16-07-2012 13:21:27 --- INFO: Lexus GX 470 - found: 6, pass primary filters: 5, did not pass the filter by colors: 4, did not pass the filter by options: 0, added: 1, new vincodes: 0
16-07-2012 13:21:37 --- INFO: Lexus GX 470 - found: 8, pass primary filters: 4, did not pass the filter by colors: 2, did not pass the filter by options: 0, added: 2, new vincodes: 0
16-07-2012 13:21:41 --- INFO: Lexus LX 470 - found: 1, pass primary filters: 1, did not pass the filter by colors: 1, did not pass the filter by options: , added: 0, new vincodes: 0
16-07-2012 13:21:41 --- INFO: Lexus LX 470 - found: 0, pass primary filters: 0, did not pass the filter by colors: 0, did not pass the filter by options: 0, added: 0, new vincodes: 0
16-07-2012 13:21:47 --- INFO: Toyota Land Cruiser - found: 2, pass primary filters: 2, did not pass the filter by colors: 2, did not pass the filter by options: 0, added: 0, new vincodes: 0
16-07-2012 13:22:23 --- INFO: Toyota 4RUNNER 4WD V6 - found: 24, pass primary filters: 10, did not pass the filter by colors: 5, did not pass the filter by options: , added: 5, new vincodes: 0
16-07-2012 13:22:24 --- INFO: Toyota Highlander 4WD - found: 24, pass primary filters: 0, did not pass the filter by colors: 0, did not pass the filter by options: 0, added: 0, new vincodes: 0
16-07-2012 13:22:24 --- INFO: Toyota Highlander - found: 4, pass primary filters: 0, did not pass the filter by colors: 0, did not pass the filter by options: 0, added: 0, new vincodes: 0
16-07-2012 13:22:28 --- INFO: Lexus RX 350 - found: 6, pass primary filters: 2, did not pass the filter by colors: 1, did not pass the filter by options: 0, added: 1, new vincodes: 0
16-07-2012 13:22:36 --- INFO: Toyota 4RUNNER Limited V6 - found: 25, pass primary filters: 3, did not pass the filter by colors: 0, did not pass the filter by options: , added: 3, new vincodes: 0
16-07-2012 13:22:36 --- INFO: finish: 16-07-2012 13:22:36
16-07-2012 13:22:36 --- INFO: elapsed time: ~155.2 sec., memory usage: ~2.44 Mb.
16-07-2012 13:50:01 --- INFO: start: 16-07-2012 13:50:01
16-07-2012 13:50:01 --- INFO: ----------Source_Megaavto (cli)
16-07-2012 13:51:48 --- INFO: Lexus RX 330 - found: 133, pass primary filters: 65, did not pass the filter by colors: 59, did not pass the filter by options: 1, added: 5, new vincodes: 0
16-07-2012 13:52:05 --- INFO: Lexus RX 400H - found: 18, pass primary filters: 4, did not pass the filter by colors: 3, did not pass the filter by options: 0, added: 1, new vincodes: 0
16-07-2012 13:52:50 --- INFO: Lexus GX 470 - found: 57, pass primary filters: 41, did not pass the filter by colors: 32, did not pass the filter by options: 2, added: 7, new vincodes: 0
16-07-2012 13:54:00 --- INFO: Lexus GX 470 - found: 90, pass primary filters: 52, did not pass the filter by colors: 32, did not pass the filter by options: 3, added: 17, new vincodes: 0
16-07-2012 13:54:24 --- INFO: Lexus LX 470 - found: 36, pass primary filters: 21, did not pass the filter by colors: 19, did not pass the filter by options: , added: 2, new vincodes: 0
16-07-2012 13:54:33 --- INFO: Lexus LX 470 - found: 15, pass primary filters: 2, did not pass the filter by colors: 1, did not pass the filter by options: , added: 1, new vincodes: 0
16-07-2012 13:54:43 --- INFO: Toyota Land Cruiser - found: 10, pass primary filters: 9, did not pass the filter by colors: 9, did not pass the filter by options: 0, added: 0, new vincodes: 0
16-07-2012 13:56:02 --- INFO: Toyota 4RUNNER 4WD V6 - found: 99, pass primary filters: 23, did not pass the filter by colors: 13, did not pass the filter by options: , added: 10, new vincodes: 0
16-07-2012 13:57:56 --- INFO: Toyota Highlander 4WD - found: 156, pass primary filters: 5, did not pass the filter by colors: 3, did not pass the filter by options: 0, added: 2, new vincodes: 0
16-07-2012 13:58:36 --- INFO: Toyota Highlander - found: 53, pass primary filters: 0, did not pass the filter by colors: 0, did not pass the filter by options: , added: 0, new vincodes: 0
16-07-2012 13:59:28 --- INFO: Lexus RX 350 - found: 62, pass primary filters: 12, did not pass the filter by colors: 11, did not pass the filter by options: 0, added: 1, new vincodes: 0
16-07-2012 14:01:39 --- INFO: Toyota 4RUNNER Limited V6 - found: 148, pass primary filters: 6, did not pass the filter by colors: 4, did not pass the filter by options: , added: 2, new vincodes: 0
16-07-2012 14:01:39 --- INFO: finish: 16-07-2012 14:01:39
16-07-2012 14:01:39 --- INFO: elapsed time: ~697.69 sec., memory usage: ~3.96 Mb.
16-07-2012 16:10:01 --- INFO: start: 16-07-2012 16:10:01
16-07-2012 16:10:02 --- INFO: ----------Source_Adesa (cli)
16-07-2012 16:10:03 --- INFO: Authorized request
16-07-2012 16:10:41 --- INFO: Lexus RX 330 - found: 22, pass primary filters: 16, did not pass the filter by colors: 16, did not pass the filter by options: 0, added: 0, new vincodes: 1
16-07-2012 16:10:48 --- INFO: Lexus RX 400H - found: 4, pass primary filters: 2, did not pass the filter by colors: 1, did not pass the filter by options: 0, added: 1, new vincodes: 0
16-07-2012 16:11:04 --- INFO: Lexus GX 470 - found: 6, pass primary filters: 5, did not pass the filter by colors: 4, did not pass the filter by options: 0, added: 1, new vincodes: 1
16-07-2012 16:11:30 --- INFO: Lexus GX 470 - found: 9, pass primary filters: 5, did not pass the filter by colors: 3, did not pass the filter by options: 0, added: 2, new vincodes: 1
16-07-2012 16:11:33 --- INFO: Lexus LX 470 - found: 1, pass primary filters: 1, did not pass the filter by colors: 1, did not pass the filter by options: , added: 0, new vincodes: 0
16-07-2012 16:11:33 --- INFO: Lexus LX 470 - found: 0, pass primary filters: 0, did not pass the filter by colors: 0, did not pass the filter by options: 0, added: 0, new vincodes: 0
16-07-2012 16:11:41 --- INFO: Toyota Land Cruiser - found: 2, pass primary filters: 2, did not pass the filter by colors: 2, did not pass the filter by options: 0, added: 0, new vincodes: 0
16-07-2012 16:12:07 --- INFO: Toyota 4RUNNER 4WD V6 - found: 27, pass primary filters: 11, did not pass the filter by colors: 5, did not pass the filter by options: , added: 6, new vincodes: 1
16-07-2012 16:12:08 --- INFO: Toyota Highlander 4WD - found: 24, pass primary filters: 0, did not pass the filter by colors: 0, did not pass the filter by options: 0, added: 0, new vincodes: 0
16-07-2012 16:12:08 --- INFO: Toyota Highlander - found: 5, pass primary filters: 0, did not pass the filter by colors: 0, did not pass the filter by options: 0, added: 0, new vincodes: 0
16-07-2012 16:12:13 --- INFO: Lexus RX 350 - found: 9, pass primary filters: 3, did not pass the filter by colors: 2, did not pass the filter by options: 0, added: 1, new vincodes: 0
16-07-2012 16:12:22 --- INFO: Toyota 4RUNNER Limited V6 - found: 28, pass primary filters: 3, did not pass the filter by colors: 0, did not pass the filter by options: , added: 3, new vincodes: 0
16-07-2012 16:12:22 --- INFO: finish: 16-07-2012 16:12:22
16-07-2012 16:12:22 --- INFO: elapsed time: ~140.53 sec., memory usage: ~2.51 Mb.
16-07-2012 16:40:01 --- INFO: start: 16-07-2012 16:40:01
16-07-2012 16:40:01 --- INFO: ----------Source_Megaavto (cli)
16-07-2012 16:41:53 --- INFO: Lexus RX 330 - found: 133, pass primary filters: 65, did not pass the filter by colors: 59, did not pass the filter by options: 1, added: 5, new vincodes: 0
16-07-2012 16:42:08 --- INFO: Lexus RX 400H - found: 18, pass primary filters: 4, did not pass the filter by colors: 3, did not pass the filter by options: 0, added: 1, new vincodes: 0
16-07-2012 16:42:59 --- INFO: Lexus GX 470 - found: 57, pass primary filters: 41, did not pass the filter by colors: 32, did not pass the filter by options: 2, added: 7, new vincodes: 0
16-07-2012 16:44:24 --- INFO: Lexus GX 470 - found: 90, pass primary filters: 52, did not pass the filter by colors: 31, did not pass the filter by options: 3, added: 18, new vincodes: 0
16-07-2012 16:44:48 --- INFO: Lexus LX 470 - found: 36, pass primary filters: 21, did not pass the filter by colors: 19, did not pass the filter by options: , added: 2, new vincodes: 0
16-07-2012 16:44:58 --- INFO: Lexus LX 470 - found: 15, pass primary filters: 2, did not pass the filter by colors: 1, did not pass the filter by options: , added: 1, new vincodes: 0
16-07-2012 16:45:09 --- INFO: Toyota Land Cruiser - found: 10, pass primary filters: 9, did not pass the filter by colors: 9, did not pass the filter by options: 0, added: 0, new vincodes: 0
16-07-2012 16:46:30 --- INFO: Toyota 4RUNNER 4WD V6 - found: 99, pass primary filters: 23, did not pass the filter by colors: 13, did not pass the filter by options: , added: 10, new vincodes: 0
16-07-2012 16:48:50 --- INFO: Toyota Highlander 4WD - found: 156, pass primary filters: 5, did not pass the filter by colors: 3, did not pass the filter by options: 0, added: 2, new vincodes: 0
16-07-2012 16:49:31 --- INFO: Toyota Highlander - found: 53, pass primary filters: 0, did not pass the filter by colors: 0, did not pass the filter by options: , added: 0, new vincodes: 0
16-07-2012 16:50:21 --- INFO: Lexus RX 350 - found: 62, pass primary filters: 12, did not pass the filter by colors: 11, did not pass the filter by options: 0, added: 1, new vincodes: 0
16-07-2012 16:52:27 --- INFO: Toyota 4RUNNER Limited V6 - found: 148, pass primary filters: 6, did not pass the filter by colors: 4, did not pass the filter by options: , added: 2, new vincodes: 0
16-07-2012 16:52:27 --- INFO: finish: 16-07-2012 16:52:27
16-07-2012 16:52:27 --- INFO: elapsed time: ~746.32 sec., memory usage: ~3.96 Mb.
16-07-2012 18:10:01 --- INFO: start: 16-07-2012 18:10:01
16-07-2012 18:10:01 --- INFO: ----------Source_Adesa (cli)
16-07-2012 18:10:02 --- INFO: Authorized request
16-07-2012 18:10:35 --- INFO: Lexus RX 330 - found: 23, pass primary filters: 16, did not pass the filter by colors: 16, did not pass the filter by options: 0, added: 0, new vincodes: 0
16-07-2012 18:10:42 --- INFO: Lexus RX 400H - found: 5, pass primary filters: 2, did not pass the filter by colors: 1, did not pass the filter by options: 0, added: 1, new vincodes: 0
16-07-2012 18:10:58 --- INFO: Lexus GX 470 - found: 7, pass primary filters: 6, did not pass the filter by colors: 5, did not pass the filter by options: 0, added: 1, new vincodes: 0
16-07-2012 18:12:12 --- INFO: Lexus GX 470 - found: 12, pass primary filters: 7, did not pass the filter by colors: 4, did not pass the filter by options: 1, added: 2, new vincodes: 2
16-07-2012 18:12:16 --- INFO: Lexus LX 470 - found: 1, pass primary filters: 1, did not pass the filter by colors: 1, did not pass the filter by options: , added: 0, new vincodes: 0
16-07-2012 18:12:16 --- INFO: Lexus LX 470 - found: 0, pass primary filters: 0, did not pass the filter by colors: 0, did not pass the filter by options: 0, added: 0, new vincodes: 0
16-07-2012 18:12:23 --- INFO: Toyota Land Cruiser - found: 2, pass primary filters: 2, did not pass the filter by colors: 2, did not pass the filter by options: 0, added: 0, new vincodes: 0
16-07-2012 18:12:55 --- INFO: Toyota 4RUNNER 4WD V6 - found: 28, pass primary filters: 12, did not pass the filter by colors: 6, did not pass the filter by options: , added: 6, new vincodes: 0
16-07-2012 18:12:56 --- INFO: Toyota Highlander 4WD - found: 31, pass primary filters: 0, did not pass the filter by colors: 0, did not pass the filter by options: 0, added: 0, new vincodes: 0
16-07-2012 18:12:56 --- INFO: Toyota Highlander - found: 6, pass primary filters: 0, did not pass the filter by colors: 0, did not pass the filter by options: 0, added: 0, new vincodes: 0
16-07-2012 18:13:01 --- INFO: Lexus RX 350 - found: 9, pass primary filters: 3, did not pass the filter by colors: 2, did not pass the filter by options: 0, added: 1, new vincodes: 0
16-07-2012 18:13:08 --- INFO: Toyota 4RUNNER Limited V6 - found: 29, pass primary filters: 3, did not pass the filter by colors: 0, did not pass the filter by options: , added: 3, new vincodes: 0
16-07-2012 18:13:08 --- INFO: finish: 16-07-2012 18:13:08
16-07-2012 18:13:08 --- INFO: elapsed time: ~187.7 sec., memory usage: ~2.54 Mb.
16-07-2012 18:40:01 --- INFO: start: 16-07-2012 18:40:01
16-07-2012 18:40:01 --- INFO: ----------Source_Megaavto (cli)
16-07-2012 18:42:13 --- INFO: Lexus RX 330 - found: 133, pass primary filters: 65, did not pass the filter by colors: 59, did not pass the filter by options: 1, added: 5, new vincodes: 0
16-07-2012 18:42:31 --- INFO: Lexus RX 400H - found: 18, pass primary filters: 4, did not pass the filter by colors: 3, did not pass the filter by options: 0, added: 1, new vincodes: 0
16-07-2012 18:43:23 --- INFO: Lexus GX 470 - found: 57, pass primary filters: 41, did not pass the filter by colors: 32, did not pass the filter by options: 2, added: 7, new vincodes: 0
16-07-2012 18:44:42 --- INFO: Lexus GX 470 - found: 90, pass primary filters: 52, did not pass the filter by colors: 32, did not pass the filter by options: 3, added: 17, new vincodes: 0
16-07-2012 18:45:11 --- INFO: Lexus LX 470 - found: 36, pass primary filters: 21, did not pass the filter by colors: 19, did not pass the filter by options: , added: 2, new vincodes: 0
16-07-2012 18:45:21 --- INFO: Lexus LX 470 - found: 15, pass primary filters: 2, did not pass the filter by colors: 2, did not pass the filter by options: , added: 0, new vincodes: 0
16-07-2012 18:45:36 --- INFO: Toyota Land Cruiser - found: 10, pass primary filters: 9, did not pass the filter by colors: 9, did not pass the filter by options: 0, added: 0, new vincodes: 0
16-07-2012 18:47:08 --- INFO: Toyota 4RUNNER 4WD V6 - found: 99, pass primary filters: 23, did not pass the filter by colors: 13, did not pass the filter by options: , added: 10, new vincodes: 0
16-07-2012 18:49:26 --- INFO: Toyota Highlander 4WD - found: 156, pass primary filters: 5, did not pass the filter by colors: 3, did not pass the filter by options: 0, added: 2, new vincodes: 0
16-07-2012 18:50:10 --- INFO: Toyota Highlander - found: 53, pass primary filters: 0, did not pass the filter by colors: 0, did not pass the filter by options: , added: 0, new vincodes: 0
16-07-2012 18:51:10 --- INFO: Lexus RX 350 - found: 62, pass primary filters: 12, did not pass the filter by colors: 11, did not pass the filter by options: 0, added: 1, new vincodes: 0
16-07-2012 18:53:36 --- INFO: Toyota 4RUNNER Limited V6 - found: 148, pass primary filters: 6, did not pass the filter by colors: 4, did not pass the filter by options: , added: 2, new vincodes: 0
16-07-2012 18:53:36 --- INFO: finish: 16-07-2012 18:53:36
16-07-2012 18:53:36 --- INFO: elapsed time: ~814.35 sec., memory usage: ~3.96 Mb.