
17-03-2012 06:10:01 --- INFO: start: 17-03-2012 06:10:01
17-03-2012 06:10:01 --- INFO: ----------Source_Adesa (cli)
17-03-2012 06:10:04 --- INFO: Authorized request
17-03-2012 06:10:05 --- INFO: Lexus RX 300 - found: 3, pass primary filters: 0, did not pass the filter by color: 0, added: 0, new vincodes: 0
17-03-2012 06:10:19 --- INFO: Lexus RX 330 - found: 11, pass primary filters: 5, did not pass the filter by color: 3, added: 2, new vincodes: 0
17-03-2012 06:10:19 --- INFO: Lexus RX 400H - found: 0, pass primary filters: 0, did not pass the filter by color: 0, added: 0, new vincodes: 0
17-03-2012 06:10:19 --- INFO: Lexus GX 470 - found: 1, pass primary filters: 0, did not pass the filter by color: 0, added: 0, new vincodes: 0
17-03-2012 06:10:26 --- INFO: Lexus GX 470 - found: 2, pass primary filters: 2, did not pass the filter by color: 2, added: 0, new vincodes: 0
17-03-2012 06:10:26 --- INFO: Lexus LX 470 - found: 1, pass primary filters: 0, did not pass the filter by color: 0, added: 0, new vincodes: 0
17-03-2012 06:10:26 --- INFO: Lexus LX 470 - found: 0, pass primary filters: 0, did not pass the filter by color: 0, added: 0, new vincodes: 0
17-03-2012 06:10:42 --- INFO: Toyota Land Cruiser - found: 1, pass primary filters: 1, did not pass the filter by color: 1, added: 0, new vincodes: 1
17-03-2012 06:10:46 --- INFO: Honda CR-V - found: 7, pass primary filters: 1, did not pass the filter by color: 0, added: 1, new vincodes: 0
17-03-2012 06:10:46 --- INFO: Honda CR-V - found: 2, pass primary filters: 0, did not pass the filter by color: 0, added: 0, new vincodes: 0
17-03-2012 06:10:46 --- INFO: Mitsubishi Montero 4WD Limited - found: 7, pass primary filters: 0, did not pass the filter by color: 0, added: 0, new vincodes: 0
17-03-2012 06:10:50 --- INFO: Toyota 4RUNNER 4WD V6 - found: 11, pass primary filters: 1, did not pass the filter by color: 1, added: 0, new vincodes: 0
17-03-2012 06:10:50 --- INFO: Toyota RAV 4 - found: 3, pass primary filters: 0, did not pass the filter by color: 0, added: 0, new vincodes: 0
17-03-2012 06:10:51 --- INFO: Toyota Highlander 4WD - found: 8, pass primary filters: 1, did not pass the filter by color: 1, added: 0, new vincodes: 0
17-03-2012 06:10:51 --- INFO: Toyota Highlander - found: 4, pass primary filters: 1, did not pass the filter by color: 1, added: 0, new vincodes: 0
17-03-2012 06:10:52 --- INFO: Lexus RX 350 - found: 1, pass primary filters: 0, did not pass the filter by color: 0, added: 0, new vincodes: 0
17-03-2012 06:10:52 --- INFO: Toyota 4RUNNER Limited V6 - found: 11, pass primary filters: 0, did not pass the filter by color: 0, added: 0, new vincodes: 0
17-03-2012 06:10:52 --- INFO: finish: 17-03-2012 06:10:52
17-03-2012 06:10:52 --- INFO: elapsed time: ~50.47 sec., memory usage: ~2.04 Mb.
17-03-2012 06:40:01 --- INFO: start: 17-03-2012 06:40:01
17-03-2012 06:40:01 --- INFO: ----------Source_Gsmotors (cli)
17-03-2012 06:43:04 --- INFO: Lexus RX 300 - found: 55, pass primary filters: 33, did not pass the filter by color: 31, added: 2, new vincodes: 0
17-03-2012 06:50:41 --- INFO: Lexus RX 330 - found: 144, pass primary filters: 62, did not pass the filter by color: 53, added: 9, new vincodes: 1
17-03-2012 06:52:35 --- INFO: Lexus RX 400H - found: 34, pass primary filters: 8, did not pass the filter by color: 8, added: 0, new vincodes: 0
17-03-2012 06:55:38 --- INFO: Lexus GX 470 - found: 57, pass primary filters: 38, did not pass the filter by color: 27, added: 11, new vincodes: 1
17-03-2012 07:01:47 --- INFO: Lexus GX 470 - found: 122, pass primary filters: 56, did not pass the filter by color: 48, added: 8, new vincodes: 0
17-03-2012 07:04:06 --- INFO: Lexus LX 470 - found: 45, pass primary filters: 35, did not pass the filter by color: 28, added: 7, new vincodes: 0
17-03-2012 07:04:44 --- INFO: Lexus LX 470 - found: 18, pass primary filters: 2, did not pass the filter by color: 2, added: 0, new vincodes: 0
17-03-2012 07:05:44 --- INFO: Toyota Land Cruiser - found: 18, pass primary filters: 14, did not pass the filter by color: 11, added: 3, new vincodes: 0
17-03-2012 07:07:53 --- INFO: Honda CR-V - found: 42, pass primary filters: 2, did not pass the filter by color: 0, added: 2, new vincodes: 0
17-03-2012 07:16:12 --- INFO: Honda CR-V - found: 143, pass primary filters: 3, did not pass the filter by color: 0, added: 3, new vincodes: 0
17-03-2012 07:18:16 --- INFO: Mitsubishi Montero 4WD Limited - found: 35, pass primary filters: 10, did not pass the filter by color: 10, added: 0, new vincodes: 0
17-03-2012 07:23:11 --- INFO: Toyota 4RUNNER 4WD V6 - found: 95, pass primary filters: 15, did not pass the filter by color: 10, added: 5, new vincodes: 0
17-03-2012 07:26:36 --- INFO: Toyota RAV 4 - found: 56, pass primary filters: 29, did not pass the filter by color: 23, added: 6, new vincodes: 0
17-03-2012 07:31:02 --- INFO: Toyota Highlander 4WD - found: 93, pass primary filters: 1, did not pass the filter by color: 1, added: 0, new vincodes: 0
17-03-2012 07:33:15 --- INFO: Toyota Highlander - found: 58, pass primary filters: 14, did not pass the filter by color: 8, added: 6, new vincodes: 0
17-03-2012 07:37:55 --- INFO: Lexus RX 350 - found: 87, pass primary filters: 17, did not pass the filter by color: 16, added: 1, new vincodes: 0
17-03-2012 07:41:32 --- INFO: Toyota 4RUNNER Limited V6 - found: 95, pass primary filters: 4, did not pass the filter by color: 4, added: 0, new vincodes: 0
17-03-2012 07:41:32 --- INFO: finish: 17-03-2012 07:41:32
17-03-2012 07:41:32 --- INFO: elapsed time: ~3690.16 sec., memory usage: ~4.64 Mb.
17-03-2012 08:10:01 --- INFO: start: 17-03-2012 08:10:01
17-03-2012 08:10:01 --- INFO: ----------Source_Adesa (cli)
17-03-2012 08:10:04 --- INFO: Authorized request
17-03-2012 08:10:04 --- INFO: Lexus RX 300 - found: 3, pass primary filters: 0, did not pass the filter by color: 0, added: 0, new vincodes: 0
17-03-2012 08:10:18 --- INFO: Lexus RX 330 - found: 11, pass primary filters: 5, did not pass the filter by color: 3, added: 2, new vincodes: 0
17-03-2012 08:10:18 --- INFO: Lexus RX 400H - found: 0, pass primary filters: 0, did not pass the filter by color: 0, added: 0, new vincodes: 0
17-03-2012 08:10:18 --- INFO: Lexus GX 470 - found: 1, pass primary filters: 0, did not pass the filter by color: 0, added: 0, new vincodes: 0
17-03-2012 08:10:25 --- INFO: Lexus GX 470 - found: 2, pass primary filters: 2, did not pass the filter by color: 2, added: 0, new vincodes: 0
17-03-2012 08:10:25 --- INFO: Lexus LX 470 - found: 1, pass primary filters: 0, did not pass the filter by color: 0, added: 0, new vincodes: 0
17-03-2012 08:10:25 --- INFO: Lexus LX 470 - found: 0, pass primary filters: 0, did not pass the filter by color: 0, added: 0, new vincodes: 0
17-03-2012 08:10:29 --- INFO: Toyota Land Cruiser - found: 1, pass primary filters: 1, did not pass the filter by color: 1, added: 0, new vincodes: 0
17-03-2012 08:10:32 --- INFO: Honda CR-V - found: 7, pass primary filters: 1, did not pass the filter by color: 0, added: 1, new vincodes: 0
17-03-2012 08:10:33 --- INFO: Honda CR-V - found: 2, pass primary filters: 0, did not pass the filter by color: 0, added: 0, new vincodes: 0
17-03-2012 08:10:33 --- INFO: Mitsubishi Montero 4WD Limited - found: 7, pass primary filters: 0, did not pass the filter by color: 0, added: 0, new vincodes: 0
17-03-2012 08:10:37 --- INFO: Toyota 4RUNNER 4WD V6 - found: 11, pass primary filters: 1, did not pass the filter by color: 1, added: 0, new vincodes: 0
17-03-2012 08:10:37 --- INFO: Toyota RAV 4 - found: 3, pass primary filters: 0, did not pass the filter by color: 0, added: 0, new vincodes: 0
17-03-2012 08:10:37 --- INFO: Toyota Highlander 4WD - found: 8, pass primary filters: 1, did not pass the filter by color: 1, added: 0, new vincodes: 0
17-03-2012 08:10:38 --- INFO: Toyota Highlander - found: 4, pass primary filters: 1, did not pass the filter by color: 1, added: 0, new vincodes: 0
17-03-2012 08:10:38 --- INFO: Lexus RX 350 - found: 1, pass primary filters: 0, did not pass the filter by color: 0, added: 0, new vincodes: 0
17-03-2012 08:10:38 --- INFO: Toyota 4RUNNER Limited V6 - found: 11, pass primary filters: 0, did not pass the filter by color: 0, added: 0, new vincodes: 0
17-03-2012 08:10:38 --- INFO: finish: 17-03-2012 08:10:38
17-03-2012 08:10:38 --- INFO: elapsed time: ~37.31 sec., memory usage: ~2.01 Mb.
17-03-2012 09:10:01 --- INFO: start: 17-03-2012 09:10:01
17-03-2012 09:10:01 --- INFO: ----------Source_Adesa (cli)
17-03-2012 09:10:02 --- INFO: Authorized request
17-03-2012 09:10:03 --- INFO: Lexus RX 300 - found: 3, pass primary filters: 0, did not pass the filter by color: 0, added: 0, new vincodes: 0
17-03-2012 09:10:16 --- INFO: Lexus RX 330 - found: 11, pass primary filters: 5, did not pass the filter by color: 3, added: 2, new vincodes: 0
17-03-2012 09:10:16 --- INFO: Lexus RX 400H - found: 0, pass primary filters: 0, did not pass the filter by color: 0, added: 0, new vincodes: 0
17-03-2012 09:10:17 --- INFO: Lexus GX 470 - found: 1, pass primary filters: 0, did not pass the filter by color: 0, added: 0, new vincodes: 0
17-03-2012 09:10:23 --- INFO: Lexus GX 470 - found: 2, pass primary filters: 2, did not pass the filter by color: 2, added: 0, new vincodes: 0
17-03-2012 09:10:23 --- INFO: Lexus LX 470 - found: 1, pass primary filters: 0, did not pass the filter by color: 0, added: 0, new vincodes: 0
17-03-2012 09:10:23 --- INFO: Lexus LX 470 - found: 0, pass primary filters: 0, did not pass the filter by color: 0, added: 0, new vincodes: 0
17-03-2012 09:10:27 --- INFO: Toyota Land Cruiser - found: 1, pass primary filters: 1, did not pass the filter by color: 1, added: 0, new vincodes: 0
17-03-2012 09:10:30 --- INFO: Honda CR-V - found: 7, pass primary filters: 1, did not pass the filter by color: 0, added: 1, new vincodes: 0
17-03-2012 09:10:31 --- INFO: Honda CR-V - found: 2, pass primary filters: 0, did not pass the filter by color: 0, added: 0, new vincodes: 0
17-03-2012 09:10:31 --- INFO: Mitsubishi Montero 4WD Limited - found: 7, pass primary filters: 0, did not pass the filter by color: 0, added: 0, new vincodes: 0
17-03-2012 09:10:34 --- INFO: Toyota 4RUNNER 4WD V6 - found: 11, pass primary filters: 1, did not pass the filter by color: 1, added: 0, new vincodes: 0
17-03-2012 09:10:35 --- INFO: Toyota RAV 4 - found: 3, pass primary filters: 0, did not pass the filter by color: 0, added: 0, new vincodes: 0
17-03-2012 09:10:35 --- INFO: Toyota Highlander 4WD - found: 8, pass primary filters: 1, did not pass the filter by color: 1, added: 0, new vincodes: 0
17-03-2012 09:10:36 --- INFO: Toyota Highlander - found: 4, pass primary filters: 1, did not pass the filter by color: 1, added: 0, new vincodes: 0
17-03-2012 09:10:36 --- INFO: Lexus RX 350 - found: 1, pass primary filters: 0, did not pass the filter by color: 0, added: 0, new vincodes: 0
17-03-2012 09:10:36 --- INFO: Toyota 4RUNNER Limited V6 - found: 11, pass primary filters: 0, did not pass the filter by color: 0, added: 0, new vincodes: 0
17-03-2012 09:10:36 --- INFO: finish: 17-03-2012 09:10:36
17-03-2012 09:10:36 --- INFO: elapsed time: ~34.68 sec., memory usage: ~2.01 Mb.
17-03-2012 08:40:01 --- INFO: start: 17-03-2012 08:40:01
17-03-2012 08:40:01 --- INFO: ----------Source_Gsmotors (cli)
17-03-2012 08:42:00 --- INFO: Lexus RX 300 - found: 55, pass primary filters: 33, did not pass the filter by color: 31, added: 2, new vincodes: 0
17-03-2012 08:47:26 --- INFO: Lexus RX 330 - found: 144, pass primary filters: 62, did not pass the filter by color: 53, added: 9, new vincodes: 0
17-03-2012 08:48:51 --- INFO: Lexus RX 400H - found: 34, pass primary filters: 8, did not pass the filter by color: 8, added: 0, new vincodes: 0
17-03-2012 08:50:54 --- INFO: Lexus GX 470 - found: 57, pass primary filters: 38, did not pass the filter by color: 27, added: 11, new vincodes: 0
17-03-2012 08:55:12 --- INFO: Lexus GX 470 - found: 122, pass primary filters: 56, did not pass the filter by color: 48, added: 8, new vincodes: 0
17-03-2012 08:56:56 --- INFO: Lexus LX 470 - found: 45, pass primary filters: 35, did not pass the filter by color: 28, added: 7, new vincodes: 0
17-03-2012 08:57:35 --- INFO: Lexus LX 470 - found: 18, pass primary filters: 2, did not pass the filter by color: 2, added: 0, new vincodes: 0
17-03-2012 08:58:22 --- INFO: Toyota Land Cruiser - found: 18, pass primary filters: 14, did not pass the filter by color: 11, added: 3, new vincodes: 0
17-03-2012 08:59:58 --- INFO: Honda CR-V - found: 42, pass primary filters: 2, did not pass the filter by color: 0, added: 2, new vincodes: 0
17-03-2012 09:05:10 --- INFO: Honda CR-V - found: 143, pass primary filters: 3, did not pass the filter by color: 0, added: 3, new vincodes: 0
17-03-2012 09:06:38 --- INFO: Mitsubishi Montero 4WD Limited - found: 35, pass primary filters: 10, did not pass the filter by color: 10, added: 0, new vincodes: 0
17-03-2012 09:10:04 --- INFO: Toyota 4RUNNER 4WD V6 - found: 95, pass primary filters: 15, did not pass the filter by color: 10, added: 5, new vincodes: 0
17-03-2012 09:12:05 --- INFO: Toyota RAV 4 - found: 56, pass primary filters: 29, did not pass the filter by color: 23, added: 6, new vincodes: 0
17-03-2012 09:15:31 --- INFO: Toyota Highlander 4WD - found: 93, pass primary filters: 1, did not pass the filter by color: 1, added: 0, new vincodes: 0
17-03-2012 09:17:50 --- INFO: Toyota Highlander - found: 58, pass primary filters: 14, did not pass the filter by color: 8, added: 6, new vincodes: 0
17-03-2012 09:21:10 --- INFO: Lexus RX 350 - found: 87, pass primary filters: 17, did not pass the filter by color: 16, added: 1, new vincodes: 0
17-03-2012 09:24:42 --- INFO: Toyota 4RUNNER Limited V6 - found: 95, pass primary filters: 4, did not pass the filter by color: 4, added: 0, new vincodes: 0
17-03-2012 09:24:42 --- INFO: finish: 17-03-2012 09:24:42
17-03-2012 09:24:42 --- INFO: elapsed time: ~2680.53 sec., memory usage: ~4.56 Mb.
17-03-2012 10:00:01 --- INFO: start: 17-03-2012 10:00:01
17-03-2012 10:00:01 --- INFO: ----------Source_Adesa (cli)
17-03-2012 10:00:02 --- INFO: Authorized request
17-03-2012 10:00:03 --- INFO: Lexus RX 300 - found: 3, pass primary filters: 0, did not pass the filter by color: 0, added: 0, new vincodes: 0
17-03-2012 10:00:16 --- INFO: Lexus RX 330 - found: 11, pass primary filters: 5, did not pass the filter by color: 3, added: 2, new vincodes: 0
17-03-2012 10:00:16 --- INFO: Lexus RX 400H - found: 0, pass primary filters: 0, did not pass the filter by color: 0, added: 0, new vincodes: 0
17-03-2012 10:00:17 --- INFO: Lexus GX 470 - found: 1, pass primary filters: 0, did not pass the filter by color: 0, added: 0, new vincodes: 0
17-03-2012 10:00:23 --- INFO: Lexus GX 470 - found: 2, pass primary filters: 2, did not pass the filter by color: 2, added: 0, new vincodes: 0
17-03-2012 10:00:23 --- INFO: Lexus LX 470 - found: 1, pass primary filters: 0, did not pass the filter by color: 0, added: 0, new vincodes: 0
17-03-2012 10:00:24 --- INFO: Lexus LX 470 - found: 0, pass primary filters: 0, did not pass the filter by color: 0, added: 0, new vincodes: 0
17-03-2012 10:00:27 --- INFO: Toyota Land Cruiser - found: 1, pass primary filters: 1, did not pass the filter by color: 1, added: 0, new vincodes: 0
17-03-2012 10:00:30 --- INFO: Honda CR-V - found: 7, pass primary filters: 1, did not pass the filter by color: 0, added: 1, new vincodes: 0
17-03-2012 10:00:31 --- INFO: Honda CR-V - found: 2, pass primary filters: 0, did not pass the filter by color: 0, added: 0, new vincodes: 0
17-03-2012 10:00:31 --- INFO: Mitsubishi Montero 4WD Limited - found: 7, pass primary filters: 0, did not pass the filter by color: 0, added: 0, new vincodes: 0
17-03-2012 10:00:35 --- INFO: Toyota 4RUNNER 4WD V6 - found: 11, pass primary filters: 1, did not pass the filter by color: 1, added: 0, new vincodes: 0
17-03-2012 10:00:35 --- INFO: Toyota RAV 4 - found: 3, pass primary filters: 0, did not pass the filter by color: 0, added: 0, new vincodes: 0
17-03-2012 10:00:35 --- INFO: Toyota Highlander 4WD - found: 8, pass primary filters: 1, did not pass the filter by color: 1, added: 0, new vincodes: 0
17-03-2012 10:00:36 --- INFO: Toyota Highlander - found: 4, pass primary filters: 1, did not pass the filter by color: 1, added: 0, new vincodes: 0
17-03-2012 10:00:36 --- INFO: Lexus RX 350 - found: 1, pass primary filters: 0, did not pass the filter by color: 0, added: 0, new vincodes: 0
17-03-2012 10:00:36 --- INFO: Toyota 4RUNNER Limited V6 - found: 11, pass primary filters: 0, did not pass the filter by color: 0, added: 0, new vincodes: 0
17-03-2012 10:00:36 --- INFO: finish: 17-03-2012 10:00:36
17-03-2012 10:00:36 --- INFO: elapsed time: ~34.95 sec., memory usage: ~2.01 Mb.
17-03-2012 09:40:01 --- INFO: start: 17-03-2012 09:40:01
17-03-2012 09:40:01 --- INFO: ----------Source_Gsmotors (cli)
17-03-2012 09:42:02 --- INFO: Lexus RX 300 - found: 55, pass primary filters: 33, did not pass the filter by color: 31, added: 2, new vincodes: 0
17-03-2012 09:47:17 --- INFO: Lexus RX 330 - found: 144, pass primary filters: 62, did not pass the filter by color: 53, added: 9, new vincodes: 0
17-03-2012 09:48:36 --- INFO: Lexus RX 400H - found: 34, pass primary filters: 8, did not pass the filter by color: 8, added: 0, new vincodes: 0
17-03-2012 09:50:32 --- INFO: Lexus GX 470 - found: 57, pass primary filters: 38, did not pass the filter by color: 27, added: 11, new vincodes: 0
17-03-2012 09:54:59 --- INFO: Lexus GX 470 - found: 122, pass primary filters: 56, did not pass the filter by color: 48, added: 8, new vincodes: 0
17-03-2012 09:58:00 --- INFO: Lexus LX 470 - found: 45, pass primary filters: 35, did not pass the filter by color: 28, added: 7, new vincodes: 0
17-03-2012 09:58:57 --- INFO: Lexus LX 470 - found: 18, pass primary filters: 2, did not pass the filter by color: 2, added: 0, new vincodes: 0
17-03-2012 09:59:38 --- INFO: Toyota Land Cruiser - found: 18, pass primary filters: 14, did not pass the filter by color: 11, added: 3, new vincodes: 0
17-03-2012 10:01:26 --- INFO: Honda CR-V - found: 42, pass primary filters: 2, did not pass the filter by color: 0, added: 2, new vincodes: 0
17-03-2012 10:07:06 --- INFO: Honda CR-V - found: 143, pass primary filters: 3, did not pass the filter by color: 0, added: 3, new vincodes: 0
17-03-2012 10:08:43 --- INFO: Mitsubishi Montero 4WD Limited - found: 35, pass primary filters: 10, did not pass the filter by color: 10, added: 0, new vincodes: 0
17-03-2012 10:12:29 --- INFO: Toyota 4RUNNER 4WD V6 - found: 95, pass primary filters: 15, did not pass the filter by color: 10, added: 5, new vincodes: 0
17-03-2012 10:14:41 --- INFO: Toyota RAV 4 - found: 56, pass primary filters: 29, did not pass the filter by color: 23, added: 6, new vincodes: 0
17-03-2012 10:18:43 --- INFO: Toyota Highlander 4WD - found: 93, pass primary filters: 1, did not pass the filter by color: 1, added: 0, new vincodes: 0
17-03-2012 10:21:03 --- INFO: Toyota Highlander - found: 58, pass primary filters: 14, did not pass the filter by color: 8, added: 6, new vincodes: 0
17-03-2012 10:25:03 --- INFO: Lexus RX 350 - found: 87, pass primary filters: 17, did not pass the filter by color: 16, added: 1, new vincodes: 0
17-03-2012 10:29:15 --- INFO: Toyota 4RUNNER Limited V6 - found: 95, pass primary filters: 4, did not pass the filter by color: 4, added: 0, new vincodes: 0
17-03-2012 10:29:15 --- INFO: finish: 17-03-2012 10:29:15
17-03-2012 10:29:15 --- INFO: elapsed time: ~2954.15 sec., memory usage: ~4.56 Mb.
17-03-2012 11:10:01 --- INFO: start: 17-03-2012 11:10:01
17-03-2012 11:10:01 --- INFO: ----------Source_Adesa (cli)
17-03-2012 11:10:03 --- INFO: Authorized request
17-03-2012 11:10:04 --- INFO: Lexus RX 300 - found: 3, pass primary filters: 0, did not pass the filter by color: 0, added: 0, new vincodes: 0
17-03-2012 11:10:18 --- INFO: Lexus RX 330 - found: 11, pass primary filters: 5, did not pass the filter by color: 3, added: 2, new vincodes: 0
17-03-2012 11:10:18 --- INFO: Lexus RX 400H - found: 0, pass primary filters: 0, did not pass the filter by color: 0, added: 0, new vincodes: 0
17-03-2012 11:10:18 --- INFO: Lexus GX 470 - found: 1, pass primary filters: 0, did not pass the filter by color: 0, added: 0, new vincodes: 0
17-03-2012 11:10:25 --- INFO: Lexus GX 470 - found: 2, pass primary filters: 2, did not pass the filter by color: 2, added: 0, new vincodes: 0
17-03-2012 11:10:25 --- INFO: Lexus LX 470 - found: 1, pass primary filters: 0, did not pass the filter by color: 0, added: 0, new vincodes: 0
17-03-2012 11:10:25 --- INFO: Lexus LX 470 - found: 0, pass primary filters: 0, did not pass the filter by color: 0, added: 0, new vincodes: 0
17-03-2012 11:10:29 --- INFO: Toyota Land Cruiser - found: 1, pass primary filters: 1, did not pass the filter by color: 1, added: 0, new vincodes: 0
17-03-2012 11:10:32 --- INFO: Honda CR-V - found: 7, pass primary filters: 1, did not pass the filter by color: 0, added: 1, new vincodes: 0
17-03-2012 11:10:33 --- INFO: Honda CR-V - found: 2, pass primary filters: 0, did not pass the filter by color: 0, added: 0, new vincodes: 0
17-03-2012 11:10:33 --- INFO: Mitsubishi Montero 4WD Limited - found: 7, pass primary filters: 0, did not pass the filter by color: 0, added: 0, new vincodes: 0
17-03-2012 11:10:37 --- INFO: Toyota 4RUNNER 4WD V6 - found: 11, pass primary filters: 1, did not pass the filter by color: 1, added: 0, new vincodes: 0
17-03-2012 11:10:37 --- INFO: Toyota RAV 4 - found: 3, pass primary filters: 0, did not pass the filter by color: 0, added: 0, new vincodes: 0
17-03-2012 11:10:37 --- INFO: Toyota Highlander 4WD - found: 8, pass primary filters: 1, did not pass the filter by color: 1, added: 0, new vincodes: 0
17-03-2012 11:10:38 --- INFO: Toyota Highlander - found: 4, pass primary filters: 1, did not pass the filter by color: 1, added: 0, new vincodes: 0
17-03-2012 11:10:38 --- INFO: Lexus RX 350 - found: 1, pass primary filters: 0, did not pass the filter by color: 0, added: 0, new vincodes: 0
17-03-2012 11:10:38 --- INFO: Toyota 4RUNNER Limited V6 - found: 11, pass primary filters: 0, did not pass the filter by color: 0, added: 0, new vincodes: 0
17-03-2012 11:10:38 --- INFO: finish: 17-03-2012 11:10:38
17-03-2012 11:10:38 --- INFO: elapsed time: ~37.19 sec., memory usage: ~2.01 Mb.
17-03-2012 10:30:01 --- INFO: start: 17-03-2012 10:30:01
17-03-2012 10:30:01 --- INFO: ----------Source_Gsmotors (cli)
17-03-2012 10:32:00 --- INFO: Lexus RX 300 - found: 55, pass primary filters: 33, did not pass the filter by color: 31, added: 2, new vincodes: 0
17-03-2012 10:37:49 --- INFO: Lexus RX 330 - found: 144, pass primary filters: 62, did not pass the filter by color: 53, added: 9, new vincodes: 0
17-03-2012 10:39:21 --- INFO: Lexus RX 400H - found: 34, pass primary filters: 8, did not pass the filter by color: 8, added: 0, new vincodes: 0
17-03-2012 10:41:33 --- INFO: Lexus GX 470 - found: 57, pass primary filters: 38, did not pass the filter by color: 27, added: 11, new vincodes: 0
17-03-2012 10:46:24 --- INFO: Lexus GX 470 - found: 122, pass primary filters: 56, did not pass the filter by color: 48, added: 8, new vincodes: 0
17-03-2012 10:47:56 --- INFO: Lexus LX 470 - found: 45, pass primary filters: 35, did not pass the filter by color: 28, added: 7, new vincodes: 0
17-03-2012 10:48:35 --- INFO: Lexus LX 470 - found: 18, pass primary filters: 2, did not pass the filter by color: 2, added: 0, new vincodes: 0
17-03-2012 10:49:22 --- INFO: Toyota Land Cruiser - found: 18, pass primary filters: 14, did not pass the filter by color: 11, added: 3, new vincodes: 0
17-03-2012 10:51:22 --- INFO: Honda CR-V - found: 42, pass primary filters: 2, did not pass the filter by color: 0, added: 2, new vincodes: 0
17-03-2012 10:57:24 --- INFO: Honda CR-V - found: 143, pass primary filters: 3, did not pass the filter by color: 0, added: 3, new vincodes: 0
17-03-2012 10:59:05 --- INFO: Mitsubishi Montero 4WD Limited - found: 35, pass primary filters: 10, did not pass the filter by color: 10, added: 0, new vincodes: 0
17-03-2012 11:02:37 --- INFO: Toyota 4RUNNER 4WD V6 - found: 95, pass primary filters: 15, did not pass the filter by color: 10, added: 5, new vincodes: 0
17-03-2012 11:04:44 --- INFO: Toyota RAV 4 - found: 56, pass primary filters: 29, did not pass the filter by color: 23, added: 6, new vincodes: 0
17-03-2012 11:08:10 --- INFO: Toyota Highlander 4WD - found: 93, pass primary filters: 1, did not pass the filter by color: 1, added: 0, new vincodes: 0
17-03-2012 11:10:56 --- INFO: Toyota Highlander - found: 58, pass primary filters: 14, did not pass the filter by color: 8, added: 6, new vincodes: 0
17-03-2012 11:12:45 --- INFO: Lexus RX 350 - found: 87, pass primary filters: 7, did not pass the filter by color: 7, added: 0, new vincodes: 0
17-03-2012 11:12:45 --- ERROR: Request returns empty result
17-03-2012 11:12:45 --- INFO: Toyota 4RUNNER Limited V6 - found: 0, pass primary filters: 0, did not pass the filter by color: 0, added: 0, new vincodes: 0
17-03-2012 11:12:45 --- INFO: finish: 17-03-2012 11:12:45
17-03-2012 11:12:45 --- INFO: elapsed time: ~2563.53 sec., memory usage: ~4.45 Mb.
17-03-2012 12:20:01 --- INFO: start: 17-03-2012 12:20:01
17-03-2012 12:20:01 --- INFO: ----------Source_Adesa (cli)
17-03-2012 12:20:03 --- INFO: Authorized request
17-03-2012 12:20:04 --- INFO: Lexus RX 300 - found: 3, pass primary filters: 0, did not pass the filter by color: 0, added: 0, new vincodes: 0
17-03-2012 12:20:17 --- INFO: Lexus RX 330 - found: 11, pass primary filters: 5, did not pass the filter by color: 3, added: 2, new vincodes: 0
17-03-2012 12:20:18 --- INFO: Lexus RX 400H - found: 0, pass primary filters: 0, did not pass the filter by color: 0, added: 0, new vincodes: 0
17-03-2012 12:20:18 --- INFO: Lexus GX 470 - found: 1, pass primary filters: 0, did not pass the filter by color: 0, added: 0, new vincodes: 0
17-03-2012 12:20:25 --- INFO: Lexus GX 470 - found: 2, pass primary filters: 2, did not pass the filter by color: 2, added: 0, new vincodes: 0
17-03-2012 12:20:25 --- INFO: Lexus LX 470 - found: 1, pass primary filters: 0, did not pass the filter by color: 0, added: 0, new vincodes: 0
17-03-2012 12:20:25 --- INFO: Lexus LX 470 - found: 0, pass primary filters: 0, did not pass the filter by color: 0, added: 0, new vincodes: 0
17-03-2012 12:20:28 --- INFO: Toyota Land Cruiser - found: 1, pass primary filters: 1, did not pass the filter by color: 1, added: 0, new vincodes: 0
17-03-2012 12:20:32 --- INFO: Honda CR-V - found: 7, pass primary filters: 1, did not pass the filter by color: 0, added: 1, new vincodes: 0
17-03-2012 12:20:32 --- INFO: Honda CR-V - found: 2, pass primary filters: 0, did not pass the filter by color: 0, added: 0, new vincodes: 0
17-03-2012 12:20:32 --- INFO: Mitsubishi Montero 4WD Limited - found: 7, pass primary filters: 0, did not pass the filter by color: 0, added: 0, new vincodes: 0
17-03-2012 12:20:36 --- INFO: Toyota 4RUNNER 4WD V6 - found: 11, pass primary filters: 1, did not pass the filter by color: 1, added: 0, new vincodes: 0
17-03-2012 12:20:36 --- INFO: Toyota RAV 4 - found: 3, pass primary filters: 0, did not pass the filter by color: 0, added: 0, new vincodes: 0
17-03-2012 12:20:37 --- INFO: Toyota Highlander 4WD - found: 8, pass primary filters: 1, did not pass the filter by color: 1, added: 0, new vincodes: 0
17-03-2012 12:20:37 --- INFO: Toyota Highlander - found: 4, pass primary filters: 1, did not pass the filter by color: 1, added: 0, new vincodes: 0
17-03-2012 12:20:38 --- INFO: Lexus RX 350 - found: 1, pass primary filters: 0, did not pass the filter by color: 0, added: 0, new vincodes: 0
17-03-2012 12:20:38 --- INFO: Toyota 4RUNNER Limited V6 - found: 11, pass primary filters: 0, did not pass the filter by color: 0, added: 0, new vincodes: 0
17-03-2012 12:20:38 --- INFO: finish: 17-03-2012 12:20:38
17-03-2012 12:20:38 --- INFO: elapsed time: ~36.58 sec., memory usage: ~2.01 Mb.
17-03-2012 11:40:01 --- INFO: start: 17-03-2012 11:40:01
17-03-2012 11:40:01 --- INFO: ----------Source_Gsmotors (cli)
17-03-2012 11:43:34 --- INFO: Lexus RX 300 - found: 57, pass primary filters: 33, did not pass the filter by color: 31, added: 2, new vincodes: 0
17-03-2012 11:53:18 --- INFO: Lexus RX 330 - found: 151, pass primary filters: 62, did not pass the filter by color: 53, added: 9, new vincodes: 1
17-03-2012 11:55:38 --- INFO: Lexus RX 400H - found: 36, pass primary filters: 8, did not pass the filter by color: 8, added: 0, new vincodes: 0
17-03-2012 11:59:52 --- INFO: Lexus GX 470 - found: 63, pass primary filters: 42, did not pass the filter by color: 31, added: 11, new vincodes: 0
17-03-2012 12:08:29 --- INFO: Lexus GX 470 - found: 128, pass primary filters: 58, did not pass the filter by color: 50, added: 8, new vincodes: 0
17-03-2012 12:11:20 --- INFO: Lexus LX 470 - found: 45, pass primary filters: 35, did not pass the filter by color: 28, added: 7, new vincodes: 0
17-03-2012 12:12:19 --- INFO: Lexus LX 470 - found: 18, pass primary filters: 2, did not pass the filter by color: 2, added: 0, new vincodes: 0
17-03-2012 12:13:40 --- INFO: Toyota Land Cruiser - found: 18, pass primary filters: 14, did not pass the filter by color: 11, added: 3, new vincodes: 0
17-03-2012 12:17:02 --- INFO: Honda CR-V - found: 43, pass primary filters: 2, did not pass the filter by color: 0, added: 2, new vincodes: 0
17-03-2012 12:27:38 --- INFO: Honda CR-V - found: 146, pass primary filters: 3, did not pass the filter by color: 0, added: 3, new vincodes: 0
17-03-2012 12:30:35 --- INFO: Mitsubishi Montero 4WD Limited - found: 36, pass primary filters: 10, did not pass the filter by color: 10, added: 0, new vincodes: 0
17-03-2012 12:36:57 --- INFO: Toyota 4RUNNER 4WD V6 - found: 100, pass primary filters: 15, did not pass the filter by color: 10, added: 5, new vincodes: 0
17-03-2012 12:40:53 --- INFO: Toyota RAV 4 - found: 57, pass primary filters: 29, did not pass the filter by color: 23, added: 6, new vincodes: 0
17-03-2012 12:47:16 --- INFO: Toyota Highlander 4WD - found: 100, pass primary filters: 1, did not pass the filter by color: 1, added: 0, new vincodes: 0
17-03-2012 12:51:05 --- INFO: Toyota Highlander - found: 63, pass primary filters: 14, did not pass the filter by color: 8, added: 6, new vincodes: 0
17-03-2012 12:56:54 --- INFO: Lexus RX 350 - found: 93, pass primary filters: 17, did not pass the filter by color: 16, added: 1, new vincodes: 0
17-03-2012 13:01:03 --- INFO: Toyota 4RUNNER Limited V6 - found: 100, pass primary filters: 4, did not pass the filter by color: 4, added: 0, new vincodes: 0
17-03-2012 13:01:03 --- INFO: finish: 17-03-2012 13:01:03
17-03-2012 13:01:03 --- INFO: elapsed time: ~4861.54 sec., memory usage: ~4.66 Mb.
17-03-2012 13:20:01 --- INFO: start: 17-03-2012 13:20:01
17-03-2012 13:20:01 --- INFO: ----------Source_Adesa (cli)
17-03-2012 13:20:02 --- INFO: Authorized request
17-03-2012 13:20:02 --- INFO: Lexus RX 300 - found: 3, pass primary filters: 0, did not pass the filter by color: 0, added: 0, new vincodes: 0
17-03-2012 13:20:16 --- INFO: Lexus RX 330 - found: 11, pass primary filters: 5, did not pass the filter by color: 3, added: 2, new vincodes: 0
17-03-2012 13:20:16 --- INFO: Lexus RX 400H - found: 0, pass primary filters: 0, did not pass the filter by color: 0, added: 0, new vincodes: 0
17-03-2012 13:20:16 --- INFO: Lexus GX 470 - found: 1, pass primary filters: 0, did not pass the filter by color: 0, added: 0, new vincodes: 0
17-03-2012 13:20:23 --- INFO: Lexus GX 470 - found: 2, pass primary filters: 2, did not pass the filter by color: 2, added: 0, new vincodes: 0
17-03-2012 13:20:23 --- INFO: Lexus LX 470 - found: 1, pass primary filters: 0, did not pass the filter by color: 0, added: 0, new vincodes: 0
17-03-2012 13:20:24 --- INFO: Lexus LX 470 - found: 0, pass primary filters: 0, did not pass the filter by color: 0, added: 0, new vincodes: 0
17-03-2012 13:20:27 --- INFO: Toyota Land Cruiser - found: 1, pass primary filters: 1, did not pass the filter by color: 1, added: 0, new vincodes: 0
17-03-2012 13:20:30 --- INFO: Honda CR-V - found: 7, pass primary filters: 1, did not pass the filter by color: 0, added: 1, new vincodes: 0
17-03-2012 13:20:31 --- INFO: Honda CR-V - found: 2, pass primary filters: 0, did not pass the filter by color: 0, added: 0, new vincodes: 0
17-03-2012 13:20:31 --- INFO: Mitsubishi Montero 4WD Limited - found: 7, pass primary filters: 0, did not pass the filter by color: 0, added: 0, new vincodes: 0
17-03-2012 13:20:35 --- INFO: Toyota 4RUNNER 4WD V6 - found: 11, pass primary filters: 1, did not pass the filter by color: 1, added: 0, new vincodes: 0
17-03-2012 13:20:35 --- INFO: Toyota RAV 4 - found: 3, pass primary filters: 0, did not pass the filter by color: 0, added: 0, new vincodes: 0
17-03-2012 13:20:35 --- INFO: Toyota Highlander 4WD - found: 8, pass primary filters: 1, did not pass the filter by color: 1, added: 0, new vincodes: 0
17-03-2012 13:20:36 --- INFO: Toyota Highlander - found: 4, pass primary filters: 1, did not pass the filter by color: 1, added: 0, new vincodes: 0
17-03-2012 13:20:36 --- INFO: Lexus RX 350 - found: 1, pass primary filters: 0, did not pass the filter by color: 0, added: 0, new vincodes: 0
17-03-2012 13:20:37 --- INFO: Toyota 4RUNNER Limited V6 - found: 11, pass primary filters: 0, did not pass the filter by color: 0, added: 0, new vincodes: 0
17-03-2012 13:20:37 --- INFO: finish: 17-03-2012 13:20:37
17-03-2012 13:20:37 --- INFO: elapsed time: ~35.46 sec., memory usage: ~2.01 Mb.
17-03-2012 12:50:02 --- INFO: start: 17-03-2012 12:50:02
17-03-2012 12:50:02 --- INFO: ----------Source_Gsmotors (cli)
17-03-2012 12:52:29 --- INFO: Lexus RX 300 - found: 57, pass primary filters: 33, did not pass the filter by color: 31, added: 2, new vincodes: 0
17-03-2012 12:59:23 --- INFO: Lexus RX 330 - found: 151, pass primary filters: 62, did not pass the filter by color: 53, added: 9, new vincodes: 0
17-03-2012 13:01:02 --- INFO: Lexus RX 400H - found: 36, pass primary filters: 8, did not pass the filter by color: 8, added: 0, new vincodes: 0
17-03-2012 13:03:54 --- INFO: Lexus GX 470 - found: 63, pass primary filters: 42, did not pass the filter by color: 31, added: 11, new vincodes: 0
17-03-2012 13:09:29 --- INFO: Lexus GX 470 - found: 128, pass primary filters: 58, did not pass the filter by color: 50, added: 8, new vincodes: 0
17-03-2012 13:11:37 --- INFO: Lexus LX 470 - found: 45, pass primary filters: 35, did not pass the filter by color: 28, added: 7, new vincodes: 0
17-03-2012 13:12:20 --- INFO: Lexus LX 470 - found: 18, pass primary filters: 2, did not pass the filter by color: 2, added: 0, new vincodes: 0
17-03-2012 13:13:06 --- INFO: Toyota Land Cruiser - found: 18, pass primary filters: 14, did not pass the filter by color: 11, added: 3, new vincodes: 0
17-03-2012 13:15:15 --- INFO: Honda CR-V - found: 43, pass primary filters: 2, did not pass the filter by color: 0, added: 2, new vincodes: 0
17-03-2012 13:21:58 --- INFO: Honda CR-V - found: 146, pass primary filters: 3, did not pass the filter by color: 0, added: 3, new vincodes: 0
17-03-2012 13:23:44 --- INFO: Mitsubishi Montero 4WD Limited - found: 36, pass primary filters: 10, did not pass the filter by color: 10, added: 0, new vincodes: 0
17-03-2012 13:28:19 --- INFO: Toyota 4RUNNER 4WD V6 - found: 100, pass primary filters: 15, did not pass the filter by color: 10, added: 5, new vincodes: 0
17-03-2012 13:30:59 --- INFO: Toyota RAV 4 - found: 57, pass primary filters: 29, did not pass the filter by color: 22, added: 7, new vincodes: 0
17-03-2012 13:35:39 --- INFO: Toyota Highlander 4WD - found: 100, pass primary filters: 1, did not pass the filter by color: 1, added: 0, new vincodes: 0
17-03-2012 13:38:30 --- INFO: Toyota Highlander - found: 63, pass primary filters: 14, did not pass the filter by color: 8, added: 6, new vincodes: 0
17-03-2012 13:42:20 --- INFO: Lexus RX 350 - found: 93, pass primary filters: 17, did not pass the filter by color: 16, added: 1, new vincodes: 0
17-03-2012 13:47:35 --- INFO: Toyota 4RUNNER Limited V6 - found: 100, pass primary filters: 4, did not pass the filter by color: 4, added: 0, new vincodes: 0
17-03-2012 13:47:35 --- INFO: finish: 17-03-2012 13:47:35
17-03-2012 13:47:35 --- INFO: elapsed time: ~3453.65 sec., memory usage: ~4.63 Mb.
17-03-2012 13:50:01 --- INFO: start: 17-03-2012 13:50:01
17-03-2012 13:50:01 --- INFO: ----------Source_Gsmotors (cli)
17-03-2012 13:52:05 --- INFO: Lexus RX 300 - found: 57, pass primary filters: 33, did not pass the filter by color: 31, added: 2, new vincodes: 0
17-03-2012 13:58:20 --- INFO: Lexus RX 330 - found: 151, pass primary filters: 62, did not pass the filter by color: 53, added: 9, new vincodes: 0
17-03-2012 13:59:53 --- INFO: Lexus RX 400H - found: 36, pass primary filters: 8, did not pass the filter by color: 8, added: 0, new vincodes: 0
17-03-2012 14:02:20 --- INFO: Lexus GX 470 - found: 63, pass primary filters: 42, did not pass the filter by color: 31, added: 11, new vincodes: 0
17-03-2012 14:09:04 --- INFO: Lexus GX 470 - found: 128, pass primary filters: 58, did not pass the filter by color: 50, added: 8, new vincodes: 0
17-03-2012 14:10:50 --- INFO: Lexus LX 470 - found: 45, pass primary filters: 35, did not pass the filter by color: 28, added: 7, new vincodes: 0
17-03-2012 14:11:29 --- INFO: Lexus LX 470 - found: 18, pass primary filters: 2, did not pass the filter by color: 2, added: 0, new vincodes: 0
17-03-2012 14:12:10 --- INFO: Toyota Land Cruiser - found: 18, pass primary filters: 14, did not pass the filter by color: 11, added: 3, new vincodes: 0
17-03-2012 14:14:24 --- INFO: Honda CR-V - found: 43, pass primary filters: 2, did not pass the filter by color: 0, added: 2, new vincodes: 0
17-03-2012 14:21:02 --- INFO: Honda CR-V - found: 146, pass primary filters: 3, did not pass the filter by color: 0, added: 3, new vincodes: 0
17-03-2012 14:22:37 --- INFO: Mitsubishi Montero 4WD Limited - found: 36, pass primary filters: 10, did not pass the filter by color: 10, added: 0, new vincodes: 0
17-03-2012 14:27:18 --- INFO: Toyota 4RUNNER 4WD V6 - found: 100, pass primary filters: 15, did not pass the filter by color: 10, added: 5, new vincodes: 0
17-03-2012 14:30:23 --- INFO: Toyota RAV 4 - found: 57, pass primary filters: 29, did not pass the filter by color: 22, added: 7, new vincodes: 0
17-03-2012 14:34:37 --- INFO: Toyota Highlander 4WD - found: 100, pass primary filters: 1, did not pass the filter by color: 1, added: 0, new vincodes: 0
17-03-2012 14:37:21 --- INFO: Toyota Highlander - found: 63, pass primary filters: 14, did not pass the filter by color: 8, added: 6, new vincodes: 0
17-03-2012 14:40:54 --- INFO: Lexus RX 350 - found: 93, pass primary filters: 17, did not pass the filter by color: 16, added: 1, new vincodes: 0
17-03-2012 14:44:56 --- INFO: Toyota 4RUNNER Limited V6 - found: 100, pass primary filters: 4, did not pass the filter by color: 4, added: 0, new vincodes: 0
17-03-2012 14:44:56 --- INFO: finish: 17-03-2012 14:44:56
17-03-2012 14:44:56 --- INFO: elapsed time: ~3294.58 sec., memory usage: ~4.62 Mb.
17-03-2012 16:10:01 --- INFO: start: 17-03-2012 16:10:01
17-03-2012 16:10:01 --- INFO: ----------Source_Adesa (cli)
17-03-2012 16:10:03 --- INFO: Authorized request
17-03-2012 16:10:03 --- INFO: Lexus RX 300 - found: 3, pass primary filters: 0, did not pass the filter by color: 0, added: 0, new vincodes: 0
17-03-2012 16:10:17 --- INFO: Lexus RX 330 - found: 11, pass primary filters: 5, did not pass the filter by color: 3, added: 2, new vincodes: 0
17-03-2012 16:10:17 --- INFO: Lexus RX 400H - found: 0, pass primary filters: 0, did not pass the filter by color: 0, added: 0, new vincodes: 0
17-03-2012 16:10:17 --- INFO: Lexus GX 470 - found: 1, pass primary filters: 0, did not pass the filter by color: 0, added: 0, new vincodes: 0
17-03-2012 16:10:24 --- INFO: Lexus GX 470 - found: 2, pass primary filters: 2, did not pass the filter by color: 2, added: 0, new vincodes: 0
17-03-2012 16:10:24 --- INFO: Lexus LX 470 - found: 1, pass primary filters: 0, did not pass the filter by color: 0, added: 0, new vincodes: 0
17-03-2012 16:10:24 --- INFO: Lexus LX 470 - found: 0, pass primary filters: 0, did not pass the filter by color: 0, added: 0, new vincodes: 0
17-03-2012 16:10:28 --- INFO: Toyota Land Cruiser - found: 1, pass primary filters: 1, did not pass the filter by color: 1, added: 0, new vincodes: 0
17-03-2012 16:10:31 --- INFO: Honda CR-V - found: 7, pass primary filters: 1, did not pass the filter by color: 0, added: 1, new vincodes: 0
17-03-2012 16:10:31 --- INFO: Honda CR-V - found: 2, pass primary filters: 0, did not pass the filter by color: 0, added: 0, new vincodes: 0
17-03-2012 16:10:32 --- INFO: Mitsubishi Montero 4WD Limited - found: 7, pass primary filters: 0, did not pass the filter by color: 0, added: 0, new vincodes: 0
17-03-2012 16:10:35 --- INFO: Toyota 4RUNNER 4WD V6 - found: 11, pass primary filters: 1, did not pass the filter by color: 1, added: 0, new vincodes: 0
17-03-2012 16:10:35 --- INFO: Toyota RAV 4 - found: 3, pass primary filters: 0, did not pass the filter by color: 0, added: 0, new vincodes: 0
17-03-2012 16:10:36 --- INFO: Toyota Highlander 4WD - found: 8, pass primary filters: 1, did not pass the filter by color: 1, added: 0, new vincodes: 0
17-03-2012 16:10:37 --- INFO: Toyota Highlander - found: 4, pass primary filters: 1, did not pass the filter by color: 1, added: 0, new vincodes: 0
17-03-2012 16:10:37 --- INFO: Lexus RX 350 - found: 1, pass primary filters: 0, did not pass the filter by color: 0, added: 0, new vincodes: 0
17-03-2012 16:10:37 --- INFO: Toyota 4RUNNER Limited V6 - found: 11, pass primary filters: 0, did not pass the filter by color: 0, added: 0, new vincodes: 0
17-03-2012 16:10:37 --- INFO: finish: 17-03-2012 16:10:37
17-03-2012 16:10:37 --- INFO: elapsed time: ~36.01 sec., memory usage: ~2.01 Mb.
17-03-2012 16:40:01 --- INFO: start: 17-03-2012 16:40:01
17-03-2012 16:40:01 --- INFO: ----------Source_Gsmotors (cli)
17-03-2012 16:43:09 --- INFO: Lexus RX 300 - found: 62, pass primary filters: 34, did not pass the filter by color: 32, added: 2, new vincodes: 0
17-03-2012 16:50:36 --- INFO: Lexus RX 330 - found: 160, pass primary filters: 62, did not pass the filter by color: 53, added: 9, new vincodes: 0
17-03-2012 16:52:43 --- INFO: Lexus RX 400H - found: 38, pass primary filters: 8, did not pass the filter by color: 8, added: 0, new vincodes: 0
17-03-2012 16:55:50 --- INFO: Lexus GX 470 - found: 65, pass primary filters: 41, did not pass the filter by color: 30, added: 11, new vincodes: 0
17-03-2012 17:02:37 --- INFO: Lexus GX 470 - found: 138, pass primary filters: 55, did not pass the filter by color: 47, added: 8, new vincodes: 0
17-03-2012 17:04:53 --- INFO: Lexus LX 470 - found: 49, pass primary filters: 36, did not pass the filter by color: 28, added: 8, new vincodes: 0
17-03-2012 17:05:32 --- INFO: Lexus LX 470 - found: 19, pass primary filters: 2, did not pass the filter by color: 2, added: 0, new vincodes: 0
17-03-2012 17:06:48 --- INFO: Toyota Land Cruiser - found: 23, pass primary filters: 17, did not pass the filter by color: 12, added: 5, new vincodes: 1
17-03-2012 17:09:01 --- INFO: Honda CR-V - found: 48, pass primary filters: 2, did not pass the filter by color: 0, added: 2, new vincodes: 0
17-03-2012 17:17:09 --- INFO: Honda CR-V - found: 158, pass primary filters: 3, did not pass the filter by color: 0, added: 3, new vincodes: 0
17-03-2012 17:19:19 --- INFO: Mitsubishi Montero 4WD Limited - found: 38, pass primary filters: 11, did not pass the filter by color: 11, added: 0, new vincodes: 1
17-03-2012 17:24:48 --- INFO: Toyota 4RUNNER 4WD V6 - found: 105, pass primary filters: 16, did not pass the filter by color: 11, added: 5, new vincodes: 1
17-03-2012 17:27:42 --- INFO: Toyota RAV 4 - found: 58, pass primary filters: 29, did not pass the filter by color: 23, added: 6, new vincodes: 1
17-03-2012 17:32:26 --- INFO: Toyota Highlander 4WD - found: 105, pass primary filters: 1, did not pass the filter by color: 1, added: 0, new vincodes: 0
17-03-2012 17:34:54 --- INFO: Toyota Highlander - found: 67, pass primary filters: 15, did not pass the filter by color: 9, added: 6, new vincodes: 0
17-03-2012 17:39:43 --- INFO: Lexus RX 350 - found: 101, pass primary filters: 18, did not pass the filter by color: 17, added: 1, new vincodes: 0
17-03-2012 17:43:20 --- INFO: Toyota 4RUNNER Limited V6 - found: 105, pass primary filters: 4, did not pass the filter by color: 4, added: 0, new vincodes: 0
17-03-2012 17:43:20 --- INFO: finish: 17-03-2012 17:43:20
17-03-2012 17:43:20 --- INFO: elapsed time: ~3799.67 sec., memory usage: ~4.73 Mb.
17-03-2012 18:10:01 --- INFO: start: 17-03-2012 18:10:01
17-03-2012 18:10:01 --- INFO: ----------Source_Adesa (cli)
17-03-2012 18:10:03 --- INFO: Authorized request
17-03-2012 18:10:04 --- INFO: Lexus RX 300 - found: 3, pass primary filters: 0, did not pass the filter by color: 0, added: 0, new vincodes: 0
17-03-2012 18:10:17 --- INFO: Lexus RX 330 - found: 11, pass primary filters: 5, did not pass the filter by color: 3, added: 2, new vincodes: 0
17-03-2012 18:10:17 --- INFO: Lexus RX 400H - found: 0, pass primary filters: 0, did not pass the filter by color: 0, added: 0, new vincodes: 0
17-03-2012 18:10:19 --- INFO: Lexus GX 470 - found: 3, pass primary filters: 2, did not pass the filter by color: 1, added: 1, new vincodes: 0
17-03-2012 18:10:27 --- INFO: Lexus GX 470 - found: 3, pass primary filters: 3, did not pass the filter by color: 3, added: 0, new vincodes: 0
17-03-2012 18:10:27 --- INFO: Lexus LX 470 - found: 1, pass primary filters: 0, did not pass the filter by color: 0, added: 0, new vincodes: 0
17-03-2012 18:10:27 --- INFO: Lexus LX 470 - found: 0, pass primary filters: 0, did not pass the filter by color: 0, added: 0, new vincodes: 0
17-03-2012 18:10:31 --- INFO: Toyota Land Cruiser - found: 1, pass primary filters: 1, did not pass the filter by color: 1, added: 0, new vincodes: 0
17-03-2012 18:10:34 --- INFO: Honda CR-V - found: 7, pass primary filters: 1, did not pass the filter by color: 0, added: 1, new vincodes: 0
17-03-2012 18:10:35 --- INFO: Honda CR-V - found: 2, pass primary filters: 0, did not pass the filter by color: 0, added: 0, new vincodes: 0
17-03-2012 18:10:35 --- INFO: Mitsubishi Montero 4WD Limited - found: 8, pass primary filters: 0, did not pass the filter by color: 0, added: 0, new vincodes: 0
17-03-2012 18:10:39 --- INFO: Toyota 4RUNNER 4WD V6 - found: 12, pass primary filters: 2, did not pass the filter by color: 1, added: 1, new vincodes: 0
17-03-2012 18:10:40 --- INFO: Toyota RAV 4 - found: 3, pass primary filters: 0, did not pass the filter by color: 0, added: 0, new vincodes: 0
17-03-2012 18:10:40 --- INFO: Toyota Highlander 4WD - found: 10, pass primary filters: 1, did not pass the filter by color: 1, added: 0, new vincodes: 0
17-03-2012 18:10:41 --- INFO: Toyota Highlander - found: 4, pass primary filters: 1, did not pass the filter by color: 1, added: 0, new vincodes: 0
17-03-2012 18:10:41 --- INFO: Lexus RX 350 - found: 1, pass primary filters: 0, did not pass the filter by color: 0, added: 0, new vincodes: 0
17-03-2012 18:10:41 --- INFO: Toyota 4RUNNER Limited V6 - found: 12, pass primary filters: 0, did not pass the filter by color: 0, added: 0, new vincodes: 0
17-03-2012 18:10:41 --- INFO: finish: 17-03-2012 18:10:41
17-03-2012 18:10:41 --- INFO: elapsed time: ~40.5 sec., memory usage: ~2.06 Mb.
17-03-2012 18:40:01 --- INFO: start: 17-03-2012 18:40:01
17-03-2012 18:40:01 --- INFO: ----------Source_Gsmotors (cli)
17-03-2012 18:42:14 --- INFO: Lexus RX 300 - found: 62, pass primary filters: 34, did not pass the filter by color: 32, added: 2, new vincodes: 0
17-03-2012 18:48:33 --- INFO: Lexus RX 330 - found: 160, pass primary filters: 62, did not pass the filter by color: 53, added: 9, new vincodes: 0
17-03-2012 18:49:53 --- INFO: Lexus RX 400H - found: 38, pass primary filters: 8, did not pass the filter by color: 8, added: 0, new vincodes: 0
17-03-2012 18:52:15 --- INFO: Lexus GX 470 - found: 65, pass primary filters: 41, did not pass the filter by color: 30, added: 11, new vincodes: 0
17-03-2012 18:56:53 --- INFO: Lexus GX 470 - found: 138, pass primary filters: 55, did not pass the filter by color: 47, added: 8, new vincodes: 0
17-03-2012 18:58:44 --- INFO: Lexus LX 470 - found: 49, pass primary filters: 36, did not pass the filter by color: 28, added: 8, new vincodes: 0
17-03-2012 18:59:25 --- INFO: Lexus LX 470 - found: 19, pass primary filters: 2, did not pass the filter by color: 2, added: 0, new vincodes: 0
17-03-2012 19:00:32 --- INFO: Toyota Land Cruiser - found: 23, pass primary filters: 17, did not pass the filter by color: 12, added: 5, new vincodes: 0
17-03-2012 19:02:22 --- INFO: Honda CR-V - found: 48, pass primary filters: 2, did not pass the filter by color: 0, added: 2, new vincodes: 0
17-03-2012 19:08:30 --- INFO: Honda CR-V - found: 158, pass primary filters: 3, did not pass the filter by color: 0, added: 3, new vincodes: 0
17-03-2012 19:09:57 --- INFO: Mitsubishi Montero 4WD Limited - found: 38, pass primary filters: 11, did not pass the filter by color: 11, added: 0, new vincodes: 0
17-03-2012 19:13:35 --- INFO: Toyota 4RUNNER 4WD V6 - found: 105, pass primary filters: 16, did not pass the filter by color: 11, added: 5, new vincodes: 0
17-03-2012 19:15:28 --- INFO: Toyota RAV 4 - found: 58, pass primary filters: 29, did not pass the filter by color: 23, added: 6, new vincodes: 0
17-03-2012 19:19:03 --- INFO: Toyota Highlander 4WD - found: 105, pass primary filters: 1, did not pass the filter by color: 1, added: 0, new vincodes: 0
17-03-2012 19:21:28 --- INFO: Toyota Highlander - found: 67, pass primary filters: 15, did not pass the filter by color: 9, added: 6, new vincodes: 0
17-03-2012 19:25:16 --- INFO: Lexus RX 350 - found: 101, pass primary filters: 18, did not pass the filter by color: 17, added: 1, new vincodes: 0
17-03-2012 19:29:13 --- INFO: Toyota 4RUNNER Limited V6 - found: 105, pass primary filters: 4, did not pass the filter by color: 4, added: 0, new vincodes: 0
17-03-2012 19:29:13 --- INFO: finish: 17-03-2012 19:29:13
17-03-2012 19:29:13 --- INFO: elapsed time: ~2952.53 sec., memory usage: ~4.66 Mb.