
18-03-2012 06:10:01 --- INFO: start: 18-03-2012 06:10:01
18-03-2012 06:10:01 --- INFO: ----------Source_Adesa (cli)
18-03-2012 06:10:03 --- INFO: Authorized request
18-03-2012 06:10:04 --- INFO: Lexus RX 300 - found: 3, pass primary filters: 0, did not pass the filter by color: 0, added: 0, new vincodes: 0
18-03-2012 06:10:17 --- INFO: Lexus RX 330 - found: 11, pass primary filters: 5, did not pass the filter by color: 3, added: 2, new vincodes: 0
18-03-2012 06:10:17 --- INFO: Lexus RX 400H - found: 0, pass primary filters: 0, did not pass the filter by color: 0, added: 0, new vincodes: 0
18-03-2012 06:10:19 --- INFO: Lexus GX 470 - found: 3, pass primary filters: 2, did not pass the filter by color: 1, added: 1, new vincodes: 0
18-03-2012 06:10:27 --- INFO: Lexus GX 470 - found: 3, pass primary filters: 3, did not pass the filter by color: 3, added: 0, new vincodes: 0
18-03-2012 06:10:27 --- INFO: Lexus LX 470 - found: 1, pass primary filters: 0, did not pass the filter by color: 0, added: 0, new vincodes: 0
18-03-2012 06:10:27 --- INFO: Lexus LX 470 - found: 0, pass primary filters: 0, did not pass the filter by color: 0, added: 0, new vincodes: 0
18-03-2012 06:10:31 --- INFO: Toyota Land Cruiser - found: 1, pass primary filters: 1, did not pass the filter by color: 1, added: 0, new vincodes: 0
18-03-2012 06:10:34 --- INFO: Honda CR-V - found: 7, pass primary filters: 1, did not pass the filter by color: 0, added: 1, new vincodes: 0
18-03-2012 06:10:34 --- INFO: Honda CR-V - found: 2, pass primary filters: 0, did not pass the filter by color: 0, added: 0, new vincodes: 0
18-03-2012 06:10:35 --- INFO: Mitsubishi Montero 4WD Limited - found: 8, pass primary filters: 0, did not pass the filter by color: 0, added: 0, new vincodes: 0
18-03-2012 06:10:39 --- INFO: Toyota 4RUNNER 4WD V6 - found: 12, pass primary filters: 2, did not pass the filter by color: 1, added: 1, new vincodes: 0
18-03-2012 06:10:39 --- INFO: Toyota RAV 4 - found: 3, pass primary filters: 0, did not pass the filter by color: 0, added: 0, new vincodes: 0
18-03-2012 06:10:40 --- INFO: Toyota Highlander 4WD - found: 10, pass primary filters: 1, did not pass the filter by color: 1, added: 0, new vincodes: 0
18-03-2012 06:10:41 --- INFO: Toyota Highlander - found: 4, pass primary filters: 1, did not pass the filter by color: 1, added: 0, new vincodes: 0
18-03-2012 06:10:41 --- INFO: Lexus RX 350 - found: 1, pass primary filters: 0, did not pass the filter by color: 0, added: 0, new vincodes: 0
18-03-2012 06:10:41 --- INFO: Toyota 4RUNNER Limited V6 - found: 12, pass primary filters: 0, did not pass the filter by color: 0, added: 0, new vincodes: 0
18-03-2012 06:10:41 --- INFO: finish: 18-03-2012 06:10:41
18-03-2012 06:10:41 --- INFO: elapsed time: ~39.54 sec., memory usage: ~2.06 Mb.
18-03-2012 06:40:01 --- INFO: start: 18-03-2012 06:40:01
18-03-2012 06:40:01 --- INFO: ----------Source_Gsmotors (cli)
18-03-2012 06:43:47 --- INFO: Lexus RX 300 - found: 54, pass primary filters: 32, did not pass the filter by color: 31, added: 1, new vincodes: 0
18-03-2012 06:52:49 --- INFO: Lexus RX 330 - found: 133, pass primary filters: 54, did not pass the filter by color: 46, added: 8, new vincodes: 0
18-03-2012 06:55:00 --- INFO: Lexus RX 400H - found: 34, pass primary filters: 8, did not pass the filter by color: 8, added: 0, new vincodes: 0
18-03-2012 06:58:55 --- INFO: Lexus GX 470 - found: 53, pass primary filters: 35, did not pass the filter by color: 26, added: 9, new vincodes: 0
18-03-2012 07:07:36 --- INFO: Lexus GX 470 - found: 116, pass primary filters: 50, did not pass the filter by color: 45, added: 5, new vincodes: 0
18-03-2012 07:11:05 --- INFO: Lexus LX 470 - found: 43, pass primary filters: 33, did not pass the filter by color: 26, added: 7, new vincodes: 0
18-03-2012 07:12:05 --- INFO: Lexus LX 470 - found: 18, pass primary filters: 2, did not pass the filter by color: 2, added: 0, new vincodes: 0
18-03-2012 07:13:23 --- INFO: Toyota Land Cruiser - found: 19, pass primary filters: 14, did not pass the filter by color: 10, added: 4, new vincodes: 0
18-03-2012 07:15:39 --- INFO: Honda CR-V - found: 41, pass primary filters: 2, did not pass the filter by color: 0, added: 2, new vincodes: 0
18-03-2012 07:25:07 --- INFO: Honda CR-V - found: 144, pass primary filters: 4, did not pass the filter by color: 0, added: 4, new vincodes: 1
18-03-2012 07:27:38 --- INFO: Mitsubishi Montero 4WD Limited - found: 32, pass primary filters: 10, did not pass the filter by color: 10, added: 0, new vincodes: 0
18-03-2012 07:33:52 --- INFO: Toyota 4RUNNER 4WD V6 - found: 92, pass primary filters: 16, did not pass the filter by color: 11, added: 5, new vincodes: 0
18-03-2012 07:37:56 --- INFO: Toyota RAV 4 - found: 59, pass primary filters: 29, did not pass the filter by color: 23, added: 6, new vincodes: 0
18-03-2012 07:46:53 --- INFO: Toyota Highlander 4WD - found: 104, pass primary filters: 1, did not pass the filter by color: 1, added: 0, new vincodes: 0
18-03-2012 07:52:06 --- INFO: Toyota Highlander - found: 64, pass primary filters: 14, did not pass the filter by color: 8, added: 6, new vincodes: 0
18-03-2012 07:52:34 --- INFO: Lexus RX 350 - found: 85, pass primary filters: 0, did not pass the filter by color: 0, added: 0, new vincodes: 0
18-03-2012 07:57:20 --- INFO: Toyota 4RUNNER Limited V6 - found: 92, pass primary filters: 4, did not pass the filter by color: 4, added: 0, new vincodes: 0
18-03-2012 07:57:20 --- INFO: finish: 18-03-2012 07:57:20
18-03-2012 07:57:20 --- INFO: elapsed time: ~4639.45 sec., memory usage: ~4.35 Mb.
18-03-2012 08:10:01 --- INFO: start: 18-03-2012 08:10:01
18-03-2012 08:10:01 --- INFO: ----------Source_Adesa (cli)
18-03-2012 08:10:03 --- INFO: Authorized request
18-03-2012 08:10:08 --- INFO: Lexus RX 300 - found: 5, pass primary filters: 2, did not pass the filter by color: 1, added: 1, new vincodes: 0
18-03-2012 08:10:22 --- INFO: Lexus RX 330 - found: 12, pass primary filters: 6, did not pass the filter by color: 4, added: 2, new vincodes: 0
18-03-2012 08:10:22 --- INFO: Lexus RX 400H - found: 0, pass primary filters: 0, did not pass the filter by color: 0, added: 0, new vincodes: 0
18-03-2012 08:10:24 --- INFO: Lexus GX 470 - found: 3, pass primary filters: 2, did not pass the filter by color: 1, added: 1, new vincodes: 0
18-03-2012 08:10:32 --- INFO: Lexus GX 470 - found: 3, pass primary filters: 3, did not pass the filter by color: 3, added: 0, new vincodes: 0
18-03-2012 08:10:32 --- INFO: Lexus LX 470 - found: 1, pass primary filters: 0, did not pass the filter by color: 0, added: 0, new vincodes: 0
18-03-2012 08:10:32 --- INFO: Lexus LX 470 - found: 0, pass primary filters: 0, did not pass the filter by color: 0, added: 0, new vincodes: 0
18-03-2012 08:10:35 --- INFO: Toyota Land Cruiser - found: 1, pass primary filters: 1, did not pass the filter by color: 1, added: 0, new vincodes: 0
18-03-2012 08:10:39 --- INFO: Honda CR-V - found: 8, pass primary filters: 1, did not pass the filter by color: 0, added: 1, new vincodes: 0
18-03-2012 08:10:39 --- INFO: Honda CR-V - found: 2, pass primary filters: 0, did not pass the filter by color: 0, added: 0, new vincodes: 0
18-03-2012 08:10:39 --- INFO: Mitsubishi Montero 4WD Limited - found: 11, pass primary filters: 0, did not pass the filter by color: 0, added: 0, new vincodes: 0
18-03-2012 08:10:44 --- INFO: Toyota 4RUNNER 4WD V6 - found: 12, pass primary filters: 2, did not pass the filter by color: 1, added: 1, new vincodes: 0
18-03-2012 08:10:49 --- INFO: Toyota RAV 4 - found: 6, pass primary filters: 2, did not pass the filter by color: 2, added: 0, new vincodes: 0
18-03-2012 08:10:49 --- INFO: Toyota Highlander 4WD - found: 16, pass primary filters: 1, did not pass the filter by color: 1, added: 0, new vincodes: 0
18-03-2012 08:10:50 --- INFO: Toyota Highlander - found: 8, pass primary filters: 1, did not pass the filter by color: 1, added: 0, new vincodes: 0
18-03-2012 08:10:50 --- INFO: Lexus RX 350 - found: 1, pass primary filters: 0, did not pass the filter by color: 0, added: 0, new vincodes: 0
18-03-2012 08:10:51 --- INFO: Toyota 4RUNNER Limited V6 - found: 12, pass primary filters: 0, did not pass the filter by color: 0, added: 0, new vincodes: 0
18-03-2012 08:10:51 --- INFO: finish: 18-03-2012 08:10:51
18-03-2012 08:10:51 --- INFO: elapsed time: ~49.39 sec., memory usage: ~2.12 Mb.
18-03-2012 09:10:01 --- INFO: start: 18-03-2012 09:10:01
18-03-2012 09:10:01 --- INFO: ----------Source_Adesa (cli)
18-03-2012 09:10:01 --- INFO: Authorized request
18-03-2012 09:10:05 --- INFO: Lexus RX 300 - found: 5, pass primary filters: 2, did not pass the filter by color: 1, added: 1, new vincodes: 0
18-03-2012 09:10:20 --- INFO: Lexus RX 330 - found: 12, pass primary filters: 6, did not pass the filter by color: 4, added: 2, new vincodes: 0
18-03-2012 09:10:21 --- INFO: Lexus RX 400H - found: 0, pass primary filters: 0, did not pass the filter by color: 0, added: 0, new vincodes: 0
18-03-2012 09:10:23 --- INFO: Lexus GX 470 - found: 3, pass primary filters: 2, did not pass the filter by color: 1, added: 1, new vincodes: 0
18-03-2012 09:10:31 --- INFO: Lexus GX 470 - found: 3, pass primary filters: 3, did not pass the filter by color: 3, added: 0, new vincodes: 0
18-03-2012 09:10:31 --- INFO: Lexus LX 470 - found: 1, pass primary filters: 0, did not pass the filter by color: 0, added: 0, new vincodes: 0
18-03-2012 09:10:31 --- INFO: Lexus LX 470 - found: 0, pass primary filters: 0, did not pass the filter by color: 0, added: 0, new vincodes: 0
18-03-2012 09:10:35 --- INFO: Toyota Land Cruiser - found: 1, pass primary filters: 1, did not pass the filter by color: 1, added: 0, new vincodes: 0
18-03-2012 09:10:38 --- INFO: Honda CR-V - found: 8, pass primary filters: 1, did not pass the filter by color: 0, added: 1, new vincodes: 0
18-03-2012 09:10:39 --- INFO: Honda CR-V - found: 2, pass primary filters: 0, did not pass the filter by color: 0, added: 0, new vincodes: 0
18-03-2012 09:10:39 --- INFO: Mitsubishi Montero 4WD Limited - found: 12, pass primary filters: 0, did not pass the filter by color: 0, added: 0, new vincodes: 0
18-03-2012 09:10:44 --- INFO: Toyota 4RUNNER 4WD V6 - found: 12, pass primary filters: 2, did not pass the filter by color: 1, added: 1, new vincodes: 0
18-03-2012 09:10:48 --- INFO: Toyota RAV 4 - found: 6, pass primary filters: 2, did not pass the filter by color: 2, added: 0, new vincodes: 0
18-03-2012 09:10:49 --- INFO: Toyota Highlander 4WD - found: 16, pass primary filters: 1, did not pass the filter by color: 1, added: 0, new vincodes: 0
18-03-2012 09:10:50 --- INFO: Toyota Highlander - found: 8, pass primary filters: 1, did not pass the filter by color: 1, added: 0, new vincodes: 0
18-03-2012 09:10:50 --- INFO: Lexus RX 350 - found: 1, pass primary filters: 0, did not pass the filter by color: 0, added: 0, new vincodes: 0
18-03-2012 09:10:50 --- INFO: Toyota 4RUNNER Limited V6 - found: 12, pass primary filters: 0, did not pass the filter by color: 0, added: 0, new vincodes: 0
18-03-2012 09:10:50 --- INFO: finish: 18-03-2012 09:10:50
18-03-2012 09:10:50 --- INFO: elapsed time: ~49.28 sec., memory usage: ~2.12 Mb.
18-03-2012 08:40:01 --- INFO: start: 18-03-2012 08:40:01
18-03-2012 08:40:01 --- INFO: ----------Source_Gsmotors (cli)
18-03-2012 08:42:11 --- INFO: Lexus RX 300 - found: 54, pass primary filters: 32, did not pass the filter by color: 31, added: 1, new vincodes: 0
18-03-2012 08:47:19 --- INFO: Lexus RX 330 - found: 133, pass primary filters: 54, did not pass the filter by color: 46, added: 8, new vincodes: 0
18-03-2012 08:48:39 --- INFO: Lexus RX 400H - found: 34, pass primary filters: 8, did not pass the filter by color: 8, added: 0, new vincodes: 0
18-03-2012 08:50:39 --- INFO: Lexus GX 470 - found: 53, pass primary filters: 35, did not pass the filter by color: 26, added: 9, new vincodes: 0
18-03-2012 08:54:56 --- INFO: Lexus GX 470 - found: 116, pass primary filters: 50, did not pass the filter by color: 45, added: 5, new vincodes: 0
18-03-2012 08:56:32 --- INFO: Lexus LX 470 - found: 43, pass primary filters: 33, did not pass the filter by color: 26, added: 7, new vincodes: 0
18-03-2012 08:57:11 --- INFO: Lexus LX 470 - found: 18, pass primary filters: 2, did not pass the filter by color: 2, added: 0, new vincodes: 0
18-03-2012 08:58:05 --- INFO: Toyota Land Cruiser - found: 19, pass primary filters: 14, did not pass the filter by color: 10, added: 4, new vincodes: 0
18-03-2012 08:59:38 --- INFO: Honda CR-V - found: 41, pass primary filters: 2, did not pass the filter by color: 0, added: 2, new vincodes: 0
18-03-2012 09:05:15 --- INFO: Honda CR-V - found: 144, pass primary filters: 4, did not pass the filter by color: 0, added: 4, new vincodes: 0
18-03-2012 09:06:33 --- INFO: Mitsubishi Montero 4WD Limited - found: 32, pass primary filters: 10, did not pass the filter by color: 10, added: 0, new vincodes: 0
18-03-2012 09:10:21 --- INFO: Toyota 4RUNNER 4WD V6 - found: 92, pass primary filters: 16, did not pass the filter by color: 11, added: 5, new vincodes: 0
18-03-2012 09:12:54 --- INFO: Toyota RAV 4 - found: 59, pass primary filters: 29, did not pass the filter by color: 23, added: 6, new vincodes: 0
18-03-2012 09:13:06 --- INFO: Toyota Highlander 4WD - found: 104, pass primary filters: 0, did not pass the filter by color: 0, added: 0, new vincodes: 0
18-03-2012 09:15:06 --- INFO: Toyota Highlander - found: 64, pass primary filters: 14, did not pass the filter by color: 8, added: 6, new vincodes: 0
18-03-2012 09:19:52 --- INFO: Lexus RX 350 - found: 85, pass primary filters: 17, did not pass the filter by color: 16, added: 1, new vincodes: 0
18-03-2012 09:23:32 --- INFO: Toyota 4RUNNER Limited V6 - found: 92, pass primary filters: 4, did not pass the filter by color: 4, added: 0, new vincodes: 0
18-03-2012 09:23:32 --- INFO: finish: 18-03-2012 09:23:32
18-03-2012 09:23:32 --- INFO: elapsed time: ~2610.24 sec., memory usage: ~4.42 Mb.
18-03-2012 10:00:01 --- INFO: start: 18-03-2012 10:00:01
18-03-2012 10:00:01 --- INFO: ----------Source_Adesa (cli)
18-03-2012 10:00:01 --- INFO: Authorized request
18-03-2012 10:00:06 --- INFO: Lexus RX 300 - found: 5, pass primary filters: 2, did not pass the filter by color: 1, added: 1, new vincodes: 0
18-03-2012 10:00:20 --- INFO: Lexus RX 330 - found: 12, pass primary filters: 6, did not pass the filter by color: 4, added: 2, new vincodes: 0
18-03-2012 10:00:20 --- INFO: Lexus RX 400H - found: 0, pass primary filters: 0, did not pass the filter by color: 0, added: 0, new vincodes: 0
18-03-2012 10:00:22 --- INFO: Lexus GX 470 - found: 3, pass primary filters: 2, did not pass the filter by color: 1, added: 1, new vincodes: 0
18-03-2012 10:00:30 --- INFO: Lexus GX 470 - found: 3, pass primary filters: 3, did not pass the filter by color: 3, added: 0, new vincodes: 0
18-03-2012 10:00:30 --- INFO: Lexus LX 470 - found: 1, pass primary filters: 0, did not pass the filter by color: 0, added: 0, new vincodes: 0
18-03-2012 10:00:30 --- INFO: Lexus LX 470 - found: 0, pass primary filters: 0, did not pass the filter by color: 0, added: 0, new vincodes: 0
18-03-2012 10:00:33 --- INFO: Toyota Land Cruiser - found: 1, pass primary filters: 1, did not pass the filter by color: 1, added: 0, new vincodes: 0
18-03-2012 10:00:37 --- INFO: Honda CR-V - found: 8, pass primary filters: 1, did not pass the filter by color: 0, added: 1, new vincodes: 0
18-03-2012 10:00:37 --- INFO: Honda CR-V - found: 2, pass primary filters: 0, did not pass the filter by color: 0, added: 0, new vincodes: 0
18-03-2012 10:00:38 --- INFO: Mitsubishi Montero 4WD Limited - found: 12, pass primary filters: 0, did not pass the filter by color: 0, added: 0, new vincodes: 0
18-03-2012 10:00:42 --- INFO: Toyota 4RUNNER 4WD V6 - found: 12, pass primary filters: 2, did not pass the filter by color: 1, added: 1, new vincodes: 0
18-03-2012 10:00:47 --- INFO: Toyota RAV 4 - found: 6, pass primary filters: 2, did not pass the filter by color: 2, added: 0, new vincodes: 0
18-03-2012 10:00:47 --- INFO: Toyota Highlander 4WD - found: 16, pass primary filters: 1, did not pass the filter by color: 1, added: 0, new vincodes: 0
18-03-2012 10:00:48 --- INFO: Toyota Highlander - found: 8, pass primary filters: 1, did not pass the filter by color: 1, added: 0, new vincodes: 0
18-03-2012 10:00:48 --- INFO: Lexus RX 350 - found: 1, pass primary filters: 0, did not pass the filter by color: 0, added: 0, new vincodes: 0
18-03-2012 10:00:48 --- INFO: Toyota 4RUNNER Limited V6 - found: 12, pass primary filters: 0, did not pass the filter by color: 0, added: 0, new vincodes: 0
18-03-2012 10:00:48 --- INFO: finish: 18-03-2012 10:00:48
18-03-2012 10:00:48 --- INFO: elapsed time: ~47.81 sec., memory usage: ~2.12 Mb.
18-03-2012 09:40:01 --- INFO: start: 18-03-2012 09:40:01
18-03-2012 09:40:01 --- INFO: ----------Source_Gsmotors (cli)
18-03-2012 09:42:02 --- INFO: Lexus RX 300 - found: 54, pass primary filters: 32, did not pass the filter by color: 31, added: 1, new vincodes: 0
18-03-2012 09:47:10 --- INFO: Lexus RX 330 - found: 133, pass primary filters: 54, did not pass the filter by color: 46, added: 8, new vincodes: 0
18-03-2012 09:48:44 --- INFO: Lexus RX 400H - found: 34, pass primary filters: 8, did not pass the filter by color: 8, added: 0, new vincodes: 0
18-03-2012 09:50:44 --- INFO: Lexus GX 470 - found: 53, pass primary filters: 35, did not pass the filter by color: 26, added: 9, new vincodes: 0
18-03-2012 09:54:57 --- INFO: Lexus GX 470 - found: 116, pass primary filters: 50, did not pass the filter by color: 45, added: 5, new vincodes: 0
18-03-2012 09:56:29 --- INFO: Lexus LX 470 - found: 43, pass primary filters: 33, did not pass the filter by color: 26, added: 7, new vincodes: 0
18-03-2012 09:57:07 --- INFO: Lexus LX 470 - found: 18, pass primary filters: 2, did not pass the filter by color: 2, added: 0, new vincodes: 0
18-03-2012 09:57:46 --- INFO: Toyota Land Cruiser - found: 19, pass primary filters: 14, did not pass the filter by color: 10, added: 4, new vincodes: 0
18-03-2012 09:59:25 --- INFO: Honda CR-V - found: 41, pass primary filters: 2, did not pass the filter by color: 0, added: 2, new vincodes: 0
18-03-2012 10:04:39 --- INFO: Honda CR-V - found: 144, pass primary filters: 4, did not pass the filter by color: 0, added: 4, new vincodes: 0
18-03-2012 10:05:59 --- INFO: Mitsubishi Montero 4WD Limited - found: 32, pass primary filters: 10, did not pass the filter by color: 10, added: 0, new vincodes: 0
18-03-2012 10:09:47 --- INFO: Toyota 4RUNNER 4WD V6 - found: 92, pass primary filters: 16, did not pass the filter by color: 11, added: 5, new vincodes: 0
18-03-2012 10:12:18 --- INFO: Toyota RAV 4 - found: 59, pass primary filters: 29, did not pass the filter by color: 23, added: 6, new vincodes: 0
18-03-2012 10:16:13 --- INFO: Toyota Highlander 4WD - found: 104, pass primary filters: 1, did not pass the filter by color: 1, added: 0, new vincodes: 0
18-03-2012 10:18:40 --- INFO: Toyota Highlander - found: 64, pass primary filters: 14, did not pass the filter by color: 8, added: 6, new vincodes: 0
18-03-2012 10:21:55 --- INFO: Lexus RX 350 - found: 85, pass primary filters: 17, did not pass the filter by color: 16, added: 1, new vincodes: 0
18-03-2012 10:25:37 --- INFO: Toyota 4RUNNER Limited V6 - found: 92, pass primary filters: 4, did not pass the filter by color: 4, added: 0, new vincodes: 0
18-03-2012 10:25:37 --- INFO: finish: 18-03-2012 10:25:37
18-03-2012 10:25:37 --- INFO: elapsed time: ~2735.51 sec., memory usage: ~4.42 Mb.
18-03-2012 11:10:01 --- INFO: start: 18-03-2012 11:10:01
18-03-2012 11:10:01 --- INFO: ----------Source_Adesa (cli)
18-03-2012 11:10:02 --- INFO: Authorized request
18-03-2012 11:10:08 --- INFO: Lexus RX 300 - found: 5, pass primary filters: 2, did not pass the filter by color: 1, added: 1, new vincodes: 0
18-03-2012 11:10:23 --- INFO: Lexus RX 330 - found: 12, pass primary filters: 6, did not pass the filter by color: 4, added: 2, new vincodes: 0
18-03-2012 11:10:23 --- INFO: Lexus RX 400H - found: 0, pass primary filters: 0, did not pass the filter by color: 0, added: 0, new vincodes: 0
18-03-2012 11:10:25 --- INFO: Lexus GX 470 - found: 3, pass primary filters: 2, did not pass the filter by color: 1, added: 1, new vincodes: 0
18-03-2012 11:10:33 --- INFO: Lexus GX 470 - found: 3, pass primary filters: 3, did not pass the filter by color: 3, added: 0, new vincodes: 0
18-03-2012 11:10:34 --- INFO: Lexus LX 470 - found: 1, pass primary filters: 0, did not pass the filter by color: 0, added: 0, new vincodes: 0
18-03-2012 11:10:34 --- INFO: Lexus LX 470 - found: 0, pass primary filters: 0, did not pass the filter by color: 0, added: 0, new vincodes: 0
18-03-2012 11:10:37 --- INFO: Toyota Land Cruiser - found: 1, pass primary filters: 1, did not pass the filter by color: 1, added: 0, new vincodes: 0
18-03-2012 11:10:41 --- INFO: Honda CR-V - found: 8, pass primary filters: 1, did not pass the filter by color: 0, added: 1, new vincodes: 0
18-03-2012 11:10:41 --- INFO: Honda CR-V - found: 2, pass primary filters: 0, did not pass the filter by color: 0, added: 0, new vincodes: 0
18-03-2012 11:10:42 --- INFO: Mitsubishi Montero 4WD Limited - found: 12, pass primary filters: 0, did not pass the filter by color: 0, added: 0, new vincodes: 0
18-03-2012 11:10:46 --- INFO: Toyota 4RUNNER 4WD V6 - found: 12, pass primary filters: 2, did not pass the filter by color: 1, added: 1, new vincodes: 0
18-03-2012 11:10:51 --- INFO: Toyota RAV 4 - found: 6, pass primary filters: 2, did not pass the filter by color: 2, added: 0, new vincodes: 0
18-03-2012 11:10:52 --- INFO: Toyota Highlander 4WD - found: 16, pass primary filters: 1, did not pass the filter by color: 1, added: 0, new vincodes: 0
18-03-2012 11:10:52 --- INFO: Toyota Highlander - found: 8, pass primary filters: 1, did not pass the filter by color: 1, added: 0, new vincodes: 0
18-03-2012 11:10:53 --- INFO: Lexus RX 350 - found: 1, pass primary filters: 0, did not pass the filter by color: 0, added: 0, new vincodes: 0
18-03-2012 11:10:53 --- INFO: Toyota 4RUNNER Limited V6 - found: 12, pass primary filters: 0, did not pass the filter by color: 0, added: 0, new vincodes: 0
18-03-2012 11:10:53 --- INFO: finish: 18-03-2012 11:10:53
18-03-2012 11:10:53 --- INFO: elapsed time: ~52.31 sec., memory usage: ~2.12 Mb.
18-03-2012 10:30:01 --- INFO: start: 18-03-2012 10:30:01
18-03-2012 10:30:01 --- INFO: ----------Source_Gsmotors (cli)
18-03-2012 10:32:02 --- INFO: Lexus RX 300 - found: 54, pass primary filters: 32, did not pass the filter by color: 31, added: 1, new vincodes: 0
18-03-2012 10:36:55 --- INFO: Lexus RX 330 - found: 133, pass primary filters: 54, did not pass the filter by color: 46, added: 8, new vincodes: 0
18-03-2012 10:38:26 --- INFO: Lexus RX 400H - found: 34, pass primary filters: 8, did not pass the filter by color: 8, added: 0, new vincodes: 0
18-03-2012 10:40:17 --- INFO: Lexus GX 470 - found: 53, pass primary filters: 35, did not pass the filter by color: 26, added: 9, new vincodes: 0
18-03-2012 10:44:40 --- INFO: Lexus GX 470 - found: 116, pass primary filters: 50, did not pass the filter by color: 45, added: 5, new vincodes: 0
18-03-2012 10:46:14 --- INFO: Lexus LX 470 - found: 43, pass primary filters: 33, did not pass the filter by color: 26, added: 7, new vincodes: 0
18-03-2012 10:47:02 --- INFO: Lexus LX 470 - found: 18, pass primary filters: 2, did not pass the filter by color: 2, added: 0, new vincodes: 0
18-03-2012 10:47:43 --- INFO: Toyota Land Cruiser - found: 19, pass primary filters: 14, did not pass the filter by color: 10, added: 4, new vincodes: 0
18-03-2012 10:49:18 --- INFO: Honda CR-V - found: 41, pass primary filters: 2, did not pass the filter by color: 0, added: 2, new vincodes: 0
18-03-2012 10:54:39 --- INFO: Honda CR-V - found: 144, pass primary filters: 4, did not pass the filter by color: 0, added: 4, new vincodes: 0
18-03-2012 10:56:06 --- INFO: Mitsubishi Montero 4WD Limited - found: 32, pass primary filters: 10, did not pass the filter by color: 10, added: 0, new vincodes: 0
18-03-2012 10:59:56 --- INFO: Toyota 4RUNNER 4WD V6 - found: 92, pass primary filters: 16, did not pass the filter by color: 11, added: 5, new vincodes: 0
18-03-2012 11:01:56 --- INFO: Toyota RAV 4 - found: 59, pass primary filters: 29, did not pass the filter by color: 23, added: 6, new vincodes: 0
18-03-2012 11:05:37 --- INFO: Toyota Highlander 4WD - found: 104, pass primary filters: 1, did not pass the filter by color: 1, added: 0, new vincodes: 0
18-03-2012 11:08:02 --- INFO: Toyota Highlander - found: 64, pass primary filters: 14, did not pass the filter by color: 8, added: 6, new vincodes: 0
18-03-2012 11:11:00 --- INFO: Lexus RX 350 - found: 85, pass primary filters: 17, did not pass the filter by color: 16, added: 1, new vincodes: 0
18-03-2012 11:15:01 --- INFO: Toyota 4RUNNER Limited V6 - found: 92, pass primary filters: 4, did not pass the filter by color: 4, added: 0, new vincodes: 0
18-03-2012 11:15:01 --- INFO: finish: 18-03-2012 11:15:01
18-03-2012 11:15:01 --- INFO: elapsed time: ~2700.28 sec., memory usage: ~4.42 Mb.
18-03-2012 12:20:01 --- INFO: start: 18-03-2012 12:20:01
18-03-2012 12:20:01 --- INFO: ----------Source_Adesa (cli)
18-03-2012 12:20:03 --- INFO: Authorized request
18-03-2012 12:20:07 --- INFO: Lexus RX 300 - found: 5, pass primary filters: 2, did not pass the filter by color: 1, added: 1, new vincodes: 0
18-03-2012 12:20:22 --- INFO: Lexus RX 330 - found: 12, pass primary filters: 6, did not pass the filter by color: 4, added: 2, new vincodes: 0
18-03-2012 12:20:22 --- INFO: Lexus RX 400H - found: 0, pass primary filters: 0, did not pass the filter by color: 0, added: 0, new vincodes: 0
18-03-2012 12:20:24 --- INFO: Lexus GX 470 - found: 3, pass primary filters: 2, did not pass the filter by color: 1, added: 1, new vincodes: 0
18-03-2012 12:20:32 --- INFO: Lexus GX 470 - found: 3, pass primary filters: 3, did not pass the filter by color: 3, added: 0, new vincodes: 0
18-03-2012 12:20:33 --- INFO: Lexus LX 470 - found: 1, pass primary filters: 0, did not pass the filter by color: 0, added: 0, new vincodes: 0
18-03-2012 12:20:33 --- INFO: Lexus LX 470 - found: 0, pass primary filters: 0, did not pass the filter by color: 0, added: 0, new vincodes: 0
18-03-2012 12:25:33 --- INFO: Toyota Land Cruiser - found: 1, pass primary filters: 1, did not pass the filter by color: 1, added: 0, new vincodes: 0
18-03-2012 12:25:36 --- INFO: Honda CR-V - found: 8, pass primary filters: 1, did not pass the filter by color: 0, added: 1, new vincodes: 0
18-03-2012 12:25:37 --- INFO: Honda CR-V - found: 2, pass primary filters: 0, did not pass the filter by color: 0, added: 0, new vincodes: 0
18-03-2012 12:25:37 --- INFO: Mitsubishi Montero 4WD Limited - found: 12, pass primary filters: 0, did not pass the filter by color: 0, added: 0, new vincodes: 0
18-03-2012 12:25:42 --- INFO: Toyota 4RUNNER 4WD V6 - found: 12, pass primary filters: 2, did not pass the filter by color: 1, added: 1, new vincodes: 0
18-03-2012 12:25:47 --- INFO: Toyota RAV 4 - found: 6, pass primary filters: 2, did not pass the filter by color: 2, added: 0, new vincodes: 0
18-03-2012 12:28:48 --- INFO: Toyota Highlander 4WD - found: 16, pass primary filters: 1, did not pass the filter by color: 1, added: 0, new vincodes: 0
18-03-2012 12:31:49 --- INFO: Toyota Highlander - found: 8, pass primary filters: 1, did not pass the filter by color: 1, added: 0, new vincodes: 0
18-03-2012 12:31:49 --- INFO: Lexus RX 350 - found: 1, pass primary filters: 0, did not pass the filter by color: 0, added: 0, new vincodes: 0
18-03-2012 12:31:50 --- INFO: Toyota 4RUNNER Limited V6 - found: 12, pass primary filters: 0, did not pass the filter by color: 0, added: 0, new vincodes: 0
18-03-2012 12:31:50 --- INFO: finish: 18-03-2012 12:31:50
18-03-2012 12:31:50 --- INFO: elapsed time: ~708.22 sec., memory usage: ~2.12 Mb.
18-03-2012 11:40:02 --- INFO: start: 18-03-2012 11:40:02
18-03-2012 11:40:02 --- INFO: ----------Source_Gsmotors (cli)
18-03-2012 11:43:03 --- INFO: Lexus RX 300 - found: 57, pass primary filters: 34, did not pass the filter by color: 33, added: 1, new vincodes: 0
18-03-2012 11:50:56 --- INFO: Lexus RX 330 - found: 158, pass primary filters: 63, did not pass the filter by color: 54, added: 9, new vincodes: 2
18-03-2012 11:52:45 --- INFO: Lexus RX 400H - found: 37, pass primary filters: 9, did not pass the filter by color: 9, added: 0, new vincodes: 0
18-03-2012 11:55:55 --- INFO: Lexus GX 470 - found: 61, pass primary filters: 40, did not pass the filter by color: 30, added: 10, new vincodes: 0
18-03-2012 12:02:10 --- INFO: Lexus GX 470 - found: 126, pass primary filters: 50, did not pass the filter by color: 44, added: 6, new vincodes: 0
18-03-2012 12:04:25 --- INFO: Lexus LX 470 - found: 46, pass primary filters: 35, did not pass the filter by color: 28, added: 7, new vincodes: 0
18-03-2012 12:05:06 --- INFO: Lexus LX 470 - found: 18, pass primary filters: 2, did not pass the filter by color: 2, added: 0, new vincodes: 0
18-03-2012 12:06:17 --- INFO: Toyota Land Cruiser - found: 22, pass primary filters: 16, did not pass the filter by color: 12, added: 4, new vincodes: 0
18-03-2012 12:08:38 --- INFO: Honda CR-V - found: 46, pass primary filters: 2, did not pass the filter by color: 0, added: 2, new vincodes: 0
18-03-2012 12:16:46 --- INFO: Honda CR-V - found: 154, pass primary filters: 4, did not pass the filter by color: 0, added: 4, new vincodes: 0
18-03-2012 12:18:45 --- INFO: Mitsubishi Montero 4WD Limited - found: 39, pass primary filters: 11, did not pass the filter by color: 11, added: 0, new vincodes: 0
18-03-2012 12:24:20 --- INFO: Toyota 4RUNNER 4WD V6 - found: 107, pass primary filters: 20, did not pass the filter by color: 13, added: 7, new vincodes: 0
18-03-2012 12:27:19 --- INFO: Toyota RAV 4 - found: 67, pass primary filters: 30, did not pass the filter by color: 24, added: 6, new vincodes: 0
18-03-2012 12:32:38 --- INFO: Toyota Highlander 4WD - found: 113, pass primary filters: 1, did not pass the filter by color: 1, added: 0, new vincodes: 0
18-03-2012 12:35:09 --- INFO: Toyota Highlander - found: 70, pass primary filters: 14, did not pass the filter by color: 8, added: 6, new vincodes: 0
18-03-2012 12:38:29 --- INFO: Lexus RX 350 - found: 88, pass primary filters: 17, did not pass the filter by color: 16, added: 1, new vincodes: 0
18-03-2012 12:42:31 --- INFO: Toyota 4RUNNER Limited V6 - found: 107, pass primary filters: 4, did not pass the filter by color: 4, added: 0, new vincodes: 0
18-03-2012 12:42:31 --- INFO: finish: 18-03-2012 12:42:31
18-03-2012 12:42:31 --- INFO: elapsed time: ~3749.65 sec., memory usage: ~4.7 Mb.
18-03-2012 13:20:01 --- INFO: start: 18-03-2012 13:20:01
18-03-2012 13:20:01 --- INFO: ----------Source_Adesa (cli)
18-03-2012 13:20:02 --- INFO: Authorized request
18-03-2012 13:20:07 --- INFO: Lexus RX 300 - found: 5, pass primary filters: 2, did not pass the filter by color: 1, added: 1, new vincodes: 0
18-03-2012 13:21:26 --- INFO: Lexus RX 330 - found: 12, pass primary filters: 6, did not pass the filter by color: 4, added: 2, new vincodes: 0
18-03-2012 13:21:26 --- INFO: Lexus RX 400H - found: 0, pass primary filters: 0, did not pass the filter by color: 0, added: 0, new vincodes: 0
18-03-2012 13:21:28 --- INFO: Lexus GX 470 - found: 3, pass primary filters: 2, did not pass the filter by color: 1, added: 1, new vincodes: 0
18-03-2012 13:21:36 --- INFO: Lexus GX 470 - found: 3, pass primary filters: 3, did not pass the filter by color: 3, added: 0, new vincodes: 0
18-03-2012 13:21:36 --- INFO: Lexus LX 470 - found: 1, pass primary filters: 0, did not pass the filter by color: 0, added: 0, new vincodes: 0
18-03-2012 13:21:36 --- INFO: Lexus LX 470 - found: 0, pass primary filters: 0, did not pass the filter by color: 0, added: 0, new vincodes: 0
18-03-2012 13:21:39 --- INFO: Toyota Land Cruiser - found: 1, pass primary filters: 1, did not pass the filter by color: 1, added: 0, new vincodes: 0
18-03-2012 13:21:43 --- INFO: Honda CR-V - found: 8, pass primary filters: 1, did not pass the filter by color: 0, added: 1, new vincodes: 0
18-03-2012 13:21:43 --- INFO: Honda CR-V - found: 2, pass primary filters: 0, did not pass the filter by color: 0, added: 0, new vincodes: 0
18-03-2012 13:21:44 --- INFO: Mitsubishi Montero 4WD Limited - found: 12, pass primary filters: 0, did not pass the filter by color: 0, added: 0, new vincodes: 0
18-03-2012 13:21:48 --- INFO: Toyota 4RUNNER 4WD V6 - found: 12, pass primary filters: 2, did not pass the filter by color: 1, added: 1, new vincodes: 0
18-03-2012 13:21:53 --- INFO: Toyota RAV 4 - found: 6, pass primary filters: 2, did not pass the filter by color: 2, added: 0, new vincodes: 0
18-03-2012 13:21:54 --- INFO: Toyota Highlander 4WD - found: 16, pass primary filters: 1, did not pass the filter by color: 1, added: 0, new vincodes: 0
18-03-2012 13:21:54 --- INFO: Toyota Highlander - found: 8, pass primary filters: 1, did not pass the filter by color: 1, added: 0, new vincodes: 0
18-03-2012 13:21:54 --- INFO: Lexus RX 350 - found: 1, pass primary filters: 0, did not pass the filter by color: 0, added: 0, new vincodes: 0
18-03-2012 13:21:55 --- INFO: Toyota 4RUNNER Limited V6 - found: 12, pass primary filters: 0, did not pass the filter by color: 0, added: 0, new vincodes: 0
18-03-2012 13:21:55 --- INFO: finish: 18-03-2012 13:21:55
18-03-2012 13:21:55 --- INFO: elapsed time: ~113.47 sec., memory usage: ~2.12 Mb.
18-03-2012 12:50:01 --- INFO: start: 18-03-2012 12:50:01
18-03-2012 12:50:01 --- INFO: ----------Source_Gsmotors (cli)
18-03-2012 12:52:12 --- INFO: Lexus RX 300 - found: 57, pass primary filters: 34, did not pass the filter by color: 33, added: 1, new vincodes: 0
18-03-2012 12:57:58 --- INFO: Lexus RX 330 - found: 158, pass primary filters: 63, did not pass the filter by color: 54, added: 9, new vincodes: 0
18-03-2012 12:59:23 --- INFO: Lexus RX 400H - found: 37, pass primary filters: 9, did not pass the filter by color: 9, added: 0, new vincodes: 0
18-03-2012 13:01:33 --- INFO: Lexus GX 470 - found: 61, pass primary filters: 40, did not pass the filter by color: 30, added: 10, new vincodes: 0
18-03-2012 13:06:10 --- INFO: Lexus GX 470 - found: 126, pass primary filters: 50, did not pass the filter by color: 44, added: 6, new vincodes: 0
18-03-2012 13:07:45 --- INFO: Lexus LX 470 - found: 46, pass primary filters: 35, did not pass the filter by color: 28, added: 7, new vincodes: 0
18-03-2012 13:08:22 --- INFO: Lexus LX 470 - found: 18, pass primary filters: 2, did not pass the filter by color: 2, added: 0, new vincodes: 0
18-03-2012 13:09:06 --- INFO: Toyota Land Cruiser - found: 22, pass primary filters: 16, did not pass the filter by color: 12, added: 4, new vincodes: 0
18-03-2012 13:10:48 --- INFO: Honda CR-V - found: 46, pass primary filters: 2, did not pass the filter by color: 0, added: 2, new vincodes: 0
18-03-2012 13:16:32 --- INFO: Honda CR-V - found: 154, pass primary filters: 4, did not pass the filter by color: 0, added: 4, new vincodes: 0
18-03-2012 13:18:11 --- INFO: Mitsubishi Montero 4WD Limited - found: 39, pass primary filters: 11, did not pass the filter by color: 11, added: 0, new vincodes: 0
18-03-2012 13:22:27 --- INFO: Toyota 4RUNNER 4WD V6 - found: 107, pass primary filters: 20, did not pass the filter by color: 13, added: 7, new vincodes: 0
18-03-2012 13:24:36 --- INFO: Toyota RAV 4 - found: 67, pass primary filters: 30, did not pass the filter by color: 24, added: 6, new vincodes: 0
18-03-2012 13:28:40 --- INFO: Toyota Highlander 4WD - found: 113, pass primary filters: 1, did not pass the filter by color: 1, added: 0, new vincodes: 0
18-03-2012 13:31:14 --- INFO: Toyota Highlander - found: 70, pass primary filters: 14, did not pass the filter by color: 8, added: 6, new vincodes: 0
18-03-2012 13:35:52 --- INFO: Lexus RX 350 - found: 88, pass primary filters: 17, did not pass the filter by color: 16, added: 1, new vincodes: 0
18-03-2012 13:39:54 --- INFO: Toyota 4RUNNER Limited V6 - found: 107, pass primary filters: 4, did not pass the filter by color: 4, added: 0, new vincodes: 0
18-03-2012 13:39:54 --- INFO: finish: 18-03-2012 13:39:54
18-03-2012 13:39:54 --- INFO: elapsed time: ~2992.48 sec., memory usage: ~4.63 Mb.
18-03-2012 13:50:01 --- INFO: start: 18-03-2012 13:50:01
18-03-2012 13:50:01 --- INFO: ----------Source_Gsmotors (cli)
18-03-2012 13:52:09 --- INFO: Lexus RX 300 - found: 57, pass primary filters: 34, did not pass the filter by color: 33, added: 1, new vincodes: 0
18-03-2012 13:57:41 --- INFO: Lexus RX 330 - found: 158, pass primary filters: 63, did not pass the filter by color: 54, added: 9, new vincodes: 0
18-03-2012 13:59:23 --- INFO: Lexus RX 400H - found: 37, pass primary filters: 9, did not pass the filter by color: 9, added: 0, new vincodes: 0
18-03-2012 14:01:55 --- INFO: Lexus GX 470 - found: 61, pass primary filters: 40, did not pass the filter by color: 30, added: 10, new vincodes: 0
18-03-2012 14:06:28 --- INFO: Lexus GX 470 - found: 126, pass primary filters: 50, did not pass the filter by color: 44, added: 6, new vincodes: 0
18-03-2012 14:08:05 --- INFO: Lexus LX 470 - found: 46, pass primary filters: 35, did not pass the filter by color: 28, added: 7, new vincodes: 0
18-03-2012 14:08:43 --- INFO: Lexus LX 470 - found: 18, pass primary filters: 2, did not pass the filter by color: 2, added: 0, new vincodes: 0
18-03-2012 14:09:27 --- INFO: Toyota Land Cruiser - found: 22, pass primary filters: 16, did not pass the filter by color: 12, added: 4, new vincodes: 0
18-03-2012 14:11:19 --- INFO: Honda CR-V - found: 46, pass primary filters: 2, did not pass the filter by color: 0, added: 2, new vincodes: 0
18-03-2012 14:17:05 --- INFO: Honda CR-V - found: 154, pass primary filters: 4, did not pass the filter by color: 0, added: 4, new vincodes: 0
18-03-2012 14:18:36 --- INFO: Mitsubishi Montero 4WD Limited - found: 39, pass primary filters: 11, did not pass the filter by color: 11, added: 0, new vincodes: 0
18-03-2012 14:22:31 --- INFO: Toyota 4RUNNER 4WD V6 - found: 107, pass primary filters: 20, did not pass the filter by color: 13, added: 7, new vincodes: 0
18-03-2012 14:24:34 --- INFO: Toyota RAV 4 - found: 67, pass primary filters: 30, did not pass the filter by color: 24, added: 6, new vincodes: 0
18-03-2012 14:28:57 --- INFO: Toyota Highlander 4WD - found: 113, pass primary filters: 1, did not pass the filter by color: 1, added: 0, new vincodes: 0
18-03-2012 14:31:34 --- INFO: Toyota Highlander - found: 70, pass primary filters: 14, did not pass the filter by color: 8, added: 6, new vincodes: 0
18-03-2012 14:35:13 --- INFO: Lexus RX 350 - found: 88, pass primary filters: 17, did not pass the filter by color: 16, added: 1, new vincodes: 0
18-03-2012 14:39:36 --- INFO: Toyota 4RUNNER Limited V6 - found: 107, pass primary filters: 4, did not pass the filter by color: 4, added: 0, new vincodes: 0
18-03-2012 14:39:36 --- INFO: finish: 18-03-2012 14:39:36
18-03-2012 14:39:36 --- INFO: elapsed time: ~2975.21 sec., memory usage: ~4.63 Mb.
18-03-2012 16:10:01 --- INFO: start: 18-03-2012 16:10:01
18-03-2012 16:10:01 --- INFO: ----------Source_Adesa (cli)
18-03-2012 16:10:03 --- INFO: Authorized request
18-03-2012 16:10:09 --- INFO: Lexus RX 300 - found: 5, pass primary filters: 2, did not pass the filter by color: 1, added: 1, new vincodes: 0
18-03-2012 16:10:24 --- INFO: Lexus RX 330 - found: 12, pass primary filters: 6, did not pass the filter by color: 4, added: 2, new vincodes: 0
18-03-2012 16:10:24 --- INFO: Lexus RX 400H - found: 0, pass primary filters: 0, did not pass the filter by color: 0, added: 0, new vincodes: 0
18-03-2012 16:10:26 --- INFO: Lexus GX 470 - found: 3, pass primary filters: 2, did not pass the filter by color: 1, added: 1, new vincodes: 0
18-03-2012 16:10:34 --- INFO: Lexus GX 470 - found: 3, pass primary filters: 3, did not pass the filter by color: 3, added: 0, new vincodes: 0
18-03-2012 16:10:34 --- INFO: Lexus LX 470 - found: 1, pass primary filters: 0, did not pass the filter by color: 0, added: 0, new vincodes: 0
18-03-2012 16:10:35 --- INFO: Lexus LX 470 - found: 0, pass primary filters: 0, did not pass the filter by color: 0, added: 0, new vincodes: 0
18-03-2012 16:10:38 --- INFO: Toyota Land Cruiser - found: 1, pass primary filters: 1, did not pass the filter by color: 1, added: 0, new vincodes: 0
18-03-2012 16:10:42 --- INFO: Honda CR-V - found: 8, pass primary filters: 1, did not pass the filter by color: 0, added: 1, new vincodes: 0
18-03-2012 16:10:42 --- INFO: Honda CR-V - found: 2, pass primary filters: 0, did not pass the filter by color: 0, added: 0, new vincodes: 0
18-03-2012 16:10:42 --- INFO: Mitsubishi Montero 4WD Limited - found: 12, pass primary filters: 0, did not pass the filter by color: 0, added: 0, new vincodes: 0
18-03-2012 16:10:47 --- INFO: Toyota 4RUNNER 4WD V6 - found: 12, pass primary filters: 2, did not pass the filter by color: 1, added: 1, new vincodes: 0
18-03-2012 16:10:51 --- INFO: Toyota RAV 4 - found: 6, pass primary filters: 2, did not pass the filter by color: 2, added: 0, new vincodes: 0
18-03-2012 16:10:51 --- INFO: Toyota Highlander 4WD - found: 16, pass primary filters: 1, did not pass the filter by color: 1, added: 0, new vincodes: 0
18-03-2012 16:10:52 --- INFO: Toyota Highlander - found: 8, pass primary filters: 1, did not pass the filter by color: 1, added: 0, new vincodes: 0
18-03-2012 16:10:52 --- INFO: Lexus RX 350 - found: 1, pass primary filters: 0, did not pass the filter by color: 0, added: 0, new vincodes: 0
18-03-2012 16:10:52 --- INFO: Toyota 4RUNNER Limited V6 - found: 12, pass primary filters: 0, did not pass the filter by color: 0, added: 0, new vincodes: 0
18-03-2012 16:10:52 --- INFO: finish: 18-03-2012 16:10:52
18-03-2012 16:10:52 --- INFO: elapsed time: ~50.92 sec., memory usage: ~2.12 Mb.
18-03-2012 16:40:01 --- INFO: start: 18-03-2012 16:40:01
18-03-2012 16:40:01 --- INFO: ----------Source_Gsmotors (cli)
18-03-2012 16:42:59 --- INFO: Lexus RX 300 - found: 65, pass primary filters: 34, did not pass the filter by color: 32, added: 2, new vincodes: 0
18-03-2012 16:51:00 --- INFO: Lexus RX 330 - found: 165, pass primary filters: 64, did not pass the filter by color: 55, added: 9, new vincodes: 0
18-03-2012 16:52:48 --- INFO: Lexus RX 400H - found: 41, pass primary filters: 9, did not pass the filter by color: 9, added: 0, new vincodes: 0
18-03-2012 16:55:50 --- INFO: Lexus GX 470 - found: 64, pass primary filters: 41, did not pass the filter by color: 30, added: 11, new vincodes: 0
18-03-2012 17:02:06 --- INFO: Lexus GX 470 - found: 138, pass primary filters: 50, did not pass the filter by color: 44, added: 6, new vincodes: 0
18-03-2012 17:04:23 --- INFO: Lexus LX 470 - found: 48, pass primary filters: 35, did not pass the filter by color: 28, added: 7, new vincodes: 0
18-03-2012 17:05:01 --- INFO: Lexus LX 470 - found: 19, pass primary filters: 2, did not pass the filter by color: 2, added: 0, new vincodes: 0
18-03-2012 17:06:08 --- INFO: Toyota Land Cruiser - found: 24, pass primary filters: 16, did not pass the filter by color: 12, added: 4, new vincodes: 0
18-03-2012 17:08:24 --- INFO: Honda CR-V - found: 48, pass primary filters: 2, did not pass the filter by color: 0, added: 2, new vincodes: 0
18-03-2012 17:16:30 --- INFO: Honda CR-V - found: 161, pass primary filters: 4, did not pass the filter by color: 0, added: 4, new vincodes: 0
18-03-2012 17:18:34 --- INFO: Mitsubishi Montero 4WD Limited - found: 40, pass primary filters: 11, did not pass the filter by color: 11, added: 0, new vincodes: 0
18-03-2012 17:23:45 --- INFO: Toyota 4RUNNER 4WD V6 - found: 109, pass primary filters: 20, did not pass the filter by color: 13, added: 7, new vincodes: 0
18-03-2012 17:26:38 --- INFO: Toyota RAV 4 - found: 69, pass primary filters: 31, did not pass the filter by color: 24, added: 7, new vincodes: 0
18-03-2012 17:31:54 --- INFO: Toyota Highlander 4WD - found: 118, pass primary filters: 1, did not pass the filter by color: 1, added: 0, new vincodes: 0
18-03-2012 17:34:46 --- INFO: Toyota Highlander - found: 74, pass primary filters: 14, did not pass the filter by color: 8, added: 6, new vincodes: 0
18-03-2012 17:39:19 --- INFO: Lexus RX 350 - found: 91, pass primary filters: 17, did not pass the filter by color: 16, added: 1, new vincodes: 0
18-03-2012 17:43:07 --- INFO: Toyota 4RUNNER Limited V6 - found: 109, pass primary filters: 4, did not pass the filter by color: 4, added: 0, new vincodes: 0
18-03-2012 17:43:07 --- INFO: finish: 18-03-2012 17:43:07
18-03-2012 17:43:07 --- INFO: elapsed time: ~3786.27 sec., memory usage: ~4.69 Mb.
18-03-2012 18:10:01 --- INFO: start: 18-03-2012 18:10:01
18-03-2012 18:10:01 --- INFO: ----------Source_Adesa (cli)
18-03-2012 18:10:03 --- INFO: Authorized request
18-03-2012 18:10:08 --- INFO: Lexus RX 300 - found: 5, pass primary filters: 2, did not pass the filter by color: 1, added: 1, new vincodes: 0
18-03-2012 18:10:23 --- INFO: Lexus RX 330 - found: 12, pass primary filters: 6, did not pass the filter by color: 4, added: 2, new vincodes: 0
18-03-2012 18:10:23 --- INFO: Lexus RX 400H - found: 0, pass primary filters: 0, did not pass the filter by color: 0, added: 0, new vincodes: 0
18-03-2012 18:10:25 --- INFO: Lexus GX 470 - found: 3, pass primary filters: 2, did not pass the filter by color: 1, added: 1, new vincodes: 0
18-03-2012 18:10:32 --- INFO: Lexus GX 470 - found: 3, pass primary filters: 3, did not pass the filter by color: 3, added: 0, new vincodes: 0
18-03-2012 18:10:32 --- INFO: Lexus LX 470 - found: 1, pass primary filters: 0, did not pass the filter by color: 0, added: 0, new vincodes: 0
18-03-2012 18:10:32 --- INFO: Lexus LX 470 - found: 0, pass primary filters: 0, did not pass the filter by color: 0, added: 0, new vincodes: 0
18-03-2012 18:10:36 --- INFO: Toyota Land Cruiser - found: 1, pass primary filters: 1, did not pass the filter by color: 1, added: 0, new vincodes: 0
18-03-2012 18:10:39 --- INFO: Honda CR-V - found: 8, pass primary filters: 1, did not pass the filter by color: 0, added: 1, new vincodes: 0
18-03-2012 18:10:40 --- INFO: Honda CR-V - found: 2, pass primary filters: 0, did not pass the filter by color: 0, added: 0, new vincodes: 0
18-03-2012 18:10:40 --- INFO: Mitsubishi Montero 4WD Limited - found: 12, pass primary filters: 0, did not pass the filter by color: 0, added: 0, new vincodes: 0
18-03-2012 18:10:45 --- INFO: Toyota 4RUNNER 4WD V6 - found: 12, pass primary filters: 2, did not pass the filter by color: 1, added: 1, new vincodes: 0
18-03-2012 18:10:50 --- INFO: Toyota RAV 4 - found: 6, pass primary filters: 2, did not pass the filter by color: 2, added: 0, new vincodes: 0
18-03-2012 18:10:51 --- INFO: Toyota Highlander 4WD - found: 16, pass primary filters: 1, did not pass the filter by color: 1, added: 0, new vincodes: 0
18-03-2012 18:10:51 --- INFO: Toyota Highlander - found: 8, pass primary filters: 1, did not pass the filter by color: 1, added: 0, new vincodes: 0
18-03-2012 18:10:51 --- INFO: Lexus RX 350 - found: 1, pass primary filters: 0, did not pass the filter by color: 0, added: 0, new vincodes: 0
18-03-2012 18:10:52 --- INFO: Toyota 4RUNNER Limited V6 - found: 12, pass primary filters: 0, did not pass the filter by color: 0, added: 0, new vincodes: 0
18-03-2012 18:10:52 --- INFO: finish: 18-03-2012 18:10:52
18-03-2012 18:10:52 --- INFO: elapsed time: ~50.57 sec., memory usage: ~2.12 Mb.
18-03-2012 18:40:01 --- INFO: start: 18-03-2012 18:40:01
18-03-2012 18:40:01 --- INFO: ----------Source_Gsmotors (cli)
18-03-2012 18:42:22 --- INFO: Lexus RX 300 - found: 65, pass primary filters: 34, did not pass the filter by color: 32, added: 2, new vincodes: 0
18-03-2012 18:47:50 --- INFO: Lexus RX 330 - found: 165, pass primary filters: 64, did not pass the filter by color: 55, added: 9, new vincodes: 0
18-03-2012 18:49:14 --- INFO: Lexus RX 400H - found: 41, pass primary filters: 9, did not pass the filter by color: 9, added: 0, new vincodes: 0
18-03-2012 18:51:24 --- INFO: Lexus GX 470 - found: 64, pass primary filters: 41, did not pass the filter by color: 30, added: 11, new vincodes: 0
18-03-2012 18:56:07 --- INFO: Lexus GX 470 - found: 138, pass primary filters: 50, did not pass the filter by color: 44, added: 6, new vincodes: 0
18-03-2012 18:57:52 --- INFO: Lexus LX 470 - found: 48, pass primary filters: 35, did not pass the filter by color: 28, added: 7, new vincodes: 0
18-03-2012 18:58:31 --- INFO: Lexus LX 470 - found: 19, pass primary filters: 2, did not pass the filter by color: 2, added: 0, new vincodes: 0
18-03-2012 18:59:23 --- INFO: Toyota Land Cruiser - found: 24, pass primary filters: 16, did not pass the filter by color: 12, added: 4, new vincodes: 0
18-03-2012 19:01:08 --- INFO: Honda CR-V - found: 48, pass primary filters: 2, did not pass the filter by color: 0, added: 2, new vincodes: 0
18-03-2012 19:07:18 --- INFO: Honda CR-V - found: 161, pass primary filters: 4, did not pass the filter by color: 0, added: 4, new vincodes: 0
18-03-2012 19:09:01 --- INFO: Mitsubishi Montero 4WD Limited - found: 40, pass primary filters: 11, did not pass the filter by color: 11, added: 0, new vincodes: 0
18-03-2012 19:13:10 --- INFO: Toyota 4RUNNER 4WD V6 - found: 109, pass primary filters: 20, did not pass the filter by color: 13, added: 7, new vincodes: 0
18-03-2012 19:15:25 --- INFO: Toyota RAV 4 - found: 69, pass primary filters: 31, did not pass the filter by color: 24, added: 7, new vincodes: 0
18-03-2012 19:19:44 --- INFO: Toyota Highlander 4WD - found: 118, pass primary filters: 1, did not pass the filter by color: 1, added: 0, new vincodes: 0
18-03-2012 19:22:32 --- INFO: Toyota Highlander - found: 74, pass primary filters: 14, did not pass the filter by color: 8, added: 6, new vincodes: 0
18-03-2012 19:26:00 --- INFO: Lexus RX 350 - found: 91, pass primary filters: 17, did not pass the filter by color: 16, added: 1, new vincodes: 0
18-03-2012 19:30:24 --- INFO: Toyota 4RUNNER Limited V6 - found: 109, pass primary filters: 4, did not pass the filter by color: 4, added: 0, new vincodes: 0
18-03-2012 19:30:24 --- INFO: finish: 18-03-2012 19:30:24
18-03-2012 19:30:24 --- INFO: elapsed time: ~3023.08 sec., memory usage: ~4.66 Mb.