
18-04-2012 06:10:01 --- INFO: start: 18-04-2012 06:10:01
18-04-2012 06:10:01 --- INFO: ----------Source_Adesa (cli)
18-04-2012 06:10:03 --- INFO: Authorized request
18-04-2012 06:10:57 --- INFO: Lexus RX 300 - found: 19, pass primary filters: 10, did not pass the filter by color: 9, added: 1, new vincodes: 2
18-04-2012 06:11:15 --- INFO: Lexus RX 330 - found: 20, pass primary filters: 6, did not pass the filter by color: 6, added: 0, new vincodes: 0
18-04-2012 06:11:15 --- INFO: Lexus RX 400H - found: 1, pass primary filters: 0, did not pass the filter by color: 0, added: 0, new vincodes: 0
18-04-2012 06:11:28 --- INFO: Lexus GX 470 - found: 8, pass primary filters: 5, did not pass the filter by color: 3, added: 2, new vincodes: 0
18-04-2012 06:12:00 --- INFO: Lexus GX 470 - found: 12, pass primary filters: 10, did not pass the filter by color: 5, added: 5, new vincodes: 0
18-04-2012 06:12:08 --- INFO: Lexus LX 470 - found: 2, pass primary filters: 2, did not pass the filter by color: 1, added: 1, new vincodes: 0
18-04-2012 06:12:08 --- INFO: Lexus LX 470 - found: 0, pass primary filters: 0, did not pass the filter by color: 0, added: 0, new vincodes: 0
18-04-2012 06:12:09 --- INFO: Toyota Land Cruiser - found: 1, pass primary filters: 0, did not pass the filter by color: 0, added: 0, new vincodes: 0
18-04-2012 06:12:12 --- INFO: Honda CR-V - found: 12, pass primary filters: 1, did not pass the filter by color: 0, added: 1, new vincodes: 0
18-04-2012 06:12:13 --- INFO: Honda CR-V - found: 2, pass primary filters: 0, did not pass the filter by color: 0, added: 0, new vincodes: 0
18-04-2012 06:12:24 --- INFO: Mitsubishi Montero 4WD Limited - found: 33, pass primary filters: 3, did not pass the filter by color: 3, added: 0, new vincodes: 0
18-04-2012 06:12:32 --- INFO: Toyota 4RUNNER 4WD V6 - found: 19, pass primary filters: 4, did not pass the filter by color: 3, added: 1, new vincodes: 0
18-04-2012 06:12:46 --- INFO: Toyota RAV 4 - found: 18, pass primary filters: 6, did not pass the filter by color: 6, added: 0, new vincodes: 0
18-04-2012 06:12:50 --- INFO: Toyota Highlander 4WD - found: 29, pass primary filters: 1, did not pass the filter by color: 1, added: 0, new vincodes: 0
18-04-2012 06:12:54 --- INFO: Toyota Highlander - found: 18, pass primary filters: 1, did not pass the filter by color: 1, added: 0, new vincodes: 0
18-04-2012 06:12:55 --- INFO: Lexus RX 350 - found: 8, pass primary filters: 3, did not pass the filter by color: 3, added: 0, new vincodes: 0
18-04-2012 06:12:59 --- INFO: Toyota 4RUNNER Limited V6 - found: 19, pass primary filters: 1, did not pass the filter by color: 0, added: 1, new vincodes: 0
18-04-2012 06:12:59 --- INFO: finish: 18-04-2012 06:12:59
18-04-2012 06:12:59 --- INFO: elapsed time: ~178.26 sec., memory usage: ~2.43 Mb.
18-04-2012 08:10:01 --- INFO: start: 18-04-2012 08:10:01
18-04-2012 08:10:01 --- INFO: ----------Source_Adesa (cli)
18-04-2012 08:10:02 --- INFO: Authorized request
18-04-2012 08:10:43 --- INFO: Lexus RX 300 - found: 20, pass primary filters: 11, did not pass the filter by color: 10, added: 1, new vincodes: 1
18-04-2012 08:11:01 --- INFO: Lexus RX 330 - found: 20, pass primary filters: 7, did not pass the filter by color: 7, added: 0, new vincodes: 0
18-04-2012 08:11:01 --- INFO: Lexus RX 400H - found: 1, pass primary filters: 0, did not pass the filter by color: 0, added: 0, new vincodes: 0
18-04-2012 08:11:14 --- INFO: Lexus GX 470 - found: 8, pass primary filters: 5, did not pass the filter by color: 3, added: 2, new vincodes: 0
18-04-2012 08:11:43 --- INFO: Lexus GX 470 - found: 12, pass primary filters: 10, did not pass the filter by color: 5, added: 5, new vincodes: 0
18-04-2012 08:11:48 --- INFO: Lexus LX 470 - found: 3, pass primary filters: 2, did not pass the filter by color: 1, added: 1, new vincodes: 0
18-04-2012 08:11:48 --- INFO: Lexus LX 470 - found: 0, pass primary filters: 0, did not pass the filter by color: 0, added: 0, new vincodes: 0
18-04-2012 08:11:48 --- INFO: Toyota Land Cruiser - found: 1, pass primary filters: 0, did not pass the filter by color: 0, added: 0, new vincodes: 0
18-04-2012 08:11:52 --- INFO: Honda CR-V - found: 12, pass primary filters: 1, did not pass the filter by color: 0, added: 1, new vincodes: 0
18-04-2012 08:11:52 --- INFO: Honda CR-V - found: 2, pass primary filters: 0, did not pass the filter by color: 0, added: 0, new vincodes: 0
18-04-2012 08:12:02 --- INFO: Mitsubishi Montero 4WD Limited - found: 33, pass primary filters: 3, did not pass the filter by color: 3, added: 0, new vincodes: 0
18-04-2012 08:12:23 --- INFO: Toyota 4RUNNER 4WD V6 - found: 20, pass primary filters: 5, did not pass the filter by color: 4, added: 1, new vincodes: 1
18-04-2012 08:12:38 --- INFO: Toyota RAV 4 - found: 18, pass primary filters: 6, did not pass the filter by color: 6, added: 0, new vincodes: 0
18-04-2012 08:12:42 --- INFO: Toyota Highlander 4WD - found: 29, pass primary filters: 1, did not pass the filter by color: 1, added: 0, new vincodes: 0
18-04-2012 08:12:45 --- INFO: Toyota Highlander - found: 18, pass primary filters: 1, did not pass the filter by color: 1, added: 0, new vincodes: 0
18-04-2012 08:12:47 --- INFO: Lexus RX 350 - found: 8, pass primary filters: 3, did not pass the filter by color: 3, added: 0, new vincodes: 0
18-04-2012 08:12:51 --- INFO: Toyota 4RUNNER Limited V6 - found: 20, pass primary filters: 1, did not pass the filter by color: 0, added: 1, new vincodes: 0
18-04-2012 08:12:51 --- INFO: finish: 18-04-2012 08:12:51
18-04-2012 08:12:51 --- INFO: elapsed time: ~170.21 sec., memory usage: ~2.46 Mb.
18-04-2012 06:40:01 --- INFO: start: 18-04-2012 06:40:01
18-04-2012 06:40:01 --- INFO: ----------Source_Gsmotors (cli)
18-04-2012 06:45:54 --- INFO: Lexus RX 300 - found: 94, pass primary filters: 62, did not pass the filter by color: 48, added: 14, new vincodes: 3
18-04-2012 06:57:50 --- INFO: Lexus RX 330 - found: 231, pass primary filters: 92, did not pass the filter by color: 81, added: 11, new vincodes: 0
18-04-2012 06:59:43 --- INFO: Lexus RX 400H - found: 37, pass primary filters: 12, did not pass the filter by color: 11, added: 1, new vincodes: 1
18-04-2012 07:05:35 --- INFO: Lexus GX 470 - found: 92, pass primary filters: 69, did not pass the filter by color: 51, added: 18, new vincodes: 0
18-04-2012 07:15:36 --- INFO: Lexus GX 470 - found: 187, pass primary filters: 96, did not pass the filter by color: 73, added: 23, new vincodes: 2
18-04-2012 07:19:47 --- INFO: Lexus LX 470 - found: 77, pass primary filters: 57, did not pass the filter by color: 47, added: 10, new vincodes: 1
18-04-2012 07:20:34 --- INFO: Lexus LX 470 - found: 21, pass primary filters: 2, did not pass the filter by color: 2, added: 0, new vincodes: 0
18-04-2012 07:22:35 --- INFO: Toyota Land Cruiser - found: 44, pass primary filters: 30, did not pass the filter by color: 26, added: 4, new vincodes: 1
18-04-2012 07:26:31 --- INFO: Honda CR-V - found: 80, pass primary filters: 4, did not pass the filter by color: 0, added: 4, new vincodes: 0
18-04-2012 07:41:17 --- INFO: Honda CR-V - found: 252, pass primary filters: 1, did not pass the filter by color: 0, added: 1, new vincodes: 0
18-04-2012 07:46:02 --- INFO: Mitsubishi Montero 4WD Limited - found: 86, pass primary filters: 11, did not pass the filter by color: 11, added: 0, new vincodes: 1
18-04-2012 07:54:39 --- INFO: Toyota 4RUNNER 4WD V6 - found: 146, pass primary filters: 27, did not pass the filter by color: 20, added: 7, new vincodes: 0
18-04-2012 08:00:29 --- INFO: Toyota RAV 4 - found: 106, pass primary filters: 47, did not pass the filter by color: 31, added: 16, new vincodes: 2
18-04-2012 08:09:21 --- INFO: Toyota Highlander 4WD - found: 172, pass primary filters: 4, did not pass the filter by color: 3, added: 1, new vincodes: 0
18-04-2012 08:13:46 --- INFO: Toyota Highlander - found: 117, pass primary filters: 14, did not pass the filter by color: 10, added: 4, new vincodes: 0
18-04-2012 08:21:51 --- INFO: Lexus RX 350 - found: 138, pass primary filters: 27, did not pass the filter by color: 23, added: 4, new vincodes: 1
18-04-2012 08:27:24 --- INFO: Toyota 4RUNNER Limited V6 - found: 146, pass primary filters: 3, did not pass the filter by color: 3, added: 0, new vincodes: 0
18-04-2012 08:27:24 --- INFO: finish: 18-04-2012 08:27:24
18-04-2012 08:27:24 --- INFO: elapsed time: ~6443.1 sec., memory usage: ~6.42 Mb.
18-04-2012 09:10:01 --- INFO: start: 18-04-2012 09:10:01
18-04-2012 09:10:01 --- INFO: ----------Source_Adesa (cli)
18-04-2012 09:10:01 --- INFO: Authorized request
18-04-2012 09:10:32 --- INFO: Lexus RX 300 - found: 20, pass primary filters: 11, did not pass the filter by color: 10, added: 1, new vincodes: 0
18-04-2012 09:10:53 --- INFO: Lexus RX 330 - found: 21, pass primary filters: 8, did not pass the filter by color: 8, added: 0, new vincodes: 1
18-04-2012 09:10:53 --- INFO: Lexus RX 400H - found: 1, pass primary filters: 0, did not pass the filter by color: 0, added: 0, new vincodes: 0
18-04-2012 09:11:07 --- INFO: Lexus GX 470 - found: 8, pass primary filters: 5, did not pass the filter by color: 3, added: 2, new vincodes: 0
18-04-2012 09:11:37 --- INFO: Lexus GX 470 - found: 12, pass primary filters: 10, did not pass the filter by color: 5, added: 5, new vincodes: 0
18-04-2012 09:11:49 --- INFO: Lexus LX 470 - found: 3, pass primary filters: 3, did not pass the filter by color: 1, added: 2, new vincodes: 0
18-04-2012 09:11:49 --- INFO: Lexus LX 470 - found: 0, pass primary filters: 0, did not pass the filter by color: 0, added: 0, new vincodes: 0
18-04-2012 09:12:05 --- INFO: Toyota Land Cruiser - found: 1, pass primary filters: 1, did not pass the filter by color: 1, added: 0, new vincodes: 1
18-04-2012 09:12:09 --- INFO: Honda CR-V - found: 12, pass primary filters: 1, did not pass the filter by color: 0, added: 1, new vincodes: 0
18-04-2012 09:12:09 --- INFO: Honda CR-V - found: 2, pass primary filters: 0, did not pass the filter by color: 0, added: 0, new vincodes: 0
18-04-2012 09:12:21 --- INFO: Mitsubishi Montero 4WD Limited - found: 34, pass primary filters: 3, did not pass the filter by color: 3, added: 0, new vincodes: 0
18-04-2012 09:12:30 --- INFO: Toyota 4RUNNER 4WD V6 - found: 20, pass primary filters: 5, did not pass the filter by color: 4, added: 1, new vincodes: 0
18-04-2012 09:12:50 --- INFO: Toyota RAV 4 - found: 21, pass primary filters: 6, did not pass the filter by color: 6, added: 0, new vincodes: 0
18-04-2012 09:12:54 --- INFO: Toyota Highlander 4WD - found: 32, pass primary filters: 1, did not pass the filter by color: 1, added: 0, new vincodes: 0
18-04-2012 09:12:58 --- INFO: Toyota Highlander - found: 20, pass primary filters: 1, did not pass the filter by color: 1, added: 0, new vincodes: 0
18-04-2012 09:12:59 --- INFO: Lexus RX 350 - found: 8, pass primary filters: 3, did not pass the filter by color: 3, added: 0, new vincodes: 0
18-04-2012 09:13:03 --- INFO: Toyota 4RUNNER Limited V6 - found: 20, pass primary filters: 1, did not pass the filter by color: 0, added: 1, new vincodes: 0
18-04-2012 09:13:03 --- INFO: finish: 18-04-2012 09:13:03
18-04-2012 09:13:03 --- INFO: elapsed time: ~182.3 sec., memory usage: ~2.5 Mb.
18-04-2012 08:40:01 --- INFO: start: 18-04-2012 08:40:01
18-04-2012 08:40:01 --- INFO: ----------Source_Gsmotors (cli)
18-04-2012 08:43:42 --- INFO: Lexus RX 300 - found: 94, pass primary filters: 62, did not pass the filter by color: 48, added: 14, new vincodes: 0
18-04-2012 08:52:27 --- INFO: Lexus RX 330 - found: 231, pass primary filters: 92, did not pass the filter by color: 81, added: 11, new vincodes: 0
18-04-2012 08:53:48 --- INFO: Lexus RX 400H - found: 37, pass primary filters: 12, did not pass the filter by color: 11, added: 1, new vincodes: 0
18-04-2012 08:58:27 --- INFO: Lexus GX 470 - found: 92, pass primary filters: 67, did not pass the filter by color: 49, added: 18, new vincodes: 0
18-04-2012 09:05:56 --- INFO: Lexus GX 470 - found: 187, pass primary filters: 96, did not pass the filter by color: 73, added: 23, new vincodes: 0
18-04-2012 09:08:43 --- INFO: Lexus LX 470 - found: 77, pass primary filters: 57, did not pass the filter by color: 47, added: 10, new vincodes: 0
18-04-2012 09:09:26 --- INFO: Lexus LX 470 - found: 21, pass primary filters: 2, did not pass the filter by color: 2, added: 0, new vincodes: 0
18-04-2012 09:10:53 --- INFO: Toyota Land Cruiser - found: 44, pass primary filters: 30, did not pass the filter by color: 26, added: 4, new vincodes: 0
18-04-2012 09:13:58 --- INFO: Honda CR-V - found: 80, pass primary filters: 4, did not pass the filter by color: 0, added: 4, new vincodes: 0
18-04-2012 09:24:01 --- INFO: Honda CR-V - found: 252, pass primary filters: 1, did not pass the filter by color: 0, added: 1, new vincodes: 0
18-04-2012 09:27:31 --- INFO: Mitsubishi Montero 4WD Limited - found: 86, pass primary filters: 11, did not pass the filter by color: 11, added: 0, new vincodes: 0
18-04-2012 09:33:49 --- INFO: Toyota 4RUNNER 4WD V6 - found: 146, pass primary filters: 27, did not pass the filter by color: 20, added: 7, new vincodes: 0
18-04-2012 09:38:03 --- INFO: Toyota RAV 4 - found: 106, pass primary filters: 47, did not pass the filter by color: 31, added: 16, new vincodes: 0
18-04-2012 09:44:38 --- INFO: Toyota Highlander 4WD - found: 172, pass primary filters: 4, did not pass the filter by color: 3, added: 1, new vincodes: 0
18-04-2012 09:49:09 --- INFO: Toyota Highlander - found: 117, pass primary filters: 14, did not pass the filter by color: 10, added: 4, new vincodes: 0
18-04-2012 09:54:26 --- INFO: Lexus RX 350 - found: 138, pass primary filters: 27, did not pass the filter by color: 24, added: 3, new vincodes: 0
18-04-2012 10:00:13 --- INFO: Toyota 4RUNNER Limited V6 - found: 146, pass primary filters: 3, did not pass the filter by color: 3, added: 0, new vincodes: 0
18-04-2012 10:00:13 --- INFO: finish: 18-04-2012 10:00:13
18-04-2012 10:00:13 --- INFO: elapsed time: ~4811.18 sec., memory usage: ~6.23 Mb.
18-04-2012 10:00:01 --- INFO: start: 18-04-2012 10:00:01
18-04-2012 10:00:01 --- INFO: ----------Source_Adesa (cli)
18-04-2012 10:00:02 --- INFO: Authorized request
18-04-2012 10:00:32 --- INFO: Lexus RX 300 - found: 20, pass primary filters: 11, did not pass the filter by color: 10, added: 1, new vincodes: 0
18-04-2012 10:01:06 --- INFO: Lexus RX 330 - found: 21, pass primary filters: 10, did not pass the filter by color: 10, added: 0, new vincodes: 2
18-04-2012 10:01:22 --- INFO: Lexus RX 400H - found: 1, pass primary filters: 1, did not pass the filter by color: 1, added: 0, new vincodes: 1
18-04-2012 10:01:36 --- INFO: Lexus GX 470 - found: 9, pass primary filters: 6, did not pass the filter by color: 4, added: 2, new vincodes: 0
18-04-2012 10:02:06 --- INFO: Lexus GX 470 - found: 12, pass primary filters: 10, did not pass the filter by color: 5, added: 5, new vincodes: 0
18-04-2012 10:02:14 --- INFO: Lexus LX 470 - found: 3, pass primary filters: 3, did not pass the filter by color: 1, added: 2, new vincodes: 0
18-04-2012 10:02:14 --- INFO: Lexus LX 470 - found: 0, pass primary filters: 0, did not pass the filter by color: 0, added: 0, new vincodes: 0
18-04-2012 10:02:18 --- INFO: Toyota Land Cruiser - found: 1, pass primary filters: 1, did not pass the filter by color: 1, added: 0, new vincodes: 0
18-04-2012 10:02:21 --- INFO: Honda CR-V - found: 12, pass primary filters: 1, did not pass the filter by color: 0, added: 1, new vincodes: 0
18-04-2012 10:02:22 --- INFO: Honda CR-V - found: 2, pass primary filters: 0, did not pass the filter by color: 0, added: 0, new vincodes: 0
18-04-2012 10:02:37 --- INFO: Mitsubishi Montero 4WD Limited - found: 36, pass primary filters: 4, did not pass the filter by color: 4, added: 0, new vincodes: 1
18-04-2012 10:02:46 --- INFO: Toyota 4RUNNER 4WD V6 - found: 20, pass primary filters: 5, did not pass the filter by color: 4, added: 1, new vincodes: 0
18-04-2012 10:03:01 --- INFO: Toyota RAV 4 - found: 21, pass primary filters: 6, did not pass the filter by color: 6, added: 0, new vincodes: 0
18-04-2012 10:03:05 --- INFO: Toyota Highlander 4WD - found: 34, pass primary filters: 1, did not pass the filter by color: 1, added: 0, new vincodes: 0
18-04-2012 10:03:09 --- INFO: Toyota Highlander - found: 22, pass primary filters: 1, did not pass the filter by color: 1, added: 0, new vincodes: 0
18-04-2012 10:03:11 --- INFO: Lexus RX 350 - found: 8, pass primary filters: 3, did not pass the filter by color: 3, added: 0, new vincodes: 0
18-04-2012 10:03:15 --- INFO: Toyota 4RUNNER Limited V6 - found: 20, pass primary filters: 1, did not pass the filter by color: 0, added: 1, new vincodes: 0
18-04-2012 10:03:15 --- INFO: finish: 18-04-2012 10:03:15
18-04-2012 10:03:15 --- INFO: elapsed time: ~194.04 sec., memory usage: ~2.56 Mb.
18-04-2012 09:40:01 --- INFO: start: 18-04-2012 09:40:01
18-04-2012 09:40:01 --- INFO: ----------Source_Gsmotors (cli)
18-04-2012 09:43:49 --- INFO: Lexus RX 300 - found: 94, pass primary filters: 62, did not pass the filter by color: 48, added: 14, new vincodes: 0
18-04-2012 09:52:58 --- INFO: Lexus RX 330 - found: 231, pass primary filters: 92, did not pass the filter by color: 81, added: 11, new vincodes: 0
18-04-2012 09:54:20 --- INFO: Lexus RX 400H - found: 37, pass primary filters: 12, did not pass the filter by color: 11, added: 1, new vincodes: 0
18-04-2012 09:57:44 --- INFO: Lexus GX 470 - found: 92, pass primary filters: 67, did not pass the filter by color: 49, added: 18, new vincodes: 0
18-04-2012 10:04:47 --- INFO: Lexus GX 470 - found: 187, pass primary filters: 96, did not pass the filter by color: 73, added: 23, new vincodes: 0
18-04-2012 10:07:35 --- INFO: Lexus LX 470 - found: 77, pass primary filters: 57, did not pass the filter by color: 47, added: 10, new vincodes: 0
18-04-2012 10:08:19 --- INFO: Lexus LX 470 - found: 21, pass primary filters: 2, did not pass the filter by color: 2, added: 0, new vincodes: 0
18-04-2012 10:09:41 --- INFO: Toyota Land Cruiser - found: 44, pass primary filters: 30, did not pass the filter by color: 26, added: 4, new vincodes: 0
18-04-2012 10:12:48 --- INFO: Honda CR-V - found: 80, pass primary filters: 4, did not pass the filter by color: 0, added: 4, new vincodes: 0
18-04-2012 10:22:36 --- INFO: Honda CR-V - found: 252, pass primary filters: 1, did not pass the filter by color: 0, added: 1, new vincodes: 0
18-04-2012 10:26:21 --- INFO: Mitsubishi Montero 4WD Limited - found: 86, pass primary filters: 11, did not pass the filter by color: 11, added: 0, new vincodes: 0
18-04-2012 10:32:13 --- INFO: Toyota 4RUNNER 4WD V6 - found: 146, pass primary filters: 27, did not pass the filter by color: 8, added: 19, new vincodes: 0
18-04-2012 10:36:16 --- INFO: Toyota RAV 4 - found: 106, pass primary filters: 47, did not pass the filter by color: 31, added: 16, new vincodes: 0
18-04-2012 10:42:41 --- INFO: Toyota Highlander 4WD - found: 172, pass primary filters: 4, did not pass the filter by color: 3, added: 1, new vincodes: 0
18-04-2012 10:47:00 --- INFO: Toyota Highlander - found: 117, pass primary filters: 14, did not pass the filter by color: 10, added: 4, new vincodes: 0
18-04-2012 10:52:20 --- INFO: Lexus RX 350 - found: 138, pass primary filters: 27, did not pass the filter by color: 23, added: 4, new vincodes: 0
18-04-2012 10:58:10 --- INFO: Toyota 4RUNNER Limited V6 - found: 146, pass primary filters: 3, did not pass the filter by color: 3, added: 0, new vincodes: 0
18-04-2012 10:58:10 --- INFO: finish: 18-04-2012 10:58:10
18-04-2012 10:58:10 --- INFO: elapsed time: ~4689.21 sec., memory usage: ~6.22 Mb.
18-04-2012 11:10:01 --- INFO: start: 18-04-2012 11:10:01
18-04-2012 11:10:01 --- INFO: ----------Source_Adesa (cli)
18-04-2012 11:10:03 --- INFO: Authorized request
18-04-2012 11:10:59 --- INFO: Lexus RX 300 - found: 23, pass primary filters: 13, did not pass the filter by color: 11, added: 2, new vincodes: 2
18-04-2012 11:11:45 --- INFO: Lexus RX 330 - found: 23, pass primary filters: 12, did not pass the filter by color: 12, added: 0, new vincodes: 2
18-04-2012 11:11:48 --- INFO: Lexus RX 400H - found: 1, pass primary filters: 1, did not pass the filter by color: 1, added: 0, new vincodes: 0
18-04-2012 11:12:22 --- INFO: Lexus GX 470 - found: 10, pass primary filters: 7, did not pass the filter by color: 5, added: 2, new vincodes: 1
18-04-2012 11:12:48 --- INFO: Lexus GX 470 - found: 12, pass primary filters: 10, did not pass the filter by color: 5, added: 5, new vincodes: 0
18-04-2012 11:12:56 --- INFO: Lexus LX 470 - found: 3, pass primary filters: 3, did not pass the filter by color: 1, added: 2, new vincodes: 0
18-04-2012 11:12:56 --- INFO: Lexus LX 470 - found: 0, pass primary filters: 0, did not pass the filter by color: 0, added: 0, new vincodes: 0
18-04-2012 11:12:59 --- INFO: Toyota Land Cruiser - found: 1, pass primary filters: 1, did not pass the filter by color: 1, added: 0, new vincodes: 0
18-04-2012 11:13:03 --- INFO: Honda CR-V - found: 12, pass primary filters: 1, did not pass the filter by color: 0, added: 1, new vincodes: 0
18-04-2012 11:13:04 --- INFO: Honda CR-V - found: 2, pass primary filters: 0, did not pass the filter by color: 0, added: 0, new vincodes: 0
18-04-2012 11:13:17 --- INFO: Mitsubishi Montero 4WD Limited - found: 35, pass primary filters: 4, did not pass the filter by color: 4, added: 0, new vincodes: 0
18-04-2012 11:13:28 --- INFO: Toyota 4RUNNER 4WD V6 - found: 23, pass primary filters: 5, did not pass the filter by color: 4, added: 1, new vincodes: 0
18-04-2012 11:13:40 --- INFO: Toyota RAV 4 - found: 21, pass primary filters: 6, did not pass the filter by color: 6, added: 0, new vincodes: 0
18-04-2012 11:13:44 --- INFO: Toyota Highlander 4WD - found: 37, pass primary filters: 1, did not pass the filter by color: 1, added: 0, new vincodes: 0
18-04-2012 11:13:50 --- INFO: Toyota Highlander - found: 24, pass primary filters: 2, did not pass the filter by color: 2, added: 0, new vincodes: 1
18-04-2012 11:13:52 --- INFO: Lexus RX 350 - found: 9, pass primary filters: 3, did not pass the filter by color: 3, added: 0, new vincodes: 0
18-04-2012 11:13:55 --- INFO: Toyota 4RUNNER Limited V6 - found: 23, pass primary filters: 1, did not pass the filter by color: 0, added: 1, new vincodes: 0
18-04-2012 11:13:55 --- INFO: finish: 18-04-2012 11:13:55
18-04-2012 11:13:55 --- INFO: elapsed time: ~234.19 sec., memory usage: ~2.59 Mb.
18-04-2012 10:30:01 --- INFO: start: 18-04-2012 10:30:01
18-04-2012 10:30:01 --- INFO: ----------Source_Gsmotors (cli)
18-04-2012 10:33:44 --- INFO: Lexus RX 300 - found: 94, pass primary filters: 62, did not pass the filter by color: 48, added: 14, new vincodes: 0
18-04-2012 10:42:56 --- INFO: Lexus RX 330 - found: 231, pass primary filters: 92, did not pass the filter by color: 81, added: 11, new vincodes: 0
18-04-2012 10:44:22 --- INFO: Lexus RX 400H - found: 37, pass primary filters: 12, did not pass the filter by color: 11, added: 1, new vincodes: 0
18-04-2012 10:47:54 --- INFO: Lexus GX 470 - found: 92, pass primary filters: 67, did not pass the filter by color: 49, added: 18, new vincodes: 0
18-04-2012 10:55:04 --- INFO: Lexus GX 470 - found: 187, pass primary filters: 96, did not pass the filter by color: 72, added: 24, new vincodes: 0
18-04-2012 10:57:58 --- INFO: Lexus LX 470 - found: 77, pass primary filters: 57, did not pass the filter by color: 47, added: 10, new vincodes: 0
18-04-2012 10:58:43 --- INFO: Lexus LX 470 - found: 21, pass primary filters: 2, did not pass the filter by color: 2, added: 0, new vincodes: 0
18-04-2012 11:00:20 --- INFO: Toyota Land Cruiser - found: 44, pass primary filters: 30, did not pass the filter by color: 26, added: 4, new vincodes: 0
18-04-2012 11:03:38 --- INFO: Honda CR-V - found: 80, pass primary filters: 4, did not pass the filter by color: 0, added: 4, new vincodes: 0
18-04-2012 11:14:30 --- INFO: Honda CR-V - found: 252, pass primary filters: 1, did not pass the filter by color: 0, added: 1, new vincodes: 0
18-04-2012 11:18:01 --- INFO: Mitsubishi Montero 4WD Limited - found: 86, pass primary filters: 11, did not pass the filter by color: 11, added: 0, new vincodes: 0
18-04-2012 11:24:31 --- INFO: Toyota 4RUNNER 4WD V6 - found: 146, pass primary filters: 27, did not pass the filter by color: 20, added: 7, new vincodes: 0
18-04-2012 11:28:51 --- INFO: Toyota RAV 4 - found: 106, pass primary filters: 47, did not pass the filter by color: 31, added: 16, new vincodes: 0
18-04-2012 11:35:20 --- INFO: Toyota Highlander 4WD - found: 172, pass primary filters: 4, did not pass the filter by color: 3, added: 1, new vincodes: 0
18-04-2012 11:40:03 --- INFO: Toyota Highlander - found: 117, pass primary filters: 14, did not pass the filter by color: 0, added: 14, new vincodes: 0
18-04-2012 11:45:33 --- INFO: Lexus RX 350 - found: 138, pass primary filters: 27, did not pass the filter by color: 24, added: 3, new vincodes: 0
18-04-2012 11:51:28 --- INFO: Toyota 4RUNNER Limited V6 - found: 146, pass primary filters: 3, did not pass the filter by color: 3, added: 0, new vincodes: 0
18-04-2012 11:51:28 --- INFO: finish: 18-04-2012 11:51:28
18-04-2012 11:51:28 --- INFO: elapsed time: ~4886.57 sec., memory usage: ~6.26 Mb.
18-04-2012 12:20:01 --- INFO: start: 18-04-2012 12:20:01
18-04-2012 12:20:01 --- INFO: ----------Source_Adesa (cli)
18-04-2012 12:20:03 --- INFO: Authorized request
18-04-2012 12:20:48 --- INFO: Lexus RX 300 - found: 28, pass primary filters: 18, did not pass the filter by color: 15, added: 3, new vincodes: 2
18-04-2012 12:21:22 --- INFO: Lexus RX 330 - found: 24, pass primary filters: 13, did not pass the filter by color: 13, added: 0, new vincodes: 0
18-04-2012 12:21:26 --- INFO: Lexus RX 400H - found: 1, pass primary filters: 1, did not pass the filter by color: 1, added: 0, new vincodes: 0
18-04-2012 12:21:45 --- INFO: Lexus GX 470 - found: 10, pass primary filters: 7, did not pass the filter by color: 5, added: 2, new vincodes: 0
18-04-2012 12:23:16 --- INFO: Lexus GX 470 - found: 15, pass primary filters: 11, did not pass the filter by color: 6, added: 5, new vincodes: 1
18-04-2012 12:23:17 --- INFO: Lexus LX 470 - found: 3, pass primary filters: 3, did not pass the filter by color: 1, added: 2, new vincodes: 0
18-04-2012 12:23:17 --- INFO: Lexus LX 470 - found: 0, pass primary filters: 0, did not pass the filter by color: 0, added: 0, new vincodes: 0
18-04-2012 12:23:21 --- INFO: Toyota Land Cruiser - found: 1, pass primary filters: 1, did not pass the filter by color: 1, added: 0, new vincodes: 0
18-04-2012 12:23:24 --- INFO: Honda CR-V - found: 14, pass primary filters: 1, did not pass the filter by color: 0, added: 1, new vincodes: 0
18-04-2012 12:23:25 --- INFO: Honda CR-V - found: 2, pass primary filters: 0, did not pass the filter by color: 0, added: 0, new vincodes: 0
18-04-2012 12:23:38 --- INFO: Mitsubishi Montero 4WD Limited - found: 35, pass primary filters: 4, did not pass the filter by color: 4, added: 0, new vincodes: 0
18-04-2012 12:23:45 --- INFO: Toyota 4RUNNER 4WD V6 - found: 23, pass primary filters: 5, did not pass the filter by color: 4, added: 1, new vincodes: 0
18-04-2012 12:23:58 --- INFO: Toyota RAV 4 - found: 21, pass primary filters: 6, did not pass the filter by color: 6, added: 0, new vincodes: 0
18-04-2012 12:24:02 --- INFO: Toyota Highlander 4WD - found: 41, pass primary filters: 1, did not pass the filter by color: 1, added: 0, new vincodes: 0
18-04-2012 12:24:07 --- INFO: Toyota Highlander - found: 27, pass primary filters: 2, did not pass the filter by color: 2, added: 0, new vincodes: 0
18-04-2012 12:24:07 --- INFO: Lexus RX 350 - found: 8, pass primary filters: 2, did not pass the filter by color: 2, added: 0, new vincodes: 0
18-04-2012 12:24:11 --- INFO: Toyota 4RUNNER Limited V6 - found: 23, pass primary filters: 1, did not pass the filter by color: 0, added: 1, new vincodes: 0
18-04-2012 12:24:11 --- INFO: finish: 18-04-2012 12:24:11
18-04-2012 12:24:11 --- INFO: elapsed time: ~249.7 sec., memory usage: ~2.62 Mb.
18-04-2012 13:20:01 --- INFO: start: 18-04-2012 13:20:01
18-04-2012 13:20:01 --- INFO: ----------Source_Adesa (cli)
18-04-2012 13:20:02 --- INFO: Authorized request
18-04-2012 13:20:41 --- INFO: Lexus RX 300 - found: 28, pass primary filters: 18, did not pass the filter by color: 15, added: 3, new vincodes: 0
18-04-2012 13:21:06 --- INFO: Lexus RX 330 - found: 24, pass primary filters: 13, did not pass the filter by color: 13, added: 0, new vincodes: 0
18-04-2012 13:21:10 --- INFO: Lexus RX 400H - found: 2, pass primary filters: 1, did not pass the filter by color: 1, added: 0, new vincodes: 0
18-04-2012 13:21:29 --- INFO: Lexus GX 470 - found: 12, pass primary filters: 8, did not pass the filter by color: 6, added: 2, new vincodes: 1
18-04-2012 13:21:56 --- INFO: Lexus GX 470 - found: 15, pass primary filters: 11, did not pass the filter by color: 6, added: 5, new vincodes: 0
18-04-2012 13:21:57 --- INFO: Lexus LX 470 - found: 3, pass primary filters: 3, did not pass the filter by color: 1, added: 2, new vincodes: 0
18-04-2012 13:21:57 --- INFO: Lexus LX 470 - found: 0, pass primary filters: 0, did not pass the filter by color: 0, added: 0, new vincodes: 0
18-04-2012 13:22:03 --- INFO: Toyota Land Cruiser - found: 2, pass primary filters: 2, did not pass the filter by color: 2, added: 0, new vincodes: 1
18-04-2012 13:22:07 --- INFO: Honda CR-V - found: 14, pass primary filters: 1, did not pass the filter by color: 0, added: 1, new vincodes: 0
18-04-2012 13:22:07 --- INFO: Honda CR-V - found: 2, pass primary filters: 0, did not pass the filter by color: 0, added: 0, new vincodes: 0
18-04-2012 13:22:19 --- INFO: Mitsubishi Montero 4WD Limited - found: 35, pass primary filters: 4, did not pass the filter by color: 4, added: 0, new vincodes: 0
18-04-2012 13:22:27 --- INFO: Toyota 4RUNNER 4WD V6 - found: 24, pass primary filters: 5, did not pass the filter by color: 4, added: 1, new vincodes: 0
18-04-2012 13:22:39 --- INFO: Toyota RAV 4 - found: 21, pass primary filters: 6, did not pass the filter by color: 6, added: 0, new vincodes: 0
18-04-2012 13:22:44 --- INFO: Toyota Highlander 4WD - found: 42, pass primary filters: 1, did not pass the filter by color: 1, added: 0, new vincodes: 0
18-04-2012 13:23:05 --- INFO: Toyota Highlander - found: 27, pass primary filters: 3, did not pass the filter by color: 2, added: 1, new vincodes: 1
18-04-2012 13:23:06 --- INFO: Lexus RX 350 - found: 8, pass primary filters: 2, did not pass the filter by color: 2, added: 0, new vincodes: 0
18-04-2012 13:23:06 --- INFO: Toyota 4RUNNER Limited V6 - found: 24, pass primary filters: 1, did not pass the filter by color: 0, added: 1, new vincodes: 0
18-04-2012 13:23:06 --- INFO: finish: 18-04-2012 13:23:06
18-04-2012 13:23:06 --- INFO: elapsed time: ~185.36 sec., memory usage: ~2.65 Mb.
18-04-2012 11:40:01 --- INFO: start: 18-04-2012 11:40:01
18-04-2012 11:40:01 --- INFO: ----------Source_Gsmotors (cli)
18-04-2012 11:44:20 --- INFO: Lexus RX 300 - found: 78, pass primary filters: 52, did not pass the filter by color: 39, added: 13, new vincodes: 0
18-04-2012 11:57:09 --- INFO: Lexus RX 330 - found: 229, pass primary filters: 94, did not pass the filter by color: 84, added: 10, new vincodes: 4
18-04-2012 11:59:14 --- INFO: Lexus RX 400H - found: 38, pass primary filters: 14, did not pass the filter by color: 13, added: 1, new vincodes: 1
18-04-2012 12:05:45 --- INFO: Lexus GX 470 - found: 91, pass primary filters: 62, did not pass the filter by color: 49, added: 13, new vincodes: 2
18-04-2012 12:17:19 --- INFO: Lexus GX 470 - found: 195, pass primary filters: 100, did not pass the filter by color: 78, added: 22, new vincodes: 4
18-04-2012 12:22:35 --- INFO: Lexus LX 470 - found: 84, pass primary filters: 63, did not pass the filter by color: 53, added: 10, new vincodes: 3
18-04-2012 12:23:24 --- INFO: Lexus LX 470 - found: 21, pass primary filters: 3, did not pass the filter by color: 3, added: 0, new vincodes: 0
18-04-2012 12:25:42 --- INFO: Toyota Land Cruiser - found: 44, pass primary filters: 31, did not pass the filter by color: 26, added: 5, new vincodes: 1
18-04-2012 12:30:02 --- INFO: Honda CR-V - found: 78, pass primary filters: 5, did not pass the filter by color: 0, added: 5, new vincodes: 0
18-04-2012 12:44:46 --- INFO: Honda CR-V - found: 235, pass primary filters: 1, did not pass the filter by color: 0, added: 1, new vincodes: 1
18-04-2012 12:49:29 --- INFO: Mitsubishi Montero 4WD Limited - found: 77, pass primary filters: 12, did not pass the filter by color: 12, added: 0, new vincodes: 3
18-04-2012 12:57:27 --- INFO: Toyota 4RUNNER 4WD V6 - found: 140, pass primary filters: 23, did not pass the filter by color: 16, added: 7, new vincodes: 0
18-04-2012 13:02:25 --- INFO: Toyota RAV 4 - found: 79, pass primary filters: 32, did not pass the filter by color: 23, added: 9, new vincodes: 1
18-04-2012 13:11:04 --- INFO: Toyota Highlander 4WD - found: 159, pass primary filters: 2, did not pass the filter by color: 1, added: 1, new vincodes: 0
18-04-2012 13:15:38 --- INFO: Toyota Highlander - found: 109, pass primary filters: 13, did not pass the filter by color: 10, added: 3, new vincodes: 2
18-04-2012 13:23:06 --- INFO: Lexus RX 350 - found: 132, pass primary filters: 28, did not pass the filter by color: 24, added: 4, new vincodes: 0
18-04-2012 13:29:31 --- INFO: Toyota 4RUNNER Limited V6 - found: 140, pass primary filters: 4, did not pass the filter by color: 3, added: 1, new vincodes: 1
18-04-2012 13:29:31 --- INFO: finish: 18-04-2012 13:29:31
18-04-2012 13:29:31 --- INFO: elapsed time: ~6569.74 sec., memory usage: ~6.27 Mb.
18-04-2012 12:50:01 --- INFO: start: 18-04-2012 12:50:01
18-04-2012 12:50:01 --- INFO: ----------Source_Gsmotors (cli)
18-04-2012 12:53:22 --- INFO: Lexus RX 300 - found: 78, pass primary filters: 52, did not pass the filter by color: 39, added: 13, new vincodes: 0
18-04-2012 13:03:38 --- INFO: Lexus RX 330 - found: 229, pass primary filters: 94, did not pass the filter by color: 84, added: 10, new vincodes: 0
18-04-2012 13:05:25 --- INFO: Lexus RX 400H - found: 38, pass primary filters: 14, did not pass the filter by color: 13, added: 1, new vincodes: 0
18-04-2012 13:09:23 --- INFO: Lexus GX 470 - found: 91, pass primary filters: 63, did not pass the filter by color: 49, added: 14, new vincodes: 0
18-04-2012 13:17:24 --- INFO: Lexus GX 470 - found: 195, pass primary filters: 100, did not pass the filter by color: 78, added: 22, new vincodes: 0
18-04-2012 13:21:40 --- INFO: Lexus LX 470 - found: 84, pass primary filters: 63, did not pass the filter by color: 53, added: 10, new vincodes: 0
18-04-2012 13:22:40 --- INFO: Lexus LX 470 - found: 21, pass primary filters: 3, did not pass the filter by color: 3, added: 0, new vincodes: 0
18-04-2012 13:24:14 --- INFO: Toyota Land Cruiser - found: 44, pass primary filters: 31, did not pass the filter by color: 26, added: 5, new vincodes: 0
18-04-2012 13:28:41 --- INFO: Honda CR-V - found: 78, pass primary filters: 5, did not pass the filter by color: 0, added: 5, new vincodes: 0
18-04-2012 13:39:49 --- INFO: Honda CR-V - found: 235, pass primary filters: 1, did not pass the filter by color: 0, added: 1, new vincodes: 0
18-04-2012 13:43:15 --- INFO: Mitsubishi Montero 4WD Limited - found: 77, pass primary filters: 12, did not pass the filter by color: 12, added: 0, new vincodes: 0
18-04-2012 13:49:04 --- INFO: Toyota 4RUNNER 4WD V6 - found: 140, pass primary filters: 23, did not pass the filter by color: 16, added: 7, new vincodes: 0
18-04-2012 13:52:22 --- INFO: Toyota RAV 4 - found: 79, pass primary filters: 32, did not pass the filter by color: 15, added: 17, new vincodes: 0
18-04-2012 13:59:00 --- INFO: Toyota Highlander 4WD - found: 159, pass primary filters: 2, did not pass the filter by color: 1, added: 1, new vincodes: 0
18-04-2012 14:03:19 --- INFO: Toyota Highlander - found: 109, pass primary filters: 13, did not pass the filter by color: 10, added: 3, new vincodes: 0
18-04-2012 14:08:50 --- INFO: Lexus RX 350 - found: 132, pass primary filters: 28, did not pass the filter by color: 24, added: 4, new vincodes: 0
18-04-2012 14:14:33 --- INFO: Toyota 4RUNNER Limited V6 - found: 140, pass primary filters: 4, did not pass the filter by color: 3, added: 1, new vincodes: 0
18-04-2012 14:14:33 --- INFO: finish: 18-04-2012 14:14:33
18-04-2012 14:14:33 --- INFO: elapsed time: ~5071.83 sec., memory usage: ~6.11 Mb.
18-04-2012 13:50:01 --- INFO: start: 18-04-2012 13:50:01
18-04-2012 13:50:01 --- INFO: ----------Source_Gsmotors (cli)
18-04-2012 13:53:13 --- INFO: Lexus RX 300 - found: 78, pass primary filters: 52, did not pass the filter by color: 39, added: 13, new vincodes: 0
18-04-2012 14:03:27 --- INFO: Lexus RX 330 - found: 229, pass primary filters: 94, did not pass the filter by color: 83, added: 11, new vincodes: 0
18-04-2012 14:05:02 --- INFO: Lexus RX 400H - found: 38, pass primary filters: 14, did not pass the filter by color: 13, added: 1, new vincodes: 0
18-04-2012 14:08:50 --- INFO: Lexus GX 470 - found: 91, pass primary filters: 63, did not pass the filter by color: 49, added: 14, new vincodes: 0
18-04-2012 14:16:44 --- INFO: Lexus GX 470 - found: 195, pass primary filters: 100, did not pass the filter by color: 78, added: 22, new vincodes: 0
18-04-2012 14:20:03 --- INFO: Lexus LX 470 - found: 84, pass primary filters: 63, did not pass the filter by color: 53, added: 10, new vincodes: 0
18-04-2012 14:20:59 --- INFO: Lexus LX 470 - found: 21, pass primary filters: 3, did not pass the filter by color: 3, added: 0, new vincodes: 0
18-04-2012 14:22:28 --- INFO: Toyota Land Cruiser - found: 44, pass primary filters: 31, did not pass the filter by color: 26, added: 5, new vincodes: 0
18-04-2012 14:25:48 --- INFO: Honda CR-V - found: 78, pass primary filters: 5, did not pass the filter by color: 0, added: 5, new vincodes: 0
18-04-2012 14:35:10 --- INFO: Honda CR-V - found: 235, pass primary filters: 1, did not pass the filter by color: 0, added: 1, new vincodes: 0
18-04-2012 14:38:09 --- INFO: Mitsubishi Montero 4WD Limited - found: 77, pass primary filters: 12, did not pass the filter by color: 12, added: 0, new vincodes: 0
18-04-2012 14:43:56 --- INFO: Toyota 4RUNNER 4WD V6 - found: 140, pass primary filters: 23, did not pass the filter by color: 16, added: 7, new vincodes: 0
18-04-2012 14:47:16 --- INFO: Toyota RAV 4 - found: 79, pass primary filters: 32, did not pass the filter by color: 23, added: 9, new vincodes: 0
18-04-2012 14:53:21 --- INFO: Toyota Highlander 4WD - found: 159, pass primary filters: 2, did not pass the filter by color: 1, added: 1, new vincodes: 0
18-04-2012 14:57:07 --- INFO: Toyota Highlander - found: 109, pass primary filters: 13, did not pass the filter by color: 10, added: 3, new vincodes: 0
18-04-2012 15:02:16 --- INFO: Lexus RX 350 - found: 132, pass primary filters: 28, did not pass the filter by color: 25, added: 3, new vincodes: 0
18-04-2012 15:07:49 --- INFO: Toyota 4RUNNER Limited V6 - found: 140, pass primary filters: 4, did not pass the filter by color: 3, added: 1, new vincodes: 0
18-04-2012 15:07:49 --- INFO: finish: 18-04-2012 15:07:49
18-04-2012 15:07:49 --- INFO: elapsed time: ~4667.99 sec., memory usage: ~6.12 Mb.
18-04-2012 16:10:01 --- INFO: start: 18-04-2012 16:10:01
18-04-2012 16:10:01 --- INFO: ----------Source_Adesa (cli)
18-04-2012 16:10:03 --- INFO: Authorized request
18-04-2012 16:11:04 --- INFO: Lexus RX 300 - found: 28, pass primary filters: 19, did not pass the filter by color: 15, added: 4, new vincodes: 2
18-04-2012 16:12:10 --- INFO: Lexus RX 330 - found: 24, pass primary filters: 16, did not pass the filter by color: 16, added: 0, new vincodes: 2
18-04-2012 16:12:13 --- INFO: Lexus RX 400H - found: 2, pass primary filters: 1, did not pass the filter by color: 1, added: 0, new vincodes: 0
18-04-2012 16:12:45 --- INFO: Lexus GX 470 - found: 13, pass primary filters: 11, did not pass the filter by color: 9, added: 2, new vincodes: 1
18-04-2012 16:13:11 --- INFO: Lexus GX 470 - found: 15, pass primary filters: 11, did not pass the filter by color: 6, added: 5, new vincodes: 0
18-04-2012 16:13:12 --- INFO: Lexus LX 470 - found: 3, pass primary filters: 3, did not pass the filter by color: 1, added: 2, new vincodes: 0
18-04-2012 16:13:12 --- INFO: Lexus LX 470 - found: 0, pass primary filters: 0, did not pass the filter by color: 0, added: 0, new vincodes: 0
18-04-2012 16:13:14 --- INFO: Toyota Land Cruiser - found: 2, pass primary filters: 2, did not pass the filter by color: 2, added: 0, new vincodes: 0
18-04-2012 16:13:18 --- INFO: Honda CR-V - found: 17, pass primary filters: 1, did not pass the filter by color: 0, added: 1, new vincodes: 0
18-04-2012 16:13:18 --- INFO: Honda CR-V - found: 3, pass primary filters: 0, did not pass the filter by color: 0, added: 0, new vincodes: 0
18-04-2012 16:13:32 --- INFO: Mitsubishi Montero 4WD Limited - found: 38, pass primary filters: 4, did not pass the filter by color: 4, added: 0, new vincodes: 0
18-04-2012 16:13:54 --- INFO: Toyota 4RUNNER 4WD V6 - found: 26, pass primary filters: 6, did not pass the filter by color: 5, added: 1, new vincodes: 1
18-04-2012 16:14:38 --- INFO: Toyota RAV 4 - found: 23, pass primary filters: 8, did not pass the filter by color: 8, added: 0, new vincodes: 2
18-04-2012 16:14:42 --- INFO: Toyota Highlander 4WD - found: 51, pass primary filters: 1, did not pass the filter by color: 1, added: 0, new vincodes: 0
18-04-2012 16:15:06 --- INFO: Toyota Highlander - found: 30, pass primary filters: 4, did not pass the filter by color: 3, added: 1, new vincodes: 1
18-04-2012 16:15:06 --- INFO: Lexus RX 350 - found: 9, pass primary filters: 2, did not pass the filter by color: 2, added: 0, new vincodes: 0
18-04-2012 16:15:07 --- INFO: Toyota 4RUNNER Limited V6 - found: 26, pass primary filters: 1, did not pass the filter by color: 0, added: 1, new vincodes: 0
18-04-2012 16:15:07 --- INFO: finish: 18-04-2012 16:15:07
18-04-2012 16:15:07 --- INFO: elapsed time: ~306.29 sec., memory usage: ~2.75 Mb.
18-04-2012 18:10:01 --- INFO: start: 18-04-2012 18:10:01
18-04-2012 18:10:01 --- INFO: ----------Source_Adesa (cli)
18-04-2012 18:10:03 --- INFO: Authorized request
18-04-2012 18:11:21 --- INFO: Lexus RX 300 - found: 31, pass primary filters: 20, did not pass the filter by color: 16, added: 4, new vincodes: 1
18-04-2012 18:11:56 --- INFO: Lexus RX 330 - found: 25, pass primary filters: 16, did not pass the filter by color: 16, added: 0, new vincodes: 0
18-04-2012 18:12:03 --- INFO: Lexus RX 400H - found: 2, pass primary filters: 1, did not pass the filter by color: 1, added: 0, new vincodes: 0
18-04-2012 18:12:25 --- INFO: Lexus GX 470 - found: 13, pass primary filters: 11, did not pass the filter by color: 9, added: 2, new vincodes: 0
18-04-2012 18:13:05 --- INFO: Lexus GX 470 - found: 15, pass primary filters: 12, did not pass the filter by color: 7, added: 5, new vincodes: 1
18-04-2012 18:13:07 --- INFO: Lexus LX 470 - found: 3, pass primary filters: 3, did not pass the filter by color: 1, added: 2, new vincodes: 0
18-04-2012 18:13:07 --- INFO: Lexus LX 470 - found: 0, pass primary filters: 0, did not pass the filter by color: 0, added: 0, new vincodes: 0
18-04-2012 18:13:09 --- INFO: Toyota Land Cruiser - found: 2, pass primary filters: 2, did not pass the filter by color: 2, added: 0, new vincodes: 0
18-04-2012 18:13:13 --- INFO: Honda CR-V - found: 18, pass primary filters: 1, did not pass the filter by color: 0, added: 1, new vincodes: 0
18-04-2012 18:13:13 --- INFO: Honda CR-V - found: 3, pass primary filters: 0, did not pass the filter by color: 0, added: 0, new vincodes: 0
18-04-2012 18:14:22 --- INFO: Mitsubishi Montero 4WD Limited - found: 41, pass primary filters: 5, did not pass the filter by color: 5, added: 0, new vincodes: 1
18-04-2012 18:14:38 --- INFO: Toyota 4RUNNER 4WD V6 - found: 26, pass primary filters: 7, did not pass the filter by color: 6, added: 1, new vincodes: 1
18-04-2012 18:14:56 --- INFO: Toyota RAV 4 - found: 22, pass primary filters: 8, did not pass the filter by color: 8, added: 0, new vincodes: 0
18-04-2012 18:15:01 --- INFO: Toyota Highlander 4WD - found: 52, pass primary filters: 1, did not pass the filter by color: 1, added: 0, new vincodes: 0
18-04-2012 18:15:12 --- INFO: Toyota Highlander - found: 31, pass primary filters: 4, did not pass the filter by color: 3, added: 1, new vincodes: 0
18-04-2012 18:15:13 --- INFO: Lexus RX 350 - found: 10, pass primary filters: 2, did not pass the filter by color: 2, added: 0, new vincodes: 0
18-04-2012 18:15:13 --- INFO: Toyota 4RUNNER Limited V6 - found: 26, pass primary filters: 1, did not pass the filter by color: 0, added: 1, new vincodes: 0
18-04-2012 18:15:13 --- INFO: finish: 18-04-2012 18:15:13
18-04-2012 18:15:13 --- INFO: elapsed time: ~311.94 sec., memory usage: ~2.79 Mb.
18-04-2012 16:40:01 --- INFO: start: 18-04-2012 16:40:01
18-04-2012 16:40:01 --- INFO: ----------Source_Gsmotors (cli)
18-04-2012 16:44:35 --- INFO: Lexus RX 300 - found: 81, pass primary filters: 51, did not pass the filter by color: 39, added: 12, new vincodes: 2
18-04-2012 16:57:10 --- INFO: Lexus RX 330 - found: 244, pass primary filters: 97, did not pass the filter by color: 86, added: 11, new vincodes: 2
18-04-2012 16:59:11 --- INFO: Lexus RX 400H - found: 39, pass primary filters: 14, did not pass the filter by color: 13, added: 1, new vincodes: 0
18-04-2012 17:04:29 --- INFO: Lexus GX 470 - found: 98, pass primary filters: 72, did not pass the filter by color: 56, added: 16, new vincodes: 1
18-04-2012 17:16:03 --- INFO: Lexus GX 470 - found: 211, pass primary filters: 107, did not pass the filter by color: 83, added: 24, new vincodes: 2
18-04-2012 17:21:00 --- INFO: Lexus LX 470 - found: 85, pass primary filters: 60, did not pass the filter by color: 50, added: 10, new vincodes: 1
18-04-2012 17:21:50 --- INFO: Lexus LX 470 - found: 22, pass primary filters: 3, did not pass the filter by color: 3, added: 0, new vincodes: 0
18-04-2012 17:23:49 --- INFO: Toyota Land Cruiser - found: 46, pass primary filters: 32, did not pass the filter by color: 27, added: 5, new vincodes: 1
18-04-2012 17:27:53 --- INFO: Honda CR-V - found: 84, pass primary filters: 5, did not pass the filter by color: 0, added: 5, new vincodes: 0
18-04-2012 17:41:46 --- INFO: Honda CR-V - found: 254, pass primary filters: 1, did not pass the filter by color: 0, added: 1, new vincodes: 0
18-04-2012 17:46:53 --- INFO: Mitsubishi Montero 4WD Limited - found: 95, pass primary filters: 13, did not pass the filter by color: 13, added: 0, new vincodes: 1
18-04-2012 17:54:28 --- INFO: Toyota 4RUNNER 4WD V6 - found: 149, pass primary filters: 25, did not pass the filter by color: 17, added: 8, new vincodes: 1
18-04-2012 17:59:06 --- INFO: Toyota RAV 4 - found: 86, pass primary filters: 34, did not pass the filter by color: 25, added: 9, new vincodes: 1
18-04-2012 18:07:37 --- INFO: Toyota Highlander 4WD - found: 169, pass primary filters: 3, did not pass the filter by color: 2, added: 1, new vincodes: 1
18-04-2012 18:12:24 --- INFO: Toyota Highlander - found: 117, pass primary filters: 17, did not pass the filter by color: 15, added: 2, new vincodes: 3
18-04-2012 18:19:51 --- INFO: Lexus RX 350 - found: 135, pass primary filters: 28, did not pass the filter by color: 25, added: 3, new vincodes: 0
18-04-2012 18:25:26 --- INFO: Toyota 4RUNNER Limited V6 - found: 149, pass primary filters: 4, did not pass the filter by color: 3, added: 1, new vincodes: 0
18-04-2012 18:25:26 --- INFO: finish: 18-04-2012 18:25:26
18-04-2012 18:25:26 --- INFO: elapsed time: ~6325.28 sec., memory usage: ~6.44 Mb.
18-04-2012 18:40:01 --- INFO: start: 18-04-2012 18:40:01
18-04-2012 18:40:01 --- INFO: ----------Source_Gsmotors (cli)
18-04-2012 18:43:14 --- INFO: Lexus RX 300 - found: 81, pass primary filters: 51, did not pass the filter by color: 39, added: 12, new vincodes: 0
18-04-2012 18:52:16 --- INFO: Lexus RX 330 - found: 244, pass primary filters: 97, did not pass the filter by color: 85, added: 12, new vincodes: 0
18-04-2012 18:53:44 --- INFO: Lexus RX 400H - found: 39, pass primary filters: 14, did not pass the filter by color: 13, added: 1, new vincodes: 0
18-04-2012 18:58:29 --- INFO: Lexus GX 470 - found: 98, pass primary filters: 72, did not pass the filter by color: 56, added: 16, new vincodes: 0
18-04-2012 19:06:45 --- INFO: Lexus GX 470 - found: 211, pass primary filters: 107, did not pass the filter by color: 82, added: 25, new vincodes: 0
18-04-2012 19:10:05 --- INFO: Lexus LX 470 - found: 85, pass primary filters: 60, did not pass the filter by color: 49, added: 11, new vincodes: 0
18-04-2012 19:11:06 --- INFO: Lexus LX 470 - found: 22, pass primary filters: 3, did not pass the filter by color: 3, added: 0, new vincodes: 0
18-04-2012 19:12:42 --- INFO: Toyota Land Cruiser - found: 46, pass primary filters: 32, did not pass the filter by color: 27, added: 5, new vincodes: 0
18-04-2012 19:16:07 --- INFO: Honda CR-V - found: 84, pass primary filters: 5, did not pass the filter by color: 0, added: 5, new vincodes: 0
18-04-2012 19:26:45 --- INFO: Honda CR-V - found: 254, pass primary filters: 1, did not pass the filter by color: 0, added: 1, new vincodes: 0
18-04-2012 19:30:39 --- INFO: Mitsubishi Montero 4WD Limited - found: 95, pass primary filters: 13, did not pass the filter by color: 13, added: 0, new vincodes: 0
18-04-2012 19:36:37 --- INFO: Toyota 4RUNNER 4WD V6 - found: 149, pass primary filters: 25, did not pass the filter by color: 17, added: 8, new vincodes: 0
18-04-2012 19:40:06 --- INFO: Toyota RAV 4 - found: 86, pass primary filters: 34, did not pass the filter by color: 25, added: 9, new vincodes: 0
18-04-2012 19:46:48 --- INFO: Toyota Highlander 4WD - found: 169, pass primary filters: 3, did not pass the filter by color: 2, added: 1, new vincodes: 0
18-04-2012 19:51:30 --- INFO: Toyota Highlander - found: 117, pass primary filters: 17, did not pass the filter by color: 14, added: 3, new vincodes: 0
18-04-2012 19:57:07 --- INFO: Lexus RX 350 - found: 135, pass primary filters: 28, did not pass the filter by color: 25, added: 3, new vincodes: 0
18-04-2012 20:02:59 --- INFO: Toyota 4RUNNER Limited V6 - found: 149, pass primary filters: 4, did not pass the filter by color: 3, added: 1, new vincodes: 0
18-04-2012 20:02:59 --- INFO: finish: 18-04-2012 20:02:59
18-04-2012 20:02:59 --- INFO: elapsed time: ~4978.18 sec., memory usage: ~6.31 Mb.