
19-03-2012 06:10:01 --- INFO: start: 19-03-2012 06:10:01
19-03-2012 06:10:01 --- INFO: ----------Source_Adesa (cli)
19-03-2012 06:10:03 --- INFO: Authorized request
19-03-2012 06:10:08 --- INFO: Lexus RX 300 - found: 5, pass primary filters: 2, did not pass the filter by color: 1, added: 1, new vincodes: 0
19-03-2012 06:10:22 --- INFO: Lexus RX 330 - found: 12, pass primary filters: 6, did not pass the filter by color: 4, added: 2, new vincodes: 0
19-03-2012 06:10:22 --- INFO: Lexus RX 400H - found: 0, pass primary filters: 0, did not pass the filter by color: 0, added: 0, new vincodes: 0
19-03-2012 06:10:24 --- INFO: Lexus GX 470 - found: 3, pass primary filters: 2, did not pass the filter by color: 1, added: 1, new vincodes: 0
19-03-2012 06:10:31 --- INFO: Lexus GX 470 - found: 3, pass primary filters: 3, did not pass the filter by color: 3, added: 0, new vincodes: 0
19-03-2012 06:10:32 --- INFO: Lexus LX 470 - found: 1, pass primary filters: 0, did not pass the filter by color: 0, added: 0, new vincodes: 0
19-03-2012 06:10:32 --- INFO: Lexus LX 470 - found: 0, pass primary filters: 0, did not pass the filter by color: 0, added: 0, new vincodes: 0
19-03-2012 06:10:35 --- INFO: Toyota Land Cruiser - found: 1, pass primary filters: 1, did not pass the filter by color: 1, added: 0, new vincodes: 0
19-03-2012 06:10:39 --- INFO: Honda CR-V - found: 8, pass primary filters: 1, did not pass the filter by color: 0, added: 1, new vincodes: 0
19-03-2012 06:10:39 --- INFO: Honda CR-V - found: 2, pass primary filters: 0, did not pass the filter by color: 0, added: 0, new vincodes: 0
19-03-2012 06:10:39 --- INFO: Mitsubishi Montero 4WD Limited - found: 12, pass primary filters: 0, did not pass the filter by color: 0, added: 0, new vincodes: 0
19-03-2012 06:10:44 --- INFO: Toyota 4RUNNER 4WD V6 - found: 12, pass primary filters: 2, did not pass the filter by color: 1, added: 1, new vincodes: 0
19-03-2012 06:10:49 --- INFO: Toyota RAV 4 - found: 6, pass primary filters: 2, did not pass the filter by color: 2, added: 0, new vincodes: 0
19-03-2012 06:10:49 --- INFO: Toyota Highlander 4WD - found: 16, pass primary filters: 1, did not pass the filter by color: 1, added: 0, new vincodes: 0
19-03-2012 06:10:50 --- INFO: Toyota Highlander - found: 8, pass primary filters: 1, did not pass the filter by color: 1, added: 0, new vincodes: 0
19-03-2012 06:10:50 --- INFO: Lexus RX 350 - found: 1, pass primary filters: 0, did not pass the filter by color: 0, added: 0, new vincodes: 0
19-03-2012 06:10:50 --- INFO: Toyota 4RUNNER Limited V6 - found: 12, pass primary filters: 0, did not pass the filter by color: 0, added: 0, new vincodes: 0
19-03-2012 06:10:50 --- INFO: finish: 19-03-2012 06:10:50
19-03-2012 06:10:50 --- INFO: elapsed time: ~49.17 sec., memory usage: ~2.12 Mb.
19-03-2012 06:40:01 --- INFO: start: 19-03-2012 06:40:01
19-03-2012 06:40:01 --- INFO: ----------Source_Gsmotors (cli)
19-03-2012 06:43:02 --- INFO: Lexus RX 300 - found: 55, pass primary filters: 30, did not pass the filter by color: 29, added: 1, new vincodes: 0
19-03-2012 06:50:37 --- INFO: Lexus RX 330 - found: 143, pass primary filters: 60, did not pass the filter by color: 51, added: 9, new vincodes: 0
19-03-2012 06:52:29 --- INFO: Lexus RX 400H - found: 34, pass primary filters: 8, did not pass the filter by color: 8, added: 0, new vincodes: 0
19-03-2012 06:55:37 --- INFO: Lexus GX 470 - found: 60, pass primary filters: 41, did not pass the filter by color: 30, added: 11, new vincodes: 0
19-03-2012 07:01:53 --- INFO: Lexus GX 470 - found: 110, pass primary filters: 47, did not pass the filter by color: 40, added: 7, new vincodes: 1
19-03-2012 07:03:48 --- INFO: Lexus LX 470 - found: 40, pass primary filters: 30, did not pass the filter by color: 23, added: 7, new vincodes: 0
19-03-2012 07:04:25 --- INFO: Lexus LX 470 - found: 15, pass primary filters: 2, did not pass the filter by color: 2, added: 0, new vincodes: 0
19-03-2012 07:05:28 --- INFO: Toyota Land Cruiser - found: 21, pass primary filters: 16, did not pass the filter by color: 12, added: 4, new vincodes: 0
19-03-2012 07:07:28 --- INFO: Honda CR-V - found: 36, pass primary filters: 1, did not pass the filter by color: 0, added: 1, new vincodes: 0
19-03-2012 07:15:56 --- INFO: Honda CR-V - found: 139, pass primary filters: 4, did not pass the filter by color: 0, added: 4, new vincodes: 0
19-03-2012 07:17:55 --- INFO: Mitsubishi Montero 4WD Limited - found: 37, pass primary filters: 10, did not pass the filter by color: 10, added: 0, new vincodes: 0
19-03-2012 07:23:09 --- INFO: Toyota 4RUNNER 4WD V6 - found: 93, pass primary filters: 17, did not pass the filter by color: 10, added: 7, new vincodes: 0
19-03-2012 07:26:03 --- INFO: Toyota RAV 4 - found: 62, pass primary filters: 28, did not pass the filter by color: 22, added: 6, new vincodes: 0
19-03-2012 07:31:15 --- INFO: Toyota Highlander 4WD - found: 105, pass primary filters: 1, did not pass the filter by color: 1, added: 0, new vincodes: 0
19-03-2012 07:33:41 --- INFO: Toyota Highlander - found: 63, pass primary filters: 14, did not pass the filter by color: 8, added: 6, new vincodes: 0
19-03-2012 07:37:51 --- INFO: Lexus RX 350 - found: 76, pass primary filters: 18, did not pass the filter by color: 17, added: 1, new vincodes: 1
19-03-2012 07:41:15 --- INFO: Toyota 4RUNNER Limited V6 - found: 93, pass primary filters: 4, did not pass the filter by color: 4, added: 0, new vincodes: 0
19-03-2012 07:41:15 --- INFO: finish: 19-03-2012 07:41:15
19-03-2012 07:41:15 --- INFO: elapsed time: ~3673.91 sec., memory usage: ~4.54 Mb.
19-03-2012 08:10:01 --- INFO: start: 19-03-2012 08:10:01
19-03-2012 08:10:01 --- INFO: ----------Source_Adesa (cli)
19-03-2012 08:10:03 --- INFO: Authorized request
19-03-2012 08:10:08 --- INFO: Lexus RX 300 - found: 6, pass primary filters: 2, did not pass the filter by color: 1, added: 1, new vincodes: 0
19-03-2012 08:10:22 --- INFO: Lexus RX 330 - found: 13, pass primary filters: 6, did not pass the filter by color: 4, added: 2, new vincodes: 0
19-03-2012 08:10:23 --- INFO: Lexus RX 400H - found: 0, pass primary filters: 0, did not pass the filter by color: 0, added: 0, new vincodes: 0
19-03-2012 08:10:25 --- INFO: Lexus GX 470 - found: 3, pass primary filters: 2, did not pass the filter by color: 1, added: 1, new vincodes: 0
19-03-2012 08:10:33 --- INFO: Lexus GX 470 - found: 3, pass primary filters: 3, did not pass the filter by color: 3, added: 0, new vincodes: 0
19-03-2012 08:10:33 --- INFO: Lexus LX 470 - found: 1, pass primary filters: 0, did not pass the filter by color: 0, added: 0, new vincodes: 0
19-03-2012 08:10:34 --- INFO: Lexus LX 470 - found: 0, pass primary filters: 0, did not pass the filter by color: 0, added: 0, new vincodes: 0
19-03-2012 08:10:37 --- INFO: Toyota Land Cruiser - found: 1, pass primary filters: 1, did not pass the filter by color: 1, added: 0, new vincodes: 0
19-03-2012 08:10:41 --- INFO: Honda CR-V - found: 9, pass primary filters: 1, did not pass the filter by color: 0, added: 1, new vincodes: 0
19-03-2012 08:10:41 --- INFO: Honda CR-V - found: 2, pass primary filters: 0, did not pass the filter by color: 0, added: 0, new vincodes: 0
19-03-2012 08:10:41 --- INFO: Mitsubishi Montero 4WD Limited - found: 12, pass primary filters: 0, did not pass the filter by color: 0, added: 0, new vincodes: 0
19-03-2012 08:11:02 --- INFO: Toyota 4RUNNER 4WD V6 - found: 12, pass primary filters: 3, did not pass the filter by color: 2, added: 1, new vincodes: 1
19-03-2012 08:11:07 --- INFO: Toyota RAV 4 - found: 7, pass primary filters: 2, did not pass the filter by color: 2, added: 0, new vincodes: 0
19-03-2012 08:11:08 --- INFO: Toyota Highlander 4WD - found: 17, pass primary filters: 1, did not pass the filter by color: 1, added: 0, new vincodes: 0
19-03-2012 08:11:08 --- INFO: Toyota Highlander - found: 8, pass primary filters: 1, did not pass the filter by color: 1, added: 0, new vincodes: 0
19-03-2012 08:11:09 --- INFO: Lexus RX 350 - found: 1, pass primary filters: 0, did not pass the filter by color: 0, added: 0, new vincodes: 0
19-03-2012 08:11:09 --- INFO: Toyota 4RUNNER Limited V6 - found: 12, pass primary filters: 0, did not pass the filter by color: 0, added: 0, new vincodes: 0
19-03-2012 08:11:09 --- INFO: finish: 19-03-2012 08:11:09
19-03-2012 08:11:09 --- INFO: elapsed time: ~68.43 sec., memory usage: ~2.16 Mb.
19-03-2012 09:10:01 --- INFO: start: 19-03-2012 09:10:01
19-03-2012 09:10:01 --- INFO: ----------Source_Adesa (cli)
19-03-2012 09:10:01 --- INFO: Authorized request
19-03-2012 09:10:07 --- INFO: Lexus RX 300 - found: 6, pass primary filters: 2, did not pass the filter by color: 1, added: 1, new vincodes: 0
19-03-2012 09:10:28 --- INFO: Lexus RX 330 - found: 13, pass primary filters: 7, did not pass the filter by color: 5, added: 2, new vincodes: 0
19-03-2012 09:10:29 --- INFO: Lexus RX 400H - found: 0, pass primary filters: 0, did not pass the filter by color: 0, added: 0, new vincodes: 0
19-03-2012 09:11:12 --- INFO: Lexus GX 470 - found: 4, pass primary filters: 3, did not pass the filter by color: 2, added: 1, new vincodes: 1
19-03-2012 09:11:20 --- INFO: Lexus GX 470 - found: 3, pass primary filters: 3, did not pass the filter by color: 3, added: 0, new vincodes: 0
19-03-2012 09:11:21 --- INFO: Lexus LX 470 - found: 1, pass primary filters: 0, did not pass the filter by color: 0, added: 0, new vincodes: 0
19-03-2012 09:11:21 --- INFO: Lexus LX 470 - found: 0, pass primary filters: 0, did not pass the filter by color: 0, added: 0, new vincodes: 0
19-03-2012 09:11:24 --- INFO: Toyota Land Cruiser - found: 1, pass primary filters: 1, did not pass the filter by color: 1, added: 0, new vincodes: 0
19-03-2012 09:11:28 --- INFO: Honda CR-V - found: 9, pass primary filters: 1, did not pass the filter by color: 0, added: 1, new vincodes: 0
19-03-2012 09:11:28 --- INFO: Honda CR-V - found: 2, pass primary filters: 0, did not pass the filter by color: 0, added: 0, new vincodes: 0
19-03-2012 09:11:29 --- INFO: Mitsubishi Montero 4WD Limited - found: 13, pass primary filters: 0, did not pass the filter by color: 0, added: 0, new vincodes: 0
19-03-2012 09:11:36 --- INFO: Toyota 4RUNNER 4WD V6 - found: 12, pass primary filters: 3, did not pass the filter by color: 2, added: 1, new vincodes: 0
19-03-2012 09:11:41 --- INFO: Toyota RAV 4 - found: 7, pass primary filters: 2, did not pass the filter by color: 2, added: 0, new vincodes: 0
19-03-2012 09:11:42 --- INFO: Toyota Highlander 4WD - found: 17, pass primary filters: 1, did not pass the filter by color: 1, added: 0, new vincodes: 0
19-03-2012 09:11:42 --- INFO: Toyota Highlander - found: 8, pass primary filters: 1, did not pass the filter by color: 1, added: 0, new vincodes: 0
19-03-2012 09:11:49 --- INFO: Lexus RX 350 - found: 1, pass primary filters: 1, did not pass the filter by color: 1, added: 0, new vincodes: 0
19-03-2012 09:11:49 --- INFO: Toyota 4RUNNER Limited V6 - found: 12, pass primary filters: 0, did not pass the filter by color: 0, added: 0, new vincodes: 0
19-03-2012 09:11:49 --- INFO: finish: 19-03-2012 09:11:49
19-03-2012 09:11:49 --- INFO: elapsed time: ~108.77 sec., memory usage: ~2.19 Mb.
19-03-2012 08:40:01 --- INFO: start: 19-03-2012 08:40:01
19-03-2012 08:40:01 --- INFO: ----------Source_Gsmotors (cli)
19-03-2012 08:42:04 --- INFO: Lexus RX 300 - found: 55, pass primary filters: 30, did not pass the filter by color: 29, added: 1, new vincodes: 0
19-03-2012 08:47:37 --- INFO: Lexus RX 330 - found: 143, pass primary filters: 60, did not pass the filter by color: 51, added: 9, new vincodes: 0
19-03-2012 08:48:51 --- INFO: Lexus RX 400H - found: 34, pass primary filters: 8, did not pass the filter by color: 8, added: 0, new vincodes: 0
19-03-2012 08:51:10 --- INFO: Lexus GX 470 - found: 60, pass primary filters: 41, did not pass the filter by color: 30, added: 11, new vincodes: 0
19-03-2012 08:55:39 --- INFO: Lexus GX 470 - found: 110, pass primary filters: 47, did not pass the filter by color: 40, added: 7, new vincodes: 0
19-03-2012 08:57:13 --- INFO: Lexus LX 470 - found: 40, pass primary filters: 30, did not pass the filter by color: 23, added: 7, new vincodes: 0
19-03-2012 08:57:52 --- INFO: Lexus LX 470 - found: 15, pass primary filters: 2, did not pass the filter by color: 2, added: 0, new vincodes: 0
19-03-2012 08:58:43 --- INFO: Toyota Land Cruiser - found: 21, pass primary filters: 16, did not pass the filter by color: 12, added: 4, new vincodes: 0
19-03-2012 09:00:11 --- INFO: Honda CR-V - found: 36, pass primary filters: 1, did not pass the filter by color: 0, added: 1, new vincodes: 0
19-03-2012 09:05:27 --- INFO: Honda CR-V - found: 139, pass primary filters: 4, did not pass the filter by color: 0, added: 4, new vincodes: 0
19-03-2012 09:06:56 --- INFO: Mitsubishi Montero 4WD Limited - found: 37, pass primary filters: 10, did not pass the filter by color: 10, added: 0, new vincodes: 0
19-03-2012 09:10:52 --- INFO: Toyota 4RUNNER 4WD V6 - found: 93, pass primary filters: 17, did not pass the filter by color: 10, added: 7, new vincodes: 0
19-03-2012 09:13:02 --- INFO: Toyota RAV 4 - found: 62, pass primary filters: 28, did not pass the filter by color: 22, added: 6, new vincodes: 0
19-03-2012 09:16:59 --- INFO: Toyota Highlander 4WD - found: 105, pass primary filters: 1, did not pass the filter by color: 1, added: 0, new vincodes: 0
19-03-2012 09:19:23 --- INFO: Toyota Highlander - found: 63, pass primary filters: 14, did not pass the filter by color: 8, added: 6, new vincodes: 0
19-03-2012 09:22:47 --- INFO: Lexus RX 350 - found: 76, pass primary filters: 18, did not pass the filter by color: 17, added: 1, new vincodes: 0
19-03-2012 09:26:39 --- INFO: Toyota 4RUNNER Limited V6 - found: 93, pass primary filters: 4, did not pass the filter by color: 4, added: 0, new vincodes: 0
19-03-2012 09:26:39 --- INFO: finish: 19-03-2012 09:26:39
19-03-2012 09:26:39 --- INFO: elapsed time: ~2798.73 sec., memory usage: ~4.47 Mb.
19-03-2012 10:00:01 --- INFO: start: 19-03-2012 10:00:01
19-03-2012 10:00:01 --- INFO: ----------Source_Adesa (cli)
19-03-2012 10:00:02 --- INFO: Authorized request
19-03-2012 10:00:07 --- INFO: Lexus RX 300 - found: 6, pass primary filters: 2, did not pass the filter by color: 1, added: 1, new vincodes: 0
19-03-2012 10:00:26 --- INFO: Lexus RX 330 - found: 13, pass primary filters: 7, did not pass the filter by color: 5, added: 2, new vincodes: 0
19-03-2012 10:00:26 --- INFO: Lexus RX 400H - found: 0, pass primary filters: 0, did not pass the filter by color: 0, added: 0, new vincodes: 0
19-03-2012 10:00:47 --- INFO: Lexus GX 470 - found: 4, pass primary filters: 4, did not pass the filter by color: 3, added: 1, new vincodes: 1
19-03-2012 10:00:55 --- INFO: Lexus GX 470 - found: 3, pass primary filters: 3, did not pass the filter by color: 3, added: 0, new vincodes: 0
19-03-2012 10:00:55 --- INFO: Lexus LX 470 - found: 1, pass primary filters: 0, did not pass the filter by color: 0, added: 0, new vincodes: 0
19-03-2012 10:00:55 --- INFO: Lexus LX 470 - found: 0, pass primary filters: 0, did not pass the filter by color: 0, added: 0, new vincodes: 0
19-03-2012 10:00:59 --- INFO: Toyota Land Cruiser - found: 1, pass primary filters: 1, did not pass the filter by color: 1, added: 0, new vincodes: 0
19-03-2012 10:01:03 --- INFO: Honda CR-V - found: 9, pass primary filters: 1, did not pass the filter by color: 0, added: 1, new vincodes: 0
19-03-2012 10:01:03 --- INFO: Honda CR-V - found: 2, pass primary filters: 0, did not pass the filter by color: 0, added: 0, new vincodes: 0
19-03-2012 10:01:03 --- INFO: Mitsubishi Montero 4WD Limited - found: 13, pass primary filters: 0, did not pass the filter by color: 0, added: 0, new vincodes: 0
19-03-2012 10:01:12 --- INFO: Toyota 4RUNNER 4WD V6 - found: 13, pass primary filters: 3, did not pass the filter by color: 2, added: 1, new vincodes: 0
19-03-2012 10:01:18 --- INFO: Toyota RAV 4 - found: 7, pass primary filters: 2, did not pass the filter by color: 2, added: 0, new vincodes: 0
19-03-2012 10:01:19 --- INFO: Toyota Highlander 4WD - found: 18, pass primary filters: 1, did not pass the filter by color: 1, added: 0, new vincodes: 0
19-03-2012 10:01:20 --- INFO: Toyota Highlander - found: 9, pass primary filters: 1, did not pass the filter by color: 1, added: 0, new vincodes: 0
19-03-2012 10:01:23 --- INFO: Lexus RX 350 - found: 1, pass primary filters: 1, did not pass the filter by color: 1, added: 0, new vincodes: 0
19-03-2012 10:01:23 --- INFO: Toyota 4RUNNER Limited V6 - found: 13, pass primary filters: 0, did not pass the filter by color: 0, added: 0, new vincodes: 0
19-03-2012 10:01:23 --- INFO: finish: 19-03-2012 10:01:23
19-03-2012 10:01:23 --- INFO: elapsed time: ~82.1 sec., memory usage: ~2.2 Mb.
19-03-2012 09:40:01 --- INFO: start: 19-03-2012 09:40:01
19-03-2012 09:40:01 --- INFO: ----------Source_Gsmotors (cli)
19-03-2012 09:42:10 --- INFO: Lexus RX 300 - found: 55, pass primary filters: 30, did not pass the filter by color: 29, added: 1, new vincodes: 0
19-03-2012 09:47:32 --- INFO: Lexus RX 330 - found: 143, pass primary filters: 60, did not pass the filter by color: 51, added: 9, new vincodes: 0
19-03-2012 09:48:52 --- INFO: Lexus RX 400H - found: 34, pass primary filters: 8, did not pass the filter by color: 8, added: 0, new vincodes: 0
19-03-2012 09:51:11 --- INFO: Lexus GX 470 - found: 60, pass primary filters: 41, did not pass the filter by color: 30, added: 11, new vincodes: 0
19-03-2012 09:55:34 --- INFO: Lexus GX 470 - found: 110, pass primary filters: 47, did not pass the filter by color: 40, added: 7, new vincodes: 0
19-03-2012 09:57:17 --- INFO: Lexus LX 470 - found: 40, pass primary filters: 30, did not pass the filter by color: 23, added: 7, new vincodes: 0
19-03-2012 09:57:57 --- INFO: Lexus LX 470 - found: 15, pass primary filters: 2, did not pass the filter by color: 2, added: 0, new vincodes: 0
19-03-2012 09:58:45 --- INFO: Toyota Land Cruiser - found: 21, pass primary filters: 16, did not pass the filter by color: 12, added: 4, new vincodes: 0
19-03-2012 10:00:37 --- INFO: Honda CR-V - found: 36, pass primary filters: 1, did not pass the filter by color: 0, added: 1, new vincodes: 0
19-03-2012 10:06:12 --- INFO: Honda CR-V - found: 139, pass primary filters: 4, did not pass the filter by color: 0, added: 4, new vincodes: 0
19-03-2012 10:08:04 --- INFO: Mitsubishi Montero 4WD Limited - found: 37, pass primary filters: 10, did not pass the filter by color: 10, added: 0, new vincodes: 0
19-03-2012 10:12:37 --- INFO: Toyota 4RUNNER 4WD V6 - found: 93, pass primary filters: 17, did not pass the filter by color: 10, added: 7, new vincodes: 0
19-03-2012 10:14:00 --- INFO: Toyota RAV 4 - found: 62, pass primary filters: 16, did not pass the filter by color: 14, added: 2, new vincodes: 0
19-03-2012 10:14:00 --- ERROR: Request returns empty result
19-03-2012 10:14:00 --- INFO: Toyota Highlander 4WD - found: 0, pass primary filters: 0, did not pass the filter by color: 0, added: 0, new vincodes: 0
19-03-2012 10:14:00 --- ERROR: Request returns empty result
19-03-2012 10:14:00 --- INFO: Toyota Highlander - found: 0, pass primary filters: 0, did not pass the filter by color: 0, added: 0, new vincodes: 0
19-03-2012 10:14:00 --- ERROR: Request returns empty result
19-03-2012 10:14:00 --- INFO: Lexus RX 350 - found: 0, pass primary filters: 0, did not pass the filter by color: 0, added: 0, new vincodes: 0
19-03-2012 10:14:00 --- ERROR: Request returns empty result
19-03-2012 10:14:00 --- INFO: Toyota 4RUNNER Limited V6 - found: 0, pass primary filters: 0, did not pass the filter by color: 0, added: 0, new vincodes: 0
19-03-2012 10:14:00 --- INFO: finish: 19-03-2012 10:14:00
19-03-2012 10:14:00 --- INFO: elapsed time: ~2039.41 sec., memory usage: ~4.07 Mb.
19-03-2012 11:10:01 --- INFO: start: 19-03-2012 11:10:01
19-03-2012 11:10:01 --- INFO: ----------Source_Adesa (cli)
19-03-2012 11:10:03 --- INFO: Authorized request
19-03-2012 11:10:16 --- INFO: Lexus RX 300 - found: 9, pass primary filters: 3, did not pass the filter by color: 2, added: 1, new vincodes: 0
19-03-2012 11:10:50 --- INFO: Lexus RX 330 - found: 15, pass primary filters: 8, did not pass the filter by color: 6, added: 2, new vincodes: 1
19-03-2012 11:10:50 --- INFO: Lexus RX 400H - found: 0, pass primary filters: 0, did not pass the filter by color: 0, added: 0, new vincodes: 0
19-03-2012 11:10:59 --- INFO: Lexus GX 470 - found: 4, pass primary filters: 4, did not pass the filter by color: 3, added: 1, new vincodes: 0
19-03-2012 11:11:07 --- INFO: Lexus GX 470 - found: 3, pass primary filters: 3, did not pass the filter by color: 3, added: 0, new vincodes: 0
19-03-2012 11:11:08 --- INFO: Lexus LX 470 - found: 1, pass primary filters: 0, did not pass the filter by color: 0, added: 0, new vincodes: 0
19-03-2012 11:11:08 --- INFO: Lexus LX 470 - found: 0, pass primary filters: 0, did not pass the filter by color: 0, added: 0, new vincodes: 0
19-03-2012 11:11:08 --- INFO: Toyota Land Cruiser - found: 0, pass primary filters: 0, did not pass the filter by color: 0, added: 0, new vincodes: 0
19-03-2012 11:11:12 --- INFO: Honda CR-V - found: 9, pass primary filters: 1, did not pass the filter by color: 0, added: 1, new vincodes: 0
19-03-2012 11:11:12 --- INFO: Honda CR-V - found: 2, pass primary filters: 0, did not pass the filter by color: 0, added: 0, new vincodes: 0
19-03-2012 11:11:28 --- INFO: Mitsubishi Montero 4WD Limited - found: 13, pass primary filters: 1, did not pass the filter by color: 1, added: 0, new vincodes: 0
19-03-2012 11:11:36 --- INFO: Toyota 4RUNNER 4WD V6 - found: 14, pass primary filters: 3, did not pass the filter by color: 2, added: 1, new vincodes: 0
19-03-2012 11:11:58 --- INFO: Toyota RAV 4 - found: 7, pass primary filters: 3, did not pass the filter by color: 3, added: 0, new vincodes: 1
19-03-2012 11:11:59 --- INFO: Toyota Highlander 4WD - found: 21, pass primary filters: 1, did not pass the filter by color: 1, added: 0, new vincodes: 0
19-03-2012 11:11:59 --- INFO: Toyota Highlander - found: 11, pass primary filters: 1, did not pass the filter by color: 1, added: 0, new vincodes: 0
19-03-2012 11:12:03 --- INFO: Lexus RX 350 - found: 1, pass primary filters: 1, did not pass the filter by color: 1, added: 0, new vincodes: 0
19-03-2012 11:12:04 --- INFO: Toyota 4RUNNER Limited V6 - found: 14, pass primary filters: 0, did not pass the filter by color: 0, added: 0, new vincodes: 0
19-03-2012 11:12:04 --- INFO: finish: 19-03-2012 11:12:04
19-03-2012 11:12:04 --- INFO: elapsed time: ~122.41 sec., memory usage: ~2.22 Mb.
19-03-2012 10:30:02 --- INFO: start: 19-03-2012 10:30:02
19-03-2012 10:30:02 --- INFO: ----------Source_Gsmotors (cli)
19-03-2012 10:32:22 --- INFO: Lexus RX 300 - found: 55, pass primary filters: 30, did not pass the filter by color: 29, added: 1, new vincodes: 0
19-03-2012 10:37:59 --- INFO: Lexus RX 330 - found: 143, pass primary filters: 60, did not pass the filter by color: 51, added: 9, new vincodes: 0
19-03-2012 10:39:17 --- INFO: Lexus RX 400H - found: 34, pass primary filters: 8, did not pass the filter by color: 8, added: 0, new vincodes: 0
19-03-2012 10:41:32 --- INFO: Lexus GX 470 - found: 60, pass primary filters: 41, did not pass the filter by color: 30, added: 11, new vincodes: 0
19-03-2012 10:45:52 --- INFO: Lexus GX 470 - found: 110, pass primary filters: 47, did not pass the filter by color: 40, added: 7, new vincodes: 0
19-03-2012 10:47:33 --- INFO: Lexus LX 470 - found: 40, pass primary filters: 30, did not pass the filter by color: 23, added: 7, new vincodes: 0
19-03-2012 10:48:08 --- INFO: Lexus LX 470 - found: 15, pass primary filters: 2, did not pass the filter by color: 2, added: 0, new vincodes: 0
19-03-2012 10:49:00 --- INFO: Toyota Land Cruiser - found: 21, pass primary filters: 16, did not pass the filter by color: 12, added: 4, new vincodes: 0
19-03-2012 10:50:29 --- INFO: Honda CR-V - found: 36, pass primary filters: 1, did not pass the filter by color: 0, added: 1, new vincodes: 0
19-03-2012 10:55:57 --- INFO: Honda CR-V - found: 139, pass primary filters: 4, did not pass the filter by color: 0, added: 4, new vincodes: 0
19-03-2012 10:57:36 --- INFO: Mitsubishi Montero 4WD Limited - found: 37, pass primary filters: 10, did not pass the filter by color: 10, added: 0, new vincodes: 0
19-03-2012 11:07:49 --- INFO: Toyota 4RUNNER 4WD V6 - found: 93, pass primary filters: 17, did not pass the filter by color: 10, added: 7, new vincodes: 0
19-03-2012 11:10:00 --- INFO: Toyota RAV 4 - found: 62, pass primary filters: 28, did not pass the filter by color: 22, added: 6, new vincodes: 0
19-03-2012 11:14:22 --- INFO: Toyota Highlander 4WD - found: 105, pass primary filters: 1, did not pass the filter by color: 1, added: 0, new vincodes: 0
19-03-2012 11:16:51 --- INFO: Toyota Highlander - found: 63, pass primary filters: 14, did not pass the filter by color: 8, added: 6, new vincodes: 0
19-03-2012 11:20:01 --- INFO: Lexus RX 350 - found: 76, pass primary filters: 18, did not pass the filter by color: 17, added: 1, new vincodes: 0
19-03-2012 11:26:02 --- INFO: Toyota 4RUNNER Limited V6 - found: 116, pass primary filters: 6, did not pass the filter by color: 6, added: 0, new vincodes: 2
19-03-2012 11:26:02 --- INFO: finish: 19-03-2012 11:26:02
19-03-2012 11:26:02 --- INFO: elapsed time: ~3360.98 sec., memory usage: ~4.52 Mb.
19-03-2012 12:20:01 --- INFO: start: 19-03-2012 12:20:01
19-03-2012 12:20:02 --- INFO: ----------Source_Adesa (cli)
19-03-2012 12:20:04 --- INFO: Authorized request
19-03-2012 12:20:14 --- INFO: Lexus RX 300 - found: 10, pass primary filters: 3, did not pass the filter by color: 2, added: 1, new vincodes: 0
19-03-2012 12:20:36 --- INFO: Lexus RX 330 - found: 15, pass primary filters: 8, did not pass the filter by color: 6, added: 2, new vincodes: 0
19-03-2012 12:20:37 --- INFO: Lexus RX 400H - found: 0, pass primary filters: 0, did not pass the filter by color: 0, added: 0, new vincodes: 0
19-03-2012 12:20:44 --- INFO: Lexus GX 470 - found: 4, pass primary filters: 4, did not pass the filter by color: 3, added: 1, new vincodes: 0
19-03-2012 12:20:52 --- INFO: Lexus GX 470 - found: 3, pass primary filters: 3, did not pass the filter by color: 3, added: 0, new vincodes: 0
19-03-2012 12:20:52 --- INFO: Lexus LX 470 - found: 1, pass primary filters: 0, did not pass the filter by color: 0, added: 0, new vincodes: 0
19-03-2012 12:20:52 --- INFO: Lexus LX 470 - found: 0, pass primary filters: 0, did not pass the filter by color: 0, added: 0, new vincodes: 0
19-03-2012 12:20:53 --- INFO: Toyota Land Cruiser - found: 0, pass primary filters: 0, did not pass the filter by color: 0, added: 0, new vincodes: 0
19-03-2012 12:20:56 --- INFO: Honda CR-V - found: 9, pass primary filters: 1, did not pass the filter by color: 0, added: 1, new vincodes: 0
19-03-2012 12:20:57 --- INFO: Honda CR-V - found: 2, pass primary filters: 0, did not pass the filter by color: 0, added: 0, new vincodes: 0
19-03-2012 12:21:01 --- INFO: Mitsubishi Montero 4WD Limited - found: 13, pass primary filters: 1, did not pass the filter by color: 1, added: 0, new vincodes: 0
19-03-2012 12:21:08 --- INFO: Toyota 4RUNNER 4WD V6 - found: 14, pass primary filters: 3, did not pass the filter by color: 2, added: 1, new vincodes: 0
19-03-2012 12:21:18 --- INFO: Toyota RAV 4 - found: 9, pass primary filters: 3, did not pass the filter by color: 3, added: 0, new vincodes: 0
19-03-2012 12:21:19 --- INFO: Toyota Highlander 4WD - found: 21, pass primary filters: 1, did not pass the filter by color: 1, added: 0, new vincodes: 0
19-03-2012 12:21:19 --- INFO: Toyota Highlander - found: 11, pass primary filters: 1, did not pass the filter by color: 1, added: 0, new vincodes: 0
19-03-2012 12:21:23 --- INFO: Lexus RX 350 - found: 1, pass primary filters: 1, did not pass the filter by color: 1, added: 0, new vincodes: 0
19-03-2012 12:21:24 --- INFO: Toyota 4RUNNER Limited V6 - found: 14, pass primary filters: 0, did not pass the filter by color: 0, added: 0, new vincodes: 0
19-03-2012 12:21:24 --- INFO: finish: 19-03-2012 12:21:24
19-03-2012 12:21:24 --- INFO: elapsed time: ~82.17 sec., memory usage: ~2.18 Mb.
19-03-2012 11:40:01 --- INFO: start: 19-03-2012 11:40:01
19-03-2012 11:40:01 --- INFO: ----------Source_Gsmotors (cli)
19-03-2012 11:43:54 --- INFO: Lexus RX 300 - found: 64, pass primary filters: 36, did not pass the filter by color: 34, added: 2, new vincodes: 2
19-03-2012 11:53:11 --- INFO: Lexus RX 330 - found: 171, pass primary filters: 70, did not pass the filter by color: 59, added: 11, new vincodes: 4
19-03-2012 11:55:01 --- INFO: Lexus RX 400H - found: 38, pass primary filters: 8, did not pass the filter by color: 8, added: 0, new vincodes: 0
19-03-2012 11:58:13 --- INFO: Lexus GX 470 - found: 69, pass primary filters: 42, did not pass the filter by color: 31, added: 11, new vincodes: 0
19-03-2012 12:04:41 --- INFO: Lexus GX 470 - found: 128, pass primary filters: 55, did not pass the filter by color: 48, added: 7, new vincodes: 0
19-03-2012 12:07:08 --- INFO: Lexus LX 470 - found: 46, pass primary filters: 34, did not pass the filter by color: 27, added: 7, new vincodes: 1
19-03-2012 12:07:42 --- INFO: Lexus LX 470 - found: 18, pass primary filters: 2, did not pass the filter by color: 2, added: 0, new vincodes: 0
19-03-2012 12:09:32 --- INFO: Toyota Land Cruiser - found: 27, pass primary filters: 18, did not pass the filter by color: 14, added: 4, new vincodes: 2
19-03-2012 12:12:25 --- INFO: Honda CR-V - found: 54, pass primary filters: 2, did not pass the filter by color: 0, added: 2, new vincodes: 0
19-03-2012 12:21:30 --- INFO: Honda CR-V - found: 168, pass primary filters: 6, did not pass the filter by color: 0, added: 6, new vincodes: 1
19-03-2012 12:24:42 --- INFO: Mitsubishi Montero 4WD Limited - found: 50, pass primary filters: 14, did not pass the filter by color: 14, added: 0, new vincodes: 2
19-03-2012 12:28:51 --- INFO: Toyota 4RUNNER 4WD V6 - found: 116, pass primary filters: 17, did not pass the filter by color: 10, added: 7, new vincodes: 0
19-03-2012 12:33:09 --- INFO: Toyota RAV 4 - found: 82, pass primary filters: 33, did not pass the filter by color: 27, added: 6, new vincodes: 2
19-03-2012 12:40:09 --- INFO: Toyota Highlander 4WD - found: 138, pass primary filters: 2, did not pass the filter by color: 2, added: 0, new vincodes: 2
19-03-2012 12:43:55 --- INFO: Toyota Highlander - found: 89, pass primary filters: 16, did not pass the filter by color: 10, added: 6, new vincodes: 0
19-03-2012 12:48:36 --- INFO: Lexus RX 350 - found: 90, pass primary filters: 17, did not pass the filter by color: 16, added: 1, new vincodes: 0
19-03-2012 12:52:41 --- INFO: Toyota 4RUNNER Limited V6 - found: 116, pass primary filters: 6, did not pass the filter by color: 6, added: 0, new vincodes: 0
19-03-2012 12:52:41 --- INFO: finish: 19-03-2012 12:52:41
19-03-2012 12:52:41 --- INFO: elapsed time: ~4360.52 sec., memory usage: ~4.97 Mb.
19-03-2012 13:20:01 --- INFO: start: 19-03-2012 13:20:01
19-03-2012 13:20:01 --- INFO: ----------Source_Adesa (cli)
19-03-2012 13:20:01 --- INFO: Authorized request
19-03-2012 13:20:12 --- INFO: Lexus RX 300 - found: 10, pass primary filters: 3, did not pass the filter by color: 2, added: 1, new vincodes: 0
19-03-2012 13:20:40 --- INFO: Lexus RX 330 - found: 15, pass primary filters: 9, did not pass the filter by color: 7, added: 2, new vincodes: 0
19-03-2012 13:20:40 --- INFO: Lexus RX 400H - found: 0, pass primary filters: 0, did not pass the filter by color: 0, added: 0, new vincodes: 0
19-03-2012 13:20:48 --- INFO: Lexus GX 470 - found: 4, pass primary filters: 4, did not pass the filter by color: 3, added: 1, new vincodes: 0
19-03-2012 13:20:56 --- INFO: Lexus GX 470 - found: 4, pass primary filters: 3, did not pass the filter by color: 3, added: 0, new vincodes: 0
19-03-2012 13:20:56 --- INFO: Lexus LX 470 - found: 1, pass primary filters: 0, did not pass the filter by color: 0, added: 0, new vincodes: 0
19-03-2012 13:20:56 --- INFO: Lexus LX 470 - found: 0, pass primary filters: 0, did not pass the filter by color: 0, added: 0, new vincodes: 0
19-03-2012 13:20:56 --- INFO: Toyota Land Cruiser - found: 0, pass primary filters: 0, did not pass the filter by color: 0, added: 0, new vincodes: 0
19-03-2012 13:21:00 --- INFO: Honda CR-V - found: 9, pass primary filters: 1, did not pass the filter by color: 0, added: 1, new vincodes: 0
19-03-2012 13:21:00 --- INFO: Honda CR-V - found: 2, pass primary filters: 0, did not pass the filter by color: 0, added: 0, new vincodes: 0
19-03-2012 13:21:04 --- INFO: Mitsubishi Montero 4WD Limited - found: 14, pass primary filters: 1, did not pass the filter by color: 1, added: 0, new vincodes: 0
19-03-2012 13:21:13 --- INFO: Toyota 4RUNNER 4WD V6 - found: 14, pass primary filters: 3, did not pass the filter by color: 2, added: 1, new vincodes: 0
19-03-2012 13:21:23 --- INFO: Toyota RAV 4 - found: 11, pass primary filters: 3, did not pass the filter by color: 3, added: 0, new vincodes: 0
19-03-2012 13:21:24 --- INFO: Toyota Highlander 4WD - found: 23, pass primary filters: 1, did not pass the filter by color: 1, added: 0, new vincodes: 0
19-03-2012 13:21:24 --- INFO: Toyota Highlander - found: 12, pass primary filters: 1, did not pass the filter by color: 1, added: 0, new vincodes: 0
19-03-2012 13:21:28 --- INFO: Lexus RX 350 - found: 1, pass primary filters: 1, did not pass the filter by color: 1, added: 0, new vincodes: 0
19-03-2012 13:21:29 --- INFO: Toyota 4RUNNER Limited V6 - found: 14, pass primary filters: 0, did not pass the filter by color: 0, added: 0, new vincodes: 0
19-03-2012 13:21:29 --- INFO: finish: 19-03-2012 13:21:29
19-03-2012 13:21:29 --- INFO: elapsed time: ~87.77 sec., memory usage: ~2.19 Mb.
19-03-2012 12:50:01 --- INFO: start: 19-03-2012 12:50:01
19-03-2012 12:50:01 --- INFO: ----------Source_Gsmotors (cli)
19-03-2012 12:52:11 --- INFO: Lexus RX 300 - found: 64, pass primary filters: 36, did not pass the filter by color: 34, added: 2, new vincodes: 0
19-03-2012 12:58:20 --- INFO: Lexus RX 330 - found: 171, pass primary filters: 70, did not pass the filter by color: 59, added: 11, new vincodes: 0
19-03-2012 12:59:53 --- INFO: Lexus RX 400H - found: 38, pass primary filters: 8, did not pass the filter by color: 8, added: 0, new vincodes: 0
19-03-2012 13:02:15 --- INFO: Lexus GX 470 - found: 69, pass primary filters: 42, did not pass the filter by color: 31, added: 11, new vincodes: 0
19-03-2012 13:07:41 --- INFO: Lexus GX 470 - found: 128, pass primary filters: 55, did not pass the filter by color: 48, added: 7, new vincodes: 0
19-03-2012 13:09:16 --- INFO: Lexus LX 470 - found: 46, pass primary filters: 34, did not pass the filter by color: 27, added: 7, new vincodes: 0
19-03-2012 13:09:52 --- INFO: Lexus LX 470 - found: 18, pass primary filters: 2, did not pass the filter by color: 2, added: 0, new vincodes: 0
19-03-2012 13:10:43 --- INFO: Toyota Land Cruiser - found: 27, pass primary filters: 18, did not pass the filter by color: 14, added: 4, new vincodes: 0
19-03-2012 13:12:46 --- INFO: Honda CR-V - found: 54, pass primary filters: 2, did not pass the filter by color: 0, added: 2, new vincodes: 0
19-03-2012 13:18:59 --- INFO: Honda CR-V - found: 168, pass primary filters: 6, did not pass the filter by color: 0, added: 6, new vincodes: 0
19-03-2012 13:20:44 --- INFO: Mitsubishi Montero 4WD Limited - found: 50, pass primary filters: 14, did not pass the filter by color: 14, added: 0, new vincodes: 0
19-03-2012 13:24:42 --- INFO: Toyota 4RUNNER 4WD V6 - found: 116, pass primary filters: 17, did not pass the filter by color: 10, added: 7, new vincodes: 0
19-03-2012 13:27:15 --- INFO: Toyota RAV 4 - found: 82, pass primary filters: 33, did not pass the filter by color: 27, added: 6, new vincodes: 0
19-03-2012 13:32:21 --- INFO: Toyota Highlander 4WD - found: 138, pass primary filters: 2, did not pass the filter by color: 2, added: 0, new vincodes: 0
19-03-2012 13:35:46 --- INFO: Toyota Highlander - found: 89, pass primary filters: 16, did not pass the filter by color: 10, added: 6, new vincodes: 0
19-03-2012 13:40:05 --- INFO: Lexus RX 350 - found: 90, pass primary filters: 17, did not pass the filter by color: 16, added: 1, new vincodes: 0
19-03-2012 13:44:24 --- INFO: Toyota 4RUNNER Limited V6 - found: 116, pass primary filters: 6, did not pass the filter by color: 6, added: 0, new vincodes: 0
19-03-2012 13:44:24 --- INFO: finish: 19-03-2012 13:44:24
19-03-2012 13:44:24 --- INFO: elapsed time: ~3262.3 sec., memory usage: ~4.83 Mb.
19-03-2012 13:50:01 --- INFO: start: 19-03-2012 13:50:01
19-03-2012 13:50:01 --- INFO: ----------Source_Gsmotors (cli)
19-03-2012 13:52:28 --- INFO: Lexus RX 300 - found: 64, pass primary filters: 36, did not pass the filter by color: 34, added: 2, new vincodes: 0
19-03-2012 13:58:16 --- INFO: Lexus RX 330 - found: 171, pass primary filters: 70, did not pass the filter by color: 59, added: 11, new vincodes: 0
19-03-2012 13:59:42 --- INFO: Lexus RX 400H - found: 38, pass primary filters: 8, did not pass the filter by color: 8, added: 0, new vincodes: 0
19-03-2012 14:02:09 --- INFO: Lexus GX 470 - found: 69, pass primary filters: 42, did not pass the filter by color: 31, added: 11, new vincodes: 0
19-03-2012 14:06:58 --- INFO: Lexus GX 470 - found: 128, pass primary filters: 55, did not pass the filter by color: 48, added: 7, new vincodes: 0
19-03-2012 14:08:36 --- INFO: Lexus LX 470 - found: 46, pass primary filters: 34, did not pass the filter by color: 27, added: 7, new vincodes: 0
19-03-2012 14:09:13 --- INFO: Lexus LX 470 - found: 18, pass primary filters: 2, did not pass the filter by color: 2, added: 0, new vincodes: 0
19-03-2012 14:10:05 --- INFO: Toyota Land Cruiser - found: 27, pass primary filters: 18, did not pass the filter by color: 14, added: 4, new vincodes: 0
19-03-2012 14:12:23 --- INFO: Honda CR-V - found: 54, pass primary filters: 2, did not pass the filter by color: 0, added: 2, new vincodes: 0
19-03-2012 14:18:51 --- INFO: Honda CR-V - found: 168, pass primary filters: 6, did not pass the filter by color: 0, added: 6, new vincodes: 0
19-03-2012 14:20:43 --- INFO: Mitsubishi Montero 4WD Limited - found: 50, pass primary filters: 14, did not pass the filter by color: 14, added: 0, new vincodes: 0
19-03-2012 14:25:15 --- INFO: Toyota 4RUNNER 4WD V6 - found: 116, pass primary filters: 17, did not pass the filter by color: 10, added: 7, new vincodes: 0
19-03-2012 14:27:59 --- INFO: Toyota RAV 4 - found: 82, pass primary filters: 33, did not pass the filter by color: 26, added: 7, new vincodes: 0
19-03-2012 14:32:52 --- INFO: Toyota Highlander 4WD - found: 138, pass primary filters: 2, did not pass the filter by color: 2, added: 0, new vincodes: 0
19-03-2012 14:35:28 --- INFO: Toyota Highlander - found: 89, pass primary filters: 16, did not pass the filter by color: 10, added: 6, new vincodes: 0
19-03-2012 14:39:30 --- INFO: Lexus RX 350 - found: 90, pass primary filters: 17, did not pass the filter by color: 16, added: 1, new vincodes: 0
19-03-2012 14:44:09 --- INFO: Toyota 4RUNNER Limited V6 - found: 116, pass primary filters: 6, did not pass the filter by color: 6, added: 0, new vincodes: 0
19-03-2012 14:44:09 --- INFO: finish: 19-03-2012 14:44:09
19-03-2012 14:44:09 --- INFO: elapsed time: ~3248.43 sec., memory usage: ~4.84 Mb.
19-03-2012 16:10:01 --- INFO: start: 19-03-2012 16:10:01
19-03-2012 16:10:01 --- INFO: ----------Source_Adesa (cli)
19-03-2012 16:10:05 --- INFO: Authorized request
19-03-2012 16:10:15 --- INFO: Lexus RX 300 - found: 12, pass primary filters: 3, did not pass the filter by color: 3, added: 0, new vincodes: 0
19-03-2012 16:10:52 --- INFO: Lexus RX 330 - found: 17, pass primary filters: 10, did not pass the filter by color: 8, added: 2, new vincodes: 1
19-03-2012 16:10:52 --- INFO: Lexus RX 400H - found: 0, pass primary filters: 0, did not pass the filter by color: 0, added: 0, new vincodes: 0
19-03-2012 16:10:57 --- INFO: Lexus GX 470 - found: 4, pass primary filters: 4, did not pass the filter by color: 3, added: 1, new vincodes: 0
19-03-2012 16:11:36 --- INFO: Lexus GX 470 - found: 5, pass primary filters: 5, did not pass the filter by color: 5, added: 0, new vincodes: 0
19-03-2012 16:12:21 --- INFO: Lexus LX 470 - found: 2, pass primary filters: 1, did not pass the filter by color: 0, added: 1, new vincodes: 1
19-03-2012 16:12:21 --- INFO: Lexus LX 470 - found: 0, pass primary filters: 0, did not pass the filter by color: 0, added: 0, new vincodes: 0
19-03-2012 16:12:21 --- INFO: Toyota Land Cruiser - found: 0, pass primary filters: 0, did not pass the filter by color: 0, added: 0, new vincodes: 0
19-03-2012 16:12:25 --- INFO: Honda CR-V - found: 10, pass primary filters: 1, did not pass the filter by color: 0, added: 1, new vincodes: 0
19-03-2012 16:12:25 --- INFO: Honda CR-V - found: 2, pass primary filters: 0, did not pass the filter by color: 0, added: 0, new vincodes: 0
19-03-2012 16:12:32 --- INFO: Mitsubishi Montero 4WD Limited - found: 17, pass primary filters: 2, did not pass the filter by color: 2, added: 0, new vincodes: 1
19-03-2012 16:12:58 --- INFO: Toyota 4RUNNER 4WD V6 - found: 16, pass primary filters: 4, did not pass the filter by color: 2, added: 2, new vincodes: 1
19-03-2012 16:13:08 --- INFO: Toyota RAV 4 - found: 13, pass primary filters: 3, did not pass the filter by color: 3, added: 0, new vincodes: 0
19-03-2012 16:13:09 --- INFO: Toyota Highlander 4WD - found: 29, pass primary filters: 1, did not pass the filter by color: 1, added: 0, new vincodes: 0
19-03-2012 16:13:10 --- INFO: Toyota Highlander - found: 15, pass primary filters: 1, did not pass the filter by color: 1, added: 0, new vincodes: 0
19-03-2012 16:13:14 --- INFO: Lexus RX 350 - found: 1, pass primary filters: 1, did not pass the filter by color: 1, added: 0, new vincodes: 0
19-03-2012 16:13:16 --- INFO: Toyota 4RUNNER Limited V6 - found: 16, pass primary filters: 1, did not pass the filter by color: 1, added: 0, new vincodes: 0
19-03-2012 16:13:16 --- INFO: finish: 19-03-2012 16:13:16
19-03-2012 16:13:16 --- INFO: elapsed time: ~194.49 sec., memory usage: ~2.34 Mb.
19-03-2012 16:40:01 --- INFO: start: 19-03-2012 16:40:01
19-03-2012 16:40:01 --- INFO: ----------Source_Gsmotors (cli)
19-03-2012 16:44:48 --- INFO: Lexus RX 300 - found: 85, pass primary filters: 47, did not pass the filter by color: 43, added: 4, new vincodes: 5
19-03-2012 16:54:23 --- INFO: Lexus RX 330 - found: 199, pass primary filters: 79, did not pass the filter by color: 67, added: 12, new vincodes: 3
19-03-2012 16:56:22 --- INFO: Lexus RX 400H - found: 47, pass primary filters: 9, did not pass the filter by color: 9, added: 0, new vincodes: 1
19-03-2012 17:00:21 --- INFO: Lexus GX 470 - found: 79, pass primary filters: 47, did not pass the filter by color: 34, added: 13, new vincodes: 2
19-03-2012 17:08:40 --- INFO: Lexus GX 470 - found: 159, pass primary filters: 61, did not pass the filter by color: 52, added: 9, new vincodes: 1
19-03-2012 17:11:25 --- INFO: Lexus LX 470 - found: 55, pass primary filters: 39, did not pass the filter by color: 30, added: 9, new vincodes: 2
19-03-2012 17:12:10 --- INFO: Lexus LX 470 - found: 23, pass primary filters: 3, did not pass the filter by color: 2, added: 1, new vincodes: 0
19-03-2012 17:13:37 --- INFO: Toyota Land Cruiser - found: 30, pass primary filters: 21, did not pass the filter by color: 16, added: 5, new vincodes: 1
19-03-2012 17:16:43 --- INFO: Honda CR-V - found: 68, pass primary filters: 2, did not pass the filter by color: 0, added: 2, new vincodes: 0
19-03-2012 17:26:49 --- INFO: Honda CR-V - found: 200, pass primary filters: 7, did not pass the filter by color: 0, added: 7, new vincodes: 1
19-03-2012 17:29:49 --- INFO: Mitsubishi Montero 4WD Limited - found: 66, pass primary filters: 14, did not pass the filter by color: 14, added: 0, new vincodes: 0
19-03-2012 17:36:33 --- INFO: Toyota 4RUNNER 4WD V6 - found: 145, pass primary filters: 19, did not pass the filter by color: 12, added: 7, new vincodes: 1
19-03-2012 17:40:53 --- INFO: Toyota RAV 4 - found: 101, pass primary filters: 36, did not pass the filter by color: 28, added: 8, new vincodes: 1
19-03-2012 17:48:16 --- INFO: Toyota Highlander 4WD - found: 157, pass primary filters: 2, did not pass the filter by color: 2, added: 0, new vincodes: 0
19-03-2012 17:52:02 --- INFO: Toyota Highlander - found: 101, pass primary filters: 18, did not pass the filter by color: 11, added: 7, new vincodes: 1
19-03-2012 17:57:10 --- INFO: Lexus RX 350 - found: 110, pass primary filters: 18, did not pass the filter by color: 17, added: 1, new vincodes: 1
19-03-2012 18:02:09 --- INFO: Toyota 4RUNNER Limited V6 - found: 145, pass primary filters: 7, did not pass the filter by color: 7, added: 0, new vincodes: 1
19-03-2012 18:02:09 --- INFO: finish: 19-03-2012 18:02:09
19-03-2012 18:02:09 --- INFO: elapsed time: ~4927.29 sec., memory usage: ~5.35 Mb.
19-03-2012 18:10:01 --- INFO: start: 19-03-2012 18:10:01
19-03-2012 18:10:01 --- INFO: ----------Source_Adesa (cli)
19-03-2012 18:10:03 --- INFO: Authorized request
19-03-2012 18:10:29 --- INFO: Lexus RX 300 - found: 13, pass primary filters: 4, did not pass the filter by color: 4, added: 0, new vincodes: 1
19-03-2012 18:10:55 --- INFO: Lexus RX 330 - found: 18, pass primary filters: 10, did not pass the filter by color: 8, added: 2, new vincodes: 0
19-03-2012 18:10:55 --- INFO: Lexus RX 400H - found: 0, pass primary filters: 0, did not pass the filter by color: 0, added: 0, new vincodes: 0
19-03-2012 18:11:05 --- INFO: Lexus GX 470 - found: 5, pass primary filters: 5, did not pass the filter by color: 4, added: 1, new vincodes: 1
19-03-2012 18:11:19 --- INFO: Lexus GX 470 - found: 5, pass primary filters: 5, did not pass the filter by color: 5, added: 0, new vincodes: 0
19-03-2012 18:11:23 --- INFO: Lexus LX 470 - found: 2, pass primary filters: 1, did not pass the filter by color: 0, added: 1, new vincodes: 0
19-03-2012 18:11:23 --- INFO: Lexus LX 470 - found: 0, pass primary filters: 0, did not pass the filter by color: 0, added: 0, new vincodes: 0
19-03-2012 18:11:23 --- INFO: Toyota Land Cruiser - found: 0, pass primary filters: 0, did not pass the filter by color: 0, added: 0, new vincodes: 0
19-03-2012 18:11:27 --- INFO: Honda CR-V - found: 11, pass primary filters: 1, did not pass the filter by color: 0, added: 1, new vincodes: 0
19-03-2012 18:11:27 --- INFO: Honda CR-V - found: 2, pass primary filters: 0, did not pass the filter by color: 0, added: 0, new vincodes: 0
19-03-2012 18:11:32 --- INFO: Mitsubishi Montero 4WD Limited - found: 18, pass primary filters: 2, did not pass the filter by color: 2, added: 0, new vincodes: 0
19-03-2012 18:11:44 --- INFO: Toyota 4RUNNER 4WD V6 - found: 17, pass primary filters: 5, did not pass the filter by color: 3, added: 2, new vincodes: 0
19-03-2012 18:11:52 --- INFO: Toyota RAV 4 - found: 14, pass primary filters: 3, did not pass the filter by color: 3, added: 0, new vincodes: 0
19-03-2012 18:11:53 --- INFO: Toyota Highlander 4WD - found: 33, pass primary filters: 1, did not pass the filter by color: 1, added: 0, new vincodes: 0
19-03-2012 18:12:30 --- INFO: Toyota Highlander - found: 17, pass primary filters: 2, did not pass the filter by color: 2, added: 0, new vincodes: 1
19-03-2012 18:12:34 --- INFO: Lexus RX 350 - found: 1, pass primary filters: 1, did not pass the filter by color: 1, added: 0, new vincodes: 0
19-03-2012 18:12:35 --- INFO: Toyota 4RUNNER Limited V6 - found: 17, pass primary filters: 1, did not pass the filter by color: 1, added: 0, new vincodes: 0
19-03-2012 18:12:35 --- INFO: finish: 19-03-2012 18:12:35
19-03-2012 18:12:35 --- INFO: elapsed time: ~154.06 sec., memory usage: ~2.34 Mb.
19-03-2012 18:40:01 --- INFO: start: 19-03-2012 18:40:01
19-03-2012 18:40:01 --- INFO: ----------Source_Gsmotors (cli)
19-03-2012 18:43:01 --- INFO: Lexus RX 300 - found: 85, pass primary filters: 47, did not pass the filter by color: 43, added: 4, new vincodes: 0
19-03-2012 18:49:47 --- INFO: Lexus RX 330 - found: 199, pass primary filters: 79, did not pass the filter by color: 67, added: 12, new vincodes: 0
19-03-2012 18:51:16 --- INFO: Lexus RX 400H - found: 47, pass primary filters: 9, did not pass the filter by color: 9, added: 0, new vincodes: 0
19-03-2012 18:53:51 --- INFO: Lexus GX 470 - found: 79, pass primary filters: 47, did not pass the filter by color: 34, added: 13, new vincodes: 0
19-03-2012 18:59:04 --- INFO: Lexus GX 470 - found: 159, pass primary filters: 61, did not pass the filter by color: 52, added: 9, new vincodes: 0
19-03-2012 19:01:03 --- INFO: Lexus LX 470 - found: 55, pass primary filters: 39, did not pass the filter by color: 30, added: 9, new vincodes: 0
19-03-2012 19:02:08 --- INFO: Lexus LX 470 - found: 23, pass primary filters: 3, did not pass the filter by color: 2, added: 1, new vincodes: 0
19-03-2012 19:03:09 --- INFO: Toyota Land Cruiser - found: 30, pass primary filters: 21, did not pass the filter by color: 16, added: 5, new vincodes: 0
19-03-2012 19:05:35 --- INFO: Honda CR-V - found: 68, pass primary filters: 2, did not pass the filter by color: 0, added: 2, new vincodes: 0
19-03-2012 19:13:52 --- INFO: Honda CR-V - found: 200, pass primary filters: 7, did not pass the filter by color: 0, added: 7, new vincodes: 0
19-03-2012 19:16:17 --- INFO: Mitsubishi Montero 4WD Limited - found: 66, pass primary filters: 14, did not pass the filter by color: 14, added: 0, new vincodes: 0
19-03-2012 19:21:24 --- INFO: Toyota 4RUNNER 4WD V6 - found: 145, pass primary filters: 19, did not pass the filter by color: 12, added: 7, new vincodes: 0
19-03-2012 19:24:31 --- INFO: Toyota RAV 4 - found: 101, pass primary filters: 36, did not pass the filter by color: 28, added: 8, new vincodes: 0
19-03-2012 19:30:57 --- INFO: Toyota Highlander 4WD - found: 157, pass primary filters: 2, did not pass the filter by color: 2, added: 0, new vincodes: 0
19-03-2012 19:34:39 --- INFO: Toyota Highlander - found: 101, pass primary filters: 18, did not pass the filter by color: 11, added: 7, new vincodes: 0
19-03-2012 19:38:36 --- INFO: Lexus RX 350 - found: 110, pass primary filters: 18, did not pass the filter by color: 17, added: 1, new vincodes: 0
19-03-2012 19:44:21 --- INFO: Toyota 4RUNNER Limited V6 - found: 145, pass primary filters: 7, did not pass the filter by color: 7, added: 0, new vincodes: 0
19-03-2012 19:44:21 --- INFO: finish: 19-03-2012 19:44:21
19-03-2012 19:44:21 --- INFO: elapsed time: ~3860.54 sec., memory usage: ~5.23 Mb.