
22-04-2012 06:10:01 --- INFO: start: 22-04-2012 06:10:01
22-04-2012 06:10:01 --- INFO: ----------Source_Adesa (cli)
22-04-2012 06:10:03 --- INFO: Authorized request
22-04-2012 06:10:06 --- INFO: Lexus RX 300 - found: 6, pass primary filters: 2, did not pass the filter by color: 2, added: 0, new vincodes: 0
22-04-2012 06:10:13 --- INFO: Lexus RX 330 - found: 7, pass primary filters: 4, did not pass the filter by color: 3, added: 1, new vincodes: 0
22-04-2012 06:10:14 --- INFO: Lexus RX 400H - found: 3, pass primary filters: 0, did not pass the filter by color: 0, added: 0, new vincodes: 0
22-04-2012 06:10:24 --- INFO: Lexus GX 470 - found: 7, pass primary filters: 5, did not pass the filter by color: 2, added: 3, new vincodes: 0
22-04-2012 06:10:24 --- INFO: Lexus GX 470 - found: 0, pass primary filters: 0, did not pass the filter by color: 0, added: 0, new vincodes: 0
22-04-2012 06:10:25 --- INFO: Lexus LX 470 - found: 0, pass primary filters: 0, did not pass the filter by color: 0, added: 0, new vincodes: 0
22-04-2012 06:10:25 --- INFO: Lexus LX 470 - found: 0, pass primary filters: 0, did not pass the filter by color: 0, added: 0, new vincodes: 0
22-04-2012 06:10:26 --- INFO: Toyota Land Cruiser - found: 1, pass primary filters: 1, did not pass the filter by color: 1, added: 0, new vincodes: 0
22-04-2012 06:10:26 --- INFO: Honda CR-V - found: 6, pass primary filters: 0, did not pass the filter by color: 0, added: 0, new vincodes: 0
22-04-2012 06:10:26 --- INFO: Honda CR-V - found: 1, pass primary filters: 0, did not pass the filter by color: 0, added: 0, new vincodes: 0
22-04-2012 06:10:29 --- INFO: Mitsubishi Montero 4WD Limited - found: 12, pass primary filters: 1, did not pass the filter by color: 1, added: 0, new vincodes: 0
22-04-2012 06:10:31 --- INFO: Toyota 4RUNNER 4WD V6 - found: 7, pass primary filters: 2, did not pass the filter by color: 2, added: 0, new vincodes: 0
22-04-2012 06:10:35 --- INFO: Toyota RAV 4 - found: 7, pass primary filters: 2, did not pass the filter by color: 2, added: 0, new vincodes: 0
22-04-2012 06:10:37 --- INFO: Toyota Highlander 4WD - found: 18, pass primary filters: 1, did not pass the filter by color: 1, added: 0, new vincodes: 0
22-04-2012 06:10:42 --- INFO: Toyota Highlander - found: 13, pass primary filters: 2, did not pass the filter by color: 1, added: 1, new vincodes: 0
22-04-2012 06:10:46 --- INFO: Lexus RX 350 - found: 5, pass primary filters: 3, did not pass the filter by color: 3, added: 0, new vincodes: 0
22-04-2012 06:10:46 --- INFO: Toyota 4RUNNER Limited V6 - found: 7, pass primary filters: 0, did not pass the filter by color: 0, added: 0, new vincodes: 0
22-04-2012 06:10:46 --- INFO: finish: 22-04-2012 06:10:46
22-04-2012 06:10:46 --- INFO: elapsed time: ~44.93 sec., memory usage: ~2.14 Mb.
22-04-2012 06:40:01 --- INFO: start: 22-04-2012 06:40:01
22-04-2012 06:40:02 --- INFO: ----------Source_Gsmotors (cli)
22-04-2012 06:43:28 --- INFO: Lexus RX 300 - found: 59, pass primary filters: 37, did not pass the filter by color: 27, added: 10, new vincodes: 0
22-04-2012 06:53:03 --- INFO: Lexus RX 330 - found: 177, pass primary filters: 85, did not pass the filter by color: 73, added: 12, new vincodes: 1
22-04-2012 06:55:15 --- INFO: Lexus RX 400H - found: 42, pass primary filters: 16, did not pass the filter by color: 15, added: 1, new vincodes: 0
22-04-2012 06:59:14 --- INFO: Lexus GX 470 - found: 74, pass primary filters: 51, did not pass the filter by color: 39, added: 12, new vincodes: 0
22-04-2012 07:07:03 --- INFO: Lexus GX 470 - found: 150, pass primary filters: 66, did not pass the filter by color: 46, added: 20, new vincodes: 0
22-04-2012 07:10:02 --- INFO: Lexus LX 470 - found: 59, pass primary filters: 45, did not pass the filter by color: 37, added: 8, new vincodes: 0
22-04-2012 07:10:46 --- INFO: Lexus LX 470 - found: 19, pass primary filters: 2, did not pass the filter by color: 2, added: 0, new vincodes: 0
22-04-2012 07:12:38 --- INFO: Toyota Land Cruiser - found: 38, pass primary filters: 28, did not pass the filter by color: 23, added: 5, new vincodes: 0
22-04-2012 07:15:35 --- INFO: Honda CR-V - found: 59, pass primary filters: 2, did not pass the filter by color: 0, added: 2, new vincodes: 0
22-04-2012 07:23:59 --- INFO: Honda CR-V - found: 161, pass primary filters: 0, did not pass the filter by color: 0, added: 0, new vincodes: 0
22-04-2012 07:26:57 --- INFO: Mitsubishi Montero 4WD Limited - found: 54, pass primary filters: 9, did not pass the filter by color: 9, added: 0, new vincodes: 0
22-04-2012 07:33:14 --- INFO: Toyota 4RUNNER 4WD V6 - found: 113, pass primary filters: 26, did not pass the filter by color: 17, added: 9, new vincodes: 0
22-04-2012 07:36:20 --- INFO: Toyota RAV 4 - found: 65, pass primary filters: 29, did not pass the filter by color: 17, added: 12, new vincodes: 1
22-04-2012 07:42:45 --- INFO: Toyota Highlander 4WD - found: 124, pass primary filters: 1, did not pass the filter by color: 1, added: 0, new vincodes: 0
22-04-2012 07:45:22 --- INFO: Toyota Highlander - found: 70, pass primary filters: 13, did not pass the filter by color: 12, added: 1, new vincodes: 0
22-04-2012 07:50:57 --- INFO: Lexus RX 350 - found: 104, pass primary filters: 19, did not pass the filter by color: 15, added: 4, new vincodes: 0
22-04-2012 07:54:56 --- INFO: Toyota 4RUNNER Limited V6 - found: 113, pass primary filters: 1, did not pass the filter by color: 0, added: 1, new vincodes: 0
22-04-2012 07:54:56 --- INFO: finish: 22-04-2012 07:54:56
22-04-2012 07:54:56 --- INFO: elapsed time: ~4494.68 sec., memory usage: ~5.34 Mb.
22-04-2012 08:10:01 --- INFO: start: 22-04-2012 08:10:01
22-04-2012 08:10:01 --- INFO: ----------Source_Adesa (cli)
22-04-2012 08:10:02 --- INFO: Authorized request
22-04-2012 08:10:04 --- INFO: Lexus RX 300 - found: 6, pass primary filters: 2, did not pass the filter by color: 2, added: 0, new vincodes: 0
22-04-2012 08:10:12 --- INFO: Lexus RX 330 - found: 7, pass primary filters: 4, did not pass the filter by color: 3, added: 1, new vincodes: 0
22-04-2012 08:10:12 --- INFO: Lexus RX 400H - found: 3, pass primary filters: 0, did not pass the filter by color: 0, added: 0, new vincodes: 0
22-04-2012 08:10:22 --- INFO: Lexus GX 470 - found: 7, pass primary filters: 5, did not pass the filter by color: 2, added: 3, new vincodes: 0
22-04-2012 08:10:22 --- INFO: Lexus GX 470 - found: 0, pass primary filters: 0, did not pass the filter by color: 0, added: 0, new vincodes: 0
22-04-2012 08:10:23 --- INFO: Lexus LX 470 - found: 0, pass primary filters: 0, did not pass the filter by color: 0, added: 0, new vincodes: 0
22-04-2012 08:10:23 --- INFO: Lexus LX 470 - found: 0, pass primary filters: 0, did not pass the filter by color: 0, added: 0, new vincodes: 0
22-04-2012 08:10:24 --- INFO: Toyota Land Cruiser - found: 1, pass primary filters: 1, did not pass the filter by color: 1, added: 0, new vincodes: 0
22-04-2012 08:10:24 --- INFO: Honda CR-V - found: 6, pass primary filters: 0, did not pass the filter by color: 0, added: 0, new vincodes: 0
22-04-2012 08:10:24 --- INFO: Honda CR-V - found: 1, pass primary filters: 0, did not pass the filter by color: 0, added: 0, new vincodes: 0
22-04-2012 08:10:28 --- INFO: Mitsubishi Montero 4WD Limited - found: 13, pass primary filters: 1, did not pass the filter by color: 1, added: 0, new vincodes: 0
22-04-2012 08:10:29 --- INFO: Toyota 4RUNNER 4WD V6 - found: 7, pass primary filters: 2, did not pass the filter by color: 2, added: 0, new vincodes: 0
22-04-2012 08:10:34 --- INFO: Toyota RAV 4 - found: 7, pass primary filters: 2, did not pass the filter by color: 2, added: 0, new vincodes: 0
22-04-2012 08:10:36 --- INFO: Toyota Highlander 4WD - found: 18, pass primary filters: 1, did not pass the filter by color: 1, added: 0, new vincodes: 0
22-04-2012 08:10:41 --- INFO: Toyota Highlander - found: 13, pass primary filters: 2, did not pass the filter by color: 1, added: 1, new vincodes: 0
22-04-2012 08:10:45 --- INFO: Lexus RX 350 - found: 5, pass primary filters: 3, did not pass the filter by color: 3, added: 0, new vincodes: 0
22-04-2012 08:10:45 --- INFO: Toyota 4RUNNER Limited V6 - found: 7, pass primary filters: 0, did not pass the filter by color: 0, added: 0, new vincodes: 0
22-04-2012 08:10:45 --- INFO: finish: 22-04-2012 08:10:45
22-04-2012 08:10:45 --- INFO: elapsed time: ~43.95 sec., memory usage: ~2.14 Mb.
22-04-2012 09:10:01 --- INFO: start: 22-04-2012 09:10:01
22-04-2012 09:10:01 --- INFO: ----------Source_Adesa (cli)
22-04-2012 09:10:02 --- INFO: Authorized request
22-04-2012 09:10:05 --- INFO: Lexus RX 300 - found: 6, pass primary filters: 2, did not pass the filter by color: 2, added: 0, new vincodes: 0
22-04-2012 09:10:13 --- INFO: Lexus RX 330 - found: 7, pass primary filters: 4, did not pass the filter by color: 3, added: 1, new vincodes: 0
22-04-2012 09:10:13 --- INFO: Lexus RX 400H - found: 3, pass primary filters: 0, did not pass the filter by color: 0, added: 0, new vincodes: 0
22-04-2012 09:10:22 --- INFO: Lexus GX 470 - found: 7, pass primary filters: 5, did not pass the filter by color: 2, added: 3, new vincodes: 0
22-04-2012 09:10:22 --- INFO: Lexus GX 470 - found: 0, pass primary filters: 0, did not pass the filter by color: 0, added: 0, new vincodes: 0
22-04-2012 09:10:22 --- INFO: Lexus LX 470 - found: 0, pass primary filters: 0, did not pass the filter by color: 0, added: 0, new vincodes: 0
22-04-2012 09:10:23 --- INFO: Lexus LX 470 - found: 0, pass primary filters: 0, did not pass the filter by color: 0, added: 0, new vincodes: 0
22-04-2012 09:10:24 --- INFO: Toyota Land Cruiser - found: 1, pass primary filters: 1, did not pass the filter by color: 1, added: 0, new vincodes: 0
22-04-2012 09:10:24 --- INFO: Honda CR-V - found: 6, pass primary filters: 0, did not pass the filter by color: 0, added: 0, new vincodes: 0
22-04-2012 09:10:24 --- INFO: Honda CR-V - found: 1, pass primary filters: 0, did not pass the filter by color: 0, added: 0, new vincodes: 0
22-04-2012 09:10:27 --- INFO: Mitsubishi Montero 4WD Limited - found: 13, pass primary filters: 1, did not pass the filter by color: 1, added: 0, new vincodes: 0
22-04-2012 09:10:28 --- INFO: Toyota 4RUNNER 4WD V6 - found: 7, pass primary filters: 2, did not pass the filter by color: 2, added: 0, new vincodes: 0
22-04-2012 09:10:33 --- INFO: Toyota RAV 4 - found: 7, pass primary filters: 2, did not pass the filter by color: 2, added: 0, new vincodes: 0
22-04-2012 09:10:36 --- INFO: Toyota Highlander 4WD - found: 18, pass primary filters: 1, did not pass the filter by color: 1, added: 0, new vincodes: 0
22-04-2012 09:10:40 --- INFO: Toyota Highlander - found: 13, pass primary filters: 2, did not pass the filter by color: 1, added: 1, new vincodes: 0
22-04-2012 09:10:44 --- INFO: Lexus RX 350 - found: 5, pass primary filters: 3, did not pass the filter by color: 3, added: 0, new vincodes: 0
22-04-2012 09:10:44 --- INFO: Toyota 4RUNNER Limited V6 - found: 7, pass primary filters: 0, did not pass the filter by color: 0, added: 0, new vincodes: 0
22-04-2012 09:10:44 --- INFO: finish: 22-04-2012 09:10:44
22-04-2012 09:10:44 --- INFO: elapsed time: ~43.02 sec., memory usage: ~2.14 Mb.
22-04-2012 08:40:01 --- INFO: start: 22-04-2012 08:40:01
22-04-2012 08:40:01 --- INFO: ----------Source_Gsmotors (cli)
22-04-2012 08:42:28 --- INFO: Lexus RX 300 - found: 59, pass primary filters: 37, did not pass the filter by color: 27, added: 10, new vincodes: 0
22-04-2012 08:49:13 --- INFO: Lexus RX 330 - found: 177, pass primary filters: 85, did not pass the filter by color: 73, added: 12, new vincodes: 0
22-04-2012 08:50:54 --- INFO: Lexus RX 400H - found: 42, pass primary filters: 16, did not pass the filter by color: 15, added: 1, new vincodes: 0
22-04-2012 08:53:38 --- INFO: Lexus GX 470 - found: 74, pass primary filters: 51, did not pass the filter by color: 39, added: 12, new vincodes: 0
22-04-2012 08:59:18 --- INFO: Lexus GX 470 - found: 150, pass primary filters: 67, did not pass the filter by color: 47, added: 20, new vincodes: 0
22-04-2012 09:01:34 --- INFO: Lexus LX 470 - found: 59, pass primary filters: 45, did not pass the filter by color: 37, added: 8, new vincodes: 0
22-04-2012 09:02:18 --- INFO: Lexus LX 470 - found: 19, pass primary filters: 2, did not pass the filter by color: 2, added: 0, new vincodes: 0
22-04-2012 09:03:35 --- INFO: Toyota Land Cruiser - found: 38, pass primary filters: 28, did not pass the filter by color: 23, added: 5, new vincodes: 0
22-04-2012 09:05:52 --- INFO: Honda CR-V - found: 59, pass primary filters: 2, did not pass the filter by color: 0, added: 2, new vincodes: 0
22-04-2012 09:11:49 --- INFO: Honda CR-V - found: 161, pass primary filters: 0, did not pass the filter by color: 0, added: 0, new vincodes: 0
22-04-2012 09:13:52 --- INFO: Mitsubishi Montero 4WD Limited - found: 54, pass primary filters: 9, did not pass the filter by color: 9, added: 0, new vincodes: 0
22-04-2012 09:18:12 --- INFO: Toyota 4RUNNER 4WD V6 - found: 113, pass primary filters: 26, did not pass the filter by color: 16, added: 10, new vincodes: 0
22-04-2012 09:20:30 --- INFO: Toyota RAV 4 - found: 65, pass primary filters: 29, did not pass the filter by color: 17, added: 12, new vincodes: 0
22-04-2012 09:25:05 --- INFO: Toyota Highlander 4WD - found: 124, pass primary filters: 1, did not pass the filter by color: 1, added: 0, new vincodes: 0
22-04-2012 09:27:46 --- INFO: Toyota Highlander - found: 70, pass primary filters: 13, did not pass the filter by color: 12, added: 1, new vincodes: 0
22-04-2012 09:31:57 --- INFO: Lexus RX 350 - found: 104, pass primary filters: 19, did not pass the filter by color: 15, added: 4, new vincodes: 0
22-04-2012 09:36:07 --- INFO: Toyota 4RUNNER Limited V6 - found: 113, pass primary filters: 1, did not pass the filter by color: 0, added: 1, new vincodes: 0
22-04-2012 09:36:07 --- INFO: finish: 22-04-2012 09:36:07
22-04-2012 09:36:07 --- INFO: elapsed time: ~3365.55 sec., memory usage: ~5.27 Mb.
22-04-2012 10:00:01 --- INFO: start: 22-04-2012 10:00:01
22-04-2012 10:00:01 --- INFO: ----------Source_Adesa (cli)
22-04-2012 10:00:01 --- INFO: Authorized request
22-04-2012 10:00:04 --- INFO: Lexus RX 300 - found: 6, pass primary filters: 2, did not pass the filter by color: 2, added: 0, new vincodes: 0
22-04-2012 10:00:12 --- INFO: Lexus RX 330 - found: 7, pass primary filters: 4, did not pass the filter by color: 3, added: 1, new vincodes: 0
22-04-2012 10:00:12 --- INFO: Lexus RX 400H - found: 3, pass primary filters: 0, did not pass the filter by color: 0, added: 0, new vincodes: 0
22-04-2012 10:00:22 --- INFO: Lexus GX 470 - found: 7, pass primary filters: 5, did not pass the filter by color: 2, added: 3, new vincodes: 0
22-04-2012 10:00:23 --- INFO: Lexus GX 470 - found: 0, pass primary filters: 0, did not pass the filter by color: 0, added: 0, new vincodes: 0
22-04-2012 10:00:23 --- INFO: Lexus LX 470 - found: 0, pass primary filters: 0, did not pass the filter by color: 0, added: 0, new vincodes: 0
22-04-2012 10:00:23 --- INFO: Lexus LX 470 - found: 0, pass primary filters: 0, did not pass the filter by color: 0, added: 0, new vincodes: 0
22-04-2012 10:00:24 --- INFO: Toyota Land Cruiser - found: 1, pass primary filters: 1, did not pass the filter by color: 1, added: 0, new vincodes: 0
22-04-2012 10:00:25 --- INFO: Honda CR-V - found: 6, pass primary filters: 0, did not pass the filter by color: 0, added: 0, new vincodes: 0
22-04-2012 10:00:25 --- INFO: Honda CR-V - found: 1, pass primary filters: 0, did not pass the filter by color: 0, added: 0, new vincodes: 0
22-04-2012 10:00:27 --- INFO: Mitsubishi Montero 4WD Limited - found: 13, pass primary filters: 1, did not pass the filter by color: 1, added: 0, new vincodes: 0
22-04-2012 10:00:28 --- INFO: Toyota 4RUNNER 4WD V6 - found: 7, pass primary filters: 2, did not pass the filter by color: 2, added: 0, new vincodes: 0
22-04-2012 10:00:34 --- INFO: Toyota RAV 4 - found: 7, pass primary filters: 2, did not pass the filter by color: 2, added: 0, new vincodes: 0
22-04-2012 10:00:36 --- INFO: Toyota Highlander 4WD - found: 18, pass primary filters: 1, did not pass the filter by color: 1, added: 0, new vincodes: 0
22-04-2012 10:00:42 --- INFO: Toyota Highlander - found: 13, pass primary filters: 2, did not pass the filter by color: 1, added: 1, new vincodes: 0
22-04-2012 10:00:46 --- INFO: Lexus RX 350 - found: 5, pass primary filters: 3, did not pass the filter by color: 3, added: 0, new vincodes: 0
22-04-2012 10:00:46 --- INFO: Toyota 4RUNNER Limited V6 - found: 7, pass primary filters: 0, did not pass the filter by color: 0, added: 0, new vincodes: 0
22-04-2012 10:00:46 --- INFO: finish: 22-04-2012 10:00:46
22-04-2012 10:00:46 --- INFO: elapsed time: ~45.49 sec., memory usage: ~2.14 Mb.
22-04-2012 09:40:01 --- INFO: start: 22-04-2012 09:40:01
22-04-2012 09:40:01 --- INFO: ----------Source_Gsmotors (cli)
22-04-2012 09:42:32 --- INFO: Lexus RX 300 - found: 59, pass primary filters: 37, did not pass the filter by color: 27, added: 10, new vincodes: 0
22-04-2012 09:49:25 --- INFO: Lexus RX 330 - found: 177, pass primary filters: 85, did not pass the filter by color: 73, added: 12, new vincodes: 0
22-04-2012 09:51:07 --- INFO: Lexus RX 400H - found: 42, pass primary filters: 16, did not pass the filter by color: 15, added: 1, new vincodes: 0
22-04-2012 09:53:53 --- INFO: Lexus GX 470 - found: 74, pass primary filters: 51, did not pass the filter by color: 39, added: 12, new vincodes: 0
22-04-2012 09:59:39 --- INFO: Lexus GX 470 - found: 150, pass primary filters: 67, did not pass the filter by color: 47, added: 20, new vincodes: 0
22-04-2012 10:01:59 --- INFO: Lexus LX 470 - found: 59, pass primary filters: 45, did not pass the filter by color: 37, added: 8, new vincodes: 0
22-04-2012 10:02:43 --- INFO: Lexus LX 470 - found: 19, pass primary filters: 2, did not pass the filter by color: 2, added: 0, new vincodes: 0
22-04-2012 10:04:03 --- INFO: Toyota Land Cruiser - found: 38, pass primary filters: 28, did not pass the filter by color: 23, added: 5, new vincodes: 0
22-04-2012 10:06:23 --- INFO: Honda CR-V - found: 59, pass primary filters: 2, did not pass the filter by color: 0, added: 2, new vincodes: 0
22-04-2012 10:12:42 --- INFO: Honda CR-V - found: 161, pass primary filters: 0, did not pass the filter by color: 0, added: 0, new vincodes: 0
22-04-2012 10:14:47 --- INFO: Mitsubishi Montero 4WD Limited - found: 54, pass primary filters: 9, did not pass the filter by color: 9, added: 0, new vincodes: 0
22-04-2012 10:19:08 --- INFO: Toyota 4RUNNER 4WD V6 - found: 113, pass primary filters: 26, did not pass the filter by color: 16, added: 10, new vincodes: 0
22-04-2012 10:21:30 --- INFO: Toyota RAV 4 - found: 65, pass primary filters: 29, did not pass the filter by color: 17, added: 12, new vincodes: 0
22-04-2012 10:26:04 --- INFO: Toyota Highlander 4WD - found: 124, pass primary filters: 1, did not pass the filter by color: 1, added: 0, new vincodes: 0
22-04-2012 10:28:43 --- INFO: Toyota Highlander - found: 70, pass primary filters: 13, did not pass the filter by color: 12, added: 1, new vincodes: 0
22-04-2012 10:32:47 --- INFO: Lexus RX 350 - found: 104, pass primary filters: 19, did not pass the filter by color: 12, added: 7, new vincodes: 0
22-04-2012 10:37:01 --- INFO: Toyota 4RUNNER Limited V6 - found: 113, pass primary filters: 1, did not pass the filter by color: 0, added: 1, new vincodes: 0
22-04-2012 10:37:01 --- INFO: finish: 22-04-2012 10:37:01
22-04-2012 10:37:01 --- INFO: elapsed time: ~3420.29 sec., memory usage: ~5.27 Mb.
22-04-2012 11:10:01 --- INFO: start: 22-04-2012 11:10:01
22-04-2012 11:10:01 --- INFO: ----------Source_Adesa (cli)
22-04-2012 11:10:02 --- INFO: Authorized request
22-04-2012 11:10:05 --- INFO: Lexus RX 300 - found: 6, pass primary filters: 2, did not pass the filter by color: 2, added: 0, new vincodes: 0
22-04-2012 11:10:13 --- INFO: Lexus RX 330 - found: 7, pass primary filters: 4, did not pass the filter by color: 3, added: 1, new vincodes: 0
22-04-2012 11:10:13 --- INFO: Lexus RX 400H - found: 3, pass primary filters: 0, did not pass the filter by color: 0, added: 0, new vincodes: 0
22-04-2012 11:10:25 --- INFO: Lexus GX 470 - found: 7, pass primary filters: 5, did not pass the filter by color: 2, added: 3, new vincodes: 0
22-04-2012 11:10:25 --- INFO: Lexus GX 470 - found: 0, pass primary filters: 0, did not pass the filter by color: 0, added: 0, new vincodes: 0
22-04-2012 11:10:25 --- INFO: Lexus LX 470 - found: 0, pass primary filters: 0, did not pass the filter by color: 0, added: 0, new vincodes: 0
22-04-2012 11:10:25 --- INFO: Lexus LX 470 - found: 0, pass primary filters: 0, did not pass the filter by color: 0, added: 0, new vincodes: 0
22-04-2012 11:10:26 --- INFO: Toyota Land Cruiser - found: 1, pass primary filters: 1, did not pass the filter by color: 1, added: 0, new vincodes: 0
22-04-2012 11:10:27 --- INFO: Honda CR-V - found: 6, pass primary filters: 0, did not pass the filter by color: 0, added: 0, new vincodes: 0
22-04-2012 11:10:27 --- INFO: Honda CR-V - found: 1, pass primary filters: 0, did not pass the filter by color: 0, added: 0, new vincodes: 0
22-04-2012 11:10:29 --- INFO: Mitsubishi Montero 4WD Limited - found: 13, pass primary filters: 1, did not pass the filter by color: 1, added: 0, new vincodes: 0
22-04-2012 11:10:32 --- INFO: Toyota 4RUNNER 4WD V6 - found: 7, pass primary filters: 2, did not pass the filter by color: 2, added: 0, new vincodes: 0
22-04-2012 11:10:37 --- INFO: Toyota RAV 4 - found: 7, pass primary filters: 2, did not pass the filter by color: 2, added: 0, new vincodes: 0
22-04-2012 11:10:39 --- INFO: Toyota Highlander 4WD - found: 18, pass primary filters: 1, did not pass the filter by color: 1, added: 0, new vincodes: 0
22-04-2012 11:10:44 --- INFO: Toyota Highlander - found: 13, pass primary filters: 2, did not pass the filter by color: 1, added: 1, new vincodes: 0
22-04-2012 11:10:48 --- INFO: Lexus RX 350 - found: 5, pass primary filters: 3, did not pass the filter by color: 3, added: 0, new vincodes: 0
22-04-2012 11:10:48 --- INFO: Toyota 4RUNNER Limited V6 - found: 7, pass primary filters: 0, did not pass the filter by color: 0, added: 0, new vincodes: 0
22-04-2012 11:10:48 --- INFO: finish: 22-04-2012 11:10:48
22-04-2012 11:10:48 --- INFO: elapsed time: ~47.87 sec., memory usage: ~2.14 Mb.
22-04-2012 10:30:01 --- INFO: start: 22-04-2012 10:30:01
22-04-2012 10:30:01 --- INFO: ----------Source_Gsmotors (cli)
22-04-2012 10:32:24 --- INFO: Lexus RX 300 - found: 59, pass primary filters: 37, did not pass the filter by color: 27, added: 10, new vincodes: 0
22-04-2012 10:39:16 --- INFO: Lexus RX 330 - found: 177, pass primary filters: 85, did not pass the filter by color: 74, added: 11, new vincodes: 0
22-04-2012 10:41:05 --- INFO: Lexus RX 400H - found: 42, pass primary filters: 16, did not pass the filter by color: 15, added: 1, new vincodes: 0
22-04-2012 10:44:10 --- INFO: Lexus GX 470 - found: 74, pass primary filters: 51, did not pass the filter by color: 39, added: 12, new vincodes: 0
22-04-2012 10:49:53 --- INFO: Lexus GX 470 - found: 150, pass primary filters: 67, did not pass the filter by color: 49, added: 18, new vincodes: 0
22-04-2012 10:52:13 --- INFO: Lexus LX 470 - found: 59, pass primary filters: 45, did not pass the filter by color: 37, added: 8, new vincodes: 0
22-04-2012 10:52:58 --- INFO: Lexus LX 470 - found: 19, pass primary filters: 2, did not pass the filter by color: 2, added: 0, new vincodes: 0
22-04-2012 10:54:18 --- INFO: Toyota Land Cruiser - found: 38, pass primary filters: 28, did not pass the filter by color: 23, added: 5, new vincodes: 0
22-04-2012 10:56:40 --- INFO: Honda CR-V - found: 59, pass primary filters: 2, did not pass the filter by color: 0, added: 2, new vincodes: 0
22-04-2012 11:02:48 --- INFO: Honda CR-V - found: 161, pass primary filters: 0, did not pass the filter by color: 0, added: 0, new vincodes: 0
22-04-2012 11:04:50 --- INFO: Mitsubishi Montero 4WD Limited - found: 54, pass primary filters: 9, did not pass the filter by color: 9, added: 0, new vincodes: 0
22-04-2012 11:09:04 --- INFO: Toyota 4RUNNER 4WD V6 - found: 113, pass primary filters: 26, did not pass the filter by color: 17, added: 9, new vincodes: 0
22-04-2012 11:11:29 --- INFO: Toyota RAV 4 - found: 65, pass primary filters: 29, did not pass the filter by color: 17, added: 12, new vincodes: 0
22-04-2012 11:16:10 --- INFO: Toyota Highlander 4WD - found: 124, pass primary filters: 1, did not pass the filter by color: 1, added: 0, new vincodes: 0
22-04-2012 11:19:14 --- INFO: Toyota Highlander - found: 70, pass primary filters: 13, did not pass the filter by color: 12, added: 1, new vincodes: 0
22-04-2012 11:23:13 --- INFO: Lexus RX 350 - found: 104, pass primary filters: 19, did not pass the filter by color: 15, added: 4, new vincodes: 0
22-04-2012 11:27:34 --- INFO: Toyota 4RUNNER Limited V6 - found: 113, pass primary filters: 1, did not pass the filter by color: 0, added: 1, new vincodes: 0
22-04-2012 11:27:34 --- INFO: finish: 22-04-2012 11:27:34
22-04-2012 11:27:34 --- INFO: elapsed time: ~3453.26 sec., memory usage: ~5.27 Mb.
22-04-2012 12:20:01 --- INFO: start: 22-04-2012 12:20:01
22-04-2012 12:20:01 --- INFO: ----------Source_Adesa (cli)
22-04-2012 12:20:03 --- INFO: Authorized request
22-04-2012 12:20:05 --- INFO: Lexus RX 300 - found: 6, pass primary filters: 2, did not pass the filter by color: 2, added: 0, new vincodes: 0
22-04-2012 12:20:13 --- INFO: Lexus RX 330 - found: 7, pass primary filters: 4, did not pass the filter by color: 3, added: 1, new vincodes: 0
22-04-2012 12:20:14 --- INFO: Lexus RX 400H - found: 3, pass primary filters: 0, did not pass the filter by color: 0, added: 0, new vincodes: 0
22-04-2012 12:20:25 --- INFO: Lexus GX 470 - found: 7, pass primary filters: 5, did not pass the filter by color: 2, added: 3, new vincodes: 0
22-04-2012 12:20:25 --- INFO: Lexus GX 470 - found: 0, pass primary filters: 0, did not pass the filter by color: 0, added: 0, new vincodes: 0
22-04-2012 12:20:25 --- INFO: Lexus LX 470 - found: 0, pass primary filters: 0, did not pass the filter by color: 0, added: 0, new vincodes: 0
22-04-2012 12:20:25 --- INFO: Lexus LX 470 - found: 0, pass primary filters: 0, did not pass the filter by color: 0, added: 0, new vincodes: 0
22-04-2012 12:20:27 --- INFO: Toyota Land Cruiser - found: 1, pass primary filters: 1, did not pass the filter by color: 1, added: 0, new vincodes: 0
22-04-2012 12:20:27 --- INFO: Honda CR-V - found: 6, pass primary filters: 0, did not pass the filter by color: 0, added: 0, new vincodes: 0
22-04-2012 12:20:27 --- INFO: Honda CR-V - found: 1, pass primary filters: 0, did not pass the filter by color: 0, added: 0, new vincodes: 0
22-04-2012 12:20:30 --- INFO: Mitsubishi Montero 4WD Limited - found: 13, pass primary filters: 1, did not pass the filter by color: 1, added: 0, new vincodes: 0
22-04-2012 12:20:32 --- INFO: Toyota 4RUNNER 4WD V6 - found: 7, pass primary filters: 2, did not pass the filter by color: 2, added: 0, new vincodes: 0
22-04-2012 12:20:37 --- INFO: Toyota RAV 4 - found: 7, pass primary filters: 2, did not pass the filter by color: 2, added: 0, new vincodes: 0
22-04-2012 12:20:40 --- INFO: Toyota Highlander 4WD - found: 18, pass primary filters: 1, did not pass the filter by color: 1, added: 0, new vincodes: 0
22-04-2012 12:20:44 --- INFO: Toyota Highlander - found: 13, pass primary filters: 2, did not pass the filter by color: 1, added: 1, new vincodes: 0
22-04-2012 12:20:48 --- INFO: Lexus RX 350 - found: 5, pass primary filters: 3, did not pass the filter by color: 3, added: 0, new vincodes: 0
22-04-2012 12:20:49 --- INFO: Toyota 4RUNNER Limited V6 - found: 7, pass primary filters: 0, did not pass the filter by color: 0, added: 0, new vincodes: 0
22-04-2012 12:20:49 --- INFO: finish: 22-04-2012 12:20:49
22-04-2012 12:20:49 --- INFO: elapsed time: ~47.59 sec., memory usage: ~2.14 Mb.
22-04-2012 11:40:02 --- INFO: start: 22-04-2012 11:40:02
22-04-2012 11:40:02 --- INFO: ----------Source_Gsmotors (cli)
22-04-2012 11:43:29 --- INFO: Lexus RX 300 - found: 62, pass primary filters: 37, did not pass the filter by color: 27, added: 10, new vincodes: 0
22-04-2012 11:52:59 --- INFO: Lexus RX 330 - found: 191, pass primary filters: 88, did not pass the filter by color: 76, added: 12, new vincodes: 1
22-04-2012 11:55:13 --- INFO: Lexus RX 400H - found: 46, pass primary filters: 16, did not pass the filter by color: 15, added: 1, new vincodes: 0
22-04-2012 11:59:38 --- INFO: Lexus GX 470 - found: 80, pass primary filters: 56, did not pass the filter by color: 44, added: 12, new vincodes: 0
22-04-2012 12:08:16 --- INFO: Lexus GX 470 - found: 160, pass primary filters: 70, did not pass the filter by color: 48, added: 22, new vincodes: 0
22-04-2012 12:11:53 --- INFO: Lexus LX 470 - found: 65, pass primary filters: 48, did not pass the filter by color: 40, added: 8, new vincodes: 0
22-04-2012 12:12:41 --- INFO: Lexus LX 470 - found: 20, pass primary filters: 2, did not pass the filter by color: 2, added: 0, new vincodes: 0
22-04-2012 12:15:02 --- INFO: Toyota Land Cruiser - found: 45, pass primary filters: 31, did not pass the filter by color: 26, added: 5, new vincodes: 0
22-04-2012 12:18:26 --- INFO: Honda CR-V - found: 67, pass primary filters: 3, did not pass the filter by color: 0, added: 3, new vincodes: 0
22-04-2012 12:27:36 --- INFO: Honda CR-V - found: 180, pass primary filters: 0, did not pass the filter by color: 0, added: 0, new vincodes: 0
22-04-2012 12:30:52 --- INFO: Mitsubishi Montero 4WD Limited - found: 61, pass primary filters: 10, did not pass the filter by color: 10, added: 0, new vincodes: 0
22-04-2012 12:37:00 --- INFO: Toyota 4RUNNER 4WD V6 - found: 119, pass primary filters: 27, did not pass the filter by color: 17, added: 10, new vincodes: 0
22-04-2012 12:40:15 --- INFO: Toyota RAV 4 - found: 70, pass primary filters: 30, did not pass the filter by color: 19, added: 11, new vincodes: 1
22-04-2012 12:46:57 --- INFO: Toyota Highlander 4WD - found: 133, pass primary filters: 2, did not pass the filter by color: 1, added: 1, new vincodes: 0
22-04-2012 12:49:43 --- INFO: Toyota Highlander - found: 79, pass primary filters: 14, did not pass the filter by color: 11, added: 3, new vincodes: 1
22-04-2012 12:55:29 --- INFO: Lexus RX 350 - found: 115, pass primary filters: 20, did not pass the filter by color: 16, added: 4, new vincodes: 0
22-04-2012 12:59:50 --- INFO: Toyota 4RUNNER Limited V6 - found: 119, pass primary filters: 1, did not pass the filter by color: 0, added: 1, new vincodes: 0
22-04-2012 12:59:50 --- INFO: finish: 22-04-2012 12:59:50
22-04-2012 12:59:50 --- INFO: elapsed time: ~4788.5 sec., memory usage: ~5.54 Mb.
22-04-2012 13:20:01 --- INFO: start: 22-04-2012 13:20:01
22-04-2012 13:20:01 --- INFO: ----------Source_Adesa (cli)
22-04-2012 13:20:02 --- INFO: Authorized request
22-04-2012 13:20:04 --- INFO: Lexus RX 300 - found: 6, pass primary filters: 2, did not pass the filter by color: 2, added: 0, new vincodes: 0
22-04-2012 13:20:13 --- INFO: Lexus RX 330 - found: 7, pass primary filters: 4, did not pass the filter by color: 3, added: 1, new vincodes: 0
22-04-2012 13:20:13 --- INFO: Lexus RX 400H - found: 3, pass primary filters: 0, did not pass the filter by color: 0, added: 0, new vincodes: 0
22-04-2012 13:20:24 --- INFO: Lexus GX 470 - found: 7, pass primary filters: 5, did not pass the filter by color: 2, added: 3, new vincodes: 0
22-04-2012 13:20:25 --- INFO: Lexus GX 470 - found: 0, pass primary filters: 0, did not pass the filter by color: 0, added: 0, new vincodes: 0
22-04-2012 13:20:25 --- INFO: Lexus LX 470 - found: 0, pass primary filters: 0, did not pass the filter by color: 0, added: 0, new vincodes: 0
22-04-2012 13:20:25 --- INFO: Lexus LX 470 - found: 0, pass primary filters: 0, did not pass the filter by color: 0, added: 0, new vincodes: 0
22-04-2012 13:20:27 --- INFO: Toyota Land Cruiser - found: 1, pass primary filters: 1, did not pass the filter by color: 1, added: 0, new vincodes: 0
22-04-2012 13:20:27 --- INFO: Honda CR-V - found: 6, pass primary filters: 0, did not pass the filter by color: 0, added: 0, new vincodes: 0
22-04-2012 13:20:27 --- INFO: Honda CR-V - found: 1, pass primary filters: 0, did not pass the filter by color: 0, added: 0, new vincodes: 0
22-04-2012 13:20:29 --- INFO: Mitsubishi Montero 4WD Limited - found: 13, pass primary filters: 1, did not pass the filter by color: 1, added: 0, new vincodes: 0
22-04-2012 13:20:30 --- INFO: Toyota 4RUNNER 4WD V6 - found: 7, pass primary filters: 2, did not pass the filter by color: 2, added: 0, new vincodes: 0
22-04-2012 13:20:36 --- INFO: Toyota RAV 4 - found: 7, pass primary filters: 2, did not pass the filter by color: 2, added: 0, new vincodes: 0
22-04-2012 13:20:38 --- INFO: Toyota Highlander 4WD - found: 18, pass primary filters: 1, did not pass the filter by color: 1, added: 0, new vincodes: 0
22-04-2012 13:20:43 --- INFO: Toyota Highlander - found: 13, pass primary filters: 2, did not pass the filter by color: 1, added: 1, new vincodes: 0
22-04-2012 13:20:47 --- INFO: Lexus RX 350 - found: 5, pass primary filters: 3, did not pass the filter by color: 3, added: 0, new vincodes: 0
22-04-2012 13:20:47 --- INFO: Toyota 4RUNNER Limited V6 - found: 7, pass primary filters: 0, did not pass the filter by color: 0, added: 0, new vincodes: 0
22-04-2012 13:20:47 --- INFO: finish: 22-04-2012 13:20:47
22-04-2012 13:20:47 --- INFO: elapsed time: ~46 sec., memory usage: ~2.14 Mb.
22-04-2012 12:50:01 --- INFO: start: 22-04-2012 12:50:01
22-04-2012 12:50:01 --- INFO: ----------Source_Gsmotors (cli)
22-04-2012 12:52:24 --- INFO: Lexus RX 300 - found: 62, pass primary filters: 37, did not pass the filter by color: 27, added: 10, new vincodes: 0
22-04-2012 12:59:35 --- INFO: Lexus RX 330 - found: 191, pass primary filters: 88, did not pass the filter by color: 77, added: 11, new vincodes: 0
22-04-2012 13:01:25 --- INFO: Lexus RX 400H - found: 46, pass primary filters: 16, did not pass the filter by color: 15, added: 1, new vincodes: 0
22-04-2012 13:05:06 --- INFO: Lexus GX 470 - found: 80, pass primary filters: 56, did not pass the filter by color: 44, added: 12, new vincodes: 0
22-04-2012 13:11:07 --- INFO: Lexus GX 470 - found: 160, pass primary filters: 70, did not pass the filter by color: 48, added: 22, new vincodes: 0
22-04-2012 13:13:43 --- INFO: Lexus LX 470 - found: 65, pass primary filters: 48, did not pass the filter by color: 40, added: 8, new vincodes: 0
22-04-2012 13:14:27 --- INFO: Lexus LX 470 - found: 20, pass primary filters: 2, did not pass the filter by color: 2, added: 0, new vincodes: 0
22-04-2012 13:16:01 --- INFO: Toyota Land Cruiser - found: 45, pass primary filters: 31, did not pass the filter by color: 26, added: 5, new vincodes: 0
22-04-2012 13:18:26 --- INFO: Honda CR-V - found: 67, pass primary filters: 3, did not pass the filter by color: 0, added: 3, new vincodes: 0
22-04-2012 13:24:38 --- INFO: Honda CR-V - found: 180, pass primary filters: 0, did not pass the filter by color: 0, added: 0, new vincodes: 0
22-04-2012 13:26:52 --- INFO: Mitsubishi Montero 4WD Limited - found: 61, pass primary filters: 10, did not pass the filter by color: 10, added: 0, new vincodes: 0
22-04-2012 13:31:30 --- INFO: Toyota 4RUNNER 4WD V6 - found: 119, pass primary filters: 27, did not pass the filter by color: 17, added: 10, new vincodes: 0
22-04-2012 13:33:44 --- INFO: Toyota RAV 4 - found: 70, pass primary filters: 30, did not pass the filter by color: 19, added: 11, new vincodes: 0
22-04-2012 13:38:36 --- INFO: Toyota Highlander 4WD - found: 133, pass primary filters: 2, did not pass the filter by color: 1, added: 1, new vincodes: 0
22-04-2012 13:41:17 --- INFO: Toyota Highlander - found: 79, pass primary filters: 14, did not pass the filter by color: 11, added: 3, new vincodes: 0
22-04-2012 13:45:49 --- INFO: Lexus RX 350 - found: 115, pass primary filters: 20, did not pass the filter by color: 16, added: 4, new vincodes: 0
22-04-2012 13:50:15 --- INFO: Toyota 4RUNNER Limited V6 - found: 119, pass primary filters: 1, did not pass the filter by color: 0, added: 1, new vincodes: 0
22-04-2012 13:50:15 --- INFO: finish: 22-04-2012 13:50:15
22-04-2012 13:50:15 --- INFO: elapsed time: ~3614.17 sec., memory usage: ~5.46 Mb.
22-04-2012 13:50:01 --- INFO: start: 22-04-2012 13:50:01
22-04-2012 13:50:01 --- INFO: ----------Source_Gsmotors (cli)
22-04-2012 13:52:26 --- INFO: Lexus RX 300 - found: 62, pass primary filters: 37, did not pass the filter by color: 27, added: 10, new vincodes: 0
22-04-2012 13:59:30 --- INFO: Lexus RX 330 - found: 191, pass primary filters: 88, did not pass the filter by color: 76, added: 12, new vincodes: 0
22-04-2012 14:01:16 --- INFO: Lexus RX 400H - found: 46, pass primary filters: 16, did not pass the filter by color: 15, added: 1, new vincodes: 0
22-04-2012 14:04:12 --- INFO: Lexus GX 470 - found: 80, pass primary filters: 56, did not pass the filter by color: 44, added: 12, new vincodes: 0
22-04-2012 14:10:32 --- INFO: Lexus GX 470 - found: 160, pass primary filters: 70, did not pass the filter by color: 48, added: 22, new vincodes: 0
22-04-2012 14:13:06 --- INFO: Lexus LX 470 - found: 65, pass primary filters: 48, did not pass the filter by color: 40, added: 8, new vincodes: 0
22-04-2012 14:13:57 --- INFO: Lexus LX 470 - found: 20, pass primary filters: 2, did not pass the filter by color: 2, added: 0, new vincodes: 0
22-04-2012 14:15:30 --- INFO: Toyota Land Cruiser - found: 45, pass primary filters: 31, did not pass the filter by color: 26, added: 5, new vincodes: 0
22-04-2012 14:18:00 --- INFO: Honda CR-V - found: 67, pass primary filters: 3, did not pass the filter by color: 0, added: 3, new vincodes: 0
22-04-2012 14:24:18 --- INFO: Honda CR-V - found: 180, pass primary filters: 0, did not pass the filter by color: 0, added: 0, new vincodes: 0
22-04-2012 14:26:33 --- INFO: Mitsubishi Montero 4WD Limited - found: 61, pass primary filters: 10, did not pass the filter by color: 10, added: 0, new vincodes: 0
22-04-2012 14:31:05 --- INFO: Toyota 4RUNNER 4WD V6 - found: 119, pass primary filters: 27, did not pass the filter by color: 17, added: 10, new vincodes: 0
22-04-2012 14:33:27 --- INFO: Toyota RAV 4 - found: 70, pass primary filters: 30, did not pass the filter by color: 19, added: 11, new vincodes: 0
22-04-2012 14:38:15 --- INFO: Toyota Highlander 4WD - found: 133, pass primary filters: 2, did not pass the filter by color: 1, added: 1, new vincodes: 0
22-04-2012 14:40:57 --- INFO: Toyota Highlander - found: 79, pass primary filters: 14, did not pass the filter by color: 11, added: 3, new vincodes: 0
22-04-2012 14:45:20 --- INFO: Lexus RX 350 - found: 115, pass primary filters: 20, did not pass the filter by color: 16, added: 4, new vincodes: 0
22-04-2012 14:49:39 --- INFO: Toyota 4RUNNER Limited V6 - found: 119, pass primary filters: 1, did not pass the filter by color: 0, added: 1, new vincodes: 0
22-04-2012 14:49:39 --- INFO: finish: 22-04-2012 14:49:39
22-04-2012 14:49:39 --- INFO: elapsed time: ~3577.65 sec., memory usage: ~5.46 Mb.
22-04-2012 16:10:01 --- INFO: start: 22-04-2012 16:10:01
22-04-2012 16:10:01 --- INFO: ----------Source_Adesa (cli)
22-04-2012 16:10:03 --- INFO: Authorized request
22-04-2012 16:10:05 --- INFO: Lexus RX 300 - found: 6, pass primary filters: 2, did not pass the filter by color: 2, added: 0, new vincodes: 0
22-04-2012 16:10:13 --- INFO: Lexus RX 330 - found: 9, pass primary filters: 4, did not pass the filter by color: 3, added: 1, new vincodes: 0
22-04-2012 16:10:13 --- INFO: Lexus RX 400H - found: 3, pass primary filters: 0, did not pass the filter by color: 0, added: 0, new vincodes: 0
22-04-2012 16:10:24 --- INFO: Lexus GX 470 - found: 7, pass primary filters: 5, did not pass the filter by color: 2, added: 3, new vincodes: 0
22-04-2012 16:10:24 --- INFO: Lexus GX 470 - found: 0, pass primary filters: 0, did not pass the filter by color: 0, added: 0, new vincodes: 0
22-04-2012 16:10:24 --- INFO: Lexus LX 470 - found: 0, pass primary filters: 0, did not pass the filter by color: 0, added: 0, new vincodes: 0
22-04-2012 16:10:24 --- INFO: Lexus LX 470 - found: 0, pass primary filters: 0, did not pass the filter by color: 0, added: 0, new vincodes: 0
22-04-2012 16:10:25 --- INFO: Toyota Land Cruiser - found: 1, pass primary filters: 1, did not pass the filter by color: 1, added: 0, new vincodes: 0
22-04-2012 16:10:25 --- INFO: Honda CR-V - found: 6, pass primary filters: 0, did not pass the filter by color: 0, added: 0, new vincodes: 0
22-04-2012 16:10:26 --- INFO: Honda CR-V - found: 1, pass primary filters: 0, did not pass the filter by color: 0, added: 0, new vincodes: 0
22-04-2012 16:10:29 --- INFO: Mitsubishi Montero 4WD Limited - found: 13, pass primary filters: 1, did not pass the filter by color: 1, added: 0, new vincodes: 0
22-04-2012 16:10:36 --- INFO: Toyota 4RUNNER 4WD V6 - found: 7, pass primary filters: 2, did not pass the filter by color: 2, added: 0, new vincodes: 0
22-04-2012 16:10:42 --- INFO: Toyota RAV 4 - found: 7, pass primary filters: 2, did not pass the filter by color: 2, added: 0, new vincodes: 0
22-04-2012 16:10:44 --- INFO: Toyota Highlander 4WD - found: 18, pass primary filters: 1, did not pass the filter by color: 1, added: 0, new vincodes: 0
22-04-2012 16:10:49 --- INFO: Toyota Highlander - found: 13, pass primary filters: 2, did not pass the filter by color: 1, added: 1, new vincodes: 0
22-04-2012 16:10:53 --- INFO: Lexus RX 350 - found: 5, pass primary filters: 3, did not pass the filter by color: 3, added: 0, new vincodes: 0
22-04-2012 16:10:53 --- INFO: Toyota 4RUNNER Limited V6 - found: 7, pass primary filters: 0, did not pass the filter by color: 0, added: 0, new vincodes: 0
22-04-2012 16:10:53 --- INFO: finish: 22-04-2012 16:10:53
22-04-2012 16:10:53 --- INFO: elapsed time: ~52.02 sec., memory usage: ~2.14 Mb.
22-04-2012 16:40:01 --- INFO: start: 22-04-2012 16:40:01
22-04-2012 16:40:01 --- INFO: ----------Source_Gsmotors (cli)
22-04-2012 16:43:36 --- INFO: Lexus RX 300 - found: 65, pass primary filters: 37, did not pass the filter by color: 27, added: 10, new vincodes: 0
22-04-2012 16:53:17 --- INFO: Lexus RX 330 - found: 205, pass primary filters: 92, did not pass the filter by color: 79, added: 13, new vincodes: 0
22-04-2012 16:55:30 --- INFO: Lexus RX 400H - found: 48, pass primary filters: 16, did not pass the filter by color: 15, added: 1, new vincodes: 0
22-04-2012 17:00:04 --- INFO: Lexus GX 470 - found: 87, pass primary filters: 59, did not pass the filter by color: 46, added: 13, new vincodes: 0
22-04-2012 17:08:26 --- INFO: Lexus GX 470 - found: 171, pass primary filters: 72, did not pass the filter by color: 50, added: 22, new vincodes: 0
22-04-2012 17:11:43 --- INFO: Lexus LX 470 - found: 69, pass primary filters: 48, did not pass the filter by color: 40, added: 8, new vincodes: 0
22-04-2012 17:12:29 --- INFO: Lexus LX 470 - found: 21, pass primary filters: 2, did not pass the filter by color: 2, added: 0, new vincodes: 0
22-04-2012 17:14:37 --- INFO: Toyota Land Cruiser - found: 47, pass primary filters: 31, did not pass the filter by color: 26, added: 5, new vincodes: 0
22-04-2012 17:17:50 --- INFO: Honda CR-V - found: 69, pass primary filters: 3, did not pass the filter by color: 0, added: 3, new vincodes: 0
22-04-2012 17:26:27 --- INFO: Honda CR-V - found: 189, pass primary filters: 0, did not pass the filter by color: 0, added: 0, new vincodes: 0
22-04-2012 17:29:29 --- INFO: Mitsubishi Montero 4WD Limited - found: 62, pass primary filters: 10, did not pass the filter by color: 10, added: 0, new vincodes: 0
22-04-2012 17:35:43 --- INFO: Toyota 4RUNNER 4WD V6 - found: 122, pass primary filters: 27, did not pass the filter by color: 18, added: 9, new vincodes: 0
22-04-2012 17:38:43 --- INFO: Toyota RAV 4 - found: 71, pass primary filters: 30, did not pass the filter by color: 19, added: 11, new vincodes: 0
22-04-2012 17:45:16 --- INFO: Toyota Highlander 4WD - found: 135, pass primary filters: 2, did not pass the filter by color: 1, added: 1, new vincodes: 0
22-04-2012 17:47:54 --- INFO: Toyota Highlander - found: 80, pass primary filters: 14, did not pass the filter by color: 11, added: 3, new vincodes: 0
22-04-2012 17:53:38 --- INFO: Lexus RX 350 - found: 117, pass primary filters: 19, did not pass the filter by color: 15, added: 4, new vincodes: 0
22-04-2012 17:58:02 --- INFO: Toyota 4RUNNER Limited V6 - found: 122, pass primary filters: 1, did not pass the filter by color: 0, added: 1, new vincodes: 0
22-04-2012 17:58:02 --- INFO: finish: 22-04-2012 17:58:02
22-04-2012 17:58:02 --- INFO: elapsed time: ~4680.61 sec., memory usage: ~5.56 Mb.
22-04-2012 18:10:01 --- INFO: start: 22-04-2012 18:10:01
22-04-2012 18:10:01 --- INFO: ----------Source_Adesa (cli)
22-04-2012 18:10:02 --- INFO: Authorized request
22-04-2012 18:10:05 --- INFO: Lexus RX 300 - found: 6, pass primary filters: 2, did not pass the filter by color: 2, added: 0, new vincodes: 0
22-04-2012 18:10:13 --- INFO: Lexus RX 330 - found: 9, pass primary filters: 4, did not pass the filter by color: 3, added: 1, new vincodes: 0
22-04-2012 18:10:13 --- INFO: Lexus RX 400H - found: 3, pass primary filters: 0, did not pass the filter by color: 0, added: 0, new vincodes: 0
22-04-2012 18:10:25 --- INFO: Lexus GX 470 - found: 7, pass primary filters: 5, did not pass the filter by color: 2, added: 3, new vincodes: 0
22-04-2012 18:10:25 --- INFO: Lexus GX 470 - found: 0, pass primary filters: 0, did not pass the filter by color: 0, added: 0, new vincodes: 0
22-04-2012 18:10:26 --- INFO: Lexus LX 470 - found: 0, pass primary filters: 0, did not pass the filter by color: 0, added: 0, new vincodes: 0
22-04-2012 18:10:26 --- INFO: Lexus LX 470 - found: 0, pass primary filters: 0, did not pass the filter by color: 0, added: 0, new vincodes: 0
22-04-2012 18:10:27 --- INFO: Toyota Land Cruiser - found: 1, pass primary filters: 1, did not pass the filter by color: 1, added: 0, new vincodes: 0
22-04-2012 18:10:27 --- INFO: Honda CR-V - found: 6, pass primary filters: 0, did not pass the filter by color: 0, added: 0, new vincodes: 0
22-04-2012 18:10:27 --- INFO: Honda CR-V - found: 1, pass primary filters: 0, did not pass the filter by color: 0, added: 0, new vincodes: 0
22-04-2012 18:10:30 --- INFO: Mitsubishi Montero 4WD Limited - found: 13, pass primary filters: 1, did not pass the filter by color: 1, added: 0, new vincodes: 0
22-04-2012 18:10:31 --- INFO: Toyota 4RUNNER 4WD V6 - found: 7, pass primary filters: 2, did not pass the filter by color: 2, added: 0, new vincodes: 0
22-04-2012 18:10:37 --- INFO: Toyota RAV 4 - found: 8, pass primary filters: 3, did not pass the filter by color: 3, added: 0, new vincodes: 0
22-04-2012 18:10:39 --- INFO: Toyota Highlander 4WD - found: 19, pass primary filters: 1, did not pass the filter by color: 1, added: 0, new vincodes: 0
22-04-2012 18:10:44 --- INFO: Toyota Highlander - found: 14, pass primary filters: 2, did not pass the filter by color: 1, added: 1, new vincodes: 0
22-04-2012 18:10:48 --- INFO: Lexus RX 350 - found: 5, pass primary filters: 3, did not pass the filter by color: 3, added: 0, new vincodes: 0
22-04-2012 18:10:48 --- INFO: Toyota 4RUNNER Limited V6 - found: 7, pass primary filters: 0, did not pass the filter by color: 0, added: 0, new vincodes: 0
22-04-2012 18:10:48 --- INFO: finish: 22-04-2012 18:10:48
22-04-2012 18:10:48 --- INFO: elapsed time: ~47.09 sec., memory usage: ~2.14 Mb.
22-04-2012 18:40:01 --- INFO: start: 22-04-2012 18:40:01
22-04-2012 18:40:01 --- INFO: ----------Source_Gsmotors (cli)
22-04-2012 18:42:32 --- INFO: Lexus RX 300 - found: 65, pass primary filters: 37, did not pass the filter by color: 27, added: 10, new vincodes: 0
22-04-2012 18:50:13 --- INFO: Lexus RX 330 - found: 205, pass primary filters: 92, did not pass the filter by color: 80, added: 12, new vincodes: 0
22-04-2012 18:51:54 --- INFO: Lexus RX 400H - found: 48, pass primary filters: 16, did not pass the filter by color: 15, added: 1, new vincodes: 0
22-04-2012 18:54:59 --- INFO: Lexus GX 470 - found: 87, pass primary filters: 59, did not pass the filter by color: 46, added: 13, new vincodes: 0
22-04-2012 19:01:19 --- INFO: Lexus GX 470 - found: 171, pass primary filters: 72, did not pass the filter by color: 50, added: 22, new vincodes: 0
22-04-2012 19:03:55 --- INFO: Lexus LX 470 - found: 69, pass primary filters: 48, did not pass the filter by color: 40, added: 8, new vincodes: 0
22-04-2012 19:04:50 --- INFO: Lexus LX 470 - found: 21, pass primary filters: 2, did not pass the filter by color: 2, added: 0, new vincodes: 0
22-04-2012 19:06:37 --- INFO: Toyota Land Cruiser - found: 47, pass primary filters: 31, did not pass the filter by color: 26, added: 5, new vincodes: 0
22-04-2012 19:09:17 --- INFO: Honda CR-V - found: 69, pass primary filters: 3, did not pass the filter by color: 0, added: 3, new vincodes: 0
22-04-2012 19:16:15 --- INFO: Honda CR-V - found: 189, pass primary filters: 0, did not pass the filter by color: 0, added: 0, new vincodes: 0
22-04-2012 19:18:40 --- INFO: Mitsubishi Montero 4WD Limited - found: 62, pass primary filters: 10, did not pass the filter by color: 10, added: 0, new vincodes: 0
22-04-2012 19:23:43 --- INFO: Toyota 4RUNNER 4WD V6 - found: 122, pass primary filters: 27, did not pass the filter by color: 18, added: 9, new vincodes: 0
22-04-2012 19:26:09 --- INFO: Toyota RAV 4 - found: 71, pass primary filters: 30, did not pass the filter by color: 19, added: 11, new vincodes: 0
22-04-2012 19:31:24 --- INFO: Toyota Highlander 4WD - found: 135, pass primary filters: 2, did not pass the filter by color: 1, added: 1, new vincodes: 0
22-04-2012 19:34:26 --- INFO: Toyota Highlander - found: 80, pass primary filters: 14, did not pass the filter by color: 11, added: 3, new vincodes: 0
22-04-2012 19:39:19 --- INFO: Lexus RX 350 - found: 117, pass primary filters: 19, did not pass the filter by color: 15, added: 4, new vincodes: 0
22-04-2012 19:44:18 --- INFO: Toyota 4RUNNER Limited V6 - found: 122, pass primary filters: 1, did not pass the filter by color: 0, added: 1, new vincodes: 0
22-04-2012 19:44:18 --- INFO: finish: 22-04-2012 19:44:18
22-04-2012 19:44:18 --- INFO: elapsed time: ~3857.59 sec., memory usage: ~5.51 Mb.