
24-06-2012 06:10:01 --- INFO: start: 24-06-2012 06:10:01
24-06-2012 06:10:01 --- INFO: ----------Source_Adesa (cli)
24-06-2012 06:10:02 --- INFO: Authorized request
24-06-2012 06:10:16 --- INFO: Lexus RX 330 - found: 16, pass primary filters: 5, did not pass the filter by colors: 5, did not pass the filter by options: 0, added: 0, new vincodes: 0
24-06-2012 06:10:16 --- INFO: Lexus RX 400H - found: 1, pass primary filters: 0, did not pass the filter by colors: 0, did not pass the filter by options: 0, added: 0, new vincodes: 0
24-06-2012 06:10:24 --- INFO: Lexus GX 470 - found: 4, pass primary filters: 3, did not pass the filter by colors: 3, did not pass the filter by options: 0, added: 0, new vincodes: 0
24-06-2012 06:10:31 --- INFO: Lexus GX 470 - found: 2, pass primary filters: 2, did not pass the filter by colors: 2, did not pass the filter by options: 0, added: 0, new vincodes: 0
24-06-2012 06:10:31 --- INFO: Lexus LX 470 - found: 0, pass primary filters: 0, did not pass the filter by colors: 0, did not pass the filter by options: 0, added: 0, new vincodes: 0
24-06-2012 06:10:31 --- INFO: Lexus LX 470 - found: 0, pass primary filters: 0, did not pass the filter by colors: 0, did not pass the filter by options: 0, added: 0, new vincodes: 0
24-06-2012 06:10:34 --- INFO: Toyota Land Cruiser - found: 2, pass primary filters: 1, did not pass the filter by colors: 1, did not pass the filter by options: 0, added: 0, new vincodes: 0
24-06-2012 06:10:38 --- INFO: Toyota 4RUNNER 4WD V6 - found: 15, pass primary filters: 1, did not pass the filter by colors: 1, did not pass the filter by options: 0, added: 0, new vincodes: 0
24-06-2012 06:10:38 --- INFO: Toyota Highlander 4WD - found: 21, pass primary filters: 0, did not pass the filter by colors: 0, did not pass the filter by options: 0, added: 0, new vincodes: 0
24-06-2012 06:10:39 --- INFO: Toyota Highlander - found: 0, pass primary filters: 0, did not pass the filter by colors: 0, did not pass the filter by options: 0, added: 0, new vincodes: 0
24-06-2012 06:10:42 --- INFO: Lexus RX 350 - found: 5, pass primary filters: 1, did not pass the filter by colors: 1, did not pass the filter by options: 0, added: 0, new vincodes: 0
24-06-2012 06:10:43 --- INFO: Toyota 4RUNNER Limited V6 - found: 23, pass primary filters: 0, did not pass the filter by colors: 0, did not pass the filter by options: 0, added: 0, new vincodes: 0
24-06-2012 06:10:43 --- INFO: finish: 24-06-2012 06:10:43
24-06-2012 06:10:43 --- INFO: elapsed time: ~42.51 sec., memory usage: ~2.11 Mb.
24-06-2012 06:40:01 --- INFO: start: 24-06-2012 06:40:01
24-06-2012 06:40:01 --- INFO: ----------Source_Megaavto (cli)
24-06-2012 06:40:02 --- INFO: Lexus RX 330 - found: 0, pass primary filters: 0, did not pass the filter by colors: 0, did not pass the filter by options: 0, added: 0, new vincodes: 0
24-06-2012 06:40:03 --- INFO: Lexus RX 400H - found: 0, pass primary filters: 0, did not pass the filter by colors: 0, did not pass the filter by options: 0, added: 0, new vincodes: 0
24-06-2012 06:40:03 --- INFO: Lexus GX 470 - found: 0, pass primary filters: 0, did not pass the filter by colors: 0, did not pass the filter by options: 0, added: 0, new vincodes: 0
24-06-2012 06:40:04 --- INFO: Lexus GX 470 - found: 0, pass primary filters: 0, did not pass the filter by colors: 0, did not pass the filter by options: 0, added: 0, new vincodes: 0
24-06-2012 06:40:05 --- INFO: Lexus LX 470 - found: 0, pass primary filters: 0, did not pass the filter by colors: 0, did not pass the filter by options: 0, added: 0, new vincodes: 0
24-06-2012 06:40:05 --- INFO: Lexus LX 470 - found: 0, pass primary filters: 0, did not pass the filter by colors: 0, did not pass the filter by options: 0, added: 0, new vincodes: 0
24-06-2012 06:40:06 --- INFO: Toyota Land Cruiser - found: 0, pass primary filters: 0, did not pass the filter by colors: 0, did not pass the filter by options: 0, added: 0, new vincodes: 0
24-06-2012 06:40:06 --- INFO: Toyota 4RUNNER 4WD V6 - found: 0, pass primary filters: 0, did not pass the filter by colors: 0, did not pass the filter by options: 0, added: 0, new vincodes: 0
24-06-2012 06:40:07 --- INFO: Toyota Highlander 4WD - found: 0, pass primary filters: 0, did not pass the filter by colors: 0, did not pass the filter by options: 0, added: 0, new vincodes: 0
24-06-2012 06:40:07 --- INFO: Toyota Highlander - found: 0, pass primary filters: 0, did not pass the filter by colors: 0, did not pass the filter by options: 0, added: 0, new vincodes: 0
24-06-2012 06:40:08 --- INFO: Lexus RX 350 - found: 0, pass primary filters: 0, did not pass the filter by colors: 0, did not pass the filter by options: 0, added: 0, new vincodes: 0
24-06-2012 06:40:09 --- INFO: Toyota 4RUNNER Limited V6 - found: 0, pass primary filters: 0, did not pass the filter by colors: 0, did not pass the filter by options: 0, added: 0, new vincodes: 0
24-06-2012 06:40:09 --- INFO: finish: 24-06-2012 06:40:09
24-06-2012 06:40:09 --- INFO: elapsed time: ~7.47 sec., memory usage: ~1.72 Mb.
24-06-2012 08:10:01 --- INFO: start: 24-06-2012 08:10:01
24-06-2012 08:10:01 --- INFO: ----------Source_Adesa (cli)
24-06-2012 08:10:02 --- INFO: Authorized request
24-06-2012 08:10:20 --- INFO: Lexus RX 330 - found: 19, pass primary filters: 6, did not pass the filter by colors: 6, did not pass the filter by options: 0, added: 0, new vincodes: 0
24-06-2012 08:10:20 --- INFO: Lexus RX 400H - found: 1, pass primary filters: 0, did not pass the filter by colors: 0, did not pass the filter by options: 0, added: 0, new vincodes: 0
24-06-2012 08:10:28 --- INFO: Lexus GX 470 - found: 4, pass primary filters: 3, did not pass the filter by colors: 3, did not pass the filter by options: 0, added: 0, new vincodes: 0
24-06-2012 08:10:37 --- INFO: Lexus GX 470 - found: 3, pass primary filters: 3, did not pass the filter by colors: 3, did not pass the filter by options: 0, added: 0, new vincodes: 0
24-06-2012 08:10:37 --- INFO: Lexus LX 470 - found: 0, pass primary filters: 0, did not pass the filter by colors: 0, did not pass the filter by options: 0, added: 0, new vincodes: 0
24-06-2012 08:10:37 --- INFO: Lexus LX 470 - found: 0, pass primary filters: 0, did not pass the filter by colors: 0, did not pass the filter by options: 0, added: 0, new vincodes: 0
24-06-2012 08:10:41 --- INFO: Toyota Land Cruiser - found: 2, pass primary filters: 1, did not pass the filter by colors: 1, did not pass the filter by options: 0, added: 0, new vincodes: 0
24-06-2012 08:10:44 --- INFO: Toyota 4RUNNER 4WD V6 - found: 17, pass primary filters: 1, did not pass the filter by colors: 1, did not pass the filter by options: 0, added: 0, new vincodes: 0
24-06-2012 08:10:45 --- INFO: Toyota Highlander 4WD - found: 25, pass primary filters: 0, did not pass the filter by colors: 0, did not pass the filter by options: 0, added: 0, new vincodes: 0
24-06-2012 08:10:45 --- INFO: Toyota Highlander - found: 1, pass primary filters: 0, did not pass the filter by colors: 0, did not pass the filter by options: 0, added: 0, new vincodes: 0
24-06-2012 08:10:49 --- INFO: Lexus RX 350 - found: 5, pass primary filters: 1, did not pass the filter by colors: 1, did not pass the filter by options: 0, added: 0, new vincodes: 0
24-06-2012 08:11:34 --- INFO: Toyota 4RUNNER Limited V6 - found: 27, pass primary filters: 1, did not pass the filter by colors: 1, did not pass the filter by options: , added: 0, new vincodes: 1
24-06-2012 08:11:34 --- INFO: finish: 24-06-2012 08:11:34
24-06-2012 08:11:34 --- INFO: elapsed time: ~92.95 sec., memory usage: ~2.18 Mb.
24-06-2012 08:40:01 --- INFO: start: 24-06-2012 08:40:01
24-06-2012 08:40:01 --- INFO: ----------Source_Megaavto (cli)
24-06-2012 08:40:02 --- INFO: Lexus RX 330 - found: 0, pass primary filters: 0, did not pass the filter by colors: 0, did not pass the filter by options: 0, added: 0, new vincodes: 0
24-06-2012 08:40:03 --- INFO: Lexus RX 400H - found: 0, pass primary filters: 0, did not pass the filter by colors: 0, did not pass the filter by options: 0, added: 0, new vincodes: 0
24-06-2012 08:40:03 --- INFO: Lexus GX 470 - found: 0, pass primary filters: 0, did not pass the filter by colors: 0, did not pass the filter by options: 0, added: 0, new vincodes: 0
24-06-2012 08:40:04 --- INFO: Lexus GX 470 - found: 0, pass primary filters: 0, did not pass the filter by colors: 0, did not pass the filter by options: 0, added: 0, new vincodes: 0
24-06-2012 08:40:05 --- INFO: Lexus LX 470 - found: 0, pass primary filters: 0, did not pass the filter by colors: 0, did not pass the filter by options: 0, added: 0, new vincodes: 0
24-06-2012 08:40:05 --- INFO: Lexus LX 470 - found: 0, pass primary filters: 0, did not pass the filter by colors: 0, did not pass the filter by options: 0, added: 0, new vincodes: 0
24-06-2012 08:40:06 --- INFO: Toyota Land Cruiser - found: 0, pass primary filters: 0, did not pass the filter by colors: 0, did not pass the filter by options: 0, added: 0, new vincodes: 0
24-06-2012 08:40:06 --- INFO: Toyota 4RUNNER 4WD V6 - found: 0, pass primary filters: 0, did not pass the filter by colors: 0, did not pass the filter by options: 0, added: 0, new vincodes: 0
24-06-2012 08:40:07 --- INFO: Toyota Highlander 4WD - found: 0, pass primary filters: 0, did not pass the filter by colors: 0, did not pass the filter by options: 0, added: 0, new vincodes: 0
24-06-2012 08:40:08 --- INFO: Toyota Highlander - found: 0, pass primary filters: 0, did not pass the filter by colors: 0, did not pass the filter by options: 0, added: 0, new vincodes: 0
24-06-2012 08:40:08 --- INFO: Lexus RX 350 - found: 0, pass primary filters: 0, did not pass the filter by colors: 0, did not pass the filter by options: 0, added: 0, new vincodes: 0
24-06-2012 08:40:09 --- INFO: Toyota 4RUNNER Limited V6 - found: 0, pass primary filters: 0, did not pass the filter by colors: 0, did not pass the filter by options: 0, added: 0, new vincodes: 0
24-06-2012 08:40:09 --- INFO: finish: 24-06-2012 08:40:09
24-06-2012 08:40:09 --- INFO: elapsed time: ~7.35 sec., memory usage: ~1.72 Mb.
24-06-2012 09:10:01 --- INFO: start: 24-06-2012 09:10:01
24-06-2012 09:10:01 --- INFO: ----------Source_Adesa (cli)
24-06-2012 09:10:02 --- INFO: Authorized request
24-06-2012 09:10:18 --- INFO: Lexus RX 330 - found: 19, pass primary filters: 6, did not pass the filter by colors: 6, did not pass the filter by options: 0, added: 0, new vincodes: 0
24-06-2012 09:10:18 --- INFO: Lexus RX 400H - found: 1, pass primary filters: 0, did not pass the filter by colors: 0, did not pass the filter by options: 0, added: 0, new vincodes: 0
24-06-2012 09:10:26 --- INFO: Lexus GX 470 - found: 4, pass primary filters: 3, did not pass the filter by colors: 3, did not pass the filter by options: 0, added: 0, new vincodes: 0
24-06-2012 09:10:35 --- INFO: Lexus GX 470 - found: 3, pass primary filters: 3, did not pass the filter by colors: 3, did not pass the filter by options: 0, added: 0, new vincodes: 0
24-06-2012 09:10:35 --- INFO: Lexus LX 470 - found: 0, pass primary filters: 0, did not pass the filter by colors: 0, did not pass the filter by options: 0, added: 0, new vincodes: 0
24-06-2012 09:10:35 --- INFO: Lexus LX 470 - found: 0, pass primary filters: 0, did not pass the filter by colors: 0, did not pass the filter by options: 0, added: 0, new vincodes: 0
24-06-2012 09:10:38 --- INFO: Toyota Land Cruiser - found: 2, pass primary filters: 1, did not pass the filter by colors: 1, did not pass the filter by options: 0, added: 0, new vincodes: 0
24-06-2012 09:10:42 --- INFO: Toyota 4RUNNER 4WD V6 - found: 17, pass primary filters: 1, did not pass the filter by colors: 1, did not pass the filter by options: 0, added: 0, new vincodes: 0
24-06-2012 09:10:43 --- INFO: Toyota Highlander 4WD - found: 25, pass primary filters: 0, did not pass the filter by colors: 0, did not pass the filter by options: 0, added: 0, new vincodes: 0
24-06-2012 09:10:43 --- INFO: Toyota Highlander - found: 1, pass primary filters: 0, did not pass the filter by colors: 0, did not pass the filter by options: 0, added: 0, new vincodes: 0
24-06-2012 09:10:47 --- INFO: Lexus RX 350 - found: 5, pass primary filters: 1, did not pass the filter by colors: 1, did not pass the filter by options: 0, added: 0, new vincodes: 0
24-06-2012 09:10:50 --- INFO: Toyota 4RUNNER Limited V6 - found: 27, pass primary filters: 1, did not pass the filter by colors: 1, did not pass the filter by options: , added: 0, new vincodes: 0
24-06-2012 09:10:50 --- INFO: finish: 24-06-2012 09:10:50
24-06-2012 09:10:50 --- INFO: elapsed time: ~48.75 sec., memory usage: ~2.15 Mb.
24-06-2012 09:40:01 --- INFO: start: 24-06-2012 09:40:01
24-06-2012 09:40:01 --- INFO: ----------Source_Megaavto (cli)
24-06-2012 09:40:02 --- INFO: Lexus RX 330 - found: 0, pass primary filters: 0, did not pass the filter by colors: 0, did not pass the filter by options: 0, added: 0, new vincodes: 0
24-06-2012 09:40:02 --- INFO: Lexus RX 400H - found: 0, pass primary filters: 0, did not pass the filter by colors: 0, did not pass the filter by options: 0, added: 0, new vincodes: 0
24-06-2012 09:40:03 --- INFO: Lexus GX 470 - found: 0, pass primary filters: 0, did not pass the filter by colors: 0, did not pass the filter by options: 0, added: 0, new vincodes: 0
24-06-2012 09:40:03 --- INFO: Lexus GX 470 - found: 0, pass primary filters: 0, did not pass the filter by colors: 0, did not pass the filter by options: 0, added: 0, new vincodes: 0
24-06-2012 09:40:04 --- INFO: Lexus LX 470 - found: 0, pass primary filters: 0, did not pass the filter by colors: 0, did not pass the filter by options: 0, added: 0, new vincodes: 0
24-06-2012 09:40:04 --- INFO: Lexus LX 470 - found: 0, pass primary filters: 0, did not pass the filter by colors: 0, did not pass the filter by options: 0, added: 0, new vincodes: 0
24-06-2012 09:40:05 --- INFO: Toyota Land Cruiser - found: 0, pass primary filters: 0, did not pass the filter by colors: 0, did not pass the filter by options: 0, added: 0, new vincodes: 0
24-06-2012 09:40:06 --- INFO: Toyota 4RUNNER 4WD V6 - found: 0, pass primary filters: 0, did not pass the filter by colors: 0, did not pass the filter by options: 0, added: 0, new vincodes: 0
24-06-2012 09:40:06 --- INFO: Toyota Highlander 4WD - found: 0, pass primary filters: 0, did not pass the filter by colors: 0, did not pass the filter by options: 0, added: 0, new vincodes: 0
24-06-2012 09:40:07 --- INFO: Toyota Highlander - found: 0, pass primary filters: 0, did not pass the filter by colors: 0, did not pass the filter by options: 0, added: 0, new vincodes: 0
24-06-2012 09:40:07 --- INFO: Lexus RX 350 - found: 0, pass primary filters: 0, did not pass the filter by colors: 0, did not pass the filter by options: 0, added: 0, new vincodes: 0
24-06-2012 09:40:08 --- INFO: Toyota 4RUNNER Limited V6 - found: 0, pass primary filters: 0, did not pass the filter by colors: 0, did not pass the filter by options: 0, added: 0, new vincodes: 0
24-06-2012 09:40:08 --- INFO: finish: 24-06-2012 09:40:08
24-06-2012 09:40:08 --- INFO: elapsed time: ~6.98 sec., memory usage: ~1.72 Mb.
24-06-2012 10:00:01 --- INFO: start: 24-06-2012 10:00:01
24-06-2012 10:00:01 --- INFO: ----------Source_Adesa (cli)
24-06-2012 10:00:02 --- INFO: Authorized request
24-06-2012 10:00:16 --- INFO: Lexus RX 330 - found: 19, pass primary filters: 6, did not pass the filter by colors: 6, did not pass the filter by options: 0, added: 0, new vincodes: 0
24-06-2012 10:00:17 --- INFO: Lexus RX 400H - found: 1, pass primary filters: 0, did not pass the filter by colors: 0, did not pass the filter by options: 0, added: 0, new vincodes: 0
24-06-2012 10:00:25 --- INFO: Lexus GX 470 - found: 4, pass primary filters: 3, did not pass the filter by colors: 3, did not pass the filter by options: 0, added: 0, new vincodes: 0
24-06-2012 10:00:34 --- INFO: Lexus GX 470 - found: 3, pass primary filters: 3, did not pass the filter by colors: 3, did not pass the filter by options: 0, added: 0, new vincodes: 0
24-06-2012 10:00:34 --- INFO: Lexus LX 470 - found: 0, pass primary filters: 0, did not pass the filter by colors: 0, did not pass the filter by options: 0, added: 0, new vincodes: 0
24-06-2012 10:00:34 --- INFO: Lexus LX 470 - found: 0, pass primary filters: 0, did not pass the filter by colors: 0, did not pass the filter by options: 0, added: 0, new vincodes: 0
24-06-2012 10:00:38 --- INFO: Toyota Land Cruiser - found: 2, pass primary filters: 1, did not pass the filter by colors: 1, did not pass the filter by options: 0, added: 0, new vincodes: 0
24-06-2012 10:00:41 --- INFO: Toyota 4RUNNER 4WD V6 - found: 17, pass primary filters: 1, did not pass the filter by colors: 1, did not pass the filter by options: 0, added: 0, new vincodes: 0
24-06-2012 10:00:42 --- INFO: Toyota Highlander 4WD - found: 25, pass primary filters: 0, did not pass the filter by colors: 0, did not pass the filter by options: 0, added: 0, new vincodes: 0
24-06-2012 10:00:42 --- INFO: Toyota Highlander - found: 1, pass primary filters: 0, did not pass the filter by colors: 0, did not pass the filter by options: 0, added: 0, new vincodes: 0
24-06-2012 10:00:45 --- INFO: Lexus RX 350 - found: 5, pass primary filters: 1, did not pass the filter by colors: 1, did not pass the filter by options: 0, added: 0, new vincodes: 0
24-06-2012 10:00:49 --- INFO: Toyota 4RUNNER Limited V6 - found: 27, pass primary filters: 1, did not pass the filter by colors: 1, did not pass the filter by options: , added: 0, new vincodes: 0
24-06-2012 10:00:49 --- INFO: finish: 24-06-2012 10:00:49
24-06-2012 10:00:49 --- INFO: elapsed time: ~47.31 sec., memory usage: ~2.15 Mb.
24-06-2012 10:30:01 --- INFO: start: 24-06-2012 10:30:01
24-06-2012 10:30:01 --- INFO: ----------Source_Megaavto (cli)
24-06-2012 10:30:02 --- INFO: Lexus RX 330 - found: 0, pass primary filters: 0, did not pass the filter by colors: 0, did not pass the filter by options: 0, added: 0, new vincodes: 0
24-06-2012 10:30:03 --- INFO: Lexus RX 400H - found: 0, pass primary filters: 0, did not pass the filter by colors: 0, did not pass the filter by options: 0, added: 0, new vincodes: 0
24-06-2012 10:30:04 --- INFO: Lexus GX 470 - found: 0, pass primary filters: 0, did not pass the filter by colors: 0, did not pass the filter by options: 0, added: 0, new vincodes: 0
24-06-2012 10:30:04 --- INFO: Lexus GX 470 - found: 0, pass primary filters: 0, did not pass the filter by colors: 0, did not pass the filter by options: 0, added: 0, new vincodes: 0
24-06-2012 10:30:05 --- INFO: Lexus LX 470 - found: 0, pass primary filters: 0, did not pass the filter by colors: 0, did not pass the filter by options: 0, added: 0, new vincodes: 0
24-06-2012 10:30:05 --- INFO: Lexus LX 470 - found: 0, pass primary filters: 0, did not pass the filter by colors: 0, did not pass the filter by options: 0, added: 0, new vincodes: 0
24-06-2012 10:30:06 --- INFO: Toyota Land Cruiser - found: 0, pass primary filters: 0, did not pass the filter by colors: 0, did not pass the filter by options: 0, added: 0, new vincodes: 0
24-06-2012 10:30:06 --- INFO: Toyota 4RUNNER 4WD V6 - found: 0, pass primary filters: 0, did not pass the filter by colors: 0, did not pass the filter by options: 0, added: 0, new vincodes: 0
24-06-2012 10:30:07 --- INFO: Toyota Highlander 4WD - found: 0, pass primary filters: 0, did not pass the filter by colors: 0, did not pass the filter by options: 0, added: 0, new vincodes: 0
24-06-2012 10:30:08 --- INFO: Toyota Highlander - found: 0, pass primary filters: 0, did not pass the filter by colors: 0, did not pass the filter by options: 0, added: 0, new vincodes: 0
24-06-2012 10:30:09 --- INFO: Lexus RX 350 - found: 0, pass primary filters: 0, did not pass the filter by colors: 0, did not pass the filter by options: 0, added: 0, new vincodes: 0
24-06-2012 10:30:09 --- INFO: Toyota 4RUNNER Limited V6 - found: 0, pass primary filters: 0, did not pass the filter by colors: 0, did not pass the filter by options: 0, added: 0, new vincodes: 0
24-06-2012 10:30:09 --- INFO: finish: 24-06-2012 10:30:09
24-06-2012 10:30:09 --- INFO: elapsed time: ~7.64 sec., memory usage: ~1.72 Mb.
24-06-2012 11:10:01 --- INFO: start: 24-06-2012 11:10:01
24-06-2012 11:10:01 --- INFO: ----------Source_Adesa (cli)
24-06-2012 11:10:02 --- INFO: Authorized request
24-06-2012 11:10:20 --- INFO: Lexus RX 330 - found: 19, pass primary filters: 6, did not pass the filter by colors: 6, did not pass the filter by options: 0, added: 0, new vincodes: 0
24-06-2012 11:10:20 --- INFO: Lexus RX 400H - found: 1, pass primary filters: 0, did not pass the filter by colors: 0, did not pass the filter by options: 0, added: 0, new vincodes: 0
24-06-2012 11:10:28 --- INFO: Lexus GX 470 - found: 4, pass primary filters: 3, did not pass the filter by colors: 3, did not pass the filter by options: 0, added: 0, new vincodes: 0
24-06-2012 11:10:37 --- INFO: Lexus GX 470 - found: 3, pass primary filters: 3, did not pass the filter by colors: 3, did not pass the filter by options: 0, added: 0, new vincodes: 0
24-06-2012 11:10:38 --- INFO: Lexus LX 470 - found: 0, pass primary filters: 0, did not pass the filter by colors: 0, did not pass the filter by options: 0, added: 0, new vincodes: 0
24-06-2012 11:10:38 --- INFO: Lexus LX 470 - found: 0, pass primary filters: 0, did not pass the filter by colors: 0, did not pass the filter by options: 0, added: 0, new vincodes: 0
24-06-2012 11:10:41 --- INFO: Toyota Land Cruiser - found: 2, pass primary filters: 1, did not pass the filter by colors: 1, did not pass the filter by options: 0, added: 0, new vincodes: 0
24-06-2012 11:10:45 --- INFO: Toyota 4RUNNER 4WD V6 - found: 17, pass primary filters: 1, did not pass the filter by colors: 1, did not pass the filter by options: 0, added: 0, new vincodes: 0
24-06-2012 11:10:45 --- INFO: Toyota Highlander 4WD - found: 25, pass primary filters: 0, did not pass the filter by colors: 0, did not pass the filter by options: 0, added: 0, new vincodes: 0
24-06-2012 11:10:46 --- INFO: Toyota Highlander - found: 1, pass primary filters: 0, did not pass the filter by colors: 0, did not pass the filter by options: 0, added: 0, new vincodes: 0
24-06-2012 11:10:49 --- INFO: Lexus RX 350 - found: 5, pass primary filters: 1, did not pass the filter by colors: 1, did not pass the filter by options: 0, added: 0, new vincodes: 0
24-06-2012 11:10:53 --- INFO: Toyota 4RUNNER Limited V6 - found: 27, pass primary filters: 1, did not pass the filter by colors: 1, did not pass the filter by options: , added: 0, new vincodes: 0
24-06-2012 11:10:53 --- INFO: finish: 24-06-2012 11:10:53
24-06-2012 11:10:53 --- INFO: elapsed time: ~51.43 sec., memory usage: ~2.15 Mb.
24-06-2012 11:40:01 --- INFO: start: 24-06-2012 11:40:01
24-06-2012 11:40:01 --- INFO: ----------Source_Megaavto (cli)
24-06-2012 11:40:02 --- INFO: Lexus RX 330 - found: 0, pass primary filters: 0, did not pass the filter by colors: 0, did not pass the filter by options: 0, added: 0, new vincodes: 0
24-06-2012 11:40:02 --- INFO: Lexus RX 400H - found: 0, pass primary filters: 0, did not pass the filter by colors: 0, did not pass the filter by options: 0, added: 0, new vincodes: 0
24-06-2012 11:40:03 --- INFO: Lexus GX 470 - found: 0, pass primary filters: 0, did not pass the filter by colors: 0, did not pass the filter by options: 0, added: 0, new vincodes: 0
24-06-2012 11:40:03 --- INFO: Lexus GX 470 - found: 0, pass primary filters: 0, did not pass the filter by colors: 0, did not pass the filter by options: 0, added: 0, new vincodes: 0
24-06-2012 11:40:04 --- INFO: Lexus LX 470 - found: 0, pass primary filters: 0, did not pass the filter by colors: 0, did not pass the filter by options: 0, added: 0, new vincodes: 0
24-06-2012 11:40:05 --- INFO: Lexus LX 470 - found: 0, pass primary filters: 0, did not pass the filter by colors: 0, did not pass the filter by options: 0, added: 0, new vincodes: 0
24-06-2012 11:40:05 --- INFO: Toyota Land Cruiser - found: 0, pass primary filters: 0, did not pass the filter by colors: 0, did not pass the filter by options: 0, added: 0, new vincodes: 0
24-06-2012 11:40:06 --- INFO: Toyota 4RUNNER 4WD V6 - found: 0, pass primary filters: 0, did not pass the filter by colors: 0, did not pass the filter by options: 0, added: 0, new vincodes: 0
24-06-2012 11:40:06 --- INFO: Toyota Highlander 4WD - found: 0, pass primary filters: 0, did not pass the filter by colors: 0, did not pass the filter by options: 0, added: 0, new vincodes: 0
24-06-2012 11:40:07 --- INFO: Toyota Highlander - found: 0, pass primary filters: 0, did not pass the filter by colors: 0, did not pass the filter by options: 0, added: 0, new vincodes: 0
24-06-2012 11:40:07 --- INFO: Lexus RX 350 - found: 0, pass primary filters: 0, did not pass the filter by colors: 0, did not pass the filter by options: 0, added: 0, new vincodes: 0
24-06-2012 11:40:08 --- INFO: Toyota 4RUNNER Limited V6 - found: 0, pass primary filters: 0, did not pass the filter by colors: 0, did not pass the filter by options: 0, added: 0, new vincodes: 0
24-06-2012 11:40:08 --- INFO: finish: 24-06-2012 11:40:08
24-06-2012 11:40:08 --- INFO: elapsed time: ~7.34 sec., memory usage: ~1.72 Mb.
24-06-2012 12:20:01 --- INFO: start: 24-06-2012 12:20:01
24-06-2012 12:20:01 --- INFO: ----------Source_Adesa (cli)
24-06-2012 12:20:02 --- INFO: Authorized request
24-06-2012 12:20:17 --- INFO: Lexus RX 330 - found: 19, pass primary filters: 6, did not pass the filter by colors: 6, did not pass the filter by options: 0, added: 0, new vincodes: 0
24-06-2012 12:20:18 --- INFO: Lexus RX 400H - found: 1, pass primary filters: 0, did not pass the filter by colors: 0, did not pass the filter by options: 0, added: 0, new vincodes: 0
24-06-2012 12:20:25 --- INFO: Lexus GX 470 - found: 4, pass primary filters: 3, did not pass the filter by colors: 3, did not pass the filter by options: 0, added: 0, new vincodes: 0
24-06-2012 12:20:34 --- INFO: Lexus GX 470 - found: 3, pass primary filters: 3, did not pass the filter by colors: 3, did not pass the filter by options: 0, added: 0, new vincodes: 0
24-06-2012 12:20:35 --- INFO: Lexus LX 470 - found: 0, pass primary filters: 0, did not pass the filter by colors: 0, did not pass the filter by options: 0, added: 0, new vincodes: 0
24-06-2012 12:20:35 --- INFO: Lexus LX 470 - found: 0, pass primary filters: 0, did not pass the filter by colors: 0, did not pass the filter by options: 0, added: 0, new vincodes: 0
24-06-2012 12:20:38 --- INFO: Toyota Land Cruiser - found: 2, pass primary filters: 1, did not pass the filter by colors: 1, did not pass the filter by options: 0, added: 0, new vincodes: 0
24-06-2012 12:20:42 --- INFO: Toyota 4RUNNER 4WD V6 - found: 17, pass primary filters: 1, did not pass the filter by colors: 1, did not pass the filter by options: 0, added: 0, new vincodes: 0
24-06-2012 12:20:43 --- INFO: Toyota Highlander 4WD - found: 25, pass primary filters: 0, did not pass the filter by colors: 0, did not pass the filter by options: 0, added: 0, new vincodes: 0
24-06-2012 12:20:43 --- INFO: Toyota Highlander - found: 1, pass primary filters: 0, did not pass the filter by colors: 0, did not pass the filter by options: 0, added: 0, new vincodes: 0
24-06-2012 12:20:46 --- INFO: Lexus RX 350 - found: 5, pass primary filters: 1, did not pass the filter by colors: 1, did not pass the filter by options: 0, added: 0, new vincodes: 0
24-06-2012 12:20:50 --- INFO: Toyota 4RUNNER Limited V6 - found: 27, pass primary filters: 1, did not pass the filter by colors: 1, did not pass the filter by options: , added: 0, new vincodes: 0
24-06-2012 12:20:50 --- INFO: finish: 24-06-2012 12:20:50
24-06-2012 12:20:50 --- INFO: elapsed time: ~48.91 sec., memory usage: ~2.15 Mb.
24-06-2012 12:50:01 --- INFO: start: 24-06-2012 12:50:01
24-06-2012 12:50:01 --- INFO: ----------Source_Megaavto (cli)
24-06-2012 12:50:02 --- INFO: Lexus RX 330 - found: 0, pass primary filters: 0, did not pass the filter by colors: 0, did not pass the filter by options: 0, added: 0, new vincodes: 0
24-06-2012 12:50:03 --- INFO: Lexus RX 400H - found: 0, pass primary filters: 0, did not pass the filter by colors: 0, did not pass the filter by options: 0, added: 0, new vincodes: 0
24-06-2012 12:50:04 --- INFO: Lexus GX 470 - found: 0, pass primary filters: 0, did not pass the filter by colors: 0, did not pass the filter by options: 0, added: 0, new vincodes: 0
24-06-2012 12:50:04 --- INFO: Lexus GX 470 - found: 0, pass primary filters: 0, did not pass the filter by colors: 0, did not pass the filter by options: 0, added: 0, new vincodes: 0
24-06-2012 12:50:05 --- INFO: Lexus LX 470 - found: 0, pass primary filters: 0, did not pass the filter by colors: 0, did not pass the filter by options: 0, added: 0, new vincodes: 0
24-06-2012 12:50:05 --- INFO: Lexus LX 470 - found: 0, pass primary filters: 0, did not pass the filter by colors: 0, did not pass the filter by options: 0, added: 0, new vincodes: 0
24-06-2012 12:50:06 --- INFO: Toyota Land Cruiser - found: 0, pass primary filters: 0, did not pass the filter by colors: 0, did not pass the filter by options: 0, added: 0, new vincodes: 0
24-06-2012 12:50:06 --- INFO: Toyota 4RUNNER 4WD V6 - found: 0, pass primary filters: 0, did not pass the filter by colors: 0, did not pass the filter by options: 0, added: 0, new vincodes: 0
24-06-2012 12:50:08 --- INFO: Toyota Highlander 4WD - found: 0, pass primary filters: 0, did not pass the filter by colors: 0, did not pass the filter by options: 0, added: 0, new vincodes: 0
24-06-2012 12:50:08 --- INFO: Toyota Highlander - found: 0, pass primary filters: 0, did not pass the filter by colors: 0, did not pass the filter by options: 0, added: 0, new vincodes: 0
24-06-2012 12:50:09 --- INFO: Lexus RX 350 - found: 0, pass primary filters: 0, did not pass the filter by colors: 0, did not pass the filter by options: 0, added: 0, new vincodes: 0
24-06-2012 12:50:09 --- INFO: Toyota 4RUNNER Limited V6 - found: 0, pass primary filters: 0, did not pass the filter by colors: 0, did not pass the filter by options: 0, added: 0, new vincodes: 0
24-06-2012 12:50:09 --- INFO: finish: 24-06-2012 12:50:09
24-06-2012 12:50:09 --- INFO: elapsed time: ~7.95 sec., memory usage: ~1.72 Mb.
24-06-2012 13:20:01 --- INFO: start: 24-06-2012 13:20:01
24-06-2012 13:20:01 --- INFO: ----------Source_Adesa (cli)
24-06-2012 13:20:02 --- INFO: Authorized request
24-06-2012 13:20:16 --- INFO: Lexus RX 330 - found: 19, pass primary filters: 6, did not pass the filter by colors: 6, did not pass the filter by options: 0, added: 0, new vincodes: 0
24-06-2012 13:20:16 --- INFO: Lexus RX 400H - found: 1, pass primary filters: 0, did not pass the filter by colors: 0, did not pass the filter by options: 0, added: 0, new vincodes: 0
24-06-2012 13:20:24 --- INFO: Lexus GX 470 - found: 4, pass primary filters: 3, did not pass the filter by colors: 3, did not pass the filter by options: 0, added: 0, new vincodes: 0
24-06-2012 13:20:33 --- INFO: Lexus GX 470 - found: 3, pass primary filters: 3, did not pass the filter by colors: 3, did not pass the filter by options: 0, added: 0, new vincodes: 0
24-06-2012 13:20:33 --- INFO: Lexus LX 470 - found: 0, pass primary filters: 0, did not pass the filter by colors: 0, did not pass the filter by options: 0, added: 0, new vincodes: 0
24-06-2012 13:20:33 --- INFO: Lexus LX 470 - found: 0, pass primary filters: 0, did not pass the filter by colors: 0, did not pass the filter by options: 0, added: 0, new vincodes: 0
24-06-2012 13:20:36 --- INFO: Toyota Land Cruiser - found: 2, pass primary filters: 1, did not pass the filter by colors: 1, did not pass the filter by options: 0, added: 0, new vincodes: 0
24-06-2012 13:20:40 --- INFO: Toyota 4RUNNER 4WD V6 - found: 17, pass primary filters: 1, did not pass the filter by colors: 1, did not pass the filter by options: 0, added: 0, new vincodes: 0
24-06-2012 13:20:41 --- INFO: Toyota Highlander 4WD - found: 25, pass primary filters: 0, did not pass the filter by colors: 0, did not pass the filter by options: 0, added: 0, new vincodes: 0
24-06-2012 13:20:41 --- INFO: Toyota Highlander - found: 1, pass primary filters: 0, did not pass the filter by colors: 0, did not pass the filter by options: 0, added: 0, new vincodes: 0
24-06-2012 13:20:44 --- INFO: Lexus RX 350 - found: 5, pass primary filters: 1, did not pass the filter by colors: 1, did not pass the filter by options: 0, added: 0, new vincodes: 0
24-06-2012 13:20:48 --- INFO: Toyota 4RUNNER Limited V6 - found: 27, pass primary filters: 1, did not pass the filter by colors: 1, did not pass the filter by options: , added: 0, new vincodes: 0
24-06-2012 13:20:48 --- INFO: finish: 24-06-2012 13:20:48
24-06-2012 13:20:48 --- INFO: elapsed time: ~47.13 sec., memory usage: ~2.15 Mb.
24-06-2012 13:50:01 --- INFO: start: 24-06-2012 13:50:01
24-06-2012 13:50:01 --- INFO: ----------Source_Megaavto (cli)
24-06-2012 13:50:02 --- INFO: Lexus RX 330 - found: 0, pass primary filters: 0, did not pass the filter by colors: 0, did not pass the filter by options: 0, added: 0, new vincodes: 0
24-06-2012 13:50:02 --- INFO: Lexus RX 400H - found: 0, pass primary filters: 0, did not pass the filter by colors: 0, did not pass the filter by options: 0, added: 0, new vincodes: 0
24-06-2012 13:50:03 --- INFO: Lexus GX 470 - found: 0, pass primary filters: 0, did not pass the filter by colors: 0, did not pass the filter by options: 0, added: 0, new vincodes: 0
24-06-2012 13:50:03 --- INFO: Lexus GX 470 - found: 0, pass primary filters: 0, did not pass the filter by colors: 0, did not pass the filter by options: 0, added: 0, new vincodes: 0
24-06-2012 13:50:04 --- INFO: Lexus LX 470 - found: 0, pass primary filters: 0, did not pass the filter by colors: 0, did not pass the filter by options: 0, added: 0, new vincodes: 0
24-06-2012 13:50:04 --- INFO: Lexus LX 470 - found: 0, pass primary filters: 0, did not pass the filter by colors: 0, did not pass the filter by options: 0, added: 0, new vincodes: 0
24-06-2012 13:50:05 --- INFO: Toyota Land Cruiser - found: 0, pass primary filters: 0, did not pass the filter by colors: 0, did not pass the filter by options: 0, added: 0, new vincodes: 0
24-06-2012 13:50:05 --- INFO: Toyota 4RUNNER 4WD V6 - found: 0, pass primary filters: 0, did not pass the filter by colors: 0, did not pass the filter by options: 0, added: 0, new vincodes: 0
24-06-2012 13:50:06 --- INFO: Toyota Highlander 4WD - found: 0, pass primary filters: 0, did not pass the filter by colors: 0, did not pass the filter by options: 0, added: 0, new vincodes: 0
24-06-2012 13:50:07 --- INFO: Toyota Highlander - found: 0, pass primary filters: 0, did not pass the filter by colors: 0, did not pass the filter by options: 0, added: 0, new vincodes: 0
24-06-2012 13:50:07 --- INFO: Lexus RX 350 - found: 0, pass primary filters: 0, did not pass the filter by colors: 0, did not pass the filter by options: 0, added: 0, new vincodes: 0
24-06-2012 13:50:08 --- INFO: Toyota 4RUNNER Limited V6 - found: 0, pass primary filters: 0, did not pass the filter by colors: 0, did not pass the filter by options: 0, added: 0, new vincodes: 0
24-06-2012 13:50:08 --- INFO: finish: 24-06-2012 13:50:08
24-06-2012 13:50:08 --- INFO: elapsed time: ~6.98 sec., memory usage: ~1.72 Mb.
24-06-2012 16:10:01 --- INFO: start: 24-06-2012 16:10:01
24-06-2012 16:10:01 --- INFO: ----------Source_Adesa (cli)
24-06-2012 16:10:03 --- INFO: Authorized request
24-06-2012 16:10:18 --- INFO: Lexus RX 330 - found: 19, pass primary filters: 6, did not pass the filter by colors: 6, did not pass the filter by options: 0, added: 0, new vincodes: 0
24-06-2012 16:10:18 --- INFO: Lexus RX 400H - found: 1, pass primary filters: 0, did not pass the filter by colors: 0, did not pass the filter by options: 0, added: 0, new vincodes: 0
24-06-2012 16:10:26 --- INFO: Lexus GX 470 - found: 4, pass primary filters: 3, did not pass the filter by colors: 3, did not pass the filter by options: 0, added: 0, new vincodes: 0
24-06-2012 16:10:35 --- INFO: Lexus GX 470 - found: 3, pass primary filters: 3, did not pass the filter by colors: 3, did not pass the filter by options: 0, added: 0, new vincodes: 0
24-06-2012 16:10:35 --- INFO: Lexus LX 470 - found: 0, pass primary filters: 0, did not pass the filter by colors: 0, did not pass the filter by options: 0, added: 0, new vincodes: 0
24-06-2012 16:10:35 --- INFO: Lexus LX 470 - found: 0, pass primary filters: 0, did not pass the filter by colors: 0, did not pass the filter by options: 0, added: 0, new vincodes: 0
24-06-2012 16:10:39 --- INFO: Toyota Land Cruiser - found: 2, pass primary filters: 1, did not pass the filter by colors: 1, did not pass the filter by options: 0, added: 0, new vincodes: 0
24-06-2012 16:10:42 --- INFO: Toyota 4RUNNER 4WD V6 - found: 17, pass primary filters: 1, did not pass the filter by colors: 1, did not pass the filter by options: 0, added: 0, new vincodes: 0
24-06-2012 16:10:43 --- INFO: Toyota Highlander 4WD - found: 26, pass primary filters: 0, did not pass the filter by colors: 0, did not pass the filter by options: 0, added: 0, new vincodes: 0
24-06-2012 16:10:43 --- INFO: Toyota Highlander - found: 1, pass primary filters: 0, did not pass the filter by colors: 0, did not pass the filter by options: 0, added: 0, new vincodes: 0
24-06-2012 16:10:47 --- INFO: Lexus RX 350 - found: 5, pass primary filters: 1, did not pass the filter by colors: 1, did not pass the filter by options: 0, added: 0, new vincodes: 0
24-06-2012 16:10:50 --- INFO: Toyota 4RUNNER Limited V6 - found: 27, pass primary filters: 1, did not pass the filter by colors: 1, did not pass the filter by options: , added: 0, new vincodes: 0
24-06-2012 16:10:50 --- INFO: finish: 24-06-2012 16:10:50
24-06-2012 16:10:50 --- INFO: elapsed time: ~48.43 sec., memory usage: ~2.15 Mb.
24-06-2012 16:40:01 --- INFO: start: 24-06-2012 16:40:01
24-06-2012 16:40:01 --- INFO: ----------Source_Megaavto (cli)
24-06-2012 16:40:03 --- INFO: Lexus RX 330 - found: 0, pass primary filters: 0, did not pass the filter by colors: 0, did not pass the filter by options: 0, added: 0, new vincodes: 0
24-06-2012 16:40:03 --- INFO: Lexus RX 400H - found: 0, pass primary filters: 0, did not pass the filter by colors: 0, did not pass the filter by options: 0, added: 0, new vincodes: 0
24-06-2012 16:40:04 --- INFO: Lexus GX 470 - found: 0, pass primary filters: 0, did not pass the filter by colors: 0, did not pass the filter by options: 0, added: 0, new vincodes: 0
24-06-2012 16:40:04 --- INFO: Lexus GX 470 - found: 0, pass primary filters: 0, did not pass the filter by colors: 0, did not pass the filter by options: 0, added: 0, new vincodes: 0
24-06-2012 16:40:05 --- INFO: Lexus LX 470 - found: 0, pass primary filters: 0, did not pass the filter by colors: 0, did not pass the filter by options: 0, added: 0, new vincodes: 0
24-06-2012 16:40:05 --- INFO: Lexus LX 470 - found: 0, pass primary filters: 0, did not pass the filter by colors: 0, did not pass the filter by options: 0, added: 0, new vincodes: 0
24-06-2012 16:40:06 --- INFO: Toyota Land Cruiser - found: 0, pass primary filters: 0, did not pass the filter by colors: 0, did not pass the filter by options: 0, added: 0, new vincodes: 0
24-06-2012 16:40:07 --- INFO: Toyota 4RUNNER 4WD V6 - found: 0, pass primary filters: 0, did not pass the filter by colors: 0, did not pass the filter by options: 0, added: 0, new vincodes: 0
24-06-2012 16:40:07 --- INFO: Toyota Highlander 4WD - found: 0, pass primary filters: 0, did not pass the filter by colors: 0, did not pass the filter by options: 0, added: 0, new vincodes: 0
24-06-2012 16:40:08 --- INFO: Toyota Highlander - found: 0, pass primary filters: 0, did not pass the filter by colors: 0, did not pass the filter by options: 0, added: 0, new vincodes: 0
24-06-2012 16:40:08 --- INFO: Lexus RX 350 - found: 0, pass primary filters: 0, did not pass the filter by colors: 0, did not pass the filter by options: 0, added: 0, new vincodes: 0
24-06-2012 16:40:09 --- INFO: Toyota 4RUNNER Limited V6 - found: 0, pass primary filters: 0, did not pass the filter by colors: 0, did not pass the filter by options: 0, added: 0, new vincodes: 0
24-06-2012 16:40:09 --- INFO: finish: 24-06-2012 16:40:09
24-06-2012 16:40:09 --- INFO: elapsed time: ~7.39 sec., memory usage: ~1.72 Mb.
24-06-2012 18:10:01 --- INFO: start: 24-06-2012 18:10:01
24-06-2012 18:10:01 --- INFO: ----------Source_Adesa (cli)
24-06-2012 18:10:02 --- INFO: Authorized request
24-06-2012 18:10:17 --- INFO: Lexus RX 330 - found: 19, pass primary filters: 6, did not pass the filter by colors: 6, did not pass the filter by options: 0, added: 0, new vincodes: 0
24-06-2012 18:10:18 --- INFO: Lexus RX 400H - found: 1, pass primary filters: 0, did not pass the filter by colors: 0, did not pass the filter by options: 0, added: 0, new vincodes: 0
24-06-2012 18:10:25 --- INFO: Lexus GX 470 - found: 4, pass primary filters: 3, did not pass the filter by colors: 3, did not pass the filter by options: 0, added: 0, new vincodes: 0
24-06-2012 18:10:34 --- INFO: Lexus GX 470 - found: 3, pass primary filters: 3, did not pass the filter by colors: 3, did not pass the filter by options: 0, added: 0, new vincodes: 0
24-06-2012 18:10:34 --- INFO: Lexus LX 470 - found: 0, pass primary filters: 0, did not pass the filter by colors: 0, did not pass the filter by options: 0, added: 0, new vincodes: 0
24-06-2012 18:10:34 --- INFO: Lexus LX 470 - found: 0, pass primary filters: 0, did not pass the filter by colors: 0, did not pass the filter by options: 0, added: 0, new vincodes: 0
24-06-2012 18:10:38 --- INFO: Toyota Land Cruiser - found: 2, pass primary filters: 1, did not pass the filter by colors: 1, did not pass the filter by options: 0, added: 0, new vincodes: 0
24-06-2012 18:10:41 --- INFO: Toyota 4RUNNER 4WD V6 - found: 17, pass primary filters: 1, did not pass the filter by colors: 1, did not pass the filter by options: 0, added: 0, new vincodes: 0
24-06-2012 18:10:42 --- INFO: Toyota Highlander 4WD - found: 26, pass primary filters: 0, did not pass the filter by colors: 0, did not pass the filter by options: 0, added: 0, new vincodes: 0
24-06-2012 18:10:42 --- INFO: Toyota Highlander - found: 1, pass primary filters: 0, did not pass the filter by colors: 0, did not pass the filter by options: 0, added: 0, new vincodes: 0
24-06-2012 18:10:45 --- INFO: Lexus RX 350 - found: 5, pass primary filters: 1, did not pass the filter by colors: 1, did not pass the filter by options: 0, added: 0, new vincodes: 0
24-06-2012 18:10:49 --- INFO: Toyota 4RUNNER Limited V6 - found: 27, pass primary filters: 1, did not pass the filter by colors: 1, did not pass the filter by options: , added: 0, new vincodes: 0
24-06-2012 18:10:49 --- INFO: finish: 24-06-2012 18:10:49
24-06-2012 18:10:49 --- INFO: elapsed time: ~48.19 sec., memory usage: ~2.15 Mb.
24-06-2012 18:40:01 --- INFO: start: 24-06-2012 18:40:01
24-06-2012 18:40:01 --- INFO: ----------Source_Megaavto (cli)
24-06-2012 18:40:02 --- INFO: Lexus RX 330 - found: 0, pass primary filters: 0, did not pass the filter by colors: 0, did not pass the filter by options: 0, added: 0, new vincodes: 0
24-06-2012 18:40:02 --- INFO: Lexus RX 400H - found: 0, pass primary filters: 0, did not pass the filter by colors: 0, did not pass the filter by options: 0, added: 0, new vincodes: 0
24-06-2012 18:40:03 --- INFO: Lexus GX 470 - found: 0, pass primary filters: 0, did not pass the filter by colors: 0, did not pass the filter by options: 0, added: 0, new vincodes: 0
24-06-2012 18:40:03 --- INFO: Lexus GX 470 - found: 0, pass primary filters: 0, did not pass the filter by colors: 0, did not pass the filter by options: 0, added: 0, new vincodes: 0
24-06-2012 18:40:04 --- INFO: Lexus LX 470 - found: 0, pass primary filters: 0, did not pass the filter by colors: 0, did not pass the filter by options: 0, added: 0, new vincodes: 0
24-06-2012 18:40:05 --- INFO: Lexus LX 470 - found: 0, pass primary filters: 0, did not pass the filter by colors: 0, did not pass the filter by options: 0, added: 0, new vincodes: 0
24-06-2012 18:40:05 --- INFO: Toyota Land Cruiser - found: 0, pass primary filters: 0, did not pass the filter by colors: 0, did not pass the filter by options: 0, added: 0, new vincodes: 0
24-06-2012 18:40:06 --- INFO: Toyota 4RUNNER 4WD V6 - found: 0, pass primary filters: 0, did not pass the filter by colors: 0, did not pass the filter by options: 0, added: 0, new vincodes: 0
24-06-2012 18:40:06 --- INFO: Toyota Highlander 4WD - found: 0, pass primary filters: 0, did not pass the filter by colors: 0, did not pass the filter by options: 0, added: 0, new vincodes: 0
24-06-2012 18:40:07 --- INFO: Toyota Highlander - found: 0, pass primary filters: 0, did not pass the filter by colors: 0, did not pass the filter by options: 0, added: 0, new vincodes: 0
24-06-2012 18:40:08 --- INFO: Lexus RX 350 - found: 0, pass primary filters: 0, did not pass the filter by colors: 0, did not pass the filter by options: 0, added: 0, new vincodes: 0
24-06-2012 18:40:08 --- INFO: Toyota 4RUNNER Limited V6 - found: 0, pass primary filters: 0, did not pass the filter by colors: 0, did not pass the filter by options: 0, added: 0, new vincodes: 0
24-06-2012 18:40:08 --- INFO: finish: 24-06-2012 18:40:08
24-06-2012 18:40:08 --- INFO: elapsed time: ~7.43 sec., memory usage: ~1.72 Mb.