
24-03-2012 06:10:01 --- INFO: start: 24-03-2012 06:10:01
24-03-2012 06:10:01 --- INFO: ----------Source_Adesa (cli)
24-03-2012 06:10:03 --- INFO: Authorized request
24-03-2012 06:10:07 --- INFO: Lexus RX 300 - found: 5, pass primary filters: 3, did not pass the filter by color: 2, added: 1, new vincodes: 0
24-03-2012 06:10:21 --- INFO: Lexus RX 330 - found: 9, pass primary filters: 5, did not pass the filter by color: 5, added: 0, new vincodes: 0
24-03-2012 06:10:21 --- INFO: Lexus RX 400H - found: 0, pass primary filters: 0, did not pass the filter by color: 0, added: 0, new vincodes: 0
24-03-2012 06:10:23 --- INFO: Lexus GX 470 - found: 1, pass primary filters: 1, did not pass the filter by color: 0, added: 1, new vincodes: 0
24-03-2012 06:10:23 --- INFO: Lexus GX 470 - found: 2, pass primary filters: 0, did not pass the filter by color: 0, added: 0, new vincodes: 0
24-03-2012 06:10:23 --- INFO: Lexus LX 470 - found: 1, pass primary filters: 0, did not pass the filter by color: 0, added: 0, new vincodes: 0
24-03-2012 06:10:23 --- INFO: Lexus LX 470 - found: 0, pass primary filters: 0, did not pass the filter by color: 0, added: 0, new vincodes: 0
24-03-2012 06:10:24 --- INFO: Toyota Land Cruiser - found: 0, pass primary filters: 0, did not pass the filter by color: 0, added: 0, new vincodes: 0
24-03-2012 06:10:24 --- INFO: Honda CR-V - found: 1, pass primary filters: 0, did not pass the filter by color: 0, added: 0, new vincodes: 0
24-03-2012 06:10:24 --- INFO: Honda CR-V - found: 1, pass primary filters: 0, did not pass the filter by color: 0, added: 0, new vincodes: 0
24-03-2012 06:11:07 --- INFO: Mitsubishi Montero 4WD Limited - found: 12, pass primary filters: 1, did not pass the filter by color: 1, added: 0, new vincodes: 0
24-03-2012 06:11:11 --- INFO: Toyota 4RUNNER 4WD V6 - found: 10, pass primary filters: 2, did not pass the filter by color: 2, added: 0, new vincodes: 0
24-03-2012 06:11:14 --- INFO: Toyota RAV 4 - found: 4, pass primary filters: 1, did not pass the filter by color: 1, added: 0, new vincodes: 0
24-03-2012 06:11:15 --- INFO: Toyota Highlander 4WD - found: 7, pass primary filters: 0, did not pass the filter by color: 0, added: 0, new vincodes: 0
24-03-2012 06:11:15 --- INFO: Toyota Highlander - found: 6, pass primary filters: 0, did not pass the filter by color: 0, added: 0, new vincodes: 0
24-03-2012 06:11:15 --- INFO: Lexus RX 350 - found: 2, pass primary filters: 0, did not pass the filter by color: 0, added: 0, new vincodes: 0
24-03-2012 06:11:15 --- INFO: Toyota 4RUNNER Limited V6 - found: 10, pass primary filters: 0, did not pass the filter by color: 0, added: 0, new vincodes: 0
24-03-2012 06:11:15 --- INFO: finish: 24-03-2012 06:11:15
24-03-2012 06:11:15 --- INFO: elapsed time: ~74.1 sec., memory usage: ~2.02 Mb.
24-03-2012 08:10:01 --- INFO: start: 24-03-2012 08:10:01
24-03-2012 08:10:01 --- INFO: ----------Source_Adesa (cli)
24-03-2012 08:10:03 --- INFO: Authorized request
24-03-2012 08:10:06 --- INFO: Lexus RX 300 - found: 5, pass primary filters: 3, did not pass the filter by color: 2, added: 1, new vincodes: 0
24-03-2012 08:10:21 --- INFO: Lexus RX 330 - found: 9, pass primary filters: 5, did not pass the filter by color: 5, added: 0, new vincodes: 0
24-03-2012 08:10:21 --- INFO: Lexus RX 400H - found: 0, pass primary filters: 0, did not pass the filter by color: 0, added: 0, new vincodes: 0
24-03-2012 08:10:22 --- INFO: Lexus GX 470 - found: 1, pass primary filters: 1, did not pass the filter by color: 0, added: 1, new vincodes: 0
24-03-2012 08:10:23 --- INFO: Lexus GX 470 - found: 3, pass primary filters: 1, did not pass the filter by color: 1, added: 0, new vincodes: 0
24-03-2012 08:10:24 --- INFO: Lexus LX 470 - found: 1, pass primary filters: 0, did not pass the filter by color: 0, added: 0, new vincodes: 0
24-03-2012 08:10:24 --- INFO: Lexus LX 470 - found: 0, pass primary filters: 0, did not pass the filter by color: 0, added: 0, new vincodes: 0
24-03-2012 08:10:24 --- INFO: Toyota Land Cruiser - found: 0, pass primary filters: 0, did not pass the filter by color: 0, added: 0, new vincodes: 0
24-03-2012 08:10:24 --- INFO: Honda CR-V - found: 1, pass primary filters: 0, did not pass the filter by color: 0, added: 0, new vincodes: 0
24-03-2012 08:10:25 --- INFO: Honda CR-V - found: 1, pass primary filters: 0, did not pass the filter by color: 0, added: 0, new vincodes: 0
24-03-2012 08:10:27 --- INFO: Mitsubishi Montero 4WD Limited - found: 12, pass primary filters: 1, did not pass the filter by color: 1, added: 0, new vincodes: 0
24-03-2012 08:10:30 --- INFO: Toyota 4RUNNER 4WD V6 - found: 10, pass primary filters: 2, did not pass the filter by color: 2, added: 0, new vincodes: 0
24-03-2012 08:10:34 --- INFO: Toyota RAV 4 - found: 4, pass primary filters: 1, did not pass the filter by color: 1, added: 0, new vincodes: 0
24-03-2012 08:10:34 --- INFO: Toyota Highlander 4WD - found: 7, pass primary filters: 0, did not pass the filter by color: 0, added: 0, new vincodes: 0
24-03-2012 08:10:35 --- INFO: Toyota Highlander - found: 6, pass primary filters: 0, did not pass the filter by color: 0, added: 0, new vincodes: 0
24-03-2012 08:10:35 --- INFO: Lexus RX 350 - found: 2, pass primary filters: 0, did not pass the filter by color: 0, added: 0, new vincodes: 0
24-03-2012 08:10:35 --- INFO: Toyota 4RUNNER Limited V6 - found: 10, pass primary filters: 0, did not pass the filter by color: 0, added: 0, new vincodes: 0
24-03-2012 08:10:35 --- INFO: finish: 24-03-2012 08:10:35
24-03-2012 08:10:35 --- INFO: elapsed time: ~34.66 sec., memory usage: ~2.04 Mb.
24-03-2012 06:40:01 --- INFO: start: 24-03-2012 06:40:01
24-03-2012 06:40:01 --- INFO: ----------Source_Gsmotors (cli)
24-03-2012 06:46:04 --- INFO: Lexus RX 300 - found: 123, pass primary filters: 71, did not pass the filter by color: 61, added: 10, new vincodes: 0
24-03-2012 06:59:32 --- INFO: Lexus RX 330 - found: 259, pass primary filters: 105, did not pass the filter by color: 90, added: 15, new vincodes: 2
24-03-2012 07:02:02 --- INFO: Lexus RX 400H - found: 53, pass primary filters: 11, did not pass the filter by color: 11, added: 0, new vincodes: 1
24-03-2012 07:08:18 --- INFO: Lexus GX 470 - found: 124, pass primary filters: 89, did not pass the filter by color: 67, added: 22, new vincodes: 3
24-03-2012 07:18:40 --- INFO: Lexus GX 470 - found: 212, pass primary filters: 96, did not pass the filter by color: 75, added: 21, new vincodes: 0
24-03-2012 07:22:14 --- INFO: Lexus LX 470 - found: 79, pass primary filters: 47, did not pass the filter by color: 38, added: 9, new vincodes: 0
24-03-2012 07:23:11 --- INFO: Lexus LX 470 - found: 30, pass primary filters: 2, did not pass the filter by color: 2, added: 0, new vincodes: 0
24-03-2012 07:24:46 --- INFO: Toyota Land Cruiser - found: 41, pass primary filters: 28, did not pass the filter by color: 23, added: 5, new vincodes: 0
24-03-2012 07:29:09 --- INFO: Honda CR-V - found: 101, pass primary filters: 5, did not pass the filter by color: 0, added: 5, new vincodes: 0
24-03-2012 07:40:09 --- INFO: Honda CR-V - found: 226, pass primary filters: 5, did not pass the filter by color: 0, added: 5, new vincodes: 0
24-03-2012 07:44:03 --- INFO: Mitsubishi Montero 4WD Limited - found: 83, pass primary filters: 17, did not pass the filter by color: 17, added: 0, new vincodes: 0
24-03-2012 07:52:01 --- INFO: Toyota 4RUNNER 4WD V6 - found: 171, pass primary filters: 27, did not pass the filter by color: 18, added: 9, new vincodes: 0
24-03-2012 07:57:42 --- INFO: Toyota RAV 4 - found: 127, pass primary filters: 48, did not pass the filter by color: 38, added: 10, new vincodes: 1
24-03-2012 08:06:28 --- INFO: Toyota Highlander 4WD - found: 200, pass primary filters: 3, did not pass the filter by color: 3, added: 0, new vincodes: 0
24-03-2012 08:10:41 --- INFO: Toyota Highlander - found: 129, pass primary filters: 16, did not pass the filter by color: 12, added: 4, new vincodes: 0
24-03-2012 08:18:31 --- INFO: Lexus RX 350 - found: 152, pass primary filters: 20, did not pass the filter by color: 18, added: 2, new vincodes: 0
24-03-2012 08:23:50 --- INFO: Toyota 4RUNNER Limited V6 - found: 171, pass primary filters: 5, did not pass the filter by color: 5, added: 0, new vincodes: 0
24-03-2012 08:23:50 --- INFO: finish: 24-03-2012 08:23:50
24-03-2012 08:23:50 --- INFO: elapsed time: ~6228.78 sec., memory usage: ~6.64 Mb.
24-03-2012 09:10:01 --- INFO: start: 24-03-2012 09:10:01
24-03-2012 09:10:01 --- INFO: ----------Source_Adesa (cli)
24-03-2012 09:10:01 --- INFO: Authorized request
24-03-2012 09:10:05 --- INFO: Lexus RX 300 - found: 5, pass primary filters: 3, did not pass the filter by color: 2, added: 1, new vincodes: 0
24-03-2012 09:10:19 --- INFO: Lexus RX 330 - found: 9, pass primary filters: 5, did not pass the filter by color: 5, added: 0, new vincodes: 0
24-03-2012 09:10:19 --- INFO: Lexus RX 400H - found: 0, pass primary filters: 0, did not pass the filter by color: 0, added: 0, new vincodes: 0
24-03-2012 09:10:21 --- INFO: Lexus GX 470 - found: 1, pass primary filters: 1, did not pass the filter by color: 0, added: 1, new vincodes: 0
24-03-2012 09:10:22 --- INFO: Lexus GX 470 - found: 3, pass primary filters: 1, did not pass the filter by color: 1, added: 0, new vincodes: 0
24-03-2012 09:10:22 --- INFO: Lexus LX 470 - found: 1, pass primary filters: 0, did not pass the filter by color: 0, added: 0, new vincodes: 0
24-03-2012 09:10:22 --- INFO: Lexus LX 470 - found: 0, pass primary filters: 0, did not pass the filter by color: 0, added: 0, new vincodes: 0
24-03-2012 09:10:23 --- INFO: Toyota Land Cruiser - found: 0, pass primary filters: 0, did not pass the filter by color: 0, added: 0, new vincodes: 0
24-03-2012 09:10:23 --- INFO: Honda CR-V - found: 1, pass primary filters: 0, did not pass the filter by color: 0, added: 0, new vincodes: 0
24-03-2012 09:10:23 --- INFO: Honda CR-V - found: 1, pass primary filters: 0, did not pass the filter by color: 0, added: 0, new vincodes: 0
24-03-2012 09:10:25 --- INFO: Mitsubishi Montero 4WD Limited - found: 12, pass primary filters: 1, did not pass the filter by color: 1, added: 0, new vincodes: 0
24-03-2012 09:11:01 --- INFO: Toyota 4RUNNER 4WD V6 - found: 11, pass primary filters: 3, did not pass the filter by color: 2, added: 1, new vincodes: 0
24-03-2012 09:11:05 --- INFO: Toyota RAV 4 - found: 4, pass primary filters: 1, did not pass the filter by color: 1, added: 0, new vincodes: 0
24-03-2012 09:11:05 --- INFO: Toyota Highlander 4WD - found: 7, pass primary filters: 0, did not pass the filter by color: 0, added: 0, new vincodes: 0
24-03-2012 09:11:05 --- INFO: Toyota Highlander - found: 6, pass primary filters: 0, did not pass the filter by color: 0, added: 0, new vincodes: 0
24-03-2012 09:11:06 --- INFO: Lexus RX 350 - found: 2, pass primary filters: 0, did not pass the filter by color: 0, added: 0, new vincodes: 0
24-03-2012 09:11:06 --- INFO: Toyota 4RUNNER Limited V6 - found: 11, pass primary filters: 0, did not pass the filter by color: 0, added: 0, new vincodes: 0
24-03-2012 09:11:06 --- INFO: finish: 24-03-2012 09:11:06
24-03-2012 09:11:06 --- INFO: elapsed time: ~65.24 sec., memory usage: ~2.05 Mb.
24-03-2012 08:40:01 --- INFO: start: 24-03-2012 08:40:01
24-03-2012 08:40:01 --- INFO: ----------Source_Gsmotors (cli)
24-03-2012 08:44:07 --- INFO: Lexus RX 300 - found: 123, pass primary filters: 72, did not pass the filter by color: 61, added: 11, new vincodes: 0
24-03-2012 08:53:12 --- INFO: Lexus RX 330 - found: 259, pass primary filters: 105, did not pass the filter by color: 90, added: 15, new vincodes: 0
24-03-2012 08:54:55 --- INFO: Lexus RX 400H - found: 53, pass primary filters: 11, did not pass the filter by color: 11, added: 0, new vincodes: 0
24-03-2012 08:59:20 --- INFO: Lexus GX 470 - found: 124, pass primary filters: 89, did not pass the filter by color: 64, added: 25, new vincodes: 0
24-03-2012 09:06:43 --- INFO: Lexus GX 470 - found: 212, pass primary filters: 96, did not pass the filter by color: 75, added: 21, new vincodes: 0
24-03-2012 09:09:09 --- INFO: Lexus LX 470 - found: 79, pass primary filters: 47, did not pass the filter by color: 38, added: 9, new vincodes: 0
24-03-2012 09:10:05 --- INFO: Lexus LX 470 - found: 30, pass primary filters: 2, did not pass the filter by color: 2, added: 0, new vincodes: 0
24-03-2012 09:11:13 --- INFO: Toyota Land Cruiser - found: 41, pass primary filters: 28, did not pass the filter by color: 23, added: 5, new vincodes: 0
24-03-2012 09:14:38 --- INFO: Honda CR-V - found: 101, pass primary filters: 5, did not pass the filter by color: 0, added: 5, new vincodes: 0
24-03-2012 09:22:21 --- INFO: Honda CR-V - found: 226, pass primary filters: 5, did not pass the filter by color: 0, added: 5, new vincodes: 0
24-03-2012 09:25:07 --- INFO: Mitsubishi Montero 4WD Limited - found: 83, pass primary filters: 17, did not pass the filter by color: 17, added: 0, new vincodes: 0
24-03-2012 09:30:38 --- INFO: Toyota 4RUNNER 4WD V6 - found: 171, pass primary filters: 27, did not pass the filter by color: 19, added: 8, new vincodes: 0
24-03-2012 09:34:34 --- INFO: Toyota RAV 4 - found: 127, pass primary filters: 48, did not pass the filter by color: 38, added: 10, new vincodes: 0
24-03-2012 09:40:58 --- INFO: Toyota Highlander 4WD - found: 200, pass primary filters: 3, did not pass the filter by color: 2, added: 1, new vincodes: 0
24-03-2012 09:45:03 --- INFO: Toyota Highlander - found: 129, pass primary filters: 16, did not pass the filter by color: 12, added: 4, new vincodes: 0
24-03-2012 09:50:35 --- INFO: Lexus RX 350 - found: 152, pass primary filters: 20, did not pass the filter by color: 18, added: 2, new vincodes: 0
24-03-2012 09:55:55 --- INFO: Toyota 4RUNNER Limited V6 - found: 171, pass primary filters: 5, did not pass the filter by color: 5, added: 0, new vincodes: 0
24-03-2012 09:55:55 --- INFO: finish: 24-03-2012 09:55:55
24-03-2012 09:55:55 --- INFO: elapsed time: ~4553.52 sec., memory usage: ~6.53 Mb.
24-03-2012 10:00:01 --- INFO: start: 24-03-2012 10:00:01
24-03-2012 10:00:01 --- INFO: ----------Source_Adesa (cli)
24-03-2012 10:00:01 --- INFO: Authorized request
24-03-2012 10:00:05 --- INFO: Lexus RX 300 - found: 5, pass primary filters: 3, did not pass the filter by color: 2, added: 1, new vincodes: 0
24-03-2012 10:00:19 --- INFO: Lexus RX 330 - found: 9, pass primary filters: 5, did not pass the filter by color: 5, added: 0, new vincodes: 0
24-03-2012 10:00:19 --- INFO: Lexus RX 400H - found: 0, pass primary filters: 0, did not pass the filter by color: 0, added: 0, new vincodes: 0
24-03-2012 10:00:20 --- INFO: Lexus GX 470 - found: 1, pass primary filters: 1, did not pass the filter by color: 0, added: 1, new vincodes: 0
24-03-2012 10:00:22 --- INFO: Lexus GX 470 - found: 3, pass primary filters: 1, did not pass the filter by color: 1, added: 0, new vincodes: 0
24-03-2012 10:00:22 --- INFO: Lexus LX 470 - found: 1, pass primary filters: 0, did not pass the filter by color: 0, added: 0, new vincodes: 0
24-03-2012 10:00:22 --- INFO: Lexus LX 470 - found: 0, pass primary filters: 0, did not pass the filter by color: 0, added: 0, new vincodes: 0
24-03-2012 10:00:22 --- INFO: Toyota Land Cruiser - found: 0, pass primary filters: 0, did not pass the filter by color: 0, added: 0, new vincodes: 0
24-03-2012 10:00:22 --- INFO: Honda CR-V - found: 1, pass primary filters: 0, did not pass the filter by color: 0, added: 0, new vincodes: 0
24-03-2012 10:00:23 --- INFO: Honda CR-V - found: 1, pass primary filters: 0, did not pass the filter by color: 0, added: 0, new vincodes: 0
24-03-2012 10:00:24 --- INFO: Mitsubishi Montero 4WD Limited - found: 12, pass primary filters: 1, did not pass the filter by color: 1, added: 0, new vincodes: 0
24-03-2012 10:00:29 --- INFO: Toyota 4RUNNER 4WD V6 - found: 11, pass primary filters: 3, did not pass the filter by color: 2, added: 1, new vincodes: 0
24-03-2012 10:00:32 --- INFO: Toyota RAV 4 - found: 4, pass primary filters: 1, did not pass the filter by color: 1, added: 0, new vincodes: 0
24-03-2012 10:00:32 --- INFO: Toyota Highlander 4WD - found: 7, pass primary filters: 0, did not pass the filter by color: 0, added: 0, new vincodes: 0
24-03-2012 10:00:33 --- INFO: Toyota Highlander - found: 6, pass primary filters: 0, did not pass the filter by color: 0, added: 0, new vincodes: 0
24-03-2012 10:00:33 --- INFO: Lexus RX 350 - found: 2, pass primary filters: 0, did not pass the filter by color: 0, added: 0, new vincodes: 0
24-03-2012 10:00:33 --- INFO: Toyota 4RUNNER Limited V6 - found: 11, pass primary filters: 0, did not pass the filter by color: 0, added: 0, new vincodes: 0
24-03-2012 10:00:33 --- INFO: finish: 24-03-2012 10:00:33
24-03-2012 10:00:33 --- INFO: elapsed time: ~32.63 sec., memory usage: ~2.05 Mb.
24-03-2012 09:40:01 --- INFO: start: 24-03-2012 09:40:01
24-03-2012 09:40:01 --- INFO: ----------Source_Gsmotors (cli)
24-03-2012 09:44:01 --- INFO: Lexus RX 300 - found: 123, pass primary filters: 72, did not pass the filter by color: 61, added: 11, new vincodes: 0
24-03-2012 09:53:02 --- INFO: Lexus RX 330 - found: 259, pass primary filters: 105, did not pass the filter by color: 90, added: 15, new vincodes: 0
24-03-2012 09:54:42 --- INFO: Lexus RX 400H - found: 53, pass primary filters: 11, did not pass the filter by color: 11, added: 0, new vincodes: 0
24-03-2012 09:58:52 --- INFO: Lexus GX 470 - found: 124, pass primary filters: 89, did not pass the filter by color: 65, added: 24, new vincodes: 0
24-03-2012 10:06:10 --- INFO: Lexus GX 470 - found: 212, pass primary filters: 96, did not pass the filter by color: 75, added: 21, new vincodes: 0
24-03-2012 10:08:40 --- INFO: Lexus LX 470 - found: 79, pass primary filters: 47, did not pass the filter by color: 38, added: 9, new vincodes: 0
24-03-2012 10:09:37 --- INFO: Lexus LX 470 - found: 30, pass primary filters: 2, did not pass the filter by color: 2, added: 0, new vincodes: 0
24-03-2012 10:10:45 --- INFO: Toyota Land Cruiser - found: 41, pass primary filters: 28, did not pass the filter by color: 23, added: 5, new vincodes: 0
24-03-2012 10:14:05 --- INFO: Honda CR-V - found: 101, pass primary filters: 5, did not pass the filter by color: 0, added: 5, new vincodes: 0
24-03-2012 10:18:14 --- INFO: Honda CR-V - found: 226, pass primary filters: 1, did not pass the filter by color: 0, added: 1, new vincodes: 0
24-03-2012 10:18:14 --- ERROR: Request returns empty result
24-03-2012 10:18:14 --- INFO: Mitsubishi Montero 4WD Limited - found: 0, pass primary filters: 0, did not pass the filter by color: 0, added: 0, new vincodes: 0
24-03-2012 10:18:14 --- ERROR: Request returns empty result
24-03-2012 10:18:14 --- INFO: Toyota 4RUNNER 4WD V6 - found: 0, pass primary filters: 0, did not pass the filter by color: 0, added: 0, new vincodes: 0
24-03-2012 10:18:15 --- ERROR: Request returns empty result
24-03-2012 10:18:15 --- INFO: Toyota RAV 4 - found: 0, pass primary filters: 0, did not pass the filter by color: 0, added: 0, new vincodes: 0
24-03-2012 10:18:15 --- ERROR: Request returns empty result
24-03-2012 10:18:15 --- INFO: Toyota Highlander 4WD - found: 0, pass primary filters: 0, did not pass the filter by color: 0, added: 0, new vincodes: 0
24-03-2012 10:18:15 --- ERROR: Request returns empty result
24-03-2012 10:18:15 --- INFO: Toyota Highlander - found: 0, pass primary filters: 0, did not pass the filter by color: 0, added: 0, new vincodes: 0
24-03-2012 10:18:15 --- ERROR: Request returns empty result
24-03-2012 10:18:15 --- INFO: Lexus RX 350 - found: 0, pass primary filters: 0, did not pass the filter by color: 0, added: 0, new vincodes: 0
24-03-2012 10:18:15 --- ERROR: Request returns empty result
24-03-2012 10:18:15 --- INFO: Toyota 4RUNNER Limited V6 - found: 0, pass primary filters: 0, did not pass the filter by color: 0, added: 0, new vincodes: 0
24-03-2012 10:18:15 --- INFO: finish: 24-03-2012 10:18:15
24-03-2012 10:18:15 --- INFO: elapsed time: ~2293.56 sec., memory usage: ~5.39 Mb.
24-03-2012 11:10:01 --- INFO: start: 24-03-2012 11:10:01
24-03-2012 11:10:01 --- INFO: ----------Source_Adesa (cli)
24-03-2012 11:10:03 --- INFO: Authorized request
24-03-2012 11:10:07 --- INFO: Lexus RX 300 - found: 6, pass primary filters: 4, did not pass the filter by color: 3, added: 1, new vincodes: 0
24-03-2012 11:10:21 --- INFO: Lexus RX 330 - found: 9, pass primary filters: 5, did not pass the filter by color: 5, added: 0, new vincodes: 0
24-03-2012 11:10:21 --- INFO: Lexus RX 400H - found: 0, pass primary filters: 0, did not pass the filter by color: 0, added: 0, new vincodes: 0
24-03-2012 11:10:23 --- INFO: Lexus GX 470 - found: 1, pass primary filters: 1, did not pass the filter by color: 0, added: 1, new vincodes: 0
24-03-2012 11:10:24 --- INFO: Lexus GX 470 - found: 3, pass primary filters: 1, did not pass the filter by color: 1, added: 0, new vincodes: 0
24-03-2012 11:10:24 --- INFO: Lexus LX 470 - found: 1, pass primary filters: 0, did not pass the filter by color: 0, added: 0, new vincodes: 0
24-03-2012 11:10:24 --- INFO: Lexus LX 470 - found: 0, pass primary filters: 0, did not pass the filter by color: 0, added: 0, new vincodes: 0
24-03-2012 11:10:24 --- INFO: Toyota Land Cruiser - found: 0, pass primary filters: 0, did not pass the filter by color: 0, added: 0, new vincodes: 0
24-03-2012 11:10:24 --- INFO: Honda CR-V - found: 1, pass primary filters: 0, did not pass the filter by color: 0, added: 0, new vincodes: 0
24-03-2012 11:10:25 --- INFO: Honda CR-V - found: 1, pass primary filters: 0, did not pass the filter by color: 0, added: 0, new vincodes: 0
24-03-2012 11:10:27 --- INFO: Mitsubishi Montero 4WD Limited - found: 12, pass primary filters: 1, did not pass the filter by color: 1, added: 0, new vincodes: 0
24-03-2012 11:10:32 --- INFO: Toyota 4RUNNER 4WD V6 - found: 11, pass primary filters: 3, did not pass the filter by color: 2, added: 1, new vincodes: 0
24-03-2012 11:10:35 --- INFO: Toyota RAV 4 - found: 4, pass primary filters: 1, did not pass the filter by color: 1, added: 0, new vincodes: 0
24-03-2012 11:10:36 --- INFO: Toyota Highlander 4WD - found: 7, pass primary filters: 0, did not pass the filter by color: 0, added: 0, new vincodes: 0
24-03-2012 11:10:36 --- INFO: Toyota Highlander - found: 6, pass primary filters: 0, did not pass the filter by color: 0, added: 0, new vincodes: 0
24-03-2012 11:10:36 --- INFO: Lexus RX 350 - found: 2, pass primary filters: 0, did not pass the filter by color: 0, added: 0, new vincodes: 0
24-03-2012 11:10:37 --- INFO: Toyota 4RUNNER Limited V6 - found: 11, pass primary filters: 0, did not pass the filter by color: 0, added: 0, new vincodes: 0
24-03-2012 11:10:37 --- INFO: finish: 24-03-2012 11:10:37
24-03-2012 11:10:37 --- INFO: elapsed time: ~35.79 sec., memory usage: ~2.06 Mb.
24-03-2012 10:30:01 --- INFO: start: 24-03-2012 10:30:01
24-03-2012 10:30:01 --- INFO: ----------Source_Gsmotors (cli)
24-03-2012 10:34:02 --- INFO: Lexus RX 300 - found: 123, pass primary filters: 72, did not pass the filter by color: 62, added: 10, new vincodes: 0
24-03-2012 10:42:50 --- INFO: Lexus RX 330 - found: 259, pass primary filters: 105, did not pass the filter by color: 90, added: 15, new vincodes: 0
24-03-2012 10:44:33 --- INFO: Lexus RX 400H - found: 53, pass primary filters: 11, did not pass the filter by color: 11, added: 0, new vincodes: 0
24-03-2012 10:48:50 --- INFO: Lexus GX 470 - found: 124, pass primary filters: 89, did not pass the filter by color: 67, added: 22, new vincodes: 0
24-03-2012 10:56:12 --- INFO: Lexus GX 470 - found: 212, pass primary filters: 96, did not pass the filter by color: 75, added: 21, new vincodes: 0
24-03-2012 10:58:40 --- INFO: Lexus LX 470 - found: 79, pass primary filters: 47, did not pass the filter by color: 38, added: 9, new vincodes: 0
24-03-2012 10:59:35 --- INFO: Lexus LX 470 - found: 30, pass primary filters: 2, did not pass the filter by color: 2, added: 0, new vincodes: 0
24-03-2012 11:00:42 --- INFO: Toyota Land Cruiser - found: 41, pass primary filters: 28, did not pass the filter by color: 23, added: 5, new vincodes: 0
24-03-2012 11:04:01 --- INFO: Honda CR-V - found: 101, pass primary filters: 5, did not pass the filter by color: 0, added: 5, new vincodes: 0
24-03-2012 11:11:41 --- INFO: Honda CR-V - found: 226, pass primary filters: 5, did not pass the filter by color: 0, added: 5, new vincodes: 0
24-03-2012 11:14:28 --- INFO: Mitsubishi Montero 4WD Limited - found: 83, pass primary filters: 17, did not pass the filter by color: 17, added: 0, new vincodes: 0
24-03-2012 11:19:56 --- INFO: Toyota 4RUNNER 4WD V6 - found: 171, pass primary filters: 27, did not pass the filter by color: 18, added: 9, new vincodes: 0
24-03-2012 11:23:49 --- INFO: Toyota RAV 4 - found: 127, pass primary filters: 48, did not pass the filter by color: 38, added: 10, new vincodes: 0
24-03-2012 11:30:15 --- INFO: Toyota Highlander 4WD - found: 200, pass primary filters: 3, did not pass the filter by color: 3, added: 0, new vincodes: 0
24-03-2012 11:34:27 --- INFO: Toyota Highlander - found: 129, pass primary filters: 16, did not pass the filter by color: 12, added: 4, new vincodes: 0
24-03-2012 11:39:41 --- INFO: Lexus RX 350 - found: 152, pass primary filters: 20, did not pass the filter by color: 18, added: 2, new vincodes: 0
24-03-2012 11:45:34 --- INFO: Toyota 4RUNNER Limited V6 - found: 171, pass primary filters: 5, did not pass the filter by color: 5, added: 0, new vincodes: 0
24-03-2012 11:45:34 --- INFO: finish: 24-03-2012 11:45:34
24-03-2012 11:45:34 --- INFO: elapsed time: ~4532.5 sec., memory usage: ~6.52 Mb.
24-03-2012 12:20:01 --- INFO: start: 24-03-2012 12:20:01
24-03-2012 12:20:01 --- INFO: ----------Source_Adesa (cli)
24-03-2012 12:20:03 --- INFO: Authorized request
24-03-2012 12:20:08 --- INFO: Lexus RX 300 - found: 6, pass primary filters: 4, did not pass the filter by color: 3, added: 1, new vincodes: 0
24-03-2012 12:20:22 --- INFO: Lexus RX 330 - found: 9, pass primary filters: 5, did not pass the filter by color: 5, added: 0, new vincodes: 0
24-03-2012 12:20:22 --- INFO: Lexus RX 400H - found: 0, pass primary filters: 0, did not pass the filter by color: 0, added: 0, new vincodes: 0
24-03-2012 12:20:23 --- INFO: Lexus GX 470 - found: 1, pass primary filters: 1, did not pass the filter by color: 0, added: 1, new vincodes: 0
24-03-2012 12:20:25 --- INFO: Lexus GX 470 - found: 3, pass primary filters: 1, did not pass the filter by color: 1, added: 0, new vincodes: 0
24-03-2012 12:20:25 --- INFO: Lexus LX 470 - found: 1, pass primary filters: 0, did not pass the filter by color: 0, added: 0, new vincodes: 0
24-03-2012 12:20:25 --- INFO: Lexus LX 470 - found: 0, pass primary filters: 0, did not pass the filter by color: 0, added: 0, new vincodes: 0
24-03-2012 12:20:25 --- INFO: Toyota Land Cruiser - found: 0, pass primary filters: 0, did not pass the filter by color: 0, added: 0, new vincodes: 0
24-03-2012 12:20:26 --- INFO: Honda CR-V - found: 1, pass primary filters: 0, did not pass the filter by color: 0, added: 0, new vincodes: 0
24-03-2012 12:20:26 --- INFO: Honda CR-V - found: 1, pass primary filters: 0, did not pass the filter by color: 0, added: 0, new vincodes: 0
24-03-2012 12:20:28 --- INFO: Mitsubishi Montero 4WD Limited - found: 13, pass primary filters: 1, did not pass the filter by color: 1, added: 0, new vincodes: 0
24-03-2012 12:20:32 --- INFO: Toyota 4RUNNER 4WD V6 - found: 11, pass primary filters: 3, did not pass the filter by color: 2, added: 1, new vincodes: 0
24-03-2012 12:20:36 --- INFO: Toyota RAV 4 - found: 4, pass primary filters: 1, did not pass the filter by color: 1, added: 0, new vincodes: 0
24-03-2012 12:20:36 --- INFO: Toyota Highlander 4WD - found: 7, pass primary filters: 0, did not pass the filter by color: 0, added: 0, new vincodes: 0
24-03-2012 12:20:36 --- INFO: Toyota Highlander - found: 6, pass primary filters: 0, did not pass the filter by color: 0, added: 0, new vincodes: 0
24-03-2012 12:20:37 --- INFO: Lexus RX 350 - found: 2, pass primary filters: 0, did not pass the filter by color: 0, added: 0, new vincodes: 0
24-03-2012 12:20:37 --- INFO: Toyota 4RUNNER Limited V6 - found: 11, pass primary filters: 0, did not pass the filter by color: 0, added: 0, new vincodes: 0
24-03-2012 12:20:37 --- INFO: finish: 24-03-2012 12:20:37
24-03-2012 12:20:37 --- INFO: elapsed time: ~35.45 sec., memory usage: ~2.06 Mb.
24-03-2012 13:20:01 --- INFO: start: 24-03-2012 13:20:01
24-03-2012 13:20:01 --- INFO: ----------Source_Adesa (cli)
24-03-2012 13:20:02 --- INFO: Authorized request
24-03-2012 13:20:07 --- INFO: Lexus RX 300 - found: 6, pass primary filters: 4, did not pass the filter by color: 3, added: 1, new vincodes: 0
24-03-2012 13:20:22 --- INFO: Lexus RX 330 - found: 9, pass primary filters: 5, did not pass the filter by color: 5, added: 0, new vincodes: 0
24-03-2012 13:20:22 --- INFO: Lexus RX 400H - found: 0, pass primary filters: 0, did not pass the filter by color: 0, added: 0, new vincodes: 0
24-03-2012 13:20:23 --- INFO: Lexus GX 470 - found: 1, pass primary filters: 1, did not pass the filter by color: 0, added: 1, new vincodes: 0
24-03-2012 13:20:24 --- INFO: Lexus GX 470 - found: 3, pass primary filters: 1, did not pass the filter by color: 1, added: 0, new vincodes: 0
24-03-2012 13:20:25 --- INFO: Lexus LX 470 - found: 1, pass primary filters: 0, did not pass the filter by color: 0, added: 0, new vincodes: 0
24-03-2012 13:20:25 --- INFO: Lexus LX 470 - found: 0, pass primary filters: 0, did not pass the filter by color: 0, added: 0, new vincodes: 0
24-03-2012 13:20:25 --- INFO: Toyota Land Cruiser - found: 0, pass primary filters: 0, did not pass the filter by color: 0, added: 0, new vincodes: 0
24-03-2012 13:20:25 --- INFO: Honda CR-V - found: 1, pass primary filters: 0, did not pass the filter by color: 0, added: 0, new vincodes: 0
24-03-2012 13:20:25 --- INFO: Honda CR-V - found: 1, pass primary filters: 0, did not pass the filter by color: 0, added: 0, new vincodes: 0
24-03-2012 13:20:27 --- INFO: Mitsubishi Montero 4WD Limited - found: 13, pass primary filters: 1, did not pass the filter by color: 1, added: 0, new vincodes: 0
24-03-2012 13:20:31 --- INFO: Toyota 4RUNNER 4WD V6 - found: 12, pass primary filters: 3, did not pass the filter by color: 2, added: 1, new vincodes: 0
24-03-2012 13:20:36 --- INFO: Toyota RAV 4 - found: 5, pass primary filters: 2, did not pass the filter by color: 2, added: 0, new vincodes: 1
24-03-2012 13:20:37 --- INFO: Toyota Highlander 4WD - found: 7, pass primary filters: 0, did not pass the filter by color: 0, added: 0, new vincodes: 0
24-03-2012 13:20:37 --- INFO: Toyota Highlander - found: 6, pass primary filters: 0, did not pass the filter by color: 0, added: 0, new vincodes: 0
24-03-2012 13:20:37 --- INFO: Lexus RX 350 - found: 2, pass primary filters: 0, did not pass the filter by color: 0, added: 0, new vincodes: 0
24-03-2012 13:20:38 --- INFO: Toyota 4RUNNER Limited V6 - found: 12, pass primary filters: 0, did not pass the filter by color: 0, added: 0, new vincodes: 0
24-03-2012 13:20:38 --- INFO: finish: 24-03-2012 13:20:38
24-03-2012 13:20:38 --- INFO: elapsed time: ~36.15 sec., memory usage: ~2.07 Mb.
24-03-2012 11:40:01 --- INFO: start: 24-03-2012 11:40:01
24-03-2012 11:40:01 --- INFO: ----------Source_Gsmotors (cli)
24-03-2012 11:46:21 --- INFO: Lexus RX 300 - found: 133, pass primary filters: 79, did not pass the filter by color: 67, added: 12, new vincodes: 0
24-03-2012 11:59:15 --- INFO: Lexus RX 330 - found: 283, pass primary filters: 108, did not pass the filter by color: 92, added: 16, new vincodes: 1
24-03-2012 12:01:51 --- INFO: Lexus RX 400H - found: 57, pass primary filters: 14, did not pass the filter by color: 14, added: 0, new vincodes: 1
24-03-2012 12:08:22 --- INFO: Lexus GX 470 - found: 135, pass primary filters: 89, did not pass the filter by color: 65, added: 24, new vincodes: 1
24-03-2012 12:19:04 --- INFO: Lexus GX 470 - found: 226, pass primary filters: 98, did not pass the filter by color: 76, added: 22, new vincodes: 0
24-03-2012 12:22:34 --- INFO: Lexus LX 470 - found: 80, pass primary filters: 48, did not pass the filter by color: 38, added: 10, new vincodes: 1
24-03-2012 12:23:37 --- INFO: Lexus LX 470 - found: 32, pass primary filters: 3, did not pass the filter by color: 3, added: 0, new vincodes: 0
24-03-2012 12:25:12 --- INFO: Toyota Land Cruiser - found: 42, pass primary filters: 27, did not pass the filter by color: 22, added: 5, new vincodes: 0
24-03-2012 12:29:45 --- INFO: Honda CR-V - found: 103, pass primary filters: 5, did not pass the filter by color: 0, added: 5, new vincodes: 0
24-03-2012 12:41:00 --- INFO: Honda CR-V - found: 229, pass primary filters: 5, did not pass the filter by color: 0, added: 5, new vincodes: 0
24-03-2012 12:45:11 --- INFO: Mitsubishi Montero 4WD Limited - found: 83, pass primary filters: 16, did not pass the filter by color: 16, added: 0, new vincodes: 0
24-03-2012 12:53:11 --- INFO: Toyota 4RUNNER 4WD V6 - found: 175, pass primary filters: 28, did not pass the filter by color: 12, added: 16, new vincodes: 0
24-03-2012 12:58:19 --- INFO: Toyota RAV 4 - found: 129, pass primary filters: 48, did not pass the filter by color: 38, added: 10, new vincodes: 0
24-03-2012 13:07:16 --- INFO: Toyota Highlander 4WD - found: 207, pass primary filters: 3, did not pass the filter by color: 3, added: 0, new vincodes: 0
24-03-2012 13:11:36 --- INFO: Toyota Highlander - found: 131, pass primary filters: 16, did not pass the filter by color: 12, added: 4, new vincodes: 0
24-03-2012 13:19:07 --- INFO: Lexus RX 350 - found: 159, pass primary filters: 22, did not pass the filter by color: 20, added: 2, new vincodes: 0
24-03-2012 13:24:54 --- INFO: Toyota 4RUNNER Limited V6 - found: 175, pass primary filters: 5, did not pass the filter by color: 5, added: 0, new vincodes: 0
24-03-2012 13:24:54 --- INFO: finish: 24-03-2012 13:24:54
24-03-2012 13:24:54 --- INFO: elapsed time: ~6292.77 sec., memory usage: ~6.74 Mb.
24-03-2012 12:50:01 --- INFO: start: 24-03-2012 12:50:01
24-03-2012 12:50:01 --- INFO: ----------Source_Gsmotors (cli)
24-03-2012 12:54:18 --- INFO: Lexus RX 300 - found: 133, pass primary filters: 79, did not pass the filter by color: 68, added: 11, new vincodes: 0
24-03-2012 13:03:19 --- INFO: Lexus RX 330 - found: 283, pass primary filters: 108, did not pass the filter by color: 91, added: 17, new vincodes: 0
24-03-2012 13:05:13 --- INFO: Lexus RX 400H - found: 57, pass primary filters: 14, did not pass the filter by color: 14, added: 0, new vincodes: 0
24-03-2012 13:09:41 --- INFO: Lexus GX 470 - found: 135, pass primary filters: 89, did not pass the filter by color: 65, added: 24, new vincodes: 0
24-03-2012 13:17:25 --- INFO: Lexus GX 470 - found: 226, pass primary filters: 98, did not pass the filter by color: 76, added: 22, new vincodes: 0
24-03-2012 13:19:55 --- INFO: Lexus LX 470 - found: 80, pass primary filters: 48, did not pass the filter by color: 39, added: 9, new vincodes: 0
24-03-2012 13:20:57 --- INFO: Lexus LX 470 - found: 32, pass primary filters: 3, did not pass the filter by color: 3, added: 0, new vincodes: 0
24-03-2012 13:22:07 --- INFO: Toyota Land Cruiser - found: 42, pass primary filters: 27, did not pass the filter by color: 22, added: 5, new vincodes: 0
24-03-2012 13:25:33 --- INFO: Honda CR-V - found: 103, pass primary filters: 5, did not pass the filter by color: 0, added: 5, new vincodes: 0
24-03-2012 13:33:28 --- INFO: Honda CR-V - found: 229, pass primary filters: 5, did not pass the filter by color: 0, added: 5, new vincodes: 0
24-03-2012 13:36:28 --- INFO: Mitsubishi Montero 4WD Limited - found: 83, pass primary filters: 16, did not pass the filter by color: 16, added: 0, new vincodes: 0
24-03-2012 13:42:32 --- INFO: Toyota 4RUNNER 4WD V6 - found: 175, pass primary filters: 28, did not pass the filter by color: 20, added: 8, new vincodes: 0
24-03-2012 13:47:08 --- INFO: Toyota RAV 4 - found: 129, pass primary filters: 48, did not pass the filter by color: 38, added: 10, new vincodes: 0
24-03-2012 13:54:00 --- INFO: Toyota Highlander 4WD - found: 207, pass primary filters: 3, did not pass the filter by color: 2, added: 1, new vincodes: 0
24-03-2012 13:58:14 --- INFO: Toyota Highlander - found: 131, pass primary filters: 16, did not pass the filter by color: 12, added: 4, new vincodes: 0
24-03-2012 14:03:46 --- INFO: Lexus RX 350 - found: 159, pass primary filters: 22, did not pass the filter by color: 20, added: 2, new vincodes: 0
24-03-2012 14:09:34 --- INFO: Toyota 4RUNNER Limited V6 - found: 175, pass primary filters: 5, did not pass the filter by color: 5, added: 0, new vincodes: 0
24-03-2012 14:09:34 --- INFO: finish: 24-03-2012 14:09:34
24-03-2012 14:09:34 --- INFO: elapsed time: ~4772.58 sec., memory usage: ~6.69 Mb.
24-03-2012 13:50:01 --- INFO: start: 24-03-2012 13:50:01
24-03-2012 13:50:02 --- INFO: ----------Source_Gsmotors (cli)
24-03-2012 13:54:35 --- INFO: Lexus RX 300 - found: 133, pass primary filters: 79, did not pass the filter by color: 68, added: 11, new vincodes: 0
24-03-2012 14:03:40 --- INFO: Lexus RX 330 - found: 283, pass primary filters: 108, did not pass the filter by color: 92, added: 16, new vincodes: 0
24-03-2012 14:05:26 --- INFO: Lexus RX 400H - found: 57, pass primary filters: 14, did not pass the filter by color: 14, added: 0, new vincodes: 0
24-03-2012 14:09:52 --- INFO: Lexus GX 470 - found: 135, pass primary filters: 89, did not pass the filter by color: 65, added: 24, new vincodes: 0
24-03-2012 14:18:12 --- INFO: Lexus GX 470 - found: 226, pass primary filters: 98, did not pass the filter by color: 76, added: 22, new vincodes: 0
24-03-2012 14:20:57 --- INFO: Lexus LX 470 - found: 80, pass primary filters: 48, did not pass the filter by color: 38, added: 10, new vincodes: 0
24-03-2012 14:22:02 --- INFO: Lexus LX 470 - found: 32, pass primary filters: 3, did not pass the filter by color: 3, added: 0, new vincodes: 0
24-03-2012 14:23:13 --- INFO: Toyota Land Cruiser - found: 42, pass primary filters: 27, did not pass the filter by color: 22, added: 5, new vincodes: 0
24-03-2012 14:27:14 --- INFO: Honda CR-V - found: 103, pass primary filters: 5, did not pass the filter by color: 0, added: 5, new vincodes: 0
24-03-2012 14:35:34 --- INFO: Honda CR-V - found: 229, pass primary filters: 5, did not pass the filter by color: 0, added: 5, new vincodes: 0
24-03-2012 14:38:45 --- INFO: Mitsubishi Montero 4WD Limited - found: 83, pass primary filters: 16, did not pass the filter by color: 16, added: 0, new vincodes: 0
24-03-2012 14:44:48 --- INFO: Toyota 4RUNNER 4WD V6 - found: 175, pass primary filters: 28, did not pass the filter by color: 20, added: 8, new vincodes: 0
24-03-2012 14:48:50 --- INFO: Toyota RAV 4 - found: 129, pass primary filters: 48, did not pass the filter by color: 38, added: 10, new vincodes: 0
24-03-2012 14:55:40 --- INFO: Toyota Highlander 4WD - found: 207, pass primary filters: 3, did not pass the filter by color: 3, added: 0, new vincodes: 0
24-03-2012 15:00:03 --- INFO: Toyota Highlander - found: 131, pass primary filters: 16, did not pass the filter by color: 12, added: 4, new vincodes: 0
24-03-2012 15:05:48 --- INFO: Lexus RX 350 - found: 159, pass primary filters: 22, did not pass the filter by color: 20, added: 2, new vincodes: 0
24-03-2012 15:11:53 --- INFO: Toyota 4RUNNER Limited V6 - found: 175, pass primary filters: 5, did not pass the filter by color: 5, added: 0, new vincodes: 0
24-03-2012 15:11:53 --- INFO: finish: 24-03-2012 15:11:53
24-03-2012 15:11:53 --- INFO: elapsed time: ~4911.22 sec., memory usage: ~6.68 Mb.
24-03-2012 16:10:01 --- INFO: start: 24-03-2012 16:10:01
24-03-2012 16:10:01 --- INFO: ----------Source_Adesa (cli)
24-03-2012 16:10:04 --- INFO: Authorized request
24-03-2012 16:10:09 --- INFO: Lexus RX 300 - found: 6, pass primary filters: 4, did not pass the filter by color: 3, added: 1, new vincodes: 0
24-03-2012 16:10:23 --- INFO: Lexus RX 330 - found: 9, pass primary filters: 5, did not pass the filter by color: 5, added: 0, new vincodes: 0
24-03-2012 16:10:23 --- INFO: Lexus RX 400H - found: 0, pass primary filters: 0, did not pass the filter by color: 0, added: 0, new vincodes: 0
24-03-2012 16:10:24 --- INFO: Lexus GX 470 - found: 1, pass primary filters: 1, did not pass the filter by color: 0, added: 1, new vincodes: 0
24-03-2012 16:10:26 --- INFO: Lexus GX 470 - found: 3, pass primary filters: 1, did not pass the filter by color: 1, added: 0, new vincodes: 0
24-03-2012 16:10:26 --- INFO: Lexus LX 470 - found: 1, pass primary filters: 0, did not pass the filter by color: 0, added: 0, new vincodes: 0
24-03-2012 16:10:27 --- INFO: Lexus LX 470 - found: 0, pass primary filters: 0, did not pass the filter by color: 0, added: 0, new vincodes: 0
24-03-2012 16:10:27 --- INFO: Toyota Land Cruiser - found: 0, pass primary filters: 0, did not pass the filter by color: 0, added: 0, new vincodes: 0
24-03-2012 16:10:27 --- INFO: Honda CR-V - found: 1, pass primary filters: 0, did not pass the filter by color: 0, added: 0, new vincodes: 0
24-03-2012 16:10:27 --- INFO: Honda CR-V - found: 1, pass primary filters: 0, did not pass the filter by color: 0, added: 0, new vincodes: 0
24-03-2012 16:10:29 --- INFO: Mitsubishi Montero 4WD Limited - found: 12, pass primary filters: 1, did not pass the filter by color: 1, added: 0, new vincodes: 0
24-03-2012 16:10:34 --- INFO: Toyota 4RUNNER 4WD V6 - found: 12, pass primary filters: 3, did not pass the filter by color: 2, added: 1, new vincodes: 0
24-03-2012 16:10:40 --- INFO: Toyota RAV 4 - found: 6, pass primary filters: 3, did not pass the filter by color: 3, added: 0, new vincodes: 1
24-03-2012 16:10:41 --- INFO: Toyota Highlander 4WD - found: 7, pass primary filters: 0, did not pass the filter by color: 0, added: 0, new vincodes: 0
24-03-2012 16:10:41 --- INFO: Toyota Highlander - found: 6, pass primary filters: 0, did not pass the filter by color: 0, added: 0, new vincodes: 0
24-03-2012 16:10:41 --- INFO: Lexus RX 350 - found: 2, pass primary filters: 0, did not pass the filter by color: 0, added: 0, new vincodes: 0
24-03-2012 16:10:42 --- INFO: Toyota 4RUNNER Limited V6 - found: 12, pass primary filters: 0, did not pass the filter by color: 0, added: 0, new vincodes: 0
24-03-2012 16:10:42 --- INFO: finish: 24-03-2012 16:10:42
24-03-2012 16:10:42 --- INFO: elapsed time: ~40.19 sec., memory usage: ~2.08 Mb.
24-03-2012 18:10:01 --- INFO: start: 24-03-2012 18:10:01
24-03-2012 18:10:01 --- INFO: ----------Source_Adesa (cli)
24-03-2012 18:10:02 --- INFO: Authorized request
24-03-2012 18:10:07 --- INFO: Lexus RX 300 - found: 6, pass primary filters: 4, did not pass the filter by color: 3, added: 1, new vincodes: 0
24-03-2012 18:10:21 --- INFO: Lexus RX 330 - found: 9, pass primary filters: 5, did not pass the filter by color: 5, added: 0, new vincodes: 0
24-03-2012 18:10:22 --- INFO: Lexus RX 400H - found: 0, pass primary filters: 0, did not pass the filter by color: 0, added: 0, new vincodes: 0
24-03-2012 18:10:23 --- INFO: Lexus GX 470 - found: 1, pass primary filters: 1, did not pass the filter by color: 0, added: 1, new vincodes: 0
24-03-2012 18:10:24 --- INFO: Lexus GX 470 - found: 3, pass primary filters: 1, did not pass the filter by color: 1, added: 0, new vincodes: 0
24-03-2012 18:10:25 --- INFO: Lexus LX 470 - found: 1, pass primary filters: 0, did not pass the filter by color: 0, added: 0, new vincodes: 0
24-03-2012 18:10:25 --- INFO: Lexus LX 470 - found: 0, pass primary filters: 0, did not pass the filter by color: 0, added: 0, new vincodes: 0
24-03-2012 18:10:25 --- INFO: Toyota Land Cruiser - found: 0, pass primary filters: 0, did not pass the filter by color: 0, added: 0, new vincodes: 0
24-03-2012 18:10:25 --- INFO: Honda CR-V - found: 1, pass primary filters: 0, did not pass the filter by color: 0, added: 0, new vincodes: 0
24-03-2012 18:10:25 --- INFO: Honda CR-V - found: 1, pass primary filters: 0, did not pass the filter by color: 0, added: 0, new vincodes: 0
24-03-2012 18:10:27 --- INFO: Mitsubishi Montero 4WD Limited - found: 12, pass primary filters: 1, did not pass the filter by color: 1, added: 0, new vincodes: 0
24-03-2012 18:10:33 --- INFO: Toyota 4RUNNER 4WD V6 - found: 12, pass primary filters: 3, did not pass the filter by color: 2, added: 1, new vincodes: 0
24-03-2012 18:10:38 --- INFO: Toyota RAV 4 - found: 6, pass primary filters: 3, did not pass the filter by color: 3, added: 0, new vincodes: 0
24-03-2012 18:10:38 --- INFO: Toyota Highlander 4WD - found: 7, pass primary filters: 0, did not pass the filter by color: 0, added: 0, new vincodes: 0
24-03-2012 18:10:38 --- INFO: Toyota Highlander - found: 6, pass primary filters: 0, did not pass the filter by color: 0, added: 0, new vincodes: 0
24-03-2012 18:10:39 --- INFO: Lexus RX 350 - found: 2, pass primary filters: 0, did not pass the filter by color: 0, added: 0, new vincodes: 0
24-03-2012 18:10:39 --- INFO: Toyota 4RUNNER Limited V6 - found: 12, pass primary filters: 0, did not pass the filter by color: 0, added: 0, new vincodes: 0
24-03-2012 18:10:39 --- INFO: finish: 24-03-2012 18:10:39
24-03-2012 18:10:39 --- INFO: elapsed time: ~38.58 sec., memory usage: ~2.07 Mb.
24-03-2012 16:40:01 --- INFO: start: 24-03-2012 16:40:01
24-03-2012 16:40:01 --- INFO: ----------Source_Gsmotors (cli)
24-03-2012 16:46:20 --- INFO: Lexus RX 300 - found: 134, pass primary filters: 78, did not pass the filter by color: 68, added: 10, new vincodes: 0
24-03-2012 16:59:18 --- INFO: Lexus RX 330 - found: 304, pass primary filters: 112, did not pass the filter by color: 95, added: 17, new vincodes: 0
24-03-2012 17:02:06 --- INFO: Lexus RX 400H - found: 60, pass primary filters: 13, did not pass the filter by color: 13, added: 0, new vincodes: 0
24-03-2012 17:07:59 --- INFO: Lexus GX 470 - found: 138, pass primary filters: 91, did not pass the filter by color: 66, added: 25, new vincodes: 0
24-03-2012 17:18:46 --- INFO: Lexus GX 470 - found: 238, pass primary filters: 99, did not pass the filter by color: 76, added: 23, new vincodes: 0
24-03-2012 17:22:24 --- INFO: Lexus LX 470 - found: 83, pass primary filters: 49, did not pass the filter by color: 39, added: 10, new vincodes: 1
24-03-2012 17:23:29 --- INFO: Lexus LX 470 - found: 33, pass primary filters: 4, did not pass the filter by color: 4, added: 0, new vincodes: 0
24-03-2012 17:24:58 --- INFO: Toyota Land Cruiser - found: 48, pass primary filters: 27, did not pass the filter by color: 22, added: 5, new vincodes: 0
24-03-2012 17:29:29 --- INFO: Honda CR-V - found: 105, pass primary filters: 5, did not pass the filter by color: 0, added: 5, new vincodes: 0
24-03-2012 17:40:27 --- INFO: Honda CR-V - found: 239, pass primary filters: 5, did not pass the filter by color: 0, added: 5, new vincodes: 0
24-03-2012 17:44:22 --- INFO: Mitsubishi Montero 4WD Limited - found: 86, pass primary filters: 17, did not pass the filter by color: 17, added: 0, new vincodes: 0
24-03-2012 17:52:32 --- INFO: Toyota 4RUNNER 4WD V6 - found: 181, pass primary filters: 30, did not pass the filter by color: 22, added: 8, new vincodes: 0
24-03-2012 17:58:25 --- INFO: Toyota RAV 4 - found: 139, pass primary filters: 51, did not pass the filter by color: 41, added: 10, new vincodes: 0
24-03-2012 18:07:35 --- INFO: Toyota Highlander 4WD - found: 216, pass primary filters: 3, did not pass the filter by color: 3, added: 0, new vincodes: 0
24-03-2012 18:11:48 --- INFO: Toyota Highlander - found: 138, pass primary filters: 18, did not pass the filter by color: 13, added: 5, new vincodes: 0
24-03-2012 18:19:44 --- INFO: Lexus RX 350 - found: 171, pass primary filters: 24, did not pass the filter by color: 22, added: 2, new vincodes: 0
24-03-2012 18:25:27 --- INFO: Toyota 4RUNNER Limited V6 - found: 181, pass primary filters: 5, did not pass the filter by color: 5, added: 0, new vincodes: 0
24-03-2012 18:25:27 --- INFO: finish: 24-03-2012 18:25:27
24-03-2012 18:25:27 --- INFO: elapsed time: ~6325.39 sec., memory usage: ~6.85 Mb.
24-03-2012 18:40:01 --- INFO: start: 24-03-2012 18:40:01
24-03-2012 18:40:01 --- INFO: ----------Source_Gsmotors (cli)
24-03-2012 18:44:21 --- INFO: Lexus RX 300 - found: 134, pass primary filters: 78, did not pass the filter by color: 67, added: 11, new vincodes: 0
24-03-2012 18:53:25 --- INFO: Lexus RX 330 - found: 304, pass primary filters: 112, did not pass the filter by color: 95, added: 17, new vincodes: 0
24-03-2012 18:55:11 --- INFO: Lexus RX 400H - found: 60, pass primary filters: 14, did not pass the filter by color: 14, added: 0, new vincodes: 0
24-03-2012 18:59:28 --- INFO: Lexus GX 470 - found: 138, pass primary filters: 91, did not pass the filter by color: 66, added: 25, new vincodes: 0
24-03-2012 19:07:39 --- INFO: Lexus GX 470 - found: 238, pass primary filters: 99, did not pass the filter by color: 77, added: 22, new vincodes: 0
24-03-2012 19:10:25 --- INFO: Lexus LX 470 - found: 83, pass primary filters: 49, did not pass the filter by color: 40, added: 9, new vincodes: 0
24-03-2012 19:11:29 --- INFO: Lexus LX 470 - found: 33, pass primary filters: 4, did not pass the filter by color: 4, added: 0, new vincodes: 0
24-03-2012 19:12:41 --- INFO: Toyota Land Cruiser - found: 48, pass primary filters: 27, did not pass the filter by color: 22, added: 5, new vincodes: 0
24-03-2012 19:16:11 --- INFO: Honda CR-V - found: 105, pass primary filters: 5, did not pass the filter by color: 0, added: 5, new vincodes: 0
24-03-2012 19:24:21 --- INFO: Honda CR-V - found: 239, pass primary filters: 5, did not pass the filter by color: 0, added: 5, new vincodes: 0
24-03-2012 19:27:21 --- INFO: Mitsubishi Montero 4WD Limited - found: 86, pass primary filters: 17, did not pass the filter by color: 17, added: 0, new vincodes: 0
24-03-2012 19:33:06 --- INFO: Toyota 4RUNNER 4WD V6 - found: 181, pass primary filters: 30, did not pass the filter by color: 21, added: 9, new vincodes: 0
24-03-2012 19:37:12 --- INFO: Toyota RAV 4 - found: 139, pass primary filters: 51, did not pass the filter by color: 41, added: 10, new vincodes: 0
24-03-2012 19:44:07 --- INFO: Toyota Highlander 4WD - found: 216, pass primary filters: 3, did not pass the filter by color: 3, added: 0, new vincodes: 0
24-03-2012 19:48:18 --- INFO: Toyota Highlander - found: 138, pass primary filters: 18, did not pass the filter by color: 13, added: 5, new vincodes: 0
24-03-2012 19:53:47 --- INFO: Lexus RX 350 - found: 171, pass primary filters: 24, did not pass the filter by color: 22, added: 2, new vincodes: 0
24-03-2012 19:59:24 --- INFO: Toyota 4RUNNER Limited V6 - found: 181, pass primary filters: 5, did not pass the filter by color: 5, added: 0, new vincodes: 0
24-03-2012 19:59:24 --- INFO: finish: 24-03-2012 19:59:24
24-03-2012 19:59:24 --- INFO: elapsed time: ~4762.99 sec., memory usage: ~6.81 Mb.