
25-04-2012 06:10:01 --- INFO: start: 25-04-2012 06:10:01
25-04-2012 06:10:01 --- INFO: ----------Source_Adesa (cli)
25-04-2012 06:10:06 --- INFO: Authorized request
25-04-2012 06:10:23 --- INFO: Lexus RX 300 - found: 13, pass primary filters: 9, did not pass the filter by color: 6, added: 3, new vincodes: 0
25-04-2012 06:10:31 --- INFO: Lexus RX 330 - found: 12, pass primary filters: 7, did not pass the filter by color: 6, added: 1, new vincodes: 0
25-04-2012 06:10:31 --- INFO: Lexus RX 400H - found: 3, pass primary filters: 0, did not pass the filter by color: 0, added: 0, new vincodes: 0
25-04-2012 06:10:48 --- INFO: Lexus GX 470 - found: 7, pass primary filters: 6, did not pass the filter by color: 4, added: 2, new vincodes: 0
25-04-2012 06:10:54 --- INFO: Lexus GX 470 - found: 3, pass primary filters: 3, did not pass the filter by color: 2, added: 1, new vincodes: 0
25-04-2012 06:10:55 --- INFO: Lexus LX 470 - found: 0, pass primary filters: 0, did not pass the filter by color: 0, added: 0, new vincodes: 0
25-04-2012 06:10:55 --- INFO: Lexus LX 470 - found: 0, pass primary filters: 0, did not pass the filter by color: 0, added: 0, new vincodes: 0
25-04-2012 06:10:55 --- INFO: Toyota Land Cruiser - found: 0, pass primary filters: 0, did not pass the filter by color: 0, added: 0, new vincodes: 0
25-04-2012 06:10:56 --- INFO: Honda CR-V - found: 7, pass primary filters: 0, did not pass the filter by color: 0, added: 0, new vincodes: 0
25-04-2012 06:10:56 --- INFO: Honda CR-V - found: 4, pass primary filters: 0, did not pass the filter by color: 0, added: 0, new vincodes: 0
25-04-2012 06:10:56 --- INFO: Mitsubishi Montero 4WD Limited - found: 16, pass primary filters: 0, did not pass the filter by color: 0, added: 0, new vincodes: 0
25-04-2012 06:11:03 --- INFO: Toyota 4RUNNER 4WD V6 - found: 13, pass primary filters: 3, did not pass the filter by color: 2, added: 1, new vincodes: 0
25-04-2012 06:11:15 --- INFO: Toyota RAV 4 - found: 11, pass primary filters: 4, did not pass the filter by color: 4, added: 0, new vincodes: 0
25-04-2012 06:11:17 --- INFO: Toyota Highlander 4WD - found: 20, pass primary filters: 1, did not pass the filter by color: 1, added: 0, new vincodes: 0
25-04-2012 06:11:25 --- INFO: Toyota Highlander - found: 14, pass primary filters: 3, did not pass the filter by color: 3, added: 0, new vincodes: 0
25-04-2012 06:11:28 --- INFO: Lexus RX 350 - found: 4, pass primary filters: 2, did not pass the filter by color: 2, added: 0, new vincodes: 0
25-04-2012 06:11:29 --- INFO: Toyota 4RUNNER Limited V6 - found: 13, pass primary filters: 0, did not pass the filter by color: 0, added: 0, new vincodes: 0
25-04-2012 06:11:29 --- INFO: finish: 25-04-2012 06:11:29
25-04-2012 06:11:29 --- INFO: elapsed time: ~87.63 sec., memory usage: ~2.25 Mb.
25-04-2012 08:10:01 --- INFO: start: 25-04-2012 08:10:01
25-04-2012 08:10:01 --- INFO: ----------Source_Adesa (cli)
25-04-2012 08:10:02 --- INFO: Authorized request
25-04-2012 08:10:18 --- INFO: Lexus RX 300 - found: 13, pass primary filters: 9, did not pass the filter by color: 6, added: 3, new vincodes: 0
25-04-2012 08:10:29 --- INFO: Lexus RX 330 - found: 14, pass primary filters: 7, did not pass the filter by color: 6, added: 1, new vincodes: 0
25-04-2012 08:10:29 --- INFO: Lexus RX 400H - found: 3, pass primary filters: 0, did not pass the filter by color: 0, added: 0, new vincodes: 0
25-04-2012 08:10:44 --- INFO: Lexus GX 470 - found: 7, pass primary filters: 6, did not pass the filter by color: 4, added: 2, new vincodes: 0
25-04-2012 08:10:51 --- INFO: Lexus GX 470 - found: 3, pass primary filters: 3, did not pass the filter by color: 2, added: 1, new vincodes: 0
25-04-2012 08:10:53 --- INFO: Lexus LX 470 - found: 0, pass primary filters: 0, did not pass the filter by color: 0, added: 0, new vincodes: 0
25-04-2012 08:10:53 --- INFO: Lexus LX 470 - found: 0, pass primary filters: 0, did not pass the filter by color: 0, added: 0, new vincodes: 0
25-04-2012 08:10:53 --- INFO: Toyota Land Cruiser - found: 0, pass primary filters: 0, did not pass the filter by color: 0, added: 0, new vincodes: 0
25-04-2012 08:10:53 --- INFO: Honda CR-V - found: 7, pass primary filters: 0, did not pass the filter by color: 0, added: 0, new vincodes: 0
25-04-2012 08:10:54 --- INFO: Honda CR-V - found: 4, pass primary filters: 0, did not pass the filter by color: 0, added: 0, new vincodes: 0
25-04-2012 08:10:54 --- INFO: Mitsubishi Montero 4WD Limited - found: 16, pass primary filters: 0, did not pass the filter by color: 0, added: 0, new vincodes: 0
25-04-2012 08:11:02 --- INFO: Toyota 4RUNNER 4WD V6 - found: 14, pass primary filters: 3, did not pass the filter by color: 2, added: 1, new vincodes: 0
25-04-2012 08:11:15 --- INFO: Toyota RAV 4 - found: 11, pass primary filters: 4, did not pass the filter by color: 4, added: 0, new vincodes: 0
25-04-2012 08:11:17 --- INFO: Toyota Highlander 4WD - found: 20, pass primary filters: 1, did not pass the filter by color: 1, added: 0, new vincodes: 0
25-04-2012 08:11:23 --- INFO: Toyota Highlander - found: 14, pass primary filters: 3, did not pass the filter by color: 3, added: 0, new vincodes: 0
25-04-2012 08:11:24 --- INFO: Lexus RX 350 - found: 4, pass primary filters: 2, did not pass the filter by color: 2, added: 0, new vincodes: 0
25-04-2012 08:11:24 --- INFO: Toyota 4RUNNER Limited V6 - found: 14, pass primary filters: 0, did not pass the filter by color: 0, added: 0, new vincodes: 0
25-04-2012 08:11:24 --- INFO: finish: 25-04-2012 08:11:24
25-04-2012 08:11:24 --- INFO: elapsed time: ~83.67 sec., memory usage: ~2.25 Mb.
25-04-2012 06:40:01 --- INFO: start: 25-04-2012 06:40:01
25-04-2012 06:40:01 --- INFO: ----------Source_Gsmotors (cli)
25-04-2012 06:46:42 --- INFO: Lexus RX 300 - found: 102, pass primary filters: 66, did not pass the filter by color: 53, added: 13, new vincodes: 4
25-04-2012 07:01:36 --- INFO: Lexus RX 330 - found: 255, pass primary filters: 108, did not pass the filter by color: 93, added: 15, new vincodes: 0
25-04-2012 07:03:57 --- INFO: Lexus RX 400H - found: 49, pass primary filters: 18, did not pass the filter by color: 17, added: 1, new vincodes: 0
25-04-2012 07:09:27 --- INFO: Lexus GX 470 - found: 97, pass primary filters: 64, did not pass the filter by color: 50, added: 14, new vincodes: 0
25-04-2012 07:20:01 --- INFO: Lexus GX 470 - found: 196, pass primary filters: 93, did not pass the filter by color: 65, added: 28, new vincodes: 0
25-04-2012 07:24:29 --- INFO: Lexus LX 470 - found: 83, pass primary filters: 53, did not pass the filter by color: 44, added: 9, new vincodes: 1
25-04-2012 07:25:23 --- INFO: Lexus LX 470 - found: 25, pass primary filters: 2, did not pass the filter by color: 2, added: 0, new vincodes: 0
25-04-2012 07:27:36 --- INFO: Toyota Land Cruiser - found: 42, pass primary filters: 33, did not pass the filter by color: 27, added: 6, new vincodes: 0
25-04-2012 07:32:55 --- INFO: Honda CR-V - found: 98, pass primary filters: 8, did not pass the filter by color: 0, added: 8, new vincodes: 1
25-04-2012 07:45:49 --- INFO: Honda CR-V - found: 236, pass primary filters: 4, did not pass the filter by color: 0, added: 4, new vincodes: 0
25-04-2012 07:51:03 --- INFO: Mitsubishi Montero 4WD Limited - found: 90, pass primary filters: 18, did not pass the filter by color: 18, added: 0, new vincodes: 0
25-04-2012 08:00:50 --- INFO: Toyota 4RUNNER 4WD V6 - found: 160, pass primary filters: 38, did not pass the filter by color: 28, added: 10, new vincodes: 0
25-04-2012 08:07:09 --- INFO: Toyota RAV 4 - found: 110, pass primary filters: 56, did not pass the filter by color: 36, added: 20, new vincodes: 0
25-04-2012 08:17:48 --- INFO: Toyota Highlander 4WD - found: 195, pass primary filters: 3, did not pass the filter by color: 1, added: 2, new vincodes: 0
25-04-2012 08:23:13 --- INFO: Toyota Highlander - found: 127, pass primary filters: 26, did not pass the filter by color: 20, added: 6, new vincodes: 0
25-04-2012 08:30:10 --- INFO: Lexus RX 350 - found: 118, pass primary filters: 21, did not pass the filter by color: 19, added: 2, new vincodes: 1
25-04-2012 08:36:56 --- INFO: Toyota 4RUNNER Limited V6 - found: 160, pass primary filters: 2, did not pass the filter by color: 1, added: 1, new vincodes: 0
25-04-2012 08:36:56 --- INFO: finish: 25-04-2012 08:36:56
25-04-2012 08:36:56 --- INFO: elapsed time: ~7014.41 sec., memory usage: ~6.8 Mb.
25-04-2012 09:10:01 --- INFO: start: 25-04-2012 09:10:01
25-04-2012 09:10:01 --- INFO: ----------Source_Adesa (cli)
25-04-2012 09:10:03 --- INFO: Authorized request
25-04-2012 09:10:33 --- INFO: Lexus RX 300 - found: 13, pass primary filters: 9, did not pass the filter by color: 6, added: 3, new vincodes: 0
25-04-2012 09:10:49 --- INFO: Lexus RX 330 - found: 14, pass primary filters: 7, did not pass the filter by color: 6, added: 1, new vincodes: 0
25-04-2012 09:10:49 --- INFO: Lexus RX 400H - found: 3, pass primary filters: 0, did not pass the filter by color: 0, added: 0, new vincodes: 0
25-04-2012 09:11:11 --- INFO: Lexus GX 470 - found: 7, pass primary filters: 6, did not pass the filter by color: 4, added: 2, new vincodes: 0
25-04-2012 09:11:22 --- INFO: Lexus GX 470 - found: 3, pass primary filters: 3, did not pass the filter by color: 2, added: 1, new vincodes: 0
25-04-2012 09:11:22 --- INFO: Lexus LX 470 - found: 0, pass primary filters: 0, did not pass the filter by color: 0, added: 0, new vincodes: 0
25-04-2012 09:11:23 --- INFO: Lexus LX 470 - found: 0, pass primary filters: 0, did not pass the filter by color: 0, added: 0, new vincodes: 0
25-04-2012 09:11:23 --- INFO: Toyota Land Cruiser - found: 0, pass primary filters: 0, did not pass the filter by color: 0, added: 0, new vincodes: 0
25-04-2012 09:11:23 --- INFO: Honda CR-V - found: 7, pass primary filters: 0, did not pass the filter by color: 0, added: 0, new vincodes: 0
25-04-2012 09:11:24 --- INFO: Honda CR-V - found: 4, pass primary filters: 0, did not pass the filter by color: 0, added: 0, new vincodes: 0
25-04-2012 09:11:27 --- INFO: Mitsubishi Montero 4WD Limited - found: 19, pass primary filters: 0, did not pass the filter by color: 0, added: 0, new vincodes: 0
25-04-2012 09:11:34 --- INFO: Toyota 4RUNNER 4WD V6 - found: 14, pass primary filters: 3, did not pass the filter by color: 2, added: 1, new vincodes: 0
25-04-2012 09:11:49 --- INFO: Toyota RAV 4 - found: 11, pass primary filters: 4, did not pass the filter by color: 4, added: 0, new vincodes: 0
25-04-2012 09:11:52 --- INFO: Toyota Highlander 4WD - found: 21, pass primary filters: 1, did not pass the filter by color: 1, added: 0, new vincodes: 0
25-04-2012 09:12:36 --- INFO: Toyota Highlander - found: 14, pass primary filters: 3, did not pass the filter by color: 3, added: 0, new vincodes: 0
25-04-2012 09:12:38 --- INFO: Lexus RX 350 - found: 4, pass primary filters: 2, did not pass the filter by color: 2, added: 0, new vincodes: 0
25-04-2012 09:12:39 --- INFO: Toyota 4RUNNER Limited V6 - found: 14, pass primary filters: 0, did not pass the filter by color: 0, added: 0, new vincodes: 0
25-04-2012 09:12:39 --- INFO: finish: 25-04-2012 09:12:39
25-04-2012 09:12:39 --- INFO: elapsed time: ~157.49 sec., memory usage: ~2.25 Mb.
25-04-2012 10:00:01 --- INFO: start: 25-04-2012 10:00:01
25-04-2012 10:00:01 --- INFO: ----------Source_Adesa (cli)
25-04-2012 10:00:06 --- INFO: Authorized request
25-04-2012 10:00:24 --- INFO: Lexus RX 300 - found: 16, pass primary filters: 9, did not pass the filter by color: 6, added: 3, new vincodes: 0
25-04-2012 10:00:37 --- INFO: Lexus RX 330 - found: 22, pass primary filters: 8, did not pass the filter by color: 7, added: 1, new vincodes: 0
25-04-2012 10:00:37 --- INFO: Lexus RX 400H - found: 4, pass primary filters: 0, did not pass the filter by color: 0, added: 0, new vincodes: 0
25-04-2012 10:00:53 --- INFO: Lexus GX 470 - found: 8, pass primary filters: 5, did not pass the filter by color: 3, added: 2, new vincodes: 0
25-04-2012 10:01:18 --- INFO: Lexus GX 470 - found: 7, pass primary filters: 4, did not pass the filter by color: 3, added: 1, new vincodes: 0
25-04-2012 10:01:18 --- INFO: Lexus LX 470 - found: 0, pass primary filters: 0, did not pass the filter by color: 0, added: 0, new vincodes: 0
25-04-2012 10:01:18 --- INFO: Lexus LX 470 - found: 0, pass primary filters: 0, did not pass the filter by color: 0, added: 0, new vincodes: 0
25-04-2012 10:01:19 --- INFO: Toyota Land Cruiser - found: 0, pass primary filters: 0, did not pass the filter by color: 0, added: 0, new vincodes: 0
25-04-2012 10:01:52 --- INFO: Honda CR-V - found: 15, pass primary filters: 1, did not pass the filter by color: 0, added: 1, new vincodes: 1
25-04-2012 10:01:53 --- INFO: Honda CR-V - found: 5, pass primary filters: 0, did not pass the filter by color: 0, added: 0, new vincodes: 0
25-04-2012 10:02:24 --- INFO: Mitsubishi Montero 4WD Limited - found: 25, pass primary filters: 1, did not pass the filter by color: 1, added: 0, new vincodes: 0
25-04-2012 10:02:43 --- INFO: Toyota 4RUNNER 4WD V6 - found: 21, pass primary filters: 5, did not pass the filter by color: 4, added: 1, new vincodes: 0
25-04-2012 10:03:47 --- INFO: Toyota RAV 4 - found: 17, pass primary filters: 5, did not pass the filter by color: 5, added: 0, new vincodes: 2
25-04-2012 10:03:50 --- INFO: Toyota Highlander 4WD - found: 44, pass primary filters: 1, did not pass the filter by color: 1, added: 0, new vincodes: 0
25-04-2012 10:04:02 --- INFO: Toyota Highlander - found: 26, pass primary filters: 4, did not pass the filter by color: 4, added: 0, new vincodes: 0
25-04-2012 10:04:34 --- INFO: Lexus RX 350 - found: 10, pass primary filters: 3, did not pass the filter by color: 3, added: 0, new vincodes: 1
25-04-2012 10:05:09 --- INFO: Toyota 4RUNNER Limited V6 - found: 21, pass primary filters: 1, did not pass the filter by color: 0, added: 1, new vincodes: 1
25-04-2012 10:05:09 --- INFO: finish: 25-04-2012 10:05:09
25-04-2012 10:05:09 --- INFO: elapsed time: ~308.5 sec., memory usage: ~2.4 Mb.
25-04-2012 08:40:01 --- INFO: start: 25-04-2012 08:40:01
25-04-2012 08:40:01 --- INFO: ----------Source_Gsmotors (cli)
25-04-2012 08:44:15 --- INFO: Lexus RX 300 - found: 102, pass primary filters: 66, did not pass the filter by color: 54, added: 12, new vincodes: 0
25-04-2012 08:55:26 --- INFO: Lexus RX 330 - found: 255, pass primary filters: 108, did not pass the filter by color: 94, added: 14, new vincodes: 0
25-04-2012 08:57:24 --- INFO: Lexus RX 400H - found: 49, pass primary filters: 18, did not pass the filter by color: 17, added: 1, new vincodes: 0
25-04-2012 09:01:24 --- INFO: Lexus GX 470 - found: 97, pass primary filters: 64, did not pass the filter by color: 50, added: 14, new vincodes: 0
25-04-2012 09:09:18 --- INFO: Lexus GX 470 - found: 196, pass primary filters: 93, did not pass the filter by color: 65, added: 28, new vincodes: 0
25-04-2012 09:12:34 --- INFO: Lexus LX 470 - found: 83, pass primary filters: 53, did not pass the filter by color: 44, added: 9, new vincodes: 0
25-04-2012 09:13:35 --- INFO: Lexus LX 470 - found: 25, pass primary filters: 2, did not pass the filter by color: 2, added: 0, new vincodes: 0
25-04-2012 09:15:14 --- INFO: Toyota Land Cruiser - found: 42, pass primary filters: 33, did not pass the filter by color: 27, added: 6, new vincodes: 0
25-04-2012 09:19:37 --- INFO: Honda CR-V - found: 98, pass primary filters: 8, did not pass the filter by color: 0, added: 8, new vincodes: 0
25-04-2012 09:29:42 --- INFO: Honda CR-V - found: 236, pass primary filters: 4, did not pass the filter by color: 0, added: 4, new vincodes: 0
25-04-2012 09:34:08 --- INFO: Mitsubishi Montero 4WD Limited - found: 90, pass primary filters: 18, did not pass the filter by color: 18, added: 0, new vincodes: 0
25-04-2012 09:40:59 --- INFO: Toyota 4RUNNER 4WD V6 - found: 160, pass primary filters: 38, did not pass the filter by color: 6, added: 32, new vincodes: 0
25-04-2012 09:45:31 --- INFO: Toyota RAV 4 - found: 110, pass primary filters: 56, did not pass the filter by color: 38, added: 18, new vincodes: 0
25-04-2012 09:54:04 --- INFO: Toyota Highlander 4WD - found: 195, pass primary filters: 3, did not pass the filter by color: 1, added: 2, new vincodes: 0
25-04-2012 09:59:34 --- INFO: Toyota Highlander - found: 127, pass primary filters: 26, did not pass the filter by color: 21, added: 5, new vincodes: 0
25-04-2012 10:05:15 --- INFO: Lexus RX 350 - found: 118, pass primary filters: 21, did not pass the filter by color: 19, added: 2, new vincodes: 0
25-04-2012 10:12:16 --- INFO: Toyota 4RUNNER Limited V6 - found: 160, pass primary filters: 2, did not pass the filter by color: 1, added: 1, new vincodes: 0
25-04-2012 10:12:16 --- INFO: finish: 25-04-2012 10:12:16
25-04-2012 10:12:16 --- INFO: elapsed time: ~5535.44 sec., memory usage: ~6.66 Mb.
25-04-2012 09:40:01 --- INFO: start: 25-04-2012 09:40:01
25-04-2012 09:40:01 --- INFO: ----------Source_Gsmotors (cli)
25-04-2012 09:44:33 --- INFO: Lexus RX 300 - found: 102, pass primary filters: 66, did not pass the filter by color: 54, added: 12, new vincodes: 0
25-04-2012 09:56:31 --- INFO: Lexus RX 330 - found: 255, pass primary filters: 108, did not pass the filter by color: 94, added: 14, new vincodes: 0
25-04-2012 09:58:33 --- INFO: Lexus RX 400H - found: 49, pass primary filters: 18, did not pass the filter by color: 17, added: 1, new vincodes: 0
25-04-2012 10:03:08 --- INFO: Lexus GX 470 - found: 97, pass primary filters: 64, did not pass the filter by color: 50, added: 14, new vincodes: 0
25-04-2012 10:12:12 --- INFO: Lexus GX 470 - found: 196, pass primary filters: 93, did not pass the filter by color: 65, added: 28, new vincodes: 0
25-04-2012 10:15:39 --- INFO: Lexus LX 470 - found: 83, pass primary filters: 53, did not pass the filter by color: 44, added: 9, new vincodes: 0
25-04-2012 10:16:38 --- INFO: Lexus LX 470 - found: 25, pass primary filters: 2, did not pass the filter by color: 2, added: 0, new vincodes: 0
25-04-2012 10:18:09 --- INFO: Toyota Land Cruiser - found: 42, pass primary filters: 33, did not pass the filter by color: 27, added: 6, new vincodes: 0
25-04-2012 10:22:27 --- INFO: Honda CR-V - found: 98, pass primary filters: 8, did not pass the filter by color: 0, added: 8, new vincodes: 0
25-04-2012 10:31:48 --- INFO: Honda CR-V - found: 236, pass primary filters: 4, did not pass the filter by color: 0, added: 4, new vincodes: 0
25-04-2012 10:36:01 --- INFO: Mitsubishi Montero 4WD Limited - found: 90, pass primary filters: 18, did not pass the filter by color: 18, added: 0, new vincodes: 0
25-04-2012 10:43:24 --- INFO: Toyota 4RUNNER 4WD V6 - found: 160, pass primary filters: 38, did not pass the filter by color: 28, added: 10, new vincodes: 0
25-04-2012 10:48:14 --- INFO: Toyota RAV 4 - found: 110, pass primary filters: 56, did not pass the filter by color: 37, added: 19, new vincodes: 0
25-04-2012 10:56:16 --- INFO: Toyota Highlander 4WD - found: 195, pass primary filters: 3, did not pass the filter by color: 1, added: 2, new vincodes: 0
25-04-2012 11:01:33 --- INFO: Toyota Highlander - found: 127, pass primary filters: 26, did not pass the filter by color: 21, added: 5, new vincodes: 0
25-04-2012 11:06:36 --- INFO: Lexus RX 350 - found: 118, pass primary filters: 21, did not pass the filter by color: 19, added: 2, new vincodes: 0
25-04-2012 11:08:59 --- INFO: Toyota 4RUNNER Limited V6 - found: 160, pass primary filters: 0, did not pass the filter by color: 0, added: 0, new vincodes: 0
25-04-2012 11:08:59 --- INFO: finish: 25-04-2012 11:08:59
25-04-2012 11:08:59 --- INFO: elapsed time: ~5338.36 sec., memory usage: ~6.66 Mb.
25-04-2012 10:30:01 --- INFO: start: 25-04-2012 10:30:01
25-04-2012 10:30:01 --- INFO: ----------Source_Gsmotors (cli)
25-04-2012 10:34:17 --- INFO: Lexus RX 300 - found: 102, pass primary filters: 66, did not pass the filter by color: 53, added: 13, new vincodes: 0
25-04-2012 10:46:42 --- INFO: Lexus RX 330 - found: 255, pass primary filters: 108, did not pass the filter by color: 94, added: 14, new vincodes: 0
25-04-2012 10:48:46 --- INFO: Lexus RX 400H - found: 49, pass primary filters: 18, did not pass the filter by color: 17, added: 1, new vincodes: 0
25-04-2012 10:52:57 --- INFO: Lexus GX 470 - found: 97, pass primary filters: 64, did not pass the filter by color: 50, added: 14, new vincodes: 0
25-04-2012 11:01:15 --- INFO: Lexus GX 470 - found: 196, pass primary filters: 93, did not pass the filter by color: 65, added: 28, new vincodes: 0
25-04-2012 11:04:38 --- INFO: Lexus LX 470 - found: 83, pass primary filters: 53, did not pass the filter by color: 44, added: 9, new vincodes: 0
25-04-2012 11:05:38 --- INFO: Lexus LX 470 - found: 25, pass primary filters: 2, did not pass the filter by color: 2, added: 0, new vincodes: 0
25-04-2012 11:07:10 --- INFO: Toyota Land Cruiser - found: 42, pass primary filters: 33, did not pass the filter by color: 27, added: 6, new vincodes: 0
25-04-2012 11:09:03 --- INFO: Honda CR-V - found: 98, pass primary filters: 3, did not pass the filter by color: 0, added: 3, new vincodes: 0
25-04-2012 11:09:03 --- ERROR: Request returns empty result
25-04-2012 11:09:03 --- INFO: Honda CR-V - found: 0, pass primary filters: 0, did not pass the filter by color: 0, added: 0, new vincodes: 0
25-04-2012 11:09:03 --- ERROR: Request returns empty result
25-04-2012 11:09:03 --- INFO: Mitsubishi Montero 4WD Limited - found: 0, pass primary filters: 0, did not pass the filter by color: 0, added: 0, new vincodes: 0
25-04-2012 11:09:03 --- ERROR: Request returns empty result
25-04-2012 11:09:03 --- INFO: Toyota 4RUNNER 4WD V6 - found: 0, pass primary filters: 0, did not pass the filter by color: 0, added: 0, new vincodes: 0
25-04-2012 11:09:04 --- ERROR: Request returns empty result
25-04-2012 11:09:04 --- INFO: Toyota RAV 4 - found: 0, pass primary filters: 0, did not pass the filter by color: 0, added: 0, new vincodes: 0
25-04-2012 11:09:04 --- ERROR: Request returns empty result
25-04-2012 11:09:04 --- INFO: Toyota Highlander 4WD - found: 0, pass primary filters: 0, did not pass the filter by color: 0, added: 0, new vincodes: 0
25-04-2012 11:09:04 --- ERROR: Request returns empty result
25-04-2012 11:09:04 --- INFO: Toyota Highlander - found: 0, pass primary filters: 0, did not pass the filter by color: 0, added: 0, new vincodes: 0
25-04-2012 11:09:04 --- ERROR: Request returns empty result
25-04-2012 11:09:04 --- INFO: Lexus RX 350 - found: 0, pass primary filters: 0, did not pass the filter by color: 0, added: 0, new vincodes: 0
25-04-2012 11:09:04 --- ERROR: Request returns empty result
25-04-2012 11:09:04 --- INFO: Toyota 4RUNNER Limited V6 - found: 0, pass primary filters: 0, did not pass the filter by color: 0, added: 0, new vincodes: 0
25-04-2012 11:09:04 --- INFO: finish: 25-04-2012 11:09:04
25-04-2012 11:09:04 --- INFO: elapsed time: ~2343.34 sec., memory usage: ~5.27 Mb.
25-04-2012 11:10:01 --- INFO: start: 25-04-2012 11:10:01
25-04-2012 11:10:01 --- INFO: ----------Source_Adesa (cli)
25-04-2012 11:10:04 --- INFO: Authorized request
25-04-2012 11:11:16 --- INFO: Lexus RX 300 - found: 17, pass primary filters: 11, did not pass the filter by color: 8, added: 3, new vincodes: 2
25-04-2012 11:11:38 --- INFO: Lexus RX 330 - found: 23, pass primary filters: 9, did not pass the filter by color: 8, added: 1, new vincodes: 0
25-04-2012 11:11:39 --- INFO: Lexus RX 400H - found: 4, pass primary filters: 0, did not pass the filter by color: 0, added: 0, new vincodes: 0
25-04-2012 11:11:58 --- INFO: Lexus GX 470 - found: 8, pass primary filters: 5, did not pass the filter by color: 3, added: 2, new vincodes: 0
25-04-2012 11:12:38 --- INFO: Lexus GX 470 - found: 7, pass primary filters: 5, did not pass the filter by color: 4, added: 1, new vincodes: 1
25-04-2012 11:12:41 --- INFO: Lexus LX 470 - found: 1, pass primary filters: 1, did not pass the filter by color: 1, added: 0, new vincodes: 0
25-04-2012 11:12:41 --- INFO: Lexus LX 470 - found: 0, pass primary filters: 0, did not pass the filter by color: 0, added: 0, new vincodes: 0
25-04-2012 11:12:44 --- INFO: Toyota Land Cruiser - found: 0, pass primary filters: 0, did not pass the filter by color: 0, added: 0, new vincodes: 0
25-04-2012 11:12:49 --- INFO: Honda CR-V - found: 15, pass primary filters: 1, did not pass the filter by color: 0, added: 1, new vincodes: 0
25-04-2012 11:12:53 --- INFO: Honda CR-V - found: 5, pass primary filters: 0, did not pass the filter by color: 0, added: 0, new vincodes: 0
25-04-2012 11:12:57 --- INFO: Mitsubishi Montero 4WD Limited - found: 27, pass primary filters: 1, did not pass the filter by color: 1, added: 0, new vincodes: 0
25-04-2012 11:13:13 --- INFO: Toyota 4RUNNER 4WD V6 - found: 21, pass primary filters: 5, did not pass the filter by color: 4, added: 1, new vincodes: 0
25-04-2012 11:14:36 --- INFO: Toyota RAV 4 - found: 18, pass primary filters: 6, did not pass the filter by color: 6, added: 0, new vincodes: 1
25-04-2012 11:14:39 --- INFO: Toyota Highlander 4WD - found: 46, pass primary filters: 1, did not pass the filter by color: 1, added: 0, new vincodes: 0
25-04-2012 11:14:51 --- INFO: Toyota Highlander - found: 29, pass primary filters: 4, did not pass the filter by color: 4, added: 0, new vincodes: 0
25-04-2012 11:14:55 --- INFO: Lexus RX 350 - found: 10, pass primary filters: 3, did not pass the filter by color: 3, added: 0, new vincodes: 0
25-04-2012 11:15:01 --- INFO: Toyota 4RUNNER Limited V6 - found: 21, pass primary filters: 1, did not pass the filter by color: 0, added: 1, new vincodes: 0
25-04-2012 11:15:01 --- INFO: finish: 25-04-2012 11:15:01
25-04-2012 11:15:01 --- INFO: elapsed time: ~299.66 sec., memory usage: ~2.43 Mb.
25-04-2012 12:20:01 --- INFO: start: 25-04-2012 12:20:01
25-04-2012 12:20:01 --- INFO: ----------Source_Adesa (cli)
25-04-2012 12:20:10 --- INFO: Authorized request
25-04-2012 12:20:33 --- INFO: Lexus RX 300 - found: 18, pass primary filters: 11, did not pass the filter by color: 8, added: 3, new vincodes: 0
25-04-2012 12:21:42 --- INFO: Lexus RX 330 - found: 24, pass primary filters: 10, did not pass the filter by color: 9, added: 1, new vincodes: 0
25-04-2012 12:21:42 --- INFO: Lexus RX 400H - found: 4, pass primary filters: 0, did not pass the filter by color: 0, added: 0, new vincodes: 0
25-04-2012 12:21:54 --- INFO: Lexus GX 470 - found: 8, pass primary filters: 5, did not pass the filter by color: 3, added: 2, new vincodes: 0
25-04-2012 12:22:04 --- INFO: Lexus GX 470 - found: 7, pass primary filters: 5, did not pass the filter by color: 4, added: 1, new vincodes: 0
25-04-2012 12:22:06 --- INFO: Lexus LX 470 - found: 2, pass primary filters: 1, did not pass the filter by color: 1, added: 0, new vincodes: 0
25-04-2012 12:22:06 --- INFO: Lexus LX 470 - found: 0, pass primary filters: 0, did not pass the filter by color: 0, added: 0, new vincodes: 0
25-04-2012 12:22:06 --- INFO: Toyota Land Cruiser - found: 0, pass primary filters: 0, did not pass the filter by color: 0, added: 0, new vincodes: 0
25-04-2012 12:22:07 --- INFO: Honda CR-V - found: 15, pass primary filters: 1, did not pass the filter by color: 0, added: 1, new vincodes: 0
25-04-2012 12:22:08 --- INFO: Honda CR-V - found: 5, pass primary filters: 0, did not pass the filter by color: 0, added: 0, new vincodes: 0
25-04-2012 12:22:35 --- INFO: Mitsubishi Montero 4WD Limited - found: 27, pass primary filters: 2, did not pass the filter by color: 2, added: 0, new vincodes: 1
25-04-2012 12:22:45 --- INFO: Toyota 4RUNNER 4WD V6 - found: 22, pass primary filters: 5, did not pass the filter by color: 4, added: 1, new vincodes: 0
25-04-2012 12:23:04 --- INFO: Toyota RAV 4 - found: 18, pass primary filters: 7, did not pass the filter by color: 7, added: 0, new vincodes: 1
25-04-2012 12:23:07 --- INFO: Toyota Highlander 4WD - found: 47, pass primary filters: 1, did not pass the filter by color: 1, added: 0, new vincodes: 0
25-04-2012 12:23:18 --- INFO: Toyota Highlander - found: 30, pass primary filters: 4, did not pass the filter by color: 4, added: 0, new vincodes: 0
25-04-2012 12:23:23 --- INFO: Lexus RX 350 - found: 10, pass primary filters: 3, did not pass the filter by color: 3, added: 0, new vincodes: 0
25-04-2012 12:23:27 --- INFO: Toyota 4RUNNER Limited V6 - found: 22, pass primary filters: 1, did not pass the filter by color: 0, added: 1, new vincodes: 0
25-04-2012 12:23:27 --- INFO: finish: 25-04-2012 12:23:27
25-04-2012 12:23:27 --- INFO: elapsed time: ~205.53 sec., memory usage: ~2.46 Mb.
25-04-2012 13:20:01 --- INFO: start: 25-04-2012 13:20:01
25-04-2012 13:20:01 --- INFO: ----------Source_Adesa (cli)
25-04-2012 13:20:02 --- INFO: Authorized request
25-04-2012 13:21:44 --- INFO: Lexus RX 300 - found: 20, pass primary filters: 11, did not pass the filter by color: 8, added: 3, new vincodes: 0
25-04-2012 13:21:59 --- INFO: Lexus RX 330 - found: 25, pass primary filters: 10, did not pass the filter by color: 9, added: 1, new vincodes: 0
25-04-2012 13:22:00 --- INFO: Lexus RX 400H - found: 4, pass primary filters: 0, did not pass the filter by color: 0, added: 0, new vincodes: 0
25-04-2012 13:22:11 --- INFO: Lexus GX 470 - found: 8, pass primary filters: 5, did not pass the filter by color: 3, added: 2, new vincodes: 0
25-04-2012 13:22:22 --- INFO: Lexus GX 470 - found: 8, pass primary filters: 6, did not pass the filter by color: 5, added: 1, new vincodes: 0
25-04-2012 13:22:23 --- INFO: Lexus LX 470 - found: 2, pass primary filters: 1, did not pass the filter by color: 1, added: 0, new vincodes: 0
25-04-2012 13:22:23 --- INFO: Lexus LX 470 - found: 0, pass primary filters: 0, did not pass the filter by color: 0, added: 0, new vincodes: 0
25-04-2012 13:22:24 --- INFO: Toyota Land Cruiser - found: 0, pass primary filters: 0, did not pass the filter by color: 0, added: 0, new vincodes: 0
25-04-2012 13:22:24 --- INFO: Honda CR-V - found: 15, pass primary filters: 1, did not pass the filter by color: 0, added: 1, new vincodes: 0
25-04-2012 13:22:25 --- INFO: Honda CR-V - found: 5, pass primary filters: 0, did not pass the filter by color: 0, added: 0, new vincodes: 0
25-04-2012 13:22:33 --- INFO: Mitsubishi Montero 4WD Limited - found: 29, pass primary filters: 2, did not pass the filter by color: 2, added: 0, new vincodes: 0
25-04-2012 13:22:40 --- INFO: Toyota 4RUNNER 4WD V6 - found: 22, pass primary filters: 5, did not pass the filter by color: 4, added: 1, new vincodes: 0
25-04-2012 13:22:51 --- INFO: Toyota RAV 4 - found: 20, pass primary filters: 7, did not pass the filter by color: 7, added: 0, new vincodes: 0
25-04-2012 13:22:55 --- INFO: Toyota Highlander 4WD - found: 48, pass primary filters: 1, did not pass the filter by color: 1, added: 0, new vincodes: 0
25-04-2012 13:23:13 --- INFO: Toyota Highlander - found: 30, pass primary filters: 5, did not pass the filter by color: 5, added: 0, new vincodes: 0
25-04-2012 13:23:14 --- INFO: Lexus RX 350 - found: 10, pass primary filters: 3, did not pass the filter by color: 3, added: 0, new vincodes: 0
25-04-2012 13:23:19 --- INFO: Toyota 4RUNNER Limited V6 - found: 22, pass primary filters: 1, did not pass the filter by color: 0, added: 1, new vincodes: 0
25-04-2012 13:23:19 --- INFO: finish: 25-04-2012 13:23:19
25-04-2012 13:23:19 --- INFO: elapsed time: ~197.87 sec., memory usage: ~2.43 Mb.
25-04-2012 11:40:01 --- INFO: start: 25-04-2012 11:40:01
25-04-2012 11:40:01 --- INFO: ----------Source_Gsmotors (cli)
25-04-2012 11:47:27 --- INFO: Lexus RX 300 - found: 115, pass primary filters: 76, did not pass the filter by color: 61, added: 15, new vincodes: 6
25-04-2012 12:05:12 --- INFO: Lexus RX 330 - found: 294, pass primary filters: 115, did not pass the filter by color: 100, added: 15, new vincodes: 6
25-04-2012 12:08:48 --- INFO: Lexus RX 400H - found: 66, pass primary filters: 20, did not pass the filter by color: 19, added: 1, new vincodes: 1
25-04-2012 12:14:57 --- INFO: Lexus GX 470 - found: 108, pass primary filters: 66, did not pass the filter by color: 53, added: 13, new vincodes: 1
25-04-2012 12:28:06 --- INFO: Lexus GX 470 - found: 216, pass primary filters: 99, did not pass the filter by color: 70, added: 29, new vincodes: 3
25-04-2012 12:33:52 --- INFO: Lexus LX 470 - found: 91, pass primary filters: 57, did not pass the filter by color: 48, added: 9, new vincodes: 2
25-04-2012 12:35:01 --- INFO: Lexus LX 470 - found: 27, pass primary filters: 2, did not pass the filter by color: 2, added: 0, new vincodes: 0
25-04-2012 12:37:55 --- INFO: Toyota Land Cruiser - found: 47, pass primary filters: 36, did not pass the filter by color: 30, added: 6, new vincodes: 1
25-04-2012 12:44:01 --- INFO: Honda CR-V - found: 113, pass primary filters: 8, did not pass the filter by color: 0, added: 8, new vincodes: 0
25-04-2012 12:57:17 --- INFO: Honda CR-V - found: 269, pass primary filters: 4, did not pass the filter by color: 0, added: 4, new vincodes: 0
25-04-2012 13:03:24 --- INFO: Mitsubishi Montero 4WD Limited - found: 101, pass primary filters: 18, did not pass the filter by color: 18, added: 0, new vincodes: 0
25-04-2012 13:14:24 --- INFO: Toyota 4RUNNER 4WD V6 - found: 176, pass primary filters: 39, did not pass the filter by color: 27, added: 12, new vincodes: 0
25-04-2012 13:20:56 --- INFO: Toyota RAV 4 - found: 123, pass primary filters: 55, did not pass the filter by color: 34, added: 21, new vincodes: 1
25-04-2012 13:32:52 --- INFO: Toyota Highlander 4WD - found: 220, pass primary filters: 3, did not pass the filter by color: 1, added: 2, new vincodes: 0
25-04-2012 13:38:19 --- INFO: Toyota Highlander - found: 143, pass primary filters: 27, did not pass the filter by color: 20, added: 7, new vincodes: 0
25-04-2012 13:46:21 --- INFO: Lexus RX 350 - found: 139, pass primary filters: 26, did not pass the filter by color: 24, added: 2, new vincodes: 1
25-04-2012 13:53:52 --- INFO: Toyota 4RUNNER Limited V6 - found: 176, pass primary filters: 2, did not pass the filter by color: 1, added: 1, new vincodes: 0
25-04-2012 13:53:52 --- INFO: finish: 25-04-2012 13:53:52
25-04-2012 13:53:52 --- INFO: elapsed time: ~8030.51 sec., memory usage: ~7.13 Mb.
25-04-2012 12:50:01 --- INFO: start: 25-04-2012 12:50:01
25-04-2012 12:50:01 --- INFO: ----------Source_Gsmotors (cli)
25-04-2012 12:54:29 --- INFO: Lexus RX 300 - found: 115, pass primary filters: 76, did not pass the filter by color: 61, added: 15, new vincodes: 0
25-04-2012 13:06:09 --- INFO: Lexus RX 330 - found: 294, pass primary filters: 115, did not pass the filter by color: 100, added: 15, new vincodes: 0
25-04-2012 13:09:46 --- INFO: Lexus RX 400H - found: 66, pass primary filters: 20, did not pass the filter by color: 19, added: 1, new vincodes: 0
25-04-2012 13:15:49 --- INFO: Lexus GX 470 - found: 108, pass primary filters: 66, did not pass the filter by color: 53, added: 13, new vincodes: 0
25-04-2012 13:24:45 --- INFO: Lexus GX 470 - found: 216, pass primary filters: 99, did not pass the filter by color: 70, added: 29, new vincodes: 0
25-04-2012 13:27:54 --- INFO: Lexus LX 470 - found: 91, pass primary filters: 57, did not pass the filter by color: 48, added: 9, new vincodes: 0
25-04-2012 13:28:48 --- INFO: Lexus LX 470 - found: 27, pass primary filters: 2, did not pass the filter by color: 2, added: 0, new vincodes: 0
25-04-2012 13:30:32 --- INFO: Toyota Land Cruiser - found: 47, pass primary filters: 36, did not pass the filter by color: 30, added: 6, new vincodes: 0
25-04-2012 13:34:57 --- INFO: Honda CR-V - found: 113, pass primary filters: 8, did not pass the filter by color: 0, added: 8, new vincodes: 0
25-04-2012 13:45:11 --- INFO: Honda CR-V - found: 269, pass primary filters: 4, did not pass the filter by color: 0, added: 4, new vincodes: 0
25-04-2012 13:49:24 --- INFO: Mitsubishi Montero 4WD Limited - found: 101, pass primary filters: 18, did not pass the filter by color: 18, added: 0, new vincodes: 0
25-04-2012 13:56:01 --- INFO: Toyota 4RUNNER 4WD V6 - found: 176, pass primary filters: 39, did not pass the filter by color: 27, added: 12, new vincodes: 0
25-04-2012 14:00:25 --- INFO: Toyota RAV 4 - found: 123, pass primary filters: 55, did not pass the filter by color: 34, added: 21, new vincodes: 0
25-04-2012 14:09:12 --- INFO: Toyota Highlander 4WD - found: 220, pass primary filters: 3, did not pass the filter by color: 1, added: 2, new vincodes: 0
25-04-2012 14:14:33 --- INFO: Toyota Highlander - found: 143, pass primary filters: 27, did not pass the filter by color: 21, added: 6, new vincodes: 0
25-04-2012 14:19:27 --- INFO: Lexus RX 350 - found: 139, pass primary filters: 26, did not pass the filter by color: 24, added: 2, new vincodes: 0
25-04-2012 14:25:53 --- INFO: Toyota 4RUNNER Limited V6 - found: 176, pass primary filters: 2, did not pass the filter by color: 1, added: 1, new vincodes: 0
25-04-2012 14:25:53 --- INFO: finish: 25-04-2012 14:25:53
25-04-2012 14:25:53 --- INFO: elapsed time: ~5751.54 sec., memory usage: ~6.98 Mb.
25-04-2012 13:50:01 --- INFO: start: 25-04-2012 13:50:01
25-04-2012 13:50:01 --- INFO: ----------Source_Gsmotors (cli)
25-04-2012 13:55:05 --- INFO: Lexus RX 300 - found: 115, pass primary filters: 76, did not pass the filter by color: 61, added: 15, new vincodes: 0
25-04-2012 14:06:22 --- INFO: Lexus RX 330 - found: 294, pass primary filters: 115, did not pass the filter by color: 100, added: 15, new vincodes: 0
25-04-2012 14:08:40 --- INFO: Lexus RX 400H - found: 66, pass primary filters: 20, did not pass the filter by color: 19, added: 1, new vincodes: 0
25-04-2012 14:12:33 --- INFO: Lexus GX 470 - found: 108, pass primary filters: 66, did not pass the filter by color: 53, added: 13, new vincodes: 0
25-04-2012 14:20:45 --- INFO: Lexus GX 470 - found: 216, pass primary filters: 99, did not pass the filter by color: 70, added: 29, new vincodes: 0
25-04-2012 14:23:48 --- INFO: Lexus LX 470 - found: 91, pass primary filters: 57, did not pass the filter by color: 48, added: 9, new vincodes: 0
25-04-2012 14:24:46 --- INFO: Lexus LX 470 - found: 27, pass primary filters: 2, did not pass the filter by color: 2, added: 0, new vincodes: 0
25-04-2012 14:26:22 --- INFO: Toyota Land Cruiser - found: 47, pass primary filters: 36, did not pass the filter by color: 30, added: 6, new vincodes: 0
25-04-2012 14:30:37 --- INFO: Honda CR-V - found: 113, pass primary filters: 8, did not pass the filter by color: 0, added: 8, new vincodes: 0
25-04-2012 14:41:25 --- INFO: Honda CR-V - found: 269, pass primary filters: 4, did not pass the filter by color: 0, added: 4, new vincodes: 0
25-04-2012 14:45:57 --- INFO: Mitsubishi Montero 4WD Limited - found: 101, pass primary filters: 18, did not pass the filter by color: 18, added: 0, new vincodes: 0
25-04-2012 14:53:38 --- INFO: Toyota 4RUNNER 4WD V6 - found: 176, pass primary filters: 39, did not pass the filter by color: 27, added: 12, new vincodes: 0
25-04-2012 14:58:09 --- INFO: Toyota RAV 4 - found: 123, pass primary filters: 55, did not pass the filter by color: 34, added: 21, new vincodes: 0
25-04-2012 15:06:57 --- INFO: Toyota Highlander 4WD - found: 220, pass primary filters: 3, did not pass the filter by color: 1, added: 2, new vincodes: 0
25-04-2012 15:12:34 --- INFO: Toyota Highlander - found: 143, pass primary filters: 27, did not pass the filter by color: 20, added: 7, new vincodes: 0
25-04-2012 15:17:59 --- INFO: Lexus RX 350 - found: 139, pass primary filters: 26, did not pass the filter by color: 24, added: 2, new vincodes: 0
25-04-2012 15:24:23 --- INFO: Toyota 4RUNNER Limited V6 - found: 176, pass primary filters: 2, did not pass the filter by color: 1, added: 1, new vincodes: 0
25-04-2012 15:24:23 --- INFO: finish: 25-04-2012 15:24:23
25-04-2012 15:24:23 --- INFO: elapsed time: ~5661.41 sec., memory usage: ~7.06 Mb.
25-04-2012 16:10:01 --- INFO: start: 25-04-2012 16:10:01
25-04-2012 16:10:01 --- INFO: ----------Source_Adesa (cli)
25-04-2012 16:10:02 --- INFO: Authorized request
25-04-2012 16:10:52 --- INFO: Lexus RX 300 - found: 23, pass primary filters: 14, did not pass the filter by color: 11, added: 3, new vincodes: 3
25-04-2012 16:11:24 --- INFO: Lexus RX 330 - found: 28, pass primary filters: 11, did not pass the filter by color: 9, added: 2, new vincodes: 1
25-04-2012 16:11:31 --- INFO: Lexus RX 400H - found: 4, pass primary filters: 1, did not pass the filter by color: 1, added: 0, new vincodes: 0
25-04-2012 16:11:48 --- INFO: Lexus GX 470 - found: 9, pass primary filters: 6, did not pass the filter by color: 3, added: 3, new vincodes: 0
25-04-2012 16:11:58 --- INFO: Lexus GX 470 - found: 8, pass primary filters: 6, did not pass the filter by color: 5, added: 1, new vincodes: 0
25-04-2012 16:11:59 --- INFO: Lexus LX 470 - found: 2, pass primary filters: 1, did not pass the filter by color: 1, added: 0, new vincodes: 0
25-04-2012 16:11:59 --- INFO: Lexus LX 470 - found: 0, pass primary filters: 0, did not pass the filter by color: 0, added: 0, new vincodes: 0
25-04-2012 16:12:00 --- INFO: Toyota Land Cruiser - found: 0, pass primary filters: 0, did not pass the filter by color: 0, added: 0, new vincodes: 0
25-04-2012 16:12:00 --- INFO: Honda CR-V - found: 16, pass primary filters: 1, did not pass the filter by color: 0, added: 1, new vincodes: 0
25-04-2012 16:12:01 --- INFO: Honda CR-V - found: 5, pass primary filters: 0, did not pass the filter by color: 0, added: 0, new vincodes: 0
25-04-2012 16:12:05 --- INFO: Mitsubishi Montero 4WD Limited - found: 31, pass primary filters: 2, did not pass the filter by color: 2, added: 0, new vincodes: 0
25-04-2012 16:12:13 --- INFO: Toyota 4RUNNER 4WD V6 - found: 25, pass primary filters: 5, did not pass the filter by color: 4, added: 1, new vincodes: 0
25-04-2012 16:12:26 --- INFO: Toyota RAV 4 - found: 24, pass primary filters: 9, did not pass the filter by color: 9, added: 0, new vincodes: 1
25-04-2012 16:12:29 --- INFO: Toyota Highlander 4WD - found: 58, pass primary filters: 1, did not pass the filter by color: 1, added: 0, new vincodes: 0
25-04-2012 16:12:44 --- INFO: Toyota Highlander - found: 37, pass primary filters: 6, did not pass the filter by color: 6, added: 0, new vincodes: 1
25-04-2012 16:12:45 --- INFO: Lexus RX 350 - found: 10, pass primary filters: 3, did not pass the filter by color: 3, added: 0, new vincodes: 0
25-04-2012 16:12:46 --- INFO: Toyota 4RUNNER Limited V6 - found: 25, pass primary filters: 1, did not pass the filter by color: 0, added: 1, new vincodes: 0
25-04-2012 16:12:46 --- INFO: finish: 25-04-2012 16:12:46
25-04-2012 16:12:46 --- INFO: elapsed time: ~164.83 sec., memory usage: ~2.55 Mb.
25-04-2012 18:10:01 --- INFO: start: 25-04-2012 18:10:01
25-04-2012 18:10:01 --- INFO: ----------Source_Adesa (cli)
25-04-2012 18:10:03 --- INFO: Authorized request
25-04-2012 18:10:52 --- INFO: Lexus RX 300 - found: 24, pass primary filters: 15, did not pass the filter by color: 11, added: 4, new vincodes: 1
25-04-2012 18:11:35 --- INFO: Lexus RX 330 - found: 28, pass primary filters: 13, did not pass the filter by color: 11, added: 2, new vincodes: 2
25-04-2012 18:11:38 --- INFO: Lexus RX 400H - found: 4, pass primary filters: 1, did not pass the filter by color: 1, added: 0, new vincodes: 0
25-04-2012 18:12:03 --- INFO: Lexus GX 470 - found: 9, pass primary filters: 7, did not pass the filter by color: 4, added: 3, new vincodes: 0
25-04-2012 18:12:45 --- INFO: Lexus GX 470 - found: 7, pass primary filters: 5, did not pass the filter by color: 4, added: 1, new vincodes: 0
25-04-2012 18:12:46 --- INFO: Lexus LX 470 - found: 2, pass primary filters: 1, did not pass the filter by color: 1, added: 0, new vincodes: 0
25-04-2012 18:12:46 --- INFO: Lexus LX 470 - found: 0, pass primary filters: 0, did not pass the filter by color: 0, added: 0, new vincodes: 0
25-04-2012 18:12:46 --- INFO: Toyota Land Cruiser - found: 0, pass primary filters: 0, did not pass the filter by color: 0, added: 0, new vincodes: 0
25-04-2012 18:12:47 --- INFO: Honda CR-V - found: 16, pass primary filters: 1, did not pass the filter by color: 0, added: 1, new vincodes: 0
25-04-2012 18:12:47 --- INFO: Honda CR-V - found: 5, pass primary filters: 0, did not pass the filter by color: 0, added: 0, new vincodes: 0
25-04-2012 18:12:52 --- INFO: Mitsubishi Montero 4WD Limited - found: 31, pass primary filters: 2, did not pass the filter by color: 2, added: 0, new vincodes: 0
25-04-2012 18:13:05 --- INFO: Toyota 4RUNNER 4WD V6 - found: 25, pass primary filters: 6, did not pass the filter by color: 5, added: 1, new vincodes: 0
25-04-2012 18:14:17 --- INFO: Toyota RAV 4 - found: 26, pass primary filters: 11, did not pass the filter by color: 11, added: 0, new vincodes: 1
25-04-2012 18:14:20 --- INFO: Toyota Highlander 4WD - found: 59, pass primary filters: 1, did not pass the filter by color: 1, added: 0, new vincodes: 0
25-04-2012 18:14:46 --- INFO: Toyota Highlander - found: 38, pass primary filters: 7, did not pass the filter by color: 7, added: 0, new vincodes: 1
25-04-2012 18:14:46 --- INFO: Lexus RX 350 - found: 10, pass primary filters: 3, did not pass the filter by color: 3, added: 0, new vincodes: 0
25-04-2012 18:14:47 --- INFO: Toyota 4RUNNER Limited V6 - found: 25, pass primary filters: 1, did not pass the filter by color: 0, added: 1, new vincodes: 0
25-04-2012 18:14:47 --- INFO: finish: 25-04-2012 18:14:47
25-04-2012 18:14:47 --- INFO: elapsed time: ~286.22 sec., memory usage: ~2.6 Mb.
25-04-2012 16:40:01 --- INFO: start: 25-04-2012 16:40:01
25-04-2012 16:40:01 --- INFO: ----------Source_Gsmotors (cli)
25-04-2012 16:48:05 --- INFO: Lexus RX 300 - found: 133, pass primary filters: 74, did not pass the filter by color: 58, added: 16, new vincodes: 0
25-04-2012 17:07:27 --- INFO: Lexus RX 330 - found: 327, pass primary filters: 125, did not pass the filter by color: 109, added: 16, new vincodes: 3
25-04-2012 17:10:55 --- INFO: Lexus RX 400H - found: 70, pass primary filters: 20, did not pass the filter by color: 19, added: 1, new vincodes: 0
25-04-2012 17:18:03 --- INFO: Lexus GX 470 - found: 118, pass primary filters: 69, did not pass the filter by color: 55, added: 14, new vincodes: 3
25-04-2012 17:32:02 --- INFO: Lexus GX 470 - found: 250, pass primary filters: 108, did not pass the filter by color: 78, added: 30, new vincodes: 1
25-04-2012 17:37:38 --- INFO: Lexus LX 470 - found: 101, pass primary filters: 66, did not pass the filter by color: 57, added: 9, new vincodes: 2
25-04-2012 17:38:40 --- INFO: Lexus LX 470 - found: 30, pass primary filters: 3, did not pass the filter by color: 3, added: 0, new vincodes: 0
25-04-2012 17:41:35 --- INFO: Toyota Land Cruiser - found: 50, pass primary filters: 37, did not pass the filter by color: 31, added: 6, new vincodes: 0
25-04-2012 17:48:58 --- INFO: Honda CR-V - found: 120, pass primary filters: 8, did not pass the filter by color: 0, added: 8, new vincodes: 0
25-04-2012 18:05:02 --- INFO: Honda CR-V - found: 310, pass primary filters: 6, did not pass the filter by color: 0, added: 6, new vincodes: 2
25-04-2012 18:11:02 --- INFO: Mitsubishi Montero 4WD Limited - found: 107, pass primary filters: 19, did not pass the filter by color: 19, added: 0, new vincodes: 1
25-04-2012 18:21:27 --- INFO: Toyota 4RUNNER 4WD V6 - found: 197, pass primary filters: 41, did not pass the filter by color: 30, added: 11, new vincodes: 1
25-04-2012 18:28:12 --- INFO: Toyota RAV 4 - found: 133, pass primary filters: 58, did not pass the filter by color: 35, added: 23, new vincodes: 0
25-04-2012 18:41:11 --- INFO: Toyota Highlander 4WD - found: 248, pass primary filters: 2, did not pass the filter by color: 0, added: 2, new vincodes: 0
25-04-2012 18:46:46 --- INFO: Toyota Highlander - found: 161, pass primary filters: 29, did not pass the filter by color: 22, added: 7, new vincodes: 2
25-04-2012 18:53:34 --- INFO: Lexus RX 350 - found: 149, pass primary filters: 26, did not pass the filter by color: 24, added: 2, new vincodes: 1
25-04-2012 18:59:48 --- INFO: Toyota 4RUNNER Limited V6 - found: 197, pass primary filters: 2, did not pass the filter by color: 1, added: 1, new vincodes: 0
25-04-2012 18:59:48 --- INFO: finish: 25-04-2012 18:59:48
25-04-2012 18:59:48 --- INFO: elapsed time: ~8387.03 sec., memory usage: ~7.45 Mb.
25-04-2012 18:40:01 --- INFO: start: 25-04-2012 18:40:01
25-04-2012 18:40:01 --- INFO: ----------Source_Gsmotors (cli)
25-04-2012 18:44:02 --- INFO: Lexus RX 300 - found: 133, pass primary filters: 74, did not pass the filter by color: 58, added: 16, new vincodes: 0
25-04-2012 18:54:03 --- INFO: Lexus RX 330 - found: 327, pass primary filters: 125, did not pass the filter by color: 109, added: 16, new vincodes: 0
25-04-2012 18:56:02 --- INFO: Lexus RX 400H - found: 70, pass primary filters: 20, did not pass the filter by color: 19, added: 1, new vincodes: 0
25-04-2012 18:59:50 --- INFO: Lexus GX 470 - found: 118, pass primary filters: 69, did not pass the filter by color: 55, added: 14, new vincodes: 0
25-04-2012 19:07:55 --- INFO: Lexus GX 470 - found: 250, pass primary filters: 108, did not pass the filter by color: 78, added: 30, new vincodes: 0
25-04-2012 19:11:26 --- INFO: Lexus LX 470 - found: 101, pass primary filters: 66, did not pass the filter by color: 57, added: 9, new vincodes: 0
25-04-2012 19:12:28 --- INFO: Lexus LX 470 - found: 30, pass primary filters: 3, did not pass the filter by color: 3, added: 0, new vincodes: 0
25-04-2012 19:14:10 --- INFO: Toyota Land Cruiser - found: 50, pass primary filters: 37, did not pass the filter by color: 31, added: 6, new vincodes: 0
25-04-2012 19:18:51 --- INFO: Honda CR-V - found: 120, pass primary filters: 8, did not pass the filter by color: 0, added: 8, new vincodes: 0
25-04-2012 19:28:51 --- INFO: Honda CR-V - found: 310, pass primary filters: 6, did not pass the filter by color: 0, added: 6, new vincodes: 0
25-04-2012 19:32:57 --- INFO: Mitsubishi Montero 4WD Limited - found: 107, pass primary filters: 19, did not pass the filter by color: 19, added: 0, new vincodes: 0
25-04-2012 19:40:10 --- INFO: Toyota 4RUNNER 4WD V6 - found: 197, pass primary filters: 41, did not pass the filter by color: 30, added: 11, new vincodes: 0
25-04-2012 19:44:41 --- INFO: Toyota RAV 4 - found: 133, pass primary filters: 58, did not pass the filter by color: 34, added: 24, new vincodes: 0
25-04-2012 19:53:04 --- INFO: Toyota Highlander 4WD - found: 248, pass primary filters: 2, did not pass the filter by color: 1, added: 1, new vincodes: 0
25-04-2012 19:58:07 --- INFO: Toyota Highlander - found: 161, pass primary filters: 29, did not pass the filter by color: 22, added: 7, new vincodes: 0
25-04-2012 20:02:36 --- INFO: Lexus RX 350 - found: 149, pass primary filters: 26, did not pass the filter by color: 24, added: 2, new vincodes: 0
25-04-2012 20:08:55 --- INFO: Toyota 4RUNNER Limited V6 - found: 197, pass primary filters: 2, did not pass the filter by color: 1, added: 1, new vincodes: 0
25-04-2012 20:08:55 --- INFO: finish: 25-04-2012 20:08:55
25-04-2012 20:08:55 --- INFO: elapsed time: ~5334.64 sec., memory usage: ~7.32 Mb.