
26-09-2012 06:10:01 --- INFO: start: 26-09-2012 06:10:01
26-09-2012 06:10:01 --- INFO: ----------Source_Adesa (cli)
26-09-2012 06:10:01 --- ERROR: Unauthorized request
26-09-2012 06:10:01 --- INFO: finish: 26-09-2012 06:10:01
26-09-2012 06:10:01 --- INFO: elapsed time: ~0.54 sec., memory usage: ~1.34 Mb.
26-09-2012 06:40:01 --- INFO: start: 26-09-2012 06:40:01
26-09-2012 06:40:01 --- INFO: ----------Source_Megaavto (cli)
26-09-2012 06:45:53 --- INFO: Lexus GX 470 - found: 127, pass primary filters: 91, did not pass the filter by colors: 38, did not pass the filter by options: 25, added: 28, new vincodes: 2
26-09-2012 06:45:53 --- INFO: finish: 26-09-2012 06:45:53
26-09-2012 06:45:53 --- INFO: elapsed time: ~352.28 sec., memory usage: ~2.79 Mb.
26-09-2012 08:10:01 --- INFO: start: 26-09-2012 08:10:01
26-09-2012 08:10:01 --- INFO: ----------Source_Adesa (cli)
26-09-2012 08:10:02 --- ERROR: Unauthorized request
26-09-2012 08:10:02 --- INFO: finish: 26-09-2012 08:10:02
26-09-2012 08:10:02 --- INFO: elapsed time: ~0.77 sec., memory usage: ~1.34 Mb.
26-09-2012 08:29:38 --- INFO: start: 26-09-2012 08:29:38
26-09-2012 08:29:38 --- INFO: ----------Source_Megaavto (apache2handler)
26-09-2012 08:34:00 --- INFO: Lexus GX 470 - found: 127, pass primary filters: 90, did not pass the filter by colors: 38, did not pass the filter by options: 25, added: 27, new vincodes: 0
26-09-2012 08:34:00 --- INFO: finish: 26-09-2012 08:34:00
26-09-2012 08:34:00 --- INFO: elapsed time: ~262.41 sec., memory usage: ~2.74 Mb.
26-09-2012 08:40:01 --- INFO: start: 26-09-2012 08:40:01
26-09-2012 08:40:01 --- INFO: ----------Source_Megaavto (cli)
26-09-2012 08:43:37 --- INFO: Lexus GX 470 - found: 127, pass primary filters: 90, did not pass the filter by colors: 38, did not pass the filter by options: 25, added: 27, new vincodes: 0
26-09-2012 08:43:37 --- INFO: finish: 26-09-2012 08:43:37
26-09-2012 08:43:37 --- INFO: elapsed time: ~216.62 sec., memory usage: ~2.74 Mb.
26-09-2012 09:03:00 --- INFO: start: 26-09-2012 09:03:00
26-09-2012 09:03:00 --- INFO: ----------Source_Megaavto (apache2handler)
26-09-2012 09:08:01 --- INFO: Lexus GX 470 - found: 131, pass primary filters: 94, did not pass the filter by colors: 41, did not pass the filter by options: 25, added: 28, new vincodes: 0
26-09-2012 09:08:01 --- INFO: finish: 26-09-2012 09:08:01
26-09-2012 09:08:01 --- INFO: elapsed time: ~300.81 sec., memory usage: ~2.77 Mb.
26-09-2012 09:10:01 --- INFO: start: 26-09-2012 09:10:01
26-09-2012 09:10:01 --- INFO: ----------Source_Adesa (cli)
26-09-2012 09:10:02 --- ERROR: Unauthorized request
26-09-2012 09:10:02 --- INFO: finish: 26-09-2012 09:10:02
26-09-2012 09:10:02 --- INFO: elapsed time: ~0.21 sec., memory usage: ~1.34 Mb.
26-09-2012 09:29:09 --- INFO: start: 26-09-2012 09:29:09
26-09-2012 09:29:09 --- INFO: ----------Source_Megaavto (apache2handler)
26-09-2012 09:34:24 --- INFO: Lexus GX 470 - found: 131, pass primary filters: 94, did not pass the filter by colors: 40, did not pass the filter by options: 25, added: 29, new vincodes: 0
26-09-2012 09:34:24 --- INFO: finish: 26-09-2012 09:34:24
26-09-2012 09:34:24 --- INFO: elapsed time: ~315.18 sec., memory usage: ~2.78 Mb.
26-09-2012 09:40:01 --- INFO: start: 26-09-2012 09:40:01
26-09-2012 09:40:01 --- INFO: ----------Source_Megaavto (cli)
26-09-2012 09:43:50 --- INFO: Lexus GX 470 - found: 132, pass primary filters: 94, did not pass the filter by colors: 2, did not pass the filter by options: 6, added: 86, new vincodes: 0
26-09-2012 09:43:50 --- INFO: finish: 26-09-2012 09:43:50
26-09-2012 09:43:50 --- INFO: elapsed time: ~229.23 sec., memory usage: ~2.57 Mb.
26-09-2012 09:43:33 --- INFO: start: 26-09-2012 09:43:33
26-09-2012 09:43:33 --- INFO: ----------Source_Megaavto (apache2handler)
26-09-2012 09:47:44 --- INFO: Lexus GX 470 - found: 132, pass primary filters: 93, did not pass the filter by colors: 40, did not pass the filter by options: 25, added: 28, new vincodes: 0
26-09-2012 09:47:44 --- INFO: finish: 26-09-2012 09:47:44
26-09-2012 09:47:44 --- INFO: elapsed time: ~251.46 sec., memory usage: ~2.77 Mb.
26-09-2012 10:00:01 --- INFO: start: 26-09-2012 10:00:01
26-09-2012 10:00:01 --- INFO: ----------Source_Adesa (cli)
26-09-2012 10:00:01 --- ERROR: Unauthorized request
26-09-2012 10:00:01 --- INFO: finish: 26-09-2012 10:00:01
26-09-2012 10:00:01 --- INFO: elapsed time: ~0.54 sec., memory usage: ~1.34 Mb.
26-09-2012 09:16:09 --- INFO: start: 26-09-2012 09:16:09
26-09-2012 09:16:09 --- INFO: ----------Source_Gsmotors (apache2handler)
26-09-2012 09:33:48 --- INFO: Lexus RX 330 - found: 231, pass primary filters: 154, did not pass the filter by colors: 68, did not pass the filter by options: 55, added: 31, new vincodes: 20
26-09-2012 09:36:22 --- INFO: Lexus RX 400H - found: 44, pass primary filters: 11, did not pass the filter by colors: 11, did not pass the filter by options: 0, added: 0, new vincodes: 1
26-09-2012 09:44:07 --- INFO: Lexus GX 470 - found: 103, pass primary filters: 84, did not pass the filter by colors: 84, did not pass the filter by options: 0, added: 0, new vincodes: 8
26-09-2012 09:53:53 --- INFO: Lexus GX 470 - found: 132, pass primary filters: 92, did not pass the filter by colors: 42, did not pass the filter by options: 24, added: 26, new vincodes: 0
26-09-2012 09:58:54 --- INFO: Lexus LX 470 - found: 68, pass primary filters: 54, did not pass the filter by colors: 40, did not pass the filter by options: , added: 14, new vincodes: 6
26-09-2012 09:59:46 --- INFO: Lexus LX 470 - found: 22, pass primary filters: 7, did not pass the filter by colors: 3, did not pass the filter by options: , added: 4, new vincodes: 0
26-09-2012 10:01:47 --- INFO: Toyota Land Cruiser - found: 24, pass primary filters: 22, did not pass the filter by colors: 18, did not pass the filter by options: 0, added: 4, new vincodes: 6
26-09-2012 10:11:33 --- INFO: Toyota 4RUNNER 4WD V6 - found: 149, pass primary filters: 22, did not pass the filter by colors: 7, did not pass the filter by options: , added: 15, new vincodes: 4
26-09-2012 10:21:40 --- INFO: Toyota Highlander 4WD - found: 181, pass primary filters: 2, did not pass the filter by colors: 2, did not pass the filter by options: 0, added: 0, new vincodes: 1
26-09-2012 10:23:16 --- INFO: Toyota Highlander - found: 66, pass primary filters: 0, did not pass the filter by colors: 0, did not pass the filter by options: , added: 0, new vincodes: 0
26-09-2012 10:23:16 --- ERROR: Request returns empty result
26-09-2012 10:23:16 --- INFO: Lexus RX 350 - found: 0, pass primary filters: 0, did not pass the filter by colors: 0, did not pass the filter by options: 0, added: 0, new vincodes: 0
26-09-2012 10:23:17 --- ERROR: Request returns empty result
26-09-2012 10:23:17 --- INFO: Toyota 4RUNNER Limited V6 - found: 0, pass primary filters: 0, did not pass the filter by colors: 0, did not pass the filter by options: 0, added: 0, new vincodes: 0
26-09-2012 10:23:17 --- INFO: finish: 26-09-2012 10:23:17
26-09-2012 10:23:17 --- INFO: elapsed time: ~4028.03 sec., memory usage: ~6.45 Mb.
26-09-2012 10:30:01 --- INFO: start: 26-09-2012 10:30:01
26-09-2012 10:30:01 --- INFO: ----------Source_Megaavto (cli)
26-09-2012 10:35:01 --- INFO: Lexus GX 470 - found: 126, pass primary filters: 92, did not pass the filter by colors: 49, did not pass the filter by options: 24, added: 19, new vincodes: 0
26-09-2012 10:35:01 --- INFO: finish: 26-09-2012 10:35:01
26-09-2012 10:35:01 --- INFO: elapsed time: ~299.6 sec., memory usage: ~2.72 Mb.
26-09-2012 10:55:02 --- INFO: start: 26-09-2012 10:55:02
26-09-2012 10:55:02 --- INFO: ----------Source_Megaavto (apache2handler)
26-09-2012 10:59:54 --- INFO: Lexus GX 470 - found: 130, pass primary filters: 93, did not pass the filter by colors: 52, did not pass the filter by options: 26, added: 15, new vincodes: 0
26-09-2012 10:59:54 --- INFO: finish: 26-09-2012 10:59:54
26-09-2012 10:59:54 --- INFO: elapsed time: ~291.6 sec., memory usage: ~2.72 Mb.
26-09-2012 11:10:01 --- INFO: start: 26-09-2012 11:10:01
26-09-2012 11:10:01 --- INFO: ----------Source_Adesa (cli)
26-09-2012 11:10:01 --- ERROR: Unauthorized request
26-09-2012 11:10:01 --- INFO: finish: 26-09-2012 11:10:01
26-09-2012 11:10:01 --- INFO: elapsed time: ~0.51 sec., memory usage: ~1.34 Mb.
26-09-2012 11:33:48 --- INFO: start: 26-09-2012 11:33:48
26-09-2012 11:33:48 --- INFO: ----------Source_Megaavto (apache2handler)
26-09-2012 11:38:36 --- INFO: Lexus GX 470 - found: 134, pass primary filters: 97, did not pass the filter by colors: 52, did not pass the filter by options: 26, added: 19, new vincodes: 1
26-09-2012 11:38:36 --- INFO: finish: 26-09-2012 11:38:36
26-09-2012 11:38:36 --- INFO: elapsed time: ~288.64 sec., memory usage: ~2.79 Mb.
26-09-2012 11:40:01 --- INFO: start: 26-09-2012 11:40:01
26-09-2012 11:40:01 --- INFO: ----------Source_Megaavto (cli)
26-09-2012 11:43:31 --- INFO: Lexus GX 470 - found: 134, pass primary filters: 97, did not pass the filter by colors: 51, did not pass the filter by options: 26, added: 20, new vincodes: 0
26-09-2012 11:43:31 --- INFO: finish: 26-09-2012 11:43:31
26-09-2012 11:43:31 --- INFO: elapsed time: ~210.5 sec., memory usage: ~2.76 Mb.
26-09-2012 12:20:01 --- INFO: start: 26-09-2012 12:20:01
26-09-2012 12:20:01 --- INFO: ----------Source_Adesa (cli)
26-09-2012 12:20:02 --- ERROR: Unauthorized request
26-09-2012 12:20:02 --- INFO: finish: 26-09-2012 12:20:02
26-09-2012 12:20:02 --- INFO: elapsed time: ~0.83 sec., memory usage: ~1.34 Mb.
26-09-2012 12:50:01 --- INFO: start: 26-09-2012 12:50:01
26-09-2012 12:50:01 --- INFO: ----------Source_Megaavto (cli)
26-09-2012 12:55:05 --- INFO: Lexus GX 470 - found: 139, pass primary filters: 99, did not pass the filter by colors: 52, did not pass the filter by options: 25, added: 22, new vincodes: 2
26-09-2012 12:55:05 --- INFO: finish: 26-09-2012 12:55:05
26-09-2012 12:55:05 --- INFO: elapsed time: ~303.9 sec., memory usage: ~2.81 Mb.
26-09-2012 13:20:01 --- INFO: start: 26-09-2012 13:20:01
26-09-2012 13:20:01 --- INFO: ----------Source_Adesa (cli)
26-09-2012 13:20:02 --- ERROR: Unauthorized request
26-09-2012 13:20:02 --- INFO: finish: 26-09-2012 13:20:02
26-09-2012 13:20:02 --- INFO: elapsed time: ~0.5 sec., memory usage: ~1.34 Mb.
26-09-2012 13:50:01 --- INFO: start: 26-09-2012 13:50:01
26-09-2012 13:50:01 --- INFO: ----------Source_Megaavto (cli)
26-09-2012 13:55:12 --- INFO: Lexus GX 470 - found: 145, pass primary filters: 101, did not pass the filter by colors: 48, did not pass the filter by options: 25, added: 28, new vincodes: 2
26-09-2012 13:55:12 --- INFO: finish: 26-09-2012 13:55:12
26-09-2012 13:55:12 --- INFO: elapsed time: ~310.42 sec., memory usage: ~2.85 Mb.
26-09-2012 16:10:02 --- INFO: start: 26-09-2012 16:10:02
26-09-2012 16:10:02 --- INFO: ----------Source_Adesa (cli)
26-09-2012 16:10:02 --- ERROR: Unauthorized request
26-09-2012 16:10:02 --- INFO: finish: 26-09-2012 16:10:02
26-09-2012 16:10:02 --- INFO: elapsed time: ~0.65 sec., memory usage: ~1.34 Mb.
26-09-2012 16:40:01 --- INFO: start: 26-09-2012 16:40:01
26-09-2012 16:40:01 --- INFO: ----------Source_Megaavto (cli)
26-09-2012 16:45:56 --- INFO: Lexus GX 470 - found: 159, pass primary filters: 104, did not pass the filter by colors: 51, did not pass the filter by options: 26, added: 27, new vincodes: 1
26-09-2012 16:45:56 --- INFO: finish: 26-09-2012 16:45:56
26-09-2012 16:45:56 --- INFO: elapsed time: ~354.63 sec., memory usage: ~2.87 Mb.
26-09-2012 18:10:01 --- INFO: start: 26-09-2012 18:10:01
26-09-2012 18:10:01 --- INFO: ----------Source_Adesa (cli)
26-09-2012 18:10:02 --- ERROR: Unauthorized request
26-09-2012 18:10:02 --- INFO: finish: 26-09-2012 18:10:02
26-09-2012 18:10:02 --- INFO: elapsed time: ~0.54 sec., memory usage: ~1.34 Mb.
26-09-2012 18:41:19 --- INFO: start: 26-09-2012 18:41:19
26-09-2012 18:41:19 --- INFO: ----------Source_Megaavto (apache2handler)
26-09-2012 18:46:01 --- INFO: Lexus GX 470 - found: 167, pass primary filters: 109, did not pass the filter by colors: 144, did not pass the filter by options: 27, added: -62, new vincodes: 1
26-09-2012 18:46:01 --- INFO: finish: 26-09-2012 18:46:01
26-09-2012 18:46:01 --- INFO: elapsed time: ~281.9 sec., memory usage: ~2.97 Mb.
26-09-2012 18:40:01 --- INFO: start: 26-09-2012 18:40:01
26-09-2012 18:40:01 --- INFO: ----------Source_Megaavto (cli)
26-09-2012 18:46:02 --- INFO: Lexus GX 470 - found: 167, pass primary filters: 109, did not pass the filter by colors: 0, did not pass the filter by options: 1, added: 108, new vincodes: 1
26-09-2012 18:46:02 --- INFO: finish: 26-09-2012 18:46:02
26-09-2012 18:46:02 --- INFO: elapsed time: ~360.24 sec., memory usage: ~2.8 Mb.