
27-02-2012 05:10:01 --- INFO: start: 27-02-2012 05:10:01
27-02-2012 05:10:01 --- INFO: ----------Source_Adesa (cli)
27-02-2012 05:10:03 --- INFO: Authorized request
27-02-2012 05:10:13 --- INFO: Lexus RX 300 - found: 7, pass primary filters: 4, did not pass the filter by color: 3, added: 1, new vincodes: 0
27-02-2012 05:10:19 --- INFO: Lexus RX 330 - found: 9, pass primary filters: 4, did not pass the filter by color: 4, added: 0, new vincodes: 0
27-02-2012 05:10:19 --- INFO: Lexus RX 400H - found: 1, pass primary filters: 0, did not pass the filter by color: 0, added: 0, new vincodes: 0
27-02-2012 05:10:20 --- INFO: Lexus GX 470 - found: 2, pass primary filters: 1, did not pass the filter by color: 0, added: 1, new vincodes: 0
27-02-2012 05:10:26 --- INFO: Lexus GX 470 - found: 4, pass primary filters: 4, did not pass the filter by color: 4, added: 0, new vincodes: 0
27-02-2012 05:10:26 --- INFO: Lexus LX 470 - found: 1, pass primary filters: 0, did not pass the filter by color: 0, added: 0, new vincodes: 0
27-02-2012 05:10:27 --- INFO: Lexus LX 470 - found: 0, pass primary filters: 0, did not pass the filter by color: 0, added: 0, new vincodes: 0
27-02-2012 05:10:27 --- INFO: Toyota Land Cruiser - found: 0, pass primary filters: 0, did not pass the filter by color: 0, added: 0, new vincodes: 0
27-02-2012 05:10:27 --- INFO: Honda CR-V - found: 3, pass primary filters: 1, did not pass the filter by color: 0, added: 1, new vincodes: 0
27-02-2012 05:10:27 --- INFO: Honda CR-V - found: 1, pass primary filters: 0, did not pass the filter by color: 0, added: 0, new vincodes: 0
27-02-2012 05:10:28 --- INFO: Mitsubishi Montero 4WD Limited - found: 8, pass primary filters: 0, did not pass the filter by color: 0, added: 0, new vincodes: 0
27-02-2012 05:10:28 --- INFO: Toyota 4RUNNER 4WD V6 - found: 6, pass primary filters: 0, did not pass the filter by color: 0, added: 0, new vincodes: 0
27-02-2012 05:10:28 --- INFO: Toyota RAV 4 - found: 2, pass primary filters: 0, did not pass the filter by color: 0, added: 0, new vincodes: 0
27-02-2012 05:10:32 --- INFO: Toyota Highlander 4WD - found: 17, pass primary filters: 1, did not pass the filter by color: 1, added: 0, new vincodes: 0
27-02-2012 05:10:35 --- INFO: Toyota Highlander - found: 13, pass primary filters: 1, did not pass the filter by color: 1, added: 0, new vincodes: 0
27-02-2012 05:10:39 --- INFO: Lexus RX 350 - found: 3, pass primary filters: 1, did not pass the filter by color: 0, added: 1, new vincodes: 0
27-02-2012 05:10:39 --- INFO: Toyota 4RUNNER Limited V6 - found: 6, pass primary filters: 0, did not pass the filter by color: 0, added: 0, new vincodes: 0
27-02-2012 05:10:39 --- INFO: finish: 27-02-2012 05:10:39
27-02-2012 05:10:39 --- INFO: elapsed time: ~37.7 sec., memory usage: ~2.08 Mb.
27-02-2012 05:40:02 --- INFO: start: 27-02-2012 05:40:02
27-02-2012 05:40:02 --- INFO: ----------Source_Gsmotors (cli)
27-02-2012 05:42:32 --- INFO: Lexus RX 300 - found: 49, pass primary filters: 33, did not pass the filter by color: 31, added: 2, new vincodes: 0
27-02-2012 05:49:55 --- INFO: Lexus RX 330 - found: 132, pass primary filters: 52, did not pass the filter by color: 43, added: 9, new vincodes: 1
27-02-2012 05:51:25 --- INFO: Lexus RX 400H - found: 26, pass primary filters: 8, did not pass the filter by color: 8, added: 0, new vincodes: 0
27-02-2012 05:54:50 --- INFO: Lexus GX 470 - found: 57, pass primary filters: 37, did not pass the filter by color: 31, added: 6, new vincodes: 0
27-02-2012 06:00:09 --- INFO: Lexus GX 470 - found: 98, pass primary filters: 39, did not pass the filter by color: 32, added: 7, new vincodes: 0
27-02-2012 06:02:48 --- INFO: Lexus LX 470 - found: 41, pass primary filters: 33, did not pass the filter by color: 29, added: 4, new vincodes: 1
27-02-2012 06:03:24 --- INFO: Lexus LX 470 - found: 10, pass primary filters: 2, did not pass the filter by color: 2, added: 0, new vincodes: 0
27-02-2012 06:04:25 --- INFO: Toyota Land Cruiser - found: 22, pass primary filters: 16, did not pass the filter by color: 13, added: 3, new vincodes: 0
27-02-2012 06:07:02 --- INFO: Honda CR-V - found: 29, pass primary filters: 2, did not pass the filter by color: 0, added: 2, new vincodes: 0
27-02-2012 06:12:51 --- INFO: Honda CR-V - found: 101, pass primary filters: 1, did not pass the filter by color: 0, added: 1, new vincodes: 0
27-02-2012 06:14:00 --- INFO: Mitsubishi Montero 4WD Limited - found: 21, pass primary filters: 2, did not pass the filter by color: 2, added: 0, new vincodes: 0
27-02-2012 06:18:51 --- INFO: Toyota 4RUNNER 4WD V6 - found: 88, pass primary filters: 16, did not pass the filter by color: 10, added: 6, new vincodes: 0
27-02-2012 06:21:01 --- INFO: Toyota RAV 4 - found: 40, pass primary filters: 21, did not pass the filter by color: 17, added: 4, new vincodes: 0
27-02-2012 06:26:05 --- INFO: Toyota Highlander 4WD - found: 87, pass primary filters: 6, did not pass the filter by color: 4, added: 2, new vincodes: 0
27-02-2012 06:29:15 --- INFO: Toyota Highlander - found: 69, pass primary filters: 13, did not pass the filter by color: 8, added: 5, new vincodes: 0
27-02-2012 06:34:08 --- INFO: Lexus RX 350 - found: 90, pass primary filters: 17, did not pass the filter by color: 16, added: 1, new vincodes: 0
27-02-2012 06:37:52 --- INFO: Toyota 4RUNNER Limited V6 - found: 88, pass primary filters: 4, did not pass the filter by color: 3, added: 1, new vincodes: 0
27-02-2012 06:37:52 --- INFO: finish: 27-02-2012 06:37:52
27-02-2012 06:37:52 --- INFO: elapsed time: ~3470.41 sec., memory usage: ~4.32 Mb.
27-02-2012 07:10:01 --- INFO: start: 27-02-2012 07:10:01
27-02-2012 07:10:01 --- INFO: ----------Source_Adesa (cli)
27-02-2012 07:10:03 --- INFO: Authorized request
27-02-2012 07:10:13 --- INFO: Lexus RX 300 - found: 7, pass primary filters: 4, did not pass the filter by color: 3, added: 1, new vincodes: 0
27-02-2012 07:10:19 --- INFO: Lexus RX 330 - found: 9, pass primary filters: 4, did not pass the filter by color: 4, added: 0, new vincodes: 0
27-02-2012 07:10:19 --- INFO: Lexus RX 400H - found: 1, pass primary filters: 0, did not pass the filter by color: 0, added: 0, new vincodes: 0
27-02-2012 07:10:21 --- INFO: Lexus GX 470 - found: 2, pass primary filters: 1, did not pass the filter by color: 0, added: 1, new vincodes: 0
27-02-2012 07:10:27 --- INFO: Lexus GX 470 - found: 4, pass primary filters: 4, did not pass the filter by color: 4, added: 0, new vincodes: 0
27-02-2012 07:10:28 --- INFO: Lexus LX 470 - found: 1, pass primary filters: 0, did not pass the filter by color: 0, added: 0, new vincodes: 0
27-02-2012 07:10:28 --- INFO: Lexus LX 470 - found: 0, pass primary filters: 0, did not pass the filter by color: 0, added: 0, new vincodes: 0
27-02-2012 07:10:28 --- INFO: Toyota Land Cruiser - found: 0, pass primary filters: 0, did not pass the filter by color: 0, added: 0, new vincodes: 0
27-02-2012 07:10:28 --- INFO: Honda CR-V - found: 3, pass primary filters: 1, did not pass the filter by color: 0, added: 1, new vincodes: 0
27-02-2012 07:10:29 --- INFO: Honda CR-V - found: 1, pass primary filters: 0, did not pass the filter by color: 0, added: 0, new vincodes: 0
27-02-2012 07:10:29 --- INFO: Mitsubishi Montero 4WD Limited - found: 8, pass primary filters: 0, did not pass the filter by color: 0, added: 0, new vincodes: 0
27-02-2012 07:10:29 --- INFO: Toyota 4RUNNER 4WD V6 - found: 6, pass primary filters: 0, did not pass the filter by color: 0, added: 0, new vincodes: 0
27-02-2012 07:10:30 --- INFO: Toyota RAV 4 - found: 2, pass primary filters: 0, did not pass the filter by color: 0, added: 0, new vincodes: 0
27-02-2012 07:10:33 --- INFO: Toyota Highlander 4WD - found: 17, pass primary filters: 1, did not pass the filter by color: 1, added: 0, new vincodes: 0
27-02-2012 07:10:37 --- INFO: Toyota Highlander - found: 13, pass primary filters: 1, did not pass the filter by color: 1, added: 0, new vincodes: 0
27-02-2012 07:10:40 --- INFO: Lexus RX 350 - found: 3, pass primary filters: 1, did not pass the filter by color: 0, added: 1, new vincodes: 0
27-02-2012 07:10:41 --- INFO: Toyota 4RUNNER Limited V6 - found: 6, pass primary filters: 0, did not pass the filter by color: 0, added: 0, new vincodes: 0
27-02-2012 07:10:41 --- INFO: finish: 27-02-2012 07:10:41
27-02-2012 07:10:41 --- INFO: elapsed time: ~39.31 sec., memory usage: ~2.08 Mb.
27-02-2012 08:10:01 --- INFO: start: 27-02-2012 08:10:01
27-02-2012 08:10:01 --- INFO: ----------Source_Adesa (cli)
27-02-2012 08:10:02 --- INFO: Authorized request
27-02-2012 08:10:13 --- INFO: Lexus RX 300 - found: 7, pass primary filters: 4, did not pass the filter by color: 3, added: 1, new vincodes: 0
27-02-2012 08:10:18 --- INFO: Lexus RX 330 - found: 10, pass primary filters: 4, did not pass the filter by color: 4, added: 0, new vincodes: 0
27-02-2012 08:10:18 --- INFO: Lexus RX 400H - found: 1, pass primary filters: 0, did not pass the filter by color: 0, added: 0, new vincodes: 0
27-02-2012 08:10:20 --- INFO: Lexus GX 470 - found: 2, pass primary filters: 1, did not pass the filter by color: 0, added: 1, new vincodes: 0
27-02-2012 08:10:25 --- INFO: Lexus GX 470 - found: 4, pass primary filters: 4, did not pass the filter by color: 4, added: 0, new vincodes: 0
27-02-2012 08:10:25 --- INFO: Lexus LX 470 - found: 1, pass primary filters: 0, did not pass the filter by color: 0, added: 0, new vincodes: 0
27-02-2012 08:10:25 --- INFO: Lexus LX 470 - found: 0, pass primary filters: 0, did not pass the filter by color: 0, added: 0, new vincodes: 0
27-02-2012 08:10:25 --- INFO: Toyota Land Cruiser - found: 0, pass primary filters: 0, did not pass the filter by color: 0, added: 0, new vincodes: 0
27-02-2012 08:10:26 --- INFO: Honda CR-V - found: 4, pass primary filters: 1, did not pass the filter by color: 0, added: 1, new vincodes: 0
27-02-2012 08:10:26 --- INFO: Honda CR-V - found: 1, pass primary filters: 0, did not pass the filter by color: 0, added: 0, new vincodes: 0
27-02-2012 08:10:26 --- INFO: Mitsubishi Montero 4WD Limited - found: 8, pass primary filters: 0, did not pass the filter by color: 0, added: 0, new vincodes: 0
27-02-2012 08:10:27 --- INFO: Toyota 4RUNNER 4WD V6 - found: 6, pass primary filters: 0, did not pass the filter by color: 0, added: 0, new vincodes: 0
27-02-2012 08:10:27 --- INFO: Toyota RAV 4 - found: 2, pass primary filters: 0, did not pass the filter by color: 0, added: 0, new vincodes: 0
27-02-2012 08:10:31 --- INFO: Toyota Highlander 4WD - found: 18, pass primary filters: 1, did not pass the filter by color: 1, added: 0, new vincodes: 0
27-02-2012 08:10:34 --- INFO: Toyota Highlander - found: 13, pass primary filters: 1, did not pass the filter by color: 1, added: 0, new vincodes: 0
27-02-2012 08:10:38 --- INFO: Lexus RX 350 - found: 3, pass primary filters: 1, did not pass the filter by color: 0, added: 1, new vincodes: 0
27-02-2012 08:10:38 --- INFO: Toyota 4RUNNER Limited V6 - found: 6, pass primary filters: 0, did not pass the filter by color: 0, added: 0, new vincodes: 0
27-02-2012 08:10:38 --- INFO: finish: 27-02-2012 08:10:38
27-02-2012 08:10:38 --- INFO: elapsed time: ~37.21 sec., memory usage: ~2.08 Mb.
27-02-2012 07:40:01 --- INFO: start: 27-02-2012 07:40:01
27-02-2012 07:40:01 --- INFO: ----------Source_Gsmotors (cli)
27-02-2012 07:42:16 --- INFO: Lexus RX 300 - found: 49, pass primary filters: 33, did not pass the filter by color: 31, added: 2, new vincodes: 0
27-02-2012 07:49:33 --- INFO: Lexus RX 330 - found: 132, pass primary filters: 52, did not pass the filter by color: 43, added: 9, new vincodes: 0
27-02-2012 07:50:49 --- INFO: Lexus RX 400H - found: 26, pass primary filters: 8, did not pass the filter by color: 8, added: 0, new vincodes: 0
27-02-2012 07:55:01 --- INFO: Lexus GX 470 - found: 57, pass primary filters: 37, did not pass the filter by color: 31, added: 6, new vincodes: 0
27-02-2012 07:59:38 --- INFO: Lexus GX 470 - found: 98, pass primary filters: 39, did not pass the filter by color: 32, added: 7, new vincodes: 0
27-02-2012 08:01:28 --- INFO: Lexus LX 470 - found: 41, pass primary filters: 33, did not pass the filter by color: 29, added: 4, new vincodes: 0
27-02-2012 08:01:55 --- INFO: Lexus LX 470 - found: 10, pass primary filters: 2, did not pass the filter by color: 2, added: 0, new vincodes: 0
27-02-2012 08:02:45 --- INFO: Toyota Land Cruiser - found: 22, pass primary filters: 16, did not pass the filter by color: 13, added: 3, new vincodes: 0
27-02-2012 08:04:00 --- INFO: Honda CR-V - found: 29, pass primary filters: 2, did not pass the filter by color: 0, added: 2, new vincodes: 0
27-02-2012 08:08:09 --- INFO: Honda CR-V - found: 101, pass primary filters: 1, did not pass the filter by color: 0, added: 1, new vincodes: 0
27-02-2012 08:09:25 --- INFO: Mitsubishi Montero 4WD Limited - found: 21, pass primary filters: 2, did not pass the filter by color: 2, added: 0, new vincodes: 0
27-02-2012 08:13:38 --- INFO: Toyota 4RUNNER 4WD V6 - found: 88, pass primary filters: 16, did not pass the filter by color: 10, added: 6, new vincodes: 0
27-02-2012 08:15:35 --- INFO: Toyota RAV 4 - found: 40, pass primary filters: 21, did not pass the filter by color: 17, added: 4, new vincodes: 0
27-02-2012 08:19:35 --- INFO: Toyota Highlander 4WD - found: 87, pass primary filters: 6, did not pass the filter by color: 4, added: 2, new vincodes: 0
27-02-2012 08:22:48 --- INFO: Toyota Highlander - found: 69, pass primary filters: 13, did not pass the filter by color: 8, added: 5, new vincodes: 0
27-02-2012 08:26:36 --- INFO: Lexus RX 350 - found: 90, pass primary filters: 17, did not pass the filter by color: 16, added: 1, new vincodes: 0
27-02-2012 08:31:01 --- INFO: Toyota 4RUNNER Limited V6 - found: 88, pass primary filters: 4, did not pass the filter by color: 3, added: 1, new vincodes: 0
27-02-2012 08:31:01 --- INFO: finish: 27-02-2012 08:31:01
27-02-2012 08:31:01 --- INFO: elapsed time: ~3059.59 sec., memory usage: ~4.25 Mb.
27-02-2012 09:00:01 --- INFO: start: 27-02-2012 09:00:01
27-02-2012 09:00:01 --- INFO: ----------Source_Adesa (cli)
27-02-2012 09:00:02 --- INFO: Authorized request
27-02-2012 09:00:12 --- INFO: Lexus RX 300 - found: 8, pass primary filters: 4, did not pass the filter by color: 3, added: 1, new vincodes: 0
27-02-2012 09:00:19 --- INFO: Lexus RX 330 - found: 9, pass primary filters: 4, did not pass the filter by color: 4, added: 0, new vincodes: 0
27-02-2012 09:00:20 --- INFO: Lexus RX 400H - found: 1, pass primary filters: 0, did not pass the filter by color: 0, added: 0, new vincodes: 0
27-02-2012 09:00:21 --- INFO: Lexus GX 470 - found: 2, pass primary filters: 1, did not pass the filter by color: 0, added: 1, new vincodes: 0
27-02-2012 09:00:28 --- INFO: Lexus GX 470 - found: 4, pass primary filters: 4, did not pass the filter by color: 4, added: 0, new vincodes: 0
27-02-2012 09:00:28 --- INFO: Lexus LX 470 - found: 1, pass primary filters: 0, did not pass the filter by color: 0, added: 0, new vincodes: 0
27-02-2012 09:00:28 --- INFO: Lexus LX 470 - found: 0, pass primary filters: 0, did not pass the filter by color: 0, added: 0, new vincodes: 0
27-02-2012 09:00:29 --- INFO: Toyota Land Cruiser - found: 0, pass primary filters: 0, did not pass the filter by color: 0, added: 0, new vincodes: 0
27-02-2012 09:00:29 --- INFO: Honda CR-V - found: 4, pass primary filters: 1, did not pass the filter by color: 0, added: 1, new vincodes: 0
27-02-2012 09:00:30 --- INFO: Honda CR-V - found: 1, pass primary filters: 0, did not pass the filter by color: 0, added: 0, new vincodes: 0
27-02-2012 09:00:30 --- INFO: Mitsubishi Montero 4WD Limited - found: 8, pass primary filters: 0, did not pass the filter by color: 0, added: 0, new vincodes: 0
27-02-2012 09:00:30 --- INFO: Toyota 4RUNNER 4WD V6 - found: 7, pass primary filters: 0, did not pass the filter by color: 0, added: 0, new vincodes: 0
27-02-2012 09:00:30 --- INFO: Toyota RAV 4 - found: 2, pass primary filters: 0, did not pass the filter by color: 0, added: 0, new vincodes: 0
27-02-2012 09:00:34 --- INFO: Toyota Highlander 4WD - found: 18, pass primary filters: 1, did not pass the filter by color: 1, added: 0, new vincodes: 0
27-02-2012 09:00:38 --- INFO: Toyota Highlander - found: 13, pass primary filters: 1, did not pass the filter by color: 1, added: 0, new vincodes: 0
27-02-2012 09:00:41 --- INFO: Lexus RX 350 - found: 3, pass primary filters: 1, did not pass the filter by color: 0, added: 1, new vincodes: 0
27-02-2012 09:00:42 --- INFO: Toyota 4RUNNER Limited V6 - found: 7, pass primary filters: 0, did not pass the filter by color: 0, added: 0, new vincodes: 0
27-02-2012 09:00:42 --- INFO: finish: 27-02-2012 09:00:42
27-02-2012 09:00:42 --- INFO: elapsed time: ~40.17 sec., memory usage: ~2.08 Mb.
27-02-2012 08:40:01 --- INFO: start: 27-02-2012 08:40:01
27-02-2012 08:40:01 --- INFO: ----------Source_Gsmotors (cli)
27-02-2012 08:42:03 --- INFO: Lexus RX 300 - found: 49, pass primary filters: 33, did not pass the filter by color: 31, added: 2, new vincodes: 0
27-02-2012 08:47:47 --- INFO: Lexus RX 330 - found: 132, pass primary filters: 52, did not pass the filter by color: 43, added: 9, new vincodes: 0
27-02-2012 08:48:51 --- INFO: Lexus RX 400H - found: 26, pass primary filters: 8, did not pass the filter by color: 8, added: 0, new vincodes: 0
27-02-2012 08:51:30 --- INFO: Lexus GX 470 - found: 57, pass primary filters: 37, did not pass the filter by color: 31, added: 6, new vincodes: 0
27-02-2012 08:56:33 --- INFO: Lexus GX 470 - found: 98, pass primary filters: 39, did not pass the filter by color: 32, added: 7, new vincodes: 0
27-02-2012 08:58:23 --- INFO: Lexus LX 470 - found: 41, pass primary filters: 33, did not pass the filter by color: 29, added: 4, new vincodes: 0
27-02-2012 08:58:56 --- INFO: Lexus LX 470 - found: 10, pass primary filters: 2, did not pass the filter by color: 2, added: 0, new vincodes: 0
27-02-2012 08:59:51 --- INFO: Toyota Land Cruiser - found: 22, pass primary filters: 16, did not pass the filter by color: 13, added: 3, new vincodes: 0
27-02-2012 09:01:15 --- INFO: Honda CR-V - found: 29, pass primary filters: 2, did not pass the filter by color: 0, added: 2, new vincodes: 0
27-02-2012 09:07:42 --- INFO: Honda CR-V - found: 101, pass primary filters: 1, did not pass the filter by color: 0, added: 1, new vincodes: 0
27-02-2012 09:08:35 --- INFO: Mitsubishi Montero 4WD Limited - found: 21, pass primary filters: 2, did not pass the filter by color: 2, added: 0, new vincodes: 0
27-02-2012 09:12:27 --- INFO: Toyota 4RUNNER 4WD V6 - found: 88, pass primary filters: 16, did not pass the filter by color: 10, added: 6, new vincodes: 0
27-02-2012 09:14:24 --- INFO: Toyota RAV 4 - found: 40, pass primary filters: 21, did not pass the filter by color: 17, added: 4, new vincodes: 0
27-02-2012 09:19:08 --- INFO: Toyota Highlander 4WD - found: 87, pass primary filters: 6, did not pass the filter by color: 4, added: 2, new vincodes: 0
27-02-2012 09:23:03 --- INFO: Toyota Highlander - found: 69, pass primary filters: 13, did not pass the filter by color: 8, added: 5, new vincodes: 0
27-02-2012 09:26:56 --- INFO: Lexus RX 350 - found: 90, pass primary filters: 17, did not pass the filter by color: 16, added: 1, new vincodes: 0
27-02-2012 09:31:04 --- INFO: Toyota 4RUNNER Limited V6 - found: 88, pass primary filters: 4, did not pass the filter by color: 0, added: 4, new vincodes: 0
27-02-2012 09:31:04 --- INFO: finish: 27-02-2012 09:31:04
27-02-2012 09:31:04 --- INFO: elapsed time: ~3063.47 sec., memory usage: ~4.25 Mb.
27-02-2012 10:10:01 --- INFO: start: 27-02-2012 10:10:01
27-02-2012 10:10:01 --- INFO: ----------Source_Adesa (cli)
27-02-2012 10:10:03 --- INFO: Authorized request
27-02-2012 10:10:14 --- INFO: Lexus RX 300 - found: 8, pass primary filters: 4, did not pass the filter by color: 3, added: 1, new vincodes: 0
27-02-2012 10:10:20 --- INFO: Lexus RX 330 - found: 9, pass primary filters: 4, did not pass the filter by color: 4, added: 0, new vincodes: 0
27-02-2012 10:10:21 --- INFO: Lexus RX 400H - found: 1, pass primary filters: 0, did not pass the filter by color: 0, added: 0, new vincodes: 0
27-02-2012 10:10:22 --- INFO: Lexus GX 470 - found: 2, pass primary filters: 1, did not pass the filter by color: 0, added: 1, new vincodes: 0
27-02-2012 10:10:29 --- INFO: Lexus GX 470 - found: 5, pass primary filters: 4, did not pass the filter by color: 4, added: 0, new vincodes: 0
27-02-2012 10:10:29 --- INFO: Lexus LX 470 - found: 1, pass primary filters: 0, did not pass the filter by color: 0, added: 0, new vincodes: 0
27-02-2012 10:10:29 --- INFO: Lexus LX 470 - found: 0, pass primary filters: 0, did not pass the filter by color: 0, added: 0, new vincodes: 0
27-02-2012 10:10:29 --- INFO: Toyota Land Cruiser - found: 0, pass primary filters: 0, did not pass the filter by color: 0, added: 0, new vincodes: 0
27-02-2012 10:10:30 --- INFO: Honda CR-V - found: 5, pass primary filters: 1, did not pass the filter by color: 0, added: 1, new vincodes: 0
27-02-2012 10:10:31 --- INFO: Honda CR-V - found: 1, pass primary filters: 0, did not pass the filter by color: 0, added: 0, new vincodes: 0
27-02-2012 10:10:31 --- INFO: Mitsubishi Montero 4WD Limited - found: 9, pass primary filters: 0, did not pass the filter by color: 0, added: 0, new vincodes: 0
27-02-2012 10:10:31 --- INFO: Toyota 4RUNNER 4WD V6 - found: 8, pass primary filters: 0, did not pass the filter by color: 0, added: 0, new vincodes: 0
27-02-2012 10:10:32 --- INFO: Toyota RAV 4 - found: 2, pass primary filters: 0, did not pass the filter by color: 0, added: 0, new vincodes: 0
27-02-2012 10:10:36 --- INFO: Toyota Highlander 4WD - found: 19, pass primary filters: 1, did not pass the filter by color: 1, added: 0, new vincodes: 0
27-02-2012 10:10:40 --- INFO: Toyota Highlander - found: 14, pass primary filters: 1, did not pass the filter by color: 1, added: 0, new vincodes: 0
27-02-2012 10:10:44 --- INFO: Lexus RX 350 - found: 3, pass primary filters: 1, did not pass the filter by color: 0, added: 1, new vincodes: 0
27-02-2012 10:10:44 --- INFO: Toyota 4RUNNER Limited V6 - found: 8, pass primary filters: 0, did not pass the filter by color: 0, added: 0, new vincodes: 0
27-02-2012 10:10:44 --- INFO: finish: 27-02-2012 10:10:44
27-02-2012 10:10:44 --- INFO: elapsed time: ~42.97 sec., memory usage: ~2.08 Mb.
27-02-2012 09:30:01 --- INFO: start: 27-02-2012 09:30:01
27-02-2012 09:30:01 --- INFO: ----------Source_Gsmotors (cli)
27-02-2012 09:33:01 --- INFO: Lexus RX 300 - found: 49, pass primary filters: 33, did not pass the filter by color: 31, added: 2, new vincodes: 0
27-02-2012 09:39:20 --- INFO: Lexus RX 330 - found: 132, pass primary filters: 52, did not pass the filter by color: 44, added: 8, new vincodes: 0
27-02-2012 09:40:33 --- INFO: Lexus RX 400H - found: 26, pass primary filters: 8, did not pass the filter by color: 8, added: 0, new vincodes: 0
27-02-2012 09:43:49 --- INFO: Lexus GX 470 - found: 57, pass primary filters: 37, did not pass the filter by color: 31, added: 6, new vincodes: 0
27-02-2012 09:48:33 --- INFO: Lexus GX 470 - found: 98, pass primary filters: 39, did not pass the filter by color: 32, added: 7, new vincodes: 0
27-02-2012 09:50:40 --- INFO: Lexus LX 470 - found: 41, pass primary filters: 33, did not pass the filter by color: 29, added: 4, new vincodes: 0
27-02-2012 09:51:10 --- INFO: Lexus LX 470 - found: 10, pass primary filters: 2, did not pass the filter by color: 2, added: 0, new vincodes: 0
27-02-2012 09:51:56 --- INFO: Toyota Land Cruiser - found: 22, pass primary filters: 16, did not pass the filter by color: 13, added: 3, new vincodes: 0
27-02-2012 09:53:12 --- INFO: Honda CR-V - found: 29, pass primary filters: 2, did not pass the filter by color: 0, added: 2, new vincodes: 0
27-02-2012 09:58:09 --- INFO: Honda CR-V - found: 101, pass primary filters: 1, did not pass the filter by color: 0, added: 1, new vincodes: 0
27-02-2012 09:59:18 --- INFO: Mitsubishi Montero 4WD Limited - found: 21, pass primary filters: 2, did not pass the filter by color: 2, added: 0, new vincodes: 0
27-02-2012 10:03:36 --- INFO: Toyota 4RUNNER 4WD V6 - found: 88, pass primary filters: 16, did not pass the filter by color: 10, added: 6, new vincodes: 0
27-02-2012 10:06:18 --- INFO: Toyota RAV 4 - found: 40, pass primary filters: 21, did not pass the filter by color: 17, added: 4, new vincodes: 0
27-02-2012 10:14:08 --- INFO: Toyota Highlander 4WD - found: 87, pass primary filters: 6, did not pass the filter by color: 4, added: 2, new vincodes: 0
27-02-2012 10:18:03 --- INFO: Toyota Highlander - found: 69, pass primary filters: 13, did not pass the filter by color: 9, added: 4, new vincodes: 0
27-02-2012 10:23:14 --- INFO: Lexus RX 350 - found: 90, pass primary filters: 17, did not pass the filter by color: 16, added: 1, new vincodes: 0
27-02-2012 10:30:05 --- INFO: Toyota 4RUNNER Limited V6 - found: 106, pass primary filters: 4, did not pass the filter by color: 3, added: 1, new vincodes: 0
27-02-2012 10:30:05 --- INFO: finish: 27-02-2012 10:30:05
27-02-2012 10:30:05 --- INFO: elapsed time: ~3604.73 sec., memory usage: ~4.25 Mb.
27-02-2012 11:20:01 --- INFO: start: 27-02-2012 11:20:01
27-02-2012 11:20:01 --- INFO: ----------Source_Adesa (cli)
27-02-2012 11:20:03 --- INFO: Authorized request
27-02-2012 11:20:13 --- INFO: Lexus RX 300 - found: 8, pass primary filters: 4, did not pass the filter by color: 3, added: 1, new vincodes: 0
27-02-2012 11:20:20 --- INFO: Lexus RX 330 - found: 11, pass primary filters: 4, did not pass the filter by color: 4, added: 0, new vincodes: 0
27-02-2012 11:20:20 --- INFO: Lexus RX 400H - found: 1, pass primary filters: 0, did not pass the filter by color: 0, added: 0, new vincodes: 0
27-02-2012 11:20:22 --- INFO: Lexus GX 470 - found: 2, pass primary filters: 1, did not pass the filter by color: 0, added: 1, new vincodes: 0
27-02-2012 11:20:29 --- INFO: Lexus GX 470 - found: 5, pass primary filters: 4, did not pass the filter by color: 4, added: 0, new vincodes: 0
27-02-2012 11:20:29 --- INFO: Lexus LX 470 - found: 1, pass primary filters: 0, did not pass the filter by color: 0, added: 0, new vincodes: 0
27-02-2012 11:20:29 --- INFO: Lexus LX 470 - found: 0, pass primary filters: 0, did not pass the filter by color: 0, added: 0, new vincodes: 0
27-02-2012 11:20:30 --- INFO: Toyota Land Cruiser - found: 0, pass primary filters: 0, did not pass the filter by color: 0, added: 0, new vincodes: 0
27-02-2012 11:20:30 --- INFO: Honda CR-V - found: 5, pass primary filters: 1, did not pass the filter by color: 0, added: 1, new vincodes: 0
27-02-2012 11:20:30 --- INFO: Honda CR-V - found: 1, pass primary filters: 0, did not pass the filter by color: 0, added: 0, new vincodes: 0
27-02-2012 11:20:31 --- INFO: Mitsubishi Montero 4WD Limited - found: 9, pass primary filters: 0, did not pass the filter by color: 0, added: 0, new vincodes: 0
27-02-2012 11:20:31 --- INFO: Toyota 4RUNNER 4WD V6 - found: 8, pass primary filters: 0, did not pass the filter by color: 0, added: 0, new vincodes: 0
27-02-2012 11:20:31 --- INFO: Toyota RAV 4 - found: 2, pass primary filters: 0, did not pass the filter by color: 0, added: 0, new vincodes: 0
27-02-2012 11:20:35 --- INFO: Toyota Highlander 4WD - found: 22, pass primary filters: 1, did not pass the filter by color: 1, added: 0, new vincodes: 0
27-02-2012 11:20:39 --- INFO: Toyota Highlander - found: 15, pass primary filters: 1, did not pass the filter by color: 1, added: 0, new vincodes: 0
27-02-2012 11:20:43 --- INFO: Lexus RX 350 - found: 3, pass primary filters: 1, did not pass the filter by color: 0, added: 1, new vincodes: 0
27-02-2012 11:20:43 --- INFO: Toyota 4RUNNER Limited V6 - found: 8, pass primary filters: 0, did not pass the filter by color: 0, added: 0, new vincodes: 0
27-02-2012 11:20:43 --- INFO: finish: 27-02-2012 11:20:43
27-02-2012 11:20:43 --- INFO: elapsed time: ~42.23 sec., memory usage: ~2.08 Mb.
27-02-2012 10:40:01 --- INFO: start: 27-02-2012 10:40:01
27-02-2012 10:40:01 --- INFO: ----------Source_Gsmotors (cli)
27-02-2012 10:44:31 --- INFO: Lexus RX 300 - found: 62, pass primary filters: 44, did not pass the filter by color: 39, added: 5, new vincodes: 4
27-02-2012 10:55:58 --- INFO: Lexus RX 330 - found: 155, pass primary filters: 57, did not pass the filter by color: 49, added: 8, new vincodes: 2
27-02-2012 10:57:52 --- INFO: Lexus RX 400H - found: 29, pass primary filters: 8, did not pass the filter by color: 8, added: 0, new vincodes: 0
27-02-2012 11:04:53 --- INFO: Lexus GX 470 - found: 77, pass primary filters: 48, did not pass the filter by color: 38, added: 10, new vincodes: 3
27-02-2012 11:12:05 --- INFO: Lexus GX 470 - found: 120, pass primary filters: 44, did not pass the filter by color: 35, added: 9, new vincodes: 1
27-02-2012 11:16:59 --- INFO: Lexus LX 470 - found: 45, pass primary filters: 37, did not pass the filter by color: 34, added: 3, new vincodes: 0
27-02-2012 11:18:09 --- INFO: Lexus LX 470 - found: 12, pass primary filters: 3, did not pass the filter by color: 3, added: 0, new vincodes: 0
27-02-2012 11:20:40 --- INFO: Toyota Land Cruiser - found: 31, pass primary filters: 23, did not pass the filter by color: 20, added: 3, new vincodes: 0
27-02-2012 11:23:52 --- INFO: Honda CR-V - found: 46, pass primary filters: 3, did not pass the filter by color: 0, added: 3, new vincodes: 0
27-02-2012 11:32:59 --- INFO: Honda CR-V - found: 132, pass primary filters: 2, did not pass the filter by color: 0, added: 2, new vincodes: 1
27-02-2012 11:35:13 --- INFO: Mitsubishi Montero 4WD Limited - found: 32, pass primary filters: 5, did not pass the filter by color: 5, added: 0, new vincodes: 1
27-02-2012 11:42:25 --- INFO: Toyota 4RUNNER 4WD V6 - found: 106, pass primary filters: 19, did not pass the filter by color: 10, added: 9, new vincodes: 1
27-02-2012 11:47:48 --- INFO: Toyota RAV 4 - found: 57, pass primary filters: 30, did not pass the filter by color: 24, added: 6, new vincodes: 3
27-02-2012 11:56:53 --- INFO: Toyota Highlander 4WD - found: 121, pass primary filters: 7, did not pass the filter by color: 3, added: 4, new vincodes: 0
27-02-2012 12:02:34 --- INFO: Toyota Highlander - found: 86, pass primary filters: 15, did not pass the filter by color: 10, added: 5, new vincodes: 1
27-02-2012 12:10:50 --- INFO: Lexus RX 350 - found: 103, pass primary filters: 19, did not pass the filter by color: 18, added: 1, new vincodes: 1
27-02-2012 12:17:20 --- INFO: Toyota 4RUNNER Limited V6 - found: 106, pass primary filters: 4, did not pass the filter by color: 3, added: 1, new vincodes: 0
27-02-2012 12:17:20 --- INFO: finish: 27-02-2012 12:17:20
27-02-2012 12:17:20 --- INFO: elapsed time: ~5838.97 sec., memory usage: ~4.93 Mb.
27-02-2012 12:20:01 --- INFO: start: 27-02-2012 12:20:01
27-02-2012 12:20:02 --- INFO: ----------Source_Adesa (cli)
27-02-2012 12:20:02 --- INFO: Authorized request
27-02-2012 12:20:13 --- INFO: Lexus RX 300 - found: 8, pass primary filters: 4, did not pass the filter by color: 3, added: 1, new vincodes: 0
27-02-2012 12:20:19 --- INFO: Lexus RX 330 - found: 11, pass primary filters: 4, did not pass the filter by color: 4, added: 0, new vincodes: 0
27-02-2012 12:20:19 --- INFO: Lexus RX 400H - found: 1, pass primary filters: 0, did not pass the filter by color: 0, added: 0, new vincodes: 0
27-02-2012 12:20:20 --- INFO: Lexus GX 470 - found: 2, pass primary filters: 1, did not pass the filter by color: 0, added: 1, new vincodes: 0
27-02-2012 12:20:25 --- INFO: Lexus GX 470 - found: 5, pass primary filters: 4, did not pass the filter by color: 4, added: 0, new vincodes: 0
27-02-2012 12:20:26 --- INFO: Lexus LX 470 - found: 1, pass primary filters: 0, did not pass the filter by color: 0, added: 0, new vincodes: 0
27-02-2012 12:20:26 --- INFO: Lexus LX 470 - found: 0, pass primary filters: 0, did not pass the filter by color: 0, added: 0, new vincodes: 0
27-02-2012 12:20:26 --- INFO: Toyota Land Cruiser - found: 0, pass primary filters: 0, did not pass the filter by color: 0, added: 0, new vincodes: 0
27-02-2012 12:20:27 --- INFO: Honda CR-V - found: 8, pass primary filters: 1, did not pass the filter by color: 0, added: 1, new vincodes: 0
27-02-2012 12:20:27 --- INFO: Honda CR-V - found: 1, pass primary filters: 0, did not pass the filter by color: 0, added: 0, new vincodes: 0
27-02-2012 12:20:27 --- INFO: Mitsubishi Montero 4WD Limited - found: 9, pass primary filters: 0, did not pass the filter by color: 0, added: 0, new vincodes: 0
27-02-2012 12:20:28 --- INFO: Toyota 4RUNNER 4WD V6 - found: 9, pass primary filters: 0, did not pass the filter by color: 0, added: 0, new vincodes: 0
27-02-2012 12:20:46 --- INFO: Toyota RAV 4 - found: 3, pass primary filters: 2, did not pass the filter by color: 2, added: 0, new vincodes: 2
27-02-2012 12:20:50 --- INFO: Toyota Highlander 4WD - found: 24, pass primary filters: 1, did not pass the filter by color: 1, added: 0, new vincodes: 0
27-02-2012 12:20:54 --- INFO: Toyota Highlander - found: 17, pass primary filters: 1, did not pass the filter by color: 1, added: 0, new vincodes: 0
27-02-2012 12:20:58 --- INFO: Lexus RX 350 - found: 3, pass primary filters: 1, did not pass the filter by color: 0, added: 1, new vincodes: 0
27-02-2012 12:20:58 --- INFO: Toyota 4RUNNER Limited V6 - found: 9, pass primary filters: 0, did not pass the filter by color: 0, added: 0, new vincodes: 0
27-02-2012 12:20:58 --- INFO: finish: 27-02-2012 12:20:58
27-02-2012 12:20:58 --- INFO: elapsed time: ~56.39 sec., memory usage: ~2.1 Mb.
27-02-2012 11:50:01 --- INFO: start: 27-02-2012 11:50:01
27-02-2012 11:50:01 --- INFO: ----------Source_Gsmotors (cli)
27-02-2012 11:55:58 --- INFO: Lexus RX 300 - found: 62, pass primary filters: 44, did not pass the filter by color: 39, added: 5, new vincodes: 0
27-02-2012 12:06:13 --- INFO: Lexus RX 330 - found: 155, pass primary filters: 57, did not pass the filter by color: 49, added: 8, new vincodes: 0
27-02-2012 12:08:10 --- INFO: Lexus RX 400H - found: 29, pass primary filters: 8, did not pass the filter by color: 8, added: 0, new vincodes: 0
27-02-2012 12:13:36 --- INFO: Lexus GX 470 - found: 77, pass primary filters: 48, did not pass the filter by color: 38, added: 10, new vincodes: 0
27-02-2012 12:21:22 --- INFO: Lexus GX 470 - found: 120, pass primary filters: 44, did not pass the filter by color: 35, added: 9, new vincodes: 0
27-02-2012 12:24:40 --- INFO: Lexus LX 470 - found: 45, pass primary filters: 38, did not pass the filter by color: 34, added: 4, new vincodes: 0
27-02-2012 12:25:36 --- INFO: Lexus LX 470 - found: 12, pass primary filters: 3, did not pass the filter by color: 3, added: 0, new vincodes: 0
27-02-2012 12:27:16 --- INFO: Toyota Land Cruiser - found: 31, pass primary filters: 23, did not pass the filter by color: 20, added: 3, new vincodes: 0
27-02-2012 12:30:55 --- INFO: Honda CR-V - found: 46, pass primary filters: 3, did not pass the filter by color: 0, added: 3, new vincodes: 0
27-02-2012 12:38:43 --- INFO: Honda CR-V - found: 132, pass primary filters: 2, did not pass the filter by color: 0, added: 2, new vincodes: 0
27-02-2012 12:41:40 --- INFO: Mitsubishi Montero 4WD Limited - found: 32, pass primary filters: 5, did not pass the filter by color: 5, added: 0, new vincodes: 0
27-02-2012 12:51:20 --- INFO: Toyota 4RUNNER 4WD V6 - found: 106, pass primary filters: 19, did not pass the filter by color: 1, added: 18, new vincodes: 0
27-02-2012 12:55:12 --- INFO: Toyota RAV 4 - found: 57, pass primary filters: 30, did not pass the filter by color: 24, added: 6, new vincodes: 0
27-02-2012 13:06:00 --- INFO: Toyota Highlander 4WD - found: 121, pass primary filters: 7, did not pass the filter by color: 4, added: 3, new vincodes: 0
27-02-2012 13:13:27 --- INFO: Toyota Highlander - found: 86, pass primary filters: 15, did not pass the filter by color: 10, added: 5, new vincodes: 0
27-02-2012 13:22:51 --- INFO: Lexus RX 350 - found: 103, pass primary filters: 19, did not pass the filter by color: 18, added: 1, new vincodes: 0
27-02-2012 13:29:04 --- INFO: Toyota 4RUNNER Limited V6 - found: 106, pass primary filters: 4, did not pass the filter by color: 3, added: 1, new vincodes: 0
27-02-2012 13:29:04 --- INFO: finish: 27-02-2012 13:29:04
27-02-2012 13:29:04 --- INFO: elapsed time: ~5942.53 sec., memory usage: ~4.76 Mb.
27-02-2012 12:50:01 --- INFO: start: 27-02-2012 12:50:01
27-02-2012 12:50:02 --- INFO: ----------Source_Gsmotors (cli)
27-02-2012 12:53:24 --- INFO: Lexus RX 300 - found: 62, pass primary filters: 44, did not pass the filter by color: 39, added: 5, new vincodes: 0
27-02-2012 13:05:04 --- INFO: Lexus RX 330 - found: 155, pass primary filters: 57, did not pass the filter by color: 49, added: 8, new vincodes: 0
27-02-2012 13:08:25 --- INFO: Lexus RX 400H - found: 29, pass primary filters: 8, did not pass the filter by color: 8, added: 0, new vincodes: 0
27-02-2012 13:15:17 --- INFO: Lexus GX 470 - found: 77, pass primary filters: 47, did not pass the filter by color: 37, added: 10, new vincodes: 0
27-02-2012 13:23:31 --- INFO: Lexus GX 470 - found: 120, pass primary filters: 44, did not pass the filter by color: 36, added: 8, new vincodes: 0
27-02-2012 13:26:08 --- INFO: Lexus LX 470 - found: 45, pass primary filters: 38, did not pass the filter by color: 34, added: 4, new vincodes: 0
27-02-2012 13:26:39 --- INFO: Lexus LX 470 - found: 12, pass primary filters: 3, did not pass the filter by color: 3, added: 0, new vincodes: 0
27-02-2012 13:28:35 --- INFO: Toyota Land Cruiser - found: 31, pass primary filters: 23, did not pass the filter by color: 19, added: 4, new vincodes: 0
27-02-2012 13:31:58 --- INFO: Honda CR-V - found: 46, pass primary filters: 3, did not pass the filter by color: 0, added: 3, new vincodes: 0
27-02-2012 13:43:44 --- INFO: Honda CR-V - found: 132, pass primary filters: 2, did not pass the filter by color: 0, added: 2, new vincodes: 0
27-02-2012 13:45:33 --- INFO: Mitsubishi Montero 4WD Limited - found: 32, pass primary filters: 5, did not pass the filter by color: 5, added: 0, new vincodes: 0
27-02-2012 13:53:07 --- INFO: Toyota 4RUNNER 4WD V6 - found: 106, pass primary filters: 19, did not pass the filter by color: 10, added: 9, new vincodes: 0
27-02-2012 13:56:37 --- INFO: Toyota RAV 4 - found: 57, pass primary filters: 30, did not pass the filter by color: 24, added: 6, new vincodes: 0
27-02-2012 14:03:33 --- INFO: Toyota Highlander 4WD - found: 121, pass primary filters: 7, did not pass the filter by color: 4, added: 3, new vincodes: 0
27-02-2012 14:07:57 --- INFO: Toyota Highlander - found: 86, pass primary filters: 15, did not pass the filter by color: 10, added: 5, new vincodes: 0
27-02-2012 14:13:28 --- INFO: Lexus RX 350 - found: 103, pass primary filters: 19, did not pass the filter by color: 18, added: 1, new vincodes: 0
27-02-2012 14:19:26 --- INFO: Toyota 4RUNNER Limited V6 - found: 106, pass primary filters: 4, did not pass the filter by color: 3, added: 1, new vincodes: 0
27-02-2012 14:19:26 --- INFO: finish: 27-02-2012 14:19:26
27-02-2012 14:19:26 --- INFO: elapsed time: ~5364.88 sec., memory usage: ~4.79 Mb.
27-02-2012 15:10:01 --- INFO: start: 27-02-2012 15:10:01
27-02-2012 15:10:01 --- INFO: ----------Source_Adesa (cli)
27-02-2012 15:10:03 --- INFO: Authorized request
27-02-2012 15:10:22 --- INFO: Lexus RX 300 - found: 11, pass primary filters: 6, did not pass the filter by color: 5, added: 1, new vincodes: 1
27-02-2012 15:10:36 --- INFO: Lexus RX 330 - found: 13, pass primary filters: 5, did not pass the filter by color: 4, added: 1, new vincodes: 1
27-02-2012 15:10:36 --- INFO: Lexus RX 400H - found: 2, pass primary filters: 0, did not pass the filter by color: 0, added: 0, new vincodes: 0
27-02-2012 15:10:38 --- INFO: Lexus GX 470 - found: 1, pass primary filters: 1, did not pass the filter by color: 0, added: 1, new vincodes: 0
27-02-2012 15:10:43 --- INFO: Lexus GX 470 - found: 6, pass primary filters: 4, did not pass the filter by color: 4, added: 0, new vincodes: 0
27-02-2012 15:10:43 --- INFO: Lexus LX 470 - found: 1, pass primary filters: 0, did not pass the filter by color: 0, added: 0, new vincodes: 0
27-02-2012 15:10:44 --- INFO: Lexus LX 470 - found: 0, pass primary filters: 0, did not pass the filter by color: 0, added: 0, new vincodes: 0
27-02-2012 15:10:44 --- INFO: Toyota Land Cruiser - found: 0, pass primary filters: 0, did not pass the filter by color: 0, added: 0, new vincodes: 0
27-02-2012 15:11:51 --- INFO: Honda CR-V - found: 9, pass primary filters: 2, did not pass the filter by color: 0, added: 2, new vincodes: 1
27-02-2012 15:11:51 --- INFO: Honda CR-V - found: 1, pass primary filters: 0, did not pass the filter by color: 0, added: 0, new vincodes: 0
27-02-2012 15:12:54 --- INFO: Mitsubishi Montero 4WD Limited - found: 14, pass primary filters: 2, did not pass the filter by color: 2, added: 0, new vincodes: 1
27-02-2012 15:12:55 --- INFO: Toyota 4RUNNER 4WD V6 - found: 12, pass primary filters: 0, did not pass the filter by color: 0, added: 0, new vincodes: 0
27-02-2012 15:13:00 --- INFO: Toyota RAV 4 - found: 3, pass primary filters: 2, did not pass the filter by color: 2, added: 0, new vincodes: 0
27-02-2012 15:13:04 --- INFO: Toyota Highlander 4WD - found: 29, pass primary filters: 1, did not pass the filter by color: 1, added: 0, new vincodes: 0
27-02-2012 15:13:07 --- INFO: Toyota Highlander - found: 21, pass primary filters: 1, did not pass the filter by color: 1, added: 0, new vincodes: 0
27-02-2012 15:13:11 --- INFO: Lexus RX 350 - found: 3, pass primary filters: 1, did not pass the filter by color: 0, added: 1, new vincodes: 0
27-02-2012 15:13:11 --- INFO: Toyota 4RUNNER Limited V6 - found: 12, pass primary filters: 0, did not pass the filter by color: 0, added: 0, new vincodes: 0
27-02-2012 15:13:11 --- INFO: finish: 27-02-2012 15:13:11
27-02-2012 15:13:11 --- INFO: elapsed time: ~190.5 sec., memory usage: ~2.21 Mb.
27-02-2012 15:40:01 --- INFO: start: 27-02-2012 15:40:01
27-02-2012 15:40:01 --- INFO: ----------Source_Gsmotors (cli)
27-02-2012 15:44:35 --- INFO: Lexus RX 300 - found: 73, pass primary filters: 51, did not pass the filter by color: 46, added: 5, new vincodes: 5
27-02-2012 15:54:36 --- INFO: Lexus RX 330 - found: 185, pass primary filters: 71, did not pass the filter by color: 63, added: 8, new vincodes: 8
27-02-2012 15:56:13 --- INFO: Lexus RX 400H - found: 33, pass primary filters: 9, did not pass the filter by color: 9, added: 0, new vincodes: 1
27-02-2012 16:01:22 --- INFO: Lexus GX 470 - found: 95, pass primary filters: 58, did not pass the filter by color: 46, added: 12, new vincodes: 5
27-02-2012 16:08:59 --- INFO: Lexus GX 470 - found: 147, pass primary filters: 54, did not pass the filter by color: 45, added: 9, new vincodes: 5
27-02-2012 16:11:56 --- INFO: Lexus LX 470 - found: 50, pass primary filters: 38, did not pass the filter by color: 34, added: 4, new vincodes: 1
27-02-2012 16:12:31 --- INFO: Lexus LX 470 - found: 14, pass primary filters: 3, did not pass the filter by color: 3, added: 0, new vincodes: 0
27-02-2012 16:14:16 --- INFO: Toyota Land Cruiser - found: 31, pass primary filters: 24, did not pass the filter by color: 20, added: 4, new vincodes: 1
27-02-2012 16:17:22 --- INFO: Honda CR-V - found: 57, pass primary filters: 3, did not pass the filter by color: 0, added: 3, new vincodes: 0
27-02-2012 16:25:38 --- INFO: Honda CR-V - found: 164, pass primary filters: 2, did not pass the filter by color: 0, added: 2, new vincodes: 0
27-02-2012 16:28:05 --- INFO: Mitsubishi Montero 4WD Limited - found: 47, pass primary filters: 6, did not pass the filter by color: 6, added: 0, new vincodes: 0
27-02-2012 16:35:27 --- INFO: Toyota 4RUNNER 4WD V6 - found: 144, pass primary filters: 28, did not pass the filter by color: 14, added: 14, new vincodes: 4
27-02-2012 16:39:26 --- INFO: Toyota RAV 4 - found: 67, pass primary filters: 36, did not pass the filter by color: 28, added: 8, new vincodes: 3
27-02-2012 16:46:51 --- INFO: Toyota Highlander 4WD - found: 160, pass primary filters: 7, did not pass the filter by color: 5, added: 2, new vincodes: 1
27-02-2012 16:51:12 --- INFO: Toyota Highlander - found: 109, pass primary filters: 18, did not pass the filter by color: 14, added: 4, new vincodes: 2
27-02-2012 16:58:04 --- INFO: Lexus RX 350 - found: 129, pass primary filters: 20, did not pass the filter by color: 19, added: 1, new vincodes: 0
27-02-2012 17:02:54 --- INFO: Toyota 4RUNNER Limited V6 - found: 144, pass primary filters: 5, did not pass the filter by color: 4, added: 1, new vincodes: 0
27-02-2012 17:02:54 --- INFO: finish: 27-02-2012 17:02:54
27-02-2012 17:02:54 --- INFO: elapsed time: ~4973.43 sec., memory usage: ~5.41 Mb.
27-02-2012 17:10:01 --- INFO: start: 27-02-2012 17:10:01
27-02-2012 17:10:01 --- INFO: ----------Source_Adesa (cli)
27-02-2012 17:10:03 --- INFO: Authorized request
27-02-2012 17:10:36 --- INFO: Lexus RX 300 - found: 14, pass primary filters: 7, did not pass the filter by color: 5, added: 2, new vincodes: 1
27-02-2012 17:11:10 --- INFO: Lexus RX 330 - found: 13, pass primary filters: 7, did not pass the filter by color: 5, added: 2, new vincodes: 1
27-02-2012 17:11:10 --- INFO: Lexus RX 400H - found: 2, pass primary filters: 0, did not pass the filter by color: 0, added: 0, new vincodes: 0
27-02-2012 17:11:14 --- INFO: Lexus GX 470 - found: 2, pass primary filters: 2, did not pass the filter by color: 1, added: 1, new vincodes: 1
27-02-2012 17:12:06 --- INFO: Lexus GX 470 - found: 8, pass primary filters: 7, did not pass the filter by color: 6, added: 1, new vincodes: 3
27-02-2012 17:12:07 --- INFO: Lexus LX 470 - found: 1, pass primary filters: 0, did not pass the filter by color: 0, added: 0, new vincodes: 0
27-02-2012 17:12:07 --- INFO: Lexus LX 470 - found: 0, pass primary filters: 0, did not pass the filter by color: 0, added: 0, new vincodes: 0
27-02-2012 17:12:07 --- INFO: Toyota Land Cruiser - found: 0, pass primary filters: 0, did not pass the filter by color: 0, added: 0, new vincodes: 0
27-02-2012 17:12:27 --- INFO: Honda CR-V - found: 11, pass primary filters: 3, did not pass the filter by color: 0, added: 3, new vincodes: 1
27-02-2012 17:12:27 --- INFO: Honda CR-V - found: 1, pass primary filters: 0, did not pass the filter by color: 0, added: 0, new vincodes: 0
27-02-2012 17:12:31 --- INFO: Mitsubishi Montero 4WD Limited - found: 16, pass primary filters: 2, did not pass the filter by color: 2, added: 0, new vincodes: 0
27-02-2012 17:12:39 --- INFO: Toyota 4RUNNER 4WD V6 - found: 12, pass primary filters: 1, did not pass the filter by color: 0, added: 1, new vincodes: 0
27-02-2012 17:12:44 --- INFO: Toyota RAV 4 - found: 5, pass primary filters: 2, did not pass the filter by color: 2, added: 0, new vincodes: 0
27-02-2012 17:12:48 --- INFO: Toyota Highlander 4WD - found: 37, pass primary filters: 1, did not pass the filter by color: 1, added: 0, new vincodes: 0
27-02-2012 17:12:52 --- INFO: Toyota Highlander - found: 25, pass primary filters: 1, did not pass the filter by color: 1, added: 0, new vincodes: 0
27-02-2012 17:12:56 --- INFO: Lexus RX 350 - found: 3, pass primary filters: 1, did not pass the filter by color: 0, added: 1, new vincodes: 0
27-02-2012 17:12:56 --- INFO: Toyota 4RUNNER Limited V6 - found: 12, pass primary filters: 0, did not pass the filter by color: 0, added: 0, new vincodes: 0
27-02-2012 17:12:56 --- INFO: finish: 27-02-2012 17:12:56
27-02-2012 17:12:56 --- INFO: elapsed time: ~175.41 sec., memory usage: ~2.3 Mb.
27-02-2012 17:40:01 --- INFO: start: 27-02-2012 17:40:01
27-02-2012 17:40:01 --- INFO: ----------Source_Gsmotors (cli)
27-02-2012 17:42:38 --- INFO: Lexus RX 300 - found: 73, pass primary filters: 51, did not pass the filter by color: 46, added: 5, new vincodes: 0
27-02-2012 17:48:54 --- INFO: Lexus RX 330 - found: 185, pass primary filters: 71, did not pass the filter by color: 63, added: 8, new vincodes: 0
27-02-2012 17:50:22 --- INFO: Lexus RX 400H - found: 33, pass primary filters: 9, did not pass the filter by color: 9, added: 0, new vincodes: 0
27-02-2012 17:53:28 --- INFO: Lexus GX 470 - found: 95, pass primary filters: 58, did not pass the filter by color: 46, added: 12, new vincodes: 0
27-02-2012 17:57:57 --- INFO: Lexus GX 470 - found: 147, pass primary filters: 54, did not pass the filter by color: 45, added: 9, new vincodes: 0
27-02-2012 17:59:46 --- INFO: Lexus LX 470 - found: 50, pass primary filters: 38, did not pass the filter by color: 34, added: 4, new vincodes: 0
27-02-2012 18:00:22 --- INFO: Lexus LX 470 - found: 14, pass primary filters: 3, did not pass the filter by color: 3, added: 0, new vincodes: 0
27-02-2012 18:01:34 --- INFO: Toyota Land Cruiser - found: 31, pass primary filters: 24, did not pass the filter by color: 20, added: 4, new vincodes: 0
27-02-2012 18:03:47 --- INFO: Honda CR-V - found: 57, pass primary filters: 3, did not pass the filter by color: 0, added: 3, new vincodes: 0
27-02-2012 18:09:49 --- INFO: Honda CR-V - found: 164, pass primary filters: 2, did not pass the filter by color: 0, added: 2, new vincodes: 0
27-02-2012 18:11:38 --- INFO: Mitsubishi Montero 4WD Limited - found: 47, pass primary filters: 6, did not pass the filter by color: 6, added: 0, new vincodes: 0
27-02-2012 18:16:39 --- INFO: Toyota 4RUNNER 4WD V6 - found: 144, pass primary filters: 28, did not pass the filter by color: 14, added: 14, new vincodes: 0
27-02-2012 18:19:03 --- INFO: Toyota RAV 4 - found: 67, pass primary filters: 36, did not pass the filter by color: 28, added: 8, new vincodes: 0
27-02-2012 18:24:26 --- INFO: Toyota Highlander 4WD - found: 160, pass primary filters: 7, did not pass the filter by color: 5, added: 2, new vincodes: 0
27-02-2012 18:28:07 --- INFO: Toyota Highlander - found: 109, pass primary filters: 18, did not pass the filter by color: 14, added: 4, new vincodes: 0
27-02-2012 18:32:10 --- INFO: Lexus RX 350 - found: 129, pass primary filters: 20, did not pass the filter by color: 19, added: 1, new vincodes: 0
27-02-2012 18:36:56 --- INFO: Toyota 4RUNNER Limited V6 - found: 144, pass primary filters: 5, did not pass the filter by color: 4, added: 1, new vincodes: 0
27-02-2012 18:36:56 --- INFO: finish: 27-02-2012 18:36:56
27-02-2012 18:36:56 --- INFO: elapsed time: ~3414.73 sec., memory usage: ~5.25 Mb.