
28-01-2012 05:10:02 --- INFO: start: 28-01-2012 05:10:02
28-01-2012 05:10:02 --- INFO: ----------Source_Adesa (cli)
28-01-2012 05:10:03 --- INFO: Authorized request
28-01-2012 05:10:04 --- INFO: Lexus RX 300 - found: 7, pass primary filters: 1, did not pass the filter by color: 1, added: 0, new vincodes: 0
28-01-2012 05:10:08 --- INFO: Lexus RX 330 - found: 3, pass primary filters: 1, did not pass the filter by color: 1, added: 0, new vincodes: 0
28-01-2012 05:10:08 --- INFO: Lexus RX 400H - found: 1, pass primary filters: 0, did not pass the filter by color: 0, added: 0, new vincodes: 0
28-01-2012 05:10:11 --- INFO: Lexus GX 470 - found: 2, pass primary filters: 1, did not pass the filter by color: 1, added: 0, new vincodes: 0
28-01-2012 05:10:15 --- INFO: Lexus GX 470 - found: 1, pass primary filters: 1, did not pass the filter by color: 1, added: 0, new vincodes: 0
28-01-2012 05:10:15 --- INFO: Lexus LX 470 - found: 1, pass primary filters: 0, did not pass the filter by color: 0, added: 0, new vincodes: 0
28-01-2012 05:10:15 --- INFO: Lexus LX 470 - found: 0, pass primary filters: 0, did not pass the filter by color: 0, added: 0, new vincodes: 0
28-01-2012 05:10:15 --- INFO: Toyota Land Cruiser - found: 0, pass primary filters: 0, did not pass the filter by color: 0, added: 0, new vincodes: 0
28-01-2012 05:10:16 --- INFO: Honda CR-V - found: 2, pass primary filters: 0, did not pass the filter by color: 0, added: 0, new vincodes: 0
28-01-2012 05:10:16 --- INFO: Honda CR-V - found: 2, pass primary filters: 0, did not pass the filter by color: 0, added: 0, new vincodes: 0
28-01-2012 05:10:20 --- INFO: Mitsubishi Montero 4WD Limited - found: 8, pass primary filters: 1, did not pass the filter by color: 1, added: 0, new vincodes: 0
28-01-2012 05:10:23 --- INFO: Toyota 4RUNNER 4WD V6 - found: 9, pass primary filters: 1, did not pass the filter by color: 1, added: 0, new vincodes: 0
28-01-2012 05:10:23 --- INFO: Toyota RAV 4 - found: 3, pass primary filters: 0, did not pass the filter by color: 0, added: 0, new vincodes: 0
28-01-2012 05:10:27 --- INFO: Toyota Highlander 4WD - found: 20, pass primary filters: 1, did not pass the filter by color: 1, added: 0, new vincodes: 0
28-01-2012 05:10:31 --- INFO: Toyota Highlander - found: 11, pass primary filters: 2, did not pass the filter by color: 2, added: 0, new vincodes: 0
28-01-2012 05:10:31 --- INFO: Lexus RX 350 - found: 7, pass primary filters: 1, did not pass the filter by color: 1, added: 0, new vincodes: 0
28-01-2012 05:10:31 --- INFO: Toyota 4RUNNER Limited V6 - found: 9, pass primary filters: 0, did not pass the filter by color: 0, added: 0, new vincodes: 0
28-01-2012 05:10:31 --- INFO: finish: 28-01-2012 05:10:31
28-01-2012 05:10:31 --- INFO: elapsed time: ~29.99 sec., memory usage: ~2.03 Mb.
28-01-2012 05:40:01 --- INFO: start: 28-01-2012 05:40:01
28-01-2012 05:40:01 --- INFO: ----------Source_Gsmotors (cli)
28-01-2012 05:40:07 --- INFO: Lexus RX 300 - found: 60, pass primary filters: 0, did not pass the filter by color: 0, added: 0, new vincodes: 0
28-01-2012 05:40:19 --- INFO: Lexus RX 330 - found: 181, pass primary filters: 0, did not pass the filter by color: 0, added: 0, new vincodes: 0
28-01-2012 05:40:23 --- INFO: Lexus RX 400H - found: 29, pass primary filters: 0, did not pass the filter by color: 0, added: 0, new vincodes: 0
28-01-2012 05:40:30 --- INFO: Lexus GX 470 - found: 88, pass primary filters: 0, did not pass the filter by color: 0, added: 0, new vincodes: 0
28-01-2012 05:40:41 --- INFO: Lexus GX 470 - found: 148, pass primary filters: 0, did not pass the filter by color: 0, added: 0, new vincodes: 0
28-01-2012 05:40:45 --- INFO: Lexus LX 470 - found: 41, pass primary filters: 0, did not pass the filter by color: 0, added: 0, new vincodes: 0
28-01-2012 05:40:47 --- INFO: Lexus LX 470 - found: 9, pass primary filters: 0, did not pass the filter by color: 0, added: 0, new vincodes: 0
28-01-2012 05:40:50 --- INFO: Toyota Land Cruiser - found: 21, pass primary filters: 0, did not pass the filter by color: 0, added: 0, new vincodes: 0
28-01-2012 05:40:56 --- INFO: Honda CR-V - found: 58, pass primary filters: 0, did not pass the filter by color: 0, added: 0, new vincodes: 0
28-01-2012 05:41:06 --- INFO: Honda CR-V - found: 148, pass primary filters: 0, did not pass the filter by color: 0, added: 0, new vincodes: 0
28-01-2012 05:41:11 --- INFO: Mitsubishi Montero 4WD Limited - found: 58, pass primary filters: 0, did not pass the filter by color: 0, added: 0, new vincodes: 0
28-01-2012 05:41:21 --- INFO: Toyota 4RUNNER 4WD V6 - found: 138, pass primary filters: 0, did not pass the filter by color: 0, added: 0, new vincodes: 0
28-01-2012 05:41:27 --- INFO: Toyota RAV 4 - found: 61, pass primary filters: 0, did not pass the filter by color: 0, added: 0, new vincodes: 0
28-01-2012 05:41:39 --- INFO: Toyota Highlander 4WD - found: 157, pass primary filters: 0, did not pass the filter by color: 0, added: 0, new vincodes: 0
28-01-2012 05:41:46 --- INFO: Toyota Highlander - found: 99, pass primary filters: 0, did not pass the filter by color: 0, added: 0, new vincodes: 0
28-01-2012 05:41:56 --- INFO: Lexus RX 350 - found: 130, pass primary filters: 0, did not pass the filter by color: 0, added: 0, new vincodes: 0
28-01-2012 05:42:00 --- INFO: Toyota 4RUNNER Limited V6 - found: 138, pass primary filters: 0, did not pass the filter by color: 0, added: 0, new vincodes: 0
28-01-2012 05:42:00 --- INFO: finish: 28-01-2012 05:42:00
28-01-2012 05:42:00 --- INFO: elapsed time: ~119.3 sec., memory usage: ~1.87 Mb.
28-01-2012 07:10:01 --- INFO: start: 28-01-2012 07:10:01
28-01-2012 07:10:01 --- INFO: ----------Source_Adesa (cli)
28-01-2012 07:10:03 --- INFO: Authorized request
28-01-2012 07:10:05 --- INFO: Lexus RX 300 - found: 8, pass primary filters: 2, did not pass the filter by color: 2, added: 0, new vincodes: 0
28-01-2012 07:10:09 --- INFO: Lexus RX 330 - found: 3, pass primary filters: 1, did not pass the filter by color: 1, added: 0, new vincodes: 0
28-01-2012 07:10:09 --- INFO: Lexus RX 400H - found: 1, pass primary filters: 0, did not pass the filter by color: 0, added: 0, new vincodes: 0
28-01-2012 07:10:12 --- INFO: Lexus GX 470 - found: 2, pass primary filters: 1, did not pass the filter by color: 1, added: 0, new vincodes: 0
28-01-2012 07:10:16 --- INFO: Lexus GX 470 - found: 1, pass primary filters: 1, did not pass the filter by color: 1, added: 0, new vincodes: 0
28-01-2012 07:10:16 --- INFO: Lexus LX 470 - found: 1, pass primary filters: 0, did not pass the filter by color: 0, added: 0, new vincodes: 0
28-01-2012 07:10:16 --- INFO: Lexus LX 470 - found: 0, pass primary filters: 0, did not pass the filter by color: 0, added: 0, new vincodes: 0
28-01-2012 07:10:17 --- INFO: Toyota Land Cruiser - found: 0, pass primary filters: 0, did not pass the filter by color: 0, added: 0, new vincodes: 0
28-01-2012 07:10:17 --- INFO: Honda CR-V - found: 2, pass primary filters: 0, did not pass the filter by color: 0, added: 0, new vincodes: 0
28-01-2012 07:10:17 --- INFO: Honda CR-V - found: 2, pass primary filters: 0, did not pass the filter by color: 0, added: 0, new vincodes: 0
28-01-2012 07:10:21 --- INFO: Mitsubishi Montero 4WD Limited - found: 10, pass primary filters: 1, did not pass the filter by color: 1, added: 0, new vincodes: 0
28-01-2012 07:10:24 --- INFO: Toyota 4RUNNER 4WD V6 - found: 9, pass primary filters: 1, did not pass the filter by color: 1, added: 0, new vincodes: 0
28-01-2012 07:10:24 --- INFO: Toyota RAV 4 - found: 3, pass primary filters: 0, did not pass the filter by color: 0, added: 0, new vincodes: 0
28-01-2012 07:10:28 --- INFO: Toyota Highlander 4WD - found: 20, pass primary filters: 1, did not pass the filter by color: 1, added: 0, new vincodes: 0
28-01-2012 07:10:32 --- INFO: Toyota Highlander - found: 11, pass primary filters: 2, did not pass the filter by color: 2, added: 0, new vincodes: 0
28-01-2012 07:10:32 --- INFO: Lexus RX 350 - found: 7, pass primary filters: 1, did not pass the filter by color: 1, added: 0, new vincodes: 0
28-01-2012 07:10:33 --- INFO: Toyota 4RUNNER Limited V6 - found: 9, pass primary filters: 0, did not pass the filter by color: 0, added: 0, new vincodes: 0
28-01-2012 07:10:33 --- INFO: finish: 28-01-2012 07:10:33
28-01-2012 07:10:33 --- INFO: elapsed time: ~31.73 sec., memory usage: ~2.04 Mb.
28-01-2012 07:40:01 --- INFO: start: 28-01-2012 07:40:01
28-01-2012 07:40:02 --- INFO: ----------Source_Gsmotors (cli)
28-01-2012 07:40:05 --- INFO: Lexus RX 300 - found: 60, pass primary filters: 0, did not pass the filter by color: 0, added: 0, new vincodes: 0
28-01-2012 07:40:10 --- INFO: Lexus RX 330 - found: 181, pass primary filters: 0, did not pass the filter by color: 0, added: 0, new vincodes: 0
28-01-2012 07:40:12 --- INFO: Lexus RX 400H - found: 29, pass primary filters: 0, did not pass the filter by color: 0, added: 0, new vincodes: 0
28-01-2012 07:40:16 --- INFO: Lexus GX 470 - found: 88, pass primary filters: 0, did not pass the filter by color: 0, added: 0, new vincodes: 0
28-01-2012 07:40:21 --- INFO: Lexus GX 470 - found: 148, pass primary filters: 0, did not pass the filter by color: 0, added: 0, new vincodes: 0
28-01-2012 07:40:24 --- INFO: Lexus LX 470 - found: 41, pass primary filters: 0, did not pass the filter by color: 0, added: 0, new vincodes: 0
28-01-2012 07:40:25 --- INFO: Lexus LX 470 - found: 9, pass primary filters: 0, did not pass the filter by color: 0, added: 0, new vincodes: 0
28-01-2012 07:40:27 --- INFO: Toyota Land Cruiser - found: 21, pass primary filters: 0, did not pass the filter by color: 0, added: 0, new vincodes: 0
28-01-2012 07:40:29 --- INFO: Honda CR-V - found: 58, pass primary filters: 0, did not pass the filter by color: 0, added: 0, new vincodes: 0
28-01-2012 07:40:35 --- INFO: Honda CR-V - found: 148, pass primary filters: 0, did not pass the filter by color: 0, added: 0, new vincodes: 0
28-01-2012 07:40:37 --- INFO: Mitsubishi Montero 4WD Limited - found: 58, pass primary filters: 0, did not pass the filter by color: 0, added: 0, new vincodes: 0
28-01-2012 07:40:43 --- INFO: Toyota 4RUNNER 4WD V6 - found: 138, pass primary filters: 0, did not pass the filter by color: 0, added: 0, new vincodes: 0
28-01-2012 07:40:46 --- INFO: Toyota RAV 4 - found: 61, pass primary filters: 0, did not pass the filter by color: 0, added: 0, new vincodes: 0
28-01-2012 07:40:53 --- INFO: Toyota Highlander 4WD - found: 157, pass primary filters: 0, did not pass the filter by color: 0, added: 0, new vincodes: 0
28-01-2012 07:40:57 --- INFO: Toyota Highlander - found: 99, pass primary filters: 0, did not pass the filter by color: 0, added: 0, new vincodes: 0
28-01-2012 07:41:03 --- INFO: Lexus RX 350 - found: 130, pass primary filters: 0, did not pass the filter by color: 0, added: 0, new vincodes: 0
28-01-2012 07:41:07 --- INFO: Toyota 4RUNNER Limited V6 - found: 138, pass primary filters: 0, did not pass the filter by color: 0, added: 0, new vincodes: 0
28-01-2012 07:41:07 --- INFO: finish: 28-01-2012 07:41:07
28-01-2012 07:41:07 --- INFO: elapsed time: ~65.93 sec., memory usage: ~1.87 Mb.
28-01-2012 08:10:01 --- INFO: start: 28-01-2012 08:10:01
28-01-2012 08:10:01 --- INFO: ----------Source_Adesa (cli)
28-01-2012 08:10:01 --- INFO: Authorized request
28-01-2012 08:10:03 --- INFO: Lexus RX 300 - found: 8, pass primary filters: 2, did not pass the filter by color: 2, added: 0, new vincodes: 0
28-01-2012 08:10:07 --- INFO: Lexus RX 330 - found: 3, pass primary filters: 1, did not pass the filter by color: 1, added: 0, new vincodes: 0
28-01-2012 08:10:07 --- INFO: Lexus RX 400H - found: 1, pass primary filters: 0, did not pass the filter by color: 0, added: 0, new vincodes: 0
28-01-2012 08:10:10 --- INFO: Lexus GX 470 - found: 2, pass primary filters: 1, did not pass the filter by color: 1, added: 0, new vincodes: 0
28-01-2012 08:10:14 --- INFO: Lexus GX 470 - found: 1, pass primary filters: 1, did not pass the filter by color: 1, added: 0, new vincodes: 0
28-01-2012 08:10:14 --- INFO: Lexus LX 470 - found: 1, pass primary filters: 0, did not pass the filter by color: 0, added: 0, new vincodes: 0
28-01-2012 08:10:14 --- INFO: Lexus LX 470 - found: 0, pass primary filters: 0, did not pass the filter by color: 0, added: 0, new vincodes: 0
28-01-2012 08:10:15 --- INFO: Toyota Land Cruiser - found: 0, pass primary filters: 0, did not pass the filter by color: 0, added: 0, new vincodes: 0
28-01-2012 08:10:15 --- INFO: Honda CR-V - found: 2, pass primary filters: 0, did not pass the filter by color: 0, added: 0, new vincodes: 0
28-01-2012 08:10:15 --- INFO: Honda CR-V - found: 2, pass primary filters: 0, did not pass the filter by color: 0, added: 0, new vincodes: 0
28-01-2012 08:10:18 --- INFO: Mitsubishi Montero 4WD Limited - found: 10, pass primary filters: 1, did not pass the filter by color: 1, added: 0, new vincodes: 0
28-01-2012 08:10:22 --- INFO: Toyota 4RUNNER 4WD V6 - found: 9, pass primary filters: 1, did not pass the filter by color: 1, added: 0, new vincodes: 0
28-01-2012 08:10:22 --- INFO: Toyota RAV 4 - found: 3, pass primary filters: 0, did not pass the filter by color: 0, added: 0, new vincodes: 0
28-01-2012 08:10:26 --- INFO: Toyota Highlander 4WD - found: 20, pass primary filters: 1, did not pass the filter by color: 1, added: 0, new vincodes: 0
28-01-2012 08:10:30 --- INFO: Toyota Highlander - found: 11, pass primary filters: 2, did not pass the filter by color: 2, added: 0, new vincodes: 0
28-01-2012 08:10:30 --- INFO: Lexus RX 350 - found: 7, pass primary filters: 1, did not pass the filter by color: 1, added: 0, new vincodes: 0
28-01-2012 08:10:30 --- INFO: Toyota 4RUNNER Limited V6 - found: 9, pass primary filters: 0, did not pass the filter by color: 0, added: 0, new vincodes: 0
28-01-2012 08:10:30 --- INFO: finish: 28-01-2012 08:10:30
28-01-2012 08:10:30 --- INFO: elapsed time: ~29.71 sec., memory usage: ~2.04 Mb.
28-01-2012 08:40:01 --- INFO: start: 28-01-2012 08:40:01
28-01-2012 08:40:01 --- INFO: ----------Source_Gsmotors (cli)
28-01-2012 08:40:04 --- INFO: Lexus RX 300 - found: 60, pass primary filters: 0, did not pass the filter by color: 0, added: 0, new vincodes: 0
28-01-2012 08:40:11 --- INFO: Lexus RX 330 - found: 181, pass primary filters: 0, did not pass the filter by color: 0, added: 0, new vincodes: 0
28-01-2012 08:40:13 --- INFO: Lexus RX 400H - found: 29, pass primary filters: 0, did not pass the filter by color: 0, added: 0, new vincodes: 0
28-01-2012 08:40:17 --- INFO: Lexus GX 470 - found: 88, pass primary filters: 0, did not pass the filter by color: 0, added: 0, new vincodes: 0
28-01-2012 08:40:21 --- INFO: Lexus GX 470 - found: 148, pass primary filters: 0, did not pass the filter by color: 0, added: 0, new vincodes: 0
28-01-2012 08:40:24 --- INFO: Lexus LX 470 - found: 41, pass primary filters: 0, did not pass the filter by color: 0, added: 0, new vincodes: 0
28-01-2012 08:40:25 --- INFO: Lexus LX 470 - found: 9, pass primary filters: 0, did not pass the filter by color: 0, added: 0, new vincodes: 0
28-01-2012 08:40:26 --- INFO: Toyota Land Cruiser - found: 21, pass primary filters: 0, did not pass the filter by color: 0, added: 0, new vincodes: 0
28-01-2012 08:40:29 --- INFO: Honda CR-V - found: 58, pass primary filters: 0, did not pass the filter by color: 0, added: 0, new vincodes: 0
28-01-2012 08:40:35 --- INFO: Honda CR-V - found: 148, pass primary filters: 0, did not pass the filter by color: 0, added: 0, new vincodes: 0
28-01-2012 08:40:38 --- INFO: Mitsubishi Montero 4WD Limited - found: 58, pass primary filters: 0, did not pass the filter by color: 0, added: 0, new vincodes: 0
28-01-2012 08:40:44 --- INFO: Toyota 4RUNNER 4WD V6 - found: 138, pass primary filters: 0, did not pass the filter by color: 0, added: 0, new vincodes: 0
28-01-2012 08:40:47 --- INFO: Toyota RAV 4 - found: 61, pass primary filters: 0, did not pass the filter by color: 0, added: 0, new vincodes: 0
28-01-2012 08:40:53 --- INFO: Toyota Highlander 4WD - found: 157, pass primary filters: 0, did not pass the filter by color: 0, added: 0, new vincodes: 0
28-01-2012 08:40:56 --- INFO: Toyota Highlander - found: 99, pass primary filters: 0, did not pass the filter by color: 0, added: 0, new vincodes: 0
28-01-2012 08:41:02 --- INFO: Lexus RX 350 - found: 130, pass primary filters: 0, did not pass the filter by color: 0, added: 0, new vincodes: 0
28-01-2012 08:41:07 --- INFO: Toyota 4RUNNER Limited V6 - found: 138, pass primary filters: 0, did not pass the filter by color: 0, added: 0, new vincodes: 0
28-01-2012 08:41:07 --- INFO: finish: 28-01-2012 08:41:07
28-01-2012 08:41:07 --- INFO: elapsed time: ~66.08 sec., memory usage: ~1.87 Mb.
28-01-2012 09:00:01 --- INFO: start: 28-01-2012 09:00:01
28-01-2012 09:00:01 --- INFO: ----------Source_Adesa (cli)
28-01-2012 09:00:02 --- INFO: Authorized request
28-01-2012 09:00:04 --- INFO: Lexus RX 300 - found: 8, pass primary filters: 2, did not pass the filter by color: 2, added: 0, new vincodes: 0
28-01-2012 09:00:08 --- INFO: Lexus RX 330 - found: 3, pass primary filters: 1, did not pass the filter by color: 1, added: 0, new vincodes: 0
28-01-2012 09:00:08 --- INFO: Lexus RX 400H - found: 1, pass primary filters: 0, did not pass the filter by color: 0, added: 0, new vincodes: 0
28-01-2012 09:00:12 --- INFO: Lexus GX 470 - found: 2, pass primary filters: 1, did not pass the filter by color: 1, added: 0, new vincodes: 0
28-01-2012 09:00:15 --- INFO: Lexus GX 470 - found: 1, pass primary filters: 1, did not pass the filter by color: 1, added: 0, new vincodes: 0
28-01-2012 09:00:15 --- INFO: Lexus LX 470 - found: 1, pass primary filters: 0, did not pass the filter by color: 0, added: 0, new vincodes: 0
28-01-2012 09:00:15 --- INFO: Lexus LX 470 - found: 0, pass primary filters: 0, did not pass the filter by color: 0, added: 0, new vincodes: 0
28-01-2012 09:00:16 --- INFO: Toyota Land Cruiser - found: 0, pass primary filters: 0, did not pass the filter by color: 0, added: 0, new vincodes: 0
28-01-2012 09:00:16 --- INFO: Honda CR-V - found: 2, pass primary filters: 0, did not pass the filter by color: 0, added: 0, new vincodes: 0
28-01-2012 09:00:16 --- INFO: Honda CR-V - found: 2, pass primary filters: 0, did not pass the filter by color: 0, added: 0, new vincodes: 0
28-01-2012 09:00:20 --- INFO: Mitsubishi Montero 4WD Limited - found: 10, pass primary filters: 1, did not pass the filter by color: 1, added: 0, new vincodes: 0
28-01-2012 09:00:24 --- INFO: Toyota 4RUNNER 4WD V6 - found: 9, pass primary filters: 1, did not pass the filter by color: 1, added: 0, new vincodes: 0
28-01-2012 09:00:24 --- INFO: Toyota RAV 4 - found: 3, pass primary filters: 0, did not pass the filter by color: 0, added: 0, new vincodes: 0
28-01-2012 09:00:28 --- INFO: Toyota Highlander 4WD - found: 20, pass primary filters: 1, did not pass the filter by color: 1, added: 0, new vincodes: 0
28-01-2012 09:00:32 --- INFO: Toyota Highlander - found: 11, pass primary filters: 2, did not pass the filter by color: 2, added: 0, new vincodes: 0
28-01-2012 09:00:32 --- INFO: Lexus RX 350 - found: 7, pass primary filters: 1, did not pass the filter by color: 1, added: 0, new vincodes: 0
28-01-2012 09:00:33 --- INFO: Toyota 4RUNNER Limited V6 - found: 9, pass primary filters: 0, did not pass the filter by color: 0, added: 0, new vincodes: 0
28-01-2012 09:00:33 --- INFO: finish: 28-01-2012 09:00:33
28-01-2012 09:00:33 --- INFO: elapsed time: ~31.19 sec., memory usage: ~2.04 Mb.
28-01-2012 09:30:01 --- INFO: start: 28-01-2012 09:30:01
28-01-2012 09:30:01 --- INFO: ----------Source_Gsmotors (cli)
28-01-2012 09:30:05 --- INFO: Lexus RX 300 - found: 60, pass primary filters: 0, did not pass the filter by color: 0, added: 0, new vincodes: 0
28-01-2012 09:30:11 --- INFO: Lexus RX 330 - found: 181, pass primary filters: 0, did not pass the filter by color: 0, added: 0, new vincodes: 0
28-01-2012 09:30:14 --- INFO: Lexus RX 400H - found: 29, pass primary filters: 0, did not pass the filter by color: 0, added: 0, new vincodes: 0
28-01-2012 09:30:17 --- INFO: Lexus GX 470 - found: 88, pass primary filters: 0, did not pass the filter by color: 0, added: 0, new vincodes: 0
28-01-2012 09:30:22 --- INFO: Lexus GX 470 - found: 148, pass primary filters: 0, did not pass the filter by color: 0, added: 0, new vincodes: 0
28-01-2012 09:30:24 --- INFO: Lexus LX 470 - found: 41, pass primary filters: 0, did not pass the filter by color: 0, added: 0, new vincodes: 0
28-01-2012 09:30:25 --- INFO: Lexus LX 470 - found: 9, pass primary filters: 0, did not pass the filter by color: 0, added: 0, new vincodes: 0
28-01-2012 09:30:26 --- INFO: Toyota Land Cruiser - found: 21, pass primary filters: 0, did not pass the filter by color: 0, added: 0, new vincodes: 0
28-01-2012 09:30:29 --- INFO: Honda CR-V - found: 58, pass primary filters: 0, did not pass the filter by color: 0, added: 0, new vincodes: 0
28-01-2012 09:30:35 --- INFO: Honda CR-V - found: 148, pass primary filters: 0, did not pass the filter by color: 0, added: 0, new vincodes: 0
28-01-2012 09:30:37 --- INFO: Mitsubishi Montero 4WD Limited - found: 58, pass primary filters: 0, did not pass the filter by color: 0, added: 0, new vincodes: 0
28-01-2012 09:30:42 --- INFO: Toyota 4RUNNER 4WD V6 - found: 138, pass primary filters: 0, did not pass the filter by color: 0, added: 0, new vincodes: 0
28-01-2012 09:30:45 --- INFO: Toyota RAV 4 - found: 61, pass primary filters: 0, did not pass the filter by color: 0, added: 0, new vincodes: 0
28-01-2012 09:30:51 --- INFO: Toyota Highlander 4WD - found: 157, pass primary filters: 0, did not pass the filter by color: 0, added: 0, new vincodes: 0
28-01-2012 09:30:55 --- INFO: Toyota Highlander - found: 99, pass primary filters: 0, did not pass the filter by color: 0, added: 0, new vincodes: 0
28-01-2012 09:31:00 --- INFO: Lexus RX 350 - found: 130, pass primary filters: 0, did not pass the filter by color: 0, added: 0, new vincodes: 0
28-01-2012 09:31:05 --- INFO: Toyota 4RUNNER Limited V6 - found: 138, pass primary filters: 0, did not pass the filter by color: 0, added: 0, new vincodes: 0
28-01-2012 09:31:05 --- INFO: finish: 28-01-2012 09:31:05
28-01-2012 09:31:05 --- INFO: elapsed time: ~63.93 sec., memory usage: ~1.87 Mb.
28-01-2012 10:10:01 --- INFO: start: 28-01-2012 10:10:01
28-01-2012 10:10:02 --- INFO: ----------Source_Adesa (cli)
28-01-2012 10:10:03 --- INFO: Authorized request
28-01-2012 10:10:05 --- INFO: Lexus RX 300 - found: 8, pass primary filters: 2, did not pass the filter by color: 2, added: 0, new vincodes: 0
28-01-2012 10:10:08 --- INFO: Lexus RX 330 - found: 3, pass primary filters: 1, did not pass the filter by color: 1, added: 0, new vincodes: 0
28-01-2012 10:10:09 --- INFO: Lexus RX 400H - found: 1, pass primary filters: 0, did not pass the filter by color: 0, added: 0, new vincodes: 0
28-01-2012 10:10:12 --- INFO: Lexus GX 470 - found: 2, pass primary filters: 1, did not pass the filter by color: 1, added: 0, new vincodes: 0
28-01-2012 10:10:16 --- INFO: Lexus GX 470 - found: 1, pass primary filters: 1, did not pass the filter by color: 1, added: 0, new vincodes: 0
28-01-2012 10:10:16 --- INFO: Lexus LX 470 - found: 1, pass primary filters: 0, did not pass the filter by color: 0, added: 0, new vincodes: 0
28-01-2012 10:10:16 --- INFO: Lexus LX 470 - found: 0, pass primary filters: 0, did not pass the filter by color: 0, added: 0, new vincodes: 0
28-01-2012 10:10:16 --- INFO: Toyota Land Cruiser - found: 0, pass primary filters: 0, did not pass the filter by color: 0, added: 0, new vincodes: 0
28-01-2012 10:10:17 --- INFO: Honda CR-V - found: 3, pass primary filters: 0, did not pass the filter by color: 0, added: 0, new vincodes: 0
28-01-2012 10:10:17 --- INFO: Honda CR-V - found: 2, pass primary filters: 0, did not pass the filter by color: 0, added: 0, new vincodes: 0
28-01-2012 10:10:21 --- INFO: Mitsubishi Montero 4WD Limited - found: 11, pass primary filters: 1, did not pass the filter by color: 1, added: 0, new vincodes: 0
28-01-2012 10:10:24 --- INFO: Toyota 4RUNNER 4WD V6 - found: 9, pass primary filters: 1, did not pass the filter by color: 1, added: 0, new vincodes: 0
28-01-2012 10:10:25 --- INFO: Toyota RAV 4 - found: 3, pass primary filters: 0, did not pass the filter by color: 0, added: 0, new vincodes: 0
28-01-2012 10:10:28 --- INFO: Toyota Highlander 4WD - found: 20, pass primary filters: 1, did not pass the filter by color: 1, added: 0, new vincodes: 0
28-01-2012 10:10:32 --- INFO: Toyota Highlander - found: 11, pass primary filters: 2, did not pass the filter by color: 2, added: 0, new vincodes: 0
28-01-2012 10:10:32 --- INFO: Lexus RX 350 - found: 7, pass primary filters: 1, did not pass the filter by color: 1, added: 0, new vincodes: 0
28-01-2012 10:10:33 --- INFO: Toyota 4RUNNER Limited V6 - found: 9, pass primary filters: 0, did not pass the filter by color: 0, added: 0, new vincodes: 0
28-01-2012 10:10:33 --- INFO: finish: 28-01-2012 10:10:33
28-01-2012 10:10:33 --- INFO: elapsed time: ~31.08 sec., memory usage: ~2.04 Mb.
28-01-2012 10:40:02 --- INFO: start: 28-01-2012 10:40:02
28-01-2012 10:40:02 --- INFO: ----------Source_Gsmotors (cli)
28-01-2012 10:40:08 --- INFO: Lexus RX 300 - found: 64, pass primary filters: 0, did not pass the filter by color: 0, added: 0, new vincodes: 0
28-01-2012 10:40:19 --- INFO: Lexus RX 330 - found: 188, pass primary filters: 0, did not pass the filter by color: 0, added: 0, new vincodes: 0
28-01-2012 10:40:22 --- INFO: Lexus RX 400H - found: 31, pass primary filters: 0, did not pass the filter by color: 0, added: 0, new vincodes: 0
28-01-2012 10:40:29 --- INFO: Lexus GX 470 - found: 93, pass primary filters: 0, did not pass the filter by color: 0, added: 0, new vincodes: 0
28-01-2012 10:40:39 --- INFO: Lexus GX 470 - found: 154, pass primary filters: 0, did not pass the filter by color: 0, added: 0, new vincodes: 0
28-01-2012 10:40:42 --- INFO: Lexus LX 470 - found: 42, pass primary filters: 0, did not pass the filter by color: 0, added: 0, new vincodes: 0
28-01-2012 10:40:44 --- INFO: Lexus LX 470 - found: 9, pass primary filters: 0, did not pass the filter by color: 0, added: 0, new vincodes: 0
28-01-2012 10:40:47 --- INFO: Toyota Land Cruiser - found: 21, pass primary filters: 0, did not pass the filter by color: 0, added: 0, new vincodes: 0
28-01-2012 10:40:53 --- INFO: Honda CR-V - found: 60, pass primary filters: 0, did not pass the filter by color: 0, added: 0, new vincodes: 0
28-01-2012 10:41:03 --- INFO: Honda CR-V - found: 157, pass primary filters: 0, did not pass the filter by color: 0, added: 0, new vincodes: 0
28-01-2012 10:41:09 --- INFO: Mitsubishi Montero 4WD Limited - found: 58, pass primary filters: 0, did not pass the filter by color: 0, added: 0, new vincodes: 0
28-01-2012 10:41:19 --- INFO: Toyota 4RUNNER 4WD V6 - found: 140, pass primary filters: 0, did not pass the filter by color: 0, added: 0, new vincodes: 0
28-01-2012 10:41:25 --- INFO: Toyota RAV 4 - found: 66, pass primary filters: 0, did not pass the filter by color: 0, added: 0, new vincodes: 0
28-01-2012 10:41:37 --- INFO: Toyota Highlander 4WD - found: 160, pass primary filters: 0, did not pass the filter by color: 0, added: 0, new vincodes: 0
28-01-2012 10:41:45 --- INFO: Toyota Highlander - found: 102, pass primary filters: 0, did not pass the filter by color: 0, added: 0, new vincodes: 0
28-01-2012 10:41:55 --- INFO: Lexus RX 350 - found: 134, pass primary filters: 0, did not pass the filter by color: 0, added: 0, new vincodes: 0
28-01-2012 10:42:01 --- INFO: Toyota 4RUNNER Limited V6 - found: 140, pass primary filters: 0, did not pass the filter by color: 0, added: 0, new vincodes: 0
28-01-2012 10:42:01 --- INFO: finish: 28-01-2012 10:42:01
28-01-2012 10:42:01 --- INFO: elapsed time: ~119.31 sec., memory usage: ~1.87 Mb.
28-01-2012 11:20:02 --- INFO: start: 28-01-2012 11:20:02
28-01-2012 11:20:02 --- INFO: ----------Source_Adesa (cli)
28-01-2012 11:20:03 --- INFO: Authorized request
28-01-2012 11:20:06 --- INFO: Lexus RX 300 - found: 8, pass primary filters: 2, did not pass the filter by color: 2, added: 0, new vincodes: 0
28-01-2012 11:20:09 --- INFO: Lexus RX 330 - found: 3, pass primary filters: 1, did not pass the filter by color: 1, added: 0, new vincodes: 0
28-01-2012 11:20:10 --- INFO: Lexus RX 400H - found: 1, pass primary filters: 0, did not pass the filter by color: 0, added: 0, new vincodes: 0
28-01-2012 11:20:13 --- INFO: Lexus GX 470 - found: 2, pass primary filters: 1, did not pass the filter by color: 1, added: 0, new vincodes: 0
28-01-2012 11:20:17 --- INFO: Lexus GX 470 - found: 1, pass primary filters: 1, did not pass the filter by color: 1, added: 0, new vincodes: 0
28-01-2012 11:20:17 --- INFO: Lexus LX 470 - found: 1, pass primary filters: 0, did not pass the filter by color: 0, added: 0, new vincodes: 0
28-01-2012 11:20:17 --- INFO: Lexus LX 470 - found: 0, pass primary filters: 0, did not pass the filter by color: 0, added: 0, new vincodes: 0
28-01-2012 11:20:17 --- INFO: Toyota Land Cruiser - found: 0, pass primary filters: 0, did not pass the filter by color: 0, added: 0, new vincodes: 0
28-01-2012 11:20:18 --- INFO: Honda CR-V - found: 3, pass primary filters: 0, did not pass the filter by color: 0, added: 0, new vincodes: 0
28-01-2012 11:20:18 --- INFO: Honda CR-V - found: 2, pass primary filters: 0, did not pass the filter by color: 0, added: 0, new vincodes: 0
28-01-2012 11:20:22 --- INFO: Mitsubishi Montero 4WD Limited - found: 12, pass primary filters: 1, did not pass the filter by color: 1, added: 0, new vincodes: 0
28-01-2012 11:20:25 --- INFO: Toyota 4RUNNER 4WD V6 - found: 9, pass primary filters: 1, did not pass the filter by color: 1, added: 0, new vincodes: 0
28-01-2012 11:20:25 --- INFO: Toyota RAV 4 - found: 3, pass primary filters: 0, did not pass the filter by color: 0, added: 0, new vincodes: 0
28-01-2012 11:20:29 --- INFO: Toyota Highlander 4WD - found: 20, pass primary filters: 1, did not pass the filter by color: 1, added: 0, new vincodes: 0
28-01-2012 11:20:33 --- INFO: Toyota Highlander - found: 11, pass primary filters: 2, did not pass the filter by color: 2, added: 0, new vincodes: 0
28-01-2012 11:20:33 --- INFO: Lexus RX 350 - found: 7, pass primary filters: 1, did not pass the filter by color: 1, added: 0, new vincodes: 0
28-01-2012 11:20:33 --- INFO: Toyota 4RUNNER Limited V6 - found: 9, pass primary filters: 0, did not pass the filter by color: 0, added: 0, new vincodes: 0
28-01-2012 11:20:33 --- INFO: finish: 28-01-2012 11:20:33
28-01-2012 11:20:33 --- INFO: elapsed time: ~31.74 sec., memory usage: ~2.04 Mb.
28-01-2012 11:50:01 --- INFO: start: 28-01-2012 11:50:01
28-01-2012 11:50:01 --- INFO: ----------Source_Gsmotors (cli)
28-01-2012 11:50:04 --- INFO: Lexus RX 300 - found: 64, pass primary filters: 0, did not pass the filter by color: 0, added: 0, new vincodes: 0
28-01-2012 11:50:10 --- INFO: Lexus RX 330 - found: 188, pass primary filters: 0, did not pass the filter by color: 0, added: 0, new vincodes: 0
28-01-2012 11:50:11 --- INFO: Lexus RX 400H - found: 31, pass primary filters: 0, did not pass the filter by color: 0, added: 0, new vincodes: 0
28-01-2012 11:50:14 --- INFO: Lexus GX 470 - found: 93, pass primary filters: 0, did not pass the filter by color: 0, added: 0, new vincodes: 0
28-01-2012 11:50:19 --- INFO: Lexus GX 470 - found: 154, pass primary filters: 0, did not pass the filter by color: 0, added: 0, new vincodes: 0
28-01-2012 11:50:21 --- INFO: Lexus LX 470 - found: 42, pass primary filters: 0, did not pass the filter by color: 0, added: 0, new vincodes: 0
28-01-2012 11:50:22 --- INFO: Lexus LX 470 - found: 9, pass primary filters: 0, did not pass the filter by color: 0, added: 0, new vincodes: 0
28-01-2012 11:50:24 --- INFO: Toyota Land Cruiser - found: 21, pass primary filters: 0, did not pass the filter by color: 0, added: 0, new vincodes: 0
28-01-2012 11:50:26 --- INFO: Honda CR-V - found: 60, pass primary filters: 0, did not pass the filter by color: 0, added: 0, new vincodes: 0
28-01-2012 11:50:31 --- INFO: Honda CR-V - found: 157, pass primary filters: 0, did not pass the filter by color: 0, added: 0, new vincodes: 0
28-01-2012 11:50:34 --- INFO: Mitsubishi Montero 4WD Limited - found: 58, pass primary filters: 0, did not pass the filter by color: 0, added: 0, new vincodes: 0
28-01-2012 11:50:38 --- INFO: Toyota 4RUNNER 4WD V6 - found: 140, pass primary filters: 0, did not pass the filter by color: 0, added: 0, new vincodes: 0
28-01-2012 11:50:41 --- INFO: Toyota RAV 4 - found: 66, pass primary filters: 0, did not pass the filter by color: 0, added: 0, new vincodes: 0
28-01-2012 11:50:46 --- INFO: Toyota Highlander 4WD - found: 160, pass primary filters: 0, did not pass the filter by color: 0, added: 0, new vincodes: 0
28-01-2012 11:50:50 --- INFO: Toyota Highlander - found: 102, pass primary filters: 0, did not pass the filter by color: 0, added: 0, new vincodes: 0
28-01-2012 11:50:55 --- INFO: Lexus RX 350 - found: 134, pass primary filters: 0, did not pass the filter by color: 0, added: 0, new vincodes: 0
28-01-2012 11:50:59 --- INFO: Toyota 4RUNNER Limited V6 - found: 140, pass primary filters: 0, did not pass the filter by color: 0, added: 0, new vincodes: 0
28-01-2012 11:50:59 --- INFO: finish: 28-01-2012 11:50:59
28-01-2012 11:50:59 --- INFO: elapsed time: ~58.29 sec., memory usage: ~1.87 Mb.
28-01-2012 12:20:01 --- INFO: start: 28-01-2012 12:20:01
28-01-2012 12:20:01 --- INFO: ----------Source_Adesa (cli)
28-01-2012 12:20:01 --- INFO: Authorized request
28-01-2012 12:20:04 --- INFO: Lexus RX 300 - found: 8, pass primary filters: 2, did not pass the filter by color: 2, added: 0, new vincodes: 0
28-01-2012 12:20:07 --- INFO: Lexus RX 330 - found: 3, pass primary filters: 1, did not pass the filter by color: 1, added: 0, new vincodes: 0
28-01-2012 12:20:08 --- INFO: Lexus RX 400H - found: 1, pass primary filters: 0, did not pass the filter by color: 0, added: 0, new vincodes: 0
28-01-2012 12:20:11 --- INFO: Lexus GX 470 - found: 2, pass primary filters: 1, did not pass the filter by color: 1, added: 0, new vincodes: 0
28-01-2012 12:20:15 --- INFO: Lexus GX 470 - found: 1, pass primary filters: 1, did not pass the filter by color: 1, added: 0, new vincodes: 0
28-01-2012 12:20:15 --- INFO: Lexus LX 470 - found: 1, pass primary filters: 0, did not pass the filter by color: 0, added: 0, new vincodes: 0
28-01-2012 12:20:15 --- INFO: Lexus LX 470 - found: 0, pass primary filters: 0, did not pass the filter by color: 0, added: 0, new vincodes: 0
28-01-2012 12:20:15 --- INFO: Toyota Land Cruiser - found: 0, pass primary filters: 0, did not pass the filter by color: 0, added: 0, new vincodes: 0
28-01-2012 12:20:15 --- INFO: Honda CR-V - found: 3, pass primary filters: 0, did not pass the filter by color: 0, added: 0, new vincodes: 0
28-01-2012 12:20:16 --- INFO: Honda CR-V - found: 2, pass primary filters: 0, did not pass the filter by color: 0, added: 0, new vincodes: 0
28-01-2012 12:20:19 --- INFO: Mitsubishi Montero 4WD Limited - found: 12, pass primary filters: 1, did not pass the filter by color: 1, added: 0, new vincodes: 0
28-01-2012 12:20:23 --- INFO: Toyota 4RUNNER 4WD V6 - found: 9, pass primary filters: 1, did not pass the filter by color: 1, added: 0, new vincodes: 0
28-01-2012 12:20:23 --- INFO: Toyota RAV 4 - found: 3, pass primary filters: 0, did not pass the filter by color: 0, added: 0, new vincodes: 0
28-01-2012 12:20:27 --- INFO: Toyota Highlander 4WD - found: 20, pass primary filters: 1, did not pass the filter by color: 1, added: 0, new vincodes: 0
28-01-2012 12:20:31 --- INFO: Toyota Highlander - found: 11, pass primary filters: 2, did not pass the filter by color: 2, added: 0, new vincodes: 0
28-01-2012 12:20:31 --- INFO: Lexus RX 350 - found: 7, pass primary filters: 1, did not pass the filter by color: 1, added: 0, new vincodes: 0
28-01-2012 12:20:32 --- INFO: Toyota 4RUNNER Limited V6 - found: 9, pass primary filters: 0, did not pass the filter by color: 0, added: 0, new vincodes: 0
28-01-2012 12:20:32 --- INFO: finish: 28-01-2012 12:20:32
28-01-2012 12:20:32 --- INFO: elapsed time: ~30.65 sec., memory usage: ~2.04 Mb.
28-01-2012 12:50:01 --- INFO: start: 28-01-2012 12:50:01
28-01-2012 12:50:01 --- INFO: ----------Source_Gsmotors (cli)
28-01-2012 12:50:04 --- INFO: Lexus RX 300 - found: 64, pass primary filters: 0, did not pass the filter by color: 0, added: 0, new vincodes: 0
28-01-2012 12:50:10 --- INFO: Lexus RX 330 - found: 188, pass primary filters: 0, did not pass the filter by color: 0, added: 0, new vincodes: 0
28-01-2012 12:50:11 --- INFO: Lexus RX 400H - found: 31, pass primary filters: 0, did not pass the filter by color: 0, added: 0, new vincodes: 0
28-01-2012 12:50:15 --- INFO: Lexus GX 470 - found: 93, pass primary filters: 0, did not pass the filter by color: 0, added: 0, new vincodes: 0
28-01-2012 12:50:22 --- INFO: Lexus GX 470 - found: 154, pass primary filters: 0, did not pass the filter by color: 0, added: 0, new vincodes: 0
28-01-2012 12:50:24 --- INFO: Lexus LX 470 - found: 42, pass primary filters: 0, did not pass the filter by color: 0, added: 0, new vincodes: 0
28-01-2012 12:50:26 --- INFO: Lexus LX 470 - found: 9, pass primary filters: 0, did not pass the filter by color: 0, added: 0, new vincodes: 0
28-01-2012 12:50:27 --- INFO: Toyota Land Cruiser - found: 21, pass primary filters: 0, did not pass the filter by color: 0, added: 0, new vincodes: 0
28-01-2012 12:50:29 --- INFO: Honda CR-V - found: 60, pass primary filters: 0, did not pass the filter by color: 0, added: 0, new vincodes: 0
28-01-2012 12:50:35 --- INFO: Honda CR-V - found: 157, pass primary filters: 0, did not pass the filter by color: 0, added: 0, new vincodes: 0
28-01-2012 12:50:38 --- INFO: Mitsubishi Montero 4WD Limited - found: 58, pass primary filters: 0, did not pass the filter by color: 0, added: 0, new vincodes: 0
28-01-2012 12:50:42 --- INFO: Toyota 4RUNNER 4WD V6 - found: 140, pass primary filters: 0, did not pass the filter by color: 0, added: 0, new vincodes: 0
28-01-2012 12:50:45 --- INFO: Toyota RAV 4 - found: 66, pass primary filters: 0, did not pass the filter by color: 0, added: 0, new vincodes: 0
28-01-2012 12:50:50 --- INFO: Toyota Highlander 4WD - found: 160, pass primary filters: 0, did not pass the filter by color: 0, added: 0, new vincodes: 0
28-01-2012 12:50:54 --- INFO: Toyota Highlander - found: 102, pass primary filters: 0, did not pass the filter by color: 0, added: 0, new vincodes: 0
28-01-2012 12:50:59 --- INFO: Lexus RX 350 - found: 134, pass primary filters: 0, did not pass the filter by color: 0, added: 0, new vincodes: 0
28-01-2012 12:51:03 --- INFO: Toyota 4RUNNER Limited V6 - found: 140, pass primary filters: 0, did not pass the filter by color: 0, added: 0, new vincodes: 0
28-01-2012 12:51:03 --- INFO: finish: 28-01-2012 12:51:03
28-01-2012 12:51:03 --- INFO: elapsed time: ~62.15 sec., memory usage: ~1.87 Mb.
28-01-2012 15:10:01 --- INFO: start: 28-01-2012 15:10:01
28-01-2012 15:10:01 --- INFO: ----------Source_Adesa (cli)
28-01-2012 15:10:03 --- INFO: Authorized request
28-01-2012 15:10:06 --- INFO: Lexus RX 300 - found: 8, pass primary filters: 2, did not pass the filter by color: 2, added: 0, new vincodes: 0
28-01-2012 15:10:09 --- INFO: Lexus RX 330 - found: 3, pass primary filters: 1, did not pass the filter by color: 1, added: 0, new vincodes: 0
28-01-2012 15:10:09 --- INFO: Lexus RX 400H - found: 1, pass primary filters: 0, did not pass the filter by color: 0, added: 0, new vincodes: 0
28-01-2012 15:10:14 --- INFO: Lexus GX 470 - found: 2, pass primary filters: 1, did not pass the filter by color: 1, added: 0, new vincodes: 0
28-01-2012 15:10:17 --- INFO: Lexus GX 470 - found: 1, pass primary filters: 1, did not pass the filter by color: 1, added: 0, new vincodes: 0
28-01-2012 15:10:17 --- INFO: Lexus LX 470 - found: 1, pass primary filters: 0, did not pass the filter by color: 0, added: 0, new vincodes: 0
28-01-2012 15:10:17 --- INFO: Lexus LX 470 - found: 0, pass primary filters: 0, did not pass the filter by color: 0, added: 0, new vincodes: 0
28-01-2012 15:10:18 --- INFO: Toyota Land Cruiser - found: 0, pass primary filters: 0, did not pass the filter by color: 0, added: 0, new vincodes: 0
28-01-2012 15:10:18 --- INFO: Honda CR-V - found: 3, pass primary filters: 0, did not pass the filter by color: 0, added: 0, new vincodes: 0
28-01-2012 15:10:18 --- INFO: Honda CR-V - found: 2, pass primary filters: 0, did not pass the filter by color: 0, added: 0, new vincodes: 0
28-01-2012 15:10:22 --- INFO: Mitsubishi Montero 4WD Limited - found: 12, pass primary filters: 1, did not pass the filter by color: 1, added: 0, new vincodes: 0
28-01-2012 15:10:25 --- INFO: Toyota 4RUNNER 4WD V6 - found: 9, pass primary filters: 1, did not pass the filter by color: 1, added: 0, new vincodes: 0
28-01-2012 15:10:26 --- INFO: Toyota RAV 4 - found: 3, pass primary filters: 0, did not pass the filter by color: 0, added: 0, new vincodes: 0
28-01-2012 15:10:29 --- INFO: Toyota Highlander 4WD - found: 20, pass primary filters: 1, did not pass the filter by color: 1, added: 0, new vincodes: 0
28-01-2012 15:10:33 --- INFO: Toyota Highlander - found: 11, pass primary filters: 2, did not pass the filter by color: 2, added: 0, new vincodes: 0
28-01-2012 15:10:33 --- INFO: Lexus RX 350 - found: 7, pass primary filters: 1, did not pass the filter by color: 1, added: 0, new vincodes: 0
28-01-2012 15:10:34 --- INFO: Toyota 4RUNNER Limited V6 - found: 9, pass primary filters: 0, did not pass the filter by color: 0, added: 0, new vincodes: 0
28-01-2012 15:10:34 --- INFO: finish: 28-01-2012 15:10:34
28-01-2012 15:10:34 --- INFO: elapsed time: ~32.69 sec., memory usage: ~2.04 Mb.
28-01-2012 15:40:01 --- INFO: start: 28-01-2012 15:40:01
28-01-2012 15:40:01 --- INFO: ----------Source_Gsmotors (cli)
28-01-2012 15:40:08 --- INFO: Lexus RX 300 - found: 65, pass primary filters: 0, did not pass the filter by color: 0, added: 0, new vincodes: 0
28-01-2012 15:40:20 --- INFO: Lexus RX 330 - found: 196, pass primary filters: 0, did not pass the filter by color: 0, added: 0, new vincodes: 0
28-01-2012 15:40:24 --- INFO: Lexus RX 400H - found: 33, pass primary filters: 0, did not pass the filter by color: 0, added: 0, new vincodes: 0
28-01-2012 15:40:32 --- INFO: Lexus GX 470 - found: 101, pass primary filters: 0, did not pass the filter by color: 0, added: 0, new vincodes: 0
28-01-2012 15:40:42 --- INFO: Lexus GX 470 - found: 166, pass primary filters: 0, did not pass the filter by color: 0, added: 0, new vincodes: 0
28-01-2012 15:40:46 --- INFO: Lexus LX 470 - found: 44, pass primary filters: 0, did not pass the filter by color: 0, added: 0, new vincodes: 0
28-01-2012 15:40:48 --- INFO: Lexus LX 470 - found: 11, pass primary filters: 0, did not pass the filter by color: 0, added: 0, new vincodes: 0
28-01-2012 15:40:51 --- INFO: Toyota Land Cruiser - found: 22, pass primary filters: 0, did not pass the filter by color: 0, added: 0, new vincodes: 0
28-01-2012 15:40:56 --- INFO: Honda CR-V - found: 63, pass primary filters: 0, did not pass the filter by color: 0, added: 0, new vincodes: 0
28-01-2012 15:41:06 --- INFO: Honda CR-V - found: 162, pass primary filters: 0, did not pass the filter by color: 0, added: 0, new vincodes: 0
28-01-2012 15:41:11 --- INFO: Mitsubishi Montero 4WD Limited - found: 58, pass primary filters: 0, did not pass the filter by color: 0, added: 0, new vincodes: 0
28-01-2012 15:41:20 --- INFO: Toyota 4RUNNER 4WD V6 - found: 143, pass primary filters: 0, did not pass the filter by color: 0, added: 0, new vincodes: 0
28-01-2012 15:41:25 --- INFO: Toyota RAV 4 - found: 66, pass primary filters: 0, did not pass the filter by color: 0, added: 0, new vincodes: 0
28-01-2012 15:41:36 --- INFO: Toyota Highlander 4WD - found: 165, pass primary filters: 0, did not pass the filter by color: 0, added: 0, new vincodes: 0
28-01-2012 15:41:44 --- INFO: Toyota Highlander - found: 104, pass primary filters: 0, did not pass the filter by color: 0, added: 0, new vincodes: 0
28-01-2012 15:41:53 --- INFO: Lexus RX 350 - found: 137, pass primary filters: 0, did not pass the filter by color: 0, added: 0, new vincodes: 0
28-01-2012 15:41:57 --- INFO: Toyota 4RUNNER Limited V6 - found: 143, pass primary filters: 0, did not pass the filter by color: 0, added: 0, new vincodes: 0
28-01-2012 15:41:57 --- INFO: finish: 28-01-2012 15:41:57
28-01-2012 15:41:57 --- INFO: elapsed time: ~116.07 sec., memory usage: ~1.87 Mb.
28-01-2012 17:10:01 --- INFO: start: 28-01-2012 17:10:01
28-01-2012 17:10:01 --- INFO: ----------Source_Adesa (cli)
28-01-2012 17:10:03 --- INFO: Authorized request
28-01-2012 17:10:05 --- INFO: Lexus RX 300 - found: 8, pass primary filters: 2, did not pass the filter by color: 2, added: 0, new vincodes: 0
28-01-2012 17:10:08 --- INFO: Lexus RX 330 - found: 3, pass primary filters: 1, did not pass the filter by color: 1, added: 0, new vincodes: 0
28-01-2012 17:10:08 --- INFO: Lexus RX 400H - found: 1, pass primary filters: 0, did not pass the filter by color: 0, added: 0, new vincodes: 0
28-01-2012 17:10:12 --- INFO: Lexus GX 470 - found: 2, pass primary filters: 1, did not pass the filter by color: 1, added: 0, new vincodes: 0
28-01-2012 17:10:16 --- INFO: Lexus GX 470 - found: 1, pass primary filters: 1, did not pass the filter by color: 1, added: 0, new vincodes: 0
28-01-2012 17:10:16 --- INFO: Lexus LX 470 - found: 1, pass primary filters: 0, did not pass the filter by color: 0, added: 0, new vincodes: 0
28-01-2012 17:10:16 --- INFO: Lexus LX 470 - found: 0, pass primary filters: 0, did not pass the filter by color: 0, added: 0, new vincodes: 0
28-01-2012 17:10:16 --- INFO: Toyota Land Cruiser - found: 0, pass primary filters: 0, did not pass the filter by color: 0, added: 0, new vincodes: 0
28-01-2012 17:10:16 --- INFO: Honda CR-V - found: 3, pass primary filters: 0, did not pass the filter by color: 0, added: 0, new vincodes: 0
28-01-2012 17:10:17 --- INFO: Honda CR-V - found: 2, pass primary filters: 0, did not pass the filter by color: 0, added: 0, new vincodes: 0
28-01-2012 17:10:20 --- INFO: Mitsubishi Montero 4WD Limited - found: 12, pass primary filters: 1, did not pass the filter by color: 1, added: 0, new vincodes: 0
28-01-2012 17:10:24 --- INFO: Toyota 4RUNNER 4WD V6 - found: 9, pass primary filters: 1, did not pass the filter by color: 1, added: 0, new vincodes: 0
28-01-2012 17:10:24 --- INFO: Toyota RAV 4 - found: 3, pass primary filters: 0, did not pass the filter by color: 0, added: 0, new vincodes: 0
28-01-2012 17:10:28 --- INFO: Toyota Highlander 4WD - found: 20, pass primary filters: 1, did not pass the filter by color: 1, added: 0, new vincodes: 0
28-01-2012 17:10:32 --- INFO: Toyota Highlander - found: 11, pass primary filters: 2, did not pass the filter by color: 2, added: 0, new vincodes: 0
28-01-2012 17:10:32 --- INFO: Lexus RX 350 - found: 7, pass primary filters: 1, did not pass the filter by color: 1, added: 0, new vincodes: 0
28-01-2012 17:10:32 --- INFO: Toyota 4RUNNER Limited V6 - found: 9, pass primary filters: 0, did not pass the filter by color: 0, added: 0, new vincodes: 0
28-01-2012 17:10:32 --- INFO: finish: 28-01-2012 17:10:32
28-01-2012 17:10:32 --- INFO: elapsed time: ~31.65 sec., memory usage: ~2.04 Mb.
28-01-2012 17:40:01 --- INFO: start: 28-01-2012 17:40:01
28-01-2012 17:40:01 --- INFO: ----------Source_Gsmotors (cli)
28-01-2012 17:40:04 --- INFO: Lexus RX 300 - found: 65, pass primary filters: 0, did not pass the filter by color: 0, added: 0, new vincodes: 0
28-01-2012 17:40:10 --- INFO: Lexus RX 330 - found: 196, pass primary filters: 0, did not pass the filter by color: 0, added: 0, new vincodes: 0
28-01-2012 17:40:12 --- INFO: Lexus RX 400H - found: 33, pass primary filters: 0, did not pass the filter by color: 0, added: 0, new vincodes: 0
28-01-2012 17:40:17 --- INFO: Lexus GX 470 - found: 101, pass primary filters: 0, did not pass the filter by color: 0, added: 0, new vincodes: 0
28-01-2012 17:40:22 --- INFO: Lexus GX 470 - found: 166, pass primary filters: 0, did not pass the filter by color: 0, added: 0, new vincodes: 0
28-01-2012 17:40:24 --- INFO: Lexus LX 470 - found: 44, pass primary filters: 0, did not pass the filter by color: 0, added: 0, new vincodes: 0
28-01-2012 17:40:25 --- INFO: Lexus LX 470 - found: 11, pass primary filters: 0, did not pass the filter by color: 0, added: 0, new vincodes: 0
28-01-2012 17:40:27 --- INFO: Toyota Land Cruiser - found: 22, pass primary filters: 0, did not pass the filter by color: 0, added: 0, new vincodes: 0
28-01-2012 17:40:29 --- INFO: Honda CR-V - found: 63, pass primary filters: 0, did not pass the filter by color: 0, added: 0, new vincodes: 0
28-01-2012 17:40:36 --- INFO: Honda CR-V - found: 162, pass primary filters: 0, did not pass the filter by color: 0, added: 0, new vincodes: 0
28-01-2012 17:40:38 --- INFO: Mitsubishi Montero 4WD Limited - found: 58, pass primary filters: 0, did not pass the filter by color: 0, added: 0, new vincodes: 0
28-01-2012 17:40:44 --- INFO: Toyota 4RUNNER 4WD V6 - found: 143, pass primary filters: 0, did not pass the filter by color: 0, added: 0, new vincodes: 0
28-01-2012 17:40:47 --- INFO: Toyota RAV 4 - found: 66, pass primary filters: 0, did not pass the filter by color: 0, added: 0, new vincodes: 0
28-01-2012 17:40:53 --- INFO: Toyota Highlander 4WD - found: 165, pass primary filters: 0, did not pass the filter by color: 0, added: 0, new vincodes: 0
28-01-2012 17:40:58 --- INFO: Toyota Highlander - found: 104, pass primary filters: 0, did not pass the filter by color: 0, added: 0, new vincodes: 0
28-01-2012 17:41:04 --- INFO: Lexus RX 350 - found: 137, pass primary filters: 0, did not pass the filter by color: 0, added: 0, new vincodes: 0
28-01-2012 17:41:09 --- INFO: Toyota 4RUNNER Limited V6 - found: 143, pass primary filters: 0, did not pass the filter by color: 0, added: 0, new vincodes: 0
28-01-2012 17:41:09 --- INFO: finish: 28-01-2012 17:41:09
28-01-2012 17:41:09 --- INFO: elapsed time: ~67.93 sec., memory usage: ~1.87 Mb.