
28-02-2012 05:10:01 --- INFO: start: 28-02-2012 05:10:01
28-02-2012 05:10:01 --- INFO: ----------Source_Adesa (cli)
28-02-2012 05:10:03 --- INFO: Authorized request
28-02-2012 05:10:32 --- INFO: Lexus RX 300 - found: 13, pass primary filters: 8, did not pass the filter by color: 6, added: 2, new vincodes: 0
28-02-2012 05:10:49 --- INFO: Lexus RX 330 - found: 14, pass primary filters: 7, did not pass the filter by color: 5, added: 2, new vincodes: 1
28-02-2012 05:10:49 --- INFO: Lexus RX 400H - found: 2, pass primary filters: 0, did not pass the filter by color: 0, added: 0, new vincodes: 0
28-02-2012 05:10:51 --- INFO: Lexus GX 470 - found: 2, pass primary filters: 2, did not pass the filter by color: 1, added: 1, new vincodes: 0
28-02-2012 05:11:07 --- INFO: Lexus GX 470 - found: 9, pass primary filters: 7, did not pass the filter by color: 6, added: 1, new vincodes: 0
28-02-2012 05:11:07 --- INFO: Lexus LX 470 - found: 1, pass primary filters: 0, did not pass the filter by color: 0, added: 0, new vincodes: 0
28-02-2012 05:11:08 --- INFO: Lexus LX 470 - found: 0, pass primary filters: 0, did not pass the filter by color: 0, added: 0, new vincodes: 0
28-02-2012 05:11:08 --- INFO: Toyota Land Cruiser - found: 0, pass primary filters: 0, did not pass the filter by color: 0, added: 0, new vincodes: 0
28-02-2012 05:11:12 --- INFO: Honda CR-V - found: 11, pass primary filters: 2, did not pass the filter by color: 0, added: 2, new vincodes: 0
28-02-2012 05:11:12 --- INFO: Honda CR-V - found: 1, pass primary filters: 0, did not pass the filter by color: 0, added: 0, new vincodes: 0
28-02-2012 05:11:38 --- INFO: Mitsubishi Montero 4WD Limited - found: 23, pass primary filters: 3, did not pass the filter by color: 3, added: 0, new vincodes: 1
28-02-2012 05:12:40 --- INFO: Toyota 4RUNNER 4WD V6 - found: 15, pass primary filters: 3, did not pass the filter by color: 2, added: 1, new vincodes: 0
28-02-2012 05:12:44 --- INFO: Toyota RAV 4 - found: 7, pass primary filters: 2, did not pass the filter by color: 2, added: 0, new vincodes: 0
28-02-2012 05:12:48 --- INFO: Toyota Highlander 4WD - found: 39, pass primary filters: 1, did not pass the filter by color: 1, added: 0, new vincodes: 0
28-02-2012 05:12:52 --- INFO: Toyota Highlander - found: 27, pass primary filters: 1, did not pass the filter by color: 1, added: 0, new vincodes: 0
28-02-2012 05:12:56 --- INFO: Lexus RX 350 - found: 3, pass primary filters: 1, did not pass the filter by color: 0, added: 1, new vincodes: 0
28-02-2012 05:12:56 --- INFO: Toyota 4RUNNER Limited V6 - found: 15, pass primary filters: 0, did not pass the filter by color: 0, added: 0, new vincodes: 0
28-02-2012 05:12:56 --- INFO: finish: 28-02-2012 05:12:56
28-02-2012 05:12:56 --- INFO: elapsed time: ~175.09 sec., memory usage: ~2.31 Mb.
28-02-2012 05:40:01 --- INFO: start: 28-02-2012 05:40:01
28-02-2012 05:40:01 --- INFO: ----------Source_Gsmotors (cli)
28-02-2012 05:43:58 --- INFO: Lexus RX 300 - found: 75, pass primary filters: 53, did not pass the filter by color: 48, added: 5, new vincodes: 4
28-02-2012 05:51:39 --- INFO: Lexus RX 330 - found: 157, pass primary filters: 64, did not pass the filter by color: 57, added: 7, new vincodes: 1
28-02-2012 05:53:13 --- INFO: Lexus RX 400H - found: 31, pass primary filters: 7, did not pass the filter by color: 7, added: 0, new vincodes: 0
28-02-2012 05:57:59 --- INFO: Lexus GX 470 - found: 86, pass primary filters: 60, did not pass the filter by color: 49, added: 11, new vincodes: 1
28-02-2012 06:04:18 --- INFO: Lexus GX 470 - found: 126, pass primary filters: 54, did not pass the filter by color: 45, added: 9, new vincodes: 0
28-02-2012 06:07:31 --- INFO: Lexus LX 470 - found: 47, pass primary filters: 39, did not pass the filter by color: 34, added: 5, new vincodes: 1
28-02-2012 06:08:05 --- INFO: Lexus LX 470 - found: 11, pass primary filters: 2, did not pass the filter by color: 2, added: 0, new vincodes: 0
28-02-2012 06:09:27 --- INFO: Toyota Land Cruiser - found: 29, pass primary filters: 22, did not pass the filter by color: 19, added: 3, new vincodes: 0
28-02-2012 06:12:41 --- INFO: Honda CR-V - found: 63, pass primary filters: 3, did not pass the filter by color: 0, added: 3, new vincodes: 0
28-02-2012 06:20:23 --- INFO: Honda CR-V - found: 152, pass primary filters: 3, did not pass the filter by color: 0, added: 3, new vincodes: 1
28-02-2012 06:23:05 --- INFO: Mitsubishi Montero 4WD Limited - found: 50, pass primary filters: 8, did not pass the filter by color: 8, added: 0, new vincodes: 2
28-02-2012 06:29:44 --- INFO: Toyota 4RUNNER 4WD V6 - found: 125, pass primary filters: 31, did not pass the filter by color: 16, added: 15, new vincodes: 2
28-02-2012 06:33:13 --- INFO: Toyota RAV 4 - found: 63, pass primary filters: 36, did not pass the filter by color: 29, added: 7, new vincodes: 1
28-02-2012 06:42:34 --- INFO: Toyota Highlander 4WD - found: 158, pass primary filters: 6, did not pass the filter by color: 4, added: 2, new vincodes: 0
28-02-2012 06:46:57 --- INFO: Toyota Highlander - found: 107, pass primary filters: 17, did not pass the filter by color: 14, added: 3, new vincodes: 1
28-02-2012 06:52:26 --- INFO: Lexus RX 350 - found: 97, pass primary filters: 22, did not pass the filter by color: 21, added: 1, new vincodes: 1
28-02-2012 06:57:17 --- INFO: Toyota 4RUNNER Limited V6 - found: 125, pass primary filters: 4, did not pass the filter by color: 3, added: 1, new vincodes: 0
28-02-2012 06:57:17 --- INFO: finish: 28-02-2012 06:57:17
28-02-2012 06:57:17 --- INFO: elapsed time: ~4636.8 sec., memory usage: ~5.38 Mb.
28-02-2012 07:10:01 --- INFO: start: 28-02-2012 07:10:01
28-02-2012 07:10:01 --- INFO: ----------Source_Adesa (cli)
28-02-2012 07:10:02 --- INFO: Authorized request
28-02-2012 07:10:23 --- INFO: Lexus RX 300 - found: 15, pass primary filters: 8, did not pass the filter by color: 6, added: 2, new vincodes: 0
28-02-2012 07:10:38 --- INFO: Lexus RX 330 - found: 14, pass primary filters: 7, did not pass the filter by color: 5, added: 2, new vincodes: 0
28-02-2012 07:10:38 --- INFO: Lexus RX 400H - found: 2, pass primary filters: 0, did not pass the filter by color: 0, added: 0, new vincodes: 0
28-02-2012 07:10:40 --- INFO: Lexus GX 470 - found: 2, pass primary filters: 2, did not pass the filter by color: 1, added: 1, new vincodes: 0
28-02-2012 07:10:55 --- INFO: Lexus GX 470 - found: 9, pass primary filters: 7, did not pass the filter by color: 6, added: 1, new vincodes: 0
28-02-2012 07:10:56 --- INFO: Lexus LX 470 - found: 1, pass primary filters: 0, did not pass the filter by color: 0, added: 0, new vincodes: 0
28-02-2012 07:10:56 --- INFO: Lexus LX 470 - found: 0, pass primary filters: 0, did not pass the filter by color: 0, added: 0, new vincodes: 0
28-02-2012 07:10:56 --- INFO: Toyota Land Cruiser - found: 0, pass primary filters: 0, did not pass the filter by color: 0, added: 0, new vincodes: 0
28-02-2012 07:11:00 --- INFO: Honda CR-V - found: 11, pass primary filters: 2, did not pass the filter by color: 0, added: 2, new vincodes: 0
28-02-2012 07:11:00 --- INFO: Honda CR-V - found: 1, pass primary filters: 0, did not pass the filter by color: 0, added: 0, new vincodes: 0
28-02-2012 07:11:08 --- INFO: Mitsubishi Montero 4WD Limited - found: 23, pass primary filters: 3, did not pass the filter by color: 3, added: 0, new vincodes: 0
28-02-2012 07:11:14 --- INFO: Toyota 4RUNNER 4WD V6 - found: 15, pass primary filters: 3, did not pass the filter by color: 2, added: 1, new vincodes: 0
28-02-2012 07:11:18 --- INFO: Toyota RAV 4 - found: 7, pass primary filters: 2, did not pass the filter by color: 2, added: 0, new vincodes: 0
28-02-2012 07:11:22 --- INFO: Toyota Highlander 4WD - found: 40, pass primary filters: 1, did not pass the filter by color: 1, added: 0, new vincodes: 0
28-02-2012 07:11:26 --- INFO: Toyota Highlander - found: 27, pass primary filters: 1, did not pass the filter by color: 1, added: 0, new vincodes: 0
28-02-2012 07:11:29 --- INFO: Lexus RX 350 - found: 3, pass primary filters: 1, did not pass the filter by color: 0, added: 1, new vincodes: 0
28-02-2012 07:11:30 --- INFO: Toyota 4RUNNER Limited V6 - found: 15, pass primary filters: 0, did not pass the filter by color: 0, added: 0, new vincodes: 0
28-02-2012 07:11:30 --- INFO: finish: 28-02-2012 07:11:30
28-02-2012 07:11:30 --- INFO: elapsed time: ~88.92 sec., memory usage: ~2.25 Mb.
28-02-2012 08:10:01 --- INFO: start: 28-02-2012 08:10:01
28-02-2012 08:10:01 --- INFO: ----------Source_Adesa (cli)
28-02-2012 08:10:02 --- INFO: Authorized request
28-02-2012 08:10:23 --- INFO: Lexus RX 300 - found: 15, pass primary filters: 8, did not pass the filter by color: 6, added: 2, new vincodes: 0
28-02-2012 08:10:48 --- INFO: Lexus RX 330 - found: 15, pass primary filters: 7, did not pass the filter by color: 5, added: 2, new vincodes: 0
28-02-2012 08:10:49 --- INFO: Lexus RX 400H - found: 2, pass primary filters: 0, did not pass the filter by color: 0, added: 0, new vincodes: 0
28-02-2012 08:10:51 --- INFO: Lexus GX 470 - found: 2, pass primary filters: 2, did not pass the filter by color: 1, added: 1, new vincodes: 0
28-02-2012 08:11:08 --- INFO: Lexus GX 470 - found: 9, pass primary filters: 7, did not pass the filter by color: 6, added: 1, new vincodes: 0
28-02-2012 08:11:08 --- INFO: Lexus LX 470 - found: 1, pass primary filters: 0, did not pass the filter by color: 0, added: 0, new vincodes: 0
28-02-2012 08:11:08 --- INFO: Lexus LX 470 - found: 0, pass primary filters: 0, did not pass the filter by color: 0, added: 0, new vincodes: 0
28-02-2012 08:11:09 --- INFO: Toyota Land Cruiser - found: 0, pass primary filters: 0, did not pass the filter by color: 0, added: 0, new vincodes: 0
28-02-2012 08:11:14 --- INFO: Honda CR-V - found: 11, pass primary filters: 2, did not pass the filter by color: 0, added: 2, new vincodes: 0
28-02-2012 08:11:14 --- INFO: Honda CR-V - found: 1, pass primary filters: 0, did not pass the filter by color: 0, added: 0, new vincodes: 0
28-02-2012 08:11:45 --- INFO: Mitsubishi Montero 4WD Limited - found: 23, pass primary filters: 4, did not pass the filter by color: 4, added: 0, new vincodes: 1
28-02-2012 08:11:51 --- INFO: Toyota 4RUNNER 4WD V6 - found: 15, pass primary filters: 3, did not pass the filter by color: 2, added: 1, new vincodes: 0
28-02-2012 08:11:56 --- INFO: Toyota RAV 4 - found: 7, pass primary filters: 2, did not pass the filter by color: 2, added: 0, new vincodes: 0
28-02-2012 08:12:01 --- INFO: Toyota Highlander 4WD - found: 40, pass primary filters: 1, did not pass the filter by color: 1, added: 0, new vincodes: 0
28-02-2012 08:12:05 --- INFO: Toyota Highlander - found: 27, pass primary filters: 1, did not pass the filter by color: 1, added: 0, new vincodes: 0
28-02-2012 08:12:08 --- INFO: Lexus RX 350 - found: 3, pass primary filters: 1, did not pass the filter by color: 0, added: 1, new vincodes: 0
28-02-2012 08:12:09 --- INFO: Toyota 4RUNNER Limited V6 - found: 15, pass primary filters: 0, did not pass the filter by color: 0, added: 0, new vincodes: 0
28-02-2012 08:12:09 --- INFO: finish: 28-02-2012 08:12:09
28-02-2012 08:12:09 --- INFO: elapsed time: ~127.58 sec., memory usage: ~2.3 Mb.
28-02-2012 07:40:01 --- INFO: start: 28-02-2012 07:40:01
28-02-2012 07:40:01 --- INFO: ----------Source_Gsmotors (cli)
28-02-2012 07:43:49 --- INFO: Lexus RX 300 - found: 75, pass primary filters: 53, did not pass the filter by color: 48, added: 5, new vincodes: 0
28-02-2012 07:50:32 --- INFO: Lexus RX 330 - found: 157, pass primary filters: 64, did not pass the filter by color: 57, added: 7, new vincodes: 0
28-02-2012 07:51:51 --- INFO: Lexus RX 400H - found: 31, pass primary filters: 7, did not pass the filter by color: 7, added: 0, new vincodes: 0
28-02-2012 07:55:58 --- INFO: Lexus GX 470 - found: 86, pass primary filters: 60, did not pass the filter by color: 48, added: 12, new vincodes: 0
28-02-2012 08:03:12 --- INFO: Lexus GX 470 - found: 126, pass primary filters: 54, did not pass the filter by color: 45, added: 9, new vincodes: 0
28-02-2012 08:05:20 --- INFO: Lexus LX 470 - found: 47, pass primary filters: 39, did not pass the filter by color: 34, added: 5, new vincodes: 0
28-02-2012 08:05:51 --- INFO: Lexus LX 470 - found: 11, pass primary filters: 2, did not pass the filter by color: 2, added: 0, new vincodes: 0
28-02-2012 08:06:57 --- INFO: Toyota Land Cruiser - found: 29, pass primary filters: 22, did not pass the filter by color: 19, added: 3, new vincodes: 0
28-02-2012 08:10:02 --- INFO: Honda CR-V - found: 63, pass primary filters: 3, did not pass the filter by color: 0, added: 3, new vincodes: 0
28-02-2012 08:17:00 --- INFO: Honda CR-V - found: 152, pass primary filters: 3, did not pass the filter by color: 0, added: 3, new vincodes: 0
28-02-2012 08:19:06 --- INFO: Mitsubishi Montero 4WD Limited - found: 50, pass primary filters: 8, did not pass the filter by color: 8, added: 0, new vincodes: 0
28-02-2012 08:25:21 --- INFO: Toyota 4RUNNER 4WD V6 - found: 125, pass primary filters: 31, did not pass the filter by color: 16, added: 15, new vincodes: 0
28-02-2012 08:27:56 --- INFO: Toyota RAV 4 - found: 63, pass primary filters: 36, did not pass the filter by color: 29, added: 7, new vincodes: 0
28-02-2012 08:35:19 --- INFO: Toyota Highlander 4WD - found: 158, pass primary filters: 6, did not pass the filter by color: 4, added: 2, new vincodes: 0
28-02-2012 08:40:29 --- INFO: Toyota Highlander - found: 107, pass primary filters: 17, did not pass the filter by color: 5, added: 12, new vincodes: 0
28-02-2012 08:44:34 --- INFO: Lexus RX 350 - found: 97, pass primary filters: 22, did not pass the filter by color: 21, added: 1, new vincodes: 0
28-02-2012 08:49:36 --- INFO: Toyota 4RUNNER Limited V6 - found: 125, pass primary filters: 4, did not pass the filter by color: 3, added: 1, new vincodes: 0
28-02-2012 08:49:36 --- INFO: finish: 28-02-2012 08:49:36
28-02-2012 08:49:36 --- INFO: elapsed time: ~4174.36 sec., memory usage: ~5.23 Mb.
28-02-2012 09:00:03 --- INFO: start: 28-02-2012 09:00:03
28-02-2012 09:00:03 --- INFO: ----------Source_Adesa (cli)
28-02-2012 09:00:04 --- INFO: Authorized request
28-02-2012 09:00:27 --- INFO: Lexus RX 300 - found: 16, pass primary filters: 9, did not pass the filter by color: 7, added: 2, new vincodes: 1
28-02-2012 09:00:44 --- INFO: Lexus RX 330 - found: 15, pass primary filters: 7, did not pass the filter by color: 5, added: 2, new vincodes: 0
28-02-2012 09:00:45 --- INFO: Lexus RX 400H - found: 2, pass primary filters: 0, did not pass the filter by color: 0, added: 0, new vincodes: 0
28-02-2012 09:00:47 --- INFO: Lexus GX 470 - found: 2, pass primary filters: 2, did not pass the filter by color: 1, added: 1, new vincodes: 0
28-02-2012 09:01:04 --- INFO: Lexus GX 470 - found: 9, pass primary filters: 7, did not pass the filter by color: 6, added: 1, new vincodes: 0
28-02-2012 09:01:04 --- INFO: Lexus LX 470 - found: 1, pass primary filters: 0, did not pass the filter by color: 0, added: 0, new vincodes: 0
28-02-2012 09:01:05 --- INFO: Lexus LX 470 - found: 0, pass primary filters: 0, did not pass the filter by color: 0, added: 0, new vincodes: 0
28-02-2012 09:01:05 --- INFO: Toyota Land Cruiser - found: 0, pass primary filters: 0, did not pass the filter by color: 0, added: 0, new vincodes: 0
28-02-2012 09:01:09 --- INFO: Honda CR-V - found: 13, pass primary filters: 2, did not pass the filter by color: 0, added: 2, new vincodes: 0
28-02-2012 09:01:09 --- INFO: Honda CR-V - found: 1, pass primary filters: 0, did not pass the filter by color: 0, added: 0, new vincodes: 0
28-02-2012 09:01:21 --- INFO: Mitsubishi Montero 4WD Limited - found: 23, pass primary filters: 4, did not pass the filter by color: 4, added: 0, new vincodes: 0
28-02-2012 09:01:27 --- INFO: Toyota 4RUNNER 4WD V6 - found: 17, pass primary filters: 3, did not pass the filter by color: 2, added: 1, new vincodes: 0
28-02-2012 09:01:32 --- INFO: Toyota RAV 4 - found: 7, pass primary filters: 2, did not pass the filter by color: 2, added: 0, new vincodes: 0
28-02-2012 09:01:37 --- INFO: Toyota Highlander 4WD - found: 41, pass primary filters: 1, did not pass the filter by color: 1, added: 0, new vincodes: 0
28-02-2012 09:01:58 --- INFO: Toyota Highlander - found: 27, pass primary filters: 2, did not pass the filter by color: 1, added: 1, new vincodes: 1
28-02-2012 09:02:02 --- INFO: Lexus RX 350 - found: 3, pass primary filters: 1, did not pass the filter by color: 0, added: 1, new vincodes: 0
28-02-2012 09:02:02 --- INFO: Toyota 4RUNNER Limited V6 - found: 17, pass primary filters: 0, did not pass the filter by color: 0, added: 0, new vincodes: 0
28-02-2012 09:02:02 --- INFO: finish: 28-02-2012 09:02:02
28-02-2012 09:02:02 --- INFO: elapsed time: ~119.47 sec., memory usage: ~2.31 Mb.
28-02-2012 08:40:01 --- INFO: start: 28-02-2012 08:40:01
28-02-2012 08:40:02 --- INFO: ----------Source_Gsmotors (cli)
28-02-2012 08:43:09 --- INFO: Lexus RX 300 - found: 75, pass primary filters: 53, did not pass the filter by color: 48, added: 5, new vincodes: 0
28-02-2012 08:49:32 --- INFO: Lexus RX 330 - found: 157, pass primary filters: 64, did not pass the filter by color: 57, added: 7, new vincodes: 0
28-02-2012 08:51:20 --- INFO: Lexus RX 400H - found: 31, pass primary filters: 7, did not pass the filter by color: 7, added: 0, new vincodes: 0
28-02-2012 08:55:38 --- INFO: Lexus GX 470 - found: 86, pass primary filters: 60, did not pass the filter by color: 49, added: 11, new vincodes: 0
28-02-2012 09:02:57 --- INFO: Lexus GX 470 - found: 126, pass primary filters: 54, did not pass the filter by color: 45, added: 9, new vincodes: 0
28-02-2012 09:05:39 --- INFO: Lexus LX 470 - found: 47, pass primary filters: 39, did not pass the filter by color: 34, added: 5, new vincodes: 0
28-02-2012 09:06:12 --- INFO: Lexus LX 470 - found: 11, pass primary filters: 2, did not pass the filter by color: 2, added: 0, new vincodes: 0
28-02-2012 09:07:18 --- INFO: Toyota Land Cruiser - found: 29, pass primary filters: 22, did not pass the filter by color: 19, added: 3, new vincodes: 0
28-02-2012 09:10:28 --- INFO: Honda CR-V - found: 63, pass primary filters: 3, did not pass the filter by color: 0, added: 3, new vincodes: 0
28-02-2012 09:17:33 --- INFO: Honda CR-V - found: 152, pass primary filters: 3, did not pass the filter by color: 0, added: 3, new vincodes: 0
28-02-2012 09:20:11 --- INFO: Mitsubishi Montero 4WD Limited - found: 50, pass primary filters: 8, did not pass the filter by color: 8, added: 0, new vincodes: 0
28-02-2012 09:26:07 --- INFO: Toyota 4RUNNER 4WD V6 - found: 125, pass primary filters: 31, did not pass the filter by color: 16, added: 15, new vincodes: 0
28-02-2012 09:30:14 --- INFO: Toyota RAV 4 - found: 63, pass primary filters: 36, did not pass the filter by color: 4, added: 32, new vincodes: 0
28-02-2012 09:37:38 --- INFO: Toyota Highlander 4WD - found: 158, pass primary filters: 6, did not pass the filter by color: 4, added: 2, new vincodes: 0
28-02-2012 09:42:54 --- INFO: Toyota Highlander - found: 107, pass primary filters: 17, did not pass the filter by color: 14, added: 3, new vincodes: 0
28-02-2012 09:47:33 --- INFO: Lexus RX 350 - found: 97, pass primary filters: 22, did not pass the filter by color: 21, added: 1, new vincodes: 0
28-02-2012 09:55:54 --- INFO: Toyota 4RUNNER Limited V6 - found: 125, pass primary filters: 4, did not pass the filter by color: 3, added: 1, new vincodes: 0
28-02-2012 09:55:54 --- INFO: finish: 28-02-2012 09:55:54
28-02-2012 09:55:54 --- INFO: elapsed time: ~4552.33 sec., memory usage: ~5.22 Mb.
28-02-2012 10:10:01 --- INFO: start: 28-02-2012 10:10:01
28-02-2012 10:10:01 --- INFO: ----------Source_Adesa (cli)
28-02-2012 10:10:03 --- INFO: Authorized request
28-02-2012 10:10:25 --- INFO: Lexus RX 300 - found: 16, pass primary filters: 9, did not pass the filter by color: 7, added: 2, new vincodes: 0
28-02-2012 10:10:59 --- INFO: Lexus RX 330 - found: 16, pass primary filters: 8, did not pass the filter by color: 6, added: 2, new vincodes: 1
28-02-2012 10:10:59 --- INFO: Lexus RX 400H - found: 2, pass primary filters: 0, did not pass the filter by color: 0, added: 0, new vincodes: 0
28-02-2012 10:11:01 --- INFO: Lexus GX 470 - found: 3, pass primary filters: 2, did not pass the filter by color: 1, added: 1, new vincodes: 0
28-02-2012 10:11:35 --- INFO: Lexus GX 470 - found: 10, pass primary filters: 8, did not pass the filter by color: 7, added: 1, new vincodes: 1
28-02-2012 10:11:35 --- INFO: Lexus LX 470 - found: 1, pass primary filters: 0, did not pass the filter by color: 0, added: 0, new vincodes: 0
28-02-2012 10:11:35 --- INFO: Lexus LX 470 - found: 0, pass primary filters: 0, did not pass the filter by color: 0, added: 0, new vincodes: 0
28-02-2012 10:11:35 --- INFO: Toyota Land Cruiser - found: 0, pass primary filters: 0, did not pass the filter by color: 0, added: 0, new vincodes: 0
28-02-2012 10:11:40 --- INFO: Honda CR-V - found: 15, pass primary filters: 2, did not pass the filter by color: 0, added: 2, new vincodes: 0
28-02-2012 10:11:40 --- INFO: Honda CR-V - found: 1, pass primary filters: 0, did not pass the filter by color: 0, added: 0, new vincodes: 0
28-02-2012 10:12:14 --- INFO: Mitsubishi Montero 4WD Limited - found: 26, pass primary filters: 5, did not pass the filter by color: 5, added: 0, new vincodes: 1
28-02-2012 10:12:19 --- INFO: Toyota 4RUNNER 4WD V6 - found: 17, pass primary filters: 3, did not pass the filter by color: 2, added: 1, new vincodes: 0
28-02-2012 10:12:26 --- INFO: Toyota RAV 4 - found: 9, pass primary filters: 3, did not pass the filter by color: 3, added: 0, new vincodes: 1
28-02-2012 10:12:30 --- INFO: Toyota Highlander 4WD - found: 44, pass primary filters: 1, did not pass the filter by color: 1, added: 0, new vincodes: 0
28-02-2012 10:12:40 --- INFO: Toyota Highlander - found: 30, pass primary filters: 3, did not pass the filter by color: 2, added: 1, new vincodes: 1
28-02-2012 10:12:44 --- INFO: Lexus RX 350 - found: 3, pass primary filters: 1, did not pass the filter by color: 0, added: 1, new vincodes: 0
28-02-2012 10:12:44 --- INFO: Toyota 4RUNNER Limited V6 - found: 17, pass primary filters: 0, did not pass the filter by color: 0, added: 0, new vincodes: 0
28-02-2012 10:12:44 --- INFO: finish: 28-02-2012 10:12:44
28-02-2012 10:12:44 --- INFO: elapsed time: ~163.64 sec., memory usage: ~2.38 Mb.
28-02-2012 09:30:01 --- INFO: start: 28-02-2012 09:30:01
28-02-2012 09:30:01 --- INFO: ----------Source_Gsmotors (cli)
28-02-2012 09:33:47 --- INFO: Lexus RX 300 - found: 75, pass primary filters: 53, did not pass the filter by color: 48, added: 5, new vincodes: 0
28-02-2012 09:41:22 --- INFO: Lexus RX 330 - found: 157, pass primary filters: 64, did not pass the filter by color: 57, added: 7, new vincodes: 0
28-02-2012 09:42:48 --- INFO: Lexus RX 400H - found: 31, pass primary filters: 7, did not pass the filter by color: 7, added: 0, new vincodes: 0
28-02-2012 09:47:30 --- INFO: Lexus GX 470 - found: 86, pass primary filters: 60, did not pass the filter by color: 48, added: 12, new vincodes: 0
28-02-2012 09:55:11 --- INFO: Lexus GX 470 - found: 126, pass primary filters: 54, did not pass the filter by color: 45, added: 9, new vincodes: 0
28-02-2012 09:57:40 --- INFO: Lexus LX 470 - found: 47, pass primary filters: 39, did not pass the filter by color: 34, added: 5, new vincodes: 0
28-02-2012 09:58:43 --- INFO: Lexus LX 470 - found: 11, pass primary filters: 2, did not pass the filter by color: 2, added: 0, new vincodes: 0
28-02-2012 10:00:13 --- INFO: Toyota Land Cruiser - found: 29, pass primary filters: 22, did not pass the filter by color: 19, added: 3, new vincodes: 0
28-02-2012 10:03:45 --- INFO: Honda CR-V - found: 63, pass primary filters: 3, did not pass the filter by color: 0, added: 3, new vincodes: 0
28-02-2012 10:11:18 --- INFO: Honda CR-V - found: 152, pass primary filters: 3, did not pass the filter by color: 0, added: 3, new vincodes: 0
28-02-2012 10:14:12 --- INFO: Mitsubishi Montero 4WD Limited - found: 50, pass primary filters: 8, did not pass the filter by color: 8, added: 0, new vincodes: 0
28-02-2012 10:20:37 --- INFO: Toyota 4RUNNER 4WD V6 - found: 125, pass primary filters: 31, did not pass the filter by color: 16, added: 15, new vincodes: 0
28-02-2012 10:24:34 --- INFO: Toyota RAV 4 - found: 63, pass primary filters: 36, did not pass the filter by color: 29, added: 7, new vincodes: 0
28-02-2012 10:31:57 --- INFO: Toyota Highlander 4WD - found: 158, pass primary filters: 6, did not pass the filter by color: 4, added: 2, new vincodes: 0
28-02-2012 10:41:19 --- INFO: Toyota Highlander - found: 107, pass primary filters: 17, did not pass the filter by color: 7, added: 10, new vincodes: 0
28-02-2012 10:48:18 --- INFO: Lexus RX 350 - found: 97, pass primary filters: 22, did not pass the filter by color: 21, added: 1, new vincodes: 0
28-02-2012 10:59:34 --- INFO: Toyota 4RUNNER Limited V6 - found: 135, pass primary filters: 4, did not pass the filter by color: 3, added: 1, new vincodes: 0
28-02-2012 10:59:34 --- INFO: finish: 28-02-2012 10:59:34
28-02-2012 10:59:34 --- INFO: elapsed time: ~5372.61 sec., memory usage: ~5.23 Mb.
28-02-2012 11:20:01 --- INFO: start: 28-02-2012 11:20:01
28-02-2012 11:20:01 --- INFO: ----------Source_Adesa (cli)
28-02-2012 11:20:03 --- INFO: Authorized request
28-02-2012 11:20:41 --- INFO: Lexus RX 300 - found: 17, pass primary filters: 10, did not pass the filter by color: 7, added: 3, new vincodes: 1
28-02-2012 11:21:01 --- INFO: Lexus RX 330 - found: 19, pass primary filters: 8, did not pass the filter by color: 6, added: 2, new vincodes: 0
28-02-2012 11:21:02 --- INFO: Lexus RX 400H - found: 2, pass primary filters: 0, did not pass the filter by color: 0, added: 0, new vincodes: 0
28-02-2012 11:21:21 --- INFO: Lexus GX 470 - found: 4, pass primary filters: 3, did not pass the filter by color: 2, added: 1, new vincodes: 0
28-02-2012 11:21:41 --- INFO: Lexus GX 470 - found: 10, pass primary filters: 8, did not pass the filter by color: 7, added: 1, new vincodes: 0
28-02-2012 11:21:57 --- INFO: Lexus LX 470 - found: 1, pass primary filters: 1, did not pass the filter by color: 1, added: 0, new vincodes: 1
28-02-2012 11:21:58 --- INFO: Lexus LX 470 - found: 0, pass primary filters: 0, did not pass the filter by color: 0, added: 0, new vincodes: 0
28-02-2012 11:21:58 --- INFO: Toyota Land Cruiser - found: 0, pass primary filters: 0, did not pass the filter by color: 0, added: 0, new vincodes: 0
28-02-2012 11:22:02 --- INFO: Honda CR-V - found: 17, pass primary filters: 2, did not pass the filter by color: 0, added: 2, new vincodes: 0
28-02-2012 11:22:02 --- INFO: Honda CR-V - found: 1, pass primary filters: 0, did not pass the filter by color: 0, added: 0, new vincodes: 0
28-02-2012 11:22:18 --- INFO: Mitsubishi Montero 4WD Limited - found: 27, pass primary filters: 5, did not pass the filter by color: 5, added: 0, new vincodes: 0
28-02-2012 11:22:23 --- INFO: Toyota 4RUNNER 4WD V6 - found: 17, pass primary filters: 3, did not pass the filter by color: 2, added: 1, new vincodes: 0
28-02-2012 11:22:30 --- INFO: Toyota RAV 4 - found: 9, pass primary filters: 3, did not pass the filter by color: 3, added: 0, new vincodes: 0
28-02-2012 11:22:34 --- INFO: Toyota Highlander 4WD - found: 45, pass primary filters: 1, did not pass the filter by color: 1, added: 0, new vincodes: 0
28-02-2012 11:22:42 --- INFO: Toyota Highlander - found: 30, pass primary filters: 3, did not pass the filter by color: 2, added: 1, new vincodes: 0
28-02-2012 11:22:46 --- INFO: Lexus RX 350 - found: 3, pass primary filters: 1, did not pass the filter by color: 0, added: 1, new vincodes: 0
28-02-2012 11:22:47 --- INFO: Toyota 4RUNNER Limited V6 - found: 17, pass primary filters: 0, did not pass the filter by color: 0, added: 0, new vincodes: 0
28-02-2012 11:22:47 --- INFO: finish: 28-02-2012 11:22:47
28-02-2012 11:22:47 --- INFO: elapsed time: ~165.53 sec., memory usage: ~2.38 Mb.
28-02-2012 10:40:02 --- INFO: start: 28-02-2012 10:40:02
28-02-2012 10:40:02 --- INFO: ----------Source_Gsmotors (cli)
28-02-2012 10:47:18 --- INFO: Lexus RX 300 - found: 82, pass primary filters: 56, did not pass the filter by color: 51, added: 5, new vincodes: 1
28-02-2012 11:02:02 --- INFO: Lexus RX 330 - found: 197, pass primary filters: 69, did not pass the filter by color: 62, added: 7, new vincodes: 2
28-02-2012 11:04:47 --- INFO: Lexus RX 400H - found: 42, pass primary filters: 8, did not pass the filter by color: 8, added: 0, new vincodes: 0
28-02-2012 11:13:38 --- INFO: Lexus GX 470 - found: 103, pass primary filters: 69, did not pass the filter by color: 57, added: 12, new vincodes: 6
28-02-2012 11:34:04 --- INFO: Lexus GX 470 - found: 158, pass primary filters: 40, did not pass the filter by color: 35, added: 5, new vincodes: 4
28-02-2012 11:34:04 --- ERROR: Request returns empty result
28-02-2012 11:34:04 --- INFO: Lexus LX 470 - found: 0, pass primary filters: 0, did not pass the filter by color: 0, added: 0, new vincodes: 0
28-02-2012 11:34:04 --- ERROR: Request returns empty result
28-02-2012 11:34:04 --- INFO: Lexus LX 470 - found: 0, pass primary filters: 0, did not pass the filter by color: 0, added: 0, new vincodes: 0
28-02-2012 11:34:04 --- ERROR: Request returns empty result
28-02-2012 11:34:04 --- INFO: Toyota Land Cruiser - found: 0, pass primary filters: 0, did not pass the filter by color: 0, added: 0, new vincodes: 0
28-02-2012 11:34:04 --- ERROR: Request returns empty result
28-02-2012 11:34:04 --- INFO: Honda CR-V - found: 0, pass primary filters: 0, did not pass the filter by color: 0, added: 0, new vincodes: 0
28-02-2012 11:34:04 --- ERROR: Request returns empty result
28-02-2012 11:34:04 --- INFO: Honda CR-V - found: 0, pass primary filters: 0, did not pass the filter by color: 0, added: 0, new vincodes: 0
28-02-2012 11:34:04 --- ERROR: Request returns empty result
28-02-2012 11:34:04 --- INFO: Mitsubishi Montero 4WD Limited - found: 0, pass primary filters: 0, did not pass the filter by color: 0, added: 0, new vincodes: 0
28-02-2012 11:34:05 --- ERROR: Request returns empty result
28-02-2012 11:34:05 --- INFO: Toyota 4RUNNER 4WD V6 - found: 0, pass primary filters: 0, did not pass the filter by color: 0, added: 0, new vincodes: 0
28-02-2012 11:34:05 --- ERROR: Request returns empty result
28-02-2012 11:34:05 --- INFO: Toyota RAV 4 - found: 0, pass primary filters: 0, did not pass the filter by color: 0, added: 0, new vincodes: 0
28-02-2012 11:34:05 --- ERROR: Request returns empty result
28-02-2012 11:34:05 --- INFO: Toyota Highlander 4WD - found: 0, pass primary filters: 0, did not pass the filter by color: 0, added: 0, new vincodes: 0
28-02-2012 11:34:05 --- ERROR: Request returns empty result
28-02-2012 11:34:05 --- INFO: Toyota Highlander - found: 0, pass primary filters: 0, did not pass the filter by color: 0, added: 0, new vincodes: 0
28-02-2012 11:34:05 --- ERROR: Request returns empty result
28-02-2012 11:34:05 --- INFO: Lexus RX 350 - found: 0, pass primary filters: 0, did not pass the filter by color: 0, added: 0, new vincodes: 0
28-02-2012 11:34:05 --- ERROR: Request returns empty result
28-02-2012 11:34:05 --- INFO: Toyota 4RUNNER Limited V6 - found: 0, pass primary filters: 0, did not pass the filter by color: 0, added: 0, new vincodes: 0
28-02-2012 11:34:05 --- INFO: finish: 28-02-2012 11:34:05
28-02-2012 11:34:05 --- INFO: elapsed time: ~3243.52 sec., memory usage: ~3.77 Mb.
28-02-2012 12:20:01 --- INFO: start: 28-02-2012 12:20:01
28-02-2012 12:20:01 --- INFO: ----------Source_Adesa (cli)
28-02-2012 12:20:02 --- INFO: Authorized request
28-02-2012 12:20:22 --- INFO: Lexus RX 300 - found: 17, pass primary filters: 10, did not pass the filter by color: 7, added: 3, new vincodes: 0
28-02-2012 12:20:43 --- INFO: Lexus RX 330 - found: 19, pass primary filters: 8, did not pass the filter by color: 6, added: 2, new vincodes: 0
28-02-2012 12:20:43 --- INFO: Lexus RX 400H - found: 2, pass primary filters: 0, did not pass the filter by color: 0, added: 0, new vincodes: 0
28-02-2012 12:20:50 --- INFO: Lexus GX 470 - found: 4, pass primary filters: 3, did not pass the filter by color: 2, added: 1, new vincodes: 0
28-02-2012 12:21:10 --- INFO: Lexus GX 470 - found: 10, pass primary filters: 8, did not pass the filter by color: 7, added: 1, new vincodes: 0
28-02-2012 12:21:13 --- INFO: Lexus LX 470 - found: 1, pass primary filters: 1, did not pass the filter by color: 1, added: 0, new vincodes: 0
28-02-2012 12:21:14 --- INFO: Lexus LX 470 - found: 0, pass primary filters: 0, did not pass the filter by color: 0, added: 0, new vincodes: 0
28-02-2012 12:21:14 --- INFO: Toyota Land Cruiser - found: 0, pass primary filters: 0, did not pass the filter by color: 0, added: 0, new vincodes: 0
28-02-2012 12:21:18 --- INFO: Honda CR-V - found: 17, pass primary filters: 2, did not pass the filter by color: 0, added: 2, new vincodes: 0
28-02-2012 12:21:18 --- INFO: Honda CR-V - found: 1, pass primary filters: 0, did not pass the filter by color: 0, added: 0, new vincodes: 0
28-02-2012 12:21:34 --- INFO: Mitsubishi Montero 4WD Limited - found: 27, pass primary filters: 5, did not pass the filter by color: 5, added: 0, new vincodes: 0
28-02-2012 12:21:40 --- INFO: Toyota 4RUNNER 4WD V6 - found: 18, pass primary filters: 3, did not pass the filter by color: 2, added: 1, new vincodes: 0
28-02-2012 12:21:48 --- INFO: Toyota RAV 4 - found: 10, pass primary filters: 3, did not pass the filter by color: 3, added: 0, new vincodes: 0
28-02-2012 12:21:53 --- INFO: Toyota Highlander 4WD - found: 46, pass primary filters: 1, did not pass the filter by color: 1, added: 0, new vincodes: 0
28-02-2012 12:22:02 --- INFO: Toyota Highlander - found: 30, pass primary filters: 3, did not pass the filter by color: 2, added: 1, new vincodes: 0
28-02-2012 12:22:05 --- INFO: Lexus RX 350 - found: 3, pass primary filters: 1, did not pass the filter by color: 0, added: 1, new vincodes: 0
28-02-2012 12:22:06 --- INFO: Toyota 4RUNNER Limited V6 - found: 18, pass primary filters: 0, did not pass the filter by color: 0, added: 0, new vincodes: 0
28-02-2012 12:22:06 --- INFO: finish: 28-02-2012 12:22:06
28-02-2012 12:22:06 --- INFO: elapsed time: ~124.39 sec., memory usage: ~2.35 Mb.
28-02-2012 11:50:01 --- INFO: start: 28-02-2012 11:50:01
28-02-2012 11:50:01 --- INFO: ----------Source_Gsmotors (cli)
28-02-2012 11:55:57 --- INFO: Lexus RX 300 - found: 82, pass primary filters: 56, did not pass the filter by color: 51, added: 5, new vincodes: 0
28-02-2012 12:08:16 --- INFO: Lexus RX 330 - found: 197, pass primary filters: 69, did not pass the filter by color: 62, added: 7, new vincodes: 0
28-02-2012 12:10:31 --- INFO: Lexus RX 400H - found: 42, pass primary filters: 8, did not pass the filter by color: 8, added: 0, new vincodes: 0
28-02-2012 12:16:17 --- INFO: Lexus GX 470 - found: 103, pass primary filters: 69, did not pass the filter by color: 57, added: 12, new vincodes: 0
28-02-2012 12:30:14 --- INFO: Lexus GX 470 - found: 158, pass primary filters: 70, did not pass the filter by color: 60, added: 10, new vincodes: 1
28-02-2012 12:34:04 --- INFO: Lexus LX 470 - found: 62, pass primary filters: 43, did not pass the filter by color: 37, added: 6, new vincodes: 3
28-02-2012 12:35:12 --- INFO: Lexus LX 470 - found: 21, pass primary filters: 3, did not pass the filter by color: 3, added: 0, new vincodes: 0
28-02-2012 12:37:34 --- INFO: Toyota Land Cruiser - found: 33, pass primary filters: 24, did not pass the filter by color: 21, added: 3, new vincodes: 1
28-02-2012 12:45:23 --- INFO: Honda CR-V - found: 71, pass primary filters: 3, did not pass the filter by color: 0, added: 3, new vincodes: 0
28-02-2012 13:04:26 --- INFO: Honda CR-V - found: 183, pass primary filters: 4, did not pass the filter by color: 0, added: 4, new vincodes: 1
28-02-2012 13:14:13 --- INFO: Mitsubishi Montero 4WD Limited - found: 73, pass primary filters: 12, did not pass the filter by color: 12, added: 0, new vincodes: 3
28-02-2012 13:23:19 --- INFO: Toyota 4RUNNER 4WD V6 - found: 135, pass primary filters: 35, did not pass the filter by color: 18, added: 17, new vincodes: 1
28-02-2012 13:29:30 --- INFO: Toyota RAV 4 - found: 74, pass primary filters: 41, did not pass the filter by color: 32, added: 9, new vincodes: 3
28-02-2012 13:45:23 --- INFO: Toyota Highlander 4WD - found: 204, pass primary filters: 9, did not pass the filter by color: 7, added: 2, new vincodes: 2
28-02-2012 13:52:32 --- INFO: Toyota Highlander - found: 146, pass primary filters: 20, did not pass the filter by color: 17, added: 3, new vincodes: 1
28-02-2012 14:02:00 --- INFO: Lexus RX 350 - found: 132, pass primary filters: 25, did not pass the filter by color: 23, added: 2, new vincodes: 2
28-02-2012 14:07:20 --- INFO: Toyota 4RUNNER Limited V6 - found: 135, pass primary filters: 4, did not pass the filter by color: 3, added: 1, new vincodes: 0
28-02-2012 14:07:20 --- INFO: finish: 28-02-2012 14:07:20
28-02-2012 14:07:20 --- INFO: elapsed time: ~8238.83 sec., memory usage: ~5.83 Mb.
28-02-2012 12:50:01 --- INFO: start: 28-02-2012 12:50:01
28-02-2012 12:50:01 --- INFO: ----------Source_Gsmotors (cli)
28-02-2012 12:57:25 --- INFO: Lexus RX 300 - found: 82, pass primary filters: 56, did not pass the filter by color: 51, added: 5, new vincodes: 0
28-02-2012 13:17:05 --- INFO: Lexus RX 330 - found: 197, pass primary filters: 69, did not pass the filter by color: 62, added: 7, new vincodes: 0
28-02-2012 13:19:01 --- INFO: Lexus RX 400H - found: 42, pass primary filters: 8, did not pass the filter by color: 8, added: 0, new vincodes: 0
28-02-2012 13:26:01 --- INFO: Lexus GX 470 - found: 103, pass primary filters: 69, did not pass the filter by color: 57, added: 12, new vincodes: 0
28-02-2012 13:34:26 --- INFO: Lexus GX 470 - found: 158, pass primary filters: 70, did not pass the filter by color: 60, added: 10, new vincodes: 0
28-02-2012 13:38:51 --- INFO: Lexus LX 470 - found: 62, pass primary filters: 43, did not pass the filter by color: 37, added: 6, new vincodes: 0
28-02-2012 13:40:33 --- INFO: Lexus LX 470 - found: 21, pass primary filters: 3, did not pass the filter by color: 3, added: 0, new vincodes: 0
28-02-2012 13:41:51 --- INFO: Toyota Land Cruiser - found: 33, pass primary filters: 24, did not pass the filter by color: 21, added: 3, new vincodes: 0
28-02-2012 13:46:02 --- INFO: Honda CR-V - found: 71, pass primary filters: 3, did not pass the filter by color: 0, added: 3, new vincodes: 0
28-02-2012 13:56:03 --- INFO: Honda CR-V - found: 183, pass primary filters: 4, did not pass the filter by color: 0, added: 4, new vincodes: 0
28-02-2012 13:59:30 --- INFO: Mitsubishi Montero 4WD Limited - found: 73, pass primary filters: 12, did not pass the filter by color: 12, added: 0, new vincodes: 0
28-02-2012 14:07:22 --- INFO: Toyota 4RUNNER 4WD V6 - found: 135, pass primary filters: 35, did not pass the filter by color: 18, added: 17, new vincodes: 0
28-02-2012 14:11:55 --- INFO: Toyota RAV 4 - found: 74, pass primary filters: 41, did not pass the filter by color: 32, added: 9, new vincodes: 0
28-02-2012 14:23:05 --- INFO: Toyota Highlander 4WD - found: 204, pass primary filters: 9, did not pass the filter by color: 7, added: 2, new vincodes: 0
28-02-2012 14:28:49 --- INFO: Toyota Highlander - found: 146, pass primary filters: 20, did not pass the filter by color: 17, added: 3, new vincodes: 0
28-02-2012 14:33:46 --- INFO: Lexus RX 350 - found: 132, pass primary filters: 25, did not pass the filter by color: 23, added: 2, new vincodes: 0
28-02-2012 14:39:13 --- INFO: Toyota 4RUNNER Limited V6 - found: 135, pass primary filters: 4, did not pass the filter by color: 3, added: 1, new vincodes: 0
28-02-2012 14:39:13 --- INFO: finish: 28-02-2012 14:39:13
28-02-2012 14:39:13 --- INFO: elapsed time: ~6551.39 sec., memory usage: ~5.77 Mb.
28-02-2012 15:40:01 --- INFO: start: 28-02-2012 15:40:01
28-02-2012 15:40:01 --- INFO: ----------Source_Gsmotors (cli)
28-02-2012 15:57:31 --- INFO: Lexus RX 300 - found: 98, pass primary filters: 67, did not pass the filter by color: 59, added: 8, new vincodes: 5
28-02-2012 16:44:46 --- INFO: Lexus RX 330 - found: 230, pass primary filters: 79, did not pass the filter by color: 71, added: 8, new vincodes: 8
28-02-2012 16:54:56 --- INFO: Lexus RX 400H - found: 50, pass primary filters: 10, did not pass the filter by color: 10, added: 0, new vincodes: 1
28-02-2012 17:20:48 --- INFO: Lexus GX 470 - found: 123, pass primary filters: 77, did not pass the filter by color: 65, added: 12, new vincodes: 6
28-02-2012 17:49:35 --- INFO: Lexus GX 470 - found: 194, pass primary filters: 74, did not pass the filter by color: 20, added: 54, new vincodes: 3
28-02-2012 17:54:36 --- INFO: Lexus LX 470 - found: 67, pass primary filters: 45, did not pass the filter by color: 39, added: 6, new vincodes: 1
28-02-2012 17:55:17 --- INFO: Lexus LX 470 - found: 23, pass primary filters: 3, did not pass the filter by color: 3, added: 0, new vincodes: 0
28-02-2012 17:57:01 --- INFO: Toyota Land Cruiser - found: 35, pass primary filters: 26, did not pass the filter by color: 23, added: 3, new vincodes: 2
28-02-2012 18:00:49 --- INFO: Honda CR-V - found: 82, pass primary filters: 3, did not pass the filter by color: 0, added: 3, new vincodes: 0
28-02-2012 18:11:44 --- INFO: Honda CR-V - found: 208, pass primary filters: 4, did not pass the filter by color: 0, added: 4, new vincodes: 0
28-02-2012 18:15:29 --- INFO: Mitsubishi Montero 4WD Limited - found: 79, pass primary filters: 13, did not pass the filter by color: 13, added: 0, new vincodes: 1
28-02-2012 18:24:07 --- INFO: Toyota 4RUNNER 4WD V6 - found: 166, pass primary filters: 38, did not pass the filter by color: 20, added: 18, new vincodes: 1
28-02-2012 18:28:32 --- INFO: Toyota RAV 4 - found: 86, pass primary filters: 39, did not pass the filter by color: 29, added: 10, new vincodes: 3
28-02-2012 18:38:45 --- INFO: Toyota Highlander 4WD - found: 228, pass primary filters: 8, did not pass the filter by color: 6, added: 2, new vincodes: 0
28-02-2012 18:44:16 --- INFO: Toyota Highlander - found: 158, pass primary filters: 21, did not pass the filter by color: 18, added: 3, new vincodes: 0
28-02-2012 18:50:41 --- INFO: Lexus RX 350 - found: 138, pass primary filters: 27, did not pass the filter by color: 25, added: 2, new vincodes: 2
28-02-2012 18:56:01 --- INFO: Toyota 4RUNNER Limited V6 - found: 166, pass primary filters: 5, did not pass the filter by color: 3, added: 2, new vincodes: 1
28-02-2012 18:56:01 --- INFO: finish: 28-02-2012 18:56:01
28-02-2012 18:56:01 --- INFO: elapsed time: ~11759.97 sec., memory usage: ~6.22 Mb.
28-02-2012 17:40:01 --- INFO: start: 28-02-2012 17:40:01
28-02-2012 17:40:01 --- INFO: ----------Source_Gsmotors (cli)
28-02-2012 17:53:21 --- INFO: Lexus RX 300 - found: 98, pass primary filters: 67, did not pass the filter by color: 59, added: 8, new vincodes: 0
28-02-2012 18:00:51 --- INFO: Lexus RX 330 - found: 230, pass primary filters: 79, did not pass the filter by color: 71, added: 8, new vincodes: 0
28-02-2012 18:02:30 --- INFO: Lexus RX 400H - found: 50, pass primary filters: 10, did not pass the filter by color: 10, added: 0, new vincodes: 0
28-02-2012 18:07:02 --- INFO: Lexus GX 470 - found: 123, pass primary filters: 77, did not pass the filter by color: 65, added: 12, new vincodes: 0
28-02-2012 18:13:11 --- INFO: Lexus GX 470 - found: 194, pass primary filters: 74, did not pass the filter by color: 61, added: 13, new vincodes: 0
28-02-2012 18:16:29 --- INFO: Lexus LX 470 - found: 67, pass primary filters: 45, did not pass the filter by color: 39, added: 6, new vincodes: 0
28-02-2012 18:17:11 --- INFO: Lexus LX 470 - found: 23, pass primary filters: 3, did not pass the filter by color: 3, added: 0, new vincodes: 0
28-02-2012 18:18:21 --- INFO: Toyota Land Cruiser - found: 35, pass primary filters: 26, did not pass the filter by color: 23, added: 3, new vincodes: 0
28-02-2012 18:21:24 --- INFO: Honda CR-V - found: 82, pass primary filters: 3, did not pass the filter by color: 0, added: 3, new vincodes: 0
28-02-2012 18:29:02 --- INFO: Honda CR-V - found: 208, pass primary filters: 4, did not pass the filter by color: 0, added: 4, new vincodes: 0
28-02-2012 18:31:45 --- INFO: Mitsubishi Montero 4WD Limited - found: 79, pass primary filters: 13, did not pass the filter by color: 13, added: 0, new vincodes: 0
28-02-2012 18:37:34 --- INFO: Toyota 4RUNNER 4WD V6 - found: 166, pass primary filters: 38, did not pass the filter by color: 20, added: 18, new vincodes: 0
28-02-2012 18:40:33 --- INFO: Toyota RAV 4 - found: 86, pass primary filters: 39, did not pass the filter by color: 29, added: 10, new vincodes: 0
28-02-2012 18:48:25 --- INFO: Toyota Highlander 4WD - found: 228, pass primary filters: 8, did not pass the filter by color: 6, added: 2, new vincodes: 0
28-02-2012 18:53:33 --- INFO: Toyota Highlander - found: 158, pass primary filters: 21, did not pass the filter by color: 18, added: 3, new vincodes: 0
28-02-2012 18:57:50 --- INFO: Lexus RX 350 - found: 138, pass primary filters: 27, did not pass the filter by color: 25, added: 2, new vincodes: 0
28-02-2012 19:03:27 --- INFO: Toyota 4RUNNER Limited V6 - found: 166, pass primary filters: 5, did not pass the filter by color: 3, added: 2, new vincodes: 0
28-02-2012 19:03:27 --- INFO: finish: 28-02-2012 19:03:27
28-02-2012 19:03:27 --- INFO: elapsed time: ~5006.05 sec., memory usage: ~6.15 Mb.
28-02-2012 15:10:01 --- INFO: start: 28-02-2012 15:10:01
28-02-2012 15:10:01 --- INFO: ----------Source_Adesa (cli)
28-02-2012 15:10:03 --- INFO: Authorized request
28-02-2012 19:11:04 --- INFO: Lexus RX 300 - found: 18, pass primary filters: 11, did not pass the filter by color: 1, added: 10, new vincodes: 2
28-02-2012 19:11:04 --- INFO: Lexus RX 330 - found: 0, pass primary filters: 0, did not pass the filter by color: 0, added: 0, new vincodes: 0
28-02-2012 19:11:05 --- INFO: Lexus RX 400H - found: 0, pass primary filters: 0, did not pass the filter by color: 0, added: 0, new vincodes: 0
28-02-2012 19:11:05 --- INFO: Lexus GX 470 - found: 0, pass primary filters: 0, did not pass the filter by color: 0, added: 0, new vincodes: 0
28-02-2012 19:11:05 --- INFO: Lexus GX 470 - found: 0, pass primary filters: 0, did not pass the filter by color: 0, added: 0, new vincodes: 0
28-02-2012 19:11:05 --- INFO: Lexus LX 470 - found: 0, pass primary filters: 0, did not pass the filter by color: 0, added: 0, new vincodes: 0
28-02-2012 19:11:05 --- INFO: Lexus LX 470 - found: 0, pass primary filters: 0, did not pass the filter by color: 0, added: 0, new vincodes: 0
28-02-2012 19:11:05 --- INFO: Toyota Land Cruiser - found: 0, pass primary filters: 0, did not pass the filter by color: 0, added: 0, new vincodes: 0
28-02-2012 19:11:05 --- INFO: Honda CR-V - found: 0, pass primary filters: 0, did not pass the filter by color: 0, added: 0, new vincodes: 0
28-02-2012 19:11:05 --- INFO: Honda CR-V - found: 0, pass primary filters: 0, did not pass the filter by color: 0, added: 0, new vincodes: 0
28-02-2012 19:11:05 --- INFO: Mitsubishi Montero 4WD Limited - found: 0, pass primary filters: 0, did not pass the filter by color: 0, added: 0, new vincodes: 0
28-02-2012 19:11:05 --- INFO: Toyota 4RUNNER 4WD V6 - found: 0, pass primary filters: 0, did not pass the filter by color: 0, added: 0, new vincodes: 0
28-02-2012 19:11:05 --- INFO: Toyota RAV 4 - found: 0, pass primary filters: 0, did not pass the filter by color: 0, added: 0, new vincodes: 0
28-02-2012 19:11:05 --- INFO: Toyota Highlander 4WD - found: 0, pass primary filters: 0, did not pass the filter by color: 0, added: 0, new vincodes: 0
28-02-2012 19:11:05 --- INFO: Toyota Highlander - found: 0, pass primary filters: 0, did not pass the filter by color: 0, added: 0, new vincodes: 0
28-02-2012 19:11:05 --- INFO: Lexus RX 350 - found: 0, pass primary filters: 0, did not pass the filter by color: 0, added: 0, new vincodes: 0
28-02-2012 19:11:05 --- INFO: Toyota 4RUNNER Limited V6 - found: 0, pass primary filters: 0, did not pass the filter by color: 0, added: 0, new vincodes: 0
28-02-2012 19:11:05 --- INFO: finish: 28-02-2012 19:11:05
28-02-2012 19:11:05 --- INFO: elapsed time: ~14464.83 sec., memory usage: ~1.98 Mb.
28-02-2012 17:10:01 --- INFO: start: 28-02-2012 17:10:01
28-02-2012 17:10:01 --- INFO: ----------Source_Adesa (cli)
28-02-2012 17:10:03 --- INFO: Authorized request
28-02-2012 17:20:44 --- INFO: Lexus RX 300 - found: 19, pass primary filters: 11, did not pass the filter by color: 9, added: 2, new vincodes: 0
28-02-2012 19:21:21 --- INFO: Lexus RX 330 - found: 21, pass primary filters: 9, did not pass the filter by color: 7, added: 2, new vincodes: 1
28-02-2012 19:21:21 --- INFO: Lexus RX 400H - found: 0, pass primary filters: 0, did not pass the filter by color: 0, added: 0, new vincodes: 0
28-02-2012 19:21:21 --- INFO: Lexus GX 470 - found: 0, pass primary filters: 0, did not pass the filter by color: 0, added: 0, new vincodes: 0
28-02-2012 19:21:21 --- INFO: Lexus GX 470 - found: 0, pass primary filters: 0, did not pass the filter by color: 0, added: 0, new vincodes: 0
28-02-2012 19:21:21 --- INFO: Lexus LX 470 - found: 0, pass primary filters: 0, did not pass the filter by color: 0, added: 0, new vincodes: 0
28-02-2012 19:21:21 --- INFO: Lexus LX 470 - found: 0, pass primary filters: 0, did not pass the filter by color: 0, added: 0, new vincodes: 0
28-02-2012 19:21:21 --- INFO: Toyota Land Cruiser - found: 0, pass primary filters: 0, did not pass the filter by color: 0, added: 0, new vincodes: 0
28-02-2012 19:21:21 --- INFO: Honda CR-V - found: 0, pass primary filters: 0, did not pass the filter by color: 0, added: 0, new vincodes: 0
28-02-2012 19:21:21 --- INFO: Honda CR-V - found: 0, pass primary filters: 0, did not pass the filter by color: 0, added: 0, new vincodes: 0
28-02-2012 19:21:21 --- INFO: Mitsubishi Montero 4WD Limited - found: 0, pass primary filters: 0, did not pass the filter by color: 0, added: 0, new vincodes: 0
28-02-2012 19:21:21 --- INFO: Toyota 4RUNNER 4WD V6 - found: 0, pass primary filters: 0, did not pass the filter by color: 0, added: 0, new vincodes: 0
28-02-2012 19:21:22 --- INFO: Toyota RAV 4 - found: 0, pass primary filters: 0, did not pass the filter by color: 0, added: 0, new vincodes: 0
28-02-2012 19:21:22 --- INFO: Toyota Highlander 4WD - found: 0, pass primary filters: 0, did not pass the filter by color: 0, added: 0, new vincodes: 0
28-02-2012 19:21:22 --- INFO: Toyota Highlander - found: 0, pass primary filters: 0, did not pass the filter by color: 0, added: 0, new vincodes: 0
28-02-2012 19:21:22 --- INFO: Lexus RX 350 - found: 0, pass primary filters: 0, did not pass the filter by color: 0, added: 0, new vincodes: 0
28-02-2012 19:21:22 --- INFO: Toyota 4RUNNER Limited V6 - found: 0, pass primary filters: 0, did not pass the filter by color: 0, added: 0, new vincodes: 0
28-02-2012 19:21:22 --- INFO: finish: 28-02-2012 19:21:22
28-02-2012 19:21:22 --- INFO: elapsed time: ~7880.42 sec., memory usage: ~2.07 Mb.