
28-04-2012 06:10:01 --- INFO: start: 28-04-2012 06:10:01
28-04-2012 06:10:01 --- INFO: ----------Source_Adesa (cli)
28-04-2012 06:10:03 --- INFO: Authorized request
28-04-2012 06:10:11 --- INFO: Lexus RX 300 - found: 5, pass primary filters: 3, did not pass the filter by color: 3, added: 0, new vincodes: 0
28-04-2012 06:10:21 --- INFO: Lexus RX 330 - found: 7, pass primary filters: 4, did not pass the filter by color: 4, added: 0, new vincodes: 0
28-04-2012 06:10:22 --- INFO: Lexus RX 400H - found: 0, pass primary filters: 0, did not pass the filter by color: 0, added: 0, new vincodes: 0
28-04-2012 06:10:22 --- INFO: Lexus GX 470 - found: 2, pass primary filters: 0, did not pass the filter by color: 0, added: 0, new vincodes: 0
28-04-2012 06:10:24 --- INFO: Lexus GX 470 - found: 3, pass primary filters: 3, did not pass the filter by color: 2, added: 1, new vincodes: 0
28-04-2012 06:10:25 --- INFO: Lexus LX 470 - found: 0, pass primary filters: 0, did not pass the filter by color: 0, added: 0, new vincodes: 0
28-04-2012 06:10:25 --- INFO: Lexus LX 470 - found: 0, pass primary filters: 0, did not pass the filter by color: 0, added: 0, new vincodes: 0
28-04-2012 06:10:25 --- INFO: Toyota Land Cruiser - found: 1, pass primary filters: 0, did not pass the filter by color: 0, added: 0, new vincodes: 0
28-04-2012 06:10:25 --- INFO: Honda CR-V - found: 9, pass primary filters: 0, did not pass the filter by color: 0, added: 0, new vincodes: 0
28-04-2012 06:10:25 --- INFO: Honda CR-V - found: 0, pass primary filters: 0, did not pass the filter by color: 0, added: 0, new vincodes: 0
28-04-2012 06:10:32 --- INFO: Mitsubishi Montero 4WD Limited - found: 10, pass primary filters: 2, did not pass the filter by color: 2, added: 0, new vincodes: 0
28-04-2012 06:10:36 --- INFO: Toyota 4RUNNER 4WD V6 - found: 5, pass primary filters: 2, did not pass the filter by color: 2, added: 0, new vincodes: 0
28-04-2012 06:10:41 --- INFO: Toyota RAV 4 - found: 5, pass primary filters: 2, did not pass the filter by color: 2, added: 0, new vincodes: 0
28-04-2012 06:10:41 --- INFO: Toyota Highlander 4WD - found: 12, pass primary filters: 0, did not pass the filter by color: 0, added: 0, new vincodes: 0
28-04-2012 06:10:41 --- INFO: Toyota Highlander - found: 12, pass primary filters: 0, did not pass the filter by color: 0, added: 0, new vincodes: 0
28-04-2012 06:10:42 --- INFO: Lexus RX 350 - found: 2, pass primary filters: 1, did not pass the filter by color: 1, added: 0, new vincodes: 0
28-04-2012 06:10:42 --- INFO: Toyota 4RUNNER Limited V6 - found: 5, pass primary filters: 0, did not pass the filter by color: 0, added: 0, new vincodes: 0
28-04-2012 06:10:42 --- INFO: finish: 28-04-2012 06:10:42
28-04-2012 06:10:42 --- INFO: elapsed time: ~40.61 sec., memory usage: ~2.07 Mb.
28-04-2012 06:40:01 --- INFO: start: 28-04-2012 06:40:01
28-04-2012 06:40:01 --- INFO: ----------Source_Gsmotors (cli)
28-04-2012 06:44:24 --- INFO: Lexus RX 300 - found: 66, pass primary filters: 40, did not pass the filter by color: 30, added: 10, new vincodes: 1
28-04-2012 06:54:17 --- INFO: Lexus RX 330 - found: 209, pass primary filters: 99, did not pass the filter by color: 86, added: 13, new vincodes: 1
28-04-2012 06:56:23 --- INFO: Lexus RX 400H - found: 43, pass primary filters: 14, did not pass the filter by color: 13, added: 1, new vincodes: 0
28-04-2012 06:59:44 --- INFO: Lexus GX 470 - found: 66, pass primary filters: 45, did not pass the filter by color: 34, added: 11, new vincodes: 0
28-04-2012 07:07:23 --- INFO: Lexus GX 470 - found: 146, pass primary filters: 72, did not pass the filter by color: 50, added: 22, new vincodes: 0
28-04-2012 07:10:32 --- INFO: Lexus LX 470 - found: 63, pass primary filters: 49, did not pass the filter by color: 40, added: 9, new vincodes: 0
28-04-2012 07:11:10 --- INFO: Lexus LX 470 - found: 19, pass primary filters: 1, did not pass the filter by color: 1, added: 0, new vincodes: 0
28-04-2012 07:12:27 --- INFO: Toyota Land Cruiser - found: 24, pass primary filters: 19, did not pass the filter by color: 16, added: 3, new vincodes: 0
28-04-2012 07:15:28 --- INFO: Honda CR-V - found: 69, pass primary filters: 2, did not pass the filter by color: 0, added: 2, new vincodes: 0
28-04-2012 07:25:13 --- INFO: Honda CR-V - found: 199, pass primary filters: 1, did not pass the filter by color: 0, added: 1, new vincodes: 0
28-04-2012 07:27:48 --- INFO: Mitsubishi Montero 4WD Limited - found: 51, pass primary filters: 5, did not pass the filter by color: 5, added: 0, new vincodes: 0
28-04-2012 07:33:35 --- INFO: Toyota 4RUNNER 4WD V6 - found: 120, pass primary filters: 25, did not pass the filter by color: 20, added: 5, new vincodes: 0
28-04-2012 07:36:32 --- INFO: Toyota RAV 4 - found: 69, pass primary filters: 32, did not pass the filter by color: 21, added: 11, new vincodes: 0
28-04-2012 07:41:57 --- INFO: Toyota Highlander 4WD - found: 122, pass primary filters: 2, did not pass the filter by color: 0, added: 2, new vincodes: 0
28-04-2012 07:44:35 --- INFO: Toyota Highlander - found: 79, pass primary filters: 17, did not pass the filter by color: 11, added: 6, new vincodes: 0
28-04-2012 07:49:14 --- INFO: Lexus RX 350 - found: 93, pass primary filters: 18, did not pass the filter by color: 15, added: 3, new vincodes: 0
28-04-2012 07:53:05 --- INFO: Toyota 4RUNNER Limited V6 - found: 120, pass primary filters: 2, did not pass the filter by color: 1, added: 1, new vincodes: 0
28-04-2012 07:53:05 --- INFO: finish: 28-04-2012 07:53:05
28-04-2012 07:53:05 --- INFO: elapsed time: ~4384.88 sec., memory usage: ~5.46 Mb.
28-04-2012 08:10:01 --- INFO: start: 28-04-2012 08:10:01
28-04-2012 08:10:01 --- INFO: ----------Source_Adesa (cli)
28-04-2012 08:10:03 --- INFO: Authorized request
28-04-2012 08:10:11 --- INFO: Lexus RX 300 - found: 5, pass primary filters: 3, did not pass the filter by color: 3, added: 0, new vincodes: 0
28-04-2012 08:10:18 --- INFO: Lexus RX 330 - found: 7, pass primary filters: 4, did not pass the filter by color: 4, added: 0, new vincodes: 0
28-04-2012 08:10:18 --- INFO: Lexus RX 400H - found: 0, pass primary filters: 0, did not pass the filter by color: 0, added: 0, new vincodes: 0
28-04-2012 08:10:18 --- INFO: Lexus GX 470 - found: 2, pass primary filters: 0, did not pass the filter by color: 0, added: 0, new vincodes: 0
28-04-2012 08:10:22 --- INFO: Lexus GX 470 - found: 3, pass primary filters: 3, did not pass the filter by color: 2, added: 1, new vincodes: 0
28-04-2012 08:10:22 --- INFO: Lexus LX 470 - found: 0, pass primary filters: 0, did not pass the filter by color: 0, added: 0, new vincodes: 0
28-04-2012 08:10:22 --- INFO: Lexus LX 470 - found: 0, pass primary filters: 0, did not pass the filter by color: 0, added: 0, new vincodes: 0
28-04-2012 08:10:22 --- INFO: Toyota Land Cruiser - found: 1, pass primary filters: 0, did not pass the filter by color: 0, added: 0, new vincodes: 0
28-04-2012 08:10:23 --- INFO: Honda CR-V - found: 9, pass primary filters: 0, did not pass the filter by color: 0, added: 0, new vincodes: 0
28-04-2012 08:10:23 --- INFO: Honda CR-V - found: 0, pass primary filters: 0, did not pass the filter by color: 0, added: 0, new vincodes: 0
28-04-2012 08:10:30 --- INFO: Mitsubishi Montero 4WD Limited - found: 10, pass primary filters: 2, did not pass the filter by color: 2, added: 0, new vincodes: 0
28-04-2012 08:10:34 --- INFO: Toyota 4RUNNER 4WD V6 - found: 6, pass primary filters: 2, did not pass the filter by color: 2, added: 0, new vincodes: 0
28-04-2012 08:10:39 --- INFO: Toyota RAV 4 - found: 6, pass primary filters: 3, did not pass the filter by color: 3, added: 0, new vincodes: 0
28-04-2012 08:10:40 --- INFO: Toyota Highlander 4WD - found: 12, pass primary filters: 0, did not pass the filter by color: 0, added: 0, new vincodes: 0
28-04-2012 08:10:40 --- INFO: Toyota Highlander - found: 12, pass primary filters: 0, did not pass the filter by color: 0, added: 0, new vincodes: 0
28-04-2012 08:10:40 --- INFO: Lexus RX 350 - found: 2, pass primary filters: 1, did not pass the filter by color: 1, added: 0, new vincodes: 0
28-04-2012 08:10:41 --- INFO: Toyota 4RUNNER Limited V6 - found: 6, pass primary filters: 0, did not pass the filter by color: 0, added: 0, new vincodes: 0
28-04-2012 08:10:41 --- INFO: finish: 28-04-2012 08:10:41
28-04-2012 08:10:41 --- INFO: elapsed time: ~39.47 sec., memory usage: ~2.07 Mb.
28-04-2012 09:10:01 --- INFO: start: 28-04-2012 09:10:01
28-04-2012 09:10:01 --- INFO: ----------Source_Adesa (cli)
28-04-2012 09:10:01 --- INFO: Authorized request
28-04-2012 09:10:09 --- INFO: Lexus RX 300 - found: 5, pass primary filters: 3, did not pass the filter by color: 3, added: 0, new vincodes: 0
28-04-2012 09:10:16 --- INFO: Lexus RX 330 - found: 6, pass primary filters: 4, did not pass the filter by color: 4, added: 0, new vincodes: 0
28-04-2012 09:10:16 --- INFO: Lexus RX 400H - found: 0, pass primary filters: 0, did not pass the filter by color: 0, added: 0, new vincodes: 0
28-04-2012 09:10:16 --- INFO: Lexus GX 470 - found: 2, pass primary filters: 0, did not pass the filter by color: 0, added: 0, new vincodes: 0
28-04-2012 09:10:29 --- INFO: Lexus GX 470 - found: 3, pass primary filters: 3, did not pass the filter by color: 2, added: 1, new vincodes: 0
28-04-2012 09:10:29 --- INFO: Lexus LX 470 - found: 0, pass primary filters: 0, did not pass the filter by color: 0, added: 0, new vincodes: 0
28-04-2012 09:10:29 --- INFO: Lexus LX 470 - found: 0, pass primary filters: 0, did not pass the filter by color: 0, added: 0, new vincodes: 0
28-04-2012 09:10:29 --- INFO: Toyota Land Cruiser - found: 1, pass primary filters: 0, did not pass the filter by color: 0, added: 0, new vincodes: 0
28-04-2012 09:10:29 --- INFO: Honda CR-V - found: 9, pass primary filters: 0, did not pass the filter by color: 0, added: 0, new vincodes: 0
28-04-2012 09:10:30 --- INFO: Honda CR-V - found: 0, pass primary filters: 0, did not pass the filter by color: 0, added: 0, new vincodes: 0
28-04-2012 09:10:36 --- INFO: Mitsubishi Montero 4WD Limited - found: 10, pass primary filters: 2, did not pass the filter by color: 2, added: 0, new vincodes: 0
28-04-2012 09:10:40 --- INFO: Toyota 4RUNNER 4WD V6 - found: 6, pass primary filters: 2, did not pass the filter by color: 2, added: 0, new vincodes: 0
28-04-2012 09:10:47 --- INFO: Toyota RAV 4 - found: 7, pass primary filters: 3, did not pass the filter by color: 3, added: 0, new vincodes: 0
28-04-2012 09:10:47 --- INFO: Toyota Highlander 4WD - found: 12, pass primary filters: 0, did not pass the filter by color: 0, added: 0, new vincodes: 0
28-04-2012 09:10:48 --- INFO: Toyota Highlander - found: 12, pass primary filters: 0, did not pass the filter by color: 0, added: 0, new vincodes: 0
28-04-2012 09:10:48 --- INFO: Lexus RX 350 - found: 2, pass primary filters: 1, did not pass the filter by color: 1, added: 0, new vincodes: 0
28-04-2012 09:10:48 --- INFO: Toyota 4RUNNER Limited V6 - found: 6, pass primary filters: 0, did not pass the filter by color: 0, added: 0, new vincodes: 0
28-04-2012 09:10:48 --- INFO: finish: 28-04-2012 09:10:48
28-04-2012 09:10:48 --- INFO: elapsed time: ~47.66 sec., memory usage: ~2.07 Mb.
28-04-2012 08:40:01 --- INFO: start: 28-04-2012 08:40:01
28-04-2012 08:40:01 --- INFO: ----------Source_Gsmotors (cli)
28-04-2012 08:42:17 --- INFO: Lexus RX 300 - found: 66, pass primary filters: 40, did not pass the filter by color: 30, added: 10, new vincodes: 0
28-04-2012 08:49:02 --- INFO: Lexus RX 330 - found: 209, pass primary filters: 99, did not pass the filter by color: 85, added: 14, new vincodes: 0
28-04-2012 08:50:28 --- INFO: Lexus RX 400H - found: 43, pass primary filters: 14, did not pass the filter by color: 13, added: 1, new vincodes: 0
28-04-2012 08:52:48 --- INFO: Lexus GX 470 - found: 66, pass primary filters: 45, did not pass the filter by color: 34, added: 11, new vincodes: 0
28-04-2012 08:57:28 --- INFO: Lexus GX 470 - found: 146, pass primary filters: 72, did not pass the filter by color: 49, added: 23, new vincodes: 0
28-04-2012 08:59:34 --- INFO: Lexus LX 470 - found: 63, pass primary filters: 49, did not pass the filter by color: 40, added: 9, new vincodes: 0
28-04-2012 09:00:10 --- INFO: Lexus LX 470 - found: 19, pass primary filters: 1, did not pass the filter by color: 1, added: 0, new vincodes: 0
28-04-2012 09:00:53 --- INFO: Toyota Land Cruiser - found: 24, pass primary filters: 19, did not pass the filter by color: 16, added: 3, new vincodes: 0
28-04-2012 09:03:02 --- INFO: Honda CR-V - found: 69, pass primary filters: 2, did not pass the filter by color: 0, added: 2, new vincodes: 0
28-04-2012 09:09:39 --- INFO: Honda CR-V - found: 199, pass primary filters: 1, did not pass the filter by color: 0, added: 1, new vincodes: 0
28-04-2012 09:11:21 --- INFO: Mitsubishi Montero 4WD Limited - found: 51, pass primary filters: 5, did not pass the filter by color: 5, added: 0, new vincodes: 0
28-04-2012 09:15:15 --- INFO: Toyota 4RUNNER 4WD V6 - found: 120, pass primary filters: 25, did not pass the filter by color: 20, added: 5, new vincodes: 0
28-04-2012 09:17:19 --- INFO: Toyota RAV 4 - found: 69, pass primary filters: 32, did not pass the filter by color: 21, added: 11, new vincodes: 0
28-04-2012 09:21:07 --- INFO: Toyota Highlander 4WD - found: 122, pass primary filters: 2, did not pass the filter by color: 0, added: 2, new vincodes: 0
28-04-2012 09:23:35 --- INFO: Toyota Highlander - found: 79, pass primary filters: 17, did not pass the filter by color: 11, added: 6, new vincodes: 0
28-04-2012 09:26:41 --- INFO: Lexus RX 350 - found: 93, pass primary filters: 18, did not pass the filter by color: 15, added: 3, new vincodes: 0
28-04-2012 09:30:40 --- INFO: Toyota 4RUNNER Limited V6 - found: 120, pass primary filters: 2, did not pass the filter by color: 1, added: 1, new vincodes: 0
28-04-2012 09:30:40 --- INFO: finish: 28-04-2012 09:30:40
28-04-2012 09:30:40 --- INFO: elapsed time: ~3038.86 sec., memory usage: ~5.36 Mb.
28-04-2012 10:00:01 --- INFO: start: 28-04-2012 10:00:01
28-04-2012 10:00:01 --- INFO: ----------Source_Adesa (cli)
28-04-2012 10:00:01 --- INFO: Authorized request
28-04-2012 10:00:10 --- INFO: Lexus RX 300 - found: 5, pass primary filters: 3, did not pass the filter by color: 3, added: 0, new vincodes: 0
28-04-2012 10:00:17 --- INFO: Lexus RX 330 - found: 6, pass primary filters: 4, did not pass the filter by color: 4, added: 0, new vincodes: 0
28-04-2012 10:00:17 --- INFO: Lexus RX 400H - found: 0, pass primary filters: 0, did not pass the filter by color: 0, added: 0, new vincodes: 0
28-04-2012 10:00:17 --- INFO: Lexus GX 470 - found: 2, pass primary filters: 0, did not pass the filter by color: 0, added: 0, new vincodes: 0
28-04-2012 10:00:19 --- INFO: Lexus GX 470 - found: 3, pass primary filters: 3, did not pass the filter by color: 2, added: 1, new vincodes: 0
28-04-2012 10:00:19 --- INFO: Lexus LX 470 - found: 0, pass primary filters: 0, did not pass the filter by color: 0, added: 0, new vincodes: 0
28-04-2012 10:00:19 --- INFO: Lexus LX 470 - found: 0, pass primary filters: 0, did not pass the filter by color: 0, added: 0, new vincodes: 0
28-04-2012 10:00:19 --- INFO: Toyota Land Cruiser - found: 1, pass primary filters: 0, did not pass the filter by color: 0, added: 0, new vincodes: 0
28-04-2012 10:00:20 --- INFO: Honda CR-V - found: 9, pass primary filters: 0, did not pass the filter by color: 0, added: 0, new vincodes: 0
28-04-2012 10:00:20 --- INFO: Honda CR-V - found: 0, pass primary filters: 0, did not pass the filter by color: 0, added: 0, new vincodes: 0
28-04-2012 10:00:27 --- INFO: Mitsubishi Montero 4WD Limited - found: 10, pass primary filters: 2, did not pass the filter by color: 2, added: 0, new vincodes: 0
28-04-2012 10:00:30 --- INFO: Toyota 4RUNNER 4WD V6 - found: 6, pass primary filters: 2, did not pass the filter by color: 2, added: 0, new vincodes: 0
28-04-2012 10:00:36 --- INFO: Toyota RAV 4 - found: 7, pass primary filters: 3, did not pass the filter by color: 3, added: 0, new vincodes: 0
28-04-2012 10:00:37 --- INFO: Toyota Highlander 4WD - found: 12, pass primary filters: 0, did not pass the filter by color: 0, added: 0, new vincodes: 0
28-04-2012 10:00:37 --- INFO: Toyota Highlander - found: 12, pass primary filters: 0, did not pass the filter by color: 0, added: 0, new vincodes: 0
28-04-2012 10:00:37 --- INFO: Lexus RX 350 - found: 2, pass primary filters: 1, did not pass the filter by color: 1, added: 0, new vincodes: 0
28-04-2012 10:00:38 --- INFO: Toyota 4RUNNER Limited V6 - found: 6, pass primary filters: 0, did not pass the filter by color: 0, added: 0, new vincodes: 0
28-04-2012 10:00:38 --- INFO: finish: 28-04-2012 10:00:38
28-04-2012 10:00:38 --- INFO: elapsed time: ~36.84 sec., memory usage: ~2.07 Mb.
28-04-2012 09:40:01 --- INFO: start: 28-04-2012 09:40:01
28-04-2012 09:40:01 --- INFO: ----------Source_Gsmotors (cli)
28-04-2012 09:42:17 --- INFO: Lexus RX 300 - found: 66, pass primary filters: 40, did not pass the filter by color: 30, added: 10, new vincodes: 0
28-04-2012 09:49:15 --- INFO: Lexus RX 330 - found: 209, pass primary filters: 99, did not pass the filter by color: 86, added: 13, new vincodes: 0
28-04-2012 09:50:43 --- INFO: Lexus RX 400H - found: 43, pass primary filters: 14, did not pass the filter by color: 13, added: 1, new vincodes: 0
28-04-2012 09:52:59 --- INFO: Lexus GX 470 - found: 66, pass primary filters: 45, did not pass the filter by color: 34, added: 11, new vincodes: 0
28-04-2012 09:58:08 --- INFO: Lexus GX 470 - found: 146, pass primary filters: 72, did not pass the filter by color: 49, added: 23, new vincodes: 0
28-04-2012 10:00:14 --- INFO: Lexus LX 470 - found: 63, pass primary filters: 49, did not pass the filter by color: 40, added: 9, new vincodes: 0
28-04-2012 10:00:51 --- INFO: Lexus LX 470 - found: 19, pass primary filters: 1, did not pass the filter by color: 1, added: 0, new vincodes: 0
28-04-2012 10:01:35 --- INFO: Toyota Land Cruiser - found: 24, pass primary filters: 19, did not pass the filter by color: 16, added: 3, new vincodes: 0
28-04-2012 10:03:46 --- INFO: Honda CR-V - found: 69, pass primary filters: 2, did not pass the filter by color: 0, added: 2, new vincodes: 0
28-04-2012 10:10:11 --- INFO: Honda CR-V - found: 199, pass primary filters: 1, did not pass the filter by color: 0, added: 1, new vincodes: 0
28-04-2012 10:11:57 --- INFO: Mitsubishi Montero 4WD Limited - found: 51, pass primary filters: 5, did not pass the filter by color: 5, added: 0, new vincodes: 0
28-04-2012 10:15:48 --- INFO: Toyota 4RUNNER 4WD V6 - found: 120, pass primary filters: 25, did not pass the filter by color: 20, added: 5, new vincodes: 0
28-04-2012 10:17:55 --- INFO: Toyota RAV 4 - found: 69, pass primary filters: 32, did not pass the filter by color: 21, added: 11, new vincodes: 0
28-04-2012 10:21:45 --- INFO: Toyota Highlander 4WD - found: 122, pass primary filters: 2, did not pass the filter by color: 0, added: 2, new vincodes: 0
28-04-2012 10:24:16 --- INFO: Toyota Highlander - found: 79, pass primary filters: 17, did not pass the filter by color: 11, added: 6, new vincodes: 0
28-04-2012 10:27:34 --- INFO: Lexus RX 350 - found: 93, pass primary filters: 18, did not pass the filter by color: 15, added: 3, new vincodes: 0
28-04-2012 10:31:29 --- INFO: Toyota 4RUNNER Limited V6 - found: 120, pass primary filters: 2, did not pass the filter by color: 1, added: 1, new vincodes: 0
28-04-2012 10:31:29 --- INFO: finish: 28-04-2012 10:31:29
28-04-2012 10:31:29 --- INFO: elapsed time: ~3087.62 sec., memory usage: ~5.37 Mb.
28-04-2012 11:10:01 --- INFO: start: 28-04-2012 11:10:01
28-04-2012 11:10:01 --- INFO: ----------Source_Adesa (cli)
28-04-2012 11:10:02 --- INFO: Authorized request
28-04-2012 11:10:11 --- INFO: Lexus RX 300 - found: 5, pass primary filters: 3, did not pass the filter by color: 3, added: 0, new vincodes: 0
28-04-2012 11:10:18 --- INFO: Lexus RX 330 - found: 7, pass primary filters: 4, did not pass the filter by color: 4, added: 0, new vincodes: 0
28-04-2012 11:10:18 --- INFO: Lexus RX 400H - found: 0, pass primary filters: 0, did not pass the filter by color: 0, added: 0, new vincodes: 0
28-04-2012 11:10:18 --- INFO: Lexus GX 470 - found: 2, pass primary filters: 0, did not pass the filter by color: 0, added: 0, new vincodes: 0
28-04-2012 11:11:01 --- INFO: Lexus GX 470 - found: 3, pass primary filters: 3, did not pass the filter by color: 2, added: 1, new vincodes: 0
28-04-2012 11:11:01 --- INFO: Lexus LX 470 - found: 0, pass primary filters: 0, did not pass the filter by color: 0, added: 0, new vincodes: 0
28-04-2012 11:11:02 --- INFO: Lexus LX 470 - found: 0, pass primary filters: 0, did not pass the filter by color: 0, added: 0, new vincodes: 0
28-04-2012 11:11:02 --- INFO: Toyota Land Cruiser - found: 1, pass primary filters: 0, did not pass the filter by color: 0, added: 0, new vincodes: 0
28-04-2012 11:11:02 --- INFO: Honda CR-V - found: 9, pass primary filters: 0, did not pass the filter by color: 0, added: 0, new vincodes: 0
28-04-2012 11:11:02 --- INFO: Honda CR-V - found: 0, pass primary filters: 0, did not pass the filter by color: 0, added: 0, new vincodes: 0
28-04-2012 11:11:09 --- INFO: Mitsubishi Montero 4WD Limited - found: 10, pass primary filters: 2, did not pass the filter by color: 2, added: 0, new vincodes: 0
28-04-2012 11:11:13 --- INFO: Toyota 4RUNNER 4WD V6 - found: 6, pass primary filters: 2, did not pass the filter by color: 2, added: 0, new vincodes: 0
28-04-2012 11:11:21 --- INFO: Toyota RAV 4 - found: 7, pass primary filters: 3, did not pass the filter by color: 3, added: 0, new vincodes: 0
28-04-2012 11:11:22 --- INFO: Toyota Highlander 4WD - found: 12, pass primary filters: 0, did not pass the filter by color: 0, added: 0, new vincodes: 0
28-04-2012 11:11:22 --- INFO: Toyota Highlander - found: 12, pass primary filters: 0, did not pass the filter by color: 0, added: 0, new vincodes: 0
28-04-2012 11:11:22 --- INFO: Lexus RX 350 - found: 2, pass primary filters: 1, did not pass the filter by color: 1, added: 0, new vincodes: 0
28-04-2012 11:11:23 --- INFO: Toyota 4RUNNER Limited V6 - found: 6, pass primary filters: 0, did not pass the filter by color: 0, added: 0, new vincodes: 0
28-04-2012 11:11:23 --- INFO: finish: 28-04-2012 11:11:23
28-04-2012 11:11:23 --- INFO: elapsed time: ~81.82 sec., memory usage: ~2.07 Mb.
28-04-2012 10:30:01 --- INFO: start: 28-04-2012 10:30:01
28-04-2012 10:30:01 --- INFO: ----------Source_Gsmotors (cli)
28-04-2012 10:32:20 --- INFO: Lexus RX 300 - found: 66, pass primary filters: 40, did not pass the filter by color: 30, added: 10, new vincodes: 0
28-04-2012 10:39:14 --- INFO: Lexus RX 330 - found: 209, pass primary filters: 99, did not pass the filter by color: 85, added: 14, new vincodes: 0
28-04-2012 10:40:48 --- INFO: Lexus RX 400H - found: 43, pass primary filters: 14, did not pass the filter by color: 13, added: 1, new vincodes: 0
28-04-2012 10:43:09 --- INFO: Lexus GX 470 - found: 66, pass primary filters: 45, did not pass the filter by color: 34, added: 11, new vincodes: 0
28-04-2012 10:48:02 --- INFO: Lexus GX 470 - found: 146, pass primary filters: 72, did not pass the filter by color: 49, added: 23, new vincodes: 0
28-04-2012 10:50:05 --- INFO: Lexus LX 470 - found: 63, pass primary filters: 49, did not pass the filter by color: 40, added: 9, new vincodes: 0
28-04-2012 10:50:41 --- INFO: Lexus LX 470 - found: 19, pass primary filters: 1, did not pass the filter by color: 1, added: 0, new vincodes: 0
28-04-2012 10:51:24 --- INFO: Toyota Land Cruiser - found: 24, pass primary filters: 19, did not pass the filter by color: 16, added: 3, new vincodes: 0
28-04-2012 10:53:33 --- INFO: Honda CR-V - found: 69, pass primary filters: 2, did not pass the filter by color: 0, added: 2, new vincodes: 0
28-04-2012 11:00:03 --- INFO: Honda CR-V - found: 199, pass primary filters: 1, did not pass the filter by color: 0, added: 1, new vincodes: 0
28-04-2012 11:01:45 --- INFO: Mitsubishi Montero 4WD Limited - found: 51, pass primary filters: 5, did not pass the filter by color: 5, added: 0, new vincodes: 0
28-04-2012 11:05:40 --- INFO: Toyota 4RUNNER 4WD V6 - found: 120, pass primary filters: 25, did not pass the filter by color: 20, added: 5, new vincodes: 0
28-04-2012 11:07:48 --- INFO: Toyota RAV 4 - found: 69, pass primary filters: 32, did not pass the filter by color: 21, added: 11, new vincodes: 0
28-04-2012 11:11:41 --- INFO: Toyota Highlander 4WD - found: 122, pass primary filters: 2, did not pass the filter by color: 0, added: 2, new vincodes: 0
28-04-2012 11:14:20 --- INFO: Toyota Highlander - found: 79, pass primary filters: 17, did not pass the filter by color: 11, added: 6, new vincodes: 0
28-04-2012 11:17:36 --- INFO: Lexus RX 350 - found: 93, pass primary filters: 18, did not pass the filter by color: 15, added: 3, new vincodes: 0
28-04-2012 11:21:34 --- INFO: Toyota 4RUNNER Limited V6 - found: 120, pass primary filters: 2, did not pass the filter by color: 1, added: 1, new vincodes: 0
28-04-2012 11:21:34 --- INFO: finish: 28-04-2012 11:21:34
28-04-2012 11:21:34 --- INFO: elapsed time: ~3092.67 sec., memory usage: ~5.37 Mb.
28-04-2012 11:40:01 --- INFO: start: 28-04-2012 11:40:01
28-04-2012 11:40:01 --- INFO: ----------Source_Gsmotors (cli)
28-04-2012 11:43:54 --- INFO: Lexus RX 300 - found: 72, pass primary filters: 43, did not pass the filter by color: 32, added: 11, new vincodes: 0
28-04-2012 11:55:03 --- INFO: Lexus RX 330 - found: 237, pass primary filters: 106, did not pass the filter by color: 91, added: 15, new vincodes: 2
28-04-2012 11:57:15 --- INFO: Lexus RX 400H - found: 48, pass primary filters: 14, did not pass the filter by color: 13, added: 1, new vincodes: 0
28-04-2012 12:00:25 --- INFO: Lexus GX 470 - found: 71, pass primary filters: 44, did not pass the filter by color: 33, added: 11, new vincodes: 0
28-04-2012 12:08:22 --- INFO: Lexus GX 470 - found: 163, pass primary filters: 80, did not pass the filter by color: 56, added: 24, new vincodes: 2
28-04-2012 12:11:35 --- INFO: Lexus LX 470 - found: 70, pass primary filters: 52, did not pass the filter by color: 43, added: 9, new vincodes: 0
28-04-2012 12:12:17 --- INFO: Lexus LX 470 - found: 21, pass primary filters: 1, did not pass the filter by color: 1, added: 0, new vincodes: 0
28-04-2012 12:13:40 --- INFO: Toyota Land Cruiser - found: 28, pass primary filters: 22, did not pass the filter by color: 18, added: 4, new vincodes: 1
28-04-2012 12:14:02 --- INFO: Honda CR-V - found: 73, pass primary filters: 0, did not pass the filter by color: 0, added: 0, new vincodes: 0
28-04-2012 12:14:02 --- ERROR: Request returns empty result
28-04-2012 12:14:02 --- INFO: Honda CR-V - found: 0, pass primary filters: 0, did not pass the filter by color: 0, added: 0, new vincodes: 0
28-04-2012 12:14:02 --- ERROR: Request returns empty result
28-04-2012 12:14:02 --- INFO: Mitsubishi Montero 4WD Limited - found: 0, pass primary filters: 0, did not pass the filter by color: 0, added: 0, new vincodes: 0
28-04-2012 12:14:02 --- ERROR: Request returns empty result
28-04-2012 12:14:02 --- INFO: Toyota 4RUNNER 4WD V6 - found: 0, pass primary filters: 0, did not pass the filter by color: 0, added: 0, new vincodes: 0
28-04-2012 12:14:03 --- ERROR: Request returns empty result
28-04-2012 12:14:03 --- INFO: Toyota RAV 4 - found: 0, pass primary filters: 0, did not pass the filter by color: 0, added: 0, new vincodes: 0
28-04-2012 12:14:03 --- ERROR: Request returns empty result
28-04-2012 12:14:03 --- INFO: Toyota Highlander 4WD - found: 0, pass primary filters: 0, did not pass the filter by color: 0, added: 0, new vincodes: 0
28-04-2012 12:14:03 --- ERROR: Request returns empty result
28-04-2012 12:14:03 --- INFO: Toyota Highlander - found: 0, pass primary filters: 0, did not pass the filter by color: 0, added: 0, new vincodes: 0
28-04-2012 12:14:03 --- ERROR: Request returns empty result
28-04-2012 12:14:03 --- INFO: Lexus RX 350 - found: 0, pass primary filters: 0, did not pass the filter by color: 0, added: 0, new vincodes: 0
28-04-2012 12:14:03 --- ERROR: Request returns empty result
28-04-2012 12:14:03 --- INFO: Toyota 4RUNNER Limited V6 - found: 0, pass primary filters: 0, did not pass the filter by color: 0, added: 0, new vincodes: 0
28-04-2012 12:14:03 --- INFO: finish: 28-04-2012 12:14:03
28-04-2012 12:14:03 --- INFO: elapsed time: ~2041.81 sec., memory usage: ~4.76 Mb.
28-04-2012 12:20:01 --- INFO: start: 28-04-2012 12:20:01
28-04-2012 12:20:01 --- INFO: ----------Source_Adesa (cli)
28-04-2012 12:20:03 --- INFO: Authorized request
28-04-2012 12:20:11 --- INFO: Lexus RX 300 - found: 5, pass primary filters: 3, did not pass the filter by color: 3, added: 0, new vincodes: 0
28-04-2012 12:20:18 --- INFO: Lexus RX 330 - found: 7, pass primary filters: 4, did not pass the filter by color: 4, added: 0, new vincodes: 0
28-04-2012 12:20:18 --- INFO: Lexus RX 400H - found: 0, pass primary filters: 0, did not pass the filter by color: 0, added: 0, new vincodes: 0
28-04-2012 12:20:19 --- INFO: Lexus GX 470 - found: 2, pass primary filters: 0, did not pass the filter by color: 0, added: 0, new vincodes: 0
28-04-2012 12:21:02 --- INFO: Lexus GX 470 - found: 3, pass primary filters: 3, did not pass the filter by color: 2, added: 1, new vincodes: 0
28-04-2012 12:21:02 --- INFO: Lexus LX 470 - found: 0, pass primary filters: 0, did not pass the filter by color: 0, added: 0, new vincodes: 0
28-04-2012 12:21:02 --- INFO: Lexus LX 470 - found: 0, pass primary filters: 0, did not pass the filter by color: 0, added: 0, new vincodes: 0
28-04-2012 12:21:02 --- INFO: Toyota Land Cruiser - found: 1, pass primary filters: 0, did not pass the filter by color: 0, added: 0, new vincodes: 0
28-04-2012 12:21:02 --- INFO: Honda CR-V - found: 9, pass primary filters: 0, did not pass the filter by color: 0, added: 0, new vincodes: 0
28-04-2012 12:21:03 --- INFO: Honda CR-V - found: 0, pass primary filters: 0, did not pass the filter by color: 0, added: 0, new vincodes: 0
28-04-2012 12:21:09 --- INFO: Mitsubishi Montero 4WD Limited - found: 10, pass primary filters: 2, did not pass the filter by color: 2, added: 0, new vincodes: 0
28-04-2012 12:21:13 --- INFO: Toyota 4RUNNER 4WD V6 - found: 7, pass primary filters: 2, did not pass the filter by color: 2, added: 0, new vincodes: 0
28-04-2012 12:21:19 --- INFO: Toyota RAV 4 - found: 9, pass primary filters: 3, did not pass the filter by color: 3, added: 0, new vincodes: 0
28-04-2012 12:21:20 --- INFO: Toyota Highlander 4WD - found: 12, pass primary filters: 0, did not pass the filter by color: 0, added: 0, new vincodes: 0
28-04-2012 12:21:20 --- INFO: Toyota Highlander - found: 12, pass primary filters: 0, did not pass the filter by color: 0, added: 0, new vincodes: 0
28-04-2012 12:21:21 --- INFO: Lexus RX 350 - found: 2, pass primary filters: 1, did not pass the filter by color: 1, added: 0, new vincodes: 0
28-04-2012 12:21:21 --- INFO: Toyota 4RUNNER Limited V6 - found: 7, pass primary filters: 0, did not pass the filter by color: 0, added: 0, new vincodes: 0
28-04-2012 12:21:21 --- INFO: finish: 28-04-2012 12:21:21
28-04-2012 12:21:21 --- INFO: elapsed time: ~79.98 sec., memory usage: ~2.07 Mb.
28-04-2012 13:20:01 --- INFO: start: 28-04-2012 13:20:01
28-04-2012 13:20:01 --- INFO: ----------Source_Adesa (cli)
28-04-2012 13:20:01 --- INFO: Authorized request
28-04-2012 13:20:09 --- INFO: Lexus RX 300 - found: 5, pass primary filters: 3, did not pass the filter by color: 3, added: 0, new vincodes: 0
28-04-2012 13:20:16 --- INFO: Lexus RX 330 - found: 7, pass primary filters: 4, did not pass the filter by color: 4, added: 0, new vincodes: 0
28-04-2012 13:20:17 --- INFO: Lexus RX 400H - found: 0, pass primary filters: 0, did not pass the filter by color: 0, added: 0, new vincodes: 0
28-04-2012 13:20:17 --- INFO: Lexus GX 470 - found: 2, pass primary filters: 0, did not pass the filter by color: 0, added: 0, new vincodes: 0
28-04-2012 13:20:20 --- INFO: Lexus GX 470 - found: 3, pass primary filters: 3, did not pass the filter by color: 2, added: 1, new vincodes: 0
28-04-2012 13:20:20 --- INFO: Lexus LX 470 - found: 0, pass primary filters: 0, did not pass the filter by color: 0, added: 0, new vincodes: 0
28-04-2012 13:20:20 --- INFO: Lexus LX 470 - found: 0, pass primary filters: 0, did not pass the filter by color: 0, added: 0, new vincodes: 0
28-04-2012 13:20:20 --- INFO: Toyota Land Cruiser - found: 1, pass primary filters: 0, did not pass the filter by color: 0, added: 0, new vincodes: 0
28-04-2012 13:20:21 --- INFO: Honda CR-V - found: 9, pass primary filters: 0, did not pass the filter by color: 0, added: 0, new vincodes: 0
28-04-2012 13:20:21 --- INFO: Honda CR-V - found: 0, pass primary filters: 0, did not pass the filter by color: 0, added: 0, new vincodes: 0
28-04-2012 13:20:28 --- INFO: Mitsubishi Montero 4WD Limited - found: 10, pass primary filters: 2, did not pass the filter by color: 2, added: 0, new vincodes: 0
28-04-2012 13:20:31 --- INFO: Toyota 4RUNNER 4WD V6 - found: 7, pass primary filters: 2, did not pass the filter by color: 2, added: 0, new vincodes: 0
28-04-2012 13:20:38 --- INFO: Toyota RAV 4 - found: 9, pass primary filters: 3, did not pass the filter by color: 3, added: 0, new vincodes: 0
28-04-2012 13:20:38 --- INFO: Toyota Highlander 4WD - found: 12, pass primary filters: 0, did not pass the filter by color: 0, added: 0, new vincodes: 0
28-04-2012 13:20:38 --- INFO: Toyota Highlander - found: 12, pass primary filters: 0, did not pass the filter by color: 0, added: 0, new vincodes: 0
28-04-2012 13:20:39 --- INFO: Lexus RX 350 - found: 2, pass primary filters: 1, did not pass the filter by color: 1, added: 0, new vincodes: 0
28-04-2012 13:20:39 --- INFO: Toyota 4RUNNER Limited V6 - found: 7, pass primary filters: 0, did not pass the filter by color: 0, added: 0, new vincodes: 0
28-04-2012 13:20:39 --- INFO: finish: 28-04-2012 13:20:39
28-04-2012 13:20:39 --- INFO: elapsed time: ~38.69 sec., memory usage: ~2.07 Mb.
28-04-2012 12:50:01 --- INFO: start: 28-04-2012 12:50:01
28-04-2012 12:50:01 --- INFO: ----------Source_Gsmotors (cli)
28-04-2012 12:52:24 --- INFO: Lexus RX 300 - found: 72, pass primary filters: 43, did not pass the filter by color: 32, added: 11, new vincodes: 0
28-04-2012 12:59:42 --- INFO: Lexus RX 330 - found: 237, pass primary filters: 106, did not pass the filter by color: 91, added: 15, new vincodes: 0
28-04-2012 13:01:14 --- INFO: Lexus RX 400H - found: 48, pass primary filters: 14, did not pass the filter by color: 13, added: 1, new vincodes: 0
28-04-2012 13:03:28 --- INFO: Lexus GX 470 - found: 71, pass primary filters: 44, did not pass the filter by color: 33, added: 11, new vincodes: 0
28-04-2012 13:08:39 --- INFO: Lexus GX 470 - found: 163, pass primary filters: 80, did not pass the filter by color: 55, added: 25, new vincodes: 0
28-04-2012 13:10:56 --- INFO: Lexus LX 470 - found: 70, pass primary filters: 52, did not pass the filter by color: 43, added: 9, new vincodes: 0
28-04-2012 13:11:36 --- INFO: Lexus LX 470 - found: 21, pass primary filters: 1, did not pass the filter by color: 1, added: 0, new vincodes: 0
28-04-2012 13:12:32 --- INFO: Toyota Land Cruiser - found: 28, pass primary filters: 22, did not pass the filter by color: 18, added: 4, new vincodes: 0
28-04-2012 13:15:35 --- INFO: Honda CR-V - found: 73, pass primary filters: 2, did not pass the filter by color: 0, added: 2, new vincodes: 0
28-04-2012 13:26:09 --- INFO: Honda CR-V - found: 212, pass primary filters: 2, did not pass the filter by color: 0, added: 2, new vincodes: 1
28-04-2012 13:28:49 --- INFO: Mitsubishi Montero 4WD Limited - found: 53, pass primary filters: 5, did not pass the filter by color: 5, added: 0, new vincodes: 0
28-04-2012 13:36:23 --- INFO: Toyota 4RUNNER 4WD V6 - found: 126, pass primary filters: 25, did not pass the filter by color: 20, added: 5, new vincodes: 0
28-04-2012 13:39:37 --- INFO: Toyota RAV 4 - found: 72, pass primary filters: 33, did not pass the filter by color: 22, added: 11, new vincodes: 0
28-04-2012 13:47:02 --- INFO: Toyota Highlander 4WD - found: 140, pass primary filters: 3, did not pass the filter by color: 0, added: 3, new vincodes: 0
28-04-2012 13:50:39 --- INFO: Toyota Highlander - found: 94, pass primary filters: 24, did not pass the filter by color: 7, added: 17, new vincodes: 4
28-04-2012 13:55:10 --- INFO: Lexus RX 350 - found: 98, pass primary filters: 18, did not pass the filter by color: 15, added: 3, new vincodes: 0
28-04-2012 13:59:25 --- INFO: Toyota 4RUNNER Limited V6 - found: 126, pass primary filters: 2, did not pass the filter by color: 1, added: 1, new vincodes: 0
28-04-2012 13:59:25 --- INFO: finish: 28-04-2012 13:59:25
28-04-2012 13:59:25 --- INFO: elapsed time: ~4164.01 sec., memory usage: ~5.66 Mb.
28-04-2012 13:50:01 --- INFO: start: 28-04-2012 13:50:01
28-04-2012 13:50:01 --- INFO: ----------Source_Gsmotors (cli)
28-04-2012 13:52:18 --- INFO: Lexus RX 300 - found: 72, pass primary filters: 43, did not pass the filter by color: 32, added: 11, new vincodes: 0
28-04-2012 14:00:15 --- INFO: Lexus RX 330 - found: 237, pass primary filters: 106, did not pass the filter by color: 91, added: 15, new vincodes: 0
28-04-2012 14:01:48 --- INFO: Lexus RX 400H - found: 48, pass primary filters: 14, did not pass the filter by color: 13, added: 1, new vincodes: 0
28-04-2012 14:04:05 --- INFO: Lexus GX 470 - found: 71, pass primary filters: 44, did not pass the filter by color: 33, added: 11, new vincodes: 0
28-04-2012 14:09:19 --- INFO: Lexus GX 470 - found: 163, pass primary filters: 80, did not pass the filter by color: 55, added: 25, new vincodes: 0
28-04-2012 14:11:28 --- INFO: Lexus LX 470 - found: 70, pass primary filters: 52, did not pass the filter by color: 43, added: 9, new vincodes: 0
28-04-2012 14:12:09 --- INFO: Lexus LX 470 - found: 21, pass primary filters: 1, did not pass the filter by color: 1, added: 0, new vincodes: 0
28-04-2012 14:13:02 --- INFO: Toyota Land Cruiser - found: 28, pass primary filters: 22, did not pass the filter by color: 18, added: 4, new vincodes: 0
28-04-2012 14:15:13 --- INFO: Honda CR-V - found: 73, pass primary filters: 2, did not pass the filter by color: 0, added: 2, new vincodes: 0
28-04-2012 14:22:04 --- INFO: Honda CR-V - found: 212, pass primary filters: 2, did not pass the filter by color: 0, added: 2, new vincodes: 0
28-04-2012 14:23:48 --- INFO: Mitsubishi Montero 4WD Limited - found: 53, pass primary filters: 5, did not pass the filter by color: 5, added: 0, new vincodes: 0
28-04-2012 14:27:46 --- INFO: Toyota 4RUNNER 4WD V6 - found: 126, pass primary filters: 25, did not pass the filter by color: 20, added: 5, new vincodes: 0
28-04-2012 14:29:56 --- INFO: Toyota RAV 4 - found: 72, pass primary filters: 33, did not pass the filter by color: 22, added: 11, new vincodes: 0
28-04-2012 14:34:20 --- INFO: Toyota Highlander 4WD - found: 140, pass primary filters: 3, did not pass the filter by color: 0, added: 3, new vincodes: 0
28-04-2012 14:37:14 --- INFO: Toyota Highlander - found: 94, pass primary filters: 24, did not pass the filter by color: 16, added: 8, new vincodes: 0
28-04-2012 14:40:24 --- INFO: Lexus RX 350 - found: 98, pass primary filters: 18, did not pass the filter by color: 15, added: 3, new vincodes: 0
28-04-2012 14:44:28 --- INFO: Toyota 4RUNNER Limited V6 - found: 126, pass primary filters: 2, did not pass the filter by color: 1, added: 1, new vincodes: 0
28-04-2012 14:44:28 --- INFO: finish: 28-04-2012 14:44:28
28-04-2012 14:44:28 --- INFO: elapsed time: ~3266.98 sec., memory usage: ~5.64 Mb.
28-04-2012 16:10:01 --- INFO: start: 28-04-2012 16:10:01
28-04-2012 16:10:01 --- INFO: ----------Source_Adesa (cli)
28-04-2012 16:10:03 --- INFO: Authorized request
28-04-2012 16:10:12 --- INFO: Lexus RX 300 - found: 5, pass primary filters: 3, did not pass the filter by color: 3, added: 0, new vincodes: 0
28-04-2012 16:10:19 --- INFO: Lexus RX 330 - found: 7, pass primary filters: 4, did not pass the filter by color: 4, added: 0, new vincodes: 0
28-04-2012 16:10:19 --- INFO: Lexus RX 400H - found: 0, pass primary filters: 0, did not pass the filter by color: 0, added: 0, new vincodes: 0
28-04-2012 16:10:20 --- INFO: Lexus GX 470 - found: 2, pass primary filters: 0, did not pass the filter by color: 0, added: 0, new vincodes: 0
28-04-2012 16:10:23 --- INFO: Lexus GX 470 - found: 3, pass primary filters: 3, did not pass the filter by color: 2, added: 1, new vincodes: 0
28-04-2012 16:10:23 --- INFO: Lexus LX 470 - found: 0, pass primary filters: 0, did not pass the filter by color: 0, added: 0, new vincodes: 0
28-04-2012 16:10:23 --- INFO: Lexus LX 470 - found: 0, pass primary filters: 0, did not pass the filter by color: 0, added: 0, new vincodes: 0
28-04-2012 16:10:23 --- INFO: Toyota Land Cruiser - found: 1, pass primary filters: 0, did not pass the filter by color: 0, added: 0, new vincodes: 0
28-04-2012 16:10:24 --- INFO: Honda CR-V - found: 9, pass primary filters: 0, did not pass the filter by color: 0, added: 0, new vincodes: 0
28-04-2012 16:10:24 --- INFO: Honda CR-V - found: 0, pass primary filters: 0, did not pass the filter by color: 0, added: 0, new vincodes: 0
28-04-2012 16:10:31 --- INFO: Mitsubishi Montero 4WD Limited - found: 10, pass primary filters: 2, did not pass the filter by color: 2, added: 0, new vincodes: 0
28-04-2012 16:10:34 --- INFO: Toyota 4RUNNER 4WD V6 - found: 7, pass primary filters: 2, did not pass the filter by color: 2, added: 0, new vincodes: 0
28-04-2012 16:10:43 --- INFO: Toyota RAV 4 - found: 9, pass primary filters: 3, did not pass the filter by color: 3, added: 0, new vincodes: 0
28-04-2012 16:10:43 --- INFO: Toyota Highlander 4WD - found: 12, pass primary filters: 0, did not pass the filter by color: 0, added: 0, new vincodes: 0
28-04-2012 16:10:43 --- INFO: Toyota Highlander - found: 12, pass primary filters: 0, did not pass the filter by color: 0, added: 0, new vincodes: 0
28-04-2012 16:10:44 --- INFO: Lexus RX 350 - found: 2, pass primary filters: 1, did not pass the filter by color: 1, added: 0, new vincodes: 0
28-04-2012 16:10:44 --- INFO: Toyota 4RUNNER Limited V6 - found: 7, pass primary filters: 0, did not pass the filter by color: 0, added: 0, new vincodes: 0
28-04-2012 16:10:44 --- INFO: finish: 28-04-2012 16:10:44
28-04-2012 16:10:44 --- INFO: elapsed time: ~42.74 sec., memory usage: ~2.07 Mb.
28-04-2012 16:40:01 --- INFO: start: 28-04-2012 16:40:01
28-04-2012 16:40:01 --- INFO: ----------Source_Gsmotors (cli)
28-04-2012 16:44:18 --- INFO: Lexus RX 300 - found: 78, pass primary filters: 44, did not pass the filter by color: 33, added: 11, new vincodes: 1
28-04-2012 16:56:27 --- INFO: Lexus RX 330 - found: 248, pass primary filters: 108, did not pass the filter by color: 94, added: 14, new vincodes: 0
28-04-2012 16:58:50 --- INFO: Lexus RX 400H - found: 47, pass primary filters: 13, did not pass the filter by color: 12, added: 1, new vincodes: 0
28-04-2012 17:02:17 --- INFO: Lexus GX 470 - found: 73, pass primary filters: 43, did not pass the filter by color: 32, added: 11, new vincodes: 0
28-04-2012 17:11:45 --- INFO: Lexus GX 470 - found: 170, pass primary filters: 80, did not pass the filter by color: 54, added: 26, new vincodes: 0
28-04-2012 17:15:07 --- INFO: Lexus LX 470 - found: 73, pass primary filters: 52, did not pass the filter by color: 43, added: 9, new vincodes: 0
28-04-2012 17:15:48 --- INFO: Lexus LX 470 - found: 23, pass primary filters: 1, did not pass the filter by color: 1, added: 0, new vincodes: 0
28-04-2012 17:17:13 --- INFO: Toyota Land Cruiser - found: 31, pass primary filters: 22, did not pass the filter by color: 18, added: 4, new vincodes: 0
28-04-2012 17:20:34 --- INFO: Honda CR-V - found: 74, pass primary filters: 2, did not pass the filter by color: 0, added: 2, new vincodes: 0
28-04-2012 17:31:46 --- INFO: Honda CR-V - found: 215, pass primary filters: 2, did not pass the filter by color: 0, added: 2, new vincodes: 0
28-04-2012 17:34:36 --- INFO: Mitsubishi Montero 4WD Limited - found: 54, pass primary filters: 5, did not pass the filter by color: 5, added: 0, new vincodes: 0
28-04-2012 17:41:27 --- INFO: Toyota 4RUNNER 4WD V6 - found: 137, pass primary filters: 27, did not pass the filter by color: 22, added: 5, new vincodes: 0
28-04-2012 17:45:19 --- INFO: Toyota RAV 4 - found: 74, pass primary filters: 35, did not pass the filter by color: 24, added: 11, new vincodes: 1
28-04-2012 17:52:16 --- INFO: Toyota Highlander 4WD - found: 148, pass primary filters: 3, did not pass the filter by color: 0, added: 3, new vincodes: 0
28-04-2012 17:55:10 --- INFO: Toyota Highlander - found: 100, pass primary filters: 23, did not pass the filter by color: 15, added: 8, new vincodes: 0
28-04-2012 18:00:25 --- INFO: Lexus RX 350 - found: 98, pass primary filters: 18, did not pass the filter by color: 15, added: 3, new vincodes: 0
28-04-2012 18:04:38 --- INFO: Toyota 4RUNNER Limited V6 - found: 137, pass primary filters: 2, did not pass the filter by color: 1, added: 1, new vincodes: 0
28-04-2012 18:04:38 --- INFO: finish: 28-04-2012 18:04:38
28-04-2012 18:04:38 --- INFO: elapsed time: ~5077.17 sec., memory usage: ~5.72 Mb.
28-04-2012 18:10:01 --- INFO: start: 28-04-2012 18:10:01
28-04-2012 18:10:01 --- INFO: ----------Source_Adesa (cli)
28-04-2012 18:10:03 --- INFO: Authorized request
28-04-2012 18:10:11 --- INFO: Lexus RX 300 - found: 5, pass primary filters: 3, did not pass the filter by color: 3, added: 0, new vincodes: 0
28-04-2012 18:10:18 --- INFO: Lexus RX 330 - found: 7, pass primary filters: 4, did not pass the filter by color: 4, added: 0, new vincodes: 0
28-04-2012 18:10:18 --- INFO: Lexus RX 400H - found: 0, pass primary filters: 0, did not pass the filter by color: 0, added: 0, new vincodes: 0
28-04-2012 18:10:18 --- INFO: Lexus GX 470 - found: 2, pass primary filters: 0, did not pass the filter by color: 0, added: 0, new vincodes: 0
28-04-2012 18:10:21 --- INFO: Lexus GX 470 - found: 3, pass primary filters: 3, did not pass the filter by color: 2, added: 1, new vincodes: 0
28-04-2012 18:10:21 --- INFO: Lexus LX 470 - found: 0, pass primary filters: 0, did not pass the filter by color: 0, added: 0, new vincodes: 0
28-04-2012 18:10:21 --- INFO: Lexus LX 470 - found: 0, pass primary filters: 0, did not pass the filter by color: 0, added: 0, new vincodes: 0
28-04-2012 18:10:21 --- INFO: Toyota Land Cruiser - found: 1, pass primary filters: 0, did not pass the filter by color: 0, added: 0, new vincodes: 0
28-04-2012 18:10:22 --- INFO: Honda CR-V - found: 9, pass primary filters: 0, did not pass the filter by color: 0, added: 0, new vincodes: 0
28-04-2012 18:10:22 --- INFO: Honda CR-V - found: 0, pass primary filters: 0, did not pass the filter by color: 0, added: 0, new vincodes: 0
28-04-2012 18:10:29 --- INFO: Mitsubishi Montero 4WD Limited - found: 10, pass primary filters: 2, did not pass the filter by color: 2, added: 0, new vincodes: 0
28-04-2012 18:10:33 --- INFO: Toyota 4RUNNER 4WD V6 - found: 7, pass primary filters: 2, did not pass the filter by color: 2, added: 0, new vincodes: 0
28-04-2012 18:10:38 --- INFO: Toyota RAV 4 - found: 9, pass primary filters: 3, did not pass the filter by color: 3, added: 0, new vincodes: 0
28-04-2012 18:10:39 --- INFO: Toyota Highlander 4WD - found: 12, pass primary filters: 0, did not pass the filter by color: 0, added: 0, new vincodes: 0
28-04-2012 18:10:39 --- INFO: Toyota Highlander - found: 12, pass primary filters: 0, did not pass the filter by color: 0, added: 0, new vincodes: 0
28-04-2012 18:10:39 --- INFO: Lexus RX 350 - found: 2, pass primary filters: 1, did not pass the filter by color: 1, added: 0, new vincodes: 0
28-04-2012 18:10:39 --- INFO: Toyota 4RUNNER Limited V6 - found: 7, pass primary filters: 0, did not pass the filter by color: 0, added: 0, new vincodes: 0
28-04-2012 18:10:39 --- INFO: finish: 28-04-2012 18:10:39
28-04-2012 18:10:39 --- INFO: elapsed time: ~38.26 sec., memory usage: ~2.07 Mb.
28-04-2012 18:40:01 --- INFO: start: 28-04-2012 18:40:01
28-04-2012 18:40:01 --- INFO: ----------Source_Gsmotors (cli)
28-04-2012 18:42:31 --- INFO: Lexus RX 300 - found: 78, pass primary filters: 44, did not pass the filter by color: 33, added: 11, new vincodes: 0
28-04-2012 18:49:59 --- INFO: Lexus RX 330 - found: 248, pass primary filters: 108, did not pass the filter by color: 94, added: 14, new vincodes: 0
28-04-2012 18:51:27 --- INFO: Lexus RX 400H - found: 47, pass primary filters: 13, did not pass the filter by color: 12, added: 1, new vincodes: 0
28-04-2012 18:53:41 --- INFO: Lexus GX 470 - found: 73, pass primary filters: 43, did not pass the filter by color: 32, added: 11, new vincodes: 0
28-04-2012 18:59:02 --- INFO: Lexus GX 470 - found: 170, pass primary filters: 80, did not pass the filter by color: 54, added: 26, new vincodes: 0
28-04-2012 19:01:29 --- INFO: Lexus LX 470 - found: 73, pass primary filters: 52, did not pass the filter by color: 43, added: 9, new vincodes: 0
28-04-2012 19:02:10 --- INFO: Lexus LX 470 - found: 23, pass primary filters: 1, did not pass the filter by color: 1, added: 0, new vincodes: 0
28-04-2012 19:03:09 --- INFO: Toyota Land Cruiser - found: 31, pass primary filters: 22, did not pass the filter by color: 18, added: 4, new vincodes: 0
28-04-2012 19:05:30 --- INFO: Honda CR-V - found: 74, pass primary filters: 2, did not pass the filter by color: 0, added: 2, new vincodes: 0
28-04-2012 19:12:42 --- INFO: Honda CR-V - found: 215, pass primary filters: 2, did not pass the filter by color: 0, added: 2, new vincodes: 0
28-04-2012 19:14:40 --- INFO: Mitsubishi Montero 4WD Limited - found: 54, pass primary filters: 5, did not pass the filter by color: 5, added: 0, new vincodes: 0
28-04-2012 19:19:23 --- INFO: Toyota 4RUNNER 4WD V6 - found: 137, pass primary filters: 27, did not pass the filter by color: 22, added: 5, new vincodes: 0
28-04-2012 19:21:50 --- INFO: Toyota RAV 4 - found: 74, pass primary filters: 35, did not pass the filter by color: 24, added: 11, new vincodes: 0
28-04-2012 19:26:32 --- INFO: Toyota Highlander 4WD - found: 148, pass primary filters: 3, did not pass the filter by color: 0, added: 3, new vincodes: 0
28-04-2012 19:29:45 --- INFO: Toyota Highlander - found: 100, pass primary filters: 23, did not pass the filter by color: 15, added: 8, new vincodes: 0
28-04-2012 19:33:22 --- INFO: Lexus RX 350 - found: 98, pass primary filters: 18, did not pass the filter by color: 15, added: 3, new vincodes: 0
28-04-2012 19:38:02 --- INFO: Toyota 4RUNNER Limited V6 - found: 137, pass primary filters: 2, did not pass the filter by color: 1, added: 1, new vincodes: 0
28-04-2012 19:38:02 --- INFO: finish: 28-04-2012 19:38:02
28-04-2012 19:38:02 --- INFO: elapsed time: ~3481.46 sec., memory usage: ~5.65 Mb.