
30-06-2012 06:10:01 --- INFO: start: 30-06-2012 06:10:01
30-06-2012 06:10:01 --- INFO: ----------Source_Adesa (cli)
30-06-2012 06:10:02 --- INFO: Authorized request
30-06-2012 06:10:08 --- INFO: Lexus RX 330 - found: 11, pass primary filters: 6, did not pass the filter by colors: 6, did not pass the filter by options: 0, added: 0, new vincodes: 0
30-06-2012 06:10:12 --- INFO: Lexus RX 400H - found: 2, pass primary filters: 1, did not pass the filter by colors: 1, did not pass the filter by options: 0, added: 0, new vincodes: 0
30-06-2012 06:10:21 --- INFO: Lexus GX 470 - found: 4, pass primary filters: 3, did not pass the filter by colors: 2, did not pass the filter by options: 1, added: 0, new vincodes: 0
30-06-2012 06:10:24 --- INFO: Lexus GX 470 - found: 1, pass primary filters: 1, did not pass the filter by colors: 1, did not pass the filter by options: 0, added: 0, new vincodes: 0
30-06-2012 06:10:25 --- INFO: Lexus LX 470 - found: 1, pass primary filters: 0, did not pass the filter by colors: 0, did not pass the filter by options: 0, added: 0, new vincodes: 0
30-06-2012 06:10:25 --- INFO: Lexus LX 470 - found: 1, pass primary filters: 0, did not pass the filter by colors: 0, did not pass the filter by options: 0, added: 0, new vincodes: 0
30-06-2012 06:10:25 --- INFO: Toyota Land Cruiser - found: 1, pass primary filters: 0, did not pass the filter by colors: 0, did not pass the filter by options: 0, added: 0, new vincodes: 0
30-06-2012 06:10:32 --- INFO: Toyota 4RUNNER 4WD V6 - found: 6, pass primary filters: 2, did not pass the filter by colors: 2, did not pass the filter by options: 0, added: 0, new vincodes: 0
30-06-2012 06:10:32 --- INFO: Toyota Highlander 4WD - found: 7, pass primary filters: 0, did not pass the filter by colors: 0, did not pass the filter by options: 0, added: 0, new vincodes: 0
30-06-2012 06:10:32 --- INFO: Toyota Highlander - found: 1, pass primary filters: 0, did not pass the filter by colors: 0, did not pass the filter by options: 0, added: 0, new vincodes: 0
30-06-2012 06:10:40 --- INFO: Lexus RX 350 - found: 4, pass primary filters: 3, did not pass the filter by colors: 2, did not pass the filter by options: 1, added: 0, new vincodes: 0
30-06-2012 06:10:40 --- INFO: Toyota 4RUNNER Limited V6 - found: 10, pass primary filters: 0, did not pass the filter by colors: 0, did not pass the filter by options: 0, added: 0, new vincodes: 0
30-06-2012 06:10:40 --- INFO: finish: 30-06-2012 06:10:40
30-06-2012 06:10:40 --- INFO: elapsed time: ~38.8 sec., memory usage: ~2.16 Mb.
30-06-2012 06:40:01 --- INFO: start: 30-06-2012 06:40:01
30-06-2012 06:40:01 --- INFO: ----------Source_Megaavto (cli)
30-06-2012 06:45:29 --- INFO: Lexus RX 330 - found: 145, pass primary filters: 82, did not pass the filter by colors: 78, did not pass the filter by options: 1, added: 3, new vincodes: 2
30-06-2012 06:46:55 --- INFO: Lexus RX 400H - found: 38, pass primary filters: 10, did not pass the filter by colors: 10, did not pass the filter by options: 0, added: 0, new vincodes: 0
30-06-2012 06:49:51 --- INFO: Lexus GX 470 - found: 78, pass primary filters: 56, did not pass the filter by colors: 53, did not pass the filter by options: 2, added: 1, new vincodes: 0
30-06-2012 06:55:18 --- INFO: Lexus GX 470 - found: 137, pass primary filters: 68, did not pass the filter by colors: 48, did not pass the filter by options: 12, added: 8, new vincodes: 1
30-06-2012 06:57:19 --- INFO: Lexus LX 470 - found: 52, pass primary filters: 39, did not pass the filter by colors: 36, did not pass the filter by options: , added: 3, new vincodes: 2
30-06-2012 06:57:41 --- INFO: Lexus LX 470 - found: 22, pass primary filters: 6, did not pass the filter by colors: 6, did not pass the filter by options: , added: 0, new vincodes: 0
30-06-2012 06:58:41 --- INFO: Toyota Land Cruiser - found: 27, pass primary filters: 19, did not pass the filter by colors: 19, did not pass the filter by options: 0, added: 0, new vincodes: 1
30-06-2012 07:01:36 --- INFO: Toyota 4RUNNER 4WD V6 - found: 80, pass primary filters: 28, did not pass the filter by colors: 27, did not pass the filter by options: 0, added: 1, new vincodes: 3
30-06-2012 07:06:46 --- INFO: Toyota Highlander 4WD - found: 153, pass primary filters: 5, did not pass the filter by colors: 5, did not pass the filter by options: 0, added: 0, new vincodes: 0
30-06-2012 07:10:58 --- INFO: Toyota Highlander - found: 110, pass primary filters: 0, did not pass the filter by colors: 0, did not pass the filter by options: , added: 0, new vincodes: 0
30-06-2012 07:14:41 --- INFO: Lexus RX 350 - found: 84, pass primary filters: 21, did not pass the filter by colors: 20, did not pass the filter by options: 0, added: 1, new vincodes: 0
30-06-2012 07:18:57 --- INFO: Toyota 4RUNNER Limited V6 - found: 148, pass primary filters: 4, did not pass the filter by colors: 4, did not pass the filter by options: , added: 0, new vincodes: 0
30-06-2012 07:18:57 --- INFO: finish: 30-06-2012 07:18:57
30-06-2012 07:18:57 --- INFO: elapsed time: ~2336.6 sec., memory usage: ~4.75 Mb.
30-06-2012 08:10:01 --- INFO: start: 30-06-2012 08:10:01
30-06-2012 08:10:01 --- INFO: ----------Source_Adesa (cli)
30-06-2012 08:10:03 --- INFO: Authorized request
30-06-2012 08:10:10 --- INFO: Lexus RX 330 - found: 11, pass primary filters: 6, did not pass the filter by colors: 6, did not pass the filter by options: 0, added: 0, new vincodes: 0
30-06-2012 08:10:13 --- INFO: Lexus RX 400H - found: 2, pass primary filters: 1, did not pass the filter by colors: 1, did not pass the filter by options: 0, added: 0, new vincodes: 0
30-06-2012 08:10:23 --- INFO: Lexus GX 470 - found: 5, pass primary filters: 4, did not pass the filter by colors: 3, did not pass the filter by options: 1, added: 0, new vincodes: 0
30-06-2012 08:10:27 --- INFO: Lexus GX 470 - found: 1, pass primary filters: 1, did not pass the filter by colors: 1, did not pass the filter by options: 0, added: 0, new vincodes: 0
30-06-2012 08:10:27 --- INFO: Lexus LX 470 - found: 1, pass primary filters: 0, did not pass the filter by colors: 0, did not pass the filter by options: 0, added: 0, new vincodes: 0
30-06-2012 08:10:27 --- INFO: Lexus LX 470 - found: 1, pass primary filters: 0, did not pass the filter by colors: 0, did not pass the filter by options: 0, added: 0, new vincodes: 0
30-06-2012 08:10:27 --- INFO: Toyota Land Cruiser - found: 1, pass primary filters: 0, did not pass the filter by colors: 0, did not pass the filter by options: 0, added: 0, new vincodes: 0
30-06-2012 08:10:34 --- INFO: Toyota 4RUNNER 4WD V6 - found: 6, pass primary filters: 2, did not pass the filter by colors: 2, did not pass the filter by options: 0, added: 0, new vincodes: 0
30-06-2012 08:10:35 --- INFO: Toyota Highlander 4WD - found: 7, pass primary filters: 0, did not pass the filter by colors: 0, did not pass the filter by options: 0, added: 0, new vincodes: 0
30-06-2012 08:10:35 --- INFO: Toyota Highlander - found: 1, pass primary filters: 0, did not pass the filter by colors: 0, did not pass the filter by options: 0, added: 0, new vincodes: 0
30-06-2012 08:10:42 --- INFO: Lexus RX 350 - found: 4, pass primary filters: 3, did not pass the filter by colors: 2, did not pass the filter by options: 1, added: 0, new vincodes: 0
30-06-2012 08:10:42 --- INFO: Toyota 4RUNNER Limited V6 - found: 10, pass primary filters: 0, did not pass the filter by colors: 0, did not pass the filter by options: 0, added: 0, new vincodes: 0
30-06-2012 08:10:42 --- INFO: finish: 30-06-2012 08:10:42
30-06-2012 08:10:42 --- INFO: elapsed time: ~40.78 sec., memory usage: ~2.17 Mb.
30-06-2012 08:40:01 --- INFO: start: 30-06-2012 08:40:01
30-06-2012 08:40:01 --- INFO: ----------Source_Megaavto (cli)
30-06-2012 08:42:21 --- INFO: Lexus RX 330 - found: 145, pass primary filters: 82, did not pass the filter by colors: 78, did not pass the filter by options: 1, added: 3, new vincodes: 0
30-06-2012 08:42:55 --- INFO: Lexus RX 400H - found: 38, pass primary filters: 10, did not pass the filter by colors: 10, did not pass the filter by options: 0, added: 0, new vincodes: 0
30-06-2012 08:44:03 --- INFO: Lexus GX 470 - found: 78, pass primary filters: 56, did not pass the filter by colors: 53, did not pass the filter by options: 2, added: 1, new vincodes: 0
30-06-2012 08:46:16 --- INFO: Lexus GX 470 - found: 137, pass primary filters: 68, did not pass the filter by colors: 48, did not pass the filter by options: 12, added: 8, new vincodes: 0
30-06-2012 08:47:02 --- INFO: Lexus LX 470 - found: 52, pass primary filters: 39, did not pass the filter by colors: 36, did not pass the filter by options: , added: 3, new vincodes: 0
30-06-2012 08:47:24 --- INFO: Lexus LX 470 - found: 22, pass primary filters: 6, did not pass the filter by colors: 6, did not pass the filter by options: , added: 0, new vincodes: 0
30-06-2012 08:47:47 --- INFO: Toyota Land Cruiser - found: 27, pass primary filters: 19, did not pass the filter by colors: 19, did not pass the filter by options: 0, added: 0, new vincodes: 0
30-06-2012 08:49:00 --- INFO: Toyota 4RUNNER 4WD V6 - found: 80, pass primary filters: 28, did not pass the filter by colors: 27, did not pass the filter by options: 0, added: 1, new vincodes: 0
30-06-2012 08:51:06 --- INFO: Toyota Highlander 4WD - found: 153, pass primary filters: 5, did not pass the filter by colors: 5, did not pass the filter by options: 0, added: 0, new vincodes: 0
30-06-2012 08:52:57 --- INFO: Toyota Highlander - found: 110, pass primary filters: 0, did not pass the filter by colors: 0, did not pass the filter by options: , added: 0, new vincodes: 0
30-06-2012 08:54:18 --- INFO: Lexus RX 350 - found: 84, pass primary filters: 21, did not pass the filter by colors: 20, did not pass the filter by options: 0, added: 1, new vincodes: 0
30-06-2012 08:56:42 --- INFO: Toyota 4RUNNER Limited V6 - found: 148, pass primary filters: 4, did not pass the filter by colors: 4, did not pass the filter by options: , added: 0, new vincodes: 0
30-06-2012 08:56:42 --- INFO: finish: 30-06-2012 08:56:42
30-06-2012 08:56:42 --- INFO: elapsed time: ~1000.94 sec., memory usage: ~4.62 Mb.
30-06-2012 09:10:01 --- INFO: start: 30-06-2012 09:10:01
30-06-2012 09:10:01 --- INFO: ----------Source_Adesa (cli)
30-06-2012 09:10:02 --- INFO: Authorized request
30-06-2012 09:10:09 --- INFO: Lexus RX 330 - found: 11, pass primary filters: 6, did not pass the filter by colors: 6, did not pass the filter by options: 0, added: 0, new vincodes: 0
30-06-2012 09:10:12 --- INFO: Lexus RX 400H - found: 2, pass primary filters: 1, did not pass the filter by colors: 1, did not pass the filter by options: 0, added: 0, new vincodes: 0
30-06-2012 09:10:23 --- INFO: Lexus GX 470 - found: 5, pass primary filters: 4, did not pass the filter by colors: 3, did not pass the filter by options: 1, added: 0, new vincodes: 0
30-06-2012 09:10:27 --- INFO: Lexus GX 470 - found: 1, pass primary filters: 1, did not pass the filter by colors: 1, did not pass the filter by options: 0, added: 0, new vincodes: 0
30-06-2012 09:10:27 --- INFO: Lexus LX 470 - found: 1, pass primary filters: 0, did not pass the filter by colors: 0, did not pass the filter by options: 0, added: 0, new vincodes: 0
30-06-2012 09:10:27 --- INFO: Lexus LX 470 - found: 1, pass primary filters: 0, did not pass the filter by colors: 0, did not pass the filter by options: 0, added: 0, new vincodes: 0
30-06-2012 09:10:27 --- INFO: Toyota Land Cruiser - found: 1, pass primary filters: 0, did not pass the filter by colors: 0, did not pass the filter by options: 0, added: 0, new vincodes: 0
30-06-2012 09:10:34 --- INFO: Toyota 4RUNNER 4WD V6 - found: 6, pass primary filters: 2, did not pass the filter by colors: 2, did not pass the filter by options: 0, added: 0, new vincodes: 0
30-06-2012 09:10:34 --- INFO: Toyota Highlander 4WD - found: 7, pass primary filters: 0, did not pass the filter by colors: 0, did not pass the filter by options: 0, added: 0, new vincodes: 0
30-06-2012 09:10:35 --- INFO: Toyota Highlander - found: 1, pass primary filters: 0, did not pass the filter by colors: 0, did not pass the filter by options: 0, added: 0, new vincodes: 0
30-06-2012 09:10:41 --- INFO: Lexus RX 350 - found: 4, pass primary filters: 3, did not pass the filter by colors: 2, did not pass the filter by options: 1, added: 0, new vincodes: 0
30-06-2012 09:10:42 --- INFO: Toyota 4RUNNER Limited V6 - found: 10, pass primary filters: 0, did not pass the filter by colors: 0, did not pass the filter by options: 0, added: 0, new vincodes: 0
30-06-2012 09:10:42 --- INFO: finish: 30-06-2012 09:10:42
30-06-2012 09:10:42 --- INFO: elapsed time: ~40.46 sec., memory usage: ~2.17 Mb.
30-06-2012 09:40:01 --- INFO: start: 30-06-2012 09:40:01
30-06-2012 09:40:02 --- INFO: ----------Source_Megaavto (cli)
30-06-2012 09:42:09 --- INFO: Lexus RX 330 - found: 145, pass primary filters: 82, did not pass the filter by colors: 78, did not pass the filter by options: 1, added: 3, new vincodes: 0
30-06-2012 09:42:45 --- INFO: Lexus RX 400H - found: 38, pass primary filters: 10, did not pass the filter by colors: 10, did not pass the filter by options: 0, added: 0, new vincodes: 0
30-06-2012 09:43:55 --- INFO: Lexus GX 470 - found: 78, pass primary filters: 56, did not pass the filter by colors: 53, did not pass the filter by options: 2, added: 1, new vincodes: 0
30-06-2012 09:46:00 --- INFO: Lexus GX 470 - found: 137, pass primary filters: 68, did not pass the filter by colors: 48, did not pass the filter by options: 12, added: 8, new vincodes: 0
30-06-2012 09:46:45 --- INFO: Lexus LX 470 - found: 52, pass primary filters: 39, did not pass the filter by colors: 36, did not pass the filter by options: , added: 3, new vincodes: 0
30-06-2012 09:47:04 --- INFO: Lexus LX 470 - found: 22, pass primary filters: 6, did not pass the filter by colors: 6, did not pass the filter by options: , added: 0, new vincodes: 0
30-06-2012 09:47:28 --- INFO: Toyota Land Cruiser - found: 27, pass primary filters: 19, did not pass the filter by colors: 19, did not pass the filter by options: 0, added: 0, new vincodes: 0
30-06-2012 09:48:38 --- INFO: Toyota 4RUNNER 4WD V6 - found: 80, pass primary filters: 28, did not pass the filter by colors: 27, did not pass the filter by options: 0, added: 1, new vincodes: 0
30-06-2012 09:50:36 --- INFO: Toyota Highlander 4WD - found: 153, pass primary filters: 5, did not pass the filter by colors: 5, did not pass the filter by options: 0, added: 0, new vincodes: 0
30-06-2012 09:52:17 --- INFO: Toyota Highlander - found: 110, pass primary filters: 0, did not pass the filter by colors: 0, did not pass the filter by options: , added: 0, new vincodes: 0
30-06-2012 09:53:33 --- INFO: Lexus RX 350 - found: 84, pass primary filters: 21, did not pass the filter by colors: 20, did not pass the filter by options: 0, added: 1, new vincodes: 0
30-06-2012 09:55:45 --- INFO: Toyota 4RUNNER Limited V6 - found: 148, pass primary filters: 4, did not pass the filter by colors: 4, did not pass the filter by options: , added: 0, new vincodes: 0
30-06-2012 09:55:45 --- INFO: finish: 30-06-2012 09:55:45
30-06-2012 09:55:45 --- INFO: elapsed time: ~943.23 sec., memory usage: ~4.62 Mb.
30-06-2012 10:00:01 --- INFO: start: 30-06-2012 10:00:01
30-06-2012 10:00:01 --- INFO: ----------Source_Adesa (cli)
30-06-2012 10:00:02 --- INFO: Authorized request
30-06-2012 10:00:07 --- INFO: Lexus RX 330 - found: 12, pass primary filters: 6, did not pass the filter by colors: 6, did not pass the filter by options: 0, added: 0, new vincodes: 0
30-06-2012 10:00:11 --- INFO: Lexus RX 400H - found: 2, pass primary filters: 1, did not pass the filter by colors: 1, did not pass the filter by options: 0, added: 0, new vincodes: 0
30-06-2012 10:00:20 --- INFO: Lexus GX 470 - found: 5, pass primary filters: 4, did not pass the filter by colors: 3, did not pass the filter by options: 1, added: 0, new vincodes: 0
30-06-2012 10:00:24 --- INFO: Lexus GX 470 - found: 1, pass primary filters: 1, did not pass the filter by colors: 1, did not pass the filter by options: 0, added: 0, new vincodes: 0
30-06-2012 10:00:24 --- INFO: Lexus LX 470 - found: 1, pass primary filters: 0, did not pass the filter by colors: 0, did not pass the filter by options: 0, added: 0, new vincodes: 0
30-06-2012 10:00:24 --- INFO: Lexus LX 470 - found: 1, pass primary filters: 0, did not pass the filter by colors: 0, did not pass the filter by options: 0, added: 0, new vincodes: 0
30-06-2012 10:00:25 --- INFO: Toyota Land Cruiser - found: 1, pass primary filters: 0, did not pass the filter by colors: 0, did not pass the filter by options: 0, added: 0, new vincodes: 0
30-06-2012 10:00:31 --- INFO: Toyota 4RUNNER 4WD V6 - found: 6, pass primary filters: 2, did not pass the filter by colors: 2, did not pass the filter by options: 0, added: 0, new vincodes: 0
30-06-2012 10:00:32 --- INFO: Toyota Highlander 4WD - found: 7, pass primary filters: 0, did not pass the filter by colors: 0, did not pass the filter by options: 0, added: 0, new vincodes: 0
30-06-2012 10:00:32 --- INFO: Toyota Highlander - found: 1, pass primary filters: 0, did not pass the filter by colors: 0, did not pass the filter by options: 0, added: 0, new vincodes: 0
30-06-2012 10:00:39 --- INFO: Lexus RX 350 - found: 4, pass primary filters: 3, did not pass the filter by colors: 2, did not pass the filter by options: 1, added: 0, new vincodes: 0
30-06-2012 10:00:40 --- INFO: Toyota 4RUNNER Limited V6 - found: 10, pass primary filters: 0, did not pass the filter by colors: 0, did not pass the filter by options: 0, added: 0, new vincodes: 0
30-06-2012 10:00:40 --- INFO: finish: 30-06-2012 10:00:40
30-06-2012 10:00:40 --- INFO: elapsed time: ~38.81 sec., memory usage: ~2.17 Mb.
30-06-2012 10:30:01 --- INFO: start: 30-06-2012 10:30:01
30-06-2012 10:30:01 --- INFO: ----------Source_Megaavto (cli)
30-06-2012 10:32:12 --- INFO: Lexus RX 330 - found: 145, pass primary filters: 82, did not pass the filter by colors: 78, did not pass the filter by options: 1, added: 3, new vincodes: 0
30-06-2012 10:32:48 --- INFO: Lexus RX 400H - found: 38, pass primary filters: 10, did not pass the filter by colors: 10, did not pass the filter by options: 0, added: 0, new vincodes: 0
30-06-2012 10:33:56 --- INFO: Lexus GX 470 - found: 78, pass primary filters: 56, did not pass the filter by colors: 53, did not pass the filter by options: 2, added: 1, new vincodes: 0
30-06-2012 10:36:01 --- INFO: Lexus GX 470 - found: 137, pass primary filters: 68, did not pass the filter by colors: 48, did not pass the filter by options: 12, added: 8, new vincodes: 0
30-06-2012 10:36:46 --- INFO: Lexus LX 470 - found: 52, pass primary filters: 39, did not pass the filter by colors: 36, did not pass the filter by options: , added: 3, new vincodes: 0
30-06-2012 10:37:05 --- INFO: Lexus LX 470 - found: 22, pass primary filters: 6, did not pass the filter by colors: 6, did not pass the filter by options: , added: 0, new vincodes: 0
30-06-2012 10:37:28 --- INFO: Toyota Land Cruiser - found: 27, pass primary filters: 19, did not pass the filter by colors: 19, did not pass the filter by options: 0, added: 0, new vincodes: 0
30-06-2012 10:38:38 --- INFO: Toyota 4RUNNER 4WD V6 - found: 80, pass primary filters: 28, did not pass the filter by colors: 27, did not pass the filter by options: 0, added: 1, new vincodes: 0
30-06-2012 10:40:38 --- INFO: Toyota Highlander 4WD - found: 153, pass primary filters: 5, did not pass the filter by colors: 5, did not pass the filter by options: 0, added: 0, new vincodes: 0
30-06-2012 10:42:21 --- INFO: Toyota Highlander - found: 110, pass primary filters: 0, did not pass the filter by colors: 0, did not pass the filter by options: , added: 0, new vincodes: 0
30-06-2012 10:43:40 --- INFO: Lexus RX 350 - found: 84, pass primary filters: 21, did not pass the filter by colors: 20, did not pass the filter by options: 0, added: 1, new vincodes: 0
30-06-2012 10:46:02 --- INFO: Toyota 4RUNNER Limited V6 - found: 148, pass primary filters: 4, did not pass the filter by colors: 4, did not pass the filter by options: , added: 0, new vincodes: 0
30-06-2012 10:46:02 --- INFO: finish: 30-06-2012 10:46:02
30-06-2012 10:46:02 --- INFO: elapsed time: ~960.43 sec., memory usage: ~4.62 Mb.
30-06-2012 11:10:01 --- INFO: start: 30-06-2012 11:10:01
30-06-2012 11:10:01 --- INFO: ----------Source_Adesa (cli)
30-06-2012 11:10:02 --- INFO: Authorized request
30-06-2012 11:10:09 --- INFO: Lexus RX 330 - found: 12, pass primary filters: 6, did not pass the filter by colors: 6, did not pass the filter by options: 0, added: 0, new vincodes: 0
30-06-2012 11:10:13 --- INFO: Lexus RX 400H - found: 2, pass primary filters: 1, did not pass the filter by colors: 1, did not pass the filter by options: 0, added: 0, new vincodes: 0
30-06-2012 11:10:22 --- INFO: Lexus GX 470 - found: 5, pass primary filters: 4, did not pass the filter by colors: 3, did not pass the filter by options: 1, added: 0, new vincodes: 0
30-06-2012 11:10:25 --- INFO: Lexus GX 470 - found: 1, pass primary filters: 1, did not pass the filter by colors: 1, did not pass the filter by options: 0, added: 0, new vincodes: 0
30-06-2012 11:10:26 --- INFO: Lexus LX 470 - found: 1, pass primary filters: 0, did not pass the filter by colors: 0, did not pass the filter by options: 0, added: 0, new vincodes: 0
30-06-2012 11:10:26 --- INFO: Lexus LX 470 - found: 1, pass primary filters: 0, did not pass the filter by colors: 0, did not pass the filter by options: 0, added: 0, new vincodes: 0
30-06-2012 11:10:26 --- INFO: Toyota Land Cruiser - found: 1, pass primary filters: 0, did not pass the filter by colors: 0, did not pass the filter by options: 0, added: 0, new vincodes: 0
30-06-2012 11:10:33 --- INFO: Toyota 4RUNNER 4WD V6 - found: 6, pass primary filters: 2, did not pass the filter by colors: 2, did not pass the filter by options: 0, added: 0, new vincodes: 0
30-06-2012 11:10:33 --- INFO: Toyota Highlander 4WD - found: 7, pass primary filters: 0, did not pass the filter by colors: 0, did not pass the filter by options: 0, added: 0, new vincodes: 0
30-06-2012 11:10:33 --- INFO: Toyota Highlander - found: 1, pass primary filters: 0, did not pass the filter by colors: 0, did not pass the filter by options: 0, added: 0, new vincodes: 0
30-06-2012 11:10:40 --- INFO: Lexus RX 350 - found: 4, pass primary filters: 3, did not pass the filter by colors: 2, did not pass the filter by options: 1, added: 0, new vincodes: 0
30-06-2012 11:10:41 --- INFO: Toyota 4RUNNER Limited V6 - found: 10, pass primary filters: 0, did not pass the filter by colors: 0, did not pass the filter by options: 0, added: 0, new vincodes: 0
30-06-2012 11:10:41 --- INFO: finish: 30-06-2012 11:10:41
30-06-2012 11:10:41 --- INFO: elapsed time: ~40.04 sec., memory usage: ~2.17 Mb.
30-06-2012 11:40:01 --- INFO: start: 30-06-2012 11:40:01
30-06-2012 11:40:01 --- INFO: ----------Source_Megaavto (cli)
30-06-2012 11:42:18 --- INFO: Lexus RX 330 - found: 145, pass primary filters: 82, did not pass the filter by colors: 78, did not pass the filter by options: 1, added: 3, new vincodes: 0
30-06-2012 11:42:55 --- INFO: Lexus RX 400H - found: 38, pass primary filters: 10, did not pass the filter by colors: 10, did not pass the filter by options: 0, added: 0, new vincodes: 0
30-06-2012 11:44:06 --- INFO: Lexus GX 470 - found: 78, pass primary filters: 56, did not pass the filter by colors: 53, did not pass the filter by options: 2, added: 1, new vincodes: 0
30-06-2012 11:46:16 --- INFO: Lexus GX 470 - found: 137, pass primary filters: 68, did not pass the filter by colors: 48, did not pass the filter by options: 12, added: 8, new vincodes: 0
30-06-2012 11:47:01 --- INFO: Lexus LX 470 - found: 52, pass primary filters: 39, did not pass the filter by colors: 36, did not pass the filter by options: , added: 3, new vincodes: 0
30-06-2012 11:47:21 --- INFO: Lexus LX 470 - found: 22, pass primary filters: 6, did not pass the filter by colors: 6, did not pass the filter by options: , added: 0, new vincodes: 0
30-06-2012 11:47:43 --- INFO: Toyota Land Cruiser - found: 27, pass primary filters: 19, did not pass the filter by colors: 19, did not pass the filter by options: 0, added: 0, new vincodes: 0
30-06-2012 11:49:00 --- INFO: Toyota 4RUNNER 4WD V6 - found: 80, pass primary filters: 28, did not pass the filter by colors: 27, did not pass the filter by options: 0, added: 1, new vincodes: 0
30-06-2012 11:51:06 --- INFO: Toyota Highlander 4WD - found: 153, pass primary filters: 5, did not pass the filter by colors: 5, did not pass the filter by options: 0, added: 0, new vincodes: 0
30-06-2012 11:52:48 --- INFO: Toyota Highlander - found: 110, pass primary filters: 0, did not pass the filter by colors: 0, did not pass the filter by options: , added: 0, new vincodes: 0
30-06-2012 11:54:11 --- INFO: Lexus RX 350 - found: 84, pass primary filters: 21, did not pass the filter by colors: 20, did not pass the filter by options: 0, added: 1, new vincodes: 0
30-06-2012 11:56:32 --- INFO: Toyota 4RUNNER Limited V6 - found: 148, pass primary filters: 4, did not pass the filter by colors: 4, did not pass the filter by options: , added: 0, new vincodes: 0
30-06-2012 11:56:32 --- INFO: finish: 30-06-2012 11:56:32
30-06-2012 11:56:32 --- INFO: elapsed time: ~990.59 sec., memory usage: ~4.62 Mb.
30-06-2012 12:20:01 --- INFO: start: 30-06-2012 12:20:01
30-06-2012 12:20:01 --- INFO: ----------Source_Adesa (cli)
30-06-2012 12:20:02 --- INFO: Authorized request
30-06-2012 12:20:09 --- INFO: Lexus RX 330 - found: 12, pass primary filters: 6, did not pass the filter by colors: 6, did not pass the filter by options: 0, added: 0, new vincodes: 0
30-06-2012 12:20:13 --- INFO: Lexus RX 400H - found: 2, pass primary filters: 1, did not pass the filter by colors: 1, did not pass the filter by options: 0, added: 0, new vincodes: 0
30-06-2012 12:20:24 --- INFO: Lexus GX 470 - found: 5, pass primary filters: 4, did not pass the filter by colors: 3, did not pass the filter by options: 1, added: 0, new vincodes: 0
30-06-2012 12:20:27 --- INFO: Lexus GX 470 - found: 1, pass primary filters: 1, did not pass the filter by colors: 1, did not pass the filter by options: 0, added: 0, new vincodes: 0
30-06-2012 12:20:28 --- INFO: Lexus LX 470 - found: 1, pass primary filters: 0, did not pass the filter by colors: 0, did not pass the filter by options: 0, added: 0, new vincodes: 0
30-06-2012 12:20:28 --- INFO: Lexus LX 470 - found: 1, pass primary filters: 0, did not pass the filter by colors: 0, did not pass the filter by options: 0, added: 0, new vincodes: 0
30-06-2012 12:20:28 --- INFO: Toyota Land Cruiser - found: 1, pass primary filters: 0, did not pass the filter by colors: 0, did not pass the filter by options: 0, added: 0, new vincodes: 0
30-06-2012 12:20:35 --- INFO: Toyota 4RUNNER 4WD V6 - found: 7, pass primary filters: 2, did not pass the filter by colors: 2, did not pass the filter by options: 0, added: 0, new vincodes: 0
30-06-2012 12:20:35 --- INFO: Toyota Highlander 4WD - found: 7, pass primary filters: 0, did not pass the filter by colors: 0, did not pass the filter by options: 0, added: 0, new vincodes: 0
30-06-2012 12:20:35 --- INFO: Toyota Highlander - found: 1, pass primary filters: 0, did not pass the filter by colors: 0, did not pass the filter by options: 0, added: 0, new vincodes: 0
30-06-2012 12:20:42 --- INFO: Lexus RX 350 - found: 4, pass primary filters: 3, did not pass the filter by colors: 2, did not pass the filter by options: 1, added: 0, new vincodes: 0
30-06-2012 12:20:43 --- INFO: Toyota 4RUNNER Limited V6 - found: 11, pass primary filters: 0, did not pass the filter by colors: 0, did not pass the filter by options: 0, added: 0, new vincodes: 0
30-06-2012 12:20:43 --- INFO: finish: 30-06-2012 12:20:43
30-06-2012 12:20:43 --- INFO: elapsed time: ~42.03 sec., memory usage: ~2.17 Mb.
30-06-2012 12:50:01 --- INFO: start: 30-06-2012 12:50:01
30-06-2012 12:50:01 --- INFO: ----------Source_Megaavto (cli)
30-06-2012 12:50:04 --- INFO: Lexus RX 330 - found: 0, pass primary filters: 0, did not pass the filter by colors: 0, did not pass the filter by options: 0, added: 0, new vincodes: 0
30-06-2012 12:50:06 --- INFO: Lexus RX 400H - found: 0, pass primary filters: 0, did not pass the filter by colors: 0, did not pass the filter by options: 0, added: 0, new vincodes: 0
30-06-2012 12:50:37 --- INFO: Lexus GX 470 - found: 0, pass primary filters: 0, did not pass the filter by colors: 0, did not pass the filter by options: 0, added: 0, new vincodes: 0
30-06-2012 12:51:10 --- INFO: Lexus GX 470 - found: 0, pass primary filters: 0, did not pass the filter by colors: 0, did not pass the filter by options: 0, added: 0, new vincodes: 0
30-06-2012 12:51:54 --- INFO: Lexus LX 470 - found: 52, pass primary filters: 39, did not pass the filter by colors: 36, did not pass the filter by options: , added: 3, new vincodes: 0
30-06-2012 12:52:13 --- INFO: Lexus LX 470 - found: 22, pass primary filters: 6, did not pass the filter by colors: 6, did not pass the filter by options: , added: 0, new vincodes: 0
30-06-2012 12:52:36 --- INFO: Toyota Land Cruiser - found: 27, pass primary filters: 19, did not pass the filter by colors: 19, did not pass the filter by options: 0, added: 0, new vincodes: 0
30-06-2012 12:53:44 --- INFO: Toyota 4RUNNER 4WD V6 - found: 80, pass primary filters: 28, did not pass the filter by colors: 27, did not pass the filter by options: 0, added: 1, new vincodes: 0
30-06-2012 12:55:42 --- INFO: Toyota Highlander 4WD - found: 153, pass primary filters: 5, did not pass the filter by colors: 5, did not pass the filter by options: 0, added: 0, new vincodes: 0
30-06-2012 12:57:22 --- INFO: Toyota Highlander - found: 110, pass primary filters: 0, did not pass the filter by colors: 0, did not pass the filter by options: , added: 0, new vincodes: 0
30-06-2012 12:58:38 --- INFO: Lexus RX 350 - found: 84, pass primary filters: 21, did not pass the filter by colors: 20, did not pass the filter by options: 0, added: 1, new vincodes: 0
30-06-2012 13:02:25 --- INFO: Toyota 4RUNNER Limited V6 - found: 148, pass primary filters: 4, did not pass the filter by colors: 4, did not pass the filter by options: , added: 0, new vincodes: 0
30-06-2012 13:02:25 --- INFO: finish: 30-06-2012 13:02:25
30-06-2012 13:02:25 --- INFO: elapsed time: ~743.5 sec., memory usage: ~2.9 Mb.
30-06-2012 13:20:01 --- INFO: start: 30-06-2012 13:20:01
30-06-2012 13:20:01 --- INFO: ----------Source_Adesa (cli)
30-06-2012 13:20:02 --- INFO: Authorized request
30-06-2012 13:20:09 --- INFO: Lexus RX 330 - found: 12, pass primary filters: 6, did not pass the filter by colors: 6, did not pass the filter by options: 0, added: 0, new vincodes: 0
30-06-2012 13:20:12 --- INFO: Lexus RX 400H - found: 2, pass primary filters: 1, did not pass the filter by colors: 1, did not pass the filter by options: 0, added: 0, new vincodes: 0
30-06-2012 13:20:23 --- INFO: Lexus GX 470 - found: 5, pass primary filters: 4, did not pass the filter by colors: 3, did not pass the filter by options: 1, added: 0, new vincodes: 0
30-06-2012 13:20:26 --- INFO: Lexus GX 470 - found: 1, pass primary filters: 1, did not pass the filter by colors: 1, did not pass the filter by options: 0, added: 0, new vincodes: 0
30-06-2012 13:20:26 --- INFO: Lexus LX 470 - found: 1, pass primary filters: 0, did not pass the filter by colors: 0, did not pass the filter by options: 0, added: 0, new vincodes: 0
30-06-2012 13:20:27 --- INFO: Lexus LX 470 - found: 1, pass primary filters: 0, did not pass the filter by colors: 0, did not pass the filter by options: 0, added: 0, new vincodes: 0
30-06-2012 13:20:27 --- INFO: Toyota Land Cruiser - found: 1, pass primary filters: 0, did not pass the filter by colors: 0, did not pass the filter by options: 0, added: 0, new vincodes: 0
30-06-2012 13:20:34 --- INFO: Toyota 4RUNNER 4WD V6 - found: 7, pass primary filters: 2, did not pass the filter by colors: 2, did not pass the filter by options: 0, added: 0, new vincodes: 0
30-06-2012 13:20:34 --- INFO: Toyota Highlander 4WD - found: 7, pass primary filters: 0, did not pass the filter by colors: 0, did not pass the filter by options: 0, added: 0, new vincodes: 0
30-06-2012 13:20:34 --- INFO: Toyota Highlander - found: 1, pass primary filters: 0, did not pass the filter by colors: 0, did not pass the filter by options: 0, added: 0, new vincodes: 0
30-06-2012 13:20:41 --- INFO: Lexus RX 350 - found: 4, pass primary filters: 3, did not pass the filter by colors: 2, did not pass the filter by options: 1, added: 0, new vincodes: 0
30-06-2012 13:20:41 --- INFO: Toyota 4RUNNER Limited V6 - found: 11, pass primary filters: 0, did not pass the filter by colors: 0, did not pass the filter by options: 0, added: 0, new vincodes: 0
30-06-2012 13:20:41 --- INFO: finish: 30-06-2012 13:20:41
30-06-2012 13:20:41 --- INFO: elapsed time: ~40.42 sec., memory usage: ~2.17 Mb.
30-06-2012 13:50:01 --- INFO: start: 30-06-2012 13:50:01
30-06-2012 13:50:01 --- INFO: ----------Source_Megaavto (cli)
30-06-2012 13:55:41 --- INFO: Lexus RX 330 - found: 168, pass primary filters: 92, did not pass the filter by colors: 88, did not pass the filter by options: 1, added: 3, new vincodes: 0
30-06-2012 13:57:04 --- INFO: Lexus RX 400H - found: 45, pass primary filters: 10, did not pass the filter by colors: 10, did not pass the filter by options: 0, added: 0, new vincodes: 0
30-06-2012 13:59:54 --- INFO: Lexus GX 470 - found: 84, pass primary filters: 58, did not pass the filter by colors: 55, did not pass the filter by options: 2, added: 1, new vincodes: 0
30-06-2012 14:04:58 --- INFO: Lexus GX 470 - found: 145, pass primary filters: 69, did not pass the filter by colors: 49, did not pass the filter by options: 12, added: 8, new vincodes: 0
30-06-2012 14:06:53 --- INFO: Lexus LX 470 - found: 56, pass primary filters: 40, did not pass the filter by colors: 37, did not pass the filter by options: , added: 3, new vincodes: 1
30-06-2012 14:07:20 --- INFO: Lexus LX 470 - found: 26, pass primary filters: 8, did not pass the filter by colors: 8, did not pass the filter by options: , added: 0, new vincodes: 0
30-06-2012 14:08:49 --- INFO: Toyota Land Cruiser - found: 29, pass primary filters: 20, did not pass the filter by colors: 20, did not pass the filter by options: 0, added: 0, new vincodes: 0
30-06-2012 14:10:38 --- INFO: Toyota 4RUNNER 4WD V6 - found: 92, pass primary filters: 29, did not pass the filter by colors: 28, did not pass the filter by options: 0, added: 1, new vincodes: 0
30-06-2012 14:16:25 --- INFO: Toyota Highlander 4WD - found: 170, pass primary filters: 6, did not pass the filter by colors: 6, did not pass the filter by options: 0, added: 0, new vincodes: 0
30-06-2012 14:20:56 --- INFO: Toyota Highlander - found: 117, pass primary filters: 0, did not pass the filter by colors: 0, did not pass the filter by options: , added: 0, new vincodes: 0
30-06-2012 14:24:38 --- INFO: Lexus RX 350 - found: 95, pass primary filters: 22, did not pass the filter by colors: 21, did not pass the filter by options: 0, added: 1, new vincodes: 0
30-06-2012 14:29:22 --- INFO: Toyota 4RUNNER Limited V6 - found: 173, pass primary filters: 4, did not pass the filter by colors: 4, did not pass the filter by options: , added: 0, new vincodes: 0
30-06-2012 14:29:22 --- INFO: finish: 30-06-2012 14:29:22
30-06-2012 14:29:22 --- INFO: elapsed time: ~2361.01 sec., memory usage: ~4.83 Mb.
30-06-2012 16:10:01 --- INFO: start: 30-06-2012 16:10:01
30-06-2012 16:10:01 --- INFO: ----------Source_Adesa (cli)
30-06-2012 16:10:03 --- INFO: Authorized request
30-06-2012 16:10:10 --- INFO: Lexus RX 330 - found: 12, pass primary filters: 6, did not pass the filter by colors: 6, did not pass the filter by options: 0, added: 0, new vincodes: 0
30-06-2012 16:10:14 --- INFO: Lexus RX 400H - found: 2, pass primary filters: 1, did not pass the filter by colors: 1, did not pass the filter by options: 0, added: 0, new vincodes: 0
30-06-2012 16:10:24 --- INFO: Lexus GX 470 - found: 5, pass primary filters: 4, did not pass the filter by colors: 3, did not pass the filter by options: 1, added: 0, new vincodes: 0
30-06-2012 16:10:28 --- INFO: Lexus GX 470 - found: 1, pass primary filters: 1, did not pass the filter by colors: 1, did not pass the filter by options: 0, added: 0, new vincodes: 0
30-06-2012 16:10:28 --- INFO: Lexus LX 470 - found: 1, pass primary filters: 0, did not pass the filter by colors: 0, did not pass the filter by options: 0, added: 0, new vincodes: 0
30-06-2012 16:10:28 --- INFO: Lexus LX 470 - found: 1, pass primary filters: 0, did not pass the filter by colors: 0, did not pass the filter by options: 0, added: 0, new vincodes: 0
30-06-2012 16:10:28 --- INFO: Toyota Land Cruiser - found: 1, pass primary filters: 0, did not pass the filter by colors: 0, did not pass the filter by options: 0, added: 0, new vincodes: 0
30-06-2012 16:10:35 --- INFO: Toyota 4RUNNER 4WD V6 - found: 7, pass primary filters: 2, did not pass the filter by colors: 2, did not pass the filter by options: 0, added: 0, new vincodes: 0
30-06-2012 16:10:35 --- INFO: Toyota Highlander 4WD - found: 7, pass primary filters: 0, did not pass the filter by colors: 0, did not pass the filter by options: 0, added: 0, new vincodes: 0
30-06-2012 16:10:35 --- INFO: Toyota Highlander - found: 1, pass primary filters: 0, did not pass the filter by colors: 0, did not pass the filter by options: 0, added: 0, new vincodes: 0
30-06-2012 16:10:43 --- INFO: Lexus RX 350 - found: 4, pass primary filters: 3, did not pass the filter by colors: 2, did not pass the filter by options: 1, added: 0, new vincodes: 0
30-06-2012 16:10:43 --- INFO: Toyota 4RUNNER Limited V6 - found: 11, pass primary filters: 0, did not pass the filter by colors: 0, did not pass the filter by options: 0, added: 0, new vincodes: 0
30-06-2012 16:10:43 --- INFO: finish: 30-06-2012 16:10:43
30-06-2012 16:10:43 --- INFO: elapsed time: ~41.54 sec., memory usage: ~2.17 Mb.
30-06-2012 16:40:01 --- INFO: start: 30-06-2012 16:40:01
30-06-2012 16:40:01 --- INFO: ----------Source_Megaavto (cli)
30-06-2012 16:45:31 --- INFO: Lexus RX 330 - found: 178, pass primary filters: 90, did not pass the filter by colors: 86, did not pass the filter by options: 1, added: 3, new vincodes: 0
30-06-2012 16:46:58 --- INFO: Lexus RX 400H - found: 45, pass primary filters: 9, did not pass the filter by colors: 9, did not pass the filter by options: 0, added: 0, new vincodes: 0
30-06-2012 16:50:17 --- INFO: Lexus GX 470 - found: 87, pass primary filters: 63, did not pass the filter by colors: 60, did not pass the filter by options: 2, added: 1, new vincodes: 0
30-06-2012 16:55:05 --- INFO: Lexus GX 470 - found: 153, pass primary filters: 71, did not pass the filter by colors: 51, did not pass the filter by options: 12, added: 8, new vincodes: 0
30-06-2012 16:56:58 --- INFO: Lexus LX 470 - found: 56, pass primary filters: 41, did not pass the filter by colors: 38, did not pass the filter by options: , added: 3, new vincodes: 0
30-06-2012 16:57:23 --- INFO: Lexus LX 470 - found: 26, pass primary filters: 8, did not pass the filter by colors: 8, did not pass the filter by options: , added: 0, new vincodes: 0
30-06-2012 16:58:22 --- INFO: Toyota Land Cruiser - found: 31, pass primary filters: 21, did not pass the filter by colors: 20, did not pass the filter by options: 0, added: 1, new vincodes: 0
30-06-2012 17:01:20 --- INFO: Toyota 4RUNNER 4WD V6 - found: 103, pass primary filters: 30, did not pass the filter by colors: 28, did not pass the filter by options: 0, added: 2, new vincodes: 0
30-06-2012 17:06:42 --- INFO: Toyota Highlander 4WD - found: 176, pass primary filters: 5, did not pass the filter by colors: 5, did not pass the filter by options: 0, added: 0, new vincodes: 0
30-06-2012 17:10:36 --- INFO: Toyota Highlander - found: 117, pass primary filters: 0, did not pass the filter by colors: 0, did not pass the filter by options: , added: 0, new vincodes: 0
30-06-2012 17:14:16 --- INFO: Lexus RX 350 - found: 101, pass primary filters: 22, did not pass the filter by colors: 21, did not pass the filter by options: 0, added: 1, new vincodes: 0
30-06-2012 17:19:15 --- INFO: Toyota 4RUNNER Limited V6 - found: 187, pass primary filters: 5, did not pass the filter by colors: 5, did not pass the filter by options: , added: 0, new vincodes: 0
30-06-2012 17:19:15 --- INFO: finish: 30-06-2012 17:19:15
30-06-2012 17:19:15 --- INFO: elapsed time: ~2353.77 sec., memory usage: ~4.84 Mb.
30-06-2012 18:10:01 --- INFO: start: 30-06-2012 18:10:01
30-06-2012 18:10:01 --- INFO: ----------Source_Adesa (cli)
30-06-2012 18:10:02 --- INFO: Authorized request
30-06-2012 18:10:11 --- INFO: Lexus RX 330 - found: 12, pass primary filters: 6, did not pass the filter by colors: 6, did not pass the filter by options: 0, added: 0, new vincodes: 0
30-06-2012 18:10:14 --- INFO: Lexus RX 400H - found: 2, pass primary filters: 1, did not pass the filter by colors: 1, did not pass the filter by options: 0, added: 0, new vincodes: 0
30-06-2012 18:10:25 --- INFO: Lexus GX 470 - found: 5, pass primary filters: 4, did not pass the filter by colors: 3, did not pass the filter by options: 1, added: 0, new vincodes: 0
30-06-2012 18:10:28 --- INFO: Lexus GX 470 - found: 1, pass primary filters: 1, did not pass the filter by colors: 1, did not pass the filter by options: 0, added: 0, new vincodes: 0
30-06-2012 18:10:28 --- INFO: Lexus LX 470 - found: 1, pass primary filters: 0, did not pass the filter by colors: 0, did not pass the filter by options: 0, added: 0, new vincodes: 0
30-06-2012 18:10:29 --- INFO: Lexus LX 470 - found: 1, pass primary filters: 0, did not pass the filter by colors: 0, did not pass the filter by options: 0, added: 0, new vincodes: 0
30-06-2012 18:10:29 --- INFO: Toyota Land Cruiser - found: 1, pass primary filters: 0, did not pass the filter by colors: 0, did not pass the filter by options: 0, added: 0, new vincodes: 0
30-06-2012 18:10:36 --- INFO: Toyota 4RUNNER 4WD V6 - found: 7, pass primary filters: 2, did not pass the filter by colors: 2, did not pass the filter by options: 0, added: 0, new vincodes: 0
30-06-2012 18:10:36 --- INFO: Toyota Highlander 4WD - found: 7, pass primary filters: 0, did not pass the filter by colors: 0, did not pass the filter by options: 0, added: 0, new vincodes: 0
30-06-2012 18:10:36 --- INFO: Toyota Highlander - found: 1, pass primary filters: 0, did not pass the filter by colors: 0, did not pass the filter by options: 0, added: 0, new vincodes: 0
30-06-2012 18:10:43 --- INFO: Lexus RX 350 - found: 4, pass primary filters: 3, did not pass the filter by colors: 2, did not pass the filter by options: 1, added: 0, new vincodes: 0
30-06-2012 18:10:44 --- INFO: Toyota 4RUNNER Limited V6 - found: 11, pass primary filters: 0, did not pass the filter by colors: 0, did not pass the filter by options: 0, added: 0, new vincodes: 0
30-06-2012 18:10:44 --- INFO: finish: 30-06-2012 18:10:44
30-06-2012 18:10:44 --- INFO: elapsed time: ~42.49 sec., memory usage: ~2.17 Mb.
30-06-2012 18:40:01 --- INFO: start: 30-06-2012 18:40:01
30-06-2012 18:40:01 --- INFO: ----------Source_Megaavto (cli)
30-06-2012 18:43:03 --- INFO: Lexus RX 330 - found: 178, pass primary filters: 90, did not pass the filter by colors: 86, did not pass the filter by options: 1, added: 3, new vincodes: 0
30-06-2012 18:44:01 --- INFO: Lexus RX 400H - found: 45, pass primary filters: 9, did not pass the filter by colors: 9, did not pass the filter by options: 0, added: 0, new vincodes: 0
30-06-2012 18:45:25 --- INFO: Lexus GX 470 - found: 87, pass primary filters: 63, did not pass the filter by colors: 60, did not pass the filter by options: 2, added: 1, new vincodes: 0
30-06-2012 18:47:54 --- INFO: Lexus GX 470 - found: 153, pass primary filters: 71, did not pass the filter by colors: 51, did not pass the filter by options: 12, added: 8, new vincodes: 0
30-06-2012 18:48:46 --- INFO: Lexus LX 470 - found: 56, pass primary filters: 41, did not pass the filter by colors: 38, did not pass the filter by options: , added: 3, new vincodes: 0
30-06-2012 18:49:07 --- INFO: Lexus LX 470 - found: 26, pass primary filters: 8, did not pass the filter by colors: 8, did not pass the filter by options: , added: 0, new vincodes: 0
30-06-2012 18:49:34 --- INFO: Toyota Land Cruiser - found: 31, pass primary filters: 21, did not pass the filter by colors: 20, did not pass the filter by options: 0, added: 1, new vincodes: 0
30-06-2012 18:50:57 --- INFO: Toyota 4RUNNER 4WD V6 - found: 103, pass primary filters: 30, did not pass the filter by colors: 28, did not pass the filter by options: 0, added: 2, new vincodes: 0
30-06-2012 18:53:12 --- INFO: Toyota Highlander 4WD - found: 176, pass primary filters: 5, did not pass the filter by colors: 5, did not pass the filter by options: 0, added: 0, new vincodes: 0
30-06-2012 18:54:54 --- INFO: Toyota Highlander - found: 117, pass primary filters: 0, did not pass the filter by colors: 0, did not pass the filter by options: , added: 0, new vincodes: 0
30-06-2012 18:56:20 --- INFO: Lexus RX 350 - found: 101, pass primary filters: 22, did not pass the filter by colors: 21, did not pass the filter by options: 0, added: 1, new vincodes: 0
30-06-2012 18:59:04 --- INFO: Toyota 4RUNNER Limited V6 - found: 187, pass primary filters: 5, did not pass the filter by colors: 5, did not pass the filter by options: , added: 0, new vincodes: 0
30-06-2012 18:59:04 --- INFO: finish: 30-06-2012 18:59:04
30-06-2012 18:59:04 --- INFO: elapsed time: ~1142.61 sec., memory usage: ~4.83 Mb.