2010-12-02T08:53:31+00:00 INFO (6): Запуск задачи
2010-12-02T08:53:31+00:00 INFO (6): Exporttrader
2010-12-02T08:53:32+00:00 INFO (6): Каптча получена и записана в локальный файл
2010-12-02T08:53:42+00:00 INFO (6): Каптча распознана: 18579
2010-12-02T08:53:44+00:00 INFO (6): Авторизация: запрос №1 прошел
2010-12-02T08:53:45+00:00 INFO (6): Авторизация: запрос №2 прошел
2010-12-02T08:53:45+00:00 INFO (6): Запрос авторизован
2010-12-02T08:53:54+00:00 INFO (6): Тип 1 - найдено: 60, прошли первичные фильтры: 16, не прошли фильтр по цветам: 4, добавлено: 12, новых вин-кодов: 3
2010-12-02T08:54:09+00:00 INFO (6): Тип 2 - найдено: 114, прошли первичные фильтры: 22, не прошли фильтр по цветам: 7, добавлено: 15, новых вин-кодов: 4
2010-12-02T08:54:12+00:00 INFO (6): Тип 3 - найдено: 40, прошли первичные фильтры: 0, не прошли фильтр по цветам: 0, добавлено: 0, новых вин-кодов: 0
2010-12-02T08:54:21+00:00 INFO (6): Тип 4 - найдено: 33, прошли первичные фильтры: 13, не прошли фильтр по цветам: 11, добавлено: 2, новых вин-кодов: 3
2010-12-02T08:54:30+00:00 INFO (6): Тип 5 - найдено: 46, прошли первичные фильтры: 24, не прошли фильтр по цветам: 23, добавлено: 1, новых вин-кодов: 3
2010-12-02T08:54:32+00:00 INFO (6): Тип 6 - найдено: 8, прошли первичные фильтры: 6, не прошли фильтр по цветам: 6, добавлено: 0, новых вин-кодов: 0
2010-12-02T08:54:42+00:00 INFO (6): Тип 7 - найдено: 23, прошли первичные фильтры: 18, не прошли фильтр по цветам: 18, добавлено: 0, новых вин-кодов: 4
2010-12-02T08:54:49+00:00 INFO (6): Тип 8 - найдено: 10, прошли первичные фильтры: 10, не прошли фильтр по цветам: 10, добавлено: 0, новых вин-кодов: 2
2010-12-02T08:54:53+00:00 INFO (6): Тип 9 - найдено: 58, прошли первичные фильтры: 4, не прошли фильтр по цветам: 0, добавлено: 4, новых вин-кодов: 0
2010-12-02T08:55:02+00:00 INFO (6): Тип 10 - найдено: 123, прошли первичные фильтры: 5, не прошли фильтр по цветам: 0, добавлено: 5, новых вин-кодов: 1
2010-12-02T08:55:11+00:00 INFO (6): Тип 21 - найдено: 80, прошли первичные фильтры: 7, не прошли фильтр по цветам: 6, добавлено: 1, новых вин-кодов: 2
2010-12-02T08:55:24+00:00 INFO (6): Тип 22 - найдено: 165, прошли первичные фильтры: 3, не прошли фильтр по цветам: 1, добавлено: 2, новых вин-кодов: 1
2010-12-02T08:55:33+00:00 INFO (6): Тип 23 - найдено: 69, прошли первичные фильтры: 8, не прошли фильтр по цветам: 6, добавлено: 2, новых вин-кодов: 2
2010-12-02T08:55:40+00:00 INFO (6): Тип 27 - найдено: 84, прошли первичные фильтры: 3, не прошли фильтр по цветам: 2, добавлено: 1, новых вин-кодов: 0
2010-12-02T08:55:40+00:00 INFO (6): Adesa
2010-12-02T08:55:40+00:00 INFO (6): Авторизация: запрос №1 прошел
2010-12-02T08:55:41+00:00 INFO (6): Авторизация: запрос №2 прошел
2010-12-02T08:55:41+00:00 INFO (6): Запрос авторизован
2010-12-02T08:55:44+00:00 INFO (6): Тип 11 - найдено: 11, прошли первичные фильтры: 3, не прошли фильтр по цветам: 0, добавлено: 3, новых вин-кодов: 1
2010-12-02T08:55:48+00:00 INFO (6): Тип 12 - найдено: 7, прошли первичные фильтры: 4, не прошли фильтр по цветам: 2, добавлено: 2, новых вин-кодов: 2
2010-12-02T08:55:48+00:00 INFO (6): Тип 13 - найдено: 2, прошли первичные фильтры: 0, не прошли фильтр по цветам: 0, добавлено: 0, новых вин-кодов: 0
2010-12-02T08:55:50+00:00 INFO (6): Тип 14 - найдено: 3, прошли первичные фильтры: 3, не прошли фильтр по цветам: 2, добавлено: 1, новых вин-кодов: 1
2010-12-02T08:55:52+00:00 INFO (6): Тип 15 - найдено: 8, прошли первичные фильтры: 6, не прошли фильтр по цветам: 6, добавлено: 0, новых вин-кодов: 1
2010-12-02T08:55:54+00:00 INFO (6): Тип 16 - найдено: 2, прошли первичные фильтры: 1, не прошли фильтр по цветам: 1, добавлено: 0, новых вин-кодов: 1
2010-12-02T08:55:54+00:00 INFO (6): Тип 17 - найдено: 1, прошли первичные фильтры: 0, не прошли фильтр по цветам: 0, добавлено: 0, новых вин-кодов: 0
2010-12-02T08:55:54+00:00 INFO (6): Тип 18 - найдено: 1, прошли первичные фильтры: 1, не прошли фильтр по цветам: 1, добавлено: 0, новых вин-кодов: 0
2010-12-02T08:55:54+00:00 INFO (6): Тип 19 - найдено: 8, прошли первичные фильтры: 0, не прошли фильтр по цветам: 0, добавлено: 0, новых вин-кодов: 0
2010-12-02T08:55:54+00:00 INFO (6): Тип 20 - найдено: 14, прошли первичные фильтры: 0, не прошли фильтр по цветам: 0, добавлено: 0, новых вин-кодов: 0
2010-12-02T08:55:59+00:00 INFO (6): Тип 24 - найдено: 19, прошли первичные фильтры: 2, не прошли фильтр по цветам: 2, добавлено: 0, новых вин-кодов: 2
2010-12-02T08:55:59+00:00 INFO (6): Тип 25 - найдено: 19, прошли первичные фильтры: 1, не прошли фильтр по цветам: 0, добавлено: 1, новых вин-кодов: 0
2010-12-02T08:55:59+00:00 INFO (6): Тип 26 - найдено: 7, прошли первичные фильтры: 1, не прошли фильтр по цветам: 0, добавлено: 1, новых вин-кодов: 0
2010-12-02T08:56:00+00:00 INFO (6): Тип 28 - найдено: 13, прошли первичные фильтры: 1, не прошли фильтр по цветам: 1, добавлено: 0, новых вин-кодов: 0
2010-12-02T08:56:00+00:00 INFO (6): Завершение задачи
2010-12-02T08:59:27+00:00 INFO (6): Запуск задачи
2010-12-02T08:59:27+00:00 INFO (6): Exporttrader
2010-12-02T08:59:28+00:00 INFO (6): Запрос авторизован
2010-12-02T08:59:32+00:00 INFO (6): Тип 1 - найдено: 60, прошли первичные фильтры: 16, не прошли фильтр по цветам: 4, добавлено: 12, новых вин-кодов: 0
2010-12-02T08:59:38+00:00 INFO (6): Тип 2 - найдено: 114, прошли первичные фильтры: 22, не прошли фильтр по цветам: 7, добавлено: 15, новых вин-кодов: 0
2010-12-02T08:59:41+00:00 INFO (6): Тип 3 - найдено: 40, прошли первичные фильтры: 0, не прошли фильтр по цветам: 0, добавлено: 0, новых вин-кодов: 0
2010-12-02T08:59:44+00:00 INFO (6): Тип 4 - найдено: 33, прошли первичные фильтры: 13, не прошли фильтр по цветам: 11, добавлено: 2, новых вин-кодов: 0
2010-12-02T08:59:49+00:00 INFO (6): Тип 5 - найдено: 46, прошли первичные фильтры: 24, не прошли фильтр по цветам: 23, добавлено: 1, новых вин-кодов: 0
2010-12-02T08:59:51+00:00 INFO (6): Тип 6 - найдено: 8, прошли первичные фильтры: 6, не прошли фильтр по цветам: 6, добавлено: 0, новых вин-кодов: 0
2010-12-02T08:59:54+00:00 INFO (6): Тип 7 - найдено: 23, прошли первичные фильтры: 18, не прошли фильтр по цветам: 18, добавлено: 0, новых вин-кодов: 0
2010-12-02T08:59:56+00:00 INFO (6): Тип 8 - найдено: 10, прошли первичные фильтры: 10, не прошли фильтр по цветам: 10, добавлено: 0, новых вин-кодов: 0
2010-12-02T09:00:00+00:00 INFO (6): Тип 9 - найдено: 58, прошли первичные фильтры: 4, не прошли фильтр по цветам: 0, добавлено: 4, новых вин-кодов: 0
2010-12-02T09:00:06+00:00 INFO (6): Тип 10 - найдено: 123, прошли первичные фильтры: 5, не прошли фильтр по цветам: 0, добавлено: 5, новых вин-кодов: 0
2010-12-02T09:00:11+00:00 INFO (6): Тип 21 - найдено: 80, прошли первичные фильтры: 7, не прошли фильтр по цветам: 6, добавлено: 1, новых вин-кодов: 0
2010-12-02T09:00:21+00:00 INFO (6): Тип 22 - найдено: 165, прошли первичные фильтры: 3, не прошли фильтр по цветам: 1, добавлено: 2, новых вин-кодов: 0
2010-12-02T09:00:27+00:00 INFO (6): Тип 23 - найдено: 69, прошли первичные фильтры: 8, не прошли фильтр по цветам: 6, добавлено: 2, новых вин-кодов: 0
2010-12-02T09:00:31+00:00 INFO (6): Тип 27 - найдено: 84, прошли первичные фильтры: 3, не прошли фильтр по цветам: 2, добавлено: 1, новых вин-кодов: 0
2010-12-02T09:00:31+00:00 INFO (6): Adesa
2010-12-02T09:00:32+00:00 INFO (6): Запрос авторизован
2010-12-02T09:00:33+00:00 INFO (6): Тип 11 - найдено: 11, прошли первичные фильтры: 3, не прошли фильтр по цветам: 0, добавлено: 3, новых вин-кодов: 0
2010-12-02T09:00:33+00:00 INFO (6): Тип 12 - найдено: 7, прошли первичные фильтры: 4, не прошли фильтр по цветам: 2, добавлено: 2, новых вин-кодов: 0
2010-12-02T09:00:33+00:00 INFO (6): Тип 13 - найдено: 2, прошли первичные фильтры: 0, не прошли фильтр по цветам: 0, добавлено: 0, новых вин-кодов: 0
2010-12-02T09:00:33+00:00 INFO (6): Тип 14 - найдено: 3, прошли первичные фильтры: 3, не прошли фильтр по цветам: 2, добавлено: 1, новых вин-кодов: 0
2010-12-02T09:00:33+00:00 INFO (6): Тип 15 - найдено: 8, прошли первичные фильтры: 6, не прошли фильтр по цветам: 6, добавлено: 0, новых вин-кодов: 0
2010-12-02T09:00:34+00:00 INFO (6): Тип 16 - найдено: 2, прошли первичные фильтры: 1, не прошли фильтр по цветам: 1, добавлено: 0, новых вин-кодов: 0
2010-12-02T09:00:34+00:00 INFO (6): Тип 17 - найдено: 1, прошли первичные фильтры: 0, не прошли фильтр по цветам: 0, добавлено: 0, новых вин-кодов: 0
2010-12-02T09:00:34+00:00 INFO (6): Тип 18 - найдено: 1, прошли первичные фильтры: 1, не прошли фильтр по цветам: 1, добавлено: 0, новых вин-кодов: 0
2010-12-02T09:00:34+00:00 INFO (6): Тип 19 - найдено: 8, прошли первичные фильтры: 0, не прошли фильтр по цветам: 0, добавлено: 0, новых вин-кодов: 0
2010-12-02T09:00:34+00:00 INFO (6): Тип 20 - найдено: 14, прошли первичные фильтры: 0, не прошли фильтр по цветам: 0, добавлено: 0, новых вин-кодов: 0
2010-12-02T09:00:35+00:00 INFO (6): Тип 24 - найдено: 19, прошли первичные фильтры: 2, не прошли фильтр по цветам: 2, добавлено: 0, новых вин-кодов: 0
2010-12-02T09:00:35+00:00 INFO (6): Тип 25 - найдено: 19, прошли первичные фильтры: 1, не прошли фильтр по цветам: 0, добавлено: 1, новых вин-кодов: 0
2010-12-02T09:00:35+00:00 INFO (6): Тип 26 - найдено: 7, прошли первичные фильтры: 1, не прошли фильтр по цветам: 0, добавлено: 1, новых вин-кодов: 0
2010-12-02T09:00:35+00:00 INFO (6): Тип 28 - найдено: 13, прошли первичные фильтры: 1, не прошли фильтр по цветам: 1, добавлено: 0, новых вин-кодов: 0
2010-12-02T09:00:35+00:00 INFO (6): Завершение задачи
2010-12-02T09:01:18+00:00 INFO (6): Запуск задачи
2010-12-02T09:01:18+00:00 INFO (6): Exporttrader
2010-12-02T09:01:19+00:00 INFO (6): Запрос авторизован
2010-12-02T09:01:22+00:00 INFO (6): Тип 1 - найдено: 60, прошли первичные фильтры: 16, не прошли фильтр по цветам: 4, добавлено: 12, новых вин-кодов: 0
2010-12-02T09:01:30+00:00 INFO (6): Тип 2 - найдено: 114, прошли первичные фильтры: 22, не прошли фильтр по цветам: 7, добавлено: 15, новых вин-кодов: 0
2010-12-02T09:01:33+00:00 INFO (6): Тип 3 - найдено: 40, прошли первичные фильтры: 0, не прошли фильтр по цветам: 0, добавлено: 0, новых вин-кодов: 0
2010-12-02T09:01:36+00:00 INFO (6): Тип 4 - найдено: 33, прошли первичные фильтры: 13, не прошли фильтр по цветам: 11, добавлено: 2, новых вин-кодов: 0
2010-12-02T09:01:41+00:00 INFO (6): Тип 5 - найдено: 46, прошли первичные фильтры: 24, не прошли фильтр по цветам: 23, добавлено: 1, новых вин-кодов: 0
2010-12-02T09:01:42+00:00 INFO (6): Тип 6 - найдено: 8, прошли первичные фильтры: 6, не прошли фильтр по цветам: 6, добавлено: 0, новых вин-кодов: 0
2010-12-02T09:01:45+00:00 INFO (6): Тип 7 - найдено: 23, прошли первичные фильтры: 18, не прошли фильтр по цветам: 18, добавлено: 0, новых вин-кодов: 0
2010-12-02T09:01:46+00:00 INFO (6): Тип 8 - найдено: 10, прошли первичные фильтры: 10, не прошли фильтр по цветам: 10, добавлено: 0, новых вин-кодов: 0
2010-12-02T09:01:51+00:00 INFO (6): Тип 9 - найдено: 58, прошли первичные фильтры: 4, не прошли фильтр по цветам: 0, добавлено: 4, новых вин-кодов: 0
2010-12-02T09:02:00+00:00 INFO (6): Тип 10 - найдено: 123, прошли первичные фильтры: 5, не прошли фильтр по цветам: 0, добавлено: 5, новых вин-кодов: 0
2010-12-02T09:02:05+00:00 INFO (6): Тип 21 - найдено: 80, прошли первичные фильтры: 7, не прошли фильтр по цветам: 6, добавлено: 1, новых вин-кодов: 0
2010-12-02T09:02:16+00:00 INFO (6): Тип 22 - найдено: 165, прошли первичные фильтры: 3, не прошли фильтр по цветам: 1, добавлено: 2, новых вин-кодов: 0
2010-12-02T09:02:25+00:00 INFO (6): Тип 23 - найдено: 69, прошли первичные фильтры: 8, не прошли фильтр по цветам: 6, добавлено: 2, новых вин-кодов: 0
2010-12-02T09:02:33+00:00 INFO (6): Тип 27 - найдено: 84, прошли первичные фильтры: 3, не прошли фильтр по цветам: 2, добавлено: 1, новых вин-кодов: 0
2010-12-02T09:02:33+00:00 INFO (6): Adesa
2010-12-02T09:02:35+00:00 INFO (6): Запрос авторизован
2010-12-02T09:02:35+00:00 INFO (6): Тип 11 - найдено: 11, прошли первичные фильтры: 3, не прошли фильтр по цветам: 0, добавлено: 3, новых вин-кодов: 0
2010-12-02T09:02:35+00:00 INFO (6): Тип 12 - найдено: 7, прошли первичные фильтры: 4, не прошли фильтр по цветам: 2, добавлено: 2, новых вин-кодов: 0
2010-12-02T09:02:35+00:00 INFO (6): Тип 13 - найдено: 2, прошли первичные фильтры: 0, не прошли фильтр по цветам: 0, добавлено: 0, новых вин-кодов: 0
2010-12-02T09:02:36+00:00 INFO (6): Тип 14 - найдено: 3, прошли первичные фильтры: 3, не прошли фильтр по цветам: 2, добавлено: 1, новых вин-кодов: 0
2010-12-02T09:02:36+00:00 INFO (6): Тип 15 - найдено: 8, прошли первичные фильтры: 6, не прошли фильтр по цветам: 6, добавлено: 0, новых вин-кодов: 0
2010-12-02T09:02:36+00:00 INFO (6): Тип 16 - найдено: 2, прошли первичные фильтры: 1, не прошли фильтр по цветам: 1, добавлено: 0, новых вин-кодов: 0
2010-12-02T09:02:36+00:00 INFO (6): Тип 17 - найдено: 1, прошли первичные фильтры: 0, не прошли фильтр по цветам: 0, добавлено: 0, новых вин-кодов: 0
2010-12-02T09:02:36+00:00 INFO (6): Тип 18 - найдено: 1, прошли первичные фильтры: 1, не прошли фильтр по цветам: 1, добавлено: 0, новых вин-кодов: 0
2010-12-02T09:02:36+00:00 INFO (6): Тип 19 - найдено: 8, прошли первичные фильтры: 0, не прошли фильтр по цветам: 0, добавлено: 0, новых вин-кодов: 0
2010-12-02T09:02:37+00:00 INFO (6): Тип 20 - найдено: 14, прошли первичные фильтры: 0, не прошли фильтр по цветам: 0, добавлено: 0, новых вин-кодов: 0
2010-12-02T09:02:37+00:00 INFO (6): Тип 24 - найдено: 19, прошли первичные фильтры: 2, не прошли фильтр по цветам: 2, добавлено: 0, новых вин-кодов: 0
2010-12-02T09:02:37+00:00 INFO (6): Тип 25 - найдено: 19, прошли первичные фильтры: 1, не прошли фильтр по цветам: 0, добавлено: 1, новых вин-кодов: 0
2010-12-02T09:02:37+00:00 INFO (6): Тип 26 - найдено: 7, прошли первичные фильтры: 1, не прошли фильтр по цветам: 0, добавлено: 1, новых вин-кодов: 0
2010-12-02T09:02:38+00:00 INFO (6): Тип 28 - найдено: 13, прошли первичные фильтры: 1, не прошли фильтр по цветам: 1, добавлено: 0, новых вин-кодов: 0
2010-12-02T09:02:38+00:00 INFO (6): Завершение задачи
2010-12-02T09:03:32+00:00 INFO (6): Запуск задачи
2010-12-02T09:03:32+00:00 INFO (6): Exporttrader
2010-12-02T09:03:33+00:00 INFO (6): Запрос авторизован
2010-12-02T09:03:37+00:00 INFO (6): Тип 1 - найдено: 60, прошли первичные фильтры: 16, не прошли фильтр по цветам: 4, добавлено: 12, новых вин-кодов: 0
2010-12-02T09:03:44+00:00 INFO (6): Тип 2 - найдено: 114, прошли первичные фильтры: 22, не прошли фильтр по цветам: 7, добавлено: 15, новых вин-кодов: 0
2010-12-02T09:03:47+00:00 INFO (6): Тип 3 - найдено: 40, прошли первичные фильтры: 0, не прошли фильтр по цветам: 0, добавлено: 0, новых вин-кодов: 0
2010-12-02T09:03:50+00:00 INFO (6): Тип 4 - найдено: 33, прошли первичные фильтры: 13, не прошли фильтр по цветам: 11, добавлено: 2, новых вин-кодов: 0
2010-12-02T09:03:55+00:00 INFO (6): Тип 5 - найдено: 46, прошли первичные фильтры: 24, не прошли фильтр по цветам: 23, добавлено: 1, новых вин-кодов: 0
2010-12-02T09:03:56+00:00 INFO (6): Тип 6 - найдено: 8, прошли первичные фильтры: 6, не прошли фильтр по цветам: 6, добавлено: 0, новых вин-кодов: 0
2010-12-02T09:03:59+00:00 INFO (6): Тип 7 - найдено: 23, прошли первичные фильтры: 18, не прошли фильтр по цветам: 18, добавлено: 0, новых вин-кодов: 0
2010-12-02T09:04:00+00:00 INFO (6): Тип 8 - найдено: 10, прошли первичные фильтры: 10, не прошли фильтр по цветам: 10, добавлено: 0, новых вин-кодов: 0
2010-12-02T09:04:07+00:00 INFO (6): Тип 9 - найдено: 58, прошли первичные фильтры: 4, не прошли фильтр по цветам: 0, добавлено: 4, новых вин-кодов: 0
2010-12-02T09:04:15+00:00 INFO (6): Тип 10 - найдено: 123, прошли первичные фильтры: 5, не прошли фильтр по цветам: 0, добавлено: 5, новых вин-кодов: 0
2010-12-02T09:04:22+00:00 INFO (6): Тип 21 - найдено: 80, прошли первичные фильтры: 7, не прошли фильтр по цветам: 6, добавлено: 1, новых вин-кодов: 0
2010-12-02T09:04:32+00:00 INFO (6): Тип 22 - найдено: 165, прошли первичные фильтры: 3, не прошли фильтр по цветам: 1, добавлено: 2, новых вин-кодов: 0
2010-12-02T09:04:37+00:00 INFO (6): Тип 23 - найдено: 69, прошли первичные фильтры: 8, не прошли фильтр по цветам: 6, добавлено: 2, новых вин-кодов: 0
2010-12-02T09:04:43+00:00 INFO (6): Тип 27 - найдено: 84, прошли первичные фильтры: 3, не прошли фильтр по цветам: 2, добавлено: 1, новых вин-кодов: 0
2010-12-02T09:04:43+00:00 INFO (6): Adesa
2010-12-02T09:04:45+00:00 INFO (6): Запрос авторизован
2010-12-02T09:04:45+00:00 INFO (6): Тип 11 - найдено: 11, прошли первичные фильтры: 3, не прошли фильтр по цветам: 0, добавлено: 3, новых вин-кодов: 0
2010-12-02T09:04:45+00:00 INFO (6): Тип 12 - найдено: 7, прошли первичные фильтры: 4, не прошли фильтр по цветам: 2, добавлено: 2, новых вин-кодов: 0
2010-12-02T09:04:45+00:00 INFO (6): Тип 13 - найдено: 2, прошли первичные фильтры: 0, не прошли фильтр по цветам: 0, добавлено: 0, новых вин-кодов: 0
2010-12-02T09:04:46+00:00 INFO (6): Тип 14 - найдено: 3, прошли первичные фильтры: 3, не прошли фильтр по цветам: 2, добавлено: 1, новых вин-кодов: 0
2010-12-02T09:04:46+00:00 INFO (6): Тип 15 - найдено: 8, прошли первичные фильтры: 6, не прошли фильтр по цветам: 6, добавлено: 0, новых вин-кодов: 0
2010-12-02T09:04:46+00:00 INFO (6): Тип 16 - найдено: 2, прошли первичные фильтры: 1, не прошли фильтр по цветам: 1, добавлено: 0, новых вин-кодов: 0
2010-12-02T09:04:46+00:00 INFO (6): Тип 17 - найдено: 1, прошли первичные фильтры: 0, не прошли фильтр по цветам: 0, добавлено: 0, новых вин-кодов: 0
2010-12-02T09:04:46+00:00 INFO (6): Тип 18 - найдено: 1, прошли первичные фильтры: 1, не прошли фильтр по цветам: 1, добавлено: 0, новых вин-кодов: 0
2010-12-02T09:04:47+00:00 INFO (6): Тип 19 - найдено: 8, прошли первичные фильтры: 0, не прошли фильтр по цветам: 0, добавлено: 0, новых вин-кодов: 0
2010-12-02T09:04:47+00:00 INFO (6): Тип 20 - найдено: 14, прошли первичные фильтры: 0, не прошли фильтр по цветам: 0, добавлено: 0, новых вин-кодов: 0
2010-12-02T09:04:47+00:00 INFO (6): Тип 24 - найдено: 19, прошли первичные фильтры: 2, не прошли фильтр по цветам: 2, добавлено: 0, новых вин-кодов: 0
2010-12-02T09:04:47+00:00 INFO (6): Тип 25 - найдено: 19, прошли первичные фильтры: 1, не прошли фильтр по цветам: 0, добавлено: 1, новых вин-кодов: 0
2010-12-02T09:04:47+00:00 INFO (6): Тип 26 - найдено: 7, прошли первичные фильтры: 1, не прошли фильтр по цветам: 0, добавлено: 1, новых вин-кодов: 0
2010-12-02T09:04:47+00:00 INFO (6): Тип 28 - найдено: 13, прошли первичные фильтры: 1, не прошли фильтр по цветам: 1, добавлено: 0, новых вин-кодов: 0
2010-12-02T09:04:47+00:00 INFO (6): Завершение задачи
2010-12-02T15:23:15+00:00 INFO (6): Запуск задачи
2010-12-02T15:23:15+00:00 INFO (6): Exporttrader
2010-12-02T15:23:16+00:00 INFO (6): Каптча получена и записана в локальный файл
2010-12-02T15:23:28+00:00 INFO (6): Каптча распознана: 81257
2010-12-02T15:23:29+00:00 INFO (6): Авторизация: запрос №1 прошел
2010-12-02T15:23:30+00:00 INFO (6): Авторизация: запрос №2 прошел
2010-12-02T15:23:30+00:00 INFO (6): Запрос авторизован
2010-12-02T15:23:36+00:00 INFO (6): Тип 1 - найдено: 64, прошли первичные фильтры: 17, не прошли фильтр по цветам: 4, добавлено: 13, новых вин-кодов: 0
2010-12-02T15:23:43+00:00 INFO (6): Тип 2 - найдено: 113, прошли первичные фильтры: 21, не прошли фильтр по цветам: 8, добавлено: 13, новых вин-кодов: 0
2010-12-02T15:23:48+00:00 INFO (6): Тип 3 - найдено: 41, прошли первичные фильтры: 0, не прошли фильтр по цветам: 0, добавлено: 0, новых вин-кодов: 0
2010-12-02T15:23:52+00:00 INFO (6): Тип 4 - найдено: 34, прошли первичные фильтры: 13, не прошли фильтр по цветам: 11, добавлено: 2, новых вин-кодов: 0
2010-12-02T15:23:56+00:00 INFO (6): Тип 5 - найдено: 43, прошли первичные фильтры: 21, не прошли фильтр по цветам: 20, добавлено: 1, новых вин-кодов: 0
2010-12-02T15:23:58+00:00 INFO (6): Тип 6 - найдено: 8, прошли первичные фильтры: 6, не прошли фильтр по цветам: 6, добавлено: 0, новых вин-кодов: 0
2010-12-02T15:24:01+00:00 INFO (6): Тип 7 - найдено: 25, прошли первичные фильтры: 20, не прошли фильтр по цветам: 20, добавлено: 0, новых вин-кодов: 0
2010-12-02T15:24:03+00:00 INFO (6): Тип 8 - найдено: 11, прошли первичные фильтры: 10, не прошли фильтр по цветам: 10, добавлено: 0, новых вин-кодов: 0
2010-12-02T15:24:07+00:00 INFO (6): Тип 9 - найдено: 60, прошли первичные фильтры: 5, не прошли фильтр по цветам: 0, добавлено: 5, новых вин-кодов: 0
2010-12-02T15:24:18+00:00 INFO (6): Тип 10 - найдено: 123, прошли первичные фильтры: 5, не прошли фильтр по цветам: 0, добавлено: 5, новых вин-кодов: 0
2010-12-02T15:24:23+00:00 INFO (6): Тип 21 - найдено: 79, прошли первичные фильтры: 7, не прошли фильтр по цветам: 6, добавлено: 1, новых вин-кодов: 0
2010-12-02T15:24:34+00:00 INFO (6): Тип 22 - найдено: 169, прошли первичные фильтры: 3, не прошли фильтр по цветам: 1, добавлено: 2, новых вин-кодов: 0
2010-12-02T15:24:39+00:00 INFO (6): Тип 23 - найдено: 71, прошли первичные фильтры: 8, не прошли фильтр по цветам: 6, добавлено: 2, новых вин-кодов: 0
2010-12-02T15:24:46+00:00 INFO (6): Тип 27 - найдено: 86, прошли первичные фильтры: 3, не прошли фильтр по цветам: 2, добавлено: 1, новых вин-кодов: 0
2010-12-02T15:24:46+00:00 INFO (6): Adesa
2010-12-02T15:24:46+00:00 INFO (6): Авторизация: запрос №1 прошел
2010-12-02T15:24:47+00:00 INFO (6): Авторизация: запрос №2 прошел
2010-12-02T15:24:47+00:00 INFO (6): Запрос авторизован
2010-12-02T15:24:51+00:00 INFO (6): Тип 11 - найдено: 12, прошли первичные фильтры: 5, не прошли фильтр по цветам: 0, добавлено: 5, новых вин-кодов: 2
2010-12-02T15:24:51+00:00 INFO (6): Тип 12 - найдено: 7, прошли первичные фильтры: 4, не прошли фильтр по цветам: 2, добавлено: 2, новых вин-кодов: 0
2010-12-02T15:24:51+00:00 INFO (6): Тип 13 - найдено: 2, прошли первичные фильтры: 0, не прошли фильтр по цветам: 0, добавлено: 0, новых вин-кодов: 0
2010-12-02T15:24:53+00:00 INFO (6): Тип 14 - найдено: 4, прошли первичные фильтры: 4, не прошли фильтр по цветам: 3, добавлено: 1, новых вин-кодов: 1
2010-12-02T15:24:53+00:00 INFO (6): Тип 15 - найдено: 8, прошли первичные фильтры: 6, не прошли фильтр по цветам: 6, добавлено: 0, новых вин-кодов: 0
2010-12-02T15:24:53+00:00 INFO (6): Тип 16 - найдено: 2, прошли первичные фильтры: 1, не прошли фильтр по цветам: 1, добавлено: 0, новых вин-кодов: 0
2010-12-02T15:24:53+00:00 INFO (6): Тип 17 - найдено: 1, прошли первичные фильтры: 0, не прошли фильтр по цветам: 0, добавлено: 0, новых вин-кодов: 0
2010-12-02T15:24:54+00:00 INFO (6): Тип 18 - найдено: 2, прошли первичные фильтры: 2, не прошли фильтр по цветам: 2, добавлено: 0, новых вин-кодов: 0
2010-12-02T15:24:54+00:00 INFO (6): Тип 19 - найдено: 9, прошли первичные фильтры: 0, не прошли фильтр по цветам: 0, добавлено: 0, новых вин-кодов: 0
2010-12-02T15:24:54+00:00 INFO (6): Тип 20 - найдено: 16, прошли первичные фильтры: 1, не прошли фильтр по цветам: 0, добавлено: 1, новых вин-кодов: 0
2010-12-02T15:24:54+00:00 INFO (6): Тип 24 - найдено: 19, прошли первичные фильтры: 2, не прошли фильтр по цветам: 2, добавлено: 0, новых вин-кодов: 0
2010-12-02T15:24:55+00:00 INFO (6): Тип 25 - найдено: 21, прошли первичные фильтры: 1, не прошли фильтр по цветам: 0, добавлено: 1, новых вин-кодов: 0
2010-12-02T15:24:55+00:00 INFO (6): Тип 26 - найдено: 8, прошли первичные фильтры: 1, не прошли фильтр по цветам: 0, добавлено: 1, новых вин-кодов: 0
2010-12-02T15:24:57+00:00 INFO (6): Тип 28 - найдено: 16, прошли первичные фильтры: 2, не прошли фильтр по цветам: 2, добавлено: 0, новых вин-кодов: 1
2010-12-02T15:24:57+00:00 INFO (6): Завершение задачи
2010-12-02T17:00:25+00:00 INFO (6): Запуск задачи
2010-12-02T17:00:25+00:00 INFO (6): Exporttrader
2010-12-02T17:00:26+00:00 INFO (6): Запрос авторизован
2010-12-02T17:00:29+00:00 INFO (6): Тип 1 - найдено: 68, прошли первичные фильтры: 17, не прошли фильтр по цветам: 4, добавлено: 13, новых вин-кодов: 0
2010-12-02T17:00:34+00:00 INFO (6): Тип 2 - найдено: 116, прошли первичные фильтры: 22, не прошли фильтр по цветам: 9, добавлено: 13, новых вин-кодов: 0
2010-12-02T17:00:37+00:00 INFO (6): Тип 3 - найдено: 41, прошли первичные фильтры: 0, не прошли фильтр по цветам: 0, добавлено: 0, новых вин-кодов: 0
2010-12-02T17:00:41+00:00 INFO (6): Тип 4 - найдено: 34, прошли первичные фильтры: 13, не прошли фильтр по цветам: 11, добавлено: 2, новых вин-кодов: 0
2010-12-02T17:00:44+00:00 INFO (6): Тип 5 - найдено: 43, прошли первичные фильтры: 21, не прошли фильтр по цветам: 20, добавлено: 1, новых вин-кодов: 0
2010-12-02T17:00:45+00:00 INFO (6): Тип 6 - найдено: 8, прошли первичные фильтры: 6, не прошли фильтр по цветам: 6, добавлено: 0, новых вин-кодов: 0
2010-12-02T17:00:48+00:00 INFO (6): Тип 7 - найдено: 25, прошли первичные фильтры: 20, не прошли фильтр по цветам: 20, добавлено: 0, новых вин-кодов: 0
2010-12-02T17:00:50+00:00 INFO (6): Тип 8 - найдено: 11, прошли первичные фильтры: 10, не прошли фильтр по цветам: 10, добавлено: 0, новых вин-кодов: 0
2010-12-02T17:00:54+00:00 INFO (6): Тип 9 - найдено: 70, прошли первичные фильтры: 5, не прошли фильтр по цветам: 0, добавлено: 5, новых вин-кодов: 0
2010-12-02T17:01:02+00:00 INFO (6): Тип 10 - найдено: 125, прошли первичные фильтры: 5, не прошли фильтр по цветам: 0, добавлено: 5, новых вин-кодов: 0
2010-12-02T17:01:08+00:00 INFO (6): Тип 21 - найдено: 84, прошли первичные фильтры: 7, не прошли фильтр по цветам: 6, добавлено: 1, новых вин-кодов: 0
2010-12-02T17:01:17+00:00 INFO (6): Тип 22 - найдено: 172, прошли первичные фильтры: 3, не прошли фильтр по цветам: 1, добавлено: 2, новых вин-кодов: 0
2010-12-02T17:01:23+00:00 INFO (6): Тип 23 - найдено: 78, прошли первичные фильтры: 8, не прошли фильтр по цветам: 6, добавлено: 2, новых вин-кодов: 0
2010-12-02T17:01:30+00:00 INFO (6): Тип 27 - найдено: 91, прошли первичные фильтры: 3, не прошли фильтр по цветам: 2, добавлено: 1, новых вин-кодов: 0
2010-12-02T17:01:30+00:00 INFO (6): Adesa
2010-12-02T17:01:30+00:00 INFO (6): Авторизация: запрос №1 прошел
2010-12-02T17:01:32+00:00 INFO (6): Авторизация: запрос №2 прошел
2010-12-02T17:01:32+00:00 INFO (6): Запрос авторизован
2010-12-02T17:01:32+00:00 INFO (6): Тип 11 - найдено: 12, прошли первичные фильтры: 5, не прошли фильтр по цветам: 0, добавлено: 5, новых вин-кодов: 0
2010-12-02T17:01:32+00:00 INFO (6): Тип 12 - найдено: 6, прошли первичные фильтры: 3, не прошли фильтр по цветам: 2, добавлено: 1, новых вин-кодов: 0
2010-12-02T17:01:33+00:00 INFO (6): Тип 13 - найдено: 2, прошли первичные фильтры: 0, не прошли фильтр по цветам: 0, добавлено: 0, новых вин-кодов: 0
2010-12-02T17:01:33+00:00 INFO (6): Тип 14 - найдено: 3, прошли первичные фильтры: 3, не прошли фильтр по цветам: 2, добавлено: 1, новых вин-кодов: 0
2010-12-02T17:01:33+00:00 INFO (6): Тип 15 - найдено: 8, прошли первичные фильтры: 6, не прошли фильтр по цветам: 6, добавлено: 0, новых вин-кодов: 0
2010-12-02T17:01:33+00:00 INFO (6): Тип 16 - найдено: 2, прошли первичные фильтры: 1, не прошли фильтр по цветам: 1, добавлено: 0, новых вин-кодов: 0
2010-12-02T17:01:34+00:00 INFO (6): Тип 17 - найдено: 1, прошли первичные фильтры: 0, не прошли фильтр по цветам: 0, добавлено: 0, новых вин-кодов: 0
2010-12-02T17:01:34+00:00 INFO (6): Тип 18 - найдено: 2, прошли первичные фильтры: 2, не прошли фильтр по цветам: 2, добавлено: 0, новых вин-кодов: 0
2010-12-02T17:01:34+00:00 INFO (6): Тип 19 - найдено: 10, прошли первичные фильтры: 0, не прошли фильтр по цветам: 0, добавлено: 0, новых вин-кодов: 0
2010-12-02T17:01:35+00:00 INFO (6): Тип 20 - найдено: 17, прошли первичные фильтры: 1, не прошли фильтр по цветам: 0, добавлено: 1, новых вин-кодов: 0
2010-12-02T17:01:35+00:00 INFO (6): Тип 24 - найдено: 19, прошли первичные фильтры: 2, не прошли фильтр по цветам: 2, добавлено: 0, новых вин-кодов: 0
2010-12-02T17:01:35+00:00 INFO (6): Тип 25 - найдено: 21, прошли первичные фильтры: 1, не прошли фильтр по цветам: 0, добавлено: 1, новых вин-кодов: 0
2010-12-02T17:01:35+00:00 INFO (6): Тип 26 - найдено: 8, прошли первичные фильтры: 1, не прошли фильтр по цветам: 0, добавлено: 1, новых вин-кодов: 0
2010-12-02T17:01:36+00:00 INFO (6): Тип 28 - найдено: 15, прошли первичные фильтры: 2, не прошли фильтр по цветам: 2, добавлено: 0, новых вин-кодов: 0
2010-12-02T17:01:36+00:00 INFO (6): Завершение задачи
2010-12-02T17:39:41+00:00 INFO (6): Запуск задачи
2010-12-02T17:39:41+00:00 INFO (6): Exporttrader
2010-12-02T17:39:42+00:00 INFO (6): Запрос авторизован
2010-12-02T17:39:48+00:00 INFO (6): Тип 1 - найдено: 68, прошли первичные фильтры: 17, не прошли фильтр по цветам: 4, добавлено: 13, новых вин-кодов: 0
2010-12-02T17:39:53+00:00 INFO (6): Тип 2 - найдено: 116, прошли первичные фильтры: 22, не прошли фильтр по цветам: 9, добавлено: 13, новых вин-кодов: 0
2010-12-02T17:39:55+00:00 INFO (6): Тип 3 - найдено: 41, прошли первичные фильтры: 0, не прошли фильтр по цветам: 0, добавлено: 0, новых вин-кодов: 0
2010-12-02T17:39:58+00:00 INFO (6): Тип 4 - найдено: 34, прошли первичные фильтры: 13, не прошли фильтр по цветам: 11, добавлено: 2, новых вин-кодов: 0
2010-12-02T17:40:01+00:00 INFO (6): Тип 5 - найдено: 43, прошли первичные фильтры: 21, не прошли фильтр по цветам: 20, добавлено: 1, новых вин-кодов: 0
2010-12-02T17:40:02+00:00 INFO (6): Тип 6 - найдено: 8, прошли первичные фильтры: 6, не прошли фильтр по цветам: 6, добавлено: 0, новых вин-кодов: 0
2010-12-02T17:40:04+00:00 INFO (6): Тип 7 - найдено: 25, прошли первичные фильтры: 20, не прошли фильтр по цветам: 20, добавлено: 0, новых вин-кодов: 0
2010-12-02T17:40:05+00:00 INFO (6): Тип 8 - найдено: 11, прошли первичные фильтры: 10, не прошли фильтр по цветам: 10, добавлено: 0, новых вин-кодов: 0
2010-12-02T17:40:09+00:00 INFO (6): Тип 9 - найдено: 70, прошли первичные фильтры: 5, не прошли фильтр по цветам: 0, добавлено: 5, новых вин-кодов: 0
2010-12-02T17:40:16+00:00 INFO (6): Тип 10 - найдено: 125, прошли первичные фильтры: 5, не прошли фильтр по цветам: 0, добавлено: 5, новых вин-кодов: 0
2010-12-02T17:40:22+00:00 INFO (6): Тип 21 - найдено: 84, прошли первичные фильтры: 7, не прошли фильтр по цветам: 6, добавлено: 1, новых вин-кодов: 0
2010-12-02T17:40:32+00:00 INFO (6): Тип 22 - найдено: 172, прошли первичные фильтры: 3, не прошли фильтр по цветам: 1, добавлено: 2, новых вин-кодов: 0
2010-12-02T17:40:36+00:00 INFO (6): Тип 23 - найдено: 78, прошли первичные фильтры: 8, не прошли фильтр по цветам: 6, добавлено: 2, новых вин-кодов: 0
2010-12-02T17:40:44+00:00 INFO (6): Тип 27 - найдено: 91, прошли первичные фильтры: 4, не прошли фильтр по цветам: 3, добавлено: 1, новых вин-кодов: 1
2010-12-02T17:40:44+00:00 INFO (6): Adesa
2010-12-02T17:40:46+00:00 INFO (6): Запрос авторизован
2010-12-02T17:40:46+00:00 INFO (6): Тип 11 - найдено: 12, прошли первичные фильтры: 5, не прошли фильтр по цветам: 0, добавлено: 5, новых вин-кодов: 0
2010-12-02T17:40:46+00:00 INFO (6): Тип 12 - найдено: 6, прошли первичные фильтры: 3, не прошли фильтр по цветам: 2, добавлено: 1, новых вин-кодов: 0
2010-12-02T17:40:47+00:00 INFO (6): Тип 13 - найдено: 2, прошли первичные фильтры: 0, не прошли фильтр по цветам: 0, добавлено: 0, новых вин-кодов: 0
2010-12-02T17:40:47+00:00 INFO (6): Тип 14 - найдено: 3, прошли первичные фильтры: 3, не прошли фильтр по цветам: 2, добавлено: 1, новых вин-кодов: 0
2010-12-02T17:40:47+00:00 INFO (6): Тип 15 - найдено: 8, прошли первичные фильтры: 6, не прошли фильтр по цветам: 6, добавлено: 0, новых вин-кодов: 0
2010-12-02T17:40:47+00:00 INFO (6): Тип 16 - найдено: 2, прошли первичные фильтры: 1, не прошли фильтр по цветам: 1, добавлено: 0, новых вин-кодов: 0
2010-12-02T17:40:47+00:00 INFO (6): Тип 17 - найдено: 1, прошли первичные фильтры: 0, не прошли фильтр по цветам: 0, добавлено: 0, новых вин-кодов: 0
2010-12-02T17:40:48+00:00 INFO (6): Тип 18 - найдено: 2, прошли первичные фильтры: 2, не прошли фильтр по цветам: 2, добавлено: 0, новых вин-кодов: 0
2010-12-02T17:40:49+00:00 INFO (6): Тип 19 - найдено: 12, прошли первичные фильтры: 1, не прошли фильтр по цветам: 0, добавлено: 1, новых вин-кодов: 1
2010-12-02T17:40:49+00:00 INFO (6): Тип 20 - найдено: 17, прошли первичные фильтры: 1, не прошли фильтр по цветам: 0, добавлено: 1, новых вин-кодов: 0
2010-12-02T17:40:49+00:00 INFO (6): Тип 24 - найдено: 18, прошли первичные фильтры: 1, не прошли фильтр по цветам: 1, добавлено: 0, новых вин-кодов: 0
2010-12-02T17:40:50+00:00 INFO (6): Тип 25 - найдено: 22, прошли первичные фильтры: 1, не прошли фильтр по цветам: 0, добавлено: 1, новых вин-кодов: 0
2010-12-02T17:40:50+00:00 INFO (6): Тип 26 - найдено: 8, прошли первичные фильтры: 1, не прошли фильтр по цветам: 0, добавлено: 1, новых вин-кодов: 0
2010-12-02T17:40:50+00:00 INFO (6): Тип 28 - найдено: 16, прошли первичные фильтры: 2, не прошли фильтр по цветам: 2, добавлено: 0, новых вин-кодов: 0
2010-12-02T17:40:50+00:00 INFO (6): Завершение задачи
2010-12-02T18:01:51+00:00 INFO (6): Запуск задачи
2010-12-02T18:01:51+00:00 INFO (6): Exporttrader
2010-12-02T18:01:53+00:00 INFO (6): Запрос авторизован
2010-12-02T18:01:58+00:00 INFO (6): Тип 1 - найдено: 68, прошли первичные фильтры: 18, не прошли фильтр по цветам: 4, добавлено: 14, новых вин-кодов: 0
2010-12-02T18:02:04+00:00 INFO (6): Тип 2 - найдено: 116, прошли первичные фильтры: 22, не прошли фильтр по цветам: 9, добавлено: 13, новых вин-кодов: 0
2010-12-02T18:02:07+00:00 INFO (6): Тип 3 - найдено: 41, прошли первичные фильтры: 0, не прошли фильтр по цветам: 0, добавлено: 0, новых вин-кодов: 0
2010-12-02T18:02:10+00:00 INFO (6): Тип 4 - найдено: 34, прошли первичные фильтры: 13, не прошли фильтр по цветам: 11, добавлено: 2, новых вин-кодов: 0
2010-12-02T18:02:13+00:00 INFO (6): Тип 5 - найдено: 43, прошли первичные фильтры: 21, не прошли фильтр по цветам: 20, добавлено: 1, новых вин-кодов: 0
2010-12-02T18:02:14+00:00 INFO (6): Тип 6 - найдено: 8, прошли первичные фильтры: 6, не прошли фильтр по цветам: 6, добавлено: 0, новых вин-кодов: 0
2010-12-02T18:02:16+00:00 INFO (6): Тип 7 - найдено: 25, прошли первичные фильтры: 20, не прошли фильтр по цветам: 20, добавлено: 0, новых вин-кодов: 0
2010-12-02T18:02:18+00:00 INFO (6): Тип 8 - найдено: 11, прошли первичные фильтры: 10, не прошли фильтр по цветам: 10, добавлено: 0, новых вин-кодов: 0
2010-12-02T18:02:24+00:00 INFO (6): Тип 9 - найдено: 70, прошли первичные фильтры: 5, не прошли фильтр по цветам: 0, добавлено: 5, новых вин-кодов: 0
2010-12-02T18:02:32+00:00 INFO (6): Тип 10 - найдено: 125, прошли первичные фильтры: 5, не прошли фильтр по цветам: 0, добавлено: 5, новых вин-кодов: 0
2010-12-02T18:02:39+00:00 INFO (6): Тип 21 - найдено: 84, прошли первичные фильтры: 7, не прошли фильтр по цветам: 6, добавлено: 1, новых вин-кодов: 0
2010-12-02T18:02:50+00:00 INFO (6): Тип 22 - найдено: 172, прошли первичные фильтры: 3, не прошли фильтр по цветам: 1, добавлено: 2, новых вин-кодов: 0
2010-12-02T18:02:55+00:00 INFO (6): Тип 23 - найдено: 78, прошли первичные фильтры: 8, не прошли фильтр по цветам: 6, добавлено: 2, новых вин-кодов: 0
2010-12-02T18:03:01+00:00 INFO (6): Тип 27 - найдено: 91, прошли первичные фильтры: 5, не прошли фильтр по цветам: 4, добавлено: 1, новых вин-кодов: 0
2010-12-02T18:03:01+00:00 INFO (6): Adesa
2010-12-02T18:03:03+00:00 INFO (6): Запрос авторизован
2010-12-02T18:03:03+00:00 INFO (6): Тип 11 - найдено: 12, прошли первичные фильтры: 5, не прошли фильтр по цветам: 0, добавлено: 5, новых вин-кодов: 0
2010-12-02T18:03:03+00:00 INFO (6): Тип 12 - найдено: 6, прошли первичные фильтры: 3, не прошли фильтр по цветам: 2, добавлено: 1, новых вин-кодов: 0
2010-12-02T18:03:04+00:00 INFO (6): Тип 13 - найдено: 2, прошли первичные фильтры: 0, не прошли фильтр по цветам: 0, добавлено: 0, новых вин-кодов: 0
2010-12-02T18:03:04+00:00 INFO (6): Тип 14 - найдено: 3, прошли первичные фильтры: 3, не прошли фильтр по цветам: 2, добавлено: 1, новых вин-кодов: 0
2010-12-02T18:03:04+00:00 INFO (6): Тип 15 - найдено: 8, прошли первичные фильтры: 6, не прошли фильтр по цветам: 6, добавлено: 0, новых вин-кодов: 0
2010-12-02T18:03:04+00:00 INFO (6): Тип 16 - найдено: 2, прошли первичные фильтры: 1, не прошли фильтр по цветам: 1, добавлено: 0, новых вин-кодов: 0
2010-12-02T18:03:05+00:00 INFO (6): Тип 17 - найдено: 1, прошли первичные фильтры: 0, не прошли фильтр по цветам: 0, добавлено: 0, новых вин-кодов: 0
2010-12-02T18:03:05+00:00 INFO (6): Тип 18 - найдено: 2, прошли первичные фильтры: 2, не прошли фильтр по цветам: 2, добавлено: 0, новых вин-кодов: 0
2010-12-02T18:03:05+00:00 INFO (6): Тип 19 - найдено: 12, прошли первичные фильтры: 1, не прошли фильтр по цветам: 0, добавлено: 1, новых вин-кодов: 0
2010-12-02T18:03:05+00:00 INFO (6): Тип 20 - найдено: 17, прошли первичные фильтры: 1, не прошли фильтр по цветам: 0, добавлено: 1, новых вин-кодов: 0
2010-12-02T18:03:06+00:00 INFO (6): Тип 24 - найдено: 18, прошли первичные фильтры: 1, не прошли фильтр по цветам: 1, добавлено: 0, новых вин-кодов: 0
2010-12-02T18:03:06+00:00 INFO (6): Тип 25 - найдено: 22, прошли первичные фильтры: 1, не прошли фильтр по цветам: 0, добавлено: 1, новых вин-кодов: 0
2010-12-02T18:03:06+00:00 INFO (6): Тип 26 - найдено: 7, прошли первичные фильтры: 0, не прошли фильтр по цветам: 0, добавлено: 0, новых вин-кодов: 0
2010-12-02T18:03:07+00:00 INFO (6): Тип 28 - найдено: 17, прошли первичные фильтры: 2, не прошли фильтр по цветам: 2, добавлено: 0, новых вин-кодов: 0
2010-12-02T18:03:07+00:00 INFO (6): Завершение задачи
2010-12-02T19:01:14+00:00 INFO (6): Запуск задачи
2010-12-02T19:01:14+00:00 INFO (6): Exporttrader
2010-12-02T19:01:15+00:00 INFO (6): Запрос авторизован
2010-12-02T19:01:18+00:00 INFO (6): Тип 1 - найдено: 68, прошли первичные фильтры: 18, не прошли фильтр по цветам: 4, добавлено: 14, новых вин-кодов: 0
2010-12-02T19:01:23+00:00 INFO (6): Тип 2 - найдено: 116, прошли первичные фильтры: 22, не прошли фильтр по цветам: 9, добавлено: 13, новых вин-кодов: 0
2010-12-02T19:01:26+00:00 INFO (6): Тип 3 - найдено: 41, прошли первичные фильтры: 0, не прошли фильтр по цветам: 0, добавлено: 0, новых вин-кодов: 0
2010-12-02T19:01:28+00:00 INFO (6): Тип 4 - найдено: 34, прошли первичные фильтры: 13, не прошли фильтр по цветам: 11, добавлено: 2, новых вин-кодов: 0
2010-12-02T19:01:32+00:00 INFO (6): Тип 5 - найдено: 43, прошли первичные фильтры: 21, не прошли фильтр по цветам: 20, добавлено: 1, новых вин-кодов: 0
2010-12-02T19:01:34+00:00 INFO (6): Тип 6 - найдено: 8, прошли первичные фильтры: 6, не прошли фильтр по цветам: 6, добавлено: 0, новых вин-кодов: 0
2010-12-02T19:01:35+00:00 INFO (6): Тип 7 - найдено: 25, прошли первичные фильтры: 20, не прошли фильтр по цветам: 20, добавлено: 0, новых вин-кодов: 0
2010-12-02T19:01:37+00:00 INFO (6): Тип 8 - найдено: 11, прошли первичные фильтры: 10, не прошли фильтр по цветам: 10, добавлено: 0, новых вин-кодов: 0
2010-12-02T19:01:41+00:00 INFO (6): Тип 9 - найдено: 70, прошли первичные фильтры: 5, не прошли фильтр по цветам: 0, добавлено: 5, новых вин-кодов: 0
2010-12-02T19:01:49+00:00 INFO (6): Тип 10 - найдено: 125, прошли первичные фильтры: 5, не прошли фильтр по цветам: 0, добавлено: 5, новых вин-кодов: 0
2010-12-02T19:01:56+00:00 INFO (6): Тип 21 - найдено: 84, прошли первичные фильтры: 7, не прошли фильтр по цветам: 6, добавлено: 1, новых вин-кодов: 0
2010-12-02T19:02:07+00:00 INFO (6): Тип 22 - найдено: 172, прошли первичные фильтры: 3, не прошли фильтр по цветам: 1, добавлено: 2, новых вин-кодов: 0
2010-12-02T19:02:13+00:00 INFO (6): Тип 23 - найдено: 78, прошли первичные фильтры: 8, не прошли фильтр по цветам: 6, добавлено: 2, новых вин-кодов: 0
2010-12-02T19:02:20+00:00 INFO (6): Тип 27 - найдено: 91, прошли первичные фильтры: 5, не прошли фильтр по цветам: 4, добавлено: 1, новых вин-кодов: 0
2010-12-02T19:02:20+00:00 INFO (6): Adesa
2010-12-02T19:02:22+00:00 INFO (6): Запрос авторизован
2010-12-02T19:02:22+00:00 INFO (6): Тип 11 - найдено: 11, прошли первичные фильтры: 5, не прошли фильтр по цветам: 0, добавлено: 5, новых вин-кодов: 0
2010-12-02T19:02:22+00:00 INFO (6): Тип 12 - найдено: 7, прошли первичные фильтры: 3, не прошли фильтр по цветам: 2, добавлено: 1, новых вин-кодов: 0
2010-12-02T19:02:23+00:00 INFO (6): Тип 13 - найдено: 2, прошли первичные фильтры: 0, не прошли фильтр по цветам: 0, добавлено: 0, новых вин-кодов: 0
2010-12-02T19:02:23+00:00 INFO (6): Тип 14 - найдено: 3, прошли первичные фильтры: 3, не прошли фильтр по цветам: 2, добавлено: 1, новых вин-кодов: 0
2010-12-02T19:02:23+00:00 INFO (6): Тип 15 - найдено: 8, прошли первичные фильтры: 6, не прошли фильтр по цветам: 6, добавлено: 0, новых вин-кодов: 0
2010-12-02T19:02:24+00:00 INFO (6): Тип 16 - найдено: 1, прошли первичные фильтры: 1, не прошли фильтр по цветам: 1, добавлено: 0, новых вин-кодов: 0
2010-12-02T19:02:24+00:00 INFO (6): Тип 17 - найдено: 2, прошли первичные фильтры: 0, не прошли фильтр по цветам: 0, добавлено: 0, новых вин-кодов: 0
2010-12-02T19:02:24+00:00 INFO (6): Тип 18 - найдено: 2, прошли первичные фильтры: 2, не прошли фильтр по цветам: 2, добавлено: 0, новых вин-кодов: 0
2010-12-02T19:02:24+00:00 INFO (6): Тип 19 - найдено: 12, прошли первичные фильтры: 1, не прошли фильтр по цветам: 0, добавлено: 1, новых вин-кодов: 0
2010-12-02T19:02:25+00:00 INFO (6): Тип 20 - найдено: 16, прошли первичные фильтры: 1, не прошли фильтр по цветам: 0, добавлено: 1, новых вин-кодов: 0
2010-12-02T19:02:25+00:00 INFO (6): Тип 24 - найдено: 18, прошли первичные фильтры: 1, не прошли фильтр по цветам: 1, добавлено: 0, новых вин-кодов: 0
2010-12-02T19:02:25+00:00 INFO (6): Тип 25 - найдено: 21, прошли первичные фильтры: 1, не прошли фильтр по цветам: 0, добавлено: 1, новых вин-кодов: 0
2010-12-02T19:02:25+00:00 INFO (6): Тип 26 - найдено: 7, прошли первичные фильтры: 0, не прошли фильтр по цветам: 0, добавлено: 0, новых вин-кодов: 0
2010-12-02T19:02:26+00:00 INFO (6): Тип 28 - найдено: 19, прошли первичные фильтры: 2, не прошли фильтр по цветам: 2, добавлено: 0, новых вин-кодов: 0
2010-12-02T19:02:26+00:00 INFO (6): Завершение задачи
2010-12-02T21:25:48+00:00 INFO (6): Запуск задачи
2010-12-02T21:25:48+00:00 INFO (6): Exporttrader
2010-12-02T21:25:49+00:00 INFO (6): Каптча получена и записана в локальный файл
2010-12-02T21:26:04+00:00 INFO (6): Каптча распознана: 72838
2010-12-02T21:26:05+00:00 INFO (6): Авторизация: запрос №1 прошел
2010-12-02T21:26:06+00:00 INFO (6): Авторизация: запрос №2 прошел
2010-12-02T21:26:06+00:00 INFO (6): Запрос авторизован
2010-12-02T21:26:10+00:00 INFO (6): Тип 1 - найдено: 71, прошли первичные фильтры: 19, не прошли фильтр по цветам: 4, добавлено: 15, новых вин-кодов: 1
2010-12-02T21:26:17+00:00 INFO (6): Тип 2 - найдено: 131, прошли первичные фильтры: 25, не прошли фильтр по цветам: 11, добавлено: 14, новых вин-кодов: 1
2010-12-02T21:26:19+00:00 INFO (6): Тип 3 - найдено: 44, прошли первичные фильтры: 0, не прошли фильтр по цветам: 0, добавлено: 0, новых вин-кодов: 0
2010-12-02T21:26:21+00:00 INFO (6): Тип 4 - найдено: 35, прошли первичные фильтры: 13, не прошли фильтр по цветам: 11, добавлено: 2, новых вин-кодов: 0
2010-12-02T21:26:25+00:00 INFO (6): Тип 5 - найдено: 51, прошли первичные фильтры: 23, не прошли фильтр по цветам: 22, добавлено: 1, новых вин-кодов: 1
2010-12-02T21:26:30+00:00 INFO (6): Тип 6 - найдено: 8, прошли первичные фильтры: 6, не прошли фильтр по цветам: 6, добавлено: 0, новых вин-кодов: 0
2010-12-02T21:26:32+00:00 INFO (6): Тип 7 - найдено: 27, прошли первичные фильтры: 22, не прошли фильтр по цветам: 21, добавлено: 1, новых вин-кодов: 0
2010-12-02T21:26:36+00:00 INFO (6): Тип 8 - найдено: 15, прошли первичные фильтры: 14, не прошли фильтр по цветам: 14, добавлено: 0, новых вин-кодов: 2
2010-12-02T21:26:40+00:00 INFO (6): Тип 9 - найдено: 74, прошли первичные фильтры: 5, не прошли фильтр по цветам: 0, добавлено: 5, новых вин-кодов: 0
2010-12-02T21:26:45+00:00 INFO (6): Тип 10 - найдено: 130, прошли первичные фильтры: 5, не прошли фильтр по цветам: 0, добавлено: 5, новых вин-кодов: 0
2010-12-02T21:26:49+00:00 INFO (6): Тип 21 - найдено: 86, прошли первичные фильтры: 7, не прошли фильтр по цветам: 6, добавлено: 1, новых вин-кодов: 0
2010-12-02T21:26:58+00:00 INFO (6): Тип 22 - найдено: 183, прошли первичные фильтры: 3, не прошли фильтр по цветам: 1, добавлено: 2, новых вин-кодов: 0
2010-12-02T21:27:05+00:00 INFO (6): Тип 23 - найдено: 83, прошли первичные фильтры: 8, не прошли фильтр по цветам: 6, добавлено: 2, новых вин-кодов: 0
2010-12-02T21:27:13+00:00 INFO (6): Тип 27 - найдено: 92, прошли первичные фильтры: 5, не прошли фильтр по цветам: 4, добавлено: 1, новых вин-кодов: 0
2010-12-02T21:27:13+00:00 INFO (6): Adesa
2010-12-02T21:27:14+00:00 INFO (6): Авторизация: запрос №1 прошел
2010-12-02T21:27:15+00:00 INFO (6): Авторизация: запрос №2 прошел
2010-12-02T21:27:15+00:00 INFO (6): Запрос авторизован
2010-12-02T21:27:16+00:00 INFO (6): Тип 11 - найдено: 10, прошли первичные фильтры: 4, не прошли фильтр по цветам: 0, добавлено: 4, новых вин-кодов: 0
2010-12-02T21:27:16+00:00 INFO (6): Тип 12 - найдено: 6, прошли первичные фильтры: 2, не прошли фильтр по цветам: 1, добавлено: 1, новых вин-кодов: 0
2010-12-02T21:27:16+00:00 INFO (6): Тип 13 - найдено: 2, прошли первичные фильтры: 0, не прошли фильтр по цветам: 0, добавлено: 0, новых вин-кодов: 0
2010-12-02T21:27:16+00:00 INFO (6): Тип 14 - найдено: 3, прошли первичные фильтры: 3, не прошли фильтр по цветам: 2, добавлено: 1, новых вин-кодов: 0
2010-12-02T21:27:17+00:00 INFO (6): Тип 15 - найдено: 8, прошли первичные фильтры: 6, не прошли фильтр по цветам: 6, добавлено: 0, новых вин-кодов: 0
2010-12-02T21:27:17+00:00 INFO (6): Тип 16 - найдено: 2, прошли первичные фильтры: 1, не прошли фильтр по цветам: 1, добавлено: 0, новых вин-кодов: 0
2010-12-02T21:27:17+00:00 INFO (6): Тип 17 - найдено: 2, прошли первичные фильтры: 0, не прошли фильтр по цветам: 0, добавлено: 0, новых вин-кодов: 0
2010-12-02T21:27:17+00:00 INFO (6): Тип 18 - найдено: 2, прошли первичные фильтры: 2, не прошли фильтр по цветам: 2, добавлено: 0, новых вин-кодов: 0
2010-12-02T21:27:17+00:00 INFO (6): Тип 19 - найдено: 12, прошли первичные фильтры: 1, не прошли фильтр по цветам: 0, добавлено: 1, новых вин-кодов: 0
2010-12-02T21:27:18+00:00 INFO (6): Тип 20 - найдено: 14, прошли первичные фильтры: 0, не прошли фильтр по цветам: 0, добавлено: 0, новых вин-кодов: 0
2010-12-02T21:27:18+00:00 INFO (6): Тип 24 - найдено: 17, прошли первичные фильтры: 0, не прошли фильтр по цветам: 0, добавлено: 0, новых вин-кодов: 0
2010-12-02T21:27:18+00:00 INFO (6): Тип 25 - найдено: 24, прошли первичные фильтры: 1, не прошли фильтр по цветам: 0, добавлено: 1, новых вин-кодов: 0
2010-12-02T21:27:19+00:00 INFO (6): Тип 26 - найдено: 8, прошли первичные фильтры: 0, не прошли фильтр по цветам: 0, добавлено: 0, новых вин-кодов: 0
2010-12-02T21:27:19+00:00 INFO (6): Тип 28 - найдено: 20, прошли первичные фильтры: 2, не прошли фильтр по цветам: 2, добавлено: 0, новых вин-кодов: 0
2010-12-02T21:27:19+00:00 INFO (6): Завершение задачи
