2011-01-17T02:45:41+00:00 INFO (6): Запуск задачи
2011-01-17T02:45:41+00:00 INFO (6): Exporttrader
2011-01-17T02:45:42+00:00 INFO (6): Каптча получена и записана в локальный файл
2011-01-17T02:45:42+00:00 INFO (6): Captcha::recognize() result OK|37294694
2011-01-17T02:45:52+00:00 INFO (6): Captcha::recognize() result OK|61403
2011-01-17T02:45:52+00:00 INFO (6): Каптча распознана: 61403
2011-01-17T02:45:53+00:00 INFO (6): Авторизация: запрос №1 прошел
2011-01-17T02:45:53+00:00 INFO (6): Авторизация: запрос №2 прошел
2011-01-17T02:45:53+00:00 INFO (6): Запрос авторизован
2011-01-17T02:45:56+00:00 INFO (6): Тип 1 - найдено: 73, прошли первичные фильтры: 19, не прошли фильтр по цветам: 9, добавлено: 10, новых вин-кодов: 0
2011-01-17T02:46:03+00:00 INFO (6): Тип 2 - найдено: 129, прошли первичные фильтры: 16, не прошли фильтр по цветам: 6, добавлено: 10, новых вин-кодов: 1
2011-01-17T02:46:05+00:00 INFO (6): Тип 3 - найдено: 27, прошли первичные фильтры: 1, не прошли фильтр по цветам: 0, добавлено: 1, новых вин-кодов: 0
2011-01-17T02:46:07+00:00 INFO (6): Тип 4 - найдено: 55, прошли первичные фильтры: 31, не прошли фильтр по цветам: 27, добавлено: 4, новых вин-кодов: 0
2011-01-17T02:46:10+00:00 INFO (6): Тип 5 - найдено: 65, прошли первичные фильтры: 28, не прошли фильтр по цветам: 24, добавлено: 4, новых вин-кодов: 0
2011-01-17T02:46:11+00:00 INFO (6): Тип 6 - найдено: 15, прошли первичные фильтры: 11, не прошли фильтр по цветам: 10, добавлено: 1, новых вин-кодов: 0
2011-01-17T02:46:13+00:00 INFO (6): Тип 7 - найдено: 17, прошли первичные фильтры: 13, не прошли фильтр по цветам: 13, добавлено: 0, новых вин-кодов: 0
2011-01-17T02:46:14+00:00 INFO (6): Тип 8 - найдено: 5, прошли первичные фильтры: 4, не прошли фильтр по цветам: 4, добавлено: 0, новых вин-кодов: 0
2011-01-17T02:46:17+00:00 INFO (6): Тип 9 - найдено: 88, прошли первичные фильтры: 7, не прошли фильтр по цветам: 0, добавлено: 7, новых вин-кодов: 0
2011-01-17T02:46:22+00:00 INFO (6): Тип 10 - найдено: 130, прошли первичные фильтры: 5, не прошли фильтр по цветам: 0, добавлено: 5, новых вин-кодов: 1
2011-01-17T02:46:26+00:00 INFO (6): Тип 21 - найдено: 91, прошли первичные фильтры: 10, не прошли фильтр по цветам: 10, добавлено: 0, новых вин-кодов: 0
2011-01-17T02:46:32+00:00 INFO (6): Тип 22 - найдено: 172, прошли первичные фильтры: 20, не прошли фильтр по цветам: 13, добавлено: 7, новых вин-кодов: 0
2011-01-17T02:46:35+00:00 INFO (6): Тип 23 - найдено: 75, прошли первичные фильтры: 10, не прошли фильтр по цветам: 6, добавлено: 4, новых вин-кодов: 0
2011-01-17T02:46:39+00:00 INFO (6): Тип 27 - найдено: 91, прошли первичные фильтры: 3, не прошли фильтр по цветам: 3, добавлено: 0, новых вин-кодов: 0
2011-01-17T02:46:39+00:00 INFO (6): Adesa
2011-01-17T02:46:39+00:00 INFO (6): Авторизация: запрос №1 прошел
2011-01-17T02:46:40+00:00 INFO (6): Авторизация: запрос №2 прошел
2011-01-17T02:46:40+00:00 INFO (6): Запрос авторизован
2011-01-17T02:46:41+00:00 INFO (6): Тип 11 - найдено: 3, прошли первичные фильтры: 0, не прошли фильтр по цветам: 0, добавлено: 0, новых вин-кодов: 0
2011-01-17T02:46:41+00:00 INFO (6): Тип 12 - найдено: 9, прошли первичные фильтры: 0, не прошли фильтр по цветам: 0, добавлено: 0, новых вин-кодов: 0
2011-01-17T02:46:41+00:00 INFO (6): Тип 13 - найдено: 0, прошли первичные фильтры: 0, не прошли фильтр по цветам: 0, добавлено: 0, новых вин-кодов: 0
2011-01-17T02:46:41+00:00 INFO (6): Тип 14 - найдено: 2, прошли первичные фильтры: 0, не прошли фильтр по цветам: 0, добавлено: 0, новых вин-кодов: 0
2011-01-17T02:46:41+00:00 INFO (6): Тип 15 - найдено: 1, прошли первичные фильтры: 0, не прошли фильтр по цветам: 0, добавлено: 0, новых вин-кодов: 0
2011-01-17T02:46:42+00:00 INFO (6): Тип 16 - найдено: 0, прошли первичные фильтры: 0, не прошли фильтр по цветам: 0, добавлено: 0, новых вин-кодов: 0
2011-01-17T02:46:42+00:00 INFO (6): Тип 17 - найдено: 1, прошли первичные фильтры: 0, не прошли фильтр по цветам: 0, добавлено: 0, новых вин-кодов: 0
2011-01-17T02:46:42+00:00 INFO (6): Тип 18 - найдено: 1, прошли первичные фильтры: 0, не прошли фильтр по цветам: 0, добавлено: 0, новых вин-кодов: 0
2011-01-17T02:46:42+00:00 INFO (6): Тип 19 - найдено: 7, прошли первичные фильтры: 0, не прошли фильтр по цветам: 0, добавлено: 0, новых вин-кодов: 0
2011-01-17T02:46:42+00:00 INFO (6): Тип 20 - найдено: 15, прошли первичные фильтры: 0, не прошли фильтр по цветам: 0, добавлено: 0, новых вин-кодов: 0
2011-01-17T02:46:43+00:00 INFO (6): Тип 24 - найдено: 11, прошли первичные фильтры: 0, не прошли фильтр по цветам: 0, добавлено: 0, новых вин-кодов: 0
2011-01-17T02:46:43+00:00 INFO (6): Тип 25 - найдено: 7, прошли первичные фильтры: 0, не прошли фильтр по цветам: 0, добавлено: 0, новых вин-кодов: 0
2011-01-17T02:46:43+00:00 INFO (6): Тип 26 - найдено: 5, прошли первичные фильтры: 0, не прошли фильтр по цветам: 0, добавлено: 0, новых вин-кодов: 0
2011-01-17T02:46:43+00:00 INFO (6): Тип 28 - найдено: 8, прошли первичные фильтры: 0, не прошли фильтр по цветам: 0, добавлено: 0, новых вин-кодов: 0
2011-01-17T02:46:43+00:00 INFO (6): Openlane
2011-01-17T02:46:47+00:00 INFO (6): Запрос авторизован
2011-01-17T02:46:48+00:00 INFO (6): Тип 43 - найдено: 3, прошли первичные фильтры: 2, не прошли фильтр по цветам: 1, добавлено: 1, новых вин-кодов: 0
2011-01-17T02:46:49+00:00 INFO (6): Тип 44 - найдено: 0, прошли первичные фильтры: 0, не прошли фильтр по цветам: 0, добавлено: 0, новых вин-кодов: 0
2011-01-17T02:46:50+00:00 INFO (6): Тип 45 - найдено: 0, прошли первичные фильтры: 0, не прошли фильтр по цветам: 0, добавлено: 0, новых вин-кодов: 0
2011-01-17T02:46:51+00:00 INFO (6): Тип 46 - найдено: 5, прошли первичные фильтры: 5, не прошли фильтр по цветам: 4, добавлено: 1, новых вин-кодов: 0
2011-01-17T02:46:51+00:00 INFO (6): Тип 47 - найдено: 2, прошли первичные фильтры: 2, не прошли фильтр по цветам: 2, добавлено: 0, новых вин-кодов: 0
2011-01-17T02:46:52+00:00 INFO (6): Тип 48 - найдено: 0, прошли первичные фильтры: 0, не прошли фильтр по цветам: 0, добавлено: 0, новых вин-кодов: 0
2011-01-17T02:46:53+00:00 INFO (6): Тип 49 - найдено: 1, прошли первичные фильтры: 1, не прошли фильтр по цветам: 1, добавлено: 0, новых вин-кодов: 0
2011-01-17T02:46:54+00:00 INFO (6): Тип 50 - найдено: 0, прошли первичные фильтры: 0, не прошли фильтр по цветам: 0, добавлено: 0, новых вин-кодов: 0
2011-01-17T02:46:55+00:00 INFO (6): Тип 51 - найдено: 0, прошли первичные фильтры: 0, не прошли фильтр по цветам: 0, добавлено: 0, новых вин-кодов: 0
2011-01-17T02:46:56+00:00 INFO (6): Тип 52 - найдено: 2, прошли первичные фильтры: 0, не прошли фильтр по цветам: 0, добавлено: 0, новых вин-кодов: 0
2011-01-17T02:46:57+00:00 INFO (6): Тип 53 - найдено: 0, прошли первичные фильтры: 0, не прошли фильтр по цветам: 0, добавлено: 0, новых вин-кодов: 0
2011-01-17T02:46:57+00:00 INFO (6): Тип 54 - найдено: 2, прошли первичные фильтры: 0, не прошли фильтр по цветам: 0, добавлено: 0, новых вин-кодов: 0
2011-01-17T02:46:58+00:00 INFO (6): Тип 55 - найдено: 1, прошли первичные фильтры: 1, не прошли фильтр по цветам: 0, добавлено: 1, новых вин-кодов: 0
2011-01-17T02:46:59+00:00 INFO (6): Тип 56 - найдено: 1, прошли первичные фильтры: 0, не прошли фильтр по цветам: 0, добавлено: 0, новых вин-кодов: 0
2011-01-17T02:46:59+00:00 INFO (6): Autotrader
2011-01-17T02:47:00+00:00 INFO (6): Запрос авторизован
2011-01-17T02:47:01+00:00 INFO (6): Captcha::recognize() result OK|37296306
2011-01-17T02:48:33+00:00 INFO (6): Captcha::recognize() result OK|38nx6 s
2011-01-17T02:48:33+00:00 INFO (6): Captcha::recognize() result OK|37298021
2011-01-17T02:49:14+00:00 INFO (6): Captcha::recognize() result OK|xyfw y
2011-01-17T02:49:20+00:00 INFO (6): Тип 57 - найдено: 11, прошли первичные фильтры: 2, не прошли фильтр по цветам: 0, добавлено: 2, новых вин-кодов: 1
2011-01-17T02:49:29+00:00 INFO (6): Тип 58 - найдено: 20, прошли первичные фильтры: 0, не прошли фильтр по цветам: 0, добавлено: 0, новых вин-кодов: 0
2011-01-17T02:49:32+00:00 INFO (6): Тип 59 - найдено: 6, прошли первичные фильтры: 0, не прошли фильтр по цветам: 0, добавлено: 0, новых вин-кодов: 0
2011-01-17T02:49:37+00:00 INFO (6): Тип 60 - найдено: 7, прошли первичные фильтры: 3, не прошли фильтр по цветам: 3, добавлено: 0, новых вин-кодов: 1
2011-01-17T02:49:44+00:00 INFO (6): Тип 61 - найдено: 8, прошли первичные фильтры: 3, не прошли фильтр по цветам: 2, добавлено: 1, новых вин-кодов: 2
2011-01-17T02:49:45+00:00 INFO (6): Тип 62 - найдено: 0, прошли первичные фильтры: 0, не прошли фильтр по цветам: 0, добавлено: 0, новых вин-кодов: 0
2011-01-17T02:49:47+00:00 INFO (6): Тип 63 - найдено: 2, прошли первичные фильтры: 2, не прошли фильтр по цветам: 2, добавлено: 0, новых вин-кодов: 0
2011-01-17T02:49:49+00:00 INFO (6): Тип 64 - найдено: 3, прошли первичные фильтры: 2, не прошли фильтр по цветам: 2, добавлено: 0, новых вин-кодов: 0
2011-01-17T02:49:54+00:00 INFO (6): Тип 65 - найдено: 12, прошли первичные фильтры: 0, не прошли фильтр по цветам: 0, добавлено: 0, новых вин-кодов: 0
2011-01-17T02:50:02+00:00 INFO (6): Тип 66 - найдено: 16, прошли первичные фильтры: 0, не прошли фильтр по цветам: 0, добавлено: 0, новых вин-кодов: 0
2011-01-17T02:50:04+00:00 INFO (6): Тип 67 - найдено: 4, прошли первичные фильтры: 0, не прошли фильтр по цветам: 0, добавлено: 0, новых вин-кодов: 0
2011-01-17T02:50:16+00:00 INFO (6): Тип 68 - найдено: 29, прошли первичные фильтры: 0, не прошли фильтр по цветам: 0, добавлено: 0, новых вин-кодов: 0
2011-01-17T02:50:22+00:00 INFO (6): Тип 69 - найдено: 10, прошли первичные фильтры: 2, не прошли фильтр по цветам: 2, добавлено: 0, новых вин-кодов: 1
2011-01-17T02:50:29+00:00 INFO (6): Тип 70 - найдено: 12, прошли первичные фильтры: 0, не прошли фильтр по цветам: 0, добавлено: 0, новых вин-кодов: 0
2011-01-17T02:50:29+00:00 INFO (6): Ebay
2011-01-17T02:50:45+00:00 INFO (6): Тип 29 - найдено: 20, прошли первичные фильтры: 4, не прошли фильтр по цветам: 2, добавлено: 2, новых вин-кодов: 0
2011-01-17T02:51:55+00:00 INFO (6): Тип 30 - найдено: 86, прошли первичные фильтры: 3, не прошли фильтр по цветам: 2, добавлено: 1, новых вин-кодов: 0
2011-01-17T02:52:33+00:00 INFO (6): Тип 31 - найдено: 49, прошли первичные фильтры: 0, не прошли фильтр по цветам: 0, добавлено: 0, новых вин-кодов: 0
2011-01-17T02:52:56+00:00 INFO (6): Тип 32 - найдено: 27, прошли первичные фильтры: 11, не прошли фильтр по цветам: 7, добавлено: 4, новых вин-кодов: 0
2011-01-17T02:53:20+00:00 INFO (6): Тип 33 - найдено: 27, прошли первичные фильтры: 6, не прошли фильтр по цветам: 6, добавлено: 0, новых вин-кодов: 0
2011-01-17T02:53:24+00:00 INFO (6): Тип 34 - найдено: 3, прошли первичные фильтры: 2, не прошли фильтр по цветам: 2, добавлено: 0, новых вин-кодов: 0
2011-01-17T02:53:35+00:00 INFO (6): Тип 35 - найдено: 14, прошли первичные фильтры: 10, не прошли фильтр по цветам: 10, добавлено: 0, новых вин-кодов: 0
2011-01-17T02:53:41+00:00 INFO (6): Тип 36 - найдено: 6, прошли первичные фильтры: 5, не прошли фильтр по цветам: 5, добавлено: 0, новых вин-кодов: 0
2011-01-17T02:53:48+00:00 INFO (6): Тип 37 - найдено: 7, прошли первичные фильтры: 2, не прошли фильтр по цветам: 0, добавлено: 2, новых вин-кодов: 0
2011-01-17T02:54:06+00:00 INFO (6): Тип 38 - найдено: 23, прошли первичные фильтры: 1, не прошли фильтр по цветам: 0, добавлено: 1, новых вин-кодов: 0
2011-01-17T02:54:12+00:00 INFO (6): Тип 39 - найдено: 5, прошли первичные фильтры: 1, не прошли фильтр по цветам: 0, добавлено: 1, новых вин-кодов: 0
2011-01-17T02:55:04+00:00 INFO (6): Тип 40 - найдено: 58, прошли первичные фильтры: 7, не прошли фильтр по цветам: 4, добавлено: 3, новых вин-кодов: 1
2011-01-17T02:55:18+00:00 INFO (6): Тип 41 - найдено: 17, прошли первичные фильтры: 1, не прошли фильтр по цветам: 1, добавлено: 0, новых вин-кодов: 0
2011-01-17T02:55:32+00:00 INFO (6): Тип 42 - найдено: 15, прошли первичные фильтры: 1, не прошли фильтр по цветам: 0, добавлено: 1, новых вин-кодов: 0
2011-01-17T02:55:32+00:00 INFO (6): Завершение задачи
2011-01-17T11:38:05+00:00 INFO (6): Авторизация: запрос №1 прошел
2011-01-17T11:38:06+00:00 INFO (6): Авторизация: запрос №2 прошел
2011-01-17T11:38:06+00:00 INFO (6): Запрос авторизован
2011-01-17T11:38:06+00:00 INFO (6): Тип 11 - найдено: 3, прошли первичные фильтры: 0, не прошли фильтр по цветам: 0, добавлено: 0, новых вин-кодов: 0
2011-01-17T11:38:07+00:00 INFO (6): Тип 12 - найдено: 9, прошли первичные фильтры: 0, не прошли фильтр по цветам: 0, добавлено: 0, новых вин-кодов: 0
2011-01-17T11:38:07+00:00 INFO (6): Тип 13 - найдено: 0, прошли первичные фильтры: 0, не прошли фильтр по цветам: 0, добавлено: 0, новых вин-кодов: 0
2011-01-17T11:38:07+00:00 INFO (6): Тип 14 - найдено: 2, прошли первичные фильтры: 0, не прошли фильтр по цветам: 0, добавлено: 0, новых вин-кодов: 0
2011-01-17T11:38:07+00:00 INFO (6): Тип 15 - найдено: 1, прошли первичные фильтры: 0, не прошли фильтр по цветам: 0, добавлено: 0, новых вин-кодов: 0
2011-01-17T11:38:07+00:00 INFO (6): Тип 16 - найдено: 0, прошли первичные фильтры: 0, не прошли фильтр по цветам: 0, добавлено: 0, новых вин-кодов: 0
2011-01-17T11:38:07+00:00 INFO (6): Тип 17 - найдено: 1, прошли первичные фильтры: 0, не прошли фильтр по цветам: 0, добавлено: 0, новых вин-кодов: 0
2011-01-17T11:38:08+00:00 INFO (6): Тип 18 - найдено: 1, прошли первичные фильтры: 0, не прошли фильтр по цветам: 0, добавлено: 0, новых вин-кодов: 0
2011-01-17T11:38:08+00:00 INFO (6): Тип 19 - найдено: 7, прошли первичные фильтры: 0, не прошли фильтр по цветам: 0, добавлено: 0, новых вин-кодов: 0
2011-01-17T11:38:08+00:00 INFO (6): Тип 20 - найдено: 15, прошли первичные фильтры: 0, не прошли фильтр по цветам: 0, добавлено: 0, новых вин-кодов: 0
2011-01-17T11:38:08+00:00 INFO (6): Тип 24 - найдено: 11, прошли первичные фильтры: 0, не прошли фильтр по цветам: 0, добавлено: 0, новых вин-кодов: 0
2011-01-17T11:38:08+00:00 INFO (6): Тип 25 - найдено: 7, прошли первичные фильтры: 0, не прошли фильтр по цветам: 0, добавлено: 0, новых вин-кодов: 0
2011-01-17T11:38:09+00:00 INFO (6): Тип 26 - найдено: 5, прошли первичные фильтры: 0, не прошли фильтр по цветам: 0, добавлено: 0, новых вин-кодов: 0
2011-01-17T11:38:09+00:00 INFO (6): Тип 28 - найдено: 8, прошли первичные фильтры: 0, не прошли фильтр по цветам: 0, добавлено: 0, новых вин-кодов: 0
2011-01-17T11:38:52+00:00 INFO (6): Каптча получена и записана в локальный файл
2011-01-17T11:38:53+00:00 INFO (6): Captcha::recognize() result OK|38565218
2011-01-17T11:39:08+00:00 INFO (6): Captcha::recognize() result OK|01759
2011-01-17T11:39:08+00:00 INFO (6): Каптча распознана: 01759
2011-01-17T11:39:09+00:00 INFO (6): Авторизация: запрос №1 прошел
2011-01-17T11:39:10+00:00 INFO (6): Авторизация: запрос №2 прошел
2011-01-17T11:39:10+00:00 INFO (6): Запрос авторизован
2011-01-17T11:39:15+00:00 INFO (6): Тип 1 - найдено: 71, прошли первичные фильтры: 19, не прошли фильтр по цветам: 9, добавлено: 10, новых вин-кодов: 1
2011-01-17T11:39:20+00:00 INFO (6): Тип 2 - найдено: 126, прошли первичные фильтры: 17, не прошли фильтр по цветам: 6, добавлено: 11, новых вин-кодов: 0
2011-01-17T11:39:22+00:00 INFO (6): Тип 3 - найдено: 26, прошли первичные фильтры: 1, не прошли фильтр по цветам: 0, добавлено: 1, новых вин-кодов: 0
2011-01-17T11:39:26+00:00 INFO (6): Тип 4 - найдено: 54, прошли первичные фильтры: 32, не прошли фильтр по цветам: 27, добавлено: 5, новых вин-кодов: 1
2011-01-17T11:39:30+00:00 INFO (6): Тип 5 - найдено: 65, прошли первичные фильтры: 28, не прошли фильтр по цветам: 24, добавлено: 4, новых вин-кодов: 0
2011-01-17T11:39:31+00:00 INFO (6): Тип 6 - найдено: 15, прошли первичные фильтры: 11, не прошли фильтр по цветам: 10, добавлено: 1, новых вин-кодов: 0
2011-01-17T11:39:33+00:00 INFO (6): Тип 7 - найдено: 17, прошли первичные фильтры: 14, не прошли фильтр по цветам: 14, добавлено: 0, новых вин-кодов: 0
2011-01-17T11:39:35+00:00 INFO (6): Тип 8 - найдено: 6, прошли первичные фильтры: 5, не прошли фильтр по цветам: 5, добавлено: 0, новых вин-кодов: 1
2011-01-17T11:39:39+00:00 INFO (6): Тип 9 - найдено: 85, прошли первичные фильтры: 7, не прошли фильтр по цветам: 0, добавлено: 7, новых вин-кодов: 0
2011-01-17T11:39:45+00:00 INFO (6): Тип 10 - найдено: 131, прошли первичные фильтры: 6, не прошли фильтр по цветам: 0, добавлено: 6, новых вин-кодов: 1
2011-01-17T11:39:49+00:00 INFO (6): Тип 21 - найдено: 88, прошли первичные фильтры: 9, не прошли фильтр по цветам: 9, добавлено: 0, новых вин-кодов: 0
2011-01-17T11:40:02+00:00 INFO (6): Тип 22 - найдено: 169, прошли первичные фильтры: 24, не прошли фильтр по цветам: 18, добавлено: 6, новых вин-кодов: 4
2011-01-17T11:40:06+00:00 INFO (6): Тип 23 - найдено: 74, прошли первичные фильтры: 10, не прошли фильтр по цветам: 6, добавлено: 4, новых вин-кодов: 0
2011-01-17T11:40:10+00:00 INFO (6): Тип 27 - найдено: 84, прошли первичные фильтры: 3, не прошли фильтр по цветам: 3, добавлено: 0, новых вин-кодов: 0
2011-01-17T11:44:39+00:00 INFO (6): Запуск задачи
2011-01-17T11:44:39+00:00 INFO (6): Exporttrader
2011-01-17T11:44:40+00:00 INFO (6): Запрос авторизован
2011-01-17T11:44:43+00:00 INFO (6): Тип 1 - найдено: 71, прошли первичные фильтры: 19, не прошли фильтр по цветам: 9, добавлено: 10, новых вин-кодов: 0
2011-01-17T11:44:50+00:00 INFO (6): Тип 2 - найдено: 126, прошли первичные фильтры: 17, не прошли фильтр по цветам: 6, добавлено: 11, новых вин-кодов: 0
2011-01-17T11:44:53+00:00 INFO (6): Тип 3 - найдено: 26, прошли первичные фильтры: 1, не прошли фильтр по цветам: 0, добавлено: 1, новых вин-кодов: 0
2011-01-17T11:44:55+00:00 INFO (6): Тип 4 - найдено: 54, прошли первичные фильтры: 32, не прошли фильтр по цветам: 27, добавлено: 5, новых вин-кодов: 0
2011-01-17T11:45:00+00:00 INFO (6): Тип 5 - найдено: 65, прошли первичные фильтры: 28, не прошли фильтр по цветам: 24, добавлено: 4, новых вин-кодов: 0
2011-01-17T11:45:02+00:00 INFO (6): Тип 6 - найдено: 15, прошли первичные фильтры: 11, не прошли фильтр по цветам: 10, добавлено: 1, новых вин-кодов: 0
2011-01-17T11:45:04+00:00 INFO (6): Тип 7 - найдено: 17, прошли первичные фильтры: 14, не прошли фильтр по цветам: 14, добавлено: 0, новых вин-кодов: 0
2011-01-17T11:45:06+00:00 INFO (6): Тип 8 - найдено: 6, прошли первичные фильтры: 5, не прошли фильтр по цветам: 5, добавлено: 0, новых вин-кодов: 0
2011-01-17T11:45:13+00:00 INFO (6): Тип 9 - найдено: 85, прошли первичные фильтры: 7, не прошли фильтр по цветам: 0, добавлено: 7, новых вин-кодов: 0
2011-01-17T11:45:21+00:00 INFO (6): Тип 10 - найдено: 131, прошли первичные фильтры: 6, не прошли фильтр по цветам: 0, добавлено: 6, новых вин-кодов: 0
2011-01-17T11:45:27+00:00 INFO (6): Тип 21 - найдено: 88, прошли первичные фильтры: 9, не прошли фильтр по цветам: 9, добавлено: 0, новых вин-кодов: 0
2011-01-17T11:45:39+00:00 INFO (6): Тип 22 - найдено: 169, прошли первичные фильтры: 24, не прошли фильтр по цветам: 18, добавлено: 6, новых вин-кодов: 0
2011-01-17T11:45:45+00:00 INFO (6): Тип 23 - найдено: 74, прошли первичные фильтры: 10, не прошли фильтр по цветам: 6, добавлено: 4, новых вин-кодов: 0
2011-01-17T11:45:52+00:00 INFO (6): Тип 27 - найдено: 84, прошли первичные фильтры: 3, не прошли фильтр по цветам: 3, добавлено: 0, новых вин-кодов: 0
2011-01-17T11:45:52+00:00 INFO (6): Adesa
2011-01-17T11:45:53+00:00 INFO (6): Запрос авторизован
2011-01-17T11:45:53+00:00 INFO (6): Тип 11 - найдено: 3, прошли первичные фильтры: 0, не прошли фильтр по цветам: 0, добавлено: 0, новых вин-кодов: 0
2011-01-17T11:45:53+00:00 INFO (6): Тип 12 - найдено: 9, прошли первичные фильтры: 0, не прошли фильтр по цветам: 0, добавлено: 0, новых вин-кодов: 0
2011-01-17T11:45:54+00:00 INFO (6): Тип 13 - найдено: 0, прошли первичные фильтры: 0, не прошли фильтр по цветам: 0, добавлено: 0, новых вин-кодов: 0
2011-01-17T11:45:54+00:00 INFO (6): Тип 14 - найдено: 2, прошли первичные фильтры: 0, не прошли фильтр по цветам: 0, добавлено: 0, новых вин-кодов: 0
2011-01-17T11:45:54+00:00 INFO (6): Тип 15 - найдено: 1, прошли первичные фильтры: 0, не прошли фильтр по цветам: 0, добавлено: 0, новых вин-кодов: 0
2011-01-17T11:45:54+00:00 INFO (6): Тип 16 - найдено: 0, прошли первичные фильтры: 0, не прошли фильтр по цветам: 0, добавлено: 0, новых вин-кодов: 0
2011-01-17T11:45:54+00:00 INFO (6): Тип 17 - найдено: 1, прошли первичные фильтры: 0, не прошли фильтр по цветам: 0, добавлено: 0, новых вин-кодов: 0
2011-01-17T11:45:55+00:00 INFO (6): Тип 18 - найдено: 1, прошли первичные фильтры: 0, не прошли фильтр по цветам: 0, добавлено: 0, новых вин-кодов: 0
2011-01-17T11:45:55+00:00 INFO (6): Тип 19 - найдено: 7, прошли первичные фильтры: 0, не прошли фильтр по цветам: 0, добавлено: 0, новых вин-кодов: 0
2011-01-17T11:45:55+00:00 INFO (6): Тип 20 - найдено: 15, прошли первичные фильтры: 0, не прошли фильтр по цветам: 0, добавлено: 0, новых вин-кодов: 0
2011-01-17T11:45:55+00:00 INFO (6): Тип 24 - найдено: 11, прошли первичные фильтры: 0, не прошли фильтр по цветам: 0, добавлено: 0, новых вин-кодов: 0
2011-01-17T11:45:56+00:00 INFO (6): Тип 25 - найдено: 7, прошли первичные фильтры: 0, не прошли фильтр по цветам: 0, добавлено: 0, новых вин-кодов: 0
2011-01-17T11:45:56+00:00 INFO (6): Тип 26 - найдено: 5, прошли первичные фильтры: 0, не прошли фильтр по цветам: 0, добавлено: 0, новых вин-кодов: 0
2011-01-17T11:45:56+00:00 INFO (6): Тип 28 - найдено: 8, прошли первичные фильтры: 0, не прошли фильтр по цветам: 0, добавлено: 0, новых вин-кодов: 0
2011-01-17T11:45:56+00:00 INFO (6): Openlane
2011-01-17T11:46:00+00:00 INFO (6): Запрос авторизован
2011-01-17T11:46:01+00:00 INFO (6): Тип 43 - найдено: 3, прошли первичные фильтры: 2, не прошли фильтр по цветам: 1, добавлено: 1, новых вин-кодов: 0
2011-01-17T11:46:02+00:00 INFO (6): Тип 44 - найдено: 0, прошли первичные фильтры: 0, не прошли фильтр по цветам: 0, добавлено: 0, новых вин-кодов: 0
2011-01-17T11:46:03+00:00 INFO (6): Тип 45 - найдено: 0, прошли первичные фильтры: 0, не прошли фильтр по цветам: 0, добавлено: 0, новых вин-кодов: 0
2011-01-17T11:46:04+00:00 INFO (6): Тип 46 - найдено: 5, прошли первичные фильтры: 5, не прошли фильтр по цветам: 4, добавлено: 1, новых вин-кодов: 0
2011-01-17T11:46:05+00:00 INFO (6): Тип 47 - найдено: 2, прошли первичные фильтры: 2, не прошли фильтр по цветам: 2, добавлено: 0, новых вин-кодов: 0
2011-01-17T11:46:06+00:00 INFO (6): Тип 48 - найдено: 0, прошли первичные фильтры: 0, не прошли фильтр по цветам: 0, добавлено: 0, новых вин-кодов: 0
2011-01-17T11:46:07+00:00 INFO (6): Тип 49 - найдено: 1, прошли первичные фильтры: 1, не прошли фильтр по цветам: 1, добавлено: 0, новых вин-кодов: 0
2011-01-17T11:46:07+00:00 INFO (6): Тип 50 - найдено: 0, прошли первичные фильтры: 0, не прошли фильтр по цветам: 0, добавлено: 0, новых вин-кодов: 0
2011-01-17T11:46:08+00:00 INFO (6): Тип 51 - найдено: 0, прошли первичные фильтры: 0, не прошли фильтр по цветам: 0, добавлено: 0, новых вин-кодов: 0
2011-01-17T11:46:09+00:00 INFO (6): Тип 52 - найдено: 2, прошли первичные фильтры: 0, не прошли фильтр по цветам: 0, добавлено: 0, новых вин-кодов: 0
2011-01-17T11:46:10+00:00 INFO (6): Тип 53 - найдено: 0, прошли первичные фильтры: 0, не прошли фильтр по цветам: 0, добавлено: 0, новых вин-кодов: 0
2011-01-17T11:46:11+00:00 INFO (6): Тип 54 - найдено: 2, прошли первичные фильтры: 0, не прошли фильтр по цветам: 0, добавлено: 0, новых вин-кодов: 0
2011-01-17T11:46:12+00:00 INFO (6): Тип 55 - найдено: 1, прошли первичные фильтры: 1, не прошли фильтр по цветам: 0, добавлено: 1, новых вин-кодов: 0
2011-01-17T11:46:13+00:00 INFO (6): Тип 56 - найдено: 1, прошли первичные фильтры: 0, не прошли фильтр по цветам: 0, добавлено: 0, новых вин-кодов: 0
2011-01-17T11:46:13+00:00 INFO (6): Autotrader
2011-01-17T11:46:13+00:00 INFO (6): Запрос авторизован
2011-01-17T11:46:15+00:00 INFO (6): Captcha::recognize() result OK|38603595
2011-01-17T11:46:33+00:00 INFO (6): Captcha::recognize() result OK|e5 y8c
2011-01-17T11:46:35+00:00 INFO (6): Тип 57 - найдено: 3, прошли первичные фильтры: 0, не прошли фильтр по цветам: 0, добавлено: 0, новых вин-кодов: 0
2011-01-17T11:46:40+00:00 INFO (6): Тип 58 - найдено: 8, прошли первичные фильтры: 0, не прошли фильтр по цветам: 0, добавлено: 0, новых вин-кодов: 0
2011-01-17T11:46:42+00:00 INFO (6): Тип 59 - найдено: 1, прошли первичные фильтры: 0, не прошли фильтр по цветам: 0, добавлено: 0, новых вин-кодов: 0
2011-01-17T11:46:43+00:00 INFO (6): Тип 60 - найдено: 0, прошли первичные фильтры: 0, не прошли фильтр по цветам: 0, добавлено: 0, новых вин-кодов: 0
2011-01-17T11:46:46+00:00 INFO (6): Тип 61 - найдено: 3, прошли первичные фильтры: 0, не прошли фильтр по цветам: 0, добавлено: 0, новых вин-кодов: 0
2011-01-17T11:46:49+00:00 INFO (6): Тип 62 - найдено: 1, прошли первичные фильтры: 1, не прошли фильтр по цветам: 1, добавлено: 0, новых вин-кодов: 1
2011-01-17T11:46:51+00:00 INFO (6): Тип 63 - найдено: 2, прошли первичные фильтры: 1, не прошли фильтр по цветам: 1, добавлено: 0, новых вин-кодов: 0
2011-01-17T11:46:51+00:00 INFO (6): Тип 64 - найдено: 0, прошли первичные фильтры: 0, не прошли фильтр по цветам: 0, добавлено: 0, новых вин-кодов: 0
2011-01-17T11:46:52+00:00 INFO (6): Тип 65 - найдено: 0, прошли первичные фильтры: 0, не прошли фильтр по цветам: 0, добавлено: 0, новых вин-кодов: 0
2011-01-17T11:46:55+00:00 INFO (6): Тип 66 - найдено: 3, прошли первичные фильтры: 0, не прошли фильтр по цветам: 0, добавлено: 0, новых вин-кодов: 0
2011-01-17T11:46:55+00:00 INFO (6): Тип 67 - найдено: 0, прошли первичные фильтры: 0, не прошли фильтр по цветам: 0, добавлено: 0, новых вин-кодов: 0
2011-01-17T11:47:02+00:00 INFO (6): Тип 68 - найдено: 14, прошли первичные фильтры: 0, не прошли фильтр по цветам: 0, добавлено: 0, новых вин-кодов: 0
2011-01-17T11:47:03+00:00 INFO (6): Тип 69 - найдено: 0, прошли первичные фильтры: 0, не прошли фильтр по цветам: 0, добавлено: 0, новых вин-кодов: 0
2011-01-17T11:47:07+00:00 INFO (6): Тип 70 - найдено: 5, прошли первичные фильтры: 0, не прошли фильтр по цветам: 0, добавлено: 0, новых вин-кодов: 0
2011-01-17T11:47:07+00:00 INFO (6): Ebay
2011-01-17T11:47:22+00:00 INFO (6): Тип 29 - найдено: 20, прошли первичные фильтры: 4, не прошли фильтр по цветам: 2, добавлено: 2, новых вин-кодов: 0
2011-01-17T11:48:28+00:00 INFO (6): Тип 30 - найдено: 85, прошли первичные фильтры: 2, не прошли фильтр по цветам: 2, добавлено: 0, новых вин-кодов: 0
2011-01-17T11:49:04+00:00 INFO (6): Тип 31 - найдено: 50, прошли первичные фильтры: 0, не прошли фильтр по цветам: 0, добавлено: 0, новых вин-кодов: 0
2011-01-17T11:49:30+00:00 INFO (6): Тип 32 - найдено: 26, прошли первичные фильтры: 10, не прошли фильтр по цветам: 7, добавлено: 3, новых вин-кодов: 0
2011-01-17T11:49:52+00:00 INFO (6): Тип 33 - найдено: 27, прошли первичные фильтры: 6, не прошли фильтр по цветам: 6, добавлено: 0, новых вин-кодов: 0
2011-01-17T11:49:58+00:00 INFO (6): Тип 34 - найдено: 4, прошли первичные фильтры: 3, не прошли фильтр по цветам: 3, добавлено: 0, новых вин-кодов: 1
2011-01-17T11:50:09+00:00 INFO (6): Тип 35 - найдено: 14, прошли первичные фильтры: 10, не прошли фильтр по цветам: 10, добавлено: 0, новых вин-кодов: 0
2011-01-17T11:50:15+00:00 INFO (6): Тип 36 - найдено: 6, прошли первичные фильтры: 5, не прошли фильтр по цветам: 5, добавлено: 0, новых вин-кодов: 0
2011-01-17T11:50:24+00:00 INFO (6): Тип 37 - найдено: 7, прошли первичные фильтры: 2, не прошли фильтр по цветам: 0, добавлено: 2, новых вин-кодов: 0
2011-01-17T11:50:43+00:00 INFO (6): Тип 38 - найдено: 23, прошли первичные фильтры: 1, не прошли фильтр по цветам: 0, добавлено: 1, новых вин-кодов: 0
2011-01-17T11:50:52+00:00 INFO (6): Тип 39 - найдено: 5, прошли первичные фильтры: 1, не прошли фильтр по цветам: 0, добавлено: 1, новых вин-кодов: 0
2011-01-17T11:51:40+00:00 INFO (6): Тип 40 - найдено: 59, прошли первичные фильтры: 7, не прошли фильтр по цветам: 4, добавлено: 3, новых вин-кодов: 0
2011-01-17T11:51:55+00:00 INFO (6): Тип 41 - найдено: 16, прошли первичные фильтры: 1, не прошли фильтр по цветам: 1, добавлено: 0, новых вин-кодов: 0
2011-01-17T11:52:09+00:00 INFO (6): Тип 42 - найдено: 16, прошли первичные фильтры: 1, не прошли фильтр по цветам: 0, добавлено: 1, новых вин-кодов: 0
2011-01-17T11:52:09+00:00 INFO (6): Завершение задачи
2011-01-17T12:12:24+00:00 INFO (6): Запуск задачи
2011-01-17T12:12:24+00:00 INFO (6): Exporttrader
2011-01-17T12:12:25+00:00 INFO (6): Запрос авторизован
2011-01-17T12:12:29+00:00 INFO (6): Тип 1 - найдено: 71, прошли первичные фильтры: 19, не прошли фильтр по цветам: 9, добавлено: 10, новых вин-кодов: 0
2011-01-17T12:12:34+00:00 INFO (6): Тип 2 - найдено: 126, прошли первичные фильтры: 17, не прошли фильтр по цветам: 6, добавлено: 11, новых вин-кодов: 0
2011-01-17T12:12:39+00:00 INFO (6): Тип 3 - найдено: 26, прошли первичные фильтры: 1, не прошли фильтр по цветам: 0, добавлено: 1, новых вин-кодов: 0
2011-01-17T12:12:42+00:00 INFO (6): Тип 4 - найдено: 54, прошли первичные фильтры: 32, не прошли фильтр по цветам: 27, добавлено: 5, новых вин-кодов: 0
2011-01-17T12:12:46+00:00 INFO (6): Тип 5 - найдено: 65, прошли первичные фильтры: 28, не прошли фильтр по цветам: 24, добавлено: 4, новых вин-кодов: 0
2011-01-17T12:12:47+00:00 INFO (6): Тип 6 - найдено: 15, прошли первичные фильтры: 11, не прошли фильтр по цветам: 10, добавлено: 1, новых вин-кодов: 0
2011-01-17T12:12:48+00:00 INFO (6): Тип 7 - найдено: 17, прошли первичные фильтры: 14, не прошли фильтр по цветам: 14, добавлено: 0, новых вин-кодов: 0
2011-01-17T12:12:49+00:00 INFO (6): Тип 8 - найдено: 6, прошли первичные фильтры: 5, не прошли фильтр по цветам: 5, добавлено: 0, новых вин-кодов: 0
2011-01-17T12:12:53+00:00 INFO (6): Тип 9 - найдено: 85, прошли первичные фильтры: 7, не прошли фильтр по цветам: 0, добавлено: 7, новых вин-кодов: 0
2011-01-17T12:12:59+00:00 INFO (6): Тип 10 - найдено: 131, прошли первичные фильтры: 6, не прошли фильтр по цветам: 0, добавлено: 6, новых вин-кодов: 0
2011-01-17T12:13:04+00:00 INFO (6): Тип 21 - найдено: 88, прошли первичные фильтры: 9, не прошли фильтр по цветам: 9, добавлено: 0, новых вин-кодов: 0
2011-01-17T12:13:15+00:00 INFO (6): Тип 22 - найдено: 169, прошли первичные фильтры: 24, не прошли фильтр по цветам: 18, добавлено: 6, новых вин-кодов: 0
2011-01-17T12:13:18+00:00 INFO (6): Тип 23 - найдено: 74, прошли первичные фильтры: 10, не прошли фильтр по цветам: 6, добавлено: 4, новых вин-кодов: 0
2011-01-17T12:13:23+00:00 INFO (6): Тип 27 - найдено: 84, прошли первичные фильтры: 3, не прошли фильтр по цветам: 3, добавлено: 0, новых вин-кодов: 0
2011-01-17T12:13:23+00:00 INFO (6): Adesa
2011-01-17T12:13:24+00:00 INFO (6): Запрос авторизован
2011-01-17T12:13:25+00:00 INFO (6): Тип 11 - найдено: 3, прошли первичные фильтры: 1, не прошли фильтр по цветам: 1, добавлено: 0, новых вин-кодов: 0
2011-01-17T12:13:25+00:00 INFO (6): Тип 12 - найдено: 9, прошли первичные фильтры: 1, не прошли фильтр по цветам: 0, добавлено: 1, новых вин-кодов: 0
2011-01-17T12:13:25+00:00 INFO (6): Тип 13 - найдено: 0, прошли первичные фильтры: 0, не прошли фильтр по цветам: 0, добавлено: 0, новых вин-кодов: 0
2011-01-17T12:13:25+00:00 INFO (6): Тип 14 - найдено: 2, прошли первичные фильтры: 1, не прошли фильтр по цветам: 0, добавлено: 1, новых вин-кодов: 0
2011-01-17T12:13:25+00:00 INFO (6): Тип 15 - найдено: 1, прошли первичные фильтры: 0, не прошли фильтр по цветам: 0, добавлено: 0, новых вин-кодов: 0
2011-01-17T12:13:25+00:00 INFO (6): Тип 16 - найдено: 0, прошли первичные фильтры: 0, не прошли фильтр по цветам: 0, добавлено: 0, новых вин-кодов: 0
2011-01-17T12:13:25+00:00 INFO (6): Тип 17 - найдено: 1, прошли первичные фильтры: 1, не прошли фильтр по цветам: 1, добавлено: 0, новых вин-кодов: 0
2011-01-17T12:13:26+00:00 INFO (6): Тип 18 - найдено: 1, прошли первичные фильтры: 1, не прошли фильтр по цветам: 1, добавлено: 0, новых вин-кодов: 0
2011-01-17T12:13:26+00:00 INFO (6): Тип 19 - найдено: 7, прошли первичные фильтры: 0, не прошли фильтр по цветам: 0, добавлено: 0, новых вин-кодов: 0
2011-01-17T12:13:26+00:00 INFO (6): Тип 20 - найдено: 15, прошли первичные фильтры: 3, не прошли фильтр по цветам: 0, добавлено: 3, новых вин-кодов: 0
2011-01-17T12:13:28+00:00 INFO (6): Тип 24 - найдено: 11, прошли первичные фильтры: 1, не прошли фильтр по цветам: 1, добавлено: 0, новых вин-кодов: 1
2011-01-17T12:13:28+00:00 INFO (6): Тип 25 - найдено: 7, прошли первичные фильтры: 0, не прошли фильтр по цветам: 0, добавлено: 0, новых вин-кодов: 0
2011-01-17T12:13:28+00:00 INFO (6): Тип 26 - найдено: 5, прошли первичные фильтры: 0, не прошли фильтр по цветам: 0, добавлено: 0, новых вин-кодов: 0
2011-01-17T12:13:28+00:00 INFO (6): Тип 28 - найдено: 8, прошли первичные фильтры: 1, не прошли фильтр по цветам: 1, добавлено: 0, новых вин-кодов: 0
2011-01-17T12:13:28+00:00 INFO (6): Openlane
2011-01-17T12:13:36+00:00 INFO (6): Запрос авторизован
2011-01-17T12:13:37+00:00 INFO (6): Тип 43 - найдено: 3, прошли первичные фильтры: 2, не прошли фильтр по цветам: 1, добавлено: 1, новых вин-кодов: 0
2011-01-17T12:13:38+00:00 INFO (6): Тип 44 - найдено: 0, прошли первичные фильтры: 0, не прошли фильтр по цветам: 0, добавлено: 0, новых вин-кодов: 0
2011-01-17T12:13:39+00:00 INFO (6): Тип 45 - найдено: 0, прошли первичные фильтры: 0, не прошли фильтр по цветам: 0, добавлено: 0, новых вин-кодов: 0
2011-01-17T12:13:40+00:00 INFO (6): Тип 46 - найдено: 5, прошли первичные фильтры: 5, не прошли фильтр по цветам: 4, добавлено: 1, новых вин-кодов: 0
2011-01-17T12:13:41+00:00 INFO (6): Тип 47 - найдено: 2, прошли первичные фильтры: 2, не прошли фильтр по цветам: 2, добавлено: 0, новых вин-кодов: 0
2011-01-17T12:13:42+00:00 INFO (6): Тип 48 - найдено: 0, прошли первичные фильтры: 0, не прошли фильтр по цветам: 0, добавлено: 0, новых вин-кодов: 0
2011-01-17T12:13:42+00:00 INFO (6): Тип 49 - найдено: 1, прошли первичные фильтры: 1, не прошли фильтр по цветам: 1, добавлено: 0, новых вин-кодов: 0
2011-01-17T12:13:43+00:00 INFO (6): Тип 50 - найдено: 0, прошли первичные фильтры: 0, не прошли фильтр по цветам: 0, добавлено: 0, новых вин-кодов: 0
2011-01-17T12:13:44+00:00 INFO (6): Тип 51 - найдено: 0, прошли первичные фильтры: 0, не прошли фильтр по цветам: 0, добавлено: 0, новых вин-кодов: 0
2011-01-17T12:13:45+00:00 INFO (6): Тип 52 - найдено: 2, прошли первичные фильтры: 0, не прошли фильтр по цветам: 0, добавлено: 0, новых вин-кодов: 0
2011-01-17T12:13:46+00:00 INFO (6): Тип 53 - найдено: 0, прошли первичные фильтры: 0, не прошли фильтр по цветам: 0, добавлено: 0, новых вин-кодов: 0
2011-01-17T12:13:47+00:00 INFO (6): Тип 54 - найдено: 2, прошли первичные фильтры: 0, не прошли фильтр по цветам: 0, добавлено: 0, новых вин-кодов: 0
2011-01-17T12:13:48+00:00 INFO (6): Тип 55 - найдено: 1, прошли первичные фильтры: 1, не прошли фильтр по цветам: 0, добавлено: 1, новых вин-кодов: 0
2011-01-17T12:13:48+00:00 INFO (6): Тип 56 - найдено: 1, прошли первичные фильтры: 0, не прошли фильтр по цветам: 0, добавлено: 0, новых вин-кодов: 0
2011-01-17T12:13:48+00:00 INFO (6): Autotrader
2011-01-17T12:13:49+00:00 INFO (6): Запрос авторизован
2011-01-17T12:13:52+00:00 INFO (6): Тип 57 - найдено: 4, прошли первичные фильтры: 0, не прошли фильтр по цветам: 0, добавлено: 0, новых вин-кодов: 0
2011-01-17T12:13:57+00:00 INFO (6): Тип 58 - найдено: 9, прошли первичные фильтры: 0, не прошли фильтр по цветам: 0, добавлено: 0, новых вин-кодов: 0
2011-01-17T12:14:00+00:00 INFO (6): Тип 59 - найдено: 2, прошли первичные фильтры: 0, не прошли фильтр по цветам: 0, добавлено: 0, новых вин-кодов: 0
2011-01-17T12:14:00+00:00 INFO (6): Тип 60 - найдено: 0, прошли первичные фильтры: 0, не прошли фильтр по цветам: 0, добавлено: 0, новых вин-кодов: 0
2011-01-17T12:14:03+00:00 INFO (6): Тип 61 - найдено: 3, прошли первичные фильтры: 0, не прошли фильтр по цветам: 0, добавлено: 0, новых вин-кодов: 0
2011-01-17T12:14:05+00:00 INFO (6): Тип 62 - найдено: 1, прошли первичные фильтры: 1, не прошли фильтр по цветам: 1, добавлено: 0, новых вин-кодов: 0
2011-01-17T12:14:08+00:00 INFO (6): Тип 63 - найдено: 2, прошли первичные фильтры: 1, не прошли фильтр по цветам: 1, добавлено: 0, новых вин-кодов: 0
2011-01-17T12:14:08+00:00 INFO (6): Тип 64 - найдено: 0, прошли первичные фильтры: 0, не прошли фильтр по цветам: 0, добавлено: 0, новых вин-кодов: 0
2011-01-17T12:14:09+00:00 INFO (6): Тип 65 - найдено: 0, прошли первичные фильтры: 0, не прошли фильтр по цветам: 0, добавлено: 0, новых вин-кодов: 0
2011-01-17T12:14:11+00:00 INFO (6): Тип 66 - найдено: 4, прошли первичные фильтры: 0, не прошли фильтр по цветам: 0, добавлено: 0, новых вин-кодов: 0
2011-01-17T12:14:12+00:00 INFO (6): Тип 67 - найдено: 0, прошли первичные фильтры: 0, не прошли фильтр по цветам: 0, добавлено: 0, новых вин-кодов: 0
2011-01-17T12:14:19+00:00 INFO (6): Тип 68 - найдено: 14, прошли первичные фильтры: 0, не прошли фильтр по цветам: 0, добавлено: 0, новых вин-кодов: 0
2011-01-17T12:14:20+00:00 INFO (6): Тип 69 - найдено: 0, прошли первичные фильтры: 0, не прошли фильтр по цветам: 0, добавлено: 0, новых вин-кодов: 0
2011-01-17T12:14:24+00:00 INFO (6): Тип 70 - найдено: 5, прошли первичные фильтры: 0, не прошли фильтр по цветам: 0, добавлено: 0, новых вин-кодов: 0
2011-01-17T12:14:24+00:00 INFO (6): Ebay
2011-01-17T12:14:44+00:00 INFO (6): Тип 29 - найдено: 20, прошли первичные фильтры: 4, не прошли фильтр по цветам: 2, добавлено: 2, новых вин-кодов: 0
2011-01-17T12:15:50+00:00 INFO (6): Тип 30 - найдено: 85, прошли первичные фильтры: 2, не прошли фильтр по цветам: 2, добавлено: 0, новых вин-кодов: 0
2011-01-17T12:16:28+00:00 INFO (6): Тип 31 - найдено: 50, прошли первичные фильтры: 0, не прошли фильтр по цветам: 0, добавлено: 0, новых вин-кодов: 0
2011-01-17T12:16:49+00:00 INFO (6): Тип 32 - найдено: 26, прошли первичные фильтры: 10, не прошли фильтр по цветам: 7, добавлено: 3, новых вин-кодов: 0
2011-01-17T12:17:13+00:00 INFO (6): Тип 33 - найдено: 27, прошли первичные фильтры: 6, не прошли фильтр по цветам: 6, добавлено: 0, новых вин-кодов: 0
2011-01-17T12:17:18+00:00 INFO (6): Тип 34 - найдено: 4, прошли первичные фильтры: 3, не прошли фильтр по цветам: 3, добавлено: 0, новых вин-кодов: 0
2011-01-17T12:17:29+00:00 INFO (6): Тип 35 - найдено: 14, прошли первичные фильтры: 10, не прошли фильтр по цветам: 10, добавлено: 0, новых вин-кодов: 0
2011-01-17T12:17:34+00:00 INFO (6): Тип 36 - найдено: 6, прошли первичные фильтры: 5, не прошли фильтр по цветам: 5, добавлено: 0, новых вин-кодов: 0
2011-01-17T12:17:41+00:00 INFO (6): Тип 37 - найдено: 7, прошли первичные фильтры: 2, не прошли фильтр по цветам: 0, добавлено: 2, новых вин-кодов: 0
2011-01-17T12:17:59+00:00 INFO (6): Тип 38 - найдено: 23, прошли первичные фильтры: 1, не прошли фильтр по цветам: 0, добавлено: 1, новых вин-кодов: 0
2011-01-17T12:18:04+00:00 INFO (6): Тип 39 - найдено: 5, прошли первичные фильтры: 1, не прошли фильтр по цветам: 0, добавлено: 1, новых вин-кодов: 0
2011-01-17T12:18:51+00:00 INFO (6): Тип 40 - найдено: 59, прошли первичные фильтры: 7, не прошли фильтр по цветам: 4, добавлено: 3, новых вин-кодов: 0
2011-01-17T12:19:04+00:00 INFO (6): Тип 41 - найдено: 16, прошли первичные фильтры: 1, не прошли фильтр по цветам: 1, добавлено: 0, новых вин-кодов: 0
2011-01-17T12:19:16+00:00 INFO (6): Тип 42 - найдено: 16, прошли первичные фильтры: 1, не прошли фильтр по цветам: 0, добавлено: 1, новых вин-кодов: 0
2011-01-17T12:19:16+00:00 INFO (6): Завершение задачи
2011-01-17T14:10:12+00:00 INFO (6): Запуск задачи
2011-01-17T14:10:12+00:00 INFO (6): Exporttrader
2011-01-17T14:10:13+00:00 INFO (6): Запрос авторизован
2011-01-17T14:10:17+00:00 INFO (6): Тип 1 - найдено: 71, прошли первичные фильтры: 19, не прошли фильтр по цветам: 9, добавлено: 10, новых вин-кодов: 0
2011-01-17T14:10:22+00:00 INFO (6): Тип 2 - найдено: 127, прошли первичные фильтры: 17, не прошли фильтр по цветам: 6, добавлено: 11, новых вин-кодов: 0
2011-01-17T14:10:25+00:00 INFO (6): Тип 3 - найдено: 26, прошли первичные фильтры: 1, не прошли фильтр по цветам: 0, добавлено: 1, новых вин-кодов: 0
2011-01-17T14:10:28+00:00 INFO (6): Тип 4 - найдено: 54, прошли первичные фильтры: 32, не прошли фильтр по цветам: 27, добавлено: 5, новых вин-кодов: 0
2011-01-17T14:10:32+00:00 INFO (6): Тип 5 - найдено: 65, прошли первичные фильтры: 28, не прошли фильтр по цветам: 24, добавлено: 4, новых вин-кодов: 0
2011-01-17T14:10:33+00:00 INFO (6): Тип 6 - найдено: 15, прошли первичные фильтры: 11, не прошли фильтр по цветам: 10, добавлено: 1, новых вин-кодов: 0
2011-01-17T14:10:38+00:00 INFO (6): Тип 7 - найдено: 17, прошли первичные фильтры: 14, не прошли фильтр по цветам: 14, добавлено: 0, новых вин-кодов: 0
2011-01-17T14:10:39+00:00 INFO (6): Тип 8 - найдено: 6, прошли первичные фильтры: 5, не прошли фильтр по цветам: 5, добавлено: 0, новых вин-кодов: 0
2011-01-17T14:10:46+00:00 INFO (6): Тип 9 - найдено: 85, прошли первичные фильтры: 7, не прошли фильтр по цветам: 0, добавлено: 7, новых вин-кодов: 0
2011-01-17T14:10:52+00:00 INFO (6): Тип 10 - найдено: 131, прошли первичные фильтры: 6, не прошли фильтр по цветам: 0, добавлено: 6, новых вин-кодов: 0
2011-01-17T14:10:56+00:00 INFO (6): Тип 21 - найдено: 89, прошли первичные фильтры: 9, не прошли фильтр по цветам: 9, добавлено: 0, новых вин-кодов: 0
2011-01-17T14:11:05+00:00 INFO (6): Тип 22 - найдено: 169, прошли первичные фильтры: 24, не прошли фильтр по цветам: 18, добавлено: 6, новых вин-кодов: 0
2011-01-17T14:11:09+00:00 INFO (6): Тип 23 - найдено: 74, прошли первичные фильтры: 10, не прошли фильтр по цветам: 6, добавлено: 4, новых вин-кодов: 0
2011-01-17T14:11:14+00:00 INFO (6): Тип 27 - найдено: 84, прошли первичные фильтры: 3, не прошли фильтр по цветам: 3, добавлено: 0, новых вин-кодов: 0
2011-01-17T14:11:14+00:00 INFO (6): Adesa
2011-01-17T14:11:14+00:00 INFO (6): Авторизация: запрос №1 прошел
2011-01-17T14:11:15+00:00 INFO (6): Авторизация: запрос №2 прошел
2011-01-17T14:11:15+00:00 INFO (6): Запрос авторизован
2011-01-17T14:11:16+00:00 INFO (6): Тип 11 - найдено: 4, прошли первичные фильтры: 1, не прошли фильтр по цветам: 1, добавлено: 0, новых вин-кодов: 0
2011-01-17T14:11:16+00:00 INFO (6): Тип 12 - найдено: 9, прошли первичные фильтры: 1, не прошли фильтр по цветам: 0, добавлено: 1, новых вин-кодов: 0
2011-01-17T14:11:16+00:00 INFO (6): Тип 13 - найдено: 0, прошли первичные фильтры: 0, не прошли фильтр по цветам: 0, добавлено: 0, новых вин-кодов: 0
2011-01-17T14:11:16+00:00 INFO (6): Тип 14 - найдено: 2, прошли первичные фильтры: 1, не прошли фильтр по цветам: 0, добавлено: 1, новых вин-кодов: 0
2011-01-17T14:11:17+00:00 INFO (6): Тип 15 - найдено: 1, прошли первичные фильтры: 0, не прошли фильтр по цветам: 0, добавлено: 0, новых вин-кодов: 0
2011-01-17T14:11:17+00:00 INFO (6): Тип 16 - найдено: 0, прошли первичные фильтры: 0, не прошли фильтр по цветам: 0, добавлено: 0, новых вин-кодов: 0
2011-01-17T14:11:17+00:00 INFO (6): Тип 17 - найдено: 1, прошли первичные фильтры: 1, не прошли фильтр по цветам: 1, добавлено: 0, новых вин-кодов: 0
2011-01-17T14:11:17+00:00 INFO (6): Тип 18 - найдено: 1, прошли первичные фильтры: 1, не прошли фильтр по цветам: 1, добавлено: 0, новых вин-кодов: 0
2011-01-17T14:11:17+00:00 INFO (6): Тип 19 - найдено: 7, прошли первичные фильтры: 0, не прошли фильтр по цветам: 0, добавлено: 0, новых вин-кодов: 0
2011-01-17T14:11:18+00:00 INFO (6): Тип 20 - найдено: 15, прошли первичные фильтры: 3, не прошли фильтр по цветам: 0, добавлено: 3, новых вин-кодов: 0
2011-01-17T14:11:18+00:00 INFO (6): Тип 24 - найдено: 11, прошли первичные фильтры: 1, не прошли фильтр по цветам: 1, добавлено: 0, новых вин-кодов: 0
2011-01-17T14:11:18+00:00 INFO (6): Тип 25 - найдено: 8, прошли первичные фильтры: 0, не прошли фильтр по цветам: 0, добавлено: 0, новых вин-кодов: 0
2011-01-17T14:11:18+00:00 INFO (6): Тип 26 - найдено: 5, прошли первичные фильтры: 0, не прошли фильтр по цветам: 0, добавлено: 0, новых вин-кодов: 0
2011-01-17T14:11:18+00:00 INFO (6): Тип 28 - найдено: 8, прошли первичные фильтры: 1, не прошли фильтр по цветам: 1, добавлено: 0, новых вин-кодов: 0
2011-01-17T14:11:18+00:00 INFO (6): Openlane
2011-01-17T14:11:22+00:00 INFO (6): Запрос авторизован
2011-01-17T14:11:23+00:00 INFO (6): Тип 43 - найдено: 3, прошли первичные фильтры: 2, не прошли фильтр по цветам: 1, добавлено: 1, новых вин-кодов: 0
2011-01-17T14:11:24+00:00 INFO (6): Тип 44 - найдено: 0, прошли первичные фильтры: 0, не прошли фильтр по цветам: 0, добавлено: 0, новых вин-кодов: 0
2011-01-17T14:11:25+00:00 INFO (6): Тип 45 - найдено: 0, прошли первичные фильтры: 0, не прошли фильтр по цветам: 0, добавлено: 0, новых вин-кодов: 0
2011-01-17T14:11:26+00:00 INFO (6): Тип 46 - найдено: 5, прошли первичные фильтры: 5, не прошли фильтр по цветам: 4, добавлено: 1, новых вин-кодов: 0
2011-01-17T14:11:27+00:00 INFO (6): Тип 47 - найдено: 2, прошли первичные фильтры: 2, не прошли фильтр по цветам: 2, добавлено: 0, новых вин-кодов: 0
2011-01-17T14:11:28+00:00 INFO (6): Тип 48 - найдено: 0, прошли первичные фильтры: 0, не прошли фильтр по цветам: 0, добавлено: 0, новых вин-кодов: 0
2011-01-17T14:11:29+00:00 INFO (6): Тип 49 - найдено: 1, прошли первичные фильтры: 1, не прошли фильтр по цветам: 1, добавлено: 0, новых вин-кодов: 0
2011-01-17T14:11:29+00:00 INFO (6): Тип 50 - найдено: 0, прошли первичные фильтры: 0, не прошли фильтр по цветам: 0, добавлено: 0, новых вин-кодов: 0
2011-01-17T14:11:30+00:00 INFO (6): Тип 51 - найдено: 0, прошли первичные фильтры: 0, не прошли фильтр по цветам: 0, добавлено: 0, новых вин-кодов: 0
2011-01-17T14:11:31+00:00 INFO (6): Тип 52 - найдено: 2, прошли первичные фильтры: 0, не прошли фильтр по цветам: 0, добавлено: 0, новых вин-кодов: 0
2011-01-17T14:11:32+00:00 INFO (6): Тип 53 - найдено: 0, прошли первичные фильтры: 0, не прошли фильтр по цветам: 0, добавлено: 0, новых вин-кодов: 0
2011-01-17T14:11:33+00:00 INFO (6): Тип 54 - найдено: 2, прошли первичные фильтры: 0, не прошли фильтр по цветам: 0, добавлено: 0, новых вин-кодов: 0
2011-01-17T14:11:34+00:00 INFO (6): Тип 55 - найдено: 1, прошли первичные фильтры: 1, не прошли фильтр по цветам: 0, добавлено: 1, новых вин-кодов: 0
2011-01-17T14:11:35+00:00 INFO (6): Тип 56 - найдено: 1, прошли первичные фильтры: 0, не прошли фильтр по цветам: 0, добавлено: 0, новых вин-кодов: 0
2011-01-17T14:11:35+00:00 INFO (6): Autotrader
2011-01-17T14:11:36+00:00 INFO (6): Запрос авторизован
2011-01-17T14:11:38+00:00 INFO (6): Captcha::recognize() result OK|39255891
2011-01-17T14:11:53+00:00 INFO (6): Captcha::recognize() result OK|w43d 9
2011-01-17T14:11:54+00:00 INFO (6): Captcha::recognize() result OK|39257145
2011-01-17T14:12:15+00:00 INFO (6): Captcha::recognize() result OK|2bn wc
2011-01-17T14:12:17+00:00 INFO (6): Тип 57 - найдено: 4, прошли первичные фильтры: 0, не прошли фильтр по цветам: 0, добавлено: 0, новых вин-кодов: 0
2011-01-17T14:12:23+00:00 INFO (6): Тип 58 - найдено: 10, прошли первичные фильтры: 0, не прошли фильтр по цветам: 0, добавлено: 0, новых вин-кодов: 0
2011-01-17T14:12:27+00:00 INFO (6): Тип 59 - найдено: 2, прошли первичные фильтры: 0, не прошли фильтр по цветам: 0, добавлено: 0, новых вин-кодов: 0
2011-01-17T14:12:28+00:00 INFO (6): Тип 60 - найдено: 1, прошли первичные фильтры: 0, не прошли фильтр по цветам: 0, добавлено: 0, новых вин-кодов: 0
2011-01-17T14:12:32+00:00 INFO (6): Тип 61 - найдено: 3, прошли первичные фильтры: 0, не прошли фильтр по цветам: 0, добавлено: 0, новых вин-кодов: 0
2011-01-17T14:12:36+00:00 INFO (6): Тип 62 - найдено: 1, прошли первичные фильтры: 1, не прошли фильтр по цветам: 1, добавлено: 0, новых вин-кодов: 0
2011-01-17T14:12:39+00:00 INFO (6): Тип 63 - найдено: 2, прошли первичные фильтры: 1, не прошли фильтр по цветам: 1, добавлено: 0, новых вин-кодов: 0
2011-01-17T14:12:39+00:00 INFO (6): Тип 64 - найдено: 0, прошли первичные фильтры: 0, не прошли фильтр по цветам: 0, добавлено: 0, новых вин-кодов: 0
2011-01-17T14:12:40+00:00 INFO (6): Тип 65 - найдено: 0, прошли первичные фильтры: 0, не прошли фильтр по цветам: 0, добавлено: 0, новых вин-кодов: 0
2011-01-17T14:12:44+00:00 INFO (6): Тип 66 - найдено: 5, прошли первичные фильтры: 0, не прошли фильтр по цветам: 0, добавлено: 0, новых вин-кодов: 0
2011-01-17T14:12:45+00:00 INFO (6): Тип 67 - найдено: 0, прошли первичные фильтры: 0, не прошли фильтр по цветам: 0, добавлено: 0, новых вин-кодов: 0
2011-01-17T14:12:54+00:00 INFO (6): Тип 68 - найдено: 15, прошли первичные фильтры: 0, не прошли фильтр по цветам: 0, добавлено: 0, новых вин-кодов: 0
2011-01-17T14:12:56+00:00 INFO (6): Тип 69 - найдено: 1, прошли первичные фильтры: 0, не прошли фильтр по цветам: 0, добавлено: 0, новых вин-кодов: 0
2011-01-17T14:13:01+00:00 INFO (6): Тип 70 - найдено: 6, прошли первичные фильтры: 0, не прошли фильтр по цветам: 0, добавлено: 0, новых вин-кодов: 0
2011-01-17T14:13:01+00:00 INFO (6): Ebay
2011-01-17T14:13:17+00:00 INFO (6): Тип 29 - найдено: 20, прошли первичные фильтры: 4, не прошли фильтр по цветам: 2, добавлено: 2, новых вин-кодов: 0
2011-01-17T14:14:24+00:00 INFO (6): Тип 30 - найдено: 85, прошли первичные фильтры: 2, не прошли фильтр по цветам: 2, добавлено: 0, новых вин-кодов: 0
2011-01-17T14:15:03+00:00 INFO (6): Тип 31 - найдено: 50, прошли первичные фильтры: 0, не прошли фильтр по цветам: 0, добавлено: 0, новых вин-кодов: 0
2011-01-17T14:15:23+00:00 INFO (6): Тип 32 - найдено: 26, прошли первичные фильтры: 10, не прошли фильтр по цветам: 7, добавлено: 3, новых вин-кодов: 0
2011-01-17T14:15:45+00:00 INFO (6): Тип 33 - найдено: 27, прошли первичные фильтры: 6, не прошли фильтр по цветам: 6, добавлено: 0, новых вин-кодов: 0
2011-01-17T14:15:49+00:00 INFO (6): Тип 34 - найдено: 4, прошли первичные фильтры: 3, не прошли фильтр по цветам: 3, добавлено: 0, новых вин-кодов: 0
2011-01-17T14:16:00+00:00 INFO (6): Тип 35 - найдено: 14, прошли первичные фильтры: 10, не прошли фильтр по цветам: 10, добавлено: 0, новых вин-кодов: 0
2011-01-17T14:16:05+00:00 INFO (6): Тип 36 - найдено: 6, прошли первичные фильтры: 5, не прошли фильтр по цветам: 5, добавлено: 0, новых вин-кодов: 0
2011-01-17T14:16:11+00:00 INFO (6): Тип 37 - найдено: 7, прошли первичные фильтры: 2, не прошли фильтр по цветам: 0, добавлено: 2, новых вин-кодов: 0
2011-01-17T14:16:28+00:00 INFO (6): Тип 38 - найдено: 23, прошли первичные фильтры: 1, не прошли фильтр по цветам: 0, добавлено: 1, новых вин-кодов: 0
2011-01-17T14:16:33+00:00 INFO (6): Тип 39 - найдено: 5, прошли первичные фильтры: 1, не прошли фильтр по цветам: 0, добавлено: 1, новых вин-кодов: 0
2011-01-17T14:17:19+00:00 INFO (6): Тип 40 - найдено: 59, прошли первичные фильтры: 7, не прошли фильтр по цветам: 4, добавлено: 3, новых вин-кодов: 0
2011-01-17T14:17:31+00:00 INFO (6): Тип 41 - найдено: 16, прошли первичные фильтры: 1, не прошли фильтр по цветам: 1, добавлено: 0, новых вин-кодов: 0
2011-01-17T14:17:44+00:00 INFO (6): Тип 42 - найдено: 16, прошли первичные фильтры: 1, не прошли фильтр по цветам: 0, добавлено: 1, новых вин-кодов: 0
2011-01-17T14:17:44+00:00 INFO (6): Завершение задачи
2011-01-17T18:19:26+00:00 INFO (6): Запуск задачи
2011-01-17T18:19:26+00:00 INFO (6): Exporttrader
2011-01-17T18:19:27+00:00 INFO (6): Каптча получена и записана в локальный файл
2011-01-17T18:19:27+00:00 INFO (6): Captcha::recognize() result OK|40439122
2011-01-17T18:19:37+00:00 INFO (6): Captcha::recognize() result OK|83384
2011-01-17T18:19:37+00:00 INFO (6): Каптча распознана: 83384
2011-01-17T18:19:38+00:00 INFO (6): Авторизация: запрос №1 прошел
2011-01-17T18:19:38+00:00 INFO (6): Авторизация: запрос №2 прошел
2011-01-17T18:19:38+00:00 INFO (6): Запрос авторизован
2011-01-17T18:19:42+00:00 INFO (6): Тип 1 - найдено: 73, прошли первичные фильтры: 19, не прошли фильтр по цветам: 9, добавлено: 10, новых вин-кодов: 0
2011-01-17T18:19:48+00:00 INFO (6): Тип 2 - найдено: 128, прошли первичные фильтры: 17, не прошли фильтр по цветам: 6, добавлено: 11, новых вин-кодов: 0
2011-01-17T18:19:50+00:00 INFO (6): Тип 3 - найдено: 26, прошли первичные фильтры: 1, не прошли фильтр по цветам: 0, добавлено: 1, новых вин-кодов: 0
2011-01-17T18:19:52+00:00 INFO (6): Тип 4 - найдено: 54, прошли первичные фильтры: 32, не прошли фильтр по цветам: 27, добавлено: 5, новых вин-кодов: 0
2011-01-17T18:19:56+00:00 INFO (6): Тип 5 - найдено: 65, прошли первичные фильтры: 28, не прошли фильтр по цветам: 24, добавлено: 4, новых вин-кодов: 0
2011-01-17T18:19:58+00:00 INFO (6): Тип 6 - найдено: 15, прошли первичные фильтры: 11, не прошли фильтр по цветам: 10, добавлено: 1, новых вин-кодов: 0
2011-01-17T18:19:59+00:00 INFO (6): Тип 7 - найдено: 17, прошли первичные фильтры: 14, не прошли фильтр по цветам: 14, добавлено: 0, новых вин-кодов: 0
2011-01-17T18:20:00+00:00 INFO (6): Тип 8 - найдено: 6, прошли первичные фильтры: 5, не прошли фильтр по цветам: 5, добавлено: 0, новых вин-кодов: 0
2011-01-17T18:20:05+00:00 INFO (6): Тип 9 - найдено: 86, прошли первичные фильтры: 7, не прошли фильтр по цветам: 0, добавлено: 7, новых вин-кодов: 0
2011-01-17T18:20:11+00:00 INFO (6): Тип 10 - найдено: 133, прошли первичные фильтры: 6, не прошли фильтр по цветам: 0, добавлено: 6, новых вин-кодов: 0
2011-01-17T18:20:16+00:00 INFO (6): Тип 21 - найдено: 90, прошли первичные фильтры: 9, не прошли фильтр по цветам: 9, добавлено: 0, новых вин-кодов: 0
2011-01-17T18:20:23+00:00 INFO (6): Тип 22 - найдено: 170, прошли первичные фильтры: 24, не прошли фильтр по цветам: 18, добавлено: 6, новых вин-кодов: 0
2011-01-17T18:20:26+00:00 INFO (6): Тип 23 - найдено: 76, прошли первичные фильтры: 10, не прошли фильтр по цветам: 6, добавлено: 4, новых вин-кодов: 0
2011-01-17T18:20:31+00:00 INFO (6): Тип 27 - найдено: 86, прошли первичные фильтры: 3, не прошли фильтр по цветам: 3, добавлено: 0, новых вин-кодов: 0
2011-01-17T18:20:31+00:00 INFO (6): Adesa
2011-01-17T18:20:32+00:00 INFO (6): Авторизация: запрос №1 прошел
2011-01-17T18:20:35+00:00 INFO (6): Авторизация: запрос №2 прошел
2011-01-17T18:20:35+00:00 INFO (6): Запрос авторизован
2011-01-17T18:20:38+00:00 INFO (6): Тип 11 - найдено: 5, прошли первичные фильтры: 2, не прошли фильтр по цветам: 1, добавлено: 1, новых вин-кодов: 1
2011-01-17T18:20:38+00:00 INFO (6): Тип 12 - найдено: 9, прошли первичные фильтры: 2, не прошли фильтр по цветам: 1, добавлено: 1, новых вин-кодов: 0
2011-01-17T18:20:38+00:00 INFO (6): Тип 13 - найдено: 0, прошли первичные фильтры: 0, не прошли фильтр по цветам: 0, добавлено: 0, новых вин-кодов: 0
2011-01-17T18:20:38+00:00 INFO (6): Тип 14 - найдено: 2, прошли первичные фильтры: 0, не прошли фильтр по цветам: 0, добавлено: 0, новых вин-кодов: 0
2011-01-17T18:20:39+00:00 INFO (6): Тип 15 - найдено: 1, прошли первичные фильтры: 0, не прошли фильтр по цветам: 0, добавлено: 0, новых вин-кодов: 0
2011-01-17T18:20:39+00:00 INFO (6): Тип 16 - найдено: 0, прошли первичные фильтры: 0, не прошли фильтр по цветам: 0, добавлено: 0, новых вин-кодов: 0
2011-01-17T18:20:39+00:00 INFO (6): Тип 17 - найдено: 1, прошли первичные фильтры: 1, не прошли фильтр по цветам: 1, добавлено: 0, новых вин-кодов: 0
2011-01-17T18:20:39+00:00 INFO (6): Тип 18 - найдено: 1, прошли первичные фильтры: 1, не прошли фильтр по цветам: 1, добавлено: 0, новых вин-кодов: 0
2011-01-17T18:20:40+00:00 INFO (6): Тип 19 - найдено: 9, прошли первичные фильтры: 0, не прошли фильтр по цветам: 0, добавлено: 0, новых вин-кодов: 0
2011-01-17T18:20:40+00:00 INFO (6): Тип 20 - найдено: 20, прошли первичные фильтры: 3, не прошли фильтр по цветам: 0, добавлено: 3, новых вин-кодов: 0
2011-01-17T18:20:42+00:00 INFO (6): Тип 24 - найдено: 12, прошли первичные фильтры: 2, не прошли фильтр по цветам: 2, добавлено: 0, новых вин-кодов: 1
2011-01-17T18:20:42+00:00 INFO (6): Тип 25 - найдено: 11, прошли первичные фильтры: 0, не прошли фильтр по цветам: 0, добавлено: 0, новых вин-кодов: 0
2011-01-17T18:20:42+00:00 INFO (6): Тип 26 - найдено: 6, прошли первичные фильтры: 0, не прошли фильтр по цветам: 0, добавлено: 0, новых вин-кодов: 0
2011-01-17T18:20:42+00:00 INFO (6): Тип 28 - найдено: 11, прошли первичные фильтры: 1, не прошли фильтр по цветам: 1, добавлено: 0, новых вин-кодов: 0
2011-01-17T18:20:42+00:00 INFO (6): Openlane
2011-01-17T18:20:46+00:00 INFO (6): Запрос авторизован
2011-01-17T18:20:48+00:00 INFO (6): Тип 43 - найдено: 3, прошли первичные фильтры: 2, не прошли фильтр по цветам: 1, добавлено: 1, новых вин-кодов: 0
2011-01-17T18:20:49+00:00 INFO (6): Тип 44 - найдено: 0, прошли первичные фильтры: 0, не прошли фильтр по цветам: 0, добавлено: 0, новых вин-кодов: 0
2011-01-17T18:20:50+00:00 INFO (6): Тип 45 - найдено: 0, прошли первичные фильтры: 0, не прошли фильтр по цветам: 0, добавлено: 0, новых вин-кодов: 0
2011-01-17T18:20:51+00:00 INFO (6): Тип 46 - найдено: 5, прошли первичные фильтры: 5, не прошли фильтр по цветам: 4, добавлено: 1, новых вин-кодов: 0
2011-01-17T18:20:52+00:00 INFO (6): Тип 47 - найдено: 2, прошли первичные фильтры: 2, не прошли фильтр по цветам: 2, добавлено: 0, новых вин-кодов: 0
2011-01-17T18:20:52+00:00 INFO (6): Тип 48 - найдено: 0, прошли первичные фильтры: 0, не прошли фильтр по цветам: 0, добавлено: 0, новых вин-кодов: 0
2011-01-17T18:20:53+00:00 INFO (6): Тип 49 - найдено: 1, прошли первичные фильтры: 1, не прошли фильтр по цветам: 1, добавлено: 0, новых вин-кодов: 0
2011-01-17T18:20:54+00:00 INFO (6): Тип 50 - найдено: 0, прошли первичные фильтры: 0, не прошли фильтр по цветам: 0, добавлено: 0, новых вин-кодов: 0
2011-01-17T18:20:55+00:00 INFO (6): Тип 51 - найдено: 0, прошли первичные фильтры: 0, не прошли фильтр по цветам: 0, добавлено: 0, новых вин-кодов: 0
2011-01-17T18:20:56+00:00 INFO (6): Тип 52 - найдено: 2, прошли первичные фильтры: 0, не прошли фильтр по цветам: 0, добавлено: 0, новых вин-кодов: 0
2011-01-17T18:20:57+00:00 INFO (6): Тип 53 - найдено: 0, прошли первичные фильтры: 0, не прошли фильтр по цветам: 0, добавлено: 0, новых вин-кодов: 0
2011-01-17T18:20:58+00:00 INFO (6): Тип 54 - найдено: 2, прошли первичные фильтры: 0, не прошли фильтр по цветам: 0, добавлено: 0, новых вин-кодов: 0
2011-01-17T18:20:59+00:00 INFO (6): Тип 55 - найдено: 1, прошли первичные фильтры: 1, не прошли фильтр по цветам: 0, добавлено: 1, новых вин-кодов: 0
2011-01-17T18:21:00+00:00 INFO (6): Тип 56 - найдено: 1, прошли первичные фильтры: 0, не прошли фильтр по цветам: 0, добавлено: 0, новых вин-кодов: 0
2011-01-17T18:21:00+00:00 INFO (6): Autotrader
2011-01-17T18:21:00+00:00 INFO (6): Запрос авторизован
2011-01-17T18:21:02+00:00 INFO (6): Captcha::recognize() result OK|40445590
2011-01-17T18:21:38+00:00 INFO (6): Captcha::recognize() result OK|5nw ym
2011-01-17T18:21:40+00:00 INFO (6): Тип 57 - найдено: 5, прошли первичные фильтры: 0, не прошли фильтр по цветам: 0, добавлено: 0, новых вин-кодов: 0
2011-01-17T18:21:49+00:00 INFO (6): Тип 58 - найдено: 15, прошли первичные фильтры: 0, не прошли фильтр по цветам: 0, добавлено: 0, новых вин-кодов: 0
2011-01-17T18:21:51+00:00 INFO (6): Тип 59 - найдено: 1, прошли первичные фильтры: 0, не прошли фильтр по цветам: 0, добавлено: 0, новых вин-кодов: 0
2011-01-17T18:21:54+00:00 INFO (6): Тип 60 - найдено: 1, прошли первичные фильтры: 0, не прошли фильтр по цветам: 0, добавлено: 0, новых вин-кодов: 0
2011-01-17T18:21:58+00:00 INFO (6): Тип 61 - найдено: 4, прошли первичные фильтры: 0, не прошли фильтр по цветам: 0, добавлено: 0, новых вин-кодов: 0
2011-01-17T18:22:01+00:00 INFO (6): Тип 62 - найдено: 1, прошли первичные фильтры: 1, не прошли фильтр по цветам: 1, добавлено: 0, новых вин-кодов: 0
2011-01-17T18:22:04+00:00 INFO (6): Тип 63 - найдено: 2, прошли первичные фильтры: 1, не прошли фильтр по цветам: 1, добавлено: 0, новых вин-кодов: 0
2011-01-17T18:22:04+00:00 INFO (6): Тип 64 - найдено: 0, прошли первичные фильтры: 0, не прошли фильтр по цветам: 0, добавлено: 0, новых вин-кодов: 0
2011-01-17T18:22:05+00:00 INFO (6): Тип 65 - найдено: 0, прошли первичные фильтры: 0, не прошли фильтр по цветам: 0, добавлено: 0, новых вин-кодов: 0
2011-01-17T18:22:12+00:00 INFO (6): Тип 66 - найдено: 8, прошли первичные фильтры: 0, не прошли фильтр по цветам: 0, добавлено: 0, новых вин-кодов: 0
2011-01-17T18:22:13+00:00 INFO (6): Тип 67 - найдено: 0, прошли первичные фильтры: 0, не прошли фильтр по цветам: 0, добавлено: 0, новых вин-кодов: 0
2011-01-17T18:22:27+00:00 INFO (6): Тип 68 - найдено: 20, прошли первичные фильтры: 0, не прошли фильтр по цветам: 0, добавлено: 0, новых вин-кодов: 0
2011-01-17T18:22:29+00:00 INFO (6): Тип 69 - найдено: 2, прошли первичные фильтры: 0, не прошли фильтр по цветам: 0, добавлено: 0, новых вин-кодов: 0
2011-01-17T18:22:34+00:00 INFO (6): Тип 70 - найдено: 6, прошли первичные фильтры: 0, не прошли фильтр по цветам: 0, добавлено: 0, новых вин-кодов: 0
2011-01-17T18:22:34+00:00 INFO (6): Ebay
2011-01-17T18:22:51+00:00 INFO (6): Тип 29 - найдено: 19, прошли первичные фильтры: 4, не прошли фильтр по цветам: 2, добавлено: 2, новых вин-кодов: 0
2011-01-17T18:24:02+00:00 INFO (6): Тип 30 - найдено: 85, прошли первичные фильтры: 2, не прошли фильтр по цветам: 2, добавлено: 0, новых вин-кодов: 0
2011-01-17T18:24:42+00:00 INFO (6): Тип 31 - найдено: 50, прошли первичные фильтры: 0, не прошли фильтр по цветам: 0, добавлено: 0, новых вин-кодов: 0
2011-01-17T18:25:03+00:00 INFO (6): Тип 32 - найдено: 26, прошли первичные фильтры: 10, не прошли фильтр по цветам: 7, добавлено: 3, новых вин-кодов: 0
2011-01-17T18:25:26+00:00 INFO (6): Тип 33 - найдено: 25, прошли первичные фильтры: 4, не прошли фильтр по цветам: 4, добавлено: 0, новых вин-кодов: 0
2011-01-17T18:25:31+00:00 INFO (6): Тип 34 - найдено: 5, прошли первичные фильтры: 3, не прошли фильтр по цветам: 3, добавлено: 0, новых вин-кодов: 0
2011-01-17T18:25:42+00:00 INFO (6): Тип 35 - найдено: 14, прошли первичные фильтры: 10, не прошли фильтр по цветам: 10, добавлено: 0, новых вин-кодов: 0
2011-01-17T18:25:47+00:00 INFO (6): Тип 36 - найдено: 5, прошли первичные фильтры: 4, не прошли фильтр по цветам: 4, добавлено: 0, новых вин-кодов: 0
2011-01-17T18:25:54+00:00 INFO (6): Тип 37 - найдено: 7, прошли первичные фильтры: 2, не прошли фильтр по цветам: 0, добавлено: 2, новых вин-кодов: 0
2011-01-17T18:26:12+00:00 INFO (6): Тип 38 - найдено: 23, прошли первичные фильтры: 1, не прошли фильтр по цветам: 0, добавлено: 1, новых вин-кодов: 0
2011-01-17T18:26:18+00:00 INFO (6): Тип 39 - найдено: 6, прошли первичные фильтры: 1, не прошли фильтр по цветам: 0, добавлено: 1, новых вин-кодов: 0
2011-01-17T18:27:06+00:00 INFO (6): Тип 40 - найдено: 59, прошли первичные фильтры: 6, не прошли фильтр по цветам: 3, добавлено: 3, новых вин-кодов: 0
2011-01-17T18:27:19+00:00 INFO (6): Тип 41 - найдено: 16, прошли первичные фильтры: 1, не прошли фильтр по цветам: 1, добавлено: 0, новых вин-кодов: 0
2011-01-17T18:27:32+00:00 INFO (6): Тип 42 - найдено: 16, прошли первичные фильтры: 1, не прошли фильтр по цветам: 0, добавлено: 1, новых вин-кодов: 0
2011-01-17T18:27:32+00:00 INFO (6): Завершение задачи
2011-01-17T21:21:55+00:00 INFO (6): Запуск задачи
2011-01-17T21:21:55+00:00 INFO (6): Exporttrader
2011-01-17T21:21:56+00:00 INFO (6): Каптча получена и записана в локальный файл
2011-01-17T21:21:56+00:00 INFO (6): Captcha::recognize() result OK|41169790
2011-01-17T21:22:11+00:00 INFO (6): Captcha::recognize() result OK|52616
2011-01-17T21:22:11+00:00 INFO (6): Каптча распознана: 52616
2011-01-17T21:22:12+00:00 INFO (6): Авторизация: запрос №1 прошел
2011-01-17T21:22:13+00:00 INFO (6): Авторизация: запрос №2 прошел
2011-01-17T21:22:13+00:00 INFO (6): Запрос авторизован
2011-01-17T21:22:17+00:00 INFO (6): Тип 1 - найдено: 75, прошли первичные фильтры: 20, не прошли фильтр по цветам: 9, добавлено: 11, новых вин-кодов: 0
2011-01-17T21:22:24+00:00 INFO (6): Тип 2 - найдено: 143, прошли первичные фильтры: 17, не прошли фильтр по цветам: 6, добавлено: 11, новых вин-кодов: 0
2011-01-17T21:22:26+00:00 INFO (6): Тип 3 - найдено: 29, прошли первичные фильтры: 1, не прошли фильтр по цветам: 0, добавлено: 1, новых вин-кодов: 0
2011-01-17T21:22:29+00:00 INFO (6): Тип 4 - найдено: 55, прошли первичные фильтры: 32, не прошли фильтр по цветам: 27, добавлено: 5, новых вин-кодов: 0
2011-01-17T21:22:35+00:00 INFO (6): Тип 5 - найдено: 70, прошли первичные фильтры: 31, не прошли фильтр по цветам: 27, добавлено: 4, новых вин-кодов: 1
2011-01-17T21:22:36+00:00 INFO (6): Тип 6 - найдено: 17, прошли первичные фильтры: 13, не прошли фильтр по цветам: 12, добавлено: 1, новых вин-кодов: 0
2011-01-17T21:22:38+00:00 INFO (6): Тип 7 - найдено: 18, прошли первичные фильтры: 14, не прошли фильтр по цветам: 14, добавлено: 0, новых вин-кодов: 0
2011-01-17T21:22:39+00:00 INFO (6): Тип 8 - найдено: 6, прошли первичные фильтры: 5, не прошли фильтр по цветам: 5, добавлено: 0, новых вин-кодов: 0
2011-01-17T21:22:43+00:00 INFO (6): Тип 9 - найдено: 89, прошли первичные фильтры: 8, не прошли фильтр по цветам: 0, добавлено: 8, новых вин-кодов: 0
2011-01-17T21:22:49+00:00 INFO (6): Тип 10 - найдено: 137, прошли первичные фильтры: 6, не прошли фильтр по цветам: 0, добавлено: 6, новых вин-кодов: 0
2011-01-17T21:22:54+00:00 INFO (6): Тип 21 - найдено: 93, прошли первичные фильтры: 9, не прошли фильтр по цветам: 9, добавлено: 0, новых вин-кодов: 0
2011-01-17T21:23:03+00:00 INFO (6): Тип 22 - найдено: 180, прошли первичные фильтры: 26, не прошли фильтр по цветам: 19, добавлено: 7, новых вин-кодов: 1
2011-01-17T21:23:07+00:00 INFO (6): Тип 23 - найдено: 79, прошли первичные фильтры: 11, не прошли фильтр по цветам: 6, добавлено: 5, новых вин-кодов: 0
2011-01-17T21:23:12+00:00 INFO (6): Тип 27 - найдено: 91, прошли первичные фильтры: 3, не прошли фильтр по цветам: 3, добавлено: 0, новых вин-кодов: 0
2011-01-17T21:23:12+00:00 INFO (6): Adesa
2011-01-17T21:23:12+00:00 INFO (6): Авторизация: запрос №1 прошел
2011-01-17T21:23:13+00:00 INFO (6): Авторизация: запрос №2 прошел
2011-01-17T21:23:13+00:00 INFO (6): Запрос авторизован
2011-01-17T21:23:14+00:00 INFO (6): Тип 11 - найдено: 6, прошли первичные фильтры: 2, не прошли фильтр по цветам: 1, добавлено: 1, новых вин-кодов: 0
2011-01-17T21:23:15+00:00 INFO (6): Тип 12 - найдено: 9, прошли первичные фильтры: 3, не прошли фильтр по цветам: 1, добавлено: 2, новых вин-кодов: 1
2011-01-17T21:23:15+00:00 INFO (6): Тип 13 - найдено: 0, прошли первичные фильтры: 0, не прошли фильтр по цветам: 0, добавлено: 0, новых вин-кодов: 0
2011-01-17T21:23:17+00:00 INFO (6): Тип 14 - найдено: 3, прошли первичные фильтры: 1, не прошли фильтр по цветам: 1, добавлено: 0, новых вин-кодов: 1
2011-01-17T21:23:17+00:00 INFO (6): Тип 15 - найдено: 1, прошли первичные фильтры: 0, не прошли фильтр по цветам: 0, добавлено: 0, новых вин-кодов: 0
2011-01-17T21:23:17+00:00 INFO (6): Тип 16 - найдено: 0, прошли первичные фильтры: 0, не прошли фильтр по цветам: 0, добавлено: 0, новых вин-кодов: 0
2011-01-17T21:23:18+00:00 INFO (6): Тип 17 - найдено: 3, прошли первичные фильтры: 1, не прошли фильтр по цветам: 1, добавлено: 0, новых вин-кодов: 0
2011-01-17T21:23:18+00:00 INFO (6): Тип 18 - найдено: 1, прошли первичные фильтры: 1, не прошли фильтр по цветам: 1, добавлено: 0, новых вин-кодов: 0
2011-01-17T21:23:19+00:00 INFO (6): Тип 19 - найдено: 13, прошли первичные фильтры: 1, не прошли фильтр по цветам: 0, добавлено: 1, новых вин-кодов: 1
2011-01-17T21:23:19+00:00 INFO (6): Тип 20 - найдено: 28, прошли первичные фильтры: 3, не прошли фильтр по цветам: 0, добавлено: 3, новых вин-кодов: 0
2011-01-17T21:23:19+00:00 INFO (6): Тип 24 - найдено: 15, прошли первичные фильтры: 2, не прошли фильтр по цветам: 2, добавлено: 0, новых вин-кодов: 0
2011-01-17T21:23:20+00:00 INFO (6): Тип 25 - найдено: 12, прошли первичные фильтры: 0, не прошли фильтр по цветам: 0, добавлено: 0, новых вин-кодов: 0
2011-01-17T21:23:20+00:00 INFO (6): Тип 26 - найдено: 10, прошли первичные фильтры: 0, не прошли фильтр по цветам: 0, добавлено: 0, новых вин-кодов: 0
2011-01-17T21:23:20+00:00 INFO (6): Тип 28 - найдено: 11, прошли первичные фильтры: 1, не прошли фильтр по цветам: 1, добавлено: 0, новых вин-кодов: 0
2011-01-17T21:23:20+00:00 INFO (6): Openlane
2011-01-17T21:23:24+00:00 INFO (6): Запрос авторизован
2011-01-17T21:23:25+00:00 INFO (6): Тип 43 - найдено: 1, прошли первичные фильтры: 0, не прошли фильтр по цветам: 0, добавлено: 0, новых вин-кодов: 0
2011-01-17T21:23:26+00:00 INFO (6): Тип 44 - найдено: 0, прошли первичные фильтры: 0, не прошли фильтр по цветам: 0, добавлено: 0, новых вин-кодов: 0
2011-01-17T21:23:27+00:00 INFO (6): Тип 45 - найдено: 0, прошли первичные фильтры: 0, не прошли фильтр по цветам: 0, добавлено: 0, новых вин-кодов: 0
2011-01-17T21:23:28+00:00 INFO (6): Тип 46 - найдено: 2, прошли первичные фильтры: 2, не прошли фильтр по цветам: 2, добавлено: 0, новых вин-кодов: 0
2011-01-17T21:23:29+00:00 INFO (6): Тип 47 - найдено: 2, прошли первичные фильтры: 2, не прошли фильтр по цветам: 2, добавлено: 0, новых вин-кодов: 0
2011-01-17T21:23:30+00:00 INFO (6): Тип 48 - найдено: 0, прошли первичные фильтры: 0, не прошли фильтр по цветам: 0, добавлено: 0, новых вин-кодов: 0
2011-01-17T21:23:30+00:00 INFO (6): Тип 49 - найдено: 0, прошли первичные фильтры: 0, не прошли фильтр по цветам: 0, добавлено: 0, новых вин-кодов: 0
2011-01-17T21:23:31+00:00 INFO (6): Тип 50 - найдено: 0, прошли первичные фильтры: 0, не прошли фильтр по цветам: 0, добавлено: 0, новых вин-кодов: 0
2011-01-17T21:23:32+00:00 INFO (6): Тип 51 - найдено: 0, прошли первичные фильтры: 0, не прошли фильтр по цветам: 0, добавлено: 0, новых вин-кодов: 0
2011-01-17T21:23:33+00:00 INFO (6): Тип 52 - найдено: 1, прошли первичные фильтры: 0, не прошли фильтр по цветам: 0, добавлено: 0, новых вин-кодов: 0
2011-01-17T21:23:34+00:00 INFO (6): Тип 53 - найдено: 0, прошли первичные фильтры: 0, не прошли фильтр по цветам: 0, добавлено: 0, новых вин-кодов: 0
2011-01-17T21:23:35+00:00 INFO (6): Тип 54 - найдено: 1, прошли первичные фильтры: 0, не прошли фильтр по цветам: 0, добавлено: 0, новых вин-кодов: 0
2011-01-17T21:23:36+00:00 INFO (6): Тип 55 - найдено: 0, прошли первичные фильтры: 0, не прошли фильтр по цветам: 0, добавлено: 0, новых вин-кодов: 0
2011-01-17T21:23:36+00:00 INFO (6): Тип 56 - найдено: 0, прошли первичные фильтры: 0, не прошли фильтр по цветам: 0, добавлено: 0, новых вин-кодов: 0
2011-01-17T21:23:36+00:00 INFO (6): Autotrader
2011-01-17T21:23:37+00:00 INFO (6): Запрос авторизован
2011-01-17T21:23:38+00:00 INFO (6): Captcha::recognize() result OK|41176558
2011-01-17T21:24:09+00:00 INFO (6): Captcha::recognize() result OK|ex 852
2011-01-17T21:24:12+00:00 INFO (6): Тип 57 - найдено: 10, прошли первичные фильтры: 0, не прошли фильтр по цветам: 0, добавлено: 0, новых вин-кодов: 0
2011-01-17T21:24:21+00:00 INFO (6): Тип 58 - найдено: 18, прошли первичные фильтры: 0, не прошли фильтр по цветам: 0, добавлено: 0, новых вин-кодов: 0
2011-01-17T21:24:23+00:00 INFO (6): Тип 59 - найдено: 2, прошли первичные фильтры: 0, не прошли фильтр по цветам: 0, добавлено: 0, новых вин-кодов: 0
2011-01-17T21:24:28+00:00 INFO (6): Тип 60 - найдено: 3, прошли первичные фильтры: 2, не прошли фильтр по цветам: 2, добавлено: 0, новых вин-кодов: 2
2011-01-17T21:24:32+00:00 INFO (6): Тип 61 - найдено: 5, прошли первичные фильтры: 1, не прошли фильтр по цветам: 0, добавлено: 1, новых вин-кодов: 1
2011-01-17T21:24:34+00:00 INFO (6): Тип 62 - найдено: 1, прошли первичные фильтры: 1, не прошли фильтр по цветам: 1, добавлено: 0, новых вин-кодов: 0
2011-01-17T21:24:36+00:00 INFO (6): Тип 63 - найдено: 3, прошли первичные фильтры: 1, не прошли фильтр по цветам: 1, добавлено: 0, новых вин-кодов: 0
2011-01-17T21:24:37+00:00 INFO (6): Тип 64 - найдено: 0, прошли первичные фильтры: 0, не прошли фильтр по цветам: 0, добавлено: 0, новых вин-кодов: 0
2011-01-17T21:24:39+00:00 INFO (6): Тип 65 - найдено: 1, прошли первичные фильтры: 0, не прошли фильтр по цветам: 0, добавлено: 0, новых вин-кодов: 0
2011-01-17T21:24:46+00:00 INFO (6): Тип 66 - найдено: 12, прошли первичные фильтры: 0, не прошли фильтр по цветам: 0, добавлено: 0, новых вин-кодов: 0
2011-01-17T21:24:47+00:00 INFO (6): Тип 67 - найдено: 0, прошли первичные фильтры: 0, не прошли фильтр по цветам: 0, добавлено: 0, новых вин-кодов: 0
2011-01-17T21:25:02+00:00 INFO (6): Тип 68 - найдено: 24, прошли первичные фильтры: 0, не прошли фильтр по цветам: 0, добавлено: 0, новых вин-кодов: 0
2011-01-17T21:25:03+00:00 INFO (6): Тип 69 - найдено: 1, прошли первичные фильтры: 0, не прошли фильтр по цветам: 0, добавлено: 0, новых вин-кодов: 0
2011-01-17T21:25:08+00:00 INFO (6): Тип 70 - найдено: 9, прошли первичные фильтры: 0, не прошли фильтр по цветам: 0, добавлено: 0, новых вин-кодов: 0
2011-01-17T21:25:08+00:00 INFO (6): Ebay
2011-01-17T21:25:23+00:00 INFO (6): Тип 29 - найдено: 19, прошли первичные фильтры: 4, не прошли фильтр по цветам: 2, добавлено: 2, новых вин-кодов: 0
2011-01-17T21:26:28+00:00 INFO (6): Тип 30 - найдено: 84, прошли первичные фильтры: 3, не прошли фильтр по цветам: 2, добавлено: 1, новых вин-кодов: 1
2011-01-17T21:27:04+00:00 INFO (6): Тип 31 - найдено: 50, прошли первичные фильтры: 0, не прошли фильтр по цветам: 0, добавлено: 0, новых вин-кодов: 0
2011-01-17T21:27:22+00:00 INFO (6): Тип 32 - найдено: 23, прошли первичные фильтры: 8, не прошли фильтр по цветам: 5, добавлено: 3, новых вин-кодов: 0
2011-01-17T21:27:44+00:00 INFO (6): Тип 33 - найдено: 26, прошли первичные фильтры: 4, не прошли фильтр по цветам: 4, добавлено: 0, новых вин-кодов: 0
2011-01-17T21:27:49+00:00 INFO (6): Тип 34 - найдено: 4, прошли первичные фильтры: 3, не прошли фильтр по цветам: 3, добавлено: 0, новых вин-кодов: 0
2011-01-17T21:27:59+00:00 INFO (6): Тип 35 - найдено: 13, прошли первичные фильтры: 9, не прошли фильтр по цветам: 9, добавлено: 0, новых вин-кодов: 0
2011-01-17T21:28:04+00:00 INFO (6): Тип 36 - найдено: 5, прошли первичные фильтры: 4, не прошли фильтр по цветам: 4, добавлено: 0, новых вин-кодов: 0
2011-01-17T21:28:12+00:00 INFO (6): Тип 37 - найдено: 7, прошли первичные фильтры: 2, не прошли фильтр по цветам: 0, добавлено: 2, новых вин-кодов: 0
2011-01-17T21:28:30+00:00 INFO (6): Тип 38 - найдено: 23, прошли первичные фильтры: 1, не прошли фильтр по цветам: 0, добавлено: 1, новых вин-кодов: 0
2011-01-17T21:28:38+00:00 INFO (6): Тип 39 - найдено: 7, прошли первичные фильтры: 2, не прошли фильтр по цветам: 1, добавлено: 1, новых вин-кодов: 0
2011-01-17T21:29:28+00:00 INFO (6): Тип 40 - найдено: 59, прошли первичные фильтры: 6, не прошли фильтр по цветам: 3, добавлено: 3, новых вин-кодов: 0
2011-01-17T21:29:41+00:00 INFO (6): Тип 41 - найдено: 16, прошли первичные фильтры: 1, не прошли фильтр по цветам: 1, добавлено: 0, новых вин-кодов: 0
2011-01-17T21:29:54+00:00 INFO (6): Тип 42 - найдено: 16, прошли первичные фильтры: 1, не прошли фильтр по цветам: 0, добавлено: 1, новых вин-кодов: 0
2011-01-17T21:29:54+00:00 INFO (6): Завершение задачи
