2010-11-24T14:19:00+00:00 INFO (6): Запуск задачи
2010-11-24T14:19:00+00:00 INFO (6): Exporttrader
2010-11-24T14:19:01+00:00 INFO (6): Каптча получена и записана в локальный файл
2010-11-24T14:19:12+00:00 INFO (6): Каптча распознана: 92259
2010-11-24T14:19:12+00:00 INFO (6): Авторизация: запрос №1 прошел
2010-11-24T14:19:13+00:00 INFO (6): Авторизация: запрос №2 прошел
2010-11-24T14:19:13+00:00 INFO (6): Запрос авторизован
2010-11-24T14:19:19+00:00 INFO (6): Тип 1 - найдено: 64, прошли первичные фильтры: 22, не прошли фильтр по цветам: 7, добавлено: 15, новых вин-кодов: 2
2010-11-24T14:19:28+00:00 INFO (6): Тип 2 - найдено: 98, прошли первичные фильтры: 17, не прошли фильтр по цветам: 10, добавлено: 7, новых вин-кодов: 2
2010-11-24T14:19:35+00:00 INFO (6): Тип 3 - найдено: 27, прошли первичные фильтры: 4, не прошли фильтр по цветам: 1, добавлено: 3, новых вин-кодов: 2
2010-11-24T14:19:39+00:00 INFO (6): Тип 4 - найдено: 47, прошли первичные фильтры: 21, не прошли фильтр по цветам: 14, добавлено: 7, новых вин-кодов: 1
2010-11-24T14:19:47+00:00 INFO (6): Тип 5 - найдено: 40, прошли первичные фильтры: 21, не прошли фильтр по цветам: 20, добавлено: 1, новых вин-кодов: 4
2010-11-24T14:19:49+00:00 INFO (6): Тип 6 - найдено: 18, прошли первичные фильтры: 13, не прошли фильтр по цветам: 9, добавлено: 4, новых вин-кодов: 0
2010-11-24T14:19:54+00:00 INFO (6): Тип 7 - найдено: 21, прошли первичные фильтры: 14, не прошли фильтр по цветам: 13, добавлено: 1, новых вин-кодов: 2
2010-11-24T14:19:57+00:00 INFO (6): Тип 8 - найдено: 14, прошли первичные фильтры: 10, не прошли фильтр по цветам: 10, добавлено: 0, новых вин-кодов: 1
2010-11-24T14:20:01+00:00 INFO (6): Тип 9 - найдено: 50, прошли первичные фильтры: 6, не прошли фильтр по цветам: 0, добавлено: 6, новых вин-кодов: 0
2010-11-24T14:20:14+00:00 INFO (6): Тип 10 - найдено: 129, прошли первичные фильтры: 5, не прошли фильтр по цветам: 0, добавлено: 5, новых вин-кодов: 0
2010-11-24T14:20:22+00:00 INFO (6): Тип 21 - найдено: 54, прошли первичные фильтры: 2, не прошли фильтр по цветам: 1, добавлено: 1, новых вин-кодов: 2
2010-11-24T14:20:37+00:00 INFO (6): Тип 22 - найдено: 157, прошли первичные фильтры: 10, не прошли фильтр по цветам: 2, добавлено: 8, новых вин-кодов: 2
2010-11-24T14:20:48+00:00 INFO (6): Тип 23 - найдено: 76, прошли первичные фильтры: 9, не прошли фильтр по цветам: 2, добавлено: 7, новых вин-кодов: 3
2010-11-24T14:20:48+00:00 INFO (6): Adesa
2010-11-24T14:20:49+00:00 INFO (6): Авторизация: запрос №1 прошел
2010-11-24T14:20:50+00:00 INFO (6): Авторизация: запрос №2 прошел
2010-11-24T14:20:50+00:00 INFO (6): Запрос авторизован
2010-11-24T14:20:52+00:00 INFO (6): Тип 11 - найдено: 8, прошли первичные фильтры: 4, не прошли фильтр по цветам: 3, добавлено: 1, новых вин-кодов: 1
2010-11-24T14:20:54+00:00 INFO (6): Тип 12 - найдено: 11, прошли первичные фильтры: 2, не прошли фильтр по цветам: 0, добавлено: 2, новых вин-кодов: 1
2010-11-24T14:20:55+00:00 INFO (6): Тип 13 - найдено: 0, прошли первичные фильтры: 0, не прошли фильтр по цветам: 0, добавлено: 0, новых вин-кодов: 0
2010-11-24T14:20:55+00:00 INFO (6): Тип 14 - найдено: 2, прошли первичные фильтры: 0, не прошли фильтр по цветам: 0, добавлено: 0, новых вин-кодов: 0
2010-11-24T14:20:58+00:00 INFO (6): Тип 15 - найдено: 7, прошли первичные фильтры: 4, не прошли фильтр по цветам: 4, добавлено: 0, новых вин-кодов: 2
2010-11-24T14:20:58+00:00 INFO (6): Тип 16 - найдено: 1, прошли первичные фильтры: 0, не прошли фильтр по цветам: 0, добавлено: 0, новых вин-кодов: 0
2010-11-24T14:21:00+00:00 INFO (6): Тип 17 - найдено: 1, прошли первичные фильтры: 1, не прошли фильтр по цветам: 1, добавлено: 0, новых вин-кодов: 1
2010-11-24T14:21:00+00:00 INFO (6): Тип 18 - найдено: 1, прошли первичные фильтры: 0, не прошли фильтр по цветам: 0, добавлено: 0, новых вин-кодов: 0
2010-11-24T14:21:00+00:00 INFO (6): Тип 19 - найдено: 10, прошли первичные фильтры: 1, не прошли фильтр по цветам: 0, добавлено: 1, новых вин-кодов: 0
2010-11-24T14:21:01+00:00 INFO (6): Тип 20 - найдено: 19, прошли первичные фильтры: 3, не прошли фильтр по цветам: 0, добавлено: 3, новых вин-кодов: 2
2010-11-24T14:21:02+00:00 INFO (6): Тип 24 - найдено: 15, прошли первичные фильтры: 2, не прошли фильтр по цветам: 2, добавлено: 0, новых вин-кодов: 0
2010-11-24T14:21:02+00:00 INFO (6): Тип 25 - найдено: 13, прошли первичные фильтры: 2, не прошли фильтр по цветам: 0, добавлено: 2, новых вин-кодов: 0
2010-11-24T14:21:02+00:00 INFO (6): Тип 26 - найдено: 7, прошли первичные фильтры: 0, не прошли фильтр по цветам: 0, добавлено: 0, новых вин-кодов: 0
2010-11-24T14:21:02+00:00 INFO (6): Завершение задачи
2010-11-24T15:00:50+00:00 INFO (6): Запуск задачи
2010-11-24T15:00:50+00:00 INFO (6): Exporttrader
2010-11-24T15:00:51+00:00 INFO (6): Запрос авторизован
2010-11-24T15:00:55+00:00 INFO (6): Тип 1 - найдено: 64, прошли первичные фильтры: 22, не прошли фильтр по цветам: 7, добавлено: 15, новых вин-кодов: 0
2010-11-24T15:01:02+00:00 INFO (6): Тип 2 - найдено: 98, прошли первичные фильтры: 18, не прошли фильтр по цветам: 10, добавлено: 8, новых вин-кодов: 0
2010-11-24T15:01:05+00:00 INFO (6): Тип 3 - найдено: 27, прошли первичные фильтры: 4, не прошли фильтр по цветам: 1, добавлено: 3, новых вин-кодов: 0
2010-11-24T15:01:10+00:00 INFO (6): Тип 4 - найдено: 47, прошли первичные фильтры: 21, не прошли фильтр по цветам: 14, добавлено: 7, новых вин-кодов: 0
2010-11-24T15:01:13+00:00 INFO (6): Тип 5 - найдено: 40, прошли первичные фильтры: 21, не прошли фильтр по цветам: 20, добавлено: 1, новых вин-кодов: 0
2010-11-24T15:01:17+00:00 INFO (6): Тип 6 - найдено: 18, прошли первичные фильтры: 13, не прошли фильтр по цветам: 9, добавлено: 4, новых вин-кодов: 0
2010-11-24T15:01:21+00:00 INFO (6): Тип 7 - найдено: 21, прошли первичные фильтры: 14, не прошли фильтр по цветам: 13, добавлено: 1, новых вин-кодов: 0
2010-11-24T15:01:23+00:00 INFO (6): Тип 8 - найдено: 14, прошли первичные фильтры: 10, не прошли фильтр по цветам: 10, добавлено: 0, новых вин-кодов: 0
2010-11-24T15:01:27+00:00 INFO (6): Тип 9 - найдено: 50, прошли первичные фильтры: 6, не прошли фильтр по цветам: 0, добавлено: 6, новых вин-кодов: 0
2010-11-24T15:01:36+00:00 INFO (6): Тип 10 - найдено: 129, прошли первичные фильтры: 5, не прошли фильтр по цветам: 0, добавлено: 5, новых вин-кодов: 0
2010-11-24T15:01:41+00:00 INFO (6): Тип 21 - найдено: 54, прошли первичные фильтры: 2, не прошли фильтр по цветам: 1, добавлено: 1, новых вин-кодов: 0
2010-11-24T15:01:52+00:00 INFO (6): Тип 22 - найдено: 157, прошли первичные фильтры: 10, не прошли фильтр по цветам: 2, добавлено: 8, новых вин-кодов: 0
2010-11-24T15:01:57+00:00 INFO (6): Тип 23 - найдено: 76, прошли первичные фильтры: 9, не прошли фильтр по цветам: 2, добавлено: 7, новых вин-кодов: 0
2010-11-24T15:01:57+00:00 INFO (6): Adesa
2010-11-24T15:01:59+00:00 INFO (6): Запрос авторизован
2010-11-24T15:01:59+00:00 INFO (6): Тип 11 - найдено: 9, прошли первичные фильтры: 5, не прошли фильтр по цветам: 3, добавлено: 2, новых вин-кодов: 0
2010-11-24T15:01:59+00:00 INFO (6): Тип 12 - найдено: 11, прошли первичные фильтры: 2, не прошли фильтр по цветам: 0, добавлено: 2, новых вин-кодов: 0
2010-11-24T15:01:59+00:00 INFO (6): Тип 13 - найдено: 0, прошли первичные фильтры: 0, не прошли фильтр по цветам: 0, добавлено: 0, новых вин-кодов: 0
2010-11-24T15:02:00+00:00 INFO (6): Тип 14 - найдено: 2, прошли первичные фильтры: 0, не прошли фильтр по цветам: 0, добавлено: 0, новых вин-кодов: 0
2010-11-24T15:02:00+00:00 INFO (6): Тип 15 - найдено: 7, прошли первичные фильтры: 4, не прошли фильтр по цветам: 4, добавлено: 0, новых вин-кодов: 0
2010-11-24T15:02:00+00:00 INFO (6): Тип 16 - найдено: 1, прошли первичные фильтры: 0, не прошли фильтр по цветам: 0, добавлено: 0, новых вин-кодов: 0
2010-11-24T15:02:00+00:00 INFO (6): Тип 17 - найдено: 1, прошли первичные фильтры: 1, не прошли фильтр по цветам: 1, добавлено: 0, новых вин-кодов: 0
2010-11-24T15:02:02+00:00 INFO (6): Тип 18 - найдено: 1, прошли первичные фильтры: 1, не прошли фильтр по цветам: 1, добавлено: 0, новых вин-кодов: 1
2010-11-24T15:02:02+00:00 INFO (6): Тип 19 - найдено: 11, прошли первичные фильтры: 1, не прошли фильтр по цветам: 0, добавлено: 1, новых вин-кодов: 0
2010-11-24T15:02:02+00:00 INFO (6): Тип 20 - найдено: 19, прошли первичные фильтры: 3, не прошли фильтр по цветам: 0, добавлено: 3, новых вин-кодов: 0
2010-11-24T15:02:02+00:00 INFO (6): Тип 24 - найдено: 15, прошли первичные фильтры: 2, не прошли фильтр по цветам: 2, добавлено: 0, новых вин-кодов: 0
2010-11-24T15:02:03+00:00 INFO (6): Тип 25 - найдено: 13, прошли первичные фильтры: 2, не прошли фильтр по цветам: 0, добавлено: 2, новых вин-кодов: 0
2010-11-24T15:02:03+00:00 INFO (6): Тип 26 - найдено: 8, прошли первичные фильтры: 0, не прошли фильтр по цветам: 0, добавлено: 0, новых вин-кодов: 0
2010-11-24T15:02:03+00:00 INFO (6): Завершение задачи
2010-11-24T15:11:39+00:00 INFO (6): Запуск задачи
2010-11-24T15:11:39+00:00 INFO (6): Exporttrader
2010-11-24T15:11:39+00:00 INFO (6): Запрос авторизован
2010-11-24T15:11:44+00:00 INFO (6): Тип 1 - найдено: 64, прошли первичные фильтры: 22, не прошли фильтр по цветам: 7, добавлено: 15, новых вин-кодов: 0
2010-11-24T15:11:49+00:00 INFO (6): Тип 2 - найдено: 98, прошли первичные фильтры: 18, не прошли фильтр по цветам: 10, добавлено: 8, новых вин-кодов: 0
2010-11-24T15:11:50+00:00 INFO (6): Тип 3 - найдено: 27, прошли первичные фильтры: 4, не прошли фильтр по цветам: 1, добавлено: 3, новых вин-кодов: 0
2010-11-24T15:11:53+00:00 INFO (6): Тип 4 - найдено: 47, прошли первичные фильтры: 21, не прошли фильтр по цветам: 14, добавлено: 7, новых вин-кодов: 0
2010-11-24T15:11:56+00:00 INFO (6): Тип 5 - найдено: 40, прошли первичные фильтры: 21, не прошли фильтр по цветам: 20, добавлено: 1, новых вин-кодов: 0
2010-11-24T15:11:57+00:00 INFO (6): Тип 6 - найдено: 18, прошли первичные фильтры: 13, не прошли фильтр по цветам: 9, добавлено: 4, новых вин-кодов: 0
2010-11-24T15:11:59+00:00 INFO (6): Тип 7 - найдено: 21, прошли первичные фильтры: 14, не прошли фильтр по цветам: 13, добавлено: 1, новых вин-кодов: 0
2010-11-24T15:12:00+00:00 INFO (6): Тип 8 - найдено: 14, прошли первичные фильтры: 10, не прошли фильтр по цветам: 10, добавлено: 0, новых вин-кодов: 0
2010-11-24T15:12:03+00:00 INFO (6): Тип 9 - найдено: 50, прошли первичные фильтры: 6, не прошли фильтр по цветам: 0, добавлено: 6, новых вин-кодов: 0
2010-11-24T15:12:12+00:00 INFO (6): Тип 10 - найдено: 129, прошли первичные фильтры: 5, не прошли фильтр по цветам: 0, добавлено: 5, новых вин-кодов: 0
2010-11-24T15:12:15+00:00 INFO (6): Тип 21 - найдено: 54, прошли первичные фильтры: 2, не прошли фильтр по цветам: 1, добавлено: 1, новых вин-кодов: 0
2010-11-24T15:12:25+00:00 INFO (6): Тип 22 - найдено: 157, прошли первичные фильтры: 10, не прошли фильтр по цветам: 2, добавлено: 8, новых вин-кодов: 0
2010-11-24T15:12:30+00:00 INFO (6): Тип 23 - найдено: 76, прошли первичные фильтры: 9, не прошли фильтр по цветам: 2, добавлено: 7, новых вин-кодов: 0
2010-11-24T15:12:30+00:00 INFO (6): Adesa
2010-11-24T15:12:32+00:00 INFO (6): Запрос авторизован
2010-11-24T15:12:32+00:00 INFO (6): Тип 11 - найдено: 9, прошли первичные фильтры: 5, не прошли фильтр по цветам: 3, добавлено: 2, новых вин-кодов: 0
2010-11-24T15:12:32+00:00 INFO (6): Тип 12 - найдено: 11, прошли первичные фильтры: 2, не прошли фильтр по цветам: 0, добавлено: 2, новых вин-кодов: 0
2010-11-24T15:12:33+00:00 INFO (6): Тип 13 - найдено: 0, прошли первичные фильтры: 0, не прошли фильтр по цветам: 0, добавлено: 0, новых вин-кодов: 0
2010-11-24T15:12:33+00:00 INFO (6): Тип 14 - найдено: 2, прошли первичные фильтры: 0, не прошли фильтр по цветам: 0, добавлено: 0, новых вин-кодов: 0
2010-11-24T15:12:33+00:00 INFO (6): Тип 15 - найдено: 7, прошли первичные фильтры: 4, не прошли фильтр по цветам: 4, добавлено: 0, новых вин-кодов: 0
2010-11-24T15:12:33+00:00 INFO (6): Тип 16 - найдено: 1, прошли первичные фильтры: 0, не прошли фильтр по цветам: 0, добавлено: 0, новых вин-кодов: 0
2010-11-24T15:12:33+00:00 INFO (6): Тип 17 - найдено: 1, прошли первичные фильтры: 1, не прошли фильтр по цветам: 1, добавлено: 0, новых вин-кодов: 0
2010-11-24T15:12:34+00:00 INFO (6): Тип 18 - найдено: 1, прошли первичные фильтры: 1, не прошли фильтр по цветам: 1, добавлено: 0, новых вин-кодов: 0
2010-11-24T15:12:34+00:00 INFO (6): Тип 19 - найдено: 11, прошли первичные фильтры: 1, не прошли фильтр по цветам: 0, добавлено: 1, новых вин-кодов: 0
2010-11-24T15:12:34+00:00 INFO (6): Тип 20 - найдено: 19, прошли первичные фильтры: 3, не прошли фильтр по цветам: 0, добавлено: 3, новых вин-кодов: 0
2010-11-24T15:12:34+00:00 INFO (6): Тип 24 - найдено: 15, прошли первичные фильтры: 2, не прошли фильтр по цветам: 2, добавлено: 0, новых вин-кодов: 0
2010-11-24T15:12:35+00:00 INFO (6): Тип 25 - найдено: 13, прошли первичные фильтры: 2, не прошли фильтр по цветам: 0, добавлено: 2, новых вин-кодов: 0
2010-11-24T15:12:35+00:00 INFO (6): Тип 26 - найдено: 8, прошли первичные фильтры: 0, не прошли фильтр по цветам: 0, добавлено: 0, новых вин-кодов: 0
2010-11-24T15:12:35+00:00 INFO (6): Завершение задачи
2010-11-24T15:33:46+00:00 INFO (6): Запуск задачи
2010-11-24T15:33:46+00:00 INFO (6): Exporttrader
2010-11-24T15:33:46+00:00 INFO (6): Запрос авторизован
2010-11-24T15:33:50+00:00 INFO (6): Тип 1 - найдено: 64, прошли первичные фильтры: 22, не прошли фильтр по цветам: 7, добавлено: 15, новых вин-кодов: 0
2010-11-24T15:33:57+00:00 INFO (6): Тип 2 - найдено: 98, прошли первичные фильтры: 18, не прошли фильтр по цветам: 10, добавлено: 8, новых вин-кодов: 0
2010-11-24T15:33:58+00:00 INFO (6): Тип 3 - найдено: 27, прошли первичные фильтры: 4, не прошли фильтр по цветам: 1, добавлено: 3, новых вин-кодов: 0
2010-11-24T15:34:01+00:00 INFO (6): Тип 4 - найдено: 47, прошли первичные фильтры: 21, не прошли фильтр по цветам: 14, добавлено: 7, новых вин-кодов: 0
2010-11-24T15:34:03+00:00 INFO (6): Тип 5 - найдено: 40, прошли первичные фильтры: 21, не прошли фильтр по цветам: 20, добавлено: 1, новых вин-кодов: 0
2010-11-24T15:34:05+00:00 INFO (6): Тип 6 - найдено: 18, прошли первичные фильтры: 13, не прошли фильтр по цветам: 9, добавлено: 4, новых вин-кодов: 0
2010-11-24T15:34:06+00:00 INFO (6): Тип 7 - найдено: 21, прошли первичные фильтры: 14, не прошли фильтр по цветам: 13, добавлено: 1, новых вин-кодов: 0
2010-11-24T15:34:08+00:00 INFO (6): Тип 8 - найдено: 14, прошли первичные фильтры: 10, не прошли фильтр по цветам: 10, добавлено: 0, новых вин-кодов: 0
2010-11-24T15:34:12+00:00 INFO (6): Тип 9 - найдено: 50, прошли первичные фильтры: 6, не прошли фильтр по цветам: 0, добавлено: 6, новых вин-кодов: 0
2010-11-24T15:34:20+00:00 INFO (6): Тип 10 - найдено: 129, прошли первичные фильтры: 5, не прошли фильтр по цветам: 0, добавлено: 5, новых вин-кодов: 0
2010-11-24T15:34:23+00:00 INFO (6): Тип 21 - найдено: 54, прошли первичные фильтры: 2, не прошли фильтр по цветам: 1, добавлено: 1, новых вин-кодов: 0
2010-11-24T15:34:32+00:00 INFO (6): Тип 22 - найдено: 157, прошли первичные фильтры: 10, не прошли фильтр по цветам: 2, добавлено: 8, новых вин-кодов: 0
2010-11-24T15:34:36+00:00 INFO (6): Тип 23 - найдено: 76, прошли первичные фильтры: 9, не прошли фильтр по цветам: 2, добавлено: 7, новых вин-кодов: 0
2010-11-24T15:34:36+00:00 INFO (6): Adesa
2010-11-24T15:34:37+00:00 INFO (6): Запрос авторизован
2010-11-24T15:34:37+00:00 INFO (6): Тип 11 - найдено: 9, прошли первичные фильтры: 5, не прошли фильтр по цветам: 3, добавлено: 2, новых вин-кодов: 0
2010-11-24T15:34:38+00:00 INFO (6): Тип 12 - найдено: 11, прошли первичные фильтры: 2, не прошли фильтр по цветам: 0, добавлено: 2, новых вин-кодов: 0
2010-11-24T15:34:38+00:00 INFO (6): Тип 13 - найдено: 0, прошли первичные фильтры: 0, не прошли фильтр по цветам: 0, добавлено: 0, новых вин-кодов: 0
2010-11-24T15:34:40+00:00 INFO (6): Тип 14 - найдено: 3, прошли первичные фильтры: 1, не прошли фильтр по цветам: 1, добавлено: 0, новых вин-кодов: 1
2010-11-24T15:34:40+00:00 INFO (6): Тип 15 - найдено: 7, прошли первичные фильтры: 4, не прошли фильтр по цветам: 4, добавлено: 0, новых вин-кодов: 0
2010-11-24T15:34:40+00:00 INFO (6): Тип 16 - найдено: 1, прошли первичные фильтры: 0, не прошли фильтр по цветам: 0, добавлено: 0, новых вин-кодов: 0
2010-11-24T15:34:40+00:00 INFO (6): Тип 17 - найдено: 1, прошли первичные фильтры: 1, не прошли фильтр по цветам: 1, добавлено: 0, новых вин-кодов: 0
2010-11-24T15:34:40+00:00 INFO (6): Тип 18 - найдено: 1, прошли первичные фильтры: 1, не прошли фильтр по цветам: 1, добавлено: 0, новых вин-кодов: 0
2010-11-24T15:34:41+00:00 INFO (6): Тип 19 - найдено: 11, прошли первичные фильтры: 1, не прошли фильтр по цветам: 0, добавлено: 1, новых вин-кодов: 0
2010-11-24T15:34:41+00:00 INFO (6): Тип 20 - найдено: 20, прошли первичные фильтры: 3, не прошли фильтр по цветам: 0, добавлено: 3, новых вин-кодов: 0
2010-11-24T15:34:41+00:00 INFO (6): Тип 24 - найдено: 15, прошли первичные фильтры: 2, не прошли фильтр по цветам: 2, добавлено: 0, новых вин-кодов: 0
2010-11-24T15:34:41+00:00 INFO (6): Тип 25 - найдено: 13, прошли первичные фильтры: 2, не прошли фильтр по цветам: 0, добавлено: 2, новых вин-кодов: 0
2010-11-24T15:34:42+00:00 INFO (6): Тип 26 - найдено: 8, прошли первичные фильтры: 0, не прошли фильтр по цветам: 0, добавлено: 0, новых вин-кодов: 0
2010-11-24T15:34:42+00:00 INFO (6): Завершение задачи
2010-11-24T18:20:32+00:00 INFO (6): Запуск задачи
2010-11-24T18:20:32+00:00 INFO (6): Exporttrader
2010-11-24T18:20:33+00:00 INFO (6): Каптча получена и записана в локальный файл
2010-11-24T18:20:45+00:00 INFO (6): Каптча распознана: 79259
2010-11-24T18:20:46+00:00 INFO (6): Авторизация: запрос №1 прошел
2010-11-24T18:20:46+00:00 INFO (6): Авторизация: запрос №2 прошел
2010-11-24T18:20:46+00:00 INFO (6): Запрос авторизован
2010-11-24T18:20:50+00:00 INFO (6): Тип 1 - найдено: 67, прошли первичные фильтры: 22, не прошли фильтр по цветам: 6, добавлено: 16, новых вин-кодов: 0
2010-11-24T18:20:55+00:00 INFO (6): Тип 2 - найдено: 100, прошли первичные фильтры: 18, не прошли фильтр по цветам: 10, добавлено: 8, новых вин-кодов: 0
2010-11-24T18:20:58+00:00 INFO (6): Тип 3 - найдено: 28, прошли первичные фильтры: 5, не прошли фильтр по цветам: 2, добавлено: 3, новых вин-кодов: 1
2010-11-24T18:21:03+00:00 INFO (6): Тип 4 - найдено: 49, прошли первичные фильтры: 22, не прошли фильтр по цветам: 15, добавлено: 7, новых вин-кодов: 1
2010-11-24T18:21:06+00:00 INFO (6): Тип 5 - найдено: 41, прошли первичные фильтры: 22, не прошли фильтр по цветам: 21, добавлено: 1, новых вин-кодов: 0
2010-11-24T18:21:08+00:00 INFO (6): Тип 6 - найдено: 18, прошли первичные фильтры: 13, не прошли фильтр по цветам: 9, добавлено: 4, новых вин-кодов: 0
2010-11-24T18:21:10+00:00 INFO (6): Тип 7 - найдено: 21, прошли первичные фильтры: 14, не прошли фильтр по цветам: 13, добавлено: 1, новых вин-кодов: 0
2010-11-24T18:21:11+00:00 INFO (6): Тип 8 - найдено: 14, прошли первичные фильтры: 10, не прошли фильтр по цветам: 10, добавлено: 0, новых вин-кодов: 0
2010-11-24T18:21:14+00:00 INFO (6): Тип 9 - найдено: 56, прошли первичные фильтры: 6, не прошли фильтр по цветам: 0, добавлено: 6, новых вин-кодов: 0
2010-11-24T18:21:21+00:00 INFO (6): Тип 10 - найдено: 144, прошли первичные фильтры: 5, не прошли фильтр по цветам: 0, добавлено: 5, новых вин-кодов: 0
2010-11-24T18:21:25+00:00 INFO (6): Тип 21 - найдено: 61, прошли первичные фильтры: 2, не прошли фильтр по цветам: 1, добавлено: 1, новых вин-кодов: 0
2010-11-24T18:21:32+00:00 INFO (6): Тип 22 - найдено: 161, прошли первичные фильтры: 11, не прошли фильтр по цветам: 2, добавлено: 9, новых вин-кодов: 0
2010-11-24T18:21:36+00:00 INFO (6): Тип 23 - найдено: 79, прошли первичные фильтры: 9, не прошли фильтр по цветам: 2, добавлено: 7, новых вин-кодов: 0
2010-11-24T18:21:36+00:00 INFO (6): Adesa
2010-11-24T18:21:36+00:00 INFO (6): Авторизация: запрос №1 прошел
2010-11-24T18:21:37+00:00 INFO (6): Авторизация: запрос №2 прошел
2010-11-24T18:21:37+00:00 INFO (6): Запрос авторизован
2010-11-24T18:21:38+00:00 INFO (6): Тип 11 - найдено: 9, прошли первичные фильтры: 3, не прошли фильтр по цветам: 1, добавлено: 2, новых вин-кодов: 0
2010-11-24T18:21:40+00:00 INFO (6): Тип 12 - найдено: 12, прошли первичные фильтры: 3, не прошли фильтр по цветам: 0, добавлено: 3, новых вин-кодов: 1
2010-11-24T18:21:40+00:00 INFO (6): Тип 13 - найдено: 0, прошли первичные фильтры: 0, не прошли фильтр по цветам: 0, добавлено: 0, новых вин-кодов: 0
2010-11-24T18:21:40+00:00 INFO (6): Тип 14 - найдено: 4, прошли первичные фильтры: 3, не прошли фильтр по цветам: 2, добавлено: 1, новых вин-кодов: 0
2010-11-24T18:21:40+00:00 INFO (6): Тип 15 - найдено: 7, прошли первичные фильтры: 4, не прошли фильтр по цветам: 4, добавлено: 0, новых вин-кодов: 0
2010-11-24T18:21:40+00:00 INFO (6): Тип 16 - найдено: 1, прошли первичные фильтры: 0, не прошли фильтр по цветам: 0, добавлено: 0, новых вин-кодов: 0
2010-11-24T18:21:41+00:00 INFO (6): Тип 17 - найдено: 1, прошли первичные фильтры: 1, не прошли фильтр по цветам: 1, добавлено: 0, новых вин-кодов: 0
2010-11-24T18:21:41+00:00 INFO (6): Тип 18 - найдено: 0, прошли первичные фильтры: 0, не прошли фильтр по цветам: 0, добавлено: 0, новых вин-кодов: 0
2010-11-24T18:21:41+00:00 INFO (6): Тип 19 - найдено: 13, прошли первичные фильтры: 1, не прошли фильтр по цветам: 0, добавлено: 1, новых вин-кодов: 0
2010-11-24T18:21:41+00:00 INFO (6): Тип 20 - найдено: 23, прошли первичные фильтры: 3, не прошли фильтр по цветам: 0, добавлено: 3, новых вин-кодов: 0
2010-11-24T18:21:42+00:00 INFO (6): Тип 24 - найдено: 16, прошли первичные фильтры: 2, не прошли фильтр по цветам: 2, добавлено: 0, новых вин-кодов: 0
2010-11-24T18:21:42+00:00 INFO (6): Тип 25 - найдено: 17, прошли первичные фильтры: 2, не прошли фильтр по цветам: 0, добавлено: 2, новых вин-кодов: 0
2010-11-24T18:21:42+00:00 INFO (6): Тип 26 - найдено: 8, прошли первичные фильтры: 0, не прошли фильтр по цветам: 0, добавлено: 0, новых вин-кодов: 0
2010-11-24T18:21:42+00:00 INFO (6): Завершение задачи
2010-11-24T19:06:04+00:00 INFO (6): Запуск задачи
2010-11-24T19:06:04+00:00 INFO (6): Exporttrader
2010-11-24T19:06:05+00:00 INFO (6): Запрос авторизован
2010-11-24T19:06:09+00:00 INFO (6): Тип 1 - найдено: 67, прошли первичные фильтры: 22, не прошли фильтр по цветам: 6, добавлено: 16, новых вин-кодов: 0
2010-11-24T19:06:13+00:00 INFO (6): Тип 2 - найдено: 100, прошли первичные фильтры: 18, не прошли фильтр по цветам: 10, добавлено: 8, новых вин-кодов: 0
2010-11-24T19:06:15+00:00 INFO (6): Тип 3 - найдено: 28, прошли первичные фильтры: 5, не прошли фильтр по цветам: 2, добавлено: 3, новых вин-кодов: 0
2010-11-24T19:06:18+00:00 INFO (6): Тип 4 - найдено: 49, прошли первичные фильтры: 22, не прошли фильтр по цветам: 15, добавлено: 7, новых вин-кодов: 0
2010-11-24T19:06:21+00:00 INFO (6): Тип 5 - найдено: 41, прошли первичные фильтры: 22, не прошли фильтр по цветам: 21, добавлено: 1, новых вин-кодов: 0
2010-11-24T19:06:22+00:00 INFO (6): Тип 6 - найдено: 18, прошли первичные фильтры: 13, не прошли фильтр по цветам: 9, добавлено: 4, новых вин-кодов: 0
2010-11-24T19:06:25+00:00 INFO (6): Тип 7 - найдено: 21, прошли первичные фильтры: 14, не прошли фильтр по цветам: 13, добавлено: 1, новых вин-кодов: 0
2010-11-24T19:06:26+00:00 INFO (6): Тип 8 - найдено: 14, прошли первичные фильтры: 10, не прошли фильтр по цветам: 10, добавлено: 0, новых вин-кодов: 0
2010-11-24T19:06:31+00:00 INFO (6): Тип 9 - найдено: 56, прошли первичные фильтры: 6, не прошли фильтр по цветам: 0, добавлено: 6, новых вин-кодов: 0
2010-11-24T19:06:38+00:00 INFO (6): Тип 10 - найдено: 144, прошли первичные фильтры: 5, не прошли фильтр по цветам: 0, добавлено: 5, новых вин-кодов: 0
2010-11-24T19:06:42+00:00 INFO (6): Тип 21 - найдено: 61, прошли первичные фильтры: 2, не прошли фильтр по цветам: 1, добавлено: 1, новых вин-кодов: 0
2010-11-24T19:06:54+00:00 INFO (6): Тип 22 - найдено: 161, прошли первичные фильтры: 11, не прошли фильтр по цветам: 2, добавлено: 9, новых вин-кодов: 0
2010-11-24T19:06:59+00:00 INFO (6): Тип 23 - найдено: 79, прошли первичные фильтры: 9, не прошли фильтр по цветам: 2, добавлено: 7, новых вин-кодов: 0
2010-11-24T19:06:59+00:00 INFO (6): Adesa
2010-11-24T19:07:01+00:00 INFO (6): Запрос авторизован
2010-11-24T19:07:01+00:00 INFO (6): Тип 11 - найдено: 9, прошли первичные фильтры: 3, не прошли фильтр по цветам: 1, добавлено: 2, новых вин-кодов: 0
2010-11-24T19:07:01+00:00 INFO (6): Тип 12 - найдено: 12, прошли первичные фильтры: 3, не прошли фильтр по цветам: 0, добавлено: 3, новых вин-кодов: 0
2010-11-24T19:07:01+00:00 INFO (6): Тип 13 - найдено: 0, прошли первичные фильтры: 0, не прошли фильтр по цветам: 0, добавлено: 0, новых вин-кодов: 0
2010-11-24T19:07:02+00:00 INFO (6): Тип 14 - найдено: 4, прошли первичные фильтры: 4, не прошли фильтр по цветам: 3, добавлено: 1, новых вин-кодов: 0
2010-11-24T19:07:02+00:00 INFO (6): Тип 15 - найдено: 7, прошли первичные фильтры: 4, не прошли фильтр по цветам: 4, добавлено: 0, новых вин-кодов: 0
2010-11-24T19:07:02+00:00 INFO (6): Тип 16 - найдено: 1, прошли первичные фильтры: 0, не прошли фильтр по цветам: 0, добавлено: 0, новых вин-кодов: 0
2010-11-24T19:07:02+00:00 INFO (6): Тип 17 - найдено: 1, прошли первичные фильтры: 1, не прошли фильтр по цветам: 1, добавлено: 0, новых вин-кодов: 0
2010-11-24T19:07:03+00:00 INFO (6): Тип 18 - найдено: 0, прошли первичные фильтры: 0, не прошли фильтр по цветам: 0, добавлено: 0, новых вин-кодов: 0
2010-11-24T19:07:03+00:00 INFO (6): Тип 19 - найдено: 13, прошли первичные фильтры: 1, не прошли фильтр по цветам: 0, добавлено: 1, новых вин-кодов: 0
2010-11-24T19:07:03+00:00 INFO (6): Тип 20 - найдено: 23, прошли первичные фильтры: 4, не прошли фильтр по цветам: 0, добавлено: 4, новых вин-кодов: 0
2010-11-24T19:07:03+00:00 INFO (6): Тип 24 - найдено: 16, прошли первичные фильтры: 2, не прошли фильтр по цветам: 2, добавлено: 0, новых вин-кодов: 0
2010-11-24T19:07:04+00:00 INFO (6): Тип 25 - найдено: 18, прошли первичные фильтры: 2, не прошли фильтр по цветам: 0, добавлено: 2, новых вин-кодов: 0
2010-11-24T19:07:04+00:00 INFO (6): Тип 26 - найдено: 8, прошли первичные фильтры: 0, не прошли фильтр по цветам: 0, добавлено: 0, новых вин-кодов: 0
2010-11-24T19:07:04+00:00 INFO (6): Завершение задачи
