
01-09-2011 03:05:01 --- INFO: start: 01-09-2011 03:05:01
01-09-2011 03:05:01 --- INFO: ----------Source_Openlane (cli)
01-09-2011 03:05:04 --- ERROR: Unauthorized request
01-09-2011 03:05:04 --- INFO: finish: 01-09-2011 03:05:04
01-09-2011 03:05:04 --- INFO: elapsed time: ~2.91 sec., memory usage: ~1.31 Mb.
01-09-2011 03:10:01 --- INFO: start: 01-09-2011 03:10:01
01-09-2011 03:10:01 --- INFO: ----------Source_Ebay (cli)
01-09-2011 03:10:17 --- INFO: Lexus RX 300 - found: 19, pass primary filters: 2, did not pass the filter by color: 0, added: 2, new vincodes: 0
01-09-2011 03:12:05 --- INFO: Lexus RX 330 - found: 77, pass primary filters: 14, did not pass the filter by color: 10, added: 4, new vincodes: 0
01-09-2011 03:13:14 --- INFO: Lexus RX 400H - found: 51, pass primary filters: 2, did not pass the filter by color: 2, added: 0, new vincodes: 0
01-09-2011 03:13:45 --- INFO: Lexus GX 470 - found: 42, pass primary filters: 13, did not pass the filter by color: 8, added: 5, new vincodes: 0
01-09-2011 03:14:03 --- INFO: Lexus GX 470 - found: 24, pass primary filters: 14, did not pass the filter by color: 10, added: 4, new vincodes: 0
01-09-2011 03:14:09 --- INFO: Lexus LX 470 - found: 6, pass primary filters: 5, did not pass the filter by color: 4, added: 1, new vincodes: 0
01-09-2011 03:14:17 --- INFO: Lexus LX 470 - found: 9, pass primary filters: 5, did not pass the filter by color: 5, added: 0, new vincodes: 0
01-09-2011 03:14:24 --- INFO: Toyota Land Cruiser - found: 8, pass primary filters: 7, did not pass the filter by color: 6, added: 1, new vincodes: 0
01-09-2011 03:14:39 --- INFO: Honda CR-V - found: 20, pass primary filters: 1, did not pass the filter by color: 0, added: 1, new vincodes: 0
01-09-2011 03:16:09 --- INFO: Honda CR-V - found: 65, pass primary filters: 0, did not pass the filter by color: 0, added: 0, new vincodes: 0
01-09-2011 03:16:15 --- INFO: Mitsubishi Montero 4WD Limited - found: 6, pass primary filters: 2, did not pass the filter by color: 2, added: 0, new vincodes: 0
01-09-2011 03:17:24 --- INFO: Toyota 4RUNNER 4WD Limited - found: 53, pass primary filters: 31, did not pass the filter by color: 13, added: 18, new vincodes: 0
01-09-2011 03:17:35 --- INFO: Toyota RAV 4 - found: 13, pass primary filters: 5, did not pass the filter by color: 3, added: 2, new vincodes: 0
01-09-2011 03:17:52 --- INFO: Toyota Highlander 4WD - found: 23, pass primary filters: 0, did not pass the filter by color: 0, added: 0, new vincodes: 0
01-09-2011 03:19:06 --- INFO: Subaru Forester - found: 51, pass primary filters: 4, did not pass the filter by color: 0, added: 4, new vincodes: 0
01-09-2011 03:20:23 --- INFO: Nissan Rogue - found: 53, pass primary filters: 2, did not pass the filter by color: 0, added: 2, new vincodes: 0
01-09-2011 03:20:40 --- INFO: Toyota Highlander - found: 23, pass primary filters: 7, did not pass the filter by color: 7, added: 0, new vincodes: 0
01-09-2011 03:20:54 --- INFO: Acura MDX - found: 19, pass primary filters: 0, did not pass the filter by color: 0, added: 0, new vincodes: 0
01-09-2011 03:20:54 --- INFO: finish: 01-09-2011 03:20:54
01-09-2011 03:20:54 --- INFO: elapsed time: ~653.12 sec., memory usage: ~2.83 Mb.
01-09-2011 06:10:01 --- INFO: start: 01-09-2011 06:10:01
01-09-2011 06:10:01 --- INFO: ----------Source_Adesa (cli)
01-09-2011 06:10:02 --- INFO: Authorized request
01-09-2011 06:10:02 --- INFO: Lexus RX 300 - found: 0, pass primary filters: 0, did not pass the filter by color: 0, added: 0, new vincodes: 0
01-09-2011 06:10:02 --- INFO: Lexus RX 330 - found: 0, pass primary filters: 0, did not pass the filter by color: 0, added: 0, new vincodes: 0
01-09-2011 06:10:03 --- INFO: Lexus RX 400H - found: 0, pass primary filters: 0, did not pass the filter by color: 0, added: 0, new vincodes: 0
01-09-2011 06:10:03 --- INFO: Lexus GX 470 - found: 0, pass primary filters: 0, did not pass the filter by color: 0, added: 0, new vincodes: 0
01-09-2011 06:10:03 --- INFO: Lexus GX 470 - found: 0, pass primary filters: 0, did not pass the filter by color: 0, added: 0, new vincodes: 0
01-09-2011 06:10:03 --- INFO: Lexus LX 470 - found: 0, pass primary filters: 0, did not pass the filter by color: 0, added: 0, new vincodes: 0
01-09-2011 06:10:03 --- INFO: Lexus LX 470 - found: 0, pass primary filters: 0, did not pass the filter by color: 0, added: 0, new vincodes: 0
01-09-2011 06:10:04 --- INFO: Toyota Land Cruiser - found: 0, pass primary filters: 0, did not pass the filter by color: 0, added: 0, new vincodes: 0
01-09-2011 06:10:07 --- INFO: Honda CR-V - found: 0, pass primary filters: 0, did not pass the filter by color: 0, added: 0, new vincodes: 0
01-09-2011 06:10:07 --- INFO: Honda CR-V - found: 0, pass primary filters: 0, did not pass the filter by color: 0, added: 0, new vincodes: 0
01-09-2011 06:10:07 --- INFO: Mitsubishi Montero 4WD Limited - found: 0, pass primary filters: 0, did not pass the filter by color: 0, added: 0, new vincodes: 0
01-09-2011 06:10:08 --- INFO: Toyota 4RUNNER 4WD Limited - found: 0, pass primary filters: 0, did not pass the filter by color: 0, added: 0, new vincodes: 0
01-09-2011 06:10:08 --- INFO: Toyota RAV 4 - found: 0, pass primary filters: 0, did not pass the filter by color: 0, added: 0, new vincodes: 0
01-09-2011 06:10:08 --- INFO: Toyota Highlander 4WD - found: 0, pass primary filters: 0, did not pass the filter by color: 0, added: 0, new vincodes: 0
01-09-2011 06:10:08 --- INFO: Subaru Forester - found: 0, pass primary filters: 0, did not pass the filter by color: 0, added: 0, new vincodes: 0
01-09-2011 06:10:09 --- INFO: Nissan Rogue - found: 0, pass primary filters: 0, did not pass the filter by color: 0, added: 0, new vincodes: 0
01-09-2011 06:10:09 --- INFO: Toyota Highlander - found: 0, pass primary filters: 0, did not pass the filter by color: 0, added: 0, new vincodes: 0
01-09-2011 06:10:09 --- INFO: Acura MDX - found: 0, pass primary filters: 0, did not pass the filter by color: 0, added: 0, new vincodes: 0
01-09-2011 06:10:09 --- INFO: finish: 01-09-2011 06:10:09
01-09-2011 06:10:09 --- INFO: elapsed time: ~8.52 sec., memory usage: ~1.7 Mb.
01-09-2011 06:10:01 --- INFO: start: 01-09-2011 06:10:01
01-09-2011 06:10:01 --- INFO: ----------Source_Gsmotors (cli)
01-09-2011 06:11:17 --- INFO: Lexus RX 300 - found: 59, pass primary filters: 15, did not pass the filter by color: 6, added: 9, new vincodes: 1
01-09-2011 06:15:53 --- INFO: Lexus RX 330 - found: 203, pass primary filters: 52, did not pass the filter by color: 13, added: 39, new vincodes: 4
01-09-2011 06:16:32 --- INFO: Lexus RX 400H - found: 36, pass primary filters: 3, did not pass the filter by color: 1, added: 2, new vincodes: 0
01-09-2011 06:17:49 --- INFO: Lexus GX 470 - found: 64, pass primary filters: 35, did not pass the filter by color: 28, added: 7, new vincodes: 0
01-09-2011 06:19:28 --- INFO: Lexus GX 470 - found: 71, pass primary filters: 48, did not pass the filter by color: 40, added: 8, new vincodes: 1
01-09-2011 06:19:52 --- INFO: Lexus LX 470 - found: 18, pass primary filters: 13, did not pass the filter by color: 12, added: 1, new vincodes: 0
01-09-2011 06:20:19 --- INFO: Lexus LX 470 - found: 19, pass primary filters: 14, did not pass the filter by color: 14, added: 0, new vincodes: 3
01-09-2011 06:20:41 --- INFO: Toyota Land Cruiser - found: 14, pass primary filters: 9, did not pass the filter by color: 9, added: 0, new vincodes: 0
01-09-2011 06:21:36 --- INFO: Honda CR-V - found: 51, pass primary filters: 3, did not pass the filter by color: 0, added: 3, new vincodes: 2
01-09-2011 06:24:33 --- INFO: Honda CR-V - found: 139, pass primary filters: 3, did not pass the filter by color: 0, added: 3, new vincodes: 0
01-09-2011 06:25:36 --- INFO: Mitsubishi Montero 4WD Limited - found: 55, pass primary filters: 5, did not pass the filter by color: 5, added: 0, new vincodes: 0
01-09-2011 06:29:34 --- INFO: Toyota 4RUNNER 4WD Limited - found: 194, pass primary filters: 53, did not pass the filter by color: 34, added: 19, new vincodes: 1
01-09-2011 06:30:48 --- INFO: Toyota RAV 4 - found: 55, pass primary filters: 27, did not pass the filter by color: 21, added: 6, new vincodes: 3
01-09-2011 06:32:32 --- INFO: Toyota Highlander 4WD - found: 89, pass primary filters: 5, did not pass the filter by color: 2, added: 3, new vincodes: 0
01-09-2011 06:34:45 --- INFO: Subaru Forester - found: 81, pass primary filters: 10, did not pass the filter by color: 0, added: 10, new vincodes: 0
01-09-2011 06:40:55 --- INFO: Nissan Rogue - found: 188, pass primary filters: 9, did not pass the filter by color: 0, added: 9, new vincodes: 1
01-09-2011 06:41:44 --- INFO: Toyota Highlander - found: 89, pass primary filters: 40, did not pass the filter by color: 32, added: 8, new vincodes: 1
01-09-2011 06:43:14 --- INFO: Acura MDX - found: 66, pass primary filters: 2, did not pass the filter by color: 0, added: 2, new vincodes: 1
01-09-2011 06:43:14 --- INFO: finish: 01-09-2011 06:43:14
01-09-2011 06:43:14 --- INFO: elapsed time: ~1993.67 sec., memory usage: ~4.56 Mb.
01-09-2011 07:05:01 --- INFO: start: 01-09-2011 07:05:01
01-09-2011 07:05:01 --- INFO: ----------Source_Openlane (cli)
01-09-2011 07:05:04 --- ERROR: Unauthorized request
01-09-2011 07:05:04 --- INFO: finish: 01-09-2011 07:05:04
01-09-2011 07:05:04 --- INFO: elapsed time: ~2.94 sec., memory usage: ~1.31 Mb.
01-09-2011 07:10:01 --- INFO: start: 01-09-2011 07:10:01
01-09-2011 07:10:01 --- INFO: ----------Source_Ebay (cli)
01-09-2011 07:10:17 --- INFO: Lexus RX 300 - found: 19, pass primary filters: 2, did not pass the filter by color: 0, added: 2, new vincodes: 0
01-09-2011 07:12:07 --- INFO: Lexus RX 330 - found: 78, pass primary filters: 14, did not pass the filter by color: 10, added: 4, new vincodes: 0
01-09-2011 07:13:16 --- INFO: Lexus RX 400H - found: 51, pass primary filters: 2, did not pass the filter by color: 2, added: 0, new vincodes: 0
01-09-2011 07:13:47 --- INFO: Lexus GX 470 - found: 40, pass primary filters: 13, did not pass the filter by color: 8, added: 5, new vincodes: 0
01-09-2011 07:14:04 --- INFO: Lexus GX 470 - found: 24, pass primary filters: 14, did not pass the filter by color: 10, added: 4, new vincodes: 0
01-09-2011 07:14:10 --- INFO: Lexus LX 470 - found: 6, pass primary filters: 5, did not pass the filter by color: 4, added: 1, new vincodes: 0
01-09-2011 07:14:17 --- INFO: Lexus LX 470 - found: 9, pass primary filters: 5, did not pass the filter by color: 5, added: 0, new vincodes: 0
01-09-2011 07:14:25 --- INFO: Toyota Land Cruiser - found: 8, pass primary filters: 7, did not pass the filter by color: 6, added: 1, new vincodes: 0
01-09-2011 07:14:41 --- INFO: Honda CR-V - found: 20, pass primary filters: 1, did not pass the filter by color: 0, added: 1, new vincodes: 0
01-09-2011 07:16:14 --- INFO: Honda CR-V - found: 66, pass primary filters: 0, did not pass the filter by color: 0, added: 0, new vincodes: 0
01-09-2011 07:16:19 --- INFO: Mitsubishi Montero 4WD Limited - found: 6, pass primary filters: 2, did not pass the filter by color: 2, added: 0, new vincodes: 0
01-09-2011 07:17:28 --- INFO: Toyota 4RUNNER 4WD Limited - found: 51, pass primary filters: 31, did not pass the filter by color: 13, added: 18, new vincodes: 0
01-09-2011 07:17:38 --- INFO: Toyota RAV 4 - found: 13, pass primary filters: 5, did not pass the filter by color: 3, added: 2, new vincodes: 0
01-09-2011 07:17:56 --- INFO: Toyota Highlander 4WD - found: 23, pass primary filters: 0, did not pass the filter by color: 0, added: 0, new vincodes: 0
01-09-2011 07:19:10 --- INFO: Subaru Forester - found: 51, pass primary filters: 4, did not pass the filter by color: 0, added: 4, new vincodes: 0
01-09-2011 07:20:26 --- INFO: Nissan Rogue - found: 53, pass primary filters: 2, did not pass the filter by color: 0, added: 2, new vincodes: 0
01-09-2011 07:20:43 --- INFO: Toyota Highlander - found: 23, pass primary filters: 7, did not pass the filter by color: 7, added: 0, new vincodes: 0
01-09-2011 07:20:57 --- INFO: Acura MDX - found: 19, pass primary filters: 0, did not pass the filter by color: 0, added: 0, new vincodes: 0
01-09-2011 07:20:57 --- INFO: finish: 01-09-2011 07:20:57
01-09-2011 07:20:57 --- INFO: elapsed time: ~656.12 sec., memory usage: ~2.83 Mb.
01-09-2011 08:10:01 --- INFO: start: 01-09-2011 08:10:01
01-09-2011 08:10:01 --- INFO: ----------Source_Adesa (cli)
01-09-2011 08:10:02 --- INFO: Authorized request
01-09-2011 08:10:03 --- INFO: Lexus RX 300 - found: 0, pass primary filters: 0, did not pass the filter by color: 0, added: 0, new vincodes: 0
01-09-2011 08:10:03 --- INFO: Lexus RX 330 - found: 0, pass primary filters: 0, did not pass the filter by color: 0, added: 0, new vincodes: 0
01-09-2011 08:10:03 --- INFO: Lexus RX 400H - found: 0, pass primary filters: 0, did not pass the filter by color: 0, added: 0, new vincodes: 0
01-09-2011 08:10:03 --- INFO: Lexus GX 470 - found: 0, pass primary filters: 0, did not pass the filter by color: 0, added: 0, new vincodes: 0
01-09-2011 08:10:04 --- INFO: Lexus GX 470 - found: 0, pass primary filters: 0, did not pass the filter by color: 0, added: 0, new vincodes: 0
01-09-2011 08:10:04 --- INFO: Lexus LX 470 - found: 0, pass primary filters: 0, did not pass the filter by color: 0, added: 0, new vincodes: 0
01-09-2011 08:10:04 --- INFO: Lexus LX 470 - found: 0, pass primary filters: 0, did not pass the filter by color: 0, added: 0, new vincodes: 0
01-09-2011 08:10:04 --- INFO: Toyota Land Cruiser - found: 0, pass primary filters: 0, did not pass the filter by color: 0, added: 0, new vincodes: 0
01-09-2011 08:10:04 --- INFO: Honda CR-V - found: 0, pass primary filters: 0, did not pass the filter by color: 0, added: 0, new vincodes: 0
01-09-2011 08:10:05 --- INFO: Honda CR-V - found: 0, pass primary filters: 0, did not pass the filter by color: 0, added: 0, new vincodes: 0
01-09-2011 08:10:05 --- INFO: Mitsubishi Montero 4WD Limited - found: 0, pass primary filters: 0, did not pass the filter by color: 0, added: 0, new vincodes: 0
01-09-2011 08:10:05 --- INFO: Toyota 4RUNNER 4WD Limited - found: 0, pass primary filters: 0, did not pass the filter by color: 0, added: 0, new vincodes: 0
01-09-2011 08:10:05 --- INFO: Toyota RAV 4 - found: 0, pass primary filters: 0, did not pass the filter by color: 0, added: 0, new vincodes: 0
01-09-2011 08:10:06 --- INFO: Toyota Highlander 4WD - found: 0, pass primary filters: 0, did not pass the filter by color: 0, added: 0, new vincodes: 0
01-09-2011 08:10:06 --- INFO: Subaru Forester - found: 0, pass primary filters: 0, did not pass the filter by color: 0, added: 0, new vincodes: 0
01-09-2011 08:10:06 --- INFO: Nissan Rogue - found: 0, pass primary filters: 0, did not pass the filter by color: 0, added: 0, new vincodes: 0
01-09-2011 08:10:07 --- INFO: Toyota Highlander - found: 0, pass primary filters: 0, did not pass the filter by color: 0, added: 0, new vincodes: 0
01-09-2011 08:10:07 --- INFO: Acura MDX - found: 0, pass primary filters: 0, did not pass the filter by color: 0, added: 0, new vincodes: 0
01-09-2011 08:10:07 --- INFO: finish: 01-09-2011 08:10:07
01-09-2011 08:10:07 --- INFO: elapsed time: ~5.78 sec., memory usage: ~1.7 Mb.
01-09-2011 08:10:01 --- INFO: start: 01-09-2011 08:10:01
01-09-2011 08:10:01 --- INFO: ----------Source_Gsmotors (cli)
01-09-2011 08:10:34 --- INFO: Lexus RX 300 - found: 59, pass primary filters: 15, did not pass the filter by color: 6, added: 9, new vincodes: 0
01-09-2011 08:12:33 --- INFO: Lexus RX 330 - found: 203, pass primary filters: 52, did not pass the filter by color: 13, added: 39, new vincodes: 0
01-09-2011 08:13:46 --- INFO: Lexus RX 400H - found: 36, pass primary filters: 3, did not pass the filter by color: 1, added: 2, new vincodes: 0
01-09-2011 08:14:22 --- INFO: Lexus GX 470 - found: 64, pass primary filters: 35, did not pass the filter by color: 28, added: 7, new vincodes: 0
01-09-2011 08:15:04 --- INFO: Lexus GX 470 - found: 71, pass primary filters: 48, did not pass the filter by color: 40, added: 8, new vincodes: 0
01-09-2011 08:15:15 --- INFO: Lexus LX 470 - found: 18, pass primary filters: 13, did not pass the filter by color: 12, added: 1, new vincodes: 0
01-09-2011 08:15:28 --- INFO: Lexus LX 470 - found: 19, pass primary filters: 14, did not pass the filter by color: 14, added: 0, new vincodes: 0
01-09-2011 08:15:36 --- INFO: Toyota Land Cruiser - found: 14, pass primary filters: 9, did not pass the filter by color: 9, added: 0, new vincodes: 0
01-09-2011 08:16:06 --- INFO: Honda CR-V - found: 51, pass primary filters: 3, did not pass the filter by color: 0, added: 3, new vincodes: 0
01-09-2011 08:18:31 --- INFO: Honda CR-V - found: 139, pass primary filters: 3, did not pass the filter by color: 0, added: 3, new vincodes: 0
01-09-2011 08:19:20 --- INFO: Mitsubishi Montero 4WD Limited - found: 55, pass primary filters: 5, did not pass the filter by color: 5, added: 0, new vincodes: 0
01-09-2011 08:22:22 --- INFO: Toyota 4RUNNER 4WD Limited - found: 194, pass primary filters: 53, did not pass the filter by color: 34, added: 19, new vincodes: 0
01-09-2011 08:23:17 --- INFO: Toyota RAV 4 - found: 55, pass primary filters: 27, did not pass the filter by color: 21, added: 6, new vincodes: 0
01-09-2011 08:24:22 --- INFO: Toyota Highlander 4WD - found: 89, pass primary filters: 5, did not pass the filter by color: 2, added: 3, new vincodes: 0
01-09-2011 08:25:18 --- INFO: Subaru Forester - found: 81, pass primary filters: 10, did not pass the filter by color: 0, added: 10, new vincodes: 0
01-09-2011 08:31:09 --- INFO: Nissan Rogue - found: 188, pass primary filters: 9, did not pass the filter by color: 0, added: 9, new vincodes: 0
01-09-2011 08:31:57 --- INFO: Toyota Highlander - found: 89, pass primary filters: 40, did not pass the filter by color: 32, added: 8, new vincodes: 0
01-09-2011 08:37:05 --- INFO: Acura MDX - found: 66, pass primary filters: 2, did not pass the filter by color: 0, added: 2, new vincodes: 0
01-09-2011 08:37:05 --- INFO: finish: 01-09-2011 08:37:05
01-09-2011 08:37:05 --- INFO: elapsed time: ~1623.91 sec., memory usage: ~4.45 Mb.
01-09-2011 09:10:01 --- INFO: start: 01-09-2011 09:10:01
01-09-2011 09:10:01 --- INFO: ----------Source_Adesa (cli)
01-09-2011 09:10:03 --- INFO: Authorized request
01-09-2011 09:10:03 --- INFO: Lexus RX 300 - found: 0, pass primary filters: 0, did not pass the filter by color: 0, added: 0, new vincodes: 0
01-09-2011 09:10:03 --- INFO: Lexus RX 330 - found: 0, pass primary filters: 0, did not pass the filter by color: 0, added: 0, new vincodes: 0
01-09-2011 09:10:04 --- INFO: Lexus RX 400H - found: 0, pass primary filters: 0, did not pass the filter by color: 0, added: 0, new vincodes: 0
01-09-2011 09:10:04 --- INFO: Lexus GX 470 - found: 0, pass primary filters: 0, did not pass the filter by color: 0, added: 0, new vincodes: 0
01-09-2011 09:10:04 --- INFO: Lexus GX 470 - found: 0, pass primary filters: 0, did not pass the filter by color: 0, added: 0, new vincodes: 0
01-09-2011 09:10:04 --- INFO: Lexus LX 470 - found: 0, pass primary filters: 0, did not pass the filter by color: 0, added: 0, new vincodes: 0
01-09-2011 09:10:04 --- INFO: Lexus LX 470 - found: 0, pass primary filters: 0, did not pass the filter by color: 0, added: 0, new vincodes: 0
01-09-2011 09:10:04 --- INFO: Toyota Land Cruiser - found: 0, pass primary filters: 0, did not pass the filter by color: 0, added: 0, new vincodes: 0
01-09-2011 09:10:05 --- INFO: Honda CR-V - found: 0, pass primary filters: 0, did not pass the filter by color: 0, added: 0, new vincodes: 0
01-09-2011 09:10:05 --- INFO: Honda CR-V - found: 0, pass primary filters: 0, did not pass the filter by color: 0, added: 0, new vincodes: 0
01-09-2011 09:10:05 --- INFO: Mitsubishi Montero 4WD Limited - found: 0, pass primary filters: 0, did not pass the filter by color: 0, added: 0, new vincodes: 0
01-09-2011 09:10:06 --- INFO: Toyota 4RUNNER 4WD Limited - found: 0, pass primary filters: 0, did not pass the filter by color: 0, added: 0, new vincodes: 0
01-09-2011 09:10:06 --- INFO: Toyota RAV 4 - found: 0, pass primary filters: 0, did not pass the filter by color: 0, added: 0, new vincodes: 0
01-09-2011 09:10:06 --- INFO: Toyota Highlander 4WD - found: 0, pass primary filters: 0, did not pass the filter by color: 0, added: 0, new vincodes: 0
01-09-2011 09:10:06 --- INFO: Subaru Forester - found: 0, pass primary filters: 0, did not pass the filter by color: 0, added: 0, new vincodes: 0
01-09-2011 09:10:07 --- INFO: Nissan Rogue - found: 0, pass primary filters: 0, did not pass the filter by color: 0, added: 0, new vincodes: 0
01-09-2011 09:10:07 --- INFO: Toyota Highlander - found: 0, pass primary filters: 0, did not pass the filter by color: 0, added: 0, new vincodes: 0
01-09-2011 09:10:07 --- INFO: Acura MDX - found: 0, pass primary filters: 0, did not pass the filter by color: 0, added: 0, new vincodes: 0
01-09-2011 09:10:07 --- INFO: finish: 01-09-2011 09:10:07
01-09-2011 09:10:07 --- INFO: elapsed time: ~5.82 sec., memory usage: ~1.7 Mb.
01-09-2011 09:10:01 --- INFO: start: 01-09-2011 09:10:01
01-09-2011 09:10:01 --- INFO: ----------Source_Gsmotors (cli)
01-09-2011 09:10:38 --- INFO: Lexus RX 300 - found: 59, pass primary filters: 15, did not pass the filter by color: 6, added: 9, new vincodes: 0
01-09-2011 09:12:43 --- INFO: Lexus RX 330 - found: 203, pass primary filters: 52, did not pass the filter by color: 13, added: 39, new vincodes: 0
01-09-2011 09:13:16 --- INFO: Lexus RX 400H - found: 36, pass primary filters: 3, did not pass the filter by color: 1, added: 2, new vincodes: 0
01-09-2011 09:13:58 --- INFO: Lexus GX 470 - found: 64, pass primary filters: 35, did not pass the filter by color: 28, added: 7, new vincodes: 0
01-09-2011 09:14:45 --- INFO: Lexus GX 470 - found: 71, pass primary filters: 48, did not pass the filter by color: 40, added: 8, new vincodes: 0
01-09-2011 09:14:57 --- INFO: Lexus LX 470 - found: 18, pass primary filters: 13, did not pass the filter by color: 12, added: 1, new vincodes: 0
01-09-2011 09:15:10 --- INFO: Lexus LX 470 - found: 19, pass primary filters: 14, did not pass the filter by color: 14, added: 0, new vincodes: 0
01-09-2011 09:15:19 --- INFO: Toyota Land Cruiser - found: 14, pass primary filters: 9, did not pass the filter by color: 9, added: 0, new vincodes: 0
01-09-2011 09:15:50 --- INFO: Honda CR-V - found: 51, pass primary filters: 3, did not pass the filter by color: 0, added: 3, new vincodes: 0
01-09-2011 09:17:23 --- INFO: Honda CR-V - found: 139, pass primary filters: 3, did not pass the filter by color: 0, added: 3, new vincodes: 0
01-09-2011 09:18:11 --- INFO: Mitsubishi Montero 4WD Limited - found: 55, pass primary filters: 5, did not pass the filter by color: 5, added: 0, new vincodes: 0
01-09-2011 09:20:08 --- INFO: Toyota 4RUNNER 4WD Limited - found: 194, pass primary filters: 53, did not pass the filter by color: 34, added: 19, new vincodes: 0
01-09-2011 09:20:42 --- INFO: Toyota RAV 4 - found: 55, pass primary filters: 27, did not pass the filter by color: 21, added: 6, new vincodes: 0
01-09-2011 09:21:36 --- INFO: Toyota Highlander 4WD - found: 89, pass primary filters: 5, did not pass the filter by color: 2, added: 3, new vincodes: 0
01-09-2011 09:22:27 --- INFO: Subaru Forester - found: 81, pass primary filters: 10, did not pass the filter by color: 0, added: 10, new vincodes: 0
01-09-2011 09:24:48 --- INFO: Nissan Rogue - found: 188, pass primary filters: 9, did not pass the filter by color: 0, added: 9, new vincodes: 0
01-09-2011 09:25:41 --- INFO: Toyota Highlander - found: 89, pass primary filters: 40, did not pass the filter by color: 32, added: 8, new vincodes: 0
01-09-2011 09:26:23 --- INFO: Acura MDX - found: 66, pass primary filters: 2, did not pass the filter by color: 0, added: 2, new vincodes: 0
01-09-2011 09:26:23 --- INFO: finish: 01-09-2011 09:26:23
01-09-2011 09:26:23 --- INFO: elapsed time: ~981.41 sec., memory usage: ~4.45 Mb.
01-09-2011 10:00:01 --- INFO: start: 01-09-2011 10:00:01
01-09-2011 10:00:01 --- INFO: ----------Source_Adesa (cli)
01-09-2011 10:00:02 --- INFO: Authorized request
01-09-2011 10:00:02 --- INFO: Lexus RX 300 - found: 0, pass primary filters: 0, did not pass the filter by color: 0, added: 0, new vincodes: 0
01-09-2011 10:00:02 --- INFO: Lexus RX 330 - found: 0, pass primary filters: 0, did not pass the filter by color: 0, added: 0, new vincodes: 0
01-09-2011 10:00:03 --- INFO: Lexus RX 400H - found: 0, pass primary filters: 0, did not pass the filter by color: 0, added: 0, new vincodes: 0
01-09-2011 10:00:03 --- INFO: Lexus GX 470 - found: 0, pass primary filters: 0, did not pass the filter by color: 0, added: 0, new vincodes: 0
01-09-2011 10:00:03 --- INFO: Lexus GX 470 - found: 0, pass primary filters: 0, did not pass the filter by color: 0, added: 0, new vincodes: 0
01-09-2011 10:00:03 --- INFO: Lexus LX 470 - found: 0, pass primary filters: 0, did not pass the filter by color: 0, added: 0, new vincodes: 0
01-09-2011 10:00:04 --- INFO: Lexus LX 470 - found: 0, pass primary filters: 0, did not pass the filter by color: 0, added: 0, new vincodes: 0
01-09-2011 10:00:04 --- INFO: Toyota Land Cruiser - found: 0, pass primary filters: 0, did not pass the filter by color: 0, added: 0, new vincodes: 0
01-09-2011 10:00:04 --- INFO: Honda CR-V - found: 0, pass primary filters: 0, did not pass the filter by color: 0, added: 0, new vincodes: 0
01-09-2011 10:00:04 --- INFO: Honda CR-V - found: 0, pass primary filters: 0, did not pass the filter by color: 0, added: 0, new vincodes: 0
01-09-2011 10:00:05 --- INFO: Mitsubishi Montero 4WD Limited - found: 0, pass primary filters: 0, did not pass the filter by color: 0, added: 0, new vincodes: 0
01-09-2011 10:00:05 --- INFO: Toyota 4RUNNER 4WD Limited - found: 0, pass primary filters: 0, did not pass the filter by color: 0, added: 0, new vincodes: 0
01-09-2011 10:00:05 --- INFO: Toyota RAV 4 - found: 0, pass primary filters: 0, did not pass the filter by color: 0, added: 0, new vincodes: 0
01-09-2011 10:00:05 --- INFO: Toyota Highlander 4WD - found: 0, pass primary filters: 0, did not pass the filter by color: 0, added: 0, new vincodes: 0
01-09-2011 10:00:06 --- INFO: Subaru Forester - found: 0, pass primary filters: 0, did not pass the filter by color: 0, added: 0, new vincodes: 0
01-09-2011 10:00:06 --- INFO: Nissan Rogue - found: 0, pass primary filters: 0, did not pass the filter by color: 0, added: 0, new vincodes: 0
01-09-2011 10:00:06 --- INFO: Toyota Highlander - found: 0, pass primary filters: 0, did not pass the filter by color: 0, added: 0, new vincodes: 0
01-09-2011 10:00:07 --- INFO: Acura MDX - found: 0, pass primary filters: 0, did not pass the filter by color: 0, added: 0, new vincodes: 0
01-09-2011 10:00:07 --- INFO: finish: 01-09-2011 10:00:07
01-09-2011 10:00:07 --- INFO: elapsed time: ~5.89 sec., memory usage: ~1.7 Mb.
01-09-2011 10:00:01 --- INFO: start: 01-09-2011 10:00:01
01-09-2011 10:00:01 --- INFO: ----------Source_Gsmotors (cli)
01-09-2011 10:00:37 --- INFO: Lexus RX 300 - found: 59, pass primary filters: 15, did not pass the filter by color: 6, added: 9, new vincodes: 0
01-09-2011 10:02:25 --- INFO: Lexus RX 330 - found: 203, pass primary filters: 52, did not pass the filter by color: 13, added: 39, new vincodes: 0
01-09-2011 10:02:45 --- INFO: Lexus RX 400H - found: 36, pass primary filters: 3, did not pass the filter by color: 1, added: 2, new vincodes: 0
01-09-2011 10:03:30 --- INFO: Lexus GX 470 - found: 64, pass primary filters: 35, did not pass the filter by color: 28, added: 7, new vincodes: 0
01-09-2011 10:04:09 --- INFO: Lexus GX 470 - found: 71, pass primary filters: 48, did not pass the filter by color: 40, added: 8, new vincodes: 0
01-09-2011 10:04:20 --- INFO: Lexus LX 470 - found: 18, pass primary filters: 13, did not pass the filter by color: 12, added: 1, new vincodes: 0
01-09-2011 10:04:36 --- INFO: Lexus LX 470 - found: 19, pass primary filters: 14, did not pass the filter by color: 14, added: 0, new vincodes: 0
01-09-2011 10:04:45 --- INFO: Toyota Land Cruiser - found: 14, pass primary filters: 9, did not pass the filter by color: 9, added: 0, new vincodes: 0
01-09-2011 10:05:18 --- INFO: Honda CR-V - found: 51, pass primary filters: 3, did not pass the filter by color: 0, added: 3, new vincodes: 0
01-09-2011 10:07:31 --- INFO: Honda CR-V - found: 139, pass primary filters: 3, did not pass the filter by color: 0, added: 3, new vincodes: 0
01-09-2011 10:08:25 --- INFO: Mitsubishi Montero 4WD Limited - found: 55, pass primary filters: 5, did not pass the filter by color: 5, added: 0, new vincodes: 0
01-09-2011 10:10:29 --- INFO: Toyota 4RUNNER 4WD Limited - found: 194, pass primary filters: 53, did not pass the filter by color: 34, added: 19, new vincodes: 0
01-09-2011 10:15:12 --- INFO: Toyota RAV 4 - found: 55, pass primary filters: 27, did not pass the filter by color: 21, added: 6, new vincodes: 0
01-09-2011 10:16:13 --- INFO: Toyota Highlander 4WD - found: 89, pass primary filters: 5, did not pass the filter by color: 2, added: 3, new vincodes: 0
01-09-2011 10:17:01 --- INFO: Subaru Forester - found: 81, pass primary filters: 10, did not pass the filter by color: 0, added: 10, new vincodes: 0
01-09-2011 10:19:10 --- INFO: Nissan Rogue - found: 188, pass primary filters: 9, did not pass the filter by color: 0, added: 9, new vincodes: 0
01-09-2011 10:19:59 --- INFO: Toyota Highlander - found: 89, pass primary filters: 40, did not pass the filter by color: 32, added: 8, new vincodes: 0
01-09-2011 10:20:38 --- INFO: Acura MDX - found: 66, pass primary filters: 2, did not pass the filter by color: 0, added: 2, new vincodes: 0
01-09-2011 10:20:38 --- INFO: finish: 01-09-2011 10:20:38
01-09-2011 10:20:38 --- INFO: elapsed time: ~1237.29 sec., memory usage: ~4.45 Mb.
01-09-2011 11:05:01 --- INFO: start: 01-09-2011 11:05:01
01-09-2011 11:05:01 --- INFO: ----------Source_Openlane (cli)
01-09-2011 11:05:04 --- ERROR: Unauthorized request
01-09-2011 11:05:04 --- INFO: finish: 01-09-2011 11:05:04
01-09-2011 11:05:04 --- INFO: elapsed time: ~3.03 sec., memory usage: ~1.31 Mb.
01-09-2011 11:10:01 --- INFO: start: 01-09-2011 11:10:01
01-09-2011 11:10:01 --- INFO: ----------Source_Adesa (cli)
01-09-2011 11:10:02 --- INFO: Authorized request
01-09-2011 11:10:03 --- INFO: Lexus RX 300 - found: 0, pass primary filters: 0, did not pass the filter by color: 0, added: 0, new vincodes: 0
01-09-2011 11:10:03 --- INFO: Lexus RX 330 - found: 0, pass primary filters: 0, did not pass the filter by color: 0, added: 0, new vincodes: 0
01-09-2011 11:10:03 --- INFO: Lexus RX 400H - found: 0, pass primary filters: 0, did not pass the filter by color: 0, added: 0, new vincodes: 0
01-09-2011 11:10:03 --- INFO: Lexus GX 470 - found: 0, pass primary filters: 0, did not pass the filter by color: 0, added: 0, new vincodes: 0
01-09-2011 11:10:04 --- INFO: Lexus GX 470 - found: 0, pass primary filters: 0, did not pass the filter by color: 0, added: 0, new vincodes: 0
01-09-2011 11:10:04 --- INFO: Lexus LX 470 - found: 0, pass primary filters: 0, did not pass the filter by color: 0, added: 0, new vincodes: 0
01-09-2011 11:10:04 --- INFO: Lexus LX 470 - found: 0, pass primary filters: 0, did not pass the filter by color: 0, added: 0, new vincodes: 0
01-09-2011 11:10:04 --- INFO: Toyota Land Cruiser - found: 0, pass primary filters: 0, did not pass the filter by color: 0, added: 0, new vincodes: 0
01-09-2011 11:10:05 --- INFO: Honda CR-V - found: 0, pass primary filters: 0, did not pass the filter by color: 0, added: 0, new vincodes: 0
01-09-2011 11:10:05 --- INFO: Honda CR-V - found: 0, pass primary filters: 0, did not pass the filter by color: 0, added: 0, new vincodes: 0
01-09-2011 11:10:05 --- INFO: Mitsubishi Montero 4WD Limited - found: 0, pass primary filters: 0, did not pass the filter by color: 0, added: 0, new vincodes: 0
01-09-2011 11:10:06 --- INFO: Toyota 4RUNNER 4WD Limited - found: 0, pass primary filters: 0, did not pass the filter by color: 0, added: 0, new vincodes: 0
01-09-2011 11:10:06 --- INFO: Toyota RAV 4 - found: 0, pass primary filters: 0, did not pass the filter by color: 0, added: 0, new vincodes: 0
01-09-2011 11:10:06 --- INFO: Toyota Highlander 4WD - found: 0, pass primary filters: 0, did not pass the filter by color: 0, added: 0, new vincodes: 0
01-09-2011 11:10:06 --- INFO: Subaru Forester - found: 0, pass primary filters: 0, did not pass the filter by color: 0, added: 0, new vincodes: 0
01-09-2011 11:10:07 --- INFO: Nissan Rogue - found: 0, pass primary filters: 0, did not pass the filter by color: 0, added: 0, new vincodes: 0
01-09-2011 11:10:07 --- INFO: Toyota Highlander - found: 0, pass primary filters: 0, did not pass the filter by color: 0, added: 0, new vincodes: 0
01-09-2011 11:10:07 --- INFO: Acura MDX - found: 0, pass primary filters: 0, did not pass the filter by color: 0, added: 0, new vincodes: 0
01-09-2011 11:10:07 --- INFO: finish: 01-09-2011 11:10:07
01-09-2011 11:10:07 --- INFO: elapsed time: ~6.16 sec., memory usage: ~1.7 Mb.
01-09-2011 11:10:01 --- INFO: start: 01-09-2011 11:10:01
01-09-2011 11:10:01 --- INFO: ----------Source_Ebay (cli)
01-09-2011 11:10:18 --- INFO: Lexus RX 300 - found: 20, pass primary filters: 2, did not pass the filter by color: 0, added: 2, new vincodes: 0
01-09-2011 11:12:13 --- INFO: Lexus RX 330 - found: 77, pass primary filters: 14, did not pass the filter by color: 6, added: 8, new vincodes: 0
01-09-2011 11:13:23 --- INFO: Lexus RX 400H - found: 51, pass primary filters: 2, did not pass the filter by color: 2, added: 0, new vincodes: 0
01-09-2011 11:13:52 --- INFO: Lexus GX 470 - found: 40, pass primary filters: 13, did not pass the filter by color: 8, added: 5, new vincodes: 0
01-09-2011 11:14:11 --- INFO: Lexus GX 470 - found: 25, pass primary filters: 14, did not pass the filter by color: 10, added: 4, new vincodes: 0
01-09-2011 11:14:16 --- INFO: Lexus LX 470 - found: 6, pass primary filters: 5, did not pass the filter by color: 4, added: 1, new vincodes: 0
01-09-2011 11:14:23 --- INFO: Lexus LX 470 - found: 8, pass primary filters: 5, did not pass the filter by color: 5, added: 0, new vincodes: 0
01-09-2011 11:14:30 --- INFO: Toyota Land Cruiser - found: 8, pass primary filters: 7, did not pass the filter by color: 6, added: 1, new vincodes: 0
01-09-2011 11:14:45 --- INFO: Honda CR-V - found: 20, pass primary filters: 1, did not pass the filter by color: 0, added: 1, new vincodes: 0
01-09-2011 11:16:16 --- INFO: Honda CR-V - found: 68, pass primary filters: 0, did not pass the filter by color: 0, added: 0, new vincodes: 0
01-09-2011 11:16:21 --- INFO: Mitsubishi Montero 4WD Limited - found: 6, pass primary filters: 2, did not pass the filter by color: 2, added: 0, new vincodes: 0
01-09-2011 11:17:35 --- INFO: Toyota 4RUNNER 4WD Limited - found: 51, pass primary filters: 30, did not pass the filter by color: 17, added: 13, new vincodes: 0
01-09-2011 11:17:48 --- INFO: Toyota RAV 4 - found: 14, pass primary filters: 5, did not pass the filter by color: 3, added: 2, new vincodes: 0
01-09-2011 11:18:08 --- INFO: Toyota Highlander 4WD - found: 23, pass primary filters: 0, did not pass the filter by color: 0, added: 0, new vincodes: 0
01-09-2011 11:19:31 --- INFO: Subaru Forester - found: 53, pass primary filters: 4, did not pass the filter by color: 0, added: 4, new vincodes: 0
01-09-2011 11:20:53 --- INFO: Nissan Rogue - found: 53, pass primary filters: 2, did not pass the filter by color: 0, added: 2, new vincodes: 0
01-09-2011 11:21:11 --- INFO: Toyota Highlander - found: 23, pass primary filters: 7, did not pass the filter by color: 7, added: 0, new vincodes: 0
01-09-2011 11:21:26 --- INFO: Acura MDX - found: 19, pass primary filters: 0, did not pass the filter by color: 0, added: 0, new vincodes: 0
01-09-2011 11:21:26 --- INFO: finish: 01-09-2011 11:21:26
01-09-2011 11:21:26 --- INFO: elapsed time: ~684.72 sec., memory usage: ~2.82 Mb.
01-09-2011 11:10:01 --- INFO: start: 01-09-2011 11:10:01
01-09-2011 11:10:01 --- INFO: ----------Source_Gsmotors (cli)
01-09-2011 11:11:35 --- INFO: Lexus RX 300 - found: 57, pass primary filters: 14, did not pass the filter by color: 6, added: 8, new vincodes: 2
01-09-2011 11:16:39 --- INFO: Lexus RX 330 - found: 213, pass primary filters: 56, did not pass the filter by color: 14, added: 42, new vincodes: 4
01-09-2011 11:17:19 --- INFO: Lexus RX 400H - found: 38, pass primary filters: 2, did not pass the filter by color: 1, added: 1, new vincodes: 0
01-09-2011 11:18:47 --- INFO: Lexus GX 470 - found: 69, pass primary filters: 39, did not pass the filter by color: 31, added: 8, new vincodes: 2
01-09-2011 11:20:19 --- INFO: Lexus GX 470 - found: 72, pass primary filters: 47, did not pass the filter by color: 39, added: 8, new vincodes: 0
01-09-2011 11:20:38 --- INFO: Lexus LX 470 - found: 14, pass primary filters: 12, did not pass the filter by color: 11, added: 1, new vincodes: 0
01-09-2011 11:21:02 --- INFO: Lexus LX 470 - found: 17, pass primary filters: 13, did not pass the filter by color: 13, added: 0, new vincodes: 0
01-09-2011 11:21:25 --- INFO: Toyota Land Cruiser - found: 15, pass primary filters: 10, did not pass the filter by color: 10, added: 0, new vincodes: 1
01-09-2011 11:22:31 --- INFO: Honda CR-V - found: 50, pass primary filters: 2, did not pass the filter by color: 0, added: 2, new vincodes: 1
01-09-2011 11:25:52 --- INFO: Honda CR-V - found: 142, pass primary filters: 3, did not pass the filter by color: 0, added: 3, new vincodes: 0
01-09-2011 11:27:08 --- INFO: Mitsubishi Montero 4WD Limited - found: 57, pass primary filters: 5, did not pass the filter by color: 5, added: 0, new vincodes: 1
01-09-2011 11:31:47 --- INFO: Toyota 4RUNNER 4WD Limited - found: 205, pass primary filters: 54, did not pass the filter by color: 35, added: 19, new vincodes: 0
01-09-2011 11:33:22 --- INFO: Toyota RAV 4 - found: 61, pass primary filters: 29, did not pass the filter by color: 24, added: 5, new vincodes: 1
01-09-2011 11:35:19 --- INFO: Toyota Highlander 4WD - found: 95, pass primary filters: 5, did not pass the filter by color: 2, added: 3, new vincodes: 0
01-09-2011 11:39:44 --- INFO: Subaru Forester - found: 90, pass primary filters: 9, did not pass the filter by color: 0, added: 9, new vincodes: 0
01-09-2011 11:46:50 --- INFO: Nissan Rogue - found: 207, pass primary filters: 9, did not pass the filter by color: 0, added: 9, new vincodes: 0
01-09-2011 11:47:39 --- INFO: Toyota Highlander - found: 95, pass primary filters: 42, did not pass the filter by color: 35, added: 7, new vincodes: 0
01-09-2011 11:49:09 --- INFO: Acura MDX - found: 64, pass primary filters: 2, did not pass the filter by color: 0, added: 2, new vincodes: 0
01-09-2011 11:49:09 --- INFO: finish: 01-09-2011 11:49:09
01-09-2011 11:49:09 --- INFO: elapsed time: ~2347.59 sec., memory usage: ~4.61 Mb.
01-09-2011 12:20:01 --- INFO: start: 01-09-2011 12:20:01
01-09-2011 12:20:01 --- INFO: ----------Source_Adesa (cli)
01-09-2011 12:20:02 --- INFO: Authorized request
01-09-2011 12:20:03 --- INFO: Lexus RX 300 - found: 0, pass primary filters: 0, did not pass the filter by color: 0, added: 0, new vincodes: 0
01-09-2011 12:20:03 --- INFO: Lexus RX 330 - found: 0, pass primary filters: 0, did not pass the filter by color: 0, added: 0, new vincodes: 0
01-09-2011 12:20:03 --- INFO: Lexus RX 400H - found: 0, pass primary filters: 0, did not pass the filter by color: 0, added: 0, new vincodes: 0
01-09-2011 12:20:03 --- INFO: Lexus GX 470 - found: 0, pass primary filters: 0, did not pass the filter by color: 0, added: 0, new vincodes: 0
01-09-2011 12:20:04 --- INFO: Lexus GX 470 - found: 0, pass primary filters: 0, did not pass the filter by color: 0, added: 0, new vincodes: 0
01-09-2011 12:20:04 --- INFO: Lexus LX 470 - found: 0, pass primary filters: 0, did not pass the filter by color: 0, added: 0, new vincodes: 0
01-09-2011 12:20:04 --- INFO: Lexus LX 470 - found: 0, pass primary filters: 0, did not pass the filter by color: 0, added: 0, new vincodes: 0
01-09-2011 12:20:04 --- INFO: Toyota Land Cruiser - found: 0, pass primary filters: 0, did not pass the filter by color: 0, added: 0, new vincodes: 0
01-09-2011 12:20:04 --- INFO: Honda CR-V - found: 0, pass primary filters: 0, did not pass the filter by color: 0, added: 0, new vincodes: 0
01-09-2011 12:20:05 --- INFO: Honda CR-V - found: 0, pass primary filters: 0, did not pass the filter by color: 0, added: 0, new vincodes: 0
01-09-2011 12:20:05 --- INFO: Mitsubishi Montero 4WD Limited - found: 0, pass primary filters: 0, did not pass the filter by color: 0, added: 0, new vincodes: 0
01-09-2011 12:20:05 --- INFO: Toyota 4RUNNER 4WD Limited - found: 0, pass primary filters: 0, did not pass the filter by color: 0, added: 0, new vincodes: 0
01-09-2011 12:20:06 --- INFO: Toyota RAV 4 - found: 0, pass primary filters: 0, did not pass the filter by color: 0, added: 0, new vincodes: 0
01-09-2011 12:20:06 --- INFO: Toyota Highlander 4WD - found: 0, pass primary filters: 0, did not pass the filter by color: 0, added: 0, new vincodes: 0
01-09-2011 12:20:06 --- INFO: Subaru Forester - found: 0, pass primary filters: 0, did not pass the filter by color: 0, added: 0, new vincodes: 0
01-09-2011 12:20:07 --- INFO: Nissan Rogue - found: 0, pass primary filters: 0, did not pass the filter by color: 0, added: 0, new vincodes: 0
01-09-2011 12:20:07 --- INFO: Toyota Highlander - found: 0, pass primary filters: 0, did not pass the filter by color: 0, added: 0, new vincodes: 0
01-09-2011 12:20:07 --- INFO: Acura MDX - found: 0, pass primary filters: 0, did not pass the filter by color: 0, added: 0, new vincodes: 0
01-09-2011 12:20:07 --- INFO: finish: 01-09-2011 12:20:07
01-09-2011 12:20:07 --- INFO: elapsed time: ~6.15 sec., memory usage: ~1.7 Mb.
01-09-2011 12:20:01 --- INFO: start: 01-09-2011 12:20:01
01-09-2011 12:20:01 --- INFO: ----------Source_Gsmotors (cli)
01-09-2011 12:20:58 --- INFO: Lexus RX 300 - found: 57, pass primary filters: 14, did not pass the filter by color: 6, added: 8, new vincodes: 0
01-09-2011 12:23:08 --- INFO: Lexus RX 330 - found: 213, pass primary filters: 56, did not pass the filter by color: 14, added: 42, new vincodes: 0
01-09-2011 12:23:30 --- INFO: Lexus RX 400H - found: 38, pass primary filters: 2, did not pass the filter by color: 1, added: 1, new vincodes: 0
01-09-2011 12:24:08 --- INFO: Lexus GX 470 - found: 69, pass primary filters: 39, did not pass the filter by color: 31, added: 8, new vincodes: 0
01-09-2011 12:25:12 --- INFO: Lexus GX 470 - found: 72, pass primary filters: 47, did not pass the filter by color: 39, added: 8, new vincodes: 0
01-09-2011 12:25:25 --- INFO: Lexus LX 470 - found: 14, pass primary filters: 12, did not pass the filter by color: 11, added: 1, new vincodes: 0
01-09-2011 12:25:41 --- INFO: Lexus LX 470 - found: 17, pass primary filters: 13, did not pass the filter by color: 13, added: 0, new vincodes: 0
01-09-2011 12:25:51 --- INFO: Toyota Land Cruiser - found: 15, pass primary filters: 10, did not pass the filter by color: 10, added: 0, new vincodes: 0
01-09-2011 12:26:23 --- INFO: Honda CR-V - found: 50, pass primary filters: 2, did not pass the filter by color: 0, added: 2, new vincodes: 0
01-09-2011 12:27:51 --- INFO: Honda CR-V - found: 142, pass primary filters: 3, did not pass the filter by color: 0, added: 3, new vincodes: 0
01-09-2011 12:28:46 --- INFO: Mitsubishi Montero 4WD Limited - found: 57, pass primary filters: 5, did not pass the filter by color: 5, added: 0, new vincodes: 0
01-09-2011 12:31:09 --- INFO: Toyota 4RUNNER 4WD Limited - found: 205, pass primary filters: 54, did not pass the filter by color: 35, added: 19, new vincodes: 0
01-09-2011 12:31:47 --- INFO: Toyota RAV 4 - found: 61, pass primary filters: 29, did not pass the filter by color: 24, added: 5, new vincodes: 0
01-09-2011 12:32:58 --- INFO: Toyota Highlander 4WD - found: 95, pass primary filters: 5, did not pass the filter by color: 2, added: 3, new vincodes: 0
01-09-2011 12:33:57 --- INFO: Subaru Forester - found: 90, pass primary filters: 9, did not pass the filter by color: 0, added: 9, new vincodes: 0
01-09-2011 12:36:00 --- INFO: Nissan Rogue - found: 207, pass primary filters: 9, did not pass the filter by color: 0, added: 9, new vincodes: 0
01-09-2011 12:36:59 --- INFO: Toyota Highlander - found: 95, pass primary filters: 42, did not pass the filter by color: 34, added: 8, new vincodes: 0
01-09-2011 12:37:43 --- INFO: Acura MDX - found: 64, pass primary filters: 2, did not pass the filter by color: 0, added: 2, new vincodes: 0
01-09-2011 12:37:43 --- INFO: finish: 01-09-2011 12:37:43
01-09-2011 12:37:43 --- INFO: elapsed time: ~1061.63 sec., memory usage: ~4.5 Mb.
01-09-2011 13:20:01 --- INFO: start: 01-09-2011 13:20:01
01-09-2011 13:20:01 --- INFO: ----------Source_Adesa (cli)
01-09-2011 13:20:02 --- INFO: Authorized request
01-09-2011 13:20:03 --- INFO: Lexus RX 300 - found: 0, pass primary filters: 0, did not pass the filter by color: 0, added: 0, new vincodes: 0
01-09-2011 13:20:03 --- INFO: Lexus RX 330 - found: 0, pass primary filters: 0, did not pass the filter by color: 0, added: 0, new vincodes: 0
01-09-2011 13:20:03 --- INFO: Lexus RX 400H - found: 0, pass primary filters: 0, did not pass the filter by color: 0, added: 0, new vincodes: 0
01-09-2011 13:20:04 --- INFO: Lexus GX 470 - found: 0, pass primary filters: 0, did not pass the filter by color: 0, added: 0, new vincodes: 0
01-09-2011 13:20:04 --- INFO: Lexus GX 470 - found: 0, pass primary filters: 0, did not pass the filter by color: 0, added: 0, new vincodes: 0
01-09-2011 13:20:04 --- INFO: Lexus LX 470 - found: 0, pass primary filters: 0, did not pass the filter by color: 0, added: 0, new vincodes: 0
01-09-2011 13:20:04 --- INFO: Lexus LX 470 - found: 0, pass primary filters: 0, did not pass the filter by color: 0, added: 0, new vincodes: 0
01-09-2011 13:20:04 --- INFO: Toyota Land Cruiser - found: 0, pass primary filters: 0, did not pass the filter by color: 0, added: 0, new vincodes: 0
01-09-2011 13:20:05 --- INFO: Honda CR-V - found: 0, pass primary filters: 0, did not pass the filter by color: 0, added: 0, new vincodes: 0
01-09-2011 13:20:05 --- INFO: Honda CR-V - found: 0, pass primary filters: 0, did not pass the filter by color: 0, added: 0, new vincodes: 0
01-09-2011 13:20:05 --- INFO: Mitsubishi Montero 4WD Limited - found: 0, pass primary filters: 0, did not pass the filter by color: 0, added: 0, new vincodes: 0
01-09-2011 13:20:06 --- INFO: Toyota 4RUNNER 4WD Limited - found: 0, pass primary filters: 0, did not pass the filter by color: 0, added: 0, new vincodes: 0
01-09-2011 13:20:06 --- INFO: Toyota RAV 4 - found: 0, pass primary filters: 0, did not pass the filter by color: 0, added: 0, new vincodes: 0
01-09-2011 13:20:06 --- INFO: Toyota Highlander 4WD - found: 0, pass primary filters: 0, did not pass the filter by color: 0, added: 0, new vincodes: 0
01-09-2011 13:20:07 --- INFO: Subaru Forester - found: 0, pass primary filters: 0, did not pass the filter by color: 0, added: 0, new vincodes: 0
01-09-2011 13:20:07 --- INFO: Nissan Rogue - found: 0, pass primary filters: 0, did not pass the filter by color: 0, added: 0, new vincodes: 0
01-09-2011 13:20:07 --- INFO: Toyota Highlander - found: 0, pass primary filters: 0, did not pass the filter by color: 0, added: 0, new vincodes: 0
01-09-2011 13:20:07 --- INFO: Acura MDX - found: 0, pass primary filters: 0, did not pass the filter by color: 0, added: 0, new vincodes: 0
01-09-2011 13:20:07 --- INFO: finish: 01-09-2011 13:20:07
01-09-2011 13:20:07 --- INFO: elapsed time: ~6.01 sec., memory usage: ~1.7 Mb.
01-09-2011 13:20:01 --- INFO: start: 01-09-2011 13:20:01
01-09-2011 13:20:01 --- INFO: ----------Source_Gsmotors (cli)
01-09-2011 13:20:44 --- INFO: Lexus RX 300 - found: 57, pass primary filters: 14, did not pass the filter by color: 6, added: 8, new vincodes: 0
01-09-2011 13:23:06 --- INFO: Lexus RX 330 - found: 213, pass primary filters: 56, did not pass the filter by color: 14, added: 42, new vincodes: 0
01-09-2011 13:23:30 --- INFO: Lexus RX 400H - found: 38, pass primary filters: 2, did not pass the filter by color: 1, added: 1, new vincodes: 0
01-09-2011 13:24:11 --- INFO: Lexus GX 470 - found: 69, pass primary filters: 39, did not pass the filter by color: 31, added: 8, new vincodes: 0
01-09-2011 13:24:56 --- INFO: Lexus GX 470 - found: 72, pass primary filters: 47, did not pass the filter by color: 39, added: 8, new vincodes: 0
01-09-2011 13:25:06 --- INFO: Lexus LX 470 - found: 14, pass primary filters: 12, did not pass the filter by color: 11, added: 1, new vincodes: 0
01-09-2011 13:25:19 --- INFO: Lexus LX 470 - found: 17, pass primary filters: 13, did not pass the filter by color: 13, added: 0, new vincodes: 0
01-09-2011 13:25:30 --- INFO: Toyota Land Cruiser - found: 15, pass primary filters: 10, did not pass the filter by color: 10, added: 0, new vincodes: 0
01-09-2011 13:25:59 --- INFO: Honda CR-V - found: 50, pass primary filters: 2, did not pass the filter by color: 0, added: 2, new vincodes: 0
01-09-2011 13:27:26 --- INFO: Honda CR-V - found: 142, pass primary filters: 3, did not pass the filter by color: 0, added: 3, new vincodes: 0
01-09-2011 13:28:14 --- INFO: Mitsubishi Montero 4WD Limited - found: 57, pass primary filters: 5, did not pass the filter by color: 5, added: 0, new vincodes: 0
01-09-2011 13:30:59 --- INFO: Toyota 4RUNNER 4WD Limited - found: 205, pass primary filters: 54, did not pass the filter by color: 35, added: 19, new vincodes: 0
01-09-2011 13:31:39 --- INFO: Toyota RAV 4 - found: 61, pass primary filters: 29, did not pass the filter by color: 24, added: 5, new vincodes: 0
01-09-2011 13:32:40 --- INFO: Toyota Highlander 4WD - found: 95, pass primary filters: 5, did not pass the filter by color: 2, added: 3, new vincodes: 0
01-09-2011 13:33:45 --- INFO: Subaru Forester - found: 90, pass primary filters: 9, did not pass the filter by color: 0, added: 9, new vincodes: 0
01-09-2011 13:35:53 --- INFO: Nissan Rogue - found: 207, pass primary filters: 9, did not pass the filter by color: 0, added: 9, new vincodes: 0
01-09-2011 13:36:46 --- INFO: Toyota Highlander - found: 95, pass primary filters: 42, did not pass the filter by color: 34, added: 8, new vincodes: 0
01-09-2011 13:37:21 --- INFO: Acura MDX - found: 64, pass primary filters: 2, did not pass the filter by color: 0, added: 2, new vincodes: 0
01-09-2011 13:37:21 --- INFO: finish: 01-09-2011 13:37:21
01-09-2011 13:37:21 --- INFO: elapsed time: ~1039.96 sec., memory usage: ~4.5 Mb.
01-09-2011 15:05:01 --- INFO: start: 01-09-2011 15:05:01
01-09-2011 15:05:01 --- INFO: ----------Source_Openlane (cli)
01-09-2011 15:05:04 --- ERROR: Unauthorized request
01-09-2011 15:05:04 --- INFO: finish: 01-09-2011 15:05:04
01-09-2011 15:05:04 --- INFO: elapsed time: ~2.97 sec., memory usage: ~1.31 Mb.
01-09-2011 15:10:01 --- INFO: start: 01-09-2011 15:10:01
01-09-2011 15:10:01 --- INFO: ----------Source_Ebay (cli)
01-09-2011 15:10:19 --- INFO: Lexus RX 300 - found: 21, pass primary filters: 3, did not pass the filter by color: 1, added: 2, new vincodes: 0
01-09-2011 15:12:08 --- INFO: Lexus RX 330 - found: 76, pass primary filters: 14, did not pass the filter by color: 6, added: 8, new vincodes: 0
01-09-2011 15:12:47 --- INFO: Lexus RX 400H - found: 50, pass primary filters: 1, did not pass the filter by color: 1, added: 0, new vincodes: 0
01-09-2011 15:13:20 --- INFO: Lexus GX 470 - found: 42, pass primary filters: 13, did not pass the filter by color: 10, added: 3, new vincodes: 1
01-09-2011 15:13:40 --- INFO: Lexus GX 470 - found: 24, pass primary filters: 14, did not pass the filter by color: 10, added: 4, new vincodes: 0
01-09-2011 15:13:44 --- INFO: Lexus LX 470 - found: 4, pass primary filters: 4, did not pass the filter by color: 4, added: 0, new vincodes: 0
01-09-2011 15:13:55 --- INFO: Lexus LX 470 - found: 8, pass primary filters: 5, did not pass the filter by color: 5, added: 0, new vincodes: 0
01-09-2011 15:14:03 --- INFO: Toyota Land Cruiser - found: 8, pass primary filters: 7, did not pass the filter by color: 6, added: 1, new vincodes: 0
01-09-2011 15:14:20 --- INFO: Honda CR-V - found: 21, pass primary filters: 1, did not pass the filter by color: 0, added: 1, new vincodes: 0
01-09-2011 15:15:57 --- INFO: Honda CR-V - found: 65, pass primary filters: 0, did not pass the filter by color: 0, added: 0, new vincodes: 0
01-09-2011 15:16:02 --- INFO: Mitsubishi Montero 4WD Limited - found: 6, pass primary filters: 2, did not pass the filter by color: 2, added: 0, new vincodes: 0
01-09-2011 15:16:40 --- INFO: Toyota 4RUNNER 4WD Limited - found: 49, pass primary filters: 15, did not pass the filter by color: 6, added: 9, new vincodes: 0
01-09-2011 15:16:54 --- INFO: Toyota RAV 4 - found: 16, pass primary filters: 5, did not pass the filter by color: 3, added: 2, new vincodes: 0
01-09-2011 15:17:13 --- INFO: Toyota Highlander 4WD - found: 22, pass primary filters: 0, did not pass the filter by color: 0, added: 0, new vincodes: 0
01-09-2011 15:18:30 --- INFO: Subaru Forester - found: 53, pass primary filters: 4, did not pass the filter by color: 0, added: 4, new vincodes: 0
01-09-2011 15:19:07 --- INFO: Nissan Rogue - found: 49, pass primary filters: 1, did not pass the filter by color: 0, added: 1, new vincodes: 0
01-09-2011 15:19:23 --- INFO: Toyota Highlander - found: 22, pass primary filters: 7, did not pass the filter by color: 7, added: 0, new vincodes: 0
01-09-2011 15:19:38 --- INFO: Acura MDX - found: 19, pass primary filters: 0, did not pass the filter by color: 0, added: 0, new vincodes: 0
01-09-2011 15:19:38 --- INFO: finish: 01-09-2011 15:19:38
01-09-2011 15:19:38 --- INFO: elapsed time: ~576.21 sec., memory usage: ~2.73 Mb.
01-09-2011 16:10:01 --- INFO: start: 01-09-2011 16:10:01
01-09-2011 16:10:01 --- INFO: ----------Source_Adesa (cli)
01-09-2011 16:10:03 --- INFO: Authorized request
01-09-2011 16:10:03 --- INFO: Lexus RX 300 - found: 0, pass primary filters: 0, did not pass the filter by color: 0, added: 0, new vincodes: 0
01-09-2011 16:10:03 --- INFO: Lexus RX 330 - found: 0, pass primary filters: 0, did not pass the filter by color: 0, added: 0, new vincodes: 0
01-09-2011 16:10:04 --- INFO: Lexus RX 400H - found: 0, pass primary filters: 0, did not pass the filter by color: 0, added: 0, new vincodes: 0
01-09-2011 16:10:04 --- INFO: Lexus GX 470 - found: 0, pass primary filters: 0, did not pass the filter by color: 0, added: 0, new vincodes: 0
01-09-2011 16:10:04 --- INFO: Lexus GX 470 - found: 0, pass primary filters: 0, did not pass the filter by color: 0, added: 0, new vincodes: 0
01-09-2011 16:10:04 --- INFO: Lexus LX 470 - found: 0, pass primary filters: 0, did not pass the filter by color: 0, added: 0, new vincodes: 0
01-09-2011 16:10:04 --- INFO: Lexus LX 470 - found: 0, pass primary filters: 0, did not pass the filter by color: 0, added: 0, new vincodes: 0
01-09-2011 16:10:04 --- INFO: Toyota Land Cruiser - found: 0, pass primary filters: 0, did not pass the filter by color: 0, added: 0, new vincodes: 0
01-09-2011 16:10:05 --- INFO: Honda CR-V - found: 0, pass primary filters: 0, did not pass the filter by color: 0, added: 0, new vincodes: 0
01-09-2011 16:10:05 --- INFO: Honda CR-V - found: 0, pass primary filters: 0, did not pass the filter by color: 0, added: 0, new vincodes: 0
01-09-2011 16:10:05 --- INFO: Mitsubishi Montero 4WD Limited - found: 0, pass primary filters: 0, did not pass the filter by color: 0, added: 0, new vincodes: 0
01-09-2011 16:10:06 --- INFO: Toyota 4RUNNER 4WD Limited - found: 0, pass primary filters: 0, did not pass the filter by color: 0, added: 0, new vincodes: 0
01-09-2011 16:10:06 --- INFO: Toyota RAV 4 - found: 0, pass primary filters: 0, did not pass the filter by color: 0, added: 0, new vincodes: 0
01-09-2011 16:10:06 --- INFO: Toyota Highlander 4WD - found: 0, pass primary filters: 0, did not pass the filter by color: 0, added: 0, new vincodes: 0
01-09-2011 16:10:06 --- INFO: Subaru Forester - found: 0, pass primary filters: 0, did not pass the filter by color: 0, added: 0, new vincodes: 0
01-09-2011 16:10:07 --- INFO: Nissan Rogue - found: 0, pass primary filters: 0, did not pass the filter by color: 0, added: 0, new vincodes: 0
01-09-2011 16:10:07 --- INFO: Toyota Highlander - found: 0, pass primary filters: 0, did not pass the filter by color: 0, added: 0, new vincodes: 0
01-09-2011 16:10:07 --- INFO: Acura MDX - found: 0, pass primary filters: 0, did not pass the filter by color: 0, added: 0, new vincodes: 0
01-09-2011 16:10:07 --- INFO: finish: 01-09-2011 16:10:07
01-09-2011 16:10:07 --- INFO: elapsed time: ~5.91 sec., memory usage: ~1.7 Mb.
01-09-2011 16:10:01 --- INFO: start: 01-09-2011 16:10:01
01-09-2011 16:10:01 --- INFO: ----------Source_Gsmotors (cli)
01-09-2011 16:10:23 --- ERROR: Request returns empty result
01-09-2011 16:10:23 --- INFO: finish: 01-09-2011 16:10:23
01-09-2011 16:10:23 --- INFO: elapsed time: ~21.52 sec., memory usage: ~1.62 Mb.
01-09-2011 18:10:01 --- INFO: start: 01-09-2011 18:10:01
01-09-2011 18:10:01 --- INFO: ----------Source_Adesa (cli)
01-09-2011 18:10:03 --- INFO: Authorized request
01-09-2011 18:10:03 --- INFO: Lexus RX 300 - found: 0, pass primary filters: 0, did not pass the filter by color: 0, added: 0, new vincodes: 0
01-09-2011 18:10:04 --- INFO: Lexus RX 330 - found: 0, pass primary filters: 0, did not pass the filter by color: 0, added: 0, new vincodes: 0
01-09-2011 18:10:04 --- INFO: Lexus RX 400H - found: 0, pass primary filters: 0, did not pass the filter by color: 0, added: 0, new vincodes: 0
01-09-2011 18:10:04 --- INFO: Lexus GX 470 - found: 0, pass primary filters: 0, did not pass the filter by color: 0, added: 0, new vincodes: 0
01-09-2011 18:10:04 --- INFO: Lexus GX 470 - found: 0, pass primary filters: 0, did not pass the filter by color: 0, added: 0, new vincodes: 0
01-09-2011 18:10:05 --- INFO: Lexus LX 470 - found: 0, pass primary filters: 0, did not pass the filter by color: 0, added: 0, new vincodes: 0
01-09-2011 18:10:05 --- INFO: Lexus LX 470 - found: 0, pass primary filters: 0, did not pass the filter by color: 0, added: 0, new vincodes: 0
01-09-2011 18:10:05 --- INFO: Toyota Land Cruiser - found: 0, pass primary filters: 0, did not pass the filter by color: 0, added: 0, new vincodes: 0
01-09-2011 18:10:05 --- INFO: Honda CR-V - found: 0, pass primary filters: 0, did not pass the filter by color: 0, added: 0, new vincodes: 0
01-09-2011 18:10:05 --- INFO: Honda CR-V - found: 0, pass primary filters: 0, did not pass the filter by color: 0, added: 0, new vincodes: 0
01-09-2011 18:10:06 --- INFO: Mitsubishi Montero 4WD Limited - found: 0, pass primary filters: 0, did not pass the filter by color: 0, added: 0, new vincodes: 0
01-09-2011 18:10:06 --- INFO: Toyota 4RUNNER 4WD Limited - found: 0, pass primary filters: 0, did not pass the filter by color: 0, added: 0, new vincodes: 0
01-09-2011 18:10:07 --- INFO: Toyota RAV 4 - found: 0, pass primary filters: 0, did not pass the filter by color: 0, added: 0, new vincodes: 0
01-09-2011 18:10:07 --- INFO: Toyota Highlander 4WD - found: 0, pass primary filters: 0, did not pass the filter by color: 0, added: 0, new vincodes: 0
01-09-2011 18:10:07 --- INFO: Subaru Forester - found: 0, pass primary filters: 0, did not pass the filter by color: 0, added: 0, new vincodes: 0
01-09-2011 18:10:07 --- INFO: Nissan Rogue - found: 0, pass primary filters: 0, did not pass the filter by color: 0, added: 0, new vincodes: 0
01-09-2011 18:10:08 --- INFO: Toyota Highlander - found: 0, pass primary filters: 0, did not pass the filter by color: 0, added: 0, new vincodes: 0
01-09-2011 18:10:08 --- INFO: Acura MDX - found: 0, pass primary filters: 0, did not pass the filter by color: 0, added: 0, new vincodes: 0
01-09-2011 18:10:08 --- INFO: finish: 01-09-2011 18:10:08
01-09-2011 18:10:08 --- INFO: elapsed time: ~6.49 sec., memory usage: ~1.7 Mb.
01-09-2011 18:10:01 --- INFO: start: 01-09-2011 18:10:01
01-09-2011 18:10:01 --- INFO: ----------Source_Gsmotors (cli)
01-09-2011 18:11:02 --- INFO: Lexus RX 300 - found: 56, pass primary filters: 15, did not pass the filter by color: 6, added: 9, new vincodes: 1
01-09-2011 18:15:14 --- INFO: Lexus RX 330 - found: 241, pass primary filters: 53, did not pass the filter by color: 14, added: 39, new vincodes: 1
01-09-2011 18:16:08 --- INFO: Lexus RX 400H - found: 42, pass primary filters: 2, did not pass the filter by color: 1, added: 1, new vincodes: 0
01-09-2011 18:18:29 --- INFO: Lexus GX 470 - found: 83, pass primary filters: 41, did not pass the filter by color: 34, added: 7, new vincodes: 1
01-09-2011 18:20:06 --- INFO: Lexus GX 470 - found: 83, pass primary filters: 47, did not pass the filter by color: 39, added: 8, new vincodes: 2
01-09-2011 18:20:26 --- INFO: Lexus LX 470 - found: 17, pass primary filters: 13, did not pass the filter by color: 11, added: 2, new vincodes: 1
01-09-2011 18:20:50 --- INFO: Lexus LX 470 - found: 18, pass primary filters: 13, did not pass the filter by color: 13, added: 0, new vincodes: 0
01-09-2011 18:21:09 --- INFO: Toyota Land Cruiser - found: 15, pass primary filters: 9, did not pass the filter by color: 9, added: 0, new vincodes: 0
01-09-2011 18:22:13 --- INFO: Honda CR-V - found: 58, pass primary filters: 3, did not pass the filter by color: 0, added: 3, new vincodes: 0
01-09-2011 18:25:39 --- INFO: Honda CR-V - found: 160, pass primary filters: 4, did not pass the filter by color: 0, added: 4, new vincodes: 0
01-09-2011 18:26:44 --- INFO: Mitsubishi Montero 4WD Limited - found: 61, pass primary filters: 5, did not pass the filter by color: 5, added: 0, new vincodes: 0
01-09-2011 18:31:30 --- INFO: Toyota 4RUNNER 4WD Limited - found: 231, pass primary filters: 59, did not pass the filter by color: 40, added: 19, new vincodes: 1
01-09-2011 18:33:13 --- INFO: Toyota RAV 4 - found: 80, pass primary filters: 34, did not pass the filter by color: 29, added: 5, new vincodes: 3
01-09-2011 18:40:10 --- INFO: Toyota Highlander 4WD - found: 105, pass primary filters: 5, did not pass the filter by color: 2, added: 3, new vincodes: 0
01-09-2011 18:42:37 --- INFO: Subaru Forester - found: 109, pass primary filters: 11, did not pass the filter by color: 0, added: 11, new vincodes: 1
01-09-2011 18:49:24 --- INFO: Nissan Rogue - found: 230, pass primary filters: 12, did not pass the filter by color: 0, added: 12, new vincodes: 0
01-09-2011 18:50:18 --- INFO: Toyota Highlander - found: 105, pass primary filters: 44, did not pass the filter by color: 35, added: 9, new vincodes: 1
01-09-2011 18:51:37 --- INFO: Acura MDX - found: 68, pass primary filters: 1, did not pass the filter by color: 0, added: 1, new vincodes: 0
01-09-2011 18:51:37 --- INFO: finish: 01-09-2011 18:51:37
01-09-2011 18:51:37 --- INFO: elapsed time: ~2495.45 sec., memory usage: ~4.72 Mb.
01-09-2011 19:05:01 --- INFO: start: 01-09-2011 19:05:01
01-09-2011 19:05:01 --- INFO: ----------Source_Openlane (cli)
01-09-2011 19:05:04 --- ERROR: Unauthorized request
01-09-2011 19:05:04 --- INFO: finish: 01-09-2011 19:05:04
01-09-2011 19:05:04 --- INFO: elapsed time: ~3 sec., memory usage: ~1.31 Mb.
01-09-2011 19:10:01 --- INFO: start: 01-09-2011 19:10:01
01-09-2011 19:10:01 --- INFO: ----------Source_Ebay (cli)
01-09-2011 19:10:18 --- INFO: Lexus RX 300 - found: 21, pass primary filters: 3, did not pass the filter by color: 1, added: 2, new vincodes: 1
01-09-2011 19:11:56 --- INFO: Lexus RX 330 - found: 71, pass primary filters: 14, did not pass the filter by color: 7, added: 7, new vincodes: 0
01-09-2011 19:12:30 --- INFO: Lexus RX 400H - found: 48, pass primary filters: 1, did not pass the filter by color: 1, added: 0, new vincodes: 0
01-09-2011 19:12:58 --- INFO: Lexus GX 470 - found: 40, pass primary filters: 12, did not pass the filter by color: 9, added: 3, new vincodes: 0
01-09-2011 19:13:15 --- INFO: Lexus GX 470 - found: 24, pass primary filters: 14, did not pass the filter by color: 11, added: 3, new vincodes: 0
01-09-2011 19:13:19 --- INFO: Lexus LX 470 - found: 4, pass primary filters: 4, did not pass the filter by color: 4, added: 0, new vincodes: 0
01-09-2011 19:13:26 --- INFO: Lexus LX 470 - found: 8, pass primary filters: 5, did not pass the filter by color: 5, added: 0, new vincodes: 0
01-09-2011 19:13:33 --- INFO: Toyota Land Cruiser - found: 7, pass primary filters: 6, did not pass the filter by color: 5, added: 1, new vincodes: 0
01-09-2011 19:13:51 --- INFO: Honda CR-V - found: 21, pass primary filters: 1, did not pass the filter by color: 0, added: 1, new vincodes: 0
01-09-2011 19:15:23 --- INFO: Honda CR-V - found: 69, pass primary filters: 0, did not pass the filter by color: 0, added: 0, new vincodes: 0
01-09-2011 19:15:28 --- INFO: Mitsubishi Montero 4WD Limited - found: 5, pass primary filters: 1, did not pass the filter by color: 1, added: 0, new vincodes: 0
01-09-2011 19:16:03 --- INFO: Toyota 4RUNNER 4WD Limited - found: 49, pass primary filters: 15, did not pass the filter by color: 6, added: 9, new vincodes: 0
01-09-2011 19:16:17 --- INFO: Toyota RAV 4 - found: 17, pass primary filters: 6, did not pass the filter by color: 3, added: 3, new vincodes: 1
01-09-2011 19:16:34 --- INFO: Toyota Highlander 4WD - found: 22, pass primary filters: 0, did not pass the filter by color: 0, added: 0, new vincodes: 0
01-09-2011 19:17:49 --- INFO: Subaru Forester - found: 55, pass primary filters: 4, did not pass the filter by color: 0, added: 4, new vincodes: 0
01-09-2011 19:18:26 --- INFO: Nissan Rogue - found: 50, pass primary filters: 1, did not pass the filter by color: 0, added: 1, new vincodes: 0
01-09-2011 19:18:42 --- INFO: Toyota Highlander - found: 22, pass primary filters: 6, did not pass the filter by color: 6, added: 0, new vincodes: 0
01-09-2011 19:18:54 --- INFO: Acura MDX - found: 17, pass primary filters: 0, did not pass the filter by color: 0, added: 0, new vincodes: 0
01-09-2011 19:18:54 --- INFO: finish: 01-09-2011 19:18:54
01-09-2011 19:18:54 --- INFO: elapsed time: ~533.19 sec., memory usage: ~2.72 Mb.
01-09-2011 23:05:01 --- INFO: start: 01-09-2011 23:05:01
01-09-2011 23:05:01 --- INFO: ----------Source_Openlane (cli)
01-09-2011 23:05:04 --- ERROR: Unauthorized request
01-09-2011 23:05:04 --- INFO: finish: 01-09-2011 23:05:04
01-09-2011 23:05:04 --- INFO: elapsed time: ~3.01 sec., memory usage: ~1.31 Mb.
01-09-2011 23:10:01 --- INFO: start: 01-09-2011 23:10:01
01-09-2011 23:10:01 --- INFO: ----------Source_Ebay (cli)
01-09-2011 23:10:19 --- INFO: Lexus RX 300 - found: 21, pass primary filters: 3, did not pass the filter by color: 1, added: 2, new vincodes: 0
01-09-2011 23:12:08 --- INFO: Lexus RX 330 - found: 72, pass primary filters: 14, did not pass the filter by color: 7, added: 7, new vincodes: 0
01-09-2011 23:12:44 --- INFO: Lexus RX 400H - found: 49, pass primary filters: 1, did not pass the filter by color: 1, added: 0, new vincodes: 0
01-09-2011 23:13:16 --- INFO: Lexus GX 470 - found: 40, pass primary filters: 12, did not pass the filter by color: 9, added: 3, new vincodes: 1
01-09-2011 23:13:34 --- INFO: Lexus GX 470 - found: 20, pass primary filters: 10, did not pass the filter by color: 7, added: 3, new vincodes: 1
01-09-2011 23:13:38 --- INFO: Lexus LX 470 - found: 4, pass primary filters: 4, did not pass the filter by color: 4, added: 0, new vincodes: 0
01-09-2011 23:13:44 --- INFO: Lexus LX 470 - found: 7, pass primary filters: 4, did not pass the filter by color: 4, added: 0, new vincodes: 0
01-09-2011 23:13:51 --- INFO: Toyota Land Cruiser - found: 7, pass primary filters: 6, did not pass the filter by color: 5, added: 1, new vincodes: 0
01-09-2011 23:14:08 --- INFO: Honda CR-V - found: 21, pass primary filters: 1, did not pass the filter by color: 0, added: 1, new vincodes: 0
01-09-2011 23:15:38 --- INFO: Honda CR-V - found: 67, pass primary filters: 0, did not pass the filter by color: 0, added: 0, new vincodes: 0
01-09-2011 23:15:43 --- INFO: Mitsubishi Montero 4WD Limited - found: 5, pass primary filters: 1, did not pass the filter by color: 1, added: 0, new vincodes: 0
01-09-2011 23:16:18 --- INFO: Toyota 4RUNNER 4WD Limited - found: 50, pass primary filters: 15, did not pass the filter by color: 6, added: 9, new vincodes: 0
01-09-2011 23:16:31 --- INFO: Toyota RAV 4 - found: 18, pass primary filters: 6, did not pass the filter by color: 3, added: 3, new vincodes: 0
01-09-2011 23:16:49 --- INFO: Toyota Highlander 4WD - found: 23, pass primary filters: 0, did not pass the filter by color: 0, added: 0, new vincodes: 0
01-09-2011 23:18:05 --- INFO: Subaru Forester - found: 54, pass primary filters: 4, did not pass the filter by color: 0, added: 4, new vincodes: 0
01-09-2011 23:19:19 --- INFO: Nissan Rogue - found: 51, pass primary filters: 2, did not pass the filter by color: 0, added: 2, new vincodes: 0
01-09-2011 23:19:35 --- INFO: Toyota Highlander - found: 23, pass primary filters: 6, did not pass the filter by color: 6, added: 0, new vincodes: 0
01-09-2011 23:19:48 --- INFO: Acura MDX - found: 17, pass primary filters: 0, did not pass the filter by color: 0, added: 0, new vincodes: 0
01-09-2011 23:19:48 --- INFO: finish: 01-09-2011 23:19:48
01-09-2011 23:19:48 --- INFO: elapsed time: ~587.14 sec., memory usage: ~2.68 Mb.