
03-07-2011 03:05:01 --- INFO: start: 03-07-2011 03:05:01
03-07-2011 03:05:01 --- INFO: ----------Source_Openlane (cli)
03-07-2011 03:05:05 --- INFO: Authorized request
03-07-2011 03:05:06 --- INFO: Lexus RX 300 - found: 1, pass primary filters: 1, did not pass the filter by color: 0, added: 1, new vincodes: 0
03-07-2011 03:05:08 --- INFO: Lexus RX 330 - found: 7, pass primary filters: 3, did not pass the filter by color: 1, added: 2, new vincodes: 0
03-07-2011 03:05:10 --- INFO: Lexus RX 400H - found: 1, pass primary filters: 0, did not pass the filter by color: 0, added: 0, new vincodes: 0
03-07-2011 03:05:11 --- INFO: Lexus GX 470 - found: 5, pass primary filters: 5, did not pass the filter by color: 4, added: 1, new vincodes: 0
03-07-2011 03:05:13 --- INFO: Lexus GX 470 - found: 9, pass primary filters: 9, did not pass the filter by color: 7, added: 2, new vincodes: 0
03-07-2011 03:05:14 --- INFO: Lexus LX 470 - found: 3, pass primary filters: 3, did not pass the filter by color: 2, added: 1, new vincodes: 0
03-07-2011 03:05:15 --- INFO: Lexus LX 470 - found: 1, pass primary filters: 1, did not pass the filter by color: 1, added: 0, new vincodes: 0
03-07-2011 03:05:16 --- INFO: Toyota Land Cruiser - found: 0, pass primary filters: 0, did not pass the filter by color: 0, added: 0, new vincodes: 0
03-07-2011 03:05:18 --- INFO: Honda CR-V - found: 4, pass primary filters: 0, did not pass the filter by color: 0, added: 0, new vincodes: 0
03-07-2011 03:05:19 --- INFO: Honda CR-V - found: 0, pass primary filters: 0, did not pass the filter by color: 0, added: 0, new vincodes: 0
03-07-2011 03:05:20 --- INFO: Mitsubishi Montero 4WD Limited - found: 2, pass primary filters: 0, did not pass the filter by color: 0, added: 0, new vincodes: 0
03-07-2011 03:05:22 --- INFO: Toyota 4RUNNER 4WD Limited - found: 10, pass primary filters: 2, did not pass the filter by color: 2, added: 0, new vincodes: 0
03-07-2011 03:05:23 --- INFO: Toyota RAV 4 - found: 2, pass primary filters: 2, did not pass the filter by color: 0, added: 2, new vincodes: 0
03-07-2011 03:05:24 --- INFO: Toyota Highlander 4WD - found: 2, pass primary filters: 0, did not pass the filter by color: 0, added: 0, new vincodes: 0
03-07-2011 03:05:26 --- INFO: Subaru Forester - found: 3, pass primary filters: 2, did not pass the filter by color: 0, added: 2, new vincodes: 0
03-07-2011 03:05:27 --- INFO: Nissan Rogue - found: 2, pass primary filters: 0, did not pass the filter by color: 0, added: 0, new vincodes: 0
03-07-2011 03:05:28 --- INFO: Toyota Highlander - found: 5, pass primary filters: 5, did not pass the filter by color: 2, added: 3, new vincodes: 0
03-07-2011 03:05:29 --- INFO: Acura MDX - found: 0, pass primary filters: 0, did not pass the filter by color: 0, added: 0, new vincodes: 0
03-07-2011 03:05:29 --- INFO: finish: 03-07-2011 03:05:29
03-07-2011 03:05:29 --- INFO: elapsed time: ~28.16 sec., memory usage: ~2.25 Mb.
03-07-2011 03:10:01 --- INFO: start: 03-07-2011 03:10:01
03-07-2011 03:10:01 --- INFO: ----------Source_Ebay (cli)
03-07-2011 03:10:20 --- INFO: Lexus RX 300 - found: 21, pass primary filters: 0, did not pass the filter by color: 0, added: 0, new vincodes: 0
03-07-2011 03:12:32 --- INFO: Lexus RX 330 - found: 88, pass primary filters: 18, did not pass the filter by color: 6, added: 12, new vincodes: 0
03-07-2011 03:14:08 --- INFO: Lexus RX 400H - found: 56, pass primary filters: 6, did not pass the filter by color: 0, added: 6, new vincodes: 0
03-07-2011 03:14:38 --- INFO: Lexus GX 470 - found: 35, pass primary filters: 14, did not pass the filter by color: 12, added: 2, new vincodes: 0
03-07-2011 03:15:02 --- INFO: Lexus GX 470 - found: 23, pass primary filters: 14, did not pass the filter by color: 14, added: 0, new vincodes: 0
03-07-2011 03:15:09 --- INFO: Lexus LX 470 - found: 8, pass primary filters: 4, did not pass the filter by color: 3, added: 1, new vincodes: 0
03-07-2011 03:15:18 --- INFO: Lexus LX 470 - found: 10, pass primary filters: 6, did not pass the filter by color: 6, added: 0, new vincodes: 0
03-07-2011 03:15:27 --- INFO: Toyota Land Cruiser - found: 10, pass primary filters: 9, did not pass the filter by color: 9, added: 0, new vincodes: 0
03-07-2011 03:15:40 --- INFO: Honda CR-V - found: 16, pass primary filters: 1, did not pass the filter by color: 0, added: 1, new vincodes: 0
03-07-2011 03:17:10 --- INFO: Honda CR-V - found: 61, pass primary filters: 0, did not pass the filter by color: 0, added: 0, new vincodes: 0
03-07-2011 03:17:16 --- INFO: Mitsubishi Montero 4WD Limited - found: 6, pass primary filters: 0, did not pass the filter by color: 0, added: 0, new vincodes: 0
03-07-2011 03:19:06 --- INFO: Toyota 4RUNNER 4WD Limited - found: 70, pass primary filters: 48, did not pass the filter by color: 33, added: 15, new vincodes: 0
03-07-2011 03:19:20 --- INFO: Toyota RAV 4 - found: 16, pass primary filters: 4, did not pass the filter by color: 3, added: 1, new vincodes: 0
03-07-2011 03:19:52 --- INFO: Toyota Highlander 4WD - found: 36, pass primary filters: 1, did not pass the filter by color: 1, added: 0, new vincodes: 0
03-07-2011 03:21:16 --- INFO: Subaru Forester - found: 53, pass primary filters: 4, did not pass the filter by color: 0, added: 4, new vincodes: 0
03-07-2011 03:21:47 --- INFO: Nissan Rogue - found: 35, pass primary filters: 1, did not pass the filter by color: 0, added: 1, new vincodes: 0
03-07-2011 03:22:14 --- INFO: Toyota Highlander - found: 36, pass primary filters: 9, did not pass the filter by color: 8, added: 1, new vincodes: 0
03-07-2011 03:22:29 --- INFO: Acura MDX - found: 17, pass primary filters: 1, did not pass the filter by color: 0, added: 1, new vincodes: 0
03-07-2011 03:22:29 --- INFO: finish: 03-07-2011 03:22:29
03-07-2011 03:22:29 --- INFO: elapsed time: ~748.24 sec., memory usage: ~3.02 Mb.
03-07-2011 06:10:01 --- INFO: start: 03-07-2011 06:10:01
03-07-2011 06:10:01 --- INFO: ----------Source_Adesa (cli)
03-07-2011 06:10:02 --- INFO: Authorized request
03-07-2011 06:10:02 --- ERROR: 500 Internal Server Error
03-07-2011 06:10:02 --- INFO: finish: 03-07-2011 06:10:02
03-07-2011 06:10:02 --- INFO: elapsed time: ~1.15 sec., memory usage: ~1.64 Mb.
03-07-2011 06:10:01 --- INFO: start: 03-07-2011 06:10:01
03-07-2011 06:10:01 --- INFO: ----------Source_Gsmotors (cli)
03-07-2011 06:11:29 --- INFO: Lexus RX 300 - found: 81, pass primary filters: 22, did not pass the filter by color: 5, added: 17, new vincodes: 0
03-07-2011 06:14:48 --- INFO: Lexus RX 330 - found: 181, pass primary filters: 40, did not pass the filter by color: 12, added: 28, new vincodes: 0
03-07-2011 06:15:13 --- INFO: Lexus RX 400H - found: 18, pass primary filters: 2, did not pass the filter by color: 0, added: 2, new vincodes: 0
03-07-2011 06:16:29 --- INFO: Lexus GX 470 - found: 68, pass primary filters: 33, did not pass the filter by color: 24, added: 9, new vincodes: 0
03-07-2011 06:18:17 --- INFO: Lexus GX 470 - found: 96, pass primary filters: 60, did not pass the filter by color: 49, added: 11, new vincodes: 0
03-07-2011 06:18:38 --- INFO: Lexus LX 470 - found: 18, pass primary filters: 15, did not pass the filter by color: 15, added: 0, new vincodes: 0
03-07-2011 06:19:01 --- INFO: Lexus LX 470 - found: 22, pass primary filters: 14, did not pass the filter by color: 14, added: 0, new vincodes: 0
03-07-2011 06:19:16 --- INFO: Toyota Land Cruiser - found: 13, pass primary filters: 11, did not pass the filter by color: 11, added: 0, new vincodes: 0
03-07-2011 06:20:27 --- INFO: Honda CR-V - found: 66, pass primary filters: 3, did not pass the filter by color: 0, added: 3, new vincodes: 0
03-07-2011 06:24:23 --- INFO: Honda CR-V - found: 186, pass primary filters: 8, did not pass the filter by color: 0, added: 8, new vincodes: 0
03-07-2011 06:25:48 --- INFO: Mitsubishi Montero 4WD Limited - found: 82, pass primary filters: 16, did not pass the filter by color: 16, added: 0, new vincodes: 0
03-07-2011 06:29:34 --- INFO: Toyota 4RUNNER 4WD Limited - found: 207, pass primary filters: 56, did not pass the filter by color: 44, added: 12, new vincodes: 0
03-07-2011 06:30:17 --- INFO: Toyota RAV 4 - found: 42, pass primary filters: 22, did not pass the filter by color: 16, added: 6, new vincodes: 0
03-07-2011 06:31:43 --- INFO: Toyota Highlander 4WD - found: 77, pass primary filters: 2, did not pass the filter by color: 2, added: 0, new vincodes: 0
03-07-2011 06:35:08 --- INFO: Subaru Forester - found: 143, pass primary filters: 19, did not pass the filter by color: 0, added: 19, new vincodes: 0
03-07-2011 06:37:50 --- INFO: Nissan Rogue - found: 110, pass primary filters: 13, did not pass the filter by color: 0, added: 13, new vincodes: 0
03-07-2011 06:38:35 --- INFO: Toyota Highlander - found: 77, pass primary filters: 41, did not pass the filter by color: 31, added: 10, new vincodes: 0
03-07-2011 06:39:31 --- INFO: Acura MDX - found: 57, pass primary filters: 3, did not pass the filter by color: 0, added: 3, new vincodes: 0
03-07-2011 06:39:31 --- INFO: finish: 03-07-2011 06:39:31
03-07-2011 06:39:31 --- INFO: elapsed time: ~1769.85 sec., memory usage: ~4.72 Mb.
03-07-2011 07:05:02 --- INFO: start: 03-07-2011 07:05:02
03-07-2011 07:05:02 --- INFO: ----------Source_Openlane (cli)
03-07-2011 07:05:05 --- INFO: Authorized request
03-07-2011 07:05:07 --- INFO: Lexus RX 300 - found: 1, pass primary filters: 1, did not pass the filter by color: 0, added: 1, new vincodes: 0
03-07-2011 07:05:09 --- INFO: Lexus RX 330 - found: 7, pass primary filters: 3, did not pass the filter by color: 1, added: 2, new vincodes: 0
03-07-2011 07:05:10 --- INFO: Lexus RX 400H - found: 1, pass primary filters: 0, did not pass the filter by color: 0, added: 0, new vincodes: 0
03-07-2011 07:05:12 --- INFO: Lexus GX 470 - found: 5, pass primary filters: 5, did not pass the filter by color: 4, added: 1, new vincodes: 0
03-07-2011 07:05:14 --- INFO: Lexus GX 470 - found: 9, pass primary filters: 9, did not pass the filter by color: 7, added: 2, new vincodes: 0
03-07-2011 07:05:15 --- INFO: Lexus LX 470 - found: 3, pass primary filters: 3, did not pass the filter by color: 2, added: 1, new vincodes: 0
03-07-2011 07:05:16 --- INFO: Lexus LX 470 - found: 1, pass primary filters: 1, did not pass the filter by color: 1, added: 0, new vincodes: 0
03-07-2011 07:05:17 --- INFO: Toyota Land Cruiser - found: 0, pass primary filters: 0, did not pass the filter by color: 0, added: 0, new vincodes: 0
03-07-2011 07:05:19 --- INFO: Honda CR-V - found: 4, pass primary filters: 0, did not pass the filter by color: 0, added: 0, new vincodes: 0
03-07-2011 07:05:20 --- INFO: Honda CR-V - found: 0, pass primary filters: 0, did not pass the filter by color: 0, added: 0, new vincodes: 0
03-07-2011 07:05:21 --- INFO: Mitsubishi Montero 4WD Limited - found: 2, pass primary filters: 0, did not pass the filter by color: 0, added: 0, new vincodes: 0
03-07-2011 07:05:23 --- INFO: Toyota 4RUNNER 4WD Limited - found: 10, pass primary filters: 2, did not pass the filter by color: 2, added: 0, new vincodes: 0
03-07-2011 07:05:24 --- INFO: Toyota RAV 4 - found: 2, pass primary filters: 2, did not pass the filter by color: 0, added: 2, new vincodes: 0
03-07-2011 07:05:26 --- INFO: Toyota Highlander 4WD - found: 2, pass primary filters: 0, did not pass the filter by color: 0, added: 0, new vincodes: 0
03-07-2011 07:05:27 --- INFO: Subaru Forester - found: 3, pass primary filters: 3, did not pass the filter by color: 0, added: 3, new vincodes: 0
03-07-2011 07:05:28 --- INFO: Nissan Rogue - found: 2, pass primary filters: 0, did not pass the filter by color: 0, added: 0, new vincodes: 0
03-07-2011 07:05:30 --- INFO: Toyota Highlander - found: 5, pass primary filters: 5, did not pass the filter by color: 2, added: 3, new vincodes: 0
03-07-2011 07:05:31 --- INFO: Acura MDX - found: 0, pass primary filters: 0, did not pass the filter by color: 0, added: 0, new vincodes: 0
03-07-2011 07:05:31 --- INFO: finish: 03-07-2011 07:05:31
03-07-2011 07:05:31 --- INFO: elapsed time: ~28.97 sec., memory usage: ~2.26 Mb.
03-07-2011 07:10:01 --- INFO: start: 03-07-2011 07:10:01
03-07-2011 07:10:01 --- INFO: ----------Source_Ebay (cli)
03-07-2011 07:10:18 --- INFO: Lexus RX 300 - found: 21, pass primary filters: 0, did not pass the filter by color: 0, added: 0, new vincodes: 0
03-07-2011 07:12:20 --- INFO: Lexus RX 330 - found: 88, pass primary filters: 18, did not pass the filter by color: 7, added: 11, new vincodes: 0
03-07-2011 07:13:46 --- INFO: Lexus RX 400H - found: 56, pass primary filters: 6, did not pass the filter by color: 1, added: 5, new vincodes: 0
03-07-2011 07:14:15 --- INFO: Lexus GX 470 - found: 35, pass primary filters: 14, did not pass the filter by color: 12, added: 2, new vincodes: 0
03-07-2011 07:14:35 --- INFO: Lexus GX 470 - found: 24, pass primary filters: 14, did not pass the filter by color: 14, added: 0, new vincodes: 0
03-07-2011 07:14:42 --- INFO: Lexus LX 470 - found: 8, pass primary filters: 4, did not pass the filter by color: 3, added: 1, new vincodes: 0
03-07-2011 07:14:50 --- INFO: Lexus LX 470 - found: 10, pass primary filters: 6, did not pass the filter by color: 6, added: 0, new vincodes: 0
03-07-2011 07:14:59 --- INFO: Toyota Land Cruiser - found: 10, pass primary filters: 9, did not pass the filter by color: 9, added: 0, new vincodes: 0
03-07-2011 07:15:12 --- INFO: Honda CR-V - found: 15, pass primary filters: 1, did not pass the filter by color: 0, added: 1, new vincodes: 0
03-07-2011 07:16:46 --- INFO: Honda CR-V - found: 61, pass primary filters: 0, did not pass the filter by color: 0, added: 0, new vincodes: 0
03-07-2011 07:16:53 --- INFO: Mitsubishi Montero 4WD Limited - found: 6, pass primary filters: 0, did not pass the filter by color: 0, added: 0, new vincodes: 0
03-07-2011 07:18:47 --- INFO: Toyota 4RUNNER 4WD Limited - found: 69, pass primary filters: 46, did not pass the filter by color: 33, added: 13, new vincodes: 0
03-07-2011 07:19:01 --- INFO: Toyota RAV 4 - found: 16, pass primary filters: 4, did not pass the filter by color: 3, added: 1, new vincodes: 0
03-07-2011 07:19:31 --- INFO: Toyota Highlander 4WD - found: 36, pass primary filters: 1, did not pass the filter by color: 1, added: 0, new vincodes: 0
03-07-2011 07:20:55 --- INFO: Subaru Forester - found: 54, pass primary filters: 4, did not pass the filter by color: 0, added: 4, new vincodes: 0
03-07-2011 07:21:29 --- INFO: Nissan Rogue - found: 35, pass primary filters: 1, did not pass the filter by color: 0, added: 1, new vincodes: 0
03-07-2011 07:21:59 --- INFO: Toyota Highlander - found: 36, pass primary filters: 9, did not pass the filter by color: 8, added: 1, new vincodes: 0
03-07-2011 07:22:15 --- INFO: Acura MDX - found: 18, pass primary filters: 1, did not pass the filter by color: 0, added: 1, new vincodes: 0
03-07-2011 07:22:15 --- INFO: finish: 03-07-2011 07:22:15
03-07-2011 07:22:15 --- INFO: elapsed time: ~734.25 sec., memory usage: ~3 Mb.
03-07-2011 08:10:01 --- INFO: start: 03-07-2011 08:10:01
03-07-2011 08:10:01 --- INFO: ----------Source_Adesa (cli)
03-07-2011 08:10:02 --- INFO: Authorized request
03-07-2011 08:10:02 --- ERROR: 500 Internal Server Error
03-07-2011 08:10:02 --- INFO: finish: 03-07-2011 08:10:02
03-07-2011 08:10:02 --- INFO: elapsed time: ~1.3 sec., memory usage: ~1.64 Mb.
03-07-2011 08:10:01 --- INFO: start: 03-07-2011 08:10:01
03-07-2011 08:10:01 --- INFO: ----------Source_Gsmotors (cli)
03-07-2011 08:10:43 --- INFO: Lexus RX 300 - found: 81, pass primary filters: 22, did not pass the filter by color: 5, added: 17, new vincodes: 0
03-07-2011 08:12:09 --- INFO: Lexus RX 330 - found: 181, pass primary filters: 40, did not pass the filter by color: 12, added: 28, new vincodes: 0
03-07-2011 08:12:21 --- INFO: Lexus RX 400H - found: 18, pass primary filters: 2, did not pass the filter by color: 0, added: 2, new vincodes: 0
03-07-2011 08:13:04 --- INFO: Lexus GX 470 - found: 68, pass primary filters: 33, did not pass the filter by color: 24, added: 9, new vincodes: 0
03-07-2011 08:13:51 --- INFO: Lexus GX 470 - found: 96, pass primary filters: 60, did not pass the filter by color: 49, added: 11, new vincodes: 0
03-07-2011 08:14:00 --- INFO: Lexus LX 470 - found: 18, pass primary filters: 15, did not pass the filter by color: 15, added: 0, new vincodes: 0
03-07-2011 08:14:12 --- INFO: Lexus LX 470 - found: 22, pass primary filters: 14, did not pass the filter by color: 14, added: 0, new vincodes: 0
03-07-2011 08:14:21 --- INFO: Toyota Land Cruiser - found: 13, pass primary filters: 11, did not pass the filter by color: 11, added: 0, new vincodes: 0
03-07-2011 08:14:53 --- INFO: Honda CR-V - found: 66, pass primary filters: 3, did not pass the filter by color: 0, added: 3, new vincodes: 0
03-07-2011 08:16:35 --- INFO: Honda CR-V - found: 186, pass primary filters: 8, did not pass the filter by color: 0, added: 8, new vincodes: 0
03-07-2011 08:17:14 --- INFO: Mitsubishi Montero 4WD Limited - found: 82, pass primary filters: 16, did not pass the filter by color: 16, added: 0, new vincodes: 0
03-07-2011 08:19:08 --- INFO: Toyota 4RUNNER 4WD Limited - found: 207, pass primary filters: 56, did not pass the filter by color: 44, added: 12, new vincodes: 0
03-07-2011 08:19:30 --- INFO: Toyota RAV 4 - found: 42, pass primary filters: 22, did not pass the filter by color: 16, added: 6, new vincodes: 0
03-07-2011 08:20:12 --- INFO: Toyota Highlander 4WD - found: 77, pass primary filters: 2, did not pass the filter by color: 2, added: 0, new vincodes: 0
03-07-2011 08:21:32 --- INFO: Subaru Forester - found: 143, pass primary filters: 19, did not pass the filter by color: 0, added: 19, new vincodes: 0
03-07-2011 08:22:39 --- INFO: Nissan Rogue - found: 110, pass primary filters: 13, did not pass the filter by color: 0, added: 13, new vincodes: 0
03-07-2011 08:23:23 --- INFO: Toyota Highlander - found: 77, pass primary filters: 41, did not pass the filter by color: 31, added: 10, new vincodes: 0
03-07-2011 08:23:55 --- INFO: Acura MDX - found: 57, pass primary filters: 3, did not pass the filter by color: 0, added: 3, new vincodes: 0
03-07-2011 08:23:55 --- INFO: finish: 03-07-2011 08:23:55
03-07-2011 08:23:55 --- INFO: elapsed time: ~834.05 sec., memory usage: ~4.69 Mb.
03-07-2011 09:10:01 --- INFO: start: 03-07-2011 09:10:01
03-07-2011 09:10:01 --- INFO: ----------Source_Adesa (cli)
03-07-2011 09:10:02 --- INFO: Authorized request
03-07-2011 09:10:04 --- ERROR: 500 Internal Server Error
03-07-2011 09:10:04 --- INFO: finish: 03-07-2011 09:10:04
03-07-2011 09:10:04 --- INFO: elapsed time: ~2.75 sec., memory usage: ~1.64 Mb.
03-07-2011 09:10:01 --- INFO: start: 03-07-2011 09:10:01
03-07-2011 09:10:01 --- INFO: ----------Source_Gsmotors (cli)
03-07-2011 09:10:43 --- INFO: Lexus RX 300 - found: 81, pass primary filters: 22, did not pass the filter by color: 5, added: 17, new vincodes: 0
03-07-2011 09:12:13 --- INFO: Lexus RX 330 - found: 181, pass primary filters: 40, did not pass the filter by color: 12, added: 28, new vincodes: 0
03-07-2011 09:12:30 --- INFO: Lexus RX 400H - found: 18, pass primary filters: 2, did not pass the filter by color: 0, added: 2, new vincodes: 0
03-07-2011 09:13:07 --- INFO: Lexus GX 470 - found: 68, pass primary filters: 33, did not pass the filter by color: 24, added: 9, new vincodes: 0
03-07-2011 09:13:55 --- INFO: Lexus GX 470 - found: 96, pass primary filters: 60, did not pass the filter by color: 49, added: 11, new vincodes: 0
03-07-2011 09:14:04 --- INFO: Lexus LX 470 - found: 18, pass primary filters: 15, did not pass the filter by color: 15, added: 0, new vincodes: 0
03-07-2011 09:14:24 --- INFO: Lexus LX 470 - found: 22, pass primary filters: 14, did not pass the filter by color: 14, added: 0, new vincodes: 0
03-07-2011 09:14:32 --- INFO: Toyota Land Cruiser - found: 13, pass primary filters: 11, did not pass the filter by color: 11, added: 0, new vincodes: 0
03-07-2011 09:15:06 --- INFO: Honda CR-V - found: 66, pass primary filters: 3, did not pass the filter by color: 0, added: 3, new vincodes: 0
03-07-2011 09:16:55 --- INFO: Honda CR-V - found: 186, pass primary filters: 8, did not pass the filter by color: 0, added: 8, new vincodes: 0
03-07-2011 09:17:42 --- INFO: Mitsubishi Montero 4WD Limited - found: 82, pass primary filters: 16, did not pass the filter by color: 16, added: 0, new vincodes: 0
03-07-2011 09:19:31 --- INFO: Toyota 4RUNNER 4WD Limited - found: 207, pass primary filters: 56, did not pass the filter by color: 44, added: 12, new vincodes: 0
03-07-2011 09:19:53 --- INFO: Toyota RAV 4 - found: 42, pass primary filters: 22, did not pass the filter by color: 16, added: 6, new vincodes: 0
03-07-2011 09:20:32 --- INFO: Toyota Highlander 4WD - found: 77, pass primary filters: 2, did not pass the filter by color: 2, added: 0, new vincodes: 0
03-07-2011 09:21:56 --- INFO: Subaru Forester - found: 143, pass primary filters: 19, did not pass the filter by color: 0, added: 19, new vincodes: 0
03-07-2011 09:23:07 --- INFO: Nissan Rogue - found: 110, pass primary filters: 13, did not pass the filter by color: 0, added: 13, new vincodes: 0
03-07-2011 09:23:48 --- INFO: Toyota Highlander - found: 77, pass primary filters: 41, did not pass the filter by color: 31, added: 10, new vincodes: 0
03-07-2011 09:24:20 --- INFO: Acura MDX - found: 57, pass primary filters: 3, did not pass the filter by color: 0, added: 3, new vincodes: 0
03-07-2011 09:24:20 --- INFO: finish: 03-07-2011 09:24:20
03-07-2011 09:24:20 --- INFO: elapsed time: ~858.18 sec., memory usage: ~4.7 Mb.
03-07-2011 10:00:01 --- INFO: start: 03-07-2011 10:00:01
03-07-2011 10:00:01 --- INFO: ----------Source_Adesa (cli)
03-07-2011 10:00:02 --- INFO: Authorized request
03-07-2011 10:00:03 --- ERROR: 500 Internal Server Error
03-07-2011 10:00:03 --- INFO: finish: 03-07-2011 10:00:03
03-07-2011 10:00:03 --- INFO: elapsed time: ~1.12 sec., memory usage: ~1.64 Mb.
03-07-2011 10:00:01 --- INFO: start: 03-07-2011 10:00:01
03-07-2011 10:00:01 --- INFO: ----------Source_Gsmotors (cli)
03-07-2011 10:00:45 --- INFO: Lexus RX 300 - found: 81, pass primary filters: 22, did not pass the filter by color: 5, added: 17, new vincodes: 0
03-07-2011 10:02:13 --- INFO: Lexus RX 330 - found: 181, pass primary filters: 40, did not pass the filter by color: 12, added: 28, new vincodes: 0
03-07-2011 10:02:31 --- INFO: Lexus RX 400H - found: 18, pass primary filters: 2, did not pass the filter by color: 0, added: 2, new vincodes: 0
03-07-2011 10:03:09 --- INFO: Lexus GX 470 - found: 68, pass primary filters: 33, did not pass the filter by color: 24, added: 9, new vincodes: 0
03-07-2011 10:03:55 --- INFO: Lexus GX 470 - found: 96, pass primary filters: 60, did not pass the filter by color: 49, added: 11, new vincodes: 0
03-07-2011 10:04:05 --- INFO: Lexus LX 470 - found: 18, pass primary filters: 15, did not pass the filter by color: 15, added: 0, new vincodes: 0
03-07-2011 10:04:17 --- INFO: Lexus LX 470 - found: 22, pass primary filters: 14, did not pass the filter by color: 14, added: 0, new vincodes: 0
03-07-2011 10:04:30 --- INFO: Toyota Land Cruiser - found: 13, pass primary filters: 11, did not pass the filter by color: 11, added: 0, new vincodes: 0
03-07-2011 10:05:09 --- INFO: Honda CR-V - found: 66, pass primary filters: 3, did not pass the filter by color: 0, added: 3, new vincodes: 0
03-07-2011 10:06:43 --- INFO: Honda CR-V - found: 186, pass primary filters: 8, did not pass the filter by color: 0, added: 8, new vincodes: 0
03-07-2011 10:07:33 --- INFO: Mitsubishi Montero 4WD Limited - found: 82, pass primary filters: 16, did not pass the filter by color: 16, added: 0, new vincodes: 0
03-07-2011 10:09:21 --- INFO: Toyota 4RUNNER 4WD Limited - found: 207, pass primary filters: 56, did not pass the filter by color: 44, added: 12, new vincodes: 0
03-07-2011 10:09:43 --- INFO: Toyota RAV 4 - found: 42, pass primary filters: 22, did not pass the filter by color: 16, added: 6, new vincodes: 0
03-07-2011 10:10:30 --- INFO: Toyota Highlander 4WD - found: 77, pass primary filters: 2, did not pass the filter by color: 2, added: 0, new vincodes: 0
03-07-2011 10:11:42 --- INFO: Subaru Forester - found: 143, pass primary filters: 19, did not pass the filter by color: 0, added: 19, new vincodes: 0
03-07-2011 10:12:50 --- INFO: Nissan Rogue - found: 110, pass primary filters: 13, did not pass the filter by color: 0, added: 13, new vincodes: 0
03-07-2011 10:13:30 --- INFO: Toyota Highlander - found: 77, pass primary filters: 41, did not pass the filter by color: 31, added: 10, new vincodes: 0
03-07-2011 10:14:00 --- INFO: Acura MDX - found: 57, pass primary filters: 3, did not pass the filter by color: 0, added: 3, new vincodes: 0
03-07-2011 10:14:00 --- INFO: finish: 03-07-2011 10:14:00
03-07-2011 10:14:00 --- INFO: elapsed time: ~838.32 sec., memory usage: ~4.69 Mb.
03-07-2011 11:05:01 --- INFO: start: 03-07-2011 11:05:01
03-07-2011 11:05:01 --- INFO: ----------Source_Openlane (cli)
03-07-2011 11:05:05 --- INFO: Authorized request
03-07-2011 11:05:07 --- INFO: Lexus RX 300 - found: 1, pass primary filters: 1, did not pass the filter by color: 0, added: 1, new vincodes: 0
03-07-2011 11:05:08 --- INFO: Lexus RX 330 - found: 7, pass primary filters: 3, did not pass the filter by color: 1, added: 2, new vincodes: 0
03-07-2011 11:05:09 --- INFO: Lexus RX 400H - found: 1, pass primary filters: 0, did not pass the filter by color: 0, added: 0, new vincodes: 0
03-07-2011 11:05:11 --- INFO: Lexus GX 470 - found: 5, pass primary filters: 5, did not pass the filter by color: 4, added: 1, new vincodes: 0
03-07-2011 11:05:12 --- INFO: Lexus GX 470 - found: 9, pass primary filters: 9, did not pass the filter by color: 7, added: 2, new vincodes: 0
03-07-2011 11:05:14 --- INFO: Lexus LX 470 - found: 3, pass primary filters: 3, did not pass the filter by color: 2, added: 1, new vincodes: 0
03-07-2011 11:05:15 --- INFO: Lexus LX 470 - found: 1, pass primary filters: 1, did not pass the filter by color: 1, added: 0, new vincodes: 0
03-07-2011 11:05:16 --- INFO: Toyota Land Cruiser - found: 0, pass primary filters: 0, did not pass the filter by color: 0, added: 0, new vincodes: 0
03-07-2011 11:05:17 --- INFO: Honda CR-V - found: 4, pass primary filters: 0, did not pass the filter by color: 0, added: 0, new vincodes: 0
03-07-2011 11:05:18 --- INFO: Honda CR-V - found: 0, pass primary filters: 0, did not pass the filter by color: 0, added: 0, new vincodes: 0
03-07-2011 11:05:19 --- INFO: Mitsubishi Montero 4WD Limited - found: 2, pass primary filters: 0, did not pass the filter by color: 0, added: 0, new vincodes: 0
03-07-2011 11:05:21 --- INFO: Toyota 4RUNNER 4WD Limited - found: 10, pass primary filters: 2, did not pass the filter by color: 2, added: 0, new vincodes: 0
03-07-2011 11:05:23 --- INFO: Toyota RAV 4 - found: 2, pass primary filters: 2, did not pass the filter by color: 0, added: 2, new vincodes: 0
03-07-2011 11:05:24 --- INFO: Toyota Highlander 4WD - found: 2, pass primary filters: 0, did not pass the filter by color: 0, added: 0, new vincodes: 0
03-07-2011 11:05:26 --- INFO: Subaru Forester - found: 3, pass primary filters: 3, did not pass the filter by color: 0, added: 3, new vincodes: 0
03-07-2011 11:05:27 --- INFO: Nissan Rogue - found: 2, pass primary filters: 0, did not pass the filter by color: 0, added: 0, new vincodes: 0
03-07-2011 11:05:30 --- INFO: Toyota Highlander - found: 6, pass primary filters: 6, did not pass the filter by color: 3, added: 3, new vincodes: 1
03-07-2011 11:05:31 --- INFO: Acura MDX - found: 0, pass primary filters: 0, did not pass the filter by color: 0, added: 0, new vincodes: 0
03-07-2011 11:05:31 --- INFO: finish: 03-07-2011 11:05:31
03-07-2011 11:05:31 --- INFO: elapsed time: ~29.71 sec., memory usage: ~2.3 Mb.
03-07-2011 11:10:01 --- INFO: start: 03-07-2011 11:10:01
03-07-2011 11:10:01 --- INFO: ----------Source_Adesa (cli)
03-07-2011 11:10:02 --- INFO: Authorized request
03-07-2011 11:10:03 --- ERROR: 500 Internal Server Error
03-07-2011 11:10:03 --- INFO: finish: 03-07-2011 11:10:03
03-07-2011 11:10:03 --- INFO: elapsed time: ~1.33 sec., memory usage: ~1.64 Mb.
03-07-2011 11:10:01 --- INFO: start: 03-07-2011 11:10:01
03-07-2011 11:10:01 --- INFO: ----------Source_Ebay (cli)
03-07-2011 11:10:19 --- INFO: Lexus RX 300 - found: 22, pass primary filters: 0, did not pass the filter by color: 0, added: 0, new vincodes: 0
03-07-2011 11:12:18 --- INFO: Lexus RX 330 - found: 87, pass primary filters: 16, did not pass the filter by color: 6, added: 10, new vincodes: 0
03-07-2011 11:13:34 --- INFO: Lexus RX 400H - found: 58, pass primary filters: 6, did not pass the filter by color: 0, added: 6, new vincodes: 0
03-07-2011 11:14:00 --- INFO: Lexus GX 470 - found: 35, pass primary filters: 14, did not pass the filter by color: 11, added: 3, new vincodes: 0
03-07-2011 11:14:20 --- INFO: Lexus GX 470 - found: 24, pass primary filters: 14, did not pass the filter by color: 13, added: 1, new vincodes: 0
03-07-2011 11:14:28 --- INFO: Lexus LX 470 - found: 8, pass primary filters: 4, did not pass the filter by color: 3, added: 1, new vincodes: 0
03-07-2011 11:14:36 --- INFO: Lexus LX 470 - found: 10, pass primary filters: 6, did not pass the filter by color: 6, added: 0, new vincodes: 0
03-07-2011 11:14:46 --- INFO: Toyota Land Cruiser - found: 10, pass primary filters: 9, did not pass the filter by color: 9, added: 0, new vincodes: 0
03-07-2011 11:14:58 --- INFO: Honda CR-V - found: 15, pass primary filters: 1, did not pass the filter by color: 0, added: 1, new vincodes: 0
03-07-2011 11:16:27 --- INFO: Honda CR-V - found: 62, pass primary filters: 0, did not pass the filter by color: 0, added: 0, new vincodes: 0
03-07-2011 11:16:32 --- INFO: Mitsubishi Montero 4WD Limited - found: 6, pass primary filters: 0, did not pass the filter by color: 0, added: 0, new vincodes: 0
03-07-2011 11:18:02 --- INFO: Toyota 4RUNNER 4WD Limited - found: 68, pass primary filters: 44, did not pass the filter by color: 31, added: 13, new vincodes: 0
03-07-2011 11:18:15 --- INFO: Toyota RAV 4 - found: 16, pass primary filters: 4, did not pass the filter by color: 3, added: 1, new vincodes: 0
03-07-2011 11:18:45 --- INFO: Toyota Highlander 4WD - found: 38, pass primary filters: 1, did not pass the filter by color: 1, added: 0, new vincodes: 0
03-07-2011 11:20:00 --- INFO: Subaru Forester - found: 54, pass primary filters: 4, did not pass the filter by color: 0, added: 4, new vincodes: 0
03-07-2011 11:20:32 --- INFO: Nissan Rogue - found: 36, pass primary filters: 1, did not pass the filter by color: 0, added: 1, new vincodes: 0
03-07-2011 11:20:59 --- INFO: Toyota Highlander - found: 38, pass primary filters: 9, did not pass the filter by color: 8, added: 1, new vincodes: 0
03-07-2011 11:21:12 --- INFO: Acura MDX - found: 16, pass primary filters: 1, did not pass the filter by color: 0, added: 1, new vincodes: 0
03-07-2011 11:21:12 --- INFO: finish: 03-07-2011 11:21:12
03-07-2011 11:21:12 --- INFO: elapsed time: ~671.07 sec., memory usage: ~2.97 Mb.
03-07-2011 11:10:01 --- INFO: start: 03-07-2011 11:10:01
03-07-2011 11:10:01 --- INFO: ----------Source_Gsmotors (cli)
03-07-2011 11:11:25 --- INFO: Lexus RX 300 - found: 81, pass primary filters: 22, did not pass the filter by color: 5, added: 17, new vincodes: 0
03-07-2011 11:15:06 --- INFO: Lexus RX 330 - found: 182, pass primary filters: 40, did not pass the filter by color: 12, added: 28, new vincodes: 0
03-07-2011 11:15:25 --- INFO: Lexus RX 400H - found: 18, pass primary filters: 2, did not pass the filter by color: 0, added: 2, new vincodes: 0
03-07-2011 11:16:43 --- INFO: Lexus GX 470 - found: 70, pass primary filters: 33, did not pass the filter by color: 25, added: 8, new vincodes: 0
03-07-2011 11:18:25 --- INFO: Lexus GX 470 - found: 96, pass primary filters: 60, did not pass the filter by color: 50, added: 10, new vincodes: 0
03-07-2011 11:18:43 --- INFO: Lexus LX 470 - found: 18, pass primary filters: 15, did not pass the filter by color: 15, added: 0, new vincodes: 0
03-07-2011 11:19:06 --- INFO: Lexus LX 470 - found: 23, pass primary filters: 15, did not pass the filter by color: 14, added: 1, new vincodes: 0
03-07-2011 11:19:21 --- INFO: Toyota Land Cruiser - found: 13, pass primary filters: 11, did not pass the filter by color: 11, added: 0, new vincodes: 0
03-07-2011 11:20:30 --- INFO: Honda CR-V - found: 67, pass primary filters: 3, did not pass the filter by color: 0, added: 3, new vincodes: 0
03-07-2011 11:24:24 --- INFO: Honda CR-V - found: 187, pass primary filters: 8, did not pass the filter by color: 0, added: 8, new vincodes: 0
03-07-2011 11:25:52 --- INFO: Mitsubishi Montero 4WD Limited - found: 81, pass primary filters: 16, did not pass the filter by color: 16, added: 0, new vincodes: 0
03-07-2011 11:30:16 --- INFO: Toyota 4RUNNER 4WD Limited - found: 212, pass primary filters: 55, did not pass the filter by color: 44, added: 11, new vincodes: 0
03-07-2011 11:30:54 --- INFO: Toyota RAV 4 - found: 42, pass primary filters: 21, did not pass the filter by color: 15, added: 6, new vincodes: 0
03-07-2011 11:32:13 --- INFO: Toyota Highlander 4WD - found: 77, pass primary filters: 2, did not pass the filter by color: 2, added: 0, new vincodes: 0
03-07-2011 11:35:36 --- INFO: Subaru Forester - found: 144, pass primary filters: 19, did not pass the filter by color: 0, added: 19, new vincodes: 0
03-07-2011 11:38:18 --- INFO: Nissan Rogue - found: 112, pass primary filters: 12, did not pass the filter by color: 0, added: 12, new vincodes: 0
03-07-2011 11:38:57 --- INFO: Toyota Highlander - found: 77, pass primary filters: 41, did not pass the filter by color: 31, added: 10, new vincodes: 0
03-07-2011 11:39:57 --- INFO: Acura MDX - found: 58, pass primary filters: 3, did not pass the filter by color: 0, added: 3, new vincodes: 0
03-07-2011 11:39:57 --- INFO: finish: 03-07-2011 11:39:57
03-07-2011 11:39:57 --- INFO: elapsed time: ~1795.96 sec., memory usage: ~4.68 Mb.
03-07-2011 12:20:01 --- INFO: start: 03-07-2011 12:20:01
03-07-2011 12:20:01 --- INFO: ----------Source_Adesa (cli)
03-07-2011 12:20:02 --- INFO: Authorized request
03-07-2011 12:20:02 --- ERROR: 500 Internal Server Error
03-07-2011 12:20:02 --- INFO: finish: 03-07-2011 12:20:02
03-07-2011 12:20:02 --- INFO: elapsed time: ~1.16 sec., memory usage: ~1.64 Mb.
03-07-2011 12:20:01 --- INFO: start: 03-07-2011 12:20:01
03-07-2011 12:20:01 --- INFO: ----------Source_Gsmotors (cli)
03-07-2011 12:20:40 --- INFO: Lexus RX 300 - found: 81, pass primary filters: 22, did not pass the filter by color: 4, added: 18, new vincodes: 0
03-07-2011 12:22:15 --- INFO: Lexus RX 330 - found: 182, pass primary filters: 40, did not pass the filter by color: 12, added: 28, new vincodes: 0
03-07-2011 12:22:32 --- INFO: Lexus RX 400H - found: 18, pass primary filters: 2, did not pass the filter by color: 0, added: 2, new vincodes: 0
03-07-2011 12:23:10 --- INFO: Lexus GX 470 - found: 70, pass primary filters: 33, did not pass the filter by color: 25, added: 8, new vincodes: 0
03-07-2011 12:23:56 --- INFO: Lexus GX 470 - found: 96, pass primary filters: 60, did not pass the filter by color: 49, added: 11, new vincodes: 0
03-07-2011 12:24:06 --- INFO: Lexus LX 470 - found: 18, pass primary filters: 15, did not pass the filter by color: 15, added: 0, new vincodes: 0
03-07-2011 12:24:19 --- INFO: Lexus LX 470 - found: 23, pass primary filters: 15, did not pass the filter by color: 14, added: 1, new vincodes: 0
03-07-2011 12:24:27 --- INFO: Toyota Land Cruiser - found: 13, pass primary filters: 11, did not pass the filter by color: 11, added: 0, new vincodes: 0
03-07-2011 12:25:00 --- INFO: Honda CR-V - found: 67, pass primary filters: 3, did not pass the filter by color: 0, added: 3, new vincodes: 0
03-07-2011 12:26:30 --- INFO: Honda CR-V - found: 187, pass primary filters: 8, did not pass the filter by color: 0, added: 8, new vincodes: 0
03-07-2011 12:27:16 --- INFO: Mitsubishi Montero 4WD Limited - found: 81, pass primary filters: 16, did not pass the filter by color: 16, added: 0, new vincodes: 0
03-07-2011 12:29:05 --- INFO: Toyota 4RUNNER 4WD Limited - found: 212, pass primary filters: 56, did not pass the filter by color: 44, added: 12, new vincodes: 0
03-07-2011 12:29:26 --- INFO: Toyota RAV 4 - found: 42, pass primary filters: 21, did not pass the filter by color: 15, added: 6, new vincodes: 0
03-07-2011 12:30:06 --- INFO: Toyota Highlander 4WD - found: 77, pass primary filters: 2, did not pass the filter by color: 2, added: 0, new vincodes: 0
03-07-2011 12:31:17 --- INFO: Subaru Forester - found: 144, pass primary filters: 19, did not pass the filter by color: 0, added: 19, new vincodes: 0
03-07-2011 12:32:23 --- INFO: Nissan Rogue - found: 112, pass primary filters: 12, did not pass the filter by color: 0, added: 12, new vincodes: 0
03-07-2011 12:33:02 --- INFO: Toyota Highlander - found: 77, pass primary filters: 41, did not pass the filter by color: 31, added: 10, new vincodes: 0
03-07-2011 12:33:32 --- INFO: Acura MDX - found: 58, pass primary filters: 3, did not pass the filter by color: 0, added: 3, new vincodes: 0
03-07-2011 12:33:32 --- INFO: finish: 03-07-2011 12:33:32
03-07-2011 12:33:32 --- INFO: elapsed time: ~811.38 sec., memory usage: ~4.69 Mb.
03-07-2011 13:20:01 --- INFO: start: 03-07-2011 13:20:01
03-07-2011 13:20:01 --- INFO: ----------Source_Adesa (cli)
03-07-2011 13:20:02 --- INFO: Authorized request
03-07-2011 13:20:02 --- ERROR: 500 Internal Server Error
03-07-2011 13:20:02 --- INFO: finish: 03-07-2011 13:20:02
03-07-2011 13:20:02 --- INFO: elapsed time: ~1.16 sec., memory usage: ~1.64 Mb.
03-07-2011 13:20:01 --- INFO: start: 03-07-2011 13:20:01
03-07-2011 13:20:01 --- INFO: ----------Source_Gsmotors (cli)
03-07-2011 13:20:40 --- INFO: Lexus RX 300 - found: 81, pass primary filters: 22, did not pass the filter by color: 5, added: 17, new vincodes: 0
03-07-2011 13:22:11 --- INFO: Lexus RX 330 - found: 182, pass primary filters: 40, did not pass the filter by color: 12, added: 28, new vincodes: 0
03-07-2011 13:22:26 --- INFO: Lexus RX 400H - found: 18, pass primary filters: 2, did not pass the filter by color: 0, added: 2, new vincodes: 0
03-07-2011 13:23:03 --- INFO: Lexus GX 470 - found: 70, pass primary filters: 33, did not pass the filter by color: 25, added: 8, new vincodes: 0
03-07-2011 13:23:51 --- INFO: Lexus GX 470 - found: 96, pass primary filters: 60, did not pass the filter by color: 49, added: 11, new vincodes: 0
03-07-2011 13:24:01 --- INFO: Lexus LX 470 - found: 18, pass primary filters: 15, did not pass the filter by color: 15, added: 0, new vincodes: 0
03-07-2011 13:24:14 --- INFO: Lexus LX 470 - found: 23, pass primary filters: 15, did not pass the filter by color: 14, added: 1, new vincodes: 0
03-07-2011 13:24:23 --- INFO: Toyota Land Cruiser - found: 13, pass primary filters: 11, did not pass the filter by color: 11, added: 0, new vincodes: 0
03-07-2011 13:24:57 --- INFO: Honda CR-V - found: 67, pass primary filters: 3, did not pass the filter by color: 0, added: 3, new vincodes: 0
03-07-2011 13:26:29 --- INFO: Honda CR-V - found: 187, pass primary filters: 8, did not pass the filter by color: 0, added: 8, new vincodes: 0
03-07-2011 13:27:18 --- INFO: Mitsubishi Montero 4WD Limited - found: 81, pass primary filters: 16, did not pass the filter by color: 16, added: 0, new vincodes: 0
03-07-2011 13:29:06 --- INFO: Toyota 4RUNNER 4WD Limited - found: 212, pass primary filters: 56, did not pass the filter by color: 44, added: 12, new vincodes: 0
03-07-2011 13:29:28 --- INFO: Toyota RAV 4 - found: 42, pass primary filters: 21, did not pass the filter by color: 15, added: 6, new vincodes: 0
03-07-2011 13:30:06 --- INFO: Toyota Highlander 4WD - found: 77, pass primary filters: 2, did not pass the filter by color: 2, added: 0, new vincodes: 0
03-07-2011 13:31:18 --- INFO: Subaru Forester - found: 144, pass primary filters: 19, did not pass the filter by color: 0, added: 19, new vincodes: 0
03-07-2011 13:32:26 --- INFO: Nissan Rogue - found: 112, pass primary filters: 12, did not pass the filter by color: 0, added: 12, new vincodes: 0
03-07-2011 13:33:06 --- INFO: Toyota Highlander - found: 77, pass primary filters: 41, did not pass the filter by color: 31, added: 10, new vincodes: 0
03-07-2011 13:33:37 --- INFO: Acura MDX - found: 58, pass primary filters: 3, did not pass the filter by color: 0, added: 3, new vincodes: 0
03-07-2011 13:33:37 --- INFO: finish: 03-07-2011 13:33:37
03-07-2011 13:33:37 --- INFO: elapsed time: ~816.24 sec., memory usage: ~4.68 Mb.
03-07-2011 15:05:01 --- INFO: start: 03-07-2011 15:05:01
03-07-2011 15:05:01 --- INFO: ----------Source_Openlane (cli)
03-07-2011 15:05:04 --- INFO: Authorized request
03-07-2011 15:05:06 --- INFO: Lexus RX 300 - found: 1, pass primary filters: 1, did not pass the filter by color: 0, added: 1, new vincodes: 0
03-07-2011 15:05:08 --- INFO: Lexus RX 330 - found: 7, pass primary filters: 3, did not pass the filter by color: 1, added: 2, new vincodes: 0
03-07-2011 15:05:09 --- INFO: Lexus RX 400H - found: 1, pass primary filters: 0, did not pass the filter by color: 0, added: 0, new vincodes: 0
03-07-2011 15:05:11 --- INFO: Lexus GX 470 - found: 5, pass primary filters: 5, did not pass the filter by color: 4, added: 1, new vincodes: 0
03-07-2011 15:05:12 --- INFO: Lexus GX 470 - found: 9, pass primary filters: 9, did not pass the filter by color: 7, added: 2, new vincodes: 0
03-07-2011 15:05:13 --- INFO: Lexus LX 470 - found: 3, pass primary filters: 3, did not pass the filter by color: 2, added: 1, new vincodes: 0
03-07-2011 15:05:15 --- INFO: Lexus LX 470 - found: 1, pass primary filters: 1, did not pass the filter by color: 1, added: 0, new vincodes: 0
03-07-2011 15:05:16 --- INFO: Toyota Land Cruiser - found: 0, pass primary filters: 0, did not pass the filter by color: 0, added: 0, new vincodes: 0
03-07-2011 15:05:17 --- INFO: Honda CR-V - found: 4, pass primary filters: 0, did not pass the filter by color: 0, added: 0, new vincodes: 0
03-07-2011 15:05:18 --- INFO: Honda CR-V - found: 0, pass primary filters: 0, did not pass the filter by color: 0, added: 0, new vincodes: 0
03-07-2011 15:05:20 --- INFO: Mitsubishi Montero 4WD Limited - found: 2, pass primary filters: 0, did not pass the filter by color: 0, added: 0, new vincodes: 0
03-07-2011 15:05:21 --- INFO: Toyota 4RUNNER 4WD Limited - found: 10, pass primary filters: 2, did not pass the filter by color: 2, added: 0, new vincodes: 0
03-07-2011 15:05:23 --- INFO: Toyota RAV 4 - found: 2, pass primary filters: 2, did not pass the filter by color: 0, added: 2, new vincodes: 0
03-07-2011 15:05:24 --- INFO: Toyota Highlander 4WD - found: 2, pass primary filters: 0, did not pass the filter by color: 0, added: 0, new vincodes: 0
03-07-2011 15:05:25 --- INFO: Subaru Forester - found: 3, pass primary filters: 3, did not pass the filter by color: 0, added: 3, new vincodes: 0
03-07-2011 15:05:27 --- INFO: Nissan Rogue - found: 2, pass primary filters: 0, did not pass the filter by color: 0, added: 0, new vincodes: 0
03-07-2011 15:05:29 --- INFO: Toyota Highlander - found: 6, pass primary filters: 6, did not pass the filter by color: 3, added: 3, new vincodes: 0
03-07-2011 15:05:30 --- INFO: Acura MDX - found: 0, pass primary filters: 0, did not pass the filter by color: 0, added: 0, new vincodes: 0
03-07-2011 15:05:30 --- INFO: finish: 03-07-2011 15:05:30
03-07-2011 15:05:30 --- INFO: elapsed time: ~29.21 sec., memory usage: ~2.27 Mb.
03-07-2011 15:10:01 --- INFO: start: 03-07-2011 15:10:01
03-07-2011 15:10:01 --- INFO: ----------Source_Ebay (cli)
03-07-2011 15:10:19 --- INFO: Lexus RX 300 - found: 22, pass primary filters: 0, did not pass the filter by color: 0, added: 0, new vincodes: 0
03-07-2011 15:12:29 --- INFO: Lexus RX 330 - found: 87, pass primary filters: 16, did not pass the filter by color: 6, added: 10, new vincodes: 0
03-07-2011 15:13:57 --- INFO: Lexus RX 400H - found: 59, pass primary filters: 6, did not pass the filter by color: 0, added: 6, new vincodes: 0
03-07-2011 15:14:25 --- INFO: Lexus GX 470 - found: 34, pass primary filters: 13, did not pass the filter by color: 10, added: 3, new vincodes: 0
03-07-2011 15:14:45 --- INFO: Lexus GX 470 - found: 24, pass primary filters: 14, did not pass the filter by color: 14, added: 0, new vincodes: 0
03-07-2011 15:14:52 --- INFO: Lexus LX 470 - found: 8, pass primary filters: 4, did not pass the filter by color: 3, added: 1, new vincodes: 0
03-07-2011 15:15:01 --- INFO: Lexus LX 470 - found: 10, pass primary filters: 6, did not pass the filter by color: 6, added: 0, new vincodes: 0
03-07-2011 15:15:09 --- INFO: Toyota Land Cruiser - found: 10, pass primary filters: 9, did not pass the filter by color: 9, added: 0, new vincodes: 0
03-07-2011 15:15:20 --- INFO: Honda CR-V - found: 15, pass primary filters: 1, did not pass the filter by color: 0, added: 1, new vincodes: 0
03-07-2011 15:16:49 --- INFO: Honda CR-V - found: 62, pass primary filters: 0, did not pass the filter by color: 0, added: 0, new vincodes: 0
03-07-2011 15:16:55 --- INFO: Mitsubishi Montero 4WD Limited - found: 6, pass primary filters: 0, did not pass the filter by color: 0, added: 0, new vincodes: 0
03-07-2011 15:18:35 --- INFO: Toyota 4RUNNER 4WD Limited - found: 68, pass primary filters: 44, did not pass the filter by color: 29, added: 15, new vincodes: 0
03-07-2011 15:18:49 --- INFO: Toyota RAV 4 - found: 16, pass primary filters: 4, did not pass the filter by color: 3, added: 1, new vincodes: 0
03-07-2011 15:19:20 --- INFO: Toyota Highlander 4WD - found: 38, pass primary filters: 1, did not pass the filter by color: 1, added: 0, new vincodes: 0
03-07-2011 15:20:47 --- INFO: Subaru Forester - found: 54, pass primary filters: 4, did not pass the filter by color: 0, added: 4, new vincodes: 0
03-07-2011 15:21:17 --- INFO: Nissan Rogue - found: 36, pass primary filters: 1, did not pass the filter by color: 0, added: 1, new vincodes: 0
03-07-2011 15:21:46 --- INFO: Toyota Highlander - found: 38, pass primary filters: 9, did not pass the filter by color: 8, added: 1, new vincodes: 0
03-07-2011 15:22:00 --- INFO: Acura MDX - found: 16, pass primary filters: 1, did not pass the filter by color: 0, added: 1, new vincodes: 0
03-07-2011 15:22:00 --- INFO: finish: 03-07-2011 15:22:00
03-07-2011 15:22:00 --- INFO: elapsed time: ~719.38 sec., memory usage: ~2.97 Mb.
03-07-2011 16:10:01 --- INFO: start: 03-07-2011 16:10:01
03-07-2011 16:10:01 --- INFO: ----------Source_Adesa (cli)
03-07-2011 16:10:02 --- INFO: Authorized request
03-07-2011 16:10:02 --- ERROR: 500 Internal Server Error
03-07-2011 16:10:02 --- INFO: finish: 03-07-2011 16:10:02
03-07-2011 16:10:02 --- INFO: elapsed time: ~1.22 sec., memory usage: ~1.64 Mb.
03-07-2011 16:10:01 --- INFO: start: 03-07-2011 16:10:01
03-07-2011 16:10:01 --- INFO: ----------Source_Gsmotors (cli)
03-07-2011 16:11:24 --- INFO: Lexus RX 300 - found: 81, pass primary filters: 22, did not pass the filter by color: 5, added: 17, new vincodes: 0
03-07-2011 16:14:35 --- INFO: Lexus RX 330 - found: 187, pass primary filters: 40, did not pass the filter by color: 12, added: 28, new vincodes: 0
03-07-2011 16:14:56 --- INFO: Lexus RX 400H - found: 20, pass primary filters: 2, did not pass the filter by color: 0, added: 2, new vincodes: 0
03-07-2011 16:16:11 --- INFO: Lexus GX 470 - found: 73, pass primary filters: 33, did not pass the filter by color: 25, added: 8, new vincodes: 0
03-07-2011 16:18:23 --- INFO: Lexus GX 470 - found: 98, pass primary filters: 59, did not pass the filter by color: 48, added: 11, new vincodes: 0
03-07-2011 16:18:44 --- ERROR: Request returns empty result
03-07-2011 16:18:44 --- INFO: finish: 03-07-2011 16:18:44
03-07-2011 16:18:44 --- INFO: elapsed time: ~523.55 sec., memory usage: ~3.04 Mb.
03-07-2011 18:10:01 --- INFO: start: 03-07-2011 18:10:01
03-07-2011 18:10:01 --- INFO: ----------Source_Adesa (cli)
03-07-2011 18:10:02 --- INFO: Authorized request
03-07-2011 18:10:02 --- ERROR: 500 Internal Server Error
03-07-2011 18:10:02 --- INFO: finish: 03-07-2011 18:10:02
03-07-2011 18:10:02 --- INFO: elapsed time: ~1.21 sec., memory usage: ~1.64 Mb.
03-07-2011 18:10:01 --- INFO: start: 03-07-2011 18:10:01
03-07-2011 18:10:01 --- INFO: ----------Source_Gsmotors (cli)
03-07-2011 18:11:11 --- INFO: Lexus RX 300 - found: 81, pass primary filters: 22, did not pass the filter by color: 5, added: 17, new vincodes: 0
03-07-2011 18:12:50 --- INFO: Lexus RX 330 - found: 187, pass primary filters: 40, did not pass the filter by color: 12, added: 28, new vincodes: 0
03-07-2011 18:13:00 --- INFO: Lexus RX 400H - found: 20, pass primary filters: 2, did not pass the filter by color: 0, added: 2, new vincodes: 0
03-07-2011 18:13:35 --- INFO: Lexus GX 470 - found: 73, pass primary filters: 33, did not pass the filter by color: 25, added: 8, new vincodes: 0
03-07-2011 18:14:21 --- INFO: Lexus GX 470 - found: 98, pass primary filters: 60, did not pass the filter by color: 48, added: 12, new vincodes: 0
03-07-2011 18:14:43 --- INFO: Lexus LX 470 - found: 18, pass primary filters: 15, did not pass the filter by color: 15, added: 0, new vincodes: 0
03-07-2011 18:15:06 --- INFO: Lexus LX 470 - found: 23, pass primary filters: 15, did not pass the filter by color: 14, added: 1, new vincodes: 0
03-07-2011 18:15:22 --- INFO: Toyota Land Cruiser - found: 13, pass primary filters: 11, did not pass the filter by color: 11, added: 0, new vincodes: 0
03-07-2011 18:16:31 --- INFO: Honda CR-V - found: 68, pass primary filters: 3, did not pass the filter by color: 0, added: 3, new vincodes: 0
03-07-2011 18:20:23 --- INFO: Honda CR-V - found: 194, pass primary filters: 8, did not pass the filter by color: 0, added: 8, new vincodes: 0
03-07-2011 18:21:47 --- INFO: Mitsubishi Montero 4WD Limited - found: 81, pass primary filters: 16, did not pass the filter by color: 16, added: 0, new vincodes: 0
03-07-2011 18:25:29 --- INFO: Toyota 4RUNNER 4WD Limited - found: 221, pass primary filters: 58, did not pass the filter by color: 46, added: 12, new vincodes: 0
03-07-2011 18:26:14 --- INFO: Toyota RAV 4 - found: 44, pass primary filters: 21, did not pass the filter by color: 15, added: 6, new vincodes: 0
03-07-2011 18:27:42 --- INFO: Toyota Highlander 4WD - found: 78, pass primary filters: 2, did not pass the filter by color: 2, added: 0, new vincodes: 0
03-07-2011 18:31:05 --- INFO: Subaru Forester - found: 144, pass primary filters: 19, did not pass the filter by color: 0, added: 19, new vincodes: 0
03-07-2011 18:33:51 --- INFO: Nissan Rogue - found: 115, pass primary filters: 12, did not pass the filter by color: 0, added: 12, new vincodes: 0
03-07-2011 18:34:29 --- INFO: Toyota Highlander - found: 78, pass primary filters: 41, did not pass the filter by color: 31, added: 10, new vincodes: 0
03-07-2011 18:35:30 --- INFO: Acura MDX - found: 60, pass primary filters: 3, did not pass the filter by color: 0, added: 3, new vincodes: 0
03-07-2011 18:35:30 --- INFO: finish: 03-07-2011 18:35:30
03-07-2011 18:35:30 --- INFO: elapsed time: ~1528.62 sec., memory usage: ~4.7 Mb.
03-07-2011 19:05:01 --- INFO: start: 03-07-2011 19:05:01
03-07-2011 19:05:01 --- INFO: ----------Source_Openlane (cli)
03-07-2011 19:05:04 --- INFO: Authorized request
03-07-2011 19:05:06 --- INFO: Lexus RX 300 - found: 1, pass primary filters: 1, did not pass the filter by color: 0, added: 1, new vincodes: 0
03-07-2011 19:05:08 --- INFO: Lexus RX 330 - found: 7, pass primary filters: 3, did not pass the filter by color: 1, added: 2, new vincodes: 0
03-07-2011 19:05:09 --- INFO: Lexus RX 400H - found: 1, pass primary filters: 0, did not pass the filter by color: 0, added: 0, new vincodes: 0
03-07-2011 19:05:10 --- INFO: Lexus GX 470 - found: 5, pass primary filters: 5, did not pass the filter by color: 4, added: 1, new vincodes: 0
03-07-2011 19:05:12 --- INFO: Lexus GX 470 - found: 9, pass primary filters: 9, did not pass the filter by color: 7, added: 2, new vincodes: 0
03-07-2011 19:05:13 --- INFO: Lexus LX 470 - found: 3, pass primary filters: 3, did not pass the filter by color: 2, added: 1, new vincodes: 0
03-07-2011 19:05:14 --- INFO: Lexus LX 470 - found: 1, pass primary filters: 1, did not pass the filter by color: 1, added: 0, new vincodes: 0
03-07-2011 19:05:15 --- INFO: Toyota Land Cruiser - found: 0, pass primary filters: 0, did not pass the filter by color: 0, added: 0, new vincodes: 0
03-07-2011 19:05:17 --- INFO: Honda CR-V - found: 4, pass primary filters: 0, did not pass the filter by color: 0, added: 0, new vincodes: 0
03-07-2011 19:05:18 --- INFO: Honda CR-V - found: 0, pass primary filters: 0, did not pass the filter by color: 0, added: 0, new vincodes: 0
03-07-2011 19:05:19 --- INFO: Mitsubishi Montero 4WD Limited - found: 2, pass primary filters: 0, did not pass the filter by color: 0, added: 0, new vincodes: 0
03-07-2011 19:05:21 --- INFO: Toyota 4RUNNER 4WD Limited - found: 10, pass primary filters: 2, did not pass the filter by color: 2, added: 0, new vincodes: 0
03-07-2011 19:05:22 --- INFO: Toyota RAV 4 - found: 2, pass primary filters: 2, did not pass the filter by color: 0, added: 2, new vincodes: 0
03-07-2011 19:05:23 --- INFO: Toyota Highlander 4WD - found: 2, pass primary filters: 0, did not pass the filter by color: 0, added: 0, new vincodes: 0
03-07-2011 19:05:25 --- INFO: Subaru Forester - found: 3, pass primary filters: 3, did not pass the filter by color: 0, added: 3, new vincodes: 0
03-07-2011 19:05:26 --- INFO: Nissan Rogue - found: 2, pass primary filters: 0, did not pass the filter by color: 0, added: 0, new vincodes: 0
03-07-2011 19:05:27 --- INFO: Toyota Highlander - found: 6, pass primary filters: 6, did not pass the filter by color: 3, added: 3, new vincodes: 0
03-07-2011 19:05:28 --- INFO: Acura MDX - found: 0, pass primary filters: 0, did not pass the filter by color: 0, added: 0, new vincodes: 0
03-07-2011 19:05:28 --- INFO: finish: 03-07-2011 19:05:28
03-07-2011 19:05:28 --- INFO: elapsed time: ~27.6 sec., memory usage: ~2.27 Mb.
03-07-2011 19:10:01 --- INFO: start: 03-07-2011 19:10:01
03-07-2011 19:10:01 --- INFO: ----------Source_Ebay (cli)
03-07-2011 19:10:19 --- INFO: Lexus RX 300 - found: 22, pass primary filters: 0, did not pass the filter by color: 0, added: 0, new vincodes: 0
03-07-2011 19:12:37 --- INFO: Lexus RX 330 - found: 86, pass primary filters: 17, did not pass the filter by color: 6, added: 11, new vincodes: 1
03-07-2011 19:14:10 --- INFO: Lexus RX 400H - found: 59, pass primary filters: 6, did not pass the filter by color: 1, added: 5, new vincodes: 0
03-07-2011 19:14:37 --- INFO: Lexus GX 470 - found: 33, pass primary filters: 13, did not pass the filter by color: 10, added: 3, new vincodes: 0
03-07-2011 19:14:57 --- INFO: Lexus GX 470 - found: 24, pass primary filters: 14, did not pass the filter by color: 14, added: 0, new vincodes: 0
03-07-2011 19:15:04 --- INFO: Lexus LX 470 - found: 8, pass primary filters: 4, did not pass the filter by color: 3, added: 1, new vincodes: 0
03-07-2011 19:15:13 --- INFO: Lexus LX 470 - found: 10, pass primary filters: 6, did not pass the filter by color: 6, added: 0, new vincodes: 0
03-07-2011 19:15:21 --- INFO: Toyota Land Cruiser - found: 10, pass primary filters: 9, did not pass the filter by color: 9, added: 0, new vincodes: 0
03-07-2011 19:15:33 --- INFO: Honda CR-V - found: 15, pass primary filters: 1, did not pass the filter by color: 0, added: 1, new vincodes: 0
03-07-2011 19:17:11 --- INFO: Honda CR-V - found: 62, pass primary filters: 0, did not pass the filter by color: 0, added: 0, new vincodes: 0
03-07-2011 19:17:16 --- INFO: Mitsubishi Montero 4WD Limited - found: 6, pass primary filters: 0, did not pass the filter by color: 0, added: 0, new vincodes: 0
03-07-2011 19:19:03 --- INFO: Toyota 4RUNNER 4WD Limited - found: 69, pass primary filters: 46, did not pass the filter by color: 28, added: 18, new vincodes: 1
03-07-2011 19:19:15 --- INFO: Toyota RAV 4 - found: 15, pass primary filters: 4, did not pass the filter by color: 3, added: 1, new vincodes: 0
03-07-2011 19:19:46 --- INFO: Toyota Highlander 4WD - found: 37, pass primary filters: 1, did not pass the filter by color: 1, added: 0, new vincodes: 0
03-07-2011 19:21:09 --- INFO: Subaru Forester - found: 54, pass primary filters: 4, did not pass the filter by color: 0, added: 4, new vincodes: 0
03-07-2011 19:21:38 --- INFO: Nissan Rogue - found: 36, pass primary filters: 1, did not pass the filter by color: 0, added: 1, new vincodes: 0
03-07-2011 19:22:10 --- INFO: Toyota Highlander - found: 37, pass primary filters: 9, did not pass the filter by color: 8, added: 1, new vincodes: 0
03-07-2011 19:22:23 --- INFO: Acura MDX - found: 17, pass primary filters: 1, did not pass the filter by color: 0, added: 1, new vincodes: 0
03-07-2011 19:22:23 --- INFO: finish: 03-07-2011 19:22:23
03-07-2011 19:22:23 --- INFO: elapsed time: ~742.22 sec., memory usage: ~3.03 Mb.
03-07-2011 23:05:01 --- INFO: start: 03-07-2011 23:05:01
03-07-2011 23:05:01 --- INFO: ----------Source_Openlane (cli)
03-07-2011 23:05:05 --- INFO: Authorized request
03-07-2011 23:05:06 --- INFO: Lexus RX 300 - found: 1, pass primary filters: 1, did not pass the filter by color: 0, added: 1, new vincodes: 0
03-07-2011 23:05:08 --- INFO: Lexus RX 330 - found: 7, pass primary filters: 3, did not pass the filter by color: 1, added: 2, new vincodes: 0
03-07-2011 23:05:09 --- INFO: Lexus RX 400H - found: 1, pass primary filters: 0, did not pass the filter by color: 0, added: 0, new vincodes: 0
03-07-2011 23:05:11 --- INFO: Lexus GX 470 - found: 5, pass primary filters: 5, did not pass the filter by color: 4, added: 1, new vincodes: 0
03-07-2011 23:05:12 --- INFO: Lexus GX 470 - found: 9, pass primary filters: 9, did not pass the filter by color: 7, added: 2, new vincodes: 0
03-07-2011 23:05:14 --- INFO: Lexus LX 470 - found: 3, pass primary filters: 3, did not pass the filter by color: 2, added: 1, new vincodes: 0
03-07-2011 23:05:15 --- INFO: Lexus LX 470 - found: 1, pass primary filters: 1, did not pass the filter by color: 1, added: 0, new vincodes: 0
03-07-2011 23:05:16 --- INFO: Toyota Land Cruiser - found: 0, pass primary filters: 0, did not pass the filter by color: 0, added: 0, new vincodes: 0
03-07-2011 23:05:18 --- INFO: Honda CR-V - found: 4, pass primary filters: 0, did not pass the filter by color: 0, added: 0, new vincodes: 0
03-07-2011 23:05:19 --- INFO: Honda CR-V - found: 0, pass primary filters: 0, did not pass the filter by color: 0, added: 0, new vincodes: 0
03-07-2011 23:05:20 --- INFO: Mitsubishi Montero 4WD Limited - found: 2, pass primary filters: 0, did not pass the filter by color: 0, added: 0, new vincodes: 0
03-07-2011 23:05:22 --- INFO: Toyota 4RUNNER 4WD Limited - found: 10, pass primary filters: 2, did not pass the filter by color: 2, added: 0, new vincodes: 0
03-07-2011 23:05:23 --- INFO: Toyota RAV 4 - found: 2, pass primary filters: 2, did not pass the filter by color: 0, added: 2, new vincodes: 0
03-07-2011 23:05:24 --- INFO: Toyota Highlander 4WD - found: 2, pass primary filters: 0, did not pass the filter by color: 0, added: 0, new vincodes: 0
03-07-2011 23:05:26 --- INFO: Subaru Forester - found: 3, pass primary filters: 3, did not pass the filter by color: 0, added: 3, new vincodes: 0
03-07-2011 23:05:27 --- INFO: Nissan Rogue - found: 2, pass primary filters: 0, did not pass the filter by color: 0, added: 0, new vincodes: 0
03-07-2011 23:05:28 --- INFO: Toyota Highlander - found: 6, pass primary filters: 6, did not pass the filter by color: 3, added: 3, new vincodes: 0
03-07-2011 23:05:30 --- INFO: Acura MDX - found: 0, pass primary filters: 0, did not pass the filter by color: 0, added: 0, new vincodes: 0
03-07-2011 23:05:30 --- INFO: finish: 03-07-2011 23:05:30
03-07-2011 23:05:30 --- INFO: elapsed time: ~28.12 sec., memory usage: ~2.27 Mb.
03-07-2011 23:10:01 --- INFO: start: 03-07-2011 23:10:01
03-07-2011 23:10:01 --- INFO: ----------Source_Ebay (cli)
03-07-2011 23:10:22 --- INFO: Lexus RX 300 - found: 24, pass primary filters: 1, did not pass the filter by color: 0, added: 1, new vincodes: 0
03-07-2011 23:12:22 --- INFO: Lexus RX 330 - found: 85, pass primary filters: 18, did not pass the filter by color: 7, added: 11, new vincodes: 0
03-07-2011 23:13:46 --- INFO: Lexus RX 400H - found: 57, pass primary filters: 4, did not pass the filter by color: 1, added: 3, new vincodes: 0
03-07-2011 23:14:15 --- INFO: Lexus GX 470 - found: 31, pass primary filters: 12, did not pass the filter by color: 10, added: 2, new vincodes: 0
03-07-2011 23:14:39 --- INFO: Lexus GX 470 - found: 24, pass primary filters: 14, did not pass the filter by color: 14, added: 0, new vincodes: 0
03-07-2011 23:14:46 --- INFO: Lexus LX 470 - found: 8, pass primary filters: 4, did not pass the filter by color: 3, added: 1, new vincodes: 0
03-07-2011 23:14:56 --- INFO: Lexus LX 470 - found: 11, pass primary filters: 6, did not pass the filter by color: 6, added: 0, new vincodes: 0
03-07-2011 23:15:04 --- INFO: Toyota Land Cruiser - found: 10, pass primary filters: 9, did not pass the filter by color: 9, added: 0, new vincodes: 0
03-07-2011 23:15:17 --- INFO: Honda CR-V - found: 16, pass primary filters: 1, did not pass the filter by color: 0, added: 1, new vincodes: 0
03-07-2011 23:16:52 --- INFO: Honda CR-V - found: 61, pass primary filters: 0, did not pass the filter by color: 0, added: 0, new vincodes: 0
03-07-2011 23:16:57 --- INFO: Mitsubishi Montero 4WD Limited - found: 5, pass primary filters: 0, did not pass the filter by color: 0, added: 0, new vincodes: 0
03-07-2011 23:18:40 --- INFO: Toyota 4RUNNER 4WD Limited - found: 69, pass primary filters: 46, did not pass the filter by color: 28, added: 18, new vincodes: 0
03-07-2011 23:18:52 --- INFO: Toyota RAV 4 - found: 15, pass primary filters: 4, did not pass the filter by color: 3, added: 1, new vincodes: 0
03-07-2011 23:19:21 --- INFO: Toyota Highlander 4WD - found: 37, pass primary filters: 1, did not pass the filter by color: 1, added: 0, new vincodes: 0
03-07-2011 23:20:41 --- INFO: Subaru Forester - found: 54, pass primary filters: 4, did not pass the filter by color: 0, added: 4, new vincodes: 0
03-07-2011 23:21:12 --- INFO: Nissan Rogue - found: 37, pass primary filters: 1, did not pass the filter by color: 0, added: 1, new vincodes: 0
03-07-2011 23:21:37 --- INFO: Toyota Highlander - found: 37, pass primary filters: 9, did not pass the filter by color: 8, added: 1, new vincodes: 0
03-07-2011 23:21:50 --- INFO: Acura MDX - found: 17, pass primary filters: 1, did not pass the filter by color: 0, added: 1, new vincodes: 0
03-07-2011 23:21:50 --- INFO: finish: 03-07-2011 23:21:50
03-07-2011 23:21:50 --- INFO: elapsed time: ~709.58 sec., memory usage: ~2.98 Mb.