
04-07-2011 03:05:01 --- INFO: start: 04-07-2011 03:05:01
04-07-2011 03:05:01 --- INFO: ----------Source_Openlane (cli)
04-07-2011 03:05:04 --- INFO: Authorized request
04-07-2011 03:05:06 --- INFO: Lexus RX 300 - found: 1, pass primary filters: 1, did not pass the filter by color: 0, added: 1, new vincodes: 0
04-07-2011 03:05:08 --- INFO: Lexus RX 330 - found: 7, pass primary filters: 3, did not pass the filter by color: 1, added: 2, new vincodes: 0
04-07-2011 03:05:09 --- INFO: Lexus RX 400H - found: 1, pass primary filters: 0, did not pass the filter by color: 0, added: 0, new vincodes: 0
04-07-2011 03:05:11 --- INFO: Lexus GX 470 - found: 5, pass primary filters: 5, did not pass the filter by color: 4, added: 1, new vincodes: 0
04-07-2011 03:05:12 --- INFO: Lexus GX 470 - found: 9, pass primary filters: 9, did not pass the filter by color: 7, added: 2, new vincodes: 0
04-07-2011 03:05:14 --- INFO: Lexus LX 470 - found: 3, pass primary filters: 3, did not pass the filter by color: 2, added: 1, new vincodes: 0
04-07-2011 03:05:15 --- INFO: Lexus LX 470 - found: 1, pass primary filters: 1, did not pass the filter by color: 1, added: 0, new vincodes: 0
04-07-2011 03:05:16 --- INFO: Toyota Land Cruiser - found: 0, pass primary filters: 0, did not pass the filter by color: 0, added: 0, new vincodes: 0
04-07-2011 03:05:17 --- INFO: Honda CR-V - found: 4, pass primary filters: 0, did not pass the filter by color: 0, added: 0, new vincodes: 0
04-07-2011 03:05:18 --- INFO: Honda CR-V - found: 0, pass primary filters: 0, did not pass the filter by color: 0, added: 0, new vincodes: 0
04-07-2011 03:05:20 --- INFO: Mitsubishi Montero 4WD Limited - found: 2, pass primary filters: 0, did not pass the filter by color: 0, added: 0, new vincodes: 0
04-07-2011 03:05:21 --- INFO: Toyota 4RUNNER 4WD Limited - found: 10, pass primary filters: 2, did not pass the filter by color: 2, added: 0, new vincodes: 0
04-07-2011 03:05:23 --- INFO: Toyota RAV 4 - found: 2, pass primary filters: 2, did not pass the filter by color: 0, added: 2, new vincodes: 0
04-07-2011 03:05:24 --- INFO: Toyota Highlander 4WD - found: 2, pass primary filters: 0, did not pass the filter by color: 0, added: 0, new vincodes: 0
04-07-2011 03:05:25 --- INFO: Subaru Forester - found: 3, pass primary filters: 2, did not pass the filter by color: 0, added: 2, new vincodes: 0
04-07-2011 03:05:26 --- INFO: Nissan Rogue - found: 2, pass primary filters: 0, did not pass the filter by color: 0, added: 0, new vincodes: 0
04-07-2011 03:05:28 --- INFO: Toyota Highlander - found: 6, pass primary filters: 6, did not pass the filter by color: 3, added: 3, new vincodes: 0
04-07-2011 03:05:29 --- INFO: Acura MDX - found: 0, pass primary filters: 0, did not pass the filter by color: 0, added: 0, new vincodes: 0
04-07-2011 03:05:29 --- INFO: finish: 04-07-2011 03:05:29
04-07-2011 03:05:29 --- INFO: elapsed time: ~28.26 sec., memory usage: ~2.26 Mb.
04-07-2011 03:10:01 --- INFO: start: 04-07-2011 03:10:01
04-07-2011 03:10:01 --- INFO: ----------Source_Ebay (cli)
04-07-2011 03:10:21 --- INFO: Lexus RX 300 - found: 24, pass primary filters: 1, did not pass the filter by color: 0, added: 1, new vincodes: 0
04-07-2011 03:12:20 --- INFO: Lexus RX 330 - found: 85, pass primary filters: 18, did not pass the filter by color: 6, added: 12, new vincodes: 0
04-07-2011 03:13:35 --- INFO: Lexus RX 400H - found: 57, pass primary filters: 4, did not pass the filter by color: 1, added: 3, new vincodes: 0
04-07-2011 03:14:01 --- INFO: Lexus GX 470 - found: 31, pass primary filters: 12, did not pass the filter by color: 10, added: 2, new vincodes: 0
04-07-2011 03:14:24 --- INFO: Lexus GX 470 - found: 24, pass primary filters: 14, did not pass the filter by color: 14, added: 0, new vincodes: 0
04-07-2011 03:14:33 --- INFO: Lexus LX 470 - found: 8, pass primary filters: 4, did not pass the filter by color: 3, added: 1, new vincodes: 0
04-07-2011 03:14:44 --- INFO: Lexus LX 470 - found: 11, pass primary filters: 6, did not pass the filter by color: 6, added: 0, new vincodes: 0
04-07-2011 03:14:55 --- INFO: Toyota Land Cruiser - found: 10, pass primary filters: 9, did not pass the filter by color: 9, added: 0, new vincodes: 0
04-07-2011 03:15:08 --- INFO: Honda CR-V - found: 17, pass primary filters: 1, did not pass the filter by color: 0, added: 1, new vincodes: 0
04-07-2011 03:16:37 --- INFO: Honda CR-V - found: 61, pass primary filters: 0, did not pass the filter by color: 0, added: 0, new vincodes: 0
04-07-2011 03:16:42 --- INFO: Mitsubishi Montero 4WD Limited - found: 5, pass primary filters: 0, did not pass the filter by color: 0, added: 0, new vincodes: 0
04-07-2011 03:18:21 --- INFO: Toyota 4RUNNER 4WD Limited - found: 70, pass primary filters: 48, did not pass the filter by color: 30, added: 18, new vincodes: 0
04-07-2011 03:18:32 --- INFO: Toyota RAV 4 - found: 15, pass primary filters: 4, did not pass the filter by color: 3, added: 1, new vincodes: 0
04-07-2011 03:18:59 --- INFO: Toyota Highlander 4WD - found: 37, pass primary filters: 1, did not pass the filter by color: 1, added: 0, new vincodes: 0
04-07-2011 03:20:15 --- INFO: Subaru Forester - found: 54, pass primary filters: 4, did not pass the filter by color: 0, added: 4, new vincodes: 0
04-07-2011 03:20:44 --- INFO: Nissan Rogue - found: 37, pass primary filters: 1, did not pass the filter by color: 0, added: 1, new vincodes: 0
04-07-2011 03:21:08 --- INFO: Toyota Highlander - found: 37, pass primary filters: 9, did not pass the filter by color: 8, added: 1, new vincodes: 0
04-07-2011 03:21:22 --- INFO: Acura MDX - found: 18, pass primary filters: 1, did not pass the filter by color: 0, added: 1, new vincodes: 0
04-07-2011 03:21:22 --- INFO: finish: 04-07-2011 03:21:22
04-07-2011 03:21:22 --- INFO: elapsed time: ~680.32 sec., memory usage: ~3 Mb.
04-07-2011 06:10:01 --- INFO: start: 04-07-2011 06:10:01
04-07-2011 06:10:01 --- INFO: ----------Source_Adesa (cli)
04-07-2011 06:10:02 --- INFO: Authorized request
04-07-2011 06:10:02 --- ERROR: 500 Internal Server Error
04-07-2011 06:10:02 --- INFO: finish: 04-07-2011 06:10:02
04-07-2011 06:10:02 --- INFO: elapsed time: ~1.19 sec., memory usage: ~1.64 Mb.
04-07-2011 06:10:01 --- INFO: start: 04-07-2011 06:10:01
04-07-2011 06:10:01 --- INFO: ----------Source_Gsmotors (cli)
04-07-2011 06:11:17 --- INFO: Lexus RX 300 - found: 77, pass primary filters: 22, did not pass the filter by color: 5, added: 17, new vincodes: 0
04-07-2011 06:14:41 --- INFO: Lexus RX 330 - found: 177, pass primary filters: 38, did not pass the filter by color: 11, added: 27, new vincodes: 0
04-07-2011 06:15:02 --- INFO: Lexus RX 400H - found: 19, pass primary filters: 2, did not pass the filter by color: 0, added: 2, new vincodes: 0
04-07-2011 06:16:17 --- INFO: Lexus GX 470 - found: 64, pass primary filters: 33, did not pass the filter by color: 24, added: 9, new vincodes: 0
04-07-2011 06:18:01 --- INFO: Lexus GX 470 - found: 94, pass primary filters: 57, did not pass the filter by color: 46, added: 11, new vincodes: 0
04-07-2011 06:18:21 --- INFO: Lexus LX 470 - found: 18, pass primary filters: 16, did not pass the filter by color: 16, added: 0, new vincodes: 0
04-07-2011 06:18:46 --- INFO: Lexus LX 470 - found: 22, pass primary filters: 15, did not pass the filter by color: 14, added: 1, new vincodes: 0
04-07-2011 06:19:01 --- INFO: Toyota Land Cruiser - found: 13, pass primary filters: 11, did not pass the filter by color: 11, added: 0, new vincodes: 0
04-07-2011 06:20:18 --- INFO: Honda CR-V - found: 64, pass primary filters: 3, did not pass the filter by color: 0, added: 3, new vincodes: 0
04-07-2011 06:24:12 --- INFO: Honda CR-V - found: 182, pass primary filters: 8, did not pass the filter by color: 0, added: 8, new vincodes: 0
04-07-2011 06:25:40 --- INFO: Mitsubishi Montero 4WD Limited - found: 78, pass primary filters: 15, did not pass the filter by color: 15, added: 0, new vincodes: 0
04-07-2011 06:29:14 --- INFO: Toyota 4RUNNER 4WD Limited - found: 201, pass primary filters: 55, did not pass the filter by color: 44, added: 11, new vincodes: 0
04-07-2011 06:29:56 --- INFO: Toyota RAV 4 - found: 40, pass primary filters: 21, did not pass the filter by color: 15, added: 6, new vincodes: 0
04-07-2011 06:31:16 --- INFO: Toyota Highlander 4WD - found: 75, pass primary filters: 2, did not pass the filter by color: 2, added: 0, new vincodes: 0
04-07-2011 06:34:45 --- INFO: Subaru Forester - found: 143, pass primary filters: 19, did not pass the filter by color: 0, added: 19, new vincodes: 0
04-07-2011 06:37:24 --- INFO: Nissan Rogue - found: 109, pass primary filters: 11, did not pass the filter by color: 0, added: 11, new vincodes: 0
04-07-2011 06:38:06 --- INFO: Toyota Highlander - found: 75, pass primary filters: 40, did not pass the filter by color: 31, added: 9, new vincodes: 0
04-07-2011 06:39:08 --- INFO: Acura MDX - found: 58, pass primary filters: 3, did not pass the filter by color: 0, added: 3, new vincodes: 0
04-07-2011 06:39:08 --- INFO: finish: 04-07-2011 06:39:08
04-07-2011 06:39:08 --- INFO: elapsed time: ~1746.74 sec., memory usage: ~4.64 Mb.
04-07-2011 07:05:01 --- INFO: start: 04-07-2011 07:05:01
04-07-2011 07:05:01 --- INFO: ----------Source_Openlane (cli)
04-07-2011 07:05:04 --- INFO: Authorized request
04-07-2011 07:05:06 --- INFO: Lexus RX 300 - found: 1, pass primary filters: 1, did not pass the filter by color: 0, added: 1, new vincodes: 0
04-07-2011 07:05:07 --- INFO: Lexus RX 330 - found: 7, pass primary filters: 3, did not pass the filter by color: 1, added: 2, new vincodes: 0
04-07-2011 07:05:09 --- INFO: Lexus RX 400H - found: 1, pass primary filters: 0, did not pass the filter by color: 0, added: 0, new vincodes: 0
04-07-2011 07:05:10 --- INFO: Lexus GX 470 - found: 5, pass primary filters: 5, did not pass the filter by color: 4, added: 1, new vincodes: 0
04-07-2011 07:05:12 --- INFO: Lexus GX 470 - found: 9, pass primary filters: 9, did not pass the filter by color: 7, added: 2, new vincodes: 0
04-07-2011 07:05:13 --- INFO: Lexus LX 470 - found: 3, pass primary filters: 3, did not pass the filter by color: 2, added: 1, new vincodes: 0
04-07-2011 07:05:14 --- INFO: Lexus LX 470 - found: 1, pass primary filters: 1, did not pass the filter by color: 1, added: 0, new vincodes: 0
04-07-2011 07:05:15 --- INFO: Toyota Land Cruiser - found: 0, pass primary filters: 0, did not pass the filter by color: 0, added: 0, new vincodes: 0
04-07-2011 07:05:17 --- INFO: Honda CR-V - found: 4, pass primary filters: 0, did not pass the filter by color: 0, added: 0, new vincodes: 0
04-07-2011 07:05:18 --- INFO: Honda CR-V - found: 0, pass primary filters: 0, did not pass the filter by color: 0, added: 0, new vincodes: 0
04-07-2011 07:05:19 --- INFO: Mitsubishi Montero 4WD Limited - found: 2, pass primary filters: 0, did not pass the filter by color: 0, added: 0, new vincodes: 0
04-07-2011 07:05:20 --- INFO: Toyota 4RUNNER 4WD Limited - found: 10, pass primary filters: 2, did not pass the filter by color: 2, added: 0, new vincodes: 0
04-07-2011 07:05:22 --- INFO: Toyota RAV 4 - found: 2, pass primary filters: 2, did not pass the filter by color: 0, added: 2, new vincodes: 0
04-07-2011 07:05:23 --- INFO: Toyota Highlander 4WD - found: 2, pass primary filters: 0, did not pass the filter by color: 0, added: 0, new vincodes: 0
04-07-2011 07:05:24 --- INFO: Subaru Forester - found: 3, pass primary filters: 3, did not pass the filter by color: 0, added: 3, new vincodes: 0
04-07-2011 07:05:25 --- INFO: Nissan Rogue - found: 2, pass primary filters: 0, did not pass the filter by color: 0, added: 0, new vincodes: 0
04-07-2011 07:05:27 --- INFO: Toyota Highlander - found: 6, pass primary filters: 6, did not pass the filter by color: 3, added: 3, new vincodes: 0
04-07-2011 07:05:28 --- INFO: Acura MDX - found: 0, pass primary filters: 0, did not pass the filter by color: 0, added: 0, new vincodes: 0
04-07-2011 07:05:28 --- INFO: finish: 04-07-2011 07:05:28
04-07-2011 07:05:28 --- INFO: elapsed time: ~27.15 sec., memory usage: ~2.27 Mb.
04-07-2011 07:10:01 --- INFO: start: 04-07-2011 07:10:01
04-07-2011 07:10:01 --- INFO: ----------Source_Ebay (cli)
04-07-2011 07:10:21 --- INFO: Lexus RX 300 - found: 24, pass primary filters: 1, did not pass the filter by color: 0, added: 1, new vincodes: 0
04-07-2011 07:12:24 --- INFO: Lexus RX 330 - found: 85, pass primary filters: 18, did not pass the filter by color: 7, added: 11, new vincodes: 0
04-07-2011 07:13:49 --- INFO: Lexus RX 400H - found: 57, pass primary filters: 4, did not pass the filter by color: 0, added: 4, new vincodes: 0
04-07-2011 07:14:16 --- INFO: Lexus GX 470 - found: 31, pass primary filters: 12, did not pass the filter by color: 10, added: 2, new vincodes: 0
04-07-2011 07:14:37 --- INFO: Lexus GX 470 - found: 24, pass primary filters: 14, did not pass the filter by color: 14, added: 0, new vincodes: 0
04-07-2011 07:14:44 --- INFO: Lexus LX 470 - found: 8, pass primary filters: 4, did not pass the filter by color: 3, added: 1, new vincodes: 0
04-07-2011 07:14:53 --- INFO: Lexus LX 470 - found: 11, pass primary filters: 6, did not pass the filter by color: 6, added: 0, new vincodes: 0
04-07-2011 07:15:02 --- INFO: Toyota Land Cruiser - found: 10, pass primary filters: 9, did not pass the filter by color: 9, added: 0, new vincodes: 0
04-07-2011 07:15:17 --- INFO: Honda CR-V - found: 17, pass primary filters: 1, did not pass the filter by color: 0, added: 1, new vincodes: 0
04-07-2011 07:16:49 --- INFO: Honda CR-V - found: 61, pass primary filters: 0, did not pass the filter by color: 0, added: 0, new vincodes: 0
04-07-2011 07:16:54 --- INFO: Mitsubishi Montero 4WD Limited - found: 5, pass primary filters: 0, did not pass the filter by color: 0, added: 0, new vincodes: 0
04-07-2011 07:18:29 --- INFO: Toyota 4RUNNER 4WD Limited - found: 70, pass primary filters: 48, did not pass the filter by color: 32, added: 16, new vincodes: 0
04-07-2011 07:18:41 --- INFO: Toyota RAV 4 - found: 15, pass primary filters: 4, did not pass the filter by color: 3, added: 1, new vincodes: 0
04-07-2011 07:19:09 --- INFO: Toyota Highlander 4WD - found: 37, pass primary filters: 1, did not pass the filter by color: 1, added: 0, new vincodes: 0
04-07-2011 07:20:29 --- INFO: Subaru Forester - found: 54, pass primary filters: 4, did not pass the filter by color: 0, added: 4, new vincodes: 0
04-07-2011 07:21:05 --- INFO: Nissan Rogue - found: 37, pass primary filters: 1, did not pass the filter by color: 0, added: 1, new vincodes: 0
04-07-2011 07:21:37 --- INFO: Toyota Highlander - found: 37, pass primary filters: 9, did not pass the filter by color: 8, added: 1, new vincodes: 0
04-07-2011 07:21:54 --- INFO: Acura MDX - found: 18, pass primary filters: 1, did not pass the filter by color: 0, added: 1, new vincodes: 0
04-07-2011 07:21:54 --- INFO: finish: 04-07-2011 07:21:54
04-07-2011 07:21:54 --- INFO: elapsed time: ~713.11 sec., memory usage: ~3 Mb.
04-07-2011 08:10:01 --- INFO: start: 04-07-2011 08:10:01
04-07-2011 08:10:01 --- INFO: ----------Source_Adesa (cli)
04-07-2011 08:10:02 --- INFO: Authorized request
04-07-2011 08:10:04 --- ERROR: 500 Internal Server Error
04-07-2011 08:10:04 --- INFO: finish: 04-07-2011 08:10:04
04-07-2011 08:10:04 --- INFO: elapsed time: ~2.63 sec., memory usage: ~1.64 Mb.
04-07-2011 08:10:01 --- INFO: start: 04-07-2011 08:10:01
04-07-2011 08:10:01 --- INFO: ----------Source_Gsmotors (cli)
04-07-2011 08:10:40 --- INFO: Lexus RX 300 - found: 77, pass primary filters: 22, did not pass the filter by color: 4, added: 18, new vincodes: 0
04-07-2011 08:12:14 --- INFO: Lexus RX 330 - found: 177, pass primary filters: 38, did not pass the filter by color: 11, added: 27, new vincodes: 0
04-07-2011 08:12:28 --- INFO: Lexus RX 400H - found: 19, pass primary filters: 2, did not pass the filter by color: 0, added: 2, new vincodes: 0
04-07-2011 08:13:03 --- INFO: Lexus GX 470 - found: 64, pass primary filters: 33, did not pass the filter by color: 25, added: 8, new vincodes: 0
04-07-2011 08:13:50 --- INFO: Lexus GX 470 - found: 94, pass primary filters: 57, did not pass the filter by color: 46, added: 11, new vincodes: 0
04-07-2011 08:14:00 --- INFO: Lexus LX 470 - found: 18, pass primary filters: 16, did not pass the filter by color: 16, added: 0, new vincodes: 0
04-07-2011 08:14:14 --- INFO: Lexus LX 470 - found: 22, pass primary filters: 15, did not pass the filter by color: 14, added: 1, new vincodes: 0
04-07-2011 08:14:22 --- INFO: Toyota Land Cruiser - found: 13, pass primary filters: 11, did not pass the filter by color: 11, added: 0, new vincodes: 0
04-07-2011 08:15:04 --- INFO: Honda CR-V - found: 64, pass primary filters: 3, did not pass the filter by color: 0, added: 3, new vincodes: 0
04-07-2011 08:16:39 --- INFO: Honda CR-V - found: 182, pass primary filters: 8, did not pass the filter by color: 0, added: 8, new vincodes: 0
04-07-2011 08:17:30 --- INFO: Mitsubishi Montero 4WD Limited - found: 78, pass primary filters: 15, did not pass the filter by color: 15, added: 0, new vincodes: 0
04-07-2011 08:19:10 --- INFO: Toyota 4RUNNER 4WD Limited - found: 201, pass primary filters: 55, did not pass the filter by color: 44, added: 11, new vincodes: 0
04-07-2011 08:19:31 --- INFO: Toyota RAV 4 - found: 40, pass primary filters: 21, did not pass the filter by color: 15, added: 6, new vincodes: 0
04-07-2011 08:20:20 --- INFO: Toyota Highlander 4WD - found: 75, pass primary filters: 2, did not pass the filter by color: 2, added: 0, new vincodes: 0
04-07-2011 08:21:32 --- INFO: Subaru Forester - found: 143, pass primary filters: 19, did not pass the filter by color: 0, added: 19, new vincodes: 0
04-07-2011 08:22:42 --- INFO: Nissan Rogue - found: 109, pass primary filters: 11, did not pass the filter by color: 0, added: 11, new vincodes: 0
04-07-2011 08:23:19 --- INFO: Toyota Highlander - found: 75, pass primary filters: 40, did not pass the filter by color: 31, added: 9, new vincodes: 0
04-07-2011 08:23:56 --- INFO: Acura MDX - found: 58, pass primary filters: 3, did not pass the filter by color: 0, added: 3, new vincodes: 0
04-07-2011 08:23:56 --- INFO: finish: 04-07-2011 08:23:56
04-07-2011 08:23:56 --- INFO: elapsed time: ~834.8 sec., memory usage: ~4.63 Mb.
04-07-2011 09:10:01 --- INFO: start: 04-07-2011 09:10:01
04-07-2011 09:10:01 --- INFO: ----------Source_Adesa (cli)
04-07-2011 09:10:02 --- INFO: Authorized request
04-07-2011 09:10:03 --- ERROR: 500 Internal Server Error
04-07-2011 09:10:03 --- INFO: finish: 04-07-2011 09:10:03
04-07-2011 09:10:03 --- INFO: elapsed time: ~1.18 sec., memory usage: ~1.64 Mb.
04-07-2011 09:10:01 --- INFO: start: 04-07-2011 09:10:01
04-07-2011 09:10:01 --- INFO: ----------Source_Gsmotors (cli)
04-07-2011 09:10:40 --- INFO: Lexus RX 300 - found: 77, pass primary filters: 22, did not pass the filter by color: 4, added: 18, new vincodes: 0
04-07-2011 09:12:08 --- INFO: Lexus RX 330 - found: 177, pass primary filters: 38, did not pass the filter by color: 11, added: 27, new vincodes: 0
04-07-2011 09:12:26 --- INFO: Lexus RX 400H - found: 19, pass primary filters: 2, did not pass the filter by color: 0, added: 2, new vincodes: 0
04-07-2011 09:13:01 --- INFO: Lexus GX 470 - found: 64, pass primary filters: 33, did not pass the filter by color: 24, added: 9, new vincodes: 0
04-07-2011 09:13:51 --- INFO: Lexus GX 470 - found: 94, pass primary filters: 57, did not pass the filter by color: 46, added: 11, new vincodes: 0
04-07-2011 09:14:01 --- INFO: Lexus LX 470 - found: 18, pass primary filters: 16, did not pass the filter by color: 16, added: 0, new vincodes: 0
04-07-2011 09:14:13 --- INFO: Lexus LX 470 - found: 22, pass primary filters: 15, did not pass the filter by color: 14, added: 1, new vincodes: 0
04-07-2011 09:14:21 --- INFO: Toyota Land Cruiser - found: 13, pass primary filters: 11, did not pass the filter by color: 11, added: 0, new vincodes: 0
04-07-2011 09:15:03 --- INFO: Honda CR-V - found: 64, pass primary filters: 3, did not pass the filter by color: 0, added: 3, new vincodes: 0
04-07-2011 09:16:40 --- INFO: Honda CR-V - found: 182, pass primary filters: 8, did not pass the filter by color: 0, added: 8, new vincodes: 0
04-07-2011 09:17:26 --- INFO: Mitsubishi Montero 4WD Limited - found: 78, pass primary filters: 15, did not pass the filter by color: 15, added: 0, new vincodes: 0
04-07-2011 09:19:06 --- INFO: Toyota 4RUNNER 4WD Limited - found: 201, pass primary filters: 55, did not pass the filter by color: 44, added: 11, new vincodes: 0
04-07-2011 09:19:26 --- INFO: Toyota RAV 4 - found: 40, pass primary filters: 21, did not pass the filter by color: 15, added: 6, new vincodes: 0
04-07-2011 09:20:12 --- INFO: Toyota Highlander 4WD - found: 75, pass primary filters: 2, did not pass the filter by color: 2, added: 0, new vincodes: 0
04-07-2011 09:21:27 --- INFO: Subaru Forester - found: 143, pass primary filters: 19, did not pass the filter by color: 0, added: 19, new vincodes: 0
04-07-2011 09:22:36 --- INFO: Nissan Rogue - found: 109, pass primary filters: 11, did not pass the filter by color: 0, added: 11, new vincodes: 0
04-07-2011 09:23:21 --- INFO: Toyota Highlander - found: 75, pass primary filters: 40, did not pass the filter by color: 31, added: 9, new vincodes: 0
04-07-2011 09:23:56 --- INFO: Acura MDX - found: 58, pass primary filters: 3, did not pass the filter by color: 0, added: 3, new vincodes: 0
04-07-2011 09:23:56 --- INFO: finish: 04-07-2011 09:23:56
04-07-2011 09:23:56 --- INFO: elapsed time: ~835.14 sec., memory usage: ~4.63 Mb.
04-07-2011 10:00:02 --- INFO: start: 04-07-2011 10:00:02
04-07-2011 10:00:02 --- INFO: ----------Source_Adesa (cli)
04-07-2011 10:00:02 --- INFO: Authorized request
04-07-2011 10:00:03 --- ERROR: 500 Internal Server Error
04-07-2011 10:00:03 --- INFO: finish: 04-07-2011 10:00:03
04-07-2011 10:00:03 --- INFO: elapsed time: ~1.11 sec., memory usage: ~1.64 Mb.
04-07-2011 10:00:02 --- INFO: start: 04-07-2011 10:00:02
04-07-2011 10:00:02 --- INFO: ----------Source_Gsmotors (cli)
04-07-2011 10:00:49 --- INFO: Lexus RX 300 - found: 77, pass primary filters: 22, did not pass the filter by color: 5, added: 17, new vincodes: 0
04-07-2011 10:02:39 --- INFO: Lexus RX 330 - found: 177, pass primary filters: 38, did not pass the filter by color: 11, added: 27, new vincodes: 0
04-07-2011 10:02:50 --- INFO: Lexus RX 400H - found: 19, pass primary filters: 2, did not pass the filter by color: 0, added: 2, new vincodes: 0
04-07-2011 10:03:24 --- INFO: Lexus GX 470 - found: 64, pass primary filters: 33, did not pass the filter by color: 25, added: 8, new vincodes: 0
04-07-2011 10:04:23 --- INFO: Lexus GX 470 - found: 94, pass primary filters: 57, did not pass the filter by color: 45, added: 12, new vincodes: 0
04-07-2011 10:04:33 --- INFO: Lexus LX 470 - found: 18, pass primary filters: 16, did not pass the filter by color: 16, added: 0, new vincodes: 0
04-07-2011 10:04:47 --- INFO: Lexus LX 470 - found: 22, pass primary filters: 15, did not pass the filter by color: 14, added: 1, new vincodes: 0
04-07-2011 10:04:56 --- INFO: Toyota Land Cruiser - found: 13, pass primary filters: 11, did not pass the filter by color: 11, added: 0, new vincodes: 0
04-07-2011 10:05:34 --- INFO: Honda CR-V - found: 64, pass primary filters: 3, did not pass the filter by color: 0, added: 3, new vincodes: 0
04-07-2011 10:07:20 --- INFO: Honda CR-V - found: 182, pass primary filters: 8, did not pass the filter by color: 0, added: 8, new vincodes: 0
04-07-2011 10:08:08 --- INFO: Mitsubishi Montero 4WD Limited - found: 78, pass primary filters: 15, did not pass the filter by color: 15, added: 0, new vincodes: 0
04-07-2011 10:10:03 --- INFO: Toyota 4RUNNER 4WD Limited - found: 201, pass primary filters: 55, did not pass the filter by color: 44, added: 11, new vincodes: 0
04-07-2011 10:10:25 --- INFO: Toyota RAV 4 - found: 40, pass primary filters: 21, did not pass the filter by color: 15, added: 6, new vincodes: 0
04-07-2011 10:11:03 --- INFO: Toyota Highlander 4WD - found: 75, pass primary filters: 2, did not pass the filter by color: 2, added: 0, new vincodes: 0
04-07-2011 10:12:25 --- INFO: Subaru Forester - found: 143, pass primary filters: 19, did not pass the filter by color: 0, added: 19, new vincodes: 0
04-07-2011 10:13:24 --- INFO: Nissan Rogue - found: 109, pass primary filters: 11, did not pass the filter by color: 0, added: 11, new vincodes: 0
04-07-2011 10:14:03 --- INFO: Toyota Highlander - found: 75, pass primary filters: 40, did not pass the filter by color: 31, added: 9, new vincodes: 0
04-07-2011 10:14:34 --- INFO: Acura MDX - found: 58, pass primary filters: 3, did not pass the filter by color: 0, added: 3, new vincodes: 0
04-07-2011 10:14:34 --- INFO: finish: 04-07-2011 10:14:34
04-07-2011 10:14:34 --- INFO: elapsed time: ~872.03 sec., memory usage: ~4.63 Mb.
04-07-2011 11:05:01 --- INFO: start: 04-07-2011 11:05:01
04-07-2011 11:05:01 --- INFO: ----------Source_Openlane (cli)
04-07-2011 11:05:04 --- INFO: Authorized request
04-07-2011 11:05:06 --- INFO: Lexus RX 300 - found: 1, pass primary filters: 1, did not pass the filter by color: 0, added: 1, new vincodes: 0
04-07-2011 11:05:07 --- INFO: Lexus RX 330 - found: 7, pass primary filters: 3, did not pass the filter by color: 1, added: 2, new vincodes: 0
04-07-2011 11:05:09 --- INFO: Lexus RX 400H - found: 1, pass primary filters: 0, did not pass the filter by color: 0, added: 0, new vincodes: 0
04-07-2011 11:05:10 --- INFO: Lexus GX 470 - found: 5, pass primary filters: 5, did not pass the filter by color: 4, added: 1, new vincodes: 0
04-07-2011 11:05:12 --- INFO: Lexus GX 470 - found: 9, pass primary filters: 9, did not pass the filter by color: 8, added: 1, new vincodes: 0
04-07-2011 11:05:13 --- INFO: Lexus LX 470 - found: 3, pass primary filters: 3, did not pass the filter by color: 2, added: 1, new vincodes: 0
04-07-2011 11:05:14 --- INFO: Lexus LX 470 - found: 1, pass primary filters: 1, did not pass the filter by color: 1, added: 0, new vincodes: 0
04-07-2011 11:05:15 --- INFO: Toyota Land Cruiser - found: 0, pass primary filters: 0, did not pass the filter by color: 0, added: 0, new vincodes: 0
04-07-2011 11:05:17 --- INFO: Honda CR-V - found: 4, pass primary filters: 0, did not pass the filter by color: 0, added: 0, new vincodes: 0
04-07-2011 11:05:18 --- INFO: Honda CR-V - found: 0, pass primary filters: 0, did not pass the filter by color: 0, added: 0, new vincodes: 0
04-07-2011 11:05:19 --- INFO: Mitsubishi Montero 4WD Limited - found: 2, pass primary filters: 0, did not pass the filter by color: 0, added: 0, new vincodes: 0
04-07-2011 11:05:21 --- INFO: Toyota 4RUNNER 4WD Limited - found: 10, pass primary filters: 2, did not pass the filter by color: 2, added: 0, new vincodes: 0
04-07-2011 11:05:22 --- INFO: Toyota RAV 4 - found: 2, pass primary filters: 2, did not pass the filter by color: 0, added: 2, new vincodes: 0
04-07-2011 11:05:23 --- INFO: Toyota Highlander 4WD - found: 2, pass primary filters: 0, did not pass the filter by color: 0, added: 0, new vincodes: 0
04-07-2011 11:05:25 --- INFO: Subaru Forester - found: 3, pass primary filters: 3, did not pass the filter by color: 0, added: 3, new vincodes: 0
04-07-2011 11:05:26 --- INFO: Nissan Rogue - found: 2, pass primary filters: 0, did not pass the filter by color: 0, added: 0, new vincodes: 0
04-07-2011 11:05:27 --- INFO: Toyota Highlander - found: 6, pass primary filters: 6, did not pass the filter by color: 3, added: 3, new vincodes: 0
04-07-2011 11:05:29 --- INFO: Acura MDX - found: 0, pass primary filters: 0, did not pass the filter by color: 0, added: 0, new vincodes: 0
04-07-2011 11:05:29 --- INFO: finish: 04-07-2011 11:05:29
04-07-2011 11:05:29 --- INFO: elapsed time: ~27.92 sec., memory usage: ~2.27 Mb.
04-07-2011 11:10:01 --- INFO: start: 04-07-2011 11:10:01
04-07-2011 11:10:01 --- INFO: ----------Source_Adesa (cli)
04-07-2011 11:10:02 --- INFO: Authorized request
04-07-2011 11:10:02 --- ERROR: 500 Internal Server Error
04-07-2011 11:10:02 --- INFO: finish: 04-07-2011 11:10:02
04-07-2011 11:10:02 --- INFO: elapsed time: ~1.26 sec., memory usage: ~1.64 Mb.
04-07-2011 11:10:01 --- INFO: start: 04-07-2011 11:10:01
04-07-2011 11:10:01 --- INFO: ----------Source_Ebay (cli)
04-07-2011 11:10:20 --- INFO: Lexus RX 300 - found: 24, pass primary filters: 1, did not pass the filter by color: 0, added: 1, new vincodes: 0
04-07-2011 11:12:17 --- INFO: Lexus RX 330 - found: 84, pass primary filters: 18, did not pass the filter by color: 6, added: 12, new vincodes: 0
04-07-2011 11:13:34 --- INFO: Lexus RX 400H - found: 56, pass primary filters: 4, did not pass the filter by color: 0, added: 4, new vincodes: 0
04-07-2011 11:13:57 --- INFO: Lexus GX 470 - found: 31, pass primary filters: 12, did not pass the filter by color: 10, added: 2, new vincodes: 0
04-07-2011 11:14:17 --- INFO: Lexus GX 470 - found: 24, pass primary filters: 14, did not pass the filter by color: 13, added: 1, new vincodes: 0
04-07-2011 11:14:25 --- INFO: Lexus LX 470 - found: 8, pass primary filters: 4, did not pass the filter by color: 3, added: 1, new vincodes: 0
04-07-2011 11:14:34 --- INFO: Lexus LX 470 - found: 11, pass primary filters: 6, did not pass the filter by color: 6, added: 0, new vincodes: 0
04-07-2011 11:14:42 --- INFO: Toyota Land Cruiser - found: 9, pass primary filters: 8, did not pass the filter by color: 8, added: 0, new vincodes: 0
04-07-2011 11:14:55 --- INFO: Honda CR-V - found: 17, pass primary filters: 1, did not pass the filter by color: 0, added: 1, new vincodes: 0
04-07-2011 11:16:29 --- INFO: Honda CR-V - found: 62, pass primary filters: 0, did not pass the filter by color: 0, added: 0, new vincodes: 0
04-07-2011 11:16:34 --- INFO: Mitsubishi Montero 4WD Limited - found: 5, pass primary filters: 0, did not pass the filter by color: 0, added: 0, new vincodes: 0
04-07-2011 11:18:16 --- INFO: Toyota 4RUNNER 4WD Limited - found: 68, pass primary filters: 48, did not pass the filter by color: 33, added: 15, new vincodes: 0
04-07-2011 11:18:29 --- INFO: Toyota RAV 4 - found: 15, pass primary filters: 4, did not pass the filter by color: 3, added: 1, new vincodes: 0
04-07-2011 11:19:01 --- INFO: Toyota Highlander 4WD - found: 37, pass primary filters: 1, did not pass the filter by color: 1, added: 0, new vincodes: 0
04-07-2011 11:20:25 --- INFO: Subaru Forester - found: 54, pass primary filters: 4, did not pass the filter by color: 0, added: 4, new vincodes: 0
04-07-2011 11:20:56 --- INFO: Nissan Rogue - found: 37, pass primary filters: 1, did not pass the filter by color: 0, added: 1, new vincodes: 0
04-07-2011 11:21:24 --- INFO: Toyota Highlander - found: 37, pass primary filters: 9, did not pass the filter by color: 8, added: 1, new vincodes: 0
04-07-2011 11:21:39 --- INFO: Acura MDX - found: 17, pass primary filters: 1, did not pass the filter by color: 0, added: 1, new vincodes: 0
04-07-2011 11:21:39 --- INFO: finish: 04-07-2011 11:21:39
04-07-2011 11:21:39 --- INFO: elapsed time: ~697.93 sec., memory usage: ~2.99 Mb.
04-07-2011 11:10:01 --- INFO: start: 04-07-2011 11:10:01
04-07-2011 11:10:01 --- INFO: ----------Source_Gsmotors (cli)
04-07-2011 11:11:20 --- INFO: Lexus RX 300 - found: 80, pass primary filters: 25, did not pass the filter by color: 6, added: 19, new vincodes: 1
04-07-2011 11:14:42 --- INFO: Lexus RX 330 - found: 186, pass primary filters: 41, did not pass the filter by color: 13, added: 28, new vincodes: 0
04-07-2011 11:15:03 --- INFO: Lexus RX 400H - found: 20, pass primary filters: 2, did not pass the filter by color: 0, added: 2, new vincodes: 0
04-07-2011 11:16:23 --- INFO: Lexus GX 470 - found: 66, pass primary filters: 33, did not pass the filter by color: 24, added: 9, new vincodes: 0
04-07-2011 11:18:09 --- INFO: Lexus GX 470 - found: 99, pass primary filters: 59, did not pass the filter by color: 48, added: 11, new vincodes: 1
04-07-2011 11:18:31 --- INFO: Lexus LX 470 - found: 19, pass primary filters: 17, did not pass the filter by color: 17, added: 0, new vincodes: 1
04-07-2011 11:18:58 --- INFO: Lexus LX 470 - found: 23, pass primary filters: 16, did not pass the filter by color: 15, added: 1, new vincodes: 1
04-07-2011 11:19:14 --- INFO: Toyota Land Cruiser - found: 14, pass primary filters: 11, did not pass the filter by color: 11, added: 0, new vincodes: 0
04-07-2011 11:20:26 --- INFO: Honda CR-V - found: 66, pass primary filters: 4, did not pass the filter by color: 0, added: 4, new vincodes: 1
04-07-2011 11:24:31 --- INFO: Honda CR-V - found: 185, pass primary filters: 9, did not pass the filter by color: 0, added: 9, new vincodes: 0
04-07-2011 11:26:05 --- INFO: Mitsubishi Montero 4WD Limited - found: 81, pass primary filters: 15, did not pass the filter by color: 15, added: 0, new vincodes: 0
04-07-2011 11:30:08 --- INFO: Toyota 4RUNNER 4WD Limited - found: 213, pass primary filters: 57, did not pass the filter by color: 45, added: 12, new vincodes: 0
04-07-2011 11:30:47 --- INFO: Toyota RAV 4 - found: 41, pass primary filters: 21, did not pass the filter by color: 15, added: 6, new vincodes: 0
04-07-2011 11:32:21 --- INFO: Toyota Highlander 4WD - found: 83, pass primary filters: 2, did not pass the filter by color: 2, added: 0, new vincodes: 0
04-07-2011 11:35:47 --- INFO: Subaru Forester - found: 144, pass primary filters: 19, did not pass the filter by color: 0, added: 19, new vincodes: 0
04-07-2011 11:38:33 --- INFO: Nissan Rogue - found: 110, pass primary filters: 12, did not pass the filter by color: 0, added: 12, new vincodes: 0
04-07-2011 11:39:17 --- INFO: Toyota Highlander - found: 83, pass primary filters: 42, did not pass the filter by color: 32, added: 10, new vincodes: 2
04-07-2011 11:40:20 --- INFO: Acura MDX - found: 56, pass primary filters: 3, did not pass the filter by color: 0, added: 3, new vincodes: 0
04-07-2011 11:40:20 --- INFO: finish: 04-07-2011 11:40:20
04-07-2011 11:40:20 --- INFO: elapsed time: ~1819.35 sec., memory usage: ~4.83 Mb.
04-07-2011 12:20:01 --- INFO: start: 04-07-2011 12:20:01
04-07-2011 12:20:01 --- INFO: ----------Source_Adesa (cli)
04-07-2011 12:20:02 --- INFO: Authorized request
04-07-2011 12:20:03 --- ERROR: 500 Internal Server Error
04-07-2011 12:20:03 --- INFO: finish: 04-07-2011 12:20:03
04-07-2011 12:20:03 --- INFO: elapsed time: ~1.25 sec., memory usage: ~1.64 Mb.
04-07-2011 12:20:01 --- INFO: start: 04-07-2011 12:20:01
04-07-2011 12:20:01 --- INFO: ----------Source_Gsmotors (cli)
04-07-2011 12:20:47 --- INFO: Lexus RX 300 - found: 80, pass primary filters: 25, did not pass the filter by color: 6, added: 19, new vincodes: 0
04-07-2011 12:22:44 --- INFO: Lexus RX 330 - found: 186, pass primary filters: 41, did not pass the filter by color: 13, added: 28, new vincodes: 0
04-07-2011 12:22:54 --- INFO: Lexus RX 400H - found: 20, pass primary filters: 2, did not pass the filter by color: 0, added: 2, new vincodes: 0
04-07-2011 12:23:28 --- INFO: Lexus GX 470 - found: 66, pass primary filters: 33, did not pass the filter by color: 25, added: 8, new vincodes: 0
04-07-2011 12:24:16 --- INFO: Lexus GX 470 - found: 99, pass primary filters: 59, did not pass the filter by color: 48, added: 11, new vincodes: 0
04-07-2011 12:24:29 --- INFO: Lexus LX 470 - found: 19, pass primary filters: 17, did not pass the filter by color: 17, added: 0, new vincodes: 0
04-07-2011 12:24:43 --- INFO: Lexus LX 470 - found: 23, pass primary filters: 16, did not pass the filter by color: 15, added: 1, new vincodes: 0
04-07-2011 12:24:52 --- INFO: Toyota Land Cruiser - found: 14, pass primary filters: 11, did not pass the filter by color: 11, added: 0, new vincodes: 0
04-07-2011 12:25:28 --- INFO: Honda CR-V - found: 66, pass primary filters: 4, did not pass the filter by color: 0, added: 4, new vincodes: 0
04-07-2011 12:27:22 --- INFO: Honda CR-V - found: 185, pass primary filters: 9, did not pass the filter by color: 0, added: 9, new vincodes: 0
04-07-2011 12:28:09 --- INFO: Mitsubishi Montero 4WD Limited - found: 81, pass primary filters: 15, did not pass the filter by color: 15, added: 0, new vincodes: 0
04-07-2011 12:29:54 --- INFO: Toyota 4RUNNER 4WD Limited - found: 213, pass primary filters: 57, did not pass the filter by color: 45, added: 12, new vincodes: 0
04-07-2011 12:30:15 --- INFO: Toyota RAV 4 - found: 41, pass primary filters: 21, did not pass the filter by color: 15, added: 6, new vincodes: 0
04-07-2011 12:30:56 --- INFO: Toyota Highlander 4WD - found: 83, pass primary filters: 2, did not pass the filter by color: 2, added: 0, new vincodes: 0
04-07-2011 12:32:24 --- INFO: Subaru Forester - found: 144, pass primary filters: 19, did not pass the filter by color: 0, added: 19, new vincodes: 0
04-07-2011 12:33:22 --- INFO: Nissan Rogue - found: 110, pass primary filters: 12, did not pass the filter by color: 0, added: 12, new vincodes: 0
04-07-2011 12:34:03 --- INFO: Toyota Highlander - found: 83, pass primary filters: 42, did not pass the filter by color: 32, added: 10, new vincodes: 0
04-07-2011 12:34:33 --- INFO: Acura MDX - found: 56, pass primary filters: 3, did not pass the filter by color: 0, added: 3, new vincodes: 0
04-07-2011 12:34:33 --- INFO: finish: 04-07-2011 12:34:33
04-07-2011 12:34:33 --- INFO: elapsed time: ~871.85 sec., memory usage: ~4.75 Mb.
04-07-2011 13:20:01 --- INFO: start: 04-07-2011 13:20:01
04-07-2011 13:20:01 --- INFO: ----------Source_Adesa (cli)
04-07-2011 13:20:02 --- INFO: Authorized request
04-07-2011 13:20:02 --- ERROR: 500 Internal Server Error
04-07-2011 13:20:02 --- INFO: finish: 04-07-2011 13:20:02
04-07-2011 13:20:02 --- INFO: elapsed time: ~1.16 sec., memory usage: ~1.64 Mb.
04-07-2011 13:20:01 --- INFO: start: 04-07-2011 13:20:01
04-07-2011 13:20:01 --- INFO: ----------Source_Gsmotors (cli)
04-07-2011 13:20:39 --- INFO: Lexus RX 300 - found: 80, pass primary filters: 25, did not pass the filter by color: 6, added: 19, new vincodes: 0
04-07-2011 13:22:34 --- INFO: Lexus RX 330 - found: 186, pass primary filters: 41, did not pass the filter by color: 13, added: 28, new vincodes: 0
04-07-2011 13:22:46 --- INFO: Lexus RX 400H - found: 20, pass primary filters: 2, did not pass the filter by color: 0, added: 2, new vincodes: 0
04-07-2011 13:23:26 --- INFO: Lexus GX 470 - found: 66, pass primary filters: 33, did not pass the filter by color: 24, added: 9, new vincodes: 0
04-07-2011 13:24:12 --- INFO: Lexus GX 470 - found: 99, pass primary filters: 59, did not pass the filter by color: 48, added: 11, new vincodes: 0
04-07-2011 13:24:24 --- INFO: Lexus LX 470 - found: 19, pass primary filters: 17, did not pass the filter by color: 17, added: 0, new vincodes: 0
04-07-2011 13:24:38 --- INFO: Lexus LX 470 - found: 23, pass primary filters: 16, did not pass the filter by color: 15, added: 1, new vincodes: 0
04-07-2011 13:24:47 --- INFO: Toyota Land Cruiser - found: 14, pass primary filters: 11, did not pass the filter by color: 11, added: 0, new vincodes: 0
04-07-2011 13:25:24 --- INFO: Honda CR-V - found: 66, pass primary filters: 4, did not pass the filter by color: 0, added: 4, new vincodes: 0
04-07-2011 13:27:16 --- INFO: Honda CR-V - found: 185, pass primary filters: 9, did not pass the filter by color: 0, added: 9, new vincodes: 0
04-07-2011 13:27:59 --- INFO: Mitsubishi Montero 4WD Limited - found: 81, pass primary filters: 15, did not pass the filter by color: 15, added: 0, new vincodes: 0
04-07-2011 13:29:38 --- INFO: Toyota 4RUNNER 4WD Limited - found: 213, pass primary filters: 57, did not pass the filter by color: 45, added: 12, new vincodes: 0
04-07-2011 13:29:58 --- INFO: Toyota RAV 4 - found: 41, pass primary filters: 21, did not pass the filter by color: 15, added: 6, new vincodes: 0
04-07-2011 13:30:38 --- INFO: Toyota Highlander 4WD - found: 83, pass primary filters: 2, did not pass the filter by color: 2, added: 0, new vincodes: 0
04-07-2011 13:31:51 --- INFO: Subaru Forester - found: 144, pass primary filters: 19, did not pass the filter by color: 0, added: 19, new vincodes: 0
04-07-2011 13:33:08 --- INFO: Nissan Rogue - found: 110, pass primary filters: 12, did not pass the filter by color: 0, added: 12, new vincodes: 0
04-07-2011 13:33:48 --- INFO: Toyota Highlander - found: 83, pass primary filters: 42, did not pass the filter by color: 32, added: 10, new vincodes: 0
04-07-2011 13:34:17 --- INFO: Acura MDX - found: 56, pass primary filters: 3, did not pass the filter by color: 0, added: 3, new vincodes: 0
04-07-2011 13:34:17 --- INFO: finish: 04-07-2011 13:34:17
04-07-2011 13:34:17 --- INFO: elapsed time: ~856.12 sec., memory usage: ~4.75 Mb.
04-07-2011 15:05:01 --- INFO: start: 04-07-2011 15:05:01
04-07-2011 15:05:01 --- INFO: ----------Source_Openlane (cli)
04-07-2011 15:05:05 --- INFO: Authorized request
04-07-2011 15:05:06 --- INFO: Lexus RX 300 - found: 1, pass primary filters: 1, did not pass the filter by color: 0, added: 1, new vincodes: 0
04-07-2011 15:05:08 --- INFO: Lexus RX 330 - found: 7, pass primary filters: 3, did not pass the filter by color: 1, added: 2, new vincodes: 0
04-07-2011 15:05:09 --- INFO: Lexus RX 400H - found: 1, pass primary filters: 0, did not pass the filter by color: 0, added: 0, new vincodes: 0
04-07-2011 15:05:11 --- INFO: Lexus GX 470 - found: 5, pass primary filters: 5, did not pass the filter by color: 4, added: 1, new vincodes: 0
04-07-2011 15:05:12 --- INFO: Lexus GX 470 - found: 9, pass primary filters: 9, did not pass the filter by color: 7, added: 2, new vincodes: 0
04-07-2011 15:05:13 --- INFO: Lexus LX 470 - found: 3, pass primary filters: 3, did not pass the filter by color: 2, added: 1, new vincodes: 0
04-07-2011 15:05:15 --- INFO: Lexus LX 470 - found: 1, pass primary filters: 1, did not pass the filter by color: 1, added: 0, new vincodes: 0
04-07-2011 15:05:16 --- INFO: Toyota Land Cruiser - found: 0, pass primary filters: 0, did not pass the filter by color: 0, added: 0, new vincodes: 0
04-07-2011 15:05:17 --- INFO: Honda CR-V - found: 4, pass primary filters: 0, did not pass the filter by color: 0, added: 0, new vincodes: 0
04-07-2011 15:05:18 --- INFO: Honda CR-V - found: 0, pass primary filters: 0, did not pass the filter by color: 0, added: 0, new vincodes: 0
04-07-2011 15:05:19 --- INFO: Mitsubishi Montero 4WD Limited - found: 2, pass primary filters: 0, did not pass the filter by color: 0, added: 0, new vincodes: 0
04-07-2011 15:05:21 --- INFO: Toyota 4RUNNER 4WD Limited - found: 10, pass primary filters: 2, did not pass the filter by color: 2, added: 0, new vincodes: 0
04-07-2011 15:05:22 --- INFO: Toyota RAV 4 - found: 2, pass primary filters: 2, did not pass the filter by color: 0, added: 2, new vincodes: 0
04-07-2011 15:05:23 --- INFO: Toyota Highlander 4WD - found: 2, pass primary filters: 0, did not pass the filter by color: 0, added: 0, new vincodes: 0
04-07-2011 15:05:25 --- INFO: Subaru Forester - found: 3, pass primary filters: 2, did not pass the filter by color: 0, added: 2, new vincodes: 0
04-07-2011 15:05:26 --- INFO: Nissan Rogue - found: 2, pass primary filters: 0, did not pass the filter by color: 0, added: 0, new vincodes: 0
04-07-2011 15:05:27 --- INFO: Toyota Highlander - found: 6, pass primary filters: 6, did not pass the filter by color: 3, added: 3, new vincodes: 0
04-07-2011 15:05:29 --- INFO: Acura MDX - found: 0, pass primary filters: 0, did not pass the filter by color: 0, added: 0, new vincodes: 0
04-07-2011 15:05:29 --- INFO: finish: 04-07-2011 15:05:29
04-07-2011 15:05:29 --- INFO: elapsed time: ~27.53 sec., memory usage: ~2.26 Mb.
04-07-2011 15:10:01 --- INFO: start: 04-07-2011 15:10:01
04-07-2011 15:10:01 --- INFO: ----------Source_Ebay (cli)
04-07-2011 15:10:21 --- INFO: Lexus RX 300 - found: 25, pass primary filters: 1, did not pass the filter by color: 0, added: 1, new vincodes: 0
04-07-2011 15:12:13 --- INFO: Lexus RX 330 - found: 81, pass primary filters: 18, did not pass the filter by color: 6, added: 12, new vincodes: 0
04-07-2011 15:13:25 --- INFO: Lexus RX 400H - found: 53, pass primary filters: 4, did not pass the filter by color: 0, added: 4, new vincodes: 0
04-07-2011 15:13:51 --- INFO: Lexus GX 470 - found: 31, pass primary filters: 12, did not pass the filter by color: 11, added: 1, new vincodes: 0
04-07-2011 15:14:11 --- INFO: Lexus GX 470 - found: 22, pass primary filters: 14, did not pass the filter by color: 13, added: 1, new vincodes: 0
04-07-2011 15:14:18 --- INFO: Lexus LX 470 - found: 8, pass primary filters: 4, did not pass the filter by color: 3, added: 1, new vincodes: 0
04-07-2011 15:14:29 --- INFO: Lexus LX 470 - found: 11, pass primary filters: 6, did not pass the filter by color: 6, added: 0, new vincodes: 0
04-07-2011 15:14:38 --- INFO: Toyota Land Cruiser - found: 9, pass primary filters: 8, did not pass the filter by color: 8, added: 0, new vincodes: 0
04-07-2011 15:14:53 --- INFO: Honda CR-V - found: 17, pass primary filters: 1, did not pass the filter by color: 0, added: 1, new vincodes: 0
04-07-2011 15:16:30 --- INFO: Honda CR-V - found: 57, pass primary filters: 0, did not pass the filter by color: 0, added: 0, new vincodes: 0
04-07-2011 15:16:34 --- INFO: Mitsubishi Montero 4WD Limited - found: 4, pass primary filters: 0, did not pass the filter by color: 0, added: 0, new vincodes: 0
04-07-2011 15:18:12 --- INFO: Toyota 4RUNNER 4WD Limited - found: 66, pass primary filters: 46, did not pass the filter by color: 28, added: 18, new vincodes: 0
04-07-2011 15:18:24 --- INFO: Toyota RAV 4 - found: 14, pass primary filters: 4, did not pass the filter by color: 3, added: 1, new vincodes: 0
04-07-2011 15:18:54 --- INFO: Toyota Highlander 4WD - found: 37, pass primary filters: 1, did not pass the filter by color: 1, added: 0, new vincodes: 0
04-07-2011 15:20:26 --- INFO: Subaru Forester - found: 54, pass primary filters: 4, did not pass the filter by color: 0, added: 4, new vincodes: 0
04-07-2011 15:21:00 --- INFO: Nissan Rogue - found: 37, pass primary filters: 1, did not pass the filter by color: 0, added: 1, new vincodes: 0
04-07-2011 15:21:27 --- INFO: Toyota Highlander - found: 37, pass primary filters: 10, did not pass the filter by color: 8, added: 2, new vincodes: 1
04-07-2011 15:21:42 --- INFO: Acura MDX - found: 17, pass primary filters: 1, did not pass the filter by color: 0, added: 1, new vincodes: 0
04-07-2011 15:21:42 --- INFO: finish: 04-07-2011 15:21:42
04-07-2011 15:21:42 --- INFO: elapsed time: ~701.27 sec., memory usage: ~3.01 Mb.
04-07-2011 16:10:02 --- INFO: start: 04-07-2011 16:10:02
04-07-2011 16:10:02 --- INFO: ----------Source_Adesa (cli)
04-07-2011 16:10:03 --- INFO: Authorized request
04-07-2011 16:10:03 --- ERROR: 500 Internal Server Error
04-07-2011 16:10:03 --- INFO: finish: 04-07-2011 16:10:03
04-07-2011 16:10:03 --- INFO: elapsed time: ~1.27 sec., memory usage: ~1.64 Mb.
04-07-2011 16:10:02 --- INFO: start: 04-07-2011 16:10:02
04-07-2011 16:10:02 --- INFO: ----------Source_Gsmotors (cli)
04-07-2011 16:11:25 --- INFO: Lexus RX 300 - found: 84, pass primary filters: 25, did not pass the filter by color: 6, added: 19, new vincodes: 0
04-07-2011 16:15:04 --- INFO: Lexus RX 330 - found: 191, pass primary filters: 42, did not pass the filter by color: 14, added: 28, new vincodes: 0
04-07-2011 16:15:26 --- INFO: Lexus RX 400H - found: 23, pass primary filters: 3, did not pass the filter by color: 1, added: 2, new vincodes: 1
04-07-2011 16:16:45 --- INFO: Lexus GX 470 - found: 69, pass primary filters: 34, did not pass the filter by color: 25, added: 9, new vincodes: 1
04-07-2011 16:18:43 --- INFO: Lexus GX 470 - found: 102, pass primary filters: 62, did not pass the filter by color: 50, added: 12, new vincodes: 1
04-07-2011 16:19:04 --- INFO: Lexus LX 470 - found: 19, pass primary filters: 17, did not pass the filter by color: 17, added: 0, new vincodes: 0
04-07-2011 16:19:31 --- INFO: Lexus LX 470 - found: 24, pass primary filters: 17, did not pass the filter by color: 16, added: 1, new vincodes: 0
04-07-2011 16:19:48 --- INFO: Toyota Land Cruiser - found: 14, pass primary filters: 11, did not pass the filter by color: 11, added: 0, new vincodes: 0
04-07-2011 16:21:18 --- INFO: Honda CR-V - found: 68, pass primary filters: 4, did not pass the filter by color: 0, added: 4, new vincodes: 0
04-07-2011 16:25:50 --- INFO: Honda CR-V - found: 191, pass primary filters: 9, did not pass the filter by color: 0, added: 9, new vincodes: 0
04-07-2011 16:27:23 --- INFO: Mitsubishi Montero 4WD Limited - found: 82, pass primary filters: 15, did not pass the filter by color: 15, added: 0, new vincodes: 0
04-07-2011 16:31:40 --- INFO: Toyota 4RUNNER 4WD Limited - found: 225, pass primary filters: 57, did not pass the filter by color: 45, added: 12, new vincodes: 0
04-07-2011 16:32:24 --- INFO: Toyota RAV 4 - found: 42, pass primary filters: 21, did not pass the filter by color: 15, added: 6, new vincodes: 0
04-07-2011 16:33:54 --- INFO: Toyota Highlander 4WD - found: 84, pass primary filters: 2, did not pass the filter by color: 2, added: 0, new vincodes: 0
04-07-2011 16:37:34 --- INFO: Subaru Forester - found: 152, pass primary filters: 20, did not pass the filter by color: 0, added: 20, new vincodes: 0
04-07-2011 16:40:19 --- INFO: Nissan Rogue - found: 112, pass primary filters: 11, did not pass the filter by color: 0, added: 11, new vincodes: 0
04-07-2011 16:41:02 --- INFO: Toyota Highlander - found: 84, pass primary filters: 43, did not pass the filter by color: 33, added: 10, new vincodes: 1
04-07-2011 16:42:10 --- INFO: Acura MDX - found: 60, pass primary filters: 3, did not pass the filter by color: 0, added: 3, new vincodes: 0
04-07-2011 16:42:10 --- INFO: finish: 04-07-2011 16:42:10
04-07-2011 16:42:10 --- INFO: elapsed time: ~1927.96 sec., memory usage: ~4.86 Mb.
04-07-2011 18:10:01 --- INFO: start: 04-07-2011 18:10:01
04-07-2011 18:10:01 --- INFO: ----------Source_Adesa (cli)
04-07-2011 18:10:02 --- INFO: Authorized request
04-07-2011 18:10:03 --- ERROR: 500 Internal Server Error
04-07-2011 18:10:03 --- INFO: finish: 04-07-2011 18:10:03
04-07-2011 18:10:03 --- INFO: elapsed time: ~1.15 sec., memory usage: ~1.64 Mb.
04-07-2011 18:10:01 --- INFO: start: 04-07-2011 18:10:01
04-07-2011 18:10:01 --- INFO: ----------Source_Gsmotors (cli)
04-07-2011 18:10:42 --- INFO: Lexus RX 300 - found: 84, pass primary filters: 25, did not pass the filter by color: 6, added: 19, new vincodes: 0
04-07-2011 18:12:31 --- INFO: Lexus RX 330 - found: 191, pass primary filters: 42, did not pass the filter by color: 14, added: 28, new vincodes: 0
04-07-2011 18:12:41 --- INFO: Lexus RX 400H - found: 23, pass primary filters: 3, did not pass the filter by color: 1, added: 2, new vincodes: 0
04-07-2011 18:13:22 --- INFO: Lexus GX 470 - found: 69, pass primary filters: 34, did not pass the filter by color: 25, added: 9, new vincodes: 0
04-07-2011 18:14:17 --- INFO: Lexus GX 470 - found: 102, pass primary filters: 62, did not pass the filter by color: 51, added: 11, new vincodes: 0
04-07-2011 18:14:28 --- INFO: Lexus LX 470 - found: 19, pass primary filters: 17, did not pass the filter by color: 17, added: 0, new vincodes: 0
04-07-2011 18:14:43 --- INFO: Lexus LX 470 - found: 24, pass primary filters: 17, did not pass the filter by color: 16, added: 1, new vincodes: 0
04-07-2011 18:14:53 --- INFO: Toyota Land Cruiser - found: 14, pass primary filters: 11, did not pass the filter by color: 11, added: 0, new vincodes: 0
04-07-2011 18:15:27 --- INFO: Honda CR-V - found: 68, pass primary filters: 4, did not pass the filter by color: 0, added: 4, new vincodes: 0
04-07-2011 18:17:03 --- INFO: Honda CR-V - found: 191, pass primary filters: 9, did not pass the filter by color: 0, added: 9, new vincodes: 0
04-07-2011 18:17:53 --- INFO: Mitsubishi Montero 4WD Limited - found: 82, pass primary filters: 15, did not pass the filter by color: 15, added: 0, new vincodes: 0
04-07-2011 18:19:35 --- INFO: Toyota 4RUNNER 4WD Limited - found: 225, pass primary filters: 57, did not pass the filter by color: 45, added: 12, new vincodes: 0
04-07-2011 18:19:55 --- INFO: Toyota RAV 4 - found: 42, pass primary filters: 21, did not pass the filter by color: 15, added: 6, new vincodes: 0
04-07-2011 18:20:35 --- INFO: Toyota Highlander 4WD - found: 84, pass primary filters: 2, did not pass the filter by color: 2, added: 0, new vincodes: 0
04-07-2011 18:21:48 --- INFO: Subaru Forester - found: 152, pass primary filters: 20, did not pass the filter by color: 0, added: 20, new vincodes: 0
04-07-2011 18:23:12 --- INFO: Nissan Rogue - found: 112, pass primary filters: 11, did not pass the filter by color: 0, added: 11, new vincodes: 0
04-07-2011 18:23:57 --- INFO: Toyota Highlander - found: 84, pass primary filters: 43, did not pass the filter by color: 33, added: 10, new vincodes: 0
04-07-2011 18:24:34 --- INFO: Acura MDX - found: 60, pass primary filters: 3, did not pass the filter by color: 0, added: 3, new vincodes: 0
04-07-2011 18:24:34 --- INFO: finish: 04-07-2011 18:24:34
04-07-2011 18:24:34 --- INFO: elapsed time: ~872.4 sec., memory usage: ~4.82 Mb.
04-07-2011 19:05:01 --- INFO: start: 04-07-2011 19:05:01
04-07-2011 19:05:01 --- INFO: ----------Source_Openlane (cli)
04-07-2011 19:05:04 --- INFO: Authorized request
04-07-2011 19:05:06 --- INFO: Lexus RX 300 - found: 1, pass primary filters: 1, did not pass the filter by color: 0, added: 1, new vincodes: 0
04-07-2011 19:05:07 --- INFO: Lexus RX 330 - found: 7, pass primary filters: 3, did not pass the filter by color: 1, added: 2, new vincodes: 0
04-07-2011 19:05:09 --- INFO: Lexus RX 400H - found: 1, pass primary filters: 0, did not pass the filter by color: 0, added: 0, new vincodes: 0
04-07-2011 19:05:10 --- INFO: Lexus GX 470 - found: 5, pass primary filters: 5, did not pass the filter by color: 4, added: 1, new vincodes: 0
04-07-2011 19:05:12 --- INFO: Lexus GX 470 - found: 9, pass primary filters: 9, did not pass the filter by color: 7, added: 2, new vincodes: 0
04-07-2011 19:05:13 --- INFO: Lexus LX 470 - found: 3, pass primary filters: 3, did not pass the filter by color: 2, added: 1, new vincodes: 0
04-07-2011 19:05:14 --- INFO: Lexus LX 470 - found: 1, pass primary filters: 1, did not pass the filter by color: 1, added: 0, new vincodes: 0
04-07-2011 19:05:15 --- INFO: Toyota Land Cruiser - found: 0, pass primary filters: 0, did not pass the filter by color: 0, added: 0, new vincodes: 0
04-07-2011 19:05:17 --- INFO: Honda CR-V - found: 4, pass primary filters: 0, did not pass the filter by color: 0, added: 0, new vincodes: 0
04-07-2011 19:05:18 --- INFO: Honda CR-V - found: 0, pass primary filters: 0, did not pass the filter by color: 0, added: 0, new vincodes: 0
04-07-2011 19:05:19 --- INFO: Mitsubishi Montero 4WD Limited - found: 2, pass primary filters: 0, did not pass the filter by color: 0, added: 0, new vincodes: 0
04-07-2011 19:05:21 --- INFO: Toyota 4RUNNER 4WD Limited - found: 10, pass primary filters: 2, did not pass the filter by color: 2, added: 0, new vincodes: 0
04-07-2011 19:05:22 --- INFO: Toyota RAV 4 - found: 2, pass primary filters: 2, did not pass the filter by color: 0, added: 2, new vincodes: 0
04-07-2011 19:05:23 --- INFO: Toyota Highlander 4WD - found: 2, pass primary filters: 0, did not pass the filter by color: 0, added: 0, new vincodes: 0
04-07-2011 19:05:24 --- INFO: Subaru Forester - found: 3, pass primary filters: 3, did not pass the filter by color: 0, added: 3, new vincodes: 0
04-07-2011 19:05:26 --- INFO: Nissan Rogue - found: 2, pass primary filters: 0, did not pass the filter by color: 0, added: 0, new vincodes: 0
04-07-2011 19:05:27 --- INFO: Toyota Highlander - found: 6, pass primary filters: 6, did not pass the filter by color: 3, added: 3, new vincodes: 0
04-07-2011 19:05:28 --- INFO: Acura MDX - found: 0, pass primary filters: 0, did not pass the filter by color: 0, added: 0, new vincodes: 0
04-07-2011 19:05:28 --- INFO: finish: 04-07-2011 19:05:28
04-07-2011 19:05:28 --- INFO: elapsed time: ~27.28 sec., memory usage: ~2.27 Mb.
04-07-2011 19:10:01 --- INFO: start: 04-07-2011 19:10:01
04-07-2011 19:10:01 --- INFO: ----------Source_Ebay (cli)
04-07-2011 19:10:20 --- INFO: Lexus RX 300 - found: 25, pass primary filters: 1, did not pass the filter by color: 0, added: 1, new vincodes: 0
04-07-2011 19:12:08 --- INFO: Lexus RX 330 - found: 81, pass primary filters: 18, did not pass the filter by color: 6, added: 12, new vincodes: 0
04-07-2011 19:13:20 --- INFO: Lexus RX 400H - found: 54, pass primary filters: 4, did not pass the filter by color: 0, added: 4, new vincodes: 0
04-07-2011 19:13:48 --- INFO: Lexus GX 470 - found: 29, pass primary filters: 10, did not pass the filter by color: 9, added: 1, new vincodes: 0
04-07-2011 19:14:06 --- INFO: Lexus GX 470 - found: 22, pass primary filters: 14, did not pass the filter by color: 14, added: 0, new vincodes: 0
04-07-2011 19:14:12 --- INFO: Lexus LX 470 - found: 7, pass primary filters: 3, did not pass the filter by color: 2, added: 1, new vincodes: 0
04-07-2011 19:14:22 --- INFO: Lexus LX 470 - found: 11, pass primary filters: 6, did not pass the filter by color: 6, added: 0, new vincodes: 0
04-07-2011 19:14:31 --- INFO: Toyota Land Cruiser - found: 9, pass primary filters: 8, did not pass the filter by color: 8, added: 0, new vincodes: 0
04-07-2011 19:14:44 --- INFO: Honda CR-V - found: 16, pass primary filters: 1, did not pass the filter by color: 0, added: 1, new vincodes: 0
04-07-2011 19:16:09 --- INFO: Honda CR-V - found: 57, pass primary filters: 0, did not pass the filter by color: 0, added: 0, new vincodes: 0
04-07-2011 19:16:13 --- INFO: Mitsubishi Montero 4WD Limited - found: 4, pass primary filters: 0, did not pass the filter by color: 0, added: 0, new vincodes: 0
04-07-2011 19:17:55 --- INFO: Toyota 4RUNNER 4WD Limited - found: 66, pass primary filters: 46, did not pass the filter by color: 30, added: 16, new vincodes: 0
04-07-2011 19:18:09 --- INFO: Toyota RAV 4 - found: 13, pass primary filters: 4, did not pass the filter by color: 3, added: 1, new vincodes: 0
04-07-2011 19:18:44 --- INFO: Toyota Highlander 4WD - found: 35, pass primary filters: 1, did not pass the filter by color: 1, added: 0, new vincodes: 0
04-07-2011 19:20:11 --- INFO: Subaru Forester - found: 55, pass primary filters: 4, did not pass the filter by color: 0, added: 4, new vincodes: 0
04-07-2011 19:20:43 --- INFO: Nissan Rogue - found: 37, pass primary filters: 1, did not pass the filter by color: 0, added: 1, new vincodes: 0
04-07-2011 19:21:16 --- INFO: Toyota Highlander - found: 35, pass primary filters: 10, did not pass the filter by color: 8, added: 2, new vincodes: 0
04-07-2011 19:21:32 --- INFO: Acura MDX - found: 17, pass primary filters: 1, did not pass the filter by color: 0, added: 1, new vincodes: 0
04-07-2011 19:21:32 --- INFO: finish: 04-07-2011 19:21:32
04-07-2011 19:21:32 --- INFO: elapsed time: ~690.32 sec., memory usage: ~2.96 Mb.
04-07-2011 23:05:01 --- INFO: start: 04-07-2011 23:05:01
04-07-2011 23:05:01 --- INFO: ----------Source_Openlane (cli)
04-07-2011 23:05:05 --- INFO: Authorized request
04-07-2011 23:05:06 --- INFO: Lexus RX 300 - found: 1, pass primary filters: 1, did not pass the filter by color: 0, added: 1, new vincodes: 0
04-07-2011 23:05:07 --- INFO: Lexus RX 330 - found: 7, pass primary filters: 3, did not pass the filter by color: 1, added: 2, new vincodes: 0
04-07-2011 23:05:09 --- INFO: Lexus RX 400H - found: 1, pass primary filters: 0, did not pass the filter by color: 0, added: 0, new vincodes: 0
04-07-2011 23:05:10 --- INFO: Lexus GX 470 - found: 5, pass primary filters: 5, did not pass the filter by color: 4, added: 1, new vincodes: 0
04-07-2011 23:05:12 --- INFO: Lexus GX 470 - found: 9, pass primary filters: 9, did not pass the filter by color: 7, added: 2, new vincodes: 0
04-07-2011 23:05:13 --- INFO: Lexus LX 470 - found: 3, pass primary filters: 3, did not pass the filter by color: 2, added: 1, new vincodes: 0
04-07-2011 23:05:14 --- INFO: Lexus LX 470 - found: 1, pass primary filters: 1, did not pass the filter by color: 1, added: 0, new vincodes: 0
04-07-2011 23:05:15 --- INFO: Toyota Land Cruiser - found: 0, pass primary filters: 0, did not pass the filter by color: 0, added: 0, new vincodes: 0
04-07-2011 23:05:17 --- INFO: Honda CR-V - found: 4, pass primary filters: 0, did not pass the filter by color: 0, added: 0, new vincodes: 0
04-07-2011 23:05:18 --- INFO: Honda CR-V - found: 0, pass primary filters: 0, did not pass the filter by color: 0, added: 0, new vincodes: 0
04-07-2011 23:05:19 --- INFO: Mitsubishi Montero 4WD Limited - found: 2, pass primary filters: 0, did not pass the filter by color: 0, added: 0, new vincodes: 0
04-07-2011 23:05:21 --- INFO: Toyota 4RUNNER 4WD Limited - found: 10, pass primary filters: 2, did not pass the filter by color: 2, added: 0, new vincodes: 0
04-07-2011 23:05:22 --- INFO: Toyota RAV 4 - found: 2, pass primary filters: 2, did not pass the filter by color: 0, added: 2, new vincodes: 0
04-07-2011 23:05:24 --- INFO: Toyota Highlander 4WD - found: 2, pass primary filters: 0, did not pass the filter by color: 0, added: 0, new vincodes: 0
04-07-2011 23:05:25 --- INFO: Subaru Forester - found: 3, pass primary filters: 3, did not pass the filter by color: 0, added: 3, new vincodes: 0
04-07-2011 23:05:26 --- INFO: Nissan Rogue - found: 2, pass primary filters: 0, did not pass the filter by color: 0, added: 0, new vincodes: 0
04-07-2011 23:05:28 --- INFO: Toyota Highlander - found: 6, pass primary filters: 6, did not pass the filter by color: 3, added: 3, new vincodes: 0
04-07-2011 23:05:29 --- INFO: Acura MDX - found: 0, pass primary filters: 0, did not pass the filter by color: 0, added: 0, new vincodes: 0
04-07-2011 23:05:29 --- INFO: finish: 04-07-2011 23:05:29
04-07-2011 23:05:29 --- INFO: elapsed time: ~27.87 sec., memory usage: ~2.27 Mb.
04-07-2011 23:10:01 --- INFO: start: 04-07-2011 23:10:01
04-07-2011 23:10:01 --- INFO: ----------Source_Ebay (cli)
04-07-2011 23:10:18 --- INFO: Lexus RX 300 - found: 23, pass primary filters: 1, did not pass the filter by color: 0, added: 1, new vincodes: 0
04-07-2011 23:12:24 --- INFO: Lexus RX 330 - found: 82, pass primary filters: 18, did not pass the filter by color: 6, added: 12, new vincodes: 0
04-07-2011 23:13:38 --- INFO: Lexus RX 400H - found: 55, pass primary filters: 4, did not pass the filter by color: 1, added: 3, new vincodes: 0
04-07-2011 23:14:01 --- INFO: Lexus GX 470 - found: 29, pass primary filters: 10, did not pass the filter by color: 9, added: 1, new vincodes: 0
04-07-2011 23:14:20 --- INFO: Lexus GX 470 - found: 22, pass primary filters: 14, did not pass the filter by color: 14, added: 0, new vincodes: 0
04-07-2011 23:14:26 --- INFO: Lexus LX 470 - found: 7, pass primary filters: 3, did not pass the filter by color: 2, added: 1, new vincodes: 0
04-07-2011 23:14:32 --- INFO: Lexus LX 470 - found: 8, pass primary filters: 4, did not pass the filter by color: 4, added: 0, new vincodes: 0
04-07-2011 23:14:40 --- INFO: Toyota Land Cruiser - found: 9, pass primary filters: 8, did not pass the filter by color: 8, added: 0, new vincodes: 0
04-07-2011 23:14:52 --- INFO: Honda CR-V - found: 16, pass primary filters: 1, did not pass the filter by color: 0, added: 1, new vincodes: 0
04-07-2011 23:16:12 --- INFO: Honda CR-V - found: 57, pass primary filters: 0, did not pass the filter by color: 0, added: 0, new vincodes: 0
04-07-2011 23:16:16 --- INFO: Mitsubishi Montero 4WD Limited - found: 4, pass primary filters: 0, did not pass the filter by color: 0, added: 0, new vincodes: 0
04-07-2011 23:18:00 --- INFO: Toyota 4RUNNER 4WD Limited - found: 65, pass primary filters: 44, did not pass the filter by color: 26, added: 18, new vincodes: 0
04-07-2011 23:18:10 --- INFO: Toyota RAV 4 - found: 12, pass primary filters: 3, did not pass the filter by color: 2, added: 1, new vincodes: 0
04-07-2011 23:18:35 --- INFO: Toyota Highlander 4WD - found: 32, pass primary filters: 1, did not pass the filter by color: 1, added: 0, new vincodes: 0
04-07-2011 23:19:59 --- INFO: Subaru Forester - found: 55, pass primary filters: 4, did not pass the filter by color: 0, added: 4, new vincodes: 0
04-07-2011 23:20:29 --- INFO: Nissan Rogue - found: 37, pass primary filters: 1, did not pass the filter by color: 0, added: 1, new vincodes: 0
04-07-2011 23:20:52 --- INFO: Toyota Highlander - found: 32, pass primary filters: 8, did not pass the filter by color: 6, added: 2, new vincodes: 0
04-07-2011 23:21:05 --- INFO: Acura MDX - found: 17, pass primary filters: 1, did not pass the filter by color: 0, added: 1, new vincodes: 0
04-07-2011 23:21:05 --- INFO: finish: 04-07-2011 23:21:05
04-07-2011 23:21:05 --- INFO: elapsed time: ~664.37 sec., memory usage: ~2.91 Mb.