
05-07-2011 03:05:01 --- INFO: start: 05-07-2011 03:05:01
05-07-2011 03:05:01 --- INFO: ----------Source_Openlane (cli)
05-07-2011 03:05:04 --- INFO: Authorized request
05-07-2011 03:05:06 --- INFO: Lexus RX 300 - found: 1, pass primary filters: 1, did not pass the filter by color: 0, added: 1, new vincodes: 0
05-07-2011 03:05:08 --- INFO: Lexus RX 330 - found: 7, pass primary filters: 3, did not pass the filter by color: 1, added: 2, new vincodes: 0
05-07-2011 03:05:10 --- INFO: Lexus RX 400H - found: 1, pass primary filters: 0, did not pass the filter by color: 0, added: 0, new vincodes: 0
05-07-2011 03:05:11 --- INFO: Lexus GX 470 - found: 5, pass primary filters: 5, did not pass the filter by color: 4, added: 1, new vincodes: 0
05-07-2011 03:05:13 --- INFO: Lexus GX 470 - found: 9, pass primary filters: 9, did not pass the filter by color: 7, added: 2, new vincodes: 0
05-07-2011 03:05:14 --- INFO: Lexus LX 470 - found: 3, pass primary filters: 3, did not pass the filter by color: 2, added: 1, new vincodes: 0
05-07-2011 03:05:15 --- INFO: Lexus LX 470 - found: 1, pass primary filters: 1, did not pass the filter by color: 1, added: 0, new vincodes: 0
05-07-2011 03:05:17 --- INFO: Toyota Land Cruiser - found: 0, pass primary filters: 0, did not pass the filter by color: 0, added: 0, new vincodes: 0
05-07-2011 03:05:18 --- INFO: Honda CR-V - found: 4, pass primary filters: 0, did not pass the filter by color: 0, added: 0, new vincodes: 0
05-07-2011 03:05:19 --- INFO: Honda CR-V - found: 0, pass primary filters: 0, did not pass the filter by color: 0, added: 0, new vincodes: 0
05-07-2011 03:05:20 --- INFO: Mitsubishi Montero 4WD Limited - found: 2, pass primary filters: 0, did not pass the filter by color: 0, added: 0, new vincodes: 0
05-07-2011 03:05:22 --- INFO: Toyota 4RUNNER 4WD Limited - found: 10, pass primary filters: 2, did not pass the filter by color: 2, added: 0, new vincodes: 0
05-07-2011 03:05:23 --- INFO: Toyota RAV 4 - found: 2, pass primary filters: 2, did not pass the filter by color: 0, added: 2, new vincodes: 0
05-07-2011 03:05:24 --- INFO: Toyota Highlander 4WD - found: 2, pass primary filters: 0, did not pass the filter by color: 0, added: 0, new vincodes: 0
05-07-2011 03:05:26 --- INFO: Subaru Forester - found: 3, pass primary filters: 2, did not pass the filter by color: 0, added: 2, new vincodes: 0
05-07-2011 03:05:27 --- INFO: Nissan Rogue - found: 2, pass primary filters: 0, did not pass the filter by color: 0, added: 0, new vincodes: 0
05-07-2011 03:05:28 --- INFO: Toyota Highlander - found: 6, pass primary filters: 6, did not pass the filter by color: 3, added: 3, new vincodes: 0
05-07-2011 03:05:29 --- INFO: Acura MDX - found: 0, pass primary filters: 0, did not pass the filter by color: 0, added: 0, new vincodes: 0
05-07-2011 03:05:29 --- INFO: finish: 05-07-2011 03:05:29
05-07-2011 03:05:29 --- INFO: elapsed time: ~28.83 sec., memory usage: ~2.26 Mb.
05-07-2011 03:10:01 --- INFO: start: 05-07-2011 03:10:01
05-07-2011 03:10:01 --- INFO: ----------Source_Ebay (cli)
05-07-2011 03:10:21 --- INFO: Lexus RX 300 - found: 23, pass primary filters: 1, did not pass the filter by color: 0, added: 1, new vincodes: 0
05-07-2011 03:12:29 --- INFO: Lexus RX 330 - found: 82, pass primary filters: 18, did not pass the filter by color: 7, added: 11, new vincodes: 0
05-07-2011 03:14:01 --- INFO: Lexus RX 400H - found: 55, pass primary filters: 4, did not pass the filter by color: 1, added: 3, new vincodes: 0
05-07-2011 03:14:29 --- INFO: Lexus GX 470 - found: 29, pass primary filters: 10, did not pass the filter by color: 9, added: 1, new vincodes: 0
05-07-2011 03:14:51 --- INFO: Lexus GX 470 - found: 22, pass primary filters: 14, did not pass the filter by color: 14, added: 0, new vincodes: 0
05-07-2011 03:14:58 --- INFO: Lexus LX 470 - found: 7, pass primary filters: 3, did not pass the filter by color: 2, added: 1, new vincodes: 0
05-07-2011 03:15:06 --- INFO: Lexus LX 470 - found: 8, pass primary filters: 4, did not pass the filter by color: 4, added: 0, new vincodes: 0
05-07-2011 03:15:15 --- INFO: Toyota Land Cruiser - found: 9, pass primary filters: 8, did not pass the filter by color: 8, added: 0, new vincodes: 0
05-07-2011 03:15:29 --- INFO: Honda CR-V - found: 16, pass primary filters: 1, did not pass the filter by color: 0, added: 1, new vincodes: 0
05-07-2011 03:17:07 --- INFO: Honda CR-V - found: 57, pass primary filters: 0, did not pass the filter by color: 0, added: 0, new vincodes: 0
05-07-2011 03:17:12 --- INFO: Mitsubishi Montero 4WD Limited - found: 4, pass primary filters: 0, did not pass the filter by color: 0, added: 0, new vincodes: 0
05-07-2011 03:18:53 --- INFO: Toyota 4RUNNER 4WD Limited - found: 65, pass primary filters: 44, did not pass the filter by color: 27, added: 17, new vincodes: 0
05-07-2011 03:19:03 --- INFO: Toyota RAV 4 - found: 12, pass primary filters: 3, did not pass the filter by color: 2, added: 1, new vincodes: 0
05-07-2011 03:19:32 --- INFO: Toyota Highlander 4WD - found: 33, pass primary filters: 1, did not pass the filter by color: 1, added: 0, new vincodes: 0
05-07-2011 03:21:01 --- INFO: Subaru Forester - found: 55, pass primary filters: 4, did not pass the filter by color: 0, added: 4, new vincodes: 0
05-07-2011 03:21:33 --- INFO: Nissan Rogue - found: 37, pass primary filters: 1, did not pass the filter by color: 0, added: 1, new vincodes: 0
05-07-2011 03:21:59 --- INFO: Toyota Highlander - found: 33, pass primary filters: 9, did not pass the filter by color: 7, added: 2, new vincodes: 0
05-07-2011 03:22:15 --- INFO: Acura MDX - found: 17, pass primary filters: 1, did not pass the filter by color: 0, added: 1, new vincodes: 0
05-07-2011 03:22:15 --- INFO: finish: 05-07-2011 03:22:15
05-07-2011 03:22:15 --- INFO: elapsed time: ~733.9 sec., memory usage: ~2.92 Mb.
05-07-2011 06:10:01 --- INFO: start: 05-07-2011 06:10:01
05-07-2011 06:10:01 --- INFO: ----------Source_Adesa (cli)
05-07-2011 06:10:02 --- INFO: Authorized request
05-07-2011 06:10:03 --- ERROR: 500 Internal Server Error
05-07-2011 06:10:03 --- INFO: finish: 05-07-2011 06:10:03
05-07-2011 06:10:03 --- INFO: elapsed time: ~1.22 sec., memory usage: ~1.64 Mb.
05-07-2011 06:10:01 --- INFO: start: 05-07-2011 06:10:01
05-07-2011 06:10:01 --- INFO: ----------Source_Gsmotors (cli)
05-07-2011 06:11:17 --- INFO: Lexus RX 300 - found: 73, pass primary filters: 23, did not pass the filter by color: 6, added: 17, new vincodes: 0
05-07-2011 06:14:36 --- INFO: Lexus RX 330 - found: 161, pass primary filters: 39, did not pass the filter by color: 14, added: 25, new vincodes: 0
05-07-2011 06:15:01 --- INFO: Lexus RX 400H - found: 19, pass primary filters: 4, did not pass the filter by color: 1, added: 3, new vincodes: 1
05-07-2011 06:16:20 --- INFO: Lexus GX 470 - found: 66, pass primary filters: 32, did not pass the filter by color: 23, added: 9, new vincodes: 0
05-07-2011 06:18:07 --- INFO: Lexus GX 470 - found: 90, pass primary filters: 57, did not pass the filter by color: 48, added: 9, new vincodes: 0
05-07-2011 06:18:31 --- INFO: Lexus LX 470 - found: 19, pass primary filters: 17, did not pass the filter by color: 17, added: 0, new vincodes: 0
05-07-2011 06:18:57 --- INFO: Lexus LX 470 - found: 23, pass primary filters: 18, did not pass the filter by color: 17, added: 1, new vincodes: 0
05-07-2011 06:19:12 --- INFO: Toyota Land Cruiser - found: 12, pass primary filters: 9, did not pass the filter by color: 9, added: 0, new vincodes: 0
05-07-2011 06:20:29 --- INFO: Honda CR-V - found: 65, pass primary filters: 4, did not pass the filter by color: 0, added: 4, new vincodes: 0
05-07-2011 06:24:27 --- INFO: Honda CR-V - found: 179, pass primary filters: 9, did not pass the filter by color: 0, added: 9, new vincodes: 0
05-07-2011 06:26:09 --- INFO: Mitsubishi Montero 4WD Limited - found: 75, pass primary filters: 15, did not pass the filter by color: 15, added: 0, new vincodes: 0
05-07-2011 06:30:14 --- INFO: Toyota 4RUNNER 4WD Limited - found: 207, pass primary filters: 58, did not pass the filter by color: 45, added: 13, new vincodes: 0
05-07-2011 06:30:56 --- INFO: Toyota RAV 4 - found: 40, pass primary filters: 20, did not pass the filter by color: 14, added: 6, new vincodes: 0
05-07-2011 06:32:23 --- INFO: Toyota Highlander 4WD - found: 75, pass primary filters: 2, did not pass the filter by color: 2, added: 0, new vincodes: 0
05-07-2011 06:35:50 --- INFO: Subaru Forester - found: 132, pass primary filters: 19, did not pass the filter by color: 0, added: 19, new vincodes: 0
05-07-2011 06:38:33 --- INFO: Nissan Rogue - found: 105, pass primary filters: 11, did not pass the filter by color: 0, added: 11, new vincodes: 0
05-07-2011 06:39:16 --- INFO: Toyota Highlander - found: 75, pass primary filters: 40, did not pass the filter by color: 30, added: 10, new vincodes: 1
05-07-2011 06:40:27 --- INFO: Acura MDX - found: 58, pass primary filters: 3, did not pass the filter by color: 0, added: 3, new vincodes: 0
05-07-2011 06:40:27 --- INFO: finish: 05-07-2011 06:40:27
05-07-2011 06:40:27 --- INFO: elapsed time: ~1825.89 sec., memory usage: ~4.76 Mb.
05-07-2011 07:05:01 --- INFO: start: 05-07-2011 07:05:01
05-07-2011 07:05:01 --- INFO: ----------Source_Openlane (cli)
05-07-2011 07:05:05 --- INFO: Authorized request
05-07-2011 07:05:07 --- INFO: Lexus RX 300 - found: 1, pass primary filters: 1, did not pass the filter by color: 0, added: 1, new vincodes: 0
05-07-2011 07:05:08 --- INFO: Lexus RX 330 - found: 7, pass primary filters: 3, did not pass the filter by color: 1, added: 2, new vincodes: 0
05-07-2011 07:05:09 --- INFO: Lexus RX 400H - found: 1, pass primary filters: 0, did not pass the filter by color: 0, added: 0, new vincodes: 0
05-07-2011 07:05:11 --- INFO: Lexus GX 470 - found: 5, pass primary filters: 5, did not pass the filter by color: 4, added: 1, new vincodes: 0
05-07-2011 07:05:12 --- INFO: Lexus GX 470 - found: 9, pass primary filters: 9, did not pass the filter by color: 7, added: 2, new vincodes: 0
05-07-2011 07:05:14 --- INFO: Lexus LX 470 - found: 3, pass primary filters: 3, did not pass the filter by color: 2, added: 1, new vincodes: 0
05-07-2011 07:05:15 --- INFO: Lexus LX 470 - found: 1, pass primary filters: 1, did not pass the filter by color: 1, added: 0, new vincodes: 0
05-07-2011 07:05:16 --- INFO: Toyota Land Cruiser - found: 0, pass primary filters: 0, did not pass the filter by color: 0, added: 0, new vincodes: 0
05-07-2011 07:05:18 --- INFO: Honda CR-V - found: 4, pass primary filters: 0, did not pass the filter by color: 0, added: 0, new vincodes: 0
05-07-2011 07:05:19 --- INFO: Honda CR-V - found: 0, pass primary filters: 0, did not pass the filter by color: 0, added: 0, new vincodes: 0
05-07-2011 07:05:20 --- INFO: Mitsubishi Montero 4WD Limited - found: 2, pass primary filters: 0, did not pass the filter by color: 0, added: 0, new vincodes: 0
05-07-2011 07:05:22 --- INFO: Toyota 4RUNNER 4WD Limited - found: 10, pass primary filters: 2, did not pass the filter by color: 2, added: 0, new vincodes: 0
05-07-2011 07:05:23 --- INFO: Toyota RAV 4 - found: 2, pass primary filters: 2, did not pass the filter by color: 0, added: 2, new vincodes: 0
05-07-2011 07:05:24 --- INFO: Toyota Highlander 4WD - found: 2, pass primary filters: 0, did not pass the filter by color: 0, added: 0, new vincodes: 0
05-07-2011 07:05:25 --- INFO: Subaru Forester - found: 2, pass primary filters: 2, did not pass the filter by color: 0, added: 2, new vincodes: 0
05-07-2011 07:05:27 --- INFO: Nissan Rogue - found: 2, pass primary filters: 0, did not pass the filter by color: 0, added: 0, new vincodes: 0
05-07-2011 07:05:28 --- INFO: Toyota Highlander - found: 6, pass primary filters: 6, did not pass the filter by color: 3, added: 3, new vincodes: 0
05-07-2011 07:05:30 --- INFO: Acura MDX - found: 0, pass primary filters: 0, did not pass the filter by color: 0, added: 0, new vincodes: 0
05-07-2011 07:05:30 --- INFO: finish: 05-07-2011 07:05:30
05-07-2011 07:05:30 --- INFO: elapsed time: ~28.32 sec., memory usage: ~2.26 Mb.
05-07-2011 07:10:01 --- INFO: start: 05-07-2011 07:10:01
05-07-2011 07:10:01 --- INFO: ----------Source_Ebay (cli)
05-07-2011 07:10:18 --- INFO: Lexus RX 300 - found: 23, pass primary filters: 1, did not pass the filter by color: 0, added: 1, new vincodes: 0
05-07-2011 07:12:12 --- INFO: Lexus RX 330 - found: 82, pass primary filters: 18, did not pass the filter by color: 7, added: 11, new vincodes: 0
05-07-2011 07:13:24 --- INFO: Lexus RX 400H - found: 55, pass primary filters: 4, did not pass the filter by color: 0, added: 4, new vincodes: 0
05-07-2011 07:13:46 --- INFO: Lexus GX 470 - found: 28, pass primary filters: 10, did not pass the filter by color: 9, added: 1, new vincodes: 0
05-07-2011 07:14:04 --- INFO: Lexus GX 470 - found: 22, pass primary filters: 14, did not pass the filter by color: 14, added: 0, new vincodes: 0
05-07-2011 07:14:11 --- INFO: Lexus LX 470 - found: 7, pass primary filters: 3, did not pass the filter by color: 2, added: 1, new vincodes: 0
05-07-2011 07:14:18 --- INFO: Lexus LX 470 - found: 8, pass primary filters: 4, did not pass the filter by color: 4, added: 0, new vincodes: 0
05-07-2011 07:14:27 --- INFO: Toyota Land Cruiser - found: 9, pass primary filters: 8, did not pass the filter by color: 8, added: 0, new vincodes: 0
05-07-2011 07:14:43 --- INFO: Honda CR-V - found: 16, pass primary filters: 1, did not pass the filter by color: 0, added: 1, new vincodes: 0
05-07-2011 07:16:14 --- INFO: Honda CR-V - found: 57, pass primary filters: 0, did not pass the filter by color: 0, added: 0, new vincodes: 0
05-07-2011 07:16:18 --- INFO: Mitsubishi Montero 4WD Limited - found: 4, pass primary filters: 0, did not pass the filter by color: 0, added: 0, new vincodes: 0
05-07-2011 07:18:10 --- INFO: Toyota 4RUNNER 4WD Limited - found: 65, pass primary filters: 44, did not pass the filter by color: 27, added: 17, new vincodes: 0
05-07-2011 07:18:22 --- INFO: Toyota RAV 4 - found: 12, pass primary filters: 3, did not pass the filter by color: 2, added: 1, new vincodes: 0
05-07-2011 07:18:54 --- INFO: Toyota Highlander 4WD - found: 33, pass primary filters: 1, did not pass the filter by color: 1, added: 0, new vincodes: 0
05-07-2011 07:20:24 --- INFO: Subaru Forester - found: 55, pass primary filters: 4, did not pass the filter by color: 0, added: 4, new vincodes: 0
05-07-2011 07:20:57 --- INFO: Nissan Rogue - found: 37, pass primary filters: 1, did not pass the filter by color: 0, added: 1, new vincodes: 0
05-07-2011 07:21:23 --- INFO: Toyota Highlander - found: 33, pass primary filters: 9, did not pass the filter by color: 7, added: 2, new vincodes: 0
05-07-2011 07:21:37 --- INFO: Acura MDX - found: 17, pass primary filters: 1, did not pass the filter by color: 0, added: 1, new vincodes: 0
05-07-2011 07:21:37 --- INFO: finish: 05-07-2011 07:21:37
05-07-2011 07:21:37 --- INFO: elapsed time: ~696.69 sec., memory usage: ~2.92 Mb.
05-07-2011 08:10:01 --- INFO: start: 05-07-2011 08:10:01
05-07-2011 08:10:01 --- INFO: ----------Source_Adesa (cli)
05-07-2011 08:10:02 --- INFO: Authorized request
05-07-2011 08:10:03 --- ERROR: 500 Internal Server Error
05-07-2011 08:10:03 --- INFO: finish: 05-07-2011 08:10:03
05-07-2011 08:10:03 --- INFO: elapsed time: ~1.39 sec., memory usage: ~1.64 Mb.
05-07-2011 08:10:01 --- INFO: start: 05-07-2011 08:10:01
05-07-2011 08:10:01 --- INFO: ----------Source_Gsmotors (cli)
05-07-2011 08:10:48 --- INFO: Lexus RX 300 - found: 73, pass primary filters: 23, did not pass the filter by color: 6, added: 17, new vincodes: 0
05-07-2011 08:12:37 --- INFO: Lexus RX 330 - found: 161, pass primary filters: 39, did not pass the filter by color: 14, added: 25, new vincodes: 0
05-07-2011 08:12:50 --- INFO: Lexus RX 400H - found: 19, pass primary filters: 4, did not pass the filter by color: 1, added: 3, new vincodes: 0
05-07-2011 08:13:33 --- INFO: Lexus GX 470 - found: 66, pass primary filters: 32, did not pass the filter by color: 23, added: 9, new vincodes: 0
05-07-2011 08:14:32 --- INFO: Lexus GX 470 - found: 90, pass primary filters: 57, did not pass the filter by color: 48, added: 9, new vincodes: 0
05-07-2011 08:14:44 --- INFO: Lexus LX 470 - found: 19, pass primary filters: 17, did not pass the filter by color: 17, added: 0, new vincodes: 0
05-07-2011 08:14:59 --- INFO: Lexus LX 470 - found: 23, pass primary filters: 18, did not pass the filter by color: 17, added: 1, new vincodes: 0
05-07-2011 08:15:08 --- INFO: Toyota Land Cruiser - found: 12, pass primary filters: 9, did not pass the filter by color: 9, added: 0, new vincodes: 0
05-07-2011 08:15:47 --- INFO: Honda CR-V - found: 65, pass primary filters: 4, did not pass the filter by color: 0, added: 4, new vincodes: 0
05-07-2011 08:17:45 --- INFO: Honda CR-V - found: 179, pass primary filters: 9, did not pass the filter by color: 0, added: 9, new vincodes: 0
05-07-2011 08:18:31 --- INFO: Mitsubishi Montero 4WD Limited - found: 75, pass primary filters: 15, did not pass the filter by color: 15, added: 0, new vincodes: 0
05-07-2011 08:20:44 --- INFO: Toyota 4RUNNER 4WD Limited - found: 207, pass primary filters: 58, did not pass the filter by color: 45, added: 13, new vincodes: 0
05-07-2011 08:21:12 --- INFO: Toyota RAV 4 - found: 40, pass primary filters: 20, did not pass the filter by color: 14, added: 6, new vincodes: 0
05-07-2011 08:22:08 --- INFO: Toyota Highlander 4WD - found: 75, pass primary filters: 2, did not pass the filter by color: 2, added: 0, new vincodes: 0
05-07-2011 08:24:07 --- INFO: Subaru Forester - found: 132, pass primary filters: 19, did not pass the filter by color: 0, added: 19, new vincodes: 0
05-07-2011 08:25:26 --- INFO: Nissan Rogue - found: 105, pass primary filters: 11, did not pass the filter by color: 0, added: 11, new vincodes: 0
05-07-2011 08:26:14 --- INFO: Toyota Highlander - found: 75, pass primary filters: 40, did not pass the filter by color: 30, added: 10, new vincodes: 0
05-07-2011 08:26:52 --- INFO: Acura MDX - found: 58, pass primary filters: 3, did not pass the filter by color: 0, added: 3, new vincodes: 0
05-07-2011 08:26:52 --- INFO: finish: 05-07-2011 08:26:52
05-07-2011 08:26:52 --- INFO: elapsed time: ~1010.54 sec., memory usage: ~4.69 Mb.
05-07-2011 09:10:01 --- INFO: start: 05-07-2011 09:10:01
05-07-2011 09:10:01 --- INFO: ----------Source_Adesa (cli)
05-07-2011 09:10:02 --- INFO: Authorized request
05-07-2011 09:10:02 --- ERROR: 500 Internal Server Error
05-07-2011 09:10:02 --- INFO: finish: 05-07-2011 09:10:02
05-07-2011 09:10:02 --- INFO: elapsed time: ~1.17 sec., memory usage: ~1.64 Mb.
05-07-2011 09:10:01 --- INFO: start: 05-07-2011 09:10:01
05-07-2011 09:10:01 --- INFO: ----------Source_Gsmotors (cli)
05-07-2011 09:10:50 --- INFO: Lexus RX 300 - found: 73, pass primary filters: 23, did not pass the filter by color: 6, added: 17, new vincodes: 0
05-07-2011 09:12:57 --- INFO: Lexus RX 330 - found: 161, pass primary filters: 39, did not pass the filter by color: 14, added: 25, new vincodes: 0
05-07-2011 09:13:14 --- INFO: Lexus RX 400H - found: 19, pass primary filters: 4, did not pass the filter by color: 1, added: 3, new vincodes: 0
05-07-2011 09:14:05 --- INFO: Lexus GX 470 - found: 66, pass primary filters: 32, did not pass the filter by color: 23, added: 9, new vincodes: 0
05-07-2011 09:15:13 --- INFO: Lexus GX 470 - found: 90, pass primary filters: 57, did not pass the filter by color: 48, added: 9, new vincodes: 0
05-07-2011 09:15:26 --- INFO: Lexus LX 470 - found: 19, pass primary filters: 17, did not pass the filter by color: 17, added: 0, new vincodes: 0
05-07-2011 09:15:40 --- INFO: Lexus LX 470 - found: 23, pass primary filters: 18, did not pass the filter by color: 17, added: 1, new vincodes: 0
05-07-2011 09:15:49 --- INFO: Toyota Land Cruiser - found: 12, pass primary filters: 9, did not pass the filter by color: 9, added: 0, new vincodes: 0
05-07-2011 09:16:43 --- INFO: Honda CR-V - found: 65, pass primary filters: 4, did not pass the filter by color: 0, added: 4, new vincodes: 0
05-07-2011 09:19:33 --- INFO: Honda CR-V - found: 179, pass primary filters: 9, did not pass the filter by color: 0, added: 9, new vincodes: 0
05-07-2011 09:20:35 --- INFO: Mitsubishi Montero 4WD Limited - found: 75, pass primary filters: 15, did not pass the filter by color: 15, added: 0, new vincodes: 0
05-07-2011 09:22:53 --- INFO: Toyota 4RUNNER 4WD Limited - found: 207, pass primary filters: 58, did not pass the filter by color: 45, added: 13, new vincodes: 0
05-07-2011 09:23:18 --- INFO: Toyota RAV 4 - found: 40, pass primary filters: 20, did not pass the filter by color: 14, added: 6, new vincodes: 0
05-07-2011 09:24:02 --- INFO: Toyota Highlander 4WD - found: 75, pass primary filters: 2, did not pass the filter by color: 2, added: 0, new vincodes: 0
05-07-2011 09:25:23 --- INFO: Subaru Forester - found: 132, pass primary filters: 19, did not pass the filter by color: 0, added: 19, new vincodes: 0
05-07-2011 09:26:36 --- INFO: Nissan Rogue - found: 105, pass primary filters: 11, did not pass the filter by color: 0, added: 11, new vincodes: 0
05-07-2011 09:27:23 --- INFO: Toyota Highlander - found: 75, pass primary filters: 40, did not pass the filter by color: 30, added: 10, new vincodes: 0
05-07-2011 09:28:02 --- INFO: Acura MDX - found: 58, pass primary filters: 3, did not pass the filter by color: 0, added: 3, new vincodes: 0
05-07-2011 09:28:02 --- INFO: finish: 05-07-2011 09:28:02
05-07-2011 09:28:02 --- INFO: elapsed time: ~1080.85 sec., memory usage: ~4.69 Mb.
05-07-2011 10:00:01 --- INFO: start: 05-07-2011 10:00:01
05-07-2011 10:00:01 --- INFO: ----------Source_Adesa (cli)
05-07-2011 10:00:02 --- INFO: Authorized request
05-07-2011 10:00:02 --- ERROR: 500 Internal Server Error
05-07-2011 10:00:02 --- INFO: finish: 05-07-2011 10:00:02
05-07-2011 10:00:02 --- INFO: elapsed time: ~1.13 sec., memory usage: ~1.64 Mb.
05-07-2011 10:00:01 --- INFO: start: 05-07-2011 10:00:01
05-07-2011 10:00:01 --- INFO: ----------Source_Gsmotors (cli)
05-07-2011 10:00:46 --- INFO: Lexus RX 300 - found: 73, pass primary filters: 23, did not pass the filter by color: 5, added: 18, new vincodes: 0
05-07-2011 10:02:39 --- INFO: Lexus RX 330 - found: 161, pass primary filters: 39, did not pass the filter by color: 14, added: 25, new vincodes: 0
05-07-2011 10:02:53 --- INFO: Lexus RX 400H - found: 19, pass primary filters: 4, did not pass the filter by color: 1, added: 3, new vincodes: 0
05-07-2011 10:03:44 --- INFO: Lexus GX 470 - found: 66, pass primary filters: 32, did not pass the filter by color: 23, added: 9, new vincodes: 0
05-07-2011 10:05:01 --- INFO: Lexus GX 470 - found: 90, pass primary filters: 57, did not pass the filter by color: 48, added: 9, new vincodes: 0
05-07-2011 10:05:17 --- INFO: Lexus LX 470 - found: 19, pass primary filters: 17, did not pass the filter by color: 17, added: 0, new vincodes: 0
05-07-2011 10:05:34 --- INFO: Lexus LX 470 - found: 23, pass primary filters: 18, did not pass the filter by color: 17, added: 1, new vincodes: 0
05-07-2011 10:05:44 --- INFO: Toyota Land Cruiser - found: 12, pass primary filters: 9, did not pass the filter by color: 9, added: 0, new vincodes: 0
05-07-2011 10:06:29 --- INFO: Honda CR-V - found: 65, pass primary filters: 4, did not pass the filter by color: 0, added: 4, new vincodes: 0
05-07-2011 10:09:21 --- INFO: Honda CR-V - found: 179, pass primary filters: 9, did not pass the filter by color: 0, added: 9, new vincodes: 0
05-07-2011 10:10:28 --- INFO: Mitsubishi Montero 4WD Limited - found: 75, pass primary filters: 15, did not pass the filter by color: 15, added: 0, new vincodes: 0
05-07-2011 10:14:06 --- INFO: Toyota 4RUNNER 4WD Limited - found: 207, pass primary filters: 58, did not pass the filter by color: 45, added: 13, new vincodes: 0
05-07-2011 10:14:55 --- INFO: Toyota RAV 4 - found: 40, pass primary filters: 20, did not pass the filter by color: 14, added: 6, new vincodes: 0
05-07-2011 10:15:58 --- INFO: Toyota Highlander 4WD - found: 75, pass primary filters: 2, did not pass the filter by color: 2, added: 0, new vincodes: 0
05-07-2011 10:17:38 --- INFO: Subaru Forester - found: 132, pass primary filters: 19, did not pass the filter by color: 0, added: 19, new vincodes: 0
05-07-2011 10:19:34 --- INFO: Nissan Rogue - found: 105, pass primary filters: 11, did not pass the filter by color: 0, added: 11, new vincodes: 0
05-07-2011 10:20:24 --- INFO: Toyota Highlander - found: 75, pass primary filters: 40, did not pass the filter by color: 30, added: 10, new vincodes: 0
05-07-2011 10:21:13 --- INFO: Acura MDX - found: 58, pass primary filters: 3, did not pass the filter by color: 0, added: 3, new vincodes: 0
05-07-2011 10:21:13 --- INFO: finish: 05-07-2011 10:21:13
05-07-2011 10:21:13 --- INFO: elapsed time: ~1272.18 sec., memory usage: ~4.69 Mb.
05-07-2011 11:05:01 --- INFO: start: 05-07-2011 11:05:01
05-07-2011 11:05:01 --- INFO: ----------Source_Openlane (cli)
05-07-2011 11:05:04 --- INFO: Authorized request
05-07-2011 11:05:06 --- INFO: Lexus RX 300 - found: 1, pass primary filters: 1, did not pass the filter by color: 1, added: 0, new vincodes: 0
05-07-2011 11:05:08 --- INFO: Lexus RX 330 - found: 7, pass primary filters: 3, did not pass the filter by color: 1, added: 2, new vincodes: 0
05-07-2011 11:05:09 --- INFO: Lexus RX 400H - found: 1, pass primary filters: 0, did not pass the filter by color: 0, added: 0, new vincodes: 0
05-07-2011 11:05:10 --- INFO: Lexus GX 470 - found: 5, pass primary filters: 5, did not pass the filter by color: 4, added: 1, new vincodes: 0
05-07-2011 11:05:12 --- INFO: Lexus GX 470 - found: 9, pass primary filters: 9, did not pass the filter by color: 7, added: 2, new vincodes: 0
05-07-2011 11:05:13 --- INFO: Lexus LX 470 - found: 3, pass primary filters: 3, did not pass the filter by color: 2, added: 1, new vincodes: 0
05-07-2011 11:05:14 --- INFO: Lexus LX 470 - found: 1, pass primary filters: 1, did not pass the filter by color: 1, added: 0, new vincodes: 0
05-07-2011 11:05:16 --- INFO: Toyota Land Cruiser - found: 0, pass primary filters: 0, did not pass the filter by color: 0, added: 0, new vincodes: 0
05-07-2011 11:05:17 --- INFO: Honda CR-V - found: 4, pass primary filters: 0, did not pass the filter by color: 0, added: 0, new vincodes: 0
05-07-2011 11:05:18 --- INFO: Honda CR-V - found: 0, pass primary filters: 0, did not pass the filter by color: 0, added: 0, new vincodes: 0
05-07-2011 11:05:19 --- INFO: Mitsubishi Montero 4WD Limited - found: 2, pass primary filters: 0, did not pass the filter by color: 0, added: 0, new vincodes: 0
05-07-2011 11:05:21 --- INFO: Toyota 4RUNNER 4WD Limited - found: 10, pass primary filters: 2, did not pass the filter by color: 2, added: 0, new vincodes: 0
05-07-2011 11:05:22 --- INFO: Toyota RAV 4 - found: 2, pass primary filters: 2, did not pass the filter by color: 0, added: 2, new vincodes: 0
05-07-2011 11:05:26 --- INFO: Toyota Highlander 4WD - found: 2, pass primary filters: 0, did not pass the filter by color: 0, added: 0, new vincodes: 0
05-07-2011 11:05:27 --- INFO: Subaru Forester - found: 2, pass primary filters: 2, did not pass the filter by color: 0, added: 2, new vincodes: 0
05-07-2011 11:05:28 --- INFO: Nissan Rogue - found: 2, pass primary filters: 0, did not pass the filter by color: 0, added: 0, new vincodes: 0
05-07-2011 11:05:30 --- INFO: Toyota Highlander - found: 6, pass primary filters: 6, did not pass the filter by color: 3, added: 3, new vincodes: 0
05-07-2011 11:05:31 --- INFO: Acura MDX - found: 0, pass primary filters: 0, did not pass the filter by color: 0, added: 0, new vincodes: 0
05-07-2011 11:05:31 --- INFO: finish: 05-07-2011 11:05:31
05-07-2011 11:05:31 --- INFO: elapsed time: ~30.25 sec., memory usage: ~2.26 Mb.
05-07-2011 11:10:01 --- INFO: start: 05-07-2011 11:10:01
05-07-2011 11:10:01 --- INFO: ----------Source_Adesa (cli)
05-07-2011 11:10:02 --- INFO: Authorized request
05-07-2011 11:10:03 --- ERROR: 500 Internal Server Error
05-07-2011 11:10:03 --- INFO: finish: 05-07-2011 11:10:03
05-07-2011 11:10:03 --- INFO: elapsed time: ~1.25 sec., memory usage: ~1.64 Mb.
05-07-2011 11:10:01 --- INFO: start: 05-07-2011 11:10:01
05-07-2011 11:10:01 --- INFO: ----------Source_Ebay (cli)
05-07-2011 11:10:20 --- INFO: Lexus RX 300 - found: 23, pass primary filters: 1, did not pass the filter by color: 0, added: 1, new vincodes: 0
05-07-2011 11:12:25 --- INFO: Lexus RX 330 - found: 81, pass primary filters: 18, did not pass the filter by color: 7, added: 11, new vincodes: 0
05-07-2011 11:13:49 --- INFO: Lexus RX 400H - found: 56, pass primary filters: 6, did not pass the filter by color: 0, added: 6, new vincodes: 0
05-07-2011 11:14:12 --- INFO: Lexus GX 470 - found: 29, pass primary filters: 10, did not pass the filter by color: 9, added: 1, new vincodes: 0
05-07-2011 11:14:31 --- INFO: Lexus GX 470 - found: 22, pass primary filters: 14, did not pass the filter by color: 13, added: 1, new vincodes: 0
05-07-2011 11:14:37 --- INFO: Lexus LX 470 - found: 7, pass primary filters: 3, did not pass the filter by color: 2, added: 1, new vincodes: 0
05-07-2011 11:14:48 --- INFO: Lexus LX 470 - found: 11, pass primary filters: 7, did not pass the filter by color: 7, added: 0, new vincodes: 0
05-07-2011 11:14:55 --- INFO: Toyota Land Cruiser - found: 9, pass primary filters: 8, did not pass the filter by color: 8, added: 0, new vincodes: 0
05-07-2011 11:15:07 --- INFO: Honda CR-V - found: 16, pass primary filters: 1, did not pass the filter by color: 0, added: 1, new vincodes: 0
05-07-2011 11:16:27 --- INFO: Honda CR-V - found: 54, pass primary filters: 0, did not pass the filter by color: 0, added: 0, new vincodes: 0
05-07-2011 11:16:31 --- INFO: Mitsubishi Montero 4WD Limited - found: 4, pass primary filters: 0, did not pass the filter by color: 0, added: 0, new vincodes: 0
05-07-2011 11:18:13 --- INFO: Toyota 4RUNNER 4WD Limited - found: 67, pass primary filters: 46, did not pass the filter by color: 29, added: 17, new vincodes: 1
05-07-2011 11:18:22 --- INFO: Toyota RAV 4 - found: 11, pass primary filters: 2, did not pass the filter by color: 1, added: 1, new vincodes: 0
05-07-2011 11:18:47 --- INFO: Toyota Highlander 4WD - found: 31, pass primary filters: 1, did not pass the filter by color: 1, added: 0, new vincodes: 0
05-07-2011 11:20:08 --- INFO: Subaru Forester - found: 53, pass primary filters: 4, did not pass the filter by color: 0, added: 4, new vincodes: 0
05-07-2011 11:20:38 --- INFO: Nissan Rogue - found: 37, pass primary filters: 1, did not pass the filter by color: 0, added: 1, new vincodes: 0
05-07-2011 11:21:00 --- INFO: Toyota Highlander - found: 31, pass primary filters: 8, did not pass the filter by color: 6, added: 2, new vincodes: 0
05-07-2011 11:21:14 --- INFO: Acura MDX - found: 17, pass primary filters: 1, did not pass the filter by color: 0, added: 1, new vincodes: 0
05-07-2011 11:21:14 --- INFO: finish: 05-07-2011 11:21:14
05-07-2011 11:21:14 --- INFO: elapsed time: ~672.78 sec., memory usage: ~2.98 Mb.
05-07-2011 11:10:01 --- INFO: start: 05-07-2011 11:10:01
05-07-2011 11:10:01 --- INFO: ----------Source_Gsmotors (cli)
05-07-2011 11:11:29 --- INFO: Lexus RX 300 - found: 78, pass primary filters: 20, did not pass the filter by color: 4, added: 16, new vincodes: 0
05-07-2011 11:14:48 --- INFO: Lexus RX 330 - found: 175, pass primary filters: 41, did not pass the filter by color: 16, added: 25, new vincodes: 2
05-07-2011 11:15:19 --- INFO: Lexus RX 400H - found: 28, pass primary filters: 5, did not pass the filter by color: 1, added: 4, new vincodes: 1
05-07-2011 11:17:05 --- INFO: Lexus GX 470 - found: 77, pass primary filters: 34, did not pass the filter by color: 25, added: 9, new vincodes: 1
05-07-2011 11:19:07 --- INFO: Lexus GX 470 - found: 98, pass primary filters: 58, did not pass the filter by color: 48, added: 10, new vincodes: 2
05-07-2011 11:19:39 --- INFO: Lexus LX 470 - found: 24, pass primary filters: 17, did not pass the filter by color: 17, added: 0, new vincodes: 0
05-07-2011 11:20:09 --- INFO: Lexus LX 470 - found: 26, pass primary filters: 17, did not pass the filter by color: 16, added: 1, new vincodes: 1
05-07-2011 11:20:24 --- INFO: Toyota Land Cruiser - found: 15, pass primary filters: 9, did not pass the filter by color: 9, added: 0, new vincodes: 0
05-07-2011 11:21:52 --- INFO: Honda CR-V - found: 75, pass primary filters: 4, did not pass the filter by color: 0, added: 4, new vincodes: 1
05-07-2011 11:26:18 --- INFO: Honda CR-V - found: 201, pass primary filters: 9, did not pass the filter by color: 0, added: 9, new vincodes: 1
05-07-2011 11:28:14 --- INFO: Mitsubishi Montero 4WD Limited - found: 89, pass primary filters: 16, did not pass the filter by color: 16, added: 0, new vincodes: 0
05-07-2011 11:33:20 --- INFO: Toyota 4RUNNER 4WD Limited - found: 240, pass primary filters: 57, did not pass the filter by color: 44, added: 13, new vincodes: 1
05-07-2011 11:34:15 --- INFO: Toyota RAV 4 - found: 46, pass primary filters: 17, did not pass the filter by color: 12, added: 5, new vincodes: 2
05-07-2011 11:35:47 --- INFO: Toyota Highlander 4WD - found: 89, pass primary filters: 2, did not pass the filter by color: 2, added: 0, new vincodes: 0
05-07-2011 11:39:44 --- INFO: Subaru Forester - found: 140, pass primary filters: 17, did not pass the filter by color: 0, added: 17, new vincodes: 0
05-07-2011 11:42:37 --- INFO: Nissan Rogue - found: 108, pass primary filters: 10, did not pass the filter by color: 0, added: 10, new vincodes: 0
05-07-2011 11:43:38 --- INFO: Toyota Highlander - found: 89, pass primary filters: 38, did not pass the filter by color: 30, added: 8, new vincodes: 5
05-07-2011 11:45:56 --- INFO: Acura MDX - found: 68, pass primary filters: 3, did not pass the filter by color: 0, added: 3, new vincodes: 0
05-07-2011 11:45:56 --- INFO: finish: 05-07-2011 11:45:56
05-07-2011 11:45:56 --- INFO: elapsed time: ~2154.89 sec., memory usage: ~4.76 Mb.
05-07-2011 12:20:01 --- INFO: start: 05-07-2011 12:20:01
05-07-2011 12:20:01 --- INFO: ----------Source_Adesa (cli)
05-07-2011 12:20:02 --- INFO: Authorized request
05-07-2011 12:20:02 --- ERROR: 500 Internal Server Error
05-07-2011 12:20:02 --- INFO: finish: 05-07-2011 12:20:02
05-07-2011 12:20:02 --- INFO: elapsed time: ~1.26 sec., memory usage: ~1.64 Mb.
05-07-2011 12:20:01 --- INFO: start: 05-07-2011 12:20:01
05-07-2011 12:20:01 --- INFO: ----------Source_Gsmotors (cli)
05-07-2011 12:20:53 --- INFO: Lexus RX 300 - found: 78, pass primary filters: 20, did not pass the filter by color: 4, added: 16, new vincodes: 0
05-07-2011 12:23:01 --- INFO: Lexus RX 330 - found: 175, pass primary filters: 41, did not pass the filter by color: 16, added: 25, new vincodes: 0
05-07-2011 12:23:18 --- INFO: Lexus RX 400H - found: 28, pass primary filters: 5, did not pass the filter by color: 1, added: 4, new vincodes: 0
05-07-2011 12:24:05 --- INFO: Lexus GX 470 - found: 77, pass primary filters: 34, did not pass the filter by color: 25, added: 9, new vincodes: 0
05-07-2011 12:25:01 --- INFO: Lexus GX 470 - found: 98, pass primary filters: 58, did not pass the filter by color: 46, added: 12, new vincodes: 0
05-07-2011 12:25:15 --- INFO: Lexus LX 470 - found: 24, pass primary filters: 17, did not pass the filter by color: 17, added: 0, new vincodes: 0
05-07-2011 12:25:54 --- INFO: Lexus LX 470 - found: 26, pass primary filters: 17, did not pass the filter by color: 16, added: 1, new vincodes: 0
05-07-2011 12:26:08 --- INFO: Toyota Land Cruiser - found: 15, pass primary filters: 9, did not pass the filter by color: 9, added: 0, new vincodes: 0
05-07-2011 12:27:13 --- INFO: Honda CR-V - found: 75, pass primary filters: 4, did not pass the filter by color: 0, added: 4, new vincodes: 0
05-07-2011 12:29:26 --- INFO: Honda CR-V - found: 201, pass primary filters: 9, did not pass the filter by color: 0, added: 9, new vincodes: 0
05-07-2011 12:30:19 --- INFO: Mitsubishi Montero 4WD Limited - found: 89, pass primary filters: 16, did not pass the filter by color: 16, added: 0, new vincodes: 0
05-07-2011 12:32:52 --- INFO: Toyota 4RUNNER 4WD Limited - found: 240, pass primary filters: 57, did not pass the filter by color: 44, added: 13, new vincodes: 0
05-07-2011 12:33:30 --- INFO: Toyota RAV 4 - found: 46, pass primary filters: 17, did not pass the filter by color: 12, added: 5, new vincodes: 0
05-07-2011 12:34:20 --- INFO: Toyota Highlander 4WD - found: 89, pass primary filters: 2, did not pass the filter by color: 2, added: 0, new vincodes: 0
05-07-2011 12:36:05 --- INFO: Subaru Forester - found: 140, pass primary filters: 17, did not pass the filter by color: 0, added: 17, new vincodes: 0
05-07-2011 12:37:28 --- INFO: Nissan Rogue - found: 108, pass primary filters: 10, did not pass the filter by color: 0, added: 10, new vincodes: 0
05-07-2011 12:38:20 --- INFO: Toyota Highlander - found: 89, pass primary filters: 38, did not pass the filter by color: 30, added: 8, new vincodes: 0
05-07-2011 12:39:16 --- INFO: Acura MDX - found: 68, pass primary filters: 3, did not pass the filter by color: 0, added: 3, new vincodes: 0
05-07-2011 12:39:16 --- INFO: finish: 05-07-2011 12:39:16
05-07-2011 12:39:16 --- INFO: elapsed time: ~1155.73 sec., memory usage: ~4.65 Mb.
05-07-2011 13:20:01 --- INFO: start: 05-07-2011 13:20:01
05-07-2011 13:20:01 --- INFO: ----------Source_Adesa (cli)
05-07-2011 13:20:02 --- INFO: Authorized request
05-07-2011 13:20:03 --- ERROR: 500 Internal Server Error
05-07-2011 13:20:03 --- INFO: finish: 05-07-2011 13:20:03
05-07-2011 13:20:03 --- INFO: elapsed time: ~1.24 sec., memory usage: ~1.64 Mb.
05-07-2011 13:20:01 --- INFO: start: 05-07-2011 13:20:01
05-07-2011 13:20:01 --- INFO: ----------Source_Gsmotors (cli)
05-07-2011 13:20:46 --- INFO: Lexus RX 300 - found: 78, pass primary filters: 20, did not pass the filter by color: 4, added: 16, new vincodes: 0
05-07-2011 13:22:52 --- INFO: Lexus RX 330 - found: 175, pass primary filters: 41, did not pass the filter by color: 16, added: 25, new vincodes: 0
05-07-2011 13:23:17 --- INFO: Lexus RX 400H - found: 28, pass primary filters: 5, did not pass the filter by color: 1, added: 4, new vincodes: 0
05-07-2011 13:24:05 --- INFO: Lexus GX 470 - found: 77, pass primary filters: 34, did not pass the filter by color: 25, added: 9, new vincodes: 0
05-07-2011 13:25:07 --- INFO: Lexus GX 470 - found: 98, pass primary filters: 58, did not pass the filter by color: 48, added: 10, new vincodes: 0
05-07-2011 13:25:22 --- INFO: Lexus LX 470 - found: 24, pass primary filters: 17, did not pass the filter by color: 17, added: 0, new vincodes: 0
05-07-2011 13:25:40 --- INFO: Lexus LX 470 - found: 26, pass primary filters: 17, did not pass the filter by color: 16, added: 1, new vincodes: 0
05-07-2011 13:25:49 --- INFO: Toyota Land Cruiser - found: 15, pass primary filters: 9, did not pass the filter by color: 9, added: 0, new vincodes: 0
05-07-2011 13:26:34 --- INFO: Honda CR-V - found: 75, pass primary filters: 4, did not pass the filter by color: 0, added: 4, new vincodes: 0
05-07-2011 13:29:26 --- INFO: Honda CR-V - found: 201, pass primary filters: 9, did not pass the filter by color: 0, added: 9, new vincodes: 0
05-07-2011 13:30:17 --- INFO: Mitsubishi Montero 4WD Limited - found: 89, pass primary filters: 16, did not pass the filter by color: 16, added: 0, new vincodes: 0
05-07-2011 13:32:41 --- INFO: Toyota 4RUNNER 4WD Limited - found: 240, pass primary filters: 57, did not pass the filter by color: 45, added: 12, new vincodes: 0
05-07-2011 13:33:11 --- INFO: Toyota RAV 4 - found: 46, pass primary filters: 17, did not pass the filter by color: 12, added: 5, new vincodes: 0
05-07-2011 13:34:05 --- INFO: Toyota Highlander 4WD - found: 89, pass primary filters: 2, did not pass the filter by color: 2, added: 0, new vincodes: 0
05-07-2011 13:35:26 --- INFO: Subaru Forester - found: 140, pass primary filters: 17, did not pass the filter by color: 0, added: 17, new vincodes: 0
05-07-2011 13:36:36 --- INFO: Nissan Rogue - found: 108, pass primary filters: 10, did not pass the filter by color: 0, added: 10, new vincodes: 0
05-07-2011 13:37:31 --- INFO: Toyota Highlander - found: 89, pass primary filters: 38, did not pass the filter by color: 30, added: 8, new vincodes: 0
05-07-2011 13:38:17 --- INFO: Acura MDX - found: 68, pass primary filters: 3, did not pass the filter by color: 0, added: 3, new vincodes: 0
05-07-2011 13:38:17 --- INFO: finish: 05-07-2011 13:38:17
05-07-2011 13:38:17 --- INFO: elapsed time: ~1095.61 sec., memory usage: ~4.65 Mb.
05-07-2011 15:05:01 --- INFO: start: 05-07-2011 15:05:01
05-07-2011 15:05:01 --- INFO: ----------Source_Openlane (cli)
05-07-2011 15:05:05 --- INFO: Authorized request
05-07-2011 15:05:06 --- INFO: Lexus RX 300 - found: 0, pass primary filters: 0, did not pass the filter by color: 0, added: 0, new vincodes: 0
05-07-2011 15:05:07 --- INFO: Lexus RX 330 - found: 2, pass primary filters: 1, did not pass the filter by color: 0, added: 1, new vincodes: 0
05-07-2011 15:05:08 --- INFO: Lexus RX 400H - found: 0, pass primary filters: 0, did not pass the filter by color: 0, added: 0, new vincodes: 0
05-07-2011 15:05:10 --- INFO: Lexus GX 470 - found: 2, pass primary filters: 2, did not pass the filter by color: 2, added: 0, new vincodes: 0
05-07-2011 15:05:11 --- INFO: Lexus GX 470 - found: 7, pass primary filters: 7, did not pass the filter by color: 6, added: 1, new vincodes: 0
05-07-2011 15:05:14 --- INFO: Lexus LX 470 - found: 2, pass primary filters: 2, did not pass the filter by color: 2, added: 0, new vincodes: 0
05-07-2011 15:05:15 --- INFO: Lexus LX 470 - found: 0, pass primary filters: 0, did not pass the filter by color: 0, added: 0, new vincodes: 0
05-07-2011 15:05:16 --- INFO: Toyota Land Cruiser - found: 0, pass primary filters: 0, did not pass the filter by color: 0, added: 0, new vincodes: 0
05-07-2011 15:05:17 --- INFO: Honda CR-V - found: 3, pass primary filters: 0, did not pass the filter by color: 0, added: 0, new vincodes: 0
05-07-2011 15:05:18 --- INFO: Honda CR-V - found: 0, pass primary filters: 0, did not pass the filter by color: 0, added: 0, new vincodes: 0
05-07-2011 15:05:20 --- INFO: Mitsubishi Montero 4WD Limited - found: 1, pass primary filters: 0, did not pass the filter by color: 0, added: 0, new vincodes: 0
05-07-2011 15:05:21 --- INFO: Toyota 4RUNNER 4WD Limited - found: 7, pass primary filters: 1, did not pass the filter by color: 1, added: 0, new vincodes: 0
05-07-2011 15:05:22 --- INFO: Toyota RAV 4 - found: 1, pass primary filters: 1, did not pass the filter by color: 0, added: 1, new vincodes: 0
05-07-2011 15:05:24 --- INFO: Toyota Highlander 4WD - found: 1, pass primary filters: 0, did not pass the filter by color: 0, added: 0, new vincodes: 0
05-07-2011 15:05:26 --- INFO: Subaru Forester - found: 2, pass primary filters: 2, did not pass the filter by color: 0, added: 2, new vincodes: 1
05-07-2011 15:05:27 --- INFO: Nissan Rogue - found: 1, pass primary filters: 0, did not pass the filter by color: 0, added: 0, new vincodes: 0
05-07-2011 15:05:29 --- INFO: Toyota Highlander - found: 6, pass primary filters: 6, did not pass the filter by color: 3, added: 3, new vincodes: 0
05-07-2011 15:05:30 --- INFO: Acura MDX - found: 0, pass primary filters: 0, did not pass the filter by color: 0, added: 0, new vincodes: 0
05-07-2011 15:05:30 --- INFO: finish: 05-07-2011 15:05:30
05-07-2011 15:05:30 --- INFO: elapsed time: ~28.92 sec., memory usage: ~2.18 Mb.
05-07-2011 15:10:01 --- INFO: start: 05-07-2011 15:10:01
05-07-2011 15:10:01 --- INFO: ----------Source_Ebay (cli)
05-07-2011 15:10:19 --- INFO: Lexus RX 300 - found: 23, pass primary filters: 1, did not pass the filter by color: 0, added: 1, new vincodes: 0
05-07-2011 15:12:18 --- INFO: Lexus RX 330 - found: 83, pass primary filters: 18, did not pass the filter by color: 7, added: 11, new vincodes: 0
05-07-2011 15:13:42 --- INFO: Lexus RX 400H - found: 61, pass primary filters: 10, did not pass the filter by color: 2, added: 8, new vincodes: 1
05-07-2011 15:14:07 --- INFO: Lexus GX 470 - found: 29, pass primary filters: 11, did not pass the filter by color: 10, added: 1, new vincodes: 0
05-07-2011 15:14:27 --- INFO: Lexus GX 470 - found: 24, pass primary filters: 14, did not pass the filter by color: 13, added: 1, new vincodes: 0
05-07-2011 15:14:34 --- INFO: Lexus LX 470 - found: 8, pass primary filters: 4, did not pass the filter by color: 3, added: 1, new vincodes: 0
05-07-2011 15:14:43 --- INFO: Lexus LX 470 - found: 11, pass primary filters: 7, did not pass the filter by color: 7, added: 0, new vincodes: 0
05-07-2011 15:14:52 --- INFO: Toyota Land Cruiser - found: 10, pass primary filters: 9, did not pass the filter by color: 9, added: 0, new vincodes: 0
05-07-2011 15:15:04 --- INFO: Honda CR-V - found: 16, pass primary filters: 1, did not pass the filter by color: 0, added: 1, new vincodes: 0
05-07-2011 15:16:23 --- INFO: Honda CR-V - found: 56, pass primary filters: 0, did not pass the filter by color: 0, added: 0, new vincodes: 0
05-07-2011 15:16:27 --- INFO: Mitsubishi Montero 4WD Limited - found: 4, pass primary filters: 0, did not pass the filter by color: 0, added: 0, new vincodes: 0
05-07-2011 15:18:20 --- INFO: Toyota 4RUNNER 4WD Limited - found: 67, pass primary filters: 46, did not pass the filter by color: 28, added: 18, new vincodes: 0
05-07-2011 15:18:31 --- INFO: Toyota RAV 4 - found: 12, pass primary filters: 3, did not pass the filter by color: 2, added: 1, new vincodes: 0
05-07-2011 15:18:58 --- INFO: Toyota Highlander 4WD - found: 32, pass primary filters: 1, did not pass the filter by color: 1, added: 0, new vincodes: 0
05-07-2011 15:20:34 --- INFO: Subaru Forester - found: 56, pass primary filters: 4, did not pass the filter by color: 0, added: 4, new vincodes: 0
05-07-2011 15:21:08 --- INFO: Nissan Rogue - found: 38, pass primary filters: 1, did not pass the filter by color: 0, added: 1, new vincodes: 0
05-07-2011 15:21:32 --- INFO: Toyota Highlander - found: 32, pass primary filters: 9, did not pass the filter by color: 7, added: 2, new vincodes: 0
05-07-2011 15:21:46 --- INFO: Acura MDX - found: 16, pass primary filters: 1, did not pass the filter by color: 0, added: 1, new vincodes: 0
05-07-2011 15:21:46 --- INFO: finish: 05-07-2011 15:21:46
05-07-2011 15:21:46 --- INFO: elapsed time: ~705.1 sec., memory usage: ~3.05 Mb.
05-07-2011 16:10:02 --- INFO: start: 05-07-2011 16:10:02
05-07-2011 16:10:02 --- INFO: ----------Source_Adesa (cli)
05-07-2011 16:10:02 --- INFO: Authorized request
05-07-2011 16:10:03 --- ERROR: 500 Internal Server Error
05-07-2011 16:10:03 --- INFO: finish: 05-07-2011 16:10:03
05-07-2011 16:10:03 --- INFO: elapsed time: ~1.17 sec., memory usage: ~1.64 Mb.
05-07-2011 16:10:02 --- INFO: start: 05-07-2011 16:10:02
05-07-2011 16:10:02 --- INFO: ----------Source_Gsmotors (cli)
05-07-2011 16:11:38 --- INFO: Lexus RX 300 - found: 81, pass primary filters: 21, did not pass the filter by color: 5, added: 16, new vincodes: 2
05-07-2011 16:15:29 --- INFO: Lexus RX 330 - found: 204, pass primary filters: 47, did not pass the filter by color: 18, added: 29, new vincodes: 5
05-07-2011 16:16:10 --- INFO: Lexus RX 400H - found: 38, pass primary filters: 5, did not pass the filter by color: 1, added: 4, new vincodes: 0
05-07-2011 16:18:13 --- INFO: Lexus GX 470 - found: 93, pass primary filters: 41, did not pass the filter by color: 31, added: 10, new vincodes: 2
05-07-2011 16:20:13 --- INFO: Lexus GX 470 - found: 110, pass primary filters: 61, did not pass the filter by color: 47, added: 14, new vincodes: 1
05-07-2011 16:20:45 --- INFO: Lexus LX 470 - found: 24, pass primary filters: 18, did not pass the filter by color: 18, added: 0, new vincodes: 0
05-07-2011 16:21:26 --- INFO: Lexus LX 470 - found: 33, pass primary filters: 18, did not pass the filter by color: 17, added: 1, new vincodes: 2
05-07-2011 16:21:48 --- INFO: Toyota Land Cruiser - found: 19, pass primary filters: 11, did not pass the filter by color: 11, added: 0, new vincodes: 0
05-07-2011 16:23:36 --- INFO: Honda CR-V - found: 88, pass primary filters: 6, did not pass the filter by color: 0, added: 6, new vincodes: 2
05-07-2011 16:28:33 --- INFO: Honda CR-V - found: 231, pass primary filters: 8, did not pass the filter by color: 0, added: 8, new vincodes: 0
05-07-2011 16:30:50 --- INFO: Mitsubishi Montero 4WD Limited - found: 103, pass primary filters: 18, did not pass the filter by color: 18, added: 0, new vincodes: 1
05-07-2011 16:36:27 --- INFO: Toyota 4RUNNER 4WD Limited - found: 276, pass primary filters: 68, did not pass the filter by color: 52, added: 16, new vincodes: 4
05-07-2011 16:37:31 --- INFO: Toyota RAV 4 - found: 51, pass primary filters: 18, did not pass the filter by color: 14, added: 4, new vincodes: 1
05-07-2011 16:39:21 --- INFO: Toyota Highlander 4WD - found: 98, pass primary filters: 2, did not pass the filter by color: 2, added: 0, new vincodes: 0
05-07-2011 16:43:19 --- INFO: Subaru Forester - found: 157, pass primary filters: 16, did not pass the filter by color: 0, added: 16, new vincodes: 0
05-07-2011 16:46:01 --- INFO: Nissan Rogue - found: 116, pass primary filters: 9, did not pass the filter by color: 0, added: 9, new vincodes: 0
05-07-2011 16:47:03 --- INFO: Toyota Highlander - found: 98, pass primary filters: 41, did not pass the filter by color: 33, added: 8, new vincodes: 2
05-07-2011 16:48:34 --- INFO: Acura MDX - found: 85, pass primary filters: 3, did not pass the filter by color: 0, added: 3, new vincodes: 0
05-07-2011 16:48:34 --- INFO: finish: 05-07-2011 16:48:34
05-07-2011 16:48:34 --- INFO: elapsed time: ~2312.64 sec., memory usage: ~5.09 Mb.
05-07-2011 18:10:01 --- INFO: start: 05-07-2011 18:10:01
05-07-2011 18:10:01 --- INFO: ----------Source_Adesa (cli)
05-07-2011 18:10:02 --- INFO: Authorized request
05-07-2011 18:10:02 --- ERROR: 500 Internal Server Error
05-07-2011 18:10:02 --- INFO: finish: 05-07-2011 18:10:02
05-07-2011 18:10:02 --- INFO: elapsed time: ~1.13 sec., memory usage: ~1.64 Mb.
05-07-2011 18:10:01 --- INFO: start: 05-07-2011 18:10:01
05-07-2011 18:10:01 --- INFO: ----------Source_Gsmotors (cli)
05-07-2011 18:10:48 --- INFO: Lexus RX 300 - found: 81, pass primary filters: 21, did not pass the filter by color: 5, added: 16, new vincodes: 0
05-07-2011 18:13:03 --- INFO: Lexus RX 330 - found: 204, pass primary filters: 47, did not pass the filter by color: 17, added: 30, new vincodes: 0
05-07-2011 18:13:24 --- INFO: Lexus RX 400H - found: 38, pass primary filters: 5, did not pass the filter by color: 1, added: 4, new vincodes: 0
05-07-2011 18:14:17 --- INFO: Lexus GX 470 - found: 93, pass primary filters: 41, did not pass the filter by color: 31, added: 10, new vincodes: 0
05-07-2011 18:15:13 --- INFO: Lexus GX 470 - found: 110, pass primary filters: 61, did not pass the filter by color: 47, added: 14, new vincodes: 0
05-07-2011 18:15:27 --- INFO: Lexus LX 470 - found: 24, pass primary filters: 18, did not pass the filter by color: 18, added: 0, new vincodes: 0
05-07-2011 18:15:45 --- INFO: Lexus LX 470 - found: 33, pass primary filters: 18, did not pass the filter by color: 17, added: 1, new vincodes: 0
05-07-2011 18:15:56 --- INFO: Toyota Land Cruiser - found: 19, pass primary filters: 11, did not pass the filter by color: 11, added: 0, new vincodes: 0
05-07-2011 18:16:47 --- INFO: Honda CR-V - found: 88, pass primary filters: 6, did not pass the filter by color: 0, added: 6, new vincodes: 0
05-07-2011 18:19:10 --- INFO: Honda CR-V - found: 231, pass primary filters: 8, did not pass the filter by color: 0, added: 8, new vincodes: 0
05-07-2011 18:20:08 --- INFO: Mitsubishi Montero 4WD Limited - found: 103, pass primary filters: 18, did not pass the filter by color: 18, added: 0, new vincodes: 0
05-07-2011 18:22:47 --- INFO: Toyota 4RUNNER 4WD Limited - found: 276, pass primary filters: 68, did not pass the filter by color: 52, added: 16, new vincodes: 0
05-07-2011 18:23:16 --- INFO: Toyota RAV 4 - found: 51, pass primary filters: 18, did not pass the filter by color: 14, added: 4, new vincodes: 0
05-07-2011 18:24:17 --- INFO: Toyota Highlander 4WD - found: 98, pass primary filters: 2, did not pass the filter by color: 2, added: 0, new vincodes: 0
05-07-2011 18:25:44 --- INFO: Subaru Forester - found: 157, pass primary filters: 16, did not pass the filter by color: 0, added: 16, new vincodes: 0
05-07-2011 18:26:58 --- INFO: Nissan Rogue - found: 116, pass primary filters: 9, did not pass the filter by color: 0, added: 9, new vincodes: 0
05-07-2011 18:27:55 --- INFO: Toyota Highlander - found: 98, pass primary filters: 41, did not pass the filter by color: 33, added: 8, new vincodes: 0
05-07-2011 18:28:40 --- INFO: Acura MDX - found: 85, pass primary filters: 3, did not pass the filter by color: 0, added: 3, new vincodes: 0
05-07-2011 18:28:40 --- INFO: finish: 05-07-2011 18:28:40
05-07-2011 18:28:40 --- INFO: elapsed time: ~1118.57 sec., memory usage: ~4.94 Mb.
05-07-2011 19:05:01 --- INFO: start: 05-07-2011 19:05:01
05-07-2011 19:05:01 --- INFO: ----------Source_Openlane (cli)
05-07-2011 19:05:05 --- INFO: Authorized request
05-07-2011 19:05:06 --- INFO: Lexus RX 300 - found: 1, pass primary filters: 1, did not pass the filter by color: 0, added: 1, new vincodes: 0
05-07-2011 19:05:08 --- INFO: Lexus RX 330 - found: 6, pass primary filters: 2, did not pass the filter by color: 1, added: 1, new vincodes: 0
05-07-2011 19:05:09 --- INFO: Lexus RX 400H - found: 1, pass primary filters: 0, did not pass the filter by color: 0, added: 0, new vincodes: 0
05-07-2011 19:05:11 --- INFO: Lexus GX 470 - found: 5, pass primary filters: 5, did not pass the filter by color: 4, added: 1, new vincodes: 0
05-07-2011 19:05:12 --- INFO: Lexus GX 470 - found: 8, pass primary filters: 8, did not pass the filter by color: 7, added: 1, new vincodes: 0
05-07-2011 19:05:13 --- INFO: Lexus LX 470 - found: 3, pass primary filters: 3, did not pass the filter by color: 2, added: 1, new vincodes: 0
05-07-2011 19:05:15 --- INFO: Lexus LX 470 - found: 1, pass primary filters: 1, did not pass the filter by color: 1, added: 0, new vincodes: 0
05-07-2011 19:05:16 --- INFO: Toyota Land Cruiser - found: 0, pass primary filters: 0, did not pass the filter by color: 0, added: 0, new vincodes: 0
05-07-2011 19:05:17 --- INFO: Honda CR-V - found: 4, pass primary filters: 0, did not pass the filter by color: 0, added: 0, new vincodes: 0
05-07-2011 19:05:18 --- INFO: Honda CR-V - found: 0, pass primary filters: 0, did not pass the filter by color: 0, added: 0, new vincodes: 0
05-07-2011 19:05:19 --- INFO: Mitsubishi Montero 4WD Limited - found: 1, pass primary filters: 0, did not pass the filter by color: 0, added: 0, new vincodes: 0
05-07-2011 19:05:21 --- INFO: Toyota 4RUNNER 4WD Limited - found: 9, pass primary filters: 2, did not pass the filter by color: 2, added: 0, new vincodes: 0
05-07-2011 19:05:22 --- INFO: Toyota RAV 4 - found: 1, pass primary filters: 1, did not pass the filter by color: 0, added: 1, new vincodes: 0
05-07-2011 19:05:23 --- INFO: Toyota Highlander 4WD - found: 1, pass primary filters: 0, did not pass the filter by color: 0, added: 0, new vincodes: 0
05-07-2011 19:05:25 --- INFO: Subaru Forester - found: 3, pass primary filters: 3, did not pass the filter by color: 0, added: 3, new vincodes: 0
05-07-2011 19:05:26 --- INFO: Nissan Rogue - found: 1, pass primary filters: 0, did not pass the filter by color: 0, added: 0, new vincodes: 0
05-07-2011 19:05:27 --- INFO: Toyota Highlander - found: 6, pass primary filters: 6, did not pass the filter by color: 3, added: 3, new vincodes: 0
05-07-2011 19:05:28 --- INFO: Acura MDX - found: 0, pass primary filters: 0, did not pass the filter by color: 0, added: 0, new vincodes: 0
05-07-2011 19:05:28 --- INFO: finish: 05-07-2011 19:05:28
05-07-2011 19:05:28 --- INFO: elapsed time: ~27.51 sec., memory usage: ~2.25 Mb.
05-07-2011 19:10:01 --- INFO: start: 05-07-2011 19:10:01
05-07-2011 19:10:01 --- INFO: ----------Source_Ebay (cli)
05-07-2011 19:10:20 --- INFO: Lexus RX 300 - found: 23, pass primary filters: 1, did not pass the filter by color: 0, added: 1, new vincodes: 0
05-07-2011 19:12:38 --- INFO: Lexus RX 330 - found: 87, pass primary filters: 18, did not pass the filter by color: 6, added: 12, new vincodes: 0
05-07-2011 19:14:17 --- INFO: Lexus RX 400H - found: 62, pass primary filters: 10, did not pass the filter by color: 2, added: 8, new vincodes: 0
05-07-2011 19:14:45 --- INFO: Lexus GX 470 - found: 28, pass primary filters: 11, did not pass the filter by color: 10, added: 1, new vincodes: 0
05-07-2011 19:15:11 --- INFO: Lexus GX 470 - found: 25, pass primary filters: 15, did not pass the filter by color: 15, added: 0, new vincodes: 0
05-07-2011 19:15:19 --- INFO: Lexus LX 470 - found: 7, pass primary filters: 3, did not pass the filter by color: 3, added: 0, new vincodes: 0
05-07-2011 19:15:31 --- INFO: Lexus LX 470 - found: 10, pass primary filters: 6, did not pass the filter by color: 6, added: 0, new vincodes: 0
05-07-2011 19:15:42 --- INFO: Toyota Land Cruiser - found: 10, pass primary filters: 9, did not pass the filter by color: 9, added: 0, new vincodes: 0
05-07-2011 19:15:59 --- INFO: Honda CR-V - found: 17, pass primary filters: 2, did not pass the filter by color: 0, added: 2, new vincodes: 0
05-07-2011 19:17:33 --- INFO: Honda CR-V - found: 56, pass primary filters: 0, did not pass the filter by color: 0, added: 0, new vincodes: 0
05-07-2011 19:17:37 --- INFO: Mitsubishi Montero 4WD Limited - found: 4, pass primary filters: 0, did not pass the filter by color: 0, added: 0, new vincodes: 0
05-07-2011 19:19:20 --- INFO: Toyota 4RUNNER 4WD Limited - found: 68, pass primary filters: 46, did not pass the filter by color: 29, added: 17, new vincodes: 0
05-07-2011 19:19:29 --- INFO: Toyota RAV 4 - found: 12, pass primary filters: 3, did not pass the filter by color: 2, added: 1, new vincodes: 0
05-07-2011 19:19:54 --- INFO: Toyota Highlander 4WD - found: 33, pass primary filters: 0, did not pass the filter by color: 0, added: 0, new vincodes: 0
05-07-2011 19:21:15 --- INFO: Subaru Forester - found: 59, pass primary filters: 4, did not pass the filter by color: 0, added: 4, new vincodes: 0
05-07-2011 19:21:43 --- INFO: Nissan Rogue - found: 37, pass primary filters: 1, did not pass the filter by color: 0, added: 1, new vincodes: 0
05-07-2011 19:22:09 --- INFO: Toyota Highlander - found: 33, pass primary filters: 10, did not pass the filter by color: 8, added: 2, new vincodes: 1
05-07-2011 19:22:27 --- INFO: Acura MDX - found: 17, pass primary filters: 1, did not pass the filter by color: 0, added: 1, new vincodes: 0
05-07-2011 19:22:27 --- INFO: finish: 05-07-2011 19:22:27
05-07-2011 19:22:27 --- INFO: elapsed time: ~746.45 sec., memory usage: ~3.05 Mb.
05-07-2011 23:05:01 --- INFO: start: 05-07-2011 23:05:01
05-07-2011 23:05:01 --- INFO: ----------Source_Openlane (cli)
05-07-2011 23:05:05 --- INFO: Authorized request
05-07-2011 23:05:06 --- INFO: Lexus RX 300 - found: 1, pass primary filters: 1, did not pass the filter by color: 0, added: 1, new vincodes: 0
05-07-2011 23:05:08 --- INFO: Lexus RX 330 - found: 6, pass primary filters: 2, did not pass the filter by color: 1, added: 1, new vincodes: 0
05-07-2011 23:05:09 --- INFO: Lexus RX 400H - found: 1, pass primary filters: 0, did not pass the filter by color: 0, added: 0, new vincodes: 0
05-07-2011 23:05:11 --- INFO: Lexus GX 470 - found: 5, pass primary filters: 5, did not pass the filter by color: 4, added: 1, new vincodes: 0
05-07-2011 23:05:12 --- INFO: Lexus GX 470 - found: 8, pass primary filters: 8, did not pass the filter by color: 7, added: 1, new vincodes: 0
05-07-2011 23:05:14 --- INFO: Lexus LX 470 - found: 3, pass primary filters: 3, did not pass the filter by color: 2, added: 1, new vincodes: 0
05-07-2011 23:05:15 --- INFO: Lexus LX 470 - found: 1, pass primary filters: 1, did not pass the filter by color: 1, added: 0, new vincodes: 0
05-07-2011 23:05:16 --- INFO: Toyota Land Cruiser - found: 0, pass primary filters: 0, did not pass the filter by color: 0, added: 0, new vincodes: 0
05-07-2011 23:05:18 --- INFO: Honda CR-V - found: 4, pass primary filters: 0, did not pass the filter by color: 0, added: 0, new vincodes: 0
05-07-2011 23:05:19 --- INFO: Honda CR-V - found: 0, pass primary filters: 0, did not pass the filter by color: 0, added: 0, new vincodes: 0
05-07-2011 23:05:20 --- INFO: Mitsubishi Montero 4WD Limited - found: 1, pass primary filters: 0, did not pass the filter by color: 0, added: 0, new vincodes: 0
05-07-2011 23:05:22 --- INFO: Toyota 4RUNNER 4WD Limited - found: 9, pass primary filters: 2, did not pass the filter by color: 2, added: 0, new vincodes: 0
05-07-2011 23:05:23 --- INFO: Toyota RAV 4 - found: 1, pass primary filters: 1, did not pass the filter by color: 0, added: 1, new vincodes: 0
05-07-2011 23:05:24 --- INFO: Toyota Highlander 4WD - found: 1, pass primary filters: 0, did not pass the filter by color: 0, added: 0, new vincodes: 0
05-07-2011 23:05:25 --- INFO: Subaru Forester - found: 3, pass primary filters: 3, did not pass the filter by color: 0, added: 3, new vincodes: 0
05-07-2011 23:05:27 --- INFO: Nissan Rogue - found: 1, pass primary filters: 0, did not pass the filter by color: 0, added: 0, new vincodes: 0
05-07-2011 23:05:28 --- INFO: Toyota Highlander - found: 6, pass primary filters: 6, did not pass the filter by color: 3, added: 3, new vincodes: 0
05-07-2011 23:05:29 --- INFO: Acura MDX - found: 0, pass primary filters: 0, did not pass the filter by color: 0, added: 0, new vincodes: 0
05-07-2011 23:05:29 --- INFO: finish: 05-07-2011 23:05:29
05-07-2011 23:05:29 --- INFO: elapsed time: ~28.39 sec., memory usage: ~2.25 Mb.
05-07-2011 23:10:01 --- INFO: start: 05-07-2011 23:10:01
05-07-2011 23:10:01 --- INFO: ----------Source_Ebay (cli)
05-07-2011 23:10:20 --- INFO: Lexus RX 300 - found: 22, pass primary filters: 1, did not pass the filter by color: 0, added: 1, new vincodes: 0
05-07-2011 23:12:35 --- INFO: Lexus RX 330 - found: 85, pass primary filters: 16, did not pass the filter by color: 6, added: 10, new vincodes: 0
05-07-2011 23:14:00 --- INFO: Lexus RX 400H - found: 60, pass primary filters: 8, did not pass the filter by color: 2, added: 6, new vincodes: 0
05-07-2011 23:14:26 --- INFO: Lexus GX 470 - found: 30, pass primary filters: 12, did not pass the filter by color: 11, added: 1, new vincodes: 0
05-07-2011 23:14:45 --- INFO: Lexus GX 470 - found: 23, pass primary filters: 13, did not pass the filter by color: 13, added: 0, new vincodes: 0
05-07-2011 23:14:51 --- INFO: Lexus LX 470 - found: 7, pass primary filters: 3, did not pass the filter by color: 3, added: 0, new vincodes: 0
05-07-2011 23:14:58 --- INFO: Lexus LX 470 - found: 9, pass primary filters: 5, did not pass the filter by color: 5, added: 0, new vincodes: 0
05-07-2011 23:15:07 --- INFO: Toyota Land Cruiser - found: 10, pass primary filters: 9, did not pass the filter by color: 9, added: 0, new vincodes: 0
05-07-2011 23:15:20 --- INFO: Honda CR-V - found: 17, pass primary filters: 1, did not pass the filter by color: 0, added: 1, new vincodes: 0
05-07-2011 23:16:49 --- INFO: Honda CR-V - found: 56, pass primary filters: 0, did not pass the filter by color: 0, added: 0, new vincodes: 0
05-07-2011 23:16:54 --- INFO: Mitsubishi Montero 4WD Limited - found: 4, pass primary filters: 0, did not pass the filter by color: 0, added: 0, new vincodes: 0
05-07-2011 23:18:32 --- INFO: Toyota 4RUNNER 4WD Limited - found: 70, pass primary filters: 46, did not pass the filter by color: 30, added: 16, new vincodes: 0
05-07-2011 23:18:43 --- INFO: Toyota RAV 4 - found: 12, pass primary filters: 3, did not pass the filter by color: 2, added: 1, new vincodes: 0
05-07-2011 23:19:08 --- INFO: Toyota Highlander 4WD - found: 33, pass primary filters: 0, did not pass the filter by color: 0, added: 0, new vincodes: 0
05-07-2011 23:20:37 --- INFO: Subaru Forester - found: 59, pass primary filters: 4, did not pass the filter by color: 0, added: 4, new vincodes: 0
05-07-2011 23:21:09 --- INFO: Nissan Rogue - found: 38, pass primary filters: 1, did not pass the filter by color: 0, added: 1, new vincodes: 0
05-07-2011 23:21:32 --- INFO: Toyota Highlander - found: 33, pass primary filters: 10, did not pass the filter by color: 8, added: 2, new vincodes: 0
05-07-2011 23:21:48 --- INFO: Acura MDX - found: 18, pass primary filters: 1, did not pass the filter by color: 0, added: 1, new vincodes: 0
05-07-2011 23:21:48 --- INFO: finish: 05-07-2011 23:21:48
05-07-2011 23:21:48 --- INFO: elapsed time: ~706.15 sec., memory usage: ~2.97 Mb.