
05-09-2011 03:05:01 --- INFO: start: 05-09-2011 03:05:01
05-09-2011 03:05:01 --- INFO: ----------Source_Openlane (cli)
05-09-2011 03:05:04 --- ERROR: Unauthorized request
05-09-2011 03:05:04 --- INFO: finish: 05-09-2011 03:05:04
05-09-2011 03:05:04 --- INFO: elapsed time: ~2.96 sec., memory usage: ~1.31 Mb.
05-09-2011 03:10:01 --- INFO: start: 05-09-2011 03:10:01
05-09-2011 03:10:01 --- INFO: ----------Source_Ebay (cli)
05-09-2011 03:10:22 --- INFO: Lexus RX 300 - found: 26, pass primary filters: 2, did not pass the filter by color: 1, added: 1, new vincodes: 0
05-09-2011 03:11:51 --- INFO: Lexus RX 330 - found: 64, pass primary filters: 22, did not pass the filter by color: 11, added: 11, new vincodes: 0
05-09-2011 03:12:26 --- INFO: Lexus RX 400H - found: 48, pass primary filters: 1, did not pass the filter by color: 1, added: 0, new vincodes: 0
05-09-2011 03:12:53 --- INFO: Lexus GX 470 - found: 38, pass primary filters: 9, did not pass the filter by color: 7, added: 2, new vincodes: 0
05-09-2011 03:13:09 --- INFO: Lexus GX 470 - found: 21, pass primary filters: 13, did not pass the filter by color: 10, added: 3, new vincodes: 0
05-09-2011 03:13:15 --- INFO: Lexus LX 470 - found: 6, pass primary filters: 5, did not pass the filter by color: 5, added: 0, new vincodes: 0
05-09-2011 03:13:22 --- INFO: Lexus LX 470 - found: 9, pass primary filters: 7, did not pass the filter by color: 7, added: 0, new vincodes: 0
05-09-2011 03:13:27 --- INFO: Toyota Land Cruiser - found: 6, pass primary filters: 5, did not pass the filter by color: 4, added: 1, new vincodes: 0
05-09-2011 03:13:43 --- INFO: Honda CR-V - found: 21, pass primary filters: 1, did not pass the filter by color: 0, added: 1, new vincodes: 0
05-09-2011 03:15:15 --- INFO: Honda CR-V - found: 66, pass primary filters: 0, did not pass the filter by color: 0, added: 0, new vincodes: 0
05-09-2011 03:15:20 --- INFO: Mitsubishi Montero 4WD Limited - found: 7, pass primary filters: 1, did not pass the filter by color: 1, added: 0, new vincodes: 0
05-09-2011 03:15:56 --- INFO: Toyota 4RUNNER 4WD Limited - found: 50, pass primary filters: 12, did not pass the filter by color: 5, added: 7, new vincodes: 0
05-09-2011 03:16:07 --- INFO: Toyota RAV 4 - found: 15, pass primary filters: 4, did not pass the filter by color: 2, added: 2, new vincodes: 0
05-09-2011 03:16:25 --- INFO: Toyota Highlander 4WD - found: 24, pass primary filters: 0, did not pass the filter by color: 0, added: 0, new vincodes: 0
05-09-2011 03:17:48 --- INFO: Subaru Forester - found: 58, pass primary filters: 6, did not pass the filter by color: 0, added: 6, new vincodes: 0
05-09-2011 03:19:10 --- INFO: Nissan Rogue - found: 56, pass primary filters: 0, did not pass the filter by color: 0, added: 0, new vincodes: 0
05-09-2011 03:19:27 --- INFO: Toyota Highlander - found: 24, pass primary filters: 5, did not pass the filter by color: 5, added: 0, new vincodes: 0
05-09-2011 03:19:40 --- INFO: Acura MDX - found: 17, pass primary filters: 1, did not pass the filter by color: 0, added: 1, new vincodes: 0
05-09-2011 03:19:40 --- INFO: finish: 05-09-2011 03:19:40
05-09-2011 03:19:40 --- INFO: elapsed time: ~578.77 sec., memory usage: ~2.69 Mb.
05-09-2011 06:10:01 --- INFO: start: 05-09-2011 06:10:01
05-09-2011 06:10:02 --- INFO: ----------Source_Adesa (cli)
05-09-2011 06:10:02 --- INFO: Authorized request
05-09-2011 06:10:03 --- INFO: Lexus RX 300 - found: 0, pass primary filters: 0, did not pass the filter by color: 0, added: 0, new vincodes: 0
05-09-2011 06:10:03 --- INFO: Lexus RX 330 - found: 0, pass primary filters: 0, did not pass the filter by color: 0, added: 0, new vincodes: 0
05-09-2011 06:10:03 --- INFO: Lexus RX 400H - found: 0, pass primary filters: 0, did not pass the filter by color: 0, added: 0, new vincodes: 0
05-09-2011 06:10:03 --- INFO: Lexus GX 470 - found: 0, pass primary filters: 0, did not pass the filter by color: 0, added: 0, new vincodes: 0
05-09-2011 06:10:03 --- INFO: Lexus GX 470 - found: 0, pass primary filters: 0, did not pass the filter by color: 0, added: 0, new vincodes: 0
05-09-2011 06:10:04 --- INFO: Lexus LX 470 - found: 0, pass primary filters: 0, did not pass the filter by color: 0, added: 0, new vincodes: 0
05-09-2011 06:10:04 --- INFO: Lexus LX 470 - found: 0, pass primary filters: 0, did not pass the filter by color: 0, added: 0, new vincodes: 0
05-09-2011 06:10:04 --- INFO: Toyota Land Cruiser - found: 0, pass primary filters: 0, did not pass the filter by color: 0, added: 0, new vincodes: 0
05-09-2011 06:10:04 --- INFO: Honda CR-V - found: 0, pass primary filters: 0, did not pass the filter by color: 0, added: 0, new vincodes: 0
05-09-2011 06:10:04 --- INFO: Honda CR-V - found: 0, pass primary filters: 0, did not pass the filter by color: 0, added: 0, new vincodes: 0
05-09-2011 06:10:05 --- INFO: Mitsubishi Montero 4WD Limited - found: 0, pass primary filters: 0, did not pass the filter by color: 0, added: 0, new vincodes: 0
05-09-2011 06:10:05 --- INFO: Toyota 4RUNNER 4WD Limited - found: 0, pass primary filters: 0, did not pass the filter by color: 0, added: 0, new vincodes: 0
05-09-2011 06:10:05 --- INFO: Toyota RAV 4 - found: 0, pass primary filters: 0, did not pass the filter by color: 0, added: 0, new vincodes: 0
05-09-2011 06:10:05 --- INFO: Toyota Highlander 4WD - found: 0, pass primary filters: 0, did not pass the filter by color: 0, added: 0, new vincodes: 0
05-09-2011 06:10:06 --- INFO: Subaru Forester - found: 0, pass primary filters: 0, did not pass the filter by color: 0, added: 0, new vincodes: 0
05-09-2011 06:10:06 --- INFO: Nissan Rogue - found: 0, pass primary filters: 0, did not pass the filter by color: 0, added: 0, new vincodes: 0
05-09-2011 06:10:06 --- INFO: Toyota Highlander - found: 0, pass primary filters: 0, did not pass the filter by color: 0, added: 0, new vincodes: 0
05-09-2011 06:10:06 --- INFO: Acura MDX - found: 0, pass primary filters: 0, did not pass the filter by color: 0, added: 0, new vincodes: 0
05-09-2011 06:10:06 --- INFO: finish: 05-09-2011 06:10:06
05-09-2011 06:10:06 --- INFO: elapsed time: ~4.77 sec., memory usage: ~1.7 Mb.
05-09-2011 06:10:01 --- INFO: start: 05-09-2011 06:10:01
05-09-2011 06:10:02 --- INFO: ----------Source_Gsmotors (cli)
05-09-2011 06:10:52 --- INFO: Lexus RX 300 - found: 39, pass primary filters: 12, did not pass the filter by color: 4, added: 8, new vincodes: 0
05-09-2011 06:14:39 --- INFO: Lexus RX 330 - found: 182, pass primary filters: 45, did not pass the filter by color: 12, added: 33, new vincodes: 0
05-09-2011 06:15:11 --- INFO: Lexus RX 400H - found: 27, pass primary filters: 1, did not pass the filter by color: 1, added: 0, new vincodes: 0
05-09-2011 06:16:19 --- INFO: Lexus GX 470 - found: 54, pass primary filters: 33, did not pass the filter by color: 29, added: 4, new vincodes: 0
05-09-2011 06:17:54 --- INFO: Lexus GX 470 - found: 74, pass primary filters: 46, did not pass the filter by color: 35, added: 11, new vincodes: 0
05-09-2011 06:18:20 --- INFO: Lexus LX 470 - found: 15, pass primary filters: 14, did not pass the filter by color: 13, added: 1, new vincodes: 1
05-09-2011 06:18:37 --- INFO: Lexus LX 470 - found: 11, pass primary filters: 9, did not pass the filter by color: 9, added: 0, new vincodes: 0
05-09-2011 06:18:49 --- INFO: Toyota Land Cruiser - found: 8, pass primary filters: 5, did not pass the filter by color: 5, added: 0, new vincodes: 0
05-09-2011 06:19:40 --- INFO: Honda CR-V - found: 49, pass primary filters: 2, did not pass the filter by color: 0, added: 2, new vincodes: 0
05-09-2011 06:22:29 --- INFO: Honda CR-V - found: 125, pass primary filters: 4, did not pass the filter by color: 0, added: 4, new vincodes: 0
05-09-2011 06:23:29 --- INFO: Mitsubishi Montero 4WD Limited - found: 50, pass primary filters: 4, did not pass the filter by color: 4, added: 0, new vincodes: 0
05-09-2011 06:27:11 --- INFO: Toyota 4RUNNER 4WD Limited - found: 183, pass primary filters: 49, did not pass the filter by color: 31, added: 18, new vincodes: 0
05-09-2011 06:28:19 --- INFO: Toyota RAV 4 - found: 64, pass primary filters: 29, did not pass the filter by color: 22, added: 7, new vincodes: 0
05-09-2011 06:30:01 --- INFO: Toyota Highlander 4WD - found: 91, pass primary filters: 6, did not pass the filter by color: 3, added: 3, new vincodes: 0
05-09-2011 06:33:37 --- INFO: Subaru Forester - found: 126, pass primary filters: 9, did not pass the filter by color: 0, added: 9, new vincodes: 0
05-09-2011 06:39:16 --- INFO: Nissan Rogue - found: 192, pass primary filters: 9, did not pass the filter by color: 0, added: 9, new vincodes: 0
05-09-2011 06:40:03 --- INFO: Toyota Highlander - found: 91, pass primary filters: 40, did not pass the filter by color: 34, added: 6, new vincodes: 0
05-09-2011 06:41:09 --- INFO: Acura MDX - found: 55, pass primary filters: 1, did not pass the filter by color: 0, added: 1, new vincodes: 0
05-09-2011 06:41:09 --- INFO: finish: 05-09-2011 06:41:09
05-09-2011 06:41:09 --- INFO: elapsed time: ~1867.61 sec., memory usage: ~4.29 Mb.
05-09-2011 07:05:01 --- INFO: start: 05-09-2011 07:05:01
05-09-2011 07:05:01 --- INFO: ----------Source_Openlane (cli)
05-09-2011 07:05:04 --- ERROR: Unauthorized request
05-09-2011 07:05:04 --- INFO: finish: 05-09-2011 07:05:04
05-09-2011 07:05:04 --- INFO: elapsed time: ~3.02 sec., memory usage: ~1.31 Mb.
05-09-2011 07:10:02 --- INFO: start: 05-09-2011 07:10:02
05-09-2011 07:10:02 --- INFO: ----------Source_Ebay (cli)
05-09-2011 07:10:23 --- INFO: Lexus RX 300 - found: 26, pass primary filters: 2, did not pass the filter by color: 1, added: 1, new vincodes: 0
05-09-2011 07:12:00 --- INFO: Lexus RX 330 - found: 64, pass primary filters: 22, did not pass the filter by color: 10, added: 12, new vincodes: 0
05-09-2011 07:12:37 --- INFO: Lexus RX 400H - found: 48, pass primary filters: 1, did not pass the filter by color: 1, added: 0, new vincodes: 0
05-09-2011 07:13:06 --- INFO: Lexus GX 470 - found: 38, pass primary filters: 9, did not pass the filter by color: 7, added: 2, new vincodes: 0
05-09-2011 07:13:24 --- INFO: Lexus GX 470 - found: 21, pass primary filters: 13, did not pass the filter by color: 10, added: 3, new vincodes: 0
05-09-2011 07:13:29 --- INFO: Lexus LX 470 - found: 6, pass primary filters: 5, did not pass the filter by color: 5, added: 0, new vincodes: 0
05-09-2011 07:13:37 --- INFO: Lexus LX 470 - found: 9, pass primary filters: 7, did not pass the filter by color: 7, added: 0, new vincodes: 0
05-09-2011 07:13:43 --- INFO: Toyota Land Cruiser - found: 6, pass primary filters: 5, did not pass the filter by color: 4, added: 1, new vincodes: 0
05-09-2011 07:13:59 --- INFO: Honda CR-V - found: 21, pass primary filters: 1, did not pass the filter by color: 0, added: 1, new vincodes: 0
05-09-2011 07:15:30 --- INFO: Honda CR-V - found: 67, pass primary filters: 0, did not pass the filter by color: 0, added: 0, new vincodes: 0
05-09-2011 07:15:36 --- INFO: Mitsubishi Montero 4WD Limited - found: 7, pass primary filters: 1, did not pass the filter by color: 1, added: 0, new vincodes: 0
05-09-2011 07:16:10 --- INFO: Toyota 4RUNNER 4WD Limited - found: 50, pass primary filters: 11, did not pass the filter by color: 4, added: 7, new vincodes: 0
05-09-2011 07:16:22 --- INFO: Toyota RAV 4 - found: 15, pass primary filters: 4, did not pass the filter by color: 2, added: 2, new vincodes: 0
05-09-2011 07:16:40 --- INFO: Toyota Highlander 4WD - found: 24, pass primary filters: 0, did not pass the filter by color: 0, added: 0, new vincodes: 0
05-09-2011 07:18:04 --- INFO: Subaru Forester - found: 58, pass primary filters: 6, did not pass the filter by color: 0, added: 6, new vincodes: 0
05-09-2011 07:19:26 --- INFO: Nissan Rogue - found: 56, pass primary filters: 0, did not pass the filter by color: 0, added: 0, new vincodes: 0
05-09-2011 07:19:43 --- INFO: Toyota Highlander - found: 24, pass primary filters: 5, did not pass the filter by color: 5, added: 0, new vincodes: 0
05-09-2011 07:19:55 --- INFO: Acura MDX - found: 17, pass primary filters: 1, did not pass the filter by color: 0, added: 1, new vincodes: 0
05-09-2011 07:19:55 --- INFO: finish: 05-09-2011 07:19:55
05-09-2011 07:19:55 --- INFO: elapsed time: ~593.69 sec., memory usage: ~2.68 Mb.
05-09-2011 08:10:01 --- INFO: start: 05-09-2011 08:10:01
05-09-2011 08:10:01 --- INFO: ----------Source_Adesa (cli)
05-09-2011 08:10:02 --- INFO: Authorized request
05-09-2011 08:10:02 --- INFO: Lexus RX 300 - found: 0, pass primary filters: 0, did not pass the filter by color: 0, added: 0, new vincodes: 0
05-09-2011 08:10:02 --- INFO: Lexus RX 330 - found: 0, pass primary filters: 0, did not pass the filter by color: 0, added: 0, new vincodes: 0
05-09-2011 08:10:03 --- INFO: Lexus RX 400H - found: 0, pass primary filters: 0, did not pass the filter by color: 0, added: 0, new vincodes: 0
05-09-2011 08:10:03 --- INFO: Lexus GX 470 - found: 0, pass primary filters: 0, did not pass the filter by color: 0, added: 0, new vincodes: 0
05-09-2011 08:10:03 --- INFO: Lexus GX 470 - found: 0, pass primary filters: 0, did not pass the filter by color: 0, added: 0, new vincodes: 0
05-09-2011 08:10:03 --- INFO: Lexus LX 470 - found: 0, pass primary filters: 0, did not pass the filter by color: 0, added: 0, new vincodes: 0
05-09-2011 08:10:03 --- INFO: Lexus LX 470 - found: 0, pass primary filters: 0, did not pass the filter by color: 0, added: 0, new vincodes: 0
05-09-2011 08:10:03 --- INFO: Toyota Land Cruiser - found: 0, pass primary filters: 0, did not pass the filter by color: 0, added: 0, new vincodes: 0
05-09-2011 08:10:04 --- INFO: Honda CR-V - found: 0, pass primary filters: 0, did not pass the filter by color: 0, added: 0, new vincodes: 0
05-09-2011 08:10:04 --- INFO: Honda CR-V - found: 0, pass primary filters: 0, did not pass the filter by color: 0, added: 0, new vincodes: 0
05-09-2011 08:10:04 --- INFO: Mitsubishi Montero 4WD Limited - found: 0, pass primary filters: 0, did not pass the filter by color: 0, added: 0, new vincodes: 0
05-09-2011 08:10:04 --- INFO: Toyota 4RUNNER 4WD Limited - found: 0, pass primary filters: 0, did not pass the filter by color: 0, added: 0, new vincodes: 0
05-09-2011 08:10:05 --- INFO: Toyota RAV 4 - found: 0, pass primary filters: 0, did not pass the filter by color: 0, added: 0, new vincodes: 0
05-09-2011 08:10:05 --- INFO: Toyota Highlander 4WD - found: 0, pass primary filters: 0, did not pass the filter by color: 0, added: 0, new vincodes: 0
05-09-2011 08:10:05 --- INFO: Subaru Forester - found: 0, pass primary filters: 0, did not pass the filter by color: 0, added: 0, new vincodes: 0
05-09-2011 08:10:05 --- INFO: Nissan Rogue - found: 0, pass primary filters: 0, did not pass the filter by color: 0, added: 0, new vincodes: 0
05-09-2011 08:10:05 --- INFO: Toyota Highlander - found: 0, pass primary filters: 0, did not pass the filter by color: 0, added: 0, new vincodes: 0
05-09-2011 08:10:06 --- INFO: Acura MDX - found: 0, pass primary filters: 0, did not pass the filter by color: 0, added: 0, new vincodes: 0
05-09-2011 08:10:06 --- INFO: finish: 05-09-2011 08:10:06
05-09-2011 08:10:06 --- INFO: elapsed time: ~4.67 sec., memory usage: ~1.7 Mb.
05-09-2011 08:10:01 --- INFO: start: 05-09-2011 08:10:01
05-09-2011 08:10:01 --- INFO: ----------Source_Gsmotors (cli)
05-09-2011 08:10:28 --- INFO: Lexus RX 300 - found: 39, pass primary filters: 12, did not pass the filter by color: 4, added: 8, new vincodes: 0
05-09-2011 08:12:19 --- INFO: Lexus RX 330 - found: 182, pass primary filters: 45, did not pass the filter by color: 12, added: 33, new vincodes: 0
05-09-2011 08:12:34 --- INFO: Lexus RX 400H - found: 27, pass primary filters: 1, did not pass the filter by color: 1, added: 0, new vincodes: 0
05-09-2011 08:13:09 --- INFO: Lexus GX 470 - found: 54, pass primary filters: 33, did not pass the filter by color: 29, added: 4, new vincodes: 0
05-09-2011 08:13:52 --- INFO: Lexus GX 470 - found: 74, pass primary filters: 46, did not pass the filter by color: 35, added: 11, new vincodes: 0
05-09-2011 08:14:02 --- INFO: Lexus LX 470 - found: 15, pass primary filters: 14, did not pass the filter by color: 13, added: 1, new vincodes: 0
05-09-2011 08:14:10 --- INFO: Lexus LX 470 - found: 11, pass primary filters: 9, did not pass the filter by color: 9, added: 0, new vincodes: 0
05-09-2011 08:14:15 --- INFO: Toyota Land Cruiser - found: 8, pass primary filters: 5, did not pass the filter by color: 5, added: 0, new vincodes: 0
05-09-2011 08:15:11 --- INFO: Honda CR-V - found: 49, pass primary filters: 2, did not pass the filter by color: 0, added: 2, new vincodes: 0
05-09-2011 08:16:42 --- INFO: Honda CR-V - found: 125, pass primary filters: 4, did not pass the filter by color: 0, added: 4, new vincodes: 0
05-09-2011 08:17:26 --- INFO: Mitsubishi Montero 4WD Limited - found: 50, pass primary filters: 4, did not pass the filter by color: 4, added: 0, new vincodes: 0
05-09-2011 08:19:10 --- INFO: Toyota 4RUNNER 4WD Limited - found: 183, pass primary filters: 49, did not pass the filter by color: 31, added: 18, new vincodes: 0
05-09-2011 08:19:45 --- INFO: Toyota RAV 4 - found: 64, pass primary filters: 29, did not pass the filter by color: 23, added: 6, new vincodes: 0
05-09-2011 08:20:42 --- INFO: Toyota Highlander 4WD - found: 91, pass primary filters: 6, did not pass the filter by color: 3, added: 3, new vincodes: 0
05-09-2011 08:22:20 --- INFO: Subaru Forester - found: 126, pass primary filters: 9, did not pass the filter by color: 0, added: 9, new vincodes: 0
05-09-2011 08:24:44 --- INFO: Nissan Rogue - found: 192, pass primary filters: 9, did not pass the filter by color: 0, added: 9, new vincodes: 0
05-09-2011 08:25:35 --- INFO: Toyota Highlander - found: 91, pass primary filters: 40, did not pass the filter by color: 34, added: 6, new vincodes: 0
05-09-2011 08:26:23 --- INFO: Acura MDX - found: 55, pass primary filters: 1, did not pass the filter by color: 0, added: 1, new vincodes: 0
05-09-2011 08:26:23 --- INFO: finish: 05-09-2011 08:26:23
05-09-2011 08:26:23 --- INFO: elapsed time: ~981.84 sec., memory usage: ~4.24 Mb.
05-09-2011 09:10:01 --- INFO: start: 05-09-2011 09:10:01
05-09-2011 09:10:01 --- INFO: ----------Source_Adesa (cli)
05-09-2011 09:10:02 --- INFO: Authorized request
05-09-2011 09:10:03 --- INFO: Lexus RX 300 - found: 0, pass primary filters: 0, did not pass the filter by color: 0, added: 0, new vincodes: 0
05-09-2011 09:10:03 --- INFO: Lexus RX 330 - found: 0, pass primary filters: 0, did not pass the filter by color: 0, added: 0, new vincodes: 0
05-09-2011 09:10:03 --- INFO: Lexus RX 400H - found: 0, pass primary filters: 0, did not pass the filter by color: 0, added: 0, new vincodes: 0
05-09-2011 09:10:03 --- INFO: Lexus GX 470 - found: 0, pass primary filters: 0, did not pass the filter by color: 0, added: 0, new vincodes: 0
05-09-2011 09:10:03 --- INFO: Lexus GX 470 - found: 0, pass primary filters: 0, did not pass the filter by color: 0, added: 0, new vincodes: 0
05-09-2011 09:10:04 --- INFO: Lexus LX 470 - found: 0, pass primary filters: 0, did not pass the filter by color: 0, added: 0, new vincodes: 0
05-09-2011 09:10:04 --- INFO: Lexus LX 470 - found: 0, pass primary filters: 0, did not pass the filter by color: 0, added: 0, new vincodes: 0
05-09-2011 09:10:04 --- INFO: Toyota Land Cruiser - found: 0, pass primary filters: 0, did not pass the filter by color: 0, added: 0, new vincodes: 0
05-09-2011 09:10:04 --- INFO: Honda CR-V - found: 0, pass primary filters: 0, did not pass the filter by color: 0, added: 0, new vincodes: 0
05-09-2011 09:10:04 --- INFO: Honda CR-V - found: 0, pass primary filters: 0, did not pass the filter by color: 0, added: 0, new vincodes: 0
05-09-2011 09:10:05 --- INFO: Mitsubishi Montero 4WD Limited - found: 0, pass primary filters: 0, did not pass the filter by color: 0, added: 0, new vincodes: 0
05-09-2011 09:10:05 --- INFO: Toyota 4RUNNER 4WD Limited - found: 0, pass primary filters: 0, did not pass the filter by color: 0, added: 0, new vincodes: 0
05-09-2011 09:10:05 --- INFO: Toyota RAV 4 - found: 0, pass primary filters: 0, did not pass the filter by color: 0, added: 0, new vincodes: 0
05-09-2011 09:10:05 --- INFO: Toyota Highlander 4WD - found: 0, pass primary filters: 0, did not pass the filter by color: 0, added: 0, new vincodes: 0
05-09-2011 09:10:06 --- INFO: Subaru Forester - found: 0, pass primary filters: 0, did not pass the filter by color: 0, added: 0, new vincodes: 0
05-09-2011 09:10:06 --- INFO: Nissan Rogue - found: 0, pass primary filters: 0, did not pass the filter by color: 0, added: 0, new vincodes: 0
05-09-2011 09:10:06 --- INFO: Toyota Highlander - found: 0, pass primary filters: 0, did not pass the filter by color: 0, added: 0, new vincodes: 0
05-09-2011 09:10:06 --- INFO: Acura MDX - found: 0, pass primary filters: 0, did not pass the filter by color: 0, added: 0, new vincodes: 0
05-09-2011 09:10:06 --- INFO: finish: 05-09-2011 09:10:06
05-09-2011 09:10:06 --- INFO: elapsed time: ~5 sec., memory usage: ~1.7 Mb.
05-09-2011 09:10:01 --- INFO: start: 05-09-2011 09:10:01
05-09-2011 09:10:01 --- INFO: ----------Source_Gsmotors (cli)
05-09-2011 09:10:23 --- INFO: Lexus RX 300 - found: 39, pass primary filters: 12, did not pass the filter by color: 4, added: 8, new vincodes: 0
05-09-2011 09:12:08 --- INFO: Lexus RX 330 - found: 182, pass primary filters: 45, did not pass the filter by color: 12, added: 33, new vincodes: 0
05-09-2011 09:12:31 --- INFO: Lexus RX 400H - found: 27, pass primary filters: 1, did not pass the filter by color: 1, added: 0, new vincodes: 0
05-09-2011 09:13:03 --- INFO: Lexus GX 470 - found: 54, pass primary filters: 33, did not pass the filter by color: 29, added: 4, new vincodes: 0
05-09-2011 09:13:40 --- INFO: Lexus GX 470 - found: 74, pass primary filters: 46, did not pass the filter by color: 35, added: 11, new vincodes: 0
05-09-2011 09:13:50 --- INFO: Lexus LX 470 - found: 15, pass primary filters: 14, did not pass the filter by color: 13, added: 1, new vincodes: 0
05-09-2011 09:13:58 --- INFO: Lexus LX 470 - found: 11, pass primary filters: 9, did not pass the filter by color: 9, added: 0, new vincodes: 0
05-09-2011 09:14:03 --- INFO: Toyota Land Cruiser - found: 8, pass primary filters: 5, did not pass the filter by color: 5, added: 0, new vincodes: 0
05-09-2011 09:14:35 --- INFO: Honda CR-V - found: 49, pass primary filters: 2, did not pass the filter by color: 0, added: 2, new vincodes: 0
05-09-2011 09:15:44 --- INFO: Honda CR-V - found: 125, pass primary filters: 4, did not pass the filter by color: 0, added: 4, new vincodes: 0
05-09-2011 09:16:13 --- INFO: Mitsubishi Montero 4WD Limited - found: 50, pass primary filters: 4, did not pass the filter by color: 4, added: 0, new vincodes: 0
05-09-2011 09:18:09 --- INFO: Toyota 4RUNNER 4WD Limited - found: 183, pass primary filters: 49, did not pass the filter by color: 31, added: 18, new vincodes: 0
05-09-2011 09:19:16 --- INFO: Toyota RAV 4 - found: 64, pass primary filters: 29, did not pass the filter by color: 23, added: 6, new vincodes: 0
05-09-2011 09:20:11 --- INFO: Toyota Highlander 4WD - found: 91, pass primary filters: 6, did not pass the filter by color: 3, added: 3, new vincodes: 0
05-09-2011 09:21:22 --- INFO: Subaru Forester - found: 126, pass primary filters: 9, did not pass the filter by color: 0, added: 9, new vincodes: 0
05-09-2011 09:23:23 --- INFO: Nissan Rogue - found: 192, pass primary filters: 9, did not pass the filter by color: 0, added: 9, new vincodes: 0
05-09-2011 09:24:12 --- INFO: Toyota Highlander - found: 91, pass primary filters: 40, did not pass the filter by color: 34, added: 6, new vincodes: 0
05-09-2011 09:24:49 --- INFO: Acura MDX - found: 55, pass primary filters: 1, did not pass the filter by color: 0, added: 1, new vincodes: 0
05-09-2011 09:24:49 --- INFO: finish: 05-09-2011 09:24:49
05-09-2011 09:24:49 --- INFO: elapsed time: ~888.12 sec., memory usage: ~4.24 Mb.
05-09-2011 10:00:01 --- INFO: start: 05-09-2011 10:00:01
05-09-2011 10:00:01 --- INFO: ----------Source_Adesa (cli)
05-09-2011 10:00:02 --- INFO: Authorized request
05-09-2011 10:00:03 --- INFO: Lexus RX 300 - found: 0, pass primary filters: 0, did not pass the filter by color: 0, added: 0, new vincodes: 0
05-09-2011 10:00:03 --- INFO: Lexus RX 330 - found: 0, pass primary filters: 0, did not pass the filter by color: 0, added: 0, new vincodes: 0
05-09-2011 10:00:03 --- INFO: Lexus RX 400H - found: 0, pass primary filters: 0, did not pass the filter by color: 0, added: 0, new vincodes: 0
05-09-2011 10:00:03 --- INFO: Lexus GX 470 - found: 0, pass primary filters: 0, did not pass the filter by color: 0, added: 0, new vincodes: 0
05-09-2011 10:00:03 --- INFO: Lexus GX 470 - found: 0, pass primary filters: 0, did not pass the filter by color: 0, added: 0, new vincodes: 0
05-09-2011 10:00:04 --- INFO: Lexus LX 470 - found: 0, pass primary filters: 0, did not pass the filter by color: 0, added: 0, new vincodes: 0
05-09-2011 10:00:04 --- INFO: Lexus LX 470 - found: 0, pass primary filters: 0, did not pass the filter by color: 0, added: 0, new vincodes: 0
05-09-2011 10:00:04 --- INFO: Toyota Land Cruiser - found: 0, pass primary filters: 0, did not pass the filter by color: 0, added: 0, new vincodes: 0
05-09-2011 10:00:04 --- INFO: Honda CR-V - found: 0, pass primary filters: 0, did not pass the filter by color: 0, added: 0, new vincodes: 0
05-09-2011 10:00:04 --- INFO: Honda CR-V - found: 0, pass primary filters: 0, did not pass the filter by color: 0, added: 0, new vincodes: 0
05-09-2011 10:00:05 --- INFO: Mitsubishi Montero 4WD Limited - found: 0, pass primary filters: 0, did not pass the filter by color: 0, added: 0, new vincodes: 0
05-09-2011 10:00:05 --- INFO: Toyota 4RUNNER 4WD Limited - found: 0, pass primary filters: 0, did not pass the filter by color: 0, added: 0, new vincodes: 0
05-09-2011 10:00:05 --- INFO: Toyota RAV 4 - found: 0, pass primary filters: 0, did not pass the filter by color: 0, added: 0, new vincodes: 0
05-09-2011 10:00:06 --- INFO: Toyota Highlander 4WD - found: 0, pass primary filters: 0, did not pass the filter by color: 0, added: 0, new vincodes: 0
05-09-2011 10:00:06 --- INFO: Subaru Forester - found: 0, pass primary filters: 0, did not pass the filter by color: 0, added: 0, new vincodes: 0
05-09-2011 10:00:06 --- INFO: Nissan Rogue - found: 0, pass primary filters: 0, did not pass the filter by color: 0, added: 0, new vincodes: 0
05-09-2011 10:00:06 --- INFO: Toyota Highlander - found: 0, pass primary filters: 0, did not pass the filter by color: 0, added: 0, new vincodes: 0
05-09-2011 10:00:06 --- INFO: Acura MDX - found: 0, pass primary filters: 0, did not pass the filter by color: 0, added: 0, new vincodes: 0
05-09-2011 10:00:06 --- INFO: finish: 05-09-2011 10:00:06
05-09-2011 10:00:06 --- INFO: elapsed time: ~5.11 sec., memory usage: ~1.7 Mb.
05-09-2011 10:00:01 --- INFO: start: 05-09-2011 10:00:01
05-09-2011 10:00:01 --- INFO: ----------Source_Gsmotors (cli)
05-09-2011 10:00:25 --- INFO: Lexus RX 300 - found: 39, pass primary filters: 12, did not pass the filter by color: 4, added: 8, new vincodes: 0
05-09-2011 10:02:05 --- INFO: Lexus RX 330 - found: 182, pass primary filters: 45, did not pass the filter by color: 12, added: 33, new vincodes: 0
05-09-2011 10:02:23 --- INFO: Lexus RX 400H - found: 27, pass primary filters: 1, did not pass the filter by color: 1, added: 0, new vincodes: 0
05-09-2011 10:02:53 --- INFO: Lexus GX 470 - found: 54, pass primary filters: 33, did not pass the filter by color: 29, added: 4, new vincodes: 0
05-09-2011 10:03:32 --- INFO: Lexus GX 470 - found: 74, pass primary filters: 46, did not pass the filter by color: 35, added: 11, new vincodes: 0
05-09-2011 10:03:41 --- INFO: Lexus LX 470 - found: 15, pass primary filters: 14, did not pass the filter by color: 13, added: 1, new vincodes: 0
05-09-2011 10:03:48 --- INFO: Lexus LX 470 - found: 11, pass primary filters: 9, did not pass the filter by color: 9, added: 0, new vincodes: 0
05-09-2011 10:03:54 --- INFO: Toyota Land Cruiser - found: 8, pass primary filters: 5, did not pass the filter by color: 5, added: 0, new vincodes: 0
05-09-2011 10:04:18 --- INFO: Honda CR-V - found: 49, pass primary filters: 2, did not pass the filter by color: 0, added: 2, new vincodes: 0
05-09-2011 10:05:28 --- INFO: Honda CR-V - found: 125, pass primary filters: 4, did not pass the filter by color: 0, added: 4, new vincodes: 0
05-09-2011 10:05:57 --- INFO: Mitsubishi Montero 4WD Limited - found: 50, pass primary filters: 4, did not pass the filter by color: 4, added: 0, new vincodes: 0
05-09-2011 10:11:14 --- INFO: Toyota 4RUNNER 4WD Limited - found: 183, pass primary filters: 49, did not pass the filter by color: 31, added: 18, new vincodes: 0
05-09-2011 10:11:53 --- INFO: Toyota RAV 4 - found: 64, pass primary filters: 29, did not pass the filter by color: 22, added: 7, new vincodes: 0
05-09-2011 10:13:00 --- INFO: Toyota Highlander 4WD - found: 91, pass primary filters: 6, did not pass the filter by color: 3, added: 3, new vincodes: 0
05-09-2011 10:14:20 --- INFO: Subaru Forester - found: 126, pass primary filters: 9, did not pass the filter by color: 0, added: 9, new vincodes: 0
05-09-2011 10:16:40 --- INFO: Nissan Rogue - found: 192, pass primary filters: 9, did not pass the filter by color: 0, added: 9, new vincodes: 0
05-09-2011 10:17:38 --- INFO: Toyota Highlander - found: 91, pass primary filters: 40, did not pass the filter by color: 34, added: 6, new vincodes: 0
05-09-2011 10:18:12 --- INFO: Acura MDX - found: 55, pass primary filters: 1, did not pass the filter by color: 0, added: 1, new vincodes: 0
05-09-2011 10:18:12 --- INFO: finish: 05-09-2011 10:18:12
05-09-2011 10:18:12 --- INFO: elapsed time: ~1090.69 sec., memory usage: ~4.25 Mb.
05-09-2011 11:05:01 --- INFO: start: 05-09-2011 11:05:01
05-09-2011 11:05:01 --- INFO: ----------Source_Openlane (cli)
05-09-2011 11:05:04 --- ERROR: Unauthorized request
05-09-2011 11:05:04 --- INFO: finish: 05-09-2011 11:05:04
05-09-2011 11:05:04 --- INFO: elapsed time: ~2.97 sec., memory usage: ~1.31 Mb.
05-09-2011 11:10:01 --- INFO: start: 05-09-2011 11:10:01
05-09-2011 11:10:01 --- INFO: ----------Source_Adesa (cli)
05-09-2011 11:10:02 --- INFO: Authorized request
05-09-2011 11:10:02 --- INFO: Lexus RX 300 - found: 0, pass primary filters: 0, did not pass the filter by color: 0, added: 0, new vincodes: 0
05-09-2011 11:10:02 --- INFO: Lexus RX 330 - found: 0, pass primary filters: 0, did not pass the filter by color: 0, added: 0, new vincodes: 0
05-09-2011 11:10:03 --- INFO: Lexus RX 400H - found: 0, pass primary filters: 0, did not pass the filter by color: 0, added: 0, new vincodes: 0
05-09-2011 11:10:03 --- INFO: Lexus GX 470 - found: 0, pass primary filters: 0, did not pass the filter by color: 0, added: 0, new vincodes: 0
05-09-2011 11:10:03 --- INFO: Lexus GX 470 - found: 0, pass primary filters: 0, did not pass the filter by color: 0, added: 0, new vincodes: 0
05-09-2011 11:10:06 --- INFO: Lexus LX 470 - found: 0, pass primary filters: 0, did not pass the filter by color: 0, added: 0, new vincodes: 0
05-09-2011 11:10:07 --- INFO: Lexus LX 470 - found: 0, pass primary filters: 0, did not pass the filter by color: 0, added: 0, new vincodes: 0
05-09-2011 11:10:07 --- INFO: Toyota Land Cruiser - found: 0, pass primary filters: 0, did not pass the filter by color: 0, added: 0, new vincodes: 0
05-09-2011 11:10:07 --- INFO: Honda CR-V - found: 0, pass primary filters: 0, did not pass the filter by color: 0, added: 0, new vincodes: 0
05-09-2011 11:10:07 --- INFO: Honda CR-V - found: 0, pass primary filters: 0, did not pass the filter by color: 0, added: 0, new vincodes: 0
05-09-2011 11:10:08 --- INFO: Mitsubishi Montero 4WD Limited - found: 0, pass primary filters: 0, did not pass the filter by color: 0, added: 0, new vincodes: 0
05-09-2011 11:10:08 --- INFO: Toyota 4RUNNER 4WD Limited - found: 0, pass primary filters: 0, did not pass the filter by color: 0, added: 0, new vincodes: 0
05-09-2011 11:10:08 --- INFO: Toyota RAV 4 - found: 0, pass primary filters: 0, did not pass the filter by color: 0, added: 0, new vincodes: 0
05-09-2011 11:10:08 --- INFO: Toyota Highlander 4WD - found: 0, pass primary filters: 0, did not pass the filter by color: 0, added: 0, new vincodes: 0
05-09-2011 11:10:09 --- INFO: Subaru Forester - found: 0, pass primary filters: 0, did not pass the filter by color: 0, added: 0, new vincodes: 0
05-09-2011 11:10:09 --- INFO: Nissan Rogue - found: 0, pass primary filters: 0, did not pass the filter by color: 0, added: 0, new vincodes: 0
05-09-2011 11:10:09 --- INFO: Toyota Highlander - found: 0, pass primary filters: 0, did not pass the filter by color: 0, added: 0, new vincodes: 0
05-09-2011 11:10:09 --- INFO: Acura MDX - found: 0, pass primary filters: 0, did not pass the filter by color: 0, added: 0, new vincodes: 0
05-09-2011 11:10:09 --- INFO: finish: 05-09-2011 11:10:09
05-09-2011 11:10:09 --- INFO: elapsed time: ~8.61 sec., memory usage: ~1.7 Mb.
05-09-2011 11:10:01 --- INFO: start: 05-09-2011 11:10:01
05-09-2011 11:10:01 --- INFO: ----------Source_Ebay (cli)
05-09-2011 11:10:20 --- INFO: Lexus RX 300 - found: 25, pass primary filters: 2, did not pass the filter by color: 1, added: 1, new vincodes: 0
05-09-2011 11:11:50 --- INFO: Lexus RX 330 - found: 66, pass primary filters: 22, did not pass the filter by color: 12, added: 10, new vincodes: 0
05-09-2011 11:12:25 --- INFO: Lexus RX 400H - found: 48, pass primary filters: 1, did not pass the filter by color: 1, added: 0, new vincodes: 0
05-09-2011 11:12:51 --- INFO: Lexus GX 470 - found: 37, pass primary filters: 8, did not pass the filter by color: 6, added: 2, new vincodes: 0
05-09-2011 11:13:08 --- INFO: Lexus GX 470 - found: 21, pass primary filters: 13, did not pass the filter by color: 11, added: 2, new vincodes: 1
05-09-2011 11:13:14 --- INFO: Lexus LX 470 - found: 6, pass primary filters: 5, did not pass the filter by color: 5, added: 0, new vincodes: 0
05-09-2011 11:13:20 --- INFO: Lexus LX 470 - found: 8, pass primary filters: 6, did not pass the filter by color: 6, added: 0, new vincodes: 0
05-09-2011 11:13:25 --- INFO: Toyota Land Cruiser - found: 6, pass primary filters: 5, did not pass the filter by color: 4, added: 1, new vincodes: 0
05-09-2011 11:13:41 --- INFO: Honda CR-V - found: 21, pass primary filters: 1, did not pass the filter by color: 0, added: 1, new vincodes: 0
05-09-2011 11:15:11 --- INFO: Honda CR-V - found: 66, pass primary filters: 0, did not pass the filter by color: 0, added: 0, new vincodes: 0
05-09-2011 11:15:17 --- INFO: Mitsubishi Montero 4WD Limited - found: 7, pass primary filters: 1, did not pass the filter by color: 1, added: 0, new vincodes: 0
05-09-2011 11:16:28 --- INFO: Toyota 4RUNNER 4WD Limited - found: 52, pass primary filters: 24, did not pass the filter by color: 10, added: 14, new vincodes: 0
05-09-2011 11:16:43 --- INFO: Toyota RAV 4 - found: 15, pass primary filters: 4, did not pass the filter by color: 2, added: 2, new vincodes: 0
05-09-2011 11:17:02 --- INFO: Toyota Highlander 4WD - found: 24, pass primary filters: 0, did not pass the filter by color: 0, added: 0, new vincodes: 0
05-09-2011 11:18:29 --- INFO: Subaru Forester - found: 57, pass primary filters: 6, did not pass the filter by color: 0, added: 6, new vincodes: 0
05-09-2011 11:19:54 --- INFO: Nissan Rogue - found: 54, pass primary filters: 0, did not pass the filter by color: 0, added: 0, new vincodes: 0
05-09-2011 11:20:12 --- INFO: Toyota Highlander - found: 24, pass primary filters: 5, did not pass the filter by color: 5, added: 0, new vincodes: 0
05-09-2011 11:20:25 --- INFO: Acura MDX - found: 17, pass primary filters: 1, did not pass the filter by color: 0, added: 1, new vincodes: 0
05-09-2011 11:20:25 --- INFO: finish: 05-09-2011 11:20:25
05-09-2011 11:20:25 --- INFO: elapsed time: ~623.96 sec., memory usage: ~2.78 Mb.
05-09-2011 11:10:01 --- INFO: start: 05-09-2011 11:10:01
05-09-2011 11:10:01 --- INFO: ----------Source_Gsmotors (cli)
05-09-2011 11:10:51 --- INFO: Lexus RX 300 - found: 43, pass primary filters: 12, did not pass the filter by color: 4, added: 8, new vincodes: 0
05-09-2011 11:14:49 --- INFO: Lexus RX 330 - found: 193, pass primary filters: 45, did not pass the filter by color: 13, added: 32, new vincodes: 0
05-09-2011 11:15:24 --- INFO: Lexus RX 400H - found: 30, pass primary filters: 1, did not pass the filter by color: 1, added: 0, new vincodes: 0
05-09-2011 11:16:37 --- INFO: Lexus GX 470 - found: 57, pass primary filters: 33, did not pass the filter by color: 29, added: 4, new vincodes: 0
05-09-2011 11:18:20 --- INFO: Lexus GX 470 - found: 81, pass primary filters: 50, did not pass the filter by color: 39, added: 11, new vincodes: 1
05-09-2011 11:18:41 --- INFO: Lexus LX 470 - found: 16, pass primary filters: 14, did not pass the filter by color: 13, added: 1, new vincodes: 0
05-09-2011 11:18:57 --- INFO: Lexus LX 470 - found: 11, pass primary filters: 8, did not pass the filter by color: 8, added: 0, new vincodes: 0
05-09-2011 11:19:07 --- INFO: Toyota Land Cruiser - found: 8, pass primary filters: 5, did not pass the filter by color: 5, added: 0, new vincodes: 0
05-09-2011 11:20:12 --- INFO: Honda CR-V - found: 56, pass primary filters: 3, did not pass the filter by color: 0, added: 3, new vincodes: 1
05-09-2011 11:23:00 --- INFO: Honda CR-V - found: 138, pass primary filters: 4, did not pass the filter by color: 0, added: 4, new vincodes: 0
05-09-2011 11:24:07 --- INFO: Mitsubishi Montero 4WD Limited - found: 55, pass primary filters: 5, did not pass the filter by color: 5, added: 0, new vincodes: 0
05-09-2011 11:28:06 --- INFO: Toyota 4RUNNER 4WD Limited - found: 198, pass primary filters: 50, did not pass the filter by color: 32, added: 18, new vincodes: 1
05-09-2011 11:29:25 --- INFO: Toyota RAV 4 - found: 70, pass primary filters: 31, did not pass the filter by color: 23, added: 8, new vincodes: 4
05-09-2011 11:31:20 --- INFO: Toyota Highlander 4WD - found: 94, pass primary filters: 6, did not pass the filter by color: 3, added: 3, new vincodes: 0
05-09-2011 11:35:02 --- INFO: Subaru Forester - found: 126, pass primary filters: 9, did not pass the filter by color: 0, added: 9, new vincodes: 0
05-09-2011 11:40:43 --- INFO: Nissan Rogue - found: 194, pass primary filters: 9, did not pass the filter by color: 0, added: 9, new vincodes: 0
05-09-2011 11:41:34 --- INFO: Toyota Highlander - found: 94, pass primary filters: 43, did not pass the filter by color: 36, added: 7, new vincodes: 2
05-09-2011 11:42:49 --- INFO: Acura MDX - found: 59, pass primary filters: 1, did not pass the filter by color: 0, added: 1, new vincodes: 0
05-09-2011 11:42:49 --- INFO: finish: 05-09-2011 11:42:49
05-09-2011 11:42:49 --- INFO: elapsed time: ~1968.81 sec., memory usage: ~4.39 Mb.
05-09-2011 12:20:01 --- INFO: start: 05-09-2011 12:20:01
05-09-2011 12:20:01 --- INFO: ----------Source_Adesa (cli)
05-09-2011 12:20:02 --- INFO: Authorized request
05-09-2011 12:20:02 --- INFO: Lexus RX 300 - found: 0, pass primary filters: 0, did not pass the filter by color: 0, added: 0, new vincodes: 0
05-09-2011 12:20:02 --- INFO: Lexus RX 330 - found: 0, pass primary filters: 0, did not pass the filter by color: 0, added: 0, new vincodes: 0
05-09-2011 12:20:02 --- INFO: Lexus RX 400H - found: 0, pass primary filters: 0, did not pass the filter by color: 0, added: 0, new vincodes: 0
05-09-2011 12:20:02 --- INFO: Lexus GX 470 - found: 0, pass primary filters: 0, did not pass the filter by color: 0, added: 0, new vincodes: 0
05-09-2011 12:20:03 --- INFO: Lexus GX 470 - found: 0, pass primary filters: 0, did not pass the filter by color: 0, added: 0, new vincodes: 0
05-09-2011 12:20:03 --- INFO: Lexus LX 470 - found: 0, pass primary filters: 0, did not pass the filter by color: 0, added: 0, new vincodes: 0
05-09-2011 12:20:03 --- INFO: Lexus LX 470 - found: 0, pass primary filters: 0, did not pass the filter by color: 0, added: 0, new vincodes: 0
05-09-2011 12:20:03 --- INFO: Toyota Land Cruiser - found: 0, pass primary filters: 0, did not pass the filter by color: 0, added: 0, new vincodes: 0
05-09-2011 12:20:03 --- INFO: Honda CR-V - found: 0, pass primary filters: 0, did not pass the filter by color: 0, added: 0, new vincodes: 0
05-09-2011 12:20:04 --- INFO: Honda CR-V - found: 0, pass primary filters: 0, did not pass the filter by color: 0, added: 0, new vincodes: 0
05-09-2011 12:20:04 --- INFO: Mitsubishi Montero 4WD Limited - found: 0, pass primary filters: 0, did not pass the filter by color: 0, added: 0, new vincodes: 0
05-09-2011 12:20:04 --- INFO: Toyota 4RUNNER 4WD Limited - found: 0, pass primary filters: 0, did not pass the filter by color: 0, added: 0, new vincodes: 0
05-09-2011 12:20:04 --- INFO: Toyota RAV 4 - found: 0, pass primary filters: 0, did not pass the filter by color: 0, added: 0, new vincodes: 0
05-09-2011 12:20:05 --- INFO: Toyota Highlander 4WD - found: 0, pass primary filters: 0, did not pass the filter by color: 0, added: 0, new vincodes: 0
05-09-2011 12:20:05 --- INFO: Subaru Forester - found: 0, pass primary filters: 0, did not pass the filter by color: 0, added: 0, new vincodes: 0
05-09-2011 12:20:05 --- INFO: Nissan Rogue - found: 0, pass primary filters: 0, did not pass the filter by color: 0, added: 0, new vincodes: 0
05-09-2011 12:20:05 --- INFO: Toyota Highlander - found: 0, pass primary filters: 0, did not pass the filter by color: 0, added: 0, new vincodes: 0
05-09-2011 12:20:05 --- INFO: Acura MDX - found: 0, pass primary filters: 0, did not pass the filter by color: 0, added: 0, new vincodes: 0
05-09-2011 12:20:05 --- INFO: finish: 05-09-2011 12:20:05
05-09-2011 12:20:05 --- INFO: elapsed time: ~4.72 sec., memory usage: ~1.7 Mb.
05-09-2011 12:20:01 --- INFO: start: 05-09-2011 12:20:01
05-09-2011 12:20:01 --- INFO: ----------Source_Gsmotors (cli)
05-09-2011 12:20:34 --- INFO: Lexus RX 300 - found: 43, pass primary filters: 12, did not pass the filter by color: 4, added: 8, new vincodes: 0
05-09-2011 12:22:20 --- INFO: Lexus RX 330 - found: 193, pass primary filters: 45, did not pass the filter by color: 12, added: 33, new vincodes: 0
05-09-2011 12:22:39 --- INFO: Lexus RX 400H - found: 30, pass primary filters: 1, did not pass the filter by color: 1, added: 0, new vincodes: 0
05-09-2011 12:23:14 --- INFO: Lexus GX 470 - found: 57, pass primary filters: 33, did not pass the filter by color: 29, added: 4, new vincodes: 0
05-09-2011 12:23:57 --- INFO: Lexus GX 470 - found: 81, pass primary filters: 50, did not pass the filter by color: 39, added: 11, new vincodes: 0
05-09-2011 12:24:07 --- INFO: Lexus LX 470 - found: 16, pass primary filters: 14, did not pass the filter by color: 13, added: 1, new vincodes: 0
05-09-2011 12:24:15 --- INFO: Lexus LX 470 - found: 11, pass primary filters: 8, did not pass the filter by color: 8, added: 0, new vincodes: 0
05-09-2011 12:24:20 --- INFO: Toyota Land Cruiser - found: 8, pass primary filters: 5, did not pass the filter by color: 5, added: 0, new vincodes: 0
05-09-2011 12:24:48 --- INFO: Honda CR-V - found: 56, pass primary filters: 3, did not pass the filter by color: 0, added: 3, new vincodes: 0
05-09-2011 12:26:01 --- INFO: Honda CR-V - found: 138, pass primary filters: 4, did not pass the filter by color: 0, added: 4, new vincodes: 0
05-09-2011 12:26:37 --- INFO: Mitsubishi Montero 4WD Limited - found: 55, pass primary filters: 5, did not pass the filter by color: 5, added: 0, new vincodes: 0
05-09-2011 12:28:28 --- INFO: Toyota 4RUNNER 4WD Limited - found: 198, pass primary filters: 50, did not pass the filter by color: 32, added: 18, new vincodes: 0
05-09-2011 12:29:04 --- INFO: Toyota RAV 4 - found: 70, pass primary filters: 31, did not pass the filter by color: 23, added: 8, new vincodes: 0
05-09-2011 12:30:02 --- INFO: Toyota Highlander 4WD - found: 94, pass primary filters: 6, did not pass the filter by color: 3, added: 3, new vincodes: 0
05-09-2011 12:31:23 --- INFO: Subaru Forester - found: 126, pass primary filters: 9, did not pass the filter by color: 0, added: 9, new vincodes: 0
05-09-2011 12:34:10 --- INFO: Nissan Rogue - found: 194, pass primary filters: 9, did not pass the filter by color: 0, added: 9, new vincodes: 0
05-09-2011 12:35:01 --- INFO: Toyota Highlander - found: 94, pass primary filters: 43, did not pass the filter by color: 36, added: 7, new vincodes: 0
05-09-2011 12:35:35 --- INFO: Acura MDX - found: 59, pass primary filters: 1, did not pass the filter by color: 0, added: 1, new vincodes: 0
05-09-2011 12:35:35 --- INFO: finish: 05-09-2011 12:35:35
05-09-2011 12:35:35 --- INFO: elapsed time: ~934.4 sec., memory usage: ~4.32 Mb.
05-09-2011 13:20:01 --- INFO: start: 05-09-2011 13:20:01
05-09-2011 13:20:01 --- INFO: ----------Source_Adesa (cli)
05-09-2011 13:20:02 --- INFO: Authorized request
05-09-2011 13:20:02 --- INFO: Lexus RX 300 - found: 0, pass primary filters: 0, did not pass the filter by color: 0, added: 0, new vincodes: 0
05-09-2011 13:20:02 --- INFO: Lexus RX 330 - found: 0, pass primary filters: 0, did not pass the filter by color: 0, added: 0, new vincodes: 0
05-09-2011 13:20:02 --- INFO: Lexus RX 400H - found: 0, pass primary filters: 0, did not pass the filter by color: 0, added: 0, new vincodes: 0
05-09-2011 13:20:03 --- INFO: Lexus GX 470 - found: 0, pass primary filters: 0, did not pass the filter by color: 0, added: 0, new vincodes: 0
05-09-2011 13:20:03 --- INFO: Lexus GX 470 - found: 0, pass primary filters: 0, did not pass the filter by color: 0, added: 0, new vincodes: 0
05-09-2011 13:20:03 --- INFO: Lexus LX 470 - found: 0, pass primary filters: 0, did not pass the filter by color: 0, added: 0, new vincodes: 0
05-09-2011 13:20:03 --- INFO: Lexus LX 470 - found: 0, pass primary filters: 0, did not pass the filter by color: 0, added: 0, new vincodes: 0
05-09-2011 13:20:03 --- INFO: Toyota Land Cruiser - found: 0, pass primary filters: 0, did not pass the filter by color: 0, added: 0, new vincodes: 0
05-09-2011 13:20:04 --- INFO: Honda CR-V - found: 0, pass primary filters: 0, did not pass the filter by color: 0, added: 0, new vincodes: 0
05-09-2011 13:20:04 --- INFO: Honda CR-V - found: 0, pass primary filters: 0, did not pass the filter by color: 0, added: 0, new vincodes: 0
05-09-2011 13:20:04 --- INFO: Mitsubishi Montero 4WD Limited - found: 0, pass primary filters: 0, did not pass the filter by color: 0, added: 0, new vincodes: 0
05-09-2011 13:20:04 --- INFO: Toyota 4RUNNER 4WD Limited - found: 0, pass primary filters: 0, did not pass the filter by color: 0, added: 0, new vincodes: 0
05-09-2011 13:20:05 --- INFO: Toyota RAV 4 - found: 0, pass primary filters: 0, did not pass the filter by color: 0, added: 0, new vincodes: 0
05-09-2011 13:20:05 --- INFO: Toyota Highlander 4WD - found: 0, pass primary filters: 0, did not pass the filter by color: 0, added: 0, new vincodes: 0
05-09-2011 13:20:05 --- INFO: Subaru Forester - found: 0, pass primary filters: 0, did not pass the filter by color: 0, added: 0, new vincodes: 0
05-09-2011 13:20:05 --- INFO: Nissan Rogue - found: 0, pass primary filters: 0, did not pass the filter by color: 0, added: 0, new vincodes: 0
05-09-2011 13:20:06 --- INFO: Toyota Highlander - found: 0, pass primary filters: 0, did not pass the filter by color: 0, added: 0, new vincodes: 0
05-09-2011 13:20:06 --- INFO: Acura MDX - found: 0, pass primary filters: 0, did not pass the filter by color: 0, added: 0, new vincodes: 0
05-09-2011 13:20:06 --- INFO: finish: 05-09-2011 13:20:06
05-09-2011 13:20:06 --- INFO: elapsed time: ~5.17 sec., memory usage: ~1.7 Mb.
05-09-2011 13:20:01 --- INFO: start: 05-09-2011 13:20:01
05-09-2011 13:20:01 --- INFO: ----------Source_Gsmotors (cli)
05-09-2011 13:20:23 --- INFO: Lexus RX 300 - found: 43, pass primary filters: 12, did not pass the filter by color: 4, added: 8, new vincodes: 0
05-09-2011 13:22:16 --- INFO: Lexus RX 330 - found: 193, pass primary filters: 45, did not pass the filter by color: 12, added: 33, new vincodes: 0
05-09-2011 13:22:37 --- INFO: Lexus RX 400H - found: 30, pass primary filters: 1, did not pass the filter by color: 1, added: 0, new vincodes: 0
05-09-2011 13:23:07 --- INFO: Lexus GX 470 - found: 57, pass primary filters: 33, did not pass the filter by color: 29, added: 4, new vincodes: 0
05-09-2011 13:23:50 --- INFO: Lexus GX 470 - found: 81, pass primary filters: 50, did not pass the filter by color: 39, added: 11, new vincodes: 0
05-09-2011 13:24:00 --- INFO: Lexus LX 470 - found: 16, pass primary filters: 14, did not pass the filter by color: 13, added: 1, new vincodes: 0
05-09-2011 13:24:10 --- INFO: Lexus LX 470 - found: 11, pass primary filters: 8, did not pass the filter by color: 8, added: 0, new vincodes: 0
05-09-2011 13:24:16 --- INFO: Toyota Land Cruiser - found: 8, pass primary filters: 5, did not pass the filter by color: 5, added: 0, new vincodes: 0
05-09-2011 13:24:50 --- INFO: Honda CR-V - found: 56, pass primary filters: 3, did not pass the filter by color: 0, added: 3, new vincodes: 0
05-09-2011 13:26:14 --- INFO: Honda CR-V - found: 138, pass primary filters: 4, did not pass the filter by color: 0, added: 4, new vincodes: 0
05-09-2011 13:26:43 --- INFO: Mitsubishi Montero 4WD Limited - found: 55, pass primary filters: 5, did not pass the filter by color: 5, added: 0, new vincodes: 0
05-09-2011 13:28:38 --- INFO: Toyota 4RUNNER 4WD Limited - found: 198, pass primary filters: 50, did not pass the filter by color: 32, added: 18, new vincodes: 0
05-09-2011 13:29:11 --- INFO: Toyota RAV 4 - found: 70, pass primary filters: 31, did not pass the filter by color: 23, added: 8, new vincodes: 0
05-09-2011 13:30:15 --- INFO: Toyota Highlander 4WD - found: 94, pass primary filters: 6, did not pass the filter by color: 3, added: 3, new vincodes: 0
05-09-2011 13:31:35 --- INFO: Subaru Forester - found: 126, pass primary filters: 9, did not pass the filter by color: 0, added: 9, new vincodes: 0
05-09-2011 13:33:49 --- INFO: Nissan Rogue - found: 194, pass primary filters: 9, did not pass the filter by color: 0, added: 9, new vincodes: 0
05-09-2011 13:34:36 --- INFO: Toyota Highlander - found: 94, pass primary filters: 43, did not pass the filter by color: 36, added: 7, new vincodes: 0
05-09-2011 13:35:10 --- INFO: Acura MDX - found: 59, pass primary filters: 1, did not pass the filter by color: 0, added: 1, new vincodes: 0
05-09-2011 13:35:10 --- INFO: finish: 05-09-2011 13:35:10
05-09-2011 13:35:10 --- INFO: elapsed time: ~909.54 sec., memory usage: ~4.32 Mb.
05-09-2011 15:05:01 --- INFO: start: 05-09-2011 15:05:01
05-09-2011 15:05:01 --- INFO: ----------Source_Openlane (cli)
05-09-2011 15:05:04 --- ERROR: Unauthorized request
05-09-2011 15:05:04 --- INFO: finish: 05-09-2011 15:05:04
05-09-2011 15:05:04 --- INFO: elapsed time: ~3.02 sec., memory usage: ~1.31 Mb.
05-09-2011 15:10:01 --- INFO: start: 05-09-2011 15:10:01
05-09-2011 15:10:01 --- INFO: ----------Source_Ebay (cli)
05-09-2011 15:10:21 --- INFO: Lexus RX 300 - found: 26, pass primary filters: 2, did not pass the filter by color: 1, added: 1, new vincodes: 0
05-09-2011 15:11:53 --- INFO: Lexus RX 330 - found: 66, pass primary filters: 24, did not pass the filter by color: 11, added: 13, new vincodes: 1
05-09-2011 15:12:28 --- INFO: Lexus RX 400H - found: 47, pass primary filters: 1, did not pass the filter by color: 1, added: 0, new vincodes: 0
05-09-2011 15:12:54 --- INFO: Lexus GX 470 - found: 35, pass primary filters: 7, did not pass the filter by color: 5, added: 2, new vincodes: 0
05-09-2011 15:13:11 --- INFO: Lexus GX 470 - found: 21, pass primary filters: 13, did not pass the filter by color: 11, added: 2, new vincodes: 0
05-09-2011 15:13:16 --- INFO: Lexus LX 470 - found: 6, pass primary filters: 5, did not pass the filter by color: 5, added: 0, new vincodes: 0
05-09-2011 15:13:23 --- INFO: Lexus LX 470 - found: 8, pass primary filters: 6, did not pass the filter by color: 6, added: 0, new vincodes: 0
05-09-2011 15:13:28 --- INFO: Toyota Land Cruiser - found: 6, pass primary filters: 5, did not pass the filter by color: 4, added: 1, new vincodes: 0
05-09-2011 15:13:44 --- INFO: Honda CR-V - found: 21, pass primary filters: 1, did not pass the filter by color: 0, added: 1, new vincodes: 0
05-09-2011 15:15:15 --- INFO: Honda CR-V - found: 66, pass primary filters: 0, did not pass the filter by color: 0, added: 0, new vincodes: 0
05-09-2011 15:15:21 --- INFO: Mitsubishi Montero 4WD Limited - found: 7, pass primary filters: 1, did not pass the filter by color: 1, added: 0, new vincodes: 0
05-09-2011 15:16:28 --- INFO: Toyota 4RUNNER 4WD Limited - found: 52, pass primary filters: 22, did not pass the filter by color: 9, added: 13, new vincodes: 0
05-09-2011 15:16:40 --- INFO: Toyota RAV 4 - found: 15, pass primary filters: 4, did not pass the filter by color: 2, added: 2, new vincodes: 0
05-09-2011 15:16:58 --- INFO: Toyota Highlander 4WD - found: 23, pass primary filters: 0, did not pass the filter by color: 0, added: 0, new vincodes: 0
05-09-2011 15:18:20 --- INFO: Subaru Forester - found: 58, pass primary filters: 6, did not pass the filter by color: 0, added: 6, new vincodes: 0
05-09-2011 15:19:36 --- INFO: Nissan Rogue - found: 54, pass primary filters: 0, did not pass the filter by color: 0, added: 0, new vincodes: 0
05-09-2011 15:19:53 --- INFO: Toyota Highlander - found: 23, pass primary filters: 4, did not pass the filter by color: 4, added: 0, new vincodes: 0
05-09-2011 15:20:06 --- INFO: Acura MDX - found: 18, pass primary filters: 1, did not pass the filter by color: 0, added: 1, new vincodes: 0
05-09-2011 15:20:06 --- INFO: finish: 05-09-2011 15:20:06
05-09-2011 15:20:06 --- INFO: elapsed time: ~604.77 sec., memory usage: ~2.77 Mb.
05-09-2011 16:10:02 --- INFO: start: 05-09-2011 16:10:02
05-09-2011 16:10:02 --- INFO: ----------Source_Adesa (cli)
05-09-2011 16:10:03 --- INFO: Authorized request
05-09-2011 16:10:03 --- INFO: Lexus RX 300 - found: 0, pass primary filters: 0, did not pass the filter by color: 0, added: 0, new vincodes: 0
05-09-2011 16:10:03 --- INFO: Lexus RX 330 - found: 0, pass primary filters: 0, did not pass the filter by color: 0, added: 0, new vincodes: 0
05-09-2011 16:10:03 --- INFO: Lexus RX 400H - found: 0, pass primary filters: 0, did not pass the filter by color: 0, added: 0, new vincodes: 0
05-09-2011 16:10:04 --- INFO: Lexus GX 470 - found: 0, pass primary filters: 0, did not pass the filter by color: 0, added: 0, new vincodes: 0
05-09-2011 16:10:04 --- INFO: Lexus GX 470 - found: 0, pass primary filters: 0, did not pass the filter by color: 0, added: 0, new vincodes: 0
05-09-2011 16:10:04 --- INFO: Lexus LX 470 - found: 0, pass primary filters: 0, did not pass the filter by color: 0, added: 0, new vincodes: 0
05-09-2011 16:10:04 --- INFO: Lexus LX 470 - found: 0, pass primary filters: 0, did not pass the filter by color: 0, added: 0, new vincodes: 0
05-09-2011 16:10:04 --- INFO: Toyota Land Cruiser - found: 0, pass primary filters: 0, did not pass the filter by color: 0, added: 0, new vincodes: 0
05-09-2011 16:10:04 --- INFO: Honda CR-V - found: 0, pass primary filters: 0, did not pass the filter by color: 0, added: 0, new vincodes: 0
05-09-2011 16:10:05 --- INFO: Honda CR-V - found: 0, pass primary filters: 0, did not pass the filter by color: 0, added: 0, new vincodes: 0
05-09-2011 16:10:05 --- INFO: Mitsubishi Montero 4WD Limited - found: 0, pass primary filters: 0, did not pass the filter by color: 0, added: 0, new vincodes: 0
05-09-2011 16:10:05 --- INFO: Toyota 4RUNNER 4WD Limited - found: 0, pass primary filters: 0, did not pass the filter by color: 0, added: 0, new vincodes: 0
05-09-2011 16:10:05 --- INFO: Toyota RAV 4 - found: 0, pass primary filters: 0, did not pass the filter by color: 0, added: 0, new vincodes: 0
05-09-2011 16:10:06 --- INFO: Toyota Highlander 4WD - found: 0, pass primary filters: 0, did not pass the filter by color: 0, added: 0, new vincodes: 0
05-09-2011 16:10:06 --- INFO: Subaru Forester - found: 0, pass primary filters: 0, did not pass the filter by color: 0, added: 0, new vincodes: 0
05-09-2011 16:10:06 --- INFO: Nissan Rogue - found: 0, pass primary filters: 0, did not pass the filter by color: 0, added: 0, new vincodes: 0
05-09-2011 16:10:06 --- INFO: Toyota Highlander - found: 0, pass primary filters: 0, did not pass the filter by color: 0, added: 0, new vincodes: 0
05-09-2011 16:10:06 --- INFO: Acura MDX - found: 0, pass primary filters: 0, did not pass the filter by color: 0, added: 0, new vincodes: 0
05-09-2011 16:10:06 --- INFO: finish: 05-09-2011 16:10:06
05-09-2011 16:10:06 --- INFO: elapsed time: ~4.9 sec., memory usage: ~1.7 Mb.
05-09-2011 16:10:02 --- INFO: start: 05-09-2011 16:10:02
05-09-2011 16:10:02 --- INFO: ----------Source_Gsmotors (cli)
05-09-2011 16:11:05 --- INFO: Lexus RX 300 - found: 49, pass primary filters: 13, did not pass the filter by color: 4, added: 9, new vincodes: 1
05-09-2011 16:15:24 --- INFO: Lexus RX 330 - found: 200, pass primary filters: 45, did not pass the filter by color: 12, added: 33, new vincodes: 0
05-09-2011 16:16:53 --- INFO: Lexus RX 400H - found: 31, pass primary filters: 1, did not pass the filter by color: 1, added: 0, new vincodes: 0
05-09-2011 16:18:32 --- INFO: Lexus GX 470 - found: 63, pass primary filters: 35, did not pass the filter by color: 31, added: 4, new vincodes: 1
05-09-2011 16:20:21 --- INFO: Lexus GX 470 - found: 88, pass primary filters: 55, did not pass the filter by color: 42, added: 13, new vincodes: 2
05-09-2011 16:20:42 --- INFO: Lexus LX 470 - found: 16, pass primary filters: 14, did not pass the filter by color: 13, added: 1, new vincodes: 0
05-09-2011 16:20:58 --- INFO: Lexus LX 470 - found: 12, pass primary filters: 8, did not pass the filter by color: 8, added: 0, new vincodes: 0
05-09-2011 16:21:10 --- INFO: Toyota Land Cruiser - found: 10, pass primary filters: 7, did not pass the filter by color: 7, added: 0, new vincodes: 1
05-09-2011 16:22:24 --- INFO: Honda CR-V - found: 58, pass primary filters: 3, did not pass the filter by color: 0, added: 3, new vincodes: 0
05-09-2011 16:26:10 --- INFO: Honda CR-V - found: 143, pass primary filters: 4, did not pass the filter by color: 0, added: 4, new vincodes: 0
05-09-2011 16:27:53 --- INFO: Mitsubishi Montero 4WD Limited - found: 57, pass primary filters: 5, did not pass the filter by color: 5, added: 0, new vincodes: 0
05-09-2011 16:33:58 --- INFO: Toyota 4RUNNER 4WD Limited - found: 207, pass primary filters: 48, did not pass the filter by color: 30, added: 18, new vincodes: 0
05-09-2011 16:35:40 --- INFO: Toyota RAV 4 - found: 73, pass primary filters: 32, did not pass the filter by color: 23, added: 9, new vincodes: 1
05-09-2011 16:38:21 --- INFO: Toyota Highlander 4WD - found: 96, pass primary filters: 6, did not pass the filter by color: 3, added: 3, new vincodes: 0
05-09-2011 16:42:21 --- INFO: Subaru Forester - found: 127, pass primary filters: 9, did not pass the filter by color: 0, added: 9, new vincodes: 0
05-09-2011 16:48:55 --- INFO: Nissan Rogue - found: 199, pass primary filters: 9, did not pass the filter by color: 0, added: 9, new vincodes: 0
05-09-2011 16:49:46 --- INFO: Toyota Highlander - found: 96, pass primary filters: 46, did not pass the filter by color: 38, added: 8, new vincodes: 2
05-09-2011 16:51:07 --- INFO: Acura MDX - found: 67, pass primary filters: 1, did not pass the filter by color: 0, added: 1, new vincodes: 0
05-09-2011 16:51:07 --- INFO: finish: 05-09-2011 16:51:07
05-09-2011 16:51:07 --- INFO: elapsed time: ~2465.02 sec., memory usage: ~4.47 Mb.
05-09-2011 18:10:01 --- INFO: start: 05-09-2011 18:10:01
05-09-2011 18:10:01 --- INFO: ----------Source_Adesa (cli)
05-09-2011 18:10:02 --- INFO: Authorized request
05-09-2011 18:10:03 --- INFO: Lexus RX 300 - found: 0, pass primary filters: 0, did not pass the filter by color: 0, added: 0, new vincodes: 0
05-09-2011 18:10:03 --- INFO: Lexus RX 330 - found: 0, pass primary filters: 0, did not pass the filter by color: 0, added: 0, new vincodes: 0
05-09-2011 18:10:03 --- INFO: Lexus RX 400H - found: 0, pass primary filters: 0, did not pass the filter by color: 0, added: 0, new vincodes: 0
05-09-2011 18:10:03 --- INFO: Lexus GX 470 - found: 0, pass primary filters: 0, did not pass the filter by color: 0, added: 0, new vincodes: 0
05-09-2011 18:10:03 --- INFO: Lexus GX 470 - found: 0, pass primary filters: 0, did not pass the filter by color: 0, added: 0, new vincodes: 0
05-09-2011 18:10:03 --- INFO: Lexus LX 470 - found: 0, pass primary filters: 0, did not pass the filter by color: 0, added: 0, new vincodes: 0
05-09-2011 18:10:04 --- INFO: Lexus LX 470 - found: 0, pass primary filters: 0, did not pass the filter by color: 0, added: 0, new vincodes: 0
05-09-2011 18:10:04 --- INFO: Toyota Land Cruiser - found: 0, pass primary filters: 0, did not pass the filter by color: 0, added: 0, new vincodes: 0
05-09-2011 18:10:04 --- INFO: Honda CR-V - found: 0, pass primary filters: 0, did not pass the filter by color: 0, added: 0, new vincodes: 0
05-09-2011 18:10:04 --- INFO: Honda CR-V - found: 0, pass primary filters: 0, did not pass the filter by color: 0, added: 0, new vincodes: 0
05-09-2011 18:10:05 --- INFO: Mitsubishi Montero 4WD Limited - found: 0, pass primary filters: 0, did not pass the filter by color: 0, added: 0, new vincodes: 0
05-09-2011 18:10:05 --- INFO: Toyota 4RUNNER 4WD Limited - found: 0, pass primary filters: 0, did not pass the filter by color: 0, added: 0, new vincodes: 0
05-09-2011 18:10:05 --- INFO: Toyota RAV 4 - found: 0, pass primary filters: 0, did not pass the filter by color: 0, added: 0, new vincodes: 0
05-09-2011 18:10:05 --- INFO: Toyota Highlander 4WD - found: 0, pass primary filters: 0, did not pass the filter by color: 0, added: 0, new vincodes: 0
05-09-2011 18:10:06 --- INFO: Subaru Forester - found: 0, pass primary filters: 0, did not pass the filter by color: 0, added: 0, new vincodes: 0
05-09-2011 18:10:06 --- INFO: Nissan Rogue - found: 0, pass primary filters: 0, did not pass the filter by color: 0, added: 0, new vincodes: 0
05-09-2011 18:10:06 --- INFO: Toyota Highlander - found: 0, pass primary filters: 0, did not pass the filter by color: 0, added: 0, new vincodes: 0
05-09-2011 18:10:06 --- INFO: Acura MDX - found: 0, pass primary filters: 0, did not pass the filter by color: 0, added: 0, new vincodes: 0
05-09-2011 18:10:06 --- INFO: finish: 05-09-2011 18:10:06
05-09-2011 18:10:06 --- INFO: elapsed time: ~5.08 sec., memory usage: ~1.7 Mb.
05-09-2011 18:10:01 --- INFO: start: 05-09-2011 18:10:01
05-09-2011 18:10:01 --- INFO: ----------Source_Gsmotors (cli)
05-09-2011 18:10:22 --- ERROR: Request returns empty result
05-09-2011 18:10:22 --- INFO: finish: 05-09-2011 18:10:22
05-09-2011 18:10:22 --- INFO: elapsed time: ~21.13 sec., memory usage: ~1.62 Mb.
05-09-2011 19:05:01 --- INFO: start: 05-09-2011 19:05:01
05-09-2011 19:05:01 --- INFO: ----------Source_Openlane (cli)
05-09-2011 19:05:04 --- ERROR: Unauthorized request
05-09-2011 19:05:04 --- INFO: finish: 05-09-2011 19:05:04
05-09-2011 19:05:04 --- INFO: elapsed time: ~2.99 sec., memory usage: ~1.31 Mb.
05-09-2011 19:10:01 --- INFO: start: 05-09-2011 19:10:01
05-09-2011 19:10:01 --- INFO: ----------Source_Ebay (cli)
05-09-2011 19:10:22 --- INFO: Lexus RX 300 - found: 27, pass primary filters: 3, did not pass the filter by color: 1, added: 2, new vincodes: 0
05-09-2011 19:11:50 --- INFO: Lexus RX 330 - found: 66, pass primary filters: 22, did not pass the filter by color: 12, added: 10, new vincodes: 0
05-09-2011 19:12:25 --- INFO: Lexus RX 400H - found: 49, pass primary filters: 1, did not pass the filter by color: 1, added: 0, new vincodes: 0
05-09-2011 19:12:49 --- INFO: Lexus GX 470 - found: 36, pass primary filters: 7, did not pass the filter by color: 5, added: 2, new vincodes: 0
05-09-2011 19:13:06 --- INFO: Lexus GX 470 - found: 21, pass primary filters: 14, did not pass the filter by color: 12, added: 2, new vincodes: 0
05-09-2011 19:13:11 --- INFO: Lexus LX 470 - found: 6, pass primary filters: 5, did not pass the filter by color: 5, added: 0, new vincodes: 0
05-09-2011 19:13:17 --- INFO: Lexus LX 470 - found: 8, pass primary filters: 6, did not pass the filter by color: 6, added: 0, new vincodes: 0
05-09-2011 19:13:21 --- INFO: Toyota Land Cruiser - found: 5, pass primary filters: 4, did not pass the filter by color: 3, added: 1, new vincodes: 0
05-09-2011 19:13:36 --- INFO: Honda CR-V - found: 20, pass primary filters: 1, did not pass the filter by color: 0, added: 1, new vincodes: 0
05-09-2011 19:15:05 --- INFO: Honda CR-V - found: 66, pass primary filters: 0, did not pass the filter by color: 0, added: 0, new vincodes: 0
05-09-2011 19:15:11 --- INFO: Mitsubishi Montero 4WD Limited - found: 7, pass primary filters: 1, did not pass the filter by color: 1, added: 0, new vincodes: 0
05-09-2011 19:16:18 --- INFO: Toyota 4RUNNER 4WD Limited - found: 51, pass primary filters: 22, did not pass the filter by color: 8, added: 14, new vincodes: 0
05-09-2011 19:16:30 --- INFO: Toyota RAV 4 - found: 15, pass primary filters: 4, did not pass the filter by color: 2, added: 2, new vincodes: 0
05-09-2011 19:16:47 --- INFO: Toyota Highlander 4WD - found: 22, pass primary filters: 0, did not pass the filter by color: 0, added: 0, new vincodes: 0
05-09-2011 19:18:08 --- INFO: Subaru Forester - found: 59, pass primary filters: 6, did not pass the filter by color: 0, added: 6, new vincodes: 0
05-09-2011 19:19:37 --- INFO: Nissan Rogue - found: 55, pass primary filters: 0, did not pass the filter by color: 0, added: 0, new vincodes: 0
05-09-2011 19:19:54 --- INFO: Toyota Highlander - found: 22, pass primary filters: 4, did not pass the filter by color: 4, added: 0, new vincodes: 0
05-09-2011 19:20:07 --- INFO: Acura MDX - found: 18, pass primary filters: 1, did not pass the filter by color: 0, added: 1, new vincodes: 0
05-09-2011 19:20:07 --- INFO: finish: 05-09-2011 19:20:07
05-09-2011 19:20:07 --- INFO: elapsed time: ~606.11 sec., memory usage: ~2.74 Mb.
05-09-2011 23:05:01 --- INFO: start: 05-09-2011 23:05:01
05-09-2011 23:05:01 --- INFO: ----------Source_Openlane (cli)
05-09-2011 23:05:04 --- ERROR: Unauthorized request
05-09-2011 23:05:04 --- INFO: finish: 05-09-2011 23:05:04
05-09-2011 23:05:04 --- INFO: elapsed time: ~2.92 sec., memory usage: ~1.31 Mb.
05-09-2011 23:10:01 --- INFO: start: 05-09-2011 23:10:01
05-09-2011 23:10:01 --- INFO: ----------Source_Ebay (cli)
05-09-2011 23:10:20 --- INFO: Lexus RX 300 - found: 26, pass primary filters: 3, did not pass the filter by color: 1, added: 2, new vincodes: 0
05-09-2011 23:11:48 --- INFO: Lexus RX 330 - found: 65, pass primary filters: 20, did not pass the filter by color: 9, added: 11, new vincodes: 0
05-09-2011 23:12:22 --- INFO: Lexus RX 400H - found: 49, pass primary filters: 1, did not pass the filter by color: 1, added: 0, new vincodes: 0
05-09-2011 23:12:48 --- INFO: Lexus GX 470 - found: 37, pass primary filters: 7, did not pass the filter by color: 5, added: 2, new vincodes: 0
05-09-2011 23:13:05 --- INFO: Lexus GX 470 - found: 22, pass primary filters: 14, did not pass the filter by color: 12, added: 2, new vincodes: 0
05-09-2011 23:13:10 --- INFO: Lexus LX 470 - found: 6, pass primary filters: 5, did not pass the filter by color: 5, added: 0, new vincodes: 0
05-09-2011 23:13:16 --- INFO: Lexus LX 470 - found: 8, pass primary filters: 6, did not pass the filter by color: 6, added: 0, new vincodes: 0
05-09-2011 23:13:19 --- INFO: Toyota Land Cruiser - found: 4, pass primary filters: 3, did not pass the filter by color: 3, added: 0, new vincodes: 0
05-09-2011 23:13:34 --- INFO: Honda CR-V - found: 20, pass primary filters: 1, did not pass the filter by color: 0, added: 1, new vincodes: 0
05-09-2011 23:15:04 --- INFO: Honda CR-V - found: 66, pass primary filters: 0, did not pass the filter by color: 0, added: 0, new vincodes: 0
05-09-2011 23:15:11 --- INFO: Mitsubishi Montero 4WD Limited - found: 7, pass primary filters: 1, did not pass the filter by color: 1, added: 0, new vincodes: 0
05-09-2011 23:16:20 --- INFO: Toyota 4RUNNER 4WD Limited - found: 52, pass primary filters: 22, did not pass the filter by color: 8, added: 14, new vincodes: 0
05-09-2011 23:16:32 --- INFO: Toyota RAV 4 - found: 15, pass primary filters: 4, did not pass the filter by color: 2, added: 2, new vincodes: 0
05-09-2011 23:16:48 --- INFO: Toyota Highlander 4WD - found: 22, pass primary filters: 0, did not pass the filter by color: 0, added: 0, new vincodes: 0
05-09-2011 23:18:08 --- INFO: Subaru Forester - found: 57, pass primary filters: 6, did not pass the filter by color: 0, added: 6, new vincodes: 0
05-09-2011 23:19:26 --- INFO: Nissan Rogue - found: 55, pass primary filters: 0, did not pass the filter by color: 0, added: 0, new vincodes: 0
05-09-2011 23:19:41 --- INFO: Toyota Highlander - found: 22, pass primary filters: 4, did not pass the filter by color: 4, added: 0, new vincodes: 0
05-09-2011 23:19:54 --- INFO: Acura MDX - found: 17, pass primary filters: 1, did not pass the filter by color: 0, added: 1, new vincodes: 0
05-09-2011 23:19:54 --- INFO: finish: 05-09-2011 23:19:54
05-09-2011 23:19:54 --- INFO: elapsed time: ~592.65 sec., memory usage: ~2.72 Mb.