
05-10-2011 03:05:01 --- INFO: start: 05-10-2011 03:05:01
05-10-2011 03:05:01 --- INFO: ----------Source_Openlane (cli)
05-10-2011 03:05:04 --- ERROR: Unauthorized request
05-10-2011 03:05:04 --- INFO: finish: 05-10-2011 03:05:04
05-10-2011 03:05:04 --- INFO: elapsed time: ~3.09 sec., memory usage: ~1.31 Mb.
05-10-2011 03:10:01 --- INFO: start: 05-10-2011 03:10:01
05-10-2011 03:10:02 --- INFO: ----------Source_Ebay (cli)
05-10-2011 03:11:02 --- INFO: Lexus RX 300 - found: 28, pass primary filters: 4, did not pass the filter by color: 2, added: 2, new vincodes: 0
05-10-2011 03:13:43 --- INFO: Lexus RX 330 - found: 65, pass primary filters: 14, did not pass the filter by color: 6, added: 8, new vincodes: 0
05-10-2011 03:15:26 --- INFO: Lexus RX 400H - found: 51, pass primary filters: 0, did not pass the filter by color: 0, added: 0, new vincodes: 0
05-10-2011 03:15:57 --- INFO: Lexus GX 470 - found: 30, pass primary filters: 10, did not pass the filter by color: 7, added: 3, new vincodes: 0
05-10-2011 03:16:25 --- INFO: Lexus GX 470 - found: 26, pass primary filters: 10, did not pass the filter by color: 9, added: 1, new vincodes: 0
05-10-2011 03:16:34 --- INFO: Lexus LX 470 - found: 7, pass primary filters: 4, did not pass the filter by color: 4, added: 0, new vincodes: 0
05-10-2011 03:16:47 --- INFO: Lexus LX 470 - found: 12, pass primary filters: 7, did not pass the filter by color: 7, added: 0, new vincodes: 0
05-10-2011 03:16:57 --- INFO: Toyota Land Cruiser - found: 8, pass primary filters: 7, did not pass the filter by color: 7, added: 0, new vincodes: 0
05-10-2011 03:17:12 --- INFO: Honda CR-V - found: 13, pass primary filters: 0, did not pass the filter by color: 0, added: 0, new vincodes: 0
05-10-2011 03:19:25 --- INFO: Honda CR-V - found: 67, pass primary filters: 0, did not pass the filter by color: 0, added: 0, new vincodes: 0
05-10-2011 03:19:31 --- INFO: Mitsubishi Montero 4WD Limited - found: 4, pass primary filters: 0, did not pass the filter by color: 0, added: 0, new vincodes: 0
05-10-2011 03:21:24 --- INFO: Toyota 4RUNNER 4WD Limited - found: 58, pass primary filters: 32, did not pass the filter by color: 20, added: 12, new vincodes: 0
05-10-2011 03:21:39 --- INFO: Toyota RAV 4 - found: 12, pass primary filters: 7, did not pass the filter by color: 4, added: 3, new vincodes: 0
05-10-2011 03:22:00 --- INFO: Toyota Highlander 4WD - found: 19, pass primary filters: 0, did not pass the filter by color: 0, added: 0, new vincodes: 0
05-10-2011 03:24:49 --- INFO: Subaru Forester - found: 58, pass primary filters: 8, did not pass the filter by color: 0, added: 8, new vincodes: 0
05-10-2011 03:26:14 --- INFO: Nissan Rogue - found: 47, pass primary filters: 0, did not pass the filter by color: 0, added: 0, new vincodes: 0
05-10-2011 03:26:52 --- INFO: Toyota Highlander - found: 19, pass primary filters: 6, did not pass the filter by color: 6, added: 0, new vincodes: 0
05-10-2011 03:27:20 --- INFO: Acura MDX - found: 16, pass primary filters: 0, did not pass the filter by color: 0, added: 0, new vincodes: 0
05-10-2011 03:27:20 --- INFO: finish: 05-10-2011 03:27:20
05-10-2011 03:27:20 --- INFO: elapsed time: ~1038.66 sec., memory usage: ~2.79 Mb.
05-10-2011 06:10:01 --- INFO: start: 05-10-2011 06:10:01
05-10-2011 06:10:01 --- INFO: ----------Source_Adesa (cli)
05-10-2011 06:10:03 --- INFO: Authorized request
05-10-2011 06:10:06 --- INFO: Lexus RX 300 - found: 8, pass primary filters: 4, did not pass the filter by color: 1, added: 3, new vincodes: 0
05-10-2011 06:10:08 --- INFO: Lexus RX 330 - found: 12, pass primary filters: 2, did not pass the filter by color: 1, added: 1, new vincodes: 0
05-10-2011 06:10:08 --- INFO: Lexus RX 400H - found: 2, pass primary filters: 0, did not pass the filter by color: 0, added: 0, new vincodes: 0
05-10-2011 06:10:10 --- INFO: Lexus GX 470 - found: 3, pass primary filters: 2, did not pass the filter by color: 2, added: 0, new vincodes: 0
05-10-2011 06:10:12 --- INFO: Lexus GX 470 - found: 3, pass primary filters: 2, did not pass the filter by color: 2, added: 0, new vincodes: 0
05-10-2011 06:10:12 --- INFO: Lexus LX 470 - found: 0, pass primary filters: 0, did not pass the filter by color: 0, added: 0, new vincodes: 0
05-10-2011 06:10:17 --- INFO: Lexus LX 470 - found: 3, pass primary filters: 2, did not pass the filter by color: 2, added: 0, new vincodes: 0
05-10-2011 06:10:17 --- INFO: Toyota Land Cruiser - found: 0, pass primary filters: 0, did not pass the filter by color: 0, added: 0, new vincodes: 0
05-10-2011 06:10:17 --- INFO: Honda CR-V - found: 16, pass primary filters: 0, did not pass the filter by color: 0, added: 0, new vincodes: 0
05-10-2011 06:10:17 --- INFO: Honda CR-V - found: 7, pass primary filters: 0, did not pass the filter by color: 0, added: 0, new vincodes: 0
05-10-2011 06:10:25 --- INFO: Mitsubishi Montero 4WD Limited - found: 23, pass primary filters: 6, did not pass the filter by color: 6, added: 0, new vincodes: 2
05-10-2011 06:10:28 --- INFO: Toyota 4RUNNER 4WD Limited - found: 23, pass primary filters: 4, did not pass the filter by color: 2, added: 2, new vincodes: 0
05-10-2011 06:10:32 --- INFO: Toyota RAV 4 - found: 9, pass primary filters: 5, did not pass the filter by color: 5, added: 0, new vincodes: 0
05-10-2011 06:10:32 --- INFO: Toyota Highlander 4WD - found: 22, pass primary filters: 0, did not pass the filter by color: 0, added: 0, new vincodes: 0
05-10-2011 06:10:35 --- INFO: Subaru Forester - found: 4, pass primary filters: 3, did not pass the filter by color: 0, added: 3, new vincodes: 0
05-10-2011 06:10:38 --- INFO: Nissan Rogue - found: 15, pass primary filters: 2, did not pass the filter by color: 0, added: 2, new vincodes: 0
05-10-2011 06:10:45 --- INFO: Toyota Highlander - found: 22, pass primary filters: 8, did not pass the filter by color: 8, added: 0, new vincodes: 0
05-10-2011 06:10:46 --- INFO: Acura MDX - found: 15, pass primary filters: 0, did not pass the filter by color: 0, added: 0, new vincodes: 0
05-10-2011 06:10:46 --- INFO: finish: 05-10-2011 06:10:46
05-10-2011 06:10:46 --- INFO: elapsed time: ~44.74 sec., memory usage: ~2.29 Mb.
05-10-2011 06:10:01 --- INFO: start: 05-10-2011 06:10:01
05-10-2011 06:10:01 --- INFO: ----------Source_Gsmotors (cli)
05-10-2011 06:11:53 --- INFO: Lexus RX 300 - found: 78, pass primary filters: 19, did not pass the filter by color: 8, added: 11, new vincodes: 1
05-10-2011 06:15:55 --- INFO: Lexus RX 330 - found: 169, pass primary filters: 42, did not pass the filter by color: 14, added: 28, new vincodes: 1
05-10-2011 06:16:46 --- INFO: Lexus RX 400H - found: 38, pass primary filters: 7, did not pass the filter by color: 3, added: 4, new vincodes: 0
05-10-2011 06:18:31 --- INFO: Lexus GX 470 - found: 72, pass primary filters: 40, did not pass the filter by color: 32, added: 8, new vincodes: 0
05-10-2011 06:20:02 --- INFO: Lexus GX 470 - found: 70, pass primary filters: 41, did not pass the filter by color: 31, added: 10, new vincodes: 2
05-10-2011 06:20:23 --- INFO: Lexus LX 470 - found: 17, pass primary filters: 11, did not pass the filter by color: 10, added: 1, new vincodes: 1
05-10-2011 06:20:41 --- INFO: Lexus LX 470 - found: 11, pass primary filters: 8, did not pass the filter by color: 7, added: 1, new vincodes: 0
05-10-2011 06:20:58 --- INFO: Toyota Land Cruiser - found: 11, pass primary filters: 7, did not pass the filter by color: 7, added: 0, new vincodes: 0
05-10-2011 06:22:10 --- INFO: Honda CR-V - found: 54, pass primary filters: 4, did not pass the filter by color: 0, added: 4, new vincodes: 0
05-10-2011 06:26:05 --- INFO: Honda CR-V - found: 160, pass primary filters: 5, did not pass the filter by color: 0, added: 5, new vincodes: 0
05-10-2011 06:27:45 --- INFO: Mitsubishi Montero 4WD Limited - found: 74, pass primary filters: 14, did not pass the filter by color: 14, added: 0, new vincodes: 0
05-10-2011 06:31:47 --- INFO: Toyota 4RUNNER 4WD Limited - found: 168, pass primary filters: 46, did not pass the filter by color: 27, added: 19, new vincodes: 1
05-10-2011 06:33:17 --- INFO: Toyota RAV 4 - found: 67, pass primary filters: 25, did not pass the filter by color: 15, added: 10, new vincodes: 2
05-10-2011 06:35:08 --- INFO: Toyota Highlander 4WD - found: 81, pass primary filters: 1, did not pass the filter by color: 1, added: 0, new vincodes: 0
05-10-2011 06:39:48 --- INFO: Subaru Forester - found: 149, pass primary filters: 29, did not pass the filter by color: 0, added: 29, new vincodes: 0
05-10-2011 06:47:53 --- INFO: Nissan Rogue - found: 250, pass primary filters: 8, did not pass the filter by color: 0, added: 8, new vincodes: 1
05-10-2011 06:48:45 --- INFO: Toyota Highlander - found: 81, pass primary filters: 34, did not pass the filter by color: 27, added: 7, new vincodes: 1
05-10-2011 06:50:35 --- INFO: Acura MDX - found: 79, pass primary filters: 0, did not pass the filter by color: 0, added: 0, new vincodes: 0
05-10-2011 06:50:35 --- INFO: finish: 05-10-2011 06:50:35
05-10-2011 06:50:35 --- INFO: elapsed time: ~2434.04 sec., memory usage: ~4.5 Mb.
05-10-2011 07:05:01 --- INFO: start: 05-10-2011 07:05:01
05-10-2011 07:05:01 --- INFO: ----------Source_Openlane (cli)
05-10-2011 07:05:05 --- ERROR: Unauthorized request
05-10-2011 07:05:05 --- INFO: finish: 05-10-2011 07:05:05
05-10-2011 07:05:05 --- INFO: elapsed time: ~3.23 sec., memory usage: ~1.31 Mb.
05-10-2011 07:10:01 --- INFO: start: 05-10-2011 07:10:01
05-10-2011 07:10:01 --- INFO: ----------Source_Ebay (cli)
05-10-2011 07:10:59 --- INFO: Lexus RX 300 - found: 28, pass primary filters: 4, did not pass the filter by color: 2, added: 2, new vincodes: 0
05-10-2011 07:13:48 --- INFO: Lexus RX 330 - found: 65, pass primary filters: 14, did not pass the filter by color: 5, added: 9, new vincodes: 0
05-10-2011 07:15:40 --- INFO: Lexus RX 400H - found: 51, pass primary filters: 0, did not pass the filter by color: 0, added: 0, new vincodes: 0
05-10-2011 07:16:14 --- INFO: Lexus GX 470 - found: 30, pass primary filters: 10, did not pass the filter by color: 7, added: 3, new vincodes: 0
05-10-2011 07:16:46 --- INFO: Lexus GX 470 - found: 26, pass primary filters: 10, did not pass the filter by color: 9, added: 1, new vincodes: 0
05-10-2011 07:16:56 --- INFO: Lexus LX 470 - found: 7, pass primary filters: 4, did not pass the filter by color: 4, added: 0, new vincodes: 0
05-10-2011 07:17:09 --- INFO: Lexus LX 470 - found: 12, pass primary filters: 7, did not pass the filter by color: 7, added: 0, new vincodes: 0
05-10-2011 07:17:20 --- INFO: Toyota Land Cruiser - found: 8, pass primary filters: 7, did not pass the filter by color: 7, added: 0, new vincodes: 0
05-10-2011 07:17:36 --- INFO: Honda CR-V - found: 13, pass primary filters: 0, did not pass the filter by color: 0, added: 0, new vincodes: 0
05-10-2011 07:20:04 --- INFO: Honda CR-V - found: 67, pass primary filters: 0, did not pass the filter by color: 0, added: 0, new vincodes: 0
05-10-2011 07:20:10 --- INFO: Mitsubishi Montero 4WD Limited - found: 4, pass primary filters: 0, did not pass the filter by color: 0, added: 0, new vincodes: 0
05-10-2011 07:22:06 --- INFO: Toyota 4RUNNER 4WD Limited - found: 59, pass primary filters: 32, did not pass the filter by color: 19, added: 13, new vincodes: 0
05-10-2011 07:22:27 --- INFO: Toyota RAV 4 - found: 12, pass primary filters: 7, did not pass the filter by color: 4, added: 3, new vincodes: 0
05-10-2011 07:23:00 --- INFO: Toyota Highlander 4WD - found: 19, pass primary filters: 0, did not pass the filter by color: 0, added: 0, new vincodes: 0
05-10-2011 07:26:16 --- INFO: Subaru Forester - found: 57, pass primary filters: 8, did not pass the filter by color: 0, added: 8, new vincodes: 0
05-10-2011 07:27:48 --- INFO: Nissan Rogue - found: 47, pass primary filters: 0, did not pass the filter by color: 0, added: 0, new vincodes: 0
05-10-2011 07:28:27 --- INFO: Toyota Highlander - found: 19, pass primary filters: 6, did not pass the filter by color: 6, added: 0, new vincodes: 0
05-10-2011 07:28:59 --- INFO: Acura MDX - found: 16, pass primary filters: 0, did not pass the filter by color: 0, added: 0, new vincodes: 0
05-10-2011 07:28:59 --- INFO: finish: 05-10-2011 07:28:59
05-10-2011 07:28:59 --- INFO: elapsed time: ~1137.76 sec., memory usage: ~2.79 Mb.
05-10-2011 08:10:02 --- INFO: start: 05-10-2011 08:10:02
05-10-2011 08:10:02 --- INFO: ----------Source_Adesa (cli)
05-10-2011 08:10:03 --- INFO: Authorized request
05-10-2011 08:10:06 --- INFO: Lexus RX 300 - found: 8, pass primary filters: 4, did not pass the filter by color: 1, added: 3, new vincodes: 0
05-10-2011 08:10:07 --- INFO: Lexus RX 330 - found: 13, pass primary filters: 2, did not pass the filter by color: 1, added: 1, new vincodes: 0
05-10-2011 08:10:08 --- INFO: Lexus RX 400H - found: 1, pass primary filters: 0, did not pass the filter by color: 0, added: 0, new vincodes: 0
05-10-2011 08:10:10 --- INFO: Lexus GX 470 - found: 3, pass primary filters: 2, did not pass the filter by color: 2, added: 0, new vincodes: 0
05-10-2011 08:10:11 --- INFO: Lexus GX 470 - found: 3, pass primary filters: 2, did not pass the filter by color: 2, added: 0, new vincodes: 0
05-10-2011 08:10:11 --- INFO: Lexus LX 470 - found: 0, pass primary filters: 0, did not pass the filter by color: 0, added: 0, new vincodes: 0
05-10-2011 08:10:14 --- INFO: Lexus LX 470 - found: 3, pass primary filters: 2, did not pass the filter by color: 2, added: 0, new vincodes: 0
05-10-2011 08:10:14 --- INFO: Toyota Land Cruiser - found: 0, pass primary filters: 0, did not pass the filter by color: 0, added: 0, new vincodes: 0
05-10-2011 08:10:14 --- INFO: Honda CR-V - found: 17, pass primary filters: 0, did not pass the filter by color: 0, added: 0, new vincodes: 0
05-10-2011 08:10:15 --- INFO: Honda CR-V - found: 7, pass primary filters: 0, did not pass the filter by color: 0, added: 0, new vincodes: 0
05-10-2011 08:10:19 --- INFO: Mitsubishi Montero 4WD Limited - found: 24, pass primary filters: 6, did not pass the filter by color: 6, added: 0, new vincodes: 0
05-10-2011 08:10:23 --- INFO: Toyota 4RUNNER 4WD Limited - found: 23, pass primary filters: 4, did not pass the filter by color: 2, added: 2, new vincodes: 0
05-10-2011 08:10:29 --- INFO: Toyota RAV 4 - found: 9, pass primary filters: 5, did not pass the filter by color: 5, added: 0, new vincodes: 0
05-10-2011 08:10:29 --- INFO: Toyota Highlander 4WD - found: 22, pass primary filters: 0, did not pass the filter by color: 0, added: 0, new vincodes: 0
05-10-2011 08:10:34 --- INFO: Subaru Forester - found: 5, pass primary filters: 4, did not pass the filter by color: 0, added: 4, new vincodes: 0
05-10-2011 08:10:36 --- INFO: Nissan Rogue - found: 15, pass primary filters: 2, did not pass the filter by color: 0, added: 2, new vincodes: 0
05-10-2011 08:10:44 --- INFO: Toyota Highlander - found: 22, pass primary filters: 8, did not pass the filter by color: 8, added: 0, new vincodes: 0
05-10-2011 08:10:45 --- INFO: Acura MDX - found: 16, pass primary filters: 0, did not pass the filter by color: 0, added: 0, new vincodes: 0
05-10-2011 08:10:45 --- INFO: finish: 05-10-2011 08:10:45
05-10-2011 08:10:45 --- INFO: elapsed time: ~43.11 sec., memory usage: ~2.26 Mb.
05-10-2011 08:10:02 --- INFO: start: 05-10-2011 08:10:02
05-10-2011 08:10:02 --- INFO: ----------Source_Gsmotors (cli)
05-10-2011 08:10:44 --- INFO: Lexus RX 300 - found: 78, pass primary filters: 19, did not pass the filter by color: 8, added: 11, new vincodes: 0
05-10-2011 08:12:26 --- INFO: Lexus RX 330 - found: 169, pass primary filters: 42, did not pass the filter by color: 14, added: 28, new vincodes: 0
05-10-2011 08:12:56 --- INFO: Lexus RX 400H - found: 38, pass primary filters: 7, did not pass the filter by color: 3, added: 4, new vincodes: 0
05-10-2011 08:13:59 --- INFO: Lexus GX 470 - found: 72, pass primary filters: 40, did not pass the filter by color: 32, added: 8, new vincodes: 0
05-10-2011 08:15:03 --- INFO: Lexus GX 470 - found: 70, pass primary filters: 41, did not pass the filter by color: 31, added: 10, new vincodes: 0
05-10-2011 08:15:15 --- INFO: Lexus LX 470 - found: 17, pass primary filters: 11, did not pass the filter by color: 10, added: 1, new vincodes: 0
05-10-2011 08:15:25 --- INFO: Lexus LX 470 - found: 11, pass primary filters: 8, did not pass the filter by color: 7, added: 1, new vincodes: 0
05-10-2011 08:15:36 --- INFO: Toyota Land Cruiser - found: 11, pass primary filters: 7, did not pass the filter by color: 7, added: 0, new vincodes: 0
05-10-2011 08:16:13 --- INFO: Honda CR-V - found: 54, pass primary filters: 4, did not pass the filter by color: 0, added: 4, new vincodes: 0
05-10-2011 08:18:04 --- INFO: Honda CR-V - found: 160, pass primary filters: 5, did not pass the filter by color: 0, added: 5, new vincodes: 0
05-10-2011 08:19:03 --- INFO: Mitsubishi Montero 4WD Limited - found: 74, pass primary filters: 14, did not pass the filter by color: 14, added: 0, new vincodes: 0
05-10-2011 08:20:45 --- INFO: Toyota 4RUNNER 4WD Limited - found: 168, pass primary filters: 46, did not pass the filter by color: 27, added: 19, new vincodes: 0
05-10-2011 08:21:22 --- INFO: Toyota RAV 4 - found: 67, pass primary filters: 25, did not pass the filter by color: 15, added: 10, new vincodes: 0
05-10-2011 08:22:12 --- INFO: Toyota Highlander 4WD - found: 81, pass primary filters: 1, did not pass the filter by color: 1, added: 0, new vincodes: 0
05-10-2011 08:23:56 --- INFO: Subaru Forester - found: 149, pass primary filters: 29, did not pass the filter by color: 0, added: 29, new vincodes: 0
05-10-2011 08:26:34 --- INFO: Nissan Rogue - found: 250, pass primary filters: 8, did not pass the filter by color: 0, added: 8, new vincodes: 0
05-10-2011 08:27:21 --- INFO: Toyota Highlander - found: 81, pass primary filters: 34, did not pass the filter by color: 27, added: 7, new vincodes: 0
05-10-2011 08:28:16 --- INFO: Acura MDX - found: 79, pass primary filters: 0, did not pass the filter by color: 0, added: 0, new vincodes: 0
05-10-2011 08:28:16 --- INFO: finish: 05-10-2011 08:28:16
05-10-2011 08:28:16 --- INFO: elapsed time: ~1094.54 sec., memory usage: ~4.42 Mb.
05-10-2011 09:10:01 --- INFO: start: 05-10-2011 09:10:01
05-10-2011 09:10:01 --- INFO: ----------Source_Adesa (cli)
05-10-2011 09:10:01 --- INFO: Authorized request
05-10-2011 09:10:04 --- INFO: Lexus RX 300 - found: 8, pass primary filters: 4, did not pass the filter by color: 1, added: 3, new vincodes: 0
05-10-2011 09:10:06 --- INFO: Lexus RX 330 - found: 13, pass primary filters: 3, did not pass the filter by color: 2, added: 1, new vincodes: 0
05-10-2011 09:10:07 --- INFO: Lexus RX 400H - found: 2, pass primary filters: 0, did not pass the filter by color: 0, added: 0, new vincodes: 0
05-10-2011 09:10:11 --- INFO: Lexus GX 470 - found: 3, pass primary filters: 2, did not pass the filter by color: 2, added: 0, new vincodes: 0
05-10-2011 09:10:13 --- INFO: Lexus GX 470 - found: 3, pass primary filters: 2, did not pass the filter by color: 2, added: 0, new vincodes: 0
05-10-2011 09:10:13 --- INFO: Lexus LX 470 - found: 0, pass primary filters: 0, did not pass the filter by color: 0, added: 0, new vincodes: 0
05-10-2011 09:10:17 --- INFO: Lexus LX 470 - found: 3, pass primary filters: 2, did not pass the filter by color: 2, added: 0, new vincodes: 0
05-10-2011 09:10:17 --- INFO: Toyota Land Cruiser - found: 0, pass primary filters: 0, did not pass the filter by color: 0, added: 0, new vincodes: 0
05-10-2011 09:10:18 --- INFO: Honda CR-V - found: 16, pass primary filters: 0, did not pass the filter by color: 0, added: 0, new vincodes: 0
05-10-2011 09:10:18 --- INFO: Honda CR-V - found: 7, pass primary filters: 0, did not pass the filter by color: 0, added: 0, new vincodes: 0
05-10-2011 09:10:23 --- INFO: Mitsubishi Montero 4WD Limited - found: 24, pass primary filters: 6, did not pass the filter by color: 6, added: 0, new vincodes: 0
05-10-2011 09:10:26 --- INFO: Toyota 4RUNNER 4WD Limited - found: 24, pass primary filters: 4, did not pass the filter by color: 2, added: 2, new vincodes: 0
05-10-2011 09:10:31 --- INFO: Toyota RAV 4 - found: 9, pass primary filters: 6, did not pass the filter by color: 6, added: 0, new vincodes: 1
05-10-2011 09:10:32 --- INFO: Toyota Highlander 4WD - found: 22, pass primary filters: 0, did not pass the filter by color: 0, added: 0, new vincodes: 0
05-10-2011 09:10:36 --- INFO: Subaru Forester - found: 5, pass primary filters: 4, did not pass the filter by color: 0, added: 4, new vincodes: 0
05-10-2011 09:10:39 --- INFO: Nissan Rogue - found: 16, pass primary filters: 2, did not pass the filter by color: 0, added: 2, new vincodes: 0
05-10-2011 09:10:45 --- INFO: Toyota Highlander - found: 22, pass primary filters: 8, did not pass the filter by color: 8, added: 0, new vincodes: 0
05-10-2011 09:10:45 --- INFO: Acura MDX - found: 18, pass primary filters: 0, did not pass the filter by color: 0, added: 0, new vincodes: 0
05-10-2011 09:10:45 --- INFO: finish: 05-10-2011 09:10:45
05-10-2011 09:10:45 --- INFO: elapsed time: ~44.84 sec., memory usage: ~2.27 Mb.
05-10-2011 09:10:01 --- INFO: start: 05-10-2011 09:10:01
05-10-2011 09:10:01 --- INFO: ----------Source_Gsmotors (cli)
05-10-2011 09:10:56 --- INFO: Lexus RX 300 - found: 78, pass primary filters: 19, did not pass the filter by color: 9, added: 10, new vincodes: 0
05-10-2011 09:13:15 --- INFO: Lexus RX 330 - found: 169, pass primary filters: 42, did not pass the filter by color: 14, added: 28, new vincodes: 0
05-10-2011 09:13:42 --- INFO: Lexus RX 400H - found: 38, pass primary filters: 7, did not pass the filter by color: 3, added: 4, new vincodes: 0
05-10-2011 09:14:31 --- INFO: Lexus GX 470 - found: 72, pass primary filters: 40, did not pass the filter by color: 32, added: 8, new vincodes: 0
05-10-2011 09:15:22 --- INFO: Lexus GX 470 - found: 70, pass primary filters: 41, did not pass the filter by color: 31, added: 10, new vincodes: 0
05-10-2011 09:15:35 --- INFO: Lexus LX 470 - found: 17, pass primary filters: 11, did not pass the filter by color: 10, added: 1, new vincodes: 0
05-10-2011 09:15:45 --- INFO: Lexus LX 470 - found: 11, pass primary filters: 8, did not pass the filter by color: 7, added: 1, new vincodes: 0
05-10-2011 09:15:53 --- INFO: Toyota Land Cruiser - found: 11, pass primary filters: 7, did not pass the filter by color: 7, added: 0, new vincodes: 0
05-10-2011 09:16:30 --- INFO: Honda CR-V - found: 54, pass primary filters: 4, did not pass the filter by color: 0, added: 4, new vincodes: 0
05-10-2011 09:18:20 --- INFO: Honda CR-V - found: 160, pass primary filters: 5, did not pass the filter by color: 0, added: 5, new vincodes: 0
05-10-2011 09:19:10 --- INFO: Mitsubishi Montero 4WD Limited - found: 74, pass primary filters: 14, did not pass the filter by color: 14, added: 0, new vincodes: 0
05-10-2011 09:21:07 --- INFO: Toyota 4RUNNER 4WD Limited - found: 168, pass primary filters: 46, did not pass the filter by color: 27, added: 19, new vincodes: 0
05-10-2011 09:22:13 --- INFO: Toyota RAV 4 - found: 67, pass primary filters: 25, did not pass the filter by color: 15, added: 10, new vincodes: 0
05-10-2011 09:23:18 --- INFO: Toyota Highlander 4WD - found: 81, pass primary filters: 1, did not pass the filter by color: 1, added: 0, new vincodes: 0
05-10-2011 09:25:42 --- INFO: Subaru Forester - found: 149, pass primary filters: 29, did not pass the filter by color: 0, added: 29, new vincodes: 0
05-10-2011 09:30:21 --- INFO: Nissan Rogue - found: 250, pass primary filters: 8, did not pass the filter by color: 0, added: 8, new vincodes: 0
05-10-2011 09:31:14 --- INFO: Toyota Highlander - found: 81, pass primary filters: 34, did not pass the filter by color: 27, added: 7, new vincodes: 0
05-10-2011 09:32:16 --- INFO: Acura MDX - found: 79, pass primary filters: 0, did not pass the filter by color: 0, added: 0, new vincodes: 0
05-10-2011 09:32:16 --- INFO: finish: 05-10-2011 09:32:16
05-10-2011 09:32:16 --- INFO: elapsed time: ~1335.02 sec., memory usage: ~4.42 Mb.
05-10-2011 10:00:01 --- INFO: start: 05-10-2011 10:00:01
05-10-2011 10:00:01 --- INFO: ----------Source_Adesa (cli)
05-10-2011 10:00:02 --- INFO: Authorized request
05-10-2011 10:00:08 --- INFO: Lexus RX 300 - found: 9, pass primary filters: 6, did not pass the filter by color: 3, added: 3, new vincodes: 1
05-10-2011 10:00:10 --- INFO: Lexus RX 330 - found: 13, pass primary filters: 3, did not pass the filter by color: 2, added: 1, new vincodes: 0
05-10-2011 10:00:10 --- INFO: Lexus RX 400H - found: 2, pass primary filters: 0, did not pass the filter by color: 0, added: 0, new vincodes: 0
05-10-2011 10:00:13 --- INFO: Lexus GX 470 - found: 3, pass primary filters: 2, did not pass the filter by color: 2, added: 0, new vincodes: 0
05-10-2011 10:00:16 --- INFO: Lexus GX 470 - found: 4, pass primary filters: 2, did not pass the filter by color: 2, added: 0, new vincodes: 0
05-10-2011 10:00:16 --- INFO: Lexus LX 470 - found: 0, pass primary filters: 0, did not pass the filter by color: 0, added: 0, new vincodes: 0
05-10-2011 10:00:22 --- INFO: Lexus LX 470 - found: 3, pass primary filters: 2, did not pass the filter by color: 2, added: 0, new vincodes: 0
05-10-2011 10:00:22 --- INFO: Toyota Land Cruiser - found: 0, pass primary filters: 0, did not pass the filter by color: 0, added: 0, new vincodes: 0
05-10-2011 10:00:22 --- INFO: Honda CR-V - found: 17, pass primary filters: 0, did not pass the filter by color: 0, added: 0, new vincodes: 0
05-10-2011 10:00:23 --- INFO: Honda CR-V - found: 7, pass primary filters: 0, did not pass the filter by color: 0, added: 0, new vincodes: 0
05-10-2011 10:00:27 --- INFO: Mitsubishi Montero 4WD Limited - found: 24, pass primary filters: 6, did not pass the filter by color: 6, added: 0, new vincodes: 0
05-10-2011 10:00:31 --- INFO: Toyota 4RUNNER 4WD Limited - found: 26, pass primary filters: 4, did not pass the filter by color: 2, added: 2, new vincodes: 0
05-10-2011 10:00:35 --- INFO: Toyota RAV 4 - found: 9, pass primary filters: 6, did not pass the filter by color: 6, added: 0, new vincodes: 0
05-10-2011 10:00:36 --- INFO: Toyota Highlander 4WD - found: 23, pass primary filters: 0, did not pass the filter by color: 0, added: 0, new vincodes: 0
05-10-2011 10:00:40 --- INFO: Subaru Forester - found: 4, pass primary filters: 3, did not pass the filter by color: 0, added: 3, new vincodes: 0
05-10-2011 10:00:43 --- INFO: Nissan Rogue - found: 16, pass primary filters: 2, did not pass the filter by color: 0, added: 2, new vincodes: 0
05-10-2011 10:00:50 --- INFO: Toyota Highlander - found: 23, pass primary filters: 8, did not pass the filter by color: 8, added: 0, new vincodes: 0
05-10-2011 10:00:50 --- INFO: Acura MDX - found: 19, pass primary filters: 0, did not pass the filter by color: 0, added: 0, new vincodes: 0
05-10-2011 10:00:50 --- INFO: finish: 05-10-2011 10:00:50
05-10-2011 10:00:50 --- INFO: elapsed time: ~49.28 sec., memory usage: ~2.3 Mb.
05-10-2011 10:00:01 --- INFO: start: 05-10-2011 10:00:01
05-10-2011 10:00:01 --- INFO: ----------Source_Gsmotors (cli)
05-10-2011 10:00:52 --- INFO: Lexus RX 300 - found: 78, pass primary filters: 19, did not pass the filter by color: 9, added: 10, new vincodes: 0
05-10-2011 10:02:29 --- INFO: Lexus RX 330 - found: 169, pass primary filters: 42, did not pass the filter by color: 14, added: 28, new vincodes: 0
05-10-2011 10:02:59 --- INFO: Lexus RX 400H - found: 38, pass primary filters: 7, did not pass the filter by color: 3, added: 4, new vincodes: 0
05-10-2011 10:03:57 --- INFO: Lexus GX 470 - found: 72, pass primary filters: 40, did not pass the filter by color: 32, added: 8, new vincodes: 0
05-10-2011 10:04:48 --- INFO: Lexus GX 470 - found: 70, pass primary filters: 41, did not pass the filter by color: 31, added: 10, new vincodes: 0
05-10-2011 10:05:14 --- INFO: Lexus LX 470 - found: 17, pass primary filters: 11, did not pass the filter by color: 10, added: 1, new vincodes: 0
05-10-2011 10:05:31 --- INFO: Lexus LX 470 - found: 11, pass primary filters: 8, did not pass the filter by color: 7, added: 1, new vincodes: 0
05-10-2011 10:05:42 --- INFO: Toyota Land Cruiser - found: 11, pass primary filters: 7, did not pass the filter by color: 7, added: 0, new vincodes: 0
05-10-2011 10:06:22 --- INFO: Honda CR-V - found: 54, pass primary filters: 4, did not pass the filter by color: 0, added: 4, new vincodes: 0
05-10-2011 10:09:40 --- INFO: Honda CR-V - found: 160, pass primary filters: 5, did not pass the filter by color: 0, added: 5, new vincodes: 0
05-10-2011 10:10:35 --- INFO: Mitsubishi Montero 4WD Limited - found: 74, pass primary filters: 14, did not pass the filter by color: 14, added: 0, new vincodes: 0
05-10-2011 10:12:24 --- INFO: Toyota 4RUNNER 4WD Limited - found: 168, pass primary filters: 46, did not pass the filter by color: 27, added: 19, new vincodes: 0
05-10-2011 10:13:15 --- INFO: Toyota RAV 4 - found: 67, pass primary filters: 25, did not pass the filter by color: 15, added: 10, new vincodes: 0
05-10-2011 10:14:07 --- INFO: Toyota Highlander 4WD - found: 81, pass primary filters: 1, did not pass the filter by color: 1, added: 0, new vincodes: 0
05-10-2011 10:15:50 --- INFO: Subaru Forester - found: 149, pass primary filters: 29, did not pass the filter by color: 0, added: 29, new vincodes: 0
05-10-2011 10:19:03 --- INFO: Nissan Rogue - found: 250, pass primary filters: 8, did not pass the filter by color: 0, added: 8, new vincodes: 0
05-10-2011 10:19:57 --- INFO: Toyota Highlander - found: 81, pass primary filters: 34, did not pass the filter by color: 27, added: 7, new vincodes: 0
05-10-2011 10:20:58 --- INFO: Acura MDX - found: 79, pass primary filters: 0, did not pass the filter by color: 0, added: 0, new vincodes: 0
05-10-2011 10:20:58 --- INFO: finish: 05-10-2011 10:20:58
05-10-2011 10:20:58 --- INFO: elapsed time: ~1256.59 sec., memory usage: ~4.42 Mb.
05-10-2011 11:05:01 --- INFO: start: 05-10-2011 11:05:01
05-10-2011 11:05:01 --- INFO: ----------Source_Openlane (cli)
05-10-2011 11:05:04 --- ERROR: Unauthorized request
05-10-2011 11:05:04 --- INFO: finish: 05-10-2011 11:05:04
05-10-2011 11:05:04 --- INFO: elapsed time: ~3.07 sec., memory usage: ~1.31 Mb.
05-10-2011 11:10:02 --- INFO: start: 05-10-2011 11:10:02
05-10-2011 11:10:02 --- INFO: ----------Source_Adesa (cli)
05-10-2011 11:10:04 --- INFO: Authorized request
05-10-2011 11:10:09 --- INFO: Lexus RX 300 - found: 9, pass primary filters: 6, did not pass the filter by color: 3, added: 3, new vincodes: 0
05-10-2011 11:10:11 --- INFO: Lexus RX 330 - found: 13, pass primary filters: 3, did not pass the filter by color: 2, added: 1, new vincodes: 0
05-10-2011 11:10:11 --- INFO: Lexus RX 400H - found: 2, pass primary filters: 0, did not pass the filter by color: 0, added: 0, new vincodes: 0
05-10-2011 11:10:17 --- INFO: Lexus GX 470 - found: 4, pass primary filters: 3, did not pass the filter by color: 3, added: 0, new vincodes: 1
05-10-2011 11:10:21 --- INFO: Lexus GX 470 - found: 5, pass primary filters: 3, did not pass the filter by color: 3, added: 0, new vincodes: 0
05-10-2011 11:10:21 --- INFO: Lexus LX 470 - found: 0, pass primary filters: 0, did not pass the filter by color: 0, added: 0, new vincodes: 0
05-10-2011 11:10:24 --- INFO: Lexus LX 470 - found: 3, pass primary filters: 2, did not pass the filter by color: 2, added: 0, new vincodes: 0
05-10-2011 11:10:24 --- INFO: Toyota Land Cruiser - found: 0, pass primary filters: 0, did not pass the filter by color: 0, added: 0, new vincodes: 0
05-10-2011 11:10:25 --- INFO: Honda CR-V - found: 17, pass primary filters: 0, did not pass the filter by color: 0, added: 0, new vincodes: 0
05-10-2011 11:10:25 --- INFO: Honda CR-V - found: 7, pass primary filters: 0, did not pass the filter by color: 0, added: 0, new vincodes: 0
05-10-2011 11:10:28 --- INFO: Mitsubishi Montero 4WD Limited - found: 26, pass primary filters: 6, did not pass the filter by color: 6, added: 0, new vincodes: 0
05-10-2011 11:10:33 --- INFO: Toyota 4RUNNER 4WD Limited - found: 27, pass primary filters: 5, did not pass the filter by color: 3, added: 2, new vincodes: 0
05-10-2011 11:10:37 --- INFO: Toyota RAV 4 - found: 9, pass primary filters: 6, did not pass the filter by color: 6, added: 0, new vincodes: 0
05-10-2011 11:10:38 --- INFO: Toyota Highlander 4WD - found: 23, pass primary filters: 0, did not pass the filter by color: 0, added: 0, new vincodes: 0
05-10-2011 11:10:41 --- INFO: Subaru Forester - found: 4, pass primary filters: 3, did not pass the filter by color: 0, added: 3, new vincodes: 0
05-10-2011 11:10:43 --- INFO: Nissan Rogue - found: 16, pass primary filters: 2, did not pass the filter by color: 0, added: 2, new vincodes: 0
05-10-2011 11:10:51 --- INFO: Toyota Highlander - found: 23, pass primary filters: 8, did not pass the filter by color: 8, added: 0, new vincodes: 0
05-10-2011 11:10:51 --- INFO: Acura MDX - found: 19, pass primary filters: 0, did not pass the filter by color: 0, added: 0, new vincodes: 0
05-10-2011 11:10:51 --- INFO: finish: 05-10-2011 11:10:51
05-10-2011 11:10:51 --- INFO: elapsed time: ~49.88 sec., memory usage: ~2.33 Mb.
05-10-2011 11:10:02 --- INFO: start: 05-10-2011 11:10:02
05-10-2011 11:10:02 --- INFO: ----------Source_Ebay (cli)
05-10-2011 11:11:10 --- INFO: Lexus RX 300 - found: 30, pass primary filters: 5, did not pass the filter by color: 2, added: 3, new vincodes: 1
05-10-2011 11:13:58 --- INFO: Lexus RX 330 - found: 66, pass primary filters: 14, did not pass the filter by color: 4, added: 10, new vincodes: 0
05-10-2011 11:15:37 --- INFO: Lexus RX 400H - found: 52, pass primary filters: 0, did not pass the filter by color: 0, added: 0, new vincodes: 0
05-10-2011 11:16:06 --- INFO: Lexus GX 470 - found: 29, pass primary filters: 9, did not pass the filter by color: 6, added: 3, new vincodes: 0
05-10-2011 11:16:08 --- INFO: Lexus GX 470 - found: 26, pass primary filters: 0, did not pass the filter by color: 0, added: 0, new vincodes: 0
05-10-2011 11:16:20 --- INFO: Lexus LX 470 - found: 7, pass primary filters: 4, did not pass the filter by color: 4, added: 0, new vincodes: 0
05-10-2011 11:16:42 --- INFO: Lexus LX 470 - found: 13, pass primary filters: 7, did not pass the filter by color: 7, added: 0, new vincodes: 0
05-10-2011 11:16:58 --- INFO: Toyota Land Cruiser - found: 8, pass primary filters: 7, did not pass the filter by color: 7, added: 0, new vincodes: 0
05-10-2011 11:17:26 --- INFO: Honda CR-V - found: 13, pass primary filters: 0, did not pass the filter by color: 0, added: 0, new vincodes: 0
05-10-2011 11:21:50 --- INFO: Honda CR-V - found: 67, pass primary filters: 0, did not pass the filter by color: 0, added: 0, new vincodes: 0
05-10-2011 11:21:57 --- INFO: Mitsubishi Montero 4WD Limited - found: 3, pass primary filters: 0, did not pass the filter by color: 0, added: 0, new vincodes: 0
05-10-2011 11:24:59 --- INFO: Toyota 4RUNNER 4WD Limited - found: 59, pass primary filters: 32, did not pass the filter by color: 24, added: 8, new vincodes: 0
05-10-2011 11:25:21 --- INFO: Toyota RAV 4 - found: 13, pass primary filters: 7, did not pass the filter by color: 4, added: 3, new vincodes: 0
05-10-2011 11:25:54 --- INFO: Toyota Highlander 4WD - found: 18, pass primary filters: 0, did not pass the filter by color: 0, added: 0, new vincodes: 0
05-10-2011 11:28:53 --- INFO: Subaru Forester - found: 58, pass primary filters: 8, did not pass the filter by color: 0, added: 8, new vincodes: 0
05-10-2011 11:29:45 --- INFO: Nissan Rogue - found: 47, pass primary filters: 0, did not pass the filter by color: 0, added: 0, new vincodes: 0
05-10-2011 11:30:06 --- INFO: Toyota Highlander - found: 18, pass primary filters: 5, did not pass the filter by color: 5, added: 0, new vincodes: 0
05-10-2011 11:30:24 --- INFO: Acura MDX - found: 15, pass primary filters: 0, did not pass the filter by color: 0, added: 0, new vincodes: 0
05-10-2011 11:30:24 --- INFO: finish: 05-10-2011 11:30:24
05-10-2011 11:30:24 --- INFO: elapsed time: ~1222.37 sec., memory usage: ~2.74 Mb.
05-10-2011 11:10:02 --- INFO: start: 05-10-2011 11:10:02
05-10-2011 11:10:02 --- INFO: ----------Source_Gsmotors (cli)
05-10-2011 11:12:14 --- INFO: Lexus RX 300 - found: 79, pass primary filters: 21, did not pass the filter by color: 9, added: 12, new vincodes: 2
05-10-2011 11:17:43 --- INFO: Lexus RX 330 - found: 187, pass primary filters: 44, did not pass the filter by color: 13, added: 31, new vincodes: 3
05-10-2011 11:18:52 --- INFO: Lexus RX 400H - found: 41, pass primary filters: 8, did not pass the filter by color: 3, added: 5, new vincodes: 0
05-10-2011 11:20:53 --- INFO: Lexus GX 470 - found: 80, pass primary filters: 40, did not pass the filter by color: 30, added: 10, new vincodes: 1
05-10-2011 11:22:59 --- INFO: Lexus GX 470 - found: 76, pass primary filters: 47, did not pass the filter by color: 38, added: 9, new vincodes: 2
05-10-2011 11:23:25 --- INFO: Lexus LX 470 - found: 19, pass primary filters: 11, did not pass the filter by color: 10, added: 1, new vincodes: 0
05-10-2011 11:23:54 --- INFO: Lexus LX 470 - found: 14, pass primary filters: 10, did not pass the filter by color: 9, added: 1, new vincodes: 3
05-10-2011 11:24:11 --- INFO: Toyota Land Cruiser - found: 11, pass primary filters: 7, did not pass the filter by color: 7, added: 0, new vincodes: 0
05-10-2011 11:25:31 --- INFO: Honda CR-V - found: 54, pass primary filters: 4, did not pass the filter by color: 0, added: 4, new vincodes: 0
05-10-2011 11:29:44 --- INFO: Honda CR-V - found: 174, pass primary filters: 4, did not pass the filter by color: 0, added: 4, new vincodes: 1
05-10-2011 11:31:41 --- INFO: Mitsubishi Montero 4WD Limited - found: 80, pass primary filters: 16, did not pass the filter by color: 16, added: 0, new vincodes: 1
05-10-2011 11:36:32 --- INFO: Toyota 4RUNNER 4WD Limited - found: 184, pass primary filters: 50, did not pass the filter by color: 30, added: 20, new vincodes: 1
05-10-2011 11:38:46 --- INFO: Toyota RAV 4 - found: 86, pass primary filters: 33, did not pass the filter by color: 20, added: 13, new vincodes: 5
05-10-2011 11:41:26 --- INFO: Toyota Highlander 4WD - found: 96, pass primary filters: 1, did not pass the filter by color: 1, added: 0, new vincodes: 0
05-10-2011 11:46:38 --- INFO: Subaru Forester - found: 145, pass primary filters: 29, did not pass the filter by color: 0, added: 29, new vincodes: 1
05-10-2011 11:53:57 --- INFO: Nissan Rogue - found: 232, pass primary filters: 8, did not pass the filter by color: 0, added: 8, new vincodes: 0
05-10-2011 11:54:57 --- INFO: Toyota Highlander - found: 96, pass primary filters: 33, did not pass the filter by color: 24, added: 9, new vincodes: 4
05-10-2011 11:56:54 --- INFO: Acura MDX - found: 83, pass primary filters: 0, did not pass the filter by color: 0, added: 0, new vincodes: 0
05-10-2011 11:56:54 --- INFO: finish: 05-10-2011 11:56:54
05-10-2011 11:56:54 --- INFO: elapsed time: ~2812.7 sec., memory usage: ~4.75 Mb.
05-10-2011 12:20:01 --- INFO: start: 05-10-2011 12:20:01
05-10-2011 12:20:01 --- INFO: ----------Source_Adesa (cli)
05-10-2011 12:20:03 --- INFO: Authorized request
05-10-2011 12:20:09 --- INFO: Lexus RX 300 - found: 10, pass primary filters: 7, did not pass the filter by color: 3, added: 4, new vincodes: 1
05-10-2011 12:20:12 --- INFO: Lexus RX 330 - found: 14, pass primary filters: 3, did not pass the filter by color: 2, added: 1, new vincodes: 0
05-10-2011 12:20:12 --- INFO: Lexus RX 400H - found: 2, pass primary filters: 0, did not pass the filter by color: 0, added: 0, new vincodes: 0
05-10-2011 12:20:15 --- INFO: Lexus GX 470 - found: 4, pass primary filters: 3, did not pass the filter by color: 3, added: 0, new vincodes: 0
05-10-2011 12:20:19 --- INFO: Lexus GX 470 - found: 5, pass primary filters: 3, did not pass the filter by color: 3, added: 0, new vincodes: 0
05-10-2011 12:20:19 --- INFO: Lexus LX 470 - found: 0, pass primary filters: 0, did not pass the filter by color: 0, added: 0, new vincodes: 0
05-10-2011 12:20:23 --- INFO: Lexus LX 470 - found: 4, pass primary filters: 2, did not pass the filter by color: 2, added: 0, new vincodes: 0
05-10-2011 12:20:23 --- INFO: Toyota Land Cruiser - found: 0, pass primary filters: 0, did not pass the filter by color: 0, added: 0, new vincodes: 0
05-10-2011 12:20:23 --- INFO: Honda CR-V - found: 17, pass primary filters: 0, did not pass the filter by color: 0, added: 0, new vincodes: 0
05-10-2011 12:20:23 --- INFO: Honda CR-V - found: 7, pass primary filters: 0, did not pass the filter by color: 0, added: 0, new vincodes: 0
05-10-2011 12:20:27 --- INFO: Mitsubishi Montero 4WD Limited - found: 26, pass primary filters: 6, did not pass the filter by color: 6, added: 0, new vincodes: 0
05-10-2011 12:20:32 --- INFO: Toyota 4RUNNER 4WD Limited - found: 28, pass primary filters: 6, did not pass the filter by color: 4, added: 2, new vincodes: 0
05-10-2011 12:20:36 --- INFO: Toyota RAV 4 - found: 9, pass primary filters: 6, did not pass the filter by color: 6, added: 0, new vincodes: 0
05-10-2011 12:20:36 --- INFO: Toyota Highlander 4WD - found: 24, pass primary filters: 0, did not pass the filter by color: 0, added: 0, new vincodes: 0
05-10-2011 12:20:39 --- INFO: Subaru Forester - found: 4, pass primary filters: 3, did not pass the filter by color: 0, added: 3, new vincodes: 0
05-10-2011 12:20:41 --- INFO: Nissan Rogue - found: 16, pass primary filters: 2, did not pass the filter by color: 0, added: 2, new vincodes: 0
05-10-2011 12:20:51 --- INFO: Toyota Highlander - found: 24, pass primary filters: 8, did not pass the filter by color: 8, added: 0, new vincodes: 0
05-10-2011 12:20:51 --- INFO: Acura MDX - found: 19, pass primary filters: 0, did not pass the filter by color: 0, added: 0, new vincodes: 0
05-10-2011 12:20:51 --- INFO: finish: 05-10-2011 12:20:51
05-10-2011 12:20:51 --- INFO: elapsed time: ~49.6 sec., memory usage: ~2.34 Mb.
05-10-2011 12:20:01 --- INFO: start: 05-10-2011 12:20:01
05-10-2011 12:20:01 --- INFO: ----------Source_Gsmotors (cli)
05-10-2011 12:21:01 --- INFO: Lexus RX 300 - found: 79, pass primary filters: 21, did not pass the filter by color: 9, added: 12, new vincodes: 0
05-10-2011 12:22:59 --- INFO: Lexus RX 330 - found: 187, pass primary filters: 44, did not pass the filter by color: 13, added: 31, new vincodes: 0
05-10-2011 12:23:39 --- INFO: Lexus RX 400H - found: 41, pass primary filters: 8, did not pass the filter by color: 3, added: 5, new vincodes: 0
05-10-2011 12:24:24 --- INFO: Lexus GX 470 - found: 80, pass primary filters: 40, did not pass the filter by color: 30, added: 10, new vincodes: 0
05-10-2011 12:25:19 --- INFO: Lexus GX 470 - found: 76, pass primary filters: 47, did not pass the filter by color: 38, added: 9, new vincodes: 0
05-10-2011 12:25:35 --- INFO: Lexus LX 470 - found: 19, pass primary filters: 11, did not pass the filter by color: 10, added: 1, new vincodes: 0
05-10-2011 12:25:50 --- INFO: Lexus LX 470 - found: 14, pass primary filters: 10, did not pass the filter by color: 9, added: 1, new vincodes: 0
05-10-2011 12:26:02 --- INFO: Toyota Land Cruiser - found: 11, pass primary filters: 7, did not pass the filter by color: 7, added: 0, new vincodes: 0
05-10-2011 12:26:45 --- INFO: Honda CR-V - found: 54, pass primary filters: 4, did not pass the filter by color: 0, added: 4, new vincodes: 0
05-10-2011 12:28:49 --- INFO: Honda CR-V - found: 174, pass primary filters: 4, did not pass the filter by color: 0, added: 4, new vincodes: 0
05-10-2011 12:29:45 --- INFO: Mitsubishi Montero 4WD Limited - found: 80, pass primary filters: 16, did not pass the filter by color: 16, added: 0, new vincodes: 0
05-10-2011 12:31:45 --- INFO: Toyota 4RUNNER 4WD Limited - found: 184, pass primary filters: 50, did not pass the filter by color: 30, added: 20, new vincodes: 0
05-10-2011 12:32:31 --- INFO: Toyota RAV 4 - found: 86, pass primary filters: 33, did not pass the filter by color: 20, added: 13, new vincodes: 0
05-10-2011 12:33:35 --- INFO: Toyota Highlander 4WD - found: 96, pass primary filters: 1, did not pass the filter by color: 1, added: 0, new vincodes: 0
05-10-2011 12:35:08 --- INFO: Subaru Forester - found: 145, pass primary filters: 29, did not pass the filter by color: 0, added: 29, new vincodes: 0
05-10-2011 12:37:42 --- INFO: Nissan Rogue - found: 232, pass primary filters: 8, did not pass the filter by color: 0, added: 8, new vincodes: 0
05-10-2011 12:38:47 --- INFO: Toyota Highlander - found: 96, pass primary filters: 33, did not pass the filter by color: 24, added: 9, new vincodes: 0
05-10-2011 12:39:54 --- INFO: Acura MDX - found: 83, pass primary filters: 0, did not pass the filter by color: 0, added: 0, new vincodes: 0
05-10-2011 12:39:54 --- INFO: finish: 05-10-2011 12:39:54
05-10-2011 12:39:54 --- INFO: elapsed time: ~1192.8 sec., memory usage: ~4.6 Mb.
05-10-2011 13:20:01 --- INFO: start: 05-10-2011 13:20:01
05-10-2011 13:20:01 --- INFO: ----------Source_Adesa (cli)
05-10-2011 13:20:01 --- INFO: Authorized request
05-10-2011 13:20:06 --- INFO: Lexus RX 300 - found: 10, pass primary filters: 7, did not pass the filter by color: 3, added: 4, new vincodes: 0
05-10-2011 13:20:10 --- INFO: Lexus RX 330 - found: 14, pass primary filters: 4, did not pass the filter by color: 3, added: 1, new vincodes: 0
05-10-2011 13:20:10 --- INFO: Lexus RX 400H - found: 2, pass primary filters: 0, did not pass the filter by color: 0, added: 0, new vincodes: 0
05-10-2011 13:20:17 --- INFO: Lexus GX 470 - found: 6, pass primary filters: 5, did not pass the filter by color: 4, added: 1, new vincodes: 0
05-10-2011 13:20:19 --- INFO: Lexus GX 470 - found: 5, pass primary filters: 3, did not pass the filter by color: 3, added: 0, new vincodes: 0
05-10-2011 13:20:20 --- INFO: Lexus LX 470 - found: 0, pass primary filters: 0, did not pass the filter by color: 0, added: 0, new vincodes: 0
05-10-2011 13:20:24 --- INFO: Lexus LX 470 - found: 4, pass primary filters: 2, did not pass the filter by color: 2, added: 0, new vincodes: 0
05-10-2011 13:20:24 --- INFO: Toyota Land Cruiser - found: 0, pass primary filters: 0, did not pass the filter by color: 0, added: 0, new vincodes: 0
05-10-2011 13:20:25 --- INFO: Honda CR-V - found: 18, pass primary filters: 0, did not pass the filter by color: 0, added: 0, new vincodes: 0
05-10-2011 13:20:25 --- INFO: Honda CR-V - found: 7, pass primary filters: 0, did not pass the filter by color: 0, added: 0, new vincodes: 0
05-10-2011 13:20:29 --- INFO: Mitsubishi Montero 4WD Limited - found: 28, pass primary filters: 6, did not pass the filter by color: 6, added: 0, new vincodes: 0
05-10-2011 13:20:33 --- INFO: Toyota 4RUNNER 4WD Limited - found: 29, pass primary filters: 6, did not pass the filter by color: 4, added: 2, new vincodes: 0
05-10-2011 13:20:37 --- INFO: Toyota RAV 4 - found: 10, pass primary filters: 6, did not pass the filter by color: 6, added: 0, new vincodes: 0
05-10-2011 13:20:38 --- INFO: Toyota Highlander 4WD - found: 24, pass primary filters: 0, did not pass the filter by color: 0, added: 0, new vincodes: 0
05-10-2011 13:20:41 --- INFO: Subaru Forester - found: 4, pass primary filters: 3, did not pass the filter by color: 0, added: 3, new vincodes: 0
05-10-2011 13:20:44 --- INFO: Nissan Rogue - found: 16, pass primary filters: 2, did not pass the filter by color: 0, added: 2, new vincodes: 0
05-10-2011 13:20:51 --- INFO: Toyota Highlander - found: 24, pass primary filters: 9, did not pass the filter by color: 9, added: 0, new vincodes: 1
05-10-2011 13:20:51 --- INFO: Acura MDX - found: 20, pass primary filters: 0, did not pass the filter by color: 0, added: 0, new vincodes: 0
05-10-2011 13:20:51 --- INFO: finish: 05-10-2011 13:20:51
05-10-2011 13:20:51 --- INFO: elapsed time: ~50.38 sec., memory usage: ~2.37 Mb.
05-10-2011 13:20:01 --- INFO: start: 05-10-2011 13:20:01
05-10-2011 13:20:01 --- INFO: ----------Source_Gsmotors (cli)
05-10-2011 13:20:46 --- INFO: Lexus RX 300 - found: 79, pass primary filters: 21, did not pass the filter by color: 9, added: 12, new vincodes: 0
05-10-2011 13:22:29 --- INFO: Lexus RX 330 - found: 187, pass primary filters: 44, did not pass the filter by color: 13, added: 31, new vincodes: 0
05-10-2011 13:23:00 --- INFO: Lexus RX 400H - found: 41, pass primary filters: 8, did not pass the filter by color: 3, added: 5, new vincodes: 0
05-10-2011 13:23:53 --- INFO: Lexus GX 470 - found: 80, pass primary filters: 40, did not pass the filter by color: 30, added: 10, new vincodes: 0
05-10-2011 13:24:41 --- INFO: Lexus GX 470 - found: 76, pass primary filters: 47, did not pass the filter by color: 38, added: 9, new vincodes: 0
05-10-2011 13:24:53 --- INFO: Lexus LX 470 - found: 19, pass primary filters: 11, did not pass the filter by color: 10, added: 1, new vincodes: 0
05-10-2011 13:25:04 --- INFO: Lexus LX 470 - found: 14, pass primary filters: 10, did not pass the filter by color: 9, added: 1, new vincodes: 0
05-10-2011 13:25:12 --- INFO: Toyota Land Cruiser - found: 11, pass primary filters: 7, did not pass the filter by color: 7, added: 0, new vincodes: 0
05-10-2011 13:25:51 --- INFO: Honda CR-V - found: 54, pass primary filters: 4, did not pass the filter by color: 0, added: 4, new vincodes: 0
05-10-2011 13:27:37 --- INFO: Honda CR-V - found: 174, pass primary filters: 4, did not pass the filter by color: 0, added: 4, new vincodes: 0
05-10-2011 13:28:30 --- INFO: Mitsubishi Montero 4WD Limited - found: 80, pass primary filters: 16, did not pass the filter by color: 16, added: 0, new vincodes: 0
05-10-2011 13:30:47 --- INFO: Toyota 4RUNNER 4WD Limited - found: 184, pass primary filters: 50, did not pass the filter by color: 30, added: 20, new vincodes: 0
05-10-2011 13:31:52 --- INFO: Toyota RAV 4 - found: 86, pass primary filters: 33, did not pass the filter by color: 20, added: 13, new vincodes: 0
05-10-2011 13:32:48 --- INFO: Toyota Highlander 4WD - found: 96, pass primary filters: 1, did not pass the filter by color: 1, added: 0, new vincodes: 0
05-10-2011 13:34:34 --- INFO: Subaru Forester - found: 145, pass primary filters: 29, did not pass the filter by color: 0, added: 29, new vincodes: 0
05-10-2011 13:37:10 --- INFO: Nissan Rogue - found: 232, pass primary filters: 8, did not pass the filter by color: 0, added: 8, new vincodes: 0
05-10-2011 13:38:15 --- INFO: Toyota Highlander - found: 96, pass primary filters: 33, did not pass the filter by color: 24, added: 9, new vincodes: 0
05-10-2011 13:39:11 --- INFO: Acura MDX - found: 83, pass primary filters: 0, did not pass the filter by color: 0, added: 0, new vincodes: 0
05-10-2011 13:39:11 --- INFO: finish: 05-10-2011 13:39:11
05-10-2011 13:39:11 --- INFO: elapsed time: ~1150.23 sec., memory usage: ~4.6 Mb.
05-10-2011 15:05:01 --- INFO: start: 05-10-2011 15:05:01
05-10-2011 15:05:01 --- INFO: ----------Source_Openlane (cli)
05-10-2011 15:05:04 --- ERROR: Unauthorized request
05-10-2011 15:05:04 --- INFO: finish: 05-10-2011 15:05:04
05-10-2011 15:05:04 --- INFO: elapsed time: ~3.13 sec., memory usage: ~1.31 Mb.
05-10-2011 15:10:01 --- INFO: start: 05-10-2011 15:10:01
05-10-2011 15:10:01 --- INFO: ----------Source_Ebay (cli)
05-10-2011 15:11:10 --- INFO: Lexus RX 300 - found: 30, pass primary filters: 5, did not pass the filter by color: 2, added: 3, new vincodes: 0
05-10-2011 15:14:42 --- INFO: Lexus RX 330 - found: 66, pass primary filters: 14, did not pass the filter by color: 6, added: 8, new vincodes: 0
05-10-2011 15:16:25 --- INFO: Lexus RX 400H - found: 52, pass primary filters: 0, did not pass the filter by color: 0, added: 0, new vincodes: 0
05-10-2011 15:17:11 --- INFO: Lexus GX 470 - found: 29, pass primary filters: 9, did not pass the filter by color: 6, added: 3, new vincodes: 0
05-10-2011 15:17:49 --- INFO: Lexus GX 470 - found: 25, pass primary filters: 10, did not pass the filter by color: 8, added: 2, new vincodes: 0
05-10-2011 15:18:01 --- INFO: Lexus LX 470 - found: 7, pass primary filters: 4, did not pass the filter by color: 4, added: 0, new vincodes: 0
05-10-2011 15:18:21 --- INFO: Lexus LX 470 - found: 12, pass primary filters: 6, did not pass the filter by color: 6, added: 0, new vincodes: 0
05-10-2011 15:18:36 --- INFO: Toyota Land Cruiser - found: 8, pass primary filters: 7, did not pass the filter by color: 7, added: 0, new vincodes: 0
05-10-2011 15:19:06 --- INFO: Honda CR-V - found: 12, pass primary filters: 0, did not pass the filter by color: 0, added: 0, new vincodes: 0
05-10-2011 15:23:28 --- INFO: Honda CR-V - found: 69, pass primary filters: 0, did not pass the filter by color: 0, added: 0, new vincodes: 0
05-10-2011 15:23:36 --- INFO: Mitsubishi Montero 4WD Limited - found: 3, pass primary filters: 0, did not pass the filter by color: 0, added: 0, new vincodes: 0
05-10-2011 15:25:33 --- INFO: Toyota 4RUNNER 4WD Limited - found: 54, pass primary filters: 30, did not pass the filter by color: 16, added: 14, new vincodes: 0
05-10-2011 15:25:47 --- INFO: Toyota RAV 4 - found: 13, pass primary filters: 7, did not pass the filter by color: 4, added: 3, new vincodes: 0
05-10-2011 15:26:10 --- INFO: Toyota Highlander 4WD - found: 18, pass primary filters: 0, did not pass the filter by color: 0, added: 0, new vincodes: 0
05-10-2011 15:28:07 --- INFO: Subaru Forester - found: 57, pass primary filters: 8, did not pass the filter by color: 0, added: 8, new vincodes: 0
05-10-2011 15:29:15 --- INFO: Nissan Rogue - found: 49, pass primary filters: 0, did not pass the filter by color: 0, added: 0, new vincodes: 0
05-10-2011 15:29:43 --- INFO: Toyota Highlander - found: 18, pass primary filters: 5, did not pass the filter by color: 5, added: 0, new vincodes: 0
05-10-2011 15:30:13 --- INFO: Acura MDX - found: 15, pass primary filters: 0, did not pass the filter by color: 0, added: 0, new vincodes: 0
05-10-2011 15:30:13 --- INFO: finish: 05-10-2011 15:30:13
05-10-2011 15:30:13 --- INFO: elapsed time: ~1212.22 sec., memory usage: ~2.77 Mb.
05-10-2011 16:10:01 --- INFO: start: 05-10-2011 16:10:01
05-10-2011 16:10:01 --- INFO: ----------Source_Adesa (cli)
05-10-2011 16:10:02 --- INFO: Authorized request
05-10-2011 16:10:06 --- INFO: Lexus RX 300 - found: 11, pass primary filters: 7, did not pass the filter by color: 3, added: 4, new vincodes: 0
05-10-2011 16:10:09 --- INFO: Lexus RX 330 - found: 16, pass primary filters: 4, did not pass the filter by color: 3, added: 1, new vincodes: 0
05-10-2011 16:10:10 --- INFO: Lexus RX 400H - found: 2, pass primary filters: 1, did not pass the filter by color: 0, added: 1, new vincodes: 0
05-10-2011 16:10:15 --- INFO: Lexus GX 470 - found: 8, pass primary filters: 5, did not pass the filter by color: 4, added: 1, new vincodes: 0
05-10-2011 16:10:19 --- INFO: Lexus GX 470 - found: 5, pass primary filters: 3, did not pass the filter by color: 3, added: 0, new vincodes: 0
05-10-2011 16:10:19 --- INFO: Lexus LX 470 - found: 0, pass primary filters: 0, did not pass the filter by color: 0, added: 0, new vincodes: 0
05-10-2011 16:10:26 --- INFO: Lexus LX 470 - found: 5, pass primary filters: 4, did not pass the filter by color: 4, added: 0, new vincodes: 1
05-10-2011 16:10:26 --- INFO: Toyota Land Cruiser - found: 0, pass primary filters: 0, did not pass the filter by color: 0, added: 0, new vincodes: 0
05-10-2011 16:10:30 --- INFO: Honda CR-V - found: 24, pass primary filters: 1, did not pass the filter by color: 0, added: 1, new vincodes: 1
05-10-2011 16:10:30 --- INFO: Honda CR-V - found: 7, pass primary filters: 0, did not pass the filter by color: 0, added: 0, new vincodes: 0
05-10-2011 16:10:33 --- INFO: Mitsubishi Montero 4WD Limited - found: 29, pass primary filters: 6, did not pass the filter by color: 6, added: 0, new vincodes: 0
05-10-2011 16:10:41 --- INFO: Toyota 4RUNNER 4WD Limited - found: 34, pass primary filters: 8, did not pass the filter by color: 6, added: 2, new vincodes: 2
05-10-2011 16:10:44 --- INFO: Toyota RAV 4 - found: 12, pass primary filters: 7, did not pass the filter by color: 7, added: 0, new vincodes: 0
05-10-2011 16:10:45 --- INFO: Toyota Highlander 4WD - found: 30, pass primary filters: 0, did not pass the filter by color: 0, added: 0, new vincodes: 0
05-10-2011 16:10:46 --- INFO: Subaru Forester - found: 4, pass primary filters: 3, did not pass the filter by color: 0, added: 3, new vincodes: 0
05-10-2011 16:10:48 --- INFO: Nissan Rogue - found: 17, pass primary filters: 2, did not pass the filter by color: 0, added: 2, new vincodes: 0
05-10-2011 16:10:55 --- INFO: Toyota Highlander - found: 30, pass primary filters: 10, did not pass the filter by color: 10, added: 0, new vincodes: 1
05-10-2011 16:10:55 --- INFO: Acura MDX - found: 24, pass primary filters: 0, did not pass the filter by color: 0, added: 0, new vincodes: 0
05-10-2011 16:10:55 --- INFO: finish: 05-10-2011 16:10:55
05-10-2011 16:10:55 --- INFO: elapsed time: ~54.15 sec., memory usage: ~2.47 Mb.
05-10-2011 16:10:01 --- INFO: start: 05-10-2011 16:10:01
05-10-2011 16:10:01 --- INFO: ----------Source_Gsmotors (cli)
05-10-2011 16:12:13 --- INFO: Lexus RX 300 - found: 85, pass primary filters: 22, did not pass the filter by color: 9, added: 13, new vincodes: 2
05-10-2011 16:17:50 --- INFO: Lexus RX 330 - found: 197, pass primary filters: 48, did not pass the filter by color: 12, added: 36, new vincodes: 4
05-10-2011 16:19:09 --- INFO: Lexus RX 400H - found: 43, pass primary filters: 8, did not pass the filter by color: 3, added: 5, new vincodes: 0
05-10-2011 16:21:10 --- INFO: Lexus GX 470 - found: 84, pass primary filters: 42, did not pass the filter by color: 31, added: 11, new vincodes: 0
05-10-2011 16:23:45 --- INFO: Lexus GX 470 - found: 87, pass primary filters: 54, did not pass the filter by color: 46, added: 8, new vincodes: 3
05-10-2011 16:24:12 --- INFO: Lexus LX 470 - found: 22, pass primary filters: 11, did not pass the filter by color: 10, added: 1, new vincodes: 0
05-10-2011 16:24:40 --- INFO: Lexus LX 470 - found: 17, pass primary filters: 12, did not pass the filter by color: 11, added: 1, new vincodes: 1
05-10-2011 16:25:07 --- INFO: Toyota Land Cruiser - found: 14, pass primary filters: 7, did not pass the filter by color: 7, added: 0, new vincodes: 0
05-10-2011 16:26:46 --- INFO: Honda CR-V - found: 59, pass primary filters: 5, did not pass the filter by color: 0, added: 5, new vincodes: 1
05-10-2011 16:32:20 --- INFO: Honda CR-V - found: 193, pass primary filters: 5, did not pass the filter by color: 0, added: 5, new vincodes: 1
05-10-2011 16:34:29 --- INFO: Mitsubishi Montero 4WD Limited - found: 77, pass primary filters: 17, did not pass the filter by color: 17, added: 0, new vincodes: 3
05-10-2011 16:39:50 --- INFO: Toyota 4RUNNER 4WD Limited - found: 212, pass primary filters: 49, did not pass the filter by color: 29, added: 20, new vincodes: 1
05-10-2011 16:42:02 --- INFO: Toyota RAV 4 - found: 85, pass primary filters: 32, did not pass the filter by color: 19, added: 13, new vincodes: 1
05-10-2011 16:44:59 --- INFO: Toyota Highlander 4WD - found: 92, pass primary filters: 1, did not pass the filter by color: 1, added: 0, new vincodes: 0
05-10-2011 16:49:51 --- INFO: Subaru Forester - found: 154, pass primary filters: 27, did not pass the filter by color: 0, added: 27, new vincodes: 0
05-10-2011 16:57:40 --- INFO: Nissan Rogue - found: 245, pass primary filters: 10, did not pass the filter by color: 0, added: 10, new vincodes: 2
05-10-2011 16:58:36 --- INFO: Toyota Highlander - found: 92, pass primary filters: 33, did not pass the filter by color: 24, added: 9, new vincodes: 2
05-10-2011 17:00:47 --- INFO: Acura MDX - found: 85, pass primary filters: 1, did not pass the filter by color: 0, added: 1, new vincodes: 0
05-10-2011 17:00:47 --- INFO: finish: 05-10-2011 17:00:47
05-10-2011 17:00:47 --- INFO: elapsed time: ~3045.68 sec., memory usage: ~4.88 Mb.
05-10-2011 18:10:01 --- INFO: start: 05-10-2011 18:10:01
05-10-2011 18:10:01 --- INFO: ----------Source_Adesa (cli)
05-10-2011 18:10:02 --- INFO: Authorized request
05-10-2011 18:10:07 --- INFO: Lexus RX 300 - found: 12, pass primary filters: 8, did not pass the filter by color: 3, added: 5, new vincodes: 1
05-10-2011 18:10:09 --- INFO: Lexus RX 330 - found: 17, pass primary filters: 4, did not pass the filter by color: 3, added: 1, new vincodes: 0
05-10-2011 18:10:10 --- INFO: Lexus RX 400H - found: 2, pass primary filters: 1, did not pass the filter by color: 0, added: 1, new vincodes: 0
05-10-2011 18:10:17 --- INFO: Lexus GX 470 - found: 8, pass primary filters: 6, did not pass the filter by color: 5, added: 1, new vincodes: 1
05-10-2011 18:10:19 --- INFO: Lexus GX 470 - found: 5, pass primary filters: 3, did not pass the filter by color: 3, added: 0, new vincodes: 0
05-10-2011 18:10:19 --- INFO: Lexus LX 470 - found: 0, pass primary filters: 0, did not pass the filter by color: 0, added: 0, new vincodes: 0
05-10-2011 18:10:25 --- INFO: Lexus LX 470 - found: 5, pass primary filters: 4, did not pass the filter by color: 4, added: 0, new vincodes: 0
05-10-2011 18:10:25 --- INFO: Toyota Land Cruiser - found: 0, pass primary filters: 0, did not pass the filter by color: 0, added: 0, new vincodes: 0
05-10-2011 18:10:26 --- INFO: Honda CR-V - found: 24, pass primary filters: 1, did not pass the filter by color: 0, added: 1, new vincodes: 0
05-10-2011 18:10:26 --- INFO: Honda CR-V - found: 7, pass primary filters: 0, did not pass the filter by color: 0, added: 0, new vincodes: 0
05-10-2011 18:10:32 --- INFO: Mitsubishi Montero 4WD Limited - found: 29, pass primary filters: 7, did not pass the filter by color: 7, added: 0, new vincodes: 1
05-10-2011 18:10:38 --- INFO: Toyota 4RUNNER 4WD Limited - found: 35, pass primary filters: 9, did not pass the filter by color: 7, added: 2, new vincodes: 1
05-10-2011 18:10:44 --- INFO: Toyota RAV 4 - found: 14, pass primary filters: 8, did not pass the filter by color: 8, added: 0, new vincodes: 1
05-10-2011 18:10:45 --- INFO: Toyota Highlander 4WD - found: 33, pass primary filters: 0, did not pass the filter by color: 0, added: 0, new vincodes: 0
05-10-2011 18:10:47 --- INFO: Subaru Forester - found: 5, pass primary filters: 3, did not pass the filter by color: 0, added: 3, new vincodes: 0
05-10-2011 18:10:49 --- INFO: Nissan Rogue - found: 17, pass primary filters: 2, did not pass the filter by color: 0, added: 2, new vincodes: 0
05-10-2011 18:10:59 --- INFO: Toyota Highlander - found: 33, pass primary filters: 13, did not pass the filter by color: 13, added: 0, new vincodes: 3
05-10-2011 18:10:59 --- INFO: Acura MDX - found: 23, pass primary filters: 0, did not pass the filter by color: 0, added: 0, new vincodes: 0
05-10-2011 18:10:59 --- INFO: finish: 05-10-2011 18:10:59
05-10-2011 18:10:59 --- INFO: elapsed time: ~58.68 sec., memory usage: ~2.53 Mb.
05-10-2011 18:10:01 --- INFO: start: 05-10-2011 18:10:01
05-10-2011 18:10:01 --- INFO: ----------Source_Gsmotors (cli)
05-10-2011 18:10:48 --- INFO: Lexus RX 300 - found: 85, pass primary filters: 22, did not pass the filter by color: 9, added: 13, new vincodes: 0
05-10-2011 18:12:40 --- INFO: Lexus RX 330 - found: 197, pass primary filters: 48, did not pass the filter by color: 12, added: 36, new vincodes: 0
05-10-2011 18:13:04 --- INFO: Lexus RX 400H - found: 43, pass primary filters: 8, did not pass the filter by color: 3, added: 5, new vincodes: 0
05-10-2011 18:13:58 --- INFO: Lexus GX 470 - found: 84, pass primary filters: 42, did not pass the filter by color: 31, added: 11, new vincodes: 0
05-10-2011 18:15:01 --- INFO: Lexus GX 470 - found: 87, pass primary filters: 54, did not pass the filter by color: 46, added: 8, new vincodes: 0
05-10-2011 18:15:14 --- INFO: Lexus LX 470 - found: 22, pass primary filters: 11, did not pass the filter by color: 10, added: 1, new vincodes: 0
05-10-2011 18:15:25 --- INFO: Lexus LX 470 - found: 17, pass primary filters: 12, did not pass the filter by color: 11, added: 1, new vincodes: 0
05-10-2011 18:15:35 --- INFO: Toyota Land Cruiser - found: 14, pass primary filters: 7, did not pass the filter by color: 7, added: 0, new vincodes: 0
05-10-2011 18:16:12 --- INFO: Honda CR-V - found: 59, pass primary filters: 5, did not pass the filter by color: 0, added: 5, new vincodes: 0
05-10-2011 18:18:02 --- INFO: Honda CR-V - found: 193, pass primary filters: 5, did not pass the filter by color: 0, added: 5, new vincodes: 0
05-10-2011 18:18:47 --- INFO: Mitsubishi Montero 4WD Limited - found: 77, pass primary filters: 17, did not pass the filter by color: 17, added: 0, new vincodes: 0
05-10-2011 18:20:46 --- INFO: Toyota 4RUNNER 4WD Limited - found: 212, pass primary filters: 49, did not pass the filter by color: 29, added: 20, new vincodes: 0
05-10-2011 18:21:30 --- INFO: Toyota RAV 4 - found: 85, pass primary filters: 32, did not pass the filter by color: 19, added: 13, new vincodes: 0
05-10-2011 18:22:20 --- INFO: Toyota Highlander 4WD - found: 92, pass primary filters: 1, did not pass the filter by color: 1, added: 0, new vincodes: 0
05-10-2011 18:24:00 --- INFO: Subaru Forester - found: 154, pass primary filters: 27, did not pass the filter by color: 0, added: 27, new vincodes: 0
05-10-2011 18:26:29 --- INFO: Nissan Rogue - found: 245, pass primary filters: 10, did not pass the filter by color: 0, added: 10, new vincodes: 0
05-10-2011 18:27:22 --- INFO: Toyota Highlander - found: 92, pass primary filters: 33, did not pass the filter by color: 24, added: 9, new vincodes: 0
05-10-2011 18:28:20 --- INFO: Acura MDX - found: 85, pass primary filters: 1, did not pass the filter by color: 0, added: 1, new vincodes: 0
05-10-2011 18:28:20 --- INFO: finish: 05-10-2011 18:28:20
05-10-2011 18:28:20 --- INFO: elapsed time: ~1098.92 sec., memory usage: ~4.73 Mb.
05-10-2011 19:05:01 --- INFO: start: 05-10-2011 19:05:01
05-10-2011 19:05:01 --- INFO: ----------Source_Openlane (cli)
05-10-2011 19:05:04 --- ERROR: Unauthorized request
05-10-2011 19:05:04 --- INFO: finish: 05-10-2011 19:05:04
05-10-2011 19:05:04 --- INFO: elapsed time: ~3.1 sec., memory usage: ~1.31 Mb.
05-10-2011 19:10:01 --- INFO: start: 05-10-2011 19:10:01
05-10-2011 19:10:02 --- INFO: ----------Source_Ebay (cli)
05-10-2011 19:11:36 --- INFO: Lexus RX 300 - found: 29, pass primary filters: 5, did not pass the filter by color: 2, added: 3, new vincodes: 0
05-10-2011 19:14:55 --- INFO: Lexus RX 330 - found: 69, pass primary filters: 14, did not pass the filter by color: 6, added: 8, new vincodes: 0
05-10-2011 19:18:11 --- INFO: Lexus RX 400H - found: 54, pass primary filters: 0, did not pass the filter by color: 0, added: 0, new vincodes: 0
05-10-2011 19:19:37 --- INFO: Lexus GX 470 - found: 28, pass primary filters: 8, did not pass the filter by color: 6, added: 2, new vincodes: 0
05-10-2011 19:20:32 --- INFO: Lexus GX 470 - found: 25, pass primary filters: 11, did not pass the filter by color: 9, added: 2, new vincodes: 0
05-10-2011 19:20:51 --- INFO: Lexus LX 470 - found: 8, pass primary filters: 4, did not pass the filter by color: 4, added: 0, new vincodes: 0
05-10-2011 19:21:22 --- INFO: Lexus LX 470 - found: 11, pass primary filters: 6, did not pass the filter by color: 6, added: 0, new vincodes: 0
05-10-2011 19:21:48 --- INFO: Toyota Land Cruiser - found: 8, pass primary filters: 7, did not pass the filter by color: 7, added: 0, new vincodes: 0
05-10-2011 19:22:24 --- INFO: Honda CR-V - found: 14, pass primary filters: 0, did not pass the filter by color: 0, added: 0, new vincodes: 0
05-10-2011 19:28:51 --- INFO: Honda CR-V - found: 69, pass primary filters: 0, did not pass the filter by color: 0, added: 0, new vincodes: 0
05-10-2011 19:28:56 --- INFO: Mitsubishi Montero 4WD Limited - found: 3, pass primary filters: 0, did not pass the filter by color: 0, added: 0, new vincodes: 0
05-10-2011 19:30:32 --- INFO: Toyota 4RUNNER 4WD Limited - found: 52, pass primary filters: 30, did not pass the filter by color: 16, added: 14, new vincodes: 0
05-10-2011 19:30:47 --- INFO: Toyota RAV 4 - found: 13, pass primary filters: 7, did not pass the filter by color: 4, added: 3, new vincodes: 0
05-10-2011 19:31:10 --- INFO: Toyota Highlander 4WD - found: 18, pass primary filters: 0, did not pass the filter by color: 0, added: 0, new vincodes: 0
05-10-2011 19:32:57 --- INFO: Subaru Forester - found: 57, pass primary filters: 8, did not pass the filter by color: 0, added: 8, new vincodes: 0
05-10-2011 19:33:46 --- INFO: Nissan Rogue - found: 50, pass primary filters: 0, did not pass the filter by color: 0, added: 0, new vincodes: 0
05-10-2011 19:34:03 --- INFO: Toyota Highlander - found: 18, pass primary filters: 5, did not pass the filter by color: 5, added: 0, new vincodes: 0
05-10-2011 19:34:18 --- INFO: Acura MDX - found: 17, pass primary filters: 0, did not pass the filter by color: 0, added: 0, new vincodes: 0
05-10-2011 19:34:18 --- INFO: finish: 05-10-2011 19:34:18
05-10-2011 19:34:18 --- INFO: elapsed time: ~1456.81 sec., memory usage: ~2.77 Mb.
05-10-2011 23:05:01 --- INFO: start: 05-10-2011 23:05:01
05-10-2011 23:05:01 --- INFO: ----------Source_Openlane (cli)
05-10-2011 23:05:04 --- ERROR: Unauthorized request
05-10-2011 23:05:04 --- INFO: finish: 05-10-2011 23:05:04
05-10-2011 23:05:04 --- INFO: elapsed time: ~3.14 sec., memory usage: ~1.31 Mb.
05-10-2011 23:10:01 --- INFO: start: 05-10-2011 23:10:01
05-10-2011 23:10:01 --- INFO: ----------Source_Ebay (cli)
05-10-2011 23:11:34 --- INFO: Lexus RX 300 - found: 142, pass primary filters: 15, did not pass the filter by color: 7, added: 8, new vincodes: 0
05-10-2011 23:13:50 --- INFO: Lexus RX 330 - found: 70, pass primary filters: 16, did not pass the filter by color: 8, added: 8, new vincodes: 0
05-10-2011 23:15:34 --- INFO: Lexus RX 400H - found: 53, pass primary filters: 0, did not pass the filter by color: 0, added: 0, new vincodes: 0
05-10-2011 23:16:04 --- INFO: Lexus GX 470 - found: 29, pass primary filters: 8, did not pass the filter by color: 6, added: 2, new vincodes: 0
05-10-2011 23:16:54 --- INFO: Lexus GX 470 - found: 25, pass primary filters: 10, did not pass the filter by color: 8, added: 2, new vincodes: 0
05-10-2011 23:17:14 --- INFO: Lexus LX 470 - found: 8, pass primary filters: 4, did not pass the filter by color: 4, added: 0, new vincodes: 0
05-10-2011 23:17:32 --- INFO: Lexus LX 470 - found: 11, pass primary filters: 6, did not pass the filter by color: 6, added: 0, new vincodes: 0
05-10-2011 23:17:51 --- INFO: Toyota Land Cruiser - found: 8, pass primary filters: 7, did not pass the filter by color: 7, added: 0, new vincodes: 0
05-10-2011 23:18:19 --- INFO: Honda CR-V - found: 14, pass primary filters: 0, did not pass the filter by color: 0, added: 0, new vincodes: 0
05-10-2011 23:22:27 --- INFO: Honda CR-V - found: 69, pass primary filters: 0, did not pass the filter by color: 0, added: 0, new vincodes: 0
05-10-2011 23:22:32 --- INFO: Mitsubishi Montero 4WD Limited - found: 3, pass primary filters: 0, did not pass the filter by color: 0, added: 0, new vincodes: 0
05-10-2011 23:24:18 --- INFO: Toyota 4RUNNER 4WD Limited - found: 55, pass primary filters: 32, did not pass the filter by color: 19, added: 13, new vincodes: 1
05-10-2011 23:24:34 --- INFO: Toyota RAV 4 - found: 14, pass primary filters: 8, did not pass the filter by color: 5, added: 3, new vincodes: 1
05-10-2011 23:24:54 --- INFO: Toyota Highlander 4WD - found: 18, pass primary filters: 0, did not pass the filter by color: 0, added: 0, new vincodes: 0
05-10-2011 23:27:04 --- INFO: Subaru Forester - found: 57, pass primary filters: 8, did not pass the filter by color: 0, added: 8, new vincodes: 0
05-10-2011 23:28:22 --- INFO: Nissan Rogue - found: 50, pass primary filters: 0, did not pass the filter by color: 0, added: 0, new vincodes: 0
05-10-2011 23:29:00 --- INFO: Toyota Highlander - found: 18, pass primary filters: 5, did not pass the filter by color: 5, added: 0, new vincodes: 0
05-10-2011 23:29:33 --- INFO: Acura MDX - found: 17, pass primary filters: 0, did not pass the filter by color: 0, added: 0, new vincodes: 0
05-10-2011 23:29:33 --- INFO: finish: 05-10-2011 23:29:33
05-10-2011 23:29:33 --- INFO: elapsed time: ~1171.62 sec., memory usage: ~2.9 Mb.