
06-10-2011 03:05:01 --- INFO: start: 06-10-2011 03:05:01
06-10-2011 03:05:01 --- INFO: ----------Source_Openlane (cli)
06-10-2011 03:05:04 --- ERROR: Unauthorized request
06-10-2011 03:05:04 --- INFO: finish: 06-10-2011 03:05:04
06-10-2011 03:05:04 --- INFO: elapsed time: ~3.14 sec., memory usage: ~1.31 Mb.
06-10-2011 03:10:01 --- INFO: start: 06-10-2011 03:10:01
06-10-2011 03:10:01 --- INFO: ----------Source_Ebay (cli)
06-10-2011 03:11:03 --- INFO: Lexus RX 300 - found: 30, pass primary filters: 5, did not pass the filter by color: 2, added: 3, new vincodes: 0
06-10-2011 03:13:55 --- INFO: Lexus RX 330 - found: 70, pass primary filters: 16, did not pass the filter by color: 10, added: 6, new vincodes: 0
06-10-2011 03:15:36 --- INFO: Lexus RX 400H - found: 53, pass primary filters: 0, did not pass the filter by color: 0, added: 0, new vincodes: 0
06-10-2011 03:16:12 --- INFO: Lexus GX 470 - found: 29, pass primary filters: 8, did not pass the filter by color: 6, added: 2, new vincodes: 0
06-10-2011 03:16:49 --- INFO: Lexus GX 470 - found: 25, pass primary filters: 10, did not pass the filter by color: 8, added: 2, new vincodes: 0
06-10-2011 03:17:05 --- INFO: Lexus LX 470 - found: 8, pass primary filters: 4, did not pass the filter by color: 4, added: 0, new vincodes: 0
06-10-2011 03:17:20 --- INFO: Lexus LX 470 - found: 11, pass primary filters: 6, did not pass the filter by color: 6, added: 0, new vincodes: 0
06-10-2011 03:17:35 --- INFO: Toyota Land Cruiser - found: 8, pass primary filters: 7, did not pass the filter by color: 7, added: 0, new vincodes: 0
06-10-2011 03:17:59 --- INFO: Honda CR-V - found: 14, pass primary filters: 0, did not pass the filter by color: 0, added: 0, new vincodes: 0
06-10-2011 03:21:57 --- INFO: Honda CR-V - found: 69, pass primary filters: 0, did not pass the filter by color: 0, added: 0, new vincodes: 0
06-10-2011 03:22:03 --- INFO: Mitsubishi Montero 4WD Limited - found: 3, pass primary filters: 0, did not pass the filter by color: 0, added: 0, new vincodes: 0
06-10-2011 03:25:50 --- INFO: Toyota 4RUNNER 4WD Limited - found: 58, pass primary filters: 32, did not pass the filter by color: 18, added: 14, new vincodes: 0
06-10-2011 03:26:16 --- INFO: Toyota RAV 4 - found: 14, pass primary filters: 8, did not pass the filter by color: 5, added: 3, new vincodes: 0
06-10-2011 03:26:56 --- INFO: Toyota Highlander 4WD - found: 19, pass primary filters: 0, did not pass the filter by color: 0, added: 0, new vincodes: 0
06-10-2011 03:30:32 --- INFO: Subaru Forester - found: 57, pass primary filters: 8, did not pass the filter by color: 0, added: 8, new vincodes: 0
06-10-2011 03:33:08 --- INFO: Nissan Rogue - found: 51, pass primary filters: 0, did not pass the filter by color: 0, added: 0, new vincodes: 0
06-10-2011 03:33:28 --- INFO: Toyota Highlander - found: 19, pass primary filters: 5, did not pass the filter by color: 5, added: 0, new vincodes: 0
06-10-2011 03:33:45 --- INFO: Acura MDX - found: 17, pass primary filters: 0, did not pass the filter by color: 0, added: 0, new vincodes: 0
06-10-2011 03:33:45 --- INFO: finish: 06-10-2011 03:33:45
06-10-2011 03:33:45 --- INFO: elapsed time: ~1423.96 sec., memory usage: ~2.79 Mb.
06-10-2011 06:10:01 --- INFO: start: 06-10-2011 06:10:01
06-10-2011 06:10:01 --- INFO: ----------Source_Adesa (cli)
06-10-2011 06:10:03 --- INFO: Authorized request
06-10-2011 06:10:06 --- INFO: Lexus RX 300 - found: 8, pass primary filters: 4, did not pass the filter by color: 1, added: 3, new vincodes: 0
06-10-2011 06:10:13 --- INFO: Lexus RX 330 - found: 11, pass primary filters: 5, did not pass the filter by color: 3, added: 2, new vincodes: 0
06-10-2011 06:10:14 --- INFO: Lexus RX 400H - found: 2, pass primary filters: 1, did not pass the filter by color: 0, added: 1, new vincodes: 0
06-10-2011 06:10:20 --- INFO: Lexus GX 470 - found: 6, pass primary filters: 5, did not pass the filter by color: 4, added: 1, new vincodes: 0
06-10-2011 06:10:23 --- INFO: Lexus GX 470 - found: 3, pass primary filters: 2, did not pass the filter by color: 2, added: 0, new vincodes: 0
06-10-2011 06:10:23 --- INFO: Lexus LX 470 - found: 0, pass primary filters: 0, did not pass the filter by color: 0, added: 0, new vincodes: 0
06-10-2011 06:10:26 --- INFO: Lexus LX 470 - found: 4, pass primary filters: 3, did not pass the filter by color: 3, added: 0, new vincodes: 0
06-10-2011 06:10:27 --- INFO: Toyota Land Cruiser - found: 2, pass primary filters: 1, did not pass the filter by color: 1, added: 0, new vincodes: 1
06-10-2011 06:10:28 --- INFO: Honda CR-V - found: 17, pass primary filters: 1, did not pass the filter by color: 0, added: 1, new vincodes: 0
06-10-2011 06:10:29 --- INFO: Honda CR-V - found: 2, pass primary filters: 0, did not pass the filter by color: 0, added: 0, new vincodes: 0
06-10-2011 06:10:32 --- INFO: Mitsubishi Montero 4WD Limited - found: 21, pass primary filters: 5, did not pass the filter by color: 5, added: 0, new vincodes: 0
06-10-2011 06:10:37 --- INFO: Toyota 4RUNNER 4WD Limited - found: 25, pass primary filters: 7, did not pass the filter by color: 6, added: 1, new vincodes: 0
06-10-2011 06:10:45 --- INFO: Toyota RAV 4 - found: 11, pass primary filters: 6, did not pass the filter by color: 6, added: 0, new vincodes: 1
06-10-2011 06:10:46 --- INFO: Toyota Highlander 4WD - found: 26, pass primary filters: 0, did not pass the filter by color: 0, added: 0, new vincodes: 0
06-10-2011 06:10:50 --- INFO: Subaru Forester - found: 3, pass primary filters: 2, did not pass the filter by color: 0, added: 2, new vincodes: 1
06-10-2011 06:10:51 --- INFO: Nissan Rogue - found: 5, pass primary filters: 1, did not pass the filter by color: 0, added: 1, new vincodes: 0
06-10-2011 06:10:58 --- INFO: Toyota Highlander - found: 26, pass primary filters: 10, did not pass the filter by color: 10, added: 0, new vincodes: 0
06-10-2011 06:10:58 --- INFO: Acura MDX - found: 10, pass primary filters: 0, did not pass the filter by color: 0, added: 0, new vincodes: 0
06-10-2011 06:10:58 --- INFO: finish: 06-10-2011 06:10:58
06-10-2011 06:10:58 --- INFO: elapsed time: ~56.84 sec., memory usage: ~2.38 Mb.
06-10-2011 06:10:01 --- INFO: start: 06-10-2011 06:10:01
06-10-2011 06:10:01 --- INFO: ----------Source_Gsmotors (cli)
06-10-2011 06:11:43 --- INFO: Lexus RX 300 - found: 67, pass primary filters: 19, did not pass the filter by color: 7, added: 12, new vincodes: 1
06-10-2011 06:15:36 --- INFO: Lexus RX 330 - found: 156, pass primary filters: 40, did not pass the filter by color: 12, added: 28, new vincodes: 1
06-10-2011 06:16:30 --- INFO: Lexus RX 400H - found: 38, pass primary filters: 7, did not pass the filter by color: 3, added: 4, new vincodes: 0
06-10-2011 06:18:22 --- INFO: Lexus GX 470 - found: 70, pass primary filters: 40, did not pass the filter by color: 31, added: 9, new vincodes: 3
06-10-2011 06:20:16 --- INFO: Lexus GX 470 - found: 75, pass primary filters: 45, did not pass the filter by color: 38, added: 7, new vincodes: 1
06-10-2011 06:20:30 --- INFO: Lexus LX 470 - found: 9, pass primary filters: 5, did not pass the filter by color: 4, added: 1, new vincodes: 0
06-10-2011 06:20:59 --- INFO: Lexus LX 470 - found: 16, pass primary filters: 11, did not pass the filter by color: 10, added: 1, new vincodes: 1
06-10-2011 06:21:16 --- INFO: Toyota Land Cruiser - found: 12, pass primary filters: 6, did not pass the filter by color: 6, added: 0, new vincodes: 0
06-10-2011 06:22:18 --- INFO: Honda CR-V - found: 46, pass primary filters: 4, did not pass the filter by color: 0, added: 4, new vincodes: 0
06-10-2011 06:26:38 --- INFO: Honda CR-V - found: 166, pass primary filters: 6, did not pass the filter by color: 0, added: 6, new vincodes: 1
06-10-2011 06:27:43 --- INFO: Mitsubishi Montero 4WD Limited - found: 52, pass primary filters: 15, did not pass the filter by color: 15, added: 0, new vincodes: 0
06-10-2011 06:31:45 --- INFO: Toyota 4RUNNER 4WD Limited - found: 165, pass primary filters: 44, did not pass the filter by color: 25, added: 19, new vincodes: 1
06-10-2011 06:33:24 --- INFO: Toyota RAV 4 - found: 69, pass primary filters: 24, did not pass the filter by color: 14, added: 10, new vincodes: 0
06-10-2011 06:35:01 --- INFO: Toyota Highlander 4WD - found: 74, pass primary filters: 0, did not pass the filter by color: 0, added: 0, new vincodes: 0
06-10-2011 06:38:33 --- INFO: Subaru Forester - found: 109, pass primary filters: 21, did not pass the filter by color: 0, added: 21, new vincodes: 0
06-10-2011 06:45:16 --- INFO: Nissan Rogue - found: 204, pass primary filters: 10, did not pass the filter by color: 0, added: 10, new vincodes: 1
06-10-2011 06:46:04 --- INFO: Toyota Highlander - found: 74, pass primary filters: 29, did not pass the filter by color: 21, added: 8, new vincodes: 2
06-10-2011 06:47:46 --- INFO: Acura MDX - found: 79, pass primary filters: 1, did not pass the filter by color: 0, added: 1, new vincodes: 0
06-10-2011 06:47:46 --- INFO: finish: 06-10-2011 06:47:46
06-10-2011 06:47:46 --- INFO: elapsed time: ~2264.45 sec., memory usage: ~4.41 Mb.
06-10-2011 07:05:01 --- INFO: start: 06-10-2011 07:05:01
06-10-2011 07:05:01 --- INFO: ----------Source_Openlane (cli)
06-10-2011 07:05:04 --- ERROR: Unauthorized request
06-10-2011 07:05:04 --- INFO: finish: 06-10-2011 07:05:04
06-10-2011 07:05:04 --- INFO: elapsed time: ~3.35 sec., memory usage: ~1.31 Mb.
06-10-2011 07:10:01 --- INFO: start: 06-10-2011 07:10:01
06-10-2011 07:10:01 --- INFO: ----------Source_Ebay (cli)
06-10-2011 07:10:33 --- INFO: Lexus RX 300 - found: 30, pass primary filters: 5, did not pass the filter by color: 2, added: 3, new vincodes: 0
06-10-2011 07:12:54 --- INFO: Lexus RX 330 - found: 70, pass primary filters: 16, did not pass the filter by color: 10, added: 6, new vincodes: 0
06-10-2011 07:14:41 --- INFO: Lexus RX 400H - found: 53, pass primary filters: 0, did not pass the filter by color: 0, added: 0, new vincodes: 0
06-10-2011 07:15:09 --- INFO: Lexus GX 470 - found: 29, pass primary filters: 8, did not pass the filter by color: 6, added: 2, new vincodes: 0
06-10-2011 07:15:37 --- INFO: Lexus GX 470 - found: 25, pass primary filters: 10, did not pass the filter by color: 8, added: 2, new vincodes: 0
06-10-2011 07:15:49 --- INFO: Lexus LX 470 - found: 8, pass primary filters: 4, did not pass the filter by color: 4, added: 0, new vincodes: 0
06-10-2011 07:16:02 --- INFO: Lexus LX 470 - found: 11, pass primary filters: 6, did not pass the filter by color: 6, added: 0, new vincodes: 0
06-10-2011 07:16:20 --- INFO: Toyota Land Cruiser - found: 8, pass primary filters: 7, did not pass the filter by color: 7, added: 0, new vincodes: 0
06-10-2011 07:16:48 --- INFO: Honda CR-V - found: 14, pass primary filters: 0, did not pass the filter by color: 0, added: 0, new vincodes: 0
06-10-2011 07:21:10 --- INFO: Honda CR-V - found: 68, pass primary filters: 0, did not pass the filter by color: 0, added: 0, new vincodes: 0
06-10-2011 07:21:20 --- INFO: Mitsubishi Montero 4WD Limited - found: 3, pass primary filters: 0, did not pass the filter by color: 0, added: 0, new vincodes: 0
06-10-2011 07:24:34 --- INFO: Toyota 4RUNNER 4WD Limited - found: 58, pass primary filters: 32, did not pass the filter by color: 18, added: 14, new vincodes: 0
06-10-2011 07:24:51 --- INFO: Toyota RAV 4 - found: 14, pass primary filters: 8, did not pass the filter by color: 5, added: 3, new vincodes: 0
06-10-2011 07:25:14 --- INFO: Toyota Highlander 4WD - found: 19, pass primary filters: 0, did not pass the filter by color: 0, added: 0, new vincodes: 0
06-10-2011 07:27:13 --- INFO: Subaru Forester - found: 57, pass primary filters: 8, did not pass the filter by color: 0, added: 8, new vincodes: 0
06-10-2011 07:29:45 --- INFO: Nissan Rogue - found: 51, pass primary filters: 0, did not pass the filter by color: 0, added: 0, new vincodes: 0
06-10-2011 07:30:15 --- INFO: Toyota Highlander - found: 19, pass primary filters: 5, did not pass the filter by color: 5, added: 0, new vincodes: 0
06-10-2011 07:30:32 --- INFO: Acura MDX - found: 17, pass primary filters: 0, did not pass the filter by color: 0, added: 0, new vincodes: 0
06-10-2011 07:30:32 --- INFO: finish: 06-10-2011 07:30:32
06-10-2011 07:30:32 --- INFO: elapsed time: ~1231.2 sec., memory usage: ~2.79 Mb.
06-10-2011 08:10:01 --- INFO: start: 06-10-2011 08:10:01
06-10-2011 08:10:01 --- INFO: ----------Source_Adesa (cli)
06-10-2011 08:10:02 --- INFO: Authorized request
06-10-2011 08:10:08 --- INFO: Lexus RX 300 - found: 8, pass primary filters: 4, did not pass the filter by color: 1, added: 3, new vincodes: 0
06-10-2011 08:10:16 --- INFO: Lexus RX 330 - found: 11, pass primary filters: 6, did not pass the filter by color: 3, added: 3, new vincodes: 1
06-10-2011 08:10:17 --- INFO: Lexus RX 400H - found: 2, pass primary filters: 1, did not pass the filter by color: 0, added: 1, new vincodes: 0
06-10-2011 08:10:23 --- INFO: Lexus GX 470 - found: 6, pass primary filters: 5, did not pass the filter by color: 4, added: 1, new vincodes: 0
06-10-2011 08:10:25 --- INFO: Lexus GX 470 - found: 3, pass primary filters: 2, did not pass the filter by color: 2, added: 0, new vincodes: 0
06-10-2011 08:10:26 --- INFO: Lexus LX 470 - found: 0, pass primary filters: 0, did not pass the filter by color: 0, added: 0, new vincodes: 0
06-10-2011 08:10:29 --- INFO: Lexus LX 470 - found: 4, pass primary filters: 3, did not pass the filter by color: 3, added: 0, new vincodes: 0
06-10-2011 08:10:29 --- INFO: Toyota Land Cruiser - found: 1, pass primary filters: 0, did not pass the filter by color: 0, added: 0, new vincodes: 0
06-10-2011 08:10:31 --- INFO: Honda CR-V - found: 17, pass primary filters: 1, did not pass the filter by color: 0, added: 1, new vincodes: 0
06-10-2011 08:10:31 --- INFO: Honda CR-V - found: 3, pass primary filters: 0, did not pass the filter by color: 0, added: 0, new vincodes: 0
06-10-2011 08:10:37 --- INFO: Mitsubishi Montero 4WD Limited - found: 21, pass primary filters: 5, did not pass the filter by color: 5, added: 0, new vincodes: 0
06-10-2011 08:10:44 --- INFO: Toyota 4RUNNER 4WD Limited - found: 26, pass primary filters: 7, did not pass the filter by color: 6, added: 1, new vincodes: 0
06-10-2011 08:10:51 --- INFO: Toyota RAV 4 - found: 11, pass primary filters: 6, did not pass the filter by color: 6, added: 0, new vincodes: 0
06-10-2011 08:10:51 --- INFO: Toyota Highlander 4WD - found: 27, pass primary filters: 0, did not pass the filter by color: 0, added: 0, new vincodes: 0
06-10-2011 08:10:54 --- INFO: Subaru Forester - found: 3, pass primary filters: 2, did not pass the filter by color: 0, added: 2, new vincodes: 0
06-10-2011 08:10:55 --- INFO: Nissan Rogue - found: 5, pass primary filters: 1, did not pass the filter by color: 0, added: 1, new vincodes: 0
06-10-2011 08:11:10 --- INFO: Toyota Highlander - found: 27, pass primary filters: 11, did not pass the filter by color: 11, added: 0, new vincodes: 1
06-10-2011 08:11:10 --- INFO: Acura MDX - found: 11, pass primary filters: 0, did not pass the filter by color: 0, added: 0, new vincodes: 0
06-10-2011 08:11:10 --- INFO: finish: 06-10-2011 08:11:10
06-10-2011 08:11:10 --- INFO: elapsed time: ~69.54 sec., memory usage: ~2.39 Mb.
06-10-2011 08:10:01 --- INFO: start: 06-10-2011 08:10:01
06-10-2011 08:10:01 --- INFO: ----------Source_Gsmotors (cli)
06-10-2011 08:10:41 --- INFO: Lexus RX 300 - found: 67, pass primary filters: 19, did not pass the filter by color: 7, added: 12, new vincodes: 0
06-10-2011 08:12:33 --- INFO: Lexus RX 330 - found: 156, pass primary filters: 40, did not pass the filter by color: 12, added: 28, new vincodes: 0
06-10-2011 08:13:06 --- INFO: Lexus RX 400H - found: 38, pass primary filters: 7, did not pass the filter by color: 3, added: 4, new vincodes: 0
06-10-2011 08:14:04 --- INFO: Lexus GX 470 - found: 70, pass primary filters: 40, did not pass the filter by color: 31, added: 9, new vincodes: 0
06-10-2011 08:15:05 --- INFO: Lexus GX 470 - found: 75, pass primary filters: 45, did not pass the filter by color: 38, added: 7, new vincodes: 0
06-10-2011 08:15:13 --- INFO: Lexus LX 470 - found: 9, pass primary filters: 5, did not pass the filter by color: 4, added: 1, new vincodes: 0
06-10-2011 08:15:26 --- INFO: Lexus LX 470 - found: 16, pass primary filters: 11, did not pass the filter by color: 10, added: 1, new vincodes: 0
06-10-2011 08:15:37 --- INFO: Toyota Land Cruiser - found: 12, pass primary filters: 6, did not pass the filter by color: 6, added: 0, new vincodes: 0
06-10-2011 08:16:08 --- INFO: Honda CR-V - found: 46, pass primary filters: 4, did not pass the filter by color: 0, added: 4, new vincodes: 0
06-10-2011 08:18:05 --- INFO: Honda CR-V - found: 166, pass primary filters: 6, did not pass the filter by color: 0, added: 6, new vincodes: 0
06-10-2011 08:18:46 --- INFO: Mitsubishi Montero 4WD Limited - found: 52, pass primary filters: 15, did not pass the filter by color: 15, added: 0, new vincodes: 0
06-10-2011 08:20:31 --- INFO: Toyota 4RUNNER 4WD Limited - found: 165, pass primary filters: 44, did not pass the filter by color: 25, added: 19, new vincodes: 0
06-10-2011 08:21:10 --- INFO: Toyota RAV 4 - found: 69, pass primary filters: 24, did not pass the filter by color: 14, added: 10, new vincodes: 0
06-10-2011 08:21:55 --- INFO: Toyota Highlander 4WD - found: 74, pass primary filters: 0, did not pass the filter by color: 0, added: 0, new vincodes: 0
06-10-2011 08:23:25 --- INFO: Subaru Forester - found: 109, pass primary filters: 21, did not pass the filter by color: 0, added: 21, new vincodes: 0
06-10-2011 08:25:37 --- INFO: Nissan Rogue - found: 204, pass primary filters: 10, did not pass the filter by color: 0, added: 10, new vincodes: 0
06-10-2011 08:26:19 --- INFO: Toyota Highlander - found: 74, pass primary filters: 29, did not pass the filter by color: 21, added: 8, new vincodes: 0
06-10-2011 08:27:04 --- INFO: Acura MDX - found: 79, pass primary filters: 1, did not pass the filter by color: 0, added: 1, new vincodes: 0
06-10-2011 08:27:04 --- INFO: finish: 06-10-2011 08:27:04
06-10-2011 08:27:04 --- INFO: elapsed time: ~1023.15 sec., memory usage: ~4.31 Mb.
06-10-2011 09:10:01 --- INFO: start: 06-10-2011 09:10:01
06-10-2011 09:10:01 --- INFO: ----------Source_Adesa (cli)
06-10-2011 09:10:02 --- INFO: Authorized request
06-10-2011 09:10:05 --- INFO: Lexus RX 300 - found: 9, pass primary filters: 4, did not pass the filter by color: 1, added: 3, new vincodes: 0
06-10-2011 09:10:10 --- INFO: Lexus RX 330 - found: 11, pass primary filters: 6, did not pass the filter by color: 3, added: 3, new vincodes: 0
06-10-2011 09:10:12 --- INFO: Lexus RX 400H - found: 2, pass primary filters: 1, did not pass the filter by color: 0, added: 1, new vincodes: 0
06-10-2011 09:10:21 --- INFO: Lexus GX 470 - found: 6, pass primary filters: 5, did not pass the filter by color: 4, added: 1, new vincodes: 0
06-10-2011 09:10:24 --- INFO: Lexus GX 470 - found: 4, pass primary filters: 3, did not pass the filter by color: 3, added: 0, new vincodes: 0
06-10-2011 09:10:24 --- INFO: Lexus LX 470 - found: 0, pass primary filters: 0, did not pass the filter by color: 0, added: 0, new vincodes: 0
06-10-2011 09:10:31 --- INFO: Lexus LX 470 - found: 4, pass primary filters: 3, did not pass the filter by color: 3, added: 0, new vincodes: 0
06-10-2011 09:10:31 --- INFO: Toyota Land Cruiser - found: 1, pass primary filters: 0, did not pass the filter by color: 0, added: 0, new vincodes: 0
06-10-2011 09:10:32 --- INFO: Honda CR-V - found: 17, pass primary filters: 1, did not pass the filter by color: 0, added: 1, new vincodes: 0
06-10-2011 09:10:32 --- INFO: Honda CR-V - found: 3, pass primary filters: 0, did not pass the filter by color: 0, added: 0, new vincodes: 0
06-10-2011 09:10:36 --- INFO: Mitsubishi Montero 4WD Limited - found: 21, pass primary filters: 5, did not pass the filter by color: 5, added: 0, new vincodes: 0
06-10-2011 09:10:53 --- INFO: Toyota 4RUNNER 4WD Limited - found: 28, pass primary filters: 9, did not pass the filter by color: 8, added: 1, new vincodes: 1
06-10-2011 09:11:03 --- INFO: Toyota RAV 4 - found: 11, pass primary filters: 7, did not pass the filter by color: 7, added: 0, new vincodes: 1
06-10-2011 09:11:04 --- INFO: Toyota Highlander 4WD - found: 27, pass primary filters: 0, did not pass the filter by color: 0, added: 0, new vincodes: 0
06-10-2011 09:11:10 --- INFO: Subaru Forester - found: 4, pass primary filters: 2, did not pass the filter by color: 0, added: 2, new vincodes: 0
06-10-2011 09:11:11 --- INFO: Nissan Rogue - found: 5, pass primary filters: 1, did not pass the filter by color: 0, added: 1, new vincodes: 0
06-10-2011 09:11:22 --- INFO: Toyota Highlander - found: 27, pass primary filters: 11, did not pass the filter by color: 11, added: 0, new vincodes: 0
06-10-2011 09:11:23 --- INFO: Acura MDX - found: 11, pass primary filters: 0, did not pass the filter by color: 0, added: 0, new vincodes: 0
06-10-2011 09:11:23 --- INFO: finish: 06-10-2011 09:11:23
06-10-2011 09:11:23 --- INFO: elapsed time: ~81.71 sec., memory usage: ~2.41 Mb.
06-10-2011 09:10:01 --- INFO: start: 06-10-2011 09:10:01
06-10-2011 09:10:01 --- INFO: ----------Source_Gsmotors (cli)
06-10-2011 09:10:48 --- INFO: Lexus RX 300 - found: 67, pass primary filters: 19, did not pass the filter by color: 7, added: 12, new vincodes: 0
06-10-2011 09:12:22 --- INFO: Lexus RX 330 - found: 156, pass primary filters: 40, did not pass the filter by color: 12, added: 28, new vincodes: 0
06-10-2011 09:12:53 --- INFO: Lexus RX 400H - found: 38, pass primary filters: 7, did not pass the filter by color: 3, added: 4, new vincodes: 0
06-10-2011 09:13:50 --- INFO: Lexus GX 470 - found: 70, pass primary filters: 40, did not pass the filter by color: 31, added: 9, new vincodes: 0
06-10-2011 09:14:38 --- INFO: Lexus GX 470 - found: 75, pass primary filters: 45, did not pass the filter by color: 38, added: 7, new vincodes: 0
06-10-2011 09:14:45 --- INFO: Lexus LX 470 - found: 9, pass primary filters: 5, did not pass the filter by color: 4, added: 1, new vincodes: 0
06-10-2011 09:15:01 --- INFO: Lexus LX 470 - found: 16, pass primary filters: 11, did not pass the filter by color: 10, added: 1, new vincodes: 0
06-10-2011 09:15:09 --- INFO: Toyota Land Cruiser - found: 12, pass primary filters: 6, did not pass the filter by color: 6, added: 0, new vincodes: 0
06-10-2011 09:15:39 --- INFO: Honda CR-V - found: 46, pass primary filters: 4, did not pass the filter by color: 0, added: 4, new vincodes: 0
06-10-2011 09:17:40 --- INFO: Honda CR-V - found: 166, pass primary filters: 6, did not pass the filter by color: 0, added: 6, new vincodes: 0
06-10-2011 09:18:34 --- INFO: Mitsubishi Montero 4WD Limited - found: 52, pass primary filters: 15, did not pass the filter by color: 15, added: 0, new vincodes: 0
06-10-2011 09:20:34 --- INFO: Toyota 4RUNNER 4WD Limited - found: 165, pass primary filters: 44, did not pass the filter by color: 25, added: 19, new vincodes: 0
06-10-2011 09:21:24 --- INFO: Toyota RAV 4 - found: 69, pass primary filters: 24, did not pass the filter by color: 14, added: 10, new vincodes: 0
06-10-2011 09:22:20 --- INFO: Toyota Highlander 4WD - found: 74, pass primary filters: 0, did not pass the filter by color: 0, added: 0, new vincodes: 0
06-10-2011 09:23:44 --- INFO: Subaru Forester - found: 109, pass primary filters: 21, did not pass the filter by color: 0, added: 21, new vincodes: 0
06-10-2011 09:26:26 --- INFO: Nissan Rogue - found: 204, pass primary filters: 10, did not pass the filter by color: 0, added: 10, new vincodes: 0
06-10-2011 09:27:22 --- INFO: Toyota Highlander - found: 74, pass primary filters: 29, did not pass the filter by color: 21, added: 8, new vincodes: 0
06-10-2011 09:28:32 --- INFO: Acura MDX - found: 79, pass primary filters: 1, did not pass the filter by color: 0, added: 1, new vincodes: 0
06-10-2011 09:28:32 --- INFO: finish: 06-10-2011 09:28:32
06-10-2011 09:28:32 --- INFO: elapsed time: ~1110.83 sec., memory usage: ~4.31 Mb.
06-10-2011 10:00:01 --- INFO: start: 06-10-2011 10:00:01
06-10-2011 10:00:01 --- INFO: ----------Source_Adesa (cli)
06-10-2011 10:00:01 --- INFO: Authorized request
06-10-2011 10:00:06 --- INFO: Lexus RX 300 - found: 9, pass primary filters: 4, did not pass the filter by color: 1, added: 3, new vincodes: 0
06-10-2011 10:00:12 --- INFO: Lexus RX 330 - found: 12, pass primary filters: 6, did not pass the filter by color: 3, added: 3, new vincodes: 0
06-10-2011 10:00:13 --- INFO: Lexus RX 400H - found: 2, pass primary filters: 1, did not pass the filter by color: 0, added: 1, new vincodes: 0
06-10-2011 10:00:21 --- INFO: Lexus GX 470 - found: 6, pass primary filters: 5, did not pass the filter by color: 4, added: 1, new vincodes: 0
06-10-2011 10:00:25 --- INFO: Lexus GX 470 - found: 4, pass primary filters: 3, did not pass the filter by color: 3, added: 0, new vincodes: 0
06-10-2011 10:00:26 --- INFO: Lexus LX 470 - found: 0, pass primary filters: 0, did not pass the filter by color: 0, added: 0, new vincodes: 0
06-10-2011 10:00:30 --- INFO: Lexus LX 470 - found: 4, pass primary filters: 3, did not pass the filter by color: 3, added: 0, new vincodes: 0
06-10-2011 10:00:30 --- INFO: Toyota Land Cruiser - found: 1, pass primary filters: 0, did not pass the filter by color: 0, added: 0, new vincodes: 0
06-10-2011 10:00:33 --- INFO: Honda CR-V - found: 17, pass primary filters: 1, did not pass the filter by color: 0, added: 1, new vincodes: 0
06-10-2011 10:00:34 --- INFO: Honda CR-V - found: 3, pass primary filters: 0, did not pass the filter by color: 0, added: 0, new vincodes: 0
06-10-2011 10:00:40 --- INFO: Mitsubishi Montero 4WD Limited - found: 21, pass primary filters: 5, did not pass the filter by color: 5, added: 0, new vincodes: 0
06-10-2011 10:00:50 --- INFO: Toyota 4RUNNER 4WD Limited - found: 27, pass primary filters: 9, did not pass the filter by color: 8, added: 1, new vincodes: 1
06-10-2011 10:01:00 --- INFO: Toyota RAV 4 - found: 11, pass primary filters: 7, did not pass the filter by color: 7, added: 0, new vincodes: 0
06-10-2011 10:01:01 --- INFO: Toyota Highlander 4WD - found: 27, pass primary filters: 0, did not pass the filter by color: 0, added: 0, new vincodes: 0
06-10-2011 10:01:05 --- INFO: Subaru Forester - found: 4, pass primary filters: 2, did not pass the filter by color: 0, added: 2, new vincodes: 0
06-10-2011 10:01:07 --- INFO: Nissan Rogue - found: 5, pass primary filters: 1, did not pass the filter by color: 0, added: 1, new vincodes: 0
06-10-2011 10:01:20 --- INFO: Toyota Highlander - found: 27, pass primary filters: 10, did not pass the filter by color: 10, added: 0, new vincodes: 0
06-10-2011 10:01:20 --- INFO: Acura MDX - found: 10, pass primary filters: 0, did not pass the filter by color: 0, added: 0, new vincodes: 0
06-10-2011 10:01:20 --- INFO: finish: 06-10-2011 10:01:20
06-10-2011 10:01:20 --- INFO: elapsed time: ~79.29 sec., memory usage: ~2.4 Mb.
06-10-2011 10:00:01 --- INFO: start: 06-10-2011 10:00:01
06-10-2011 10:00:01 --- INFO: ----------Source_Gsmotors (cli)
06-10-2011 10:00:55 --- INFO: Lexus RX 300 - found: 67, pass primary filters: 19, did not pass the filter by color: 7, added: 12, new vincodes: 0
06-10-2011 10:02:53 --- INFO: Lexus RX 330 - found: 156, pass primary filters: 40, did not pass the filter by color: 12, added: 28, new vincodes: 0
06-10-2011 10:03:33 --- INFO: Lexus RX 400H - found: 38, pass primary filters: 7, did not pass the filter by color: 3, added: 4, new vincodes: 0
06-10-2011 10:04:16 --- INFO: Lexus GX 470 - found: 70, pass primary filters: 40, did not pass the filter by color: 31, added: 9, new vincodes: 0
06-10-2011 10:05:08 --- INFO: Lexus GX 470 - found: 75, pass primary filters: 45, did not pass the filter by color: 38, added: 7, new vincodes: 0
06-10-2011 10:05:15 --- INFO: Lexus LX 470 - found: 9, pass primary filters: 5, did not pass the filter by color: 4, added: 1, new vincodes: 0
06-10-2011 10:05:27 --- INFO: Lexus LX 470 - found: 16, pass primary filters: 11, did not pass the filter by color: 10, added: 1, new vincodes: 0
06-10-2011 10:05:35 --- INFO: Toyota Land Cruiser - found: 12, pass primary filters: 6, did not pass the filter by color: 6, added: 0, new vincodes: 0
06-10-2011 10:06:07 --- INFO: Honda CR-V - found: 46, pass primary filters: 4, did not pass the filter by color: 0, added: 4, new vincodes: 0
06-10-2011 10:07:44 --- INFO: Honda CR-V - found: 166, pass primary filters: 6, did not pass the filter by color: 0, added: 6, new vincodes: 0
06-10-2011 10:08:23 --- INFO: Mitsubishi Montero 4WD Limited - found: 52, pass primary filters: 15, did not pass the filter by color: 15, added: 0, new vincodes: 0
06-10-2011 10:10:06 --- INFO: Toyota 4RUNNER 4WD Limited - found: 165, pass primary filters: 44, did not pass the filter by color: 25, added: 19, new vincodes: 0
06-10-2011 10:10:53 --- INFO: Toyota RAV 4 - found: 69, pass primary filters: 24, did not pass the filter by color: 14, added: 10, new vincodes: 0
06-10-2011 10:11:40 --- INFO: Toyota Highlander 4WD - found: 74, pass primary filters: 0, did not pass the filter by color: 0, added: 0, new vincodes: 0
06-10-2011 10:12:50 --- INFO: Subaru Forester - found: 109, pass primary filters: 21, did not pass the filter by color: 0, added: 21, new vincodes: 0
06-10-2011 10:15:48 --- INFO: Nissan Rogue - found: 204, pass primary filters: 10, did not pass the filter by color: 0, added: 10, new vincodes: 0
06-10-2011 10:16:55 --- INFO: Toyota Highlander - found: 74, pass primary filters: 29, did not pass the filter by color: 21, added: 8, new vincodes: 0
06-10-2011 10:17:47 --- INFO: Acura MDX - found: 79, pass primary filters: 1, did not pass the filter by color: 0, added: 1, new vincodes: 0
06-10-2011 10:17:47 --- INFO: finish: 06-10-2011 10:17:47
06-10-2011 10:17:47 --- INFO: elapsed time: ~1065.82 sec., memory usage: ~4.31 Mb.
06-10-2011 11:05:01 --- INFO: start: 06-10-2011 11:05:01
06-10-2011 11:05:01 --- INFO: ----------Source_Openlane (cli)
06-10-2011 11:05:05 --- ERROR: Unauthorized request
06-10-2011 11:05:05 --- INFO: finish: 06-10-2011 11:05:05
06-10-2011 11:05:05 --- INFO: elapsed time: ~4.3 sec., memory usage: ~1.31 Mb.
06-10-2011 11:10:01 --- INFO: start: 06-10-2011 11:10:01
06-10-2011 11:10:01 --- INFO: ----------Source_Adesa (cli)
06-10-2011 11:10:03 --- INFO: Authorized request
06-10-2011 11:10:09 --- INFO: Lexus RX 300 - found: 10, pass primary filters: 5, did not pass the filter by color: 2, added: 3, new vincodes: 0
06-10-2011 11:10:15 --- INFO: Lexus RX 330 - found: 13, pass primary filters: 7, did not pass the filter by color: 3, added: 4, new vincodes: 1
06-10-2011 11:10:18 --- INFO: Lexus RX 400H - found: 2, pass primary filters: 1, did not pass the filter by color: 0, added: 1, new vincodes: 0
06-10-2011 11:10:24 --- INFO: Lexus GX 470 - found: 6, pass primary filters: 5, did not pass the filter by color: 4, added: 1, new vincodes: 0
06-10-2011 11:10:29 --- INFO: Lexus GX 470 - found: 4, pass primary filters: 3, did not pass the filter by color: 3, added: 0, new vincodes: 0
06-10-2011 11:10:29 --- INFO: Lexus LX 470 - found: 0, pass primary filters: 0, did not pass the filter by color: 0, added: 0, new vincodes: 0
06-10-2011 11:10:36 --- INFO: Lexus LX 470 - found: 4, pass primary filters: 3, did not pass the filter by color: 3, added: 0, new vincodes: 0
06-10-2011 11:10:36 --- INFO: Toyota Land Cruiser - found: 0, pass primary filters: 0, did not pass the filter by color: 0, added: 0, new vincodes: 0
06-10-2011 11:10:37 --- INFO: Honda CR-V - found: 18, pass primary filters: 1, did not pass the filter by color: 0, added: 1, new vincodes: 0
06-10-2011 11:10:37 --- INFO: Honda CR-V - found: 3, pass primary filters: 0, did not pass the filter by color: 0, added: 0, new vincodes: 0
06-10-2011 11:10:50 --- INFO: Mitsubishi Montero 4WD Limited - found: 22, pass primary filters: 6, did not pass the filter by color: 6, added: 0, new vincodes: 1
06-10-2011 11:10:58 --- INFO: Toyota 4RUNNER 4WD Limited - found: 27, pass primary filters: 9, did not pass the filter by color: 8, added: 1, new vincodes: 0
06-10-2011 11:11:07 --- INFO: Toyota RAV 4 - found: 12, pass primary filters: 7, did not pass the filter by color: 7, added: 0, new vincodes: 0
06-10-2011 11:11:08 --- INFO: Toyota Highlander 4WD - found: 28, pass primary filters: 0, did not pass the filter by color: 0, added: 0, new vincodes: 0
06-10-2011 11:11:12 --- INFO: Subaru Forester - found: 4, pass primary filters: 3, did not pass the filter by color: 0, added: 3, new vincodes: 0
06-10-2011 11:11:13 --- INFO: Nissan Rogue - found: 5, pass primary filters: 1, did not pass the filter by color: 0, added: 1, new vincodes: 0
06-10-2011 11:11:22 --- INFO: Toyota Highlander - found: 28, pass primary filters: 10, did not pass the filter by color: 10, added: 0, new vincodes: 0
06-10-2011 11:11:22 --- INFO: Acura MDX - found: 11, pass primary filters: 0, did not pass the filter by color: 0, added: 0, new vincodes: 0
06-10-2011 11:11:22 --- INFO: finish: 06-10-2011 11:11:22
06-10-2011 11:11:22 --- INFO: elapsed time: ~80.82 sec., memory usage: ~2.46 Mb.
06-10-2011 11:10:01 --- INFO: start: 06-10-2011 11:10:01
06-10-2011 11:10:01 --- INFO: ----------Source_Ebay (cli)
06-10-2011 11:10:36 --- INFO: Lexus RX 300 - found: 30, pass primary filters: 5, did not pass the filter by color: 2, added: 3, new vincodes: 0
06-10-2011 11:13:17 --- INFO: Lexus RX 330 - found: 68, pass primary filters: 16, did not pass the filter by color: 4, added: 12, new vincodes: 0
06-10-2011 11:15:59 --- INFO: Lexus RX 400H - found: 52, pass primary filters: 0, did not pass the filter by color: 0, added: 0, new vincodes: 0
06-10-2011 11:16:44 --- INFO: Lexus GX 470 - found: 28, pass primary filters: 8, did not pass the filter by color: 6, added: 2, new vincodes: 0
06-10-2011 11:17:16 --- INFO: Lexus GX 470 - found: 23, pass primary filters: 9, did not pass the filter by color: 6, added: 3, new vincodes: 0
06-10-2011 11:17:30 --- INFO: Lexus LX 470 - found: 8, pass primary filters: 4, did not pass the filter by color: 4, added: 0, new vincodes: 0
06-10-2011 11:17:49 --- INFO: Lexus LX 470 - found: 11, pass primary filters: 6, did not pass the filter by color: 6, added: 0, new vincodes: 0
06-10-2011 11:18:02 --- INFO: Toyota Land Cruiser - found: 8, pass primary filters: 7, did not pass the filter by color: 7, added: 0, new vincodes: 0
06-10-2011 11:18:25 --- INFO: Honda CR-V - found: 15, pass primary filters: 0, did not pass the filter by color: 0, added: 0, new vincodes: 0
06-10-2011 11:21:50 --- INFO: Honda CR-V - found: 70, pass primary filters: 2, did not pass the filter by color: 0, added: 2, new vincodes: 1
06-10-2011 11:21:55 --- INFO: Mitsubishi Montero 4WD Limited - found: 3, pass primary filters: 0, did not pass the filter by color: 0, added: 0, new vincodes: 0
06-10-2011 11:25:31 --- INFO: Toyota 4RUNNER 4WD Limited - found: 57, pass primary filters: 32, did not pass the filter by color: 18, added: 14, new vincodes: 0
06-10-2011 11:26:07 --- INFO: Toyota RAV 4 - found: 14, pass primary filters: 8, did not pass the filter by color: 5, added: 3, new vincodes: 0
06-10-2011 11:26:44 --- INFO: Toyota Highlander 4WD - found: 20, pass primary filters: 0, did not pass the filter by color: 0, added: 0, new vincodes: 0
06-10-2011 11:29:53 --- INFO: Subaru Forester - found: 57, pass primary filters: 8, did not pass the filter by color: 0, added: 8, new vincodes: 0
06-10-2011 11:31:38 --- INFO: Nissan Rogue - found: 52, pass primary filters: 1, did not pass the filter by color: 0, added: 1, new vincodes: 0
06-10-2011 11:32:19 --- INFO: Toyota Highlander - found: 20, pass primary filters: 6, did not pass the filter by color: 6, added: 0, new vincodes: 1
06-10-2011 11:32:51 --- INFO: Acura MDX - found: 16, pass primary filters: 0, did not pass the filter by color: 0, added: 0, new vincodes: 0
06-10-2011 11:32:51 --- INFO: finish: 06-10-2011 11:32:51
06-10-2011 11:32:51 --- INFO: elapsed time: ~1369.3 sec., memory usage: ~2.85 Mb.
06-10-2011 12:20:01 --- INFO: start: 06-10-2011 12:20:01
06-10-2011 12:20:01 --- INFO: ----------Source_Adesa (cli)
06-10-2011 12:20:03 --- INFO: Authorized request
06-10-2011 12:20:07 --- INFO: Lexus RX 300 - found: 11, pass primary filters: 5, did not pass the filter by color: 2, added: 3, new vincodes: 0
06-10-2011 12:20:10 --- INFO: Lexus RX 330 - found: 13, pass primary filters: 7, did not pass the filter by color: 3, added: 4, new vincodes: 0
06-10-2011 12:20:10 --- INFO: Lexus RX 400H - found: 2, pass primary filters: 1, did not pass the filter by color: 0, added: 1, new vincodes: 0
06-10-2011 12:20:17 --- INFO: Lexus GX 470 - found: 6, pass primary filters: 5, did not pass the filter by color: 4, added: 1, new vincodes: 0
06-10-2011 12:20:21 --- INFO: Lexus GX 470 - found: 4, pass primary filters: 3, did not pass the filter by color: 3, added: 0, new vincodes: 0
06-10-2011 12:20:21 --- INFO: Lexus LX 470 - found: 0, pass primary filters: 0, did not pass the filter by color: 0, added: 0, new vincodes: 0
06-10-2011 12:20:27 --- INFO: Lexus LX 470 - found: 4, pass primary filters: 3, did not pass the filter by color: 3, added: 0, new vincodes: 0
06-10-2011 12:20:27 --- INFO: Toyota Land Cruiser - found: 0, pass primary filters: 0, did not pass the filter by color: 0, added: 0, new vincodes: 0
06-10-2011 12:20:29 --- INFO: Honda CR-V - found: 15, pass primary filters: 2, did not pass the filter by color: 0, added: 2, new vincodes: 0
06-10-2011 12:20:30 --- INFO: Honda CR-V - found: 4, pass primary filters: 0, did not pass the filter by color: 0, added: 0, new vincodes: 0
06-10-2011 12:20:37 --- INFO: Mitsubishi Montero 4WD Limited - found: 20, pass primary filters: 6, did not pass the filter by color: 6, added: 0, new vincodes: 0
06-10-2011 12:20:49 --- INFO: Toyota 4RUNNER 4WD Limited - found: 28, pass primary filters: 10, did not pass the filter by color: 9, added: 1, new vincodes: 1
06-10-2011 12:21:01 --- INFO: Toyota RAV 4 - found: 12, pass primary filters: 7, did not pass the filter by color: 7, added: 0, new vincodes: 0
06-10-2011 12:21:02 --- INFO: Toyota Highlander 4WD - found: 27, pass primary filters: 0, did not pass the filter by color: 0, added: 0, new vincodes: 0
06-10-2011 12:21:05 --- INFO: Subaru Forester - found: 5, pass primary filters: 4, did not pass the filter by color: 0, added: 4, new vincodes: 0
06-10-2011 12:21:07 --- INFO: Nissan Rogue - found: 5, pass primary filters: 1, did not pass the filter by color: 0, added: 1, new vincodes: 0
06-10-2011 12:21:18 --- INFO: Toyota Highlander - found: 27, pass primary filters: 9, did not pass the filter by color: 9, added: 0, new vincodes: 0
06-10-2011 12:21:19 --- INFO: Acura MDX - found: 13, pass primary filters: 0, did not pass the filter by color: 0, added: 0, new vincodes: 0
06-10-2011 12:21:19 --- INFO: finish: 06-10-2011 12:21:19
06-10-2011 12:21:19 --- INFO: elapsed time: ~77.32 sec., memory usage: ~2.44 Mb.
06-10-2011 11:10:01 --- INFO: start: 06-10-2011 11:10:01
06-10-2011 11:10:01 --- INFO: ----------Source_Gsmotors (cli)
06-10-2011 11:13:11 --- INFO: Lexus RX 300 - found: 70, pass primary filters: 21, did not pass the filter by color: 8, added: 13, new vincodes: 3
06-10-2011 11:20:09 --- INFO: Lexus RX 330 - found: 170, pass primary filters: 44, did not pass the filter by color: 13, added: 31, new vincodes: 2
06-10-2011 11:21:49 --- INFO: Lexus RX 400H - found: 42, pass primary filters: 9, did not pass the filter by color: 3, added: 6, new vincodes: 1
06-10-2011 11:25:14 --- INFO: Lexus GX 470 - found: 76, pass primary filters: 41, did not pass the filter by color: 32, added: 9, new vincodes: 0
06-10-2011 11:28:47 --- INFO: Lexus GX 470 - found: 82, pass primary filters: 48, did not pass the filter by color: 41, added: 7, new vincodes: 0
06-10-2011 11:29:20 --- INFO: Lexus LX 470 - found: 11, pass primary filters: 7, did not pass the filter by color: 6, added: 1, new vincodes: 1
06-10-2011 11:30:05 --- INFO: Lexus LX 470 - found: 16, pass primary filters: 11, did not pass the filter by color: 10, added: 1, new vincodes: 0
06-10-2011 11:30:38 --- INFO: Toyota Land Cruiser - found: 12, pass primary filters: 7, did not pass the filter by color: 7, added: 0, new vincodes: 0
06-10-2011 11:32:17 --- INFO: Honda CR-V - found: 45, pass primary filters: 3, did not pass the filter by color: 0, added: 3, new vincodes: 0
06-10-2011 11:40:16 --- INFO: Honda CR-V - found: 180, pass primary filters: 6, did not pass the filter by color: 0, added: 6, new vincodes: 0
06-10-2011 11:42:40 --- INFO: Mitsubishi Montero 4WD Limited - found: 56, pass primary filters: 14, did not pass the filter by color: 14, added: 0, new vincodes: 0
06-10-2011 11:50:39 --- INFO: Toyota 4RUNNER 4WD Limited - found: 181, pass primary filters: 46, did not pass the filter by color: 27, added: 19, new vincodes: 1
06-10-2011 11:53:23 --- INFO: Toyota RAV 4 - found: 60, pass primary filters: 21, did not pass the filter by color: 13, added: 8, new vincodes: 0
06-10-2011 11:56:46 --- INFO: Toyota Highlander 4WD - found: 78, pass primary filters: 0, did not pass the filter by color: 0, added: 0, new vincodes: 0
06-10-2011 12:04:22 --- INFO: Subaru Forester - found: 127, pass primary filters: 23, did not pass the filter by color: 0, added: 23, new vincodes: 0
06-10-2011 12:19:41 --- INFO: Nissan Rogue - found: 221, pass primary filters: 9, did not pass the filter by color: 0, added: 9, new vincodes: 0
06-10-2011 12:21:11 --- INFO: Toyota Highlander - found: 78, pass primary filters: 30, did not pass the filter by color: 21, added: 9, new vincodes: 3
06-10-2011 12:24:50 --- INFO: Acura MDX - found: 70, pass primary filters: 1, did not pass the filter by color: 0, added: 1, new vincodes: 0
06-10-2011 12:24:50 --- INFO: finish: 06-10-2011 12:24:50
06-10-2011 12:24:50 --- INFO: elapsed time: ~4488.8 sec., memory usage: ~4.5 Mb.
06-10-2011 12:20:01 --- INFO: start: 06-10-2011 12:20:01
06-10-2011 12:20:01 --- INFO: ----------Source_Gsmotors (cli)
06-10-2011 12:21:15 --- INFO: Lexus RX 300 - found: 70, pass primary filters: 21, did not pass the filter by color: 8, added: 13, new vincodes: 0
06-10-2011 12:23:49 --- INFO: Lexus RX 330 - found: 170, pass primary filters: 44, did not pass the filter by color: 14, added: 30, new vincodes: 0
06-10-2011 12:24:28 --- INFO: Lexus RX 400H - found: 42, pass primary filters: 9, did not pass the filter by color: 3, added: 6, new vincodes: 0
06-10-2011 12:25:48 --- INFO: Lexus GX 470 - found: 76, pass primary filters: 41, did not pass the filter by color: 32, added: 9, new vincodes: 0
06-10-2011 12:27:12 --- INFO: Lexus GX 470 - found: 82, pass primary filters: 48, did not pass the filter by color: 41, added: 7, new vincodes: 0
06-10-2011 12:27:23 --- INFO: Lexus LX 470 - found: 11, pass primary filters: 7, did not pass the filter by color: 6, added: 1, new vincodes: 0
06-10-2011 12:27:36 --- INFO: Lexus LX 470 - found: 16, pass primary filters: 11, did not pass the filter by color: 10, added: 1, new vincodes: 0
06-10-2011 12:27:48 --- INFO: Toyota Land Cruiser - found: 12, pass primary filters: 7, did not pass the filter by color: 7, added: 0, new vincodes: 0
06-10-2011 12:28:24 --- INFO: Honda CR-V - found: 45, pass primary filters: 3, did not pass the filter by color: 0, added: 3, new vincodes: 0
06-10-2011 12:30:55 --- INFO: Honda CR-V - found: 180, pass primary filters: 6, did not pass the filter by color: 0, added: 6, new vincodes: 0
06-10-2011 12:31:42 --- INFO: Mitsubishi Montero 4WD Limited - found: 56, pass primary filters: 14, did not pass the filter by color: 14, added: 0, new vincodes: 0
06-10-2011 12:34:18 --- INFO: Toyota 4RUNNER 4WD Limited - found: 181, pass primary filters: 46, did not pass the filter by color: 27, added: 19, new vincodes: 0
06-10-2011 12:35:12 --- INFO: Toyota RAV 4 - found: 60, pass primary filters: 21, did not pass the filter by color: 13, added: 8, new vincodes: 0
06-10-2011 12:36:23 --- INFO: Toyota Highlander 4WD - found: 78, pass primary filters: 0, did not pass the filter by color: 0, added: 0, new vincodes: 0
06-10-2011 12:38:25 --- INFO: Subaru Forester - found: 127, pass primary filters: 23, did not pass the filter by color: 0, added: 23, new vincodes: 0
06-10-2011 12:41:25 --- INFO: Nissan Rogue - found: 221, pass primary filters: 9, did not pass the filter by color: 0, added: 9, new vincodes: 0
06-10-2011 12:42:20 --- INFO: Toyota Highlander - found: 78, pass primary filters: 30, did not pass the filter by color: 21, added: 9, new vincodes: 0
06-10-2011 12:43:20 --- INFO: Acura MDX - found: 70, pass primary filters: 1, did not pass the filter by color: 0, added: 1, new vincodes: 0
06-10-2011 12:43:20 --- INFO: finish: 06-10-2011 12:43:20
06-10-2011 12:43:20 --- INFO: elapsed time: ~1398.98 sec., memory usage: ~4.42 Mb.
06-10-2011 13:20:01 --- INFO: start: 06-10-2011 13:20:01
06-10-2011 13:20:01 --- INFO: ----------Source_Adesa (cli)
06-10-2011 13:20:01 --- INFO: Authorized request
06-10-2011 13:20:05 --- INFO: Lexus RX 300 - found: 11, pass primary filters: 5, did not pass the filter by color: 2, added: 3, new vincodes: 0
06-10-2011 13:20:08 --- INFO: Lexus RX 330 - found: 13, pass primary filters: 7, did not pass the filter by color: 3, added: 4, new vincodes: 0
06-10-2011 13:20:09 --- INFO: Lexus RX 400H - found: 2, pass primary filters: 1, did not pass the filter by color: 0, added: 1, new vincodes: 0
06-10-2011 13:20:14 --- INFO: Lexus GX 470 - found: 6, pass primary filters: 5, did not pass the filter by color: 4, added: 1, new vincodes: 0
06-10-2011 13:20:20 --- INFO: Lexus GX 470 - found: 4, pass primary filters: 4, did not pass the filter by color: 4, added: 0, new vincodes: 1
06-10-2011 13:20:21 --- INFO: Lexus LX 470 - found: 0, pass primary filters: 0, did not pass the filter by color: 0, added: 0, new vincodes: 0
06-10-2011 13:20:25 --- INFO: Lexus LX 470 - found: 4, pass primary filters: 3, did not pass the filter by color: 3, added: 0, new vincodes: 0
06-10-2011 13:20:25 --- INFO: Toyota Land Cruiser - found: 0, pass primary filters: 0, did not pass the filter by color: 0, added: 0, new vincodes: 0
06-10-2011 13:20:27 --- INFO: Honda CR-V - found: 15, pass primary filters: 2, did not pass the filter by color: 0, added: 2, new vincodes: 0
06-10-2011 13:20:28 --- INFO: Honda CR-V - found: 4, pass primary filters: 0, did not pass the filter by color: 0, added: 0, new vincodes: 0
06-10-2011 13:20:36 --- INFO: Mitsubishi Montero 4WD Limited - found: 20, pass primary filters: 6, did not pass the filter by color: 6, added: 0, new vincodes: 0
06-10-2011 13:20:48 --- INFO: Toyota 4RUNNER 4WD Limited - found: 28, pass primary filters: 10, did not pass the filter by color: 9, added: 1, new vincodes: 0
06-10-2011 13:20:56 --- INFO: Toyota RAV 4 - found: 12, pass primary filters: 7, did not pass the filter by color: 7, added: 0, new vincodes: 0
06-10-2011 13:20:57 --- INFO: Toyota Highlander 4WD - found: 28, pass primary filters: 0, did not pass the filter by color: 0, added: 0, new vincodes: 0
06-10-2011 13:21:00 --- INFO: Subaru Forester - found: 5, pass primary filters: 4, did not pass the filter by color: 0, added: 4, new vincodes: 0
06-10-2011 13:21:01 --- INFO: Nissan Rogue - found: 5, pass primary filters: 1, did not pass the filter by color: 0, added: 1, new vincodes: 0
06-10-2011 13:21:06 --- INFO: Toyota Highlander - found: 28, pass primary filters: 9, did not pass the filter by color: 9, added: 0, new vincodes: 0
06-10-2011 13:21:06 --- INFO: Acura MDX - found: 13, pass primary filters: 0, did not pass the filter by color: 0, added: 0, new vincodes: 0
06-10-2011 13:21:06 --- INFO: finish: 06-10-2011 13:21:06
06-10-2011 13:21:06 --- INFO: elapsed time: ~65.67 sec., memory usage: ~2.45 Mb.
06-10-2011 13:20:01 --- INFO: start: 06-10-2011 13:20:01
06-10-2011 13:20:01 --- INFO: ----------Source_Gsmotors (cli)
06-10-2011 13:20:46 --- INFO: Lexus RX 300 - found: 70, pass primary filters: 21, did not pass the filter by color: 8, added: 13, new vincodes: 0
06-10-2011 13:22:54 --- INFO: Lexus RX 330 - found: 170, pass primary filters: 44, did not pass the filter by color: 14, added: 30, new vincodes: 0
06-10-2011 13:23:40 --- INFO: Lexus RX 400H - found: 42, pass primary filters: 9, did not pass the filter by color: 3, added: 6, new vincodes: 0
06-10-2011 13:24:33 --- INFO: Lexus GX 470 - found: 76, pass primary filters: 41, did not pass the filter by color: 32, added: 9, new vincodes: 0
06-10-2011 13:25:52 --- INFO: Lexus GX 470 - found: 82, pass primary filters: 48, did not pass the filter by color: 41, added: 7, new vincodes: 0
06-10-2011 13:26:06 --- INFO: Lexus LX 470 - found: 11, pass primary filters: 7, did not pass the filter by color: 6, added: 1, new vincodes: 0
06-10-2011 13:26:22 --- INFO: Lexus LX 470 - found: 16, pass primary filters: 11, did not pass the filter by color: 10, added: 1, new vincodes: 0
06-10-2011 13:26:35 --- INFO: Toyota Land Cruiser - found: 12, pass primary filters: 7, did not pass the filter by color: 7, added: 0, new vincodes: 0
06-10-2011 13:27:02 --- INFO: Honda CR-V - found: 45, pass primary filters: 3, did not pass the filter by color: 0, added: 3, new vincodes: 0
06-10-2011 13:29:06 --- INFO: Honda CR-V - found: 180, pass primary filters: 6, did not pass the filter by color: 0, added: 6, new vincodes: 0
06-10-2011 13:29:47 --- INFO: Mitsubishi Montero 4WD Limited - found: 56, pass primary filters: 14, did not pass the filter by color: 14, added: 0, new vincodes: 0
06-10-2011 13:32:05 --- INFO: Toyota 4RUNNER 4WD Limited - found: 181, pass primary filters: 46, did not pass the filter by color: 27, added: 19, new vincodes: 0
06-10-2011 13:32:52 --- INFO: Toyota RAV 4 - found: 60, pass primary filters: 21, did not pass the filter by color: 13, added: 8, new vincodes: 0
06-10-2011 13:33:57 --- INFO: Toyota Highlander 4WD - found: 78, pass primary filters: 0, did not pass the filter by color: 0, added: 0, new vincodes: 0
06-10-2011 13:35:40 --- INFO: Subaru Forester - found: 127, pass primary filters: 23, did not pass the filter by color: 0, added: 23, new vincodes: 0
06-10-2011 13:39:18 --- INFO: Nissan Rogue - found: 221, pass primary filters: 9, did not pass the filter by color: 0, added: 9, new vincodes: 0
06-10-2011 13:40:23 --- INFO: Toyota Highlander - found: 78, pass primary filters: 30, did not pass the filter by color: 21, added: 9, new vincodes: 0
06-10-2011 13:41:10 --- INFO: Acura MDX - found: 70, pass primary filters: 1, did not pass the filter by color: 0, added: 1, new vincodes: 0
06-10-2011 13:41:10 --- INFO: finish: 06-10-2011 13:41:10
06-10-2011 13:41:10 --- INFO: elapsed time: ~1269.22 sec., memory usage: ~4.42 Mb.
06-10-2011 15:05:01 --- INFO: start: 06-10-2011 15:05:01
06-10-2011 15:05:01 --- INFO: ----------Source_Openlane (cli)
06-10-2011 15:05:04 --- ERROR: Unauthorized request
06-10-2011 15:05:04 --- INFO: finish: 06-10-2011 15:05:04
06-10-2011 15:05:04 --- INFO: elapsed time: ~3.21 sec., memory usage: ~1.31 Mb.
06-10-2011 15:10:01 --- INFO: start: 06-10-2011 15:10:01
06-10-2011 15:10:01 --- INFO: ----------Source_Ebay (cli)
06-10-2011 15:10:53 --- INFO: Lexus RX 300 - found: 30, pass primary filters: 5, did not pass the filter by color: 2, added: 3, new vincodes: 0
06-10-2011 15:15:08 --- INFO: Lexus RX 330 - found: 68, pass primary filters: 16, did not pass the filter by color: 6, added: 10, new vincodes: 0
06-10-2011 15:16:28 --- INFO: Lexus RX 400H - found: 50, pass primary filters: 0, did not pass the filter by color: 0, added: 0, new vincodes: 0
06-10-2011 15:16:56 --- INFO: Lexus GX 470 - found: 26, pass primary filters: 7, did not pass the filter by color: 6, added: 1, new vincodes: 0
06-10-2011 15:17:22 --- INFO: Lexus GX 470 - found: 25, pass primary filters: 9, did not pass the filter by color: 7, added: 2, new vincodes: 0
06-10-2011 15:17:30 --- INFO: Lexus LX 470 - found: 7, pass primary filters: 3, did not pass the filter by color: 3, added: 0, new vincodes: 0
06-10-2011 15:17:41 --- INFO: Lexus LX 470 - found: 11, pass primary filters: 6, did not pass the filter by color: 6, added: 0, new vincodes: 0
06-10-2011 15:17:53 --- INFO: Toyota Land Cruiser - found: 9, pass primary filters: 8, did not pass the filter by color: 8, added: 0, new vincodes: 1
06-10-2011 15:18:09 --- INFO: Honda CR-V - found: 14, pass primary filters: 0, did not pass the filter by color: 0, added: 0, new vincodes: 0
06-10-2011 15:21:44 --- INFO: Honda CR-V - found: 68, pass primary filters: 2, did not pass the filter by color: 0, added: 2, new vincodes: 0
06-10-2011 15:21:49 --- INFO: Mitsubishi Montero 4WD Limited - found: 2, pass primary filters: 0, did not pass the filter by color: 0, added: 0, new vincodes: 0
06-10-2011 15:24:37 --- INFO: Toyota 4RUNNER 4WD Limited - found: 59, pass primary filters: 34, did not pass the filter by color: 20, added: 14, new vincodes: 0
06-10-2011 15:25:02 --- INFO: Toyota RAV 4 - found: 13, pass primary filters: 7, did not pass the filter by color: 4, added: 3, new vincodes: 0
06-10-2011 15:25:37 --- INFO: Toyota Highlander 4WD - found: 20, pass primary filters: 0, did not pass the filter by color: 0, added: 0, new vincodes: 0
06-10-2011 15:28:35 --- INFO: Subaru Forester - found: 57, pass primary filters: 8, did not pass the filter by color: 0, added: 8, new vincodes: 0
06-10-2011 15:32:01 --- INFO: Nissan Rogue - found: 53, pass primary filters: 2, did not pass the filter by color: 0, added: 2, new vincodes: 0
06-10-2011 15:32:25 --- INFO: Toyota Highlander - found: 20, pass primary filters: 6, did not pass the filter by color: 6, added: 0, new vincodes: 0
06-10-2011 15:32:43 --- INFO: Acura MDX - found: 18, pass primary filters: 0, did not pass the filter by color: 0, added: 0, new vincodes: 0
06-10-2011 15:32:43 --- INFO: finish: 06-10-2011 15:32:43
06-10-2011 15:32:43 --- INFO: elapsed time: ~1361.5 sec., memory usage: ~2.85 Mb.
06-10-2011 16:10:01 --- INFO: start: 06-10-2011 16:10:01
06-10-2011 16:10:01 --- INFO: ----------Source_Gsmotors (cli)
06-10-2011 16:10:22 --- ERROR: Request returns empty result
06-10-2011 16:10:22 --- INFO: finish: 06-10-2011 16:10:22
06-10-2011 16:10:22 --- INFO: elapsed time: ~21.51 sec., memory usage: ~1.62 Mb.
06-10-2011 16:10:01 --- INFO: start: 06-10-2011 16:10:01
06-10-2011 16:10:01 --- INFO: ----------Source_Adesa (cli)
06-10-2011 16:10:03 --- INFO: Authorized request
06-10-2011 16:10:06 --- INFO: Lexus RX 300 - found: 10, pass primary filters: 4, did not pass the filter by color: 2, added: 2, new vincodes: 0
06-10-2011 16:10:10 --- INFO: Lexus RX 330 - found: 16, pass primary filters: 8, did not pass the filter by color: 4, added: 4, new vincodes: 1
06-10-2011 16:10:11 --- INFO: Lexus RX 400H - found: 2, pass primary filters: 1, did not pass the filter by color: 0, added: 1, new vincodes: 0
06-10-2011 16:10:16 --- INFO: Lexus GX 470 - found: 9, pass primary filters: 5, did not pass the filter by color: 4, added: 1, new vincodes: 0
06-10-2011 16:10:21 --- INFO: Lexus GX 470 - found: 4, pass primary filters: 4, did not pass the filter by color: 4, added: 0, new vincodes: 0
06-10-2011 16:10:21 --- INFO: Lexus LX 470 - found: 0, pass primary filters: 0, did not pass the filter by color: 0, added: 0, new vincodes: 0
06-10-2011 16:10:27 --- INFO: Lexus LX 470 - found: 5, pass primary filters: 5, did not pass the filter by color: 5, added: 0, new vincodes: 1
06-10-2011 16:10:27 --- INFO: Toyota Land Cruiser - found: 0, pass primary filters: 0, did not pass the filter by color: 0, added: 0, new vincodes: 0
06-10-2011 16:10:29 --- INFO: Honda CR-V - found: 16, pass primary filters: 3, did not pass the filter by color: 0, added: 3, new vincodes: 0
06-10-2011 16:10:29 --- INFO: Honda CR-V - found: 4, pass primary filters: 0, did not pass the filter by color: 0, added: 0, new vincodes: 0
06-10-2011 16:10:36 --- INFO: Mitsubishi Montero 4WD Limited - found: 22, pass primary filters: 6, did not pass the filter by color: 6, added: 0, new vincodes: 1
06-10-2011 16:10:42 --- INFO: Toyota 4RUNNER 4WD Limited - found: 28, pass primary filters: 10, did not pass the filter by color: 9, added: 1, new vincodes: 0
06-10-2011 16:10:50 --- INFO: Toyota RAV 4 - found: 13, pass primary filters: 7, did not pass the filter by color: 7, added: 0, new vincodes: 0
06-10-2011 16:10:51 --- INFO: Toyota Highlander 4WD - found: 30, pass primary filters: 0, did not pass the filter by color: 0, added: 0, new vincodes: 0
06-10-2011 16:10:58 --- INFO: Subaru Forester - found: 6, pass primary filters: 5, did not pass the filter by color: 0, added: 5, new vincodes: 1
06-10-2011 16:11:00 --- INFO: Nissan Rogue - found: 13, pass primary filters: 2, did not pass the filter by color: 0, added: 2, new vincodes: 1
06-10-2011 16:11:08 --- INFO: Toyota Highlander - found: 30, pass primary filters: 11, did not pass the filter by color: 11, added: 0, new vincodes: 2
06-10-2011 16:11:08 --- INFO: Acura MDX - found: 14, pass primary filters: 0, did not pass the filter by color: 0, added: 0, new vincodes: 0
06-10-2011 16:11:08 --- INFO: finish: 06-10-2011 16:11:08
06-10-2011 16:11:08 --- INFO: elapsed time: ~67.43 sec., memory usage: ~2.55 Mb.
06-10-2011 18:10:01 --- INFO: start: 06-10-2011 18:10:01
06-10-2011 18:10:01 --- INFO: ----------Source_Adesa (cli)
06-10-2011 18:10:03 --- INFO: Authorized request
06-10-2011 18:10:07 --- INFO: Lexus RX 300 - found: 10, pass primary filters: 5, did not pass the filter by color: 2, added: 3, new vincodes: 1
06-10-2011 18:10:10 --- INFO: Lexus RX 330 - found: 16, pass primary filters: 8, did not pass the filter by color: 4, added: 4, new vincodes: 0
06-10-2011 18:10:11 --- INFO: Lexus RX 400H - found: 2, pass primary filters: 1, did not pass the filter by color: 0, added: 1, new vincodes: 0
06-10-2011 18:10:21 --- INFO: Lexus GX 470 - found: 10, pass primary filters: 7, did not pass the filter by color: 6, added: 1, new vincodes: 2
06-10-2011 18:10:25 --- INFO: Lexus GX 470 - found: 4, pass primary filters: 4, did not pass the filter by color: 4, added: 0, new vincodes: 0
06-10-2011 18:10:25 --- INFO: Lexus LX 470 - found: 0, pass primary filters: 0, did not pass the filter by color: 0, added: 0, new vincodes: 0
06-10-2011 18:10:29 --- INFO: Lexus LX 470 - found: 5, pass primary filters: 5, did not pass the filter by color: 5, added: 0, new vincodes: 0
06-10-2011 18:10:29 --- INFO: Toyota Land Cruiser - found: 0, pass primary filters: 0, did not pass the filter by color: 0, added: 0, new vincodes: 0
06-10-2011 18:10:32 --- INFO: Honda CR-V - found: 17, pass primary filters: 3, did not pass the filter by color: 0, added: 3, new vincodes: 0
06-10-2011 18:10:32 --- INFO: Honda CR-V - found: 4, pass primary filters: 0, did not pass the filter by color: 0, added: 0, new vincodes: 0
06-10-2011 18:10:36 --- INFO: Mitsubishi Montero 4WD Limited - found: 24, pass primary filters: 6, did not pass the filter by color: 6, added: 0, new vincodes: 0
06-10-2011 18:10:42 --- INFO: Toyota 4RUNNER 4WD Limited - found: 28, pass primary filters: 10, did not pass the filter by color: 9, added: 1, new vincodes: 0
06-10-2011 18:10:52 --- INFO: Toyota RAV 4 - found: 15, pass primary filters: 7, did not pass the filter by color: 7, added: 0, new vincodes: 0
06-10-2011 18:10:52 --- INFO: Toyota Highlander 4WD - found: 32, pass primary filters: 0, did not pass the filter by color: 0, added: 0, new vincodes: 0
06-10-2011 18:10:59 --- INFO: Subaru Forester - found: 6, pass primary filters: 6, did not pass the filter by color: 0, added: 6, new vincodes: 1
06-10-2011 18:11:00 --- INFO: Nissan Rogue - found: 15, pass primary filters: 2, did not pass the filter by color: 0, added: 2, new vincodes: 0
06-10-2011 18:11:06 --- INFO: Toyota Highlander - found: 32, pass primary filters: 11, did not pass the filter by color: 11, added: 0, new vincodes: 0
06-10-2011 18:11:06 --- INFO: Acura MDX - found: 15, pass primary filters: 0, did not pass the filter by color: 0, added: 0, new vincodes: 0
06-10-2011 18:11:06 --- INFO: finish: 06-10-2011 18:11:06
06-10-2011 18:11:06 --- INFO: elapsed time: ~65.42 sec., memory usage: ~2.53 Mb.
06-10-2011 18:10:01 --- INFO: start: 06-10-2011 18:10:01
06-10-2011 18:10:01 --- INFO: ----------Source_Gsmotors (cli)
06-10-2011 18:11:44 --- INFO: Lexus RX 300 - found: 75, pass primary filters: 21, did not pass the filter by color: 8, added: 13, new vincodes: 1
06-10-2011 18:15:40 --- INFO: Lexus RX 330 - found: 189, pass primary filters: 47, did not pass the filter by color: 15, added: 32, new vincodes: 3
06-10-2011 18:16:32 --- INFO: Lexus RX 400H - found: 43, pass primary filters: 8, did not pass the filter by color: 2, added: 6, new vincodes: 0
06-10-2011 18:18:05 --- INFO: Lexus GX 470 - found: 76, pass primary filters: 36, did not pass the filter by color: 30, added: 6, new vincodes: 0
06-10-2011 18:20:17 --- INFO: Lexus GX 470 - found: 100, pass primary filters: 51, did not pass the filter by color: 44, added: 7, new vincodes: 1
06-10-2011 18:20:40 --- INFO: Lexus LX 470 - found: 15, pass primary filters: 10, did not pass the filter by color: 9, added: 1, new vincodes: 1
06-10-2011 18:21:00 --- INFO: Lexus LX 470 - found: 17, pass primary filters: 10, did not pass the filter by color: 9, added: 1, new vincodes: 0
06-10-2011 18:21:18 --- INFO: Toyota Land Cruiser - found: 13, pass primary filters: 6, did not pass the filter by color: 6, added: 0, new vincodes: 0
06-10-2011 18:22:27 --- INFO: Honda CR-V - found: 53, pass primary filters: 4, did not pass the filter by color: 0, added: 4, new vincodes: 1
06-10-2011 18:26:56 --- INFO: Honda CR-V - found: 200, pass primary filters: 6, did not pass the filter by color: 0, added: 6, new vincodes: 0
06-10-2011 18:28:14 --- INFO: Mitsubishi Montero 4WD Limited - found: 58, pass primary filters: 10, did not pass the filter by color: 10, added: 0, new vincodes: 1
06-10-2011 18:32:39 --- INFO: Toyota 4RUNNER 4WD Limited - found: 210, pass primary filters: 49, did not pass the filter by color: 27, added: 22, new vincodes: 2
06-10-2011 18:34:04 --- INFO: Toyota RAV 4 - found: 67, pass primary filters: 25, did not pass the filter by color: 18, added: 7, new vincodes: 3
06-10-2011 18:36:05 --- INFO: Toyota Highlander 4WD - found: 92, pass primary filters: 0, did not pass the filter by color: 0, added: 0, new vincodes: 0
06-10-2011 18:42:34 --- INFO: Subaru Forester - found: 200, pass primary filters: 26, did not pass the filter by color: 0, added: 26, new vincodes: 0
06-10-2011 18:50:24 --- INFO: Nissan Rogue - found: 266, pass primary filters: 8, did not pass the filter by color: 0, added: 8, new vincodes: 1
06-10-2011 18:51:14 --- INFO: Toyota Highlander - found: 92, pass primary filters: 33, did not pass the filter by color: 24, added: 9, new vincodes: 4
06-10-2011 18:52:59 --- INFO: Acura MDX - found: 79, pass primary filters: 1, did not pass the filter by color: 0, added: 1, new vincodes: 0
06-10-2011 18:52:59 --- INFO: finish: 06-10-2011 18:52:59
06-10-2011 18:52:59 --- INFO: elapsed time: ~2578.35 sec., memory usage: ~4.63 Mb.
06-10-2011 19:05:01 --- INFO: start: 06-10-2011 19:05:01
06-10-2011 19:05:01 --- INFO: ----------Source_Openlane (cli)
06-10-2011 19:05:06 --- ERROR: Unauthorized request
06-10-2011 19:05:06 --- INFO: finish: 06-10-2011 19:05:06
06-10-2011 19:05:06 --- INFO: elapsed time: ~4.85 sec., memory usage: ~1.31 Mb.
06-10-2011 19:10:01 --- INFO: start: 06-10-2011 19:10:01
06-10-2011 19:10:01 --- INFO: ----------Source_Ebay (cli)
06-10-2011 19:10:46 --- INFO: Lexus RX 300 - found: 28, pass primary filters: 5, did not pass the filter by color: 2, added: 3, new vincodes: 0
06-10-2011 19:15:02 --- INFO: Lexus RX 330 - found: 67, pass primary filters: 16, did not pass the filter by color: 5, added: 11, new vincodes: 0
06-10-2011 19:16:40 --- INFO: Lexus RX 400H - found: 50, pass primary filters: 0, did not pass the filter by color: 0, added: 0, new vincodes: 0
06-10-2011 19:17:16 --- INFO: Lexus GX 470 - found: 26, pass primary filters: 7, did not pass the filter by color: 6, added: 1, new vincodes: 0
06-10-2011 19:17:51 --- INFO: Lexus GX 470 - found: 24, pass primary filters: 9, did not pass the filter by color: 7, added: 2, new vincodes: 0
06-10-2011 19:18:07 --- INFO: Lexus LX 470 - found: 8, pass primary filters: 4, did not pass the filter by color: 4, added: 0, new vincodes: 0
06-10-2011 19:18:24 --- INFO: Lexus LX 470 - found: 12, pass primary filters: 6, did not pass the filter by color: 6, added: 0, new vincodes: 0
06-10-2011 19:18:40 --- INFO: Toyota Land Cruiser - found: 8, pass primary filters: 8, did not pass the filter by color: 8, added: 0, new vincodes: 0
06-10-2011 19:19:02 --- INFO: Honda CR-V - found: 14, pass primary filters: 0, did not pass the filter by color: 0, added: 0, new vincodes: 0
06-10-2011 19:23:40 --- INFO: Honda CR-V - found: 66, pass primary filters: 2, did not pass the filter by color: 0, added: 2, new vincodes: 0
06-10-2011 19:23:48 --- INFO: Mitsubishi Montero 4WD Limited - found: 1, pass primary filters: 0, did not pass the filter by color: 0, added: 0, new vincodes: 0
06-10-2011 19:29:57 --- INFO: Toyota 4RUNNER 4WD Limited - found: 60, pass primary filters: 40, did not pass the filter by color: 28, added: 12, new vincodes: 2
06-10-2011 19:30:49 --- INFO: Toyota RAV 4 - found: 13, pass primary filters: 7, did not pass the filter by color: 4, added: 3, new vincodes: 0
06-10-2011 19:32:15 --- INFO: Toyota Highlander 4WD - found: 20, pass primary filters: 0, did not pass the filter by color: 0, added: 0, new vincodes: 0
06-10-2011 19:35:30 --- INFO: Subaru Forester - found: 54, pass primary filters: 8, did not pass the filter by color: 0, added: 8, new vincodes: 0
06-10-2011 19:37:57 --- INFO: Nissan Rogue - found: 54, pass primary filters: 2, did not pass the filter by color: 0, added: 2, new vincodes: 0
06-10-2011 19:38:47 --- INFO: Toyota Highlander - found: 20, pass primary filters: 6, did not pass the filter by color: 6, added: 0, new vincodes: 0
06-10-2011 19:39:47 --- INFO: Acura MDX - found: 18, pass primary filters: 0, did not pass the filter by color: 0, added: 0, new vincodes: 0
06-10-2011 19:39:47 --- INFO: finish: 06-10-2011 19:39:47
06-10-2011 19:39:47 --- INFO: elapsed time: ~1785.47 sec., memory usage: ~2.91 Mb.
06-10-2011 23:05:02 --- INFO: start: 06-10-2011 23:05:02
06-10-2011 23:05:02 --- INFO: ----------Source_Openlane (cli)
06-10-2011 23:05:05 --- ERROR: Unauthorized request
06-10-2011 23:05:05 --- INFO: finish: 06-10-2011 23:05:05
06-10-2011 23:05:05 --- INFO: elapsed time: ~3.16 sec., memory usage: ~1.31 Mb.
06-10-2011 23:10:01 --- INFO: start: 06-10-2011 23:10:01
06-10-2011 23:10:01 --- INFO: ----------Source_Ebay (cli)
06-10-2011 23:11:04 --- INFO: Lexus RX 300 - found: 28, pass primary filters: 5, did not pass the filter by color: 2, added: 3, new vincodes: 0
06-10-2011 23:14:47 --- INFO: Lexus RX 330 - found: 71, pass primary filters: 20, did not pass the filter by color: 5, added: 15, new vincodes: 1
06-10-2011 23:15:35 --- INFO: Lexus RX 400H - found: 48, pass primary filters: 0, did not pass the filter by color: 0, added: 0, new vincodes: 0
06-10-2011 23:16:04 --- INFO: Lexus GX 470 - found: 28, pass primary filters: 7, did not pass the filter by color: 6, added: 1, new vincodes: 0
06-10-2011 23:16:57 --- INFO: Lexus GX 470 - found: 25, pass primary filters: 9, did not pass the filter by color: 7, added: 2, new vincodes: 0
06-10-2011 23:17:17 --- INFO: Lexus LX 470 - found: 9, pass primary filters: 5, did not pass the filter by color: 5, added: 0, new vincodes: 0
06-10-2011 23:17:44 --- INFO: Lexus LX 470 - found: 12, pass primary filters: 6, did not pass the filter by color: 6, added: 0, new vincodes: 0
06-10-2011 23:18:00 --- INFO: Toyota Land Cruiser - found: 8, pass primary filters: 8, did not pass the filter by color: 8, added: 0, new vincodes: 0
06-10-2011 23:18:20 --- INFO: Honda CR-V - found: 14, pass primary filters: 0, did not pass the filter by color: 0, added: 0, new vincodes: 0
06-10-2011 23:20:37 --- INFO: Honda CR-V - found: 65, pass primary filters: 2, did not pass the filter by color: 0, added: 2, new vincodes: 0
06-10-2011 23:20:42 --- INFO: Mitsubishi Montero 4WD Limited - found: 2, pass primary filters: 0, did not pass the filter by color: 0, added: 0, new vincodes: 0
06-10-2011 23:22:51 --- INFO: Toyota 4RUNNER 4WD Limited - found: 60, pass primary filters: 40, did not pass the filter by color: 28, added: 12, new vincodes: 0
06-10-2011 23:23:12 --- INFO: Toyota RAV 4 - found: 14, pass primary filters: 8, did not pass the filter by color: 4, added: 4, new vincodes: 0
06-10-2011 23:23:44 --- INFO: Toyota Highlander 4WD - found: 19, pass primary filters: 0, did not pass the filter by color: 0, added: 0, new vincodes: 0
06-10-2011 23:26:26 --- INFO: Subaru Forester - found: 54, pass primary filters: 8, did not pass the filter by color: 0, added: 8, new vincodes: 0
06-10-2011 23:29:32 --- INFO: Nissan Rogue - found: 55, pass primary filters: 2, did not pass the filter by color: 0, added: 2, new vincodes: 0
06-10-2011 23:30:14 --- INFO: Toyota Highlander - found: 19, pass primary filters: 6, did not pass the filter by color: 6, added: 0, new vincodes: 0
06-10-2011 23:30:42 --- INFO: Acura MDX - found: 17, pass primary filters: 0, did not pass the filter by color: 0, added: 0, new vincodes: 0
06-10-2011 23:30:42 --- INFO: finish: 06-10-2011 23:30:42
06-10-2011 23:30:42 --- INFO: elapsed time: ~1241.47 sec., memory usage: ~2.95 Mb.