
09-08-2011 03:05:01 --- INFO: start: 09-08-2011 03:05:01
09-08-2011 03:05:01 --- INFO: ----------Source_Openlane (cli)
09-08-2011 03:05:04 --- ERROR: Unauthorized request
09-08-2011 03:05:04 --- INFO: finish: 09-08-2011 03:05:04
09-08-2011 03:05:04 --- INFO: elapsed time: ~2.92 sec., memory usage: ~1.31 Mb.
09-08-2011 03:10:01 --- INFO: start: 09-08-2011 03:10:01
09-08-2011 03:10:01 --- INFO: ----------Source_Ebay (cli)
09-08-2011 03:10:24 --- INFO: Lexus RX 300 - found: 29, pass primary filters: 4, did not pass the filter by color: 0, added: 4, new vincodes: 0
09-08-2011 03:12:31 --- INFO: Lexus RX 330 - found: 92, pass primary filters: 14, did not pass the filter by color: 7, added: 7, new vincodes: 0
09-08-2011 03:14:02 --- INFO: Lexus RX 400H - found: 63, pass primary filters: 4, did not pass the filter by color: 1, added: 3, new vincodes: 0
09-08-2011 03:14:30 --- INFO: Lexus GX 470 - found: 34, pass primary filters: 12, did not pass the filter by color: 9, added: 3, new vincodes: 0
09-08-2011 03:14:51 --- INFO: Lexus GX 470 - found: 26, pass primary filters: 14, did not pass the filter by color: 10, added: 4, new vincodes: 0
09-08-2011 03:15:02 --- INFO: Lexus LX 470 - found: 12, pass primary filters: 7, did not pass the filter by color: 7, added: 0, new vincodes: 0
09-08-2011 03:15:09 --- INFO: Lexus LX 470 - found: 8, pass primary filters: 5, did not pass the filter by color: 5, added: 0, new vincodes: 0
09-08-2011 03:15:15 --- INFO: Toyota Land Cruiser - found: 6, pass primary filters: 3, did not pass the filter by color: 3, added: 0, new vincodes: 0
09-08-2011 03:15:30 --- INFO: Honda CR-V - found: 16, pass primary filters: 1, did not pass the filter by color: 0, added: 1, new vincodes: 0
09-08-2011 03:17:24 --- INFO: Honda CR-V - found: 77, pass primary filters: 2, did not pass the filter by color: 0, added: 2, new vincodes: 0
09-08-2011 03:17:30 --- INFO: Mitsubishi Montero 4WD Limited - found: 6, pass primary filters: 1, did not pass the filter by color: 1, added: 0, new vincodes: 0
09-08-2011 03:19:01 --- INFO: Toyota 4RUNNER 4WD Limited - found: 62, pass primary filters: 36, did not pass the filter by color: 17, added: 19, new vincodes: 0
09-08-2011 03:19:14 --- INFO: Toyota RAV 4 - found: 15, pass primary filters: 3, did not pass the filter by color: 3, added: 0, new vincodes: 0
09-08-2011 03:19:29 --- INFO: Toyota Highlander 4WD - found: 17, pass primary filters: 0, did not pass the filter by color: 0, added: 0, new vincodes: 0
09-08-2011 03:20:57 --- INFO: Subaru Forester - found: 57, pass primary filters: 6, did not pass the filter by color: 0, added: 6, new vincodes: 0
09-08-2011 03:21:31 --- INFO: Nissan Rogue - found: 41, pass primary filters: 2, did not pass the filter by color: 0, added: 2, new vincodes: 0
09-08-2011 03:21:45 --- INFO: Toyota Highlander - found: 17, pass primary filters: 1, did not pass the filter by color: 1, added: 0, new vincodes: 0
09-08-2011 03:22:01 --- INFO: Acura MDX - found: 19, pass primary filters: 0, did not pass the filter by color: 0, added: 0, new vincodes: 0
09-08-2011 03:22:01 --- INFO: finish: 09-08-2011 03:22:01
09-08-2011 03:22:01 --- INFO: elapsed time: ~719.97 sec., memory usage: ~2.84 Mb.
09-08-2011 06:10:01 --- INFO: start: 09-08-2011 06:10:01
09-08-2011 06:10:01 --- INFO: ----------Source_Adesa (cli)
09-08-2011 06:10:02 --- INFO: Authorized request
09-08-2011 06:10:04 --- INFO: Lexus RX 300 - found: 5, pass primary filters: 3, did not pass the filter by color: 1, added: 2, new vincodes: 0
09-08-2011 06:10:07 --- INFO: Lexus RX 330 - found: 8, pass primary filters: 4, did not pass the filter by color: 1, added: 3, new vincodes: 0
09-08-2011 06:10:07 --- INFO: Lexus RX 400H - found: 1, pass primary filters: 1, did not pass the filter by color: 1, added: 0, new vincodes: 0
09-08-2011 06:10:11 --- INFO: Lexus GX 470 - found: 3, pass primary filters: 3, did not pass the filter by color: 3, added: 0, new vincodes: 0
09-08-2011 06:10:15 --- INFO: Lexus GX 470 - found: 6, pass primary filters: 4, did not pass the filter by color: 4, added: 0, new vincodes: 0
09-08-2011 06:10:16 --- INFO: Lexus LX 470 - found: 1, pass primary filters: 1, did not pass the filter by color: 1, added: 0, new vincodes: 0
09-08-2011 06:10:17 --- INFO: Lexus LX 470 - found: 1, pass primary filters: 1, did not pass the filter by color: 1, added: 0, new vincodes: 0
09-08-2011 06:10:20 --- INFO: Toyota Land Cruiser - found: 2, pass primary filters: 2, did not pass the filter by color: 2, added: 0, new vincodes: 1
09-08-2011 06:10:20 --- INFO: Honda CR-V - found: 10, pass primary filters: 0, did not pass the filter by color: 0, added: 0, new vincodes: 0
09-08-2011 06:10:22 --- INFO: Honda CR-V - found: 7, pass primary filters: 3, did not pass the filter by color: 0, added: 3, new vincodes: 0
09-08-2011 06:10:22 --- INFO: Mitsubishi Montero 4WD Limited - found: 15, pass primary filters: 0, did not pass the filter by color: 0, added: 0, new vincodes: 0
09-08-2011 06:10:25 --- INFO: Toyota 4RUNNER 4WD Limited - found: 25, pass primary filters: 5, did not pass the filter by color: 5, added: 0, new vincodes: 0
09-08-2011 06:10:27 --- INFO: Toyota RAV 4 - found: 10, pass primary filters: 3, did not pass the filter by color: 3, added: 0, new vincodes: 0
09-08-2011 06:10:27 --- INFO: Toyota Highlander 4WD - found: 23, pass primary filters: 0, did not pass the filter by color: 0, added: 0, new vincodes: 0
09-08-2011 06:10:28 --- INFO: Subaru Forester - found: 1, pass primary filters: 1, did not pass the filter by color: 0, added: 1, new vincodes: 0
09-08-2011 06:10:29 --- INFO: Nissan Rogue - found: 13, pass primary filters: 1, did not pass the filter by color: 0, added: 1, new vincodes: 0
09-08-2011 06:10:33 --- INFO: Toyota Highlander - found: 23, pass primary filters: 6, did not pass the filter by color: 6, added: 0, new vincodes: 0
09-08-2011 06:10:33 --- INFO: Acura MDX - found: 17, pass primary filters: 0, did not pass the filter by color: 0, added: 0, new vincodes: 0
09-08-2011 06:10:33 --- INFO: finish: 09-08-2011 06:10:33
09-08-2011 06:10:33 --- INFO: elapsed time: ~32.2 sec., memory usage: ~2.27 Mb.
09-08-2011 06:10:01 --- INFO: start: 09-08-2011 06:10:01
09-08-2011 06:10:01 --- INFO: ----------Source_Gsmotors (cli)
09-08-2011 06:11:27 --- INFO: Lexus RX 300 - found: 81, pass primary filters: 30, did not pass the filter by color: 8, added: 22, new vincodes: 3
09-08-2011 06:15:09 --- INFO: Lexus RX 330 - found: 207, pass primary filters: 61, did not pass the filter by color: 13, added: 48, new vincodes: 3
09-08-2011 06:15:40 --- INFO: Lexus RX 400H - found: 30, pass primary filters: 5, did not pass the filter by color: 4, added: 1, new vincodes: 0
09-08-2011 06:17:36 --- INFO: Lexus GX 470 - found: 93, pass primary filters: 45, did not pass the filter by color: 32, added: 13, new vincodes: 0
09-08-2011 06:19:17 --- INFO: Lexus GX 470 - found: 79, pass primary filters: 55, did not pass the filter by color: 46, added: 9, new vincodes: 0
09-08-2011 06:19:44 --- INFO: Lexus LX 470 - found: 16, pass primary filters: 12, did not pass the filter by color: 11, added: 1, new vincodes: 1
09-08-2011 06:20:09 --- INFO: Lexus LX 470 - found: 23, pass primary filters: 15, did not pass the filter by color: 15, added: 0, new vincodes: 1
09-08-2011 06:20:27 --- INFO: Toyota Land Cruiser - found: 14, pass primary filters: 9, did not pass the filter by color: 9, added: 0, new vincodes: 2
09-08-2011 06:21:59 --- INFO: Honda CR-V - found: 72, pass primary filters: 5, did not pass the filter by color: 0, added: 5, new vincodes: 1
09-08-2011 06:26:14 --- INFO: Honda CR-V - found: 221, pass primary filters: 16, did not pass the filter by color: 0, added: 16, new vincodes: 1
09-08-2011 06:27:50 --- INFO: Mitsubishi Montero 4WD Limited - found: 82, pass primary filters: 12, did not pass the filter by color: 12, added: 0, new vincodes: 2
09-08-2011 06:31:38 --- INFO: Toyota 4RUNNER 4WD Limited - found: 213, pass primary filters: 66, did not pass the filter by color: 50, added: 16, new vincodes: 1
09-08-2011 06:33:36 --- INFO: Toyota RAV 4 - found: 101, pass primary filters: 47, did not pass the filter by color: 33, added: 14, new vincodes: 3
09-08-2011 06:35:34 --- INFO: Toyota Highlander 4WD - found: 108, pass primary filters: 4, did not pass the filter by color: 3, added: 1, new vincodes: 0
09-08-2011 06:38:46 --- INFO: Subaru Forester - found: 124, pass primary filters: 9, did not pass the filter by color: 0, added: 9, new vincodes: 0
09-08-2011 06:42:18 --- INFO: Nissan Rogue - found: 135, pass primary filters: 9, did not pass the filter by color: 0, added: 9, new vincodes: 0
09-08-2011 06:43:13 --- INFO: Toyota Highlander - found: 108, pass primary filters: 44, did not pass the filter by color: 36, added: 8, new vincodes: 2
09-08-2011 06:44:54 --- INFO: Acura MDX - found: 94, pass primary filters: 3, did not pass the filter by color: 0, added: 3, new vincodes: 0
09-08-2011 06:44:54 --- INFO: finish: 09-08-2011 06:44:54
09-08-2011 06:44:54 --- INFO: elapsed time: ~2093.32 sec., memory usage: ~5.35 Mb.
09-08-2011 07:05:01 --- INFO: start: 09-08-2011 07:05:01
09-08-2011 07:05:01 --- INFO: ----------Source_Openlane (cli)
09-08-2011 07:05:04 --- ERROR: Unauthorized request
09-08-2011 07:05:04 --- INFO: finish: 09-08-2011 07:05:04
09-08-2011 07:05:04 --- INFO: elapsed time: ~2.94 sec., memory usage: ~1.31 Mb.
09-08-2011 07:10:01 --- INFO: start: 09-08-2011 07:10:01
09-08-2011 07:10:01 --- INFO: ----------Source_Ebay (cli)
09-08-2011 07:10:23 --- INFO: Lexus RX 300 - found: 28, pass primary filters: 4, did not pass the filter by color: 0, added: 4, new vincodes: 0
09-08-2011 07:12:28 --- INFO: Lexus RX 330 - found: 92, pass primary filters: 14, did not pass the filter by color: 4, added: 10, new vincodes: 0
09-08-2011 07:13:50 --- INFO: Lexus RX 400H - found: 63, pass primary filters: 4, did not pass the filter by color: 0, added: 4, new vincodes: 0
09-08-2011 07:14:17 --- INFO: Lexus GX 470 - found: 34, pass primary filters: 12, did not pass the filter by color: 9, added: 3, new vincodes: 0
09-08-2011 07:14:38 --- INFO: Lexus GX 470 - found: 26, pass primary filters: 14, did not pass the filter by color: 10, added: 4, new vincodes: 0
09-08-2011 07:14:48 --- INFO: Lexus LX 470 - found: 12, pass primary filters: 7, did not pass the filter by color: 7, added: 0, new vincodes: 0
09-08-2011 07:14:55 --- INFO: Lexus LX 470 - found: 8, pass primary filters: 5, did not pass the filter by color: 5, added: 0, new vincodes: 0
09-08-2011 07:15:02 --- INFO: Toyota Land Cruiser - found: 6, pass primary filters: 3, did not pass the filter by color: 3, added: 0, new vincodes: 0
09-08-2011 07:15:16 --- INFO: Honda CR-V - found: 16, pass primary filters: 1, did not pass the filter by color: 0, added: 1, new vincodes: 0
09-08-2011 07:17:02 --- INFO: Honda CR-V - found: 77, pass primary filters: 2, did not pass the filter by color: 0, added: 2, new vincodes: 0
09-08-2011 07:17:07 --- INFO: Mitsubishi Montero 4WD Limited - found: 6, pass primary filters: 1, did not pass the filter by color: 1, added: 0, new vincodes: 0
09-08-2011 07:18:32 --- INFO: Toyota 4RUNNER 4WD Limited - found: 62, pass primary filters: 36, did not pass the filter by color: 16, added: 20, new vincodes: 0
09-08-2011 07:18:43 --- INFO: Toyota RAV 4 - found: 15, pass primary filters: 3, did not pass the filter by color: 3, added: 0, new vincodes: 0
09-08-2011 07:18:57 --- INFO: Toyota Highlander 4WD - found: 17, pass primary filters: 0, did not pass the filter by color: 0, added: 0, new vincodes: 0
09-08-2011 07:20:21 --- INFO: Subaru Forester - found: 57, pass primary filters: 6, did not pass the filter by color: 0, added: 6, new vincodes: 0
09-08-2011 07:20:56 --- INFO: Nissan Rogue - found: 41, pass primary filters: 2, did not pass the filter by color: 0, added: 2, new vincodes: 0
09-08-2011 07:21:09 --- INFO: Toyota Highlander - found: 17, pass primary filters: 1, did not pass the filter by color: 1, added: 0, new vincodes: 0
09-08-2011 07:21:28 --- INFO: Acura MDX - found: 19, pass primary filters: 0, did not pass the filter by color: 0, added: 0, new vincodes: 0
09-08-2011 07:21:28 --- INFO: finish: 09-08-2011 07:21:28
09-08-2011 07:21:28 --- INFO: elapsed time: ~686.86 sec., memory usage: ~2.84 Mb.
09-08-2011 08:10:01 --- INFO: start: 09-08-2011 08:10:01
09-08-2011 08:10:01 --- INFO: ----------Source_Adesa (cli)
09-08-2011 08:10:02 --- INFO: Authorized request
09-08-2011 08:10:05 --- INFO: Lexus RX 300 - found: 5, pass primary filters: 3, did not pass the filter by color: 1, added: 2, new vincodes: 0
09-08-2011 08:10:08 --- INFO: Lexus RX 330 - found: 8, pass primary filters: 4, did not pass the filter by color: 1, added: 3, new vincodes: 0
09-08-2011 08:10:08 --- INFO: Lexus RX 400H - found: 1, pass primary filters: 1, did not pass the filter by color: 1, added: 0, new vincodes: 0
09-08-2011 08:10:13 --- INFO: Lexus GX 470 - found: 3, pass primary filters: 3, did not pass the filter by color: 3, added: 0, new vincodes: 0
09-08-2011 08:10:18 --- INFO: Lexus GX 470 - found: 6, pass primary filters: 4, did not pass the filter by color: 4, added: 0, new vincodes: 0
09-08-2011 08:10:18 --- INFO: Lexus LX 470 - found: 1, pass primary filters: 1, did not pass the filter by color: 1, added: 0, new vincodes: 0
09-08-2011 08:10:20 --- INFO: Lexus LX 470 - found: 1, pass primary filters: 1, did not pass the filter by color: 1, added: 0, new vincodes: 0
09-08-2011 08:10:21 --- INFO: Toyota Land Cruiser - found: 2, pass primary filters: 2, did not pass the filter by color: 2, added: 0, new vincodes: 0
09-08-2011 08:10:22 --- INFO: Honda CR-V - found: 10, pass primary filters: 0, did not pass the filter by color: 0, added: 0, new vincodes: 0
09-08-2011 08:10:24 --- INFO: Honda CR-V - found: 7, pass primary filters: 3, did not pass the filter by color: 0, added: 3, new vincodes: 0
09-08-2011 08:10:24 --- INFO: Mitsubishi Montero 4WD Limited - found: 15, pass primary filters: 0, did not pass the filter by color: 0, added: 0, new vincodes: 0
09-08-2011 08:10:28 --- INFO: Toyota 4RUNNER 4WD Limited - found: 26, pass primary filters: 6, did not pass the filter by color: 6, added: 0, new vincodes: 0
09-08-2011 08:10:30 --- INFO: Toyota RAV 4 - found: 10, pass primary filters: 3, did not pass the filter by color: 3, added: 0, new vincodes: 0
09-08-2011 08:10:30 --- INFO: Toyota Highlander 4WD - found: 25, pass primary filters: 0, did not pass the filter by color: 0, added: 0, new vincodes: 0
09-08-2011 08:10:32 --- INFO: Subaru Forester - found: 2, pass primary filters: 2, did not pass the filter by color: 0, added: 2, new vincodes: 0
09-08-2011 08:10:33 --- INFO: Nissan Rogue - found: 13, pass primary filters: 1, did not pass the filter by color: 0, added: 1, new vincodes: 0
09-08-2011 08:10:40 --- INFO: Toyota Highlander - found: 25, pass primary filters: 8, did not pass the filter by color: 8, added: 0, new vincodes: 1
09-08-2011 08:10:40 --- INFO: Acura MDX - found: 17, pass primary filters: 0, did not pass the filter by color: 0, added: 0, new vincodes: 0
09-08-2011 08:10:40 --- INFO: finish: 09-08-2011 08:10:40
09-08-2011 08:10:40 --- INFO: elapsed time: ~39.08 sec., memory usage: ~2.3 Mb.
09-08-2011 08:10:01 --- INFO: start: 09-08-2011 08:10:01
09-08-2011 08:10:01 --- INFO: ----------Source_Gsmotors (cli)
09-08-2011 08:10:42 --- INFO: Lexus RX 300 - found: 81, pass primary filters: 30, did not pass the filter by color: 8, added: 22, new vincodes: 0
09-08-2011 08:12:36 --- INFO: Lexus RX 330 - found: 207, pass primary filters: 61, did not pass the filter by color: 13, added: 48, new vincodes: 0
09-08-2011 08:12:52 --- INFO: Lexus RX 400H - found: 30, pass primary filters: 5, did not pass the filter by color: 4, added: 1, new vincodes: 0
09-08-2011 08:13:49 --- INFO: Lexus GX 470 - found: 93, pass primary filters: 45, did not pass the filter by color: 32, added: 13, new vincodes: 0
09-08-2011 08:14:49 --- INFO: Lexus GX 470 - found: 79, pass primary filters: 55, did not pass the filter by color: 46, added: 9, new vincodes: 0
09-08-2011 08:15:04 --- INFO: Lexus LX 470 - found: 16, pass primary filters: 12, did not pass the filter by color: 11, added: 1, new vincodes: 0
09-08-2011 08:15:18 --- INFO: Lexus LX 470 - found: 23, pass primary filters: 15, did not pass the filter by color: 15, added: 0, new vincodes: 0
09-08-2011 08:15:31 --- INFO: Toyota Land Cruiser - found: 14, pass primary filters: 9, did not pass the filter by color: 9, added: 0, new vincodes: 0
09-08-2011 08:16:18 --- INFO: Honda CR-V - found: 72, pass primary filters: 5, did not pass the filter by color: 0, added: 5, new vincodes: 0
09-08-2011 08:18:51 --- INFO: Honda CR-V - found: 221, pass primary filters: 16, did not pass the filter by color: 0, added: 16, new vincodes: 0
09-08-2011 08:19:43 --- INFO: Mitsubishi Montero 4WD Limited - found: 82, pass primary filters: 12, did not pass the filter by color: 12, added: 0, new vincodes: 0
09-08-2011 08:22:05 --- INFO: Toyota 4RUNNER 4WD Limited - found: 213, pass primary filters: 66, did not pass the filter by color: 50, added: 16, new vincodes: 0
09-08-2011 08:23:05 --- INFO: Toyota RAV 4 - found: 101, pass primary filters: 47, did not pass the filter by color: 33, added: 14, new vincodes: 0
09-08-2011 08:24:25 --- INFO: Toyota Highlander 4WD - found: 108, pass primary filters: 4, did not pass the filter by color: 3, added: 1, new vincodes: 0
09-08-2011 08:25:35 --- INFO: Subaru Forester - found: 124, pass primary filters: 9, did not pass the filter by color: 0, added: 9, new vincodes: 0
09-08-2011 08:27:05 --- INFO: Nissan Rogue - found: 135, pass primary filters: 9, did not pass the filter by color: 0, added: 9, new vincodes: 0
09-08-2011 08:28:05 --- INFO: Toyota Highlander - found: 108, pass primary filters: 44, did not pass the filter by color: 36, added: 8, new vincodes: 0
09-08-2011 08:29:01 --- INFO: Acura MDX - found: 94, pass primary filters: 3, did not pass the filter by color: 0, added: 3, new vincodes: 0
09-08-2011 08:29:01 --- INFO: finish: 09-08-2011 08:29:01
09-08-2011 08:29:01 --- INFO: elapsed time: ~1139.76 sec., memory usage: ~5.2 Mb.
09-08-2011 09:10:01 --- INFO: start: 09-08-2011 09:10:01
09-08-2011 09:10:01 --- INFO: ----------Source_Adesa (cli)
09-08-2011 09:10:02 --- INFO: Authorized request
09-08-2011 09:10:07 --- INFO: Lexus RX 300 - found: 5, pass primary filters: 3, did not pass the filter by color: 1, added: 2, new vincodes: 0
09-08-2011 09:10:09 --- INFO: Lexus RX 330 - found: 9, pass primary filters: 4, did not pass the filter by color: 1, added: 3, new vincodes: 0
09-08-2011 09:10:10 --- INFO: Lexus RX 400H - found: 1, pass primary filters: 1, did not pass the filter by color: 1, added: 0, new vincodes: 0
09-08-2011 09:10:14 --- INFO: Lexus GX 470 - found: 3, pass primary filters: 3, did not pass the filter by color: 3, added: 0, new vincodes: 0
09-08-2011 09:10:25 --- INFO: Lexus GX 470 - found: 6, pass primary filters: 4, did not pass the filter by color: 4, added: 0, new vincodes: 0
09-08-2011 09:10:25 --- INFO: Lexus LX 470 - found: 1, pass primary filters: 1, did not pass the filter by color: 1, added: 0, new vincodes: 0
09-08-2011 09:10:26 --- INFO: Lexus LX 470 - found: 1, pass primary filters: 1, did not pass the filter by color: 1, added: 0, new vincodes: 0
09-08-2011 09:10:28 --- INFO: Toyota Land Cruiser - found: 2, pass primary filters: 2, did not pass the filter by color: 2, added: 0, new vincodes: 0
09-08-2011 09:10:28 --- INFO: Honda CR-V - found: 12, pass primary filters: 0, did not pass the filter by color: 0, added: 0, new vincodes: 0
09-08-2011 09:10:30 --- INFO: Honda CR-V - found: 7, pass primary filters: 3, did not pass the filter by color: 0, added: 3, new vincodes: 0
09-08-2011 09:10:32 --- INFO: Mitsubishi Montero 4WD Limited - found: 17, pass primary filters: 1, did not pass the filter by color: 1, added: 0, new vincodes: 1
09-08-2011 09:10:39 --- INFO: Toyota 4RUNNER 4WD Limited - found: 27, pass primary filters: 7, did not pass the filter by color: 7, added: 0, new vincodes: 1
09-08-2011 09:10:41 --- INFO: Toyota RAV 4 - found: 10, pass primary filters: 3, did not pass the filter by color: 3, added: 0, new vincodes: 0
09-08-2011 09:10:41 --- INFO: Toyota Highlander 4WD - found: 28, pass primary filters: 0, did not pass the filter by color: 0, added: 0, new vincodes: 0
09-08-2011 09:10:46 --- INFO: Subaru Forester - found: 2, pass primary filters: 2, did not pass the filter by color: 0, added: 2, new vincodes: 0
09-08-2011 09:10:46 --- INFO: Nissan Rogue - found: 13, pass primary filters: 1, did not pass the filter by color: 0, added: 1, new vincodes: 0
09-08-2011 09:10:55 --- INFO: Toyota Highlander - found: 28, pass primary filters: 9, did not pass the filter by color: 9, added: 0, new vincodes: 1
09-08-2011 09:10:56 --- INFO: Acura MDX - found: 17, pass primary filters: 0, did not pass the filter by color: 0, added: 0, new vincodes: 0
09-08-2011 09:10:56 --- INFO: finish: 09-08-2011 09:10:56
09-08-2011 09:10:56 --- INFO: elapsed time: ~54.51 sec., memory usage: ~2.35 Mb.
09-08-2011 09:10:01 --- INFO: start: 09-08-2011 09:10:01
09-08-2011 09:10:01 --- INFO: ----------Source_Gsmotors (cli)
09-08-2011 09:10:49 --- INFO: Lexus RX 300 - found: 81, pass primary filters: 30, did not pass the filter by color: 8, added: 22, new vincodes: 0
09-08-2011 09:13:05 --- INFO: Lexus RX 330 - found: 207, pass primary filters: 61, did not pass the filter by color: 13, added: 48, new vincodes: 0
09-08-2011 09:13:26 --- INFO: Lexus RX 400H - found: 30, pass primary filters: 5, did not pass the filter by color: 4, added: 1, new vincodes: 0
09-08-2011 09:14:20 --- INFO: Lexus GX 470 - found: 93, pass primary filters: 45, did not pass the filter by color: 32, added: 13, new vincodes: 0
09-08-2011 09:15:32 --- INFO: Lexus GX 470 - found: 79, pass primary filters: 55, did not pass the filter by color: 46, added: 9, new vincodes: 0
09-08-2011 09:15:43 --- INFO: Lexus LX 470 - found: 16, pass primary filters: 12, did not pass the filter by color: 11, added: 1, new vincodes: 0
09-08-2011 09:15:55 --- INFO: Lexus LX 470 - found: 23, pass primary filters: 15, did not pass the filter by color: 15, added: 0, new vincodes: 0
09-08-2011 09:16:04 --- INFO: Toyota Land Cruiser - found: 14, pass primary filters: 9, did not pass the filter by color: 9, added: 0, new vincodes: 0
09-08-2011 09:16:43 --- INFO: Honda CR-V - found: 72, pass primary filters: 5, did not pass the filter by color: 0, added: 5, new vincodes: 0
09-08-2011 09:18:45 --- INFO: Honda CR-V - found: 221, pass primary filters: 16, did not pass the filter by color: 0, added: 16, new vincodes: 0
09-08-2011 09:19:31 --- INFO: Mitsubishi Montero 4WD Limited - found: 82, pass primary filters: 12, did not pass the filter by color: 12, added: 0, new vincodes: 0
09-08-2011 09:22:04 --- INFO: Toyota 4RUNNER 4WD Limited - found: 213, pass primary filters: 66, did not pass the filter by color: 50, added: 16, new vincodes: 0
09-08-2011 09:23:16 --- INFO: Toyota RAV 4 - found: 101, pass primary filters: 47, did not pass the filter by color: 33, added: 14, new vincodes: 0
09-08-2011 09:24:33 --- INFO: Toyota Highlander 4WD - found: 108, pass primary filters: 4, did not pass the filter by color: 3, added: 1, new vincodes: 0
09-08-2011 09:25:55 --- INFO: Subaru Forester - found: 124, pass primary filters: 9, did not pass the filter by color: 0, added: 9, new vincodes: 0
09-08-2011 09:27:36 --- INFO: Nissan Rogue - found: 135, pass primary filters: 9, did not pass the filter by color: 0, added: 9, new vincodes: 0
09-08-2011 09:28:39 --- INFO: Toyota Highlander - found: 108, pass primary filters: 44, did not pass the filter by color: 36, added: 8, new vincodes: 0
09-08-2011 09:29:30 --- INFO: Acura MDX - found: 94, pass primary filters: 3, did not pass the filter by color: 0, added: 3, new vincodes: 0
09-08-2011 09:29:30 --- INFO: finish: 09-08-2011 09:29:30
09-08-2011 09:29:30 --- INFO: elapsed time: ~1169.06 sec., memory usage: ~5.2 Mb.
09-08-2011 10:00:01 --- INFO: start: 09-08-2011 10:00:01
09-08-2011 10:00:01 --- INFO: ----------Source_Adesa (cli)
09-08-2011 10:00:03 --- INFO: Authorized request
09-08-2011 10:00:19 --- INFO: Lexus RX 300 - found: 5, pass primary filters: 3, did not pass the filter by color: 1, added: 2, new vincodes: 0
09-08-2011 10:00:22 --- INFO: Lexus RX 330 - found: 9, pass primary filters: 4, did not pass the filter by color: 1, added: 3, new vincodes: 0
09-08-2011 10:00:22 --- INFO: Lexus RX 400H - found: 1, pass primary filters: 1, did not pass the filter by color: 1, added: 0, new vincodes: 0
09-08-2011 10:00:32 --- INFO: Lexus GX 470 - found: 3, pass primary filters: 3, did not pass the filter by color: 3, added: 0, new vincodes: 0
09-08-2011 10:00:53 --- INFO: Lexus GX 470 - found: 6, pass primary filters: 4, did not pass the filter by color: 4, added: 0, new vincodes: 0
09-08-2011 10:00:54 --- INFO: Lexus LX 470 - found: 1, pass primary filters: 1, did not pass the filter by color: 1, added: 0, new vincodes: 0
09-08-2011 10:00:55 --- INFO: Lexus LX 470 - found: 1, pass primary filters: 1, did not pass the filter by color: 1, added: 0, new vincodes: 0
09-08-2011 10:01:01 --- INFO: Toyota Land Cruiser - found: 2, pass primary filters: 2, did not pass the filter by color: 2, added: 0, new vincodes: 0
09-08-2011 10:01:01 --- INFO: Honda CR-V - found: 13, pass primary filters: 0, did not pass the filter by color: 0, added: 0, new vincodes: 0
09-08-2011 10:01:03 --- INFO: Honda CR-V - found: 7, pass primary filters: 3, did not pass the filter by color: 0, added: 3, new vincodes: 0
09-08-2011 10:01:04 --- INFO: Mitsubishi Montero 4WD Limited - found: 19, pass primary filters: 1, did not pass the filter by color: 1, added: 0, new vincodes: 0
09-08-2011 10:01:10 --- INFO: Toyota 4RUNNER 4WD Limited - found: 27, pass primary filters: 7, did not pass the filter by color: 7, added: 0, new vincodes: 0
09-08-2011 10:01:15 --- INFO: Toyota RAV 4 - found: 11, pass primary filters: 3, did not pass the filter by color: 3, added: 0, new vincodes: 0
09-08-2011 10:01:16 --- INFO: Toyota Highlander 4WD - found: 28, pass primary filters: 0, did not pass the filter by color: 0, added: 0, new vincodes: 0
09-08-2011 10:01:20 --- INFO: Subaru Forester - found: 2, pass primary filters: 2, did not pass the filter by color: 0, added: 2, new vincodes: 0
09-08-2011 10:01:21 --- INFO: Nissan Rogue - found: 13, pass primary filters: 1, did not pass the filter by color: 0, added: 1, new vincodes: 0
09-08-2011 10:01:31 --- INFO: Toyota Highlander - found: 28, pass primary filters: 9, did not pass the filter by color: 9, added: 0, new vincodes: 0
09-08-2011 10:01:31 --- INFO: Acura MDX - found: 16, pass primary filters: 0, did not pass the filter by color: 0, added: 0, new vincodes: 0
09-08-2011 10:01:31 --- INFO: finish: 09-08-2011 10:01:31
09-08-2011 10:01:31 --- INFO: elapsed time: ~89.59 sec., memory usage: ~2.29 Mb.
09-08-2011 10:00:01 --- INFO: start: 09-08-2011 10:00:01
09-08-2011 10:00:01 --- INFO: ----------Source_Gsmotors (cli)
09-08-2011 10:01:44 --- INFO: Lexus RX 300 - found: 81, pass primary filters: 30, did not pass the filter by color: 8, added: 22, new vincodes: 0
09-08-2011 10:10:34 --- INFO: Lexus RX 330 - found: 207, pass primary filters: 61, did not pass the filter by color: 13, added: 48, new vincodes: 0
09-08-2011 10:11:17 --- INFO: Lexus RX 400H - found: 30, pass primary filters: 5, did not pass the filter by color: 4, added: 1, new vincodes: 0
09-08-2011 10:13:20 --- INFO: Lexus GX 470 - found: 93, pass primary filters: 45, did not pass the filter by color: 32, added: 13, new vincodes: 0
09-08-2011 10:15:12 --- INFO: Lexus GX 470 - found: 79, pass primary filters: 55, did not pass the filter by color: 46, added: 9, new vincodes: 0
09-08-2011 10:15:37 --- INFO: Lexus LX 470 - found: 16, pass primary filters: 12, did not pass the filter by color: 11, added: 1, new vincodes: 0
09-08-2011 10:16:09 --- INFO: Lexus LX 470 - found: 23, pass primary filters: 15, did not pass the filter by color: 15, added: 0, new vincodes: 0
09-08-2011 10:16:34 --- INFO: Toyota Land Cruiser - found: 14, pass primary filters: 9, did not pass the filter by color: 9, added: 0, new vincodes: 0
09-08-2011 10:18:15 --- INFO: Honda CR-V - found: 72, pass primary filters: 5, did not pass the filter by color: 0, added: 5, new vincodes: 0
09-08-2011 10:23:28 --- INFO: Honda CR-V - found: 221, pass primary filters: 16, did not pass the filter by color: 0, added: 16, new vincodes: 0
09-08-2011 10:25:29 --- INFO: Mitsubishi Montero 4WD Limited - found: 82, pass primary filters: 12, did not pass the filter by color: 12, added: 0, new vincodes: 0
09-08-2011 10:30:26 --- INFO: Toyota 4RUNNER 4WD Limited - found: 213, pass primary filters: 66, did not pass the filter by color: 50, added: 16, new vincodes: 0
09-08-2011 10:32:41 --- INFO: Toyota RAV 4 - found: 101, pass primary filters: 47, did not pass the filter by color: 33, added: 14, new vincodes: 0
09-08-2011 10:35:01 --- INFO: Toyota Highlander 4WD - found: 108, pass primary filters: 4, did not pass the filter by color: 3, added: 1, new vincodes: 0
09-08-2011 10:38:21 --- INFO: Subaru Forester - found: 124, pass primary filters: 9, did not pass the filter by color: 0, added: 9, new vincodes: 0
09-08-2011 10:41:50 --- INFO: Nissan Rogue - found: 135, pass primary filters: 9, did not pass the filter by color: 0, added: 9, new vincodes: 0
09-08-2011 10:46:37 --- INFO: Toyota Highlander - found: 120, pass primary filters: 49, did not pass the filter by color: 42, added: 7, new vincodes: 6
09-08-2011 10:48:45 --- INFO: Acura MDX - found: 96, pass primary filters: 3, did not pass the filter by color: 0, added: 3, new vincodes: 0
09-08-2011 10:48:45 --- INFO: finish: 09-08-2011 10:48:45
09-08-2011 10:48:45 --- INFO: elapsed time: ~2923.26 sec., memory usage: ~5.29 Mb.
09-08-2011 11:05:01 --- INFO: start: 09-08-2011 11:05:01
09-08-2011 11:05:01 --- INFO: ----------Source_Openlane (cli)
09-08-2011 11:05:04 --- ERROR: Unauthorized request
09-08-2011 11:05:04 --- INFO: finish: 09-08-2011 11:05:04
09-08-2011 11:05:04 --- INFO: elapsed time: ~2.96 sec., memory usage: ~1.31 Mb.
09-08-2011 11:10:01 --- INFO: start: 09-08-2011 11:10:01
09-08-2011 11:10:01 --- INFO: ----------Source_Adesa (cli)
09-08-2011 11:10:02 --- INFO: Authorized request
09-08-2011 11:10:06 --- INFO: Lexus RX 300 - found: 5, pass primary filters: 3, did not pass the filter by color: 1, added: 2, new vincodes: 0
09-08-2011 11:10:09 --- INFO: Lexus RX 330 - found: 10, pass primary filters: 4, did not pass the filter by color: 1, added: 3, new vincodes: 0
09-08-2011 11:10:13 --- INFO: Lexus RX 400H - found: 2, pass primary filters: 2, did not pass the filter by color: 2, added: 0, new vincodes: 1
09-08-2011 11:10:22 --- INFO: Lexus GX 470 - found: 3, pass primary filters: 3, did not pass the filter by color: 3, added: 0, new vincodes: 0
09-08-2011 11:10:44 --- INFO: Lexus GX 470 - found: 6, pass primary filters: 4, did not pass the filter by color: 4, added: 0, new vincodes: 0
09-08-2011 11:10:45 --- INFO: Lexus LX 470 - found: 1, pass primary filters: 1, did not pass the filter by color: 1, added: 0, new vincodes: 0
09-08-2011 11:10:46 --- INFO: Lexus LX 470 - found: 1, pass primary filters: 1, did not pass the filter by color: 1, added: 0, new vincodes: 0
09-08-2011 11:10:50 --- INFO: Toyota Land Cruiser - found: 2, pass primary filters: 2, did not pass the filter by color: 2, added: 0, new vincodes: 0
09-08-2011 11:10:50 --- INFO: Honda CR-V - found: 14, pass primary filters: 0, did not pass the filter by color: 0, added: 0, new vincodes: 0
09-08-2011 11:10:52 --- INFO: Honda CR-V - found: 7, pass primary filters: 3, did not pass the filter by color: 0, added: 3, new vincodes: 0
09-08-2011 11:10:53 --- INFO: Mitsubishi Montero 4WD Limited - found: 19, pass primary filters: 1, did not pass the filter by color: 1, added: 0, new vincodes: 0
09-08-2011 11:10:59 --- INFO: Toyota 4RUNNER 4WD Limited - found: 27, pass primary filters: 8, did not pass the filter by color: 7, added: 1, new vincodes: 1
09-08-2011 11:11:04 --- INFO: Toyota RAV 4 - found: 11, pass primary filters: 4, did not pass the filter by color: 4, added: 0, new vincodes: 1
09-08-2011 11:11:04 --- INFO: Toyota Highlander 4WD - found: 27, pass primary filters: 0, did not pass the filter by color: 0, added: 0, new vincodes: 0
09-08-2011 11:11:07 --- INFO: Subaru Forester - found: 1, pass primary filters: 1, did not pass the filter by color: 0, added: 1, new vincodes: 0
09-08-2011 11:11:09 --- INFO: Nissan Rogue - found: 13, pass primary filters: 2, did not pass the filter by color: 0, added: 2, new vincodes: 1
09-08-2011 11:11:24 --- INFO: Toyota Highlander - found: 27, pass primary filters: 12, did not pass the filter by color: 11, added: 1, new vincodes: 4
09-08-2011 11:11:24 --- INFO: Acura MDX - found: 15, pass primary filters: 0, did not pass the filter by color: 0, added: 0, new vincodes: 0
09-08-2011 11:11:24 --- INFO: finish: 09-08-2011 11:11:24
09-08-2011 11:11:24 --- INFO: elapsed time: ~83.36 sec., memory usage: ~2.38 Mb.
09-08-2011 11:10:01 --- INFO: start: 09-08-2011 11:10:01
09-08-2011 11:10:01 --- INFO: ----------Source_Ebay (cli)
09-08-2011 11:10:25 --- INFO: Lexus RX 300 - found: 28, pass primary filters: 4, did not pass the filter by color: 0, added: 4, new vincodes: 0
09-08-2011 11:12:33 --- INFO: Lexus RX 330 - found: 88, pass primary filters: 14, did not pass the filter by color: 4, added: 10, new vincodes: 0
09-08-2011 11:14:05 --- INFO: Lexus RX 400H - found: 59, pass primary filters: 2, did not pass the filter by color: 0, added: 2, new vincodes: 0
09-08-2011 11:14:32 --- INFO: Lexus GX 470 - found: 33, pass primary filters: 12, did not pass the filter by color: 9, added: 3, new vincodes: 0
09-08-2011 11:14:53 --- INFO: Lexus GX 470 - found: 26, pass primary filters: 14, did not pass the filter by color: 10, added: 4, new vincodes: 0
09-08-2011 11:15:03 --- INFO: Lexus LX 470 - found: 12, pass primary filters: 7, did not pass the filter by color: 7, added: 0, new vincodes: 0
09-08-2011 11:15:12 --- INFO: Lexus LX 470 - found: 9, pass primary filters: 6, did not pass the filter by color: 6, added: 0, new vincodes: 1
09-08-2011 11:15:19 --- INFO: Toyota Land Cruiser - found: 7, pass primary filters: 4, did not pass the filter by color: 4, added: 0, new vincodes: 0
09-08-2011 11:15:33 --- INFO: Honda CR-V - found: 16, pass primary filters: 1, did not pass the filter by color: 0, added: 1, new vincodes: 0
09-08-2011 11:17:16 --- INFO: Honda CR-V - found: 75, pass primary filters: 2, did not pass the filter by color: 0, added: 2, new vincodes: 0
09-08-2011 11:17:21 --- INFO: Mitsubishi Montero 4WD Limited - found: 5, pass primary filters: 1, did not pass the filter by color: 1, added: 0, new vincodes: 0
09-08-2011 11:18:42 --- INFO: Toyota 4RUNNER 4WD Limited - found: 60, pass primary filters: 34, did not pass the filter by color: 22, added: 12, new vincodes: 0
09-08-2011 11:18:55 --- INFO: Toyota RAV 4 - found: 16, pass primary filters: 4, did not pass the filter by color: 3, added: 1, new vincodes: 1
09-08-2011 11:19:09 --- INFO: Toyota Highlander 4WD - found: 17, pass primary filters: 0, did not pass the filter by color: 0, added: 0, new vincodes: 0
09-08-2011 11:20:31 --- INFO: Subaru Forester - found: 57, pass primary filters: 6, did not pass the filter by color: 0, added: 6, new vincodes: 0
09-08-2011 11:21:02 --- INFO: Nissan Rogue - found: 40, pass primary filters: 2, did not pass the filter by color: 0, added: 2, new vincodes: 0
09-08-2011 11:21:14 --- INFO: Toyota Highlander - found: 17, pass primary filters: 1, did not pass the filter by color: 1, added: 0, new vincodes: 0
09-08-2011 11:21:29 --- INFO: Acura MDX - found: 19, pass primary filters: 0, did not pass the filter by color: 0, added: 0, new vincodes: 0
09-08-2011 11:21:29 --- INFO: finish: 09-08-2011 11:21:29
09-08-2011 11:21:29 --- INFO: elapsed time: ~688.26 sec., memory usage: ~2.87 Mb.
09-08-2011 11:10:01 --- INFO: start: 09-08-2011 11:10:01
09-08-2011 11:10:01 --- INFO: ----------Source_Gsmotors (cli)
09-08-2011 11:11:50 --- INFO: Lexus RX 300 - found: 95, pass primary filters: 30, did not pass the filter by color: 9, added: 21, new vincodes: 1
09-08-2011 11:16:48 --- INFO: Lexus RX 330 - found: 232, pass primary filters: 62, did not pass the filter by color: 16, added: 46, new vincodes: 1
09-08-2011 11:17:26 --- INFO: Lexus RX 400H - found: 31, pass primary filters: 4, did not pass the filter by color: 4, added: 0, new vincodes: 0
09-08-2011 11:19:10 --- INFO: Lexus GX 470 - found: 99, pass primary filters: 46, did not pass the filter by color: 34, added: 12, new vincodes: 1
09-08-2011 11:20:50 --- INFO: Lexus GX 470 - found: 86, pass primary filters: 56, did not pass the filter by color: 47, added: 9, new vincodes: 0
09-08-2011 11:21:11 --- INFO: Lexus LX 470 - found: 16, pass primary filters: 12, did not pass the filter by color: 11, added: 1, new vincodes: 0
09-08-2011 11:21:35 --- INFO: Lexus LX 470 - found: 25, pass primary filters: 15, did not pass the filter by color: 15, added: 0, new vincodes: 1
09-08-2011 11:21:57 --- INFO: Toyota Land Cruiser - found: 19, pass primary filters: 9, did not pass the filter by color: 9, added: 0, new vincodes: 1
09-08-2011 11:23:20 --- INFO: Honda CR-V - found: 79, pass primary filters: 3, did not pass the filter by color: 0, added: 3, new vincodes: 1
09-08-2011 11:28:22 --- INFO: Honda CR-V - found: 236, pass primary filters: 13, did not pass the filter by color: 0, added: 13, new vincodes: 0
09-08-2011 11:30:12 --- INFO: Mitsubishi Montero 4WD Limited - found: 82, pass primary filters: 13, did not pass the filter by color: 13, added: 0, new vincodes: 1
09-08-2011 11:35:10 --- INFO: Toyota 4RUNNER 4WD Limited - found: 235, pass primary filters: 74, did not pass the filter by color: 53, added: 21, new vincodes: 4
09-08-2011 11:37:18 --- INFO: Toyota RAV 4 - found: 102, pass primary filters: 39, did not pass the filter by color: 24, added: 15, new vincodes: 1
09-08-2011 11:38:21 --- INFO: Toyota Highlander 4WD - found: 120, pass primary filters: 4, did not pass the filter by color: 3, added: 1, new vincodes: 0
09-08-2011 11:41:29 --- INFO: Subaru Forester - found: 117, pass primary filters: 11, did not pass the filter by color: 0, added: 11, new vincodes: 1
09-08-2011 11:45:11 --- INFO: Nissan Rogue - found: 148, pass primary filters: 10, did not pass the filter by color: 0, added: 10, new vincodes: 0
09-08-2011 11:46:07 --- INFO: Toyota Highlander - found: 120, pass primary filters: 49, did not pass the filter by color: 41, added: 8, new vincodes: 0
09-08-2011 11:47:12 --- INFO: Acura MDX - found: 96, pass primary filters: 3, did not pass the filter by color: 0, added: 3, new vincodes: 0
09-08-2011 11:47:12 --- INFO: finish: 09-08-2011 11:47:12
09-08-2011 11:47:12 --- INFO: elapsed time: ~2231.5 sec., memory usage: ~5.37 Mb.
09-08-2011 12:20:01 --- INFO: start: 09-08-2011 12:20:01
09-08-2011 12:20:01 --- INFO: ----------Source_Adesa (cli)
09-08-2011 12:20:02 --- INFO: Authorized request
09-08-2011 12:20:06 --- INFO: Lexus RX 300 - found: 5, pass primary filters: 3, did not pass the filter by color: 1, added: 2, new vincodes: 0
09-08-2011 12:20:09 --- INFO: Lexus RX 330 - found: 10, pass primary filters: 4, did not pass the filter by color: 1, added: 3, new vincodes: 0
09-08-2011 12:20:10 --- INFO: Lexus RX 400H - found: 2, pass primary filters: 2, did not pass the filter by color: 2, added: 0, new vincodes: 0
09-08-2011 12:20:16 --- INFO: Lexus GX 470 - found: 3, pass primary filters: 3, did not pass the filter by color: 3, added: 0, new vincodes: 0
09-08-2011 12:20:25 --- INFO: Lexus GX 470 - found: 6, pass primary filters: 4, did not pass the filter by color: 4, added: 0, new vincodes: 0
09-08-2011 12:20:25 --- INFO: Lexus LX 470 - found: 1, pass primary filters: 1, did not pass the filter by color: 1, added: 0, new vincodes: 0
09-08-2011 12:20:26 --- INFO: Lexus LX 470 - found: 1, pass primary filters: 1, did not pass the filter by color: 1, added: 0, new vincodes: 0
09-08-2011 12:20:27 --- INFO: Toyota Land Cruiser - found: 2, pass primary filters: 2, did not pass the filter by color: 2, added: 0, new vincodes: 0
09-08-2011 12:20:28 --- INFO: Honda CR-V - found: 14, pass primary filters: 0, did not pass the filter by color: 0, added: 0, new vincodes: 0
09-08-2011 12:20:30 --- INFO: Honda CR-V - found: 7, pass primary filters: 3, did not pass the filter by color: 0, added: 3, new vincodes: 0
09-08-2011 12:20:31 --- INFO: Mitsubishi Montero 4WD Limited - found: 19, pass primary filters: 1, did not pass the filter by color: 1, added: 0, new vincodes: 0
09-08-2011 12:20:35 --- INFO: Toyota 4RUNNER 4WD Limited - found: 27, pass primary filters: 8, did not pass the filter by color: 7, added: 1, new vincodes: 0
09-08-2011 12:20:46 --- INFO: Toyota RAV 4 - found: 12, pass primary filters: 5, did not pass the filter by color: 5, added: 0, new vincodes: 1
09-08-2011 12:20:47 --- INFO: Toyota Highlander 4WD - found: 26, pass primary filters: 0, did not pass the filter by color: 0, added: 0, new vincodes: 0
09-08-2011 12:20:52 --- INFO: Subaru Forester - found: 2, pass primary filters: 2, did not pass the filter by color: 0, added: 2, new vincodes: 1
09-08-2011 12:20:53 --- INFO: Nissan Rogue - found: 13, pass primary filters: 2, did not pass the filter by color: 0, added: 2, new vincodes: 0
09-08-2011 12:21:06 --- INFO: Toyota Highlander - found: 26, pass primary filters: 12, did not pass the filter by color: 11, added: 1, new vincodes: 0
09-08-2011 12:21:06 --- INFO: Acura MDX - found: 16, pass primary filters: 0, did not pass the filter by color: 0, added: 0, new vincodes: 0
09-08-2011 12:21:06 --- INFO: finish: 09-08-2011 12:21:06
09-08-2011 12:21:06 --- INFO: elapsed time: ~65.59 sec., memory usage: ~2.35 Mb.
09-08-2011 12:20:01 --- INFO: start: 09-08-2011 12:20:01
09-08-2011 12:20:01 --- INFO: ----------Source_Gsmotors (cli)
09-08-2011 12:21:04 --- INFO: Lexus RX 300 - found: 95, pass primary filters: 30, did not pass the filter by color: 9, added: 21, new vincodes: 0
09-08-2011 12:24:01 --- INFO: Lexus RX 330 - found: 232, pass primary filters: 62, did not pass the filter by color: 16, added: 46, new vincodes: 0
09-08-2011 12:24:25 --- INFO: Lexus RX 400H - found: 31, pass primary filters: 4, did not pass the filter by color: 4, added: 0, new vincodes: 0
09-08-2011 12:25:30 --- INFO: Lexus GX 470 - found: 99, pass primary filters: 46, did not pass the filter by color: 34, added: 12, new vincodes: 0
09-08-2011 12:26:21 --- INFO: Lexus GX 470 - found: 86, pass primary filters: 56, did not pass the filter by color: 47, added: 9, new vincodes: 0
09-08-2011 12:26:32 --- INFO: Lexus LX 470 - found: 16, pass primary filters: 12, did not pass the filter by color: 11, added: 1, new vincodes: 0
09-08-2011 12:26:53 --- INFO: Lexus LX 470 - found: 25, pass primary filters: 15, did not pass the filter by color: 15, added: 0, new vincodes: 0
09-08-2011 12:27:07 --- INFO: Toyota Land Cruiser - found: 19, pass primary filters: 9, did not pass the filter by color: 9, added: 0, new vincodes: 0
09-08-2011 12:28:06 --- INFO: Honda CR-V - found: 79, pass primary filters: 3, did not pass the filter by color: 0, added: 3, new vincodes: 0
09-08-2011 12:30:41 --- INFO: Honda CR-V - found: 236, pass primary filters: 13, did not pass the filter by color: 0, added: 13, new vincodes: 0
09-08-2011 12:32:00 --- INFO: Mitsubishi Montero 4WD Limited - found: 82, pass primary filters: 13, did not pass the filter by color: 13, added: 0, new vincodes: 0
09-08-2011 12:34:32 --- INFO: Toyota 4RUNNER 4WD Limited - found: 235, pass primary filters: 74, did not pass the filter by color: 54, added: 20, new vincodes: 0
09-08-2011 12:35:58 --- INFO: Toyota RAV 4 - found: 102, pass primary filters: 39, did not pass the filter by color: 24, added: 15, new vincodes: 0
09-08-2011 12:37:35 --- INFO: Toyota Highlander 4WD - found: 120, pass primary filters: 4, did not pass the filter by color: 3, added: 1, new vincodes: 0
09-08-2011 12:44:25 --- INFO: Subaru Forester - found: 117, pass primary filters: 11, did not pass the filter by color: 0, added: 11, new vincodes: 0
09-08-2011 12:46:00 --- INFO: Nissan Rogue - found: 148, pass primary filters: 10, did not pass the filter by color: 0, added: 10, new vincodes: 0
09-08-2011 12:47:21 --- INFO: Toyota Highlander - found: 120, pass primary filters: 49, did not pass the filter by color: 41, added: 8, new vincodes: 0
09-08-2011 12:48:54 --- INFO: Acura MDX - found: 96, pass primary filters: 3, did not pass the filter by color: 0, added: 3, new vincodes: 0
09-08-2011 12:48:54 --- INFO: finish: 09-08-2011 12:48:54
09-08-2011 12:48:54 --- INFO: elapsed time: ~1733.55 sec., memory usage: ~5.24 Mb.
09-08-2011 13:20:01 --- INFO: start: 09-08-2011 13:20:01
09-08-2011 13:20:02 --- INFO: ----------Source_Adesa (cli)
09-08-2011 13:20:02 --- INFO: Authorized request
09-08-2011 13:20:08 --- INFO: Lexus RX 300 - found: 5, pass primary filters: 3, did not pass the filter by color: 1, added: 2, new vincodes: 0
09-08-2011 13:20:15 --- INFO: Lexus RX 330 - found: 12, pass primary filters: 6, did not pass the filter by color: 1, added: 5, new vincodes: 0
09-08-2011 13:20:18 --- INFO: Lexus RX 400H - found: 2, pass primary filters: 2, did not pass the filter by color: 2, added: 0, new vincodes: 0
09-08-2011 13:20:31 --- INFO: Lexus GX 470 - found: 4, pass primary filters: 4, did not pass the filter by color: 4, added: 0, new vincodes: 1
09-08-2011 13:21:01 --- INFO: Lexus GX 470 - found: 6, pass primary filters: 4, did not pass the filter by color: 4, added: 0, new vincodes: 0
09-08-2011 13:21:01 --- INFO: Lexus LX 470 - found: 1, pass primary filters: 1, did not pass the filter by color: 1, added: 0, new vincodes: 0
09-08-2011 13:21:02 --- INFO: Lexus LX 470 - found: 1, pass primary filters: 1, did not pass the filter by color: 1, added: 0, new vincodes: 0
09-08-2011 13:21:05 --- INFO: Toyota Land Cruiser - found: 2, pass primary filters: 2, did not pass the filter by color: 2, added: 0, new vincodes: 0
09-08-2011 13:21:05 --- INFO: Honda CR-V - found: 14, pass primary filters: 0, did not pass the filter by color: 0, added: 0, new vincodes: 0
09-08-2011 13:21:07 --- INFO: Honda CR-V - found: 7, pass primary filters: 3, did not pass the filter by color: 0, added: 3, new vincodes: 0
09-08-2011 13:21:11 --- INFO: Mitsubishi Montero 4WD Limited - found: 20, pass primary filters: 1, did not pass the filter by color: 1, added: 0, new vincodes: 0
09-08-2011 13:21:21 --- INFO: Toyota 4RUNNER 4WD Limited - found: 27, pass primary filters: 8, did not pass the filter by color: 7, added: 1, new vincodes: 0
09-08-2011 13:21:34 --- INFO: Toyota RAV 4 - found: 12, pass primary filters: 5, did not pass the filter by color: 5, added: 0, new vincodes: 0
09-08-2011 13:21:34 --- INFO: Toyota Highlander 4WD - found: 27, pass primary filters: 0, did not pass the filter by color: 0, added: 0, new vincodes: 0
09-08-2011 13:21:50 --- INFO: Subaru Forester - found: 3, pass primary filters: 3, did not pass the filter by color: 0, added: 3, new vincodes: 1
09-08-2011 13:21:51 --- INFO: Nissan Rogue - found: 13, pass primary filters: 2, did not pass the filter by color: 0, added: 2, new vincodes: 0
09-08-2011 13:22:03 --- INFO: Toyota Highlander - found: 27, pass primary filters: 12, did not pass the filter by color: 11, added: 1, new vincodes: 0
09-08-2011 13:22:04 --- INFO: Acura MDX - found: 16, pass primary filters: 0, did not pass the filter by color: 0, added: 0, new vincodes: 0
09-08-2011 13:22:04 --- INFO: finish: 09-08-2011 13:22:04
09-08-2011 13:22:04 --- INFO: elapsed time: ~122.14 sec., memory usage: ~2.4 Mb.
09-08-2011 13:20:01 --- INFO: start: 09-08-2011 13:20:01
09-08-2011 13:20:02 --- INFO: ----------Source_Gsmotors (cli)
09-08-2011 13:20:52 --- INFO: Lexus RX 300 - found: 95, pass primary filters: 30, did not pass the filter by color: 9, added: 21, new vincodes: 0
09-08-2011 13:23:18 --- INFO: Lexus RX 330 - found: 232, pass primary filters: 62, did not pass the filter by color: 16, added: 46, new vincodes: 0
09-08-2011 13:23:43 --- INFO: Lexus RX 400H - found: 31, pass primary filters: 4, did not pass the filter by color: 4, added: 0, new vincodes: 0
09-08-2011 13:24:55 --- INFO: Lexus GX 470 - found: 99, pass primary filters: 46, did not pass the filter by color: 34, added: 12, new vincodes: 0
09-08-2011 13:25:48 --- INFO: Lexus GX 470 - found: 86, pass primary filters: 56, did not pass the filter by color: 47, added: 9, new vincodes: 0
09-08-2011 13:26:00 --- INFO: Lexus LX 470 - found: 16, pass primary filters: 12, did not pass the filter by color: 11, added: 1, new vincodes: 0
09-08-2011 13:26:17 --- INFO: Lexus LX 470 - found: 25, pass primary filters: 15, did not pass the filter by color: 15, added: 0, new vincodes: 0
09-08-2011 13:26:32 --- INFO: Toyota Land Cruiser - found: 19, pass primary filters: 9, did not pass the filter by color: 9, added: 0, new vincodes: 0
09-08-2011 13:27:33 --- INFO: Honda CR-V - found: 79, pass primary filters: 3, did not pass the filter by color: 0, added: 3, new vincodes: 0
09-08-2011 13:29:54 --- INFO: Honda CR-V - found: 236, pass primary filters: 13, did not pass the filter by color: 0, added: 13, new vincodes: 0
09-08-2011 13:30:48 --- INFO: Mitsubishi Montero 4WD Limited - found: 82, pass primary filters: 13, did not pass the filter by color: 13, added: 0, new vincodes: 0
09-08-2011 13:33:08 --- INFO: Toyota 4RUNNER 4WD Limited - found: 235, pass primary filters: 74, did not pass the filter by color: 54, added: 20, new vincodes: 0
09-08-2011 13:34:17 --- INFO: Toyota RAV 4 - found: 102, pass primary filters: 39, did not pass the filter by color: 24, added: 15, new vincodes: 0
09-08-2011 13:35:34 --- INFO: Toyota Highlander 4WD - found: 120, pass primary filters: 4, did not pass the filter by color: 3, added: 1, new vincodes: 0
09-08-2011 13:37:07 --- INFO: Subaru Forester - found: 117, pass primary filters: 11, did not pass the filter by color: 0, added: 11, new vincodes: 0
09-08-2011 13:39:11 --- INFO: Nissan Rogue - found: 148, pass primary filters: 10, did not pass the filter by color: 0, added: 10, new vincodes: 0
09-08-2011 13:40:34 --- INFO: Toyota Highlander - found: 120, pass primary filters: 49, did not pass the filter by color: 41, added: 8, new vincodes: 0
09-08-2011 13:42:33 --- INFO: Acura MDX - found: 96, pass primary filters: 3, did not pass the filter by color: 0, added: 3, new vincodes: 0
09-08-2011 13:42:33 --- INFO: finish: 09-08-2011 13:42:33
09-08-2011 13:42:33 --- INFO: elapsed time: ~1351.12 sec., memory usage: ~5.24 Mb.
09-08-2011 15:05:01 --- INFO: start: 09-08-2011 15:05:01
09-08-2011 15:05:01 --- INFO: ----------Source_Openlane (cli)
09-08-2011 15:05:04 --- ERROR: Unauthorized request
09-08-2011 15:05:04 --- INFO: finish: 09-08-2011 15:05:04
09-08-2011 15:05:04 --- INFO: elapsed time: ~2.99 sec., memory usage: ~1.31 Mb.
09-08-2011 15:10:01 --- INFO: start: 09-08-2011 15:10:01
09-08-2011 15:10:01 --- INFO: ----------Source_Ebay (cli)
09-08-2011 15:10:25 --- INFO: Lexus RX 300 - found: 29, pass primary filters: 4, did not pass the filter by color: 0, added: 4, new vincodes: 0
09-08-2011 15:12:25 --- INFO: Lexus RX 330 - found: 85, pass primary filters: 16, did not pass the filter by color: 5, added: 11, new vincodes: 0
09-08-2011 15:13:45 --- INFO: Lexus RX 400H - found: 60, pass primary filters: 2, did not pass the filter by color: 0, added: 2, new vincodes: 0
09-08-2011 15:14:11 --- INFO: Lexus GX 470 - found: 33, pass primary filters: 12, did not pass the filter by color: 9, added: 3, new vincodes: 0
09-08-2011 15:14:32 --- INFO: Lexus GX 470 - found: 26, pass primary filters: 14, did not pass the filter by color: 10, added: 4, new vincodes: 0
09-08-2011 15:14:44 --- INFO: Lexus LX 470 - found: 13, pass primary filters: 8, did not pass the filter by color: 8, added: 0, new vincodes: 1
09-08-2011 15:14:52 --- INFO: Lexus LX 470 - found: 9, pass primary filters: 6, did not pass the filter by color: 6, added: 0, new vincodes: 0
09-08-2011 15:14:59 --- INFO: Toyota Land Cruiser - found: 7, pass primary filters: 4, did not pass the filter by color: 4, added: 0, new vincodes: 0
09-08-2011 15:15:13 --- INFO: Honda CR-V - found: 15, pass primary filters: 1, did not pass the filter by color: 0, added: 1, new vincodes: 0
09-08-2011 15:17:04 --- INFO: Honda CR-V - found: 76, pass primary filters: 2, did not pass the filter by color: 0, added: 2, new vincodes: 0
09-08-2011 15:17:09 --- INFO: Mitsubishi Montero 4WD Limited - found: 5, pass primary filters: 1, did not pass the filter by color: 1, added: 0, new vincodes: 0
09-08-2011 15:18:34 --- INFO: Toyota 4RUNNER 4WD Limited - found: 58, pass primary filters: 30, did not pass the filter by color: 14, added: 16, new vincodes: 0
09-08-2011 15:18:49 --- INFO: Toyota RAV 4 - found: 17, pass primary filters: 5, did not pass the filter by color: 4, added: 1, new vincodes: 1
09-08-2011 15:19:04 --- INFO: Toyota Highlander 4WD - found: 17, pass primary filters: 0, did not pass the filter by color: 0, added: 0, new vincodes: 0
09-08-2011 15:20:33 --- INFO: Subaru Forester - found: 58, pass primary filters: 8, did not pass the filter by color: 0, added: 8, new vincodes: 0
09-08-2011 15:21:08 --- INFO: Nissan Rogue - found: 40, pass primary filters: 2, did not pass the filter by color: 0, added: 2, new vincodes: 0
09-08-2011 15:21:22 --- INFO: Toyota Highlander - found: 17, pass primary filters: 1, did not pass the filter by color: 1, added: 0, new vincodes: 0
09-08-2011 15:21:37 --- INFO: Acura MDX - found: 18, pass primary filters: 0, did not pass the filter by color: 0, added: 0, new vincodes: 0
09-08-2011 15:21:37 --- INFO: finish: 09-08-2011 15:21:37
09-08-2011 15:21:37 --- INFO: elapsed time: ~695.51 sec., memory usage: ~2.88 Mb.
09-08-2011 16:10:01 --- INFO: start: 09-08-2011 16:10:01
09-08-2011 16:10:01 --- INFO: ----------Source_Adesa (cli)
09-08-2011 16:10:02 --- INFO: Authorized request
09-08-2011 16:10:08 --- INFO: Lexus RX 300 - found: 8, pass primary filters: 5, did not pass the filter by color: 2, added: 3, new vincodes: 1
09-08-2011 16:10:17 --- INFO: Lexus RX 330 - found: 13, pass primary filters: 7, did not pass the filter by color: 2, added: 5, new vincodes: 1
09-08-2011 16:10:20 --- INFO: Lexus RX 400H - found: 2, pass primary filters: 2, did not pass the filter by color: 2, added: 0, new vincodes: 0
09-08-2011 16:10:40 --- INFO: Lexus GX 470 - found: 6, pass primary filters: 5, did not pass the filter by color: 5, added: 0, new vincodes: 0
09-08-2011 16:11:06 --- INFO: Lexus GX 470 - found: 8, pass primary filters: 5, did not pass the filter by color: 5, added: 0, new vincodes: 1
09-08-2011 16:11:06 --- INFO: Lexus LX 470 - found: 1, pass primary filters: 1, did not pass the filter by color: 1, added: 0, new vincodes: 0
09-08-2011 16:11:09 --- INFO: Lexus LX 470 - found: 2, pass primary filters: 2, did not pass the filter by color: 2, added: 0, new vincodes: 0
09-08-2011 16:11:10 --- INFO: Toyota Land Cruiser - found: 2, pass primary filters: 2, did not pass the filter by color: 2, added: 0, new vincodes: 0
09-08-2011 16:11:14 --- INFO: Honda CR-V - found: 17, pass primary filters: 2, did not pass the filter by color: 0, added: 2, new vincodes: 0
09-08-2011 16:11:15 --- INFO: Honda CR-V - found: 9, pass primary filters: 3, did not pass the filter by color: 0, added: 3, new vincodes: 0
09-08-2011 16:11:16 --- INFO: Mitsubishi Montero 4WD Limited - found: 22, pass primary filters: 1, did not pass the filter by color: 1, added: 0, new vincodes: 0
09-08-2011 16:11:21 --- INFO: Toyota 4RUNNER 4WD Limited - found: 30, pass primary filters: 8, did not pass the filter by color: 7, added: 1, new vincodes: 0
09-08-2011 16:11:27 --- INFO: Toyota RAV 4 - found: 17, pass primary filters: 6, did not pass the filter by color: 6, added: 0, new vincodes: 1
09-08-2011 16:11:27 --- INFO: Toyota Highlander 4WD - found: 29, pass primary filters: 0, did not pass the filter by color: 0, added: 0, new vincodes: 0
09-08-2011 16:11:31 --- INFO: Subaru Forester - found: 3, pass primary filters: 3, did not pass the filter by color: 0, added: 3, new vincodes: 0
09-08-2011 16:11:32 --- INFO: Nissan Rogue - found: 14, pass primary filters: 2, did not pass the filter by color: 0, added: 2, new vincodes: 0
09-08-2011 16:11:40 --- INFO: Toyota Highlander - found: 29, pass primary filters: 14, did not pass the filter by color: 13, added: 1, new vincodes: 1
09-08-2011 16:11:41 --- INFO: Acura MDX - found: 17, pass primary filters: 0, did not pass the filter by color: 0, added: 0, new vincodes: 0
09-08-2011 16:11:41 --- INFO: finish: 09-08-2011 16:11:41
09-08-2011 16:11:41 --- INFO: elapsed time: ~99.45 sec., memory usage: ~2.5 Mb.
09-08-2011 16:10:01 --- INFO: start: 09-08-2011 16:10:01
09-08-2011 16:10:01 --- INFO: ----------Source_Gsmotors (cli)
09-08-2011 16:12:44 --- INFO: Lexus RX 300 - found: 98, pass primary filters: 29, did not pass the filter by color: 9, added: 20, new vincodes: 1
09-08-2011 16:18:23 --- INFO: Lexus RX 330 - found: 266, pass primary filters: 60, did not pass the filter by color: 16, added: 44, new vincodes: 0
09-08-2011 16:19:12 --- INFO: Lexus RX 400H - found: 35, pass primary filters: 6, did not pass the filter by color: 5, added: 1, new vincodes: 1
09-08-2011 16:21:19 --- INFO: Lexus GX 470 - found: 105, pass primary filters: 49, did not pass the filter by color: 34, added: 15, new vincodes: 2
09-08-2011 16:23:16 --- INFO: Lexus GX 470 - found: 95, pass primary filters: 61, did not pass the filter by color: 53, added: 8, new vincodes: 2
09-08-2011 16:23:55 --- INFO: Lexus LX 470 - found: 19, pass primary filters: 12, did not pass the filter by color: 11, added: 1, new vincodes: 0
09-08-2011 16:24:32 --- INFO: Lexus LX 470 - found: 25, pass primary filters: 15, did not pass the filter by color: 15, added: 0, new vincodes: 1
09-08-2011 16:24:59 --- INFO: Toyota Land Cruiser - found: 18, pass primary filters: 8, did not pass the filter by color: 8, added: 0, new vincodes: 0
09-08-2011 16:26:52 --- INFO: Honda CR-V - found: 81, pass primary filters: 4, did not pass the filter by color: 0, added: 4, new vincodes: 1
09-08-2011 16:33:16 --- INFO: Honda CR-V - found: 258, pass primary filters: 14, did not pass the filter by color: 0, added: 14, new vincodes: 1
09-08-2011 16:35:13 --- INFO: Mitsubishi Montero 4WD Limited - found: 76, pass primary filters: 12, did not pass the filter by color: 12, added: 0, new vincodes: 0
09-08-2011 16:40:07 --- INFO: Toyota 4RUNNER 4WD Limited - found: 264, pass primary filters: 75, did not pass the filter by color: 54, added: 21, new vincodes: 2
09-08-2011 16:42:13 --- INFO: Toyota RAV 4 - found: 108, pass primary filters: 43, did not pass the filter by color: 28, added: 15, new vincodes: 2
09-08-2011 16:44:23 --- INFO: Toyota Highlander 4WD - found: 122, pass primary filters: 5, did not pass the filter by color: 4, added: 1, new vincodes: 1
09-08-2011 16:49:41 --- INFO: Subaru Forester - found: 179, pass primary filters: 12, did not pass the filter by color: 0, added: 12, new vincodes: 0
09-08-2011 16:54:07 --- INFO: Nissan Rogue - found: 165, pass primary filters: 13, did not pass the filter by color: 0, added: 13, new vincodes: 1
09-08-2011 16:55:14 --- INFO: Toyota Highlander - found: 122, pass primary filters: 51, did not pass the filter by color: 43, added: 8, new vincodes: 3
09-08-2011 16:57:07 --- INFO: Acura MDX - found: 103, pass primary filters: 3, did not pass the filter by color: 0, added: 3, new vincodes: 0
09-08-2011 16:57:07 --- INFO: finish: 09-08-2011 16:57:07
09-08-2011 16:57:07 --- INFO: elapsed time: ~2825.34 sec., memory usage: ~5.51 Mb.
09-08-2011 18:10:01 --- INFO: start: 09-08-2011 18:10:01
09-08-2011 18:10:01 --- INFO: ----------Source_Adesa (cli)
09-08-2011 18:10:02 --- INFO: Authorized request
09-08-2011 18:10:07 --- INFO: Lexus RX 300 - found: 9, pass primary filters: 5, did not pass the filter by color: 2, added: 3, new vincodes: 0
09-08-2011 18:10:19 --- INFO: Lexus RX 330 - found: 14, pass primary filters: 9, did not pass the filter by color: 2, added: 7, new vincodes: 2
09-08-2011 18:10:22 --- INFO: Lexus RX 400H - found: 2, pass primary filters: 2, did not pass the filter by color: 2, added: 0, new vincodes: 0
09-08-2011 18:10:31 --- INFO: Lexus GX 470 - found: 7, pass primary filters: 6, did not pass the filter by color: 6, added: 0, new vincodes: 1
09-08-2011 18:10:51 --- INFO: Lexus GX 470 - found: 8, pass primary filters: 6, did not pass the filter by color: 6, added: 0, new vincodes: 0
09-08-2011 18:10:51 --- INFO: Lexus LX 470 - found: 1, pass primary filters: 1, did not pass the filter by color: 1, added: 0, new vincodes: 0
09-08-2011 18:10:54 --- INFO: Lexus LX 470 - found: 2, pass primary filters: 2, did not pass the filter by color: 2, added: 0, new vincodes: 0
09-08-2011 18:10:56 --- INFO: Toyota Land Cruiser - found: 2, pass primary filters: 2, did not pass the filter by color: 2, added: 0, new vincodes: 0
09-08-2011 18:10:59 --- INFO: Honda CR-V - found: 19, pass primary filters: 2, did not pass the filter by color: 0, added: 2, new vincodes: 0
09-08-2011 18:11:00 --- INFO: Honda CR-V - found: 10, pass primary filters: 3, did not pass the filter by color: 0, added: 3, new vincodes: 0
09-08-2011 18:11:11 --- INFO: Mitsubishi Montero 4WD Limited - found: 25, pass primary filters: 2, did not pass the filter by color: 2, added: 0, new vincodes: 1
09-08-2011 18:11:17 --- INFO: Toyota 4RUNNER 4WD Limited - found: 31, pass primary filters: 8, did not pass the filter by color: 7, added: 1, new vincodes: 0
09-08-2011 18:11:24 --- INFO: Toyota RAV 4 - found: 19, pass primary filters: 6, did not pass the filter by color: 6, added: 0, new vincodes: 0
09-08-2011 18:11:24 --- INFO: Toyota Highlander 4WD - found: 31, pass primary filters: 0, did not pass the filter by color: 0, added: 0, new vincodes: 0
09-08-2011 18:11:29 --- INFO: Subaru Forester - found: 3, pass primary filters: 3, did not pass the filter by color: 0, added: 3, new vincodes: 0
09-08-2011 18:11:30 --- INFO: Nissan Rogue - found: 14, pass primary filters: 2, did not pass the filter by color: 0, added: 2, new vincodes: 0
09-08-2011 18:11:37 --- INFO: Toyota Highlander - found: 31, pass primary filters: 14, did not pass the filter by color: 13, added: 1, new vincodes: 0
09-08-2011 18:11:38 --- INFO: Acura MDX - found: 18, pass primary filters: 0, did not pass the filter by color: 0, added: 0, new vincodes: 0
09-08-2011 18:11:38 --- INFO: finish: 09-08-2011 18:11:38
09-08-2011 18:11:38 --- INFO: elapsed time: ~96.47 sec., memory usage: ~2.55 Mb.
09-08-2011 18:10:01 --- INFO: start: 09-08-2011 18:10:01
09-08-2011 18:10:01 --- INFO: ----------Source_Gsmotors (cli)
09-08-2011 18:10:48 --- INFO: Lexus RX 300 - found: 98, pass primary filters: 29, did not pass the filter by color: 9, added: 20, new vincodes: 0
09-08-2011 18:13:33 --- INFO: Lexus RX 330 - found: 266, pass primary filters: 60, did not pass the filter by color: 15, added: 45, new vincodes: 0
09-08-2011 18:13:51 --- INFO: Lexus RX 400H - found: 35, pass primary filters: 6, did not pass the filter by color: 5, added: 1, new vincodes: 0
09-08-2011 18:14:56 --- INFO: Lexus GX 470 - found: 105, pass primary filters: 49, did not pass the filter by color: 34, added: 15, new vincodes: 0
09-08-2011 18:15:49 --- INFO: Lexus GX 470 - found: 95, pass primary filters: 61, did not pass the filter by color: 53, added: 8, new vincodes: 0
09-08-2011 18:16:02 --- INFO: Lexus LX 470 - found: 19, pass primary filters: 12, did not pass the filter by color: 11, added: 1, new vincodes: 0
09-08-2011 18:16:15 --- INFO: Lexus LX 470 - found: 25, pass primary filters: 15, did not pass the filter by color: 15, added: 0, new vincodes: 0
09-08-2011 18:16:24 --- INFO: Toyota Land Cruiser - found: 18, pass primary filters: 8, did not pass the filter by color: 8, added: 0, new vincodes: 0
09-08-2011 18:17:19 --- INFO: Honda CR-V - found: 81, pass primary filters: 4, did not pass the filter by color: 0, added: 4, new vincodes: 0
09-08-2011 18:19:44 --- INFO: Honda CR-V - found: 258, pass primary filters: 14, did not pass the filter by color: 0, added: 14, new vincodes: 0
09-08-2011 18:20:39 --- INFO: Mitsubishi Montero 4WD Limited - found: 76, pass primary filters: 12, did not pass the filter by color: 12, added: 0, new vincodes: 0
09-08-2011 18:23:15 --- INFO: Toyota 4RUNNER 4WD Limited - found: 264, pass primary filters: 75, did not pass the filter by color: 54, added: 21, new vincodes: 0
09-08-2011 18:24:21 --- INFO: Toyota RAV 4 - found: 108, pass primary filters: 43, did not pass the filter by color: 28, added: 15, new vincodes: 0
09-08-2011 18:25:53 --- INFO: Toyota Highlander 4WD - found: 122, pass primary filters: 5, did not pass the filter by color: 4, added: 1, new vincodes: 0
09-08-2011 18:27:30 --- INFO: Subaru Forester - found: 179, pass primary filters: 12, did not pass the filter by color: 0, added: 12, new vincodes: 0
09-08-2011 18:28:56 --- INFO: Nissan Rogue - found: 165, pass primary filters: 13, did not pass the filter by color: 0, added: 13, new vincodes: 0
09-08-2011 18:30:10 --- INFO: Toyota Highlander - found: 122, pass primary filters: 51, did not pass the filter by color: 43, added: 8, new vincodes: 0
09-08-2011 18:31:06 --- INFO: Acura MDX - found: 103, pass primary filters: 3, did not pass the filter by color: 0, added: 3, new vincodes: 0
09-08-2011 18:31:06 --- INFO: finish: 09-08-2011 18:31:06
09-08-2011 18:31:06 --- INFO: elapsed time: ~1264.67 sec., memory usage: ~5.38 Mb.
09-08-2011 19:05:01 --- INFO: start: 09-08-2011 19:05:01
09-08-2011 19:05:01 --- INFO: ----------Source_Openlane (cli)
09-08-2011 19:05:04 --- ERROR: Unauthorized request
09-08-2011 19:05:04 --- INFO: finish: 09-08-2011 19:05:04
09-08-2011 19:05:04 --- INFO: elapsed time: ~3.05 sec., memory usage: ~1.31 Mb.
09-08-2011 19:10:01 --- INFO: start: 09-08-2011 19:10:01
09-08-2011 19:10:01 --- INFO: ----------Source_Ebay (cli)
09-08-2011 19:10:28 --- INFO: Lexus RX 300 - found: 29, pass primary filters: 4, did not pass the filter by color: 0, added: 4, new vincodes: 0
09-08-2011 19:12:43 --- INFO: Lexus RX 330 - found: 84, pass primary filters: 16, did not pass the filter by color: 6, added: 10, new vincodes: 0
09-08-2011 19:14:12 --- INFO: Lexus RX 400H - found: 61, pass primary filters: 2, did not pass the filter by color: 0, added: 2, new vincodes: 0
09-08-2011 19:14:42 --- INFO: Lexus GX 470 - found: 34, pass primary filters: 14, did not pass the filter by color: 11, added: 3, new vincodes: 1
09-08-2011 19:15:08 --- INFO: Lexus GX 470 - found: 27, pass primary filters: 17, did not pass the filter by color: 13, added: 4, new vincodes: 1
09-08-2011 19:15:21 --- INFO: Lexus LX 470 - found: 12, pass primary filters: 8, did not pass the filter by color: 8, added: 0, new vincodes: 0
09-08-2011 19:15:33 --- INFO: Lexus LX 470 - found: 9, pass primary filters: 7, did not pass the filter by color: 7, added: 0, new vincodes: 0
09-08-2011 19:15:45 --- INFO: Toyota Land Cruiser - found: 7, pass primary filters: 4, did not pass the filter by color: 4, added: 0, new vincodes: 0
09-08-2011 19:15:58 --- INFO: Honda CR-V - found: 14, pass primary filters: 1, did not pass the filter by color: 0, added: 1, new vincodes: 0
09-08-2011 19:17:45 --- INFO: Honda CR-V - found: 75, pass primary filters: 2, did not pass the filter by color: 0, added: 2, new vincodes: 0
09-08-2011 19:17:49 --- INFO: Mitsubishi Montero 4WD Limited - found: 4, pass primary filters: 0, did not pass the filter by color: 0, added: 0, new vincodes: 0
09-08-2011 19:19:12 --- INFO: Toyota 4RUNNER 4WD Limited - found: 57, pass primary filters: 30, did not pass the filter by color: 16, added: 14, new vincodes: 0
09-08-2011 19:19:24 --- INFO: Toyota RAV 4 - found: 15, pass primary filters: 5, did not pass the filter by color: 4, added: 1, new vincodes: 0
09-08-2011 19:19:41 --- INFO: Toyota Highlander 4WD - found: 18, pass primary filters: 0, did not pass the filter by color: 0, added: 0, new vincodes: 0
09-08-2011 19:21:22 --- INFO: Subaru Forester - found: 58, pass primary filters: 8, did not pass the filter by color: 0, added: 8, new vincodes: 0
09-08-2011 19:21:58 --- INFO: Nissan Rogue - found: 40, pass primary filters: 2, did not pass the filter by color: 0, added: 2, new vincodes: 0
09-08-2011 19:22:12 --- INFO: Toyota Highlander - found: 18, pass primary filters: 1, did not pass the filter by color: 1, added: 0, new vincodes: 0
09-08-2011 19:22:25 --- INFO: Acura MDX - found: 17, pass primary filters: 0, did not pass the filter by color: 0, added: 0, new vincodes: 0
09-08-2011 19:22:25 --- INFO: finish: 09-08-2011 19:22:25
09-08-2011 19:22:25 --- INFO: elapsed time: ~743.59 sec., memory usage: ~2.91 Mb.
09-08-2011 23:05:01 --- INFO: start: 09-08-2011 23:05:01
09-08-2011 23:05:01 --- INFO: ----------Source_Openlane (cli)
09-08-2011 23:05:04 --- ERROR: Unauthorized request
09-08-2011 23:05:04 --- INFO: finish: 09-08-2011 23:05:04
09-08-2011 23:05:04 --- INFO: elapsed time: ~2.94 sec., memory usage: ~1.31 Mb.
09-08-2011 23:10:01 --- INFO: start: 09-08-2011 23:10:01
09-08-2011 23:10:01 --- INFO: ----------Source_Ebay (cli)
09-08-2011 23:10:24 --- INFO: Lexus RX 300 - found: 28, pass primary filters: 3, did not pass the filter by color: 0, added: 3, new vincodes: 0
09-08-2011 23:12:29 --- INFO: Lexus RX 330 - found: 83, pass primary filters: 16, did not pass the filter by color: 5, added: 11, new vincodes: 0
09-08-2011 23:13:56 --- INFO: Lexus RX 400H - found: 59, pass primary filters: 0, did not pass the filter by color: 0, added: 0, new vincodes: 0
09-08-2011 23:14:22 --- INFO: Lexus GX 470 - found: 34, pass primary filters: 14, did not pass the filter by color: 11, added: 3, new vincodes: 0
09-08-2011 23:14:42 --- INFO: Lexus GX 470 - found: 27, pass primary filters: 17, did not pass the filter by color: 13, added: 4, new vincodes: 0
09-08-2011 23:14:52 --- INFO: Lexus LX 470 - found: 13, pass primary filters: 8, did not pass the filter by color: 8, added: 0, new vincodes: 0
09-08-2011 23:14:59 --- INFO: Lexus LX 470 - found: 9, pass primary filters: 7, did not pass the filter by color: 7, added: 0, new vincodes: 0
09-08-2011 23:15:06 --- INFO: Toyota Land Cruiser - found: 8, pass primary filters: 4, did not pass the filter by color: 4, added: 0, new vincodes: 0
09-08-2011 23:15:16 --- INFO: Honda CR-V - found: 13, pass primary filters: 1, did not pass the filter by color: 0, added: 1, new vincodes: 0
09-08-2011 23:17:07 --- INFO: Honda CR-V - found: 75, pass primary filters: 2, did not pass the filter by color: 0, added: 2, new vincodes: 0
09-08-2011 23:17:11 --- INFO: Mitsubishi Montero 4WD Limited - found: 4, pass primary filters: 0, did not pass the filter by color: 0, added: 0, new vincodes: 0
09-08-2011 23:18:34 --- INFO: Toyota 4RUNNER 4WD Limited - found: 60, pass primary filters: 30, did not pass the filter by color: 16, added: 14, new vincodes: 0
09-08-2011 23:18:46 --- INFO: Toyota RAV 4 - found: 15, pass primary filters: 5, did not pass the filter by color: 4, added: 1, new vincodes: 0
09-08-2011 23:19:00 --- INFO: Toyota Highlander 4WD - found: 17, pass primary filters: 0, did not pass the filter by color: 0, added: 0, new vincodes: 0
09-08-2011 23:20:23 --- INFO: Subaru Forester - found: 58, pass primary filters: 8, did not pass the filter by color: 0, added: 8, new vincodes: 0
09-08-2011 23:20:53 --- INFO: Nissan Rogue - found: 40, pass primary filters: 2, did not pass the filter by color: 0, added: 2, new vincodes: 0
09-08-2011 23:21:06 --- INFO: Toyota Highlander - found: 17, pass primary filters: 1, did not pass the filter by color: 1, added: 0, new vincodes: 0
09-08-2011 23:21:19 --- INFO: Acura MDX - found: 17, pass primary filters: 0, did not pass the filter by color: 0, added: 0, new vincodes: 0
09-08-2011 23:21:19 --- INFO: finish: 09-08-2011 23:21:19
09-08-2011 23:21:19 --- INFO: elapsed time: ~677.27 sec., memory usage: ~2.86 Mb.