
10-11-2011 02:05:01 --- INFO: start: 10-11-2011 02:05:01
10-11-2011 02:05:01 --- INFO: ----------Source_Openlane (cli)
10-11-2011 02:05:05 --- ERROR: Unauthorized request
10-11-2011 02:05:05 --- INFO: finish: 10-11-2011 02:05:05
10-11-2011 02:05:05 --- INFO: elapsed time: ~3.35 sec., memory usage: ~1.31 Mb.
10-11-2011 02:10:01 --- INFO: start: 10-11-2011 02:10:01
10-11-2011 02:10:01 --- INFO: ----------Source_Ebay (cli)
10-11-2011 02:10:37 --- INFO: Lexus RX 300 - found: 21, pass primary filters: 3, did not pass the filter by color: 0, added: 3, new vincodes: 0
10-11-2011 02:14:37 --- INFO: Lexus RX 330 - found: 67, pass primary filters: 20, did not pass the filter by color: 4, added: 16, new vincodes: 0
10-11-2011 02:15:56 --- INFO: Lexus RX 400H - found: 46, pass primary filters: 1, did not pass the filter by color: 1, added: 0, new vincodes: 0
10-11-2011 02:16:33 --- INFO: Lexus GX 470 - found: 29, pass primary filters: 10, did not pass the filter by color: 8, added: 2, new vincodes: 0
10-11-2011 02:16:51 --- INFO: Lexus GX 470 - found: 16, pass primary filters: 6, did not pass the filter by color: 6, added: 0, new vincodes: 0
10-11-2011 02:17:02 --- INFO: Lexus LX 470 - found: 9, pass primary filters: 5, did not pass the filter by color: 5, added: 0, new vincodes: 0
10-11-2011 02:17:17 --- INFO: Lexus LX 470 - found: 13, pass primary filters: 10, did not pass the filter by color: 10, added: 0, new vincodes: 0
10-11-2011 02:17:21 --- INFO: Toyota Land Cruiser - found: 2, pass primary filters: 2, did not pass the filter by color: 2, added: 0, new vincodes: 0
10-11-2011 02:17:31 --- INFO: Honda CR-V - found: 10, pass primary filters: 0, did not pass the filter by color: 0, added: 0, new vincodes: 0
10-11-2011 02:20:56 --- INFO: Honda CR-V - found: 69, pass primary filters: 6, did not pass the filter by color: 0, added: 6, new vincodes: 0
10-11-2011 02:21:07 --- INFO: Mitsubishi Montero 4WD Limited - found: 3, pass primary filters: 0, did not pass the filter by color: 0, added: 0, new vincodes: 0
10-11-2011 02:22:16 --- INFO: Toyota 4RUNNER 4WD Limited - found: 44, pass primary filters: 15, did not pass the filter by color: 11, added: 4, new vincodes: 0
10-11-2011 02:22:39 --- INFO: Toyota RAV 4 - found: 11, pass primary filters: 4, did not pass the filter by color: 3, added: 1, new vincodes: 0
10-11-2011 02:23:02 --- INFO: Toyota Highlander 4WD - found: 12, pass primary filters: 0, did not pass the filter by color: 0, added: 0, new vincodes: 0
10-11-2011 02:24:40 --- INFO: Subaru Forester - found: 48, pass primary filters: 2, did not pass the filter by color: 0, added: 2, new vincodes: 0
10-11-2011 02:28:04 --- INFO: Nissan Rogue - found: 54, pass primary filters: 0, did not pass the filter by color: 0, added: 0, new vincodes: 0
10-11-2011 02:28:19 --- INFO: Toyota Highlander - found: 12, pass primary filters: 4, did not pass the filter by color: 3, added: 1, new vincodes: 0
10-11-2011 02:28:30 --- INFO: Acura MDX - found: 10, pass primary filters: 0, did not pass the filter by color: 0, added: 0, new vincodes: 0
10-11-2011 02:28:30 --- INFO: finish: 10-11-2011 02:28:30
10-11-2011 02:28:30 --- INFO: elapsed time: ~1109.15 sec., memory usage: ~2.64 Mb.
10-11-2011 05:10:01 --- INFO: start: 10-11-2011 05:10:01
10-11-2011 05:10:01 --- INFO: ----------Source_Adesa (cli)
10-11-2011 05:10:03 --- ERROR: Unauthorized request
10-11-2011 05:10:03 --- INFO: finish: 10-11-2011 05:10:03
10-11-2011 05:10:03 --- INFO: elapsed time: ~1.99 sec., memory usage: ~1.31 Mb.
10-11-2011 05:10:01 --- INFO: start: 10-11-2011 05:10:01
10-11-2011 05:10:01 --- INFO: ----------Source_Gsmotors (cli)
10-11-2011 05:12:26 --- INFO: Lexus RX 300 - found: 82, pass primary filters: 31, did not pass the filter by color: 13, added: 18, new vincodes: 0
10-11-2011 05:16:15 --- INFO: Lexus RX 330 - found: 173, pass primary filters: 49, did not pass the filter by color: 16, added: 33, new vincodes: 1
10-11-2011 05:17:02 --- INFO: Lexus RX 400H - found: 33, pass primary filters: 10, did not pass the filter by color: 4, added: 6, new vincodes: 1
10-11-2011 05:19:17 --- INFO: Lexus GX 470 - found: 76, pass primary filters: 43, did not pass the filter by color: 34, added: 9, new vincodes: 2
10-11-2011 05:20:30 --- INFO: Lexus GX 470 - found: 55, pass primary filters: 28, did not pass the filter by color: 24, added: 4, new vincodes: 1
10-11-2011 05:20:52 --- INFO: Lexus LX 470 - found: 15, pass primary filters: 12, did not pass the filter by color: 11, added: 1, new vincodes: 0
10-11-2011 05:21:23 --- INFO: Lexus LX 470 - found: 22, pass primary filters: 14, did not pass the filter by color: 14, added: 0, new vincodes: 1
10-11-2011 05:21:36 --- INFO: Toyota Land Cruiser - found: 8, pass primary filters: 8, did not pass the filter by color: 6, added: 2, new vincodes: 0
10-11-2011 05:22:54 --- INFO: Honda CR-V - found: 61, pass primary filters: 6, did not pass the filter by color: 0, added: 6, new vincodes: 1
10-11-2011 05:27:48 --- INFO: Honda CR-V - found: 181, pass primary filters: 12, did not pass the filter by color: 0, added: 12, new vincodes: 0
10-11-2011 05:28:40 --- INFO: Mitsubishi Montero 4WD Limited - found: 42, pass primary filters: 11, did not pass the filter by color: 11, added: 0, new vincodes: 1
10-11-2011 05:32:08 --- INFO: Toyota 4RUNNER 4WD Limited - found: 146, pass primary filters: 45, did not pass the filter by color: 28, added: 17, new vincodes: 0
10-11-2011 05:33:10 --- INFO: Toyota RAV 4 - found: 51, pass primary filters: 23, did not pass the filter by color: 17, added: 6, new vincodes: 3
10-11-2011 05:35:03 --- INFO: Toyota Highlander 4WD - found: 86, pass primary filters: 1, did not pass the filter by color: 0, added: 1, new vincodes: 0
10-11-2011 05:38:23 --- INFO: Subaru Forester - found: 125, pass primary filters: 18, did not pass the filter by color: 0, added: 18, new vincodes: 0
10-11-2011 05:43:31 --- INFO: Nissan Rogue - found: 162, pass primary filters: 15, did not pass the filter by color: 0, added: 15, new vincodes: 0
10-11-2011 05:44:26 --- INFO: Toyota Highlander - found: 86, pass primary filters: 38, did not pass the filter by color: 29, added: 9, new vincodes: 0
10-11-2011 05:45:47 --- INFO: Acura MDX - found: 56, pass primary filters: 0, did not pass the filter by color: 0, added: 0, new vincodes: 0
10-11-2011 05:45:47 --- INFO: finish: 10-11-2011 05:45:47
10-11-2011 05:45:47 --- INFO: elapsed time: ~2145.99 sec., memory usage: ~4.73 Mb.
10-11-2011 06:05:01 --- INFO: start: 10-11-2011 06:05:01
10-11-2011 06:05:01 --- INFO: ----------Source_Openlane (cli)
10-11-2011 06:05:04 --- ERROR: Unauthorized request
10-11-2011 06:05:04 --- INFO: finish: 10-11-2011 06:05:04
10-11-2011 06:05:04 --- INFO: elapsed time: ~3.23 sec., memory usage: ~1.31 Mb.
10-11-2011 06:10:01 --- INFO: start: 10-11-2011 06:10:01
10-11-2011 06:10:01 --- INFO: ----------Source_Ebay (cli)
10-11-2011 06:10:45 --- INFO: Lexus RX 300 - found: 21, pass primary filters: 3, did not pass the filter by color: 0, added: 3, new vincodes: 0
10-11-2011 06:13:30 --- INFO: Lexus RX 330 - found: 67, pass primary filters: 20, did not pass the filter by color: 4, added: 16, new vincodes: 0
10-11-2011 06:14:20 --- INFO: Lexus RX 400H - found: 46, pass primary filters: 1, did not pass the filter by color: 1, added: 0, new vincodes: 0
10-11-2011 06:14:57 --- INFO: Lexus GX 470 - found: 29, pass primary filters: 10, did not pass the filter by color: 8, added: 2, new vincodes: 0
10-11-2011 06:15:14 --- INFO: Lexus GX 470 - found: 16, pass primary filters: 6, did not pass the filter by color: 6, added: 0, new vincodes: 0
10-11-2011 06:15:26 --- INFO: Lexus LX 470 - found: 9, pass primary filters: 5, did not pass the filter by color: 5, added: 0, new vincodes: 0
10-11-2011 06:15:41 --- INFO: Lexus LX 470 - found: 13, pass primary filters: 10, did not pass the filter by color: 10, added: 0, new vincodes: 0
10-11-2011 06:15:45 --- INFO: Toyota Land Cruiser - found: 2, pass primary filters: 2, did not pass the filter by color: 2, added: 0, new vincodes: 0
10-11-2011 06:15:56 --- INFO: Honda CR-V - found: 10, pass primary filters: 0, did not pass the filter by color: 0, added: 0, new vincodes: 0
10-11-2011 06:18:14 --- INFO: Honda CR-V - found: 70, pass primary filters: 6, did not pass the filter by color: 0, added: 6, new vincodes: 0
10-11-2011 06:18:19 --- INFO: Mitsubishi Montero 4WD Limited - found: 3, pass primary filters: 0, did not pass the filter by color: 0, added: 0, new vincodes: 0
10-11-2011 06:19:32 --- INFO: Toyota 4RUNNER 4WD Limited - found: 44, pass primary filters: 15, did not pass the filter by color: 11, added: 4, new vincodes: 0
10-11-2011 06:19:50 --- INFO: Toyota RAV 4 - found: 11, pass primary filters: 4, did not pass the filter by color: 3, added: 1, new vincodes: 0
10-11-2011 06:20:09 --- INFO: Toyota Highlander 4WD - found: 12, pass primary filters: 0, did not pass the filter by color: 0, added: 0, new vincodes: 0
10-11-2011 06:21:33 --- INFO: Subaru Forester - found: 48, pass primary filters: 2, did not pass the filter by color: 0, added: 2, new vincodes: 0
10-11-2011 06:23:34 --- INFO: Nissan Rogue - found: 52, pass primary filters: 0, did not pass the filter by color: 0, added: 0, new vincodes: 0
10-11-2011 06:23:48 --- INFO: Toyota Highlander - found: 12, pass primary filters: 4, did not pass the filter by color: 3, added: 1, new vincodes: 0
10-11-2011 06:24:01 --- INFO: Acura MDX - found: 10, pass primary filters: 0, did not pass the filter by color: 0, added: 0, new vincodes: 0
10-11-2011 06:24:01 --- INFO: finish: 10-11-2011 06:24:01
10-11-2011 06:24:01 --- INFO: elapsed time: ~840.06 sec., memory usage: ~2.64 Mb.
10-11-2011 07:10:01 --- INFO: start: 10-11-2011 07:10:01
10-11-2011 07:10:01 --- INFO: ----------Source_Adesa (cli)
10-11-2011 07:10:03 --- ERROR: Unauthorized request
10-11-2011 07:10:03 --- INFO: finish: 10-11-2011 07:10:03
10-11-2011 07:10:03 --- INFO: elapsed time: ~1.92 sec., memory usage: ~1.31 Mb.
10-11-2011 07:10:01 --- INFO: start: 10-11-2011 07:10:01
10-11-2011 07:10:01 --- INFO: ----------Source_Gsmotors (cli)
10-11-2011 07:11:00 --- INFO: Lexus RX 300 - found: 82, pass primary filters: 31, did not pass the filter by color: 13, added: 18, new vincodes: 0
10-11-2011 07:13:28 --- INFO: Lexus RX 330 - found: 173, pass primary filters: 49, did not pass the filter by color: 16, added: 33, new vincodes: 0
10-11-2011 07:13:49 --- INFO: Lexus RX 400H - found: 33, pass primary filters: 10, did not pass the filter by color: 4, added: 6, new vincodes: 0
10-11-2011 07:14:38 --- INFO: Lexus GX 470 - found: 76, pass primary filters: 43, did not pass the filter by color: 34, added: 9, new vincodes: 0
10-11-2011 07:15:12 --- INFO: Lexus GX 470 - found: 55, pass primary filters: 28, did not pass the filter by color: 24, added: 4, new vincodes: 0
10-11-2011 07:15:31 --- INFO: Lexus LX 470 - found: 15, pass primary filters: 12, did not pass the filter by color: 11, added: 1, new vincodes: 0
10-11-2011 07:15:44 --- INFO: Lexus LX 470 - found: 22, pass primary filters: 14, did not pass the filter by color: 14, added: 0, new vincodes: 0
10-11-2011 07:15:53 --- INFO: Toyota Land Cruiser - found: 8, pass primary filters: 8, did not pass the filter by color: 6, added: 2, new vincodes: 0
10-11-2011 07:16:36 --- INFO: Honda CR-V - found: 61, pass primary filters: 6, did not pass the filter by color: 0, added: 6, new vincodes: 0
10-11-2011 07:18:44 --- INFO: Honda CR-V - found: 181, pass primary filters: 12, did not pass the filter by color: 0, added: 12, new vincodes: 0
10-11-2011 07:19:14 --- INFO: Mitsubishi Montero 4WD Limited - found: 42, pass primary filters: 11, did not pass the filter by color: 11, added: 0, new vincodes: 0
10-11-2011 07:21:09 --- INFO: Toyota 4RUNNER 4WD Limited - found: 146, pass primary filters: 45, did not pass the filter by color: 28, added: 17, new vincodes: 0
10-11-2011 07:21:43 --- INFO: Toyota RAV 4 - found: 51, pass primary filters: 23, did not pass the filter by color: 17, added: 6, new vincodes: 0
10-11-2011 07:22:49 --- INFO: Toyota Highlander 4WD - found: 86, pass primary filters: 1, did not pass the filter by color: 0, added: 1, new vincodes: 0
10-11-2011 07:24:24 --- INFO: Subaru Forester - found: 125, pass primary filters: 18, did not pass the filter by color: 0, added: 18, new vincodes: 0
10-11-2011 07:26:58 --- INFO: Nissan Rogue - found: 162, pass primary filters: 15, did not pass the filter by color: 0, added: 15, new vincodes: 0
10-11-2011 07:28:01 --- INFO: Toyota Highlander - found: 86, pass primary filters: 38, did not pass the filter by color: 29, added: 9, new vincodes: 0
10-11-2011 07:28:39 --- INFO: Acura MDX - found: 56, pass primary filters: 0, did not pass the filter by color: 0, added: 0, new vincodes: 0
10-11-2011 07:28:39 --- INFO: finish: 10-11-2011 07:28:39
10-11-2011 07:28:39 --- INFO: elapsed time: ~1118.04 sec., memory usage: ~4.58 Mb.
10-11-2011 08:10:01 --- INFO: start: 10-11-2011 08:10:01
10-11-2011 08:10:01 --- INFO: ----------Source_Adesa (cli)
10-11-2011 08:10:03 --- ERROR: Unauthorized request
10-11-2011 08:10:03 --- INFO: finish: 10-11-2011 08:10:03
10-11-2011 08:10:03 --- INFO: elapsed time: ~1.9 sec., memory usage: ~1.31 Mb.
10-11-2011 08:10:01 --- INFO: start: 10-11-2011 08:10:01
10-11-2011 08:10:01 --- INFO: ----------Source_Gsmotors (cli)
10-11-2011 08:11:03 --- INFO: Lexus RX 300 - found: 82, pass primary filters: 31, did not pass the filter by color: 13, added: 18, new vincodes: 0
10-11-2011 08:12:38 --- INFO: Lexus RX 330 - found: 173, pass primary filters: 49, did not pass the filter by color: 16, added: 33, new vincodes: 0
10-11-2011 08:12:56 --- INFO: Lexus RX 400H - found: 33, pass primary filters: 10, did not pass the filter by color: 4, added: 6, new vincodes: 0
10-11-2011 08:13:43 --- INFO: Lexus GX 470 - found: 76, pass primary filters: 43, did not pass the filter by color: 34, added: 9, new vincodes: 0
10-11-2011 08:14:29 --- INFO: Lexus GX 470 - found: 55, pass primary filters: 28, did not pass the filter by color: 24, added: 4, new vincodes: 0
10-11-2011 08:14:40 --- INFO: Lexus LX 470 - found: 15, pass primary filters: 12, did not pass the filter by color: 11, added: 1, new vincodes: 0
10-11-2011 08:14:56 --- INFO: Lexus LX 470 - found: 22, pass primary filters: 14, did not pass the filter by color: 14, added: 0, new vincodes: 0
10-11-2011 08:15:03 --- INFO: Toyota Land Cruiser - found: 8, pass primary filters: 8, did not pass the filter by color: 6, added: 2, new vincodes: 0
10-11-2011 08:15:51 --- INFO: Honda CR-V - found: 61, pass primary filters: 6, did not pass the filter by color: 0, added: 6, new vincodes: 0
10-11-2011 08:18:04 --- INFO: Honda CR-V - found: 181, pass primary filters: 12, did not pass the filter by color: 0, added: 12, new vincodes: 0
10-11-2011 08:18:35 --- INFO: Mitsubishi Montero 4WD Limited - found: 42, pass primary filters: 11, did not pass the filter by color: 11, added: 0, new vincodes: 0
10-11-2011 08:20:23 --- INFO: Toyota 4RUNNER 4WD Limited - found: 146, pass primary filters: 45, did not pass the filter by color: 28, added: 17, new vincodes: 0
10-11-2011 08:20:55 --- INFO: Toyota RAV 4 - found: 51, pass primary filters: 23, did not pass the filter by color: 17, added: 6, new vincodes: 0
10-11-2011 08:21:45 --- INFO: Toyota Highlander 4WD - found: 86, pass primary filters: 1, did not pass the filter by color: 0, added: 1, new vincodes: 0
10-11-2011 08:23:05 --- INFO: Subaru Forester - found: 125, pass primary filters: 18, did not pass the filter by color: 0, added: 18, new vincodes: 0
10-11-2011 08:24:47 --- INFO: Nissan Rogue - found: 162, pass primary filters: 15, did not pass the filter by color: 0, added: 15, new vincodes: 0
10-11-2011 08:25:43 --- INFO: Toyota Highlander - found: 86, pass primary filters: 38, did not pass the filter by color: 29, added: 9, new vincodes: 0
10-11-2011 08:26:18 --- INFO: Acura MDX - found: 56, pass primary filters: 0, did not pass the filter by color: 0, added: 0, new vincodes: 0
10-11-2011 08:26:18 --- INFO: finish: 10-11-2011 08:26:18
10-11-2011 08:26:18 --- INFO: elapsed time: ~977.31 sec., memory usage: ~4.58 Mb.
10-11-2011 09:00:01 --- INFO: start: 10-11-2011 09:00:01
10-11-2011 09:00:01 --- INFO: ----------Source_Adesa (cli)
10-11-2011 09:00:03 --- ERROR: Unauthorized request
10-11-2011 09:00:03 --- INFO: finish: 10-11-2011 09:00:03
10-11-2011 09:00:03 --- INFO: elapsed time: ~1.75 sec., memory usage: ~1.31 Mb.
10-11-2011 09:00:01 --- INFO: start: 10-11-2011 09:00:01
10-11-2011 09:00:01 --- INFO: ----------Source_Gsmotors (cli)
10-11-2011 09:01:30 --- INFO: Lexus RX 300 - found: 82, pass primary filters: 31, did not pass the filter by color: 13, added: 18, new vincodes: 0
10-11-2011 09:03:03 --- INFO: Lexus RX 330 - found: 173, pass primary filters: 49, did not pass the filter by color: 16, added: 33, new vincodes: 0
10-11-2011 09:03:25 --- INFO: Lexus RX 400H - found: 33, pass primary filters: 10, did not pass the filter by color: 4, added: 6, new vincodes: 0
10-11-2011 09:04:23 --- INFO: Lexus GX 470 - found: 76, pass primary filters: 43, did not pass the filter by color: 34, added: 9, new vincodes: 0
10-11-2011 09:05:00 --- INFO: Lexus GX 470 - found: 55, pass primary filters: 28, did not pass the filter by color: 24, added: 4, new vincodes: 0
10-11-2011 09:05:13 --- INFO: Lexus LX 470 - found: 15, pass primary filters: 12, did not pass the filter by color: 11, added: 1, new vincodes: 0
10-11-2011 09:05:31 --- INFO: Lexus LX 470 - found: 22, pass primary filters: 14, did not pass the filter by color: 14, added: 0, new vincodes: 0
10-11-2011 09:05:37 --- INFO: Toyota Land Cruiser - found: 8, pass primary filters: 8, did not pass the filter by color: 6, added: 2, new vincodes: 0
10-11-2011 09:06:25 --- INFO: Honda CR-V - found: 61, pass primary filters: 6, did not pass the filter by color: 0, added: 6, new vincodes: 0
10-11-2011 09:08:21 --- INFO: Honda CR-V - found: 181, pass primary filters: 12, did not pass the filter by color: 0, added: 12, new vincodes: 0
10-11-2011 09:08:47 --- INFO: Mitsubishi Montero 4WD Limited - found: 42, pass primary filters: 11, did not pass the filter by color: 11, added: 0, new vincodes: 0
10-11-2011 09:10:20 --- INFO: Toyota 4RUNNER 4WD Limited - found: 146, pass primary filters: 45, did not pass the filter by color: 28, added: 17, new vincodes: 0
10-11-2011 09:10:52 --- INFO: Toyota RAV 4 - found: 51, pass primary filters: 23, did not pass the filter by color: 17, added: 6, new vincodes: 0
10-11-2011 09:11:49 --- INFO: Toyota Highlander 4WD - found: 86, pass primary filters: 1, did not pass the filter by color: 0, added: 1, new vincodes: 0
10-11-2011 09:13:08 --- INFO: Subaru Forester - found: 125, pass primary filters: 18, did not pass the filter by color: 0, added: 18, new vincodes: 0
10-11-2011 09:15:03 --- INFO: Nissan Rogue - found: 162, pass primary filters: 15, did not pass the filter by color: 0, added: 15, new vincodes: 0
10-11-2011 09:16:02 --- INFO: Toyota Highlander - found: 86, pass primary filters: 38, did not pass the filter by color: 29, added: 9, new vincodes: 0
10-11-2011 09:16:39 --- INFO: Acura MDX - found: 56, pass primary filters: 0, did not pass the filter by color: 0, added: 0, new vincodes: 0
10-11-2011 09:16:39 --- INFO: finish: 10-11-2011 09:16:39
10-11-2011 09:16:39 --- INFO: elapsed time: ~997.87 sec., memory usage: ~4.58 Mb.
10-11-2011 10:05:01 --- INFO: start: 10-11-2011 10:05:01
10-11-2011 10:05:01 --- INFO: ----------Source_Openlane (cli)
10-11-2011 10:05:05 --- ERROR: Unauthorized request
10-11-2011 10:05:05 --- INFO: finish: 10-11-2011 10:05:05
10-11-2011 10:05:05 --- INFO: elapsed time: ~3.22 sec., memory usage: ~1.31 Mb.
10-11-2011 10:10:01 --- INFO: start: 10-11-2011 10:10:01
10-11-2011 10:10:01 --- INFO: ----------Source_Adesa (cli)
10-11-2011 10:10:03 --- ERROR: Unauthorized request
10-11-2011 10:10:03 --- INFO: finish: 10-11-2011 10:10:03
10-11-2011 10:10:03 --- INFO: elapsed time: ~1.91 sec., memory usage: ~1.31 Mb.
10-11-2011 10:10:01 --- INFO: start: 10-11-2011 10:10:01
10-11-2011 10:10:01 --- INFO: ----------Source_Ebay (cli)
10-11-2011 10:10:27 --- INFO: Lexus RX 300 - found: 22, pass primary filters: 3, did not pass the filter by color: 0, added: 3, new vincodes: 0
10-11-2011 10:12:42 --- INFO: Lexus RX 330 - found: 69, pass primary filters: 22, did not pass the filter by color: 9, added: 13, new vincodes: 1
10-11-2011 10:13:29 --- INFO: Lexus RX 400H - found: 48, pass primary filters: 1, did not pass the filter by color: 1, added: 0, new vincodes: 0
10-11-2011 10:14:01 --- INFO: Lexus GX 470 - found: 30, pass primary filters: 10, did not pass the filter by color: 8, added: 2, new vincodes: 0
10-11-2011 10:14:36 --- INFO: Lexus GX 470 - found: 17, pass primary filters: 7, did not pass the filter by color: 7, added: 0, new vincodes: 0
10-11-2011 10:14:52 --- INFO: Lexus LX 470 - found: 9, pass primary filters: 5, did not pass the filter by color: 5, added: 0, new vincodes: 0
10-11-2011 10:15:14 --- INFO: Lexus LX 470 - found: 13, pass primary filters: 10, did not pass the filter by color: 10, added: 0, new vincodes: 0
10-11-2011 10:15:18 --- INFO: Toyota Land Cruiser - found: 2, pass primary filters: 2, did not pass the filter by color: 2, added: 0, new vincodes: 0
10-11-2011 10:15:36 --- INFO: Honda CR-V - found: 10, pass primary filters: 0, did not pass the filter by color: 0, added: 0, new vincodes: 0
10-11-2011 10:18:50 --- INFO: Honda CR-V - found: 70, pass primary filters: 6, did not pass the filter by color: 0, added: 6, new vincodes: 0
10-11-2011 10:18:55 --- INFO: Mitsubishi Montero 4WD Limited - found: 3, pass primary filters: 0, did not pass the filter by color: 0, added: 0, new vincodes: 0
10-11-2011 10:19:41 --- INFO: Toyota 4RUNNER 4WD Limited - found: 44, pass primary filters: 15, did not pass the filter by color: 11, added: 4, new vincodes: 0
10-11-2011 10:19:53 --- INFO: Toyota RAV 4 - found: 11, pass primary filters: 4, did not pass the filter by color: 3, added: 1, new vincodes: 0
10-11-2011 10:20:06 --- INFO: Toyota Highlander 4WD - found: 11, pass primary filters: 0, did not pass the filter by color: 0, added: 0, new vincodes: 0
10-11-2011 10:20:55 --- INFO: Subaru Forester - found: 47, pass primary filters: 2, did not pass the filter by color: 0, added: 2, new vincodes: 0
10-11-2011 10:22:52 --- INFO: Nissan Rogue - found: 51, pass primary filters: 0, did not pass the filter by color: 0, added: 0, new vincodes: 0
10-11-2011 10:23:14 --- INFO: Toyota Highlander - found: 11, pass primary filters: 3, did not pass the filter by color: 2, added: 1, new vincodes: 0
10-11-2011 10:23:32 --- INFO: Acura MDX - found: 11, pass primary filters: 0, did not pass the filter by color: 0, added: 0, new vincodes: 0
10-11-2011 10:23:32 --- INFO: finish: 10-11-2011 10:23:32
10-11-2011 10:23:32 --- INFO: elapsed time: ~811.11 sec., memory usage: ~2.69 Mb.
10-11-2011 10:10:01 --- INFO: start: 10-11-2011 10:10:01
10-11-2011 10:10:01 --- INFO: ----------Source_Gsmotors (cli)
10-11-2011 10:12:14 --- INFO: Lexus RX 300 - found: 88, pass primary filters: 31, did not pass the filter by color: 13, added: 18, new vincodes: 1
10-11-2011 10:16:18 --- INFO: Lexus RX 330 - found: 185, pass primary filters: 51, did not pass the filter by color: 16, added: 35, new vincodes: 1
10-11-2011 10:17:18 --- INFO: Lexus RX 400H - found: 38, pass primary filters: 10, did not pass the filter by color: 4, added: 6, new vincodes: 0
10-11-2011 10:19:20 --- INFO: Lexus GX 470 - found: 81, pass primary filters: 45, did not pass the filter by color: 37, added: 8, new vincodes: 1
10-11-2011 10:20:37 --- INFO: Lexus GX 470 - found: 61, pass primary filters: 31, did not pass the filter by color: 27, added: 4, new vincodes: 0
10-11-2011 10:21:02 --- INFO: Lexus LX 470 - found: 18, pass primary filters: 14, did not pass the filter by color: 12, added: 2, new vincodes: 2
10-11-2011 10:21:37 --- INFO: Lexus LX 470 - found: 25, pass primary filters: 16, did not pass the filter by color: 16, added: 0, new vincodes: 1
10-11-2011 10:21:54 --- INFO: Toyota Land Cruiser - found: 9, pass primary filters: 9, did not pass the filter by color: 7, added: 2, new vincodes: 1
10-11-2011 10:23:28 --- INFO: Honda CR-V - found: 67, pass primary filters: 8, did not pass the filter by color: 0, added: 8, new vincodes: 1
10-11-2011 10:28:47 --- INFO: Honda CR-V - found: 201, pass primary filters: 14, did not pass the filter by color: 0, added: 14, new vincodes: 0
10-11-2011 10:29:51 --- INFO: Mitsubishi Montero 4WD Limited - found: 43, pass primary filters: 11, did not pass the filter by color: 11, added: 0, new vincodes: 0
10-11-2011 10:33:28 --- INFO: Toyota 4RUNNER 4WD Limited - found: 157, pass primary filters: 46, did not pass the filter by color: 29, added: 17, new vincodes: 2
10-11-2011 10:34:36 --- INFO: Toyota RAV 4 - found: 58, pass primary filters: 25, did not pass the filter by color: 17, added: 8, new vincodes: 1
10-11-2011 10:36:49 --- INFO: Toyota Highlander 4WD - found: 89, pass primary filters: 0, did not pass the filter by color: 0, added: 0, new vincodes: 0
10-11-2011 10:40:11 --- INFO: Subaru Forester - found: 135, pass primary filters: 19, did not pass the filter by color: 0, added: 19, new vincodes: 1
10-11-2011 10:46:49 --- INFO: Nissan Rogue - found: 209, pass primary filters: 14, did not pass the filter by color: 0, added: 14, new vincodes: 0
10-11-2011 10:47:43 --- INFO: Toyota Highlander - found: 89, pass primary filters: 37, did not pass the filter by color: 29, added: 8, new vincodes: 1
10-11-2011 10:49:10 --- INFO: Acura MDX - found: 56, pass primary filters: 0, did not pass the filter by color: 0, added: 0, new vincodes: 0
10-11-2011 10:49:10 --- INFO: finish: 10-11-2011 10:49:10
10-11-2011 10:49:10 --- INFO: elapsed time: ~2349.56 sec., memory usage: ~4.8 Mb.
10-11-2011 11:20:01 --- INFO: start: 10-11-2011 11:20:01
10-11-2011 11:20:01 --- INFO: ----------Source_Adesa (cli)
10-11-2011 11:20:03 --- ERROR: Unauthorized request
10-11-2011 11:20:03 --- INFO: finish: 10-11-2011 11:20:03
10-11-2011 11:20:03 --- INFO: elapsed time: ~1.95 sec., memory usage: ~1.31 Mb.
10-11-2011 11:20:01 --- INFO: start: 10-11-2011 11:20:01
10-11-2011 11:20:01 --- INFO: ----------Source_Gsmotors (cli)
10-11-2011 11:21:34 --- INFO: Lexus RX 300 - found: 88, pass primary filters: 31, did not pass the filter by color: 13, added: 18, new vincodes: 0
10-11-2011 11:23:45 --- INFO: Lexus RX 330 - found: 185, pass primary filters: 51, did not pass the filter by color: 16, added: 35, new vincodes: 0
10-11-2011 11:24:10 --- INFO: Lexus RX 400H - found: 38, pass primary filters: 10, did not pass the filter by color: 4, added: 6, new vincodes: 0
10-11-2011 11:25:01 --- INFO: Lexus GX 470 - found: 81, pass primary filters: 45, did not pass the filter by color: 37, added: 8, new vincodes: 0
10-11-2011 11:25:51 --- INFO: Lexus GX 470 - found: 61, pass primary filters: 31, did not pass the filter by color: 27, added: 4, new vincodes: 0
10-11-2011 11:26:02 --- INFO: Lexus LX 470 - found: 18, pass primary filters: 14, did not pass the filter by color: 12, added: 2, new vincodes: 0
10-11-2011 11:26:20 --- INFO: Lexus LX 470 - found: 25, pass primary filters: 16, did not pass the filter by color: 16, added: 0, new vincodes: 0
10-11-2011 11:26:28 --- INFO: Toyota Land Cruiser - found: 9, pass primary filters: 9, did not pass the filter by color: 7, added: 2, new vincodes: 0
10-11-2011 11:27:11 --- INFO: Honda CR-V - found: 67, pass primary filters: 8, did not pass the filter by color: 0, added: 8, new vincodes: 0
10-11-2011 11:29:30 --- INFO: Honda CR-V - found: 201, pass primary filters: 14, did not pass the filter by color: 0, added: 14, new vincodes: 0
10-11-2011 11:29:55 --- INFO: Mitsubishi Montero 4WD Limited - found: 43, pass primary filters: 11, did not pass the filter by color: 11, added: 0, new vincodes: 0
10-11-2011 11:31:35 --- INFO: Toyota 4RUNNER 4WD Limited - found: 157, pass primary filters: 46, did not pass the filter by color: 29, added: 17, new vincodes: 0
10-11-2011 11:32:19 --- INFO: Toyota RAV 4 - found: 58, pass primary filters: 25, did not pass the filter by color: 17, added: 8, new vincodes: 0
10-11-2011 11:33:14 --- INFO: Toyota Highlander 4WD - found: 89, pass primary filters: 0, did not pass the filter by color: 0, added: 0, new vincodes: 0
10-11-2011 11:34:44 --- INFO: Subaru Forester - found: 135, pass primary filters: 19, did not pass the filter by color: 0, added: 19, new vincodes: 0
10-11-2011 11:37:25 --- INFO: Nissan Rogue - found: 209, pass primary filters: 14, did not pass the filter by color: 0, added: 14, new vincodes: 0
10-11-2011 11:38:23 --- INFO: Toyota Highlander - found: 89, pass primary filters: 37, did not pass the filter by color: 29, added: 8, new vincodes: 0
10-11-2011 11:39:00 --- INFO: Acura MDX - found: 56, pass primary filters: 0, did not pass the filter by color: 0, added: 0, new vincodes: 0
10-11-2011 11:39:00 --- INFO: finish: 10-11-2011 11:39:00
10-11-2011 11:39:00 --- INFO: elapsed time: ~1139.38 sec., memory usage: ~4.71 Mb.
10-11-2011 12:20:01 --- INFO: start: 10-11-2011 12:20:01
10-11-2011 12:20:01 --- INFO: ----------Source_Adesa (cli)
10-11-2011 12:20:03 --- ERROR: Unauthorized request
10-11-2011 12:20:03 --- INFO: finish: 10-11-2011 12:20:03
10-11-2011 12:20:03 --- INFO: elapsed time: ~2.15 sec., memory usage: ~1.31 Mb.
10-11-2011 12:20:01 --- INFO: start: 10-11-2011 12:20:01
10-11-2011 12:20:01 --- INFO: ----------Source_Gsmotors (cli)
10-11-2011 12:21:03 --- INFO: Lexus RX 300 - found: 88, pass primary filters: 31, did not pass the filter by color: 13, added: 18, new vincodes: 0
10-11-2011 12:22:43 --- INFO: Lexus RX 330 - found: 185, pass primary filters: 51, did not pass the filter by color: 16, added: 35, new vincodes: 0
10-11-2011 12:23:05 --- INFO: Lexus RX 400H - found: 38, pass primary filters: 10, did not pass the filter by color: 4, added: 6, new vincodes: 0
10-11-2011 12:23:52 --- INFO: Lexus GX 470 - found: 81, pass primary filters: 45, did not pass the filter by color: 37, added: 8, new vincodes: 0
10-11-2011 12:24:37 --- INFO: Lexus GX 470 - found: 61, pass primary filters: 30, did not pass the filter by color: 26, added: 4, new vincodes: 0
10-11-2011 12:24:51 --- INFO: Lexus LX 470 - found: 18, pass primary filters: 14, did not pass the filter by color: 12, added: 2, new vincodes: 0
10-11-2011 12:25:05 --- INFO: Lexus LX 470 - found: 25, pass primary filters: 16, did not pass the filter by color: 16, added: 0, new vincodes: 0
10-11-2011 12:25:16 --- INFO: Toyota Land Cruiser - found: 9, pass primary filters: 9, did not pass the filter by color: 7, added: 2, new vincodes: 0
10-11-2011 12:25:56 --- INFO: Honda CR-V - found: 67, pass primary filters: 8, did not pass the filter by color: 0, added: 8, new vincodes: 0
10-11-2011 12:27:53 --- INFO: Honda CR-V - found: 201, pass primary filters: 14, did not pass the filter by color: 0, added: 14, new vincodes: 0
10-11-2011 12:28:20 --- INFO: Mitsubishi Montero 4WD Limited - found: 43, pass primary filters: 11, did not pass the filter by color: 11, added: 0, new vincodes: 0
10-11-2011 12:29:59 --- INFO: Toyota 4RUNNER 4WD Limited - found: 157, pass primary filters: 46, did not pass the filter by color: 29, added: 17, new vincodes: 0
10-11-2011 12:30:44 --- INFO: Toyota RAV 4 - found: 58, pass primary filters: 25, did not pass the filter by color: 17, added: 8, new vincodes: 0
10-11-2011 12:31:33 --- INFO: Toyota Highlander 4WD - found: 89, pass primary filters: 0, did not pass the filter by color: 0, added: 0, new vincodes: 0
10-11-2011 12:32:54 --- INFO: Subaru Forester - found: 135, pass primary filters: 19, did not pass the filter by color: 0, added: 19, new vincodes: 0
10-11-2011 12:35:08 --- INFO: Nissan Rogue - found: 209, pass primary filters: 14, did not pass the filter by color: 0, added: 14, new vincodes: 0
10-11-2011 12:36:01 --- INFO: Toyota Highlander - found: 89, pass primary filters: 37, did not pass the filter by color: 29, added: 8, new vincodes: 0
10-11-2011 12:36:35 --- INFO: Acura MDX - found: 56, pass primary filters: 0, did not pass the filter by color: 0, added: 0, new vincodes: 0
10-11-2011 12:36:35 --- INFO: finish: 10-11-2011 12:36:35
10-11-2011 12:36:35 --- INFO: elapsed time: ~994.28 sec., memory usage: ~4.7 Mb.
10-11-2011 14:05:01 --- INFO: start: 10-11-2011 14:05:01
10-11-2011 14:05:01 --- INFO: ----------Source_Openlane (cli)
10-11-2011 14:05:05 --- ERROR: Unauthorized request
10-11-2011 14:05:05 --- INFO: finish: 10-11-2011 14:05:05
10-11-2011 14:05:05 --- INFO: elapsed time: ~3.23 sec., memory usage: ~1.31 Mb.
10-11-2011 14:10:01 --- INFO: start: 10-11-2011 14:10:01
10-11-2011 14:10:01 --- INFO: ----------Source_Ebay (cli)
10-11-2011 14:10:26 --- INFO: Lexus RX 300 - found: 22, pass primary filters: 3, did not pass the filter by color: 0, added: 3, new vincodes: 0
10-11-2011 14:12:43 --- INFO: Lexus RX 330 - found: 69, pass primary filters: 20, did not pass the filter by color: 2, added: 18, new vincodes: 0
10-11-2011 14:13:29 --- INFO: Lexus RX 400H - found: 48, pass primary filters: 1, did not pass the filter by color: 1, added: 0, new vincodes: 0
10-11-2011 14:14:05 --- INFO: Lexus GX 470 - found: 32, pass primary filters: 10, did not pass the filter by color: 8, added: 2, new vincodes: 0
10-11-2011 14:14:33 --- INFO: Lexus GX 470 - found: 18, pass primary filters: 8, did not pass the filter by color: 8, added: 0, new vincodes: 1
10-11-2011 14:14:45 --- INFO: Lexus LX 470 - found: 9, pass primary filters: 5, did not pass the filter by color: 5, added: 0, new vincodes: 0
10-11-2011 14:15:05 --- INFO: Lexus LX 470 - found: 14, pass primary filters: 10, did not pass the filter by color: 10, added: 0, new vincodes: 0
10-11-2011 14:15:09 --- INFO: Toyota Land Cruiser - found: 1, pass primary filters: 1, did not pass the filter by color: 1, added: 0, new vincodes: 0
10-11-2011 14:15:25 --- INFO: Honda CR-V - found: 9, pass primary filters: 0, did not pass the filter by color: 0, added: 0, new vincodes: 0
10-11-2011 14:19:08 --- INFO: Honda CR-V - found: 70, pass primary filters: 8, did not pass the filter by color: 0, added: 8, new vincodes: 1
10-11-2011 14:19:15 --- INFO: Mitsubishi Montero 4WD Limited - found: 3, pass primary filters: 0, did not pass the filter by color: 0, added: 0, new vincodes: 0
10-11-2011 14:20:33 --- INFO: Toyota 4RUNNER 4WD Limited - found: 43, pass primary filters: 15, did not pass the filter by color: 11, added: 4, new vincodes: 0
10-11-2011 14:20:57 --- INFO: Toyota RAV 4 - found: 11, pass primary filters: 4, did not pass the filter by color: 3, added: 1, new vincodes: 0
10-11-2011 14:21:15 --- INFO: Toyota Highlander 4WD - found: 11, pass primary filters: 0, did not pass the filter by color: 0, added: 0, new vincodes: 0
10-11-2011 14:22:32 --- INFO: Subaru Forester - found: 48, pass primary filters: 2, did not pass the filter by color: 0, added: 2, new vincodes: 0
10-11-2011 14:23:24 --- INFO: Nissan Rogue - found: 50, pass primary filters: 0, did not pass the filter by color: 0, added: 0, new vincodes: 0
10-11-2011 14:23:36 --- INFO: Toyota Highlander - found: 11, pass primary filters: 3, did not pass the filter by color: 2, added: 1, new vincodes: 0
10-11-2011 14:23:48 --- INFO: Acura MDX - found: 10, pass primary filters: 0, did not pass the filter by color: 0, added: 0, new vincodes: 0
10-11-2011 14:23:48 --- INFO: finish: 10-11-2011 14:23:48
10-11-2011 14:23:48 --- INFO: elapsed time: ~827.04 sec., memory usage: ~2.69 Mb.
10-11-2011 15:10:01 --- INFO: start: 10-11-2011 15:10:01
10-11-2011 15:10:01 --- INFO: ----------Source_Adesa (cli)
10-11-2011 15:10:03 --- ERROR: Unauthorized request
10-11-2011 15:10:03 --- INFO: finish: 10-11-2011 15:10:03
10-11-2011 15:10:03 --- INFO: elapsed time: ~1.84 sec., memory usage: ~1.31 Mb.
10-11-2011 15:10:01 --- INFO: start: 10-11-2011 15:10:01
10-11-2011 15:10:01 --- INFO: ----------Source_Gsmotors (cli)
10-11-2011 15:12:15 --- INFO: Lexus RX 300 - found: 83, pass primary filters: 32, did not pass the filter by color: 14, added: 18, new vincodes: 1
10-11-2011 15:16:59 --- INFO: Lexus RX 330 - found: 189, pass primary filters: 51, did not pass the filter by color: 17, added: 34, new vincodes: 2
10-11-2011 15:18:16 --- INFO: Lexus RX 400H - found: 41, pass primary filters: 9, did not pass the filter by color: 3, added: 6, new vincodes: 0
10-11-2011 15:20:21 --- INFO: Lexus GX 470 - found: 84, pass primary filters: 43, did not pass the filter by color: 35, added: 8, new vincodes: 1
10-11-2011 15:22:18 --- INFO: Lexus GX 470 - found: 72, pass primary filters: 38, did not pass the filter by color: 34, added: 4, new vincodes: 3
10-11-2011 15:22:49 --- INFO: Lexus LX 470 - found: 20, pass primary filters: 14, did not pass the filter by color: 13, added: 1, new vincodes: 1
10-11-2011 15:23:22 --- INFO: Lexus LX 470 - found: 24, pass primary filters: 15, did not pass the filter by color: 15, added: 0, new vincodes: 0
10-11-2011 15:23:44 --- INFO: Toyota Land Cruiser - found: 11, pass primary filters: 8, did not pass the filter by color: 6, added: 2, new vincodes: 0
10-11-2011 15:25:54 --- INFO: Honda CR-V - found: 69, pass primary filters: 8, did not pass the filter by color: 0, added: 8, new vincodes: 0
10-11-2011 15:32:06 --- INFO: Honda CR-V - found: 215, pass primary filters: 15, did not pass the filter by color: 0, added: 15, new vincodes: 0
10-11-2011 15:33:05 --- INFO: Mitsubishi Montero 4WD Limited - found: 46, pass primary filters: 9, did not pass the filter by color: 9, added: 0, new vincodes: 0
10-11-2011 15:37:08 --- INFO: Toyota 4RUNNER 4WD Limited - found: 176, pass primary filters: 49, did not pass the filter by color: 31, added: 18, new vincodes: 4
10-11-2011 15:38:33 --- INFO: Toyota RAV 4 - found: 64, pass primary filters: 26, did not pass the filter by color: 18, added: 8, new vincodes: 1
10-11-2011 15:40:43 --- INFO: Toyota Highlander 4WD - found: 99, pass primary filters: 0, did not pass the filter by color: 0, added: 0, new vincodes: 0
10-11-2011 15:44:50 --- INFO: Subaru Forester - found: 147, pass primary filters: 19, did not pass the filter by color: 0, added: 19, new vincodes: 1
10-11-2011 15:53:55 --- INFO: Nissan Rogue - found: 236, pass primary filters: 15, did not pass the filter by color: 0, added: 15, new vincodes: 0
10-11-2011 15:54:55 --- INFO: Toyota Highlander - found: 99, pass primary filters: 39, did not pass the filter by color: 31, added: 8, new vincodes: 2
10-11-2011 15:56:38 --- INFO: Acura MDX - found: 63, pass primary filters: 0, did not pass the filter by color: 0, added: 0, new vincodes: 0
10-11-2011 15:56:38 --- INFO: finish: 10-11-2011 15:56:38
10-11-2011 15:56:38 --- INFO: elapsed time: ~2796.75 sec., memory usage: ~4.89 Mb.
10-11-2011 17:10:01 --- INFO: start: 10-11-2011 17:10:01
10-11-2011 17:10:01 --- INFO: ----------Source_Adesa (cli)
10-11-2011 17:10:04 --- ERROR: Unauthorized request
10-11-2011 17:10:04 --- INFO: finish: 10-11-2011 17:10:04
10-11-2011 17:10:04 --- INFO: elapsed time: ~2.66 sec., memory usage: ~1.31 Mb.
10-11-2011 17:10:01 --- INFO: start: 10-11-2011 17:10:01
10-11-2011 17:10:01 --- INFO: ----------Source_Gsmotors (cli)
10-11-2011 17:10:58 --- INFO: Lexus RX 300 - found: 83, pass primary filters: 32, did not pass the filter by color: 15, added: 17, new vincodes: 0
10-11-2011 17:13:01 --- INFO: Lexus RX 330 - found: 189, pass primary filters: 51, did not pass the filter by color: 17, added: 34, new vincodes: 0
10-11-2011 17:13:28 --- INFO: Lexus RX 400H - found: 41, pass primary filters: 9, did not pass the filter by color: 3, added: 6, new vincodes: 0
10-11-2011 17:14:32 --- INFO: Lexus GX 470 - found: 84, pass primary filters: 43, did not pass the filter by color: 35, added: 8, new vincodes: 0
10-11-2011 17:15:38 --- INFO: Lexus GX 470 - found: 72, pass primary filters: 38, did not pass the filter by color: 34, added: 4, new vincodes: 0
10-11-2011 17:15:52 --- INFO: Lexus LX 470 - found: 20, pass primary filters: 14, did not pass the filter by color: 13, added: 1, new vincodes: 0
10-11-2011 17:16:07 --- INFO: Lexus LX 470 - found: 24, pass primary filters: 15, did not pass the filter by color: 15, added: 0, new vincodes: 0
10-11-2011 17:16:16 --- INFO: Toyota Land Cruiser - found: 11, pass primary filters: 8, did not pass the filter by color: 6, added: 2, new vincodes: 0
10-11-2011 17:16:57 --- INFO: Honda CR-V - found: 69, pass primary filters: 8, did not pass the filter by color: 0, added: 8, new vincodes: 0
10-11-2011 17:19:16 --- INFO: Honda CR-V - found: 215, pass primary filters: 15, did not pass the filter by color: 0, added: 15, new vincodes: 0
10-11-2011 17:19:48 --- INFO: Mitsubishi Montero 4WD Limited - found: 46, pass primary filters: 9, did not pass the filter by color: 9, added: 0, new vincodes: 0
10-11-2011 17:21:48 --- INFO: Toyota 4RUNNER 4WD Limited - found: 176, pass primary filters: 49, did not pass the filter by color: 31, added: 18, new vincodes: 0
10-11-2011 17:22:33 --- INFO: Toyota RAV 4 - found: 64, pass primary filters: 26, did not pass the filter by color: 18, added: 8, new vincodes: 0
10-11-2011 17:23:37 --- INFO: Toyota Highlander 4WD - found: 99, pass primary filters: 0, did not pass the filter by color: 0, added: 0, new vincodes: 0
10-11-2011 17:25:32 --- INFO: Subaru Forester - found: 147, pass primary filters: 19, did not pass the filter by color: 0, added: 19, new vincodes: 0
10-11-2011 17:28:05 --- INFO: Nissan Rogue - found: 236, pass primary filters: 15, did not pass the filter by color: 0, added: 15, new vincodes: 0
10-11-2011 17:28:56 --- INFO: Toyota Highlander - found: 99, pass primary filters: 39, did not pass the filter by color: 31, added: 8, new vincodes: 0
10-11-2011 17:29:41 --- INFO: Acura MDX - found: 63, pass primary filters: 0, did not pass the filter by color: 0, added: 0, new vincodes: 0
10-11-2011 17:29:41 --- INFO: finish: 10-11-2011 17:29:41
10-11-2011 17:29:41 --- INFO: elapsed time: ~1180.44 sec., memory usage: ~4.79 Mb.
10-11-2011 18:05:01 --- INFO: start: 10-11-2011 18:05:01
10-11-2011 18:05:01 --- INFO: ----------Source_Openlane (cli)
10-11-2011 18:05:06 --- ERROR: Unauthorized request
10-11-2011 18:05:06 --- INFO: finish: 10-11-2011 18:05:06
10-11-2011 18:05:06 --- INFO: elapsed time: ~4.62 sec., memory usage: ~1.31 Mb.
10-11-2011 18:10:01 --- INFO: start: 10-11-2011 18:10:01
10-11-2011 18:10:01 --- INFO: ----------Source_Ebay (cli)
10-11-2011 18:10:53 --- INFO: Lexus RX 300 - found: 21, pass primary filters: 3, did not pass the filter by color: 0, added: 3, new vincodes: 0
10-11-2011 18:14:10 --- INFO: Lexus RX 330 - found: 70, pass primary filters: 20, did not pass the filter by color: 3, added: 17, new vincodes: 0
10-11-2011 18:15:15 --- INFO: Lexus RX 400H - found: 49, pass primary filters: 0, did not pass the filter by color: 0, added: 0, new vincodes: 0
10-11-2011 18:16:01 --- INFO: Lexus GX 470 - found: 32, pass primary filters: 10, did not pass the filter by color: 8, added: 2, new vincodes: 0
10-11-2011 18:16:39 --- INFO: Lexus GX 470 - found: 18, pass primary filters: 8, did not pass the filter by color: 8, added: 0, new vincodes: 0
10-11-2011 18:17:30 --- INFO: Lexus LX 470 - found: 11, pass primary filters: 7, did not pass the filter by color: 7, added: 0, new vincodes: 1
10-11-2011 18:18:36 --- INFO: Lexus LX 470 - found: 14, pass primary filters: 10, did not pass the filter by color: 10, added: 0, new vincodes: 1
10-11-2011 18:18:44 --- INFO: Toyota Land Cruiser - found: 1, pass primary filters: 1, did not pass the filter by color: 1, added: 0, new vincodes: 0
10-11-2011 18:19:07 --- INFO: Honda CR-V - found: 9, pass primary filters: 0, did not pass the filter by color: 0, added: 0, new vincodes: 0
10-11-2011 18:25:15 --- INFO: Honda CR-V - found: 72, pass primary filters: 8, did not pass the filter by color: 0, added: 8, new vincodes: 0
10-11-2011 18:25:26 --- INFO: Mitsubishi Montero 4WD Limited - found: 3, pass primary filters: 0, did not pass the filter by color: 0, added: 0, new vincodes: 0
10-11-2011 18:26:39 --- INFO: Toyota 4RUNNER 4WD Limited - found: 43, pass primary filters: 14, did not pass the filter by color: 10, added: 4, new vincodes: 0
10-11-2011 18:26:56 --- INFO: Toyota RAV 4 - found: 11, pass primary filters: 4, did not pass the filter by color: 3, added: 1, new vincodes: 0
10-11-2011 18:27:14 --- INFO: Toyota Highlander 4WD - found: 12, pass primary filters: 0, did not pass the filter by color: 0, added: 0, new vincodes: 0
10-11-2011 18:28:28 --- INFO: Subaru Forester - found: 47, pass primary filters: 2, did not pass the filter by color: 0, added: 2, new vincodes: 0
10-11-2011 18:30:23 --- INFO: Nissan Rogue - found: 50, pass primary filters: 0, did not pass the filter by color: 0, added: 0, new vincodes: 0
10-11-2011 18:30:44 --- INFO: Toyota Highlander - found: 12, pass primary filters: 3, did not pass the filter by color: 2, added: 1, new vincodes: 0
10-11-2011 18:30:59 --- INFO: Acura MDX - found: 10, pass primary filters: 0, did not pass the filter by color: 0, added: 0, new vincodes: 0
10-11-2011 18:30:59 --- INFO: finish: 10-11-2011 18:30:59
10-11-2011 18:30:59 --- INFO: elapsed time: ~1258.25 sec., memory usage: ~2.69 Mb.
10-11-2011 22:05:01 --- INFO: start: 10-11-2011 22:05:01
10-11-2011 22:05:01 --- INFO: ----------Source_Openlane (cli)
10-11-2011 22:05:04 --- ERROR: Unauthorized request
10-11-2011 22:05:04 --- INFO: finish: 10-11-2011 22:05:04
10-11-2011 22:05:04 --- INFO: elapsed time: ~3.25 sec., memory usage: ~1.31 Mb.
10-11-2011 22:10:01 --- INFO: start: 10-11-2011 22:10:01
10-11-2011 22:10:01 --- INFO: ----------Source_Ebay (cli)
10-11-2011 22:10:31 --- INFO: Lexus RX 300 - found: 21, pass primary filters: 3, did not pass the filter by color: 0, added: 3, new vincodes: 0
10-11-2011 22:14:01 --- INFO: Lexus RX 330 - found: 69, pass primary filters: 18, did not pass the filter by color: 4, added: 14, new vincodes: 0
10-11-2011 22:16:53 --- INFO: Lexus RX 400H - found: 51, pass primary filters: 0, did not pass the filter by color: 0, added: 0, new vincodes: 0
10-11-2011 22:17:51 --- INFO: Lexus GX 470 - found: 32, pass primary filters: 10, did not pass the filter by color: 8, added: 2, new vincodes: 0
10-11-2011 22:18:24 --- INFO: Lexus GX 470 - found: 18, pass primary filters: 9, did not pass the filter by color: 9, added: 0, new vincodes: 0
10-11-2011 22:18:47 --- INFO: Lexus LX 470 - found: 11, pass primary filters: 7, did not pass the filter by color: 7, added: 0, new vincodes: 0
10-11-2011 22:19:09 --- INFO: Lexus LX 470 - found: 14, pass primary filters: 10, did not pass the filter by color: 10, added: 0, new vincodes: 0
10-11-2011 22:19:13 --- INFO: Toyota Land Cruiser - found: 1, pass primary filters: 1, did not pass the filter by color: 1, added: 0, new vincodes: 0
10-11-2011 22:19:25 --- INFO: Honda CR-V - found: 8, pass primary filters: 0, did not pass the filter by color: 0, added: 0, new vincodes: 0
10-11-2011 22:22:57 --- INFO: Honda CR-V - found: 71, pass primary filters: 8, did not pass the filter by color: 0, added: 8, new vincodes: 0
10-11-2011 22:23:01 --- INFO: Mitsubishi Montero 4WD Limited - found: 3, pass primary filters: 0, did not pass the filter by color: 0, added: 0, new vincodes: 0
10-11-2011 22:23:45 --- INFO: Toyota 4RUNNER 4WD Limited - found: 42, pass primary filters: 14, did not pass the filter by color: 10, added: 4, new vincodes: 0
10-11-2011 22:23:56 --- INFO: Toyota RAV 4 - found: 11, pass primary filters: 4, did not pass the filter by color: 3, added: 1, new vincodes: 0
10-11-2011 22:24:08 --- INFO: Toyota Highlander 4WD - found: 11, pass primary filters: 0, did not pass the filter by color: 0, added: 0, new vincodes: 0
10-11-2011 22:24:59 --- INFO: Subaru Forester - found: 48, pass primary filters: 2, did not pass the filter by color: 0, added: 2, new vincodes: 0
10-11-2011 22:27:00 --- INFO: Nissan Rogue - found: 51, pass primary filters: 0, did not pass the filter by color: 0, added: 0, new vincodes: 0
10-11-2011 22:27:18 --- INFO: Toyota Highlander - found: 11, pass primary filters: 3, did not pass the filter by color: 2, added: 1, new vincodes: 0
10-11-2011 22:27:37 --- INFO: Acura MDX - found: 10, pass primary filters: 0, did not pass the filter by color: 0, added: 0, new vincodes: 0
10-11-2011 22:27:37 --- INFO: finish: 10-11-2011 22:27:37
10-11-2011 22:27:37 --- INFO: elapsed time: ~1055.4 sec., memory usage: ~2.65 Mb.