
11-10-2011 03:05:01 --- INFO: start: 11-10-2011 03:05:01
11-10-2011 03:05:01 --- INFO: ----------Source_Openlane (cli)
11-10-2011 03:05:05 --- ERROR: Unauthorized request
11-10-2011 03:05:05 --- INFO: finish: 11-10-2011 03:05:05
11-10-2011 03:05:05 --- INFO: elapsed time: ~3.25 sec., memory usage: ~1.31 Mb.
11-10-2011 03:10:01 --- INFO: start: 11-10-2011 03:10:01
11-10-2011 03:10:01 --- INFO: ----------Source_Ebay (cli)
11-10-2011 03:11:01 --- INFO: Lexus RX 300 - found: 30, pass primary filters: 7, did not pass the filter by color: 3, added: 4, new vincodes: 0
11-10-2011 03:13:53 --- INFO: Lexus RX 330 - found: 74, pass primary filters: 12, did not pass the filter by color: 6, added: 6, new vincodes: 0
11-10-2011 03:15:40 --- INFO: Lexus RX 400H - found: 56, pass primary filters: 0, did not pass the filter by color: 0, added: 0, new vincodes: 0
11-10-2011 03:16:12 --- INFO: Lexus GX 470 - found: 29, pass primary filters: 8, did not pass the filter by color: 6, added: 2, new vincodes: 0
11-10-2011 03:16:48 --- INFO: Lexus GX 470 - found: 23, pass primary filters: 6, did not pass the filter by color: 4, added: 2, new vincodes: 0
11-10-2011 03:17:07 --- INFO: Lexus LX 470 - found: 9, pass primary filters: 5, did not pass the filter by color: 5, added: 0, new vincodes: 0
11-10-2011 03:17:24 --- INFO: Lexus LX 470 - found: 9, pass primary filters: 3, did not pass the filter by color: 3, added: 0, new vincodes: 0
11-10-2011 03:17:34 --- INFO: Toyota Land Cruiser - found: 4, pass primary filters: 3, did not pass the filter by color: 3, added: 0, new vincodes: 0
11-10-2011 03:18:04 --- INFO: Honda CR-V - found: 15, pass primary filters: 0, did not pass the filter by color: 0, added: 0, new vincodes: 0
11-10-2011 03:21:46 --- INFO: Honda CR-V - found: 70, pass primary filters: 2, did not pass the filter by color: 0, added: 2, new vincodes: 0
11-10-2011 03:21:52 --- INFO: Mitsubishi Montero 4WD Limited - found: 3, pass primary filters: 0, did not pass the filter by color: 0, added: 0, new vincodes: 0
11-10-2011 03:25:58 --- INFO: Toyota 4RUNNER 4WD Limited - found: 65, pass primary filters: 40, did not pass the filter by color: 26, added: 14, new vincodes: 0
11-10-2011 03:26:20 --- INFO: Toyota RAV 4 - found: 14, pass primary filters: 6, did not pass the filter by color: 4, added: 2, new vincodes: 0
11-10-2011 03:26:44 --- INFO: Toyota Highlander 4WD - found: 21, pass primary filters: 0, did not pass the filter by color: 0, added: 0, new vincodes: 0
11-10-2011 03:28:33 --- INFO: Subaru Forester - found: 54, pass primary filters: 10, did not pass the filter by color: 0, added: 10, new vincodes: 0
11-10-2011 03:30:18 --- INFO: Nissan Rogue - found: 51, pass primary filters: 2, did not pass the filter by color: 0, added: 2, new vincodes: 0
11-10-2011 03:30:52 --- INFO: Toyota Highlander - found: 21, pass primary filters: 9, did not pass the filter by color: 9, added: 0, new vincodes: 0
11-10-2011 03:31:22 --- INFO: Acura MDX - found: 16, pass primary filters: 0, did not pass the filter by color: 0, added: 0, new vincodes: 0
11-10-2011 03:31:22 --- INFO: finish: 11-10-2011 03:31:22
11-10-2011 03:31:22 --- INFO: elapsed time: ~1281.1 sec., memory usage: ~2.82 Mb.
11-10-2011 06:10:01 --- INFO: start: 11-10-2011 06:10:01
11-10-2011 06:10:01 --- INFO: ----------Source_Adesa (cli)
11-10-2011 06:10:02 --- INFO: Authorized request
11-10-2011 06:10:04 --- INFO: Lexus RX 300 - found: 5, pass primary filters: 2, did not pass the filter by color: 0, added: 2, new vincodes: 0
11-10-2011 06:10:08 --- INFO: Lexus RX 330 - found: 9, pass primary filters: 6, did not pass the filter by color: 3, added: 3, new vincodes: 1
11-10-2011 06:10:08 --- INFO: Lexus RX 400H - found: 2, pass primary filters: 0, did not pass the filter by color: 0, added: 0, new vincodes: 0
11-10-2011 06:10:10 --- INFO: Lexus GX 470 - found: 4, pass primary filters: 1, did not pass the filter by color: 1, added: 0, new vincodes: 0
11-10-2011 06:10:11 --- INFO: Lexus GX 470 - found: 1, pass primary filters: 1, did not pass the filter by color: 1, added: 0, new vincodes: 0
11-10-2011 06:10:11 --- INFO: Lexus LX 470 - found: 0, pass primary filters: 0, did not pass the filter by color: 0, added: 0, new vincodes: 0
11-10-2011 06:10:12 --- INFO: Lexus LX 470 - found: 1, pass primary filters: 1, did not pass the filter by color: 1, added: 0, new vincodes: 0
11-10-2011 06:10:12 --- INFO: Toyota Land Cruiser - found: 2, pass primary filters: 1, did not pass the filter by color: 1, added: 0, new vincodes: 0
11-10-2011 06:10:14 --- INFO: Honda CR-V - found: 10, pass primary filters: 1, did not pass the filter by color: 0, added: 1, new vincodes: 0
11-10-2011 06:10:14 --- INFO: Honda CR-V - found: 2, pass primary filters: 0, did not pass the filter by color: 0, added: 0, new vincodes: 0
11-10-2011 06:10:16 --- INFO: Mitsubishi Montero 4WD Limited - found: 13, pass primary filters: 2, did not pass the filter by color: 2, added: 0, new vincodes: 0
11-10-2011 06:10:17 --- INFO: Toyota 4RUNNER 4WD Limited - found: 19, pass primary filters: 2, did not pass the filter by color: 2, added: 0, new vincodes: 0
11-10-2011 06:10:22 --- INFO: Toyota RAV 4 - found: 9, pass primary filters: 3, did not pass the filter by color: 3, added: 0, new vincodes: 0
11-10-2011 06:10:22 --- INFO: Toyota Highlander 4WD - found: 13, pass primary filters: 0, did not pass the filter by color: 0, added: 0, new vincodes: 0
11-10-2011 06:10:26 --- INFO: Subaru Forester - found: 5, pass primary filters: 4, did not pass the filter by color: 0, added: 4, new vincodes: 0
11-10-2011 06:10:26 --- INFO: Nissan Rogue - found: 12, pass primary filters: 1, did not pass the filter by color: 0, added: 1, new vincodes: 0
11-10-2011 06:10:29 --- INFO: Toyota Highlander - found: 13, pass primary filters: 2, did not pass the filter by color: 1, added: 1, new vincodes: 0
11-10-2011 06:10:29 --- INFO: Acura MDX - found: 16, pass primary filters: 0, did not pass the filter by color: 0, added: 0, new vincodes: 0
11-10-2011 06:10:29 --- INFO: finish: 11-10-2011 06:10:29
11-10-2011 06:10:29 --- INFO: elapsed time: ~28.39 sec., memory usage: ~2.18 Mb.
11-10-2011 06:10:01 --- INFO: start: 11-10-2011 06:10:01
11-10-2011 06:10:01 --- INFO: ----------Source_Gsmotors (cli)
11-10-2011 06:12:29 --- INFO: Lexus RX 300 - found: 75, pass primary filters: 22, did not pass the filter by color: 11, added: 11, new vincodes: 1
11-10-2011 06:16:15 --- INFO: Lexus RX 330 - found: 167, pass primary filters: 45, did not pass the filter by color: 12, added: 33, new vincodes: 0
11-10-2011 06:17:21 --- INFO: Lexus RX 400H - found: 46, pass primary filters: 8, did not pass the filter by color: 2, added: 6, new vincodes: 1
11-10-2011 06:19:07 --- INFO: Lexus GX 470 - found: 77, pass primary filters: 36, did not pass the filter by color: 29, added: 7, new vincodes: 1
11-10-2011 06:21:05 --- INFO: Lexus GX 470 - found: 79, pass primary filters: 48, did not pass the filter by color: 41, added: 7, new vincodes: 0
11-10-2011 06:21:29 --- INFO: Lexus LX 470 - found: 19, pass primary filters: 12, did not pass the filter by color: 11, added: 1, new vincodes: 0
11-10-2011 06:21:54 --- INFO: Lexus LX 470 - found: 19, pass primary filters: 14, did not pass the filter by color: 13, added: 1, new vincodes: 0
11-10-2011 06:22:12 --- INFO: Toyota Land Cruiser - found: 13, pass primary filters: 10, did not pass the filter by color: 10, added: 0, new vincodes: 1
11-10-2011 06:23:18 --- INFO: Honda CR-V - found: 54, pass primary filters: 4, did not pass the filter by color: 0, added: 4, new vincodes: 0
11-10-2011 06:28:01 --- INFO: Honda CR-V - found: 180, pass primary filters: 10, did not pass the filter by color: 0, added: 10, new vincodes: 0
11-10-2011 06:29:20 --- INFO: Mitsubishi Montero 4WD Limited - found: 62, pass primary filters: 10, did not pass the filter by color: 10, added: 0, new vincodes: 0
11-10-2011 06:33:38 --- INFO: Toyota 4RUNNER 4WD Limited - found: 201, pass primary filters: 52, did not pass the filter by color: 30, added: 22, new vincodes: 0
11-10-2011 06:35:29 --- INFO: Toyota RAV 4 - found: 95, pass primary filters: 40, did not pass the filter by color: 31, added: 9, new vincodes: 0
11-10-2011 06:37:27 --- INFO: Toyota Highlander 4WD - found: 97, pass primary filters: 3, did not pass the filter by color: 2, added: 1, new vincodes: 0
11-10-2011 06:45:55 --- INFO: Subaru Forester - found: 245, pass primary filters: 30, did not pass the filter by color: 0, added: 30, new vincodes: 0
11-10-2011 06:54:59 --- INFO: Nissan Rogue - found: 278, pass primary filters: 11, did not pass the filter by color: 0, added: 11, new vincodes: 0
11-10-2011 06:56:09 --- INFO: Toyota Highlander - found: 97, pass primary filters: 39, did not pass the filter by color: 30, added: 9, new vincodes: 3
11-10-2011 06:57:50 --- INFO: Acura MDX - found: 66, pass primary filters: 1, did not pass the filter by color: 0, added: 1, new vincodes: 0
11-10-2011 06:57:50 --- INFO: finish: 11-10-2011 06:57:50
11-10-2011 06:57:50 --- INFO: elapsed time: ~2869.68 sec., memory usage: ~4.91 Mb.
11-10-2011 07:05:01 --- INFO: start: 11-10-2011 07:05:01
11-10-2011 07:05:01 --- INFO: ----------Source_Openlane (cli)
11-10-2011 07:05:04 --- ERROR: Unauthorized request
11-10-2011 07:05:04 --- INFO: finish: 11-10-2011 07:05:04
11-10-2011 07:05:04 --- INFO: elapsed time: ~3.32 sec., memory usage: ~1.31 Mb.
11-10-2011 07:10:02 --- INFO: start: 11-10-2011 07:10:02
11-10-2011 07:10:02 --- INFO: ----------Source_Ebay (cli)
11-10-2011 07:10:51 --- INFO: Lexus RX 300 - found: 30, pass primary filters: 7, did not pass the filter by color: 3, added: 4, new vincodes: 0
11-10-2011 07:14:38 --- INFO: Lexus RX 330 - found: 74, pass primary filters: 12, did not pass the filter by color: 7, added: 5, new vincodes: 0
11-10-2011 07:17:55 --- INFO: Lexus RX 400H - found: 56, pass primary filters: 0, did not pass the filter by color: 0, added: 0, new vincodes: 0
11-10-2011 07:18:46 --- INFO: Lexus GX 470 - found: 29, pass primary filters: 8, did not pass the filter by color: 6, added: 2, new vincodes: 0
11-10-2011 07:19:34 --- INFO: Lexus GX 470 - found: 23, pass primary filters: 6, did not pass the filter by color: 5, added: 1, new vincodes: 0
11-10-2011 07:19:52 --- INFO: Lexus LX 470 - found: 9, pass primary filters: 5, did not pass the filter by color: 5, added: 0, new vincodes: 0
11-10-2011 07:20:11 --- INFO: Lexus LX 470 - found: 9, pass primary filters: 3, did not pass the filter by color: 3, added: 0, new vincodes: 0
11-10-2011 07:20:16 --- INFO: Toyota Land Cruiser - found: 4, pass primary filters: 3, did not pass the filter by color: 3, added: 0, new vincodes: 0
11-10-2011 07:20:35 --- INFO: Honda CR-V - found: 15, pass primary filters: 0, did not pass the filter by color: 0, added: 0, new vincodes: 0
11-10-2011 07:23:53 --- INFO: Honda CR-V - found: 71, pass primary filters: 2, did not pass the filter by color: 0, added: 2, new vincodes: 0
11-10-2011 07:24:00 --- INFO: Mitsubishi Montero 4WD Limited - found: 3, pass primary filters: 0, did not pass the filter by color: 0, added: 0, new vincodes: 0
11-10-2011 07:28:08 --- INFO: Toyota 4RUNNER 4WD Limited - found: 65, pass primary filters: 40, did not pass the filter by color: 26, added: 14, new vincodes: 0
11-10-2011 07:28:25 --- INFO: Toyota RAV 4 - found: 14, pass primary filters: 6, did not pass the filter by color: 4, added: 2, new vincodes: 0
11-10-2011 07:28:48 --- INFO: Toyota Highlander 4WD - found: 21, pass primary filters: 0, did not pass the filter by color: 0, added: 0, new vincodes: 0
11-10-2011 07:31:09 --- INFO: Subaru Forester - found: 56, pass primary filters: 10, did not pass the filter by color: 0, added: 10, new vincodes: 0
11-10-2011 07:33:48 --- INFO: Nissan Rogue - found: 52, pass primary filters: 2, did not pass the filter by color: 0, added: 2, new vincodes: 0
11-10-2011 07:34:21 --- INFO: Toyota Highlander - found: 21, pass primary filters: 9, did not pass the filter by color: 9, added: 0, new vincodes: 0
11-10-2011 07:34:51 --- INFO: Acura MDX - found: 16, pass primary filters: 0, did not pass the filter by color: 0, added: 0, new vincodes: 0
11-10-2011 07:34:51 --- INFO: finish: 11-10-2011 07:34:51
11-10-2011 07:34:51 --- INFO: elapsed time: ~1489.52 sec., memory usage: ~2.82 Mb.
11-10-2011 08:10:01 --- INFO: start: 11-10-2011 08:10:01
11-10-2011 08:10:01 --- INFO: ----------Source_Adesa (cli)
11-10-2011 08:10:02 --- INFO: Authorized request
11-10-2011 08:10:04 --- INFO: Lexus RX 300 - found: 5, pass primary filters: 2, did not pass the filter by color: 0, added: 2, new vincodes: 0
11-10-2011 08:10:07 --- INFO: Lexus RX 330 - found: 9, pass primary filters: 6, did not pass the filter by color: 3, added: 3, new vincodes: 0
11-10-2011 08:10:08 --- INFO: Lexus RX 400H - found: 2, pass primary filters: 0, did not pass the filter by color: 0, added: 0, new vincodes: 0
11-10-2011 08:10:10 --- INFO: Lexus GX 470 - found: 4, pass primary filters: 1, did not pass the filter by color: 1, added: 0, new vincodes: 0
11-10-2011 08:10:10 --- INFO: Lexus GX 470 - found: 1, pass primary filters: 1, did not pass the filter by color: 1, added: 0, new vincodes: 0
11-10-2011 08:10:11 --- INFO: Lexus LX 470 - found: 0, pass primary filters: 0, did not pass the filter by color: 0, added: 0, new vincodes: 0
11-10-2011 08:10:11 --- INFO: Lexus LX 470 - found: 1, pass primary filters: 1, did not pass the filter by color: 1, added: 0, new vincodes: 0
11-10-2011 08:10:12 --- INFO: Toyota Land Cruiser - found: 2, pass primary filters: 1, did not pass the filter by color: 1, added: 0, new vincodes: 0
11-10-2011 08:10:13 --- INFO: Honda CR-V - found: 10, pass primary filters: 1, did not pass the filter by color: 0, added: 1, new vincodes: 0
11-10-2011 08:10:15 --- INFO: Honda CR-V - found: 2, pass primary filters: 1, did not pass the filter by color: 0, added: 1, new vincodes: 1
11-10-2011 08:10:16 --- INFO: Mitsubishi Montero 4WD Limited - found: 13, pass primary filters: 2, did not pass the filter by color: 2, added: 0, new vincodes: 0
11-10-2011 08:10:18 --- INFO: Toyota 4RUNNER 4WD Limited - found: 19, pass primary filters: 2, did not pass the filter by color: 2, added: 0, new vincodes: 0
11-10-2011 08:10:25 --- INFO: Toyota RAV 4 - found: 9, pass primary filters: 3, did not pass the filter by color: 3, added: 0, new vincodes: 0
11-10-2011 08:10:25 --- INFO: Toyota Highlander 4WD - found: 13, pass primary filters: 0, did not pass the filter by color: 0, added: 0, new vincodes: 0
11-10-2011 08:10:30 --- INFO: Subaru Forester - found: 5, pass primary filters: 4, did not pass the filter by color: 0, added: 4, new vincodes: 0
11-10-2011 08:10:30 --- INFO: Nissan Rogue - found: 12, pass primary filters: 1, did not pass the filter by color: 0, added: 1, new vincodes: 0
11-10-2011 08:10:33 --- INFO: Toyota Highlander - found: 13, pass primary filters: 2, did not pass the filter by color: 1, added: 1, new vincodes: 0
11-10-2011 08:10:34 --- INFO: Acura MDX - found: 16, pass primary filters: 0, did not pass the filter by color: 0, added: 0, new vincodes: 0
11-10-2011 08:10:34 --- INFO: finish: 11-10-2011 08:10:34
11-10-2011 08:10:34 --- INFO: elapsed time: ~32.86 sec., memory usage: ~2.17 Mb.
11-10-2011 08:10:01 --- INFO: start: 11-10-2011 08:10:01
11-10-2011 08:10:01 --- INFO: ----------Source_Gsmotors (cli)
11-10-2011 08:10:49 --- INFO: Lexus RX 300 - found: 75, pass primary filters: 22, did not pass the filter by color: 11, added: 11, new vincodes: 0
11-10-2011 08:13:00 --- INFO: Lexus RX 330 - found: 167, pass primary filters: 45, did not pass the filter by color: 12, added: 33, new vincodes: 0
11-10-2011 08:13:57 --- INFO: Lexus RX 400H - found: 46, pass primary filters: 8, did not pass the filter by color: 2, added: 6, new vincodes: 0
11-10-2011 08:15:08 --- INFO: Lexus GX 470 - found: 77, pass primary filters: 36, did not pass the filter by color: 29, added: 7, new vincodes: 0
11-10-2011 08:16:18 --- INFO: Lexus GX 470 - found: 79, pass primary filters: 48, did not pass the filter by color: 41, added: 7, new vincodes: 0
11-10-2011 08:16:33 --- INFO: Lexus LX 470 - found: 19, pass primary filters: 12, did not pass the filter by color: 11, added: 1, new vincodes: 0
11-10-2011 08:16:49 --- INFO: Lexus LX 470 - found: 19, pass primary filters: 14, did not pass the filter by color: 13, added: 1, new vincodes: 0
11-10-2011 08:17:18 --- INFO: Toyota Land Cruiser - found: 13, pass primary filters: 10, did not pass the filter by color: 10, added: 0, new vincodes: 0
11-10-2011 08:18:00 --- INFO: Honda CR-V - found: 54, pass primary filters: 4, did not pass the filter by color: 0, added: 4, new vincodes: 0
11-10-2011 08:20:40 --- INFO: Honda CR-V - found: 180, pass primary filters: 10, did not pass the filter by color: 0, added: 10, new vincodes: 0
11-10-2011 08:21:54 --- INFO: Mitsubishi Montero 4WD Limited - found: 62, pass primary filters: 10, did not pass the filter by color: 10, added: 0, new vincodes: 0
11-10-2011 08:24:31 --- INFO: Toyota 4RUNNER 4WD Limited - found: 201, pass primary filters: 52, did not pass the filter by color: 30, added: 22, new vincodes: 0
11-10-2011 08:25:38 --- INFO: Toyota RAV 4 - found: 95, pass primary filters: 40, did not pass the filter by color: 31, added: 9, new vincodes: 0
11-10-2011 08:26:55 --- INFO: Toyota Highlander 4WD - found: 97, pass primary filters: 3, did not pass the filter by color: 2, added: 1, new vincodes: 0
11-10-2011 08:30:45 --- INFO: Subaru Forester - found: 245, pass primary filters: 30, did not pass the filter by color: 0, added: 30, new vincodes: 0
11-10-2011 08:34:49 --- INFO: Nissan Rogue - found: 278, pass primary filters: 11, did not pass the filter by color: 0, added: 11, new vincodes: 0
11-10-2011 08:36:17 --- INFO: Toyota Highlander - found: 97, pass primary filters: 39, did not pass the filter by color: 30, added: 9, new vincodes: 0
11-10-2011 08:37:07 --- INFO: Acura MDX - found: 66, pass primary filters: 1, did not pass the filter by color: 0, added: 1, new vincodes: 0
11-10-2011 08:37:07 --- INFO: finish: 11-10-2011 08:37:07
11-10-2011 08:37:07 --- INFO: elapsed time: ~1626.54 sec., memory usage: ~4.82 Mb.
11-10-2011 09:10:01 --- INFO: start: 11-10-2011 09:10:01
11-10-2011 09:10:01 --- INFO: ----------Source_Adesa (cli)
11-10-2011 09:10:01 --- INFO: Authorized request
11-10-2011 09:10:05 --- INFO: Lexus RX 300 - found: 5, pass primary filters: 3, did not pass the filter by color: 0, added: 3, new vincodes: 0
11-10-2011 09:10:10 --- INFO: Lexus RX 330 - found: 10, pass primary filters: 7, did not pass the filter by color: 3, added: 4, new vincodes: 1
11-10-2011 09:10:10 --- INFO: Lexus RX 400H - found: 2, pass primary filters: 0, did not pass the filter by color: 0, added: 0, new vincodes: 0
11-10-2011 09:10:12 --- INFO: Lexus GX 470 - found: 4, pass primary filters: 1, did not pass the filter by color: 1, added: 0, new vincodes: 0
11-10-2011 09:10:13 --- INFO: Lexus GX 470 - found: 1, pass primary filters: 1, did not pass the filter by color: 1, added: 0, new vincodes: 0
11-10-2011 09:10:13 --- INFO: Lexus LX 470 - found: 0, pass primary filters: 0, did not pass the filter by color: 0, added: 0, new vincodes: 0
11-10-2011 09:10:15 --- INFO: Lexus LX 470 - found: 1, pass primary filters: 1, did not pass the filter by color: 1, added: 0, new vincodes: 0
11-10-2011 09:10:15 --- INFO: Toyota Land Cruiser - found: 2, pass primary filters: 1, did not pass the filter by color: 1, added: 0, new vincodes: 0
11-10-2011 09:10:17 --- INFO: Honda CR-V - found: 10, pass primary filters: 1, did not pass the filter by color: 0, added: 1, new vincodes: 0
11-10-2011 09:10:18 --- INFO: Honda CR-V - found: 2, pass primary filters: 1, did not pass the filter by color: 0, added: 1, new vincodes: 0
11-10-2011 09:10:19 --- INFO: Mitsubishi Montero 4WD Limited - found: 13, pass primary filters: 2, did not pass the filter by color: 2, added: 0, new vincodes: 0
11-10-2011 09:10:21 --- INFO: Toyota 4RUNNER 4WD Limited - found: 19, pass primary filters: 2, did not pass the filter by color: 2, added: 0, new vincodes: 0
11-10-2011 09:10:27 --- INFO: Toyota RAV 4 - found: 9, pass primary filters: 3, did not pass the filter by color: 3, added: 0, new vincodes: 0
11-10-2011 09:10:28 --- INFO: Toyota Highlander 4WD - found: 13, pass primary filters: 0, did not pass the filter by color: 0, added: 0, new vincodes: 0
11-10-2011 09:10:32 --- INFO: Subaru Forester - found: 5, pass primary filters: 4, did not pass the filter by color: 0, added: 4, new vincodes: 0
11-10-2011 09:10:33 --- INFO: Nissan Rogue - found: 12, pass primary filters: 1, did not pass the filter by color: 0, added: 1, new vincodes: 0
11-10-2011 09:10:35 --- INFO: Toyota Highlander - found: 13, pass primary filters: 2, did not pass the filter by color: 1, added: 1, new vincodes: 0
11-10-2011 09:10:36 --- INFO: Acura MDX - found: 16, pass primary filters: 0, did not pass the filter by color: 0, added: 0, new vincodes: 0
11-10-2011 09:10:36 --- INFO: finish: 11-10-2011 09:10:36
11-10-2011 09:10:36 --- INFO: elapsed time: ~34.92 sec., memory usage: ~2.21 Mb.
11-10-2011 09:10:01 --- INFO: start: 11-10-2011 09:10:01
11-10-2011 09:10:01 --- INFO: ----------Source_Gsmotors (cli)
11-10-2011 09:10:44 --- INFO: Lexus RX 300 - found: 75, pass primary filters: 22, did not pass the filter by color: 11, added: 11, new vincodes: 0
11-10-2011 09:12:35 --- INFO: Lexus RX 330 - found: 167, pass primary filters: 45, did not pass the filter by color: 12, added: 33, new vincodes: 0
11-10-2011 09:13:16 --- INFO: Lexus RX 400H - found: 46, pass primary filters: 8, did not pass the filter by color: 2, added: 6, new vincodes: 0
11-10-2011 09:14:22 --- INFO: Lexus GX 470 - found: 77, pass primary filters: 36, did not pass the filter by color: 29, added: 7, new vincodes: 0
11-10-2011 09:15:30 --- INFO: Lexus GX 470 - found: 79, pass primary filters: 48, did not pass the filter by color: 41, added: 7, new vincodes: 0
11-10-2011 09:15:41 --- INFO: Lexus LX 470 - found: 19, pass primary filters: 12, did not pass the filter by color: 11, added: 1, new vincodes: 0
11-10-2011 09:15:55 --- INFO: Lexus LX 470 - found: 19, pass primary filters: 14, did not pass the filter by color: 13, added: 1, new vincodes: 0
11-10-2011 09:16:04 --- INFO: Toyota Land Cruiser - found: 13, pass primary filters: 10, did not pass the filter by color: 10, added: 0, new vincodes: 0
11-10-2011 09:16:37 --- INFO: Honda CR-V - found: 54, pass primary filters: 4, did not pass the filter by color: 0, added: 4, new vincodes: 0
11-10-2011 09:18:41 --- INFO: Honda CR-V - found: 180, pass primary filters: 10, did not pass the filter by color: 0, added: 10, new vincodes: 0
11-10-2011 09:19:23 --- INFO: Mitsubishi Montero 4WD Limited - found: 62, pass primary filters: 10, did not pass the filter by color: 10, added: 0, new vincodes: 0
11-10-2011 09:21:35 --- INFO: Toyota 4RUNNER 4WD Limited - found: 201, pass primary filters: 52, did not pass the filter by color: 30, added: 22, new vincodes: 0
11-10-2011 09:22:32 --- INFO: Toyota RAV 4 - found: 95, pass primary filters: 40, did not pass the filter by color: 31, added: 9, new vincodes: 0
11-10-2011 09:23:40 --- INFO: Toyota Highlander 4WD - found: 97, pass primary filters: 3, did not pass the filter by color: 2, added: 1, new vincodes: 0
11-10-2011 09:26:35 --- INFO: Subaru Forester - found: 245, pass primary filters: 30, did not pass the filter by color: 0, added: 30, new vincodes: 0
11-10-2011 09:30:15 --- INFO: Nissan Rogue - found: 278, pass primary filters: 11, did not pass the filter by color: 0, added: 11, new vincodes: 0
11-10-2011 09:31:17 --- INFO: Toyota Highlander - found: 97, pass primary filters: 39, did not pass the filter by color: 30, added: 9, new vincodes: 0
11-10-2011 09:33:20 --- INFO: Acura MDX - found: 66, pass primary filters: 1, did not pass the filter by color: 0, added: 1, new vincodes: 0
11-10-2011 09:33:20 --- INFO: finish: 11-10-2011 09:33:20
11-10-2011 09:33:20 --- INFO: elapsed time: ~1398.77 sec., memory usage: ~4.82 Mb.
11-10-2011 10:00:01 --- INFO: start: 11-10-2011 10:00:01
11-10-2011 10:00:01 --- INFO: ----------Source_Adesa (cli)
11-10-2011 10:00:02 --- INFO: Authorized request
11-10-2011 10:00:04 --- INFO: Lexus RX 300 - found: 5, pass primary filters: 3, did not pass the filter by color: 1, added: 2, new vincodes: 0
11-10-2011 10:00:08 --- INFO: Lexus RX 330 - found: 10, pass primary filters: 7, did not pass the filter by color: 3, added: 4, new vincodes: 0
11-10-2011 10:00:08 --- INFO: Lexus RX 400H - found: 2, pass primary filters: 0, did not pass the filter by color: 0, added: 0, new vincodes: 0
11-10-2011 10:00:10 --- INFO: Lexus GX 470 - found: 4, pass primary filters: 1, did not pass the filter by color: 1, added: 0, new vincodes: 0
11-10-2011 10:00:10 --- INFO: Lexus GX 470 - found: 1, pass primary filters: 1, did not pass the filter by color: 1, added: 0, new vincodes: 0
11-10-2011 10:00:11 --- INFO: Lexus LX 470 - found: 0, pass primary filters: 0, did not pass the filter by color: 0, added: 0, new vincodes: 0
11-10-2011 10:00:12 --- INFO: Lexus LX 470 - found: 1, pass primary filters: 1, did not pass the filter by color: 1, added: 0, new vincodes: 0
11-10-2011 10:00:12 --- INFO: Toyota Land Cruiser - found: 2, pass primary filters: 1, did not pass the filter by color: 1, added: 0, new vincodes: 0
11-10-2011 10:00:13 --- INFO: Honda CR-V - found: 10, pass primary filters: 1, did not pass the filter by color: 0, added: 1, new vincodes: 0
11-10-2011 10:00:14 --- INFO: Honda CR-V - found: 2, pass primary filters: 1, did not pass the filter by color: 0, added: 1, new vincodes: 0
11-10-2011 10:00:16 --- INFO: Mitsubishi Montero 4WD Limited - found: 13, pass primary filters: 2, did not pass the filter by color: 2, added: 0, new vincodes: 0
11-10-2011 10:00:18 --- INFO: Toyota 4RUNNER 4WD Limited - found: 19, pass primary filters: 2, did not pass the filter by color: 2, added: 0, new vincodes: 0
11-10-2011 10:00:24 --- INFO: Toyota RAV 4 - found: 9, pass primary filters: 3, did not pass the filter by color: 3, added: 0, new vincodes: 0
11-10-2011 10:00:24 --- INFO: Toyota Highlander 4WD - found: 12, pass primary filters: 0, did not pass the filter by color: 0, added: 0, new vincodes: 0
11-10-2011 10:00:27 --- INFO: Subaru Forester - found: 5, pass primary filters: 4, did not pass the filter by color: 0, added: 4, new vincodes: 0
11-10-2011 10:00:27 --- INFO: Nissan Rogue - found: 12, pass primary filters: 1, did not pass the filter by color: 0, added: 1, new vincodes: 0
11-10-2011 10:00:32 --- INFO: Toyota Highlander - found: 12, pass primary filters: 3, did not pass the filter by color: 2, added: 1, new vincodes: 1
11-10-2011 10:00:32 --- INFO: Acura MDX - found: 16, pass primary filters: 0, did not pass the filter by color: 0, added: 0, new vincodes: 0
11-10-2011 10:00:32 --- INFO: finish: 11-10-2011 10:00:32
11-10-2011 10:00:32 --- INFO: elapsed time: ~30.93 sec., memory usage: ~2.21 Mb.
11-10-2011 10:00:01 --- INFO: start: 11-10-2011 10:00:01
11-10-2011 10:00:01 --- INFO: ----------Source_Gsmotors (cli)
11-10-2011 10:01:12 --- INFO: Lexus RX 300 - found: 75, pass primary filters: 22, did not pass the filter by color: 11, added: 11, new vincodes: 0
11-10-2011 10:02:56 --- INFO: Lexus RX 330 - found: 167, pass primary filters: 45, did not pass the filter by color: 12, added: 33, new vincodes: 0
11-10-2011 10:03:41 --- INFO: Lexus RX 400H - found: 46, pass primary filters: 8, did not pass the filter by color: 2, added: 6, new vincodes: 0
11-10-2011 10:04:28 --- INFO: Lexus GX 470 - found: 77, pass primary filters: 36, did not pass the filter by color: 29, added: 7, new vincodes: 0
11-10-2011 10:05:22 --- INFO: Lexus GX 470 - found: 79, pass primary filters: 48, did not pass the filter by color: 41, added: 7, new vincodes: 0
11-10-2011 10:05:36 --- INFO: Lexus LX 470 - found: 19, pass primary filters: 12, did not pass the filter by color: 11, added: 1, new vincodes: 0
11-10-2011 10:05:49 --- INFO: Lexus LX 470 - found: 19, pass primary filters: 14, did not pass the filter by color: 13, added: 1, new vincodes: 0
11-10-2011 10:05:59 --- INFO: Toyota Land Cruiser - found: 13, pass primary filters: 10, did not pass the filter by color: 10, added: 0, new vincodes: 0
11-10-2011 10:06:35 --- INFO: Honda CR-V - found: 54, pass primary filters: 4, did not pass the filter by color: 0, added: 4, new vincodes: 0
11-10-2011 10:08:44 --- INFO: Honda CR-V - found: 180, pass primary filters: 10, did not pass the filter by color: 0, added: 10, new vincodes: 0
11-10-2011 10:09:22 --- INFO: Mitsubishi Montero 4WD Limited - found: 62, pass primary filters: 10, did not pass the filter by color: 10, added: 0, new vincodes: 0
11-10-2011 10:11:24 --- INFO: Toyota 4RUNNER 4WD Limited - found: 201, pass primary filters: 52, did not pass the filter by color: 30, added: 22, new vincodes: 0
11-10-2011 10:12:29 --- INFO: Toyota RAV 4 - found: 95, pass primary filters: 40, did not pass the filter by color: 31, added: 9, new vincodes: 0
11-10-2011 10:13:45 --- INFO: Toyota Highlander 4WD - found: 97, pass primary filters: 3, did not pass the filter by color: 2, added: 1, new vincodes: 0
11-10-2011 10:16:49 --- INFO: Subaru Forester - found: 245, pass primary filters: 30, did not pass the filter by color: 0, added: 30, new vincodes: 0
11-10-2011 10:20:24 --- INFO: Nissan Rogue - found: 278, pass primary filters: 11, did not pass the filter by color: 0, added: 11, new vincodes: 0
11-10-2011 10:21:49 --- INFO: Toyota Highlander - found: 97, pass primary filters: 39, did not pass the filter by color: 30, added: 9, new vincodes: 0
11-10-2011 10:22:50 --- INFO: Acura MDX - found: 66, pass primary filters: 1, did not pass the filter by color: 0, added: 1, new vincodes: 0
11-10-2011 10:22:50 --- INFO: finish: 11-10-2011 10:22:50
11-10-2011 10:22:50 --- INFO: elapsed time: ~1368.9 sec., memory usage: ~4.82 Mb.
11-10-2011 11:05:01 --- INFO: start: 11-10-2011 11:05:01
11-10-2011 11:05:01 --- INFO: ----------Source_Openlane (cli)
11-10-2011 11:05:05 --- ERROR: Unauthorized request
11-10-2011 11:05:05 --- INFO: finish: 11-10-2011 11:05:05
11-10-2011 11:05:05 --- INFO: elapsed time: ~3.35 sec., memory usage: ~1.31 Mb.
11-10-2011 11:10:01 --- INFO: start: 11-10-2011 11:10:01
11-10-2011 11:10:01 --- INFO: ----------Source_Adesa (cli)
11-10-2011 11:10:02 --- INFO: Authorized request
11-10-2011 11:10:05 --- INFO: Lexus RX 300 - found: 5, pass primary filters: 4, did not pass the filter by color: 0, added: 4, new vincodes: 0
11-10-2011 11:10:09 --- INFO: Lexus RX 330 - found: 10, pass primary filters: 7, did not pass the filter by color: 3, added: 4, new vincodes: 0
11-10-2011 11:10:09 --- INFO: Lexus RX 400H - found: 2, pass primary filters: 0, did not pass the filter by color: 0, added: 0, new vincodes: 0
11-10-2011 11:10:12 --- INFO: Lexus GX 470 - found: 4, pass primary filters: 1, did not pass the filter by color: 1, added: 0, new vincodes: 0
11-10-2011 11:10:13 --- INFO: Lexus GX 470 - found: 1, pass primary filters: 1, did not pass the filter by color: 1, added: 0, new vincodes: 0
11-10-2011 11:10:13 --- INFO: Lexus LX 470 - found: 0, pass primary filters: 0, did not pass the filter by color: 0, added: 0, new vincodes: 0
11-10-2011 11:10:14 --- INFO: Lexus LX 470 - found: 1, pass primary filters: 1, did not pass the filter by color: 1, added: 0, new vincodes: 0
11-10-2011 11:10:14 --- INFO: Toyota Land Cruiser - found: 2, pass primary filters: 1, did not pass the filter by color: 1, added: 0, new vincodes: 0
11-10-2011 11:10:16 --- INFO: Honda CR-V - found: 12, pass primary filters: 1, did not pass the filter by color: 0, added: 1, new vincodes: 0
11-10-2011 11:10:17 --- INFO: Honda CR-V - found: 2, pass primary filters: 1, did not pass the filter by color: 0, added: 1, new vincodes: 0
11-10-2011 11:10:19 --- INFO: Mitsubishi Montero 4WD Limited - found: 13, pass primary filters: 2, did not pass the filter by color: 2, added: 0, new vincodes: 0
11-10-2011 11:10:20 --- INFO: Toyota 4RUNNER 4WD Limited - found: 20, pass primary filters: 2, did not pass the filter by color: 2, added: 0, new vincodes: 0
11-10-2011 11:10:26 --- INFO: Toyota RAV 4 - found: 9, pass primary filters: 3, did not pass the filter by color: 3, added: 0, new vincodes: 0
11-10-2011 11:10:26 --- INFO: Toyota Highlander 4WD - found: 12, pass primary filters: 0, did not pass the filter by color: 0, added: 0, new vincodes: 0
11-10-2011 11:10:31 --- INFO: Subaru Forester - found: 5, pass primary filters: 4, did not pass the filter by color: 0, added: 4, new vincodes: 0
11-10-2011 11:10:32 --- INFO: Nissan Rogue - found: 12, pass primary filters: 1, did not pass the filter by color: 0, added: 1, new vincodes: 0
11-10-2011 11:10:34 --- INFO: Toyota Highlander - found: 12, pass primary filters: 3, did not pass the filter by color: 2, added: 1, new vincodes: 0
11-10-2011 11:10:35 --- INFO: Acura MDX - found: 18, pass primary filters: 0, did not pass the filter by color: 0, added: 0, new vincodes: 0
11-10-2011 11:10:35 --- INFO: finish: 11-10-2011 11:10:35
11-10-2011 11:10:35 --- INFO: elapsed time: ~33.72 sec., memory usage: ~2.19 Mb.
11-10-2011 11:10:01 --- INFO: start: 11-10-2011 11:10:01
11-10-2011 11:10:01 --- INFO: ----------Source_Ebay (cli)
11-10-2011 11:10:49 --- INFO: Lexus RX 300 - found: 29, pass primary filters: 6, did not pass the filter by color: 3, added: 3, new vincodes: 0
11-10-2011 11:14:38 --- INFO: Lexus RX 330 - found: 75, pass primary filters: 12, did not pass the filter by color: 2, added: 10, new vincodes: 0
11-10-2011 11:17:08 --- INFO: Lexus RX 400H - found: 56, pass primary filters: 0, did not pass the filter by color: 0, added: 0, new vincodes: 0
11-10-2011 11:17:39 --- INFO: Lexus GX 470 - found: 29, pass primary filters: 8, did not pass the filter by color: 5, added: 3, new vincodes: 0
11-10-2011 11:18:02 --- INFO: Lexus GX 470 - found: 23, pass primary filters: 6, did not pass the filter by color: 4, added: 2, new vincodes: 0
11-10-2011 11:18:15 --- INFO: Lexus LX 470 - found: 9, pass primary filters: 5, did not pass the filter by color: 5, added: 0, new vincodes: 0
11-10-2011 11:18:27 --- INFO: Lexus LX 470 - found: 9, pass primary filters: 3, did not pass the filter by color: 3, added: 0, new vincodes: 0
11-10-2011 11:18:31 --- INFO: Toyota Land Cruiser - found: 3, pass primary filters: 2, did not pass the filter by color: 2, added: 0, new vincodes: 0
11-10-2011 11:18:47 --- INFO: Honda CR-V - found: 15, pass primary filters: 0, did not pass the filter by color: 0, added: 0, new vincodes: 0
11-10-2011 11:21:54 --- INFO: Honda CR-V - found: 71, pass primary filters: 2, did not pass the filter by color: 0, added: 2, new vincodes: 0
11-10-2011 11:22:01 --- INFO: Mitsubishi Montero 4WD Limited - found: 3, pass primary filters: 0, did not pass the filter by color: 0, added: 0, new vincodes: 0
11-10-2011 11:25:02 --- INFO: Toyota 4RUNNER 4WD Limited - found: 61, pass primary filters: 36, did not pass the filter by color: 22, added: 14, new vincodes: 0
11-10-2011 11:25:18 --- INFO: Toyota RAV 4 - found: 14, pass primary filters: 6, did not pass the filter by color: 4, added: 2, new vincodes: 0
11-10-2011 11:25:40 --- INFO: Toyota Highlander 4WD - found: 20, pass primary filters: 0, did not pass the filter by color: 0, added: 0, new vincodes: 0
11-10-2011 11:27:31 --- INFO: Subaru Forester - found: 57, pass primary filters: 10, did not pass the filter by color: 0, added: 10, new vincodes: 0
11-10-2011 11:29:23 --- INFO: Nissan Rogue - found: 52, pass primary filters: 2, did not pass the filter by color: 0, added: 2, new vincodes: 0
11-10-2011 11:29:45 --- INFO: Toyota Highlander - found: 20, pass primary filters: 8, did not pass the filter by color: 8, added: 0, new vincodes: 0
11-10-2011 11:30:03 --- INFO: Acura MDX - found: 18, pass primary filters: 0, did not pass the filter by color: 0, added: 0, new vincodes: 0
11-10-2011 11:30:03 --- INFO: finish: 11-10-2011 11:30:03
11-10-2011 11:30:03 --- INFO: elapsed time: ~1202.17 sec., memory usage: ~2.77 Mb.
11-10-2011 11:10:01 --- INFO: start: 11-10-2011 11:10:01
11-10-2011 11:10:01 --- INFO: ----------Source_Gsmotors (cli)
11-10-2011 11:11:59 --- INFO: Lexus RX 300 - found: 80, pass primary filters: 20, did not pass the filter by color: 11, added: 9, new vincodes: 1
11-10-2011 11:16:25 --- INFO: Lexus RX 330 - found: 196, pass primary filters: 47, did not pass the filter by color: 14, added: 33, new vincodes: 3
11-10-2011 11:17:39 --- INFO: Lexus RX 400H - found: 49, pass primary filters: 9, did not pass the filter by color: 2, added: 7, new vincodes: 1
11-10-2011 11:19:26 --- INFO: Lexus GX 470 - found: 80, pass primary filters: 37, did not pass the filter by color: 31, added: 6, new vincodes: 2
11-10-2011 11:21:27 --- INFO: Lexus GX 470 - found: 89, pass primary filters: 50, did not pass the filter by color: 42, added: 8, new vincodes: 1
11-10-2011 11:22:27 --- INFO: Lexus LX 470 - found: 21, pass primary filters: 13, did not pass the filter by color: 12, added: 1, new vincodes: 2
11-10-2011 11:22:56 --- INFO: Lexus LX 470 - found: 24, pass primary filters: 14, did not pass the filter by color: 13, added: 1, new vincodes: 1
11-10-2011 11:23:11 --- INFO: Toyota Land Cruiser - found: 13, pass primary filters: 9, did not pass the filter by color: 9, added: 0, new vincodes: 0
11-10-2011 11:24:46 --- INFO: Honda CR-V - found: 59, pass primary filters: 5, did not pass the filter by color: 0, added: 5, new vincodes: 1
11-10-2011 11:29:40 --- INFO: Honda CR-V - found: 203, pass primary filters: 13, did not pass the filter by color: 0, added: 13, new vincodes: 3
11-10-2011 11:31:15 --- INFO: Mitsubishi Montero 4WD Limited - found: 68, pass primary filters: 12, did not pass the filter by color: 12, added: 0, new vincodes: 1
11-10-2011 11:35:54 --- INFO: Toyota 4RUNNER 4WD Limited - found: 219, pass primary filters: 52, did not pass the filter by color: 32, added: 20, new vincodes: 1
11-10-2011 11:37:40 --- INFO: Toyota RAV 4 - found: 87, pass primary filters: 38, did not pass the filter by color: 29, added: 9, new vincodes: 3
11-10-2011 11:40:00 --- INFO: Toyota Highlander 4WD - found: 96, pass primary filters: 2, did not pass the filter by color: 1, added: 1, new vincodes: 0
11-10-2011 11:48:38 --- INFO: Subaru Forester - found: 253, pass primary filters: 30, did not pass the filter by color: 0, added: 30, new vincodes: 0
11-10-2011 11:56:35 --- INFO: Nissan Rogue - found: 267, pass primary filters: 11, did not pass the filter by color: 0, added: 11, new vincodes: 1
11-10-2011 11:57:29 --- INFO: Toyota Highlander - found: 96, pass primary filters: 40, did not pass the filter by color: 29, added: 11, new vincodes: 3
11-10-2011 11:59:12 --- INFO: Acura MDX - found: 74, pass primary filters: 1, did not pass the filter by color: 0, added: 1, new vincodes: 0
11-10-2011 11:59:12 --- INFO: finish: 11-10-2011 11:59:12
11-10-2011 11:59:12 --- INFO: elapsed time: ~2950.73 sec., memory usage: ~5.02 Mb.
11-10-2011 12:20:02 --- INFO: start: 11-10-2011 12:20:02
11-10-2011 12:20:02 --- INFO: ----------Source_Adesa (cli)
11-10-2011 12:20:03 --- INFO: Authorized request
11-10-2011 12:20:04 --- INFO: Lexus RX 300 - found: 6, pass primary filters: 4, did not pass the filter by color: 0, added: 4, new vincodes: 0
11-10-2011 12:20:11 --- INFO: Lexus RX 330 - found: 11, pass primary filters: 7, did not pass the filter by color: 3, added: 4, new vincodes: 0
11-10-2011 12:20:11 --- INFO: Lexus RX 400H - found: 2, pass primary filters: 0, did not pass the filter by color: 0, added: 0, new vincodes: 0
11-10-2011 12:20:13 --- INFO: Lexus GX 470 - found: 4, pass primary filters: 1, did not pass the filter by color: 1, added: 0, new vincodes: 0
11-10-2011 12:20:13 --- INFO: Lexus GX 470 - found: 1, pass primary filters: 1, did not pass the filter by color: 1, added: 0, new vincodes: 0
11-10-2011 12:20:13 --- INFO: Lexus LX 470 - found: 0, pass primary filters: 0, did not pass the filter by color: 0, added: 0, new vincodes: 0
11-10-2011 12:20:15 --- INFO: Lexus LX 470 - found: 1, pass primary filters: 1, did not pass the filter by color: 1, added: 0, new vincodes: 0
11-10-2011 12:20:15 --- INFO: Toyota Land Cruiser - found: 2, pass primary filters: 1, did not pass the filter by color: 1, added: 0, new vincodes: 0
11-10-2011 12:20:17 --- INFO: Honda CR-V - found: 13, pass primary filters: 1, did not pass the filter by color: 0, added: 1, new vincodes: 0
11-10-2011 12:20:18 --- INFO: Honda CR-V - found: 2, pass primary filters: 1, did not pass the filter by color: 0, added: 1, new vincodes: 0
11-10-2011 12:20:21 --- INFO: Mitsubishi Montero 4WD Limited - found: 13, pass primary filters: 3, did not pass the filter by color: 3, added: 0, new vincodes: 0
11-10-2011 12:20:23 --- INFO: Toyota 4RUNNER 4WD Limited - found: 20, pass primary filters: 2, did not pass the filter by color: 2, added: 0, new vincodes: 0
11-10-2011 12:20:28 --- INFO: Toyota RAV 4 - found: 8, pass primary filters: 3, did not pass the filter by color: 3, added: 0, new vincodes: 0
11-10-2011 12:20:28 --- INFO: Toyota Highlander 4WD - found: 13, pass primary filters: 0, did not pass the filter by color: 0, added: 0, new vincodes: 0
11-10-2011 12:20:34 --- INFO: Subaru Forester - found: 5, pass primary filters: 4, did not pass the filter by color: 0, added: 4, new vincodes: 0
11-10-2011 12:20:34 --- INFO: Nissan Rogue - found: 13, pass primary filters: 1, did not pass the filter by color: 0, added: 1, new vincodes: 0
11-10-2011 12:20:37 --- INFO: Toyota Highlander - found: 13, pass primary filters: 3, did not pass the filter by color: 2, added: 1, new vincodes: 0
11-10-2011 12:20:38 --- INFO: Acura MDX - found: 19, pass primary filters: 0, did not pass the filter by color: 0, added: 0, new vincodes: 0
11-10-2011 12:20:38 --- INFO: finish: 11-10-2011 12:20:38
11-10-2011 12:20:38 --- INFO: elapsed time: ~36.28 sec., memory usage: ~2.2 Mb.
11-10-2011 12:20:02 --- INFO: start: 11-10-2011 12:20:02
11-10-2011 12:20:02 --- INFO: ----------Source_Gsmotors (cli)
11-10-2011 12:20:59 --- INFO: Lexus RX 300 - found: 80, pass primary filters: 20, did not pass the filter by color: 11, added: 9, new vincodes: 0
11-10-2011 12:23:04 --- INFO: Lexus RX 330 - found: 196, pass primary filters: 47, did not pass the filter by color: 14, added: 33, new vincodes: 0
11-10-2011 12:23:52 --- INFO: Lexus RX 400H - found: 49, pass primary filters: 9, did not pass the filter by color: 2, added: 7, new vincodes: 0
11-10-2011 12:25:02 --- INFO: Lexus GX 470 - found: 80, pass primary filters: 37, did not pass the filter by color: 30, added: 7, new vincodes: 0
11-10-2011 12:26:13 --- INFO: Lexus GX 470 - found: 89, pass primary filters: 50, did not pass the filter by color: 42, added: 8, new vincodes: 0
11-10-2011 12:26:35 --- INFO: Lexus LX 470 - found: 21, pass primary filters: 13, did not pass the filter by color: 12, added: 1, new vincodes: 0
11-10-2011 12:26:55 --- INFO: Lexus LX 470 - found: 24, pass primary filters: 14, did not pass the filter by color: 13, added: 1, new vincodes: 0
11-10-2011 12:27:08 --- INFO: Toyota Land Cruiser - found: 13, pass primary filters: 9, did not pass the filter by color: 9, added: 0, new vincodes: 0
11-10-2011 12:28:05 --- INFO: Honda CR-V - found: 59, pass primary filters: 5, did not pass the filter by color: 0, added: 5, new vincodes: 0
11-10-2011 12:31:11 --- INFO: Honda CR-V - found: 203, pass primary filters: 13, did not pass the filter by color: 0, added: 13, new vincodes: 0
11-10-2011 12:32:06 --- INFO: Mitsubishi Montero 4WD Limited - found: 68, pass primary filters: 12, did not pass the filter by color: 12, added: 0, new vincodes: 0
11-10-2011 12:35:19 --- INFO: Toyota 4RUNNER 4WD Limited - found: 219, pass primary filters: 52, did not pass the filter by color: 31, added: 21, new vincodes: 0
11-10-2011 12:36:16 --- INFO: Toyota RAV 4 - found: 87, pass primary filters: 38, did not pass the filter by color: 29, added: 9, new vincodes: 0
11-10-2011 12:37:24 --- INFO: Toyota Highlander 4WD - found: 96, pass primary filters: 2, did not pass the filter by color: 1, added: 1, new vincodes: 0
11-10-2011 12:40:37 --- INFO: Subaru Forester - found: 253, pass primary filters: 30, did not pass the filter by color: 0, added: 30, new vincodes: 0
11-10-2011 12:44:01 --- INFO: Nissan Rogue - found: 267, pass primary filters: 11, did not pass the filter by color: 0, added: 11, new vincodes: 0
11-10-2011 12:45:56 --- INFO: Toyota Highlander - found: 96, pass primary filters: 40, did not pass the filter by color: 29, added: 11, new vincodes: 0
11-10-2011 12:46:56 --- INFO: Acura MDX - found: 74, pass primary filters: 1, did not pass the filter by color: 0, added: 1, new vincodes: 0
11-10-2011 12:46:56 --- INFO: finish: 11-10-2011 12:46:56
11-10-2011 12:46:56 --- INFO: elapsed time: ~1614.21 sec., memory usage: ~4.88 Mb.
11-10-2011 12:50:39 --- INFO: start: 11-10-2011 12:50:39
11-10-2011 12:50:39 --- INFO: ----------Source_Gsmotors (apache2handler)
11-10-2011 12:51:28 --- INFO: Lexus RX 300 - found: 80, pass primary filters: 20, did not pass the filter by color: 11, added: 9, new vincodes: 0
11-10-2011 12:53:39 --- INFO: Lexus RX 330 - found: 196, pass primary filters: 47, did not pass the filter by color: 14, added: 33, new vincodes: 0
11-10-2011 12:54:25 --- INFO: Lexus RX 400H - found: 49, pass primary filters: 9, did not pass the filter by color: 2, added: 7, new vincodes: 0
11-10-2011 12:55:29 --- INFO: Lexus GX 470 - found: 80, pass primary filters: 37, did not pass the filter by color: 30, added: 7, new vincodes: 0
11-10-2011 12:56:26 --- INFO: Lexus GX 470 - found: 89, pass primary filters: 50, did not pass the filter by color: 42, added: 8, new vincodes: 0
11-10-2011 12:56:39 --- INFO: Lexus LX 470 - found: 21, pass primary filters: 13, did not pass the filter by color: 12, added: 1, new vincodes: 0
11-10-2011 12:56:53 --- INFO: Lexus LX 470 - found: 24, pass primary filters: 14, did not pass the filter by color: 13, added: 1, new vincodes: 0
11-10-2011 12:57:03 --- INFO: Toyota Land Cruiser - found: 13, pass primary filters: 9, did not pass the filter by color: 9, added: 0, new vincodes: 0
11-10-2011 12:57:43 --- INFO: Honda CR-V - found: 59, pass primary filters: 5, did not pass the filter by color: 0, added: 5, new vincodes: 0
11-10-2011 13:00:27 --- INFO: Honda CR-V - found: 203, pass primary filters: 13, did not pass the filter by color: 0, added: 13, new vincodes: 0
11-10-2011 13:01:20 --- INFO: Mitsubishi Montero 4WD Limited - found: 68, pass primary filters: 12, did not pass the filter by color: 12, added: 0, new vincodes: 0
11-10-2011 13:03:58 --- INFO: Toyota 4RUNNER 4WD Limited - found: 219, pass primary filters: 52, did not pass the filter by color: 32, added: 20, new vincodes: 0
11-10-2011 13:04:57 --- INFO: Toyota RAV 4 - found: 87, pass primary filters: 38, did not pass the filter by color: 29, added: 9, new vincodes: 0
11-10-2011 13:06:15 --- INFO: Toyota Highlander 4WD - found: 96, pass primary filters: 2, did not pass the filter by color: 1, added: 1, new vincodes: 0
11-10-2011 13:09:28 --- INFO: Subaru Forester - found: 253, pass primary filters: 30, did not pass the filter by color: 0, added: 30, new vincodes: 0
11-10-2011 13:12:24 --- INFO: Nissan Rogue - found: 267, pass primary filters: 11, did not pass the filter by color: 0, added: 11, new vincodes: 0
11-10-2011 13:13:25 --- INFO: Toyota Highlander - found: 96, pass primary filters: 40, did not pass the filter by color: 29, added: 11, new vincodes: 0
11-10-2011 13:14:19 --- INFO: Acura MDX - found: 74, pass primary filters: 1, did not pass the filter by color: 0, added: 1, new vincodes: 0
11-10-2011 13:14:19 --- INFO: finish: 11-10-2011 13:14:19
11-10-2011 13:14:19 --- INFO: elapsed time: ~1419.14 sec., memory usage: ~4.88 Mb.
11-10-2011 13:20:01 --- INFO: start: 11-10-2011 13:20:01
11-10-2011 13:20:01 --- INFO: ----------Source_Adesa (cli)
11-10-2011 13:20:01 --- INFO: Authorized request
11-10-2011 13:20:02 --- INFO: Lexus RX 300 - found: 6, pass primary filters: 4, did not pass the filter by color: 0, added: 4, new vincodes: 0
11-10-2011 13:20:06 --- INFO: Lexus RX 330 - found: 11, pass primary filters: 7, did not pass the filter by color: 3, added: 4, new vincodes: 0
11-10-2011 13:20:07 --- INFO: Lexus RX 400H - found: 2, pass primary filters: 0, did not pass the filter by color: 0, added: 0, new vincodes: 0
11-10-2011 13:20:10 --- INFO: Lexus GX 470 - found: 4, pass primary filters: 1, did not pass the filter by color: 1, added: 0, new vincodes: 0
11-10-2011 13:20:10 --- INFO: Lexus GX 470 - found: 1, pass primary filters: 1, did not pass the filter by color: 1, added: 0, new vincodes: 0
11-10-2011 13:20:10 --- INFO: Lexus LX 470 - found: 0, pass primary filters: 0, did not pass the filter by color: 0, added: 0, new vincodes: 0
11-10-2011 13:20:12 --- INFO: Lexus LX 470 - found: 1, pass primary filters: 1, did not pass the filter by color: 1, added: 0, new vincodes: 0
11-10-2011 13:20:13 --- INFO: Toyota Land Cruiser - found: 2, pass primary filters: 2, did not pass the filter by color: 2, added: 0, new vincodes: 0
11-10-2011 13:20:15 --- INFO: Honda CR-V - found: 13, pass primary filters: 1, did not pass the filter by color: 0, added: 1, new vincodes: 0
11-10-2011 13:20:16 --- INFO: Honda CR-V - found: 2, pass primary filters: 1, did not pass the filter by color: 0, added: 1, new vincodes: 0
11-10-2011 13:20:19 --- INFO: Mitsubishi Montero 4WD Limited - found: 13, pass primary filters: 3, did not pass the filter by color: 3, added: 0, new vincodes: 0
11-10-2011 13:20:21 --- INFO: Toyota 4RUNNER 4WD Limited - found: 20, pass primary filters: 2, did not pass the filter by color: 2, added: 0, new vincodes: 0
11-10-2011 13:20:27 --- INFO: Toyota RAV 4 - found: 8, pass primary filters: 3, did not pass the filter by color: 3, added: 0, new vincodes: 0
11-10-2011 13:20:27 --- INFO: Toyota Highlander 4WD - found: 12, pass primary filters: 0, did not pass the filter by color: 0, added: 0, new vincodes: 0
11-10-2011 13:20:33 --- INFO: Subaru Forester - found: 5, pass primary filters: 4, did not pass the filter by color: 0, added: 4, new vincodes: 0
11-10-2011 13:20:34 --- INFO: Nissan Rogue - found: 13, pass primary filters: 1, did not pass the filter by color: 0, added: 1, new vincodes: 0
11-10-2011 13:20:36 --- INFO: Toyota Highlander - found: 12, pass primary filters: 3, did not pass the filter by color: 2, added: 1, new vincodes: 0
11-10-2011 13:20:36 --- INFO: Acura MDX - found: 19, pass primary filters: 0, did not pass the filter by color: 0, added: 0, new vincodes: 0
11-10-2011 13:20:36 --- INFO: finish: 11-10-2011 13:20:36
11-10-2011 13:20:36 --- INFO: elapsed time: ~35.2 sec., memory usage: ~2.21 Mb.
11-10-2011 13:20:01 --- INFO: start: 11-10-2011 13:20:01
11-10-2011 13:20:01 --- INFO: ----------Source_Gsmotors (cli)
11-10-2011 13:20:47 --- INFO: Lexus RX 300 - found: 80, pass primary filters: 20, did not pass the filter by color: 11, added: 9, new vincodes: 0
11-10-2011 13:22:29 --- INFO: Lexus RX 330 - found: 196, pass primary filters: 47, did not pass the filter by color: 14, added: 33, new vincodes: 0
11-10-2011 13:23:03 --- INFO: Lexus RX 400H - found: 49, pass primary filters: 9, did not pass the filter by color: 2, added: 7, new vincodes: 0
11-10-2011 13:24:10 --- INFO: Lexus GX 470 - found: 80, pass primary filters: 37, did not pass the filter by color: 30, added: 7, new vincodes: 0
11-10-2011 13:25:39 --- INFO: Lexus GX 470 - found: 89, pass primary filters: 50, did not pass the filter by color: 42, added: 8, new vincodes: 0
11-10-2011 13:25:53 --- INFO: Lexus LX 470 - found: 21, pass primary filters: 13, did not pass the filter by color: 12, added: 1, new vincodes: 0
11-10-2011 13:26:10 --- INFO: Lexus LX 470 - found: 24, pass primary filters: 14, did not pass the filter by color: 13, added: 1, new vincodes: 0
11-10-2011 13:26:19 --- INFO: Toyota Land Cruiser - found: 13, pass primary filters: 9, did not pass the filter by color: 9, added: 0, new vincodes: 0
11-10-2011 13:26:57 --- INFO: Honda CR-V - found: 59, pass primary filters: 5, did not pass the filter by color: 0, added: 5, new vincodes: 0
11-10-2011 13:29:03 --- INFO: Honda CR-V - found: 203, pass primary filters: 13, did not pass the filter by color: 0, added: 13, new vincodes: 0
11-10-2011 13:29:50 --- INFO: Mitsubishi Montero 4WD Limited - found: 68, pass primary filters: 12, did not pass the filter by color: 12, added: 0, new vincodes: 0
11-10-2011 13:31:58 --- INFO: Toyota 4RUNNER 4WD Limited - found: 219, pass primary filters: 52, did not pass the filter by color: 32, added: 20, new vincodes: 0
11-10-2011 13:32:47 --- INFO: Toyota RAV 4 - found: 87, pass primary filters: 38, did not pass the filter by color: 29, added: 9, new vincodes: 0
11-10-2011 13:34:01 --- INFO: Toyota Highlander 4WD - found: 96, pass primary filters: 2, did not pass the filter by color: 1, added: 1, new vincodes: 0
11-10-2011 13:37:02 --- INFO: Subaru Forester - found: 253, pass primary filters: 30, did not pass the filter by color: 0, added: 30, new vincodes: 0
11-10-2011 13:39:56 --- INFO: Nissan Rogue - found: 267, pass primary filters: 11, did not pass the filter by color: 0, added: 11, new vincodes: 0
11-10-2011 13:40:51 --- INFO: Toyota Highlander - found: 96, pass primary filters: 40, did not pass the filter by color: 29, added: 11, new vincodes: 0
11-10-2011 13:41:34 --- INFO: Acura MDX - found: 74, pass primary filters: 1, did not pass the filter by color: 0, added: 1, new vincodes: 0
11-10-2011 13:41:34 --- INFO: finish: 11-10-2011 13:41:34
11-10-2011 13:41:34 --- INFO: elapsed time: ~1293.32 sec., memory usage: ~4.88 Mb.
11-10-2011 14:08:20 --- INFO: start: 11-10-2011 14:08:20
11-10-2011 14:08:20 --- INFO: ----------Source_Gsmotors (apache2handler)
11-10-2011 14:09:34 --- INFO: Lexus RX 300 - found: 80, pass primary filters: 20, did not pass the filter by color: 11, added: 9, new vincodes: 0
11-10-2011 14:11:56 --- INFO: Lexus RX 330 - found: 196, pass primary filters: 47, did not pass the filter by color: 14, added: 33, new vincodes: 0
11-10-2011 14:12:40 --- INFO: Lexus RX 400H - found: 49, pass primary filters: 9, did not pass the filter by color: 2, added: 7, new vincodes: 0
11-10-2011 14:13:54 --- INFO: Lexus GX 470 - found: 80, pass primary filters: 37, did not pass the filter by color: 30, added: 7, new vincodes: 0
11-10-2011 14:15:26 --- INFO: Lexus GX 470 - found: 89, pass primary filters: 50, did not pass the filter by color: 42, added: 8, new vincodes: 0
11-10-2011 14:15:51 --- INFO: Lexus LX 470 - found: 21, pass primary filters: 13, did not pass the filter by color: 12, added: 1, new vincodes: 0
11-10-2011 14:16:25 --- INFO: Lexus LX 470 - found: 24, pass primary filters: 14, did not pass the filter by color: 13, added: 1, new vincodes: 0
11-10-2011 14:16:43 --- INFO: Toyota Land Cruiser - found: 13, pass primary filters: 9, did not pass the filter by color: 9, added: 0, new vincodes: 0
11-10-2011 14:17:51 --- INFO: Honda CR-V - found: 59, pass primary filters: 5, did not pass the filter by color: 0, added: 5, new vincodes: 0
11-10-2011 14:21:18 --- INFO: Honda CR-V - found: 203, pass primary filters: 13, did not pass the filter by color: 0, added: 13, new vincodes: 0
11-10-2011 14:22:50 --- INFO: Mitsubishi Montero 4WD Limited - found: 68, pass primary filters: 12, did not pass the filter by color: 12, added: 0, new vincodes: 0
11-10-2011 14:25:33 --- INFO: Toyota 4RUNNER 4WD Limited - found: 219, pass primary filters: 52, did not pass the filter by color: 31, added: 21, new vincodes: 0
11-10-2011 14:26:24 --- INFO: Toyota RAV 4 - found: 87, pass primary filters: 38, did not pass the filter by color: 29, added: 9, new vincodes: 0
11-10-2011 14:27:25 --- INFO: Toyota Highlander 4WD - found: 96, pass primary filters: 2, did not pass the filter by color: 1, added: 1, new vincodes: 0
11-10-2011 14:31:31 --- INFO: Subaru Forester - found: 253, pass primary filters: 30, did not pass the filter by color: 0, added: 30, new vincodes: 0
11-10-2011 14:35:19 --- INFO: Nissan Rogue - found: 267, pass primary filters: 11, did not pass the filter by color: 0, added: 11, new vincodes: 0
11-10-2011 14:37:47 --- INFO: Toyota Highlander - found: 96, pass primary filters: 40, did not pass the filter by color: 29, added: 11, new vincodes: 0
11-10-2011 14:38:48 --- INFO: Acura MDX - found: 74, pass primary filters: 1, did not pass the filter by color: 0, added: 1, new vincodes: 0
11-10-2011 14:38:48 --- INFO: finish: 11-10-2011 14:38:48
11-10-2011 14:38:48 --- INFO: elapsed time: ~1828.37 sec., memory usage: ~4.88 Mb.
11-10-2011 15:05:01 --- INFO: start: 11-10-2011 15:05:01
11-10-2011 15:05:01 --- INFO: ----------Source_Openlane (cli)
11-10-2011 15:05:04 --- ERROR: Unauthorized request
11-10-2011 15:05:04 --- INFO: finish: 11-10-2011 15:05:04
11-10-2011 15:05:04 --- INFO: elapsed time: ~3.2 sec., memory usage: ~1.31 Mb.
11-10-2011 15:10:01 --- INFO: start: 11-10-2011 15:10:01
11-10-2011 15:10:01 --- INFO: ----------Source_Ebay (cli)
11-10-2011 15:10:47 --- INFO: Lexus RX 300 - found: 27, pass primary filters: 6, did not pass the filter by color: 3, added: 3, new vincodes: 0
11-10-2011 15:14:51 --- INFO: Lexus RX 330 - found: 70, pass primary filters: 12, did not pass the filter by color: 6, added: 6, new vincodes: 0
11-10-2011 15:18:19 --- INFO: Lexus RX 400H - found: 53, pass primary filters: 0, did not pass the filter by color: 0, added: 0, new vincodes: 0
11-10-2011 15:18:51 --- INFO: Lexus GX 470 - found: 30, pass primary filters: 8, did not pass the filter by color: 6, added: 2, new vincodes: 0
11-10-2011 15:19:18 --- INFO: Lexus GX 470 - found: 24, pass primary filters: 7, did not pass the filter by color: 6, added: 1, new vincodes: 1
11-10-2011 15:19:28 --- INFO: Lexus LX 470 - found: 8, pass primary filters: 4, did not pass the filter by color: 4, added: 0, new vincodes: 0
11-10-2011 15:19:38 --- INFO: Lexus LX 470 - found: 9, pass primary filters: 3, did not pass the filter by color: 3, added: 0, new vincodes: 0
11-10-2011 15:19:44 --- INFO: Toyota Land Cruiser - found: 4, pass primary filters: 3, did not pass the filter by color: 2, added: 1, new vincodes: 0
11-10-2011 15:20:01 --- INFO: Honda CR-V - found: 15, pass primary filters: 0, did not pass the filter by color: 0, added: 0, new vincodes: 0
11-10-2011 15:22:31 --- INFO: Honda CR-V - found: 69, pass primary filters: 2, did not pass the filter by color: 0, added: 2, new vincodes: 0
11-10-2011 15:22:40 --- INFO: Mitsubishi Montero 4WD Limited - found: 3, pass primary filters: 0, did not pass the filter by color: 0, added: 0, new vincodes: 0
11-10-2011 15:26:02 --- INFO: Toyota 4RUNNER 4WD Limited - found: 61, pass primary filters: 34, did not pass the filter by color: 22, added: 12, new vincodes: 0
11-10-2011 15:26:25 --- INFO: Toyota RAV 4 - found: 14, pass primary filters: 6, did not pass the filter by color: 4, added: 2, new vincodes: 0
11-10-2011 15:27:06 --- INFO: Toyota Highlander 4WD - found: 19, pass primary filters: 0, did not pass the filter by color: 0, added: 0, new vincodes: 0
11-10-2011 15:29:29 --- INFO: Subaru Forester - found: 58, pass primary filters: 10, did not pass the filter by color: 0, added: 10, new vincodes: 0
11-10-2011 15:31:16 --- INFO: Nissan Rogue - found: 52, pass primary filters: 2, did not pass the filter by color: 0, added: 2, new vincodes: 0
11-10-2011 15:31:38 --- INFO: Toyota Highlander - found: 19, pass primary filters: 7, did not pass the filter by color: 7, added: 0, new vincodes: 0
11-10-2011 15:31:57 --- INFO: Acura MDX - found: 19, pass primary filters: 0, did not pass the filter by color: 0, added: 0, new vincodes: 0
11-10-2011 15:31:57 --- INFO: finish: 11-10-2011 15:31:57
11-10-2011 15:31:57 --- INFO: elapsed time: ~1315.8 sec., memory usage: ~2.79 Mb.
11-10-2011 16:10:01 --- INFO: start: 11-10-2011 16:10:01
11-10-2011 16:10:01 --- INFO: ----------Source_Adesa (cli)
11-10-2011 16:10:02 --- INFO: Authorized request
11-10-2011 16:10:03 --- INFO: Lexus RX 300 - found: 7, pass primary filters: 4, did not pass the filter by color: 0, added: 4, new vincodes: 0
11-10-2011 16:10:06 --- INFO: Lexus RX 330 - found: 13, pass primary filters: 8, did not pass the filter by color: 4, added: 4, new vincodes: 1
11-10-2011 16:10:07 --- INFO: Lexus RX 400H - found: 2, pass primary filters: 0, did not pass the filter by color: 0, added: 0, new vincodes: 0
11-10-2011 16:10:09 --- INFO: Lexus GX 470 - found: 4, pass primary filters: 2, did not pass the filter by color: 2, added: 0, new vincodes: 1
11-10-2011 16:10:10 --- INFO: Lexus GX 470 - found: 1, pass primary filters: 1, did not pass the filter by color: 1, added: 0, new vincodes: 0
11-10-2011 16:10:10 --- INFO: Lexus LX 470 - found: 0, pass primary filters: 0, did not pass the filter by color: 0, added: 0, new vincodes: 0
11-10-2011 16:10:11 --- INFO: Lexus LX 470 - found: 3, pass primary filters: 1, did not pass the filter by color: 1, added: 0, new vincodes: 0
11-10-2011 16:10:12 --- INFO: Toyota Land Cruiser - found: 1, pass primary filters: 1, did not pass the filter by color: 1, added: 0, new vincodes: 0
11-10-2011 16:10:14 --- INFO: Honda CR-V - found: 18, pass primary filters: 1, did not pass the filter by color: 0, added: 1, new vincodes: 0
11-10-2011 16:10:15 --- INFO: Honda CR-V - found: 4, pass primary filters: 1, did not pass the filter by color: 0, added: 1, new vincodes: 0
11-10-2011 16:10:17 --- INFO: Mitsubishi Montero 4WD Limited - found: 15, pass primary filters: 3, did not pass the filter by color: 3, added: 0, new vincodes: 0
11-10-2011 16:10:18 --- INFO: Toyota 4RUNNER 4WD Limited - found: 22, pass primary filters: 2, did not pass the filter by color: 2, added: 0, new vincodes: 0
11-10-2011 16:10:24 --- INFO: Toyota RAV 4 - found: 8, pass primary filters: 4, did not pass the filter by color: 4, added: 0, new vincodes: 1
11-10-2011 16:10:25 --- INFO: Toyota Highlander 4WD - found: 17, pass primary filters: 0, did not pass the filter by color: 0, added: 0, new vincodes: 0
11-10-2011 16:10:28 --- INFO: Subaru Forester - found: 5, pass primary filters: 4, did not pass the filter by color: 0, added: 4, new vincodes: 0
11-10-2011 16:10:29 --- INFO: Nissan Rogue - found: 15, pass primary filters: 1, did not pass the filter by color: 0, added: 1, new vincodes: 0
11-10-2011 16:10:33 --- INFO: Toyota Highlander - found: 17, pass primary filters: 4, did not pass the filter by color: 3, added: 1, new vincodes: 0
11-10-2011 16:10:34 --- INFO: Acura MDX - found: 21, pass primary filters: 0, did not pass the filter by color: 0, added: 0, new vincodes: 0
11-10-2011 16:10:34 --- INFO: finish: 11-10-2011 16:10:34
11-10-2011 16:10:34 --- INFO: elapsed time: ~32.46 sec., memory usage: ~2.26 Mb.
11-10-2011 16:10:01 --- INFO: start: 11-10-2011 16:10:01
11-10-2011 16:10:01 --- INFO: ----------Source_Gsmotors (cli)
11-10-2011 16:12:09 --- INFO: Lexus RX 300 - found: 93, pass primary filters: 20, did not pass the filter by color: 11, added: 9, new vincodes: 2
11-10-2011 16:17:23 --- INFO: Lexus RX 330 - found: 220, pass primary filters: 54, did not pass the filter by color: 17, added: 37, new vincodes: 4
11-10-2011 16:18:59 --- INFO: Lexus RX 400H - found: 61, pass primary filters: 14, did not pass the filter by color: 3, added: 11, new vincodes: 3
11-10-2011 16:20:51 --- INFO: Lexus GX 470 - found: 87, pass primary filters: 37, did not pass the filter by color: 31, added: 6, new vincodes: 0
11-10-2011 16:23:02 --- INFO: Lexus GX 470 - found: 99, pass primary filters: 54, did not pass the filter by color: 46, added: 8, new vincodes: 0
11-10-2011 16:23:35 --- INFO: Lexus LX 470 - found: 21, pass primary filters: 12, did not pass the filter by color: 11, added: 1, new vincodes: 1
11-10-2011 16:24:22 --- INFO: Lexus LX 470 - found: 31, pass primary filters: 17, did not pass the filter by color: 16, added: 1, new vincodes: 2
11-10-2011 16:24:39 --- INFO: Toyota Land Cruiser - found: 13, pass primary filters: 9, did not pass the filter by color: 9, added: 0, new vincodes: 0
11-10-2011 16:26:13 --- INFO: Honda CR-V - found: 69, pass primary filters: 5, did not pass the filter by color: 0, added: 5, new vincodes: 1
11-10-2011 16:31:57 --- INFO: Honda CR-V - found: 226, pass primary filters: 12, did not pass the filter by color: 0, added: 12, new vincodes: 0
11-10-2011 16:34:04 --- INFO: Mitsubishi Montero 4WD Limited - found: 82, pass primary filters: 15, did not pass the filter by color: 15, added: 0, new vincodes: 1
11-10-2011 16:39:49 --- INFO: Toyota 4RUNNER 4WD Limited - found: 248, pass primary filters: 62, did not pass the filter by color: 39, added: 23, new vincodes: 3
11-10-2011 16:41:42 --- INFO: Toyota RAV 4 - found: 102, pass primary filters: 40, did not pass the filter by color: 30, added: 10, new vincodes: 3
11-10-2011 16:43:50 --- INFO: Toyota Highlander 4WD - found: 109, pass primary filters: 2, did not pass the filter by color: 1, added: 1, new vincodes: 0
11-10-2011 16:53:01 --- INFO: Subaru Forester - found: 286, pass primary filters: 21, did not pass the filter by color: 0, added: 21, new vincodes: 0
11-10-2011 17:01:14 --- INFO: Nissan Rogue - found: 278, pass primary filters: 12, did not pass the filter by color: 0, added: 12, new vincodes: 1
11-10-2011 17:02:13 --- INFO: Toyota Highlander - found: 109, pass primary filters: 39, did not pass the filter by color: 28, added: 11, new vincodes: 2
11-10-2011 17:04:13 --- INFO: Acura MDX - found: 82, pass primary filters: 1, did not pass the filter by color: 0, added: 1, new vincodes: 0
11-10-2011 17:04:13 --- INFO: finish: 11-10-2011 17:04:13
11-10-2011 17:04:13 --- INFO: elapsed time: ~3251.44 sec., memory usage: ~5.19 Mb.
11-10-2011 18:10:01 --- INFO: start: 11-10-2011 18:10:01
11-10-2011 18:10:01 --- INFO: ----------Source_Adesa (cli)
11-10-2011 18:10:02 --- INFO: Authorized request
11-10-2011 18:10:03 --- INFO: Lexus RX 300 - found: 7, pass primary filters: 4, did not pass the filter by color: 0, added: 4, new vincodes: 0
11-10-2011 18:13:42 --- INFO: Lexus RX 330 - found: 14, pass primary filters: 8, did not pass the filter by color: 4, added: 4, new vincodes: 0
11-10-2011 18:13:42 --- INFO: Lexus RX 400H - found: 2, pass primary filters: 0, did not pass the filter by color: 0, added: 0, new vincodes: 0
11-10-2011 18:13:43 --- INFO: Lexus GX 470 - found: 4, pass primary filters: 1, did not pass the filter by color: 1, added: 0, new vincodes: 0
11-10-2011 18:17:42 --- INFO: Lexus GX 470 - found: 2, pass primary filters: 2, did not pass the filter by color: 2, added: 0, new vincodes: 0
11-10-2011 18:17:42 --- INFO: Lexus LX 470 - found: 0, pass primary filters: 0, did not pass the filter by color: 0, added: 0, new vincodes: 0
11-10-2011 18:17:43 --- INFO: Lexus LX 470 - found: 3, pass primary filters: 1, did not pass the filter by color: 1, added: 0, new vincodes: 0
11-10-2011 18:17:44 --- INFO: Toyota Land Cruiser - found: 1, pass primary filters: 1, did not pass the filter by color: 1, added: 0, new vincodes: 0
11-10-2011 18:17:46 --- INFO: Honda CR-V - found: 19, pass primary filters: 1, did not pass the filter by color: 0, added: 1, new vincodes: 0
11-10-2011 18:17:47 --- INFO: Honda CR-V - found: 4, pass primary filters: 1, did not pass the filter by color: 0, added: 1, new vincodes: 0
11-10-2011 18:17:49 --- INFO: Mitsubishi Montero 4WD Limited - found: 17, pass primary filters: 3, did not pass the filter by color: 3, added: 0, new vincodes: 0
11-10-2011 18:17:50 --- INFO: Toyota 4RUNNER 4WD Limited - found: 23, pass primary filters: 2, did not pass the filter by color: 2, added: 0, new vincodes: 0
11-10-2011 18:17:55 --- INFO: Toyota RAV 4 - found: 8, pass primary filters: 4, did not pass the filter by color: 4, added: 0, new vincodes: 0
11-10-2011 18:17:55 --- INFO: Toyota Highlander 4WD - found: 17, pass primary filters: 0, did not pass the filter by color: 0, added: 0, new vincodes: 0
11-10-2011 18:18:04 --- INFO: Subaru Forester - found: 5, pass primary filters: 4, did not pass the filter by color: 0, added: 4, new vincodes: 0
11-10-2011 18:18:05 --- INFO: Nissan Rogue - found: 16, pass primary filters: 1, did not pass the filter by color: 0, added: 1, new vincodes: 0
11-10-2011 18:18:09 --- INFO: Toyota Highlander - found: 17, pass primary filters: 5, did not pass the filter by color: 4, added: 1, new vincodes: 1
11-10-2011 18:18:09 --- INFO: Acura MDX - found: 22, pass primary filters: 0, did not pass the filter by color: 0, added: 0, new vincodes: 0
11-10-2011 18:18:09 --- INFO: finish: 11-10-2011 18:18:09
11-10-2011 18:18:09 --- INFO: elapsed time: ~488.15 sec., memory usage: ~2.26 Mb.
11-10-2011 18:10:01 --- INFO: start: 11-10-2011 18:10:01
11-10-2011 18:10:01 --- INFO: ----------Source_Gsmotors (cli)
11-10-2011 18:10:55 --- INFO: Lexus RX 300 - found: 93, pass primary filters: 20, did not pass the filter by color: 11, added: 9, new vincodes: 0
11-10-2011 18:12:55 --- INFO: Lexus RX 330 - found: 220, pass primary filters: 54, did not pass the filter by color: 17, added: 37, new vincodes: 0
11-10-2011 18:13:47 --- INFO: Lexus RX 400H - found: 61, pass primary filters: 14, did not pass the filter by color: 3, added: 11, new vincodes: 0
11-10-2011 18:14:45 --- INFO: Lexus GX 470 - found: 87, pass primary filters: 37, did not pass the filter by color: 31, added: 6, new vincodes: 0
11-10-2011 18:16:01 --- INFO: Lexus GX 470 - found: 99, pass primary filters: 54, did not pass the filter by color: 46, added: 8, new vincodes: 0
11-10-2011 18:16:16 --- INFO: Lexus LX 470 - found: 21, pass primary filters: 12, did not pass the filter by color: 11, added: 1, new vincodes: 0
11-10-2011 18:16:43 --- INFO: Lexus LX 470 - found: 31, pass primary filters: 17, did not pass the filter by color: 16, added: 1, new vincodes: 0
11-10-2011 18:16:55 --- INFO: Toyota Land Cruiser - found: 13, pass primary filters: 9, did not pass the filter by color: 9, added: 0, new vincodes: 0
11-10-2011 18:17:38 --- INFO: Honda CR-V - found: 69, pass primary filters: 5, did not pass the filter by color: 0, added: 5, new vincodes: 0
11-10-2011 18:20:24 --- INFO: Honda CR-V - found: 226, pass primary filters: 12, did not pass the filter by color: 0, added: 12, new vincodes: 0
11-10-2011 18:21:27 --- INFO: Mitsubishi Montero 4WD Limited - found: 82, pass primary filters: 15, did not pass the filter by color: 15, added: 0, new vincodes: 0
11-10-2011 18:24:22 --- INFO: Toyota 4RUNNER 4WD Limited - found: 248, pass primary filters: 62, did not pass the filter by color: 39, added: 23, new vincodes: 0
11-10-2011 18:25:24 --- INFO: Toyota RAV 4 - found: 102, pass primary filters: 40, did not pass the filter by color: 30, added: 10, new vincodes: 0
11-10-2011 18:26:38 --- INFO: Toyota Highlander 4WD - found: 109, pass primary filters: 2, did not pass the filter by color: 1, added: 1, new vincodes: 0
11-10-2011 18:30:08 --- INFO: Subaru Forester - found: 286, pass primary filters: 21, did not pass the filter by color: 0, added: 21, new vincodes: 0
11-10-2011 18:33:03 --- INFO: Nissan Rogue - found: 278, pass primary filters: 12, did not pass the filter by color: 0, added: 12, new vincodes: 0
11-10-2011 18:34:21 --- INFO: Toyota Highlander - found: 109, pass primary filters: 39, did not pass the filter by color: 28, added: 11, new vincodes: 0
11-10-2011 18:35:30 --- INFO: Acura MDX - found: 82, pass primary filters: 1, did not pass the filter by color: 0, added: 1, new vincodes: 0
11-10-2011 18:35:30 --- INFO: finish: 11-10-2011 18:35:30
11-10-2011 18:35:30 --- INFO: elapsed time: ~1529.65 sec., memory usage: ~5.05 Mb.
11-10-2011 19:05:01 --- INFO: start: 11-10-2011 19:05:01
11-10-2011 19:05:01 --- INFO: ----------Source_Openlane (cli)
11-10-2011 19:05:05 --- ERROR: Unauthorized request
11-10-2011 19:05:05 --- INFO: finish: 11-10-2011 19:05:05
11-10-2011 19:05:05 --- INFO: elapsed time: ~3.37 sec., memory usage: ~1.31 Mb.
11-10-2011 19:10:01 --- INFO: start: 11-10-2011 19:10:01
11-10-2011 19:10:01 --- INFO: ----------Source_Ebay (cli)
11-10-2011 19:11:03 --- INFO: Lexus RX 300 - found: 28, pass primary filters: 7, did not pass the filter by color: 4, added: 3, new vincodes: 0
11-10-2011 19:15:03 --- INFO: Lexus RX 330 - found: 70, pass primary filters: 12, did not pass the filter by color: 6, added: 6, new vincodes: 0
11-10-2011 19:18:35 --- INFO: Lexus RX 400H - found: 52, pass primary filters: 0, did not pass the filter by color: 0, added: 0, new vincodes: 0
11-10-2011 19:20:07 --- INFO: Lexus GX 470 - found: 32, pass primary filters: 9, did not pass the filter by color: 6, added: 3, new vincodes: 0
11-10-2011 19:21:05 --- INFO: Lexus GX 470 - found: 24, pass primary filters: 7, did not pass the filter by color: 6, added: 1, new vincodes: 0
11-10-2011 19:21:51 --- INFO: Lexus LX 470 - found: 9, pass primary filters: 5, did not pass the filter by color: 5, added: 0, new vincodes: 0
11-10-2011 19:22:23 --- INFO: Lexus LX 470 - found: 9, pass primary filters: 3, did not pass the filter by color: 3, added: 0, new vincodes: 0
11-10-2011 19:22:38 --- INFO: Toyota Land Cruiser - found: 5, pass primary filters: 4, did not pass the filter by color: 3, added: 1, new vincodes: 0
11-10-2011 19:23:15 --- INFO: Honda CR-V - found: 14, pass primary filters: 0, did not pass the filter by color: 0, added: 0, new vincodes: 0
11-10-2011 19:27:51 --- INFO: Honda CR-V - found: 69, pass primary filters: 2, did not pass the filter by color: 0, added: 2, new vincodes: 0
11-10-2011 19:27:57 --- INFO: Mitsubishi Montero 4WD Limited - found: 3, pass primary filters: 0, did not pass the filter by color: 0, added: 0, new vincodes: 0
11-10-2011 19:31:04 --- INFO: Toyota 4RUNNER 4WD Limited - found: 63, pass primary filters: 34, did not pass the filter by color: 22, added: 12, new vincodes: 0
11-10-2011 19:31:27 --- INFO: Toyota RAV 4 - found: 14, pass primary filters: 6, did not pass the filter by color: 4, added: 2, new vincodes: 0
11-10-2011 19:31:58 --- INFO: Toyota Highlander 4WD - found: 19, pass primary filters: 0, did not pass the filter by color: 0, added: 0, new vincodes: 0
11-10-2011 19:36:17 --- INFO: Subaru Forester - found: 58, pass primary filters: 10, did not pass the filter by color: 0, added: 10, new vincodes: 0
11-10-2011 19:39:33 --- INFO: Nissan Rogue - found: 52, pass primary filters: 2, did not pass the filter by color: 0, added: 2, new vincodes: 0
11-10-2011 19:40:10 --- INFO: Toyota Highlander - found: 19, pass primary filters: 7, did not pass the filter by color: 7, added: 0, new vincodes: 0
11-10-2011 19:40:28 --- INFO: Acura MDX - found: 17, pass primary filters: 0, did not pass the filter by color: 0, added: 0, new vincodes: 0
11-10-2011 19:40:28 --- INFO: finish: 11-10-2011 19:40:28
11-10-2011 19:40:28 --- INFO: elapsed time: ~1826.94 sec., memory usage: ~2.79 Mb.
11-10-2011 23:05:01 --- INFO: start: 11-10-2011 23:05:01
11-10-2011 23:05:01 --- INFO: ----------Source_Openlane (cli)
11-10-2011 23:05:04 --- ERROR: Unauthorized request
11-10-2011 23:05:04 --- INFO: finish: 11-10-2011 23:05:04
11-10-2011 23:05:04 --- INFO: elapsed time: ~3.21 sec., memory usage: ~1.31 Mb.
11-10-2011 23:10:01 --- INFO: start: 11-10-2011 23:10:01
11-10-2011 23:10:01 --- INFO: ----------Source_Ebay (cli)
11-10-2011 23:10:38 --- INFO: Lexus RX 300 - found: 26, pass primary filters: 7, did not pass the filter by color: 4, added: 3, new vincodes: 0
11-10-2011 23:14:49 --- INFO: Lexus RX 330 - found: 71, pass primary filters: 12, did not pass the filter by color: 6, added: 6, new vincodes: 0
11-10-2011 23:18:14 --- INFO: Lexus RX 400H - found: 52, pass primary filters: 0, did not pass the filter by color: 0, added: 0, new vincodes: 0
11-10-2011 23:18:47 --- INFO: Lexus GX 470 - found: 31, pass primary filters: 8, did not pass the filter by color: 5, added: 3, new vincodes: 0
11-10-2011 23:19:11 --- INFO: Lexus GX 470 - found: 23, pass primary filters: 7, did not pass the filter by color: 6, added: 1, new vincodes: 0
11-10-2011 23:19:23 --- INFO: Lexus LX 470 - found: 9, pass primary filters: 5, did not pass the filter by color: 5, added: 0, new vincodes: 1
11-10-2011 23:19:32 --- INFO: Lexus LX 470 - found: 9, pass primary filters: 3, did not pass the filter by color: 3, added: 0, new vincodes: 0
11-10-2011 23:19:38 --- INFO: Toyota Land Cruiser - found: 5, pass primary filters: 4, did not pass the filter by color: 3, added: 1, new vincodes: 0
11-10-2011 23:19:57 --- INFO: Honda CR-V - found: 15, pass primary filters: 0, did not pass the filter by color: 0, added: 0, new vincodes: 0
11-10-2011 23:22:08 --- INFO: Honda CR-V - found: 68, pass primary filters: 2, did not pass the filter by color: 0, added: 2, new vincodes: 0
11-10-2011 23:22:12 --- INFO: Mitsubishi Montero 4WD Limited - found: 3, pass primary filters: 0, did not pass the filter by color: 0, added: 0, new vincodes: 0
11-10-2011 23:24:19 --- INFO: Toyota 4RUNNER 4WD Limited - found: 65, pass primary filters: 36, did not pass the filter by color: 24, added: 12, new vincodes: 0
11-10-2011 23:24:33 --- INFO: Toyota RAV 4 - found: 13, pass primary filters: 5, did not pass the filter by color: 4, added: 1, new vincodes: 0
11-10-2011 23:24:54 --- INFO: Toyota Highlander 4WD - found: 19, pass primary filters: 0, did not pass the filter by color: 0, added: 0, new vincodes: 0
11-10-2011 23:26:48 --- INFO: Subaru Forester - found: 58, pass primary filters: 10, did not pass the filter by color: 0, added: 10, new vincodes: 0
11-10-2011 23:28:48 --- INFO: Nissan Rogue - found: 52, pass primary filters: 2, did not pass the filter by color: 0, added: 2, new vincodes: 0
11-10-2011 23:29:17 --- INFO: Toyota Highlander - found: 19, pass primary filters: 7, did not pass the filter by color: 7, added: 0, new vincodes: 0
11-10-2011 23:29:40 --- INFO: Acura MDX - found: 17, pass primary filters: 0, did not pass the filter by color: 0, added: 0, new vincodes: 0
11-10-2011 23:29:40 --- INFO: finish: 11-10-2011 23:29:40
11-10-2011 23:29:40 --- INFO: elapsed time: ~1179.06 sec., memory usage: ~2.82 Mb.