
18-09-2011 03:05:01 --- INFO: start: 18-09-2011 03:05:01
18-09-2011 03:05:01 --- INFO: ----------Source_Openlane (cli)
18-09-2011 03:05:04 --- ERROR: Unauthorized request
18-09-2011 03:05:04 --- INFO: finish: 18-09-2011 03:05:04
18-09-2011 03:05:04 --- INFO: elapsed time: ~3.07 sec., memory usage: ~1.31 Mb.
18-09-2011 03:10:01 --- INFO: start: 18-09-2011 03:10:01
18-09-2011 03:10:01 --- INFO: ----------Source_Ebay (cli)
18-09-2011 03:10:17 --- INFO: Lexus RX 300 - found: 20, pass primary filters: 1, did not pass the filter by color: 1, added: 0, new vincodes: 0
18-09-2011 03:11:51 --- INFO: Lexus RX 330 - found: 70, pass primary filters: 16, did not pass the filter by color: 10, added: 6, new vincodes: 0
18-09-2011 03:13:04 --- INFO: Lexus RX 400H - found: 54, pass primary filters: 2, did not pass the filter by color: 0, added: 2, new vincodes: 0
18-09-2011 03:13:31 --- INFO: Lexus GX 470 - found: 36, pass primary filters: 8, did not pass the filter by color: 6, added: 2, new vincodes: 0
18-09-2011 03:13:49 --- INFO: Lexus GX 470 - found: 25, pass primary filters: 13, did not pass the filter by color: 12, added: 1, new vincodes: 0
18-09-2011 03:13:55 --- INFO: Lexus LX 470 - found: 6, pass primary filters: 4, did not pass the filter by color: 4, added: 0, new vincodes: 0
18-09-2011 03:14:00 --- INFO: Lexus LX 470 - found: 6, pass primary filters: 4, did not pass the filter by color: 4, added: 0, new vincodes: 0
18-09-2011 03:14:07 --- INFO: Toyota Land Cruiser - found: 8, pass primary filters: 5, did not pass the filter by color: 4, added: 1, new vincodes: 0
18-09-2011 03:14:21 --- INFO: Honda CR-V - found: 16, pass primary filters: 1, did not pass the filter by color: 0, added: 1, new vincodes: 0
18-09-2011 03:15:55 --- INFO: Honda CR-V - found: 69, pass primary filters: 2, did not pass the filter by color: 0, added: 2, new vincodes: 0
18-09-2011 03:15:59 --- INFO: Mitsubishi Montero 4WD Limited - found: 5, pass primary filters: 0, did not pass the filter by color: 0, added: 0, new vincodes: 0
18-09-2011 03:17:17 --- INFO: Toyota 4RUNNER 4WD Limited - found: 56, pass primary filters: 32, did not pass the filter by color: 20, added: 12, new vincodes: 0
18-09-2011 03:17:26 --- INFO: Toyota RAV 4 - found: 12, pass primary filters: 4, did not pass the filter by color: 2, added: 2, new vincodes: 0
18-09-2011 03:17:43 --- INFO: Toyota Highlander 4WD - found: 22, pass primary filters: 0, did not pass the filter by color: 0, added: 0, new vincodes: 0
18-09-2011 03:19:09 --- INFO: Subaru Forester - found: 60, pass primary filters: 8, did not pass the filter by color: 0, added: 8, new vincodes: 0
18-09-2011 03:19:50 --- INFO: Nissan Rogue - found: 50, pass primary filters: 0, did not pass the filter by color: 0, added: 0, new vincodes: 0
18-09-2011 03:20:04 --- INFO: Toyota Highlander - found: 22, pass primary filters: 4, did not pass the filter by color: 3, added: 1, new vincodes: 0
18-09-2011 03:20:16 --- INFO: Acura MDX - found: 16, pass primary filters: 0, did not pass the filter by color: 0, added: 0, new vincodes: 0
18-09-2011 03:20:16 --- INFO: finish: 18-09-2011 03:20:16
18-09-2011 03:20:16 --- INFO: elapsed time: ~615.29 sec., memory usage: ~2.76 Mb.
18-09-2011 06:10:01 --- INFO: start: 18-09-2011 06:10:01
18-09-2011 06:10:01 --- INFO: ----------Source_Adesa (cli)
18-09-2011 06:10:02 --- INFO: Authorized request
18-09-2011 06:10:03 --- INFO: Lexus RX 300 - found: 5, pass primary filters: 0, did not pass the filter by color: 0, added: 0, new vincodes: 0
18-09-2011 06:10:03 --- INFO: Lexus RX 330 - found: 4, pass primary filters: 1, did not pass the filter by color: 1, added: 0, new vincodes: 0
18-09-2011 06:10:03 --- INFO: Lexus RX 400H - found: 0, pass primary filters: 0, did not pass the filter by color: 0, added: 0, new vincodes: 0
18-09-2011 06:10:04 --- INFO: Lexus GX 470 - found: 1, pass primary filters: 0, did not pass the filter by color: 0, added: 0, new vincodes: 0
18-09-2011 06:10:04 --- INFO: Lexus GX 470 - found: 1, pass primary filters: 1, did not pass the filter by color: 1, added: 0, new vincodes: 0
18-09-2011 06:10:04 --- INFO: Lexus LX 470 - found: 0, pass primary filters: 0, did not pass the filter by color: 0, added: 0, new vincodes: 0
18-09-2011 06:10:04 --- INFO: Lexus LX 470 - found: 0, pass primary filters: 0, did not pass the filter by color: 0, added: 0, new vincodes: 0
18-09-2011 06:10:04 --- INFO: Toyota Land Cruiser - found: 1, pass primary filters: 0, did not pass the filter by color: 0, added: 0, new vincodes: 0
18-09-2011 06:10:05 --- INFO: Honda CR-V - found: 5, pass primary filters: 0, did not pass the filter by color: 0, added: 0, new vincodes: 0
18-09-2011 06:10:06 --- INFO: Honda CR-V - found: 2, pass primary filters: 1, did not pass the filter by color: 0, added: 1, new vincodes: 0
18-09-2011 06:10:08 --- INFO: Mitsubishi Montero 4WD Limited - found: 13, pass primary filters: 3, did not pass the filter by color: 3, added: 0, new vincodes: 0
18-09-2011 06:10:11 --- INFO: Toyota 4RUNNER 4WD Limited - found: 17, pass primary filters: 4, did not pass the filter by color: 3, added: 1, new vincodes: 0
18-09-2011 06:10:12 --- INFO: Toyota RAV 4 - found: 5, pass primary filters: 1, did not pass the filter by color: 1, added: 0, new vincodes: 0
18-09-2011 06:10:12 --- INFO: Toyota Highlander 4WD - found: 14, pass primary filters: 0, did not pass the filter by color: 0, added: 0, new vincodes: 0
18-09-2011 06:10:15 --- INFO: Subaru Forester - found: 6, pass primary filters: 4, did not pass the filter by color: 0, added: 4, new vincodes: 0
18-09-2011 06:10:16 --- INFO: Nissan Rogue - found: 19, pass primary filters: 1, did not pass the filter by color: 0, added: 1, new vincodes: 0
18-09-2011 06:10:20 --- INFO: Toyota Highlander - found: 14, pass primary filters: 4, did not pass the filter by color: 4, added: 0, new vincodes: 0
18-09-2011 06:10:20 --- INFO: Acura MDX - found: 5, pass primary filters: 0, did not pass the filter by color: 0, added: 0, new vincodes: 0
18-09-2011 06:10:20 --- INFO: finish: 18-09-2011 06:10:20
18-09-2011 06:10:20 --- INFO: elapsed time: ~18.76 sec., memory usage: ~2.1 Mb.
18-09-2011 06:10:01 --- INFO: start: 18-09-2011 06:10:01
18-09-2011 06:10:01 --- INFO: ----------Source_Gsmotors (cli)
18-09-2011 06:10:09 --- INFO: Lexus RX 300 - found: 40, pass primary filters: 0, did not pass the filter by color: 0, added: 0, new vincodes: 0
18-09-2011 06:10:27 --- INFO: Lexus RX 330 - found: 168, pass primary filters: 0, did not pass the filter by color: 0, added: 0, new vincodes: 0
18-09-2011 06:10:33 --- INFO: Lexus RX 400H - found: 30, pass primary filters: 0, did not pass the filter by color: 0, added: 0, new vincodes: 0
18-09-2011 06:10:40 --- INFO: Lexus GX 470 - found: 60, pass primary filters: 0, did not pass the filter by color: 0, added: 0, new vincodes: 0
18-09-2011 06:10:47 --- INFO: Lexus GX 470 - found: 72, pass primary filters: 0, did not pass the filter by color: 0, added: 0, new vincodes: 0
18-09-2011 06:10:50 --- INFO: Lexus LX 470 - found: 15, pass primary filters: 0, did not pass the filter by color: 0, added: 0, new vincodes: 0
18-09-2011 06:10:53 --- INFO: Lexus LX 470 - found: 12, pass primary filters: 0, did not pass the filter by color: 0, added: 0, new vincodes: 0
18-09-2011 06:10:56 --- INFO: Toyota Land Cruiser - found: 10, pass primary filters: 0, did not pass the filter by color: 0, added: 0, new vincodes: 0
18-09-2011 06:11:03 --- INFO: Honda CR-V - found: 40, pass primary filters: 0, did not pass the filter by color: 0, added: 0, new vincodes: 0
18-09-2011 06:11:19 --- INFO: Honda CR-V - found: 130, pass primary filters: 0, did not pass the filter by color: 0, added: 0, new vincodes: 0
18-09-2011 06:11:26 --- INFO: Mitsubishi Montero 4WD Limited - found: 66, pass primary filters: 0, did not pass the filter by color: 0, added: 0, new vincodes: 0
18-09-2011 06:11:43 --- INFO: Toyota 4RUNNER 4WD Limited - found: 151, pass primary filters: 0, did not pass the filter by color: 0, added: 0, new vincodes: 0
18-09-2011 06:11:50 --- INFO: Toyota RAV 4 - found: 57, pass primary filters: 0, did not pass the filter by color: 0, added: 0, new vincodes: 0
18-09-2011 06:11:58 --- INFO: Toyota Highlander 4WD - found: 70, pass primary filters: 0, did not pass the filter by color: 0, added: 0, new vincodes: 0
18-09-2011 06:12:16 --- INFO: Subaru Forester - found: 165, pass primary filters: 0, did not pass the filter by color: 0, added: 0, new vincodes: 0
18-09-2011 06:12:37 --- INFO: Nissan Rogue - found: 209, pass primary filters: 0, did not pass the filter by color: 0, added: 0, new vincodes: 0
18-09-2011 06:12:37 --- ERROR: Request returns empty result
18-09-2011 06:12:37 --- INFO: finish: 18-09-2011 06:12:37
18-09-2011 06:12:37 --- INFO: elapsed time: ~155.43 sec., memory usage: ~1.73 Mb.
18-09-2011 07:05:01 --- INFO: start: 18-09-2011 07:05:01
18-09-2011 07:05:01 --- INFO: ----------Source_Openlane (cli)
18-09-2011 07:05:04 --- ERROR: Unauthorized request
18-09-2011 07:05:04 --- INFO: finish: 18-09-2011 07:05:04
18-09-2011 07:05:04 --- INFO: elapsed time: ~3.02 sec., memory usage: ~1.31 Mb.
18-09-2011 07:10:01 --- INFO: start: 18-09-2011 07:10:01
18-09-2011 07:10:01 --- INFO: ----------Source_Ebay (cli)
18-09-2011 07:10:17 --- INFO: Lexus RX 300 - found: 21, pass primary filters: 1, did not pass the filter by color: 1, added: 0, new vincodes: 0
18-09-2011 07:11:51 --- INFO: Lexus RX 330 - found: 70, pass primary filters: 16, did not pass the filter by color: 6, added: 10, new vincodes: 0
18-09-2011 07:13:04 --- INFO: Lexus RX 400H - found: 54, pass primary filters: 2, did not pass the filter by color: 0, added: 2, new vincodes: 0
18-09-2011 07:13:29 --- INFO: Lexus GX 470 - found: 36, pass primary filters: 8, did not pass the filter by color: 6, added: 2, new vincodes: 0
18-09-2011 07:13:48 --- INFO: Lexus GX 470 - found: 25, pass primary filters: 13, did not pass the filter by color: 12, added: 1, new vincodes: 0
18-09-2011 07:13:54 --- INFO: Lexus LX 470 - found: 6, pass primary filters: 4, did not pass the filter by color: 4, added: 0, new vincodes: 0
18-09-2011 07:13:59 --- INFO: Lexus LX 470 - found: 6, pass primary filters: 4, did not pass the filter by color: 4, added: 0, new vincodes: 0
18-09-2011 07:14:06 --- INFO: Toyota Land Cruiser - found: 8, pass primary filters: 5, did not pass the filter by color: 4, added: 1, new vincodes: 0
18-09-2011 07:14:19 --- INFO: Honda CR-V - found: 16, pass primary filters: 1, did not pass the filter by color: 0, added: 1, new vincodes: 0
18-09-2011 07:15:52 --- INFO: Honda CR-V - found: 68, pass primary filters: 2, did not pass the filter by color: 0, added: 2, new vincodes: 0
18-09-2011 07:15:56 --- INFO: Mitsubishi Montero 4WD Limited - found: 5, pass primary filters: 0, did not pass the filter by color: 0, added: 0, new vincodes: 0
18-09-2011 07:17:14 --- INFO: Toyota 4RUNNER 4WD Limited - found: 55, pass primary filters: 30, did not pass the filter by color: 17, added: 13, new vincodes: 0
18-09-2011 07:17:26 --- INFO: Toyota RAV 4 - found: 12, pass primary filters: 4, did not pass the filter by color: 2, added: 2, new vincodes: 0
18-09-2011 07:17:44 --- INFO: Toyota Highlander 4WD - found: 22, pass primary filters: 0, did not pass the filter by color: 0, added: 0, new vincodes: 0
18-09-2011 07:19:13 --- INFO: Subaru Forester - found: 60, pass primary filters: 8, did not pass the filter by color: 0, added: 8, new vincodes: 0
18-09-2011 07:20:35 --- INFO: Nissan Rogue - found: 51, pass primary filters: 0, did not pass the filter by color: 0, added: 0, new vincodes: 0
18-09-2011 07:20:51 --- INFO: Toyota Highlander - found: 22, pass primary filters: 5, did not pass the filter by color: 4, added: 1, new vincodes: 0
18-09-2011 07:21:04 --- INFO: Acura MDX - found: 16, pass primary filters: 0, did not pass the filter by color: 0, added: 0, new vincodes: 0
18-09-2011 07:21:04 --- INFO: finish: 18-09-2011 07:21:04
18-09-2011 07:21:04 --- INFO: elapsed time: ~663.05 sec., memory usage: ~2.75 Mb.
18-09-2011 08:10:01 --- INFO: start: 18-09-2011 08:10:01
18-09-2011 08:10:01 --- INFO: ----------Source_Adesa (cli)
18-09-2011 08:10:02 --- INFO: Authorized request
18-09-2011 08:10:03 --- INFO: Lexus RX 300 - found: 5, pass primary filters: 0, did not pass the filter by color: 0, added: 0, new vincodes: 0
18-09-2011 08:10:03 --- INFO: Lexus RX 330 - found: 4, pass primary filters: 1, did not pass the filter by color: 1, added: 0, new vincodes: 0
18-09-2011 08:10:03 --- INFO: Lexus RX 400H - found: 0, pass primary filters: 0, did not pass the filter by color: 0, added: 0, new vincodes: 0
18-09-2011 08:10:03 --- INFO: Lexus GX 470 - found: 1, pass primary filters: 0, did not pass the filter by color: 0, added: 0, new vincodes: 0
18-09-2011 08:10:04 --- INFO: Lexus GX 470 - found: 1, pass primary filters: 1, did not pass the filter by color: 1, added: 0, new vincodes: 0
18-09-2011 08:10:04 --- INFO: Lexus LX 470 - found: 0, pass primary filters: 0, did not pass the filter by color: 0, added: 0, new vincodes: 0
18-09-2011 08:10:04 --- INFO: Lexus LX 470 - found: 0, pass primary filters: 0, did not pass the filter by color: 0, added: 0, new vincodes: 0
18-09-2011 08:10:04 --- INFO: Toyota Land Cruiser - found: 1, pass primary filters: 0, did not pass the filter by color: 0, added: 0, new vincodes: 0
18-09-2011 08:10:04 --- INFO: Honda CR-V - found: 5, pass primary filters: 0, did not pass the filter by color: 0, added: 0, new vincodes: 0
18-09-2011 08:10:05 --- INFO: Honda CR-V - found: 2, pass primary filters: 1, did not pass the filter by color: 0, added: 1, new vincodes: 0
18-09-2011 08:10:09 --- INFO: Mitsubishi Montero 4WD Limited - found: 13, pass primary filters: 3, did not pass the filter by color: 3, added: 0, new vincodes: 0
18-09-2011 08:10:12 --- INFO: Toyota 4RUNNER 4WD Limited - found: 17, pass primary filters: 4, did not pass the filter by color: 3, added: 1, new vincodes: 0
18-09-2011 08:10:13 --- INFO: Toyota RAV 4 - found: 5, pass primary filters: 1, did not pass the filter by color: 1, added: 0, new vincodes: 0
18-09-2011 08:10:13 --- INFO: Toyota Highlander 4WD - found: 14, pass primary filters: 0, did not pass the filter by color: 0, added: 0, new vincodes: 0
18-09-2011 08:10:18 --- INFO: Subaru Forester - found: 6, pass primary filters: 4, did not pass the filter by color: 0, added: 4, new vincodes: 0
18-09-2011 08:10:18 --- INFO: Nissan Rogue - found: 19, pass primary filters: 1, did not pass the filter by color: 0, added: 1, new vincodes: 0
18-09-2011 08:10:23 --- INFO: Toyota Highlander - found: 14, pass primary filters: 4, did not pass the filter by color: 4, added: 0, new vincodes: 0
18-09-2011 08:10:23 --- INFO: Acura MDX - found: 5, pass primary filters: 0, did not pass the filter by color: 0, added: 0, new vincodes: 0
18-09-2011 08:10:23 --- INFO: finish: 18-09-2011 08:10:23
18-09-2011 08:10:23 --- INFO: elapsed time: ~21.9 sec., memory usage: ~2.1 Mb.
18-09-2011 08:10:01 --- INFO: start: 18-09-2011 08:10:01
18-09-2011 08:10:01 --- INFO: ----------Source_Gsmotors (cli)
18-09-2011 08:10:07 --- INFO: Lexus RX 300 - found: 40, pass primary filters: 0, did not pass the filter by color: 0, added: 0, new vincodes: 0
18-09-2011 08:10:19 --- INFO: Lexus RX 330 - found: 168, pass primary filters: 0, did not pass the filter by color: 0, added: 0, new vincodes: 0
18-09-2011 08:10:22 --- INFO: Lexus RX 400H - found: 30, pass primary filters: 0, did not pass the filter by color: 0, added: 0, new vincodes: 0
18-09-2011 08:10:27 --- INFO: Lexus GX 470 - found: 60, pass primary filters: 0, did not pass the filter by color: 0, added: 0, new vincodes: 0
18-09-2011 08:10:33 --- INFO: Lexus GX 470 - found: 72, pass primary filters: 0, did not pass the filter by color: 0, added: 0, new vincodes: 0
18-09-2011 08:10:35 --- INFO: Lexus LX 470 - found: 15, pass primary filters: 0, did not pass the filter by color: 0, added: 0, new vincodes: 0
18-09-2011 08:10:37 --- INFO: Lexus LX 470 - found: 12, pass primary filters: 0, did not pass the filter by color: 0, added: 0, new vincodes: 0
18-09-2011 08:10:39 --- INFO: Toyota Land Cruiser - found: 10, pass primary filters: 0, did not pass the filter by color: 0, added: 0, new vincodes: 0
18-09-2011 08:10:43 --- INFO: Honda CR-V - found: 40, pass primary filters: 0, did not pass the filter by color: 0, added: 0, new vincodes: 0
18-09-2011 08:10:54 --- INFO: Honda CR-V - found: 130, pass primary filters: 0, did not pass the filter by color: 0, added: 0, new vincodes: 0
18-09-2011 08:10:59 --- INFO: Mitsubishi Montero 4WD Limited - found: 66, pass primary filters: 0, did not pass the filter by color: 0, added: 0, new vincodes: 0
18-09-2011 08:11:11 --- INFO: Toyota 4RUNNER 4WD Limited - found: 151, pass primary filters: 0, did not pass the filter by color: 0, added: 0, new vincodes: 0
18-09-2011 08:11:16 --- INFO: Toyota RAV 4 - found: 57, pass primary filters: 0, did not pass the filter by color: 0, added: 0, new vincodes: 0
18-09-2011 08:11:23 --- INFO: Toyota Highlander 4WD - found: 70, pass primary filters: 0, did not pass the filter by color: 0, added: 0, new vincodes: 0
18-09-2011 08:11:37 --- INFO: Subaru Forester - found: 165, pass primary filters: 0, did not pass the filter by color: 0, added: 0, new vincodes: 0
18-09-2011 08:12:00 --- INFO: Nissan Rogue - found: 209, pass primary filters: 0, did not pass the filter by color: 0, added: 0, new vincodes: 0
18-09-2011 08:12:08 --- INFO: Toyota Highlander - found: 70, pass primary filters: 0, did not pass the filter by color: 0, added: 0, new vincodes: 0
18-09-2011 08:12:15 --- INFO: Acura MDX - found: 48, pass primary filters: 0, did not pass the filter by color: 0, added: 0, new vincodes: 0
18-09-2011 08:12:15 --- INFO: finish: 18-09-2011 08:12:15
18-09-2011 08:12:15 --- INFO: elapsed time: ~133.92 sec., memory usage: ~1.73 Mb.
18-09-2011 09:10:01 --- INFO: start: 18-09-2011 09:10:01
18-09-2011 09:10:01 --- INFO: ----------Source_Adesa (cli)
18-09-2011 09:10:02 --- INFO: Authorized request
18-09-2011 09:10:02 --- INFO: Lexus RX 300 - found: 5, pass primary filters: 0, did not pass the filter by color: 0, added: 0, new vincodes: 0
18-09-2011 09:10:03 --- INFO: Lexus RX 330 - found: 4, pass primary filters: 1, did not pass the filter by color: 1, added: 0, new vincodes: 0
18-09-2011 09:10:03 --- INFO: Lexus RX 400H - found: 0, pass primary filters: 0, did not pass the filter by color: 0, added: 0, new vincodes: 0
18-09-2011 09:10:03 --- INFO: Lexus GX 470 - found: 1, pass primary filters: 0, did not pass the filter by color: 0, added: 0, new vincodes: 0
18-09-2011 09:10:03 --- INFO: Lexus GX 470 - found: 1, pass primary filters: 1, did not pass the filter by color: 1, added: 0, new vincodes: 0
18-09-2011 09:10:03 --- INFO: Lexus LX 470 - found: 0, pass primary filters: 0, did not pass the filter by color: 0, added: 0, new vincodes: 0
18-09-2011 09:10:04 --- INFO: Lexus LX 470 - found: 0, pass primary filters: 0, did not pass the filter by color: 0, added: 0, new vincodes: 0
18-09-2011 09:10:04 --- INFO: Toyota Land Cruiser - found: 1, pass primary filters: 0, did not pass the filter by color: 0, added: 0, new vincodes: 0
18-09-2011 09:10:04 --- INFO: Honda CR-V - found: 5, pass primary filters: 0, did not pass the filter by color: 0, added: 0, new vincodes: 0
18-09-2011 09:10:05 --- INFO: Honda CR-V - found: 2, pass primary filters: 1, did not pass the filter by color: 0, added: 1, new vincodes: 0
18-09-2011 09:10:08 --- INFO: Mitsubishi Montero 4WD Limited - found: 13, pass primary filters: 3, did not pass the filter by color: 3, added: 0, new vincodes: 0
18-09-2011 09:10:11 --- INFO: Toyota 4RUNNER 4WD Limited - found: 17, pass primary filters: 4, did not pass the filter by color: 3, added: 1, new vincodes: 0
18-09-2011 09:10:12 --- INFO: Toyota RAV 4 - found: 5, pass primary filters: 1, did not pass the filter by color: 1, added: 0, new vincodes: 0
18-09-2011 09:10:13 --- INFO: Toyota Highlander 4WD - found: 16, pass primary filters: 0, did not pass the filter by color: 0, added: 0, new vincodes: 0
18-09-2011 09:10:17 --- INFO: Subaru Forester - found: 6, pass primary filters: 4, did not pass the filter by color: 0, added: 4, new vincodes: 0
18-09-2011 09:10:18 --- INFO: Nissan Rogue - found: 19, pass primary filters: 1, did not pass the filter by color: 0, added: 1, new vincodes: 0
18-09-2011 09:10:25 --- INFO: Toyota Highlander - found: 16, pass primary filters: 6, did not pass the filter by color: 6, added: 0, new vincodes: 2
18-09-2011 09:10:25 --- INFO: Acura MDX - found: 5, pass primary filters: 0, did not pass the filter by color: 0, added: 0, new vincodes: 0
18-09-2011 09:10:25 --- INFO: finish: 18-09-2011 09:10:25
18-09-2011 09:10:25 --- INFO: elapsed time: ~23.6 sec., memory usage: ~2.15 Mb.
18-09-2011 09:10:01 --- INFO: start: 18-09-2011 09:10:01
18-09-2011 09:10:01 --- INFO: ----------Source_Gsmotors (cli)
18-09-2011 09:10:06 --- INFO: Lexus RX 300 - found: 40, pass primary filters: 0, did not pass the filter by color: 0, added: 0, new vincodes: 0
18-09-2011 09:10:17 --- INFO: Lexus RX 330 - found: 168, pass primary filters: 0, did not pass the filter by color: 0, added: 0, new vincodes: 0
18-09-2011 09:10:21 --- INFO: Lexus RX 400H - found: 30, pass primary filters: 0, did not pass the filter by color: 0, added: 0, new vincodes: 0
18-09-2011 09:10:25 --- INFO: Lexus GX 470 - found: 60, pass primary filters: 0, did not pass the filter by color: 0, added: 0, new vincodes: 0
18-09-2011 09:10:30 --- INFO: Lexus GX 470 - found: 72, pass primary filters: 0, did not pass the filter by color: 0, added: 0, new vincodes: 0
18-09-2011 09:10:32 --- INFO: Lexus LX 470 - found: 15, pass primary filters: 0, did not pass the filter by color: 0, added: 0, new vincodes: 0
18-09-2011 09:10:34 --- INFO: Lexus LX 470 - found: 12, pass primary filters: 0, did not pass the filter by color: 0, added: 0, new vincodes: 0
18-09-2011 09:10:36 --- INFO: Toyota Land Cruiser - found: 10, pass primary filters: 0, did not pass the filter by color: 0, added: 0, new vincodes: 0
18-09-2011 09:10:40 --- INFO: Honda CR-V - found: 40, pass primary filters: 0, did not pass the filter by color: 0, added: 0, new vincodes: 0
18-09-2011 09:10:52 --- INFO: Honda CR-V - found: 130, pass primary filters: 0, did not pass the filter by color: 0, added: 0, new vincodes: 0
18-09-2011 09:10:57 --- INFO: Mitsubishi Montero 4WD Limited - found: 66, pass primary filters: 0, did not pass the filter by color: 0, added: 0, new vincodes: 0
18-09-2011 09:11:09 --- INFO: Toyota 4RUNNER 4WD Limited - found: 151, pass primary filters: 0, did not pass the filter by color: 0, added: 0, new vincodes: 0
18-09-2011 09:11:15 --- INFO: Toyota RAV 4 - found: 57, pass primary filters: 0, did not pass the filter by color: 0, added: 0, new vincodes: 0
18-09-2011 09:11:22 --- INFO: Toyota Highlander 4WD - found: 70, pass primary filters: 0, did not pass the filter by color: 0, added: 0, new vincodes: 0
18-09-2011 09:11:35 --- INFO: Subaru Forester - found: 165, pass primary filters: 0, did not pass the filter by color: 0, added: 0, new vincodes: 0
18-09-2011 09:11:52 --- INFO: Nissan Rogue - found: 209, pass primary filters: 0, did not pass the filter by color: 0, added: 0, new vincodes: 0
18-09-2011 09:12:00 --- INFO: Toyota Highlander - found: 70, pass primary filters: 0, did not pass the filter by color: 0, added: 0, new vincodes: 0
18-09-2011 09:12:09 --- INFO: Acura MDX - found: 48, pass primary filters: 0, did not pass the filter by color: 0, added: 0, new vincodes: 0
18-09-2011 09:12:09 --- INFO: finish: 18-09-2011 09:12:09
18-09-2011 09:12:09 --- INFO: elapsed time: ~127.96 sec., memory usage: ~1.73 Mb.
18-09-2011 10:00:01 --- INFO: start: 18-09-2011 10:00:01
18-09-2011 10:00:02 --- INFO: ----------Source_Adesa (cli)
18-09-2011 10:00:02 --- INFO: Authorized request
18-09-2011 10:00:02 --- INFO: Lexus RX 300 - found: 5, pass primary filters: 0, did not pass the filter by color: 0, added: 0, new vincodes: 0
18-09-2011 10:00:03 --- INFO: Lexus RX 330 - found: 4, pass primary filters: 1, did not pass the filter by color: 1, added: 0, new vincodes: 0
18-09-2011 10:00:03 --- INFO: Lexus RX 400H - found: 0, pass primary filters: 0, did not pass the filter by color: 0, added: 0, new vincodes: 0
18-09-2011 10:00:03 --- INFO: Lexus GX 470 - found: 1, pass primary filters: 0, did not pass the filter by color: 0, added: 0, new vincodes: 0
18-09-2011 10:00:03 --- INFO: Lexus GX 470 - found: 1, pass primary filters: 1, did not pass the filter by color: 1, added: 0, new vincodes: 0
18-09-2011 10:00:03 --- INFO: Lexus LX 470 - found: 0, pass primary filters: 0, did not pass the filter by color: 0, added: 0, new vincodes: 0
18-09-2011 10:00:04 --- INFO: Lexus LX 470 - found: 0, pass primary filters: 0, did not pass the filter by color: 0, added: 0, new vincodes: 0
18-09-2011 10:00:04 --- INFO: Toyota Land Cruiser - found: 1, pass primary filters: 0, did not pass the filter by color: 0, added: 0, new vincodes: 0
18-09-2011 10:00:04 --- INFO: Honda CR-V - found: 5, pass primary filters: 0, did not pass the filter by color: 0, added: 0, new vincodes: 0
18-09-2011 10:00:05 --- INFO: Honda CR-V - found: 2, pass primary filters: 1, did not pass the filter by color: 0, added: 1, new vincodes: 0
18-09-2011 10:00:08 --- INFO: Mitsubishi Montero 4WD Limited - found: 13, pass primary filters: 3, did not pass the filter by color: 3, added: 0, new vincodes: 0
18-09-2011 10:00:10 --- INFO: Toyota 4RUNNER 4WD Limited - found: 17, pass primary filters: 4, did not pass the filter by color: 3, added: 1, new vincodes: 0
18-09-2011 10:00:11 --- INFO: Toyota RAV 4 - found: 5, pass primary filters: 1, did not pass the filter by color: 1, added: 0, new vincodes: 0
18-09-2011 10:00:12 --- INFO: Toyota Highlander 4WD - found: 16, pass primary filters: 0, did not pass the filter by color: 0, added: 0, new vincodes: 0
18-09-2011 10:00:15 --- INFO: Subaru Forester - found: 6, pass primary filters: 4, did not pass the filter by color: 0, added: 4, new vincodes: 0
18-09-2011 10:00:16 --- INFO: Nissan Rogue - found: 19, pass primary filters: 1, did not pass the filter by color: 0, added: 1, new vincodes: 0
18-09-2011 10:00:21 --- INFO: Toyota Highlander - found: 16, pass primary filters: 6, did not pass the filter by color: 6, added: 0, new vincodes: 0
18-09-2011 10:00:21 --- INFO: Acura MDX - found: 5, pass primary filters: 0, did not pass the filter by color: 0, added: 0, new vincodes: 0
18-09-2011 10:00:21 --- INFO: finish: 18-09-2011 10:00:21
18-09-2011 10:00:21 --- INFO: elapsed time: ~19.33 sec., memory usage: ~2.12 Mb.
18-09-2011 10:00:01 --- INFO: start: 18-09-2011 10:00:01
18-09-2011 10:00:02 --- INFO: ----------Source_Gsmotors (cli)
18-09-2011 10:00:07 --- INFO: Lexus RX 300 - found: 40, pass primary filters: 0, did not pass the filter by color: 0, added: 0, new vincodes: 0
18-09-2011 10:00:19 --- INFO: Lexus RX 330 - found: 168, pass primary filters: 0, did not pass the filter by color: 0, added: 0, new vincodes: 0
18-09-2011 10:00:23 --- INFO: Lexus RX 400H - found: 30, pass primary filters: 0, did not pass the filter by color: 0, added: 0, new vincodes: 0
18-09-2011 10:00:28 --- INFO: Lexus GX 470 - found: 60, pass primary filters: 0, did not pass the filter by color: 0, added: 0, new vincodes: 0
18-09-2011 10:00:33 --- INFO: Lexus GX 470 - found: 72, pass primary filters: 0, did not pass the filter by color: 0, added: 0, new vincodes: 0
18-09-2011 10:00:35 --- INFO: Lexus LX 470 - found: 15, pass primary filters: 0, did not pass the filter by color: 0, added: 0, new vincodes: 0
18-09-2011 10:00:37 --- INFO: Lexus LX 470 - found: 12, pass primary filters: 0, did not pass the filter by color: 0, added: 0, new vincodes: 0
18-09-2011 10:00:39 --- INFO: Toyota Land Cruiser - found: 10, pass primary filters: 0, did not pass the filter by color: 0, added: 0, new vincodes: 0
18-09-2011 10:00:44 --- INFO: Honda CR-V - found: 40, pass primary filters: 0, did not pass the filter by color: 0, added: 0, new vincodes: 0
18-09-2011 10:00:55 --- INFO: Honda CR-V - found: 130, pass primary filters: 0, did not pass the filter by color: 0, added: 0, new vincodes: 0
18-09-2011 10:01:01 --- INFO: Mitsubishi Montero 4WD Limited - found: 66, pass primary filters: 0, did not pass the filter by color: 0, added: 0, new vincodes: 0
18-09-2011 10:01:12 --- INFO: Toyota 4RUNNER 4WD Limited - found: 151, pass primary filters: 0, did not pass the filter by color: 0, added: 0, new vincodes: 0
18-09-2011 10:01:17 --- INFO: Toyota RAV 4 - found: 57, pass primary filters: 0, did not pass the filter by color: 0, added: 0, new vincodes: 0
18-09-2011 10:01:24 --- INFO: Toyota Highlander 4WD - found: 70, pass primary filters: 0, did not pass the filter by color: 0, added: 0, new vincodes: 0
18-09-2011 10:01:37 --- INFO: Subaru Forester - found: 165, pass primary filters: 0, did not pass the filter by color: 0, added: 0, new vincodes: 0
18-09-2011 10:01:54 --- INFO: Nissan Rogue - found: 209, pass primary filters: 0, did not pass the filter by color: 0, added: 0, new vincodes: 0
18-09-2011 10:02:00 --- INFO: Toyota Highlander - found: 70, pass primary filters: 0, did not pass the filter by color: 0, added: 0, new vincodes: 0
18-09-2011 10:02:06 --- INFO: Acura MDX - found: 48, pass primary filters: 0, did not pass the filter by color: 0, added: 0, new vincodes: 0
18-09-2011 10:02:06 --- INFO: finish: 18-09-2011 10:02:06
18-09-2011 10:02:06 --- INFO: elapsed time: ~124.41 sec., memory usage: ~1.73 Mb.
18-09-2011 11:05:01 --- INFO: start: 18-09-2011 11:05:01
18-09-2011 11:05:01 --- INFO: ----------Source_Openlane (cli)
18-09-2011 11:05:04 --- ERROR: Unauthorized request
18-09-2011 11:05:04 --- INFO: finish: 18-09-2011 11:05:04
18-09-2011 11:05:04 --- INFO: elapsed time: ~3.04 sec., memory usage: ~1.31 Mb.
18-09-2011 11:10:01 --- INFO: start: 18-09-2011 11:10:01
18-09-2011 11:10:01 --- INFO: ----------Source_Adesa (cli)
18-09-2011 11:10:02 --- INFO: Authorized request
18-09-2011 11:10:02 --- INFO: Lexus RX 300 - found: 5, pass primary filters: 0, did not pass the filter by color: 0, added: 0, new vincodes: 0
18-09-2011 11:10:03 --- INFO: Lexus RX 330 - found: 4, pass primary filters: 1, did not pass the filter by color: 1, added: 0, new vincodes: 0
18-09-2011 11:10:03 --- INFO: Lexus RX 400H - found: 0, pass primary filters: 0, did not pass the filter by color: 0, added: 0, new vincodes: 0
18-09-2011 11:10:03 --- INFO: Lexus GX 470 - found: 1, pass primary filters: 0, did not pass the filter by color: 0, added: 0, new vincodes: 0
18-09-2011 11:10:03 --- INFO: Lexus GX 470 - found: 1, pass primary filters: 1, did not pass the filter by color: 1, added: 0, new vincodes: 0
18-09-2011 11:10:03 --- INFO: Lexus LX 470 - found: 0, pass primary filters: 0, did not pass the filter by color: 0, added: 0, new vincodes: 0
18-09-2011 11:10:04 --- INFO: Lexus LX 470 - found: 0, pass primary filters: 0, did not pass the filter by color: 0, added: 0, new vincodes: 0
18-09-2011 11:10:04 --- INFO: Toyota Land Cruiser - found: 1, pass primary filters: 0, did not pass the filter by color: 0, added: 0, new vincodes: 0
18-09-2011 11:10:04 --- INFO: Honda CR-V - found: 5, pass primary filters: 0, did not pass the filter by color: 0, added: 0, new vincodes: 0
18-09-2011 11:10:05 --- INFO: Honda CR-V - found: 2, pass primary filters: 1, did not pass the filter by color: 0, added: 1, new vincodes: 0
18-09-2011 11:10:08 --- INFO: Mitsubishi Montero 4WD Limited - found: 13, pass primary filters: 3, did not pass the filter by color: 3, added: 0, new vincodes: 0
18-09-2011 11:10:11 --- INFO: Toyota 4RUNNER 4WD Limited - found: 17, pass primary filters: 4, did not pass the filter by color: 3, added: 1, new vincodes: 0
18-09-2011 11:10:12 --- INFO: Toyota RAV 4 - found: 5, pass primary filters: 1, did not pass the filter by color: 1, added: 0, new vincodes: 0
18-09-2011 11:10:13 --- INFO: Toyota Highlander 4WD - found: 16, pass primary filters: 0, did not pass the filter by color: 0, added: 0, new vincodes: 0
18-09-2011 11:10:17 --- INFO: Subaru Forester - found: 6, pass primary filters: 4, did not pass the filter by color: 0, added: 4, new vincodes: 0
18-09-2011 11:10:18 --- INFO: Nissan Rogue - found: 19, pass primary filters: 1, did not pass the filter by color: 0, added: 1, new vincodes: 0
18-09-2011 11:10:24 --- INFO: Toyota Highlander - found: 16, pass primary filters: 6, did not pass the filter by color: 6, added: 0, new vincodes: 0
18-09-2011 11:10:24 --- INFO: Acura MDX - found: 5, pass primary filters: 0, did not pass the filter by color: 0, added: 0, new vincodes: 0
18-09-2011 11:10:24 --- INFO: finish: 18-09-2011 11:10:24
18-09-2011 11:10:24 --- INFO: elapsed time: ~23.25 sec., memory usage: ~2.12 Mb.
18-09-2011 11:10:01 --- INFO: start: 18-09-2011 11:10:01
18-09-2011 11:10:01 --- INFO: ----------Source_Gsmotors (cli)
18-09-2011 11:10:07 --- INFO: Lexus RX 300 - found: 43, pass primary filters: 0, did not pass the filter by color: 0, added: 0, new vincodes: 0
18-09-2011 11:10:24 --- INFO: Lexus RX 330 - found: 173, pass primary filters: 0, did not pass the filter by color: 0, added: 0, new vincodes: 0
18-09-2011 11:10:30 --- INFO: Lexus RX 400H - found: 31, pass primary filters: 0, did not pass the filter by color: 0, added: 0, new vincodes: 0
18-09-2011 11:10:40 --- INFO: Lexus GX 470 - found: 61, pass primary filters: 0, did not pass the filter by color: 0, added: 0, new vincodes: 0
18-09-2011 11:10:50 --- INFO: Lexus GX 470 - found: 73, pass primary filters: 0, did not pass the filter by color: 0, added: 0, new vincodes: 0
18-09-2011 11:10:53 --- INFO: Lexus LX 470 - found: 15, pass primary filters: 0, did not pass the filter by color: 0, added: 0, new vincodes: 0
18-09-2011 11:10:56 --- INFO: Lexus LX 470 - found: 12, pass primary filters: 0, did not pass the filter by color: 0, added: 0, new vincodes: 0
18-09-2011 11:10:59 --- INFO: Toyota Land Cruiser - found: 10, pass primary filters: 0, did not pass the filter by color: 0, added: 0, new vincodes: 0
18-09-2011 11:11:07 --- INFO: Honda CR-V - found: 42, pass primary filters: 0, did not pass the filter by color: 0, added: 0, new vincodes: 0
18-09-2011 11:11:23 --- INFO: Honda CR-V - found: 133, pass primary filters: 0, did not pass the filter by color: 0, added: 0, new vincodes: 0
18-09-2011 11:11:32 --- INFO: Mitsubishi Montero 4WD Limited - found: 67, pass primary filters: 0, did not pass the filter by color: 0, added: 0, new vincodes: 0
18-09-2011 11:11:49 --- INFO: Toyota 4RUNNER 4WD Limited - found: 152, pass primary filters: 0, did not pass the filter by color: 0, added: 0, new vincodes: 0
18-09-2011 11:11:57 --- INFO: Toyota RAV 4 - found: 62, pass primary filters: 0, did not pass the filter by color: 0, added: 0, new vincodes: 0
18-09-2011 11:12:06 --- INFO: Toyota Highlander 4WD - found: 71, pass primary filters: 0, did not pass the filter by color: 0, added: 0, new vincodes: 0
18-09-2011 11:12:28 --- INFO: Subaru Forester - found: 169, pass primary filters: 0, did not pass the filter by color: 0, added: 0, new vincodes: 0
18-09-2011 11:12:54 --- INFO: Nissan Rogue - found: 211, pass primary filters: 0, did not pass the filter by color: 0, added: 0, new vincodes: 0
18-09-2011 11:13:05 --- INFO: Toyota Highlander - found: 71, pass primary filters: 0, did not pass the filter by color: 0, added: 0, new vincodes: 0
18-09-2011 11:13:12 --- INFO: Acura MDX - found: 48, pass primary filters: 0, did not pass the filter by color: 0, added: 0, new vincodes: 0
18-09-2011 11:13:12 --- INFO: finish: 18-09-2011 11:13:12
18-09-2011 11:13:12 --- INFO: elapsed time: ~191.79 sec., memory usage: ~1.73 Mb.
18-09-2011 11:10:01 --- INFO: start: 18-09-2011 11:10:01
18-09-2011 11:10:01 --- INFO: ----------Source_Ebay (cli)
18-09-2011 11:10:17 --- INFO: Lexus RX 300 - found: 22, pass primary filters: 1, did not pass the filter by color: 1, added: 0, new vincodes: 0
18-09-2011 11:11:54 --- INFO: Lexus RX 330 - found: 71, pass primary filters: 18, did not pass the filter by color: 7, added: 11, new vincodes: 0
18-09-2011 11:14:36 --- INFO: Lexus RX 400H - found: 54, pass primary filters: 2, did not pass the filter by color: 0, added: 2, new vincodes: 0
18-09-2011 11:15:06 --- INFO: Lexus GX 470 - found: 36, pass primary filters: 8, did not pass the filter by color: 6, added: 2, new vincodes: 0
18-09-2011 11:15:28 --- INFO: Lexus GX 470 - found: 23, pass primary filters: 11, did not pass the filter by color: 10, added: 1, new vincodes: 0
18-09-2011 11:15:34 --- INFO: Lexus LX 470 - found: 6, pass primary filters: 4, did not pass the filter by color: 4, added: 0, new vincodes: 0
18-09-2011 11:15:40 --- INFO: Lexus LX 470 - found: 7, pass primary filters: 4, did not pass the filter by color: 4, added: 0, new vincodes: 0
18-09-2011 11:15:48 --- INFO: Toyota Land Cruiser - found: 8, pass primary filters: 5, did not pass the filter by color: 4, added: 1, new vincodes: 0
18-09-2011 11:16:02 --- INFO: Honda CR-V - found: 16, pass primary filters: 1, did not pass the filter by color: 0, added: 1, new vincodes: 0
18-09-2011 11:17:39 --- INFO: Honda CR-V - found: 68, pass primary filters: 2, did not pass the filter by color: 0, added: 2, new vincodes: 0
18-09-2011 11:17:43 --- INFO: Mitsubishi Montero 4WD Limited - found: 5, pass primary filters: 0, did not pass the filter by color: 0, added: 0, new vincodes: 0
18-09-2011 11:18:57 --- INFO: Toyota 4RUNNER 4WD Limited - found: 56, pass primary filters: 31, did not pass the filter by color: 15, added: 16, new vincodes: 0
18-09-2011 11:19:08 --- INFO: Toyota RAV 4 - found: 13, pass primary filters: 5, did not pass the filter by color: 2, added: 3, new vincodes: 0
18-09-2011 11:19:24 --- INFO: Toyota Highlander 4WD - found: 22, pass primary filters: 0, did not pass the filter by color: 0, added: 0, new vincodes: 0
18-09-2011 11:22:20 --- INFO: Subaru Forester - found: 62, pass primary filters: 8, did not pass the filter by color: 0, added: 8, new vincodes: 0
18-09-2011 11:23:35 --- INFO: Nissan Rogue - found: 53, pass primary filters: 0, did not pass the filter by color: 0, added: 0, new vincodes: 0
18-09-2011 11:23:50 --- INFO: Toyota Highlander - found: 22, pass primary filters: 5, did not pass the filter by color: 4, added: 1, new vincodes: 0
18-09-2011 11:24:01 --- INFO: Acura MDX - found: 16, pass primary filters: 0, did not pass the filter by color: 0, added: 0, new vincodes: 0
18-09-2011 11:24:01 --- INFO: finish: 18-09-2011 11:24:01
18-09-2011 11:24:01 --- INFO: elapsed time: ~840.65 sec., memory usage: ~2.77 Mb.
18-09-2011 12:20:01 --- INFO: start: 18-09-2011 12:20:01
18-09-2011 12:20:01 --- INFO: ----------Source_Adesa (cli)
18-09-2011 12:20:02 --- INFO: Authorized request
18-09-2011 12:20:03 --- INFO: Lexus RX 300 - found: 5, pass primary filters: 0, did not pass the filter by color: 0, added: 0, new vincodes: 0
18-09-2011 12:20:03 --- INFO: Lexus RX 330 - found: 4, pass primary filters: 1, did not pass the filter by color: 1, added: 0, new vincodes: 0
18-09-2011 12:20:03 --- INFO: Lexus RX 400H - found: 0, pass primary filters: 0, did not pass the filter by color: 0, added: 0, new vincodes: 0
18-09-2011 12:20:03 --- INFO: Lexus GX 470 - found: 1, pass primary filters: 0, did not pass the filter by color: 0, added: 0, new vincodes: 0
18-09-2011 12:20:04 --- INFO: Lexus GX 470 - found: 1, pass primary filters: 1, did not pass the filter by color: 1, added: 0, new vincodes: 0
18-09-2011 12:20:04 --- INFO: Lexus LX 470 - found: 0, pass primary filters: 0, did not pass the filter by color: 0, added: 0, new vincodes: 0
18-09-2011 12:20:04 --- INFO: Lexus LX 470 - found: 0, pass primary filters: 0, did not pass the filter by color: 0, added: 0, new vincodes: 0
18-09-2011 12:20:04 --- INFO: Toyota Land Cruiser - found: 1, pass primary filters: 0, did not pass the filter by color: 0, added: 0, new vincodes: 0
18-09-2011 12:20:04 --- INFO: Honda CR-V - found: 5, pass primary filters: 0, did not pass the filter by color: 0, added: 0, new vincodes: 0
18-09-2011 12:20:06 --- INFO: Honda CR-V - found: 2, pass primary filters: 1, did not pass the filter by color: 0, added: 1, new vincodes: 0
18-09-2011 12:20:08 --- INFO: Mitsubishi Montero 4WD Limited - found: 13, pass primary filters: 3, did not pass the filter by color: 3, added: 0, new vincodes: 0
18-09-2011 12:20:11 --- INFO: Toyota 4RUNNER 4WD Limited - found: 17, pass primary filters: 4, did not pass the filter by color: 3, added: 1, new vincodes: 0
18-09-2011 12:20:12 --- INFO: Toyota RAV 4 - found: 5, pass primary filters: 1, did not pass the filter by color: 1, added: 0, new vincodes: 0
18-09-2011 12:20:12 --- INFO: Toyota Highlander 4WD - found: 16, pass primary filters: 0, did not pass the filter by color: 0, added: 0, new vincodes: 0
18-09-2011 12:20:16 --- INFO: Subaru Forester - found: 6, pass primary filters: 4, did not pass the filter by color: 0, added: 4, new vincodes: 0
18-09-2011 12:20:17 --- INFO: Nissan Rogue - found: 19, pass primary filters: 1, did not pass the filter by color: 0, added: 1, new vincodes: 0
18-09-2011 12:20:25 --- INFO: Toyota Highlander - found: 16, pass primary filters: 6, did not pass the filter by color: 6, added: 0, new vincodes: 0
18-09-2011 12:20:26 --- INFO: Acura MDX - found: 5, pass primary filters: 0, did not pass the filter by color: 0, added: 0, new vincodes: 0
18-09-2011 12:20:26 --- INFO: finish: 18-09-2011 12:20:26
18-09-2011 12:20:26 --- INFO: elapsed time: ~24.65 sec., memory usage: ~2.12 Mb.
18-09-2011 12:20:01 --- INFO: start: 18-09-2011 12:20:01
18-09-2011 12:20:01 --- INFO: ----------Source_Gsmotors (cli)
18-09-2011 12:20:06 --- INFO: Lexus RX 300 - found: 43, pass primary filters: 0, did not pass the filter by color: 0, added: 0, new vincodes: 0
18-09-2011 12:20:18 --- INFO: Lexus RX 330 - found: 173, pass primary filters: 0, did not pass the filter by color: 0, added: 0, new vincodes: 0
18-09-2011 12:20:23 --- INFO: Lexus RX 400H - found: 31, pass primary filters: 0, did not pass the filter by color: 0, added: 0, new vincodes: 0
18-09-2011 12:20:30 --- INFO: Lexus GX 470 - found: 61, pass primary filters: 0, did not pass the filter by color: 0, added: 0, new vincodes: 0
18-09-2011 12:20:35 --- INFO: Lexus GX 470 - found: 73, pass primary filters: 0, did not pass the filter by color: 0, added: 0, new vincodes: 0
18-09-2011 12:20:37 --- INFO: Lexus LX 470 - found: 15, pass primary filters: 0, did not pass the filter by color: 0, added: 0, new vincodes: 0
18-09-2011 12:20:39 --- INFO: Lexus LX 470 - found: 12, pass primary filters: 0, did not pass the filter by color: 0, added: 0, new vincodes: 0
18-09-2011 12:20:41 --- INFO: Toyota Land Cruiser - found: 10, pass primary filters: 0, did not pass the filter by color: 0, added: 0, new vincodes: 0
18-09-2011 12:20:45 --- INFO: Honda CR-V - found: 42, pass primary filters: 0, did not pass the filter by color: 0, added: 0, new vincodes: 0
18-09-2011 12:20:57 --- INFO: Honda CR-V - found: 133, pass primary filters: 0, did not pass the filter by color: 0, added: 0, new vincodes: 0
18-09-2011 12:21:02 --- INFO: Mitsubishi Montero 4WD Limited - found: 67, pass primary filters: 0, did not pass the filter by color: 0, added: 0, new vincodes: 0
18-09-2011 12:21:13 --- INFO: Toyota 4RUNNER 4WD Limited - found: 152, pass primary filters: 0, did not pass the filter by color: 0, added: 0, new vincodes: 0
18-09-2011 12:21:19 --- INFO: Toyota RAV 4 - found: 62, pass primary filters: 0, did not pass the filter by color: 0, added: 0, new vincodes: 0
18-09-2011 12:21:25 --- INFO: Toyota Highlander 4WD - found: 71, pass primary filters: 0, did not pass the filter by color: 0, added: 0, new vincodes: 0
18-09-2011 12:21:38 --- INFO: Subaru Forester - found: 169, pass primary filters: 0, did not pass the filter by color: 0, added: 0, new vincodes: 0
18-09-2011 12:21:59 --- INFO: Nissan Rogue - found: 211, pass primary filters: 0, did not pass the filter by color: 0, added: 0, new vincodes: 0
18-09-2011 12:22:07 --- INFO: Toyota Highlander - found: 71, pass primary filters: 0, did not pass the filter by color: 0, added: 0, new vincodes: 0
18-09-2011 12:22:14 --- INFO: Acura MDX - found: 48, pass primary filters: 0, did not pass the filter by color: 0, added: 0, new vincodes: 0
18-09-2011 12:22:14 --- INFO: finish: 18-09-2011 12:22:14
18-09-2011 12:22:14 --- INFO: elapsed time: ~133.5 sec., memory usage: ~1.73 Mb.
18-09-2011 13:20:01 --- INFO: start: 18-09-2011 13:20:01
18-09-2011 13:20:01 --- INFO: ----------Source_Adesa (cli)
18-09-2011 13:20:01 --- INFO: Authorized request
18-09-2011 13:20:02 --- INFO: Lexus RX 300 - found: 5, pass primary filters: 0, did not pass the filter by color: 0, added: 0, new vincodes: 0
18-09-2011 13:20:02 --- INFO: Lexus RX 330 - found: 4, pass primary filters: 1, did not pass the filter by color: 1, added: 0, new vincodes: 0
18-09-2011 13:20:02 --- INFO: Lexus RX 400H - found: 0, pass primary filters: 0, did not pass the filter by color: 0, added: 0, new vincodes: 0
18-09-2011 13:20:02 --- INFO: Lexus GX 470 - found: 1, pass primary filters: 0, did not pass the filter by color: 0, added: 0, new vincodes: 0
18-09-2011 13:20:03 --- INFO: Lexus GX 470 - found: 1, pass primary filters: 1, did not pass the filter by color: 1, added: 0, new vincodes: 0
18-09-2011 13:20:03 --- INFO: Lexus LX 470 - found: 0, pass primary filters: 0, did not pass the filter by color: 0, added: 0, new vincodes: 0
18-09-2011 13:20:03 --- INFO: Lexus LX 470 - found: 0, pass primary filters: 0, did not pass the filter by color: 0, added: 0, new vincodes: 0
18-09-2011 13:20:03 --- INFO: Toyota Land Cruiser - found: 1, pass primary filters: 0, did not pass the filter by color: 0, added: 0, new vincodes: 0
18-09-2011 13:20:03 --- INFO: Honda CR-V - found: 5, pass primary filters: 0, did not pass the filter by color: 0, added: 0, new vincodes: 0
18-09-2011 13:20:04 --- INFO: Honda CR-V - found: 2, pass primary filters: 1, did not pass the filter by color: 0, added: 1, new vincodes: 0
18-09-2011 13:20:08 --- INFO: Mitsubishi Montero 4WD Limited - found: 13, pass primary filters: 3, did not pass the filter by color: 3, added: 0, new vincodes: 0
18-09-2011 13:20:10 --- INFO: Toyota 4RUNNER 4WD Limited - found: 17, pass primary filters: 4, did not pass the filter by color: 3, added: 1, new vincodes: 0
18-09-2011 13:20:12 --- INFO: Toyota RAV 4 - found: 5, pass primary filters: 1, did not pass the filter by color: 1, added: 0, new vincodes: 0
18-09-2011 13:20:12 --- INFO: Toyota Highlander 4WD - found: 16, pass primary filters: 0, did not pass the filter by color: 0, added: 0, new vincodes: 0
18-09-2011 13:20:16 --- INFO: Subaru Forester - found: 6, pass primary filters: 4, did not pass the filter by color: 0, added: 4, new vincodes: 0
18-09-2011 13:20:16 --- INFO: Nissan Rogue - found: 19, pass primary filters: 1, did not pass the filter by color: 0, added: 1, new vincodes: 0
18-09-2011 13:20:21 --- INFO: Toyota Highlander - found: 16, pass primary filters: 6, did not pass the filter by color: 6, added: 0, new vincodes: 0
18-09-2011 13:20:21 --- INFO: Acura MDX - found: 5, pass primary filters: 0, did not pass the filter by color: 0, added: 0, new vincodes: 0
18-09-2011 13:20:21 --- INFO: finish: 18-09-2011 13:20:21
18-09-2011 13:20:21 --- INFO: elapsed time: ~20.38 sec., memory usage: ~2.12 Mb.
18-09-2011 13:20:01 --- INFO: start: 18-09-2011 13:20:01
18-09-2011 13:20:01 --- INFO: ----------Source_Gsmotors (cli)
18-09-2011 13:20:06 --- INFO: Lexus RX 300 - found: 43, pass primary filters: 0, did not pass the filter by color: 0, added: 0, new vincodes: 0
18-09-2011 13:20:18 --- INFO: Lexus RX 330 - found: 173, pass primary filters: 0, did not pass the filter by color: 0, added: 0, new vincodes: 0
18-09-2011 13:20:21 --- INFO: Lexus RX 400H - found: 31, pass primary filters: 0, did not pass the filter by color: 0, added: 0, new vincodes: 0
18-09-2011 13:20:26 --- INFO: Lexus GX 470 - found: 61, pass primary filters: 0, did not pass the filter by color: 0, added: 0, new vincodes: 0
18-09-2011 13:20:31 --- INFO: Lexus GX 470 - found: 73, pass primary filters: 0, did not pass the filter by color: 0, added: 0, new vincodes: 0
18-09-2011 13:20:33 --- INFO: Lexus LX 470 - found: 15, pass primary filters: 0, did not pass the filter by color: 0, added: 0, new vincodes: 0
18-09-2011 13:20:35 --- INFO: Lexus LX 470 - found: 12, pass primary filters: 0, did not pass the filter by color: 0, added: 0, new vincodes: 0
18-09-2011 13:20:37 --- INFO: Toyota Land Cruiser - found: 10, pass primary filters: 0, did not pass the filter by color: 0, added: 0, new vincodes: 0
18-09-2011 13:20:42 --- INFO: Honda CR-V - found: 42, pass primary filters: 0, did not pass the filter by color: 0, added: 0, new vincodes: 0
18-09-2011 13:20:53 --- INFO: Honda CR-V - found: 133, pass primary filters: 0, did not pass the filter by color: 0, added: 0, new vincodes: 0
18-09-2011 13:20:58 --- INFO: Mitsubishi Montero 4WD Limited - found: 67, pass primary filters: 0, did not pass the filter by color: 0, added: 0, new vincodes: 0
18-09-2011 13:21:10 --- INFO: Toyota 4RUNNER 4WD Limited - found: 152, pass primary filters: 0, did not pass the filter by color: 0, added: 0, new vincodes: 0
18-09-2011 13:21:18 --- INFO: Toyota RAV 4 - found: 62, pass primary filters: 0, did not pass the filter by color: 0, added: 0, new vincodes: 0
18-09-2011 13:21:26 --- INFO: Toyota Highlander 4WD - found: 71, pass primary filters: 0, did not pass the filter by color: 0, added: 0, new vincodes: 0
18-09-2011 13:21:43 --- INFO: Subaru Forester - found: 169, pass primary filters: 0, did not pass the filter by color: 0, added: 0, new vincodes: 0
18-09-2011 13:22:00 --- INFO: Nissan Rogue - found: 211, pass primary filters: 0, did not pass the filter by color: 0, added: 0, new vincodes: 0
18-09-2011 13:22:12 --- INFO: Toyota Highlander - found: 71, pass primary filters: 0, did not pass the filter by color: 0, added: 0, new vincodes: 0
18-09-2011 13:22:18 --- INFO: Acura MDX - found: 48, pass primary filters: 0, did not pass the filter by color: 0, added: 0, new vincodes: 0
18-09-2011 13:22:18 --- INFO: finish: 18-09-2011 13:22:18
18-09-2011 13:22:18 --- INFO: elapsed time: ~137.23 sec., memory usage: ~1.73 Mb.
18-09-2011 15:05:01 --- INFO: start: 18-09-2011 15:05:01
18-09-2011 15:05:01 --- INFO: ----------Source_Openlane (cli)
18-09-2011 15:05:04 --- ERROR: Unauthorized request
18-09-2011 15:05:04 --- INFO: finish: 18-09-2011 15:05:04
18-09-2011 15:05:04 --- INFO: elapsed time: ~3.09 sec., memory usage: ~1.31 Mb.
18-09-2011 15:10:01 --- INFO: start: 18-09-2011 15:10:01
18-09-2011 15:10:01 --- INFO: ----------Source_Ebay (cli)
18-09-2011 15:10:19 --- INFO: Lexus RX 300 - found: 22, pass primary filters: 1, did not pass the filter by color: 1, added: 0, new vincodes: 0
18-09-2011 15:11:55 --- INFO: Lexus RX 330 - found: 70, pass primary filters: 18, did not pass the filter by color: 8, added: 10, new vincodes: 0
18-09-2011 15:13:08 --- INFO: Lexus RX 400H - found: 54, pass primary filters: 2, did not pass the filter by color: 1, added: 1, new vincodes: 0
18-09-2011 15:13:33 --- INFO: Lexus GX 470 - found: 34, pass primary filters: 7, did not pass the filter by color: 6, added: 1, new vincodes: 0
18-09-2011 15:13:51 --- INFO: Lexus GX 470 - found: 23, pass primary filters: 11, did not pass the filter by color: 10, added: 1, new vincodes: 0
18-09-2011 15:13:57 --- INFO: Lexus LX 470 - found: 6, pass primary filters: 4, did not pass the filter by color: 4, added: 0, new vincodes: 0
18-09-2011 15:14:03 --- INFO: Lexus LX 470 - found: 7, pass primary filters: 4, did not pass the filter by color: 4, added: 0, new vincodes: 0
18-09-2011 15:14:11 --- INFO: Toyota Land Cruiser - found: 8, pass primary filters: 5, did not pass the filter by color: 4, added: 1, new vincodes: 0
18-09-2011 15:14:25 --- INFO: Honda CR-V - found: 16, pass primary filters: 1, did not pass the filter by color: 0, added: 1, new vincodes: 0
18-09-2011 15:15:57 --- INFO: Honda CR-V - found: 67, pass primary filters: 2, did not pass the filter by color: 0, added: 2, new vincodes: 0
18-09-2011 15:16:02 --- INFO: Mitsubishi Montero 4WD Limited - found: 5, pass primary filters: 0, did not pass the filter by color: 0, added: 0, new vincodes: 0
18-09-2011 15:17:27 --- INFO: Toyota 4RUNNER 4WD Limited - found: 57, pass primary filters: 32, did not pass the filter by color: 16, added: 16, new vincodes: 0
18-09-2011 15:17:41 --- INFO: Toyota RAV 4 - found: 14, pass primary filters: 5, did not pass the filter by color: 2, added: 3, new vincodes: 0
18-09-2011 15:18:01 --- INFO: Toyota Highlander 4WD - found: 23, pass primary filters: 0, did not pass the filter by color: 0, added: 0, new vincodes: 0
18-09-2011 15:19:30 --- INFO: Subaru Forester - found: 62, pass primary filters: 8, did not pass the filter by color: 0, added: 8, new vincodes: 0
18-09-2011 15:20:44 --- INFO: Nissan Rogue - found: 52, pass primary filters: 0, did not pass the filter by color: 0, added: 0, new vincodes: 0
18-09-2011 15:20:59 --- INFO: Toyota Highlander - found: 23, pass primary filters: 5, did not pass the filter by color: 4, added: 1, new vincodes: 0
18-09-2011 15:21:11 --- INFO: Acura MDX - found: 16, pass primary filters: 0, did not pass the filter by color: 0, added: 0, new vincodes: 0
18-09-2011 15:21:11 --- INFO: finish: 18-09-2011 15:21:11
18-09-2011 15:21:11 --- INFO: elapsed time: ~669.36 sec., memory usage: ~2.77 Mb.
18-09-2011 16:10:01 --- INFO: start: 18-09-2011 16:10:01
18-09-2011 16:10:01 --- INFO: ----------Source_Adesa (cli)
18-09-2011 16:10:02 --- INFO: Authorized request
18-09-2011 16:10:03 --- INFO: Lexus RX 300 - found: 5, pass primary filters: 0, did not pass the filter by color: 0, added: 0, new vincodes: 0
18-09-2011 16:10:03 --- INFO: Lexus RX 330 - found: 4, pass primary filters: 1, did not pass the filter by color: 1, added: 0, new vincodes: 0
18-09-2011 16:10:03 --- INFO: Lexus RX 400H - found: 0, pass primary filters: 0, did not pass the filter by color: 0, added: 0, new vincodes: 0
18-09-2011 16:10:03 --- INFO: Lexus GX 470 - found: 1, pass primary filters: 0, did not pass the filter by color: 0, added: 0, new vincodes: 0
18-09-2011 16:10:04 --- INFO: Lexus GX 470 - found: 1, pass primary filters: 1, did not pass the filter by color: 1, added: 0, new vincodes: 0
18-09-2011 16:10:04 --- INFO: Lexus LX 470 - found: 0, pass primary filters: 0, did not pass the filter by color: 0, added: 0, new vincodes: 0
18-09-2011 16:10:04 --- INFO: Lexus LX 470 - found: 0, pass primary filters: 0, did not pass the filter by color: 0, added: 0, new vincodes: 0
18-09-2011 16:10:04 --- INFO: Toyota Land Cruiser - found: 1, pass primary filters: 0, did not pass the filter by color: 0, added: 0, new vincodes: 0
18-09-2011 16:10:05 --- INFO: Honda CR-V - found: 5, pass primary filters: 0, did not pass the filter by color: 0, added: 0, new vincodes: 0
18-09-2011 16:10:06 --- INFO: Honda CR-V - found: 2, pass primary filters: 1, did not pass the filter by color: 0, added: 1, new vincodes: 0
18-09-2011 16:10:11 --- INFO: Mitsubishi Montero 4WD Limited - found: 13, pass primary filters: 3, did not pass the filter by color: 3, added: 0, new vincodes: 0
18-09-2011 16:10:15 --- INFO: Toyota 4RUNNER 4WD Limited - found: 17, pass primary filters: 4, did not pass the filter by color: 3, added: 1, new vincodes: 0
18-09-2011 16:10:17 --- INFO: Toyota RAV 4 - found: 5, pass primary filters: 1, did not pass the filter by color: 1, added: 0, new vincodes: 0
18-09-2011 16:10:17 --- INFO: Toyota Highlander 4WD - found: 16, pass primary filters: 0, did not pass the filter by color: 0, added: 0, new vincodes: 0
18-09-2011 16:10:27 --- INFO: Subaru Forester - found: 6, pass primary filters: 4, did not pass the filter by color: 0, added: 4, new vincodes: 0
18-09-2011 16:10:28 --- INFO: Nissan Rogue - found: 19, pass primary filters: 1, did not pass the filter by color: 0, added: 1, new vincodes: 0
18-09-2011 16:10:39 --- INFO: Toyota Highlander - found: 16, pass primary filters: 6, did not pass the filter by color: 6, added: 0, new vincodes: 0
18-09-2011 16:10:39 --- INFO: Acura MDX - found: 6, pass primary filters: 0, did not pass the filter by color: 0, added: 0, new vincodes: 0
18-09-2011 16:10:39 --- INFO: finish: 18-09-2011 16:10:39
18-09-2011 16:10:39 --- INFO: elapsed time: ~37.56 sec., memory usage: ~2.12 Mb.
18-09-2011 16:10:01 --- INFO: start: 18-09-2011 16:10:01
18-09-2011 16:10:01 --- INFO: ----------Source_Gsmotors (cli)
18-09-2011 16:10:11 --- INFO: Lexus RX 300 - found: 43, pass primary filters: 0, did not pass the filter by color: 0, added: 0, new vincodes: 0
18-09-2011 16:10:34 --- INFO: Lexus RX 330 - found: 176, pass primary filters: 0, did not pass the filter by color: 0, added: 0, new vincodes: 0
18-09-2011 16:10:41 --- INFO: Lexus RX 400H - found: 31, pass primary filters: 0, did not pass the filter by color: 0, added: 0, new vincodes: 0
18-09-2011 16:10:50 --- INFO: Lexus GX 470 - found: 62, pass primary filters: 0, did not pass the filter by color: 0, added: 0, new vincodes: 0
18-09-2011 16:11:03 --- INFO: Lexus GX 470 - found: 75, pass primary filters: 0, did not pass the filter by color: 0, added: 0, new vincodes: 0
18-09-2011 16:11:09 --- INFO: Lexus LX 470 - found: 15, pass primary filters: 0, did not pass the filter by color: 0, added: 0, new vincodes: 0
18-09-2011 16:11:14 --- INFO: Lexus LX 470 - found: 14, pass primary filters: 0, did not pass the filter by color: 0, added: 0, new vincodes: 0
18-09-2011 16:11:18 --- INFO: Toyota Land Cruiser - found: 10, pass primary filters: 0, did not pass the filter by color: 0, added: 0, new vincodes: 0
18-09-2011 16:11:29 --- INFO: Honda CR-V - found: 43, pass primary filters: 0, did not pass the filter by color: 0, added: 0, new vincodes: 0
18-09-2011 16:11:55 --- INFO: Honda CR-V - found: 138, pass primary filters: 0, did not pass the filter by color: 0, added: 0, new vincodes: 0
18-09-2011 16:12:07 --- INFO: Mitsubishi Montero 4WD Limited - found: 68, pass primary filters: 0, did not pass the filter by color: 0, added: 0, new vincodes: 0
18-09-2011 16:12:27 --- INFO: Toyota 4RUNNER 4WD Limited - found: 153, pass primary filters: 0, did not pass the filter by color: 0, added: 0, new vincodes: 0
18-09-2011 16:12:39 --- INFO: Toyota RAV 4 - found: 63, pass primary filters: 0, did not pass the filter by color: 0, added: 0, new vincodes: 0
18-09-2011 16:12:53 --- INFO: Toyota Highlander 4WD - found: 71, pass primary filters: 0, did not pass the filter by color: 0, added: 0, new vincodes: 0
18-09-2011 16:13:24 --- INFO: Subaru Forester - found: 169, pass primary filters: 0, did not pass the filter by color: 0, added: 0, new vincodes: 0
18-09-2011 16:13:48 --- INFO: Nissan Rogue - found: 211, pass primary filters: 0, did not pass the filter by color: 0, added: 0, new vincodes: 0
18-09-2011 16:13:56 --- INFO: Toyota Highlander - found: 71, pass primary filters: 0, did not pass the filter by color: 0, added: 0, new vincodes: 0
18-09-2011 16:14:02 --- INFO: Acura MDX - found: 48, pass primary filters: 0, did not pass the filter by color: 0, added: 0, new vincodes: 0
18-09-2011 16:14:02 --- INFO: finish: 18-09-2011 16:14:02
18-09-2011 16:14:02 --- INFO: elapsed time: ~240.87 sec., memory usage: ~1.73 Mb.
18-09-2011 18:10:01 --- INFO: start: 18-09-2011 18:10:01
18-09-2011 18:10:01 --- INFO: ----------Source_Adesa (cli)
18-09-2011 18:10:02 --- INFO: Authorized request
18-09-2011 18:10:02 --- INFO: Lexus RX 300 - found: 6, pass primary filters: 0, did not pass the filter by color: 0, added: 0, new vincodes: 0
18-09-2011 18:10:03 --- INFO: Lexus RX 330 - found: 4, pass primary filters: 1, did not pass the filter by color: 1, added: 0, new vincodes: 0
18-09-2011 18:10:03 --- INFO: Lexus RX 400H - found: 0, pass primary filters: 0, did not pass the filter by color: 0, added: 0, new vincodes: 0
18-09-2011 18:10:03 --- INFO: Lexus GX 470 - found: 1, pass primary filters: 0, did not pass the filter by color: 0, added: 0, new vincodes: 0
18-09-2011 18:10:03 --- INFO: Lexus GX 470 - found: 1, pass primary filters: 1, did not pass the filter by color: 1, added: 0, new vincodes: 0
18-09-2011 18:10:03 --- INFO: Lexus LX 470 - found: 0, pass primary filters: 0, did not pass the filter by color: 0, added: 0, new vincodes: 0
18-09-2011 18:10:04 --- INFO: Lexus LX 470 - found: 0, pass primary filters: 0, did not pass the filter by color: 0, added: 0, new vincodes: 0
18-09-2011 18:10:04 --- INFO: Toyota Land Cruiser - found: 1, pass primary filters: 0, did not pass the filter by color: 0, added: 0, new vincodes: 0
18-09-2011 18:10:04 --- INFO: Honda CR-V - found: 5, pass primary filters: 0, did not pass the filter by color: 0, added: 0, new vincodes: 0
18-09-2011 18:10:06 --- INFO: Honda CR-V - found: 2, pass primary filters: 1, did not pass the filter by color: 0, added: 1, new vincodes: 0
18-09-2011 18:10:08 --- INFO: Mitsubishi Montero 4WD Limited - found: 13, pass primary filters: 3, did not pass the filter by color: 3, added: 0, new vincodes: 0
18-09-2011 18:10:11 --- INFO: Toyota 4RUNNER 4WD Limited - found: 17, pass primary filters: 4, did not pass the filter by color: 3, added: 1, new vincodes: 0
18-09-2011 18:10:12 --- INFO: Toyota RAV 4 - found: 5, pass primary filters: 1, did not pass the filter by color: 1, added: 0, new vincodes: 0
18-09-2011 18:10:13 --- INFO: Toyota Highlander 4WD - found: 16, pass primary filters: 0, did not pass the filter by color: 0, added: 0, new vincodes: 0
18-09-2011 18:10:16 --- INFO: Subaru Forester - found: 6, pass primary filters: 4, did not pass the filter by color: 0, added: 4, new vincodes: 0
18-09-2011 18:10:17 --- INFO: Nissan Rogue - found: 19, pass primary filters: 1, did not pass the filter by color: 0, added: 1, new vincodes: 0
18-09-2011 18:10:23 --- INFO: Toyota Highlander - found: 16, pass primary filters: 6, did not pass the filter by color: 6, added: 0, new vincodes: 0
18-09-2011 18:10:23 --- INFO: Acura MDX - found: 6, pass primary filters: 0, did not pass the filter by color: 0, added: 0, new vincodes: 0
18-09-2011 18:10:23 --- INFO: finish: 18-09-2011 18:10:23
18-09-2011 18:10:23 --- INFO: elapsed time: ~22.3 sec., memory usage: ~2.12 Mb.
18-09-2011 18:10:01 --- INFO: start: 18-09-2011 18:10:01
18-09-2011 18:10:01 --- INFO: ----------Source_Gsmotors (cli)
18-09-2011 18:10:06 --- INFO: Lexus RX 300 - found: 43, pass primary filters: 0, did not pass the filter by color: 0, added: 0, new vincodes: 0
18-09-2011 18:10:19 --- INFO: Lexus RX 330 - found: 176, pass primary filters: 0, did not pass the filter by color: 0, added: 0, new vincodes: 0
18-09-2011 18:10:23 --- INFO: Lexus RX 400H - found: 31, pass primary filters: 0, did not pass the filter by color: 0, added: 0, new vincodes: 0
18-09-2011 18:10:29 --- INFO: Lexus GX 470 - found: 62, pass primary filters: 0, did not pass the filter by color: 0, added: 0, new vincodes: 0
18-09-2011 18:10:35 --- INFO: Lexus GX 470 - found: 75, pass primary filters: 0, did not pass the filter by color: 0, added: 0, new vincodes: 0
18-09-2011 18:10:37 --- INFO: Lexus LX 470 - found: 15, pass primary filters: 0, did not pass the filter by color: 0, added: 0, new vincodes: 0
18-09-2011 18:10:39 --- INFO: Lexus LX 470 - found: 14, pass primary filters: 0, did not pass the filter by color: 0, added: 0, new vincodes: 0
18-09-2011 18:10:41 --- INFO: Toyota Land Cruiser - found: 10, pass primary filters: 0, did not pass the filter by color: 0, added: 0, new vincodes: 0
18-09-2011 18:10:47 --- INFO: Honda CR-V - found: 43, pass primary filters: 0, did not pass the filter by color: 0, added: 0, new vincodes: 0
18-09-2011 18:11:01 --- INFO: Honda CR-V - found: 138, pass primary filters: 0, did not pass the filter by color: 0, added: 0, new vincodes: 0
18-09-2011 18:11:07 --- INFO: Mitsubishi Montero 4WD Limited - found: 68, pass primary filters: 0, did not pass the filter by color: 0, added: 0, new vincodes: 0
18-09-2011 18:11:22 --- INFO: Toyota 4RUNNER 4WD Limited - found: 153, pass primary filters: 0, did not pass the filter by color: 0, added: 0, new vincodes: 0
18-09-2011 18:11:29 --- INFO: Toyota RAV 4 - found: 63, pass primary filters: 0, did not pass the filter by color: 0, added: 0, new vincodes: 0
18-09-2011 18:11:38 --- INFO: Toyota Highlander 4WD - found: 71, pass primary filters: 0, did not pass the filter by color: 0, added: 0, new vincodes: 0
18-09-2011 18:11:55 --- INFO: Subaru Forester - found: 169, pass primary filters: 0, did not pass the filter by color: 0, added: 0, new vincodes: 0
18-09-2011 18:12:20 --- INFO: Nissan Rogue - found: 211, pass primary filters: 0, did not pass the filter by color: 0, added: 0, new vincodes: 0
18-09-2011 18:12:28 --- INFO: Toyota Highlander - found: 71, pass primary filters: 0, did not pass the filter by color: 0, added: 0, new vincodes: 0
18-09-2011 18:12:36 --- INFO: Acura MDX - found: 50, pass primary filters: 0, did not pass the filter by color: 0, added: 0, new vincodes: 0
18-09-2011 18:12:36 --- INFO: finish: 18-09-2011 18:12:36
18-09-2011 18:12:36 --- INFO: elapsed time: ~155.33 sec., memory usage: ~1.73 Mb.
18-09-2011 19:05:01 --- INFO: start: 18-09-2011 19:05:01
18-09-2011 19:05:01 --- INFO: ----------Source_Openlane (cli)
18-09-2011 19:05:04 --- ERROR: Unauthorized request
18-09-2011 19:05:04 --- INFO: finish: 18-09-2011 19:05:04
18-09-2011 19:05:04 --- INFO: elapsed time: ~3.04 sec., memory usage: ~1.31 Mb.
18-09-2011 19:10:01 --- INFO: start: 18-09-2011 19:10:01
18-09-2011 19:10:01 --- INFO: ----------Source_Ebay (cli)
18-09-2011 19:10:20 --- INFO: Lexus RX 300 - found: 23, pass primary filters: 1, did not pass the filter by color: 1, added: 0, new vincodes: 0
18-09-2011 19:12:02 --- INFO: Lexus RX 330 - found: 69, pass primary filters: 18, did not pass the filter by color: 12, added: 6, new vincodes: 0
18-09-2011 19:13:29 --- INFO: Lexus RX 400H - found: 55, pass primary filters: 2, did not pass the filter by color: 1, added: 1, new vincodes: 0
18-09-2011 19:13:56 --- INFO: Lexus GX 470 - found: 34, pass primary filters: 7, did not pass the filter by color: 5, added: 2, new vincodes: 0
18-09-2011 19:14:15 --- INFO: Lexus GX 470 - found: 22, pass primary filters: 11, did not pass the filter by color: 10, added: 1, new vincodes: 0
18-09-2011 19:14:20 --- INFO: Lexus LX 470 - found: 5, pass primary filters: 3, did not pass the filter by color: 3, added: 0, new vincodes: 0
18-09-2011 19:14:26 --- INFO: Lexus LX 470 - found: 7, pass primary filters: 4, did not pass the filter by color: 4, added: 0, new vincodes: 0
18-09-2011 19:14:33 --- INFO: Toyota Land Cruiser - found: 7, pass primary filters: 4, did not pass the filter by color: 3, added: 1, new vincodes: 0
18-09-2011 19:14:51 --- INFO: Honda CR-V - found: 17, pass primary filters: 1, did not pass the filter by color: 0, added: 1, new vincodes: 0
18-09-2011 19:16:34 --- INFO: Honda CR-V - found: 68, pass primary filters: 2, did not pass the filter by color: 0, added: 2, new vincodes: 0
18-09-2011 19:16:39 --- INFO: Mitsubishi Montero 4WD Limited - found: 5, pass primary filters: 0, did not pass the filter by color: 0, added: 0, new vincodes: 0
18-09-2011 19:18:01 --- INFO: Toyota 4RUNNER 4WD Limited - found: 57, pass primary filters: 30, did not pass the filter by color: 18, added: 12, new vincodes: 0
18-09-2011 19:18:14 --- INFO: Toyota RAV 4 - found: 15, pass primary filters: 6, did not pass the filter by color: 3, added: 3, new vincodes: 1
18-09-2011 19:18:33 --- INFO: Toyota Highlander 4WD - found: 23, pass primary filters: 0, did not pass the filter by color: 0, added: 0, new vincodes: 0
18-09-2011 19:20:05 --- INFO: Subaru Forester - found: 62, pass primary filters: 8, did not pass the filter by color: 0, added: 8, new vincodes: 0
18-09-2011 19:21:24 --- INFO: Nissan Rogue - found: 52, pass primary filters: 0, did not pass the filter by color: 0, added: 0, new vincodes: 0
18-09-2011 19:21:41 --- INFO: Toyota Highlander - found: 23, pass primary filters: 5, did not pass the filter by color: 4, added: 1, new vincodes: 0
18-09-2011 19:21:53 --- INFO: Acura MDX - found: 16, pass primary filters: 0, did not pass the filter by color: 0, added: 0, new vincodes: 0
18-09-2011 19:21:53 --- INFO: finish: 18-09-2011 19:21:53
18-09-2011 19:21:53 --- INFO: elapsed time: ~712.41 sec., memory usage: ~2.77 Mb.
18-09-2011 23:05:01 --- INFO: start: 18-09-2011 23:05:01
18-09-2011 23:05:01 --- INFO: ----------Source_Openlane (cli)
18-09-2011 23:05:04 --- ERROR: Unauthorized request
18-09-2011 23:05:04 --- INFO: finish: 18-09-2011 23:05:04
18-09-2011 23:05:04 --- INFO: elapsed time: ~3.04 sec., memory usage: ~1.31 Mb.
18-09-2011 23:10:01 --- INFO: start: 18-09-2011 23:10:01
18-09-2011 23:10:01 --- INFO: ----------Source_Ebay (cli)
18-09-2011 23:10:20 --- INFO: Lexus RX 300 - found: 23, pass primary filters: 1, did not pass the filter by color: 1, added: 0, new vincodes: 0
18-09-2011 23:12:11 --- INFO: Lexus RX 330 - found: 72, pass primary filters: 18, did not pass the filter by color: 6, added: 12, new vincodes: 0
18-09-2011 23:13:32 --- INFO: Lexus RX 400H - found: 55, pass primary filters: 2, did not pass the filter by color: 0, added: 2, new vincodes: 0
18-09-2011 23:13:58 --- INFO: Lexus GX 470 - found: 34, pass primary filters: 7, did not pass the filter by color: 5, added: 2, new vincodes: 0
18-09-2011 23:14:18 --- INFO: Lexus GX 470 - found: 24, pass primary filters: 13, did not pass the filter by color: 11, added: 2, new vincodes: 0
18-09-2011 23:14:24 --- INFO: Lexus LX 470 - found: 6, pass primary filters: 4, did not pass the filter by color: 4, added: 0, new vincodes: 0
18-09-2011 23:14:29 --- INFO: Lexus LX 470 - found: 7, pass primary filters: 4, did not pass the filter by color: 4, added: 0, new vincodes: 0
18-09-2011 23:14:35 --- INFO: Toyota Land Cruiser - found: 7, pass primary filters: 4, did not pass the filter by color: 3, added: 1, new vincodes: 0
18-09-2011 23:14:48 --- INFO: Honda CR-V - found: 16, pass primary filters: 1, did not pass the filter by color: 0, added: 1, new vincodes: 0
18-09-2011 23:16:22 --- INFO: Honda CR-V - found: 68, pass primary filters: 2, did not pass the filter by color: 0, added: 2, new vincodes: 0
18-09-2011 23:16:27 --- INFO: Mitsubishi Montero 4WD Limited - found: 5, pass primary filters: 0, did not pass the filter by color: 0, added: 0, new vincodes: 0
18-09-2011 23:17:39 --- INFO: Toyota 4RUNNER 4WD Limited - found: 56, pass primary filters: 28, did not pass the filter by color: 16, added: 12, new vincodes: 0
18-09-2011 23:17:49 --- INFO: Toyota RAV 4 - found: 15, pass primary filters: 6, did not pass the filter by color: 3, added: 3, new vincodes: 0
18-09-2011 23:18:06 --- INFO: Toyota Highlander 4WD - found: 23, pass primary filters: 0, did not pass the filter by color: 0, added: 0, new vincodes: 0
18-09-2011 23:19:28 --- INFO: Subaru Forester - found: 62, pass primary filters: 8, did not pass the filter by color: 0, added: 8, new vincodes: 0
18-09-2011 23:20:07 --- INFO: Nissan Rogue - found: 48, pass primary filters: 0, did not pass the filter by color: 0, added: 0, new vincodes: 0
18-09-2011 23:20:24 --- INFO: Toyota Highlander - found: 23, pass primary filters: 5, did not pass the filter by color: 4, added: 1, new vincodes: 0
18-09-2011 23:20:36 --- INFO: Acura MDX - found: 16, pass primary filters: 0, did not pass the filter by color: 0, added: 0, new vincodes: 0
18-09-2011 23:20:36 --- INFO: finish: 18-09-2011 23:20:36
18-09-2011 23:20:36 --- INFO: elapsed time: ~634.65 sec., memory usage: ~2.75 Mb.