
19-09-2011 03:05:01 --- INFO: start: 19-09-2011 03:05:01
19-09-2011 03:05:01 --- INFO: ----------Source_Openlane (cli)
19-09-2011 03:05:04 --- ERROR: Unauthorized request
19-09-2011 03:05:04 --- INFO: finish: 19-09-2011 03:05:04
19-09-2011 03:05:04 --- INFO: elapsed time: ~3.03 sec., memory usage: ~1.31 Mb.
19-09-2011 03:10:01 --- INFO: start: 19-09-2011 03:10:01
19-09-2011 03:10:01 --- INFO: ----------Source_Ebay (cli)
19-09-2011 03:10:19 --- INFO: Lexus RX 300 - found: 23, pass primary filters: 1, did not pass the filter by color: 1, added: 0, new vincodes: 0
19-09-2011 03:11:58 --- INFO: Lexus RX 330 - found: 73, pass primary filters: 20, did not pass the filter by color: 6, added: 14, new vincodes: 0
19-09-2011 03:13:14 --- INFO: Lexus RX 400H - found: 56, pass primary filters: 2, did not pass the filter by color: 1, added: 1, new vincodes: 0
19-09-2011 03:13:38 --- INFO: Lexus GX 470 - found: 34, pass primary filters: 7, did not pass the filter by color: 5, added: 2, new vincodes: 0
19-09-2011 03:13:56 --- INFO: Lexus GX 470 - found: 24, pass primary filters: 13, did not pass the filter by color: 11, added: 2, new vincodes: 0
19-09-2011 03:14:01 --- INFO: Lexus LX 470 - found: 6, pass primary filters: 4, did not pass the filter by color: 4, added: 0, new vincodes: 0
19-09-2011 03:14:08 --- INFO: Lexus LX 470 - found: 8, pass primary filters: 5, did not pass the filter by color: 5, added: 0, new vincodes: 1
19-09-2011 03:14:15 --- INFO: Toyota Land Cruiser - found: 7, pass primary filters: 4, did not pass the filter by color: 3, added: 1, new vincodes: 0
19-09-2011 03:14:28 --- INFO: Honda CR-V - found: 17, pass primary filters: 1, did not pass the filter by color: 0, added: 1, new vincodes: 0
19-09-2011 03:16:00 --- INFO: Honda CR-V - found: 68, pass primary filters: 2, did not pass the filter by color: 0, added: 2, new vincodes: 0
19-09-2011 03:16:05 --- INFO: Mitsubishi Montero 4WD Limited - found: 5, pass primary filters: 0, did not pass the filter by color: 0, added: 0, new vincodes: 0
19-09-2011 03:17:32 --- INFO: Toyota 4RUNNER 4WD Limited - found: 56, pass primary filters: 28, did not pass the filter by color: 16, added: 12, new vincodes: 0
19-09-2011 03:17:47 --- INFO: Toyota RAV 4 - found: 16, pass primary filters: 6, did not pass the filter by color: 3, added: 3, new vincodes: 0
19-09-2011 03:18:06 --- INFO: Toyota Highlander 4WD - found: 23, pass primary filters: 0, did not pass the filter by color: 0, added: 0, new vincodes: 0
19-09-2011 03:19:40 --- INFO: Subaru Forester - found: 62, pass primary filters: 8, did not pass the filter by color: 0, added: 8, new vincodes: 0
19-09-2011 03:20:59 --- INFO: Nissan Rogue - found: 52, pass primary filters: 0, did not pass the filter by color: 0, added: 0, new vincodes: 0
19-09-2011 03:21:18 --- INFO: Toyota Highlander - found: 23, pass primary filters: 5, did not pass the filter by color: 4, added: 1, new vincodes: 0
19-09-2011 03:21:29 --- INFO: Acura MDX - found: 16, pass primary filters: 0, did not pass the filter by color: 0, added: 0, new vincodes: 0
19-09-2011 03:21:29 --- INFO: finish: 19-09-2011 03:21:29
19-09-2011 03:21:29 --- INFO: elapsed time: ~687.44 sec., memory usage: ~2.8 Mb.
19-09-2011 05:37:12 --- INFO: start: 19-09-2011 05:37:12
19-09-2011 05:37:12 --- INFO: ----------Source_Adesa (apache2handler)
19-09-2011 05:37:13 --- INFO: Authorized request
19-09-2011 05:37:14 --- INFO: Lexus RX 300 - found: 6, pass primary filters: 0, did not pass the filter by color: 0, added: 0, new vincodes: 0
19-09-2011 05:37:14 --- INFO: Lexus RX 330 - found: 4, pass primary filters: 1, did not pass the filter by color: 1, added: 0, new vincodes: 0
19-09-2011 05:37:14 --- INFO: Lexus RX 400H - found: 0, pass primary filters: 0, did not pass the filter by color: 0, added: 0, new vincodes: 0
19-09-2011 05:37:14 --- INFO: Lexus GX 470 - found: 1, pass primary filters: 0, did not pass the filter by color: 0, added: 0, new vincodes: 0
19-09-2011 05:37:15 --- INFO: Lexus GX 470 - found: 1, pass primary filters: 1, did not pass the filter by color: 1, added: 0, new vincodes: 0
19-09-2011 05:37:15 --- INFO: Lexus LX 470 - found: 0, pass primary filters: 0, did not pass the filter by color: 0, added: 0, new vincodes: 0
19-09-2011 05:37:15 --- INFO: Lexus LX 470 - found: 0, pass primary filters: 0, did not pass the filter by color: 0, added: 0, new vincodes: 0
19-09-2011 05:37:15 --- INFO: Toyota Land Cruiser - found: 1, pass primary filters: 0, did not pass the filter by color: 0, added: 0, new vincodes: 0
19-09-2011 05:37:16 --- INFO: Honda CR-V - found: 5, pass primary filters: 0, did not pass the filter by color: 0, added: 0, new vincodes: 0
19-09-2011 05:37:16 --- INFO: Honda CR-V - found: 2, pass primary filters: 1, did not pass the filter by color: 0, added: 1, new vincodes: 0
19-09-2011 05:37:20 --- INFO: Mitsubishi Montero 4WD Limited - found: 13, pass primary filters: 3, did not pass the filter by color: 3, added: 0, new vincodes: 0
19-09-2011 05:37:22 --- INFO: Toyota 4RUNNER 4WD Limited - found: 17, pass primary filters: 4, did not pass the filter by color: 3, added: 1, new vincodes: 0
19-09-2011 05:37:23 --- INFO: Toyota RAV 4 - found: 5, pass primary filters: 1, did not pass the filter by color: 1, added: 0, new vincodes: 0
19-09-2011 05:37:23 --- INFO: Toyota Highlander 4WD - found: 16, pass primary filters: 0, did not pass the filter by color: 0, added: 0, new vincodes: 0
19-09-2011 05:37:28 --- INFO: Subaru Forester - found: 6, pass primary filters: 4, did not pass the filter by color: 0, added: 4, new vincodes: 0
19-09-2011 05:37:29 --- INFO: Nissan Rogue - found: 19, pass primary filters: 1, did not pass the filter by color: 0, added: 1, new vincodes: 0
19-09-2011 05:37:34 --- INFO: Toyota Highlander - found: 16, pass primary filters: 6, did not pass the filter by color: 6, added: 0, new vincodes: 0
19-09-2011 05:37:34 --- INFO: Acura MDX - found: 6, pass primary filters: 0, did not pass the filter by color: 0, added: 0, new vincodes: 0
19-09-2011 05:37:34 --- INFO: finish: 19-09-2011 05:37:34
19-09-2011 05:37:34 --- INFO: elapsed time: ~21.99 sec., memory usage: ~2.12 Mb.
19-09-2011 06:10:01 --- INFO: start: 19-09-2011 06:10:01
19-09-2011 06:10:01 --- INFO: ----------Source_Adesa (cli)
19-09-2011 06:10:02 --- INFO: Authorized request
19-09-2011 06:10:02 --- INFO: Lexus RX 300 - found: 6, pass primary filters: 0, did not pass the filter by color: 0, added: 0, new vincodes: 0
19-09-2011 06:10:02 --- INFO: Lexus RX 330 - found: 4, pass primary filters: 1, did not pass the filter by color: 1, added: 0, new vincodes: 0
19-09-2011 06:10:02 --- INFO: Lexus RX 400H - found: 0, pass primary filters: 0, did not pass the filter by color: 0, added: 0, new vincodes: 0
19-09-2011 06:10:03 --- INFO: Lexus GX 470 - found: 1, pass primary filters: 0, did not pass the filter by color: 0, added: 0, new vincodes: 0
19-09-2011 06:10:03 --- INFO: Lexus GX 470 - found: 1, pass primary filters: 1, did not pass the filter by color: 1, added: 0, new vincodes: 0
19-09-2011 06:10:03 --- INFO: Lexus LX 470 - found: 0, pass primary filters: 0, did not pass the filter by color: 0, added: 0, new vincodes: 0
19-09-2011 06:10:03 --- INFO: Lexus LX 470 - found: 0, pass primary filters: 0, did not pass the filter by color: 0, added: 0, new vincodes: 0
19-09-2011 06:10:03 --- INFO: Toyota Land Cruiser - found: 1, pass primary filters: 0, did not pass the filter by color: 0, added: 0, new vincodes: 0
19-09-2011 06:10:04 --- INFO: Honda CR-V - found: 5, pass primary filters: 0, did not pass the filter by color: 0, added: 0, new vincodes: 0
19-09-2011 06:10:05 --- INFO: Honda CR-V - found: 2, pass primary filters: 1, did not pass the filter by color: 0, added: 1, new vincodes: 0
19-09-2011 06:10:07 --- INFO: Mitsubishi Montero 4WD Limited - found: 13, pass primary filters: 3, did not pass the filter by color: 3, added: 0, new vincodes: 0
19-09-2011 06:10:10 --- INFO: Toyota 4RUNNER 4WD Limited - found: 17, pass primary filters: 4, did not pass the filter by color: 3, added: 1, new vincodes: 0
19-09-2011 06:10:11 --- INFO: Toyota RAV 4 - found: 5, pass primary filters: 1, did not pass the filter by color: 1, added: 0, new vincodes: 0
19-09-2011 06:10:11 --- INFO: Toyota Highlander 4WD - found: 16, pass primary filters: 0, did not pass the filter by color: 0, added: 0, new vincodes: 0
19-09-2011 06:10:14 --- INFO: Subaru Forester - found: 6, pass primary filters: 4, did not pass the filter by color: 0, added: 4, new vincodes: 0
19-09-2011 06:10:15 --- INFO: Nissan Rogue - found: 19, pass primary filters: 1, did not pass the filter by color: 0, added: 1, new vincodes: 0
19-09-2011 06:10:20 --- INFO: Toyota Highlander - found: 16, pass primary filters: 6, did not pass the filter by color: 6, added: 0, new vincodes: 0
19-09-2011 06:10:20 --- INFO: Acura MDX - found: 6, pass primary filters: 0, did not pass the filter by color: 0, added: 0, new vincodes: 0
19-09-2011 06:10:20 --- INFO: finish: 19-09-2011 06:10:20
19-09-2011 06:10:20 --- INFO: elapsed time: ~18.98 sec., memory usage: ~2.12 Mb.
19-09-2011 06:10:01 --- INFO: start: 19-09-2011 06:10:01
19-09-2011 06:10:01 --- INFO: ----------Source_Gsmotors (cli)
19-09-2011 06:10:08 --- INFO: Lexus RX 300 - found: 43, pass primary filters: 0, did not pass the filter by color: 0, added: 0, new vincodes: 0
19-09-2011 06:10:26 --- INFO: Lexus RX 330 - found: 162, pass primary filters: 0, did not pass the filter by color: 0, added: 0, new vincodes: 0
19-09-2011 06:10:30 --- INFO: Lexus RX 400H - found: 30, pass primary filters: 0, did not pass the filter by color: 0, added: 0, new vincodes: 0
19-09-2011 06:10:37 --- INFO: Lexus GX 470 - found: 58, pass primary filters: 0, did not pass the filter by color: 0, added: 0, new vincodes: 0
19-09-2011 06:10:44 --- INFO: Lexus GX 470 - found: 69, pass primary filters: 0, did not pass the filter by color: 0, added: 0, new vincodes: 0
19-09-2011 06:10:48 --- INFO: Lexus LX 470 - found: 14, pass primary filters: 0, did not pass the filter by color: 0, added: 0, new vincodes: 0
19-09-2011 06:10:51 --- INFO: Lexus LX 470 - found: 12, pass primary filters: 0, did not pass the filter by color: 0, added: 0, new vincodes: 0
19-09-2011 06:10:54 --- INFO: Toyota Land Cruiser - found: 10, pass primary filters: 0, did not pass the filter by color: 0, added: 0, new vincodes: 0
19-09-2011 06:11:00 --- INFO: Honda CR-V - found: 40, pass primary filters: 0, did not pass the filter by color: 0, added: 0, new vincodes: 0
19-09-2011 06:11:16 --- INFO: Honda CR-V - found: 126, pass primary filters: 0, did not pass the filter by color: 0, added: 0, new vincodes: 0
19-09-2011 06:11:24 --- INFO: Mitsubishi Montero 4WD Limited - found: 69, pass primary filters: 0, did not pass the filter by color: 0, added: 0, new vincodes: 0
19-09-2011 06:11:38 --- INFO: Toyota 4RUNNER 4WD Limited - found: 146, pass primary filters: 0, did not pass the filter by color: 0, added: 0, new vincodes: 0
19-09-2011 06:11:47 --- INFO: Toyota RAV 4 - found: 58, pass primary filters: 0, did not pass the filter by color: 0, added: 0, new vincodes: 0
19-09-2011 06:11:56 --- INFO: Toyota Highlander 4WD - found: 70, pass primary filters: 0, did not pass the filter by color: 0, added: 0, new vincodes: 0
19-09-2011 06:12:14 --- INFO: Subaru Forester - found: 166, pass primary filters: 0, did not pass the filter by color: 0, added: 0, new vincodes: 0
19-09-2011 06:12:36 --- INFO: Nissan Rogue - found: 207, pass primary filters: 0, did not pass the filter by color: 0, added: 0, new vincodes: 0
19-09-2011 06:12:44 --- INFO: Toyota Highlander - found: 70, pass primary filters: 0, did not pass the filter by color: 0, added: 0, new vincodes: 0
19-09-2011 06:12:52 --- INFO: Acura MDX - found: 48, pass primary filters: 0, did not pass the filter by color: 0, added: 0, new vincodes: 0
19-09-2011 06:12:52 --- INFO: finish: 19-09-2011 06:12:52
19-09-2011 06:12:52 --- INFO: elapsed time: ~170.68 sec., memory usage: ~1.73 Mb.
19-09-2011 07:05:01 --- INFO: start: 19-09-2011 07:05:01
19-09-2011 07:05:01 --- INFO: ----------Source_Openlane (cli)
19-09-2011 07:05:04 --- ERROR: Unauthorized request
19-09-2011 07:05:04 --- INFO: finish: 19-09-2011 07:05:04
19-09-2011 07:05:04 --- INFO: elapsed time: ~3.09 sec., memory usage: ~1.31 Mb.
19-09-2011 07:10:01 --- INFO: start: 19-09-2011 07:10:01
19-09-2011 07:10:01 --- INFO: ----------Source_Ebay (cli)
19-09-2011 07:10:21 --- INFO: Lexus RX 300 - found: 24, pass primary filters: 2, did not pass the filter by color: 2, added: 0, new vincodes: 1
19-09-2011 07:12:11 --- INFO: Lexus RX 330 - found: 74, pass primary filters: 20, did not pass the filter by color: 8, added: 12, new vincodes: 0
19-09-2011 07:13:34 --- INFO: Lexus RX 400H - found: 56, pass primary filters: 2, did not pass the filter by color: 1, added: 1, new vincodes: 0
19-09-2011 07:14:01 --- INFO: Lexus GX 470 - found: 34, pass primary filters: 7, did not pass the filter by color: 5, added: 2, new vincodes: 0
19-09-2011 07:14:20 --- INFO: Lexus GX 470 - found: 24, pass primary filters: 13, did not pass the filter by color: 11, added: 2, new vincodes: 0
19-09-2011 07:14:25 --- INFO: Lexus LX 470 - found: 6, pass primary filters: 4, did not pass the filter by color: 4, added: 0, new vincodes: 0
19-09-2011 07:14:31 --- INFO: Lexus LX 470 - found: 8, pass primary filters: 5, did not pass the filter by color: 5, added: 0, new vincodes: 0
19-09-2011 07:14:38 --- INFO: Toyota Land Cruiser - found: 7, pass primary filters: 4, did not pass the filter by color: 3, added: 1, new vincodes: 0
19-09-2011 07:14:52 --- INFO: Honda CR-V - found: 17, pass primary filters: 1, did not pass the filter by color: 0, added: 1, new vincodes: 0
19-09-2011 07:16:29 --- INFO: Honda CR-V - found: 68, pass primary filters: 2, did not pass the filter by color: 0, added: 2, new vincodes: 0
19-09-2011 07:16:35 --- INFO: Mitsubishi Montero 4WD Limited - found: 5, pass primary filters: 0, did not pass the filter by color: 0, added: 0, new vincodes: 0
19-09-2011 07:17:39 --- INFO: Toyota 4RUNNER 4WD Limited - found: 56, pass primary filters: 14, did not pass the filter by color: 8, added: 6, new vincodes: 0
19-09-2011 07:17:53 --- INFO: Toyota RAV 4 - found: 16, pass primary filters: 6, did not pass the filter by color: 3, added: 3, new vincodes: 0
19-09-2011 07:18:12 --- INFO: Toyota Highlander 4WD - found: 23, pass primary filters: 0, did not pass the filter by color: 0, added: 0, new vincodes: 0
19-09-2011 07:19:48 --- INFO: Subaru Forester - found: 62, pass primary filters: 8, did not pass the filter by color: 0, added: 8, new vincodes: 0
19-09-2011 07:21:10 --- INFO: Nissan Rogue - found: 52, pass primary filters: 0, did not pass the filter by color: 0, added: 0, new vincodes: 0
19-09-2011 07:21:27 --- INFO: Toyota Highlander - found: 23, pass primary filters: 5, did not pass the filter by color: 4, added: 1, new vincodes: 0
19-09-2011 07:21:38 --- INFO: Acura MDX - found: 14, pass primary filters: 0, did not pass the filter by color: 0, added: 0, new vincodes: 0
19-09-2011 07:21:38 --- INFO: finish: 19-09-2011 07:21:38
19-09-2011 07:21:38 --- INFO: elapsed time: ~697.28 sec., memory usage: ~2.71 Mb.
19-09-2011 08:10:02 --- INFO: start: 19-09-2011 08:10:02
19-09-2011 08:10:02 --- INFO: ----------Source_Adesa (cli)
19-09-2011 08:10:03 --- INFO: Authorized request
19-09-2011 08:10:05 --- INFO: Lexus RX 300 - found: 8, pass primary filters: 1, did not pass the filter by color: 1, added: 0, new vincodes: 1
19-09-2011 08:10:05 --- INFO: Lexus RX 330 - found: 4, pass primary filters: 1, did not pass the filter by color: 1, added: 0, new vincodes: 0
19-09-2011 08:10:05 --- INFO: Lexus RX 400H - found: 1, pass primary filters: 0, did not pass the filter by color: 0, added: 0, new vincodes: 0
19-09-2011 08:10:07 --- INFO: Lexus GX 470 - found: 2, pass primary filters: 1, did not pass the filter by color: 1, added: 0, new vincodes: 0
19-09-2011 08:10:14 --- INFO: Lexus GX 470 - found: 1, pass primary filters: 1, did not pass the filter by color: 1, added: 0, new vincodes: 0
19-09-2011 08:10:14 --- INFO: Lexus LX 470 - found: 0, pass primary filters: 0, did not pass the filter by color: 0, added: 0, new vincodes: 0
19-09-2011 08:10:14 --- INFO: Lexus LX 470 - found: 0, pass primary filters: 0, did not pass the filter by color: 0, added: 0, new vincodes: 0
19-09-2011 08:10:15 --- INFO: Toyota Land Cruiser - found: 1, pass primary filters: 0, did not pass the filter by color: 0, added: 0, new vincodes: 0
19-09-2011 08:10:15 --- INFO: Honda CR-V - found: 5, pass primary filters: 0, did not pass the filter by color: 0, added: 0, new vincodes: 0
19-09-2011 08:10:16 --- INFO: Honda CR-V - found: 2, pass primary filters: 1, did not pass the filter by color: 0, added: 1, new vincodes: 0
19-09-2011 08:10:24 --- INFO: Mitsubishi Montero 4WD Limited - found: 13, pass primary filters: 3, did not pass the filter by color: 3, added: 0, new vincodes: 0
19-09-2011 08:10:31 --- INFO: Toyota 4RUNNER 4WD Limited - found: 18, pass primary filters: 4, did not pass the filter by color: 3, added: 1, new vincodes: 0
19-09-2011 08:10:33 --- INFO: Toyota RAV 4 - found: 6, pass primary filters: 1, did not pass the filter by color: 1, added: 0, new vincodes: 0
19-09-2011 08:10:33 --- INFO: Toyota Highlander 4WD - found: 16, pass primary filters: 0, did not pass the filter by color: 0, added: 0, new vincodes: 0
19-09-2011 08:10:42 --- INFO: Subaru Forester - found: 6, pass primary filters: 4, did not pass the filter by color: 0, added: 4, new vincodes: 0
19-09-2011 08:10:42 --- INFO: Nissan Rogue - found: 19, pass primary filters: 1, did not pass the filter by color: 0, added: 1, new vincodes: 0
19-09-2011 08:10:51 --- INFO: Toyota Highlander - found: 16, pass primary filters: 6, did not pass the filter by color: 6, added: 0, new vincodes: 0
19-09-2011 08:10:52 --- INFO: Acura MDX - found: 6, pass primary filters: 0, did not pass the filter by color: 0, added: 0, new vincodes: 0
19-09-2011 08:10:52 --- INFO: finish: 19-09-2011 08:10:52
19-09-2011 08:10:52 --- INFO: elapsed time: ~50.06 sec., memory usage: ~2.16 Mb.
19-09-2011 08:10:02 --- INFO: start: 19-09-2011 08:10:02
19-09-2011 08:10:02 --- INFO: ----------Source_Gsmotors (cli)
19-09-2011 08:10:12 --- INFO: Lexus RX 300 - found: 44, pass primary filters: 0, did not pass the filter by color: 0, added: 0, new vincodes: 0
19-09-2011 08:10:25 --- INFO: Lexus RX 330 - found: 162, pass primary filters: 0, did not pass the filter by color: 0, added: 0, new vincodes: 0
19-09-2011 08:10:29 --- INFO: Lexus RX 400H - found: 30, pass primary filters: 0, did not pass the filter by color: 0, added: 0, new vincodes: 0
19-09-2011 08:10:33 --- INFO: Lexus GX 470 - found: 58, pass primary filters: 0, did not pass the filter by color: 0, added: 0, new vincodes: 0
19-09-2011 08:10:43 --- INFO: Lexus GX 470 - found: 69, pass primary filters: 0, did not pass the filter by color: 0, added: 0, new vincodes: 0
19-09-2011 08:10:48 --- INFO: Lexus LX 470 - found: 14, pass primary filters: 0, did not pass the filter by color: 0, added: 0, new vincodes: 0
19-09-2011 08:10:51 --- INFO: Lexus LX 470 - found: 12, pass primary filters: 0, did not pass the filter by color: 0, added: 0, new vincodes: 0
19-09-2011 08:10:53 --- INFO: Toyota Land Cruiser - found: 10, pass primary filters: 0, did not pass the filter by color: 0, added: 0, new vincodes: 0
19-09-2011 08:10:58 --- INFO: Honda CR-V - found: 40, pass primary filters: 0, did not pass the filter by color: 0, added: 0, new vincodes: 0
19-09-2011 08:11:16 --- INFO: Honda CR-V - found: 126, pass primary filters: 0, did not pass the filter by color: 0, added: 0, new vincodes: 0
19-09-2011 08:11:27 --- INFO: Mitsubishi Montero 4WD Limited - found: 69, pass primary filters: 0, did not pass the filter by color: 0, added: 0, new vincodes: 0
19-09-2011 08:11:46 --- INFO: Toyota 4RUNNER 4WD Limited - found: 146, pass primary filters: 0, did not pass the filter by color: 0, added: 0, new vincodes: 0
19-09-2011 08:11:52 --- INFO: Toyota RAV 4 - found: 58, pass primary filters: 0, did not pass the filter by color: 0, added: 0, new vincodes: 0
19-09-2011 08:12:03 --- INFO: Toyota Highlander 4WD - found: 70, pass primary filters: 0, did not pass the filter by color: 0, added: 0, new vincodes: 0
19-09-2011 08:12:19 --- INFO: Subaru Forester - found: 166, pass primary filters: 0, did not pass the filter by color: 0, added: 0, new vincodes: 0
19-09-2011 08:12:39 --- INFO: Nissan Rogue - found: 207, pass primary filters: 0, did not pass the filter by color: 0, added: 0, new vincodes: 0
19-09-2011 08:12:47 --- INFO: Toyota Highlander - found: 70, pass primary filters: 0, did not pass the filter by color: 0, added: 0, new vincodes: 0
19-09-2011 08:12:54 --- INFO: Acura MDX - found: 48, pass primary filters: 0, did not pass the filter by color: 0, added: 0, new vincodes: 0
19-09-2011 08:12:54 --- INFO: finish: 19-09-2011 08:12:54
19-09-2011 08:12:54 --- INFO: elapsed time: ~172.08 sec., memory usage: ~1.73 Mb.
19-09-2011 09:10:01 --- INFO: start: 19-09-2011 09:10:01
19-09-2011 09:10:01 --- INFO: ----------Source_Adesa (cli)
19-09-2011 09:10:01 --- INFO: Authorized request
19-09-2011 09:10:03 --- INFO: Lexus RX 300 - found: 8, pass primary filters: 1, did not pass the filter by color: 1, added: 0, new vincodes: 0
19-09-2011 09:10:03 --- INFO: Lexus RX 330 - found: 4, pass primary filters: 1, did not pass the filter by color: 1, added: 0, new vincodes: 0
19-09-2011 09:10:03 --- INFO: Lexus RX 400H - found: 1, pass primary filters: 0, did not pass the filter by color: 0, added: 0, new vincodes: 0
19-09-2011 09:10:04 --- INFO: Lexus GX 470 - found: 2, pass primary filters: 1, did not pass the filter by color: 1, added: 0, new vincodes: 0
19-09-2011 09:10:05 --- INFO: Lexus GX 470 - found: 1, pass primary filters: 1, did not pass the filter by color: 1, added: 0, new vincodes: 0
19-09-2011 09:10:05 --- INFO: Lexus LX 470 - found: 0, pass primary filters: 0, did not pass the filter by color: 0, added: 0, new vincodes: 0
19-09-2011 09:10:05 --- INFO: Lexus LX 470 - found: 0, pass primary filters: 0, did not pass the filter by color: 0, added: 0, new vincodes: 0
19-09-2011 09:10:05 --- INFO: Toyota Land Cruiser - found: 1, pass primary filters: 0, did not pass the filter by color: 0, added: 0, new vincodes: 0
19-09-2011 09:10:06 --- INFO: Honda CR-V - found: 5, pass primary filters: 0, did not pass the filter by color: 0, added: 0, new vincodes: 0
19-09-2011 09:10:07 --- INFO: Honda CR-V - found: 2, pass primary filters: 1, did not pass the filter by color: 0, added: 1, new vincodes: 0
19-09-2011 09:10:10 --- INFO: Mitsubishi Montero 4WD Limited - found: 13, pass primary filters: 3, did not pass the filter by color: 3, added: 0, new vincodes: 0
19-09-2011 09:10:13 --- INFO: Toyota 4RUNNER 4WD Limited - found: 18, pass primary filters: 4, did not pass the filter by color: 3, added: 1, new vincodes: 0
19-09-2011 09:10:14 --- INFO: Toyota RAV 4 - found: 6, pass primary filters: 1, did not pass the filter by color: 1, added: 0, new vincodes: 0
19-09-2011 09:10:15 --- INFO: Toyota Highlander 4WD - found: 16, pass primary filters: 0, did not pass the filter by color: 0, added: 0, new vincodes: 0
19-09-2011 09:10:19 --- INFO: Subaru Forester - found: 6, pass primary filters: 4, did not pass the filter by color: 0, added: 4, new vincodes: 0
19-09-2011 09:10:20 --- INFO: Nissan Rogue - found: 19, pass primary filters: 1, did not pass the filter by color: 0, added: 1, new vincodes: 0
19-09-2011 09:10:25 --- INFO: Toyota Highlander - found: 16, pass primary filters: 6, did not pass the filter by color: 6, added: 0, new vincodes: 0
19-09-2011 09:10:25 --- INFO: Acura MDX - found: 8, pass primary filters: 0, did not pass the filter by color: 0, added: 0, new vincodes: 0
19-09-2011 09:10:25 --- INFO: finish: 19-09-2011 09:10:25
19-09-2011 09:10:25 --- INFO: elapsed time: ~24.55 sec., memory usage: ~2.13 Mb.
19-09-2011 09:10:01 --- INFO: start: 19-09-2011 09:10:01
19-09-2011 09:10:01 --- INFO: ----------Source_Gsmotors (cli)
19-09-2011 09:10:14 --- INFO: Lexus RX 300 - found: 44, pass primary filters: 0, did not pass the filter by color: 0, added: 0, new vincodes: 0
19-09-2011 09:10:36 --- INFO: Lexus RX 330 - found: 162, pass primary filters: 0, did not pass the filter by color: 0, added: 0, new vincodes: 0
19-09-2011 09:10:45 --- INFO: Lexus RX 400H - found: 30, pass primary filters: 0, did not pass the filter by color: 0, added: 0, new vincodes: 0
19-09-2011 09:10:54 --- INFO: Lexus GX 470 - found: 58, pass primary filters: 0, did not pass the filter by color: 0, added: 0, new vincodes: 0
19-09-2011 09:11:05 --- INFO: Lexus GX 470 - found: 69, pass primary filters: 0, did not pass the filter by color: 0, added: 0, new vincodes: 0
19-09-2011 09:11:11 --- INFO: Lexus LX 470 - found: 14, pass primary filters: 0, did not pass the filter by color: 0, added: 0, new vincodes: 0
19-09-2011 09:11:14 --- INFO: Lexus LX 470 - found: 12, pass primary filters: 0, did not pass the filter by color: 0, added: 0, new vincodes: 0
19-09-2011 09:11:19 --- INFO: Toyota Land Cruiser - found: 10, pass primary filters: 0, did not pass the filter by color: 0, added: 0, new vincodes: 0
19-09-2011 09:11:31 --- INFO: Honda CR-V - found: 40, pass primary filters: 0, did not pass the filter by color: 0, added: 0, new vincodes: 0
19-09-2011 09:11:52 --- INFO: Honda CR-V - found: 126, pass primary filters: 0, did not pass the filter by color: 0, added: 0, new vincodes: 0
19-09-2011 09:12:03 --- INFO: Mitsubishi Montero 4WD Limited - found: 69, pass primary filters: 0, did not pass the filter by color: 0, added: 0, new vincodes: 0
19-09-2011 09:12:21 --- INFO: Toyota 4RUNNER 4WD Limited - found: 146, pass primary filters: 0, did not pass the filter by color: 0, added: 0, new vincodes: 0
19-09-2011 09:12:31 --- INFO: Toyota RAV 4 - found: 58, pass primary filters: 0, did not pass the filter by color: 0, added: 0, new vincodes: 0
19-09-2011 09:12:41 --- INFO: Toyota Highlander 4WD - found: 70, pass primary filters: 0, did not pass the filter by color: 0, added: 0, new vincodes: 0
19-09-2011 09:13:12 --- INFO: Subaru Forester - found: 166, pass primary filters: 0, did not pass the filter by color: 0, added: 0, new vincodes: 0
19-09-2011 09:13:37 --- INFO: Nissan Rogue - found: 207, pass primary filters: 0, did not pass the filter by color: 0, added: 0, new vincodes: 0
19-09-2011 09:13:47 --- INFO: Toyota Highlander - found: 70, pass primary filters: 0, did not pass the filter by color: 0, added: 0, new vincodes: 0
19-09-2011 09:13:55 --- INFO: Acura MDX - found: 48, pass primary filters: 0, did not pass the filter by color: 0, added: 0, new vincodes: 0
19-09-2011 09:13:55 --- INFO: finish: 19-09-2011 09:13:55
19-09-2011 09:13:55 --- INFO: elapsed time: ~233.87 sec., memory usage: ~1.73 Mb.
19-09-2011 10:00:01 --- INFO: start: 19-09-2011 10:00:01
19-09-2011 10:00:01 --- INFO: ----------Source_Adesa (cli)
19-09-2011 10:00:01 --- INFO: Authorized request
19-09-2011 10:00:03 --- INFO: Lexus RX 300 - found: 9, pass primary filters: 1, did not pass the filter by color: 1, added: 0, new vincodes: 0
19-09-2011 10:00:04 --- INFO: Lexus RX 330 - found: 4, pass primary filters: 1, did not pass the filter by color: 1, added: 0, new vincodes: 0
19-09-2011 10:00:04 --- INFO: Lexus RX 400H - found: 1, pass primary filters: 0, did not pass the filter by color: 0, added: 0, new vincodes: 0
19-09-2011 10:00:05 --- INFO: Lexus GX 470 - found: 2, pass primary filters: 1, did not pass the filter by color: 1, added: 0, new vincodes: 0
19-09-2011 10:00:06 --- INFO: Lexus GX 470 - found: 1, pass primary filters: 1, did not pass the filter by color: 1, added: 0, new vincodes: 0
19-09-2011 10:00:06 --- INFO: Lexus LX 470 - found: 0, pass primary filters: 0, did not pass the filter by color: 0, added: 0, new vincodes: 0
19-09-2011 10:00:06 --- INFO: Lexus LX 470 - found: 0, pass primary filters: 0, did not pass the filter by color: 0, added: 0, new vincodes: 0
19-09-2011 10:00:07 --- INFO: Toyota Land Cruiser - found: 1, pass primary filters: 0, did not pass the filter by color: 0, added: 0, new vincodes: 0
19-09-2011 10:00:07 --- INFO: Honda CR-V - found: 5, pass primary filters: 0, did not pass the filter by color: 0, added: 0, new vincodes: 0
19-09-2011 10:00:08 --- INFO: Honda CR-V - found: 2, pass primary filters: 1, did not pass the filter by color: 0, added: 1, new vincodes: 0
19-09-2011 10:00:11 --- INFO: Mitsubishi Montero 4WD Limited - found: 14, pass primary filters: 3, did not pass the filter by color: 3, added: 0, new vincodes: 0
19-09-2011 10:00:13 --- INFO: Toyota 4RUNNER 4WD Limited - found: 19, pass primary filters: 4, did not pass the filter by color: 3, added: 1, new vincodes: 0
19-09-2011 10:00:14 --- INFO: Toyota RAV 4 - found: 6, pass primary filters: 1, did not pass the filter by color: 1, added: 0, new vincodes: 0
19-09-2011 10:00:15 --- INFO: Toyota Highlander 4WD - found: 18, pass primary filters: 0, did not pass the filter by color: 0, added: 0, new vincodes: 0
19-09-2011 10:00:20 --- INFO: Subaru Forester - found: 6, pass primary filters: 4, did not pass the filter by color: 0, added: 4, new vincodes: 0
19-09-2011 10:00:21 --- INFO: Nissan Rogue - found: 19, pass primary filters: 1, did not pass the filter by color: 0, added: 1, new vincodes: 0
19-09-2011 10:00:29 --- INFO: Toyota Highlander - found: 18, pass primary filters: 7, did not pass the filter by color: 7, added: 0, new vincodes: 1
19-09-2011 10:00:29 --- INFO: Acura MDX - found: 9, pass primary filters: 0, did not pass the filter by color: 0, added: 0, new vincodes: 0
19-09-2011 10:00:29 --- INFO: finish: 19-09-2011 10:00:29
19-09-2011 10:00:29 --- INFO: elapsed time: ~28.14 sec., memory usage: ~2.17 Mb.
19-09-2011 10:00:01 --- INFO: start: 19-09-2011 10:00:01
19-09-2011 10:00:01 --- INFO: ----------Source_Gsmotors (cli)
19-09-2011 10:00:07 --- INFO: Lexus RX 300 - found: 44, pass primary filters: 0, did not pass the filter by color: 0, added: 0, new vincodes: 0
19-09-2011 10:00:18 --- INFO: Lexus RX 330 - found: 162, pass primary filters: 0, did not pass the filter by color: 0, added: 0, new vincodes: 0
19-09-2011 10:00:22 --- INFO: Lexus RX 400H - found: 30, pass primary filters: 0, did not pass the filter by color: 0, added: 0, new vincodes: 0
19-09-2011 10:00:26 --- INFO: Lexus GX 470 - found: 58, pass primary filters: 0, did not pass the filter by color: 0, added: 0, new vincodes: 0
19-09-2011 10:00:32 --- INFO: Lexus GX 470 - found: 69, pass primary filters: 0, did not pass the filter by color: 0, added: 0, new vincodes: 0
19-09-2011 10:00:34 --- INFO: Lexus LX 470 - found: 14, pass primary filters: 0, did not pass the filter by color: 0, added: 0, new vincodes: 0
19-09-2011 10:00:36 --- INFO: Lexus LX 470 - found: 12, pass primary filters: 0, did not pass the filter by color: 0, added: 0, new vincodes: 0
19-09-2011 10:00:39 --- INFO: Toyota Land Cruiser - found: 10, pass primary filters: 0, did not pass the filter by color: 0, added: 0, new vincodes: 0
19-09-2011 10:00:47 --- INFO: Honda CR-V - found: 40, pass primary filters: 0, did not pass the filter by color: 0, added: 0, new vincodes: 0
19-09-2011 10:01:06 --- INFO: Honda CR-V - found: 126, pass primary filters: 0, did not pass the filter by color: 0, added: 0, new vincodes: 0
19-09-2011 10:01:15 --- INFO: Mitsubishi Montero 4WD Limited - found: 69, pass primary filters: 0, did not pass the filter by color: 0, added: 0, new vincodes: 0
19-09-2011 10:01:30 --- INFO: Toyota 4RUNNER 4WD Limited - found: 146, pass primary filters: 0, did not pass the filter by color: 0, added: 0, new vincodes: 0
19-09-2011 10:01:37 --- INFO: Toyota RAV 4 - found: 58, pass primary filters: 0, did not pass the filter by color: 0, added: 0, new vincodes: 0
19-09-2011 10:01:49 --- INFO: Toyota Highlander 4WD - found: 70, pass primary filters: 0, did not pass the filter by color: 0, added: 0, new vincodes: 0
19-09-2011 10:02:10 --- INFO: Subaru Forester - found: 166, pass primary filters: 0, did not pass the filter by color: 0, added: 0, new vincodes: 0
19-09-2011 10:02:32 --- INFO: Nissan Rogue - found: 207, pass primary filters: 0, did not pass the filter by color: 0, added: 0, new vincodes: 0
19-09-2011 10:02:42 --- INFO: Toyota Highlander - found: 70, pass primary filters: 0, did not pass the filter by color: 0, added: 0, new vincodes: 0
19-09-2011 10:02:48 --- INFO: Acura MDX - found: 48, pass primary filters: 0, did not pass the filter by color: 0, added: 0, new vincodes: 0
19-09-2011 10:02:48 --- INFO: finish: 19-09-2011 10:02:48
19-09-2011 10:02:48 --- INFO: elapsed time: ~166.8 sec., memory usage: ~1.73 Mb.
19-09-2011 11:05:01 --- INFO: start: 19-09-2011 11:05:01
19-09-2011 11:05:01 --- INFO: ----------Source_Openlane (cli)
19-09-2011 11:05:04 --- ERROR: Unauthorized request
19-09-2011 11:05:04 --- INFO: finish: 19-09-2011 11:05:04
19-09-2011 11:05:04 --- INFO: elapsed time: ~3.09 sec., memory usage: ~1.31 Mb.
19-09-2011 11:10:02 --- INFO: start: 19-09-2011 11:10:02
19-09-2011 11:10:02 --- INFO: ----------Source_Adesa (cli)
19-09-2011 11:10:03 --- INFO: Authorized request
19-09-2011 11:10:04 --- INFO: Lexus RX 300 - found: 9, pass primary filters: 1, did not pass the filter by color: 1, added: 0, new vincodes: 0
19-09-2011 11:10:05 --- INFO: Lexus RX 330 - found: 5, pass primary filters: 1, did not pass the filter by color: 1, added: 0, new vincodes: 0
19-09-2011 11:10:05 --- INFO: Lexus RX 400H - found: 1, pass primary filters: 0, did not pass the filter by color: 0, added: 0, new vincodes: 0
19-09-2011 11:10:06 --- INFO: Lexus GX 470 - found: 2, pass primary filters: 1, did not pass the filter by color: 1, added: 0, new vincodes: 0
19-09-2011 11:10:07 --- INFO: Lexus GX 470 - found: 1, pass primary filters: 1, did not pass the filter by color: 1, added: 0, new vincodes: 0
19-09-2011 11:10:07 --- INFO: Lexus LX 470 - found: 0, pass primary filters: 0, did not pass the filter by color: 0, added: 0, new vincodes: 0
19-09-2011 11:10:07 --- INFO: Lexus LX 470 - found: 0, pass primary filters: 0, did not pass the filter by color: 0, added: 0, new vincodes: 0
19-09-2011 11:10:07 --- INFO: Toyota Land Cruiser - found: 1, pass primary filters: 0, did not pass the filter by color: 0, added: 0, new vincodes: 0
19-09-2011 11:10:08 --- INFO: Honda CR-V - found: 5, pass primary filters: 0, did not pass the filter by color: 0, added: 0, new vincodes: 0
19-09-2011 11:10:09 --- INFO: Honda CR-V - found: 2, pass primary filters: 1, did not pass the filter by color: 0, added: 1, new vincodes: 0
19-09-2011 11:10:12 --- INFO: Mitsubishi Montero 4WD Limited - found: 14, pass primary filters: 3, did not pass the filter by color: 3, added: 0, new vincodes: 0
19-09-2011 11:10:15 --- INFO: Toyota 4RUNNER 4WD Limited - found: 21, pass primary filters: 4, did not pass the filter by color: 3, added: 1, new vincodes: 0
19-09-2011 11:10:16 --- INFO: Toyota RAV 4 - found: 6, pass primary filters: 1, did not pass the filter by color: 1, added: 0, new vincodes: 0
19-09-2011 11:10:17 --- INFO: Toyota Highlander 4WD - found: 19, pass primary filters: 0, did not pass the filter by color: 0, added: 0, new vincodes: 0
19-09-2011 11:10:21 --- INFO: Subaru Forester - found: 6, pass primary filters: 4, did not pass the filter by color: 0, added: 4, new vincodes: 0
19-09-2011 11:10:23 --- INFO: Nissan Rogue - found: 21, pass primary filters: 2, did not pass the filter by color: 0, added: 2, new vincodes: 0
19-09-2011 11:10:30 --- INFO: Toyota Highlander - found: 19, pass primary filters: 7, did not pass the filter by color: 7, added: 0, new vincodes: 0
19-09-2011 11:10:30 --- INFO: Acura MDX - found: 9, pass primary filters: 0, did not pass the filter by color: 0, added: 0, new vincodes: 0
19-09-2011 11:10:30 --- INFO: finish: 19-09-2011 11:10:30
19-09-2011 11:10:30 --- INFO: elapsed time: ~28.44 sec., memory usage: ~2.15 Mb.
19-09-2011 11:10:02 --- INFO: start: 19-09-2011 11:10:02
19-09-2011 11:10:02 --- INFO: ----------Source_Gsmotors (cli)
19-09-2011 11:10:08 --- INFO: Lexus RX 300 - found: 44, pass primary filters: 0, did not pass the filter by color: 0, added: 0, new vincodes: 0
19-09-2011 11:10:27 --- INFO: Lexus RX 330 - found: 179, pass primary filters: 0, did not pass the filter by color: 0, added: 0, new vincodes: 0
19-09-2011 11:10:39 --- INFO: Lexus RX 400H - found: 34, pass primary filters: 0, did not pass the filter by color: 0, added: 0, new vincodes: 0
19-09-2011 11:10:49 --- INFO: Lexus GX 470 - found: 63, pass primary filters: 0, did not pass the filter by color: 0, added: 0, new vincodes: 0
19-09-2011 11:11:05 --- INFO: Lexus GX 470 - found: 81, pass primary filters: 0, did not pass the filter by color: 0, added: 0, new vincodes: 0
19-09-2011 11:11:11 --- INFO: Lexus LX 470 - found: 17, pass primary filters: 0, did not pass the filter by color: 0, added: 0, new vincodes: 0
19-09-2011 11:11:17 --- INFO: Lexus LX 470 - found: 15, pass primary filters: 0, did not pass the filter by color: 0, added: 0, new vincodes: 0
19-09-2011 11:11:22 --- INFO: Toyota Land Cruiser - found: 13, pass primary filters: 0, did not pass the filter by color: 0, added: 0, new vincodes: 0
19-09-2011 11:11:37 --- INFO: Honda CR-V - found: 49, pass primary filters: 0, did not pass the filter by color: 0, added: 0, new vincodes: 0
19-09-2011 11:11:55 --- INFO: Honda CR-V - found: 149, pass primary filters: 0, did not pass the filter by color: 0, added: 0, new vincodes: 0
19-09-2011 11:12:09 --- INFO: Mitsubishi Montero 4WD Limited - found: 72, pass primary filters: 0, did not pass the filter by color: 0, added: 0, new vincodes: 0
19-09-2011 11:12:31 --- INFO: Toyota 4RUNNER 4WD Limited - found: 164, pass primary filters: 0, did not pass the filter by color: 0, added: 0, new vincodes: 0
19-09-2011 11:12:45 --- INFO: Toyota RAV 4 - found: 72, pass primary filters: 0, did not pass the filter by color: 0, added: 0, new vincodes: 0
19-09-2011 11:13:02 --- INFO: Toyota Highlander 4WD - found: 78, pass primary filters: 0, did not pass the filter by color: 0, added: 0, new vincodes: 0
19-09-2011 11:13:21 --- INFO: Subaru Forester - found: 173, pass primary filters: 0, did not pass the filter by color: 0, added: 0, new vincodes: 0
19-09-2011 11:13:54 --- INFO: Nissan Rogue - found: 239, pass primary filters: 0, did not pass the filter by color: 0, added: 0, new vincodes: 0
19-09-2011 11:14:06 --- INFO: Toyota Highlander - found: 78, pass primary filters: 0, did not pass the filter by color: 0, added: 0, new vincodes: 0
19-09-2011 11:14:23 --- INFO: Acura MDX - found: 60, pass primary filters: 0, did not pass the filter by color: 0, added: 0, new vincodes: 0
19-09-2011 11:14:23 --- INFO: finish: 19-09-2011 11:14:23
19-09-2011 11:14:23 --- INFO: elapsed time: ~261.8 sec., memory usage: ~1.73 Mb.
19-09-2011 11:10:02 --- INFO: start: 19-09-2011 11:10:02
19-09-2011 11:10:02 --- INFO: ----------Source_Ebay (cli)
19-09-2011 11:10:20 --- INFO: Lexus RX 300 - found: 23, pass primary filters: 2, did not pass the filter by color: 2, added: 0, new vincodes: 0
19-09-2011 11:12:17 --- INFO: Lexus RX 330 - found: 75, pass primary filters: 22, did not pass the filter by color: 8, added: 14, new vincodes: 1
19-09-2011 11:13:41 --- INFO: Lexus RX 400H - found: 56, pass primary filters: 2, did not pass the filter by color: 0, added: 2, new vincodes: 0
19-09-2011 11:14:09 --- INFO: Lexus GX 470 - found: 33, pass primary filters: 6, did not pass the filter by color: 5, added: 1, new vincodes: 0
19-09-2011 11:14:31 --- INFO: Lexus GX 470 - found: 26, pass primary filters: 14, did not pass the filter by color: 12, added: 2, new vincodes: 0
19-09-2011 11:14:37 --- INFO: Lexus LX 470 - found: 6, pass primary filters: 4, did not pass the filter by color: 4, added: 0, new vincodes: 0
19-09-2011 11:14:44 --- INFO: Lexus LX 470 - found: 8, pass primary filters: 5, did not pass the filter by color: 5, added: 0, new vincodes: 0
19-09-2011 11:14:51 --- INFO: Toyota Land Cruiser - found: 6, pass primary filters: 4, did not pass the filter by color: 3, added: 1, new vincodes: 0
19-09-2011 11:15:06 --- INFO: Honda CR-V - found: 17, pass primary filters: 1, did not pass the filter by color: 0, added: 1, new vincodes: 0
19-09-2011 11:16:55 --- INFO: Honda CR-V - found: 68, pass primary filters: 2, did not pass the filter by color: 0, added: 2, new vincodes: 0
19-09-2011 11:17:01 --- INFO: Mitsubishi Montero 4WD Limited - found: 5, pass primary filters: 0, did not pass the filter by color: 0, added: 0, new vincodes: 0
19-09-2011 11:18:23 --- INFO: Toyota 4RUNNER 4WD Limited - found: 56, pass primary filters: 30, did not pass the filter by color: 18, added: 12, new vincodes: 0
19-09-2011 11:18:36 --- INFO: Toyota RAV 4 - found: 17, pass primary filters: 6, did not pass the filter by color: 3, added: 3, new vincodes: 0
19-09-2011 11:18:53 --- INFO: Toyota Highlander 4WD - found: 23, pass primary filters: 0, did not pass the filter by color: 0, added: 0, new vincodes: 0
19-09-2011 11:20:20 --- INFO: Subaru Forester - found: 63, pass primary filters: 8, did not pass the filter by color: 0, added: 8, new vincodes: 0
19-09-2011 11:21:34 --- INFO: Nissan Rogue - found: 53, pass primary filters: 0, did not pass the filter by color: 0, added: 0, new vincodes: 0
19-09-2011 11:21:50 --- INFO: Toyota Highlander - found: 23, pass primary filters: 5, did not pass the filter by color: 4, added: 1, new vincodes: 0
19-09-2011 11:21:59 --- INFO: Acura MDX - found: 11, pass primary filters: 0, did not pass the filter by color: 0, added: 0, new vincodes: 0
19-09-2011 11:21:59 --- INFO: finish: 19-09-2011 11:21:59
19-09-2011 11:21:59 --- INFO: elapsed time: ~717.15 sec., memory usage: ~2.84 Mb.
19-09-2011 12:20:01 --- INFO: start: 19-09-2011 12:20:01
19-09-2011 12:20:02 --- INFO: ----------Source_Adesa (cli)
19-09-2011 12:20:03 --- INFO: Authorized request
19-09-2011 12:20:04 --- INFO: Lexus RX 300 - found: 10, pass primary filters: 1, did not pass the filter by color: 1, added: 0, new vincodes: 0
19-09-2011 12:20:05 --- INFO: Lexus RX 330 - found: 5, pass primary filters: 1, did not pass the filter by color: 1, added: 0, new vincodes: 0
19-09-2011 12:20:05 --- INFO: Lexus RX 400H - found: 1, pass primary filters: 0, did not pass the filter by color: 0, added: 0, new vincodes: 0
19-09-2011 12:20:06 --- INFO: Lexus GX 470 - found: 2, pass primary filters: 1, did not pass the filter by color: 1, added: 0, new vincodes: 0
19-09-2011 12:20:07 --- INFO: Lexus GX 470 - found: 1, pass primary filters: 1, did not pass the filter by color: 1, added: 0, new vincodes: 0
19-09-2011 12:20:07 --- INFO: Lexus LX 470 - found: 0, pass primary filters: 0, did not pass the filter by color: 0, added: 0, new vincodes: 0
19-09-2011 12:20:07 --- INFO: Lexus LX 470 - found: 0, pass primary filters: 0, did not pass the filter by color: 0, added: 0, new vincodes: 0
19-09-2011 12:20:08 --- INFO: Toyota Land Cruiser - found: 1, pass primary filters: 0, did not pass the filter by color: 0, added: 0, new vincodes: 0
19-09-2011 12:20:08 --- INFO: Honda CR-V - found: 6, pass primary filters: 0, did not pass the filter by color: 0, added: 0, new vincodes: 0
19-09-2011 12:20:13 --- INFO: Honda CR-V - found: 3, pass primary filters: 2, did not pass the filter by color: 0, added: 2, new vincodes: 0
19-09-2011 12:20:17 --- INFO: Mitsubishi Montero 4WD Limited - found: 15, pass primary filters: 3, did not pass the filter by color: 3, added: 0, new vincodes: 0
19-09-2011 12:20:21 --- INFO: Toyota 4RUNNER 4WD Limited - found: 21, pass primary filters: 4, did not pass the filter by color: 3, added: 1, new vincodes: 0
19-09-2011 12:20:22 --- INFO: Toyota RAV 4 - found: 6, pass primary filters: 1, did not pass the filter by color: 1, added: 0, new vincodes: 0
19-09-2011 12:20:23 --- INFO: Toyota Highlander 4WD - found: 19, pass primary filters: 0, did not pass the filter by color: 0, added: 0, new vincodes: 0
19-09-2011 12:20:27 --- INFO: Subaru Forester - found: 6, pass primary filters: 4, did not pass the filter by color: 0, added: 4, new vincodes: 0
19-09-2011 12:20:30 --- INFO: Nissan Rogue - found: 21, pass primary filters: 3, did not pass the filter by color: 0, added: 3, new vincodes: 1
19-09-2011 12:20:39 --- INFO: Toyota Highlander - found: 19, pass primary filters: 8, did not pass the filter by color: 8, added: 0, new vincodes: 1
19-09-2011 12:20:39 --- INFO: Acura MDX - found: 9, pass primary filters: 0, did not pass the filter by color: 0, added: 0, new vincodes: 0
19-09-2011 12:20:39 --- INFO: finish: 19-09-2011 12:20:39
19-09-2011 12:20:39 --- INFO: elapsed time: ~37.46 sec., memory usage: ~2.2 Mb.
19-09-2011 12:20:01 --- INFO: start: 19-09-2011 12:20:01
19-09-2011 12:20:02 --- INFO: ----------Source_Gsmotors (cli)
19-09-2011 12:20:10 --- INFO: Lexus RX 300 - found: 56, pass primary filters: 0, did not pass the filter by color: 0, added: 0, new vincodes: 0
19-09-2011 12:20:28 --- INFO: Lexus RX 330 - found: 179, pass primary filters: 0, did not pass the filter by color: 0, added: 0, new vincodes: 0
19-09-2011 12:20:31 --- INFO: Lexus RX 400H - found: 34, pass primary filters: 0, did not pass the filter by color: 0, added: 0, new vincodes: 0
19-09-2011 12:20:36 --- INFO: Lexus GX 470 - found: 63, pass primary filters: 0, did not pass the filter by color: 0, added: 0, new vincodes: 0
19-09-2011 12:20:45 --- INFO: Lexus GX 470 - found: 81, pass primary filters: 0, did not pass the filter by color: 0, added: 0, new vincodes: 0
19-09-2011 12:20:47 --- INFO: Lexus LX 470 - found: 17, pass primary filters: 0, did not pass the filter by color: 0, added: 0, new vincodes: 0
19-09-2011 12:20:49 --- INFO: Lexus LX 470 - found: 15, pass primary filters: 0, did not pass the filter by color: 0, added: 0, new vincodes: 0
19-09-2011 12:20:51 --- INFO: Toyota Land Cruiser - found: 13, pass primary filters: 0, did not pass the filter by color: 0, added: 0, new vincodes: 0
19-09-2011 12:20:57 --- INFO: Honda CR-V - found: 49, pass primary filters: 0, did not pass the filter by color: 0, added: 0, new vincodes: 0
19-09-2011 12:21:13 --- INFO: Honda CR-V - found: 149, pass primary filters: 0, did not pass the filter by color: 0, added: 0, new vincodes: 0
19-09-2011 12:21:25 --- INFO: Mitsubishi Montero 4WD Limited - found: 72, pass primary filters: 0, did not pass the filter by color: 0, added: 0, new vincodes: 0
19-09-2011 12:21:43 --- INFO: Toyota 4RUNNER 4WD Limited - found: 164, pass primary filters: 0, did not pass the filter by color: 0, added: 0, new vincodes: 0
19-09-2011 12:21:52 --- INFO: Toyota RAV 4 - found: 72, pass primary filters: 0, did not pass the filter by color: 0, added: 0, new vincodes: 0
19-09-2011 12:22:03 --- INFO: Toyota Highlander 4WD - found: 78, pass primary filters: 0, did not pass the filter by color: 0, added: 0, new vincodes: 0
19-09-2011 12:22:24 --- INFO: Subaru Forester - found: 173, pass primary filters: 0, did not pass the filter by color: 0, added: 0, new vincodes: 0
19-09-2011 12:22:47 --- INFO: Nissan Rogue - found: 239, pass primary filters: 0, did not pass the filter by color: 0, added: 0, new vincodes: 0
19-09-2011 12:22:57 --- INFO: Toyota Highlander - found: 78, pass primary filters: 0, did not pass the filter by color: 0, added: 0, new vincodes: 0
19-09-2011 12:23:20 --- INFO: Acura MDX - found: 60, pass primary filters: 0, did not pass the filter by color: 0, added: 0, new vincodes: 0
19-09-2011 12:23:20 --- INFO: finish: 19-09-2011 12:23:20
19-09-2011 12:23:20 --- INFO: elapsed time: ~198.35 sec., memory usage: ~1.73 Mb.
19-09-2011 13:20:02 --- INFO: start: 19-09-2011 13:20:02
19-09-2011 13:20:02 --- INFO: ----------Source_Adesa (cli)
19-09-2011 13:20:02 --- INFO: Authorized request
19-09-2011 13:20:06 --- INFO: Lexus RX 300 - found: 10, pass primary filters: 2, did not pass the filter by color: 1, added: 1, new vincodes: 1
19-09-2011 13:20:08 --- INFO: Lexus RX 330 - found: 5, pass primary filters: 3, did not pass the filter by color: 1, added: 2, new vincodes: 0
19-09-2011 13:20:08 --- INFO: Lexus RX 400H - found: 1, pass primary filters: 0, did not pass the filter by color: 0, added: 0, new vincodes: 0
19-09-2011 13:20:09 --- INFO: Lexus GX 470 - found: 2, pass primary filters: 1, did not pass the filter by color: 1, added: 0, new vincodes: 0
19-09-2011 13:20:10 --- INFO: Lexus GX 470 - found: 1, pass primary filters: 1, did not pass the filter by color: 1, added: 0, new vincodes: 0
19-09-2011 13:20:10 --- INFO: Lexus LX 470 - found: 0, pass primary filters: 0, did not pass the filter by color: 0, added: 0, new vincodes: 0
19-09-2011 13:20:11 --- INFO: Lexus LX 470 - found: 0, pass primary filters: 0, did not pass the filter by color: 0, added: 0, new vincodes: 0
19-09-2011 13:20:11 --- INFO: Toyota Land Cruiser - found: 1, pass primary filters: 0, did not pass the filter by color: 0, added: 0, new vincodes: 0
19-09-2011 13:20:11 --- INFO: Honda CR-V - found: 6, pass primary filters: 0, did not pass the filter by color: 0, added: 0, new vincodes: 0
19-09-2011 13:20:15 --- INFO: Honda CR-V - found: 3, pass primary filters: 2, did not pass the filter by color: 0, added: 2, new vincodes: 0
19-09-2011 13:20:18 --- INFO: Mitsubishi Montero 4WD Limited - found: 15, pass primary filters: 3, did not pass the filter by color: 3, added: 0, new vincodes: 0
19-09-2011 13:20:21 --- INFO: Toyota 4RUNNER 4WD Limited - found: 21, pass primary filters: 4, did not pass the filter by color: 3, added: 1, new vincodes: 0
19-09-2011 13:20:22 --- INFO: Toyota RAV 4 - found: 6, pass primary filters: 1, did not pass the filter by color: 1, added: 0, new vincodes: 0
19-09-2011 13:20:23 --- INFO: Toyota Highlander 4WD - found: 20, pass primary filters: 0, did not pass the filter by color: 0, added: 0, new vincodes: 0
19-09-2011 13:20:28 --- INFO: Subaru Forester - found: 6, pass primary filters: 4, did not pass the filter by color: 0, added: 4, new vincodes: 0
19-09-2011 13:20:31 --- INFO: Nissan Rogue - found: 21, pass primary filters: 3, did not pass the filter by color: 0, added: 3, new vincodes: 0
19-09-2011 13:20:41 --- INFO: Toyota Highlander - found: 20, pass primary filters: 10, did not pass the filter by color: 10, added: 0, new vincodes: 2
19-09-2011 13:20:42 --- INFO: Acura MDX - found: 9, pass primary filters: 0, did not pass the filter by color: 0, added: 0, new vincodes: 0
19-09-2011 13:20:42 --- INFO: finish: 19-09-2011 13:20:42
19-09-2011 13:20:42 --- INFO: elapsed time: ~39.96 sec., memory usage: ~2.25 Mb.
19-09-2011 13:20:02 --- INFO: start: 19-09-2011 13:20:02
19-09-2011 13:20:02 --- INFO: ----------Source_Gsmotors (cli)
19-09-2011 13:20:08 --- INFO: Lexus RX 300 - found: 56, pass primary filters: 0, did not pass the filter by color: 0, added: 0, new vincodes: 0
19-09-2011 13:20:23 --- INFO: Lexus RX 330 - found: 179, pass primary filters: 0, did not pass the filter by color: 0, added: 0, new vincodes: 0
19-09-2011 13:20:27 --- INFO: Lexus RX 400H - found: 34, pass primary filters: 0, did not pass the filter by color: 0, added: 0, new vincodes: 0
19-09-2011 13:20:32 --- INFO: Lexus GX 470 - found: 63, pass primary filters: 0, did not pass the filter by color: 0, added: 0, new vincodes: 0
19-09-2011 13:20:38 --- INFO: Lexus GX 470 - found: 81, pass primary filters: 0, did not pass the filter by color: 0, added: 0, new vincodes: 0
19-09-2011 13:20:40 --- INFO: Lexus LX 470 - found: 17, pass primary filters: 0, did not pass the filter by color: 0, added: 0, new vincodes: 0
19-09-2011 13:20:43 --- INFO: Lexus LX 470 - found: 15, pass primary filters: 0, did not pass the filter by color: 0, added: 0, new vincodes: 0
19-09-2011 13:20:46 --- INFO: Toyota Land Cruiser - found: 13, pass primary filters: 0, did not pass the filter by color: 0, added: 0, new vincodes: 0
19-09-2011 13:20:52 --- INFO: Honda CR-V - found: 49, pass primary filters: 0, did not pass the filter by color: 0, added: 0, new vincodes: 0
19-09-2011 13:21:05 --- INFO: Honda CR-V - found: 149, pass primary filters: 0, did not pass the filter by color: 0, added: 0, new vincodes: 0
19-09-2011 13:21:13 --- INFO: Mitsubishi Montero 4WD Limited - found: 72, pass primary filters: 0, did not pass the filter by color: 0, added: 0, new vincodes: 0
19-09-2011 13:21:32 --- INFO: Toyota 4RUNNER 4WD Limited - found: 164, pass primary filters: 0, did not pass the filter by color: 0, added: 0, new vincodes: 0
19-09-2011 13:21:46 --- INFO: Toyota RAV 4 - found: 72, pass primary filters: 0, did not pass the filter by color: 0, added: 0, new vincodes: 0
19-09-2011 13:22:01 --- INFO: Toyota Highlander 4WD - found: 78, pass primary filters: 0, did not pass the filter by color: 0, added: 0, new vincodes: 0
19-09-2011 13:22:24 --- INFO: Subaru Forester - found: 173, pass primary filters: 0, did not pass the filter by color: 0, added: 0, new vincodes: 0
19-09-2011 13:23:20 --- INFO: Nissan Rogue - found: 239, pass primary filters: 0, did not pass the filter by color: 0, added: 0, new vincodes: 0
19-09-2011 13:23:32 --- INFO: Toyota Highlander - found: 78, pass primary filters: 0, did not pass the filter by color: 0, added: 0, new vincodes: 0
19-09-2011 13:23:46 --- INFO: Acura MDX - found: 60, pass primary filters: 0, did not pass the filter by color: 0, added: 0, new vincodes: 0
19-09-2011 13:23:46 --- INFO: finish: 19-09-2011 13:23:46
19-09-2011 13:23:46 --- INFO: elapsed time: ~224.86 sec., memory usage: ~1.73 Mb.
19-09-2011 15:05:01 --- INFO: start: 19-09-2011 15:05:01
19-09-2011 15:05:01 --- INFO: ----------Source_Openlane (cli)
19-09-2011 15:05:04 --- ERROR: Unauthorized request
19-09-2011 15:05:04 --- INFO: finish: 19-09-2011 15:05:04
19-09-2011 15:05:04 --- INFO: elapsed time: ~3.09 sec., memory usage: ~1.31 Mb.
19-09-2011 15:10:01 --- INFO: start: 19-09-2011 15:10:01
19-09-2011 15:10:01 --- INFO: ----------Source_Ebay (cli)
19-09-2011 15:10:18 --- INFO: Lexus RX 300 - found: 21, pass primary filters: 1, did not pass the filter by color: 1, added: 0, new vincodes: 0
19-09-2011 15:12:07 --- INFO: Lexus RX 330 - found: 73, pass primary filters: 22, did not pass the filter by color: 8, added: 14, new vincodes: 0
19-09-2011 15:13:22 --- INFO: Lexus RX 400H - found: 56, pass primary filters: 2, did not pass the filter by color: 0, added: 2, new vincodes: 0
19-09-2011 15:13:46 --- INFO: Lexus GX 470 - found: 32, pass primary filters: 7, did not pass the filter by color: 6, added: 1, new vincodes: 1
19-09-2011 15:14:07 --- INFO: Lexus GX 470 - found: 26, pass primary filters: 13, did not pass the filter by color: 11, added: 2, new vincodes: 0
19-09-2011 15:14:12 --- INFO: Lexus LX 470 - found: 6, pass primary filters: 4, did not pass the filter by color: 4, added: 0, new vincodes: 0
19-09-2011 15:14:18 --- INFO: Lexus LX 470 - found: 7, pass primary filters: 5, did not pass the filter by color: 5, added: 0, new vincodes: 0
19-09-2011 15:14:24 --- INFO: Toyota Land Cruiser - found: 6, pass primary filters: 4, did not pass the filter by color: 3, added: 1, new vincodes: 0
19-09-2011 15:14:37 --- INFO: Honda CR-V - found: 17, pass primary filters: 1, did not pass the filter by color: 0, added: 1, new vincodes: 0
19-09-2011 15:16:10 --- INFO: Honda CR-V - found: 65, pass primary filters: 2, did not pass the filter by color: 0, added: 2, new vincodes: 0
19-09-2011 15:16:15 --- INFO: Mitsubishi Montero 4WD Limited - found: 5, pass primary filters: 0, did not pass the filter by color: 0, added: 0, new vincodes: 0
19-09-2011 15:17:40 --- INFO: Toyota 4RUNNER 4WD Limited - found: 56, pass primary filters: 30, did not pass the filter by color: 16, added: 14, new vincodes: 0
19-09-2011 15:17:53 --- INFO: Toyota RAV 4 - found: 16, pass primary filters: 5, did not pass the filter by color: 3, added: 2, new vincodes: 0
19-09-2011 15:18:11 --- INFO: Toyota Highlander 4WD - found: 22, pass primary filters: 0, did not pass the filter by color: 0, added: 0, new vincodes: 0
19-09-2011 15:19:48 --- INFO: Subaru Forester - found: 62, pass primary filters: 8, did not pass the filter by color: 0, added: 8, new vincodes: 0
19-09-2011 15:21:12 --- INFO: Nissan Rogue - found: 54, pass primary filters: 0, did not pass the filter by color: 0, added: 0, new vincodes: 0
19-09-2011 15:21:27 --- INFO: Toyota Highlander - found: 22, pass primary filters: 5, did not pass the filter by color: 4, added: 1, new vincodes: 0
19-09-2011 15:21:38 --- INFO: Acura MDX - found: 15, pass primary filters: 0, did not pass the filter by color: 0, added: 0, new vincodes: 0
19-09-2011 15:21:38 --- INFO: finish: 19-09-2011 15:21:38
19-09-2011 15:21:38 --- INFO: elapsed time: ~696.9 sec., memory usage: ~2.82 Mb.
19-09-2011 15:48:12 --- INFO: start: 19-09-2011 15:48:12
19-09-2011 15:48:12 --- INFO: ----------Source_Gsmotors (apache2handler)
19-09-2011 15:48:22 --- INFO: Lexus RX 300 - found: 56, pass primary filters: 0, did not pass the filter by color: 0, added: 0, new vincodes: 0
19-09-2011 15:48:43 --- INFO: Lexus RX 330 - found: 208, pass primary filters: 0, did not pass the filter by color: 0, added: 0, new vincodes: 0
19-09-2011 15:48:50 --- INFO: Lexus RX 400H - found: 40, pass primary filters: 0, did not pass the filter by color: 0, added: 0, new vincodes: 0
19-09-2011 15:48:58 --- INFO: Lexus GX 470 - found: 68, pass primary filters: 0, did not pass the filter by color: 0, added: 0, new vincodes: 0
19-09-2011 15:49:14 --- INFO: Lexus GX 470 - found: 91, pass primary filters: 0, did not pass the filter by color: 0, added: 0, new vincodes: 0
19-09-2011 15:49:18 --- INFO: Lexus LX 470 - found: 19, pass primary filters: 0, did not pass the filter by color: 0, added: 0, new vincodes: 0
19-09-2011 15:49:22 --- INFO: Lexus LX 470 - found: 17, pass primary filters: 0, did not pass the filter by color: 0, added: 0, new vincodes: 0
19-09-2011 15:49:27 --- INFO: Toyota Land Cruiser - found: 14, pass primary filters: 0, did not pass the filter by color: 0, added: 0, new vincodes: 0
19-09-2011 15:49:38 --- INFO: Honda CR-V - found: 63, pass primary filters: 0, did not pass the filter by color: 0, added: 0, new vincodes: 0
19-09-2011 15:50:03 --- INFO: Honda CR-V - found: 176, pass primary filters: 0, did not pass the filter by color: 0, added: 0, new vincodes: 0
19-09-2011 15:50:14 --- INFO: Mitsubishi Montero 4WD Limited - found: 84, pass primary filters: 0, did not pass the filter by color: 0, added: 0, new vincodes: 0
19-09-2011 15:50:35 --- INFO: Toyota 4RUNNER 4WD Limited - found: 192, pass primary filters: 0, did not pass the filter by color: 0, added: 0, new vincodes: 0
19-09-2011 15:50:45 --- INFO: Toyota RAV 4 - found: 90, pass primary filters: 0, did not pass the filter by color: 0, added: 0, new vincodes: 0
19-09-2011 15:50:56 --- INFO: Toyota Highlander 4WD - found: 89, pass primary filters: 0, did not pass the filter by color: 0, added: 0, new vincodes: 0
19-09-2011 15:51:20 --- INFO: Subaru Forester - found: 194, pass primary filters: 0, did not pass the filter by color: 0, added: 0, new vincodes: 0
19-09-2011 15:51:53 --- INFO: Nissan Rogue - found: 292, pass primary filters: 0, did not pass the filter by color: 0, added: 0, new vincodes: 0
19-09-2011 15:52:03 --- INFO: Toyota Highlander - found: 89, pass primary filters: 0, did not pass the filter by color: 0, added: 0, new vincodes: 0
19-09-2011 15:52:16 --- INFO: Acura MDX - found: 77, pass primary filters: 0, did not pass the filter by color: 0, added: 0, new vincodes: 0
19-09-2011 15:52:16 --- INFO: finish: 19-09-2011 15:52:16
19-09-2011 15:52:16 --- INFO: elapsed time: ~243.32 sec., memory usage: ~1.73 Mb.
19-09-2011 16:10:01 --- INFO: start: 19-09-2011 16:10:01
19-09-2011 16:10:01 --- INFO: ----------Source_Adesa (cli)
19-09-2011 16:10:03 --- INFO: Authorized request
19-09-2011 16:10:04 --- INFO: Lexus RX 300 - found: 10, pass primary filters: 2, did not pass the filter by color: 1, added: 1, new vincodes: 0
19-09-2011 16:10:08 --- INFO: Lexus RX 330 - found: 6, pass primary filters: 4, did not pass the filter by color: 1, added: 3, new vincodes: 1
19-09-2011 16:10:08 --- INFO: Lexus RX 400H - found: 1, pass primary filters: 0, did not pass the filter by color: 0, added: 0, new vincodes: 0
19-09-2011 16:10:09 --- INFO: Lexus GX 470 - found: 2, pass primary filters: 1, did not pass the filter by color: 1, added: 0, new vincodes: 0
19-09-2011 16:10:10 --- INFO: Lexus GX 470 - found: 1, pass primary filters: 1, did not pass the filter by color: 1, added: 0, new vincodes: 0
19-09-2011 16:10:10 --- INFO: Lexus LX 470 - found: 0, pass primary filters: 0, did not pass the filter by color: 0, added: 0, new vincodes: 0
19-09-2011 16:10:10 --- INFO: Lexus LX 470 - found: 0, pass primary filters: 0, did not pass the filter by color: 0, added: 0, new vincodes: 0
19-09-2011 16:10:11 --- INFO: Toyota Land Cruiser - found: 1, pass primary filters: 0, did not pass the filter by color: 0, added: 0, new vincodes: 0
19-09-2011 16:10:11 --- INFO: Honda CR-V - found: 9, pass primary filters: 0, did not pass the filter by color: 0, added: 0, new vincodes: 0
19-09-2011 16:10:14 --- INFO: Honda CR-V - found: 3, pass primary filters: 2, did not pass the filter by color: 0, added: 2, new vincodes: 0
19-09-2011 16:10:18 --- INFO: Mitsubishi Montero 4WD Limited - found: 15, pass primary filters: 3, did not pass the filter by color: 3, added: 0, new vincodes: 0
19-09-2011 16:10:21 --- INFO: Toyota 4RUNNER 4WD Limited - found: 22, pass primary filters: 4, did not pass the filter by color: 3, added: 1, new vincodes: 0
19-09-2011 16:10:22 --- INFO: Toyota RAV 4 - found: 7, pass primary filters: 1, did not pass the filter by color: 1, added: 0, new vincodes: 0
19-09-2011 16:10:22 --- INFO: Toyota Highlander 4WD - found: 24, pass primary filters: 0, did not pass the filter by color: 0, added: 0, new vincodes: 0
19-09-2011 16:10:26 --- INFO: Subaru Forester - found: 6, pass primary filters: 4, did not pass the filter by color: 0, added: 4, new vincodes: 0
19-09-2011 16:10:28 --- INFO: Nissan Rogue - found: 21, pass primary filters: 3, did not pass the filter by color: 0, added: 3, new vincodes: 0
19-09-2011 16:10:39 --- INFO: Toyota Highlander - found: 24, pass primary filters: 10, did not pass the filter by color: 10, added: 0, new vincodes: 0
19-09-2011 16:10:39 --- INFO: Acura MDX - found: 11, pass primary filters: 0, did not pass the filter by color: 0, added: 0, new vincodes: 0
19-09-2011 16:10:39 --- INFO: finish: 19-09-2011 16:10:39
19-09-2011 16:10:39 --- INFO: elapsed time: ~37.94 sec., memory usage: ~2.24 Mb.
19-09-2011 16:10:01 --- INFO: start: 19-09-2011 16:10:01
19-09-2011 16:10:01 --- INFO: ----------Source_Gsmotors (cli)
19-09-2011 16:10:10 --- INFO: Lexus RX 300 - found: 56, pass primary filters: 0, did not pass the filter by color: 0, added: 0, new vincodes: 0
19-09-2011 16:10:41 --- INFO: Lexus RX 330 - found: 208, pass primary filters: 0, did not pass the filter by color: 0, added: 0, new vincodes: 0
19-09-2011 16:10:48 --- INFO: Lexus RX 400H - found: 40, pass primary filters: 0, did not pass the filter by color: 0, added: 0, new vincodes: 0
19-09-2011 16:10:58 --- INFO: Lexus GX 470 - found: 68, pass primary filters: 0, did not pass the filter by color: 0, added: 0, new vincodes: 0
19-09-2011 16:11:08 --- INFO: Lexus GX 470 - found: 91, pass primary filters: 0, did not pass the filter by color: 0, added: 0, new vincodes: 0
19-09-2011 16:11:13 --- INFO: Lexus LX 470 - found: 19, pass primary filters: 0, did not pass the filter by color: 0, added: 0, new vincodes: 0
19-09-2011 16:11:16 --- INFO: Lexus LX 470 - found: 17, pass primary filters: 0, did not pass the filter by color: 0, added: 0, new vincodes: 0
19-09-2011 16:11:20 --- INFO: Toyota Land Cruiser - found: 14, pass primary filters: 0, did not pass the filter by color: 0, added: 0, new vincodes: 0
19-09-2011 16:11:32 --- INFO: Honda CR-V - found: 63, pass primary filters: 0, did not pass the filter by color: 0, added: 0, new vincodes: 0
19-09-2011 16:11:56 --- INFO: Honda CR-V - found: 176, pass primary filters: 0, did not pass the filter by color: 0, added: 0, new vincodes: 0
19-09-2011 16:12:08 --- INFO: Mitsubishi Montero 4WD Limited - found: 84, pass primary filters: 0, did not pass the filter by color: 0, added: 0, new vincodes: 0
19-09-2011 16:12:33 --- INFO: Toyota 4RUNNER 4WD Limited - found: 192, pass primary filters: 0, did not pass the filter by color: 0, added: 0, new vincodes: 0
19-09-2011 16:12:43 --- INFO: Toyota RAV 4 - found: 90, pass primary filters: 0, did not pass the filter by color: 0, added: 0, new vincodes: 0
19-09-2011 16:12:54 --- INFO: Toyota Highlander 4WD - found: 89, pass primary filters: 0, did not pass the filter by color: 0, added: 0, new vincodes: 0
19-09-2011 16:13:16 --- INFO: Subaru Forester - found: 194, pass primary filters: 0, did not pass the filter by color: 0, added: 0, new vincodes: 0
19-09-2011 16:13:46 --- INFO: Nissan Rogue - found: 292, pass primary filters: 0, did not pass the filter by color: 0, added: 0, new vincodes: 0
19-09-2011 16:13:57 --- INFO: Toyota Highlander - found: 89, pass primary filters: 0, did not pass the filter by color: 0, added: 0, new vincodes: 0
19-09-2011 16:14:08 --- INFO: Acura MDX - found: 77, pass primary filters: 0, did not pass the filter by color: 0, added: 0, new vincodes: 0
19-09-2011 16:14:08 --- INFO: finish: 19-09-2011 16:14:08
19-09-2011 16:14:08 --- INFO: elapsed time: ~246.7 sec., memory usage: ~1.73 Mb.
19-09-2011 18:10:01 --- INFO: start: 19-09-2011 18:10:01
19-09-2011 18:10:01 --- INFO: ----------Source_Adesa (cli)
19-09-2011 18:10:02 --- INFO: Authorized request
19-09-2011 18:10:07 --- INFO: Lexus RX 300 - found: 10, pass primary filters: 4, did not pass the filter by color: 1, added: 3, new vincodes: 2
19-09-2011 18:10:09 --- INFO: Lexus RX 330 - found: 7, pass primary filters: 4, did not pass the filter by color: 1, added: 3, new vincodes: 0
19-09-2011 18:10:11 --- INFO: Lexus RX 400H - found: 2, pass primary filters: 1, did not pass the filter by color: 0, added: 1, new vincodes: 1
19-09-2011 18:10:12 --- INFO: Lexus GX 470 - found: 4, pass primary filters: 1, did not pass the filter by color: 1, added: 0, new vincodes: 0
19-09-2011 18:10:13 --- INFO: Lexus GX 470 - found: 1, pass primary filters: 1, did not pass the filter by color: 1, added: 0, new vincodes: 0
19-09-2011 18:10:13 --- INFO: Lexus LX 470 - found: 0, pass primary filters: 0, did not pass the filter by color: 0, added: 0, new vincodes: 0
19-09-2011 18:10:16 --- INFO: Lexus LX 470 - found: 1, pass primary filters: 1, did not pass the filter by color: 1, added: 0, new vincodes: 1
19-09-2011 18:10:16 --- INFO: Toyota Land Cruiser - found: 1, pass primary filters: 0, did not pass the filter by color: 0, added: 0, new vincodes: 0
19-09-2011 18:10:18 --- INFO: Honda CR-V - found: 13, pass primary filters: 1, did not pass the filter by color: 0, added: 1, new vincodes: 1
19-09-2011 18:10:23 --- INFO: Honda CR-V - found: 3, pass primary filters: 2, did not pass the filter by color: 0, added: 2, new vincodes: 0
19-09-2011 18:10:26 --- INFO: Mitsubishi Montero 4WD Limited - found: 17, pass primary filters: 3, did not pass the filter by color: 3, added: 0, new vincodes: 0
19-09-2011 18:10:28 --- INFO: Toyota 4RUNNER 4WD Limited - found: 28, pass primary filters: 4, did not pass the filter by color: 3, added: 1, new vincodes: 0
19-09-2011 18:10:29 --- INFO: Toyota RAV 4 - found: 9, pass primary filters: 1, did not pass the filter by color: 1, added: 0, new vincodes: 0
19-09-2011 18:10:30 --- INFO: Toyota Highlander 4WD - found: 25, pass primary filters: 0, did not pass the filter by color: 0, added: 0, new vincodes: 0
19-09-2011 18:10:34 --- INFO: Subaru Forester - found: 5, pass primary filters: 3, did not pass the filter by color: 0, added: 3, new vincodes: 0
19-09-2011 18:10:37 --- INFO: Nissan Rogue - found: 21, pass primary filters: 3, did not pass the filter by color: 0, added: 3, new vincodes: 0
19-09-2011 18:10:48 --- INFO: Toyota Highlander - found: 25, pass primary filters: 10, did not pass the filter by color: 10, added: 0, new vincodes: 0
19-09-2011 18:10:48 --- INFO: Acura MDX - found: 12, pass primary filters: 0, did not pass the filter by color: 0, added: 0, new vincodes: 0
19-09-2011 18:10:48 --- INFO: finish: 19-09-2011 18:10:48
19-09-2011 18:10:48 --- INFO: elapsed time: ~47.27 sec., memory usage: ~2.31 Mb.
19-09-2011 18:10:01 --- INFO: start: 19-09-2011 18:10:01
19-09-2011 18:10:01 --- INFO: ----------Source_Gsmotors (cli)
19-09-2011 18:10:14 --- INFO: Lexus RX 300 - found: 68, pass primary filters: 0, did not pass the filter by color: 0, added: 0, new vincodes: 0
19-09-2011 18:11:37 --- INFO: Lexus RX 330 - found: 208, pass primary filters: 0, did not pass the filter by color: 0, added: 0, new vincodes: 0
19-09-2011 18:11:42 --- INFO: Lexus RX 400H - found: 40, pass primary filters: 0, did not pass the filter by color: 0, added: 0, new vincodes: 0
19-09-2011 18:11:49 --- INFO: Lexus GX 470 - found: 68, pass primary filters: 0, did not pass the filter by color: 0, added: 0, new vincodes: 0
19-09-2011 18:11:58 --- INFO: Lexus GX 470 - found: 91, pass primary filters: 0, did not pass the filter by color: 0, added: 0, new vincodes: 0
19-09-2011 18:12:01 --- INFO: Lexus LX 470 - found: 19, pass primary filters: 0, did not pass the filter by color: 0, added: 0, new vincodes: 0
19-09-2011 18:12:03 --- INFO: Lexus LX 470 - found: 17, pass primary filters: 0, did not pass the filter by color: 0, added: 0, new vincodes: 0
19-09-2011 18:12:05 --- INFO: Toyota Land Cruiser - found: 14, pass primary filters: 0, did not pass the filter by color: 0, added: 0, new vincodes: 0
19-09-2011 18:12:13 --- INFO: Honda CR-V - found: 63, pass primary filters: 0, did not pass the filter by color: 0, added: 0, new vincodes: 0
19-09-2011 18:12:30 --- INFO: Honda CR-V - found: 176, pass primary filters: 0, did not pass the filter by color: 0, added: 0, new vincodes: 0
19-09-2011 18:12:39 --- INFO: Mitsubishi Montero 4WD Limited - found: 84, pass primary filters: 0, did not pass the filter by color: 0, added: 0, new vincodes: 0
19-09-2011 18:12:56 --- INFO: Toyota 4RUNNER 4WD Limited - found: 192, pass primary filters: 0, did not pass the filter by color: 0, added: 0, new vincodes: 0
19-09-2011 18:13:05 --- INFO: Toyota RAV 4 - found: 90, pass primary filters: 0, did not pass the filter by color: 0, added: 0, new vincodes: 0
19-09-2011 18:13:15 --- INFO: Toyota Highlander 4WD - found: 89, pass primary filters: 0, did not pass the filter by color: 0, added: 0, new vincodes: 0
19-09-2011 18:13:36 --- INFO: Subaru Forester - found: 194, pass primary filters: 0, did not pass the filter by color: 0, added: 0, new vincodes: 0
19-09-2011 18:14:04 --- INFO: Nissan Rogue - found: 292, pass primary filters: 0, did not pass the filter by color: 0, added: 0, new vincodes: 0
19-09-2011 18:14:13 --- INFO: Toyota Highlander - found: 89, pass primary filters: 0, did not pass the filter by color: 0, added: 0, new vincodes: 0
19-09-2011 18:14:27 --- INFO: Acura MDX - found: 77, pass primary filters: 0, did not pass the filter by color: 0, added: 0, new vincodes: 0
19-09-2011 18:14:27 --- INFO: finish: 19-09-2011 18:14:27
19-09-2011 18:14:27 --- INFO: elapsed time: ~265.86 sec., memory usage: ~1.73 Mb.
19-09-2011 19:05:01 --- INFO: start: 19-09-2011 19:05:01
19-09-2011 19:05:01 --- INFO: ----------Source_Openlane (cli)
19-09-2011 19:05:04 --- ERROR: Unauthorized request
19-09-2011 19:05:04 --- INFO: finish: 19-09-2011 19:05:04
19-09-2011 19:05:04 --- INFO: elapsed time: ~3.06 sec., memory usage: ~1.31 Mb.
19-09-2011 19:10:01 --- INFO: start: 19-09-2011 19:10:01
19-09-2011 19:10:01 --- INFO: ----------Source_Ebay (cli)
19-09-2011 19:10:16 --- INFO: Lexus RX 300 - found: 19, pass primary filters: 1, did not pass the filter by color: 1, added: 0, new vincodes: 0
19-09-2011 19:11:55 --- INFO: Lexus RX 330 - found: 74, pass primary filters: 22, did not pass the filter by color: 10, added: 12, new vincodes: 0
19-09-2011 19:13:06 --- INFO: Lexus RX 400H - found: 54, pass primary filters: 2, did not pass the filter by color: 0, added: 2, new vincodes: 0
19-09-2011 19:13:30 --- INFO: Lexus GX 470 - found: 34, pass primary filters: 8, did not pass the filter by color: 7, added: 1, new vincodes: 0
19-09-2011 19:13:49 --- INFO: Lexus GX 470 - found: 27, pass primary filters: 13, did not pass the filter by color: 11, added: 2, new vincodes: 0
19-09-2011 19:13:55 --- INFO: Lexus LX 470 - found: 7, pass primary filters: 4, did not pass the filter by color: 4, added: 0, new vincodes: 0
19-09-2011 19:14:00 --- INFO: Lexus LX 470 - found: 6, pass primary filters: 5, did not pass the filter by color: 5, added: 0, new vincodes: 0
19-09-2011 19:14:06 --- INFO: Toyota Land Cruiser - found: 6, pass primary filters: 4, did not pass the filter by color: 3, added: 1, new vincodes: 0
19-09-2011 19:14:19 --- INFO: Honda CR-V - found: 17, pass primary filters: 1, did not pass the filter by color: 0, added: 1, new vincodes: 0
19-09-2011 19:15:49 --- INFO: Honda CR-V - found: 67, pass primary filters: 2, did not pass the filter by color: 0, added: 2, new vincodes: 0
19-09-2011 19:15:53 --- INFO: Mitsubishi Montero 4WD Limited - found: 5, pass primary filters: 0, did not pass the filter by color: 0, added: 0, new vincodes: 0
19-09-2011 19:17:14 --- INFO: Toyota 4RUNNER 4WD Limited - found: 58, pass primary filters: 30, did not pass the filter by color: 17, added: 13, new vincodes: 0
19-09-2011 19:17:27 --- INFO: Toyota RAV 4 - found: 16, pass primary filters: 5, did not pass the filter by color: 3, added: 2, new vincodes: 0
19-09-2011 19:17:46 --- INFO: Toyota Highlander 4WD - found: 23, pass primary filters: 0, did not pass the filter by color: 0, added: 0, new vincodes: 0
19-09-2011 19:19:20 --- INFO: Subaru Forester - found: 62, pass primary filters: 8, did not pass the filter by color: 0, added: 8, new vincodes: 0
19-09-2011 19:20:46 --- INFO: Nissan Rogue - found: 55, pass primary filters: 0, did not pass the filter by color: 0, added: 0, new vincodes: 0
19-09-2011 19:21:04 --- INFO: Toyota Highlander - found: 23, pass primary filters: 5, did not pass the filter by color: 4, added: 1, new vincodes: 0
19-09-2011 19:21:15 --- INFO: Acura MDX - found: 15, pass primary filters: 0, did not pass the filter by color: 0, added: 0, new vincodes: 0
19-09-2011 19:21:15 --- INFO: finish: 19-09-2011 19:21:15
19-09-2011 19:21:15 --- INFO: elapsed time: ~674.44 sec., memory usage: ~2.8 Mb.
19-09-2011 23:05:01 --- INFO: start: 19-09-2011 23:05:01
19-09-2011 23:05:01 --- INFO: ----------Source_Openlane (cli)
19-09-2011 23:05:05 --- ERROR: Unauthorized request
19-09-2011 23:05:05 --- INFO: finish: 19-09-2011 23:05:05
19-09-2011 23:05:05 --- INFO: elapsed time: ~3.5 sec., memory usage: ~1.31 Mb.
19-09-2011 23:10:01 --- INFO: start: 19-09-2011 23:10:01
19-09-2011 23:10:01 --- INFO: ----------Source_Ebay (cli)
19-09-2011 23:10:16 --- INFO: Lexus RX 300 - found: 19, pass primary filters: 1, did not pass the filter by color: 1, added: 0, new vincodes: 0
19-09-2011 23:12:08 --- INFO: Lexus RX 330 - found: 71, pass primary filters: 22, did not pass the filter by color: 8, added: 14, new vincodes: 0
19-09-2011 23:13:31 --- INFO: Lexus RX 400H - found: 55, pass primary filters: 2, did not pass the filter by color: 0, added: 2, new vincodes: 0
19-09-2011 23:13:58 --- INFO: Lexus GX 470 - found: 34, pass primary filters: 8, did not pass the filter by color: 7, added: 1, new vincodes: 0
19-09-2011 23:14:19 --- INFO: Lexus GX 470 - found: 27, pass primary filters: 13, did not pass the filter by color: 11, added: 2, new vincodes: 0
19-09-2011 23:14:26 --- INFO: Lexus LX 470 - found: 7, pass primary filters: 4, did not pass the filter by color: 4, added: 0, new vincodes: 0
19-09-2011 23:14:31 --- INFO: Lexus LX 470 - found: 6, pass primary filters: 5, did not pass the filter by color: 5, added: 0, new vincodes: 0
19-09-2011 23:14:38 --- INFO: Toyota Land Cruiser - found: 6, pass primary filters: 4, did not pass the filter by color: 3, added: 1, new vincodes: 0
19-09-2011 23:14:53 --- INFO: Honda CR-V - found: 18, pass primary filters: 1, did not pass the filter by color: 0, added: 1, new vincodes: 0
19-09-2011 23:16:34 --- INFO: Honda CR-V - found: 67, pass primary filters: 2, did not pass the filter by color: 0, added: 2, new vincodes: 0
19-09-2011 23:16:39 --- INFO: Mitsubishi Montero 4WD Limited - found: 5, pass primary filters: 0, did not pass the filter by color: 0, added: 0, new vincodes: 0
19-09-2011 23:18:04 --- INFO: Toyota 4RUNNER 4WD Limited - found: 59, pass primary filters: 30, did not pass the filter by color: 16, added: 14, new vincodes: 0
19-09-2011 23:18:17 --- INFO: Toyota RAV 4 - found: 16, pass primary filters: 5, did not pass the filter by color: 3, added: 2, new vincodes: 0
19-09-2011 23:18:37 --- INFO: Toyota Highlander 4WD - found: 23, pass primary filters: 0, did not pass the filter by color: 0, added: 0, new vincodes: 0
19-09-2011 23:20:10 --- INFO: Subaru Forester - found: 62, pass primary filters: 8, did not pass the filter by color: 0, added: 8, new vincodes: 0
19-09-2011 23:21:24 --- INFO: Nissan Rogue - found: 54, pass primary filters: 0, did not pass the filter by color: 0, added: 0, new vincodes: 0
19-09-2011 23:21:40 --- INFO: Toyota Highlander - found: 23, pass primary filters: 4, did not pass the filter by color: 3, added: 1, new vincodes: 0
19-09-2011 23:21:50 --- INFO: Acura MDX - found: 15, pass primary filters: 0, did not pass the filter by color: 0, added: 0, new vincodes: 0
19-09-2011 23:21:50 --- INFO: finish: 19-09-2011 23:21:50
19-09-2011 23:21:50 --- INFO: elapsed time: ~709.23 sec., memory usage: ~2.79 Mb.