
20-09-2011 03:05:01 --- INFO: start: 20-09-2011 03:05:01
20-09-2011 03:05:01 --- INFO: ----------Source_Openlane (cli)
20-09-2011 03:05:04 --- ERROR: Unauthorized request
20-09-2011 03:05:04 --- INFO: finish: 20-09-2011 03:05:04
20-09-2011 03:05:04 --- INFO: elapsed time: ~2.93 sec., memory usage: ~1.31 Mb.
20-09-2011 03:10:01 --- INFO: start: 20-09-2011 03:10:01
20-09-2011 03:10:01 --- INFO: ----------Source_Ebay (cli)
20-09-2011 03:10:17 --- INFO: Lexus RX 300 - found: 19, pass primary filters: 1, did not pass the filter by color: 1, added: 0, new vincodes: 0
20-09-2011 03:12:11 --- INFO: Lexus RX 330 - found: 75, pass primary filters: 22, did not pass the filter by color: 8, added: 14, new vincodes: 0
20-09-2011 03:13:31 --- INFO: Lexus RX 400H - found: 55, pass primary filters: 2, did not pass the filter by color: 0, added: 2, new vincodes: 0
20-09-2011 03:13:58 --- INFO: Lexus GX 470 - found: 34, pass primary filters: 8, did not pass the filter by color: 7, added: 1, new vincodes: 0
20-09-2011 03:14:20 --- INFO: Lexus GX 470 - found: 27, pass primary filters: 13, did not pass the filter by color: 11, added: 2, new vincodes: 0
20-09-2011 03:14:26 --- INFO: Lexus LX 470 - found: 7, pass primary filters: 4, did not pass the filter by color: 4, added: 0, new vincodes: 0
20-09-2011 03:14:32 --- INFO: Lexus LX 470 - found: 6, pass primary filters: 5, did not pass the filter by color: 5, added: 0, new vincodes: 0
20-09-2011 03:14:37 --- INFO: Toyota Land Cruiser - found: 6, pass primary filters: 4, did not pass the filter by color: 3, added: 1, new vincodes: 0
20-09-2011 03:14:53 --- INFO: Honda CR-V - found: 18, pass primary filters: 1, did not pass the filter by color: 0, added: 1, new vincodes: 0
20-09-2011 03:16:37 --- INFO: Honda CR-V - found: 67, pass primary filters: 2, did not pass the filter by color: 0, added: 2, new vincodes: 0
20-09-2011 03:16:42 --- INFO: Mitsubishi Montero 4WD Limited - found: 5, pass primary filters: 0, did not pass the filter by color: 0, added: 0, new vincodes: 0
20-09-2011 03:18:07 --- INFO: Toyota 4RUNNER 4WD Limited - found: 59, pass primary filters: 30, did not pass the filter by color: 18, added: 12, new vincodes: 0
20-09-2011 03:18:20 --- INFO: Toyota RAV 4 - found: 16, pass primary filters: 5, did not pass the filter by color: 3, added: 2, new vincodes: 0
20-09-2011 03:18:36 --- INFO: Toyota Highlander 4WD - found: 23, pass primary filters: 0, did not pass the filter by color: 0, added: 0, new vincodes: 0
20-09-2011 03:19:59 --- INFO: Subaru Forester - found: 62, pass primary filters: 8, did not pass the filter by color: 0, added: 8, new vincodes: 0
20-09-2011 03:21:13 --- INFO: Nissan Rogue - found: 54, pass primary filters: 0, did not pass the filter by color: 0, added: 0, new vincodes: 0
20-09-2011 03:21:29 --- INFO: Toyota Highlander - found: 23, pass primary filters: 4, did not pass the filter by color: 3, added: 1, new vincodes: 0
20-09-2011 03:21:39 --- INFO: Acura MDX - found: 15, pass primary filters: 0, did not pass the filter by color: 0, added: 0, new vincodes: 0
20-09-2011 03:21:39 --- INFO: finish: 20-09-2011 03:21:39
20-09-2011 03:21:39 --- INFO: elapsed time: ~698.4 sec., memory usage: ~2.79 Mb.
20-09-2011 06:10:01 --- INFO: start: 20-09-2011 06:10:01
20-09-2011 06:10:01 --- INFO: ----------Source_Adesa (cli)
20-09-2011 06:10:02 --- INFO: Authorized request
20-09-2011 06:10:06 --- INFO: Lexus RX 300 - found: 11, pass primary filters: 4, did not pass the filter by color: 1, added: 3, new vincodes: 0
20-09-2011 06:10:07 --- INFO: Lexus RX 330 - found: 7, pass primary filters: 3, did not pass the filter by color: 1, added: 2, new vincodes: 0
20-09-2011 06:10:08 --- INFO: Lexus RX 400H - found: 2, pass primary filters: 1, did not pass the filter by color: 0, added: 1, new vincodes: 0
20-09-2011 06:10:10 --- INFO: Lexus GX 470 - found: 5, pass primary filters: 2, did not pass the filter by color: 2, added: 0, new vincodes: 0
20-09-2011 06:10:13 --- INFO: Lexus GX 470 - found: 2, pass primary filters: 2, did not pass the filter by color: 1, added: 1, new vincodes: 1
20-09-2011 06:10:13 --- INFO: Lexus LX 470 - found: 0, pass primary filters: 0, did not pass the filter by color: 0, added: 0, new vincodes: 0
20-09-2011 06:10:15 --- INFO: Lexus LX 470 - found: 1, pass primary filters: 1, did not pass the filter by color: 1, added: 0, new vincodes: 0
20-09-2011 06:10:15 --- INFO: Toyota Land Cruiser - found: 1, pass primary filters: 0, did not pass the filter by color: 0, added: 0, new vincodes: 0
20-09-2011 06:10:16 --- INFO: Honda CR-V - found: 11, pass primary filters: 1, did not pass the filter by color: 0, added: 1, new vincodes: 0
20-09-2011 06:10:19 --- INFO: Honda CR-V - found: 4, pass primary filters: 2, did not pass the filter by color: 0, added: 2, new vincodes: 0
20-09-2011 06:10:23 --- INFO: Mitsubishi Montero 4WD Limited - found: 20, pass primary filters: 3, did not pass the filter by color: 3, added: 0, new vincodes: 0
20-09-2011 06:10:25 --- INFO: Toyota 4RUNNER 4WD Limited - found: 25, pass primary filters: 3, did not pass the filter by color: 3, added: 0, new vincodes: 0
20-09-2011 06:10:27 --- INFO: Toyota RAV 4 - found: 10, pass primary filters: 2, did not pass the filter by color: 2, added: 0, new vincodes: 1
20-09-2011 06:10:28 --- INFO: Toyota Highlander 4WD - found: 23, pass primary filters: 0, did not pass the filter by color: 0, added: 0, new vincodes: 0
20-09-2011 06:10:30 --- INFO: Subaru Forester - found: 4, pass primary filters: 2, did not pass the filter by color: 0, added: 2, new vincodes: 0
20-09-2011 06:10:32 --- INFO: Nissan Rogue - found: 20, pass primary filters: 3, did not pass the filter by color: 0, added: 3, new vincodes: 0
20-09-2011 06:10:39 --- INFO: Toyota Highlander - found: 23, pass primary filters: 8, did not pass the filter by color: 8, added: 0, new vincodes: 0
20-09-2011 06:10:39 --- INFO: Acura MDX - found: 14, pass primary filters: 0, did not pass the filter by color: 0, added: 0, new vincodes: 0
20-09-2011 06:10:39 --- INFO: finish: 20-09-2011 06:10:39
20-09-2011 06:10:39 --- INFO: elapsed time: ~38.14 sec., memory usage: ~2.26 Mb.
20-09-2011 06:10:01 --- INFO: start: 20-09-2011 06:10:01
20-09-2011 06:10:01 --- INFO: ----------Source_Gsmotors (cli)
20-09-2011 06:10:13 --- INFO: Lexus RX 300 - found: 59, pass primary filters: 0, did not pass the filter by color: 0, added: 0, new vincodes: 0
20-09-2011 06:10:31 --- INFO: Lexus RX 330 - found: 198, pass primary filters: 0, did not pass the filter by color: 0, added: 0, new vincodes: 0
20-09-2011 06:10:36 --- INFO: Lexus RX 400H - found: 36, pass primary filters: 0, did not pass the filter by color: 0, added: 0, new vincodes: 0
20-09-2011 06:10:43 --- INFO: Lexus GX 470 - found: 67, pass primary filters: 0, did not pass the filter by color: 0, added: 0, new vincodes: 0
20-09-2011 06:10:52 --- INFO: Lexus GX 470 - found: 79, pass primary filters: 0, did not pass the filter by color: 0, added: 0, new vincodes: 0
20-09-2011 06:10:55 --- INFO: Lexus LX 470 - found: 17, pass primary filters: 0, did not pass the filter by color: 0, added: 0, new vincodes: 0
20-09-2011 06:10:59 --- INFO: Lexus LX 470 - found: 17, pass primary filters: 0, did not pass the filter by color: 0, added: 0, new vincodes: 0
20-09-2011 06:11:02 --- INFO: Toyota Land Cruiser - found: 13, pass primary filters: 0, did not pass the filter by color: 0, added: 0, new vincodes: 0
20-09-2011 06:11:11 --- INFO: Honda CR-V - found: 57, pass primary filters: 0, did not pass the filter by color: 0, added: 0, new vincodes: 0
20-09-2011 06:11:31 --- INFO: Honda CR-V - found: 169, pass primary filters: 0, did not pass the filter by color: 0, added: 0, new vincodes: 0
20-09-2011 06:11:41 --- INFO: Mitsubishi Montero 4WD Limited - found: 76, pass primary filters: 0, did not pass the filter by color: 0, added: 0, new vincodes: 0
20-09-2011 06:12:01 --- INFO: Toyota 4RUNNER 4WD Limited - found: 175, pass primary filters: 0, did not pass the filter by color: 0, added: 0, new vincodes: 0
20-09-2011 06:12:21 --- INFO: Toyota RAV 4 - found: 91, pass primary filters: 0, did not pass the filter by color: 0, added: 0, new vincodes: 0
20-09-2011 06:12:35 --- INFO: Toyota Highlander 4WD - found: 81, pass primary filters: 0, did not pass the filter by color: 0, added: 0, new vincodes: 0
20-09-2011 06:13:03 --- INFO: Subaru Forester - found: 183, pass primary filters: 0, did not pass the filter by color: 0, added: 0, new vincodes: 0
20-09-2011 06:13:38 --- INFO: Nissan Rogue - found: 271, pass primary filters: 0, did not pass the filter by color: 0, added: 0, new vincodes: 0
20-09-2011 06:13:47 --- INFO: Toyota Highlander - found: 81, pass primary filters: 0, did not pass the filter by color: 0, added: 0, new vincodes: 0
20-09-2011 06:13:59 --- INFO: Acura MDX - found: 77, pass primary filters: 0, did not pass the filter by color: 0, added: 0, new vincodes: 0
20-09-2011 06:13:59 --- INFO: finish: 20-09-2011 06:13:59
20-09-2011 06:13:59 --- INFO: elapsed time: ~237.98 sec., memory usage: ~1.73 Mb.
20-09-2011 07:05:01 --- INFO: start: 20-09-2011 07:05:01
20-09-2011 07:05:01 --- INFO: ----------Source_Openlane (cli)
20-09-2011 07:05:04 --- ERROR: Unauthorized request
20-09-2011 07:05:04 --- INFO: finish: 20-09-2011 07:05:04
20-09-2011 07:05:04 --- INFO: elapsed time: ~2.96 sec., memory usage: ~1.31 Mb.
20-09-2011 07:10:01 --- INFO: start: 20-09-2011 07:10:01
20-09-2011 07:10:01 --- INFO: ----------Source_Ebay (cli)
20-09-2011 07:10:17 --- INFO: Lexus RX 300 - found: 19, pass primary filters: 1, did not pass the filter by color: 1, added: 0, new vincodes: 0
20-09-2011 07:12:07 --- INFO: Lexus RX 330 - found: 75, pass primary filters: 22, did not pass the filter by color: 8, added: 14, new vincodes: 0
20-09-2011 07:13:20 --- INFO: Lexus RX 400H - found: 55, pass primary filters: 2, did not pass the filter by color: 0, added: 2, new vincodes: 0
20-09-2011 07:13:46 --- INFO: Lexus GX 470 - found: 34, pass primary filters: 8, did not pass the filter by color: 7, added: 1, new vincodes: 0
20-09-2011 07:14:06 --- INFO: Lexus GX 470 - found: 27, pass primary filters: 13, did not pass the filter by color: 11, added: 2, new vincodes: 0
20-09-2011 07:14:13 --- INFO: Lexus LX 470 - found: 7, pass primary filters: 4, did not pass the filter by color: 4, added: 0, new vincodes: 0
20-09-2011 07:14:17 --- INFO: Lexus LX 470 - found: 6, pass primary filters: 5, did not pass the filter by color: 5, added: 0, new vincodes: 0
20-09-2011 07:14:23 --- INFO: Toyota Land Cruiser - found: 6, pass primary filters: 4, did not pass the filter by color: 3, added: 1, new vincodes: 0
20-09-2011 07:14:39 --- INFO: Honda CR-V - found: 20, pass primary filters: 1, did not pass the filter by color: 0, added: 1, new vincodes: 0
20-09-2011 07:16:11 --- INFO: Honda CR-V - found: 67, pass primary filters: 2, did not pass the filter by color: 0, added: 2, new vincodes: 0
20-09-2011 07:16:16 --- INFO: Mitsubishi Montero 4WD Limited - found: 5, pass primary filters: 0, did not pass the filter by color: 0, added: 0, new vincodes: 0
20-09-2011 07:17:30 --- INFO: Toyota 4RUNNER 4WD Limited - found: 59, pass primary filters: 30, did not pass the filter by color: 18, added: 12, new vincodes: 0
20-09-2011 07:17:42 --- INFO: Toyota RAV 4 - found: 16, pass primary filters: 5, did not pass the filter by color: 3, added: 2, new vincodes: 0
20-09-2011 07:17:59 --- INFO: Toyota Highlander 4WD - found: 23, pass primary filters: 0, did not pass the filter by color: 0, added: 0, new vincodes: 0
20-09-2011 07:19:33 --- INFO: Subaru Forester - found: 62, pass primary filters: 8, did not pass the filter by color: 0, added: 8, new vincodes: 0
20-09-2011 07:20:56 --- INFO: Nissan Rogue - found: 53, pass primary filters: 0, did not pass the filter by color: 0, added: 0, new vincodes: 0
20-09-2011 07:21:14 --- INFO: Toyota Highlander - found: 23, pass primary filters: 4, did not pass the filter by color: 3, added: 1, new vincodes: 0
20-09-2011 07:21:26 --- INFO: Acura MDX - found: 15, pass primary filters: 0, did not pass the filter by color: 0, added: 0, new vincodes: 0
20-09-2011 07:21:26 --- INFO: finish: 20-09-2011 07:21:26
20-09-2011 07:21:26 --- INFO: elapsed time: ~685.08 sec., memory usage: ~2.79 Mb.
20-09-2011 08:10:01 --- INFO: start: 20-09-2011 08:10:01
20-09-2011 08:10:01 --- INFO: ----------Source_Adesa (cli)
20-09-2011 08:10:02 --- INFO: Authorized request
20-09-2011 08:10:06 --- INFO: Lexus RX 300 - found: 11, pass primary filters: 4, did not pass the filter by color: 1, added: 3, new vincodes: 0
20-09-2011 08:10:07 --- INFO: Lexus RX 330 - found: 7, pass primary filters: 3, did not pass the filter by color: 1, added: 2, new vincodes: 0
20-09-2011 08:10:08 --- INFO: Lexus RX 400H - found: 2, pass primary filters: 1, did not pass the filter by color: 0, added: 1, new vincodes: 0
20-09-2011 08:10:10 --- INFO: Lexus GX 470 - found: 5, pass primary filters: 2, did not pass the filter by color: 2, added: 0, new vincodes: 0
20-09-2011 08:10:13 --- INFO: Lexus GX 470 - found: 2, pass primary filters: 2, did not pass the filter by color: 1, added: 1, new vincodes: 0
20-09-2011 08:10:13 --- INFO: Lexus LX 470 - found: 0, pass primary filters: 0, did not pass the filter by color: 0, added: 0, new vincodes: 0
20-09-2011 08:10:14 --- INFO: Lexus LX 470 - found: 1, pass primary filters: 1, did not pass the filter by color: 1, added: 0, new vincodes: 0
20-09-2011 08:10:14 --- INFO: Toyota Land Cruiser - found: 1, pass primary filters: 0, did not pass the filter by color: 0, added: 0, new vincodes: 0
20-09-2011 08:10:18 --- INFO: Honda CR-V - found: 11, pass primary filters: 1, did not pass the filter by color: 0, added: 1, new vincodes: 0
20-09-2011 08:10:24 --- INFO: Honda CR-V - found: 5, pass primary filters: 2, did not pass the filter by color: 0, added: 2, new vincodes: 0
20-09-2011 08:10:29 --- INFO: Mitsubishi Montero 4WD Limited - found: 19, pass primary filters: 3, did not pass the filter by color: 3, added: 0, new vincodes: 0
20-09-2011 08:10:31 --- INFO: Toyota 4RUNNER 4WD Limited - found: 26, pass primary filters: 3, did not pass the filter by color: 3, added: 0, new vincodes: 0
20-09-2011 08:10:35 --- INFO: Toyota RAV 4 - found: 11, pass primary filters: 3, did not pass the filter by color: 3, added: 0, new vincodes: 1
20-09-2011 08:10:36 --- INFO: Toyota Highlander 4WD - found: 23, pass primary filters: 0, did not pass the filter by color: 0, added: 0, new vincodes: 0
20-09-2011 08:10:39 --- INFO: Subaru Forester - found: 4, pass primary filters: 2, did not pass the filter by color: 0, added: 2, new vincodes: 0
20-09-2011 08:10:42 --- INFO: Nissan Rogue - found: 20, pass primary filters: 3, did not pass the filter by color: 0, added: 3, new vincodes: 0
20-09-2011 08:10:53 --- INFO: Toyota Highlander - found: 23, pass primary filters: 8, did not pass the filter by color: 8, added: 0, new vincodes: 0
20-09-2011 08:10:53 --- INFO: Acura MDX - found: 14, pass primary filters: 0, did not pass the filter by color: 0, added: 0, new vincodes: 0
20-09-2011 08:10:53 --- INFO: finish: 20-09-2011 08:10:53
20-09-2011 08:10:53 --- INFO: elapsed time: ~52.28 sec., memory usage: ~2.24 Mb.
20-09-2011 08:10:01 --- INFO: start: 20-09-2011 08:10:01
20-09-2011 08:10:01 --- INFO: ----------Source_Gsmotors (cli)
20-09-2011 08:10:10 --- INFO: Lexus RX 300 - found: 59, pass primary filters: 0, did not pass the filter by color: 0, added: 0, new vincodes: 0
20-09-2011 08:10:31 --- INFO: Lexus RX 330 - found: 198, pass primary filters: 0, did not pass the filter by color: 0, added: 0, new vincodes: 0
20-09-2011 08:10:42 --- INFO: Lexus RX 400H - found: 36, pass primary filters: 0, did not pass the filter by color: 0, added: 0, new vincodes: 0
20-09-2011 08:10:55 --- INFO: Lexus GX 470 - found: 67, pass primary filters: 0, did not pass the filter by color: 0, added: 0, new vincodes: 0
20-09-2011 08:11:06 --- INFO: Lexus GX 470 - found: 79, pass primary filters: 0, did not pass the filter by color: 0, added: 0, new vincodes: 0
20-09-2011 08:11:09 --- INFO: Lexus LX 470 - found: 17, pass primary filters: 0, did not pass the filter by color: 0, added: 0, new vincodes: 0
20-09-2011 08:11:14 --- INFO: Lexus LX 470 - found: 17, pass primary filters: 0, did not pass the filter by color: 0, added: 0, new vincodes: 0
20-09-2011 08:11:19 --- INFO: Toyota Land Cruiser - found: 13, pass primary filters: 0, did not pass the filter by color: 0, added: 0, new vincodes: 0
20-09-2011 08:11:29 --- INFO: Honda CR-V - found: 57, pass primary filters: 0, did not pass the filter by color: 0, added: 0, new vincodes: 0
20-09-2011 08:11:52 --- INFO: Honda CR-V - found: 169, pass primary filters: 0, did not pass the filter by color: 0, added: 0, new vincodes: 0
20-09-2011 08:12:01 --- INFO: Mitsubishi Montero 4WD Limited - found: 76, pass primary filters: 0, did not pass the filter by color: 0, added: 0, new vincodes: 0
20-09-2011 08:12:26 --- INFO: Toyota 4RUNNER 4WD Limited - found: 175, pass primary filters: 0, did not pass the filter by color: 0, added: 0, new vincodes: 0
20-09-2011 08:12:37 --- INFO: Toyota RAV 4 - found: 91, pass primary filters: 0, did not pass the filter by color: 0, added: 0, new vincodes: 0
20-09-2011 08:12:47 --- INFO: Toyota Highlander 4WD - found: 81, pass primary filters: 0, did not pass the filter by color: 0, added: 0, new vincodes: 0
20-09-2011 08:13:14 --- INFO: Subaru Forester - found: 183, pass primary filters: 0, did not pass the filter by color: 0, added: 0, new vincodes: 0
20-09-2011 08:13:47 --- INFO: Nissan Rogue - found: 271, pass primary filters: 0, did not pass the filter by color: 0, added: 0, new vincodes: 0
20-09-2011 08:14:04 --- INFO: Toyota Highlander - found: 81, pass primary filters: 0, did not pass the filter by color: 0, added: 0, new vincodes: 0
20-09-2011 08:14:17 --- INFO: Acura MDX - found: 77, pass primary filters: 0, did not pass the filter by color: 0, added: 0, new vincodes: 0
20-09-2011 08:14:17 --- INFO: finish: 20-09-2011 08:14:17
20-09-2011 08:14:17 --- INFO: elapsed time: ~256.33 sec., memory usage: ~1.73 Mb.
20-09-2011 09:10:01 --- INFO: start: 20-09-2011 09:10:01
20-09-2011 09:10:01 --- INFO: ----------Source_Adesa (cli)
20-09-2011 09:10:02 --- INFO: Authorized request
20-09-2011 09:10:07 --- INFO: Lexus RX 300 - found: 11, pass primary filters: 4, did not pass the filter by color: 1, added: 3, new vincodes: 0
20-09-2011 09:10:09 --- INFO: Lexus RX 330 - found: 7, pass primary filters: 3, did not pass the filter by color: 1, added: 2, new vincodes: 0
20-09-2011 09:10:10 --- INFO: Lexus RX 400H - found: 2, pass primary filters: 1, did not pass the filter by color: 0, added: 1, new vincodes: 0
20-09-2011 09:10:14 --- INFO: Lexus GX 470 - found: 5, pass primary filters: 2, did not pass the filter by color: 2, added: 0, new vincodes: 0
20-09-2011 09:10:16 --- INFO: Lexus GX 470 - found: 2, pass primary filters: 2, did not pass the filter by color: 1, added: 1, new vincodes: 0
20-09-2011 09:10:16 --- INFO: Lexus LX 470 - found: 0, pass primary filters: 0, did not pass the filter by color: 0, added: 0, new vincodes: 0
20-09-2011 09:10:18 --- INFO: Lexus LX 470 - found: 1, pass primary filters: 1, did not pass the filter by color: 1, added: 0, new vincodes: 0
20-09-2011 09:10:18 --- INFO: Toyota Land Cruiser - found: 1, pass primary filters: 0, did not pass the filter by color: 0, added: 0, new vincodes: 0
20-09-2011 09:10:20 --- INFO: Honda CR-V - found: 13, pass primary filters: 2, did not pass the filter by color: 0, added: 2, new vincodes: 0
20-09-2011 09:10:24 --- INFO: Honda CR-V - found: 6, pass primary filters: 2, did not pass the filter by color: 0, added: 2, new vincodes: 0
20-09-2011 09:10:30 --- INFO: Mitsubishi Montero 4WD Limited - found: 20, pass primary filters: 3, did not pass the filter by color: 3, added: 0, new vincodes: 0
20-09-2011 09:10:33 --- INFO: Toyota 4RUNNER 4WD Limited - found: 26, pass primary filters: 3, did not pass the filter by color: 3, added: 0, new vincodes: 0
20-09-2011 09:10:37 --- INFO: Toyota RAV 4 - found: 11, pass primary filters: 3, did not pass the filter by color: 3, added: 0, new vincodes: 0
20-09-2011 09:10:38 --- INFO: Toyota Highlander 4WD - found: 23, pass primary filters: 0, did not pass the filter by color: 0, added: 0, new vincodes: 0
20-09-2011 09:10:41 --- INFO: Subaru Forester - found: 4, pass primary filters: 2, did not pass the filter by color: 0, added: 2, new vincodes: 0
20-09-2011 09:10:44 --- INFO: Nissan Rogue - found: 21, pass primary filters: 3, did not pass the filter by color: 0, added: 3, new vincodes: 0
20-09-2011 09:11:06 --- INFO: Toyota Highlander - found: 23, pass primary filters: 8, did not pass the filter by color: 8, added: 0, new vincodes: 0
20-09-2011 09:11:07 --- INFO: Acura MDX - found: 14, pass primary filters: 0, did not pass the filter by color: 0, added: 0, new vincodes: 0
20-09-2011 09:11:07 --- INFO: finish: 20-09-2011 09:11:07
20-09-2011 09:11:07 --- INFO: elapsed time: ~65.82 sec., memory usage: ~2.24 Mb.
20-09-2011 09:10:01 --- INFO: start: 20-09-2011 09:10:01
20-09-2011 09:10:01 --- INFO: ----------Source_Gsmotors (cli)
20-09-2011 09:10:15 --- INFO: Lexus RX 300 - found: 59, pass primary filters: 0, did not pass the filter by color: 0, added: 0, new vincodes: 0
20-09-2011 09:10:35 --- INFO: Lexus RX 330 - found: 198, pass primary filters: 0, did not pass the filter by color: 0, added: 0, new vincodes: 0
20-09-2011 09:10:44 --- INFO: Lexus RX 400H - found: 36, pass primary filters: 0, did not pass the filter by color: 0, added: 0, new vincodes: 0
20-09-2011 09:10:55 --- INFO: Lexus GX 470 - found: 67, pass primary filters: 0, did not pass the filter by color: 0, added: 0, new vincodes: 0
20-09-2011 09:11:07 --- INFO: Lexus GX 470 - found: 79, pass primary filters: 0, did not pass the filter by color: 0, added: 0, new vincodes: 0
20-09-2011 09:11:11 --- INFO: Lexus LX 470 - found: 17, pass primary filters: 0, did not pass the filter by color: 0, added: 0, new vincodes: 0
20-09-2011 09:11:13 --- INFO: Lexus LX 470 - found: 17, pass primary filters: 0, did not pass the filter by color: 0, added: 0, new vincodes: 0
20-09-2011 09:11:16 --- INFO: Toyota Land Cruiser - found: 13, pass primary filters: 0, did not pass the filter by color: 0, added: 0, new vincodes: 0
20-09-2011 09:11:25 --- INFO: Honda CR-V - found: 57, pass primary filters: 0, did not pass the filter by color: 0, added: 0, new vincodes: 0
20-09-2011 09:11:47 --- INFO: Honda CR-V - found: 169, pass primary filters: 0, did not pass the filter by color: 0, added: 0, new vincodes: 0
20-09-2011 09:11:59 --- INFO: Mitsubishi Montero 4WD Limited - found: 76, pass primary filters: 0, did not pass the filter by color: 0, added: 0, new vincodes: 0
20-09-2011 09:12:21 --- INFO: Toyota 4RUNNER 4WD Limited - found: 175, pass primary filters: 0, did not pass the filter by color: 0, added: 0, new vincodes: 0
20-09-2011 09:12:36 --- INFO: Toyota RAV 4 - found: 91, pass primary filters: 0, did not pass the filter by color: 0, added: 0, new vincodes: 0
20-09-2011 09:12:49 --- INFO: Toyota Highlander 4WD - found: 81, pass primary filters: 0, did not pass the filter by color: 0, added: 0, new vincodes: 0
20-09-2011 09:13:14 --- INFO: Subaru Forester - found: 183, pass primary filters: 0, did not pass the filter by color: 0, added: 0, new vincodes: 0
20-09-2011 09:13:41 --- INFO: Nissan Rogue - found: 271, pass primary filters: 0, did not pass the filter by color: 0, added: 0, new vincodes: 0
20-09-2011 09:13:52 --- INFO: Toyota Highlander - found: 81, pass primary filters: 0, did not pass the filter by color: 0, added: 0, new vincodes: 0
20-09-2011 09:14:07 --- INFO: Acura MDX - found: 77, pass primary filters: 0, did not pass the filter by color: 0, added: 0, new vincodes: 0
20-09-2011 09:14:07 --- INFO: finish: 20-09-2011 09:14:07
20-09-2011 09:14:07 --- INFO: elapsed time: ~246.12 sec., memory usage: ~1.73 Mb.
20-09-2011 10:00:01 --- INFO: start: 20-09-2011 10:00:01
20-09-2011 10:00:01 --- INFO: ----------Source_Adesa (cli)
20-09-2011 10:00:02 --- INFO: Authorized request
20-09-2011 10:00:06 --- INFO: Lexus RX 300 - found: 11, pass primary filters: 4, did not pass the filter by color: 1, added: 3, new vincodes: 0
20-09-2011 10:00:10 --- INFO: Lexus RX 330 - found: 9, pass primary filters: 4, did not pass the filter by color: 2, added: 2, new vincodes: 0
20-09-2011 10:00:11 --- INFO: Lexus RX 400H - found: 2, pass primary filters: 1, did not pass the filter by color: 0, added: 1, new vincodes: 0
20-09-2011 10:00:13 --- INFO: Lexus GX 470 - found: 5, pass primary filters: 2, did not pass the filter by color: 2, added: 0, new vincodes: 0
20-09-2011 10:00:16 --- INFO: Lexus GX 470 - found: 2, pass primary filters: 2, did not pass the filter by color: 1, added: 1, new vincodes: 0
20-09-2011 10:00:16 --- INFO: Lexus LX 470 - found: 0, pass primary filters: 0, did not pass the filter by color: 0, added: 0, new vincodes: 0
20-09-2011 10:00:17 --- INFO: Lexus LX 470 - found: 1, pass primary filters: 1, did not pass the filter by color: 1, added: 0, new vincodes: 0
20-09-2011 10:00:17 --- INFO: Toyota Land Cruiser - found: 1, pass primary filters: 0, did not pass the filter by color: 0, added: 0, new vincodes: 0
20-09-2011 10:00:21 --- INFO: Honda CR-V - found: 15, pass primary filters: 2, did not pass the filter by color: 0, added: 2, new vincodes: 0
20-09-2011 10:00:25 --- INFO: Honda CR-V - found: 6, pass primary filters: 2, did not pass the filter by color: 0, added: 2, new vincodes: 0
20-09-2011 10:00:29 --- INFO: Mitsubishi Montero 4WD Limited - found: 20, pass primary filters: 3, did not pass the filter by color: 3, added: 0, new vincodes: 0
20-09-2011 10:00:31 --- INFO: Toyota 4RUNNER 4WD Limited - found: 27, pass primary filters: 3, did not pass the filter by color: 3, added: 0, new vincodes: 0
20-09-2011 10:00:34 --- INFO: Toyota RAV 4 - found: 11, pass primary filters: 3, did not pass the filter by color: 3, added: 0, new vincodes: 0
20-09-2011 10:00:34 --- INFO: Toyota Highlander 4WD - found: 23, pass primary filters: 0, did not pass the filter by color: 0, added: 0, new vincodes: 0
20-09-2011 10:00:38 --- INFO: Subaru Forester - found: 4, pass primary filters: 2, did not pass the filter by color: 0, added: 2, new vincodes: 0
20-09-2011 10:00:47 --- INFO: Nissan Rogue - found: 22, pass primary filters: 4, did not pass the filter by color: 0, added: 4, new vincodes: 1
20-09-2011 10:00:55 --- INFO: Toyota Highlander - found: 23, pass primary filters: 8, did not pass the filter by color: 8, added: 0, new vincodes: 0
20-09-2011 10:00:55 --- INFO: Acura MDX - found: 14, pass primary filters: 0, did not pass the filter by color: 0, added: 0, new vincodes: 0
20-09-2011 10:00:55 --- INFO: finish: 20-09-2011 10:00:55
20-09-2011 10:00:55 --- INFO: elapsed time: ~53.85 sec., memory usage: ~2.26 Mb.
20-09-2011 10:00:01 --- INFO: start: 20-09-2011 10:00:01
20-09-2011 10:00:01 --- INFO: ----------Source_Gsmotors (cli)
20-09-2011 10:00:13 --- INFO: Lexus RX 300 - found: 59, pass primary filters: 0, did not pass the filter by color: 0, added: 0, new vincodes: 0
20-09-2011 10:00:33 --- INFO: Lexus RX 330 - found: 198, pass primary filters: 0, did not pass the filter by color: 0, added: 0, new vincodes: 0
20-09-2011 10:00:42 --- INFO: Lexus RX 400H - found: 36, pass primary filters: 0, did not pass the filter by color: 0, added: 0, new vincodes: 0
20-09-2011 10:00:58 --- INFO: Lexus GX 470 - found: 67, pass primary filters: 0, did not pass the filter by color: 0, added: 0, new vincodes: 0
20-09-2011 10:01:22 --- INFO: Lexus GX 470 - found: 79, pass primary filters: 0, did not pass the filter by color: 0, added: 0, new vincodes: 0
20-09-2011 10:01:29 --- INFO: Lexus LX 470 - found: 17, pass primary filters: 0, did not pass the filter by color: 0, added: 0, new vincodes: 0
20-09-2011 10:01:39 --- INFO: Lexus LX 470 - found: 17, pass primary filters: 0, did not pass the filter by color: 0, added: 0, new vincodes: 0
20-09-2011 10:01:42 --- INFO: Toyota Land Cruiser - found: 13, pass primary filters: 0, did not pass the filter by color: 0, added: 0, new vincodes: 0
20-09-2011 10:01:51 --- INFO: Honda CR-V - found: 57, pass primary filters: 0, did not pass the filter by color: 0, added: 0, new vincodes: 0
20-09-2011 10:02:35 --- INFO: Honda CR-V - found: 169, pass primary filters: 0, did not pass the filter by color: 0, added: 0, new vincodes: 0
20-09-2011 10:03:05 --- INFO: Mitsubishi Montero 4WD Limited - found: 76, pass primary filters: 0, did not pass the filter by color: 0, added: 0, new vincodes: 0
20-09-2011 10:03:52 --- INFO: Toyota 4RUNNER 4WD Limited - found: 175, pass primary filters: 0, did not pass the filter by color: 0, added: 0, new vincodes: 0
20-09-2011 10:04:17 --- INFO: Toyota RAV 4 - found: 91, pass primary filters: 0, did not pass the filter by color: 0, added: 0, new vincodes: 0
20-09-2011 10:04:45 --- INFO: Toyota Highlander 4WD - found: 81, pass primary filters: 0, did not pass the filter by color: 0, added: 0, new vincodes: 0
20-09-2011 10:05:20 --- INFO: Subaru Forester - found: 183, pass primary filters: 0, did not pass the filter by color: 0, added: 0, new vincodes: 0
20-09-2011 10:06:03 --- INFO: Nissan Rogue - found: 271, pass primary filters: 0, did not pass the filter by color: 0, added: 0, new vincodes: 0
20-09-2011 10:06:19 --- INFO: Toyota Highlander - found: 81, pass primary filters: 0, did not pass the filter by color: 0, added: 0, new vincodes: 0
20-09-2011 10:06:33 --- INFO: Acura MDX - found: 77, pass primary filters: 0, did not pass the filter by color: 0, added: 0, new vincodes: 0
20-09-2011 10:06:33 --- INFO: finish: 20-09-2011 10:06:33
20-09-2011 10:06:33 --- INFO: elapsed time: ~392.21 sec., memory usage: ~1.73 Mb.
20-09-2011 11:05:01 --- INFO: start: 20-09-2011 11:05:01
20-09-2011 11:05:01 --- INFO: ----------Source_Openlane (cli)
20-09-2011 11:05:04 --- ERROR: Unauthorized request
20-09-2011 11:05:04 --- INFO: finish: 20-09-2011 11:05:04
20-09-2011 11:05:04 --- INFO: elapsed time: ~2.98 sec., memory usage: ~1.31 Mb.
20-09-2011 11:10:01 --- INFO: start: 20-09-2011 11:10:01
20-09-2011 11:10:01 --- INFO: ----------Source_Adesa (cli)
20-09-2011 11:10:02 --- INFO: Authorized request
20-09-2011 11:10:10 --- INFO: Lexus RX 300 - found: 11, pass primary filters: 5, did not pass the filter by color: 1, added: 4, new vincodes: 1
20-09-2011 11:10:12 --- INFO: Lexus RX 330 - found: 9, pass primary filters: 4, did not pass the filter by color: 2, added: 2, new vincodes: 0
20-09-2011 11:10:13 --- INFO: Lexus RX 400H - found: 2, pass primary filters: 1, did not pass the filter by color: 0, added: 1, new vincodes: 0
20-09-2011 11:10:16 --- INFO: Lexus GX 470 - found: 5, pass primary filters: 2, did not pass the filter by color: 2, added: 0, new vincodes: 0
20-09-2011 11:10:19 --- INFO: Lexus GX 470 - found: 2, pass primary filters: 2, did not pass the filter by color: 1, added: 1, new vincodes: 0
20-09-2011 11:10:20 --- INFO: Lexus LX 470 - found: 0, pass primary filters: 0, did not pass the filter by color: 0, added: 0, new vincodes: 0
20-09-2011 11:10:21 --- INFO: Lexus LX 470 - found: 2, pass primary filters: 1, did not pass the filter by color: 1, added: 0, new vincodes: 0
20-09-2011 11:10:21 --- INFO: Toyota Land Cruiser - found: 1, pass primary filters: 0, did not pass the filter by color: 0, added: 0, new vincodes: 0
20-09-2011 11:10:25 --- INFO: Honda CR-V - found: 15, pass primary filters: 2, did not pass the filter by color: 0, added: 2, new vincodes: 0
20-09-2011 11:10:29 --- INFO: Honda CR-V - found: 6, pass primary filters: 2, did not pass the filter by color: 0, added: 2, new vincodes: 0
20-09-2011 11:10:34 --- INFO: Mitsubishi Montero 4WD Limited - found: 22, pass primary filters: 4, did not pass the filter by color: 4, added: 0, new vincodes: 0
20-09-2011 11:10:38 --- INFO: Toyota 4RUNNER 4WD Limited - found: 26, pass primary filters: 4, did not pass the filter by color: 4, added: 0, new vincodes: 1
20-09-2011 11:10:59 --- INFO: Toyota RAV 4 - found: 12, pass primary filters: 4, did not pass the filter by color: 4, added: 0, new vincodes: 0
20-09-2011 11:11:00 --- INFO: Toyota Highlander 4WD - found: 23, pass primary filters: 0, did not pass the filter by color: 0, added: 0, new vincodes: 0
20-09-2011 11:11:06 --- INFO: Subaru Forester - found: 4, pass primary filters: 2, did not pass the filter by color: 0, added: 2, new vincodes: 0
20-09-2011 11:11:30 --- INFO: Nissan Rogue - found: 22, pass primary filters: 4, did not pass the filter by color: 0, added: 4, new vincodes: 0
20-09-2011 11:11:38 --- INFO: Toyota Highlander - found: 23, pass primary filters: 8, did not pass the filter by color: 8, added: 0, new vincodes: 0
20-09-2011 11:11:39 --- INFO: Acura MDX - found: 14, pass primary filters: 0, did not pass the filter by color: 0, added: 0, new vincodes: 0
20-09-2011 11:11:39 --- INFO: finish: 20-09-2011 11:11:39
20-09-2011 11:11:39 --- INFO: elapsed time: ~97.69 sec., memory usage: ~2.33 Mb.
20-09-2011 11:10:01 --- INFO: start: 20-09-2011 11:10:01
20-09-2011 11:10:01 --- INFO: ----------Source_Gsmotors (cli)
20-09-2011 11:10:12 --- INFO: Lexus RX 300 - found: 62, pass primary filters: 0, did not pass the filter by color: 0, added: 0, new vincodes: 0
20-09-2011 11:10:38 --- INFO: Lexus RX 330 - found: 218, pass primary filters: 0, did not pass the filter by color: 0, added: 0, new vincodes: 0
20-09-2011 11:10:46 --- INFO: Lexus RX 400H - found: 42, pass primary filters: 0, did not pass the filter by color: 0, added: 0, new vincodes: 0
20-09-2011 11:10:56 --- INFO: Lexus GX 470 - found: 72, pass primary filters: 0, did not pass the filter by color: 0, added: 0, new vincodes: 0
20-09-2011 11:11:09 --- INFO: Lexus GX 470 - found: 91, pass primary filters: 0, did not pass the filter by color: 0, added: 0, new vincodes: 0
20-09-2011 11:11:13 --- INFO: Lexus LX 470 - found: 20, pass primary filters: 0, did not pass the filter by color: 0, added: 0, new vincodes: 0
20-09-2011 11:11:18 --- INFO: Lexus LX 470 - found: 18, pass primary filters: 0, did not pass the filter by color: 0, added: 0, new vincodes: 0
20-09-2011 11:11:22 --- INFO: Toyota Land Cruiser - found: 13, pass primary filters: 0, did not pass the filter by color: 0, added: 0, new vincodes: 0
20-09-2011 11:11:37 --- INFO: Honda CR-V - found: 61, pass primary filters: 0, did not pass the filter by color: 0, added: 0, new vincodes: 0
20-09-2011 11:12:18 --- INFO: Honda CR-V - found: 184, pass primary filters: 0, did not pass the filter by color: 0, added: 0, new vincodes: 0
20-09-2011 11:12:31 --- INFO: Mitsubishi Montero 4WD Limited - found: 84, pass primary filters: 0, did not pass the filter by color: 0, added: 0, new vincodes: 0
20-09-2011 11:13:06 --- INFO: Toyota 4RUNNER 4WD Limited - found: 184, pass primary filters: 0, did not pass the filter by color: 0, added: 0, new vincodes: 0
20-09-2011 11:13:23 --- INFO: Toyota RAV 4 - found: 92, pass primary filters: 0, did not pass the filter by color: 0, added: 0, new vincodes: 0
20-09-2011 11:13:38 --- INFO: Toyota Highlander 4WD - found: 84, pass primary filters: 0, did not pass the filter by color: 0, added: 0, new vincodes: 0
20-09-2011 11:14:21 --- INFO: Subaru Forester - found: 194, pass primary filters: 0, did not pass the filter by color: 0, added: 0, new vincodes: 0
20-09-2011 11:14:58 --- INFO: Nissan Rogue - found: 275, pass primary filters: 0, did not pass the filter by color: 0, added: 0, new vincodes: 0
20-09-2011 11:15:16 --- INFO: Toyota Highlander - found: 84, pass primary filters: 0, did not pass the filter by color: 0, added: 0, new vincodes: 0
20-09-2011 11:15:32 --- INFO: Acura MDX - found: 79, pass primary filters: 0, did not pass the filter by color: 0, added: 0, new vincodes: 0
20-09-2011 11:15:32 --- INFO: finish: 20-09-2011 11:15:32
20-09-2011 11:15:32 --- INFO: elapsed time: ~331.35 sec., memory usage: ~1.73 Mb.
20-09-2011 11:10:01 --- INFO: start: 20-09-2011 11:10:01
20-09-2011 11:10:01 --- INFO: ----------Source_Ebay (cli)
20-09-2011 11:10:16 --- INFO: Lexus RX 300 - found: 18, pass primary filters: 0, did not pass the filter by color: 0, added: 0, new vincodes: 0
20-09-2011 11:12:08 --- INFO: Lexus RX 330 - found: 75, pass primary filters: 22, did not pass the filter by color: 8, added: 14, new vincodes: 0
20-09-2011 11:13:30 --- INFO: Lexus RX 400H - found: 56, pass primary filters: 2, did not pass the filter by color: 1, added: 1, new vincodes: 0
20-09-2011 11:13:56 --- INFO: Lexus GX 470 - found: 34, pass primary filters: 8, did not pass the filter by color: 7, added: 1, new vincodes: 0
20-09-2011 11:14:19 --- INFO: Lexus GX 470 - found: 27, pass primary filters: 14, did not pass the filter by color: 12, added: 2, new vincodes: 1
20-09-2011 11:14:27 --- INFO: Lexus LX 470 - found: 7, pass primary filters: 4, did not pass the filter by color: 4, added: 0, new vincodes: 0
20-09-2011 11:14:32 --- INFO: Lexus LX 470 - found: 6, pass primary filters: 5, did not pass the filter by color: 5, added: 0, new vincodes: 0
20-09-2011 11:14:38 --- INFO: Toyota Land Cruiser - found: 6, pass primary filters: 4, did not pass the filter by color: 3, added: 1, new vincodes: 0
20-09-2011 11:14:57 --- INFO: Honda CR-V - found: 19, pass primary filters: 1, did not pass the filter by color: 0, added: 1, new vincodes: 0
20-09-2011 11:16:41 --- INFO: Honda CR-V - found: 67, pass primary filters: 2, did not pass the filter by color: 0, added: 2, new vincodes: 0
20-09-2011 11:16:46 --- INFO: Mitsubishi Montero 4WD Limited - found: 5, pass primary filters: 0, did not pass the filter by color: 0, added: 0, new vincodes: 0
20-09-2011 11:18:10 --- INFO: Toyota 4RUNNER 4WD Limited - found: 57, pass primary filters: 28, did not pass the filter by color: 20, added: 8, new vincodes: 0
20-09-2011 11:18:23 --- INFO: Toyota RAV 4 - found: 15, pass primary filters: 4, did not pass the filter by color: 2, added: 2, new vincodes: 0
20-09-2011 11:18:42 --- INFO: Toyota Highlander 4WD - found: 23, pass primary filters: 0, did not pass the filter by color: 0, added: 0, new vincodes: 0
20-09-2011 11:20:07 --- INFO: Subaru Forester - found: 61, pass primary filters: 7, did not pass the filter by color: 0, added: 7, new vincodes: 0
20-09-2011 11:21:19 --- INFO: Nissan Rogue - found: 51, pass primary filters: 0, did not pass the filter by color: 0, added: 0, new vincodes: 0
20-09-2011 11:21:35 --- INFO: Toyota Highlander - found: 23, pass primary filters: 4, did not pass the filter by color: 3, added: 1, new vincodes: 0
20-09-2011 11:21:45 --- INFO: Acura MDX - found: 16, pass primary filters: 0, did not pass the filter by color: 0, added: 0, new vincodes: 0
20-09-2011 11:21:45 --- INFO: finish: 20-09-2011 11:21:45
20-09-2011 11:21:45 --- INFO: elapsed time: ~704.48 sec., memory usage: ~2.79 Mb.
20-09-2011 12:20:01 --- INFO: start: 20-09-2011 12:20:01
20-09-2011 12:20:01 --- INFO: ----------Source_Adesa (cli)
20-09-2011 12:20:02 --- INFO: Authorized request
20-09-2011 12:20:16 --- INFO: Lexus RX 300 - found: 12, pass primary filters: 6, did not pass the filter by color: 2, added: 4, new vincodes: 1
20-09-2011 12:20:19 --- INFO: Lexus RX 330 - found: 9, pass primary filters: 4, did not pass the filter by color: 2, added: 2, new vincodes: 0
20-09-2011 12:20:19 --- INFO: Lexus RX 400H - found: 2, pass primary filters: 1, did not pass the filter by color: 0, added: 1, new vincodes: 0
20-09-2011 12:20:21 --- INFO: Lexus GX 470 - found: 5, pass primary filters: 2, did not pass the filter by color: 2, added: 0, new vincodes: 0
20-09-2011 12:20:23 --- INFO: Lexus GX 470 - found: 2, pass primary filters: 2, did not pass the filter by color: 1, added: 1, new vincodes: 0
20-09-2011 12:20:23 --- INFO: Lexus LX 470 - found: 0, pass primary filters: 0, did not pass the filter by color: 0, added: 0, new vincodes: 0
20-09-2011 12:20:25 --- INFO: Lexus LX 470 - found: 2, pass primary filters: 1, did not pass the filter by color: 1, added: 0, new vincodes: 0
20-09-2011 12:20:25 --- INFO: Toyota Land Cruiser - found: 1, pass primary filters: 0, did not pass the filter by color: 0, added: 0, new vincodes: 0
20-09-2011 12:20:37 --- INFO: Honda CR-V - found: 14, pass primary filters: 2, did not pass the filter by color: 0, added: 2, new vincodes: 1
20-09-2011 12:20:45 --- INFO: Honda CR-V - found: 5, pass primary filters: 1, did not pass the filter by color: 0, added: 1, new vincodes: 0
20-09-2011 12:20:51 --- INFO: Mitsubishi Montero 4WD Limited - found: 23, pass primary filters: 4, did not pass the filter by color: 4, added: 0, new vincodes: 0
20-09-2011 12:20:54 --- INFO: Toyota 4RUNNER 4WD Limited - found: 26, pass primary filters: 4, did not pass the filter by color: 4, added: 0, new vincodes: 0
20-09-2011 12:20:57 --- INFO: Toyota RAV 4 - found: 12, pass primary filters: 4, did not pass the filter by color: 4, added: 0, new vincodes: 0
20-09-2011 12:20:58 --- INFO: Toyota Highlander 4WD - found: 24, pass primary filters: 0, did not pass the filter by color: 0, added: 0, new vincodes: 0
20-09-2011 12:21:00 --- INFO: Subaru Forester - found: 3, pass primary filters: 2, did not pass the filter by color: 0, added: 2, new vincodes: 0
20-09-2011 12:21:03 --- INFO: Nissan Rogue - found: 22, pass primary filters: 4, did not pass the filter by color: 0, added: 4, new vincodes: 0
20-09-2011 12:21:10 --- INFO: Toyota Highlander - found: 24, pass primary filters: 7, did not pass the filter by color: 7, added: 0, new vincodes: 0
20-09-2011 12:21:11 --- INFO: Acura MDX - found: 14, pass primary filters: 0, did not pass the filter by color: 0, added: 0, new vincodes: 0
20-09-2011 12:21:11 --- INFO: finish: 20-09-2011 12:21:11
20-09-2011 12:21:11 --- INFO: elapsed time: ~69.58 sec., memory usage: ~2.33 Mb.
20-09-2011 12:20:01 --- INFO: start: 20-09-2011 12:20:01
20-09-2011 12:20:01 --- INFO: ----------Source_Gsmotors (cli)
20-09-2011 12:20:13 --- INFO: Lexus RX 300 - found: 62, pass primary filters: 0, did not pass the filter by color: 0, added: 0, new vincodes: 0
20-09-2011 12:20:32 --- INFO: Lexus RX 330 - found: 218, pass primary filters: 0, did not pass the filter by color: 0, added: 0, new vincodes: 0
20-09-2011 12:20:42 --- INFO: Lexus RX 400H - found: 42, pass primary filters: 0, did not pass the filter by color: 0, added: 0, new vincodes: 0
20-09-2011 12:20:48 --- INFO: Lexus GX 470 - found: 72, pass primary filters: 0, did not pass the filter by color: 0, added: 0, new vincodes: 0
20-09-2011 12:20:54 --- INFO: Lexus GX 470 - found: 91, pass primary filters: 0, did not pass the filter by color: 0, added: 0, new vincodes: 0
20-09-2011 12:20:57 --- INFO: Lexus LX 470 - found: 20, pass primary filters: 0, did not pass the filter by color: 0, added: 0, new vincodes: 0
20-09-2011 12:21:00 --- INFO: Lexus LX 470 - found: 18, pass primary filters: 0, did not pass the filter by color: 0, added: 0, new vincodes: 0
20-09-2011 12:21:03 --- INFO: Toyota Land Cruiser - found: 13, pass primary filters: 0, did not pass the filter by color: 0, added: 0, new vincodes: 0
20-09-2011 12:21:12 --- INFO: Honda CR-V - found: 61, pass primary filters: 0, did not pass the filter by color: 0, added: 0, new vincodes: 0
20-09-2011 12:21:42 --- INFO: Honda CR-V - found: 184, pass primary filters: 0, did not pass the filter by color: 0, added: 0, new vincodes: 0
20-09-2011 12:21:53 --- INFO: Mitsubishi Montero 4WD Limited - found: 84, pass primary filters: 0, did not pass the filter by color: 0, added: 0, new vincodes: 0
20-09-2011 12:22:21 --- INFO: Toyota 4RUNNER 4WD Limited - found: 184, pass primary filters: 0, did not pass the filter by color: 0, added: 0, new vincodes: 0
20-09-2011 12:22:34 --- INFO: Toyota RAV 4 - found: 92, pass primary filters: 0, did not pass the filter by color: 0, added: 0, new vincodes: 0
20-09-2011 12:22:51 --- INFO: Toyota Highlander 4WD - found: 84, pass primary filters: 0, did not pass the filter by color: 0, added: 0, new vincodes: 0
20-09-2011 12:23:12 --- INFO: Subaru Forester - found: 194, pass primary filters: 0, did not pass the filter by color: 0, added: 0, new vincodes: 0
20-09-2011 12:23:43 --- INFO: Nissan Rogue - found: 275, pass primary filters: 0, did not pass the filter by color: 0, added: 0, new vincodes: 0
20-09-2011 12:23:56 --- INFO: Toyota Highlander - found: 84, pass primary filters: 0, did not pass the filter by color: 0, added: 0, new vincodes: 0
20-09-2011 12:24:13 --- INFO: Acura MDX - found: 79, pass primary filters: 0, did not pass the filter by color: 0, added: 0, new vincodes: 0
20-09-2011 12:24:13 --- INFO: finish: 20-09-2011 12:24:13
20-09-2011 12:24:13 --- INFO: elapsed time: ~251.7 sec., memory usage: ~1.73 Mb.
20-09-2011 13:20:01 --- INFO: start: 20-09-2011 13:20:01
20-09-2011 13:20:01 --- INFO: ----------Source_Adesa (cli)
20-09-2011 13:20:01 --- INFO: Authorized request
20-09-2011 13:20:20 --- INFO: Lexus RX 300 - found: 12, pass primary filters: 6, did not pass the filter by color: 2, added: 4, new vincodes: 0
20-09-2011 13:20:23 --- INFO: Lexus RX 330 - found: 9, pass primary filters: 4, did not pass the filter by color: 2, added: 2, new vincodes: 0
20-09-2011 13:20:24 --- INFO: Lexus RX 400H - found: 2, pass primary filters: 1, did not pass the filter by color: 0, added: 1, new vincodes: 0
20-09-2011 13:20:28 --- INFO: Lexus GX 470 - found: 5, pass primary filters: 3, did not pass the filter by color: 3, added: 0, new vincodes: 1
20-09-2011 13:20:29 --- INFO: Lexus GX 470 - found: 2, pass primary filters: 2, did not pass the filter by color: 1, added: 1, new vincodes: 0
20-09-2011 13:20:30 --- INFO: Lexus LX 470 - found: 0, pass primary filters: 0, did not pass the filter by color: 0, added: 0, new vincodes: 0
20-09-2011 13:20:30 --- INFO: Lexus LX 470 - found: 1, pass primary filters: 0, did not pass the filter by color: 0, added: 0, new vincodes: 0
20-09-2011 13:20:30 --- INFO: Toyota Land Cruiser - found: 1, pass primary filters: 0, did not pass the filter by color: 0, added: 0, new vincodes: 0
20-09-2011 13:20:32 --- INFO: Honda CR-V - found: 15, pass primary filters: 2, did not pass the filter by color: 0, added: 2, new vincodes: 0
20-09-2011 13:20:35 --- INFO: Honda CR-V - found: 6, pass primary filters: 1, did not pass the filter by color: 0, added: 1, new vincodes: 0
20-09-2011 13:20:40 --- INFO: Mitsubishi Montero 4WD Limited - found: 23, pass primary filters: 4, did not pass the filter by color: 4, added: 0, new vincodes: 0
20-09-2011 13:20:46 --- INFO: Toyota 4RUNNER 4WD Limited - found: 27, pass primary filters: 4, did not pass the filter by color: 4, added: 0, new vincodes: 0
20-09-2011 13:20:50 --- INFO: Toyota RAV 4 - found: 13, pass primary filters: 4, did not pass the filter by color: 4, added: 0, new vincodes: 0
20-09-2011 13:20:51 --- INFO: Toyota Highlander 4WD - found: 25, pass primary filters: 0, did not pass the filter by color: 0, added: 0, new vincodes: 0
20-09-2011 13:20:58 --- INFO: Subaru Forester - found: 4, pass primary filters: 3, did not pass the filter by color: 0, added: 3, new vincodes: 1
20-09-2011 13:21:02 --- INFO: Nissan Rogue - found: 22, pass primary filters: 4, did not pass the filter by color: 0, added: 4, new vincodes: 0
20-09-2011 13:21:10 --- INFO: Toyota Highlander - found: 25, pass primary filters: 7, did not pass the filter by color: 7, added: 0, new vincodes: 0
20-09-2011 13:21:11 --- INFO: Acura MDX - found: 16, pass primary filters: 0, did not pass the filter by color: 0, added: 0, new vincodes: 0
20-09-2011 13:21:11 --- INFO: finish: 20-09-2011 13:21:11
20-09-2011 13:21:11 --- INFO: elapsed time: ~69.67 sec., memory usage: ~2.31 Mb.
20-09-2011 13:20:01 --- INFO: start: 20-09-2011 13:20:01
20-09-2011 13:20:01 --- INFO: ----------Source_Gsmotors (cli)
20-09-2011 13:20:09 --- INFO: Lexus RX 300 - found: 62, pass primary filters: 0, did not pass the filter by color: 0, added: 0, new vincodes: 0
20-09-2011 13:20:28 --- INFO: Lexus RX 330 - found: 218, pass primary filters: 0, did not pass the filter by color: 0, added: 0, new vincodes: 0
20-09-2011 13:20:34 --- INFO: Lexus RX 400H - found: 42, pass primary filters: 0, did not pass the filter by color: 0, added: 0, new vincodes: 0
20-09-2011 13:20:43 --- INFO: Lexus GX 470 - found: 72, pass primary filters: 0, did not pass the filter by color: 0, added: 0, new vincodes: 0
20-09-2011 13:20:51 --- INFO: Lexus GX 470 - found: 91, pass primary filters: 0, did not pass the filter by color: 0, added: 0, new vincodes: 0
20-09-2011 13:20:55 --- INFO: Lexus LX 470 - found: 20, pass primary filters: 0, did not pass the filter by color: 0, added: 0, new vincodes: 0
20-09-2011 13:20:58 --- INFO: Lexus LX 470 - found: 18, pass primary filters: 0, did not pass the filter by color: 0, added: 0, new vincodes: 0
20-09-2011 13:21:03 --- INFO: Toyota Land Cruiser - found: 13, pass primary filters: 0, did not pass the filter by color: 0, added: 0, new vincodes: 0
20-09-2011 13:21:18 --- INFO: Honda CR-V - found: 61, pass primary filters: 0, did not pass the filter by color: 0, added: 0, new vincodes: 0
20-09-2011 13:21:37 --- INFO: Honda CR-V - found: 184, pass primary filters: 0, did not pass the filter by color: 0, added: 0, new vincodes: 0
20-09-2011 13:21:56 --- INFO: Mitsubishi Montero 4WD Limited - found: 84, pass primary filters: 0, did not pass the filter by color: 0, added: 0, new vincodes: 0
20-09-2011 13:22:22 --- INFO: Toyota 4RUNNER 4WD Limited - found: 184, pass primary filters: 0, did not pass the filter by color: 0, added: 0, new vincodes: 0
20-09-2011 13:22:33 --- INFO: Toyota RAV 4 - found: 92, pass primary filters: 0, did not pass the filter by color: 0, added: 0, new vincodes: 0
20-09-2011 13:22:47 --- INFO: Toyota Highlander 4WD - found: 84, pass primary filters: 0, did not pass the filter by color: 0, added: 0, new vincodes: 0
20-09-2011 13:23:10 --- INFO: Subaru Forester - found: 194, pass primary filters: 0, did not pass the filter by color: 0, added: 0, new vincodes: 0
20-09-2011 13:23:45 --- INFO: Nissan Rogue - found: 275, pass primary filters: 0, did not pass the filter by color: 0, added: 0, new vincodes: 0
20-09-2011 13:23:57 --- INFO: Toyota Highlander - found: 84, pass primary filters: 0, did not pass the filter by color: 0, added: 0, new vincodes: 0
20-09-2011 13:24:21 --- INFO: Acura MDX - found: 79, pass primary filters: 0, did not pass the filter by color: 0, added: 0, new vincodes: 0
20-09-2011 13:24:21 --- INFO: finish: 20-09-2011 13:24:21
20-09-2011 13:24:21 --- INFO: elapsed time: ~259.99 sec., memory usage: ~1.73 Mb.
20-09-2011 15:05:02 --- INFO: start: 20-09-2011 15:05:02
20-09-2011 15:05:02 --- INFO: ----------Source_Openlane (cli)
20-09-2011 15:05:04 --- ERROR: Unauthorized request
20-09-2011 15:05:04 --- INFO: finish: 20-09-2011 15:05:04
20-09-2011 15:05:04 --- INFO: elapsed time: ~2.96 sec., memory usage: ~1.31 Mb.
20-09-2011 15:10:01 --- INFO: start: 20-09-2011 15:10:01
20-09-2011 15:10:01 --- INFO: ----------Source_Ebay (cli)
20-09-2011 15:10:20 --- INFO: Lexus RX 300 - found: 17, pass primary filters: 0, did not pass the filter by color: 0, added: 0, new vincodes: 0
20-09-2011 15:12:07 --- INFO: Lexus RX 330 - found: 78, pass primary filters: 22, did not pass the filter by color: 8, added: 14, new vincodes: 0
20-09-2011 15:13:17 --- INFO: Lexus RX 400H - found: 52, pass primary filters: 2, did not pass the filter by color: 1, added: 1, new vincodes: 0
20-09-2011 15:13:43 --- INFO: Lexus GX 470 - found: 36, pass primary filters: 9, did not pass the filter by color: 8, added: 1, new vincodes: 0
20-09-2011 15:14:08 --- INFO: Lexus GX 470 - found: 30, pass primary filters: 15, did not pass the filter by color: 12, added: 3, new vincodes: 0
20-09-2011 15:14:14 --- INFO: Lexus LX 470 - found: 7, pass primary filters: 4, did not pass the filter by color: 4, added: 0, new vincodes: 0
20-09-2011 15:14:20 --- INFO: Lexus LX 470 - found: 7, pass primary filters: 6, did not pass the filter by color: 6, added: 0, new vincodes: 0
20-09-2011 15:14:26 --- INFO: Toyota Land Cruiser - found: 6, pass primary filters: 4, did not pass the filter by color: 3, added: 1, new vincodes: 0
20-09-2011 15:14:44 --- INFO: Honda CR-V - found: 18, pass primary filters: 1, did not pass the filter by color: 0, added: 1, new vincodes: 0
20-09-2011 15:16:17 --- INFO: Honda CR-V - found: 67, pass primary filters: 2, did not pass the filter by color: 0, added: 2, new vincodes: 0
20-09-2011 15:16:21 --- INFO: Mitsubishi Montero 4WD Limited - found: 4, pass primary filters: 0, did not pass the filter by color: 0, added: 0, new vincodes: 0
20-09-2011 15:17:32 --- INFO: Toyota 4RUNNER 4WD Limited - found: 55, pass primary filters: 28, did not pass the filter by color: 20, added: 8, new vincodes: 0
20-09-2011 15:17:44 --- INFO: Toyota RAV 4 - found: 14, pass primary filters: 4, did not pass the filter by color: 2, added: 2, new vincodes: 0
20-09-2011 15:18:04 --- INFO: Toyota Highlander 4WD - found: 23, pass primary filters: 0, did not pass the filter by color: 0, added: 0, new vincodes: 0
20-09-2011 15:19:42 --- INFO: Subaru Forester - found: 61, pass primary filters: 8, did not pass the filter by color: 0, added: 8, new vincodes: 0
20-09-2011 15:20:25 --- INFO: Nissan Rogue - found: 50, pass primary filters: 0, did not pass the filter by color: 0, added: 0, new vincodes: 0
20-09-2011 15:20:42 --- INFO: Toyota Highlander - found: 23, pass primary filters: 4, did not pass the filter by color: 3, added: 1, new vincodes: 0
20-09-2011 15:20:55 --- INFO: Acura MDX - found: 15, pass primary filters: 0, did not pass the filter by color: 0, added: 0, new vincodes: 0
20-09-2011 15:20:55 --- INFO: finish: 20-09-2011 15:20:55
20-09-2011 15:20:55 --- INFO: elapsed time: ~654.58 sec., memory usage: ~2.8 Mb.
20-09-2011 16:10:01 --- INFO: start: 20-09-2011 16:10:01
20-09-2011 16:10:01 --- INFO: ----------Source_Adesa (cli)
20-09-2011 16:10:02 --- INFO: Authorized request
20-09-2011 16:10:06 --- INFO: Lexus RX 300 - found: 11, pass primary filters: 6, did not pass the filter by color: 2, added: 4, new vincodes: 0
20-09-2011 16:10:08 --- INFO: Lexus RX 330 - found: 10, pass primary filters: 4, did not pass the filter by color: 2, added: 2, new vincodes: 0
20-09-2011 16:10:08 --- INFO: Lexus RX 400H - found: 2, pass primary filters: 1, did not pass the filter by color: 0, added: 1, new vincodes: 0
20-09-2011 16:10:11 --- INFO: Lexus GX 470 - found: 5, pass primary filters: 3, did not pass the filter by color: 3, added: 0, new vincodes: 0
20-09-2011 16:10:14 --- INFO: Lexus GX 470 - found: 3, pass primary filters: 3, did not pass the filter by color: 2, added: 1, new vincodes: 0
20-09-2011 16:10:14 --- INFO: Lexus LX 470 - found: 0, pass primary filters: 0, did not pass the filter by color: 0, added: 0, new vincodes: 0
20-09-2011 16:10:14 --- INFO: Lexus LX 470 - found: 1, pass primary filters: 0, did not pass the filter by color: 0, added: 0, new vincodes: 0
20-09-2011 16:10:15 --- INFO: Toyota Land Cruiser - found: 1, pass primary filters: 0, did not pass the filter by color: 0, added: 0, new vincodes: 0
20-09-2011 16:10:16 --- INFO: Honda CR-V - found: 16, pass primary filters: 1, did not pass the filter by color: 0, added: 1, new vincodes: 0
20-09-2011 16:10:23 --- INFO: Honda CR-V - found: 7, pass primary filters: 2, did not pass the filter by color: 0, added: 2, new vincodes: 1
20-09-2011 16:10:26 --- INFO: Mitsubishi Montero 4WD Limited - found: 22, pass primary filters: 3, did not pass the filter by color: 3, added: 0, new vincodes: 0
20-09-2011 16:10:29 --- INFO: Toyota 4RUNNER 4WD Limited - found: 26, pass primary filters: 4, did not pass the filter by color: 4, added: 0, new vincodes: 0
20-09-2011 16:10:34 --- INFO: Toyota RAV 4 - found: 13, pass primary filters: 5, did not pass the filter by color: 5, added: 0, new vincodes: 2
20-09-2011 16:10:35 --- INFO: Toyota Highlander 4WD - found: 25, pass primary filters: 0, did not pass the filter by color: 0, added: 0, new vincodes: 0
20-09-2011 16:10:40 --- INFO: Subaru Forester - found: 4, pass primary filters: 4, did not pass the filter by color: 0, added: 4, new vincodes: 1
20-09-2011 16:10:44 --- INFO: Nissan Rogue - found: 22, pass primary filters: 4, did not pass the filter by color: 0, added: 4, new vincodes: 0
20-09-2011 16:11:02 --- INFO: Toyota Highlander - found: 25, pass primary filters: 10, did not pass the filter by color: 10, added: 0, new vincodes: 1
20-09-2011 16:11:02 --- INFO: Acura MDX - found: 19, pass primary filters: 0, did not pass the filter by color: 0, added: 0, new vincodes: 0
20-09-2011 16:11:02 --- INFO: finish: 20-09-2011 16:11:02
20-09-2011 16:11:02 --- INFO: elapsed time: ~61.43 sec., memory usage: ~2.36 Mb.
20-09-2011 16:10:01 --- INFO: start: 20-09-2011 16:10:01
20-09-2011 16:10:01 --- INFO: ----------Source_Gsmotors (cli)
20-09-2011 16:10:12 --- INFO: Lexus RX 300 - found: 66, pass primary filters: 0, did not pass the filter by color: 0, added: 0, new vincodes: 0
20-09-2011 16:10:39 --- INFO: Lexus RX 330 - found: 239, pass primary filters: 0, did not pass the filter by color: 0, added: 0, new vincodes: 0
20-09-2011 16:10:46 --- INFO: Lexus RX 400H - found: 51, pass primary filters: 0, did not pass the filter by color: 0, added: 0, new vincodes: 0
20-09-2011 16:10:58 --- INFO: Lexus GX 470 - found: 80, pass primary filters: 0, did not pass the filter by color: 0, added: 0, new vincodes: 0
20-09-2011 16:11:18 --- INFO: Lexus GX 470 - found: 111, pass primary filters: 0, did not pass the filter by color: 0, added: 0, new vincodes: 0
20-09-2011 16:11:24 --- INFO: Lexus LX 470 - found: 22, pass primary filters: 0, did not pass the filter by color: 0, added: 0, new vincodes: 0
20-09-2011 16:11:31 --- INFO: Lexus LX 470 - found: 19, pass primary filters: 0, did not pass the filter by color: 0, added: 0, new vincodes: 0
20-09-2011 16:11:39 --- INFO: Toyota Land Cruiser - found: 16, pass primary filters: 0, did not pass the filter by color: 0, added: 0, new vincodes: 0
20-09-2011 16:11:51 --- INFO: Honda CR-V - found: 68, pass primary filters: 0, did not pass the filter by color: 0, added: 0, new vincodes: 0
20-09-2011 16:12:24 --- INFO: Honda CR-V - found: 215, pass primary filters: 0, did not pass the filter by color: 0, added: 0, new vincodes: 0
20-09-2011 16:12:38 --- INFO: Mitsubishi Montero 4WD Limited - found: 87, pass primary filters: 0, did not pass the filter by color: 0, added: 0, new vincodes: 0
20-09-2011 16:13:13 --- INFO: Toyota 4RUNNER 4WD Limited - found: 205, pass primary filters: 0, did not pass the filter by color: 0, added: 0, new vincodes: 0
20-09-2011 16:13:24 --- INFO: Toyota RAV 4 - found: 87, pass primary filters: 0, did not pass the filter by color: 0, added: 0, new vincodes: 0
20-09-2011 16:13:36 --- INFO: Toyota Highlander 4WD - found: 90, pass primary filters: 0, did not pass the filter by color: 0, added: 0, new vincodes: 0
20-09-2011 16:14:00 --- INFO: Subaru Forester - found: 202, pass primary filters: 0, did not pass the filter by color: 0, added: 0, new vincodes: 0
20-09-2011 16:14:41 --- INFO: Nissan Rogue - found: 312, pass primary filters: 0, did not pass the filter by color: 0, added: 0, new vincodes: 0
20-09-2011 16:14:50 --- INFO: Toyota Highlander - found: 90, pass primary filters: 0, did not pass the filter by color: 0, added: 0, new vincodes: 0
20-09-2011 16:15:02 --- INFO: Acura MDX - found: 88, pass primary filters: 0, did not pass the filter by color: 0, added: 0, new vincodes: 0
20-09-2011 16:15:02 --- INFO: finish: 20-09-2011 16:15:02
20-09-2011 16:15:02 --- INFO: elapsed time: ~300.97 sec., memory usage: ~1.73 Mb.
20-09-2011 18:10:01 --- INFO: start: 20-09-2011 18:10:01
20-09-2011 18:10:01 --- INFO: ----------Source_Adesa (cli)
20-09-2011 18:10:02 --- INFO: Authorized request
20-09-2011 18:11:44 --- INFO: Lexus RX 300 - found: 12, pass primary filters: 7, did not pass the filter by color: 2, added: 5, new vincodes: 1
20-09-2011 18:11:46 --- INFO: Lexus RX 330 - found: 10, pass primary filters: 4, did not pass the filter by color: 2, added: 2, new vincodes: 0
20-09-2011 18:11:46 --- INFO: Lexus RX 400H - found: 2, pass primary filters: 1, did not pass the filter by color: 0, added: 1, new vincodes: 0
20-09-2011 18:11:50 --- INFO: Lexus GX 470 - found: 7, pass primary filters: 4, did not pass the filter by color: 4, added: 0, new vincodes: 0
20-09-2011 18:11:52 --- INFO: Lexus GX 470 - found: 3, pass primary filters: 3, did not pass the filter by color: 2, added: 1, new vincodes: 0
20-09-2011 18:11:52 --- INFO: Lexus LX 470 - found: 0, pass primary filters: 0, did not pass the filter by color: 0, added: 0, new vincodes: 0
20-09-2011 18:11:52 --- INFO: Lexus LX 470 - found: 1, pass primary filters: 0, did not pass the filter by color: 0, added: 0, new vincodes: 0
20-09-2011 18:11:53 --- INFO: Toyota Land Cruiser - found: 1, pass primary filters: 0, did not pass the filter by color: 0, added: 0, new vincodes: 0
20-09-2011 18:11:54 --- INFO: Honda CR-V - found: 17, pass primary filters: 1, did not pass the filter by color: 0, added: 1, new vincodes: 0
20-09-2011 18:11:58 --- INFO: Honda CR-V - found: 7, pass primary filters: 2, did not pass the filter by color: 0, added: 2, new vincodes: 0
20-09-2011 18:12:00 --- INFO: Mitsubishi Montero 4WD Limited - found: 21, pass primary filters: 3, did not pass the filter by color: 3, added: 0, new vincodes: 0
20-09-2011 18:12:03 --- INFO: Toyota 4RUNNER 4WD Limited - found: 27, pass primary filters: 4, did not pass the filter by color: 4, added: 0, new vincodes: 0
20-09-2011 18:12:11 --- INFO: Toyota RAV 4 - found: 16, pass primary filters: 5, did not pass the filter by color: 5, added: 0, new vincodes: 0
20-09-2011 18:12:11 --- INFO: Toyota Highlander 4WD - found: 25, pass primary filters: 0, did not pass the filter by color: 0, added: 0, new vincodes: 0
20-09-2011 18:12:20 --- INFO: Subaru Forester - found: 5, pass primary filters: 5, did not pass the filter by color: 0, added: 5, new vincodes: 1
20-09-2011 18:12:23 --- INFO: Nissan Rogue - found: 23, pass primary filters: 4, did not pass the filter by color: 0, added: 4, new vincodes: 0
20-09-2011 18:12:37 --- INFO: Toyota Highlander - found: 25, pass primary filters: 10, did not pass the filter by color: 10, added: 0, new vincodes: 0
20-09-2011 18:12:37 --- INFO: Acura MDX - found: 20, pass primary filters: 0, did not pass the filter by color: 0, added: 0, new vincodes: 0
20-09-2011 18:12:37 --- INFO: finish: 20-09-2011 18:12:37
20-09-2011 18:12:37 --- INFO: elapsed time: ~156.1 sec., memory usage: ~2.37 Mb.
20-09-2011 18:10:01 --- INFO: start: 20-09-2011 18:10:01
20-09-2011 18:10:01 --- INFO: ----------Source_Gsmotors (cli)
20-09-2011 18:10:08 --- INFO: Lexus RX 300 - found: 66, pass primary filters: 0, did not pass the filter by color: 0, added: 0, new vincodes: 0
20-09-2011 18:10:33 --- INFO: Lexus RX 330 - found: 239, pass primary filters: 0, did not pass the filter by color: 0, added: 0, new vincodes: 0
20-09-2011 18:10:40 --- INFO: Lexus RX 400H - found: 51, pass primary filters: 0, did not pass the filter by color: 0, added: 0, new vincodes: 0
20-09-2011 18:11:21 --- INFO: Lexus GX 470 - found: 80, pass primary filters: 0, did not pass the filter by color: 0, added: 0, new vincodes: 0
20-09-2011 18:11:52 --- INFO: Lexus GX 470 - found: 111, pass primary filters: 0, did not pass the filter by color: 0, added: 0, new vincodes: 0
20-09-2011 18:12:00 --- INFO: Lexus LX 470 - found: 22, pass primary filters: 0, did not pass the filter by color: 0, added: 0, new vincodes: 0
20-09-2011 18:12:05 --- INFO: Lexus LX 470 - found: 19, pass primary filters: 0, did not pass the filter by color: 0, added: 0, new vincodes: 0
20-09-2011 18:12:11 --- INFO: Toyota Land Cruiser - found: 16, pass primary filters: 0, did not pass the filter by color: 0, added: 0, new vincodes: 0
20-09-2011 18:12:24 --- INFO: Honda CR-V - found: 68, pass primary filters: 0, did not pass the filter by color: 0, added: 0, new vincodes: 0
20-09-2011 18:12:54 --- INFO: Honda CR-V - found: 215, pass primary filters: 0, did not pass the filter by color: 0, added: 0, new vincodes: 0
20-09-2011 18:13:11 --- INFO: Mitsubishi Montero 4WD Limited - found: 87, pass primary filters: 0, did not pass the filter by color: 0, added: 0, new vincodes: 0
20-09-2011 18:13:38 --- INFO: Toyota 4RUNNER 4WD Limited - found: 205, pass primary filters: 0, did not pass the filter by color: 0, added: 0, new vincodes: 0
20-09-2011 18:13:53 --- INFO: Toyota RAV 4 - found: 87, pass primary filters: 0, did not pass the filter by color: 0, added: 0, new vincodes: 0
20-09-2011 18:14:13 --- INFO: Toyota Highlander 4WD - found: 90, pass primary filters: 0, did not pass the filter by color: 0, added: 0, new vincodes: 0
20-09-2011 18:14:42 --- INFO: Subaru Forester - found: 202, pass primary filters: 0, did not pass the filter by color: 0, added: 0, new vincodes: 0
20-09-2011 18:15:22 --- INFO: Nissan Rogue - found: 312, pass primary filters: 0, did not pass the filter by color: 0, added: 0, new vincodes: 0
20-09-2011 18:15:36 --- INFO: Toyota Highlander - found: 90, pass primary filters: 0, did not pass the filter by color: 0, added: 0, new vincodes: 0
20-09-2011 18:15:49 --- INFO: Acura MDX - found: 88, pass primary filters: 0, did not pass the filter by color: 0, added: 0, new vincodes: 0
20-09-2011 18:15:49 --- INFO: finish: 20-09-2011 18:15:49
20-09-2011 18:15:49 --- INFO: elapsed time: ~348.16 sec., memory usage: ~1.73 Mb.
20-09-2011 19:05:01 --- INFO: start: 20-09-2011 19:05:01
20-09-2011 19:05:01 --- INFO: ----------Source_Openlane (cli)
20-09-2011 19:05:04 --- ERROR: Unauthorized request
20-09-2011 19:05:04 --- INFO: finish: 20-09-2011 19:05:04
20-09-2011 19:05:04 --- INFO: elapsed time: ~3.01 sec., memory usage: ~1.31 Mb.
20-09-2011 19:10:01 --- INFO: start: 20-09-2011 19:10:01
20-09-2011 19:10:01 --- INFO: ----------Source_Ebay (cli)
20-09-2011 19:10:17 --- INFO: Lexus RX 300 - found: 18, pass primary filters: 0, did not pass the filter by color: 0, added: 0, new vincodes: 0
20-09-2011 19:12:12 --- INFO: Lexus RX 330 - found: 77, pass primary filters: 20, did not pass the filter by color: 6, added: 14, new vincodes: 0
20-09-2011 19:13:21 --- INFO: Lexus RX 400H - found: 53, pass primary filters: 2, did not pass the filter by color: 0, added: 2, new vincodes: 0
20-09-2011 19:13:46 --- INFO: Lexus GX 470 - found: 36, pass primary filters: 9, did not pass the filter by color: 8, added: 1, new vincodes: 0
20-09-2011 19:14:09 --- INFO: Lexus GX 470 - found: 30, pass primary filters: 14, did not pass the filter by color: 11, added: 3, new vincodes: 0
20-09-2011 19:14:17 --- INFO: Lexus LX 470 - found: 8, pass primary filters: 5, did not pass the filter by color: 5, added: 0, new vincodes: 1
20-09-2011 19:14:21 --- INFO: Lexus LX 470 - found: 6, pass primary filters: 5, did not pass the filter by color: 5, added: 0, new vincodes: 0
20-09-2011 19:14:27 --- INFO: Toyota Land Cruiser - found: 6, pass primary filters: 4, did not pass the filter by color: 3, added: 1, new vincodes: 0
20-09-2011 19:14:41 --- INFO: Honda CR-V - found: 19, pass primary filters: 1, did not pass the filter by color: 0, added: 1, new vincodes: 0
20-09-2011 19:16:12 --- INFO: Honda CR-V - found: 66, pass primary filters: 2, did not pass the filter by color: 0, added: 2, new vincodes: 0
20-09-2011 19:16:16 --- INFO: Mitsubishi Montero 4WD Limited - found: 4, pass primary filters: 0, did not pass the filter by color: 0, added: 0, new vincodes: 0
20-09-2011 19:17:36 --- INFO: Toyota 4RUNNER 4WD Limited - found: 53, pass primary filters: 26, did not pass the filter by color: 17, added: 9, new vincodes: 0
20-09-2011 19:17:48 --- INFO: Toyota RAV 4 - found: 13, pass primary filters: 4, did not pass the filter by color: 2, added: 2, new vincodes: 0
20-09-2011 19:18:08 --- INFO: Toyota Highlander 4WD - found: 24, pass primary filters: 0, did not pass the filter by color: 0, added: 0, new vincodes: 0
20-09-2011 19:19:40 --- INFO: Subaru Forester - found: 61, pass primary filters: 8, did not pass the filter by color: 0, added: 8, new vincodes: 0
20-09-2011 19:20:21 --- INFO: Nissan Rogue - found: 50, pass primary filters: 0, did not pass the filter by color: 0, added: 0, new vincodes: 0
20-09-2011 19:20:41 --- INFO: Toyota Highlander - found: 24, pass primary filters: 4, did not pass the filter by color: 3, added: 1, new vincodes: 0
20-09-2011 19:20:51 --- INFO: Acura MDX - found: 13, pass primary filters: 0, did not pass the filter by color: 0, added: 0, new vincodes: 0
20-09-2011 19:20:51 --- INFO: finish: 20-09-2011 19:20:51
20-09-2011 19:20:51 --- INFO: elapsed time: ~649.67 sec., memory usage: ~2.79 Mb.
20-09-2011 23:05:01 --- INFO: start: 20-09-2011 23:05:01
20-09-2011 23:05:01 --- INFO: ----------Source_Openlane (cli)
20-09-2011 23:05:03 --- ERROR: Unauthorized request
20-09-2011 23:05:03 --- INFO: finish: 20-09-2011 23:05:03
20-09-2011 23:05:03 --- INFO: elapsed time: ~2.3 sec., memory usage: ~1.31 Mb.
20-09-2011 23:10:01 --- INFO: start: 20-09-2011 23:10:01
20-09-2011 23:10:01 --- INFO: ----------Source_Ebay (cli)
20-09-2011 23:10:17 --- INFO: Lexus RX 300 - found: 18, pass primary filters: 0, did not pass the filter by color: 0, added: 0, new vincodes: 0
20-09-2011 23:12:14 --- INFO: Lexus RX 330 - found: 76, pass primary filters: 18, did not pass the filter by color: 8, added: 10, new vincodes: 0
20-09-2011 23:13:21 --- INFO: Lexus RX 400H - found: 52, pass primary filters: 2, did not pass the filter by color: 1, added: 1, new vincodes: 0
20-09-2011 23:13:45 --- INFO: Lexus GX 470 - found: 33, pass primary filters: 6, did not pass the filter by color: 5, added: 1, new vincodes: 0
20-09-2011 23:14:06 --- INFO: Lexus GX 470 - found: 28, pass primary filters: 15, did not pass the filter by color: 11, added: 4, new vincodes: 1
20-09-2011 23:14:13 --- INFO: Lexus LX 470 - found: 8, pass primary filters: 5, did not pass the filter by color: 5, added: 0, new vincodes: 0
20-09-2011 23:14:18 --- INFO: Lexus LX 470 - found: 6, pass primary filters: 5, did not pass the filter by color: 5, added: 0, new vincodes: 0
20-09-2011 23:14:26 --- INFO: Toyota Land Cruiser - found: 8, pass primary filters: 5, did not pass the filter by color: 4, added: 1, new vincodes: 0
20-09-2011 23:14:41 --- INFO: Honda CR-V - found: 19, pass primary filters: 1, did not pass the filter by color: 0, added: 1, new vincodes: 0
20-09-2011 23:16:08 --- INFO: Honda CR-V - found: 65, pass primary filters: 2, did not pass the filter by color: 0, added: 2, new vincodes: 0
20-09-2011 23:16:12 --- INFO: Mitsubishi Montero 4WD Limited - found: 3, pass primary filters: 0, did not pass the filter by color: 0, added: 0, new vincodes: 0
20-09-2011 23:17:23 --- INFO: Toyota 4RUNNER 4WD Limited - found: 51, pass primary filters: 28, did not pass the filter by color: 16, added: 12, new vincodes: 0
20-09-2011 23:17:34 --- INFO: Toyota RAV 4 - found: 13, pass primary filters: 5, did not pass the filter by color: 2, added: 3, new vincodes: 1
20-09-2011 23:17:51 --- INFO: Toyota Highlander 4WD - found: 24, pass primary filters: 0, did not pass the filter by color: 0, added: 0, new vincodes: 0
20-09-2011 23:19:32 --- INFO: Subaru Forester - found: 61, pass primary filters: 8, did not pass the filter by color: 0, added: 8, new vincodes: 0
20-09-2011 23:20:08 --- INFO: Nissan Rogue - found: 50, pass primary filters: 0, did not pass the filter by color: 0, added: 0, new vincodes: 0
20-09-2011 23:20:26 --- INFO: Toyota Highlander - found: 24, pass primary filters: 4, did not pass the filter by color: 3, added: 1, new vincodes: 0
20-09-2011 23:20:36 --- INFO: Acura MDX - found: 13, pass primary filters: 0, did not pass the filter by color: 0, added: 0, new vincodes: 0
20-09-2011 23:20:36 --- INFO: finish: 20-09-2011 23:20:36
20-09-2011 23:20:36 --- INFO: elapsed time: ~634.25 sec., memory usage: ~2.8 Mb.