
20-10-2011 03:05:01 --- INFO: start: 20-10-2011 03:05:01
20-10-2011 03:05:01 --- INFO: ----------Source_Openlane (cli)
20-10-2011 03:05:04 --- ERROR: Unauthorized request
20-10-2011 03:05:04 --- INFO: finish: 20-10-2011 03:05:04
20-10-2011 03:05:04 --- INFO: elapsed time: ~3.2 sec., memory usage: ~1.31 Mb.
20-10-2011 03:10:01 --- INFO: start: 20-10-2011 03:10:01
20-10-2011 03:10:01 --- INFO: ----------Source_Ebay (cli)
20-10-2011 03:10:49 --- INFO: Lexus RX 300 - found: 23, pass primary filters: 6, did not pass the filter by color: 2, added: 4, new vincodes: 0
20-10-2011 03:13:36 --- INFO: Lexus RX 330 - found: 64, pass primary filters: 12, did not pass the filter by color: 6, added: 6, new vincodes: 0
20-10-2011 03:15:30 --- INFO: Lexus RX 400H - found: 57, pass primary filters: 0, did not pass the filter by color: 0, added: 0, new vincodes: 0
20-10-2011 03:16:02 --- INFO: Lexus GX 470 - found: 31, pass primary filters: 8, did not pass the filter by color: 6, added: 2, new vincodes: 0
20-10-2011 03:16:25 --- INFO: Lexus GX 470 - found: 19, pass primary filters: 8, did not pass the filter by color: 6, added: 2, new vincodes: 0
20-10-2011 03:16:36 --- INFO: Lexus LX 470 - found: 9, pass primary filters: 5, did not pass the filter by color: 5, added: 0, new vincodes: 0
20-10-2011 03:16:44 --- INFO: Lexus LX 470 - found: 8, pass primary filters: 3, did not pass the filter by color: 3, added: 0, new vincodes: 0
20-10-2011 03:16:50 --- INFO: Toyota Land Cruiser - found: 4, pass primary filters: 2, did not pass the filter by color: 2, added: 0, new vincodes: 0
20-10-2011 03:17:11 --- INFO: Honda CR-V - found: 22, pass primary filters: 1, did not pass the filter by color: 0, added: 1, new vincodes: 0
20-10-2011 03:19:55 --- INFO: Honda CR-V - found: 67, pass primary filters: 2, did not pass the filter by color: 0, added: 2, new vincodes: 0
20-10-2011 03:20:04 --- INFO: Mitsubishi Montero 4WD Limited - found: 5, pass primary filters: 0, did not pass the filter by color: 0, added: 0, new vincodes: 0
20-10-2011 03:23:31 --- INFO: Toyota 4RUNNER 4WD Limited - found: 64, pass primary filters: 34, did not pass the filter by color: 23, added: 11, new vincodes: 0
20-10-2011 03:23:58 --- INFO: Toyota RAV 4 - found: 14, pass primary filters: 7, did not pass the filter by color: 5, added: 2, new vincodes: 0
20-10-2011 03:24:30 --- INFO: Toyota Highlander 4WD - found: 18, pass primary filters: 0, did not pass the filter by color: 0, added: 0, new vincodes: 0
20-10-2011 03:27:55 --- INFO: Subaru Forester - found: 55, pass primary filters: 8, did not pass the filter by color: 0, added: 8, new vincodes: 0
20-10-2011 03:28:51 --- INFO: Nissan Rogue - found: 46, pass primary filters: 0, did not pass the filter by color: 0, added: 0, new vincodes: 0
20-10-2011 03:29:10 --- INFO: Toyota Highlander - found: 18, pass primary filters: 7, did not pass the filter by color: 7, added: 0, new vincodes: 0
20-10-2011 03:29:28 --- INFO: Acura MDX - found: 18, pass primary filters: 0, did not pass the filter by color: 0, added: 0, new vincodes: 0
20-10-2011 03:29:28 --- INFO: finish: 20-10-2011 03:29:28
20-10-2011 03:29:28 --- INFO: elapsed time: ~1166.46 sec., memory usage: ~2.75 Mb.
20-10-2011 06:10:01 --- INFO: start: 20-10-2011 06:10:01
20-10-2011 06:10:01 --- INFO: ----------Source_Adesa (cli)
20-10-2011 06:10:03 --- INFO: Authorized request
20-10-2011 06:10:14 --- INFO: Lexus RX 300 - found: 18, pass primary filters: 11, did not pass the filter by color: 5, added: 6, new vincodes: 2
20-10-2011 06:10:21 --- INFO: Lexus RX 330 - found: 12, pass primary filters: 8, did not pass the filter by color: 2, added: 6, new vincodes: 0
20-10-2011 06:10:22 --- INFO: Lexus RX 400H - found: 3, pass primary filters: 2, did not pass the filter by color: 1, added: 1, new vincodes: 0
20-10-2011 06:10:29 --- INFO: Lexus GX 470 - found: 10, pass primary filters: 7, did not pass the filter by color: 7, added: 0, new vincodes: 1
20-10-2011 06:10:34 --- INFO: Lexus GX 470 - found: 2, pass primary filters: 2, did not pass the filter by color: 1, added: 1, new vincodes: 0
20-10-2011 06:10:34 --- INFO: Lexus LX 470 - found: 1, pass primary filters: 0, did not pass the filter by color: 0, added: 0, new vincodes: 0
20-10-2011 06:10:34 --- INFO: Lexus LX 470 - found: 1, pass primary filters: 0, did not pass the filter by color: 0, added: 0, new vincodes: 0
20-10-2011 06:10:37 --- INFO: Toyota Land Cruiser - found: 2, pass primary filters: 2, did not pass the filter by color: 2, added: 0, new vincodes: 2
20-10-2011 06:10:38 --- INFO: Honda CR-V - found: 11, pass primary filters: 1, did not pass the filter by color: 0, added: 1, new vincodes: 0
20-10-2011 06:10:39 --- INFO: Honda CR-V - found: 7, pass primary filters: 1, did not pass the filter by color: 0, added: 1, new vincodes: 0
20-10-2011 06:10:41 --- INFO: Mitsubishi Montero 4WD Limited - found: 25, pass primary filters: 2, did not pass the filter by color: 2, added: 0, new vincodes: 0
20-10-2011 06:10:43 --- INFO: Toyota 4RUNNER 4WD Limited - found: 18, pass primary filters: 2, did not pass the filter by color: 1, added: 1, new vincodes: 0
20-10-2011 06:10:46 --- INFO: Toyota RAV 4 - found: 15, pass primary filters: 3, did not pass the filter by color: 3, added: 0, new vincodes: 0
20-10-2011 06:10:47 --- INFO: Toyota Highlander 4WD - found: 27, pass primary filters: 0, did not pass the filter by color: 0, added: 0, new vincodes: 0
20-10-2011 06:10:54 --- INFO: Subaru Forester - found: 10, pass primary filters: 6, did not pass the filter by color: 0, added: 6, new vincodes: 0
20-10-2011 06:10:54 --- INFO: Nissan Rogue - found: 7, pass primary filters: 0, did not pass the filter by color: 0, added: 0, new vincodes: 0
20-10-2011 06:10:58 --- INFO: Toyota Highlander - found: 27, pass primary filters: 5, did not pass the filter by color: 5, added: 0, new vincodes: 0
20-10-2011 06:10:59 --- INFO: Acura MDX - found: 23, pass primary filters: 1, did not pass the filter by color: 0, added: 1, new vincodes: 0
20-10-2011 06:10:59 --- INFO: finish: 20-10-2011 06:10:59
20-10-2011 06:10:59 --- INFO: elapsed time: ~58.28 sec., memory usage: ~2.39 Mb.
20-10-2011 06:10:01 --- INFO: start: 20-10-2011 06:10:01
20-10-2011 06:10:01 --- INFO: ----------Source_Gsmotors (cli)
20-10-2011 06:11:25 --- INFO: Lexus RX 300 - found: 64, pass primary filters: 23, did not pass the filter by color: 8, added: 15, new vincodes: 3
20-10-2011 06:14:21 --- INFO: Lexus RX 330 - found: 140, pass primary filters: 35, did not pass the filter by color: 8, added: 27, new vincodes: 0
20-10-2011 06:15:25 --- INFO: Lexus RX 400H - found: 37, pass primary filters: 6, did not pass the filter by color: 2, added: 4, new vincodes: 0
20-10-2011 06:16:45 --- INFO: Lexus GX 470 - found: 65, pass primary filters: 34, did not pass the filter by color: 27, added: 7, new vincodes: 0
20-10-2011 06:18:01 --- INFO: Lexus GX 470 - found: 55, pass primary filters: 35, did not pass the filter by color: 28, added: 7, new vincodes: 1
20-10-2011 06:18:20 --- INFO: Lexus LX 470 - found: 9, pass primary filters: 7, did not pass the filter by color: 7, added: 0, new vincodes: 0
20-10-2011 06:18:52 --- INFO: Lexus LX 470 - found: 25, pass primary filters: 17, did not pass the filter by color: 16, added: 1, new vincodes: 0
20-10-2011 06:19:13 --- INFO: Toyota Land Cruiser - found: 14, pass primary filters: 9, did not pass the filter by color: 8, added: 1, new vincodes: 0
20-10-2011 06:20:27 --- INFO: Honda CR-V - found: 53, pass primary filters: 4, did not pass the filter by color: 0, added: 4, new vincodes: 0
20-10-2011 06:24:28 --- INFO: Honda CR-V - found: 159, pass primary filters: 4, did not pass the filter by color: 0, added: 4, new vincodes: 0
20-10-2011 06:25:38 --- INFO: Mitsubishi Montero 4WD Limited - found: 47, pass primary filters: 8, did not pass the filter by color: 8, added: 0, new vincodes: 0
20-10-2011 06:29:06 --- INFO: Toyota 4RUNNER 4WD Limited - found: 159, pass primary filters: 47, did not pass the filter by color: 30, added: 17, new vincodes: 0
20-10-2011 06:30:28 --- INFO: Toyota RAV 4 - found: 62, pass primary filters: 27, did not pass the filter by color: 18, added: 9, new vincodes: 1
20-10-2011 06:31:59 --- INFO: Toyota Highlander 4WD - found: 74, pass primary filters: 1, did not pass the filter by color: 0, added: 1, new vincodes: 0
20-10-2011 06:35:36 --- INFO: Subaru Forester - found: 122, pass primary filters: 26, did not pass the filter by color: 0, added: 26, new vincodes: 0
20-10-2011 06:43:01 --- INFO: Nissan Rogue - found: 216, pass primary filters: 10, did not pass the filter by color: 0, added: 10, new vincodes: 0
20-10-2011 06:44:07 --- INFO: Toyota Highlander - found: 74, pass primary filters: 32, did not pass the filter by color: 25, added: 7, new vincodes: 0
20-10-2011 06:45:29 --- INFO: Acura MDX - found: 55, pass primary filters: 1, did not pass the filter by color: 0, added: 1, new vincodes: 0
20-10-2011 06:45:29 --- INFO: finish: 20-10-2011 06:45:29
20-10-2011 06:45:29 --- INFO: elapsed time: ~2127.69 sec., memory usage: ~4.4 Mb.
20-10-2011 07:05:01 --- INFO: start: 20-10-2011 07:05:01
20-10-2011 07:05:01 --- INFO: ----------Source_Openlane (cli)
20-10-2011 07:05:04 --- ERROR: Unauthorized request
20-10-2011 07:05:04 --- INFO: finish: 20-10-2011 07:05:04
20-10-2011 07:05:04 --- INFO: elapsed time: ~3.21 sec., memory usage: ~1.31 Mb.
20-10-2011 07:10:01 --- INFO: start: 20-10-2011 07:10:01
20-10-2011 07:10:01 --- INFO: ----------Source_Ebay (cli)
20-10-2011 07:10:29 --- INFO: Lexus RX 300 - found: 23, pass primary filters: 6, did not pass the filter by color: 2, added: 4, new vincodes: 0
20-10-2011 07:12:40 --- INFO: Lexus RX 330 - found: 63, pass primary filters: 10, did not pass the filter by color: 6, added: 4, new vincodes: 0
20-10-2011 07:14:39 --- INFO: Lexus RX 400H - found: 57, pass primary filters: 0, did not pass the filter by color: 0, added: 0, new vincodes: 0
20-10-2011 07:15:16 --- INFO: Lexus GX 470 - found: 32, pass primary filters: 8, did not pass the filter by color: 6, added: 2, new vincodes: 0
20-10-2011 07:15:38 --- INFO: Lexus GX 470 - found: 19, pass primary filters: 8, did not pass the filter by color: 6, added: 2, new vincodes: 0
20-10-2011 07:15:52 --- INFO: Lexus LX 470 - found: 9, pass primary filters: 5, did not pass the filter by color: 5, added: 0, new vincodes: 0
20-10-2011 07:16:01 --- INFO: Lexus LX 470 - found: 8, pass primary filters: 3, did not pass the filter by color: 3, added: 0, new vincodes: 0
20-10-2011 07:16:13 --- INFO: Toyota Land Cruiser - found: 4, pass primary filters: 2, did not pass the filter by color: 2, added: 0, new vincodes: 0
20-10-2011 07:16:56 --- INFO: Honda CR-V - found: 22, pass primary filters: 1, did not pass the filter by color: 0, added: 1, new vincodes: 0
20-10-2011 07:19:52 --- INFO: Honda CR-V - found: 67, pass primary filters: 2, did not pass the filter by color: 0, added: 2, new vincodes: 0
20-10-2011 07:20:00 --- INFO: Mitsubishi Montero 4WD Limited - found: 5, pass primary filters: 0, did not pass the filter by color: 0, added: 0, new vincodes: 0
20-10-2011 07:22:32 --- INFO: Toyota 4RUNNER 4WD Limited - found: 65, pass primary filters: 34, did not pass the filter by color: 23, added: 11, new vincodes: 0
20-10-2011 07:22:57 --- INFO: Toyota RAV 4 - found: 14, pass primary filters: 7, did not pass the filter by color: 5, added: 2, new vincodes: 0
20-10-2011 07:23:30 --- INFO: Toyota Highlander 4WD - found: 18, pass primary filters: 0, did not pass the filter by color: 0, added: 0, new vincodes: 0
20-10-2011 07:26:42 --- INFO: Subaru Forester - found: 56, pass primary filters: 8, did not pass the filter by color: 0, added: 8, new vincodes: 0
20-10-2011 07:28:17 --- INFO: Nissan Rogue - found: 47, pass primary filters: 0, did not pass the filter by color: 0, added: 0, new vincodes: 0
20-10-2011 07:28:40 --- INFO: Toyota Highlander - found: 18, pass primary filters: 7, did not pass the filter by color: 7, added: 0, new vincodes: 0
20-10-2011 07:29:01 --- INFO: Acura MDX - found: 19, pass primary filters: 0, did not pass the filter by color: 0, added: 0, new vincodes: 0
20-10-2011 07:29:01 --- INFO: finish: 20-10-2011 07:29:01
20-10-2011 07:29:01 --- INFO: elapsed time: ~1140.01 sec., memory usage: ~2.74 Mb.
20-10-2011 08:10:01 --- INFO: start: 20-10-2011 08:10:01
20-10-2011 08:10:01 --- INFO: ----------Source_Adesa (cli)
20-10-2011 08:10:03 --- INFO: Authorized request
20-10-2011 08:10:11 --- INFO: Lexus RX 300 - found: 18, pass primary filters: 11, did not pass the filter by color: 5, added: 6, new vincodes: 0
20-10-2011 08:10:18 --- INFO: Lexus RX 330 - found: 12, pass primary filters: 8, did not pass the filter by color: 2, added: 6, new vincodes: 0
20-10-2011 08:10:19 --- INFO: Lexus RX 400H - found: 3, pass primary filters: 2, did not pass the filter by color: 1, added: 1, new vincodes: 0
20-10-2011 08:10:26 --- INFO: Lexus GX 470 - found: 11, pass primary filters: 8, did not pass the filter by color: 8, added: 0, new vincodes: 0
20-10-2011 08:10:29 --- INFO: Lexus GX 470 - found: 2, pass primary filters: 2, did not pass the filter by color: 1, added: 1, new vincodes: 0
20-10-2011 08:10:29 --- INFO: Lexus LX 470 - found: 1, pass primary filters: 0, did not pass the filter by color: 0, added: 0, new vincodes: 0
20-10-2011 08:10:29 --- INFO: Lexus LX 470 - found: 1, pass primary filters: 0, did not pass the filter by color: 0, added: 0, new vincodes: 0
20-10-2011 08:10:31 --- INFO: Toyota Land Cruiser - found: 2, pass primary filters: 2, did not pass the filter by color: 2, added: 0, new vincodes: 0
20-10-2011 08:10:33 --- INFO: Honda CR-V - found: 12, pass primary filters: 2, did not pass the filter by color: 0, added: 2, new vincodes: 0
20-10-2011 08:10:34 --- INFO: Honda CR-V - found: 7, pass primary filters: 1, did not pass the filter by color: 0, added: 1, new vincodes: 0
20-10-2011 08:10:36 --- INFO: Mitsubishi Montero 4WD Limited - found: 25, pass primary filters: 2, did not pass the filter by color: 2, added: 0, new vincodes: 0
20-10-2011 08:10:38 --- INFO: Toyota 4RUNNER 4WD Limited - found: 18, pass primary filters: 2, did not pass the filter by color: 1, added: 1, new vincodes: 0
20-10-2011 08:10:41 --- INFO: Toyota RAV 4 - found: 15, pass primary filters: 3, did not pass the filter by color: 3, added: 0, new vincodes: 0
20-10-2011 08:10:41 --- INFO: Toyota Highlander 4WD - found: 28, pass primary filters: 0, did not pass the filter by color: 0, added: 0, new vincodes: 0
20-10-2011 08:10:48 --- INFO: Subaru Forester - found: 10, pass primary filters: 6, did not pass the filter by color: 0, added: 6, new vincodes: 0
20-10-2011 08:10:48 --- INFO: Nissan Rogue - found: 7, pass primary filters: 0, did not pass the filter by color: 0, added: 0, new vincodes: 0
20-10-2011 08:10:56 --- INFO: Toyota Highlander - found: 28, pass primary filters: 7, did not pass the filter by color: 7, added: 0, new vincodes: 1
20-10-2011 08:10:58 --- INFO: Acura MDX - found: 23, pass primary filters: 1, did not pass the filter by color: 0, added: 1, new vincodes: 0
20-10-2011 08:10:58 --- INFO: finish: 20-10-2011 08:10:58
20-10-2011 08:10:58 --- INFO: elapsed time: ~56.57 sec., memory usage: ~2.4 Mb.
20-10-2011 08:10:01 --- INFO: start: 20-10-2011 08:10:01
20-10-2011 08:10:01 --- INFO: ----------Source_Gsmotors (cli)
20-10-2011 08:10:50 --- INFO: Lexus RX 300 - found: 64, pass primary filters: 23, did not pass the filter by color: 8, added: 15, new vincodes: 0
20-10-2011 08:12:54 --- INFO: Lexus RX 330 - found: 140, pass primary filters: 35, did not pass the filter by color: 8, added: 27, new vincodes: 0
20-10-2011 08:13:35 --- INFO: Lexus RX 400H - found: 37, pass primary filters: 6, did not pass the filter by color: 2, added: 4, new vincodes: 0
20-10-2011 08:14:19 --- INFO: Lexus GX 470 - found: 65, pass primary filters: 34, did not pass the filter by color: 27, added: 7, new vincodes: 0
20-10-2011 08:14:59 --- INFO: Lexus GX 470 - found: 55, pass primary filters: 35, did not pass the filter by color: 28, added: 7, new vincodes: 0
20-10-2011 08:15:07 --- INFO: Lexus LX 470 - found: 9, pass primary filters: 7, did not pass the filter by color: 7, added: 0, new vincodes: 0
20-10-2011 08:15:22 --- INFO: Lexus LX 470 - found: 25, pass primary filters: 17, did not pass the filter by color: 16, added: 1, new vincodes: 0
20-10-2011 08:15:32 --- INFO: Toyota Land Cruiser - found: 14, pass primary filters: 9, did not pass the filter by color: 8, added: 1, new vincodes: 0
20-10-2011 08:16:05 --- INFO: Honda CR-V - found: 53, pass primary filters: 4, did not pass the filter by color: 0, added: 4, new vincodes: 0
20-10-2011 08:17:41 --- INFO: Honda CR-V - found: 159, pass primary filters: 4, did not pass the filter by color: 0, added: 4, new vincodes: 0
20-10-2011 08:18:20 --- INFO: Mitsubishi Montero 4WD Limited - found: 47, pass primary filters: 8, did not pass the filter by color: 8, added: 0, new vincodes: 0
20-10-2011 08:20:02 --- INFO: Toyota 4RUNNER 4WD Limited - found: 159, pass primary filters: 47, did not pass the filter by color: 30, added: 17, new vincodes: 0
20-10-2011 08:20:44 --- INFO: Toyota RAV 4 - found: 62, pass primary filters: 27, did not pass the filter by color: 18, added: 9, new vincodes: 0
20-10-2011 08:21:38 --- INFO: Toyota Highlander 4WD - found: 74, pass primary filters: 1, did not pass the filter by color: 0, added: 1, new vincodes: 0
20-10-2011 08:23:24 --- INFO: Subaru Forester - found: 122, pass primary filters: 26, did not pass the filter by color: 0, added: 26, new vincodes: 0
20-10-2011 08:27:01 --- INFO: Nissan Rogue - found: 216, pass primary filters: 10, did not pass the filter by color: 0, added: 10, new vincodes: 0
20-10-2011 08:27:53 --- INFO: Toyota Highlander - found: 74, pass primary filters: 32, did not pass the filter by color: 25, added: 7, new vincodes: 0
20-10-2011 08:28:50 --- INFO: Acura MDX - found: 55, pass primary filters: 1, did not pass the filter by color: 0, added: 1, new vincodes: 0
20-10-2011 08:28:50 --- INFO: finish: 20-10-2011 08:28:50
20-10-2011 08:28:50 --- INFO: elapsed time: ~1128.48 sec., memory usage: ~4.31 Mb.
20-10-2011 09:10:01 --- INFO: start: 20-10-2011 09:10:01
20-10-2011 09:10:01 --- INFO: ----------Source_Adesa (cli)
20-10-2011 09:10:02 --- INFO: Authorized request
20-10-2011 09:10:14 --- INFO: Lexus RX 300 - found: 18, pass primary filters: 11, did not pass the filter by color: 5, added: 6, new vincodes: 0
20-10-2011 09:10:20 --- INFO: Lexus RX 330 - found: 13, pass primary filters: 8, did not pass the filter by color: 2, added: 6, new vincodes: 0
20-10-2011 09:10:22 --- INFO: Lexus RX 400H - found: 3, pass primary filters: 2, did not pass the filter by color: 1, added: 1, new vincodes: 0
20-10-2011 09:10:27 --- INFO: Lexus GX 470 - found: 11, pass primary filters: 7, did not pass the filter by color: 7, added: 0, new vincodes: 0
20-10-2011 09:10:31 --- INFO: Lexus GX 470 - found: 2, pass primary filters: 2, did not pass the filter by color: 1, added: 1, new vincodes: 0
20-10-2011 09:10:32 --- INFO: Lexus LX 470 - found: 2, pass primary filters: 1, did not pass the filter by color: 1, added: 0, new vincodes: 0
20-10-2011 09:10:32 --- INFO: Lexus LX 470 - found: 1, pass primary filters: 0, did not pass the filter by color: 0, added: 0, new vincodes: 0
20-10-2011 09:10:34 --- INFO: Toyota Land Cruiser - found: 2, pass primary filters: 2, did not pass the filter by color: 2, added: 0, new vincodes: 0
20-10-2011 09:10:36 --- INFO: Honda CR-V - found: 13, pass primary filters: 2, did not pass the filter by color: 0, added: 2, new vincodes: 0
20-10-2011 09:10:37 --- INFO: Honda CR-V - found: 8, pass primary filters: 1, did not pass the filter by color: 0, added: 1, new vincodes: 0
20-10-2011 09:10:38 --- INFO: Mitsubishi Montero 4WD Limited - found: 25, pass primary filters: 2, did not pass the filter by color: 2, added: 0, new vincodes: 0
20-10-2011 09:10:40 --- INFO: Toyota 4RUNNER 4WD Limited - found: 19, pass primary filters: 2, did not pass the filter by color: 1, added: 1, new vincodes: 0
20-10-2011 09:10:43 --- INFO: Toyota RAV 4 - found: 16, pass primary filters: 3, did not pass the filter by color: 3, added: 0, new vincodes: 0
20-10-2011 09:10:43 --- INFO: Toyota Highlander 4WD - found: 30, pass primary filters: 0, did not pass the filter by color: 0, added: 0, new vincodes: 0
20-10-2011 09:10:50 --- INFO: Subaru Forester - found: 10, pass primary filters: 6, did not pass the filter by color: 0, added: 6, new vincodes: 0
20-10-2011 09:10:51 --- INFO: Nissan Rogue - found: 7, pass primary filters: 0, did not pass the filter by color: 0, added: 0, new vincodes: 0
20-10-2011 09:10:59 --- INFO: Toyota Highlander - found: 30, pass primary filters: 9, did not pass the filter by color: 8, added: 1, new vincodes: 1
20-10-2011 09:11:02 --- INFO: Acura MDX - found: 23, pass primary filters: 1, did not pass the filter by color: 0, added: 1, new vincodes: 0
20-10-2011 09:11:02 --- INFO: finish: 20-10-2011 09:11:02
20-10-2011 09:11:02 --- INFO: elapsed time: ~60.83 sec., memory usage: ~2.41 Mb.
20-10-2011 09:10:01 --- INFO: start: 20-10-2011 09:10:01
20-10-2011 09:10:01 --- INFO: ----------Source_Gsmotors (cli)
20-10-2011 09:11:53 --- INFO: Lexus RX 300 - found: 64, pass primary filters: 23, did not pass the filter by color: 8, added: 15, new vincodes: 0
20-10-2011 09:14:47 --- INFO: Lexus RX 330 - found: 140, pass primary filters: 35, did not pass the filter by color: 8, added: 27, new vincodes: 0
20-10-2011 09:15:29 --- INFO: Lexus RX 400H - found: 37, pass primary filters: 6, did not pass the filter by color: 2, added: 4, new vincodes: 0
20-10-2011 09:16:32 --- INFO: Lexus GX 470 - found: 65, pass primary filters: 34, did not pass the filter by color: 27, added: 7, new vincodes: 0
20-10-2011 09:17:26 --- INFO: Lexus GX 470 - found: 55, pass primary filters: 35, did not pass the filter by color: 28, added: 7, new vincodes: 0
20-10-2011 09:17:36 --- INFO: Lexus LX 470 - found: 9, pass primary filters: 7, did not pass the filter by color: 7, added: 0, new vincodes: 0
20-10-2011 09:18:12 --- INFO: Lexus LX 470 - found: 25, pass primary filters: 17, did not pass the filter by color: 16, added: 1, new vincodes: 0
20-10-2011 09:18:36 --- INFO: Toyota Land Cruiser - found: 14, pass primary filters: 9, did not pass the filter by color: 8, added: 1, new vincodes: 0
20-10-2011 09:19:42 --- INFO: Honda CR-V - found: 53, pass primary filters: 4, did not pass the filter by color: 0, added: 4, new vincodes: 0
20-10-2011 09:22:27 --- INFO: Honda CR-V - found: 159, pass primary filters: 4, did not pass the filter by color: 0, added: 4, new vincodes: 0
20-10-2011 09:23:28 --- INFO: Mitsubishi Montero 4WD Limited - found: 47, pass primary filters: 8, did not pass the filter by color: 8, added: 0, new vincodes: 0
20-10-2011 09:27:06 --- INFO: Toyota 4RUNNER 4WD Limited - found: 159, pass primary filters: 47, did not pass the filter by color: 30, added: 17, new vincodes: 0
20-10-2011 09:28:17 --- INFO: Toyota RAV 4 - found: 62, pass primary filters: 27, did not pass the filter by color: 18, added: 9, new vincodes: 0
20-10-2011 09:30:00 --- INFO: Toyota Highlander 4WD - found: 74, pass primary filters: 1, did not pass the filter by color: 0, added: 1, new vincodes: 0
20-10-2011 09:31:45 --- INFO: Subaru Forester - found: 122, pass primary filters: 26, did not pass the filter by color: 0, added: 26, new vincodes: 0
20-10-2011 09:36:31 --- INFO: Nissan Rogue - found: 216, pass primary filters: 10, did not pass the filter by color: 0, added: 10, new vincodes: 0
20-10-2011 09:37:40 --- INFO: Toyota Highlander - found: 74, pass primary filters: 32, did not pass the filter by color: 26, added: 6, new vincodes: 0
20-10-2011 09:39:03 --- INFO: Acura MDX - found: 55, pass primary filters: 1, did not pass the filter by color: 0, added: 1, new vincodes: 0
20-10-2011 09:39:03 --- INFO: finish: 20-10-2011 09:39:03
20-10-2011 09:39:03 --- INFO: elapsed time: ~1742.07 sec., memory usage: ~4.31 Mb.
20-10-2011 10:00:01 --- INFO: start: 20-10-2011 10:00:01
20-10-2011 10:00:01 --- INFO: ----------Source_Adesa (cli)
20-10-2011 10:00:02 --- INFO: Authorized request
20-10-2011 10:00:13 --- INFO: Lexus RX 300 - found: 18, pass primary filters: 11, did not pass the filter by color: 5, added: 6, new vincodes: 0
20-10-2011 10:00:20 --- INFO: Lexus RX 330 - found: 16, pass primary filters: 9, did not pass the filter by color: 3, added: 6, new vincodes: 0
20-10-2011 10:00:22 --- INFO: Lexus RX 400H - found: 3, pass primary filters: 2, did not pass the filter by color: 1, added: 1, new vincodes: 0
20-10-2011 10:00:27 --- INFO: Lexus GX 470 - found: 10, pass primary filters: 7, did not pass the filter by color: 7, added: 0, new vincodes: 0
20-10-2011 10:00:29 --- INFO: Lexus GX 470 - found: 2, pass primary filters: 2, did not pass the filter by color: 2, added: 0, new vincodes: 0
20-10-2011 10:00:31 --- INFO: Lexus LX 470 - found: 2, pass primary filters: 1, did not pass the filter by color: 1, added: 0, new vincodes: 0
20-10-2011 10:00:31 --- INFO: Lexus LX 470 - found: 1, pass primary filters: 0, did not pass the filter by color: 0, added: 0, new vincodes: 0
20-10-2011 10:00:33 --- INFO: Toyota Land Cruiser - found: 2, pass primary filters: 2, did not pass the filter by color: 2, added: 0, new vincodes: 0
20-10-2011 10:00:35 --- INFO: Honda CR-V - found: 13, pass primary filters: 2, did not pass the filter by color: 0, added: 2, new vincodes: 0
20-10-2011 10:00:37 --- INFO: Honda CR-V - found: 8, pass primary filters: 1, did not pass the filter by color: 0, added: 1, new vincodes: 0
20-10-2011 10:00:39 --- INFO: Mitsubishi Montero 4WD Limited - found: 27, pass primary filters: 2, did not pass the filter by color: 2, added: 0, new vincodes: 0
20-10-2011 10:00:40 --- INFO: Toyota 4RUNNER 4WD Limited - found: 19, pass primary filters: 2, did not pass the filter by color: 1, added: 1, new vincodes: 0
20-10-2011 10:00:43 --- INFO: Toyota RAV 4 - found: 17, pass primary filters: 3, did not pass the filter by color: 3, added: 0, new vincodes: 0
20-10-2011 10:00:44 --- INFO: Toyota Highlander 4WD - found: 30, pass primary filters: 0, did not pass the filter by color: 0, added: 0, new vincodes: 0
20-10-2011 10:00:52 --- INFO: Subaru Forester - found: 10, pass primary filters: 6, did not pass the filter by color: 0, added: 6, new vincodes: 0
20-10-2011 10:00:53 --- INFO: Nissan Rogue - found: 8, pass primary filters: 0, did not pass the filter by color: 0, added: 0, new vincodes: 0
20-10-2011 10:01:01 --- INFO: Toyota Highlander - found: 30, pass primary filters: 9, did not pass the filter by color: 8, added: 1, new vincodes: 0
20-10-2011 10:01:04 --- INFO: Acura MDX - found: 24, pass primary filters: 1, did not pass the filter by color: 0, added: 1, new vincodes: 0
20-10-2011 10:01:04 --- INFO: finish: 20-10-2011 10:01:04
20-10-2011 10:01:04 --- INFO: elapsed time: ~63.47 sec., memory usage: ~2.39 Mb.
20-10-2011 10:00:01 --- INFO: start: 20-10-2011 10:00:01
20-10-2011 10:00:01 --- INFO: ----------Source_Gsmotors (cli)
20-10-2011 10:01:18 --- INFO: Lexus RX 300 - found: 64, pass primary filters: 23, did not pass the filter by color: 8, added: 15, new vincodes: 0
20-10-2011 10:04:24 --- INFO: Lexus RX 330 - found: 140, pass primary filters: 35, did not pass the filter by color: 8, added: 27, new vincodes: 0
20-10-2011 10:04:57 --- INFO: Lexus RX 400H - found: 37, pass primary filters: 6, did not pass the filter by color: 2, added: 4, new vincodes: 0
20-10-2011 10:05:41 --- INFO: Lexus GX 470 - found: 65, pass primary filters: 34, did not pass the filter by color: 27, added: 7, new vincodes: 0
20-10-2011 10:06:21 --- INFO: Lexus GX 470 - found: 55, pass primary filters: 35, did not pass the filter by color: 28, added: 7, new vincodes: 0
20-10-2011 10:06:27 --- INFO: Lexus LX 470 - found: 9, pass primary filters: 7, did not pass the filter by color: 7, added: 0, new vincodes: 0
20-10-2011 10:06:44 --- INFO: Lexus LX 470 - found: 25, pass primary filters: 17, did not pass the filter by color: 16, added: 1, new vincodes: 0
20-10-2011 10:06:54 --- INFO: Toyota Land Cruiser - found: 14, pass primary filters: 9, did not pass the filter by color: 8, added: 1, new vincodes: 0
20-10-2011 10:07:27 --- INFO: Honda CR-V - found: 53, pass primary filters: 4, did not pass the filter by color: 0, added: 4, new vincodes: 0
20-10-2011 10:09:28 --- INFO: Honda CR-V - found: 159, pass primary filters: 4, did not pass the filter by color: 0, added: 4, new vincodes: 0
20-10-2011 10:10:06 --- INFO: Mitsubishi Montero 4WD Limited - found: 47, pass primary filters: 8, did not pass the filter by color: 8, added: 0, new vincodes: 0
20-10-2011 10:13:21 --- INFO: Toyota 4RUNNER 4WD Limited - found: 159, pass primary filters: 47, did not pass the filter by color: 30, added: 17, new vincodes: 0
20-10-2011 10:14:53 --- INFO: Toyota RAV 4 - found: 62, pass primary filters: 27, did not pass the filter by color: 18, added: 9, new vincodes: 0
20-10-2011 10:16:15 --- INFO: Toyota Highlander 4WD - found: 74, pass primary filters: 1, did not pass the filter by color: 0, added: 1, new vincodes: 0
20-10-2011 10:18:20 --- INFO: Subaru Forester - found: 122, pass primary filters: 26, did not pass the filter by color: 0, added: 26, new vincodes: 0
20-10-2011 10:21:51 --- INFO: Nissan Rogue - found: 216, pass primary filters: 10, did not pass the filter by color: 0, added: 10, new vincodes: 0
20-10-2011 10:23:16 --- INFO: Toyota Highlander - found: 74, pass primary filters: 32, did not pass the filter by color: 26, added: 6, new vincodes: 0
20-10-2011 10:24:27 --- INFO: Acura MDX - found: 55, pass primary filters: 1, did not pass the filter by color: 0, added: 1, new vincodes: 0
20-10-2011 10:24:27 --- INFO: finish: 20-10-2011 10:24:27
20-10-2011 10:24:27 --- INFO: elapsed time: ~1466.04 sec., memory usage: ~4.31 Mb.
20-10-2011 11:05:01 --- INFO: start: 20-10-2011 11:05:01
20-10-2011 11:05:01 --- INFO: ----------Source_Openlane (cli)
20-10-2011 11:05:04 --- ERROR: Unauthorized request
20-10-2011 11:05:04 --- INFO: finish: 20-10-2011 11:05:04
20-10-2011 11:05:04 --- INFO: elapsed time: ~3.03 sec., memory usage: ~1.31 Mb.
20-10-2011 11:10:01 --- INFO: start: 20-10-2011 11:10:01
20-10-2011 11:10:01 --- INFO: ----------Source_Adesa (cli)
20-10-2011 11:10:03 --- INFO: Authorized request
20-10-2011 11:10:14 --- INFO: Lexus RX 300 - found: 19, pass primary filters: 12, did not pass the filter by color: 5, added: 7, new vincodes: 1
20-10-2011 11:10:19 --- INFO: Lexus RX 330 - found: 14, pass primary filters: 8, did not pass the filter by color: 2, added: 6, new vincodes: 0
20-10-2011 11:10:24 --- INFO: Lexus RX 400H - found: 3, pass primary filters: 2, did not pass the filter by color: 1, added: 1, new vincodes: 0
20-10-2011 11:10:33 --- INFO: Lexus GX 470 - found: 10, pass primary filters: 7, did not pass the filter by color: 7, added: 0, new vincodes: 0
20-10-2011 11:10:34 --- INFO: Lexus GX 470 - found: 2, pass primary filters: 2, did not pass the filter by color: 2, added: 0, new vincodes: 0
20-10-2011 11:10:36 --- INFO: Lexus LX 470 - found: 2, pass primary filters: 1, did not pass the filter by color: 1, added: 0, new vincodes: 0
20-10-2011 11:10:36 --- INFO: Lexus LX 470 - found: 1, pass primary filters: 0, did not pass the filter by color: 0, added: 0, new vincodes: 0
20-10-2011 11:10:38 --- INFO: Toyota Land Cruiser - found: 2, pass primary filters: 2, did not pass the filter by color: 2, added: 0, new vincodes: 0
20-10-2011 11:10:39 --- INFO: Honda CR-V - found: 12, pass primary filters: 2, did not pass the filter by color: 0, added: 2, new vincodes: 0
20-10-2011 11:10:41 --- INFO: Honda CR-V - found: 8, pass primary filters: 1, did not pass the filter by color: 0, added: 1, new vincodes: 0
20-10-2011 11:10:43 --- INFO: Mitsubishi Montero 4WD Limited - found: 27, pass primary filters: 2, did not pass the filter by color: 2, added: 0, new vincodes: 0
20-10-2011 11:10:44 --- INFO: Toyota 4RUNNER 4WD Limited - found: 20, pass primary filters: 2, did not pass the filter by color: 1, added: 1, new vincodes: 0
20-10-2011 11:10:47 --- INFO: Toyota RAV 4 - found: 16, pass primary filters: 3, did not pass the filter by color: 3, added: 0, new vincodes: 1
20-10-2011 11:10:48 --- INFO: Toyota Highlander 4WD - found: 30, pass primary filters: 0, did not pass the filter by color: 0, added: 0, new vincodes: 0
20-10-2011 11:10:56 --- INFO: Subaru Forester - found: 10, pass primary filters: 6, did not pass the filter by color: 0, added: 6, new vincodes: 0
20-10-2011 11:10:56 --- INFO: Nissan Rogue - found: 10, pass primary filters: 1, did not pass the filter by color: 0, added: 1, new vincodes: 0
20-10-2011 11:11:09 --- INFO: Toyota Highlander - found: 30, pass primary filters: 10, did not pass the filter by color: 9, added: 1, new vincodes: 1
20-10-2011 11:11:11 --- INFO: Acura MDX - found: 24, pass primary filters: 1, did not pass the filter by color: 0, added: 1, new vincodes: 0
20-10-2011 11:11:11 --- INFO: finish: 20-10-2011 11:11:11
20-10-2011 11:11:11 --- INFO: elapsed time: ~70.21 sec., memory usage: ~2.45 Mb.
20-10-2011 11:10:01 --- INFO: start: 20-10-2011 11:10:01
20-10-2011 11:10:01 --- INFO: ----------Source_Ebay (cli)
20-10-2011 11:10:43 --- INFO: Lexus RX 300 - found: 23, pass primary filters: 6, did not pass the filter by color: 2, added: 4, new vincodes: 0
20-10-2011 11:14:45 --- INFO: Lexus RX 330 - found: 63, pass primary filters: 10, did not pass the filter by color: 6, added: 4, new vincodes: 0
20-10-2011 11:17:08 --- INFO: Lexus RX 400H - found: 57, pass primary filters: 0, did not pass the filter by color: 0, added: 0, new vincodes: 0
20-10-2011 11:17:40 --- INFO: Lexus GX 470 - found: 30, pass primary filters: 7, did not pass the filter by color: 5, added: 2, new vincodes: 0
20-10-2011 11:17:59 --- INFO: Lexus GX 470 - found: 19, pass primary filters: 8, did not pass the filter by color: 6, added: 2, new vincodes: 0
20-10-2011 11:18:11 --- INFO: Lexus LX 470 - found: 9, pass primary filters: 5, did not pass the filter by color: 5, added: 0, new vincodes: 0
20-10-2011 11:18:19 --- INFO: Lexus LX 470 - found: 8, pass primary filters: 3, did not pass the filter by color: 3, added: 0, new vincodes: 0
20-10-2011 11:18:26 --- INFO: Toyota Land Cruiser - found: 4, pass primary filters: 2, did not pass the filter by color: 2, added: 0, new vincodes: 0
20-10-2011 11:18:50 --- INFO: Honda CR-V - found: 22, pass primary filters: 1, did not pass the filter by color: 0, added: 1, new vincodes: 0
20-10-2011 11:21:03 --- INFO: Honda CR-V - found: 65, pass primary filters: 2, did not pass the filter by color: 0, added: 2, new vincodes: 0
20-10-2011 11:21:09 --- INFO: Mitsubishi Montero 4WD Limited - found: 5, pass primary filters: 0, did not pass the filter by color: 0, added: 0, new vincodes: 0
20-10-2011 11:24:11 --- INFO: Toyota 4RUNNER 4WD Limited - found: 64, pass primary filters: 32, did not pass the filter by color: 26, added: 6, new vincodes: 0
20-10-2011 11:24:38 --- INFO: Toyota RAV 4 - found: 14, pass primary filters: 6, did not pass the filter by color: 5, added: 1, new vincodes: 0
20-10-2011 11:25:15 --- INFO: Toyota Highlander 4WD - found: 18, pass primary filters: 0, did not pass the filter by color: 0, added: 0, new vincodes: 0
20-10-2011 11:28:31 --- INFO: Subaru Forester - found: 57, pass primary filters: 8, did not pass the filter by color: 0, added: 8, new vincodes: 0
20-10-2011 11:29:44 --- INFO: Nissan Rogue - found: 46, pass primary filters: 0, did not pass the filter by color: 0, added: 0, new vincodes: 0
20-10-2011 11:30:11 --- INFO: Toyota Highlander - found: 18, pass primary filters: 7, did not pass the filter by color: 7, added: 0, new vincodes: 0
20-10-2011 11:30:36 --- INFO: Acura MDX - found: 19, pass primary filters: 0, did not pass the filter by color: 0, added: 0, new vincodes: 0
20-10-2011 11:30:36 --- INFO: finish: 20-10-2011 11:30:36
20-10-2011 11:30:36 --- INFO: elapsed time: ~1235.01 sec., memory usage: ~2.71 Mb.
20-10-2011 11:10:01 --- INFO: start: 20-10-2011 11:10:01
20-10-2011 11:10:01 --- INFO: ----------Source_Gsmotors (cli)
20-10-2011 11:11:51 --- INFO: Lexus RX 300 - found: 70, pass primary filters: 20, did not pass the filter by color: 6, added: 14, new vincodes: 1
20-10-2011 11:15:53 --- INFO: Lexus RX 330 - found: 152, pass primary filters: 39, did not pass the filter by color: 12, added: 27, new vincodes: 3
20-10-2011 11:17:09 --- INFO: Lexus RX 400H - found: 38, pass primary filters: 6, did not pass the filter by color: 2, added: 4, new vincodes: 0
20-10-2011 11:19:48 --- INFO: Lexus GX 470 - found: 71, pass primary filters: 38, did not pass the filter by color: 28, added: 10, new vincodes: 4
20-10-2011 11:21:53 --- INFO: Lexus GX 470 - found: 61, pass primary filters: 39, did not pass the filter by color: 33, added: 6, new vincodes: 1
20-10-2011 11:22:15 --- INFO: Lexus LX 470 - found: 8, pass primary filters: 6, did not pass the filter by color: 6, added: 0, new vincodes: 0
20-10-2011 11:23:09 --- INFO: Lexus LX 470 - found: 26, pass primary filters: 18, did not pass the filter by color: 17, added: 1, new vincodes: 1
20-10-2011 11:23:41 --- INFO: Toyota Land Cruiser - found: 16, pass primary filters: 9, did not pass the filter by color: 8, added: 1, new vincodes: 0
20-10-2011 11:25:56 --- INFO: Honda CR-V - found: 59, pass primary filters: 5, did not pass the filter by color: 0, added: 5, new vincodes: 1
20-10-2011 11:32:03 --- INFO: Honda CR-V - found: 173, pass primary filters: 6, did not pass the filter by color: 0, added: 6, new vincodes: 1
20-10-2011 11:34:01 --- INFO: Mitsubishi Montero 4WD Limited - found: 49, pass primary filters: 9, did not pass the filter by color: 9, added: 0, new vincodes: 1
20-10-2011 11:40:36 --- INFO: Toyota 4RUNNER 4WD Limited - found: 169, pass primary filters: 49, did not pass the filter by color: 30, added: 19, new vincodes: 2
20-10-2011 11:42:57 --- INFO: Toyota RAV 4 - found: 68, pass primary filters: 26, did not pass the filter by color: 17, added: 9, new vincodes: 0
20-10-2011 11:46:39 --- INFO: Toyota Highlander 4WD - found: 76, pass primary filters: 1, did not pass the filter by color: 0, added: 1, new vincodes: 0
20-10-2011 11:53:46 --- INFO: Subaru Forester - found: 140, pass primary filters: 26, did not pass the filter by color: 0, added: 26, new vincodes: 1
20-10-2011 12:09:05 --- INFO: Nissan Rogue - found: 237, pass primary filters: 17, did not pass the filter by color: 0, added: 17, new vincodes: 7
20-10-2011 12:10:47 --- INFO: Toyota Highlander - found: 76, pass primary filters: 35, did not pass the filter by color: 26, added: 9, new vincodes: 2
20-10-2011 12:13:28 --- INFO: Acura MDX - found: 56, pass primary filters: 0, did not pass the filter by color: 0, added: 0, new vincodes: 0
20-10-2011 12:13:28 --- INFO: finish: 20-10-2011 12:13:28
20-10-2011 12:13:28 --- INFO: elapsed time: ~3807.07 sec., memory usage: ~4.61 Mb.
20-10-2011 12:20:01 --- INFO: start: 20-10-2011 12:20:01
20-10-2011 12:20:01 --- INFO: ----------Source_Adesa (cli)
20-10-2011 12:20:03 --- INFO: Authorized request
20-10-2011 12:20:14 --- INFO: Lexus RX 300 - found: 19, pass primary filters: 12, did not pass the filter by color: 5, added: 7, new vincodes: 0
20-10-2011 12:20:18 --- INFO: Lexus RX 330 - found: 16, pass primary filters: 8, did not pass the filter by color: 2, added: 6, new vincodes: 0
20-10-2011 12:20:19 --- INFO: Lexus RX 400H - found: 3, pass primary filters: 2, did not pass the filter by color: 1, added: 1, new vincodes: 0
20-10-2011 12:20:25 --- INFO: Lexus GX 470 - found: 10, pass primary filters: 7, did not pass the filter by color: 7, added: 0, new vincodes: 0
20-10-2011 12:20:27 --- INFO: Lexus GX 470 - found: 2, pass primary filters: 2, did not pass the filter by color: 2, added: 0, new vincodes: 0
20-10-2011 12:20:28 --- INFO: Lexus LX 470 - found: 2, pass primary filters: 1, did not pass the filter by color: 1, added: 0, new vincodes: 0
20-10-2011 12:20:28 --- INFO: Lexus LX 470 - found: 1, pass primary filters: 0, did not pass the filter by color: 0, added: 0, new vincodes: 0
20-10-2011 12:20:29 --- INFO: Toyota Land Cruiser - found: 1, pass primary filters: 1, did not pass the filter by color: 1, added: 0, new vincodes: 0
20-10-2011 12:20:30 --- INFO: Honda CR-V - found: 11, pass primary filters: 2, did not pass the filter by color: 0, added: 2, new vincodes: 0
20-10-2011 12:20:32 --- INFO: Honda CR-V - found: 8, pass primary filters: 1, did not pass the filter by color: 0, added: 1, new vincodes: 0
20-10-2011 12:20:34 --- INFO: Mitsubishi Montero 4WD Limited - found: 28, pass primary filters: 2, did not pass the filter by color: 2, added: 0, new vincodes: 0
20-10-2011 12:20:35 --- INFO: Toyota 4RUNNER 4WD Limited - found: 21, pass primary filters: 2, did not pass the filter by color: 1, added: 1, new vincodes: 0
20-10-2011 12:20:37 --- INFO: Toyota RAV 4 - found: 17, pass primary filters: 3, did not pass the filter by color: 3, added: 0, new vincodes: 0
20-10-2011 12:20:37 --- INFO: Toyota Highlander 4WD - found: 31, pass primary filters: 0, did not pass the filter by color: 0, added: 0, new vincodes: 0
20-10-2011 12:20:51 --- INFO: Subaru Forester - found: 10, pass primary filters: 9, did not pass the filter by color: 0, added: 9, new vincodes: 2
20-10-2011 12:20:52 --- INFO: Nissan Rogue - found: 11, pass primary filters: 1, did not pass the filter by color: 0, added: 1, new vincodes: 0
20-10-2011 12:21:02 --- INFO: Toyota Highlander - found: 31, pass primary filters: 11, did not pass the filter by color: 10, added: 1, new vincodes: 0
20-10-2011 12:21:07 --- INFO: Acura MDX - found: 24, pass primary filters: 1, did not pass the filter by color: 0, added: 1, new vincodes: 0
20-10-2011 12:21:07 --- INFO: finish: 20-10-2011 12:21:07
20-10-2011 12:21:07 --- INFO: elapsed time: ~65.26 sec., memory usage: ~2.43 Mb.
20-10-2011 12:20:01 --- INFO: start: 20-10-2011 12:20:01
20-10-2011 12:20:02 --- INFO: ----------Source_Gsmotors (cli)
20-10-2011 12:21:52 --- INFO: Lexus RX 300 - found: 70, pass primary filters: 20, did not pass the filter by color: 6, added: 14, new vincodes: 0
20-10-2011 12:25:55 --- INFO: Lexus RX 330 - found: 152, pass primary filters: 39, did not pass the filter by color: 12, added: 27, new vincodes: 0
20-10-2011 12:26:52 --- INFO: Lexus RX 400H - found: 38, pass primary filters: 6, did not pass the filter by color: 2, added: 4, new vincodes: 0
20-10-2011 12:27:49 --- INFO: Lexus GX 470 - found: 71, pass primary filters: 38, did not pass the filter by color: 28, added: 10, new vincodes: 0
20-10-2011 12:28:43 --- INFO: Lexus GX 470 - found: 61, pass primary filters: 39, did not pass the filter by color: 33, added: 6, new vincodes: 0
20-10-2011 12:28:51 --- INFO: Lexus LX 470 - found: 8, pass primary filters: 6, did not pass the filter by color: 6, added: 0, new vincodes: 0
20-10-2011 12:29:09 --- INFO: Lexus LX 470 - found: 26, pass primary filters: 18, did not pass the filter by color: 17, added: 1, new vincodes: 0
20-10-2011 12:29:20 --- INFO: Toyota Land Cruiser - found: 16, pass primary filters: 9, did not pass the filter by color: 8, added: 1, new vincodes: 0
20-10-2011 12:30:09 --- INFO: Honda CR-V - found: 59, pass primary filters: 5, did not pass the filter by color: 0, added: 5, new vincodes: 0
20-10-2011 12:32:38 --- INFO: Honda CR-V - found: 173, pass primary filters: 6, did not pass the filter by color: 0, added: 6, new vincodes: 0
20-10-2011 12:33:24 --- INFO: Mitsubishi Montero 4WD Limited - found: 49, pass primary filters: 9, did not pass the filter by color: 9, added: 0, new vincodes: 0
20-10-2011 12:35:18 --- INFO: Toyota 4RUNNER 4WD Limited - found: 169, pass primary filters: 49, did not pass the filter by color: 30, added: 19, new vincodes: 0
20-10-2011 12:36:06 --- INFO: Toyota RAV 4 - found: 68, pass primary filters: 26, did not pass the filter by color: 17, added: 9, new vincodes: 0
20-10-2011 12:36:58 --- INFO: Toyota Highlander 4WD - found: 76, pass primary filters: 1, did not pass the filter by color: 0, added: 1, new vincodes: 0
20-10-2011 12:38:41 --- INFO: Subaru Forester - found: 140, pass primary filters: 26, did not pass the filter by color: 0, added: 26, new vincodes: 0
20-10-2011 12:42:07 --- INFO: Nissan Rogue - found: 237, pass primary filters: 17, did not pass the filter by color: 0, added: 17, new vincodes: 0
20-10-2011 12:42:55 --- INFO: Toyota Highlander - found: 76, pass primary filters: 35, did not pass the filter by color: 26, added: 9, new vincodes: 0
20-10-2011 12:44:05 --- INFO: Acura MDX - found: 56, pass primary filters: 0, did not pass the filter by color: 0, added: 0, new vincodes: 0
20-10-2011 12:44:05 --- INFO: finish: 20-10-2011 12:44:05
20-10-2011 12:44:05 --- INFO: elapsed time: ~1443.87 sec., memory usage: ~4.47 Mb.
20-10-2011 13:20:02 --- INFO: start: 20-10-2011 13:20:02
20-10-2011 13:20:02 --- INFO: ----------Source_Adesa (cli)
20-10-2011 13:20:02 --- INFO: Authorized request
20-10-2011 13:20:10 --- INFO: Lexus RX 300 - found: 17, pass primary filters: 10, did not pass the filter by color: 4, added: 6, new vincodes: 0
20-10-2011 13:20:13 --- INFO: Lexus RX 330 - found: 15, pass primary filters: 7, did not pass the filter by color: 2, added: 5, new vincodes: 0
20-10-2011 13:20:14 --- INFO: Lexus RX 400H - found: 3, pass primary filters: 2, did not pass the filter by color: 1, added: 1, new vincodes: 0
20-10-2011 13:20:19 --- INFO: Lexus GX 470 - found: 11, pass primary filters: 7, did not pass the filter by color: 7, added: 0, new vincodes: 0
20-10-2011 13:20:20 --- INFO: Lexus GX 470 - found: 2, pass primary filters: 2, did not pass the filter by color: 2, added: 0, new vincodes: 0
20-10-2011 13:20:21 --- INFO: Lexus LX 470 - found: 2, pass primary filters: 1, did not pass the filter by color: 1, added: 0, new vincodes: 0
20-10-2011 13:20:21 --- INFO: Lexus LX 470 - found: 1, pass primary filters: 0, did not pass the filter by color: 0, added: 0, new vincodes: 0
20-10-2011 13:20:22 --- INFO: Toyota Land Cruiser - found: 1, pass primary filters: 1, did not pass the filter by color: 1, added: 0, new vincodes: 0
20-10-2011 13:20:23 --- INFO: Honda CR-V - found: 12, pass primary filters: 2, did not pass the filter by color: 0, added: 2, new vincodes: 0
20-10-2011 13:20:25 --- INFO: Honda CR-V - found: 9, pass primary filters: 1, did not pass the filter by color: 0, added: 1, new vincodes: 0
20-10-2011 13:20:27 --- INFO: Mitsubishi Montero 4WD Limited - found: 28, pass primary filters: 2, did not pass the filter by color: 2, added: 0, new vincodes: 0
20-10-2011 13:20:27 --- INFO: Toyota 4RUNNER 4WD Limited - found: 20, pass primary filters: 2, did not pass the filter by color: 1, added: 1, new vincodes: 0
20-10-2011 13:20:30 --- INFO: Toyota RAV 4 - found: 17, pass primary filters: 3, did not pass the filter by color: 3, added: 0, new vincodes: 0
20-10-2011 13:20:30 --- INFO: Toyota Highlander 4WD - found: 32, pass primary filters: 0, did not pass the filter by color: 0, added: 0, new vincodes: 0
20-10-2011 13:20:39 --- INFO: Subaru Forester - found: 10, pass primary filters: 9, did not pass the filter by color: 0, added: 9, new vincodes: 0
20-10-2011 13:20:44 --- INFO: Nissan Rogue - found: 12, pass primary filters: 2, did not pass the filter by color: 0, added: 2, new vincodes: 1
20-10-2011 13:20:51 --- INFO: Toyota Highlander - found: 32, pass primary filters: 11, did not pass the filter by color: 10, added: 1, new vincodes: 0
20-10-2011 13:20:55 --- INFO: Acura MDX - found: 26, pass primary filters: 1, did not pass the filter by color: 0, added: 1, new vincodes: 0
20-10-2011 13:20:55 --- INFO: finish: 20-10-2011 13:20:55
20-10-2011 13:20:55 --- INFO: elapsed time: ~53.29 sec., memory usage: ~2.42 Mb.
20-10-2011 13:20:02 --- INFO: start: 20-10-2011 13:20:02
20-10-2011 13:20:02 --- INFO: ----------Source_Gsmotors (cli)
20-10-2011 13:20:53 --- INFO: Lexus RX 300 - found: 70, pass primary filters: 20, did not pass the filter by color: 6, added: 14, new vincodes: 0
20-10-2011 13:22:55 --- INFO: Lexus RX 330 - found: 152, pass primary filters: 39, did not pass the filter by color: 12, added: 27, new vincodes: 0
20-10-2011 13:23:30 --- INFO: Lexus RX 400H - found: 38, pass primary filters: 6, did not pass the filter by color: 2, added: 4, new vincodes: 0
20-10-2011 13:24:21 --- INFO: Lexus GX 470 - found: 71, pass primary filters: 38, did not pass the filter by color: 28, added: 10, new vincodes: 0
20-10-2011 13:25:14 --- INFO: Lexus GX 470 - found: 61, pass primary filters: 39, did not pass the filter by color: 33, added: 6, new vincodes: 0
20-10-2011 13:25:21 --- INFO: Lexus LX 470 - found: 8, pass primary filters: 6, did not pass the filter by color: 6, added: 0, new vincodes: 0
20-10-2011 13:25:40 --- INFO: Lexus LX 470 - found: 26, pass primary filters: 18, did not pass the filter by color: 17, added: 1, new vincodes: 0
20-10-2011 13:25:52 --- INFO: Toyota Land Cruiser - found: 16, pass primary filters: 9, did not pass the filter by color: 8, added: 1, new vincodes: 0
20-10-2011 13:26:32 --- INFO: Honda CR-V - found: 59, pass primary filters: 5, did not pass the filter by color: 0, added: 5, new vincodes: 0
20-10-2011 13:28:40 --- INFO: Honda CR-V - found: 173, pass primary filters: 6, did not pass the filter by color: 0, added: 6, new vincodes: 0
20-10-2011 13:29:16 --- INFO: Mitsubishi Montero 4WD Limited - found: 49, pass primary filters: 9, did not pass the filter by color: 9, added: 0, new vincodes: 0
20-10-2011 13:31:05 --- INFO: Toyota 4RUNNER 4WD Limited - found: 169, pass primary filters: 49, did not pass the filter by color: 30, added: 19, new vincodes: 0
20-10-2011 13:31:45 --- INFO: Toyota RAV 4 - found: 68, pass primary filters: 26, did not pass the filter by color: 17, added: 9, new vincodes: 0
20-10-2011 13:32:41 --- INFO: Toyota Highlander 4WD - found: 76, pass primary filters: 1, did not pass the filter by color: 0, added: 1, new vincodes: 0
20-10-2011 13:34:13 --- INFO: Subaru Forester - found: 140, pass primary filters: 26, did not pass the filter by color: 0, added: 26, new vincodes: 0
20-10-2011 13:36:52 --- INFO: Nissan Rogue - found: 237, pass primary filters: 17, did not pass the filter by color: 0, added: 17, new vincodes: 0
20-10-2011 13:37:36 --- INFO: Toyota Highlander - found: 76, pass primary filters: 35, did not pass the filter by color: 26, added: 9, new vincodes: 0
20-10-2011 13:38:19 --- INFO: Acura MDX - found: 56, pass primary filters: 0, did not pass the filter by color: 0, added: 0, new vincodes: 0
20-10-2011 13:38:19 --- INFO: finish: 20-10-2011 13:38:19
20-10-2011 13:38:19 --- INFO: elapsed time: ~1097.63 sec., memory usage: ~4.48 Mb.
20-10-2011 15:05:01 --- INFO: start: 20-10-2011 15:05:01
20-10-2011 15:05:01 --- INFO: ----------Source_Openlane (cli)
20-10-2011 15:05:05 --- ERROR: Unauthorized request
20-10-2011 15:05:05 --- INFO: finish: 20-10-2011 15:05:05
20-10-2011 15:05:05 --- INFO: elapsed time: ~3.19 sec., memory usage: ~1.31 Mb.
20-10-2011 15:10:01 --- INFO: start: 20-10-2011 15:10:01
20-10-2011 15:10:01 --- INFO: ----------Source_Ebay (cli)
20-10-2011 15:10:41 --- INFO: Lexus RX 300 - found: 23, pass primary filters: 6, did not pass the filter by color: 2, added: 4, new vincodes: 0
20-10-2011 15:14:17 --- INFO: Lexus RX 330 - found: 59, pass primary filters: 8, did not pass the filter by color: 2, added: 6, new vincodes: 0
20-10-2011 15:16:14 --- INFO: Lexus RX 400H - found: 57, pass primary filters: 0, did not pass the filter by color: 0, added: 0, new vincodes: 0
20-10-2011 15:17:10 --- INFO: Lexus GX 470 - found: 31, pass primary filters: 7, did not pass the filter by color: 5, added: 2, new vincodes: 0
20-10-2011 15:17:43 --- INFO: Lexus GX 470 - found: 19, pass primary filters: 8, did not pass the filter by color: 6, added: 2, new vincodes: 0
20-10-2011 15:17:59 --- INFO: Lexus LX 470 - found: 8, pass primary filters: 5, did not pass the filter by color: 5, added: 0, new vincodes: 0
20-10-2011 15:18:09 --- INFO: Lexus LX 470 - found: 7, pass primary filters: 3, did not pass the filter by color: 3, added: 0, new vincodes: 0
20-10-2011 15:18:17 --- INFO: Toyota Land Cruiser - found: 4, pass primary filters: 3, did not pass the filter by color: 3, added: 0, new vincodes: 0
20-10-2011 15:18:40 --- INFO: Honda CR-V - found: 22, pass primary filters: 1, did not pass the filter by color: 0, added: 1, new vincodes: 0
20-10-2011 15:20:52 --- INFO: Honda CR-V - found: 65, pass primary filters: 2, did not pass the filter by color: 0, added: 2, new vincodes: 0
20-10-2011 15:20:58 --- INFO: Mitsubishi Montero 4WD Limited - found: 5, pass primary filters: 0, did not pass the filter by color: 0, added: 0, new vincodes: 0
20-10-2011 15:23:31 --- INFO: Toyota 4RUNNER 4WD Limited - found: 60, pass primary filters: 32, did not pass the filter by color: 22, added: 10, new vincodes: 0
20-10-2011 15:23:56 --- INFO: Toyota RAV 4 - found: 14, pass primary filters: 6, did not pass the filter by color: 5, added: 1, new vincodes: 0
20-10-2011 15:24:36 --- INFO: Toyota Highlander 4WD - found: 19, pass primary filters: 0, did not pass the filter by color: 0, added: 0, new vincodes: 0
20-10-2011 15:27:02 --- INFO: Subaru Forester - found: 55, pass primary filters: 8, did not pass the filter by color: 0, added: 8, new vincodes: 0
20-10-2011 15:27:54 --- INFO: Nissan Rogue - found: 45, pass primary filters: 0, did not pass the filter by color: 0, added: 0, new vincodes: 0
20-10-2011 15:28:16 --- INFO: Toyota Highlander - found: 19, pass primary filters: 7, did not pass the filter by color: 7, added: 0, new vincodes: 0
20-10-2011 15:28:36 --- INFO: Acura MDX - found: 19, pass primary filters: 0, did not pass the filter by color: 0, added: 0, new vincodes: 0
20-10-2011 15:28:36 --- INFO: finish: 20-10-2011 15:28:36
20-10-2011 15:28:36 --- INFO: elapsed time: ~1115.31 sec., memory usage: ~2.7 Mb.
20-10-2011 16:10:01 --- INFO: start: 20-10-2011 16:10:01
20-10-2011 16:10:01 --- INFO: ----------Source_Adesa (cli)
20-10-2011 16:10:02 --- INFO: Authorized request
20-10-2011 16:10:14 --- INFO: Lexus RX 300 - found: 18, pass primary filters: 9, did not pass the filter by color: 3, added: 6, new vincodes: 1
20-10-2011 16:10:21 --- INFO: Lexus RX 330 - found: 20, pass primary filters: 8, did not pass the filter by color: 2, added: 6, new vincodes: 1
20-10-2011 16:10:22 --- INFO: Lexus RX 400H - found: 4, pass primary filters: 2, did not pass the filter by color: 1, added: 1, new vincodes: 0
20-10-2011 16:10:32 --- INFO: Lexus GX 470 - found: 12, pass primary filters: 7, did not pass the filter by color: 7, added: 0, new vincodes: 1
20-10-2011 16:10:33 --- INFO: Lexus GX 470 - found: 2, pass primary filters: 2, did not pass the filter by color: 2, added: 0, new vincodes: 0
20-10-2011 16:10:35 --- INFO: Lexus LX 470 - found: 2, pass primary filters: 1, did not pass the filter by color: 1, added: 0, new vincodes: 0
20-10-2011 16:10:35 --- INFO: Lexus LX 470 - found: 0, pass primary filters: 0, did not pass the filter by color: 0, added: 0, new vincodes: 0
20-10-2011 16:10:36 --- INFO: Toyota Land Cruiser - found: 1, pass primary filters: 1, did not pass the filter by color: 1, added: 0, new vincodes: 0
20-10-2011 16:10:36 --- INFO: Honda CR-V - found: 13, pass primary filters: 2, did not pass the filter by color: 0, added: 2, new vincodes: 0
20-10-2011 16:10:39 --- INFO: Honda CR-V - found: 11, pass primary filters: 1, did not pass the filter by color: 0, added: 1, new vincodes: 0
20-10-2011 16:10:40 --- INFO: Mitsubishi Montero 4WD Limited - found: 29, pass primary filters: 2, did not pass the filter by color: 2, added: 0, new vincodes: 0
20-10-2011 16:10:41 --- INFO: Toyota 4RUNNER 4WD Limited - found: 22, pass primary filters: 2, did not pass the filter by color: 1, added: 1, new vincodes: 0
20-10-2011 16:10:43 --- INFO: Toyota RAV 4 - found: 18, pass primary filters: 3, did not pass the filter by color: 3, added: 0, new vincodes: 0
20-10-2011 16:10:44 --- INFO: Toyota Highlander 4WD - found: 36, pass primary filters: 0, did not pass the filter by color: 0, added: 0, new vincodes: 0
20-10-2011 16:10:57 --- INFO: Subaru Forester - found: 10, pass primary filters: 9, did not pass the filter by color: 0, added: 9, new vincodes: 0
20-10-2011 16:11:00 --- INFO: Nissan Rogue - found: 12, pass primary filters: 2, did not pass the filter by color: 0, added: 2, new vincodes: 0
20-10-2011 16:11:15 --- INFO: Toyota Highlander - found: 36, pass primary filters: 13, did not pass the filter by color: 11, added: 2, new vincodes: 1
20-10-2011 16:11:20 --- INFO: Acura MDX - found: 29, pass primary filters: 1, did not pass the filter by color: 0, added: 1, new vincodes: 0
20-10-2011 16:11:20 --- INFO: finish: 20-10-2011 16:11:20
20-10-2011 16:11:20 --- INFO: elapsed time: ~79.23 sec., memory usage: ~2.47 Mb.
20-10-2011 16:10:01 --- INFO: start: 20-10-2011 16:10:01
20-10-2011 16:10:01 --- INFO: ----------Source_Gsmotors (cli)
20-10-2011 16:11:53 --- INFO: Lexus RX 300 - found: 68, pass primary filters: 20, did not pass the filter by color: 6, added: 14, new vincodes: 1
20-10-2011 16:15:59 --- INFO: Lexus RX 330 - found: 166, pass primary filters: 42, did not pass the filter by color: 13, added: 29, new vincodes: 2
20-10-2011 16:17:12 --- INFO: Lexus RX 400H - found: 41, pass primary filters: 6, did not pass the filter by color: 2, added: 4, new vincodes: 0
20-10-2011 16:19:08 --- INFO: Lexus GX 470 - found: 73, pass primary filters: 38, did not pass the filter by color: 29, added: 9, new vincodes: 1
20-10-2011 16:21:02 --- INFO: Lexus GX 470 - found: 66, pass primary filters: 38, did not pass the filter by color: 32, added: 6, new vincodes: 0
20-10-2011 16:21:29 --- INFO: Lexus LX 470 - found: 13, pass primary filters: 8, did not pass the filter by color: 8, added: 0, new vincodes: 0
20-10-2011 16:22:11 --- INFO: Lexus LX 470 - found: 24, pass primary filters: 17, did not pass the filter by color: 16, added: 1, new vincodes: 0
20-10-2011 16:22:37 --- INFO: Toyota Land Cruiser - found: 15, pass primary filters: 8, did not pass the filter by color: 7, added: 1, new vincodes: 0
20-10-2011 16:24:11 --- INFO: Honda CR-V - found: 58, pass primary filters: 4, did not pass the filter by color: 0, added: 4, new vincodes: 0
20-10-2011 16:29:39 --- INFO: Honda CR-V - found: 215, pass primary filters: 10, did not pass the filter by color: 0, added: 10, new vincodes: 2
20-10-2011 16:31:12 --- INFO: Mitsubishi Montero 4WD Limited - found: 49, pass primary filters: 8, did not pass the filter by color: 8, added: 0, new vincodes: 0
20-10-2011 16:35:49 --- INFO: Toyota 4RUNNER 4WD Limited - found: 183, pass primary filters: 49, did not pass the filter by color: 29, added: 20, new vincodes: 1
20-10-2011 16:37:09 --- INFO: Toyota RAV 4 - found: 71, pass primary filters: 26, did not pass the filter by color: 17, added: 9, new vincodes: 1
20-10-2011 16:38:54 --- INFO: Toyota Highlander 4WD - found: 80, pass primary filters: 1, did not pass the filter by color: 0, added: 1, new vincodes: 0
20-10-2011 16:42:55 --- INFO: Subaru Forester - found: 150, pass primary filters: 28, did not pass the filter by color: 0, added: 28, new vincodes: 0
20-10-2011 16:51:58 --- INFO: Nissan Rogue - found: 261, pass primary filters: 16, did not pass the filter by color: 0, added: 16, new vincodes: 0
20-10-2011 16:53:50 --- INFO: Toyota Highlander - found: 80, pass primary filters: 33, did not pass the filter by color: 25, added: 8, new vincodes: 1
20-10-2011 16:55:38 --- INFO: Acura MDX - found: 61, pass primary filters: 2, did not pass the filter by color: 0, added: 2, new vincodes: 1
20-10-2011 16:55:38 --- INFO: finish: 20-10-2011 16:55:38
20-10-2011 16:55:38 --- INFO: elapsed time: ~2736.88 sec., memory usage: ~4.59 Mb.
20-10-2011 18:10:01 --- INFO: start: 20-10-2011 18:10:01
20-10-2011 18:10:01 --- INFO: ----------Source_Adesa (cli)
20-10-2011 18:10:03 --- INFO: Authorized request
20-10-2011 18:10:10 --- INFO: Lexus RX 300 - found: 17, pass primary filters: 9, did not pass the filter by color: 3, added: 6, new vincodes: 0
20-10-2011 18:10:17 --- INFO: Lexus RX 330 - found: 20, pass primary filters: 9, did not pass the filter by color: 2, added: 7, new vincodes: 1
20-10-2011 18:10:18 --- INFO: Lexus RX 400H - found: 4, pass primary filters: 2, did not pass the filter by color: 1, added: 1, new vincodes: 0
20-10-2011 18:10:23 --- INFO: Lexus GX 470 - found: 11, pass primary filters: 7, did not pass the filter by color: 6, added: 1, new vincodes: 1
20-10-2011 18:10:25 --- INFO: Lexus GX 470 - found: 2, pass primary filters: 2, did not pass the filter by color: 2, added: 0, new vincodes: 0
20-10-2011 18:10:26 --- INFO: Lexus LX 470 - found: 2, pass primary filters: 1, did not pass the filter by color: 1, added: 0, new vincodes: 0
20-10-2011 18:10:26 --- INFO: Lexus LX 470 - found: 0, pass primary filters: 0, did not pass the filter by color: 0, added: 0, new vincodes: 0
20-10-2011 18:10:27 --- INFO: Toyota Land Cruiser - found: 1, pass primary filters: 1, did not pass the filter by color: 1, added: 0, new vincodes: 0
20-10-2011 18:10:27 --- INFO: Honda CR-V - found: 13, pass primary filters: 2, did not pass the filter by color: 0, added: 2, new vincodes: 0
20-10-2011 18:10:29 --- INFO: Honda CR-V - found: 11, pass primary filters: 1, did not pass the filter by color: 0, added: 1, new vincodes: 0
20-10-2011 18:10:30 --- INFO: Mitsubishi Montero 4WD Limited - found: 30, pass primary filters: 2, did not pass the filter by color: 2, added: 0, new vincodes: 0
20-10-2011 18:10:36 --- INFO: Toyota 4RUNNER 4WD Limited - found: 23, pass primary filters: 2, did not pass the filter by color: 1, added: 1, new vincodes: 0
20-10-2011 18:10:41 --- INFO: Toyota RAV 4 - found: 18, pass primary filters: 5, did not pass the filter by color: 5, added: 0, new vincodes: 2
20-10-2011 18:10:44 --- INFO: Toyota Highlander 4WD - found: 36, pass primary filters: 1, did not pass the filter by color: 1, added: 0, new vincodes: 1
20-10-2011 18:10:53 --- INFO: Subaru Forester - found: 10, pass primary filters: 9, did not pass the filter by color: 0, added: 9, new vincodes: 0
20-10-2011 18:10:56 --- INFO: Nissan Rogue - found: 12, pass primary filters: 2, did not pass the filter by color: 0, added: 2, new vincodes: 0
20-10-2011 18:11:09 --- INFO: Toyota Highlander - found: 36, pass primary filters: 15, did not pass the filter by color: 13, added: 2, new vincodes: 2
20-10-2011 18:11:13 --- INFO: Acura MDX - found: 31, pass primary filters: 1, did not pass the filter by color: 0, added: 1, new vincodes: 0
20-10-2011 18:11:13 --- INFO: finish: 20-10-2011 18:11:13
20-10-2011 18:11:13 --- INFO: elapsed time: ~71.95 sec., memory usage: ~2.52 Mb.
20-10-2011 18:10:01 --- INFO: start: 20-10-2011 18:10:01
20-10-2011 18:10:01 --- INFO: ----------Source_Gsmotors (cli)
20-10-2011 18:10:43 --- INFO: Lexus RX 300 - found: 68, pass primary filters: 20, did not pass the filter by color: 6, added: 14, new vincodes: 0
20-10-2011 18:12:31 --- INFO: Lexus RX 330 - found: 166, pass primary filters: 42, did not pass the filter by color: 12, added: 30, new vincodes: 0
20-10-2011 18:12:57 --- INFO: Lexus RX 400H - found: 41, pass primary filters: 6, did not pass the filter by color: 2, added: 4, new vincodes: 0
20-10-2011 18:13:51 --- INFO: Lexus GX 470 - found: 73, pass primary filters: 38, did not pass the filter by color: 29, added: 9, new vincodes: 0
20-10-2011 18:14:39 --- INFO: Lexus GX 470 - found: 66, pass primary filters: 38, did not pass the filter by color: 32, added: 6, new vincodes: 0
20-10-2011 18:14:51 --- INFO: Lexus LX 470 - found: 13, pass primary filters: 8, did not pass the filter by color: 8, added: 0, new vincodes: 0
20-10-2011 18:15:12 --- INFO: Lexus LX 470 - found: 24, pass primary filters: 17, did not pass the filter by color: 16, added: 1, new vincodes: 0
20-10-2011 18:15:48 --- INFO: Toyota Land Cruiser - found: 15, pass primary filters: 8, did not pass the filter by color: 7, added: 1, new vincodes: 0
20-10-2011 18:17:00 --- INFO: Honda CR-V - found: 58, pass primary filters: 4, did not pass the filter by color: 0, added: 4, new vincodes: 0
20-10-2011 18:19:26 --- INFO: Honda CR-V - found: 215, pass primary filters: 10, did not pass the filter by color: 0, added: 10, new vincodes: 0
20-10-2011 18:20:12 --- INFO: Mitsubishi Montero 4WD Limited - found: 49, pass primary filters: 8, did not pass the filter by color: 8, added: 0, new vincodes: 0
20-10-2011 18:22:02 --- INFO: Toyota 4RUNNER 4WD Limited - found: 183, pass primary filters: 49, did not pass the filter by color: 28, added: 21, new vincodes: 0
20-10-2011 18:22:44 --- INFO: Toyota RAV 4 - found: 71, pass primary filters: 26, did not pass the filter by color: 17, added: 9, new vincodes: 0
20-10-2011 18:23:48 --- INFO: Toyota Highlander 4WD - found: 80, pass primary filters: 1, did not pass the filter by color: 0, added: 1, new vincodes: 0
20-10-2011 18:25:24 --- INFO: Subaru Forester - found: 150, pass primary filters: 28, did not pass the filter by color: 0, added: 28, new vincodes: 0
20-10-2011 18:28:25 --- INFO: Nissan Rogue - found: 261, pass primary filters: 16, did not pass the filter by color: 0, added: 16, new vincodes: 0
20-10-2011 18:29:14 --- INFO: Toyota Highlander - found: 80, pass primary filters: 33, did not pass the filter by color: 25, added: 8, new vincodes: 0
20-10-2011 18:30:09 --- INFO: Acura MDX - found: 61, pass primary filters: 2, did not pass the filter by color: 0, added: 2, new vincodes: 0
20-10-2011 18:30:09 --- INFO: finish: 20-10-2011 18:30:09
20-10-2011 18:30:09 --- INFO: elapsed time: ~1207.61 sec., memory usage: ~4.51 Mb.
20-10-2011 19:05:01 --- INFO: start: 20-10-2011 19:05:01
20-10-2011 19:05:01 --- INFO: ----------Source_Openlane (cli)
20-10-2011 19:05:06 --- ERROR: Unauthorized request
20-10-2011 19:05:06 --- INFO: finish: 20-10-2011 19:05:06
20-10-2011 19:05:06 --- INFO: elapsed time: ~4.47 sec., memory usage: ~1.31 Mb.
20-10-2011 19:10:01 --- INFO: start: 20-10-2011 19:10:01
20-10-2011 19:10:01 --- INFO: ----------Source_Ebay (cli)
20-10-2011 19:11:00 --- INFO: Lexus RX 300 - found: 24, pass primary filters: 6, did not pass the filter by color: 2, added: 4, new vincodes: 0
20-10-2011 19:16:03 --- INFO: Lexus RX 330 - found: 62, pass primary filters: 8, did not pass the filter by color: 5, added: 3, new vincodes: 0
20-10-2011 19:20:05 --- INFO: Lexus RX 400H - found: 58, pass primary filters: 0, did not pass the filter by color: 0, added: 0, new vincodes: 0
20-10-2011 19:21:34 --- INFO: Lexus GX 470 - found: 30, pass primary filters: 6, did not pass the filter by color: 5, added: 1, new vincodes: 0
20-10-2011 19:22:16 --- INFO: Lexus GX 470 - found: 19, pass primary filters: 8, did not pass the filter by color: 6, added: 2, new vincodes: 0
20-10-2011 19:22:45 --- INFO: Lexus LX 470 - found: 6, pass primary filters: 5, did not pass the filter by color: 5, added: 0, new vincodes: 0
20-10-2011 19:23:06 --- INFO: Lexus LX 470 - found: 7, pass primary filters: 3, did not pass the filter by color: 3, added: 0, new vincodes: 0
20-10-2011 19:23:22 --- INFO: Toyota Land Cruiser - found: 4, pass primary filters: 3, did not pass the filter by color: 3, added: 0, new vincodes: 0
20-10-2011 19:24:23 --- INFO: Honda CR-V - found: 21, pass primary filters: 1, did not pass the filter by color: 0, added: 1, new vincodes: 0
20-10-2011 19:29:55 --- INFO: Honda CR-V - found: 67, pass primary filters: 2, did not pass the filter by color: 0, added: 2, new vincodes: 0
20-10-2011 19:30:00 --- INFO: Mitsubishi Montero 4WD Limited - found: 4, pass primary filters: 0, did not pass the filter by color: 0, added: 0, new vincodes: 0
20-10-2011 19:32:40 --- INFO: Toyota 4RUNNER 4WD Limited - found: 57, pass primary filters: 32, did not pass the filter by color: 21, added: 11, new vincodes: 0
20-10-2011 19:33:01 --- INFO: Toyota RAV 4 - found: 14, pass primary filters: 6, did not pass the filter by color: 5, added: 1, new vincodes: 0
20-10-2011 19:33:25 --- INFO: Toyota Highlander 4WD - found: 18, pass primary filters: 0, did not pass the filter by color: 0, added: 0, new vincodes: 0
20-10-2011 19:35:37 --- INFO: Subaru Forester - found: 58, pass primary filters: 8, did not pass the filter by color: 0, added: 8, new vincodes: 0
20-10-2011 19:36:34 --- INFO: Nissan Rogue - found: 45, pass primary filters: 0, did not pass the filter by color: 0, added: 0, new vincodes: 0
20-10-2011 19:36:55 --- INFO: Toyota Highlander - found: 18, pass primary filters: 6, did not pass the filter by color: 6, added: 0, new vincodes: 0
20-10-2011 19:37:17 --- INFO: Acura MDX - found: 19, pass primary filters: 0, did not pass the filter by color: 0, added: 0, new vincodes: 0
20-10-2011 19:37:17 --- INFO: finish: 20-10-2011 19:37:17
20-10-2011 19:37:17 --- INFO: elapsed time: ~1636.06 sec., memory usage: ~2.69 Mb.
20-10-2011 23:05:01 --- INFO: start: 20-10-2011 23:05:01
20-10-2011 23:05:01 --- INFO: ----------Source_Openlane (cli)
20-10-2011 23:05:05 --- ERROR: Unauthorized request
20-10-2011 23:05:05 --- INFO: finish: 20-10-2011 23:05:05
20-10-2011 23:05:05 --- INFO: elapsed time: ~3.15 sec., memory usage: ~1.31 Mb.
20-10-2011 23:10:01 --- INFO: start: 20-10-2011 23:10:01
20-10-2011 23:10:01 --- INFO: ----------Source_Ebay (cli)
20-10-2011 23:10:44 --- INFO: Lexus RX 300 - found: 23, pass primary filters: 5, did not pass the filter by color: 2, added: 3, new vincodes: 0
20-10-2011 23:14:17 --- INFO: Lexus RX 330 - found: 61, pass primary filters: 8, did not pass the filter by color: 5, added: 3, new vincodes: 0
20-10-2011 23:16:01 --- INFO: Lexus RX 400H - found: 57, pass primary filters: 0, did not pass the filter by color: 0, added: 0, new vincodes: 0
20-10-2011 23:16:54 --- INFO: Lexus GX 470 - found: 30, pass primary filters: 6, did not pass the filter by color: 5, added: 1, new vincodes: 0
20-10-2011 23:17:26 --- INFO: Lexus GX 470 - found: 20, pass primary filters: 9, did not pass the filter by color: 6, added: 3, new vincodes: 0
20-10-2011 23:17:40 --- INFO: Lexus LX 470 - found: 7, pass primary filters: 6, did not pass the filter by color: 6, added: 0, new vincodes: 1
20-10-2011 23:17:55 --- INFO: Lexus LX 470 - found: 6, pass primary filters: 3, did not pass the filter by color: 3, added: 0, new vincodes: 0
20-10-2011 23:18:01 --- INFO: Toyota Land Cruiser - found: 4, pass primary filters: 3, did not pass the filter by color: 3, added: 0, new vincodes: 0
20-10-2011 23:18:32 --- INFO: Honda CR-V - found: 20, pass primary filters: 1, did not pass the filter by color: 0, added: 1, new vincodes: 0
20-10-2011 23:22:18 --- INFO: Honda CR-V - found: 68, pass primary filters: 2, did not pass the filter by color: 0, added: 2, new vincodes: 0
20-10-2011 23:22:24 --- INFO: Mitsubishi Montero 4WD Limited - found: 4, pass primary filters: 0, did not pass the filter by color: 0, added: 0, new vincodes: 0
20-10-2011 23:24:10 --- INFO: Toyota 4RUNNER 4WD Limited - found: 58, pass primary filters: 31, did not pass the filter by color: 20, added: 11, new vincodes: 0
20-10-2011 23:24:23 --- INFO: Toyota RAV 4 - found: 12, pass primary filters: 5, did not pass the filter by color: 4, added: 1, new vincodes: 0
20-10-2011 23:24:43 --- INFO: Toyota Highlander 4WD - found: 19, pass primary filters: 0, did not pass the filter by color: 0, added: 0, new vincodes: 0
20-10-2011 23:26:31 --- INFO: Subaru Forester - found: 56, pass primary filters: 8, did not pass the filter by color: 0, added: 8, new vincodes: 0
20-10-2011 23:27:19 --- INFO: Nissan Rogue - found: 45, pass primary filters: 0, did not pass the filter by color: 0, added: 0, new vincodes: 0
20-10-2011 23:27:37 --- INFO: Toyota Highlander - found: 19, pass primary filters: 6, did not pass the filter by color: 6, added: 0, new vincodes: 0
20-10-2011 23:27:55 --- INFO: Acura MDX - found: 19, pass primary filters: 0, did not pass the filter by color: 0, added: 0, new vincodes: 0
20-10-2011 23:27:55 --- INFO: finish: 20-10-2011 23:27:55
20-10-2011 23:27:55 --- INFO: elapsed time: ~1074.45 sec., memory usage: ~2.71 Mb.