
21-11-2011 02:05:01 --- INFO: start: 21-11-2011 02:05:01
21-11-2011 02:05:01 --- INFO: ----------Source_Openlane (cli)
21-11-2011 02:05:05 --- ERROR: Unauthorized request
21-11-2011 02:05:05 --- INFO: finish: 21-11-2011 02:05:05
21-11-2011 02:05:05 --- INFO: elapsed time: ~3.8 sec., memory usage: ~1.31 Mb.
21-11-2011 02:10:01 --- INFO: start: 21-11-2011 02:10:01
21-11-2011 02:10:01 --- INFO: ----------Source_Ebay (cli)
21-11-2011 02:10:20 --- INFO: Lexus RX 300 - found: 14, pass primary filters: 3, did not pass the filter by color: 0, added: 3, new vincodes: 0
21-11-2011 02:12:47 --- INFO: Lexus RX 330 - found: 67, pass primary filters: 26, did not pass the filter by color: 6, added: 20, new vincodes: 0
21-11-2011 02:13:41 --- INFO: Lexus RX 400H - found: 39, pass primary filters: 2, did not pass the filter by color: 0, added: 2, new vincodes: 0
21-11-2011 02:14:25 --- INFO: Lexus GX 470 - found: 30, pass primary filters: 11, did not pass the filter by color: 9, added: 2, new vincodes: 0
21-11-2011 02:14:49 --- INFO: Lexus GX 470 - found: 15, pass primary filters: 3, did not pass the filter by color: 3, added: 0, new vincodes: 0
21-11-2011 02:15:06 --- INFO: Lexus LX 470 - found: 11, pass primary filters: 7, did not pass the filter by color: 7, added: 0, new vincodes: 0
21-11-2011 02:15:20 --- INFO: Lexus LX 470 - found: 11, pass primary filters: 9, did not pass the filter by color: 9, added: 0, new vincodes: 0
21-11-2011 02:15:28 --- INFO: Toyota Land Cruiser - found: 3, pass primary filters: 2, did not pass the filter by color: 2, added: 0, new vincodes: 0
21-11-2011 02:15:48 --- INFO: Honda CR-V - found: 11, pass primary filters: 0, did not pass the filter by color: 0, added: 0, new vincodes: 0
21-11-2011 02:19:10 --- INFO: Honda CR-V - found: 62, pass primary filters: 2, did not pass the filter by color: 0, added: 2, new vincodes: 0
21-11-2011 02:19:17 --- INFO: Mitsubishi Montero 4WD Limited - found: 4, pass primary filters: 0, did not pass the filter by color: 0, added: 0, new vincodes: 0
21-11-2011 02:20:40 --- INFO: Toyota 4RUNNER 4WD Limited - found: 50, pass primary filters: 11, did not pass the filter by color: 10, added: 1, new vincodes: 0
21-11-2011 02:20:57 --- INFO: Toyota RAV 4 - found: 10, pass primary filters: 3, did not pass the filter by color: 2, added: 1, new vincodes: 0
21-11-2011 02:21:13 --- INFO: Toyota Highlander 4WD - found: 10, pass primary filters: 0, did not pass the filter by color: 0, added: 0, new vincodes: 0
21-11-2011 02:22:23 --- INFO: Subaru Forester - found: 45, pass primary filters: 2, did not pass the filter by color: 0, added: 2, new vincodes: 0
21-11-2011 02:24:10 --- INFO: Nissan Rogue - found: 53, pass primary filters: 0, did not pass the filter by color: 0, added: 0, new vincodes: 0
21-11-2011 02:24:23 --- INFO: Toyota Highlander - found: 10, pass primary filters: 4, did not pass the filter by color: 2, added: 2, new vincodes: 0
21-11-2011 02:24:47 --- INFO: Acura MDX - found: 22, pass primary filters: 0, did not pass the filter by color: 0, added: 0, new vincodes: 0
21-11-2011 02:24:47 --- INFO: finish: 21-11-2011 02:24:47
21-11-2011 02:24:47 --- INFO: elapsed time: ~885.92 sec., memory usage: ~2.62 Mb.
21-11-2011 05:10:01 --- INFO: start: 21-11-2011 05:10:01
21-11-2011 05:10:01 --- INFO: ----------Source_Adesa (cli)
21-11-2011 05:10:03 --- ERROR: Unauthorized request
21-11-2011 05:10:03 --- INFO: finish: 21-11-2011 05:10:03
21-11-2011 05:10:03 --- INFO: elapsed time: ~1.67 sec., memory usage: ~1.31 Mb.
21-11-2011 05:10:01 --- INFO: start: 21-11-2011 05:10:01
21-11-2011 05:10:01 --- INFO: ----------Source_Gsmotors (cli)
21-11-2011 05:11:35 --- INFO: Lexus RX 300 - found: 58, pass primary filters: 22, did not pass the filter by color: 9, added: 13, new vincodes: 0
21-11-2011 05:15:00 --- INFO: Lexus RX 330 - found: 147, pass primary filters: 46, did not pass the filter by color: 16, added: 30, new vincodes: 0
21-11-2011 05:15:43 --- INFO: Lexus RX 400H - found: 19, pass primary filters: 5, did not pass the filter by color: 2, added: 3, new vincodes: 0
21-11-2011 05:16:56 --- INFO: Lexus GX 470 - found: 53, pass primary filters: 30, did not pass the filter by color: 22, added: 8, new vincodes: 0
21-11-2011 05:18:02 --- INFO: Lexus GX 470 - found: 48, pass primary filters: 28, did not pass the filter by color: 24, added: 4, new vincodes: 0
21-11-2011 05:18:18 --- INFO: Lexus LX 470 - found: 10, pass primary filters: 7, did not pass the filter by color: 7, added: 0, new vincodes: 0
21-11-2011 05:18:39 --- INFO: Lexus LX 470 - found: 14, pass primary filters: 8, did not pass the filter by color: 8, added: 0, new vincodes: 0
21-11-2011 05:18:57 --- INFO: Toyota Land Cruiser - found: 12, pass primary filters: 8, did not pass the filter by color: 8, added: 0, new vincodes: 0
21-11-2011 05:20:11 --- INFO: Honda CR-V - found: 52, pass primary filters: 5, did not pass the filter by color: 0, added: 5, new vincodes: 0
21-11-2011 05:24:46 --- INFO: Honda CR-V - found: 176, pass primary filters: 15, did not pass the filter by color: 0, added: 15, new vincodes: 0
21-11-2011 05:25:54 --- INFO: Mitsubishi Montero 4WD Limited - found: 44, pass primary filters: 9, did not pass the filter by color: 9, added: 0, new vincodes: 0
21-11-2011 05:29:55 --- INFO: Toyota 4RUNNER 4WD Limited - found: 164, pass primary filters: 54, did not pass the filter by color: 35, added: 19, new vincodes: 0
21-11-2011 05:31:28 --- INFO: Toyota RAV 4 - found: 68, pass primary filters: 26, did not pass the filter by color: 16, added: 10, new vincodes: 0
21-11-2011 05:33:05 --- INFO: Toyota Highlander 4WD - found: 76, pass primary filters: 0, did not pass the filter by color: 0, added: 0, new vincodes: 0
21-11-2011 05:36:30 --- INFO: Subaru Forester - found: 113, pass primary filters: 27, did not pass the filter by color: 0, added: 27, new vincodes: 0
21-11-2011 05:41:42 --- INFO: Nissan Rogue - found: 162, pass primary filters: 19, did not pass the filter by color: 0, added: 19, new vincodes: 0
21-11-2011 05:42:25 --- INFO: Toyota Highlander - found: 76, pass primary filters: 30, did not pass the filter by color: 23, added: 7, new vincodes: 0
21-11-2011 05:43:40 --- INFO: Acura MDX - found: 55, pass primary filters: 0, did not pass the filter by color: 0, added: 0, new vincodes: 0
21-11-2011 05:43:40 --- INFO: finish: 21-11-2011 05:43:40
21-11-2011 05:43:40 --- INFO: elapsed time: ~2018.59 sec., memory usage: ~4.42 Mb.
21-11-2011 06:05:01 --- INFO: start: 21-11-2011 06:05:01
21-11-2011 06:05:01 --- INFO: ----------Source_Openlane (cli)
21-11-2011 06:05:04 --- ERROR: Unauthorized request
21-11-2011 06:05:04 --- INFO: finish: 21-11-2011 06:05:04
21-11-2011 06:05:04 --- INFO: elapsed time: ~3.39 sec., memory usage: ~1.31 Mb.
21-11-2011 06:10:01 --- INFO: start: 21-11-2011 06:10:01
21-11-2011 06:10:01 --- INFO: ----------Source_Ebay (cli)
21-11-2011 06:10:20 --- INFO: Lexus RX 300 - found: 14, pass primary filters: 3, did not pass the filter by color: 0, added: 3, new vincodes: 0
21-11-2011 06:12:40 --- INFO: Lexus RX 330 - found: 67, pass primary filters: 26, did not pass the filter by color: 9, added: 17, new vincodes: 0
21-11-2011 06:13:19 --- INFO: Lexus RX 400H - found: 39, pass primary filters: 2, did not pass the filter by color: 0, added: 2, new vincodes: 0
21-11-2011 06:13:53 --- INFO: Lexus GX 470 - found: 30, pass primary filters: 11, did not pass the filter by color: 9, added: 2, new vincodes: 0
21-11-2011 06:14:11 --- INFO: Lexus GX 470 - found: 15, pass primary filters: 3, did not pass the filter by color: 3, added: 0, new vincodes: 0
21-11-2011 06:14:23 --- INFO: Lexus LX 470 - found: 11, pass primary filters: 7, did not pass the filter by color: 7, added: 0, new vincodes: 0
21-11-2011 06:14:35 --- INFO: Lexus LX 470 - found: 11, pass primary filters: 9, did not pass the filter by color: 9, added: 0, new vincodes: 0
21-11-2011 06:14:41 --- INFO: Toyota Land Cruiser - found: 3, pass primary filters: 2, did not pass the filter by color: 2, added: 0, new vincodes: 0
21-11-2011 06:14:52 --- INFO: Honda CR-V - found: 11, pass primary filters: 0, did not pass the filter by color: 0, added: 0, new vincodes: 0
21-11-2011 06:17:17 --- INFO: Honda CR-V - found: 61, pass primary filters: 2, did not pass the filter by color: 0, added: 2, new vincodes: 0
21-11-2011 06:17:23 --- INFO: Mitsubishi Montero 4WD Limited - found: 4, pass primary filters: 0, did not pass the filter by color: 0, added: 0, new vincodes: 0
21-11-2011 06:18:46 --- INFO: Toyota 4RUNNER 4WD Limited - found: 50, pass primary filters: 11, did not pass the filter by color: 10, added: 1, new vincodes: 0
21-11-2011 06:19:04 --- INFO: Toyota RAV 4 - found: 10, pass primary filters: 3, did not pass the filter by color: 2, added: 1, new vincodes: 0
21-11-2011 06:19:18 --- INFO: Toyota Highlander 4WD - found: 10, pass primary filters: 0, did not pass the filter by color: 0, added: 0, new vincodes: 0
21-11-2011 06:20:26 --- INFO: Subaru Forester - found: 45, pass primary filters: 2, did not pass the filter by color: 0, added: 2, new vincodes: 0
21-11-2011 06:23:01 --- INFO: Nissan Rogue - found: 53, pass primary filters: 0, did not pass the filter by color: 0, added: 0, new vincodes: 0
21-11-2011 06:23:13 --- INFO: Toyota Highlander - found: 10, pass primary filters: 4, did not pass the filter by color: 2, added: 2, new vincodes: 0
21-11-2011 06:23:40 --- INFO: Acura MDX - found: 23, pass primary filters: 0, did not pass the filter by color: 0, added: 0, new vincodes: 0
21-11-2011 06:23:40 --- INFO: finish: 21-11-2011 06:23:40
21-11-2011 06:23:40 --- INFO: elapsed time: ~818.92 sec., memory usage: ~2.62 Mb.
21-11-2011 07:10:01 --- INFO: start: 21-11-2011 07:10:01
21-11-2011 07:10:01 --- INFO: ----------Source_Adesa (cli)
21-11-2011 07:10:03 --- ERROR: Unauthorized request
21-11-2011 07:10:03 --- INFO: finish: 21-11-2011 07:10:03
21-11-2011 07:10:03 --- INFO: elapsed time: ~1.78 sec., memory usage: ~1.31 Mb.
21-11-2011 07:10:01 --- INFO: start: 21-11-2011 07:10:01
21-11-2011 07:10:01 --- INFO: ----------Source_Gsmotors (cli)
21-11-2011 07:10:40 --- INFO: Lexus RX 300 - found: 58, pass primary filters: 22, did not pass the filter by color: 9, added: 13, new vincodes: 0
21-11-2011 07:12:43 --- INFO: Lexus RX 330 - found: 147, pass primary filters: 46, did not pass the filter by color: 15, added: 31, new vincodes: 0
21-11-2011 07:12:58 --- INFO: Lexus RX 400H - found: 19, pass primary filters: 5, did not pass the filter by color: 2, added: 3, new vincodes: 0
21-11-2011 07:13:28 --- INFO: Lexus GX 470 - found: 53, pass primary filters: 30, did not pass the filter by color: 22, added: 8, new vincodes: 0
21-11-2011 07:13:58 --- INFO: Lexus GX 470 - found: 48, pass primary filters: 28, did not pass the filter by color: 24, added: 4, new vincodes: 0
21-11-2011 07:14:05 --- INFO: Lexus LX 470 - found: 10, pass primary filters: 7, did not pass the filter by color: 7, added: 0, new vincodes: 0
21-11-2011 07:14:15 --- INFO: Lexus LX 470 - found: 14, pass primary filters: 8, did not pass the filter by color: 8, added: 0, new vincodes: 0
21-11-2011 07:14:22 --- INFO: Toyota Land Cruiser - found: 12, pass primary filters: 8, did not pass the filter by color: 8, added: 0, new vincodes: 0
21-11-2011 07:14:56 --- INFO: Honda CR-V - found: 52, pass primary filters: 5, did not pass the filter by color: 0, added: 5, new vincodes: 0
21-11-2011 07:17:10 --- INFO: Honda CR-V - found: 176, pass primary filters: 15, did not pass the filter by color: 0, added: 15, new vincodes: 0
21-11-2011 07:17:42 --- INFO: Mitsubishi Montero 4WD Limited - found: 44, pass primary filters: 9, did not pass the filter by color: 9, added: 0, new vincodes: 0
21-11-2011 07:19:31 --- INFO: Toyota 4RUNNER 4WD Limited - found: 164, pass primary filters: 54, did not pass the filter by color: 35, added: 19, new vincodes: 0
21-11-2011 07:20:22 --- INFO: Toyota RAV 4 - found: 68, pass primary filters: 26, did not pass the filter by color: 16, added: 10, new vincodes: 0
21-11-2011 07:21:13 --- INFO: Toyota Highlander 4WD - found: 76, pass primary filters: 0, did not pass the filter by color: 0, added: 0, new vincodes: 0
21-11-2011 07:22:39 --- INFO: Subaru Forester - found: 113, pass primary filters: 27, did not pass the filter by color: 0, added: 27, new vincodes: 0
21-11-2011 07:24:53 --- INFO: Nissan Rogue - found: 162, pass primary filters: 19, did not pass the filter by color: 0, added: 19, new vincodes: 0
21-11-2011 07:25:47 --- INFO: Toyota Highlander - found: 76, pass primary filters: 30, did not pass the filter by color: 23, added: 7, new vincodes: 0
21-11-2011 07:26:31 --- INFO: Acura MDX - found: 55, pass primary filters: 0, did not pass the filter by color: 0, added: 0, new vincodes: 0
21-11-2011 07:26:31 --- INFO: finish: 21-11-2011 07:26:31
21-11-2011 07:26:31 --- INFO: elapsed time: ~989.81 sec., memory usage: ~4.4 Mb.
21-11-2011 08:10:01 --- INFO: start: 21-11-2011 08:10:01
21-11-2011 08:10:01 --- INFO: ----------Source_Adesa (cli)
21-11-2011 08:10:03 --- ERROR: Unauthorized request
21-11-2011 08:10:03 --- INFO: finish: 21-11-2011 08:10:03
21-11-2011 08:10:03 --- INFO: elapsed time: ~1.88 sec., memory usage: ~1.31 Mb.
21-11-2011 08:10:01 --- INFO: start: 21-11-2011 08:10:01
21-11-2011 08:10:01 --- INFO: ----------Source_Gsmotors (cli)
21-11-2011 08:10:43 --- INFO: Lexus RX 300 - found: 58, pass primary filters: 22, did not pass the filter by color: 9, added: 13, new vincodes: 0
21-11-2011 08:12:09 --- INFO: Lexus RX 330 - found: 147, pass primary filters: 46, did not pass the filter by color: 16, added: 30, new vincodes: 0
21-11-2011 08:12:23 --- INFO: Lexus RX 400H - found: 19, pass primary filters: 5, did not pass the filter by color: 2, added: 3, new vincodes: 0
21-11-2011 08:12:57 --- INFO: Lexus GX 470 - found: 53, pass primary filters: 30, did not pass the filter by color: 22, added: 8, new vincodes: 0
21-11-2011 08:13:27 --- INFO: Lexus GX 470 - found: 48, pass primary filters: 28, did not pass the filter by color: 24, added: 4, new vincodes: 0
21-11-2011 08:13:34 --- INFO: Lexus LX 470 - found: 10, pass primary filters: 7, did not pass the filter by color: 7, added: 0, new vincodes: 0
21-11-2011 08:13:43 --- INFO: Lexus LX 470 - found: 14, pass primary filters: 8, did not pass the filter by color: 8, added: 0, new vincodes: 0
21-11-2011 08:13:51 --- INFO: Toyota Land Cruiser - found: 12, pass primary filters: 8, did not pass the filter by color: 8, added: 0, new vincodes: 0
21-11-2011 08:14:24 --- INFO: Honda CR-V - found: 52, pass primary filters: 5, did not pass the filter by color: 0, added: 5, new vincodes: 0
21-11-2011 08:16:17 --- INFO: Honda CR-V - found: 176, pass primary filters: 15, did not pass the filter by color: 0, added: 15, new vincodes: 0
21-11-2011 08:16:49 --- INFO: Mitsubishi Montero 4WD Limited - found: 44, pass primary filters: 9, did not pass the filter by color: 9, added: 0, new vincodes: 0
21-11-2011 08:18:39 --- INFO: Toyota 4RUNNER 4WD Limited - found: 164, pass primary filters: 54, did not pass the filter by color: 35, added: 19, new vincodes: 0
21-11-2011 08:19:22 --- INFO: Toyota RAV 4 - found: 68, pass primary filters: 26, did not pass the filter by color: 16, added: 10, new vincodes: 0
21-11-2011 08:20:11 --- INFO: Toyota Highlander 4WD - found: 76, pass primary filters: 0, did not pass the filter by color: 0, added: 0, new vincodes: 0
21-11-2011 08:21:28 --- INFO: Subaru Forester - found: 113, pass primary filters: 27, did not pass the filter by color: 0, added: 27, new vincodes: 0
21-11-2011 08:23:15 --- INFO: Nissan Rogue - found: 162, pass primary filters: 19, did not pass the filter by color: 0, added: 19, new vincodes: 0
21-11-2011 08:24:07 --- INFO: Toyota Highlander - found: 76, pass primary filters: 30, did not pass the filter by color: 23, added: 7, new vincodes: 0
21-11-2011 08:24:42 --- INFO: Acura MDX - found: 55, pass primary filters: 0, did not pass the filter by color: 0, added: 0, new vincodes: 0
21-11-2011 08:24:42 --- INFO: finish: 21-11-2011 08:24:42
21-11-2011 08:24:42 --- INFO: elapsed time: ~880.42 sec., memory usage: ~4.4 Mb.
21-11-2011 09:00:01 --- INFO: start: 21-11-2011 09:00:01
21-11-2011 09:00:01 --- INFO: ----------Source_Adesa (cli)
21-11-2011 09:00:02 --- ERROR: Unauthorized request
21-11-2011 09:00:02 --- INFO: finish: 21-11-2011 09:00:02
21-11-2011 09:00:02 --- INFO: elapsed time: ~1.65 sec., memory usage: ~1.31 Mb.
21-11-2011 09:00:01 --- INFO: start: 21-11-2011 09:00:01
21-11-2011 09:00:01 --- INFO: ----------Source_Gsmotors (cli)
21-11-2011 09:00:43 --- INFO: Lexus RX 300 - found: 58, pass primary filters: 22, did not pass the filter by color: 9, added: 13, new vincodes: 0
21-11-2011 09:02:08 --- INFO: Lexus RX 330 - found: 147, pass primary filters: 46, did not pass the filter by color: 15, added: 31, new vincodes: 0
21-11-2011 09:02:22 --- INFO: Lexus RX 400H - found: 19, pass primary filters: 5, did not pass the filter by color: 2, added: 3, new vincodes: 0
21-11-2011 09:02:57 --- INFO: Lexus GX 470 - found: 53, pass primary filters: 30, did not pass the filter by color: 22, added: 8, new vincodes: 0
21-11-2011 09:03:28 --- INFO: Lexus GX 470 - found: 48, pass primary filters: 28, did not pass the filter by color: 24, added: 4, new vincodes: 0
21-11-2011 09:03:36 --- INFO: Lexus LX 470 - found: 10, pass primary filters: 7, did not pass the filter by color: 7, added: 0, new vincodes: 0
21-11-2011 09:03:48 --- INFO: Lexus LX 470 - found: 14, pass primary filters: 8, did not pass the filter by color: 8, added: 0, new vincodes: 0
21-11-2011 09:03:58 --- INFO: Toyota Land Cruiser - found: 12, pass primary filters: 8, did not pass the filter by color: 8, added: 0, new vincodes: 0
21-11-2011 09:04:34 --- INFO: Honda CR-V - found: 52, pass primary filters: 5, did not pass the filter by color: 0, added: 5, new vincodes: 0
21-11-2011 09:06:45 --- INFO: Honda CR-V - found: 176, pass primary filters: 15, did not pass the filter by color: 0, added: 15, new vincodes: 0
21-11-2011 09:07:16 --- INFO: Mitsubishi Montero 4WD Limited - found: 44, pass primary filters: 9, did not pass the filter by color: 9, added: 0, new vincodes: 0
21-11-2011 09:09:02 --- INFO: Toyota 4RUNNER 4WD Limited - found: 164, pass primary filters: 54, did not pass the filter by color: 35, added: 19, new vincodes: 0
21-11-2011 09:09:41 --- INFO: Toyota RAV 4 - found: 68, pass primary filters: 26, did not pass the filter by color: 16, added: 10, new vincodes: 0
21-11-2011 09:10:35 --- INFO: Toyota Highlander 4WD - found: 76, pass primary filters: 0, did not pass the filter by color: 0, added: 0, new vincodes: 0
21-11-2011 09:11:42 --- INFO: Subaru Forester - found: 113, pass primary filters: 27, did not pass the filter by color: 0, added: 27, new vincodes: 0
21-11-2011 09:13:37 --- INFO: Nissan Rogue - found: 162, pass primary filters: 19, did not pass the filter by color: 0, added: 19, new vincodes: 0
21-11-2011 09:14:28 --- INFO: Toyota Highlander - found: 76, pass primary filters: 30, did not pass the filter by color: 23, added: 7, new vincodes: 0
21-11-2011 09:15:33 --- INFO: Acura MDX - found: 55, pass primary filters: 0, did not pass the filter by color: 0, added: 0, new vincodes: 0
21-11-2011 09:15:33 --- INFO: finish: 21-11-2011 09:15:33
21-11-2011 09:15:33 --- INFO: elapsed time: ~932.85 sec., memory usage: ~4.4 Mb.
21-11-2011 10:05:02 --- INFO: start: 21-11-2011 10:05:02
21-11-2011 10:05:02 --- INFO: ----------Source_Openlane (cli)
21-11-2011 10:05:05 --- ERROR: Unauthorized request
21-11-2011 10:05:05 --- INFO: finish: 21-11-2011 10:05:05
21-11-2011 10:05:05 --- INFO: elapsed time: ~3.33 sec., memory usage: ~1.31 Mb.
21-11-2011 10:10:01 --- INFO: start: 21-11-2011 10:10:01
21-11-2011 10:10:01 --- INFO: ----------Source_Adesa (cli)
21-11-2011 10:10:03 --- ERROR: Unauthorized request
21-11-2011 10:10:03 --- INFO: finish: 21-11-2011 10:10:03
21-11-2011 10:10:03 --- INFO: elapsed time: ~1.89 sec., memory usage: ~1.31 Mb.
21-11-2011 10:10:01 --- INFO: start: 21-11-2011 10:10:01
21-11-2011 10:10:01 --- INFO: ----------Source_Ebay (cli)
21-11-2011 10:10:25 --- INFO: Lexus RX 300 - found: 14, pass primary filters: 3, did not pass the filter by color: 0, added: 3, new vincodes: 0
21-11-2011 10:13:36 --- INFO: Lexus RX 330 - found: 66, pass primary filters: 26, did not pass the filter by color: 13, added: 13, new vincodes: 0
21-11-2011 10:14:24 --- INFO: Lexus RX 400H - found: 36, pass primary filters: 2, did not pass the filter by color: 0, added: 2, new vincodes: 0
21-11-2011 10:15:05 --- INFO: Lexus GX 470 - found: 28, pass primary filters: 11, did not pass the filter by color: 9, added: 2, new vincodes: 0
21-11-2011 10:15:26 --- INFO: Lexus GX 470 - found: 15, pass primary filters: 3, did not pass the filter by color: 3, added: 0, new vincodes: 0
21-11-2011 10:15:43 --- INFO: Lexus LX 470 - found: 11, pass primary filters: 7, did not pass the filter by color: 7, added: 0, new vincodes: 0
21-11-2011 10:16:04 --- INFO: Lexus LX 470 - found: 12, pass primary filters: 10, did not pass the filter by color: 10, added: 0, new vincodes: 1
21-11-2011 10:16:13 --- INFO: Toyota Land Cruiser - found: 3, pass primary filters: 2, did not pass the filter by color: 2, added: 0, new vincodes: 0
21-11-2011 10:16:32 --- INFO: Honda CR-V - found: 12, pass primary filters: 0, did not pass the filter by color: 0, added: 0, new vincodes: 0
21-11-2011 10:19:41 --- INFO: Honda CR-V - found: 64, pass primary filters: 2, did not pass the filter by color: 0, added: 2, new vincodes: 0
21-11-2011 10:19:50 --- INFO: Mitsubishi Montero 4WD Limited - found: 4, pass primary filters: 0, did not pass the filter by color: 0, added: 0, new vincodes: 0
21-11-2011 10:21:17 --- INFO: Toyota 4RUNNER 4WD Limited - found: 49, pass primary filters: 11, did not pass the filter by color: 10, added: 1, new vincodes: 0
21-11-2011 10:21:34 --- INFO: Toyota RAV 4 - found: 10, pass primary filters: 3, did not pass the filter by color: 2, added: 1, new vincodes: 0
21-11-2011 10:21:53 --- INFO: Toyota Highlander 4WD - found: 9, pass primary filters: 0, did not pass the filter by color: 0, added: 0, new vincodes: 0
21-11-2011 10:22:46 --- INFO: Subaru Forester - found: 45, pass primary filters: 2, did not pass the filter by color: 0, added: 2, new vincodes: 0
21-11-2011 10:24:43 --- INFO: Nissan Rogue - found: 51, pass primary filters: 0, did not pass the filter by color: 0, added: 0, new vincodes: 0
21-11-2011 10:24:56 --- INFO: Toyota Highlander - found: 9, pass primary filters: 4, did not pass the filter by color: 2, added: 2, new vincodes: 0
21-11-2011 10:25:33 --- INFO: Acura MDX - found: 22, pass primary filters: 0, did not pass the filter by color: 0, added: 0, new vincodes: 0
21-11-2011 10:25:33 --- INFO: finish: 21-11-2011 10:25:33
21-11-2011 10:25:33 --- INFO: elapsed time: ~931.57 sec., memory usage: ~2.66 Mb.
21-11-2011 10:10:01 --- INFO: start: 21-11-2011 10:10:01
21-11-2011 10:10:01 --- INFO: ----------Source_Gsmotors (cli)
21-11-2011 10:11:51 --- INFO: Lexus RX 300 - found: 70, pass primary filters: 24, did not pass the filter by color: 10, added: 14, new vincodes: 0
21-11-2011 10:16:02 --- INFO: Lexus RX 330 - found: 163, pass primary filters: 49, did not pass the filter by color: 19, added: 30, new vincodes: 3
21-11-2011 10:16:47 --- INFO: Lexus RX 400H - found: 26, pass primary filters: 8, did not pass the filter by color: 3, added: 5, new vincodes: 1
21-11-2011 10:18:28 --- INFO: Lexus GX 470 - found: 64, pass primary filters: 36, did not pass the filter by color: 28, added: 8, new vincodes: 2
21-11-2011 10:19:39 --- INFO: Lexus GX 470 - found: 53, pass primary filters: 30, did not pass the filter by color: 26, added: 4, new vincodes: 0
21-11-2011 10:20:01 --- INFO: Lexus LX 470 - found: 14, pass primary filters: 9, did not pass the filter by color: 9, added: 0, new vincodes: 1
21-11-2011 10:20:27 --- INFO: Lexus LX 470 - found: 15, pass primary filters: 9, did not pass the filter by color: 9, added: 0, new vincodes: 0
21-11-2011 10:20:48 --- INFO: Toyota Land Cruiser - found: 15, pass primary filters: 10, did not pass the filter by color: 10, added: 0, new vincodes: 1
21-11-2011 10:22:17 --- INFO: Honda CR-V - found: 58, pass primary filters: 5, did not pass the filter by color: 0, added: 5, new vincodes: 0
21-11-2011 10:27:48 --- INFO: Honda CR-V - found: 196, pass primary filters: 17, did not pass the filter by color: 0, added: 17, new vincodes: 2
21-11-2011 10:29:08 --- INFO: Mitsubishi Montero 4WD Limited - found: 52, pass primary filters: 11, did not pass the filter by color: 11, added: 0, new vincodes: 1
21-11-2011 10:33:41 --- INFO: Toyota 4RUNNER 4WD Limited - found: 187, pass primary filters: 58, did not pass the filter by color: 38, added: 20, new vincodes: 2
21-11-2011 10:35:26 --- INFO: Toyota RAV 4 - found: 75, pass primary filters: 31, did not pass the filter by color: 21, added: 10, new vincodes: 3
21-11-2011 10:37:25 --- INFO: Toyota Highlander 4WD - found: 87, pass primary filters: 1, did not pass the filter by color: 1, added: 0, new vincodes: 1
21-11-2011 10:40:52 --- INFO: Subaru Forester - found: 118, pass primary filters: 29, did not pass the filter by color: 0, added: 29, new vincodes: 1
21-11-2011 10:46:30 --- INFO: Nissan Rogue - found: 171, pass primary filters: 20, did not pass the filter by color: 0, added: 20, new vincodes: 0
21-11-2011 10:47:28 --- INFO: Toyota Highlander - found: 87, pass primary filters: 35, did not pass the filter by color: 28, added: 7, new vincodes: 2
21-11-2011 10:49:09 --- INFO: Acura MDX - found: 62, pass primary filters: 0, did not pass the filter by color: 0, added: 0, new vincodes: 0
21-11-2011 10:49:09 --- INFO: finish: 21-11-2011 10:49:09
21-11-2011 10:49:09 --- INFO: elapsed time: ~2348.36 sec., memory usage: ~4.84 Mb.
21-11-2011 11:20:01 --- INFO: start: 21-11-2011 11:20:01
21-11-2011 11:20:01 --- INFO: ----------Source_Adesa (cli)
21-11-2011 11:20:02 --- ERROR: Unauthorized request
21-11-2011 11:20:02 --- INFO: finish: 21-11-2011 11:20:02
21-11-2011 11:20:02 --- INFO: elapsed time: ~1.81 sec., memory usage: ~1.31 Mb.
21-11-2011 11:20:01 --- INFO: start: 21-11-2011 11:20:01
21-11-2011 11:20:01 --- INFO: ----------Source_Gsmotors (cli)
21-11-2011 11:20:51 --- INFO: Lexus RX 300 - found: 70, pass primary filters: 24, did not pass the filter by color: 10, added: 14, new vincodes: 0
21-11-2011 11:22:58 --- INFO: Lexus RX 330 - found: 163, pass primary filters: 49, did not pass the filter by color: 19, added: 30, new vincodes: 0
21-11-2011 11:23:18 --- INFO: Lexus RX 400H - found: 26, pass primary filters: 8, did not pass the filter by color: 2, added: 6, new vincodes: 0
21-11-2011 11:24:01 --- INFO: Lexus GX 470 - found: 64, pass primary filters: 36, did not pass the filter by color: 28, added: 8, new vincodes: 0
21-11-2011 11:24:49 --- INFO: Lexus GX 470 - found: 53, pass primary filters: 30, did not pass the filter by color: 26, added: 4, new vincodes: 0
21-11-2011 11:25:02 --- INFO: Lexus LX 470 - found: 14, pass primary filters: 9, did not pass the filter by color: 9, added: 0, new vincodes: 0
21-11-2011 11:25:19 --- INFO: Lexus LX 470 - found: 15, pass primary filters: 9, did not pass the filter by color: 9, added: 0, new vincodes: 0
21-11-2011 11:25:29 --- INFO: Toyota Land Cruiser - found: 15, pass primary filters: 10, did not pass the filter by color: 10, added: 0, new vincodes: 0
21-11-2011 11:26:15 --- INFO: Honda CR-V - found: 58, pass primary filters: 5, did not pass the filter by color: 0, added: 5, new vincodes: 0
21-11-2011 11:28:33 --- INFO: Honda CR-V - found: 196, pass primary filters: 17, did not pass the filter by color: 0, added: 17, new vincodes: 0
21-11-2011 11:29:16 --- INFO: Mitsubishi Montero 4WD Limited - found: 52, pass primary filters: 11, did not pass the filter by color: 11, added: 0, new vincodes: 0
21-11-2011 11:31:14 --- INFO: Toyota 4RUNNER 4WD Limited - found: 187, pass primary filters: 58, did not pass the filter by color: 38, added: 20, new vincodes: 0
21-11-2011 11:32:00 --- INFO: Toyota RAV 4 - found: 75, pass primary filters: 31, did not pass the filter by color: 21, added: 10, new vincodes: 0
21-11-2011 11:33:04 --- INFO: Toyota Highlander 4WD - found: 87, pass primary filters: 1, did not pass the filter by color: 1, added: 0, new vincodes: 0
21-11-2011 11:34:42 --- INFO: Subaru Forester - found: 118, pass primary filters: 29, did not pass the filter by color: 0, added: 29, new vincodes: 0
21-11-2011 11:37:03 --- INFO: Nissan Rogue - found: 171, pass primary filters: 20, did not pass the filter by color: 0, added: 20, new vincodes: 0
21-11-2011 11:37:54 --- INFO: Toyota Highlander - found: 87, pass primary filters: 35, did not pass the filter by color: 28, added: 7, new vincodes: 0
21-11-2011 11:38:34 --- INFO: Acura MDX - found: 62, pass primary filters: 0, did not pass the filter by color: 0, added: 0, new vincodes: 0
21-11-2011 11:38:34 --- INFO: finish: 21-11-2011 11:38:34
21-11-2011 11:38:34 --- INFO: elapsed time: ~1113.19 sec., memory usage: ~4.72 Mb.
21-11-2011 12:20:01 --- INFO: start: 21-11-2011 12:20:01
21-11-2011 12:20:02 --- INFO: ----------Source_Adesa (cli)
21-11-2011 12:20:03 --- ERROR: Unauthorized request
21-11-2011 12:20:03 --- INFO: finish: 21-11-2011 12:20:03
21-11-2011 12:20:03 --- INFO: elapsed time: ~1.7 sec., memory usage: ~1.31 Mb.
21-11-2011 12:20:01 --- INFO: start: 21-11-2011 12:20:01
21-11-2011 12:20:02 --- INFO: ----------Source_Gsmotors (cli)
21-11-2011 12:20:55 --- INFO: Lexus RX 300 - found: 70, pass primary filters: 24, did not pass the filter by color: 10, added: 14, new vincodes: 0
21-11-2011 12:22:38 --- INFO: Lexus RX 330 - found: 163, pass primary filters: 49, did not pass the filter by color: 18, added: 31, new vincodes: 0
21-11-2011 12:22:56 --- INFO: Lexus RX 400H - found: 26, pass primary filters: 8, did not pass the filter by color: 3, added: 5, new vincodes: 0
21-11-2011 12:23:31 --- INFO: Lexus GX 470 - found: 64, pass primary filters: 36, did not pass the filter by color: 28, added: 8, new vincodes: 0
21-11-2011 12:24:03 --- INFO: Lexus GX 470 - found: 53, pass primary filters: 30, did not pass the filter by color: 26, added: 4, new vincodes: 0
21-11-2011 12:24:11 --- INFO: Lexus LX 470 - found: 14, pass primary filters: 9, did not pass the filter by color: 9, added: 0, new vincodes: 0
21-11-2011 12:24:23 --- INFO: Lexus LX 470 - found: 15, pass primary filters: 9, did not pass the filter by color: 9, added: 0, new vincodes: 0
21-11-2011 12:24:32 --- INFO: Toyota Land Cruiser - found: 15, pass primary filters: 10, did not pass the filter by color: 10, added: 0, new vincodes: 0
21-11-2011 12:25:26 --- INFO: Honda CR-V - found: 58, pass primary filters: 5, did not pass the filter by color: 0, added: 5, new vincodes: 0
21-11-2011 12:27:31 --- INFO: Honda CR-V - found: 196, pass primary filters: 17, did not pass the filter by color: 0, added: 17, new vincodes: 0
21-11-2011 12:28:07 --- INFO: Mitsubishi Montero 4WD Limited - found: 52, pass primary filters: 11, did not pass the filter by color: 11, added: 0, new vincodes: 0
21-11-2011 12:30:29 --- INFO: Toyota 4RUNNER 4WD Limited - found: 187, pass primary filters: 58, did not pass the filter by color: 37, added: 21, new vincodes: 0
21-11-2011 12:31:19 --- INFO: Toyota RAV 4 - found: 75, pass primary filters: 31, did not pass the filter by color: 20, added: 11, new vincodes: 0
21-11-2011 12:32:13 --- INFO: Toyota Highlander 4WD - found: 87, pass primary filters: 1, did not pass the filter by color: 1, added: 0, new vincodes: 0
21-11-2011 12:33:34 --- INFO: Subaru Forester - found: 118, pass primary filters: 29, did not pass the filter by color: 0, added: 29, new vincodes: 0
21-11-2011 12:35:39 --- INFO: Nissan Rogue - found: 171, pass primary filters: 20, did not pass the filter by color: 0, added: 20, new vincodes: 0
21-11-2011 12:36:31 --- INFO: Toyota Highlander - found: 87, pass primary filters: 35, did not pass the filter by color: 28, added: 7, new vincodes: 0
21-11-2011 12:37:11 --- INFO: Acura MDX - found: 62, pass primary filters: 0, did not pass the filter by color: 0, added: 0, new vincodes: 0
21-11-2011 12:37:11 --- INFO: finish: 21-11-2011 12:37:11
21-11-2011 12:37:11 --- INFO: elapsed time: ~1029.43 sec., memory usage: ~4.72 Mb.
21-11-2011 14:05:01 --- INFO: start: 21-11-2011 14:05:01
21-11-2011 14:05:01 --- INFO: ----------Source_Openlane (cli)
21-11-2011 14:05:04 --- ERROR: Unauthorized request
21-11-2011 14:05:04 --- INFO: finish: 21-11-2011 14:05:04
21-11-2011 14:05:04 --- INFO: elapsed time: ~3.47 sec., memory usage: ~1.31 Mb.
21-11-2011 14:10:01 --- INFO: start: 21-11-2011 14:10:01
21-11-2011 14:10:01 --- INFO: ----------Source_Ebay (cli)
21-11-2011 14:10:25 --- INFO: Lexus RX 300 - found: 15, pass primary filters: 3, did not pass the filter by color: 0, added: 3, new vincodes: 0
21-11-2011 14:13:23 --- INFO: Lexus RX 330 - found: 63, pass primary filters: 26, did not pass the filter by color: 4, added: 22, new vincodes: 0
21-11-2011 14:14:19 --- INFO: Lexus RX 400H - found: 36, pass primary filters: 2, did not pass the filter by color: 0, added: 2, new vincodes: 0
21-11-2011 14:15:20 --- INFO: Lexus GX 470 - found: 29, pass primary filters: 11, did not pass the filter by color: 9, added: 2, new vincodes: 0
21-11-2011 14:15:45 --- INFO: Lexus GX 470 - found: 14, pass primary filters: 3, did not pass the filter by color: 3, added: 0, new vincodes: 0
21-11-2011 14:16:11 --- INFO: Lexus LX 470 - found: 12, pass primary filters: 8, did not pass the filter by color: 8, added: 0, new vincodes: 1
21-11-2011 14:16:25 --- INFO: Lexus LX 470 - found: 12, pass primary filters: 10, did not pass the filter by color: 10, added: 0, new vincodes: 0
21-11-2011 14:16:30 --- INFO: Toyota Land Cruiser - found: 3, pass primary filters: 2, did not pass the filter by color: 2, added: 0, new vincodes: 0
21-11-2011 14:16:43 --- INFO: Honda CR-V - found: 11, pass primary filters: 0, did not pass the filter by color: 0, added: 0, new vincodes: 0
21-11-2011 14:19:07 --- INFO: Honda CR-V - found: 62, pass primary filters: 2, did not pass the filter by color: 0, added: 2, new vincodes: 0
21-11-2011 14:19:15 --- INFO: Mitsubishi Montero 4WD Limited - found: 4, pass primary filters: 0, did not pass the filter by color: 0, added: 0, new vincodes: 0
21-11-2011 14:20:31 --- INFO: Toyota 4RUNNER 4WD Limited - found: 50, pass primary filters: 12, did not pass the filter by color: 11, added: 1, new vincodes: 0
21-11-2011 14:20:45 --- INFO: Toyota RAV 4 - found: 10, pass primary filters: 3, did not pass the filter by color: 2, added: 1, new vincodes: 0
21-11-2011 14:20:59 --- INFO: Toyota Highlander 4WD - found: 9, pass primary filters: 0, did not pass the filter by color: 0, added: 0, new vincodes: 0
21-11-2011 14:22:16 --- INFO: Subaru Forester - found: 43, pass primary filters: 2, did not pass the filter by color: 0, added: 2, new vincodes: 0
21-11-2011 14:25:02 --- INFO: Nissan Rogue - found: 53, pass primary filters: 0, did not pass the filter by color: 0, added: 0, new vincodes: 0
21-11-2011 14:25:16 --- INFO: Toyota Highlander - found: 9, pass primary filters: 4, did not pass the filter by color: 2, added: 2, new vincodes: 0
21-11-2011 14:25:49 --- INFO: Acura MDX - found: 20, pass primary filters: 0, did not pass the filter by color: 0, added: 0, new vincodes: 0
21-11-2011 14:25:49 --- INFO: finish: 21-11-2011 14:25:49
21-11-2011 14:25:49 --- INFO: elapsed time: ~948.51 sec., memory usage: ~2.67 Mb.
21-11-2011 15:10:02 --- INFO: start: 21-11-2011 15:10:02
21-11-2011 15:10:02 --- INFO: ----------Source_Adesa (cli)
21-11-2011 15:10:03 --- ERROR: Unauthorized request
21-11-2011 15:10:03 --- INFO: finish: 21-11-2011 15:10:03
21-11-2011 15:10:03 --- INFO: elapsed time: ~1.72 sec., memory usage: ~1.31 Mb.
21-11-2011 15:10:02 --- INFO: start: 21-11-2011 15:10:02
21-11-2011 15:10:02 --- INFO: ----------Source_Gsmotors (cli)
21-11-2011 15:12:21 --- INFO: Lexus RX 300 - found: 83, pass primary filters: 28, did not pass the filter by color: 11, added: 17, new vincodes: 5
21-11-2011 15:17:07 --- INFO: Lexus RX 330 - found: 188, pass primary filters: 61, did not pass the filter by color: 22, added: 39, new vincodes: 6
21-11-2011 15:18:11 --- INFO: Lexus RX 400H - found: 33, pass primary filters: 8, did not pass the filter by color: 2, added: 6, new vincodes: 0
21-11-2011 15:19:54 --- INFO: Lexus GX 470 - found: 74, pass primary filters: 38, did not pass the filter by color: 30, added: 8, new vincodes: 1
21-11-2011 15:21:18 --- INFO: Lexus GX 470 - found: 57, pass primary filters: 30, did not pass the filter by color: 26, added: 4, new vincodes: 0
21-11-2011 15:21:44 --- INFO: Lexus LX 470 - found: 19, pass primary filters: 11, did not pass the filter by color: 11, added: 0, new vincodes: 0
21-11-2011 15:22:12 --- INFO: Lexus LX 470 - found: 17, pass primary filters: 10, did not pass the filter by color: 10, added: 0, new vincodes: 1
21-11-2011 15:22:36 --- INFO: Toyota Land Cruiser - found: 18, pass primary filters: 10, did not pass the filter by color: 10, added: 0, new vincodes: 0
21-11-2011 15:24:12 --- INFO: Honda CR-V - found: 70, pass primary filters: 6, did not pass the filter by color: 0, added: 6, new vincodes: 0
21-11-2011 15:29:51 --- INFO: Honda CR-V - found: 216, pass primary filters: 18, did not pass the filter by color: 0, added: 18, new vincodes: 0
21-11-2011 15:31:36 --- INFO: Mitsubishi Montero 4WD Limited - found: 67, pass primary filters: 15, did not pass the filter by color: 15, added: 0, new vincodes: 4
21-11-2011 15:36:53 --- INFO: Toyota 4RUNNER 4WD Limited - found: 208, pass primary filters: 59, did not pass the filter by color: 39, added: 20, new vincodes: 2
21-11-2011 15:39:01 --- INFO: Toyota RAV 4 - found: 83, pass primary filters: 32, did not pass the filter by color: 21, added: 11, new vincodes: 1
21-11-2011 15:41:40 --- INFO: Toyota Highlander 4WD - found: 100, pass primary filters: 1, did not pass the filter by color: 1, added: 0, new vincodes: 0
21-11-2011 15:45:49 --- INFO: Subaru Forester - found: 134, pass primary filters: 30, did not pass the filter by color: 0, added: 30, new vincodes: 0
21-11-2011 15:51:22 --- INFO: Nissan Rogue - found: 185, pass primary filters: 20, did not pass the filter by color: 0, added: 20, new vincodes: 1
21-11-2011 15:52:40 --- INFO: Toyota Highlander - found: 100, pass primary filters: 35, did not pass the filter by color: 27, added: 8, new vincodes: 1
21-11-2011 15:54:19 --- INFO: Acura MDX - found: 69, pass primary filters: 0, did not pass the filter by color: 0, added: 0, new vincodes: 0
21-11-2011 15:54:19 --- INFO: finish: 21-11-2011 15:54:19
21-11-2011 15:54:19 --- INFO: elapsed time: ~2657.85 sec., memory usage: ~5.07 Mb.
21-11-2011 17:10:01 --- INFO: start: 21-11-2011 17:10:01
21-11-2011 17:10:01 --- INFO: ----------Source_Adesa (cli)
21-11-2011 17:10:03 --- ERROR: Unauthorized request
21-11-2011 17:10:03 --- INFO: finish: 21-11-2011 17:10:03
21-11-2011 17:10:03 --- INFO: elapsed time: ~1.93 sec., memory usage: ~1.31 Mb.
21-11-2011 17:10:01 --- INFO: start: 21-11-2011 17:10:01
21-11-2011 17:10:01 --- INFO: ----------Source_Gsmotors (cli)
21-11-2011 17:10:22 --- ERROR: Request returns empty result
21-11-2011 17:10:22 --- INFO: finish: 21-11-2011 17:10:22
21-11-2011 17:10:22 --- INFO: elapsed time: ~21.15 sec., memory usage: ~1.62 Mb.
21-11-2011 18:05:01 --- INFO: start: 21-11-2011 18:05:01
21-11-2011 18:05:01 --- INFO: ----------Source_Openlane (cli)
21-11-2011 18:05:05 --- ERROR: Unauthorized request
21-11-2011 18:05:05 --- INFO: finish: 21-11-2011 18:05:05
21-11-2011 18:05:05 --- INFO: elapsed time: ~3.35 sec., memory usage: ~1.31 Mb.
21-11-2011 18:10:01 --- INFO: start: 21-11-2011 18:10:01
21-11-2011 18:10:01 --- INFO: ----------Source_Ebay (cli)
21-11-2011 18:10:21 --- INFO: Lexus RX 300 - found: 14, pass primary filters: 3, did not pass the filter by color: 0, added: 3, new vincodes: 0
21-11-2011 18:13:25 --- INFO: Lexus RX 330 - found: 60, pass primary filters: 24, did not pass the filter by color: 2, added: 22, new vincodes: 0
21-11-2011 18:14:05 --- INFO: Lexus RX 400H - found: 37, pass primary filters: 2, did not pass the filter by color: 0, added: 2, new vincodes: 0
21-11-2011 18:14:38 --- INFO: Lexus GX 470 - found: 28, pass primary filters: 10, did not pass the filter by color: 9, added: 1, new vincodes: 0
21-11-2011 18:14:58 --- INFO: Lexus GX 470 - found: 14, pass primary filters: 3, did not pass the filter by color: 3, added: 0, new vincodes: 0
21-11-2011 18:15:16 --- INFO: Lexus LX 470 - found: 12, pass primary filters: 8, did not pass the filter by color: 8, added: 0, new vincodes: 0
21-11-2011 18:15:39 --- INFO: Lexus LX 470 - found: 12, pass primary filters: 10, did not pass the filter by color: 10, added: 0, new vincodes: 0
21-11-2011 18:15:50 --- INFO: Toyota Land Cruiser - found: 3, pass primary filters: 2, did not pass the filter by color: 2, added: 0, new vincodes: 0
21-11-2011 18:16:09 --- INFO: Honda CR-V - found: 11, pass primary filters: 0, did not pass the filter by color: 0, added: 0, new vincodes: 0
21-11-2011 18:19:55 --- INFO: Honda CR-V - found: 61, pass primary filters: 0, did not pass the filter by color: 0, added: 0, new vincodes: 0
21-11-2011 18:20:09 --- INFO: Mitsubishi Montero 4WD Limited - found: 4, pass primary filters: 0, did not pass the filter by color: 0, added: 0, new vincodes: 0
21-11-2011 18:23:33 --- INFO: Toyota 4RUNNER 4WD Limited - found: 51, pass primary filters: 24, did not pass the filter by color: 22, added: 2, new vincodes: 1
21-11-2011 18:23:50 --- INFO: Toyota RAV 4 - found: 9, pass primary filters: 3, did not pass the filter by color: 2, added: 1, new vincodes: 0
21-11-2011 18:24:05 --- INFO: Toyota Highlander 4WD - found: 8, pass primary filters: 0, did not pass the filter by color: 0, added: 0, new vincodes: 0
21-11-2011 18:26:52 --- INFO: Subaru Forester - found: 42, pass primary filters: 2, did not pass the filter by color: 0, added: 2, new vincodes: 0
21-11-2011 18:31:00 --- INFO: Nissan Rogue - found: 53, pass primary filters: 0, did not pass the filter by color: 0, added: 0, new vincodes: 0
21-11-2011 18:31:18 --- INFO: Toyota Highlander - found: 8, pass primary filters: 4, did not pass the filter by color: 2, added: 2, new vincodes: 0
21-11-2011 18:31:49 --- INFO: Acura MDX - found: 19, pass primary filters: 0, did not pass the filter by color: 0, added: 0, new vincodes: 0
21-11-2011 18:31:49 --- INFO: finish: 21-11-2011 18:31:49
21-11-2011 18:31:49 --- INFO: elapsed time: ~1307.89 sec., memory usage: ~2.72 Mb.
21-11-2011 22:05:01 --- INFO: start: 21-11-2011 22:05:01
21-11-2011 22:05:01 --- INFO: ----------Source_Openlane (cli)
21-11-2011 22:05:05 --- ERROR: Unauthorized request
21-11-2011 22:05:05 --- INFO: finish: 21-11-2011 22:05:05
21-11-2011 22:05:05 --- INFO: elapsed time: ~3.37 sec., memory usage: ~1.31 Mb.
21-11-2011 22:10:01 --- INFO: start: 21-11-2011 22:10:01
21-11-2011 22:10:01 --- INFO: ----------Source_Ebay (cli)
21-11-2011 22:10:26 --- INFO: Lexus RX 300 - found: 15, pass primary filters: 3, did not pass the filter by color: 0, added: 3, new vincodes: 0
21-11-2011 22:14:04 --- INFO: Lexus RX 330 - found: 61, pass primary filters: 24, did not pass the filter by color: 7, added: 17, new vincodes: 0
21-11-2011 22:14:46 --- INFO: Lexus RX 400H - found: 37, pass primary filters: 2, did not pass the filter by color: 0, added: 2, new vincodes: 0
21-11-2011 22:15:14 --- INFO: Lexus GX 470 - found: 28, pass primary filters: 10, did not pass the filter by color: 9, added: 1, new vincodes: 0
21-11-2011 22:15:28 --- INFO: Lexus GX 470 - found: 14, pass primary filters: 3, did not pass the filter by color: 3, added: 0, new vincodes: 0
21-11-2011 22:15:42 --- INFO: Lexus LX 470 - found: 12, pass primary filters: 8, did not pass the filter by color: 8, added: 0, new vincodes: 0
21-11-2011 22:15:54 --- INFO: Lexus LX 470 - found: 12, pass primary filters: 10, did not pass the filter by color: 10, added: 0, new vincodes: 0
21-11-2011 22:15:59 --- INFO: Toyota Land Cruiser - found: 3, pass primary filters: 2, did not pass the filter by color: 2, added: 0, new vincodes: 0
21-11-2011 22:16:10 --- INFO: Honda CR-V - found: 11, pass primary filters: 0, did not pass the filter by color: 0, added: 0, new vincodes: 0
21-11-2011 22:18:19 --- INFO: Honda CR-V - found: 63, pass primary filters: 0, did not pass the filter by color: 0, added: 0, new vincodes: 0
21-11-2011 22:18:25 --- INFO: Mitsubishi Montero 4WD Limited - found: 3, pass primary filters: 0, did not pass the filter by color: 0, added: 0, new vincodes: 0
21-11-2011 22:19:13 --- INFO: Toyota 4RUNNER 4WD Limited - found: 50, pass primary filters: 12, did not pass the filter by color: 11, added: 1, new vincodes: 0
21-11-2011 22:19:24 --- INFO: Toyota RAV 4 - found: 9, pass primary filters: 3, did not pass the filter by color: 2, added: 1, new vincodes: 0
21-11-2011 22:19:33 --- INFO: Toyota Highlander 4WD - found: 7, pass primary filters: 0, did not pass the filter by color: 0, added: 0, new vincodes: 0
21-11-2011 22:20:19 --- INFO: Subaru Forester - found: 42, pass primary filters: 2, did not pass the filter by color: 0, added: 2, new vincodes: 0
21-11-2011 22:21:10 --- INFO: Nissan Rogue - found: 50, pass primary filters: 0, did not pass the filter by color: 0, added: 0, new vincodes: 0
21-11-2011 22:21:18 --- INFO: Toyota Highlander - found: 7, pass primary filters: 3, did not pass the filter by color: 1, added: 2, new vincodes: 0
21-11-2011 22:21:36 --- INFO: Acura MDX - found: 17, pass primary filters: 0, did not pass the filter by color: 0, added: 0, new vincodes: 0
21-11-2011 22:21:36 --- INFO: finish: 21-11-2011 22:21:36
21-11-2011 22:21:36 --- INFO: elapsed time: ~694.97 sec., memory usage: ~2.6 Mb.