
23-09-2011 01:46:07 --- INFO: start: 23-09-2011 01:46:07
23-09-2011 01:46:07 --- INFO: ----------Source_Gsmotors (cli)
23-09-2011 01:50:55 --- INFO: start: 23-09-2011 01:50:55
23-09-2011 01:50:55 --- INFO: ----------Source_Gsmotors (cli)
23-09-2011 01:51:59 --- INFO: Lexus RX 300 - found: 51, pass primary filters: 10, did not pass the filter by color: 1, added: 9, new vincodes: 3
23-09-2011 01:55:35 --- INFO: Lexus RX 330 - found: 187, pass primary filters: 39, did not pass the filter by color: 9, added: 30, new vincodes: 7
23-09-2011 01:56:18 --- INFO: Lexus RX 400H - found: 35, pass primary filters: 1, did not pass the filter by color: 0, added: 1, new vincodes: 0
23-09-2011 01:57:50 --- INFO: Lexus GX 470 - found: 79, pass primary filters: 37, did not pass the filter by color: 27, added: 10, new vincodes: 18
23-09-2011 02:00:00 --- INFO: Lexus GX 470 - found: 96, pass primary filters: 52, did not pass the filter by color: 46, added: 6, new vincodes: 18
23-09-2011 02:00:24 --- INFO: Lexus LX 470 - found: 21, pass primary filters: 13, did not pass the filter by color: 12, added: 1, new vincodes: 6
23-09-2011 02:00:44 --- INFO: Lexus LX 470 - found: 15, pass primary filters: 10, did not pass the filter by color: 10, added: 0, new vincodes: 6
23-09-2011 02:01:00 --- INFO: Toyota Land Cruiser - found: 10, pass primary filters: 6, did not pass the filter by color: 5, added: 1, new vincodes: 3
23-09-2011 02:01:56 --- INFO: Honda CR-V - found: 60, pass primary filters: 2, did not pass the filter by color: 0, added: 2, new vincodes: 1
23-09-2011 02:05:12 --- INFO: Honda CR-V - found: 182, pass primary filters: 7, did not pass the filter by color: 0, added: 7, new vincodes: 6
23-09-2011 02:06:20 --- INFO: Mitsubishi Montero 4WD Limited - found: 62, pass primary filters: 3, did not pass the filter by color: 3, added: 0, new vincodes: 3
23-09-2011 02:10:51 --- INFO: Toyota 4RUNNER 4WD Limited - found: 182, pass primary filters: 47, did not pass the filter by color: 29, added: 18, new vincodes: 23
23-09-2011 02:11:49 --- INFO: Toyota RAV 4 - found: 60, pass primary filters: 16, did not pass the filter by color: 9, added: 7, new vincodes: 3
23-09-2011 02:13:15 --- INFO: Toyota Highlander 4WD - found: 80, pass primary filters: 1, did not pass the filter by color: 1, added: 0, new vincodes: 0
23-09-2011 02:17:26 --- INFO: Subaru Forester - found: 166, pass primary filters: 12, did not pass the filter by color: 0, added: 12, new vincodes: 5
23-09-2011 02:24:41 --- INFO: Nissan Rogue - found: 281, pass primary filters: 9, did not pass the filter by color: 0, added: 9, new vincodes: 5
23-09-2011 02:25:35 --- INFO: Toyota Highlander - found: 80, pass primary filters: 28, did not pass the filter by color: 22, added: 6, new vincodes: 11
23-09-2011 02:26:30 --- INFO: Acura MDX - found: 52, pass primary filters: 0, did not pass the filter by color: 0, added: 0, new vincodes: 0
23-09-2011 02:26:30 --- INFO: finish: 23-09-2011 02:26:30
23-09-2011 02:26:30 --- INFO: elapsed time: ~2134.93 sec., memory usage: ~4.56 Mb.