
24-08-2011 01:20:36 --- INFO: start: 24-08-2011 01:20:36
24-08-2011 01:20:36 --- INFO: ----------Source_Gsmotors (apache2handler)
24-08-2011 01:22:31 --- INFO: Lexus RX 300 - found: 101, pass primary filters: 35, did not pass the filter by color: 13, added: 22, new vincodes: 2
24-08-2011 01:26:46 --- INFO: Lexus RX 330 - found: 226, pass primary filters: 47, did not pass the filter by color: 14, added: 33, new vincodes: 2
24-08-2011 01:27:21 --- INFO: Lexus RX 400H - found: 43, pass primary filters: 5, did not pass the filter by color: 2, added: 3, new vincodes: 0
24-08-2011 01:28:31 --- INFO: Lexus GX 470 - found: 71, pass primary filters: 38, did not pass the filter by color: 28, added: 10, new vincodes: 2
24-08-2011 01:30:23 --- INFO: Lexus GX 470 - found: 103, pass primary filters: 65, did not pass the filter by color: 49, added: 16, new vincodes: 4
24-08-2011 01:30:46 --- INFO: Lexus LX 470 - found: 16, pass primary filters: 12, did not pass the filter by color: 12, added: 0, new vincodes: 1
24-08-2011 01:31:10 --- INFO: Lexus LX 470 - found: 25, pass primary filters: 17, did not pass the filter by color: 17, added: 0, new vincodes: 0
24-08-2011 01:31:26 --- INFO: Toyota Land Cruiser - found: 20, pass primary filters: 8, did not pass the filter by color: 8, added: 0, new vincodes: 0
24-08-2011 01:32:19 --- INFO: Honda CR-V - found: 57, pass primary filters: 2, did not pass the filter by color: 0, added: 2, new vincodes: 0
24-08-2011 01:36:16 --- INFO: Honda CR-V - found: 199, pass primary filters: 11, did not pass the filter by color: 0, added: 11, new vincodes: 1
24-08-2011 01:37:36 --- INFO: Mitsubishi Montero 4WD Limited - found: 75, pass primary filters: 12, did not pass the filter by color: 12, added: 0, new vincodes: 0
24-08-2011 01:42:13 --- INFO: Toyota 4RUNNER 4WD Limited - found: 263, pass primary filters: 65, did not pass the filter by color: 40, added: 25, new vincodes: 1
24-08-2011 01:44:00 --- INFO: Toyota RAV 4 - found: 80, pass primary filters: 31, did not pass the filter by color: 22, added: 9, new vincodes: 0
24-08-2011 01:45:51 --- INFO: Toyota Highlander 4WD - found: 97, pass primary filters: 5, did not pass the filter by color: 3, added: 2, new vincodes: 1
24-08-2011 01:49:54 --- INFO: Subaru Forester - found: 155, pass primary filters: 10, did not pass the filter by color: 0, added: 10, new vincodes: 0
24-08-2011 01:56:23 --- INFO: Nissan Rogue - found: 220, pass primary filters: 9, did not pass the filter by color: 0, added: 9, new vincodes: 0
24-08-2011 01:57:07 --- INFO: Toyota Highlander - found: 97, pass primary filters: 38, did not pass the filter by color: 30, added: 8, new vincodes: 0
24-08-2011 01:58:28 --- INFO: Acura MDX - found: 70, pass primary filters: 1, did not pass the filter by color: 0, added: 1, new vincodes: 0
24-08-2011 01:58:28 --- INFO: finish: 24-08-2011 01:58:28
24-08-2011 01:58:28 --- INFO: elapsed time: ~2272.03 sec., memory usage: ~5.04 Mb.
24-08-2011 03:05:01 --- INFO: start: 24-08-2011 03:05:01
24-08-2011 03:05:01 --- INFO: ----------Source_Openlane (cli)
24-08-2011 03:05:04 --- ERROR: Unauthorized request
24-08-2011 03:05:04 --- INFO: finish: 24-08-2011 03:05:04
24-08-2011 03:05:04 --- INFO: elapsed time: ~2.94 sec., memory usage: ~1.31 Mb.
24-08-2011 03:10:01 --- INFO: start: 24-08-2011 03:10:01
24-08-2011 03:10:01 --- INFO: ----------Source_Ebay (cli)
24-08-2011 03:10:24 --- INFO: Lexus RX 300 - found: 27, pass primary filters: 4, did not pass the filter by color: 0, added: 4, new vincodes: 0
24-08-2011 03:12:09 --- INFO: Lexus RX 330 - found: 75, pass primary filters: 12, did not pass the filter by color: 7, added: 5, new vincodes: 0
24-08-2011 03:12:49 --- INFO: Lexus RX 400H - found: 50, pass primary filters: 1, did not pass the filter by color: 1, added: 0, new vincodes: 0
24-08-2011 03:13:18 --- INFO: Lexus GX 470 - found: 39, pass primary filters: 14, did not pass the filter by color: 13, added: 1, new vincodes: 0
24-08-2011 03:13:41 --- INFO: Lexus GX 470 - found: 29, pass primary filters: 19, did not pass the filter by color: 17, added: 2, new vincodes: 0
24-08-2011 03:13:46 --- INFO: Lexus LX 470 - found: 5, pass primary filters: 4, did not pass the filter by color: 4, added: 0, new vincodes: 0
24-08-2011 03:13:54 --- INFO: Lexus LX 470 - found: 8, pass primary filters: 7, did not pass the filter by color: 7, added: 0, new vincodes: 0
24-08-2011 03:14:02 --- INFO: Toyota Land Cruiser - found: 9, pass primary filters: 6, did not pass the filter by color: 6, added: 0, new vincodes: 0
24-08-2011 03:14:16 --- INFO: Honda CR-V - found: 16, pass primary filters: 0, did not pass the filter by color: 0, added: 0, new vincodes: 0
24-08-2011 03:15:56 --- INFO: Honda CR-V - found: 71, pass primary filters: 2, did not pass the filter by color: 0, added: 2, new vincodes: 0
24-08-2011 03:15:59 --- INFO: Mitsubishi Montero 4WD Limited - found: 2, pass primary filters: 0, did not pass the filter by color: 0, added: 0, new vincodes: 0
24-08-2011 03:17:32 --- INFO: Toyota 4RUNNER 4WD Limited - found: 64, pass primary filters: 32, did not pass the filter by color: 16, added: 16, new vincodes: 0
24-08-2011 03:17:43 --- INFO: Toyota RAV 4 - found: 13, pass primary filters: 5, did not pass the filter by color: 4, added: 1, new vincodes: 0
24-08-2011 03:18:02 --- INFO: Toyota Highlander 4WD - found: 22, pass primary filters: 0, did not pass the filter by color: 0, added: 0, new vincodes: 0
24-08-2011 03:19:33 --- INFO: Subaru Forester - found: 58, pass primary filters: 6, did not pass the filter by color: 0, added: 6, new vincodes: 0
24-08-2011 03:20:09 --- INFO: Nissan Rogue - found: 44, pass primary filters: 1, did not pass the filter by color: 0, added: 1, new vincodes: 0
24-08-2011 03:20:26 --- INFO: Toyota Highlander - found: 22, pass primary filters: 7, did not pass the filter by color: 6, added: 1, new vincodes: 0
24-08-2011 03:20:40 --- INFO: Acura MDX - found: 16, pass primary filters: 0, did not pass the filter by color: 0, added: 0, new vincodes: 0
24-08-2011 03:20:40 --- INFO: finish: 24-08-2011 03:20:40
24-08-2011 03:20:40 --- INFO: elapsed time: ~639.27 sec., memory usage: ~2.87 Mb.
24-08-2011 06:10:01 --- INFO: start: 24-08-2011 06:10:01
24-08-2011 06:10:01 --- INFO: ----------Source_Adesa (cli)
24-08-2011 06:10:02 --- INFO: Authorized request
24-08-2011 06:10:05 --- INFO: Lexus RX 300 - found: 9, pass primary filters: 3, did not pass the filter by color: 0, added: 3, new vincodes: 0
24-08-2011 06:10:08 --- INFO: Lexus RX 330 - found: 10, pass primary filters: 3, did not pass the filter by color: 1, added: 2, new vincodes: 0
24-08-2011 06:10:09 --- INFO: Lexus RX 400H - found: 2, pass primary filters: 2, did not pass the filter by color: 1, added: 1, new vincodes: 0
24-08-2011 06:10:14 --- INFO: Lexus GX 470 - found: 3, pass primary filters: 2, did not pass the filter by color: 1, added: 1, new vincodes: 2
24-08-2011 06:10:17 --- INFO: Lexus GX 470 - found: 4, pass primary filters: 2, did not pass the filter by color: 1, added: 1, new vincodes: 0
24-08-2011 06:10:18 --- INFO: Lexus LX 470 - found: 0, pass primary filters: 0, did not pass the filter by color: 0, added: 0, new vincodes: 0
24-08-2011 06:10:18 --- INFO: Lexus LX 470 - found: 1, pass primary filters: 1, did not pass the filter by color: 1, added: 0, new vincodes: 0
24-08-2011 06:10:19 --- INFO: Toyota Land Cruiser - found: 0, pass primary filters: 0, did not pass the filter by color: 0, added: 0, new vincodes: 0
24-08-2011 06:10:20 --- INFO: Honda CR-V - found: 17, pass primary filters: 2, did not pass the filter by color: 0, added: 2, new vincodes: 0
24-08-2011 06:10:50 --- INFO: Honda CR-V - found: 7, pass primary filters: 1, did not pass the filter by color: 0, added: 1, new vincodes: 0
24-08-2011 06:11:21 --- INFO: Mitsubishi Montero 4WD Limited - found: 26, pass primary filters: 4, did not pass the filter by color: 4, added: 0, new vincodes: 0
24-08-2011 06:11:24 --- INFO: Toyota 4RUNNER 4WD Limited - found: 19, pass primary filters: 5, did not pass the filter by color: 4, added: 1, new vincodes: 0
24-08-2011 06:11:28 --- INFO: Toyota RAV 4 - found: 20, pass primary filters: 7, did not pass the filter by color: 7, added: 0, new vincodes: 0
24-08-2011 06:11:28 --- INFO: Toyota Highlander 4WD - found: 26, pass primary filters: 0, did not pass the filter by color: 0, added: 0, new vincodes: 0
24-08-2011 06:11:38 --- INFO: Subaru Forester - found: 2, pass primary filters: 1, did not pass the filter by color: 0, added: 1, new vincodes: 0
24-08-2011 06:11:41 --- INFO: Nissan Rogue - found: 14, pass primary filters: 1, did not pass the filter by color: 0, added: 1, new vincodes: 0
24-08-2011 06:11:50 --- INFO: Toyota Highlander - found: 26, pass primary filters: 11, did not pass the filter by color: 10, added: 1, new vincodes: 1
24-08-2011 06:11:50 --- INFO: Acura MDX - found: 12, pass primary filters: 0, did not pass the filter by color: 0, added: 0, new vincodes: 0
24-08-2011 06:11:50 --- INFO: finish: 24-08-2011 06:11:50
24-08-2011 06:11:50 --- INFO: elapsed time: ~109.22 sec., memory usage: ~2.33 Mb.
24-08-2011 06:10:01 --- INFO: start: 24-08-2011 06:10:01
24-08-2011 06:10:01 --- INFO: ----------Source_Gsmotors (cli)
24-08-2011 06:11:43 --- INFO: Lexus RX 300 - found: 81, pass primary filters: 32, did not pass the filter by color: 12, added: 20, new vincodes: 0
24-08-2011 06:15:20 --- INFO: Lexus RX 330 - found: 180, pass primary filters: 40, did not pass the filter by color: 10, added: 30, new vincodes: 1
24-08-2011 06:15:55 --- INFO: Lexus RX 400H - found: 34, pass primary filters: 5, did not pass the filter by color: 2, added: 3, new vincodes: 0
24-08-2011 06:17:12 --- INFO: Lexus GX 470 - found: 61, pass primary filters: 37, did not pass the filter by color: 27, added: 10, new vincodes: 0
24-08-2011 06:19:11 --- INFO: Lexus GX 470 - found: 90, pass primary filters: 63, did not pass the filter by color: 47, added: 16, new vincodes: 1
24-08-2011 06:19:29 --- INFO: Lexus LX 470 - found: 15, pass primary filters: 12, did not pass the filter by color: 12, added: 0, new vincodes: 0
24-08-2011 06:19:52 --- INFO: Lexus LX 470 - found: 22, pass primary filters: 17, did not pass the filter by color: 17, added: 0, new vincodes: 0
24-08-2011 06:20:07 --- INFO: Toyota Land Cruiser - found: 17, pass primary filters: 8, did not pass the filter by color: 8, added: 0, new vincodes: 0
24-08-2011 06:20:58 --- INFO: Honda CR-V - found: 48, pass primary filters: 1, did not pass the filter by color: 0, added: 1, new vincodes: 0
24-08-2011 06:24:25 --- INFO: Honda CR-V - found: 182, pass primary filters: 9, did not pass the filter by color: 0, added: 9, new vincodes: 0
24-08-2011 06:25:49 --- INFO: Mitsubishi Montero 4WD Limited - found: 67, pass primary filters: 11, did not pass the filter by color: 11, added: 0, new vincodes: 0
24-08-2011 06:29:54 --- INFO: Toyota 4RUNNER 4WD Limited - found: 223, pass primary filters: 59, did not pass the filter by color: 36, added: 23, new vincodes: 0
24-08-2011 06:31:16 --- INFO: Toyota RAV 4 - found: 67, pass primary filters: 23, did not pass the filter by color: 15, added: 8, new vincodes: 0
24-08-2011 06:32:47 --- INFO: Toyota Highlander 4WD - found: 81, pass primary filters: 5, did not pass the filter by color: 3, added: 2, new vincodes: 0
24-08-2011 06:36:50 --- INFO: Subaru Forester - found: 143, pass primary filters: 10, did not pass the filter by color: 0, added: 10, new vincodes: 0
24-08-2011 06:42:13 --- INFO: Nissan Rogue - found: 189, pass primary filters: 9, did not pass the filter by color: 0, added: 9, new vincodes: 0
24-08-2011 06:42:55 --- INFO: Toyota Highlander - found: 81, pass primary filters: 33, did not pass the filter by color: 25, added: 8, new vincodes: 0
24-08-2011 06:44:15 --- INFO: Acura MDX - found: 61, pass primary filters: 1, did not pass the filter by color: 0, added: 1, new vincodes: 0
24-08-2011 06:44:15 --- INFO: finish: 24-08-2011 06:44:15
24-08-2011 06:44:15 --- INFO: elapsed time: ~2054.36 sec., memory usage: ~4.71 Mb.
24-08-2011 07:05:01 --- INFO: start: 24-08-2011 07:05:01
24-08-2011 07:05:01 --- INFO: ----------Source_Openlane (cli)
24-08-2011 07:05:04 --- ERROR: Unauthorized request
24-08-2011 07:05:04 --- INFO: finish: 24-08-2011 07:05:04
24-08-2011 07:05:04 --- INFO: elapsed time: ~3.02 sec., memory usage: ~1.31 Mb.
24-08-2011 07:10:01 --- INFO: start: 24-08-2011 07:10:01
24-08-2011 07:10:02 --- INFO: ----------Source_Ebay (cli)
24-08-2011 07:10:23 --- INFO: Lexus RX 300 - found: 27, pass primary filters: 4, did not pass the filter by color: 0, added: 4, new vincodes: 0
24-08-2011 07:12:07 --- INFO: Lexus RX 330 - found: 75, pass primary filters: 12, did not pass the filter by color: 7, added: 5, new vincodes: 0
24-08-2011 07:12:44 --- INFO: Lexus RX 400H - found: 50, pass primary filters: 1, did not pass the filter by color: 1, added: 0, new vincodes: 0
24-08-2011 07:13:14 --- INFO: Lexus GX 470 - found: 39, pass primary filters: 14, did not pass the filter by color: 13, added: 1, new vincodes: 0
24-08-2011 07:13:36 --- INFO: Lexus GX 470 - found: 29, pass primary filters: 19, did not pass the filter by color: 17, added: 2, new vincodes: 0
24-08-2011 07:13:41 --- INFO: Lexus LX 470 - found: 5, pass primary filters: 4, did not pass the filter by color: 4, added: 0, new vincodes: 0
24-08-2011 07:13:48 --- INFO: Lexus LX 470 - found: 8, pass primary filters: 7, did not pass the filter by color: 7, added: 0, new vincodes: 0
24-08-2011 07:13:55 --- INFO: Toyota Land Cruiser - found: 9, pass primary filters: 6, did not pass the filter by color: 6, added: 0, new vincodes: 0
24-08-2011 07:14:09 --- INFO: Honda CR-V - found: 16, pass primary filters: 0, did not pass the filter by color: 0, added: 0, new vincodes: 0
24-08-2011 07:15:46 --- INFO: Honda CR-V - found: 72, pass primary filters: 2, did not pass the filter by color: 0, added: 2, new vincodes: 0
24-08-2011 07:15:49 --- INFO: Mitsubishi Montero 4WD Limited - found: 2, pass primary filters: 0, did not pass the filter by color: 0, added: 0, new vincodes: 0
24-08-2011 07:17:18 --- INFO: Toyota 4RUNNER 4WD Limited - found: 65, pass primary filters: 34, did not pass the filter by color: 16, added: 18, new vincodes: 0
24-08-2011 07:17:29 --- INFO: Toyota RAV 4 - found: 13, pass primary filters: 5, did not pass the filter by color: 3, added: 2, new vincodes: 0
24-08-2011 07:17:48 --- INFO: Toyota Highlander 4WD - found: 22, pass primary filters: 0, did not pass the filter by color: 0, added: 0, new vincodes: 0
24-08-2011 07:19:17 --- INFO: Subaru Forester - found: 58, pass primary filters: 6, did not pass the filter by color: 0, added: 6, new vincodes: 0
24-08-2011 07:19:54 --- INFO: Nissan Rogue - found: 44, pass primary filters: 1, did not pass the filter by color: 0, added: 1, new vincodes: 0
24-08-2011 07:20:11 --- INFO: Toyota Highlander - found: 22, pass primary filters: 7, did not pass the filter by color: 6, added: 1, new vincodes: 0
24-08-2011 07:20:24 --- INFO: Acura MDX - found: 16, pass primary filters: 0, did not pass the filter by color: 0, added: 0, new vincodes: 0
24-08-2011 07:20:24 --- INFO: finish: 24-08-2011 07:20:24
24-08-2011 07:20:24 --- INFO: elapsed time: ~622.88 sec., memory usage: ~2.89 Mb.
24-08-2011 08:10:02 --- INFO: start: 24-08-2011 08:10:02
24-08-2011 08:10:02 --- INFO: ----------Source_Adesa (cli)
24-08-2011 08:10:03 --- INFO: Authorized request
24-08-2011 08:10:09 --- INFO: Lexus RX 300 - found: 11, pass primary filters: 4, did not pass the filter by color: 1, added: 3, new vincodes: 1
24-08-2011 08:10:16 --- INFO: Lexus RX 330 - found: 11, pass primary filters: 5, did not pass the filter by color: 1, added: 4, new vincodes: 0
24-08-2011 08:10:17 --- INFO: Lexus RX 400H - found: 2, pass primary filters: 2, did not pass the filter by color: 1, added: 1, new vincodes: 0
24-08-2011 08:10:21 --- INFO: Lexus GX 470 - found: 3, pass primary filters: 2, did not pass the filter by color: 1, added: 1, new vincodes: 0
24-08-2011 08:10:24 --- INFO: Lexus GX 470 - found: 4, pass primary filters: 2, did not pass the filter by color: 1, added: 1, new vincodes: 0
24-08-2011 08:10:24 --- INFO: Lexus LX 470 - found: 0, pass primary filters: 0, did not pass the filter by color: 0, added: 0, new vincodes: 0
24-08-2011 08:10:25 --- INFO: Lexus LX 470 - found: 1, pass primary filters: 1, did not pass the filter by color: 1, added: 0, new vincodes: 0
24-08-2011 08:10:26 --- INFO: Toyota Land Cruiser - found: 0, pass primary filters: 0, did not pass the filter by color: 0, added: 0, new vincodes: 0
24-08-2011 08:10:27 --- INFO: Honda CR-V - found: 17, pass primary filters: 2, did not pass the filter by color: 0, added: 2, new vincodes: 0
24-08-2011 08:10:31 --- INFO: Honda CR-V - found: 6, pass primary filters: 1, did not pass the filter by color: 0, added: 1, new vincodes: 0
24-08-2011 08:10:36 --- INFO: Mitsubishi Montero 4WD Limited - found: 26, pass primary filters: 4, did not pass the filter by color: 4, added: 0, new vincodes: 0
24-08-2011 08:10:43 --- INFO: Toyota 4RUNNER 4WD Limited - found: 22, pass primary filters: 7, did not pass the filter by color: 6, added: 1, new vincodes: 2
24-08-2011 08:10:47 --- INFO: Toyota RAV 4 - found: 20, pass primary filters: 7, did not pass the filter by color: 7, added: 0, new vincodes: 0
24-08-2011 08:10:47 --- INFO: Toyota Highlander 4WD - found: 26, pass primary filters: 0, did not pass the filter by color: 0, added: 0, new vincodes: 0
24-08-2011 08:10:55 --- INFO: Subaru Forester - found: 2, pass primary filters: 1, did not pass the filter by color: 0, added: 1, new vincodes: 0
24-08-2011 08:11:03 --- INFO: Nissan Rogue - found: 14, pass primary filters: 1, did not pass the filter by color: 0, added: 1, new vincodes: 0
24-08-2011 08:11:20 --- INFO: Toyota Highlander - found: 26, pass primary filters: 11, did not pass the filter by color: 10, added: 1, new vincodes: 0
24-08-2011 08:11:20 --- INFO: Acura MDX - found: 12, pass primary filters: 0, did not pass the filter by color: 0, added: 0, new vincodes: 0
24-08-2011 08:11:20 --- INFO: finish: 24-08-2011 08:11:20
24-08-2011 08:11:20 --- INFO: elapsed time: ~78.57 sec., memory usage: ~2.36 Mb.
24-08-2011 08:10:02 --- INFO: start: 24-08-2011 08:10:02
24-08-2011 08:10:02 --- INFO: ----------Source_Gsmotors (cli)
24-08-2011 08:10:56 --- INFO: Lexus RX 300 - found: 81, pass primary filters: 32, did not pass the filter by color: 12, added: 20, new vincodes: 0
24-08-2011 08:12:38 --- INFO: Lexus RX 330 - found: 180, pass primary filters: 40, did not pass the filter by color: 10, added: 30, new vincodes: 0
24-08-2011 08:12:54 --- INFO: Lexus RX 400H - found: 34, pass primary filters: 5, did not pass the filter by color: 2, added: 3, new vincodes: 0
24-08-2011 08:13:29 --- INFO: Lexus GX 470 - found: 61, pass primary filters: 37, did not pass the filter by color: 27, added: 10, new vincodes: 0
24-08-2011 08:14:15 --- INFO: Lexus GX 470 - found: 90, pass primary filters: 63, did not pass the filter by color: 47, added: 16, new vincodes: 0
24-08-2011 08:14:24 --- INFO: Lexus LX 470 - found: 15, pass primary filters: 12, did not pass the filter by color: 12, added: 0, new vincodes: 0
24-08-2011 08:14:38 --- INFO: Lexus LX 470 - found: 22, pass primary filters: 17, did not pass the filter by color: 17, added: 0, new vincodes: 0
24-08-2011 08:14:47 --- INFO: Toyota Land Cruiser - found: 17, pass primary filters: 8, did not pass the filter by color: 8, added: 0, new vincodes: 0
24-08-2011 08:15:12 --- INFO: Honda CR-V - found: 48, pass primary filters: 1, did not pass the filter by color: 0, added: 1, new vincodes: 0
24-08-2011 08:17:00 --- INFO: Honda CR-V - found: 182, pass primary filters: 9, did not pass the filter by color: 0, added: 9, new vincodes: 0
24-08-2011 08:17:35 --- INFO: Mitsubishi Montero 4WD Limited - found: 67, pass primary filters: 11, did not pass the filter by color: 11, added: 0, new vincodes: 0
24-08-2011 08:19:23 --- INFO: Toyota 4RUNNER 4WD Limited - found: 223, pass primary filters: 59, did not pass the filter by color: 36, added: 23, new vincodes: 0
24-08-2011 08:20:02 --- INFO: Toyota RAV 4 - found: 67, pass primary filters: 23, did not pass the filter by color: 15, added: 8, new vincodes: 0
24-08-2011 08:20:59 --- INFO: Toyota Highlander 4WD - found: 81, pass primary filters: 5, did not pass the filter by color: 3, added: 2, new vincodes: 0
24-08-2011 08:22:15 --- INFO: Subaru Forester - found: 143, pass primary filters: 10, did not pass the filter by color: 0, added: 10, new vincodes: 0
24-08-2011 08:24:01 --- INFO: Nissan Rogue - found: 189, pass primary filters: 9, did not pass the filter by color: 0, added: 9, new vincodes: 0
24-08-2011 08:24:47 --- INFO: Toyota Highlander - found: 81, pass primary filters: 33, did not pass the filter by color: 25, added: 8, new vincodes: 0
24-08-2011 08:25:55 --- INFO: Acura MDX - found: 61, pass primary filters: 1, did not pass the filter by color: 0, added: 1, new vincodes: 0
24-08-2011 08:25:55 --- INFO: finish: 24-08-2011 08:25:55
24-08-2011 08:25:55 --- INFO: elapsed time: ~953.8 sec., memory usage: ~4.66 Mb.
24-08-2011 09:10:01 --- INFO: start: 24-08-2011 09:10:01
24-08-2011 09:10:01 --- INFO: ----------Source_Adesa (cli)
24-08-2011 09:10:02 --- INFO: Authorized request
24-08-2011 09:10:05 --- INFO: Lexus RX 300 - found: 11, pass primary filters: 4, did not pass the filter by color: 1, added: 3, new vincodes: 0
24-08-2011 09:10:09 --- INFO: Lexus RX 330 - found: 11, pass primary filters: 5, did not pass the filter by color: 1, added: 4, new vincodes: 0
24-08-2011 09:10:10 --- INFO: Lexus RX 400H - found: 2, pass primary filters: 2, did not pass the filter by color: 1, added: 1, new vincodes: 0
24-08-2011 09:10:13 --- INFO: Lexus GX 470 - found: 3, pass primary filters: 2, did not pass the filter by color: 1, added: 1, new vincodes: 0
24-08-2011 09:10:17 --- INFO: Lexus GX 470 - found: 4, pass primary filters: 2, did not pass the filter by color: 1, added: 1, new vincodes: 0
24-08-2011 09:10:17 --- INFO: Lexus LX 470 - found: 0, pass primary filters: 0, did not pass the filter by color: 0, added: 0, new vincodes: 0
24-08-2011 09:10:18 --- INFO: Lexus LX 470 - found: 1, pass primary filters: 1, did not pass the filter by color: 1, added: 0, new vincodes: 0
24-08-2011 09:10:18 --- INFO: Toyota Land Cruiser - found: 0, pass primary filters: 0, did not pass the filter by color: 0, added: 0, new vincodes: 0
24-08-2011 09:10:20 --- INFO: Honda CR-V - found: 17, pass primary filters: 2, did not pass the filter by color: 0, added: 2, new vincodes: 0
24-08-2011 09:10:22 --- INFO: Honda CR-V - found: 6, pass primary filters: 1, did not pass the filter by color: 0, added: 1, new vincodes: 0
24-08-2011 09:10:27 --- INFO: Mitsubishi Montero 4WD Limited - found: 27, pass primary filters: 5, did not pass the filter by color: 5, added: 0, new vincodes: 0
24-08-2011 09:10:32 --- INFO: Toyota 4RUNNER 4WD Limited - found: 22, pass primary filters: 7, did not pass the filter by color: 6, added: 1, new vincodes: 0
24-08-2011 09:10:36 --- INFO: Toyota RAV 4 - found: 20, pass primary filters: 7, did not pass the filter by color: 7, added: 0, new vincodes: 0
24-08-2011 09:10:36 --- INFO: Toyota Highlander 4WD - found: 27, pass primary filters: 0, did not pass the filter by color: 0, added: 0, new vincodes: 0
24-08-2011 09:10:42 --- INFO: Subaru Forester - found: 3, pass primary filters: 2, did not pass the filter by color: 0, added: 2, new vincodes: 0
24-08-2011 09:10:47 --- INFO: Nissan Rogue - found: 14, pass primary filters: 1, did not pass the filter by color: 0, added: 1, new vincodes: 0
24-08-2011 09:11:01 --- INFO: Toyota Highlander - found: 27, pass primary filters: 12, did not pass the filter by color: 11, added: 1, new vincodes: 1
24-08-2011 09:11:01 --- INFO: Acura MDX - found: 12, pass primary filters: 0, did not pass the filter by color: 0, added: 0, new vincodes: 0
24-08-2011 09:11:01 --- INFO: finish: 24-08-2011 09:11:01
24-08-2011 09:11:01 --- INFO: elapsed time: ~60.51 sec., memory usage: ~2.37 Mb.
24-08-2011 09:10:01 --- INFO: start: 24-08-2011 09:10:01
24-08-2011 09:10:01 --- INFO: ----------Source_Gsmotors (cli)
24-08-2011 09:10:57 --- INFO: Lexus RX 300 - found: 81, pass primary filters: 32, did not pass the filter by color: 12, added: 20, new vincodes: 0
24-08-2011 09:12:33 --- INFO: Lexus RX 330 - found: 180, pass primary filters: 40, did not pass the filter by color: 10, added: 30, new vincodes: 0
24-08-2011 09:12:51 --- INFO: Lexus RX 400H - found: 34, pass primary filters: 5, did not pass the filter by color: 2, added: 3, new vincodes: 0
24-08-2011 09:13:23 --- INFO: Lexus GX 470 - found: 61, pass primary filters: 37, did not pass the filter by color: 27, added: 10, new vincodes: 0
24-08-2011 09:14:16 --- INFO: Lexus GX 470 - found: 90, pass primary filters: 63, did not pass the filter by color: 47, added: 16, new vincodes: 0
24-08-2011 09:14:26 --- INFO: Lexus LX 470 - found: 15, pass primary filters: 12, did not pass the filter by color: 12, added: 0, new vincodes: 0
24-08-2011 09:14:42 --- INFO: Lexus LX 470 - found: 22, pass primary filters: 17, did not pass the filter by color: 17, added: 0, new vincodes: 0
24-08-2011 09:14:52 --- INFO: Toyota Land Cruiser - found: 17, pass primary filters: 8, did not pass the filter by color: 8, added: 0, new vincodes: 0
24-08-2011 09:15:27 --- INFO: Honda CR-V - found: 48, pass primary filters: 1, did not pass the filter by color: 0, added: 1, new vincodes: 0
24-08-2011 09:17:05 --- INFO: Honda CR-V - found: 182, pass primary filters: 9, did not pass the filter by color: 0, added: 9, new vincodes: 0
24-08-2011 09:17:43 --- INFO: Mitsubishi Montero 4WD Limited - found: 67, pass primary filters: 11, did not pass the filter by color: 11, added: 0, new vincodes: 0
24-08-2011 09:19:37 --- INFO: Toyota 4RUNNER 4WD Limited - found: 223, pass primary filters: 59, did not pass the filter by color: 36, added: 23, new vincodes: 0
24-08-2011 09:20:23 --- INFO: Toyota RAV 4 - found: 67, pass primary filters: 23, did not pass the filter by color: 15, added: 8, new vincodes: 0
24-08-2011 09:21:28 --- INFO: Toyota Highlander 4WD - found: 81, pass primary filters: 5, did not pass the filter by color: 3, added: 2, new vincodes: 0
24-08-2011 09:23:15 --- INFO: Subaru Forester - found: 143, pass primary filters: 10, did not pass the filter by color: 0, added: 10, new vincodes: 0
24-08-2011 09:25:17 --- INFO: Nissan Rogue - found: 189, pass primary filters: 9, did not pass the filter by color: 0, added: 9, new vincodes: 0
24-08-2011 09:26:08 --- INFO: Toyota Highlander - found: 81, pass primary filters: 33, did not pass the filter by color: 25, added: 8, new vincodes: 0
24-08-2011 09:26:45 --- INFO: Acura MDX - found: 61, pass primary filters: 1, did not pass the filter by color: 0, added: 1, new vincodes: 0
24-08-2011 09:26:45 --- INFO: finish: 24-08-2011 09:26:45
24-08-2011 09:26:45 --- INFO: elapsed time: ~1004.08 sec., memory usage: ~4.66 Mb.
24-08-2011 10:00:01 --- INFO: start: 24-08-2011 10:00:01
24-08-2011 10:00:01 --- INFO: ----------Source_Adesa (cli)
24-08-2011 10:00:02 --- INFO: Authorized request
24-08-2011 10:00:05 --- INFO: Lexus RX 300 - found: 11, pass primary filters: 4, did not pass the filter by color: 1, added: 3, new vincodes: 0
24-08-2011 10:00:09 --- INFO: Lexus RX 330 - found: 11, pass primary filters: 5, did not pass the filter by color: 1, added: 4, new vincodes: 0
24-08-2011 10:00:11 --- INFO: Lexus RX 400H - found: 2, pass primary filters: 2, did not pass the filter by color: 1, added: 1, new vincodes: 0
24-08-2011 10:00:14 --- INFO: Lexus GX 470 - found: 3, pass primary filters: 3, did not pass the filter by color: 2, added: 1, new vincodes: 0
24-08-2011 10:00:20 --- INFO: Lexus GX 470 - found: 5, pass primary filters: 3, did not pass the filter by color: 1, added: 2, new vincodes: 0
24-08-2011 10:00:20 --- INFO: Lexus LX 470 - found: 0, pass primary filters: 0, did not pass the filter by color: 0, added: 0, new vincodes: 0
24-08-2011 10:00:21 --- INFO: Lexus LX 470 - found: 1, pass primary filters: 1, did not pass the filter by color: 1, added: 0, new vincodes: 0
24-08-2011 10:00:21 --- INFO: Toyota Land Cruiser - found: 0, pass primary filters: 0, did not pass the filter by color: 0, added: 0, new vincodes: 0
24-08-2011 10:00:22 --- INFO: Honda CR-V - found: 17, pass primary filters: 2, did not pass the filter by color: 0, added: 2, new vincodes: 0
24-08-2011 10:00:26 --- INFO: Honda CR-V - found: 6, pass primary filters: 1, did not pass the filter by color: 0, added: 1, new vincodes: 0
24-08-2011 10:00:31 --- INFO: Mitsubishi Montero 4WD Limited - found: 30, pass primary filters: 5, did not pass the filter by color: 5, added: 0, new vincodes: 0
24-08-2011 10:00:35 --- INFO: Toyota 4RUNNER 4WD Limited - found: 24, pass primary filters: 7, did not pass the filter by color: 6, added: 1, new vincodes: 0
24-08-2011 10:00:39 --- INFO: Toyota RAV 4 - found: 20, pass primary filters: 7, did not pass the filter by color: 7, added: 0, new vincodes: 0
24-08-2011 10:00:40 --- INFO: Toyota Highlander 4WD - found: 28, pass primary filters: 0, did not pass the filter by color: 0, added: 0, new vincodes: 0
24-08-2011 10:00:46 --- INFO: Subaru Forester - found: 3, pass primary filters: 2, did not pass the filter by color: 0, added: 2, new vincodes: 0
24-08-2011 10:00:53 --- INFO: Nissan Rogue - found: 14, pass primary filters: 1, did not pass the filter by color: 0, added: 1, new vincodes: 0
24-08-2011 10:01:05 --- INFO: Toyota Highlander - found: 28, pass primary filters: 14, did not pass the filter by color: 13, added: 1, new vincodes: 2
24-08-2011 10:01:05 --- INFO: Acura MDX - found: 12, pass primary filters: 0, did not pass the filter by color: 0, added: 0, new vincodes: 0
24-08-2011 10:01:05 --- INFO: finish: 24-08-2011 10:01:05
24-08-2011 10:01:05 --- INFO: elapsed time: ~64.2 sec., memory usage: ~2.4 Mb.
24-08-2011 10:00:01 --- INFO: start: 24-08-2011 10:00:01
24-08-2011 10:00:01 --- INFO: ----------Source_Gsmotors (cli)
24-08-2011 10:01:02 --- INFO: Lexus RX 300 - found: 81, pass primary filters: 32, did not pass the filter by color: 12, added: 20, new vincodes: 0
24-08-2011 10:03:04 --- INFO: Lexus RX 330 - found: 180, pass primary filters: 40, did not pass the filter by color: 10, added: 30, new vincodes: 0
24-08-2011 10:03:21 --- INFO: Lexus RX 400H - found: 34, pass primary filters: 5, did not pass the filter by color: 2, added: 3, new vincodes: 0
24-08-2011 10:03:57 --- INFO: Lexus GX 470 - found: 61, pass primary filters: 37, did not pass the filter by color: 27, added: 10, new vincodes: 0
24-08-2011 10:04:57 --- INFO: Lexus GX 470 - found: 90, pass primary filters: 63, did not pass the filter by color: 47, added: 16, new vincodes: 0
24-08-2011 10:05:06 --- INFO: Lexus LX 470 - found: 15, pass primary filters: 12, did not pass the filter by color: 12, added: 0, new vincodes: 0
24-08-2011 10:05:23 --- INFO: Lexus LX 470 - found: 22, pass primary filters: 17, did not pass the filter by color: 17, added: 0, new vincodes: 0
24-08-2011 10:05:38 --- INFO: Toyota Land Cruiser - found: 17, pass primary filters: 8, did not pass the filter by color: 8, added: 0, new vincodes: 0
24-08-2011 10:06:04 --- INFO: Honda CR-V - found: 48, pass primary filters: 1, did not pass the filter by color: 0, added: 1, new vincodes: 0
24-08-2011 10:07:57 --- INFO: Honda CR-V - found: 182, pass primary filters: 9, did not pass the filter by color: 0, added: 9, new vincodes: 0
24-08-2011 10:08:35 --- INFO: Mitsubishi Montero 4WD Limited - found: 67, pass primary filters: 11, did not pass the filter by color: 11, added: 0, new vincodes: 0
24-08-2011 10:10:44 --- INFO: Toyota 4RUNNER 4WD Limited - found: 223, pass primary filters: 59, did not pass the filter by color: 36, added: 23, new vincodes: 0
24-08-2011 10:11:20 --- INFO: Toyota RAV 4 - found: 67, pass primary filters: 23, did not pass the filter by color: 15, added: 8, new vincodes: 0
24-08-2011 10:12:02 --- INFO: Toyota Highlander 4WD - found: 81, pass primary filters: 5, did not pass the filter by color: 3, added: 2, new vincodes: 0
24-08-2011 10:13:31 --- INFO: Subaru Forester - found: 143, pass primary filters: 10, did not pass the filter by color: 0, added: 10, new vincodes: 0
24-08-2011 10:17:27 --- INFO: Nissan Rogue - found: 189, pass primary filters: 9, did not pass the filter by color: 0, added: 9, new vincodes: 0
24-08-2011 10:18:10 --- INFO: Toyota Highlander - found: 81, pass primary filters: 33, did not pass the filter by color: 25, added: 8, new vincodes: 0
24-08-2011 10:19:15 --- INFO: Acura MDX - found: 61, pass primary filters: 1, did not pass the filter by color: 0, added: 1, new vincodes: 0
24-08-2011 10:19:15 --- INFO: finish: 24-08-2011 10:19:15
24-08-2011 10:19:15 --- INFO: elapsed time: ~1153.98 sec., memory usage: ~4.66 Mb.
24-08-2011 11:05:01 --- INFO: start: 24-08-2011 11:05:01
24-08-2011 11:05:01 --- INFO: ----------Source_Openlane (cli)
24-08-2011 11:05:04 --- ERROR: Unauthorized request
24-08-2011 11:05:04 --- INFO: finish: 24-08-2011 11:05:04
24-08-2011 11:05:04 --- INFO: elapsed time: ~2.87 sec., memory usage: ~1.31 Mb.
24-08-2011 11:10:02 --- INFO: start: 24-08-2011 11:10:01
24-08-2011 11:10:02 --- INFO: ----------Source_Adesa (cli)
24-08-2011 11:10:03 --- INFO: Authorized request
24-08-2011 11:10:06 --- INFO: Lexus RX 300 - found: 13, pass primary filters: 4, did not pass the filter by color: 1, added: 3, new vincodes: 0
24-08-2011 11:10:11 --- INFO: Lexus RX 330 - found: 12, pass primary filters: 5, did not pass the filter by color: 1, added: 4, new vincodes: 0
24-08-2011 11:10:11 --- INFO: Lexus RX 400H - found: 2, pass primary filters: 2, did not pass the filter by color: 1, added: 1, new vincodes: 0
24-08-2011 11:10:15 --- INFO: Lexus GX 470 - found: 3, pass primary filters: 3, did not pass the filter by color: 2, added: 1, new vincodes: 0
24-08-2011 11:10:18 --- INFO: Lexus GX 470 - found: 5, pass primary filters: 3, did not pass the filter by color: 1, added: 2, new vincodes: 0
24-08-2011 11:10:18 --- INFO: Lexus LX 470 - found: 0, pass primary filters: 0, did not pass the filter by color: 0, added: 0, new vincodes: 0
24-08-2011 11:10:19 --- INFO: Lexus LX 470 - found: 1, pass primary filters: 1, did not pass the filter by color: 1, added: 0, new vincodes: 0
24-08-2011 11:10:19 --- INFO: Toyota Land Cruiser - found: 0, pass primary filters: 0, did not pass the filter by color: 0, added: 0, new vincodes: 0
24-08-2011 11:10:20 --- INFO: Honda CR-V - found: 18, pass primary filters: 2, did not pass the filter by color: 0, added: 2, new vincodes: 0
24-08-2011 11:10:23 --- INFO: Honda CR-V - found: 6, pass primary filters: 1, did not pass the filter by color: 0, added: 1, new vincodes: 0
24-08-2011 11:10:43 --- INFO: Mitsubishi Montero 4WD Limited - found: 31, pass primary filters: 5, did not pass the filter by color: 5, added: 0, new vincodes: 0
24-08-2011 11:10:47 --- INFO: Toyota 4RUNNER 4WD Limited - found: 28, pass primary filters: 7, did not pass the filter by color: 6, added: 1, new vincodes: 0
24-08-2011 11:10:51 --- INFO: Toyota RAV 4 - found: 20, pass primary filters: 6, did not pass the filter by color: 6, added: 0, new vincodes: 0
24-08-2011 11:10:51 --- INFO: Toyota Highlander 4WD - found: 30, pass primary filters: 0, did not pass the filter by color: 0, added: 0, new vincodes: 0
24-08-2011 11:11:07 --- INFO: Subaru Forester - found: 3, pass primary filters: 2, did not pass the filter by color: 0, added: 2, new vincodes: 0
24-08-2011 11:11:10 --- INFO: Nissan Rogue - found: 14, pass primary filters: 1, did not pass the filter by color: 0, added: 1, new vincodes: 0
24-08-2011 11:11:21 --- INFO: Toyota Highlander - found: 30, pass primary filters: 14, did not pass the filter by color: 13, added: 1, new vincodes: 0
24-08-2011 11:11:22 --- INFO: Acura MDX - found: 12, pass primary filters: 0, did not pass the filter by color: 0, added: 0, new vincodes: 0
24-08-2011 11:11:22 --- INFO: finish: 24-08-2011 11:11:22
24-08-2011 11:11:22 --- INFO: elapsed time: ~80.12 sec., memory usage: ~2.36 Mb.
24-08-2011 11:10:02 --- INFO: start: 24-08-2011 11:10:02
24-08-2011 11:10:02 --- INFO: ----------Source_Ebay (cli)
24-08-2011 11:10:24 --- INFO: Lexus RX 300 - found: 26, pass primary filters: 3, did not pass the filter by color: 0, added: 3, new vincodes: 0
24-08-2011 11:12:12 --- INFO: Lexus RX 330 - found: 75, pass primary filters: 12, did not pass the filter by color: 6, added: 6, new vincodes: 0
24-08-2011 11:12:51 --- INFO: Lexus RX 400H - found: 48, pass primary filters: 1, did not pass the filter by color: 1, added: 0, new vincodes: 0
24-08-2011 11:13:22 --- INFO: Lexus GX 470 - found: 39, pass primary filters: 14, did not pass the filter by color: 13, added: 1, new vincodes: 0
24-08-2011 11:13:47 --- INFO: Lexus GX 470 - found: 30, pass primary filters: 19, did not pass the filter by color: 17, added: 2, new vincodes: 0
24-08-2011 11:13:51 --- INFO: Lexus LX 470 - found: 4, pass primary filters: 3, did not pass the filter by color: 3, added: 0, new vincodes: 0
24-08-2011 11:13:58 --- INFO: Lexus LX 470 - found: 8, pass primary filters: 7, did not pass the filter by color: 7, added: 0, new vincodes: 0
24-08-2011 11:14:07 --- INFO: Toyota Land Cruiser - found: 9, pass primary filters: 6, did not pass the filter by color: 6, added: 0, new vincodes: 0
24-08-2011 11:14:22 --- INFO: Honda CR-V - found: 17, pass primary filters: 0, did not pass the filter by color: 0, added: 0, new vincodes: 0
24-08-2011 11:16:10 --- INFO: Honda CR-V - found: 70, pass primary filters: 2, did not pass the filter by color: 0, added: 2, new vincodes: 0
24-08-2011 11:16:13 --- INFO: Mitsubishi Montero 4WD Limited - found: 2, pass primary filters: 0, did not pass the filter by color: 0, added: 0, new vincodes: 0
24-08-2011 11:17:46 --- INFO: Toyota 4RUNNER 4WD Limited - found: 65, pass primary filters: 34, did not pass the filter by color: 19, added: 15, new vincodes: 0
24-08-2011 11:17:57 --- INFO: Toyota RAV 4 - found: 13, pass primary filters: 5, did not pass the filter by color: 3, added: 2, new vincodes: 0
24-08-2011 11:18:16 --- INFO: Toyota Highlander 4WD - found: 22, pass primary filters: 0, did not pass the filter by color: 0, added: 0, new vincodes: 0
24-08-2011 11:19:49 --- INFO: Subaru Forester - found: 56, pass primary filters: 6, did not pass the filter by color: 0, added: 6, new vincodes: 0
24-08-2011 11:20:27 --- INFO: Nissan Rogue - found: 44, pass primary filters: 1, did not pass the filter by color: 0, added: 1, new vincodes: 0
24-08-2011 11:20:44 --- INFO: Toyota Highlander - found: 22, pass primary filters: 7, did not pass the filter by color: 6, added: 1, new vincodes: 0
24-08-2011 11:20:57 --- INFO: Acura MDX - found: 16, pass primary filters: 0, did not pass the filter by color: 0, added: 0, new vincodes: 0
24-08-2011 11:20:57 --- INFO: finish: 24-08-2011 11:20:57
24-08-2011 11:20:57 --- INFO: elapsed time: ~655.77 sec., memory usage: ~2.87 Mb.
24-08-2011 11:10:01 --- INFO: start: 24-08-2011 11:10:02
24-08-2011 11:10:02 --- INFO: ----------Source_Gsmotors (cli)
24-08-2011 11:12:16 --- INFO: Lexus RX 300 - found: 92, pass primary filters: 35, did not pass the filter by color: 14, added: 21, new vincodes: 3
24-08-2011 11:17:13 --- INFO: Lexus RX 330 - found: 205, pass primary filters: 47, did not pass the filter by color: 13, added: 34, new vincodes: 4
24-08-2011 11:17:48 --- INFO: Lexus RX 400H - found: 40, pass primary filters: 6, did not pass the filter by color: 2, added: 4, new vincodes: 0
24-08-2011 11:19:01 --- INFO: Lexus GX 470 - found: 64, pass primary filters: 37, did not pass the filter by color: 27, added: 10, new vincodes: 0
24-08-2011 11:21:12 --- INFO: Lexus GX 470 - found: 101, pass primary filters: 64, did not pass the filter by color: 50, added: 14, new vincodes: 3
24-08-2011 11:21:34 --- INFO: Lexus LX 470 - found: 16, pass primary filters: 12, did not pass the filter by color: 12, added: 0, new vincodes: 1
24-08-2011 11:21:56 --- INFO: Lexus LX 470 - found: 21, pass primary filters: 16, did not pass the filter by color: 16, added: 0, new vincodes: 0
24-08-2011 11:22:14 --- INFO: Toyota Land Cruiser - found: 22, pass primary filters: 8, did not pass the filter by color: 8, added: 0, new vincodes: 0
24-08-2011 11:23:01 --- INFO: Honda CR-V - found: 45, pass primary filters: 0, did not pass the filter by color: 0, added: 0, new vincodes: 0
24-08-2011 11:27:02 --- INFO: Honda CR-V - found: 197, pass primary filters: 10, did not pass the filter by color: 0, added: 10, new vincodes: 0
24-08-2011 11:28:34 --- INFO: Mitsubishi Montero 4WD Limited - found: 73, pass primary filters: 11, did not pass the filter by color: 11, added: 0, new vincodes: 0
24-08-2011 11:33:06 --- INFO: Toyota 4RUNNER 4WD Limited - found: 244, pass primary filters: 65, did not pass the filter by color: 41, added: 24, new vincodes: 1
24-08-2011 11:34:27 --- INFO: Toyota RAV 4 - found: 66, pass primary filters: 21, did not pass the filter by color: 14, added: 7, new vincodes: 0
24-08-2011 11:36:18 --- INFO: Toyota Highlander 4WD - found: 90, pass primary filters: 7, did not pass the filter by color: 4, added: 3, new vincodes: 0
24-08-2011 11:40:42 --- INFO: Subaru Forester - found: 152, pass primary filters: 10, did not pass the filter by color: 0, added: 10, new vincodes: 0
24-08-2011 11:46:02 --- INFO: Nissan Rogue - found: 172, pass primary filters: 9, did not pass the filter by color: 0, added: 9, new vincodes: 0
24-08-2011 11:46:49 --- INFO: Toyota Highlander - found: 90, pass primary filters: 39, did not pass the filter by color: 32, added: 7, new vincodes: 3
24-08-2011 11:48:05 --- INFO: Acura MDX - found: 74, pass primary filters: 1, did not pass the filter by color: 0, added: 1, new vincodes: 0
24-08-2011 11:48:05 --- INFO: finish: 24-08-2011 11:48:05
24-08-2011 11:48:05 --- INFO: elapsed time: ~2283.78 sec., memory usage: ~4.93 Mb.
24-08-2011 12:20:02 --- INFO: start: 24-08-2011 12:20:02
24-08-2011 12:20:02 --- INFO: ----------Source_Adesa (cli)
24-08-2011 12:20:03 --- INFO: Authorized request
24-08-2011 12:20:15 --- INFO: Lexus RX 300 - found: 16, pass primary filters: 7, did not pass the filter by color: 2, added: 5, new vincodes: 2
24-08-2011 12:20:19 --- INFO: Lexus RX 330 - found: 14, pass primary filters: 5, did not pass the filter by color: 1, added: 4, new vincodes: 0
24-08-2011 12:20:20 --- INFO: Lexus RX 400H - found: 2, pass primary filters: 2, did not pass the filter by color: 1, added: 1, new vincodes: 0
24-08-2011 12:20:39 --- INFO: Lexus GX 470 - found: 3, pass primary filters: 3, did not pass the filter by color: 2, added: 1, new vincodes: 0
24-08-2011 12:20:43 --- INFO: Lexus GX 470 - found: 5, pass primary filters: 3, did not pass the filter by color: 1, added: 2, new vincodes: 0
24-08-2011 12:20:43 --- INFO: Lexus LX 470 - found: 0, pass primary filters: 0, did not pass the filter by color: 0, added: 0, new vincodes: 0
24-08-2011 12:20:44 --- INFO: Lexus LX 470 - found: 1, pass primary filters: 1, did not pass the filter by color: 1, added: 0, new vincodes: 0
24-08-2011 12:20:44 --- INFO: Toyota Land Cruiser - found: 0, pass primary filters: 0, did not pass the filter by color: 0, added: 0, new vincodes: 0
24-08-2011 12:20:45 --- INFO: Honda CR-V - found: 20, pass primary filters: 2, did not pass the filter by color: 0, added: 2, new vincodes: 0
24-08-2011 12:20:51 --- INFO: Honda CR-V - found: 6, pass primary filters: 1, did not pass the filter by color: 0, added: 1, new vincodes: 0
24-08-2011 12:20:56 --- INFO: Mitsubishi Montero 4WD Limited - found: 33, pass primary filters: 4, did not pass the filter by color: 4, added: 0, new vincodes: 0
24-08-2011 12:21:00 --- INFO: Toyota 4RUNNER 4WD Limited - found: 29, pass primary filters: 8, did not pass the filter by color: 7, added: 1, new vincodes: 0
24-08-2011 12:21:04 --- INFO: Toyota RAV 4 - found: 20, pass primary filters: 6, did not pass the filter by color: 6, added: 0, new vincodes: 0
24-08-2011 12:21:04 --- INFO: Toyota Highlander 4WD - found: 32, pass primary filters: 0, did not pass the filter by color: 0, added: 0, new vincodes: 0
24-08-2011 12:21:08 --- INFO: Subaru Forester - found: 3, pass primary filters: 2, did not pass the filter by color: 0, added: 2, new vincodes: 0
24-08-2011 12:21:12 --- INFO: Nissan Rogue - found: 14, pass primary filters: 1, did not pass the filter by color: 0, added: 1, new vincodes: 0
24-08-2011 12:21:25 --- INFO: Toyota Highlander - found: 32, pass primary filters: 15, did not pass the filter by color: 14, added: 1, new vincodes: 1
24-08-2011 12:21:25 --- INFO: Acura MDX - found: 15, pass primary filters: 0, did not pass the filter by color: 0, added: 0, new vincodes: 0
24-08-2011 12:21:25 --- INFO: finish: 24-08-2011 12:21:25
24-08-2011 12:21:25 --- INFO: elapsed time: ~83.64 sec., memory usage: ~2.43 Mb.
24-08-2011 12:20:02 --- INFO: start: 24-08-2011 12:20:02
24-08-2011 12:20:02 --- INFO: ----------Source_Gsmotors (cli)
24-08-2011 12:21:08 --- INFO: Lexus RX 300 - found: 92, pass primary filters: 35, did not pass the filter by color: 15, added: 20, new vincodes: 0
24-08-2011 12:23:06 --- INFO: Lexus RX 330 - found: 205, pass primary filters: 47, did not pass the filter by color: 13, added: 34, new vincodes: 0
24-08-2011 12:23:32 --- INFO: Lexus RX 400H - found: 40, pass primary filters: 6, did not pass the filter by color: 2, added: 4, new vincodes: 0
24-08-2011 12:24:14 --- INFO: Lexus GX 470 - found: 64, pass primary filters: 37, did not pass the filter by color: 27, added: 10, new vincodes: 0
24-08-2011 12:25:07 --- INFO: Lexus GX 470 - found: 101, pass primary filters: 64, did not pass the filter by color: 50, added: 14, new vincodes: 0
24-08-2011 12:25:22 --- INFO: Lexus LX 470 - found: 16, pass primary filters: 12, did not pass the filter by color: 12, added: 0, new vincodes: 0
24-08-2011 12:25:43 --- INFO: Lexus LX 470 - found: 21, pass primary filters: 16, did not pass the filter by color: 16, added: 0, new vincodes: 0
24-08-2011 12:25:52 --- INFO: Toyota Land Cruiser - found: 22, pass primary filters: 8, did not pass the filter by color: 8, added: 0, new vincodes: 0
24-08-2011 12:26:16 --- INFO: Honda CR-V - found: 45, pass primary filters: 0, did not pass the filter by color: 0, added: 0, new vincodes: 0
24-08-2011 12:28:08 --- INFO: Honda CR-V - found: 197, pass primary filters: 10, did not pass the filter by color: 0, added: 10, new vincodes: 0
24-08-2011 12:28:47 --- INFO: Mitsubishi Montero 4WD Limited - found: 73, pass primary filters: 11, did not pass the filter by color: 11, added: 0, new vincodes: 0
24-08-2011 12:31:14 --- INFO: Toyota 4RUNNER 4WD Limited - found: 244, pass primary filters: 65, did not pass the filter by color: 41, added: 24, new vincodes: 0
24-08-2011 12:31:53 --- INFO: Toyota RAV 4 - found: 66, pass primary filters: 21, did not pass the filter by color: 14, added: 7, new vincodes: 0
24-08-2011 12:32:40 --- INFO: Toyota Highlander 4WD - found: 90, pass primary filters: 7, did not pass the filter by color: 4, added: 3, new vincodes: 0
24-08-2011 12:34:14 --- INFO: Subaru Forester - found: 152, pass primary filters: 10, did not pass the filter by color: 0, added: 10, new vincodes: 0
24-08-2011 12:37:00 --- INFO: Nissan Rogue - found: 172, pass primary filters: 9, did not pass the filter by color: 0, added: 9, new vincodes: 0
24-08-2011 12:37:53 --- INFO: Toyota Highlander - found: 90, pass primary filters: 39, did not pass the filter by color: 32, added: 7, new vincodes: 0
24-08-2011 12:38:37 --- INFO: Acura MDX - found: 74, pass primary filters: 1, did not pass the filter by color: 0, added: 1, new vincodes: 0
24-08-2011 12:38:37 --- INFO: finish: 24-08-2011 12:38:37
24-08-2011 12:38:37 --- INFO: elapsed time: ~1115.5 sec., memory usage: ~4.83 Mb.
24-08-2011 13:20:01 --- INFO: start: 24-08-2011 13:20:01
24-08-2011 13:20:01 --- INFO: ----------Source_Adesa (cli)
24-08-2011 13:20:02 --- INFO: Authorized request
24-08-2011 13:20:07 --- INFO: Lexus RX 300 - found: 15, pass primary filters: 7, did not pass the filter by color: 2, added: 5, new vincodes: 0
24-08-2011 13:20:12 --- INFO: Lexus RX 330 - found: 14, pass primary filters: 5, did not pass the filter by color: 1, added: 4, new vincodes: 0
24-08-2011 13:20:13 --- INFO: Lexus RX 400H - found: 2, pass primary filters: 2, did not pass the filter by color: 1, added: 1, new vincodes: 0
24-08-2011 13:20:16 --- INFO: Lexus GX 470 - found: 3, pass primary filters: 3, did not pass the filter by color: 2, added: 1, new vincodes: 0
24-08-2011 13:20:23 --- INFO: Lexus GX 470 - found: 5, pass primary filters: 3, did not pass the filter by color: 1, added: 2, new vincodes: 0
24-08-2011 13:20:23 --- INFO: Lexus LX 470 - found: 0, pass primary filters: 0, did not pass the filter by color: 0, added: 0, new vincodes: 0
24-08-2011 13:20:24 --- INFO: Lexus LX 470 - found: 1, pass primary filters: 1, did not pass the filter by color: 1, added: 0, new vincodes: 0
24-08-2011 13:20:24 --- INFO: Toyota Land Cruiser - found: 0, pass primary filters: 0, did not pass the filter by color: 0, added: 0, new vincodes: 0
24-08-2011 13:20:24 --- INFO: Honda CR-V - found: 20, pass primary filters: 2, did not pass the filter by color: 0, added: 2, new vincodes: 0
24-08-2011 13:20:53 --- INFO: Honda CR-V - found: 6, pass primary filters: 1, did not pass the filter by color: 0, added: 1, new vincodes: 0
24-08-2011 13:21:02 --- INFO: Mitsubishi Montero 4WD Limited - found: 32, pass primary filters: 4, did not pass the filter by color: 4, added: 0, new vincodes: 0
24-08-2011 13:21:23 --- INFO: Toyota 4RUNNER 4WD Limited - found: 30, pass primary filters: 9, did not pass the filter by color: 7, added: 2, new vincodes: 1
24-08-2011 13:21:27 --- INFO: Toyota RAV 4 - found: 21, pass primary filters: 6, did not pass the filter by color: 6, added: 0, new vincodes: 0
24-08-2011 13:21:27 --- INFO: Toyota Highlander 4WD - found: 32, pass primary filters: 0, did not pass the filter by color: 0, added: 0, new vincodes: 0
24-08-2011 13:21:33 --- INFO: Subaru Forester - found: 3, pass primary filters: 2, did not pass the filter by color: 0, added: 2, new vincodes: 0
24-08-2011 13:21:36 --- INFO: Nissan Rogue - found: 13, pass primary filters: 1, did not pass the filter by color: 0, added: 1, new vincodes: 0
24-08-2011 13:21:46 --- INFO: Toyota Highlander - found: 32, pass primary filters: 15, did not pass the filter by color: 14, added: 1, new vincodes: 0
24-08-2011 13:21:46 --- INFO: Acura MDX - found: 16, pass primary filters: 0, did not pass the filter by color: 0, added: 0, new vincodes: 0
24-08-2011 13:21:46 --- INFO: finish: 24-08-2011 13:21:46
24-08-2011 13:21:46 --- INFO: elapsed time: ~105.53 sec., memory usage: ~2.43 Mb.
24-08-2011 13:20:01 --- INFO: start: 24-08-2011 13:20:01
24-08-2011 13:20:01 --- INFO: ----------Source_Gsmotors (cli)
24-08-2011 13:20:59 --- INFO: Lexus RX 300 - found: 92, pass primary filters: 35, did not pass the filter by color: 15, added: 20, new vincodes: 0
24-08-2011 13:22:54 --- INFO: Lexus RX 330 - found: 205, pass primary filters: 47, did not pass the filter by color: 13, added: 34, new vincodes: 0
24-08-2011 13:23:16 --- INFO: Lexus RX 400H - found: 40, pass primary filters: 6, did not pass the filter by color: 2, added: 4, new vincodes: 0
24-08-2011 13:23:50 --- INFO: Lexus GX 470 - found: 64, pass primary filters: 37, did not pass the filter by color: 27, added: 10, new vincodes: 0
24-08-2011 13:24:43 --- INFO: Lexus GX 470 - found: 101, pass primary filters: 64, did not pass the filter by color: 50, added: 14, new vincodes: 0
24-08-2011 13:24:52 --- INFO: Lexus LX 470 - found: 16, pass primary filters: 12, did not pass the filter by color: 12, added: 0, new vincodes: 0
24-08-2011 13:25:07 --- INFO: Lexus LX 470 - found: 21, pass primary filters: 16, did not pass the filter by color: 16, added: 0, new vincodes: 0
24-08-2011 13:25:16 --- INFO: Toyota Land Cruiser - found: 22, pass primary filters: 8, did not pass the filter by color: 8, added: 0, new vincodes: 0
24-08-2011 13:25:49 --- INFO: Honda CR-V - found: 45, pass primary filters: 0, did not pass the filter by color: 0, added: 0, new vincodes: 0
24-08-2011 13:27:35 --- INFO: Honda CR-V - found: 197, pass primary filters: 10, did not pass the filter by color: 0, added: 10, new vincodes: 0
24-08-2011 13:28:44 --- INFO: Mitsubishi Montero 4WD Limited - found: 73, pass primary filters: 11, did not pass the filter by color: 11, added: 0, new vincodes: 0
24-08-2011 13:32:03 --- INFO: Toyota 4RUNNER 4WD Limited - found: 244, pass primary filters: 65, did not pass the filter by color: 42, added: 23, new vincodes: 0
24-08-2011 13:32:35 --- INFO: Toyota RAV 4 - found: 66, pass primary filters: 21, did not pass the filter by color: 14, added: 7, new vincodes: 0
24-08-2011 13:33:19 --- INFO: Toyota Highlander 4WD - found: 90, pass primary filters: 7, did not pass the filter by color: 4, added: 3, new vincodes: 0
24-08-2011 13:34:47 --- INFO: Subaru Forester - found: 152, pass primary filters: 10, did not pass the filter by color: 0, added: 10, new vincodes: 0
24-08-2011 13:37:05 --- INFO: Nissan Rogue - found: 172, pass primary filters: 9, did not pass the filter by color: 0, added: 9, new vincodes: 0
24-08-2011 13:37:59 --- INFO: Toyota Highlander - found: 90, pass primary filters: 39, did not pass the filter by color: 31, added: 8, new vincodes: 0
24-08-2011 13:38:45 --- INFO: Acura MDX - found: 74, pass primary filters: 1, did not pass the filter by color: 0, added: 1, new vincodes: 0
24-08-2011 13:38:45 --- INFO: finish: 24-08-2011 13:38:45
24-08-2011 13:38:45 --- INFO: elapsed time: ~1124.06 sec., memory usage: ~4.84 Mb.
24-08-2011 15:05:01 --- INFO: start: 24-08-2011 15:05:01
24-08-2011 15:05:01 --- INFO: ----------Source_Openlane (cli)
24-08-2011 15:05:04 --- ERROR: Unauthorized request
24-08-2011 15:05:04 --- INFO: finish: 24-08-2011 15:05:04
24-08-2011 15:05:04 --- INFO: elapsed time: ~3.06 sec., memory usage: ~1.31 Mb.
24-08-2011 15:10:01 --- INFO: start: 24-08-2011 15:10:01
24-08-2011 15:10:01 --- INFO: ----------Source_Ebay (cli)
24-08-2011 15:10:21 --- INFO: Lexus RX 300 - found: 25, pass primary filters: 3, did not pass the filter by color: 0, added: 3, new vincodes: 0
24-08-2011 15:12:04 --- INFO: Lexus RX 330 - found: 75, pass primary filters: 12, did not pass the filter by color: 6, added: 6, new vincodes: 0
24-08-2011 15:12:41 --- INFO: Lexus RX 400H - found: 49, pass primary filters: 0, did not pass the filter by color: 0, added: 0, new vincodes: 0
24-08-2011 15:13:10 --- INFO: Lexus GX 470 - found: 39, pass primary filters: 13, did not pass the filter by color: 12, added: 1, new vincodes: 0
24-08-2011 15:13:34 --- INFO: Lexus GX 470 - found: 30, pass primary filters: 19, did not pass the filter by color: 17, added: 2, new vincodes: 0
24-08-2011 15:13:39 --- INFO: Lexus LX 470 - found: 5, pass primary filters: 3, did not pass the filter by color: 3, added: 0, new vincodes: 0
24-08-2011 15:13:46 --- INFO: Lexus LX 470 - found: 8, pass primary filters: 7, did not pass the filter by color: 7, added: 0, new vincodes: 0
24-08-2011 15:13:53 --- INFO: Toyota Land Cruiser - found: 7, pass primary filters: 5, did not pass the filter by color: 5, added: 0, new vincodes: 0
24-08-2011 15:14:07 --- INFO: Honda CR-V - found: 16, pass primary filters: 1, did not pass the filter by color: 0, added: 1, new vincodes: 1
24-08-2011 15:15:38 --- INFO: Honda CR-V - found: 67, pass primary filters: 2, did not pass the filter by color: 0, added: 2, new vincodes: 0
24-08-2011 15:15:41 --- INFO: Mitsubishi Montero 4WD Limited - found: 2, pass primary filters: 0, did not pass the filter by color: 0, added: 0, new vincodes: 0
24-08-2011 15:17:07 --- INFO: Toyota 4RUNNER 4WD Limited - found: 64, pass primary filters: 34, did not pass the filter by color: 16, added: 18, new vincodes: 0
24-08-2011 15:17:19 --- INFO: Toyota RAV 4 - found: 14, pass primary filters: 5, did not pass the filter by color: 3, added: 2, new vincodes: 0
24-08-2011 15:17:38 --- INFO: Toyota Highlander 4WD - found: 23, pass primary filters: 0, did not pass the filter by color: 0, added: 0, new vincodes: 0
24-08-2011 15:19:01 --- INFO: Subaru Forester - found: 56, pass primary filters: 6, did not pass the filter by color: 0, added: 6, new vincodes: 0
24-08-2011 15:19:38 --- INFO: Nissan Rogue - found: 43, pass primary filters: 1, did not pass the filter by color: 0, added: 1, new vincodes: 0
24-08-2011 15:19:55 --- INFO: Toyota Highlander - found: 23, pass primary filters: 7, did not pass the filter by color: 6, added: 1, new vincodes: 0
24-08-2011 15:20:07 --- INFO: Acura MDX - found: 15, pass primary filters: 0, did not pass the filter by color: 0, added: 0, new vincodes: 0
24-08-2011 15:20:07 --- INFO: finish: 24-08-2011 15:20:07
24-08-2011 15:20:07 --- INFO: elapsed time: ~605.55 sec., memory usage: ~2.86 Mb.
24-08-2011 16:10:01 --- INFO: start: 24-08-2011 16:10:01
24-08-2011 16:10:01 --- INFO: ----------Source_Adesa (cli)
24-08-2011 16:10:02 --- INFO: Authorized request
24-08-2011 16:10:08 --- INFO: Lexus RX 300 - found: 16, pass primary filters: 7, did not pass the filter by color: 2, added: 5, new vincodes: 0
24-08-2011 16:10:14 --- INFO: Lexus RX 330 - found: 14, pass primary filters: 6, did not pass the filter by color: 1, added: 5, new vincodes: 1
24-08-2011 16:10:14 --- INFO: Lexus RX 400H - found: 3, pass primary filters: 2, did not pass the filter by color: 1, added: 1, new vincodes: 0
24-08-2011 16:10:20 --- INFO: Lexus GX 470 - found: 4, pass primary filters: 4, did not pass the filter by color: 3, added: 1, new vincodes: 1
24-08-2011 16:10:24 --- INFO: Lexus GX 470 - found: 5, pass primary filters: 3, did not pass the filter by color: 1, added: 2, new vincodes: 0
24-08-2011 16:10:24 --- INFO: Lexus LX 470 - found: 0, pass primary filters: 0, did not pass the filter by color: 0, added: 0, new vincodes: 0
24-08-2011 16:10:25 --- INFO: Lexus LX 470 - found: 1, pass primary filters: 1, did not pass the filter by color: 1, added: 0, new vincodes: 0
24-08-2011 16:10:25 --- INFO: Toyota Land Cruiser - found: 0, pass primary filters: 0, did not pass the filter by color: 0, added: 0, new vincodes: 0
24-08-2011 16:10:26 --- INFO: Honda CR-V - found: 20, pass primary filters: 2, did not pass the filter by color: 0, added: 2, new vincodes: 0
24-08-2011 16:10:28 --- INFO: Honda CR-V - found: 6, pass primary filters: 1, did not pass the filter by color: 0, added: 1, new vincodes: 0
24-08-2011 16:10:35 --- INFO: Mitsubishi Montero 4WD Limited - found: 33, pass primary filters: 7, did not pass the filter by color: 7, added: 0, new vincodes: 1
24-08-2011 16:11:00 --- INFO: Toyota 4RUNNER 4WD Limited - found: 31, pass primary filters: 9, did not pass the filter by color: 7, added: 2, new vincodes: 0
24-08-2011 16:11:08 --- INFO: Toyota RAV 4 - found: 22, pass primary filters: 8, did not pass the filter by color: 8, added: 0, new vincodes: 1
24-08-2011 16:11:09 --- INFO: Toyota Highlander 4WD - found: 34, pass primary filters: 0, did not pass the filter by color: 0, added: 0, new vincodes: 0
24-08-2011 16:11:19 --- INFO: Subaru Forester - found: 3, pass primary filters: 2, did not pass the filter by color: 0, added: 2, new vincodes: 0
24-08-2011 16:11:31 --- INFO: Nissan Rogue - found: 15, pass primary filters: 2, did not pass the filter by color: 0, added: 2, new vincodes: 0
24-08-2011 16:12:03 --- INFO: Toyota Highlander - found: 34, pass primary filters: 21, did not pass the filter by color: 18, added: 3, new vincodes: 3
24-08-2011 16:12:03 --- INFO: Acura MDX - found: 19, pass primary filters: 0, did not pass the filter by color: 0, added: 0, new vincodes: 0
24-08-2011 16:12:03 --- INFO: finish: 24-08-2011 16:12:03
24-08-2011 16:12:03 --- INFO: elapsed time: ~122.04 sec., memory usage: ~2.58 Mb.
24-08-2011 16:10:01 --- INFO: start: 24-08-2011 16:10:01
24-08-2011 16:10:01 --- INFO: ----------Source_Gsmotors (cli)
24-08-2011 16:15:14 --- INFO: Lexus RX 300 - found: 87, pass primary filters: 31, did not pass the filter by color: 11, added: 20, new vincodes: 3
24-08-2011 16:20:58 --- INFO: Lexus RX 330 - found: 217, pass primary filters: 50, did not pass the filter by color: 13, added: 37, new vincodes: 2
24-08-2011 16:21:41 --- INFO: Lexus RX 400H - found: 44, pass primary filters: 6, did not pass the filter by color: 2, added: 4, new vincodes: 0
24-08-2011 16:23:10 --- INFO: Lexus GX 470 - found: 68, pass primary filters: 37, did not pass the filter by color: 30, added: 7, new vincodes: 1
24-08-2011 16:25:11 --- INFO: Lexus GX 470 - found: 106, pass primary filters: 62, did not pass the filter by color: 49, added: 13, new vincodes: 2
24-08-2011 16:25:36 --- INFO: Lexus LX 470 - found: 16, pass primary filters: 12, did not pass the filter by color: 12, added: 0, new vincodes: 1
24-08-2011 16:25:57 --- INFO: Lexus LX 470 - found: 21, pass primary filters: 14, did not pass the filter by color: 14, added: 0, new vincodes: 0
24-08-2011 16:26:14 --- INFO: Toyota Land Cruiser - found: 23, pass primary filters: 8, did not pass the filter by color: 8, added: 0, new vincodes: 0
24-08-2011 16:27:03 --- INFO: Honda CR-V - found: 47, pass primary filters: 0, did not pass the filter by color: 0, added: 0, new vincodes: 0
24-08-2011 16:31:11 --- INFO: Honda CR-V - found: 205, pass primary filters: 8, did not pass the filter by color: 0, added: 8, new vincodes: 0
24-08-2011 16:32:49 --- INFO: Mitsubishi Montero 4WD Limited - found: 77, pass primary filters: 11, did not pass the filter by color: 11, added: 0, new vincodes: 1
24-08-2011 16:37:45 --- INFO: Toyota 4RUNNER 4WD Limited - found: 259, pass primary filters: 62, did not pass the filter by color: 39, added: 23, new vincodes: 1
24-08-2011 16:39:06 --- INFO: Toyota RAV 4 - found: 67, pass primary filters: 24, did not pass the filter by color: 15, added: 9, new vincodes: 1
24-08-2011 16:40:57 --- INFO: Toyota Highlander 4WD - found: 96, pass primary filters: 6, did not pass the filter by color: 3, added: 3, new vincodes: 0
24-08-2011 16:43:46 --- INFO: Subaru Forester - found: 122, pass primary filters: 10, did not pass the filter by color: 0, added: 10, new vincodes: 0
24-08-2011 16:48:27 --- INFO: Nissan Rogue - found: 173, pass primary filters: 10, did not pass the filter by color: 0, added: 10, new vincodes: 1
24-08-2011 16:49:15 --- INFO: Toyota Highlander - found: 96, pass primary filters: 41, did not pass the filter by color: 33, added: 8, new vincodes: 3
24-08-2011 16:50:57 --- INFO: Acura MDX - found: 79, pass primary filters: 1, did not pass the filter by color: 0, added: 1, new vincodes: 0
24-08-2011 16:50:57 --- INFO: finish: 24-08-2011 16:50:57
24-08-2011 16:50:57 --- INFO: elapsed time: ~2455.78 sec., memory usage: ~4.92 Mb.
24-08-2011 18:10:01 --- INFO: start: 24-08-2011 18:10:01
24-08-2011 18:10:01 --- INFO: ----------Source_Adesa (cli)
24-08-2011 18:10:02 --- INFO: Authorized request
24-08-2011 18:12:29 --- INFO: Lexus RX 300 - found: 15, pass primary filters: 6, did not pass the filter by color: 2, added: 4, new vincodes: 0
24-08-2011 18:12:37 --- INFO: Lexus RX 330 - found: 17, pass primary filters: 8, did not pass the filter by color: 1, added: 7, new vincodes: 2
24-08-2011 18:12:37 --- INFO: Lexus RX 400H - found: 3, pass primary filters: 2, did not pass the filter by color: 1, added: 1, new vincodes: 0
24-08-2011 18:12:42 --- INFO: Lexus GX 470 - found: 4, pass primary filters: 4, did not pass the filter by color: 3, added: 1, new vincodes: 0
24-08-2011 18:12:46 --- INFO: Lexus GX 470 - found: 5, pass primary filters: 4, did not pass the filter by color: 2, added: 2, new vincodes: 0
24-08-2011 18:12:46 --- INFO: Lexus LX 470 - found: 0, pass primary filters: 0, did not pass the filter by color: 0, added: 0, new vincodes: 0
24-08-2011 18:12:47 --- INFO: Lexus LX 470 - found: 1, pass primary filters: 1, did not pass the filter by color: 1, added: 0, new vincodes: 0
24-08-2011 18:12:47 --- INFO: Toyota Land Cruiser - found: 0, pass primary filters: 0, did not pass the filter by color: 0, added: 0, new vincodes: 0
24-08-2011 18:12:47 --- INFO: Honda CR-V - found: 20, pass primary filters: 2, did not pass the filter by color: 0, added: 2, new vincodes: 0
24-08-2011 18:12:50 --- INFO: Honda CR-V - found: 6, pass primary filters: 1, did not pass the filter by color: 0, added: 1, new vincodes: 0
24-08-2011 18:12:53 --- INFO: Mitsubishi Montero 4WD Limited - found: 33, pass primary filters: 7, did not pass the filter by color: 7, added: 0, new vincodes: 0
24-08-2011 18:13:01 --- INFO: Toyota 4RUNNER 4WD Limited - found: 35, pass primary filters: 11, did not pass the filter by color: 8, added: 3, new vincodes: 1
24-08-2011 18:13:05 --- INFO: Toyota RAV 4 - found: 22, pass primary filters: 8, did not pass the filter by color: 8, added: 0, new vincodes: 0
24-08-2011 18:13:05 --- INFO: Toyota Highlander 4WD - found: 36, pass primary filters: 0, did not pass the filter by color: 0, added: 0, new vincodes: 0
24-08-2011 18:13:09 --- INFO: Subaru Forester - found: 3, pass primary filters: 2, did not pass the filter by color: 0, added: 2, new vincodes: 0
24-08-2011 18:13:13 --- INFO: Nissan Rogue - found: 16, pass primary filters: 2, did not pass the filter by color: 0, added: 2, new vincodes: 0
24-08-2011 18:13:28 --- INFO: Toyota Highlander - found: 36, pass primary filters: 22, did not pass the filter by color: 19, added: 3, new vincodes: 1
24-08-2011 18:13:28 --- INFO: Acura MDX - found: 19, pass primary filters: 0, did not pass the filter by color: 0, added: 0, new vincodes: 0
24-08-2011 18:13:28 --- INFO: finish: 24-08-2011 18:13:28
24-08-2011 18:13:28 --- INFO: elapsed time: ~207.05 sec., memory usage: ~2.58 Mb.
24-08-2011 18:10:01 --- INFO: start: 24-08-2011 18:10:01
24-08-2011 18:10:01 --- INFO: ----------Source_Gsmotors (cli)
24-08-2011 18:10:53 --- INFO: Lexus RX 300 - found: 87, pass primary filters: 31, did not pass the filter by color: 11, added: 20, new vincodes: 0
24-08-2011 18:12:38 --- INFO: Lexus RX 330 - found: 217, pass primary filters: 50, did not pass the filter by color: 14, added: 36, new vincodes: 0
24-08-2011 18:12:57 --- INFO: Lexus RX 400H - found: 44, pass primary filters: 6, did not pass the filter by color: 2, added: 4, new vincodes: 0
24-08-2011 18:13:35 --- INFO: Lexus GX 470 - found: 68, pass primary filters: 37, did not pass the filter by color: 30, added: 7, new vincodes: 0
24-08-2011 18:14:24 --- INFO: Lexus GX 470 - found: 106, pass primary filters: 62, did not pass the filter by color: 49, added: 13, new vincodes: 0
24-08-2011 18:14:39 --- INFO: Lexus LX 470 - found: 16, pass primary filters: 12, did not pass the filter by color: 12, added: 0, new vincodes: 0
24-08-2011 18:14:52 --- INFO: Lexus LX 470 - found: 21, pass primary filters: 14, did not pass the filter by color: 14, added: 0, new vincodes: 0
24-08-2011 18:15:03 --- INFO: Toyota Land Cruiser - found: 23, pass primary filters: 8, did not pass the filter by color: 8, added: 0, new vincodes: 0
24-08-2011 18:15:40 --- INFO: Honda CR-V - found: 47, pass primary filters: 0, did not pass the filter by color: 0, added: 0, new vincodes: 0
24-08-2011 18:17:49 --- INFO: Honda CR-V - found: 205, pass primary filters: 8, did not pass the filter by color: 0, added: 8, new vincodes: 0
24-08-2011 18:18:28 --- INFO: Mitsubishi Montero 4WD Limited - found: 77, pass primary filters: 11, did not pass the filter by color: 11, added: 0, new vincodes: 0
24-08-2011 18:20:36 --- INFO: Toyota 4RUNNER 4WD Limited - found: 259, pass primary filters: 62, did not pass the filter by color: 39, added: 23, new vincodes: 0
24-08-2011 18:21:07 --- INFO: Toyota RAV 4 - found: 67, pass primary filters: 24, did not pass the filter by color: 15, added: 9, new vincodes: 0
24-08-2011 18:21:54 --- INFO: Toyota Highlander 4WD - found: 96, pass primary filters: 6, did not pass the filter by color: 3, added: 3, new vincodes: 0
24-08-2011 18:22:57 --- INFO: Subaru Forester - found: 122, pass primary filters: 10, did not pass the filter by color: 0, added: 10, new vincodes: 0
24-08-2011 18:24:28 --- INFO: Nissan Rogue - found: 173, pass primary filters: 10, did not pass the filter by color: 0, added: 10, new vincodes: 0
24-08-2011 18:25:16 --- INFO: Toyota Highlander - found: 96, pass primary filters: 41, did not pass the filter by color: 32, added: 9, new vincodes: 0
24-08-2011 18:26:12 --- INFO: Acura MDX - found: 79, pass primary filters: 1, did not pass the filter by color: 0, added: 1, new vincodes: 0
24-08-2011 18:26:12 --- INFO: finish: 24-08-2011 18:26:12
24-08-2011 18:26:12 --- INFO: elapsed time: ~970.13 sec., memory usage: ~4.8 Mb.
24-08-2011 19:05:01 --- INFO: start: 24-08-2011 19:05:01
24-08-2011 19:05:01 --- INFO: ----------Source_Openlane (cli)
24-08-2011 19:05:04 --- ERROR: Unauthorized request
24-08-2011 19:05:04 --- INFO: finish: 24-08-2011 19:05:04
24-08-2011 19:05:04 --- INFO: elapsed time: ~3 sec., memory usage: ~1.31 Mb.
24-08-2011 19:10:01 --- INFO: start: 24-08-2011 19:10:01
24-08-2011 19:10:01 --- INFO: ----------Source_Ebay (cli)
24-08-2011 19:10:22 --- INFO: Lexus RX 300 - found: 24, pass primary filters: 4, did not pass the filter by color: 0, added: 4, new vincodes: 1
24-08-2011 19:12:13 --- INFO: Lexus RX 330 - found: 76, pass primary filters: 12, did not pass the filter by color: 8, added: 4, new vincodes: 0
24-08-2011 19:12:49 --- INFO: Lexus RX 400H - found: 50, pass primary filters: 0, did not pass the filter by color: 0, added: 0, new vincodes: 0
24-08-2011 19:13:20 --- INFO: Lexus GX 470 - found: 41, pass primary filters: 15, did not pass the filter by color: 13, added: 2, new vincodes: 1
24-08-2011 19:13:44 --- INFO: Lexus GX 470 - found: 32, pass primary filters: 21, did not pass the filter by color: 19, added: 2, new vincodes: 0
24-08-2011 19:13:50 --- INFO: Lexus LX 470 - found: 6, pass primary filters: 4, did not pass the filter by color: 4, added: 0, new vincodes: 0
24-08-2011 19:13:57 --- INFO: Lexus LX 470 - found: 8, pass primary filters: 7, did not pass the filter by color: 7, added: 0, new vincodes: 0
24-08-2011 19:14:03 --- INFO: Toyota Land Cruiser - found: 7, pass primary filters: 5, did not pass the filter by color: 5, added: 0, new vincodes: 0
24-08-2011 19:14:17 --- INFO: Honda CR-V - found: 17, pass primary filters: 1, did not pass the filter by color: 0, added: 1, new vincodes: 0
24-08-2011 19:15:57 --- INFO: Honda CR-V - found: 68, pass primary filters: 2, did not pass the filter by color: 0, added: 2, new vincodes: 0
24-08-2011 19:16:00 --- INFO: Mitsubishi Montero 4WD Limited - found: 2, pass primary filters: 0, did not pass the filter by color: 0, added: 0, new vincodes: 0
24-08-2011 19:17:22 --- INFO: Toyota 4RUNNER 4WD Limited - found: 61, pass primary filters: 34, did not pass the filter by color: 16, added: 18, new vincodes: 0
24-08-2011 19:17:33 --- INFO: Toyota RAV 4 - found: 13, pass primary filters: 5, did not pass the filter by color: 3, added: 2, new vincodes: 0
24-08-2011 19:17:52 --- INFO: Toyota Highlander 4WD - found: 24, pass primary filters: 0, did not pass the filter by color: 0, added: 0, new vincodes: 0
24-08-2011 19:19:12 --- INFO: Subaru Forester - found: 56, pass primary filters: 6, did not pass the filter by color: 0, added: 6, new vincodes: 0
24-08-2011 19:19:43 --- INFO: Nissan Rogue - found: 42, pass primary filters: 1, did not pass the filter by color: 0, added: 1, new vincodes: 0
24-08-2011 19:20:00 --- INFO: Toyota Highlander - found: 24, pass primary filters: 7, did not pass the filter by color: 6, added: 1, new vincodes: 0
24-08-2011 19:20:13 --- INFO: Acura MDX - found: 16, pass primary filters: 0, did not pass the filter by color: 0, added: 0, new vincodes: 0
24-08-2011 19:20:13 --- INFO: finish: 24-08-2011 19:20:13
24-08-2011 19:20:13 --- INFO: elapsed time: ~612.15 sec., memory usage: ~2.93 Mb.
24-08-2011 23:05:01 --- INFO: start: 24-08-2011 23:05:01
24-08-2011 23:05:02 --- INFO: ----------Source_Openlane (cli)
24-08-2011 23:05:04 --- ERROR: Unauthorized request
24-08-2011 23:05:04 --- INFO: finish: 24-08-2011 23:05:04
24-08-2011 23:05:04 --- INFO: elapsed time: ~2.91 sec., memory usage: ~1.31 Mb.
24-08-2011 23:10:01 --- INFO: start: 24-08-2011 23:10:01
24-08-2011 23:10:01 --- INFO: ----------Source_Ebay (cli)
24-08-2011 23:10:20 --- INFO: Lexus RX 300 - found: 24, pass primary filters: 4, did not pass the filter by color: 0, added: 4, new vincodes: 0
24-08-2011 23:12:08 --- INFO: Lexus RX 330 - found: 77, pass primary filters: 12, did not pass the filter by color: 6, added: 6, new vincodes: 0
24-08-2011 23:13:25 --- INFO: Lexus RX 400H - found: 51, pass primary filters: 0, did not pass the filter by color: 0, added: 0, new vincodes: 0
24-08-2011 23:13:57 --- INFO: Lexus GX 470 - found: 39, pass primary filters: 13, did not pass the filter by color: 11, added: 2, new vincodes: 0
24-08-2011 23:14:23 --- INFO: Lexus GX 470 - found: 32, pass primary filters: 21, did not pass the filter by color: 19, added: 2, new vincodes: 0
24-08-2011 23:14:29 --- INFO: Lexus LX 470 - found: 6, pass primary filters: 4, did not pass the filter by color: 4, added: 0, new vincodes: 0
24-08-2011 23:14:36 --- INFO: Lexus LX 470 - found: 8, pass primary filters: 7, did not pass the filter by color: 7, added: 0, new vincodes: 0
24-08-2011 23:14:43 --- INFO: Toyota Land Cruiser - found: 7, pass primary filters: 5, did not pass the filter by color: 5, added: 0, new vincodes: 0
24-08-2011 23:14:58 --- INFO: Honda CR-V - found: 17, pass primary filters: 1, did not pass the filter by color: 0, added: 1, new vincodes: 0
24-08-2011 23:16:36 --- INFO: Honda CR-V - found: 68, pass primary filters: 2, did not pass the filter by color: 0, added: 2, new vincodes: 0
24-08-2011 23:16:38 --- INFO: Mitsubishi Montero 4WD Limited - found: 2, pass primary filters: 0, did not pass the filter by color: 0, added: 0, new vincodes: 0
24-08-2011 23:17:53 --- INFO: Toyota 4RUNNER 4WD Limited - found: 60, pass primary filters: 34, did not pass the filter by color: 16, added: 18, new vincodes: 1
24-08-2011 23:18:03 --- INFO: Toyota RAV 4 - found: 12, pass primary filters: 4, did not pass the filter by color: 2, added: 2, new vincodes: 0
24-08-2011 23:18:22 --- INFO: Toyota Highlander 4WD - found: 24, pass primary filters: 0, did not pass the filter by color: 0, added: 0, new vincodes: 0
24-08-2011 23:19:46 --- INFO: Subaru Forester - found: 57, pass primary filters: 6, did not pass the filter by color: 0, added: 6, new vincodes: 0
24-08-2011 23:20:19 --- INFO: Nissan Rogue - found: 42, pass primary filters: 1, did not pass the filter by color: 0, added: 1, new vincodes: 0
24-08-2011 23:20:37 --- INFO: Toyota Highlander - found: 24, pass primary filters: 8, did not pass the filter by color: 6, added: 2, new vincodes: 0
24-08-2011 23:20:49 --- INFO: Acura MDX - found: 16, pass primary filters: 0, did not pass the filter by color: 0, added: 0, new vincodes: 0
24-08-2011 23:20:49 --- INFO: finish: 24-08-2011 23:20:49
24-08-2011 23:20:49 --- INFO: elapsed time: ~648.53 sec., memory usage: ~2.91 Mb.