
25-10-2011 03:05:01 --- INFO: start: 25-10-2011 03:05:01
25-10-2011 03:05:01 --- INFO: ----------Source_Openlane (cli)
25-10-2011 03:05:04 --- ERROR: Unauthorized request
25-10-2011 03:05:04 --- INFO: finish: 25-10-2011 03:05:04
25-10-2011 03:05:04 --- INFO: elapsed time: ~3.16 sec., memory usage: ~1.31 Mb.
25-10-2011 03:10:01 --- INFO: start: 25-10-2011 03:10:01
25-10-2011 03:10:01 --- INFO: ----------Source_Ebay (cli)
25-10-2011 03:10:43 --- INFO: Lexus RX 300 - found: 21, pass primary filters: 3, did not pass the filter by color: 0, added: 3, new vincodes: 0
25-10-2011 03:13:25 --- INFO: Lexus RX 330 - found: 62, pass primary filters: 10, did not pass the filter by color: 4, added: 6, new vincodes: 0
25-10-2011 03:15:13 --- INFO: Lexus RX 400H - found: 52, pass primary filters: 0, did not pass the filter by color: 0, added: 0, new vincodes: 0
25-10-2011 03:15:53 --- INFO: Lexus GX 470 - found: 35, pass primary filters: 7, did not pass the filter by color: 5, added: 2, new vincodes: 0
25-10-2011 03:16:22 --- INFO: Lexus GX 470 - found: 23, pass primary filters: 7, did not pass the filter by color: 7, added: 0, new vincodes: 0
25-10-2011 03:16:34 --- INFO: Lexus LX 470 - found: 7, pass primary filters: 5, did not pass the filter by color: 5, added: 0, new vincodes: 0
25-10-2011 03:16:53 --- INFO: Lexus LX 470 - found: 12, pass primary filters: 5, did not pass the filter by color: 4, added: 1, new vincodes: 0
25-10-2011 03:16:58 --- INFO: Toyota Land Cruiser - found: 2, pass primary filters: 2, did not pass the filter by color: 2, added: 0, new vincodes: 0
25-10-2011 03:17:23 --- INFO: Honda CR-V - found: 14, pass primary filters: 0, did not pass the filter by color: 0, added: 0, new vincodes: 0
25-10-2011 03:20:50 --- INFO: Honda CR-V - found: 67, pass primary filters: 4, did not pass the filter by color: 0, added: 4, new vincodes: 0
25-10-2011 03:21:00 --- INFO: Mitsubishi Montero 4WD Limited - found: 4, pass primary filters: 1, did not pass the filter by color: 1, added: 0, new vincodes: 0
25-10-2011 03:24:22 --- INFO: Toyota 4RUNNER 4WD Limited - found: 64, pass primary filters: 36, did not pass the filter by color: 26, added: 10, new vincodes: 0
25-10-2011 03:24:35 --- INFO: Toyota RAV 4 - found: 9, pass primary filters: 6, did not pass the filter by color: 4, added: 2, new vincodes: 0
25-10-2011 03:24:54 --- INFO: Toyota Highlander 4WD - found: 19, pass primary filters: 0, did not pass the filter by color: 0, added: 0, new vincodes: 0
25-10-2011 03:26:55 --- INFO: Subaru Forester - found: 59, pass primary filters: 6, did not pass the filter by color: 0, added: 6, new vincodes: 0
25-10-2011 03:27:49 --- INFO: Nissan Rogue - found: 48, pass primary filters: 0, did not pass the filter by color: 0, added: 0, new vincodes: 0
25-10-2011 03:28:08 --- INFO: Toyota Highlander - found: 19, pass primary filters: 7, did not pass the filter by color: 7, added: 0, new vincodes: 0
25-10-2011 03:28:34 --- INFO: Acura MDX - found: 18, pass primary filters: 0, did not pass the filter by color: 0, added: 0, new vincodes: 0
25-10-2011 03:28:34 --- INFO: finish: 25-10-2011 03:28:34
25-10-2011 03:28:34 --- INFO: elapsed time: ~1112.64 sec., memory usage: ~2.72 Mb.
25-10-2011 06:10:02 --- INFO: start: 25-10-2011 06:10:02
25-10-2011 06:10:02 --- INFO: ----------Source_Adesa (cli)
25-10-2011 06:10:03 --- ERROR: Unauthorized request
25-10-2011 06:10:03 --- INFO: finish: 25-10-2011 06:10:03
25-10-2011 06:10:03 --- INFO: elapsed time: ~1.72 sec., memory usage: ~1.31 Mb.
25-10-2011 06:10:02 --- INFO: start: 25-10-2011 06:10:02
25-10-2011 06:10:02 --- INFO: ----------Source_Gsmotors (cli)
25-10-2011 06:11:57 --- INFO: Lexus RX 300 - found: 80, pass primary filters: 37, did not pass the filter by color: 13, added: 24, new vincodes: 4
25-10-2011 06:15:38 --- INFO: Lexus RX 330 - found: 161, pass primary filters: 34, did not pass the filter by color: 9, added: 25, new vincodes: 0
25-10-2011 06:16:24 --- INFO: Lexus RX 400H - found: 40, pass primary filters: 4, did not pass the filter by color: 1, added: 3, new vincodes: 0
25-10-2011 06:17:43 --- INFO: Lexus GX 470 - found: 69, pass primary filters: 36, did not pass the filter by color: 30, added: 6, new vincodes: 3
25-10-2011 06:19:16 --- INFO: Lexus GX 470 - found: 59, pass primary filters: 40, did not pass the filter by color: 33, added: 7, new vincodes: 0
25-10-2011 06:19:33 --- INFO: Lexus LX 470 - found: 14, pass primary filters: 9, did not pass the filter by color: 9, added: 0, new vincodes: 0
25-10-2011 06:19:59 --- INFO: Lexus LX 470 - found: 24, pass primary filters: 17, did not pass the filter by color: 15, added: 2, new vincodes: 0
25-10-2011 06:20:15 --- INFO: Toyota Land Cruiser - found: 10, pass primary filters: 9, did not pass the filter by color: 8, added: 1, new vincodes: 0
25-10-2011 06:21:33 --- INFO: Honda CR-V - found: 62, pass primary filters: 4, did not pass the filter by color: 0, added: 4, new vincodes: 0
25-10-2011 06:26:56 --- INFO: Honda CR-V - found: 205, pass primary filters: 9, did not pass the filter by color: 0, added: 9, new vincodes: 0
25-10-2011 06:28:37 --- INFO: Mitsubishi Montero 4WD Limited - found: 76, pass primary filters: 11, did not pass the filter by color: 11, added: 0, new vincodes: 0
25-10-2011 06:32:40 --- INFO: Toyota 4RUNNER 4WD Limited - found: 188, pass primary filters: 54, did not pass the filter by color: 29, added: 25, new vincodes: 1
25-10-2011 06:34:24 --- INFO: Toyota RAV 4 - found: 82, pass primary filters: 35, did not pass the filter by color: 24, added: 11, new vincodes: 0
25-10-2011 06:36:38 --- INFO: Toyota Highlander 4WD - found: 104, pass primary filters: 1, did not pass the filter by color: 0, added: 1, new vincodes: 0
25-10-2011 06:41:06 --- INFO: Subaru Forester - found: 171, pass primary filters: 37, did not pass the filter by color: 0, added: 37, new vincodes: 0
25-10-2011 06:48:40 --- INFO: Nissan Rogue - found: 246, pass primary filters: 18, did not pass the filter by color: 0, added: 18, new vincodes: 0
25-10-2011 06:50:05 --- INFO: Toyota Highlander - found: 104, pass primary filters: 43, did not pass the filter by color: 34, added: 9, new vincodes: 0
25-10-2011 06:51:51 --- INFO: Acura MDX - found: 76, pass primary filters: 1, did not pass the filter by color: 0, added: 1, new vincodes: 0
25-10-2011 06:51:51 --- INFO: finish: 25-10-2011 06:51:51
25-10-2011 06:51:51 --- INFO: elapsed time: ~2509.58 sec., memory usage: ~4.94 Mb.
25-10-2011 07:05:01 --- INFO: start: 25-10-2011 07:05:01
25-10-2011 07:05:01 --- INFO: ----------Source_Openlane (cli)
25-10-2011 07:05:04 --- ERROR: Unauthorized request
25-10-2011 07:05:04 --- INFO: finish: 25-10-2011 07:05:04
25-10-2011 07:05:04 --- INFO: elapsed time: ~3.17 sec., memory usage: ~1.31 Mb.
25-10-2011 07:10:01 --- INFO: start: 25-10-2011 07:10:01
25-10-2011 07:10:01 --- INFO: ----------Source_Ebay (cli)
25-10-2011 07:10:33 --- INFO: Lexus RX 300 - found: 21, pass primary filters: 3, did not pass the filter by color: 0, added: 3, new vincodes: 0
25-10-2011 07:13:38 --- INFO: Lexus RX 330 - found: 62, pass primary filters: 10, did not pass the filter by color: 4, added: 6, new vincodes: 0
25-10-2011 07:16:45 --- INFO: Lexus RX 400H - found: 52, pass primary filters: 0, did not pass the filter by color: 0, added: 0, new vincodes: 0
25-10-2011 07:18:01 --- INFO: Lexus GX 470 - found: 35, pass primary filters: 7, did not pass the filter by color: 5, added: 2, new vincodes: 0
25-10-2011 07:18:33 --- INFO: Lexus GX 470 - found: 23, pass primary filters: 7, did not pass the filter by color: 7, added: 0, new vincodes: 0
25-10-2011 07:18:43 --- INFO: Lexus LX 470 - found: 7, pass primary filters: 5, did not pass the filter by color: 5, added: 0, new vincodes: 0
25-10-2011 07:18:58 --- INFO: Lexus LX 470 - found: 13, pass primary filters: 5, did not pass the filter by color: 4, added: 1, new vincodes: 0
25-10-2011 07:19:02 --- INFO: Toyota Land Cruiser - found: 2, pass primary filters: 2, did not pass the filter by color: 2, added: 0, new vincodes: 0
25-10-2011 07:19:19 --- INFO: Honda CR-V - found: 14, pass primary filters: 0, did not pass the filter by color: 0, added: 0, new vincodes: 0
25-10-2011 07:21:43 --- INFO: Honda CR-V - found: 66, pass primary filters: 4, did not pass the filter by color: 0, added: 4, new vincodes: 0
25-10-2011 07:21:48 --- INFO: Mitsubishi Montero 4WD Limited - found: 4, pass primary filters: 1, did not pass the filter by color: 1, added: 0, new vincodes: 0
25-10-2011 07:24:02 --- INFO: Toyota 4RUNNER 4WD Limited - found: 64, pass primary filters: 36, did not pass the filter by color: 26, added: 10, new vincodes: 0
25-10-2011 07:24:14 --- INFO: Toyota RAV 4 - found: 9, pass primary filters: 6, did not pass the filter by color: 4, added: 2, new vincodes: 0
25-10-2011 07:24:34 --- INFO: Toyota Highlander 4WD - found: 18, pass primary filters: 0, did not pass the filter by color: 0, added: 0, new vincodes: 0
25-10-2011 07:26:58 --- INFO: Subaru Forester - found: 59, pass primary filters: 6, did not pass the filter by color: 0, added: 6, new vincodes: 0
25-10-2011 07:28:29 --- INFO: Nissan Rogue - found: 48, pass primary filters: 0, did not pass the filter by color: 0, added: 0, new vincodes: 0
25-10-2011 07:28:56 --- INFO: Toyota Highlander - found: 18, pass primary filters: 6, did not pass the filter by color: 6, added: 0, new vincodes: 0
25-10-2011 07:29:20 --- INFO: Acura MDX - found: 18, pass primary filters: 0, did not pass the filter by color: 0, added: 0, new vincodes: 0
25-10-2011 07:29:20 --- INFO: finish: 25-10-2011 07:29:20
25-10-2011 07:29:20 --- INFO: elapsed time: ~1159.07 sec., memory usage: ~2.71 Mb.
25-10-2011 08:10:01 --- INFO: start: 25-10-2011 08:10:01
25-10-2011 08:10:01 --- INFO: ----------Source_Adesa (cli)
25-10-2011 08:10:03 --- ERROR: Unauthorized request
25-10-2011 08:10:03 --- INFO: finish: 25-10-2011 08:10:03
25-10-2011 08:10:03 --- INFO: elapsed time: ~1.75 sec., memory usage: ~1.31 Mb.
25-10-2011 08:10:01 --- INFO: start: 25-10-2011 08:10:01
25-10-2011 08:10:01 --- INFO: ----------Source_Gsmotors (cli)
25-10-2011 08:10:54 --- INFO: Lexus RX 300 - found: 80, pass primary filters: 37, did not pass the filter by color: 13, added: 24, new vincodes: 0
25-10-2011 08:12:40 --- INFO: Lexus RX 330 - found: 161, pass primary filters: 34, did not pass the filter by color: 9, added: 25, new vincodes: 0
25-10-2011 08:13:18 --- INFO: Lexus RX 400H - found: 40, pass primary filters: 4, did not pass the filter by color: 1, added: 3, new vincodes: 0
25-10-2011 08:14:17 --- INFO: Lexus GX 470 - found: 69, pass primary filters: 36, did not pass the filter by color: 30, added: 6, new vincodes: 0
25-10-2011 08:15:18 --- INFO: Lexus GX 470 - found: 59, pass primary filters: 40, did not pass the filter by color: 33, added: 7, new vincodes: 0
25-10-2011 08:15:34 --- INFO: Lexus LX 470 - found: 14, pass primary filters: 9, did not pass the filter by color: 9, added: 0, new vincodes: 0
25-10-2011 08:16:01 --- INFO: Lexus LX 470 - found: 24, pass primary filters: 17, did not pass the filter by color: 15, added: 2, new vincodes: 0
25-10-2011 08:16:12 --- INFO: Toyota Land Cruiser - found: 10, pass primary filters: 9, did not pass the filter by color: 8, added: 1, new vincodes: 0
25-10-2011 08:17:02 --- INFO: Honda CR-V - found: 62, pass primary filters: 4, did not pass the filter by color: 0, added: 4, new vincodes: 0
25-10-2011 08:20:06 --- INFO: Honda CR-V - found: 205, pass primary filters: 9, did not pass the filter by color: 0, added: 9, new vincodes: 0
25-10-2011 08:20:58 --- INFO: Mitsubishi Montero 4WD Limited - found: 76, pass primary filters: 11, did not pass the filter by color: 11, added: 0, new vincodes: 0
25-10-2011 08:22:50 --- INFO: Toyota 4RUNNER 4WD Limited - found: 188, pass primary filters: 54, did not pass the filter by color: 29, added: 25, new vincodes: 0
25-10-2011 08:23:41 --- INFO: Toyota RAV 4 - found: 82, pass primary filters: 35, did not pass the filter by color: 24, added: 11, new vincodes: 0
25-10-2011 08:24:49 --- INFO: Toyota Highlander 4WD - found: 104, pass primary filters: 1, did not pass the filter by color: 0, added: 1, new vincodes: 0
25-10-2011 08:26:56 --- INFO: Subaru Forester - found: 171, pass primary filters: 37, did not pass the filter by color: 0, added: 37, new vincodes: 0
25-10-2011 08:30:49 --- INFO: Nissan Rogue - found: 246, pass primary filters: 18, did not pass the filter by color: 0, added: 18, new vincodes: 0
25-10-2011 08:31:57 --- INFO: Toyota Highlander - found: 104, pass primary filters: 43, did not pass the filter by color: 34, added: 9, new vincodes: 0
25-10-2011 08:32:53 --- INFO: Acura MDX - found: 76, pass primary filters: 1, did not pass the filter by color: 0, added: 1, new vincodes: 0
25-10-2011 08:32:53 --- INFO: finish: 25-10-2011 08:32:53
25-10-2011 08:32:53 --- INFO: elapsed time: ~1372.05 sec., memory usage: ~4.85 Mb.
25-10-2011 09:10:01 --- INFO: start: 25-10-2011 09:10:01
25-10-2011 09:10:01 --- INFO: ----------Source_Adesa (cli)
25-10-2011 09:10:03 --- ERROR: Unauthorized request
25-10-2011 09:10:03 --- INFO: finish: 25-10-2011 09:10:03
25-10-2011 09:10:03 --- INFO: elapsed time: ~1.55 sec., memory usage: ~1.31 Mb.
25-10-2011 09:10:01 --- INFO: start: 25-10-2011 09:10:01
25-10-2011 09:10:01 --- INFO: ----------Source_Gsmotors (cli)
25-10-2011 09:11:13 --- INFO: Lexus RX 300 - found: 80, pass primary filters: 37, did not pass the filter by color: 13, added: 24, new vincodes: 0
25-10-2011 09:13:35 --- INFO: Lexus RX 330 - found: 161, pass primary filters: 34, did not pass the filter by color: 9, added: 25, new vincodes: 0
25-10-2011 09:14:25 --- INFO: Lexus RX 400H - found: 40, pass primary filters: 4, did not pass the filter by color: 1, added: 3, new vincodes: 0
25-10-2011 09:17:14 --- INFO: Lexus GX 470 - found: 69, pass primary filters: 36, did not pass the filter by color: 30, added: 6, new vincodes: 0
25-10-2011 09:18:16 --- INFO: Lexus GX 470 - found: 59, pass primary filters: 40, did not pass the filter by color: 33, added: 7, new vincodes: 0
25-10-2011 09:18:28 --- INFO: Lexus LX 470 - found: 14, pass primary filters: 9, did not pass the filter by color: 9, added: 0, new vincodes: 0
25-10-2011 09:18:57 --- INFO: Lexus LX 470 - found: 24, pass primary filters: 17, did not pass the filter by color: 15, added: 2, new vincodes: 0
25-10-2011 09:19:11 --- INFO: Toyota Land Cruiser - found: 10, pass primary filters: 9, did not pass the filter by color: 8, added: 1, new vincodes: 0
25-10-2011 09:20:06 --- INFO: Honda CR-V - found: 62, pass primary filters: 4, did not pass the filter by color: 0, added: 4, new vincodes: 0
25-10-2011 09:22:56 --- INFO: Honda CR-V - found: 205, pass primary filters: 9, did not pass the filter by color: 0, added: 9, new vincodes: 0
25-10-2011 09:23:48 --- INFO: Mitsubishi Montero 4WD Limited - found: 76, pass primary filters: 11, did not pass the filter by color: 11, added: 0, new vincodes: 0
25-10-2011 09:26:42 --- INFO: Toyota 4RUNNER 4WD Limited - found: 188, pass primary filters: 54, did not pass the filter by color: 29, added: 25, new vincodes: 0
25-10-2011 09:27:40 --- INFO: Toyota RAV 4 - found: 82, pass primary filters: 35, did not pass the filter by color: 24, added: 11, new vincodes: 0
25-10-2011 09:28:43 --- INFO: Toyota Highlander 4WD - found: 104, pass primary filters: 1, did not pass the filter by color: 0, added: 1, new vincodes: 0
25-10-2011 09:30:58 --- INFO: Subaru Forester - found: 171, pass primary filters: 37, did not pass the filter by color: 0, added: 37, new vincodes: 0
25-10-2011 09:33:40 --- INFO: Nissan Rogue - found: 246, pass primary filters: 18, did not pass the filter by color: 0, added: 18, new vincodes: 0
25-10-2011 09:34:35 --- INFO: Toyota Highlander - found: 104, pass primary filters: 43, did not pass the filter by color: 34, added: 9, new vincodes: 0
25-10-2011 09:35:23 --- INFO: Acura MDX - found: 76, pass primary filters: 1, did not pass the filter by color: 0, added: 1, new vincodes: 0
25-10-2011 09:35:23 --- INFO: finish: 25-10-2011 09:35:23
25-10-2011 09:35:23 --- INFO: elapsed time: ~1521.18 sec., memory usage: ~4.84 Mb.
25-10-2011 10:00:01 --- INFO: start: 25-10-2011 10:00:01
25-10-2011 10:00:01 --- INFO: ----------Source_Adesa (cli)
25-10-2011 10:00:03 --- ERROR: Unauthorized request
25-10-2011 10:00:03 --- INFO: finish: 25-10-2011 10:00:03
25-10-2011 10:00:03 --- INFO: elapsed time: ~1.75 sec., memory usage: ~1.31 Mb.
25-10-2011 09:56:32 --- INFO: start: 25-10-2011 09:56:32
25-10-2011 09:56:32 --- INFO: ----------Source_Gsmotors (apache2handler)
25-10-2011 09:57:40 --- INFO: Lexus RX 300 - found: 80, pass primary filters: 37, did not pass the filter by color: 13, added: 24, new vincodes: 0
25-10-2011 10:00:36 --- INFO: Lexus RX 330 - found: 161, pass primary filters: 34, did not pass the filter by color: 2, added: 32, new vincodes: 0
25-10-2011 10:01:21 --- INFO: Lexus RX 400H - found: 40, pass primary filters: 4, did not pass the filter by color: 1, added: 3, new vincodes: 0
25-10-2011 10:02:20 --- INFO: Lexus GX 470 - found: 69, pass primary filters: 36, did not pass the filter by color: 30, added: 6, new vincodes: 0
25-10-2011 10:03:16 --- INFO: Lexus GX 470 - found: 59, pass primary filters: 40, did not pass the filter by color: 33, added: 7, new vincodes: 0
25-10-2011 10:03:29 --- INFO: Lexus LX 470 - found: 14, pass primary filters: 9, did not pass the filter by color: 9, added: 0, new vincodes: 0
25-10-2011 10:03:48 --- INFO: Lexus LX 470 - found: 24, pass primary filters: 17, did not pass the filter by color: 15, added: 2, new vincodes: 0
25-10-2011 10:03:59 --- INFO: Toyota Land Cruiser - found: 10, pass primary filters: 9, did not pass the filter by color: 8, added: 1, new vincodes: 0
25-10-2011 10:04:48 --- INFO: Honda CR-V - found: 62, pass primary filters: 4, did not pass the filter by color: 0, added: 4, new vincodes: 0
25-10-2011 10:07:38 --- INFO: Honda CR-V - found: 205, pass primary filters: 9, did not pass the filter by color: 0, added: 9, new vincodes: 0
25-10-2011 10:08:44 --- INFO: Mitsubishi Montero 4WD Limited - found: 76, pass primary filters: 11, did not pass the filter by color: 11, added: 0, new vincodes: 0
25-10-2011 10:11:49 --- INFO: Toyota 4RUNNER 4WD Limited - found: 188, pass primary filters: 54, did not pass the filter by color: 38, added: 16, new vincodes: 0
25-10-2011 10:13:22 --- INFO: Toyota RAV 4 - found: 82, pass primary filters: 35, did not pass the filter by color: 24, added: 11, new vincodes: 0
25-10-2011 10:15:26 --- INFO: Toyota Highlander 4WD - found: 104, pass primary filters: 1, did not pass the filter by color: 0, added: 1, new vincodes: 0
25-10-2011 10:17:41 --- INFO: Subaru Forester - found: 171, pass primary filters: 37, did not pass the filter by color: 0, added: 37, new vincodes: 0
25-10-2011 10:21:24 --- INFO: Nissan Rogue - found: 246, pass primary filters: 18, did not pass the filter by color: 0, added: 18, new vincodes: 0
25-10-2011 10:22:36 --- INFO: Toyota Highlander - found: 104, pass primary filters: 43, did not pass the filter by color: 34, added: 9, new vincodes: 0
25-10-2011 10:23:55 --- INFO: Acura MDX - found: 76, pass primary filters: 1, did not pass the filter by color: 0, added: 1, new vincodes: 0
25-10-2011 10:23:55 --- INFO: finish: 25-10-2011 10:23:55
25-10-2011 10:23:55 --- INFO: elapsed time: ~1642.48 sec., memory usage: ~4.85 Mb.
25-10-2011 10:00:01 --- INFO: start: 25-10-2011 10:00:01
25-10-2011 10:00:01 --- INFO: ----------Source_Gsmotors (cli)
25-10-2011 10:01:38 --- INFO: Lexus RX 300 - found: 80, pass primary filters: 37, did not pass the filter by color: 13, added: 24, new vincodes: 0
25-10-2011 10:03:33 --- INFO: Lexus RX 330 - found: 161, pass primary filters: 34, did not pass the filter by color: 9, added: 25, new vincodes: 0
25-10-2011 10:03:59 --- INFO: Lexus RX 400H - found: 40, pass primary filters: 4, did not pass the filter by color: 2, added: 2, new vincodes: 0
25-10-2011 10:04:46 --- INFO: Lexus GX 470 - found: 69, pass primary filters: 36, did not pass the filter by color: 31, added: 5, new vincodes: 0
25-10-2011 10:05:25 --- INFO: Lexus GX 470 - found: 59, pass primary filters: 40, did not pass the filter by color: 35, added: 5, new vincodes: 0
25-10-2011 10:05:35 --- INFO: Lexus LX 470 - found: 14, pass primary filters: 9, did not pass the filter by color: 9, added: 0, new vincodes: 0
25-10-2011 10:05:51 --- INFO: Lexus LX 470 - found: 24, pass primary filters: 17, did not pass the filter by color: 16, added: 1, new vincodes: 0
25-10-2011 10:05:59 --- INFO: Toyota Land Cruiser - found: 10, pass primary filters: 9, did not pass the filter by color: 8, added: 1, new vincodes: 0
25-10-2011 10:06:54 --- INFO: Honda CR-V - found: 62, pass primary filters: 4, did not pass the filter by color: 0, added: 4, new vincodes: 0
25-10-2011 10:10:00 --- INFO: Honda CR-V - found: 205, pass primary filters: 9, did not pass the filter by color: 0, added: 9, new vincodes: 0
25-10-2011 10:11:10 --- INFO: Mitsubishi Montero 4WD Limited - found: 76, pass primary filters: 11, did not pass the filter by color: 11, added: 0, new vincodes: 0
25-10-2011 10:14:17 --- INFO: Toyota 4RUNNER 4WD Limited - found: 188, pass primary filters: 54, did not pass the filter by color: 27, added: 27, new vincodes: 0
25-10-2011 10:15:37 --- INFO: Toyota RAV 4 - found: 82, pass primary filters: 35, did not pass the filter by color: 34, added: 1, new vincodes: 0
25-10-2011 10:16:58 --- INFO: Toyota Highlander 4WD - found: 104, pass primary filters: 1, did not pass the filter by color: 1, added: 0, new vincodes: 0
25-10-2011 10:18:50 --- INFO: Subaru Forester - found: 171, pass primary filters: 37, did not pass the filter by color: 0, added: 37, new vincodes: 0
25-10-2011 10:22:21 --- INFO: Nissan Rogue - found: 246, pass primary filters: 18, did not pass the filter by color: 0, added: 18, new vincodes: 0
25-10-2011 10:23:48 --- INFO: Toyota Highlander - found: 104, pass primary filters: 43, did not pass the filter by color: 40, added: 3, new vincodes: 0
25-10-2011 10:25:05 --- INFO: Acura MDX - found: 76, pass primary filters: 1, did not pass the filter by color: 0, added: 1, new vincodes: 0
25-10-2011 10:25:05 --- INFO: finish: 25-10-2011 10:25:05
25-10-2011 10:25:05 --- INFO: elapsed time: ~1503.4 sec., memory usage: ~4.85 Mb.
25-10-2011 11:05:01 --- INFO: start: 25-10-2011 11:05:01
25-10-2011 11:05:01 --- INFO: ----------Source_Openlane (cli)
25-10-2011 11:05:04 --- ERROR: Unauthorized request
25-10-2011 11:05:04 --- INFO: finish: 25-10-2011 11:05:04
25-10-2011 11:05:04 --- INFO: elapsed time: ~3.18 sec., memory usage: ~1.31 Mb.
25-10-2011 11:10:01 --- INFO: start: 25-10-2011 11:10:01
25-10-2011 11:10:01 --- INFO: ----------Source_Adesa (cli)
25-10-2011 11:10:03 --- ERROR: Unauthorized request
25-10-2011 11:10:03 --- INFO: finish: 25-10-2011 11:10:03
25-10-2011 11:10:03 --- INFO: elapsed time: ~1.82 sec., memory usage: ~1.31 Mb.
25-10-2011 11:10:01 --- INFO: start: 25-10-2011 11:10:01
25-10-2011 11:10:01 --- INFO: ----------Source_Ebay (cli)
25-10-2011 11:10:36 --- INFO: Lexus RX 300 - found: 21, pass primary filters: 3, did not pass the filter by color: 0, added: 3, new vincodes: 0
25-10-2011 11:13:49 --- INFO: Lexus RX 330 - found: 61, pass primary filters: 10, did not pass the filter by color: 3, added: 7, new vincodes: 0
25-10-2011 11:15:18 --- INFO: Lexus RX 400H - found: 50, pass primary filters: 1, did not pass the filter by color: 1, added: 0, new vincodes: 0
25-10-2011 11:16:17 --- INFO: Lexus GX 470 - found: 35, pass primary filters: 7, did not pass the filter by color: 5, added: 2, new vincodes: 0
25-10-2011 11:16:50 --- INFO: Lexus GX 470 - found: 21, pass primary filters: 6, did not pass the filter by color: 6, added: 0, new vincodes: 0
25-10-2011 11:17:04 --- INFO: Lexus LX 470 - found: 7, pass primary filters: 5, did not pass the filter by color: 5, added: 0, new vincodes: 0
25-10-2011 11:17:29 --- INFO: Lexus LX 470 - found: 13, pass primary filters: 5, did not pass the filter by color: 4, added: 1, new vincodes: 0
25-10-2011 11:17:35 --- INFO: Toyota Land Cruiser - found: 2, pass primary filters: 2, did not pass the filter by color: 2, added: 0, new vincodes: 0
25-10-2011 11:17:58 --- INFO: Honda CR-V - found: 14, pass primary filters: 0, did not pass the filter by color: 0, added: 0, new vincodes: 0
25-10-2011 11:21:15 --- INFO: Honda CR-V - found: 69, pass primary filters: 6, did not pass the filter by color: 0, added: 6, new vincodes: 1
25-10-2011 11:21:21 --- INFO: Mitsubishi Montero 4WD Limited - found: 4, pass primary filters: 1, did not pass the filter by color: 1, added: 0, new vincodes: 0
25-10-2011 11:23:27 --- INFO: Toyota 4RUNNER 4WD Limited - found: 65, pass primary filters: 36, did not pass the filter by color: 27, added: 9, new vincodes: 0
25-10-2011 11:23:38 --- INFO: Toyota RAV 4 - found: 9, pass primary filters: 6, did not pass the filter by color: 4, added: 2, new vincodes: 0
25-10-2011 11:23:58 --- INFO: Toyota Highlander 4WD - found: 19, pass primary filters: 0, did not pass the filter by color: 0, added: 0, new vincodes: 0
25-10-2011 11:27:00 --- INFO: Subaru Forester - found: 59, pass primary filters: 6, did not pass the filter by color: 0, added: 6, new vincodes: 0
25-10-2011 11:28:09 --- INFO: Nissan Rogue - found: 47, pass primary filters: 0, did not pass the filter by color: 0, added: 0, new vincodes: 0
25-10-2011 11:28:28 --- INFO: Toyota Highlander - found: 19, pass primary filters: 7, did not pass the filter by color: 7, added: 0, new vincodes: 0
25-10-2011 11:28:46 --- INFO: Acura MDX - found: 18, pass primary filters: 0, did not pass the filter by color: 0, added: 0, new vincodes: 0
25-10-2011 11:28:46 --- INFO: finish: 25-10-2011 11:28:46
25-10-2011 11:28:46 --- INFO: elapsed time: ~1124.5 sec., memory usage: ~2.74 Mb.
25-10-2011 11:10:01 --- INFO: start: 25-10-2011 11:10:01
25-10-2011 11:10:01 --- INFO: ----------Source_Gsmotors (cli)
25-10-2011 11:12:08 --- INFO: Lexus RX 300 - found: 91, pass primary filters: 36, did not pass the filter by color: 14, added: 22, new vincodes: 0
25-10-2011 11:16:06 --- INFO: Lexus RX 330 - found: 181, pass primary filters: 37, did not pass the filter by color: 13, added: 24, new vincodes: 2
25-10-2011 11:17:19 --- INFO: Lexus RX 400H - found: 51, pass primary filters: 6, did not pass the filter by color: 2, added: 4, new vincodes: 0
25-10-2011 11:19:12 --- INFO: Lexus GX 470 - found: 73, pass primary filters: 36, did not pass the filter by color: 30, added: 6, new vincodes: 0
25-10-2011 11:20:59 --- INFO: Lexus GX 470 - found: 70, pass primary filters: 47, did not pass the filter by color: 39, added: 8, new vincodes: 3
25-10-2011 11:21:21 --- INFO: Lexus LX 470 - found: 16, pass primary filters: 9, did not pass the filter by color: 8, added: 1, new vincodes: 1
25-10-2011 11:21:52 --- INFO: Lexus LX 470 - found: 28, pass primary filters: 19, did not pass the filter by color: 17, added: 2, new vincodes: 3
25-10-2011 11:22:11 --- INFO: Toyota Land Cruiser - found: 11, pass primary filters: 10, did not pass the filter by color: 9, added: 1, new vincodes: 1
25-10-2011 11:23:25 --- INFO: Honda CR-V - found: 59, pass primary filters: 3, did not pass the filter by color: 0, added: 3, new vincodes: 1
25-10-2011 11:29:58 --- INFO: Honda CR-V - found: 220, pass primary filters: 8, did not pass the filter by color: 0, added: 8, new vincodes: 0
25-10-2011 11:32:01 --- INFO: Mitsubishi Montero 4WD Limited - found: 77, pass primary filters: 10, did not pass the filter by color: 10, added: 0, new vincodes: 0
25-10-2011 11:36:55 --- INFO: Toyota 4RUNNER 4WD Limited - found: 207, pass primary filters: 64, did not pass the filter by color: 36, added: 28, new vincodes: 8
25-10-2011 11:38:33 --- INFO: Toyota RAV 4 - found: 77, pass primary filters: 34, did not pass the filter by color: 27, added: 7, new vincodes: 2
25-10-2011 11:40:52 --- INFO: Toyota Highlander 4WD - found: 101, pass primary filters: 2, did not pass the filter by color: 1, added: 1, new vincodes: 1
25-10-2011 11:46:32 --- INFO: Subaru Forester - found: 186, pass primary filters: 39, did not pass the filter by color: 0, added: 39, new vincodes: 0
25-10-2011 11:53:46 --- INFO: Nissan Rogue - found: 222, pass primary filters: 15, did not pass the filter by color: 0, added: 15, new vincodes: 1
25-10-2011 11:55:01 --- INFO: Toyota Highlander - found: 101, pass primary filters: 39, did not pass the filter by color: 31, added: 8, new vincodes: 2
25-10-2011 11:57:07 --- INFO: Acura MDX - found: 81, pass primary filters: 2, did not pass the filter by color: 0, added: 2, new vincodes: 0
25-10-2011 11:57:07 --- INFO: finish: 25-10-2011 11:57:07
25-10-2011 11:57:07 --- INFO: elapsed time: ~2825.76 sec., memory usage: ~5.1 Mb.
25-10-2011 12:20:01 --- INFO: start: 25-10-2011 12:20:01
25-10-2011 12:20:01 --- INFO: ----------Source_Adesa (cli)
25-10-2011 12:20:03 --- ERROR: Unauthorized request
25-10-2011 12:20:03 --- INFO: finish: 25-10-2011 12:20:03
25-10-2011 12:20:03 --- INFO: elapsed time: ~1.74 sec., memory usage: ~1.31 Mb.
25-10-2011 12:20:01 --- INFO: start: 25-10-2011 12:20:01
25-10-2011 12:20:01 --- INFO: ----------Source_Gsmotors (cli)
25-10-2011 12:21:12 --- INFO: Lexus RX 300 - found: 91, pass primary filters: 36, did not pass the filter by color: 14, added: 22, new vincodes: 0
25-10-2011 12:23:21 --- INFO: Lexus RX 330 - found: 181, pass primary filters: 37, did not pass the filter by color: 13, added: 24, new vincodes: 0
25-10-2011 12:24:03 --- INFO: Lexus RX 400H - found: 51, pass primary filters: 6, did not pass the filter by color: 2, added: 4, new vincodes: 0
25-10-2011 12:25:01 --- INFO: Lexus GX 470 - found: 73, pass primary filters: 36, did not pass the filter by color: 30, added: 6, new vincodes: 0
25-10-2011 12:25:54 --- INFO: Lexus GX 470 - found: 70, pass primary filters: 47, did not pass the filter by color: 39, added: 8, new vincodes: 0
25-10-2011 12:26:13 --- INFO: Lexus LX 470 - found: 16, pass primary filters: 9, did not pass the filter by color: 8, added: 1, new vincodes: 0
25-10-2011 12:26:40 --- INFO: Lexus LX 470 - found: 28, pass primary filters: 19, did not pass the filter by color: 17, added: 2, new vincodes: 0
25-10-2011 12:26:51 --- INFO: Toyota Land Cruiser - found: 11, pass primary filters: 10, did not pass the filter by color: 9, added: 1, new vincodes: 0
25-10-2011 12:27:37 --- INFO: Honda CR-V - found: 59, pass primary filters: 3, did not pass the filter by color: 0, added: 3, new vincodes: 0
25-10-2011 12:30:27 --- INFO: Honda CR-V - found: 220, pass primary filters: 8, did not pass the filter by color: 0, added: 8, new vincodes: 0
25-10-2011 12:31:19 --- INFO: Mitsubishi Montero 4WD Limited - found: 77, pass primary filters: 10, did not pass the filter by color: 10, added: 0, new vincodes: 0
25-10-2011 12:33:45 --- INFO: Toyota 4RUNNER 4WD Limited - found: 207, pass primary filters: 64, did not pass the filter by color: 36, added: 28, new vincodes: 0
25-10-2011 12:34:58 --- INFO: Toyota RAV 4 - found: 77, pass primary filters: 34, did not pass the filter by color: 27, added: 7, new vincodes: 0
25-10-2011 12:36:06 --- INFO: Toyota Highlander 4WD - found: 101, pass primary filters: 2, did not pass the filter by color: 1, added: 1, new vincodes: 0
25-10-2011 12:38:19 --- INFO: Subaru Forester - found: 186, pass primary filters: 39, did not pass the filter by color: 0, added: 39, new vincodes: 0
25-10-2011 12:41:26 --- INFO: Nissan Rogue - found: 222, pass primary filters: 15, did not pass the filter by color: 0, added: 15, new vincodes: 0
25-10-2011 12:42:23 --- INFO: Toyota Highlander - found: 101, pass primary filters: 39, did not pass the filter by color: 31, added: 8, new vincodes: 0
25-10-2011 12:43:15 --- INFO: Acura MDX - found: 81, pass primary filters: 2, did not pass the filter by color: 0, added: 2, new vincodes: 0
25-10-2011 12:43:15 --- INFO: finish: 25-10-2011 12:43:15
25-10-2011 12:43:15 --- INFO: elapsed time: ~1394.08 sec., memory usage: ~4.97 Mb.
25-10-2011 13:20:01 --- INFO: start: 25-10-2011 13:20:01
25-10-2011 13:20:02 --- INFO: ----------Source_Adesa (cli)
25-10-2011 13:20:03 --- ERROR: Unauthorized request
25-10-2011 13:20:03 --- INFO: finish: 25-10-2011 13:20:03
25-10-2011 13:20:03 --- INFO: elapsed time: ~1.72 sec., memory usage: ~1.31 Mb.
25-10-2011 13:20:01 --- INFO: start: 25-10-2011 13:20:01
25-10-2011 13:20:02 --- INFO: ----------Source_Gsmotors (cli)
25-10-2011 13:20:53 --- INFO: Lexus RX 300 - found: 91, pass primary filters: 36, did not pass the filter by color: 14, added: 22, new vincodes: 0
25-10-2011 13:22:57 --- INFO: Lexus RX 330 - found: 181, pass primary filters: 37, did not pass the filter by color: 13, added: 24, new vincodes: 0
25-10-2011 13:23:28 --- INFO: Lexus RX 400H - found: 51, pass primary filters: 6, did not pass the filter by color: 2, added: 4, new vincodes: 0
25-10-2011 13:24:19 --- INFO: Lexus GX 470 - found: 73, pass primary filters: 36, did not pass the filter by color: 30, added: 6, new vincodes: 0
25-10-2011 13:25:03 --- INFO: Lexus GX 470 - found: 70, pass primary filters: 47, did not pass the filter by color: 39, added: 8, new vincodes: 0
25-10-2011 13:25:15 --- INFO: Lexus LX 470 - found: 16, pass primary filters: 9, did not pass the filter by color: 8, added: 1, new vincodes: 0
25-10-2011 13:25:38 --- INFO: Lexus LX 470 - found: 28, pass primary filters: 19, did not pass the filter by color: 17, added: 2, new vincodes: 0
25-10-2011 13:25:47 --- INFO: Toyota Land Cruiser - found: 11, pass primary filters: 10, did not pass the filter by color: 9, added: 1, new vincodes: 0
25-10-2011 13:26:24 --- INFO: Honda CR-V - found: 59, pass primary filters: 3, did not pass the filter by color: 0, added: 3, new vincodes: 0
25-10-2011 13:28:39 --- INFO: Honda CR-V - found: 220, pass primary filters: 8, did not pass the filter by color: 0, added: 8, new vincodes: 0
25-10-2011 13:29:52 --- INFO: Mitsubishi Montero 4WD Limited - found: 77, pass primary filters: 10, did not pass the filter by color: 10, added: 0, new vincodes: 0
25-10-2011 13:32:01 --- INFO: Toyota 4RUNNER 4WD Limited - found: 207, pass primary filters: 64, did not pass the filter by color: 36, added: 28, new vincodes: 0
25-10-2011 13:32:56 --- INFO: Toyota RAV 4 - found: 77, pass primary filters: 34, did not pass the filter by color: 27, added: 7, new vincodes: 0
25-10-2011 13:34:15 --- INFO: Toyota Highlander 4WD - found: 101, pass primary filters: 2, did not pass the filter by color: 1, added: 1, new vincodes: 0
25-10-2011 13:36:16 --- INFO: Subaru Forester - found: 186, pass primary filters: 39, did not pass the filter by color: 0, added: 39, new vincodes: 0
25-10-2011 13:40:09 --- INFO: Nissan Rogue - found: 222, pass primary filters: 15, did not pass the filter by color: 0, added: 15, new vincodes: 0
25-10-2011 13:41:05 --- INFO: Toyota Highlander - found: 101, pass primary filters: 39, did not pass the filter by color: 31, added: 8, new vincodes: 0
25-10-2011 13:41:51 --- INFO: Acura MDX - found: 81, pass primary filters: 2, did not pass the filter by color: 0, added: 2, new vincodes: 0
25-10-2011 13:41:51 --- INFO: finish: 25-10-2011 13:41:51
25-10-2011 13:41:51 --- INFO: elapsed time: ~1309.6 sec., memory usage: ~4.97 Mb.
25-10-2011 15:05:01 --- INFO: start: 25-10-2011 15:05:01
25-10-2011 15:05:01 --- INFO: ----------Source_Openlane (cli)
25-10-2011 15:05:04 --- ERROR: Unauthorized request
25-10-2011 15:05:04 --- INFO: finish: 25-10-2011 15:05:04
25-10-2011 15:05:04 --- INFO: elapsed time: ~3.23 sec., memory usage: ~1.31 Mb.
25-10-2011 15:10:01 --- INFO: start: 25-10-2011 15:10:01
25-10-2011 15:10:01 --- INFO: ----------Source_Ebay (cli)
25-10-2011 15:10:36 --- INFO: Lexus RX 300 - found: 22, pass primary filters: 3, did not pass the filter by color: 0, added: 3, new vincodes: 0
25-10-2011 15:14:01 --- INFO: Lexus RX 330 - found: 62, pass primary filters: 10, did not pass the filter by color: 5, added: 5, new vincodes: 0
25-10-2011 15:15:25 --- INFO: Lexus RX 400H - found: 49, pass primary filters: 1, did not pass the filter by color: 1, added: 0, new vincodes: 0
25-10-2011 15:16:29 --- INFO: Lexus GX 470 - found: 36, pass primary filters: 7, did not pass the filter by color: 5, added: 2, new vincodes: 0
25-10-2011 15:16:59 --- INFO: Lexus GX 470 - found: 21, pass primary filters: 6, did not pass the filter by color: 6, added: 0, new vincodes: 0
25-10-2011 15:17:14 --- INFO: Lexus LX 470 - found: 8, pass primary filters: 5, did not pass the filter by color: 5, added: 0, new vincodes: 0
25-10-2011 15:17:35 --- INFO: Lexus LX 470 - found: 13, pass primary filters: 5, did not pass the filter by color: 4, added: 1, new vincodes: 0
25-10-2011 15:17:40 --- INFO: Toyota Land Cruiser - found: 2, pass primary filters: 2, did not pass the filter by color: 2, added: 0, new vincodes: 0
25-10-2011 15:18:07 --- INFO: Honda CR-V - found: 15, pass primary filters: 0, did not pass the filter by color: 0, added: 0, new vincodes: 0
25-10-2011 15:21:58 --- INFO: Honda CR-V - found: 68, pass primary filters: 6, did not pass the filter by color: 0, added: 6, new vincodes: 0
25-10-2011 15:22:07 --- INFO: Mitsubishi Montero 4WD Limited - found: 4, pass primary filters: 1, did not pass the filter by color: 1, added: 0, new vincodes: 0
25-10-2011 15:25:24 --- INFO: Toyota 4RUNNER 4WD Limited - found: 69, pass primary filters: 38, did not pass the filter by color: 28, added: 10, new vincodes: 0
25-10-2011 15:25:41 --- INFO: Toyota RAV 4 - found: 10, pass primary filters: 7, did not pass the filter by color: 5, added: 2, new vincodes: 1
25-10-2011 15:26:06 --- INFO: Toyota Highlander 4WD - found: 16, pass primary filters: 0, did not pass the filter by color: 0, added: 0, new vincodes: 0
25-10-2011 15:29:15 --- INFO: Subaru Forester - found: 57, pass primary filters: 6, did not pass the filter by color: 0, added: 6, new vincodes: 0
25-10-2011 15:30:33 --- INFO: Nissan Rogue - found: 47, pass primary filters: 0, did not pass the filter by color: 0, added: 0, new vincodes: 0
25-10-2011 15:30:49 --- INFO: Toyota Highlander - found: 16, pass primary filters: 6, did not pass the filter by color: 6, added: 0, new vincodes: 0
25-10-2011 15:31:06 --- INFO: Acura MDX - found: 17, pass primary filters: 0, did not pass the filter by color: 0, added: 0, new vincodes: 0
25-10-2011 15:31:06 --- INFO: finish: 25-10-2011 15:31:06
25-10-2011 15:31:06 --- INFO: elapsed time: ~1265.79 sec., memory usage: ~2.78 Mb.
25-10-2011 16:10:01 --- INFO: start: 25-10-2011 16:10:01
25-10-2011 16:10:01 --- INFO: ----------Source_Adesa (cli)
25-10-2011 16:10:02 --- ERROR: Unauthorized request
25-10-2011 16:10:02 --- INFO: finish: 25-10-2011 16:10:02
25-10-2011 16:10:02 --- INFO: elapsed time: ~1.72 sec., memory usage: ~1.31 Mb.
25-10-2011 16:10:01 --- INFO: start: 25-10-2011 16:10:01
25-10-2011 16:10:01 --- INFO: ----------Source_Gsmotors (cli)
25-10-2011 16:12:27 --- INFO: Lexus RX 300 - found: 104, pass primary filters: 35, did not pass the filter by color: 14, added: 21, new vincodes: 2
25-10-2011 16:17:26 --- INFO: Lexus RX 330 - found: 210, pass primary filters: 43, did not pass the filter by color: 14, added: 29, new vincodes: 5
25-10-2011 16:18:32 --- INFO: Lexus RX 400H - found: 60, pass primary filters: 7, did not pass the filter by color: 3, added: 4, new vincodes: 1
25-10-2011 16:20:46 --- INFO: Lexus GX 470 - found: 88, pass primary filters: 42, did not pass the filter by color: 34, added: 8, new vincodes: 5
25-10-2011 16:22:38 --- INFO: Lexus GX 470 - found: 76, pass primary filters: 45, did not pass the filter by color: 37, added: 8, new vincodes: 3
25-10-2011 16:23:01 --- INFO: Lexus LX 470 - found: 20, pass primary filters: 11, did not pass the filter by color: 10, added: 1, new vincodes: 1
25-10-2011 16:23:32 --- INFO: Lexus LX 470 - found: 32, pass primary filters: 20, did not pass the filter by color: 18, added: 2, new vincodes: 1
25-10-2011 16:23:51 --- INFO: Toyota Land Cruiser - found: 12, pass primary filters: 10, did not pass the filter by color: 9, added: 1, new vincodes: 0
25-10-2011 16:25:31 --- INFO: Honda CR-V - found: 68, pass primary filters: 3, did not pass the filter by color: 0, added: 3, new vincodes: 1
25-10-2011 16:32:02 --- INFO: Honda CR-V - found: 242, pass primary filters: 8, did not pass the filter by color: 0, added: 8, new vincodes: 0
25-10-2011 16:33:48 --- INFO: Mitsubishi Montero 4WD Limited - found: 75, pass primary filters: 12, did not pass the filter by color: 12, added: 0, new vincodes: 0
25-10-2011 16:39:07 --- INFO: Toyota 4RUNNER 4WD Limited - found: 231, pass primary filters: 71, did not pass the filter by color: 40, added: 31, new vincodes: 4
25-10-2011 16:41:13 --- INFO: Toyota RAV 4 - found: 95, pass primary filters: 38, did not pass the filter by color: 30, added: 8, new vincodes: 3
25-10-2011 16:43:44 --- INFO: Toyota Highlander 4WD - found: 119, pass primary filters: 2, did not pass the filter by color: 1, added: 1, new vincodes: 0
25-10-2011 16:49:43 --- INFO: Subaru Forester - found: 206, pass primary filters: 39, did not pass the filter by color: 0, added: 39, new vincodes: 0
25-10-2011 16:57:22 --- INFO: Nissan Rogue - found: 246, pass primary filters: 17, did not pass the filter by color: 0, added: 17, new vincodes: 1
25-10-2011 16:58:37 --- INFO: Toyota Highlander - found: 119, pass primary filters: 43, did not pass the filter by color: 35, added: 8, new vincodes: 3
25-10-2011 17:01:10 --- INFO: Acura MDX - found: 98, pass primary filters: 2, did not pass the filter by color: 0, added: 2, new vincodes: 0
25-10-2011 17:01:10 --- INFO: finish: 25-10-2011 17:01:10
25-10-2011 17:01:10 --- INFO: elapsed time: ~3069.25 sec., memory usage: ~5.33 Mb.
25-10-2011 18:10:01 --- INFO: start: 25-10-2011 18:10:01
25-10-2011 18:10:01 --- INFO: ----------Source_Adesa (cli)
25-10-2011 18:10:03 --- ERROR: Unauthorized request
25-10-2011 18:10:03 --- INFO: finish: 25-10-2011 18:10:03
25-10-2011 18:10:03 --- INFO: elapsed time: ~1.76 sec., memory usage: ~1.31 Mb.
25-10-2011 18:10:01 --- INFO: start: 25-10-2011 18:10:01
25-10-2011 18:10:01 --- INFO: ----------Source_Gsmotors (cli)
25-10-2011 18:11:02 --- INFO: Lexus RX 300 - found: 104, pass primary filters: 35, did not pass the filter by color: 14, added: 21, new vincodes: 0
25-10-2011 18:13:18 --- INFO: Lexus RX 330 - found: 210, pass primary filters: 43, did not pass the filter by color: 14, added: 29, new vincodes: 0
25-10-2011 18:13:56 --- INFO: Lexus RX 400H - found: 60, pass primary filters: 7, did not pass the filter by color: 3, added: 4, new vincodes: 0
25-10-2011 18:15:03 --- INFO: Lexus GX 470 - found: 88, pass primary filters: 42, did not pass the filter by color: 34, added: 8, new vincodes: 0
25-10-2011 18:15:50 --- INFO: Lexus GX 470 - found: 76, pass primary filters: 45, did not pass the filter by color: 37, added: 8, new vincodes: 0
25-10-2011 18:16:08 --- INFO: Lexus LX 470 - found: 20, pass primary filters: 11, did not pass the filter by color: 10, added: 1, new vincodes: 0
25-10-2011 18:16:40 --- INFO: Lexus LX 470 - found: 32, pass primary filters: 20, did not pass the filter by color: 18, added: 2, new vincodes: 0
25-10-2011 18:16:51 --- INFO: Toyota Land Cruiser - found: 12, pass primary filters: 10, did not pass the filter by color: 9, added: 1, new vincodes: 0
25-10-2011 18:17:31 --- INFO: Honda CR-V - found: 68, pass primary filters: 3, did not pass the filter by color: 0, added: 3, new vincodes: 0
25-10-2011 18:20:01 --- INFO: Honda CR-V - found: 242, pass primary filters: 8, did not pass the filter by color: 0, added: 8, new vincodes: 0
25-10-2011 18:20:43 --- INFO: Mitsubishi Montero 4WD Limited - found: 75, pass primary filters: 12, did not pass the filter by color: 12, added: 0, new vincodes: 0
25-10-2011 18:23:21 --- INFO: Toyota 4RUNNER 4WD Limited - found: 231, pass primary filters: 71, did not pass the filter by color: 40, added: 31, new vincodes: 0
25-10-2011 18:24:31 --- INFO: Toyota RAV 4 - found: 95, pass primary filters: 38, did not pass the filter by color: 30, added: 8, new vincodes: 0
25-10-2011 18:25:43 --- INFO: Toyota Highlander 4WD - found: 119, pass primary filters: 2, did not pass the filter by color: 1, added: 1, new vincodes: 0
25-10-2011 18:27:51 --- INFO: Subaru Forester - found: 206, pass primary filters: 39, did not pass the filter by color: 0, added: 39, new vincodes: 0
25-10-2011 18:30:47 --- INFO: Nissan Rogue - found: 246, pass primary filters: 17, did not pass the filter by color: 0, added: 17, new vincodes: 0
25-10-2011 18:32:12 --- INFO: Toyota Highlander - found: 119, pass primary filters: 43, did not pass the filter by color: 35, added: 8, new vincodes: 0
25-10-2011 18:33:34 --- INFO: Acura MDX - found: 98, pass primary filters: 2, did not pass the filter by color: 0, added: 2, new vincodes: 0
25-10-2011 18:33:34 --- INFO: finish: 25-10-2011 18:33:34
25-10-2011 18:33:34 --- INFO: elapsed time: ~1413.1 sec., memory usage: ~5.21 Mb.
25-10-2011 19:05:01 --- INFO: start: 25-10-2011 19:05:01
25-10-2011 19:05:01 --- INFO: ----------Source_Openlane (cli)
25-10-2011 19:05:08 --- ERROR: Unauthorized request
25-10-2011 19:05:08 --- INFO: finish: 25-10-2011 19:05:08
25-10-2011 19:05:08 --- INFO: elapsed time: ~7.61 sec., memory usage: ~1.31 Mb.
25-10-2011 19:10:01 --- INFO: start: 25-10-2011 19:10:01
25-10-2011 19:10:01 --- INFO: ----------Source_Ebay (cli)
25-10-2011 19:10:42 --- INFO: Lexus RX 300 - found: 22, pass primary filters: 3, did not pass the filter by color: 0, added: 3, new vincodes: 0
25-10-2011 19:14:13 --- INFO: Lexus RX 330 - found: 63, pass primary filters: 10, did not pass the filter by color: 5, added: 5, new vincodes: 0
25-10-2011 19:15:49 --- INFO: Lexus RX 400H - found: 49, pass primary filters: 1, did not pass the filter by color: 1, added: 0, new vincodes: 0
25-10-2011 19:17:27 --- INFO: Lexus GX 470 - found: 37, pass primary filters: 7, did not pass the filter by color: 5, added: 2, new vincodes: 0
25-10-2011 19:18:35 --- INFO: Lexus GX 470 - found: 21, pass primary filters: 6, did not pass the filter by color: 6, added: 0, new vincodes: 0
25-10-2011 19:19:10 --- INFO: Lexus LX 470 - found: 7, pass primary filters: 4, did not pass the filter by color: 4, added: 0, new vincodes: 0
25-10-2011 19:19:48 --- INFO: Lexus LX 470 - found: 13, pass primary filters: 6, did not pass the filter by color: 5, added: 1, new vincodes: 0
25-10-2011 19:20:00 --- INFO: Toyota Land Cruiser - found: 2, pass primary filters: 2, did not pass the filter by color: 2, added: 0, new vincodes: 0
25-10-2011 19:20:58 --- INFO: Honda CR-V - found: 16, pass primary filters: 0, did not pass the filter by color: 0, added: 0, new vincodes: 0
25-10-2011 19:25:54 --- INFO: Honda CR-V - found: 70, pass primary filters: 6, did not pass the filter by color: 0, added: 6, new vincodes: 0
25-10-2011 19:26:02 --- INFO: Mitsubishi Montero 4WD Limited - found: 4, pass primary filters: 1, did not pass the filter by color: 1, added: 0, new vincodes: 0
25-10-2011 19:29:14 --- INFO: Toyota 4RUNNER 4WD Limited - found: 70, pass primary filters: 38, did not pass the filter by color: 28, added: 10, new vincodes: 0
25-10-2011 19:29:29 --- INFO: Toyota RAV 4 - found: 10, pass primary filters: 7, did not pass the filter by color: 5, added: 2, new vincodes: 0
25-10-2011 19:29:51 --- INFO: Toyota Highlander 4WD - found: 16, pass primary filters: 0, did not pass the filter by color: 0, added: 0, new vincodes: 0
25-10-2011 19:32:58 --- INFO: Subaru Forester - found: 56, pass primary filters: 6, did not pass the filter by color: 0, added: 6, new vincodes: 0
25-10-2011 19:34:21 --- INFO: Nissan Rogue - found: 50, pass primary filters: 0, did not pass the filter by color: 0, added: 0, new vincodes: 0
25-10-2011 19:34:54 --- INFO: Toyota Highlander - found: 16, pass primary filters: 6, did not pass the filter by color: 6, added: 0, new vincodes: 0
25-10-2011 19:35:24 --- INFO: Acura MDX - found: 17, pass primary filters: 0, did not pass the filter by color: 0, added: 0, new vincodes: 0
25-10-2011 19:35:24 --- INFO: finish: 25-10-2011 19:35:24
25-10-2011 19:35:24 --- INFO: elapsed time: ~1522.97 sec., memory usage: ~2.75 Mb.
25-10-2011 23:05:01 --- INFO: start: 25-10-2011 23:05:01
25-10-2011 23:05:01 --- INFO: ----------Source_Openlane (cli)
25-10-2011 23:05:21 --- ERROR: Unauthorized request
25-10-2011 23:05:21 --- INFO: finish: 25-10-2011 23:05:21
25-10-2011 23:05:21 --- INFO: elapsed time: ~19.7 sec., memory usage: ~1.31 Mb.
25-10-2011 23:10:01 --- INFO: start: 25-10-2011 23:10:01
25-10-2011 23:10:01 --- INFO: ----------Source_Ebay (cli)
25-10-2011 23:10:25 --- INFO: Lexus RX 300 - found: 20, pass primary filters: 3, did not pass the filter by color: 0, added: 3, new vincodes: 0
25-10-2011 23:12:37 --- INFO: Lexus RX 330 - found: 65, pass primary filters: 10, did not pass the filter by color: 4, added: 6, new vincodes: 0
25-10-2011 23:13:31 --- INFO: Lexus RX 400H - found: 50, pass primary filters: 1, did not pass the filter by color: 1, added: 0, new vincodes: 0
25-10-2011 23:14:12 --- INFO: Lexus GX 470 - found: 37, pass primary filters: 7, did not pass the filter by color: 5, added: 2, new vincodes: 0
25-10-2011 23:14:35 --- INFO: Lexus GX 470 - found: 21, pass primary filters: 6, did not pass the filter by color: 6, added: 0, new vincodes: 0
25-10-2011 23:14:46 --- INFO: Lexus LX 470 - found: 7, pass primary filters: 4, did not pass the filter by color: 4, added: 0, new vincodes: 0
25-10-2011 23:15:00 --- INFO: Lexus LX 470 - found: 13, pass primary filters: 6, did not pass the filter by color: 5, added: 1, new vincodes: 0
25-10-2011 23:15:05 --- INFO: Toyota Land Cruiser - found: 3, pass primary filters: 3, did not pass the filter by color: 3, added: 0, new vincodes: 0
25-10-2011 23:15:21 --- INFO: Honda CR-V - found: 15, pass primary filters: 0, did not pass the filter by color: 0, added: 0, new vincodes: 0
25-10-2011 23:18:59 --- INFO: Honda CR-V - found: 70, pass primary filters: 6, did not pass the filter by color: 0, added: 6, new vincodes: 0
25-10-2011 23:19:05 --- INFO: Mitsubishi Montero 4WD Limited - found: 4, pass primary filters: 1, did not pass the filter by color: 1, added: 0, new vincodes: 0
25-10-2011 23:22:53 --- INFO: Toyota 4RUNNER 4WD Limited - found: 69, pass primary filters: 38, did not pass the filter by color: 28, added: 10, new vincodes: 0
25-10-2011 23:23:09 --- INFO: Toyota RAV 4 - found: 10, pass primary filters: 7, did not pass the filter by color: 5, added: 2, new vincodes: 0
25-10-2011 23:23:35 --- INFO: Toyota Highlander 4WD - found: 16, pass primary filters: 0, did not pass the filter by color: 0, added: 0, new vincodes: 0
25-10-2011 23:26:37 --- INFO: Subaru Forester - found: 55, pass primary filters: 6, did not pass the filter by color: 0, added: 6, new vincodes: 0
25-10-2011 23:28:11 --- INFO: Nissan Rogue - found: 50, pass primary filters: 0, did not pass the filter by color: 0, added: 0, new vincodes: 0
25-10-2011 23:28:34 --- INFO: Toyota Highlander - found: 16, pass primary filters: 6, did not pass the filter by color: 6, added: 0, new vincodes: 0
25-10-2011 23:29:00 --- INFO: Acura MDX - found: 17, pass primary filters: 0, did not pass the filter by color: 0, added: 0, new vincodes: 0
25-10-2011 23:29:00 --- INFO: finish: 25-10-2011 23:29:00
25-10-2011 23:29:00 --- INFO: elapsed time: ~1138.79 sec., memory usage: ~2.76 Mb.