
26-11-2011 02:05:01 --- INFO: start: 26-11-2011 02:05:01
26-11-2011 02:05:01 --- INFO: ----------Source_Openlane (cli)
26-11-2011 02:05:04 --- ERROR: Unauthorized request
26-11-2011 02:05:04 --- INFO: finish: 26-11-2011 02:05:04
26-11-2011 02:05:04 --- INFO: elapsed time: ~3.09 sec., memory usage: ~1.31 Mb.
26-11-2011 02:10:01 --- INFO: start: 26-11-2011 02:10:01
26-11-2011 02:10:01 --- INFO: ----------Source_Ebay (cli)
26-11-2011 02:10:44 --- INFO: Lexus RX 300 - found: 22, pass primary filters: 5, did not pass the filter by color: 1, added: 4, new vincodes: 0
26-11-2011 02:12:23 --- INFO: Lexus RX 330 - found: 50, pass primary filters: 4, did not pass the filter by color: 2, added: 2, new vincodes: 0
26-11-2011 02:13:49 --- INFO: Lexus RX 400H - found: 47, pass primary filters: 0, did not pass the filter by color: 0, added: 0, new vincodes: 0
26-11-2011 02:14:37 --- INFO: Lexus GX 470 - found: 25, pass primary filters: 10, did not pass the filter by color: 9, added: 1, new vincodes: 0
26-11-2011 02:15:02 --- INFO: Lexus GX 470 - found: 12, pass primary filters: 5, did not pass the filter by color: 5, added: 0, new vincodes: 0
26-11-2011 02:15:29 --- INFO: Lexus LX 470 - found: 10, pass primary filters: 6, did not pass the filter by color: 6, added: 0, new vincodes: 0
26-11-2011 02:15:43 --- INFO: Lexus LX 470 - found: 10, pass primary filters: 9, did not pass the filter by color: 9, added: 0, new vincodes: 0
26-11-2011 02:15:49 --- INFO: Toyota Land Cruiser - found: 2, pass primary filters: 1, did not pass the filter by color: 1, added: 0, new vincodes: 0
26-11-2011 02:16:03 --- INFO: Honda CR-V - found: 8, pass primary filters: 1, did not pass the filter by color: 0, added: 1, new vincodes: 0
26-11-2011 02:19:10 --- INFO: Honda CR-V - found: 61, pass primary filters: 0, did not pass the filter by color: 0, added: 0, new vincodes: 0
26-11-2011 02:19:17 --- INFO: Mitsubishi Montero 4WD Limited - found: 4, pass primary filters: 0, did not pass the filter by color: 0, added: 0, new vincodes: 0
26-11-2011 02:20:01 --- INFO: Toyota 4RUNNER 4WD Limited - found: 33, pass primary filters: 6, did not pass the filter by color: 5, added: 1, new vincodes: 0
26-11-2011 02:20:22 --- INFO: Toyota RAV 4 - found: 10, pass primary filters: 1, did not pass the filter by color: 1, added: 0, new vincodes: 0
26-11-2011 02:20:48 --- INFO: Toyota Highlander 4WD - found: 12, pass primary filters: 0, did not pass the filter by color: 0, added: 0, new vincodes: 0
26-11-2011 02:22:09 --- INFO: Subaru Forester - found: 45, pass primary filters: 2, did not pass the filter by color: 0, added: 2, new vincodes: 0
26-11-2011 02:23:42 --- INFO: Nissan Rogue - found: 45, pass primary filters: 0, did not pass the filter by color: 0, added: 0, new vincodes: 0
26-11-2011 02:24:04 --- INFO: Toyota Highlander - found: 12, pass primary filters: 2, did not pass the filter by color: 2, added: 0, new vincodes: 0
26-11-2011 02:24:30 --- INFO: Acura MDX - found: 20, pass primary filters: 0, did not pass the filter by color: 0, added: 0, new vincodes: 0
26-11-2011 02:24:30 --- INFO: finish: 26-11-2011 02:24:30
26-11-2011 02:24:30 --- INFO: elapsed time: ~868.44 sec., memory usage: ~2.38 Mb.
26-11-2011 05:10:01 --- INFO: start: 26-11-2011 05:10:01
26-11-2011 05:10:01 --- INFO: ----------Source_Adesa (cli)
26-11-2011 05:10:03 --- ERROR: Unauthorized request
26-11-2011 05:10:03 --- INFO: finish: 26-11-2011 05:10:03
26-11-2011 05:10:03 --- INFO: elapsed time: ~1.98 sec., memory usage: ~1.31 Mb.
26-11-2011 05:10:01 --- INFO: start: 26-11-2011 05:10:01
26-11-2011 05:10:01 --- INFO: ----------Source_Gsmotors (cli)
26-11-2011 05:11:30 --- INFO: Lexus RX 300 - found: 56, pass primary filters: 20, did not pass the filter by color: 8, added: 12, new vincodes: 0
26-11-2011 05:14:40 --- INFO: Lexus RX 330 - found: 134, pass primary filters: 38, did not pass the filter by color: 11, added: 27, new vincodes: 0
26-11-2011 05:15:17 --- INFO: Lexus RX 400H - found: 23, pass primary filters: 4, did not pass the filter by color: 0, added: 4, new vincodes: 0
26-11-2011 05:16:45 --- INFO: Lexus GX 470 - found: 54, pass primary filters: 35, did not pass the filter by color: 28, added: 7, new vincodes: 2
26-11-2011 05:17:50 --- INFO: Lexus GX 470 - found: 44, pass primary filters: 23, did not pass the filter by color: 20, added: 3, new vincodes: 0
26-11-2011 05:18:03 --- INFO: Lexus LX 470 - found: 8, pass primary filters: 6, did not pass the filter by color: 6, added: 0, new vincodes: 0
26-11-2011 05:18:27 --- INFO: Lexus LX 470 - found: 17, pass primary filters: 10, did not pass the filter by color: 9, added: 1, new vincodes: 1
26-11-2011 05:18:44 --- INFO: Toyota Land Cruiser - found: 12, pass primary filters: 8, did not pass the filter by color: 6, added: 2, new vincodes: 0
26-11-2011 05:19:53 --- INFO: Honda CR-V - found: 49, pass primary filters: 5, did not pass the filter by color: 0, added: 5, new vincodes: 0
26-11-2011 05:23:22 --- INFO: Honda CR-V - found: 131, pass primary filters: 8, did not pass the filter by color: 0, added: 8, new vincodes: 0
26-11-2011 05:24:04 --- INFO: Mitsubishi Montero 4WD Limited - found: 34, pass primary filters: 7, did not pass the filter by color: 7, added: 0, new vincodes: 0
26-11-2011 05:27:28 --- INFO: Toyota 4RUNNER 4WD Limited - found: 132, pass primary filters: 46, did not pass the filter by color: 29, added: 17, new vincodes: 1
26-11-2011 05:28:57 --- INFO: Toyota RAV 4 - found: 57, pass primary filters: 24, did not pass the filter by color: 17, added: 7, new vincodes: 0
26-11-2011 05:30:22 --- INFO: Toyota Highlander 4WD - found: 60, pass primary filters: 0, did not pass the filter by color: 0, added: 0, new vincodes: 0
26-11-2011 05:33:09 --- INFO: Subaru Forester - found: 98, pass primary filters: 25, did not pass the filter by color: 0, added: 25, new vincodes: 0
26-11-2011 05:38:18 --- INFO: Nissan Rogue - found: 150, pass primary filters: 15, did not pass the filter by color: 0, added: 15, new vincodes: 4
26-11-2011 05:38:53 --- INFO: Toyota Highlander - found: 60, pass primary filters: 25, did not pass the filter by color: 20, added: 5, new vincodes: 0
26-11-2011 05:39:44 --- INFO: Acura MDX - found: 41, pass primary filters: 0, did not pass the filter by color: 0, added: 0, new vincodes: 0
26-11-2011 05:39:44 --- INFO: finish: 26-11-2011 05:39:44
26-11-2011 05:39:44 --- INFO: elapsed time: ~1782.8 sec., memory usage: ~4.2 Mb.
26-11-2011 06:05:01 --- INFO: start: 26-11-2011 06:05:01
26-11-2011 06:05:01 --- INFO: ----------Source_Openlane (cli)
26-11-2011 06:05:04 --- ERROR: Unauthorized request
26-11-2011 06:05:04 --- INFO: finish: 26-11-2011 06:05:04
26-11-2011 06:05:04 --- INFO: elapsed time: ~3.05 sec., memory usage: ~1.31 Mb.
26-11-2011 06:10:01 --- INFO: start: 26-11-2011 06:10:01
26-11-2011 06:10:01 --- INFO: ----------Source_Ebay (cli)
26-11-2011 06:10:37 --- INFO: Lexus RX 300 - found: 22, pass primary filters: 5, did not pass the filter by color: 1, added: 4, new vincodes: 0
26-11-2011 06:12:00 --- INFO: Lexus RX 330 - found: 50, pass primary filters: 4, did not pass the filter by color: 2, added: 2, new vincodes: 0
26-11-2011 06:13:08 --- INFO: Lexus RX 400H - found: 47, pass primary filters: 0, did not pass the filter by color: 0, added: 0, new vincodes: 0
26-11-2011 06:13:44 --- INFO: Lexus GX 470 - found: 24, pass primary filters: 9, did not pass the filter by color: 8, added: 1, new vincodes: 0
26-11-2011 06:14:02 --- INFO: Lexus GX 470 - found: 12, pass primary filters: 5, did not pass the filter by color: 5, added: 0, new vincodes: 0
26-11-2011 06:14:22 --- INFO: Lexus LX 470 - found: 10, pass primary filters: 6, did not pass the filter by color: 6, added: 0, new vincodes: 0
26-11-2011 06:14:36 --- INFO: Lexus LX 470 - found: 10, pass primary filters: 9, did not pass the filter by color: 9, added: 0, new vincodes: 0
26-11-2011 06:14:40 --- INFO: Toyota Land Cruiser - found: 2, pass primary filters: 1, did not pass the filter by color: 1, added: 0, new vincodes: 0
26-11-2011 06:14:54 --- INFO: Honda CR-V - found: 8, pass primary filters: 1, did not pass the filter by color: 0, added: 1, new vincodes: 0
26-11-2011 06:18:17 --- INFO: Honda CR-V - found: 60, pass primary filters: 0, did not pass the filter by color: 0, added: 0, new vincodes: 0
26-11-2011 06:18:26 --- INFO: Mitsubishi Montero 4WD Limited - found: 4, pass primary filters: 0, did not pass the filter by color: 0, added: 0, new vincodes: 0
26-11-2011 06:19:20 --- INFO: Toyota 4RUNNER 4WD Limited - found: 33, pass primary filters: 6, did not pass the filter by color: 5, added: 1, new vincodes: 0
26-11-2011 06:19:37 --- INFO: Toyota RAV 4 - found: 10, pass primary filters: 1, did not pass the filter by color: 1, added: 0, new vincodes: 0
26-11-2011 06:20:01 --- INFO: Toyota Highlander 4WD - found: 12, pass primary filters: 0, did not pass the filter by color: 0, added: 0, new vincodes: 0
26-11-2011 06:21:21 --- INFO: Subaru Forester - found: 45, pass primary filters: 2, did not pass the filter by color: 0, added: 2, new vincodes: 0
26-11-2011 06:22:31 --- INFO: Nissan Rogue - found: 45, pass primary filters: 0, did not pass the filter by color: 0, added: 0, new vincodes: 0
26-11-2011 06:22:45 --- INFO: Toyota Highlander - found: 12, pass primary filters: 2, did not pass the filter by color: 2, added: 0, new vincodes: 0
26-11-2011 06:23:08 --- INFO: Acura MDX - found: 20, pass primary filters: 0, did not pass the filter by color: 0, added: 0, new vincodes: 0
26-11-2011 06:23:08 --- INFO: finish: 26-11-2011 06:23:08
26-11-2011 06:23:08 --- INFO: elapsed time: ~786.91 sec., memory usage: ~2.38 Mb.
26-11-2011 07:10:01 --- INFO: start: 26-11-2011 07:10:01
26-11-2011 07:10:01 --- INFO: ----------Source_Adesa (cli)
26-11-2011 07:10:03 --- ERROR: Unauthorized request
26-11-2011 07:10:03 --- INFO: finish: 26-11-2011 07:10:03
26-11-2011 07:10:03 --- INFO: elapsed time: ~1.82 sec., memory usage: ~1.31 Mb.
26-11-2011 07:10:01 --- INFO: start: 26-11-2011 07:10:01
26-11-2011 07:10:01 --- INFO: ----------Source_Gsmotors (cli)
26-11-2011 07:10:38 --- INFO: Lexus RX 300 - found: 56, pass primary filters: 20, did not pass the filter by color: 8, added: 12, new vincodes: 0
26-11-2011 07:11:54 --- INFO: Lexus RX 330 - found: 134, pass primary filters: 38, did not pass the filter by color: 11, added: 27, new vincodes: 0
26-11-2011 07:12:07 --- INFO: Lexus RX 400H - found: 23, pass primary filters: 4, did not pass the filter by color: 0, added: 4, new vincodes: 0
26-11-2011 07:12:39 --- INFO: Lexus GX 470 - found: 54, pass primary filters: 35, did not pass the filter by color: 28, added: 7, new vincodes: 0
26-11-2011 07:13:19 --- INFO: Lexus GX 470 - found: 44, pass primary filters: 23, did not pass the filter by color: 20, added: 3, new vincodes: 0
26-11-2011 07:13:26 --- INFO: Lexus LX 470 - found: 8, pass primary filters: 6, did not pass the filter by color: 6, added: 0, new vincodes: 0
26-11-2011 07:13:37 --- INFO: Lexus LX 470 - found: 17, pass primary filters: 10, did not pass the filter by color: 9, added: 1, new vincodes: 0
26-11-2011 07:13:45 --- INFO: Toyota Land Cruiser - found: 12, pass primary filters: 8, did not pass the filter by color: 6, added: 2, new vincodes: 0
26-11-2011 07:14:16 --- INFO: Honda CR-V - found: 49, pass primary filters: 5, did not pass the filter by color: 0, added: 5, new vincodes: 0
26-11-2011 07:15:57 --- INFO: Honda CR-V - found: 131, pass primary filters: 8, did not pass the filter by color: 0, added: 8, new vincodes: 0
26-11-2011 07:16:27 --- INFO: Mitsubishi Montero 4WD Limited - found: 34, pass primary filters: 7, did not pass the filter by color: 7, added: 0, new vincodes: 0
26-11-2011 07:18:19 --- INFO: Toyota 4RUNNER 4WD Limited - found: 132, pass primary filters: 46, did not pass the filter by color: 29, added: 17, new vincodes: 0
26-11-2011 07:19:05 --- INFO: Toyota RAV 4 - found: 57, pass primary filters: 24, did not pass the filter by color: 17, added: 7, new vincodes: 0
26-11-2011 07:19:54 --- INFO: Toyota Highlander 4WD - found: 60, pass primary filters: 0, did not pass the filter by color: 0, added: 0, new vincodes: 0
26-11-2011 07:21:14 --- INFO: Subaru Forester - found: 98, pass primary filters: 25, did not pass the filter by color: 0, added: 25, new vincodes: 0
26-11-2011 07:23:18 --- INFO: Nissan Rogue - found: 150, pass primary filters: 15, did not pass the filter by color: 0, added: 15, new vincodes: 0
26-11-2011 07:24:03 --- INFO: Toyota Highlander - found: 60, pass primary filters: 25, did not pass the filter by color: 20, added: 5, new vincodes: 0
26-11-2011 07:24:32 --- INFO: Acura MDX - found: 41, pass primary filters: 0, did not pass the filter by color: 0, added: 0, new vincodes: 0
26-11-2011 07:24:32 --- INFO: finish: 26-11-2011 07:24:32
26-11-2011 07:24:32 --- INFO: elapsed time: ~870.32 sec., memory usage: ~4.11 Mb.
26-11-2011 08:10:02 --- INFO: start: 26-11-2011 08:10:02
26-11-2011 08:10:02 --- INFO: ----------Source_Adesa (cli)
26-11-2011 08:10:03 --- ERROR: Unauthorized request
26-11-2011 08:10:03 --- INFO: finish: 26-11-2011 08:10:03
26-11-2011 08:10:03 --- INFO: elapsed time: ~1.91 sec., memory usage: ~1.31 Mb.
26-11-2011 08:10:02 --- INFO: start: 26-11-2011 08:10:02
26-11-2011 08:10:02 --- INFO: ----------Source_Gsmotors (cli)
26-11-2011 08:10:36 --- INFO: Lexus RX 300 - found: 56, pass primary filters: 20, did not pass the filter by color: 8, added: 12, new vincodes: 0
26-11-2011 08:11:56 --- INFO: Lexus RX 330 - found: 134, pass primary filters: 38, did not pass the filter by color: 11, added: 27, new vincodes: 0
26-11-2011 08:12:10 --- INFO: Lexus RX 400H - found: 23, pass primary filters: 4, did not pass the filter by color: 0, added: 4, new vincodes: 0
26-11-2011 08:12:42 --- INFO: Lexus GX 470 - found: 54, pass primary filters: 35, did not pass the filter by color: 28, added: 7, new vincodes: 0
26-11-2011 08:13:10 --- INFO: Lexus GX 470 - found: 44, pass primary filters: 23, did not pass the filter by color: 20, added: 3, new vincodes: 0
26-11-2011 08:13:16 --- INFO: Lexus LX 470 - found: 8, pass primary filters: 6, did not pass the filter by color: 6, added: 0, new vincodes: 0
26-11-2011 08:13:27 --- INFO: Lexus LX 470 - found: 17, pass primary filters: 10, did not pass the filter by color: 9, added: 1, new vincodes: 0
26-11-2011 08:13:34 --- INFO: Toyota Land Cruiser - found: 12, pass primary filters: 8, did not pass the filter by color: 6, added: 2, new vincodes: 0
26-11-2011 08:14:06 --- INFO: Honda CR-V - found: 49, pass primary filters: 5, did not pass the filter by color: 0, added: 5, new vincodes: 0
26-11-2011 08:15:32 --- INFO: Honda CR-V - found: 131, pass primary filters: 8, did not pass the filter by color: 0, added: 8, new vincodes: 0
26-11-2011 08:15:52 --- INFO: Mitsubishi Montero 4WD Limited - found: 34, pass primary filters: 7, did not pass the filter by color: 7, added: 0, new vincodes: 0
26-11-2011 08:17:12 --- INFO: Toyota 4RUNNER 4WD Limited - found: 132, pass primary filters: 46, did not pass the filter by color: 29, added: 17, new vincodes: 0
26-11-2011 08:17:46 --- INFO: Toyota RAV 4 - found: 57, pass primary filters: 24, did not pass the filter by color: 17, added: 7, new vincodes: 0
26-11-2011 08:18:23 --- INFO: Toyota Highlander 4WD - found: 60, pass primary filters: 0, did not pass the filter by color: 0, added: 0, new vincodes: 0
26-11-2011 08:19:21 --- INFO: Subaru Forester - found: 98, pass primary filters: 25, did not pass the filter by color: 0, added: 25, new vincodes: 0
26-11-2011 08:21:03 --- INFO: Nissan Rogue - found: 150, pass primary filters: 15, did not pass the filter by color: 0, added: 15, new vincodes: 0
26-11-2011 08:21:39 --- INFO: Toyota Highlander - found: 60, pass primary filters: 25, did not pass the filter by color: 20, added: 5, new vincodes: 0
26-11-2011 08:22:06 --- INFO: Acura MDX - found: 41, pass primary filters: 0, did not pass the filter by color: 0, added: 0, new vincodes: 0
26-11-2011 08:22:06 --- INFO: finish: 26-11-2011 08:22:06
26-11-2011 08:22:06 --- INFO: elapsed time: ~724.25 sec., memory usage: ~4.11 Mb.
26-11-2011 09:00:01 --- INFO: start: 26-11-2011 09:00:01
26-11-2011 09:00:01 --- INFO: ----------Source_Adesa (cli)
26-11-2011 09:00:02 --- ERROR: Unauthorized request
26-11-2011 09:00:02 --- INFO: finish: 26-11-2011 09:00:02
26-11-2011 09:00:02 --- INFO: elapsed time: ~1.64 sec., memory usage: ~1.31 Mb.
26-11-2011 09:00:01 --- INFO: start: 26-11-2011 09:00:01
26-11-2011 09:00:01 --- INFO: ----------Source_Gsmotors (cli)
26-11-2011 09:00:38 --- INFO: Lexus RX 300 - found: 56, pass primary filters: 20, did not pass the filter by color: 8, added: 12, new vincodes: 0
26-11-2011 09:02:14 --- INFO: Lexus RX 330 - found: 134, pass primary filters: 38, did not pass the filter by color: 11, added: 27, new vincodes: 0
26-11-2011 09:02:27 --- INFO: Lexus RX 400H - found: 23, pass primary filters: 4, did not pass the filter by color: 0, added: 4, new vincodes: 0
26-11-2011 09:03:00 --- INFO: Lexus GX 470 - found: 54, pass primary filters: 35, did not pass the filter by color: 28, added: 7, new vincodes: 0
26-11-2011 09:03:26 --- INFO: Lexus GX 470 - found: 44, pass primary filters: 23, did not pass the filter by color: 20, added: 3, new vincodes: 0
26-11-2011 09:03:33 --- INFO: Lexus LX 470 - found: 8, pass primary filters: 6, did not pass the filter by color: 6, added: 0, new vincodes: 0
26-11-2011 09:03:44 --- INFO: Lexus LX 470 - found: 17, pass primary filters: 10, did not pass the filter by color: 9, added: 1, new vincodes: 0
26-11-2011 09:03:54 --- INFO: Toyota Land Cruiser - found: 12, pass primary filters: 8, did not pass the filter by color: 6, added: 2, new vincodes: 0
26-11-2011 09:04:23 --- INFO: Honda CR-V - found: 49, pass primary filters: 5, did not pass the filter by color: 0, added: 5, new vincodes: 0
26-11-2011 09:05:51 --- INFO: Honda CR-V - found: 131, pass primary filters: 8, did not pass the filter by color: 0, added: 8, new vincodes: 0
26-11-2011 09:06:20 --- INFO: Mitsubishi Montero 4WD Limited - found: 34, pass primary filters: 7, did not pass the filter by color: 7, added: 0, new vincodes: 0
26-11-2011 09:07:48 --- INFO: Toyota 4RUNNER 4WD Limited - found: 132, pass primary filters: 46, did not pass the filter by color: 29, added: 17, new vincodes: 0
26-11-2011 09:08:26 --- INFO: Toyota RAV 4 - found: 57, pass primary filters: 24, did not pass the filter by color: 17, added: 7, new vincodes: 0
26-11-2011 09:09:07 --- INFO: Toyota Highlander 4WD - found: 60, pass primary filters: 0, did not pass the filter by color: 0, added: 0, new vincodes: 0
26-11-2011 09:10:11 --- INFO: Subaru Forester - found: 98, pass primary filters: 25, did not pass the filter by color: 0, added: 25, new vincodes: 0
26-11-2011 09:11:47 --- INFO: Nissan Rogue - found: 150, pass primary filters: 15, did not pass the filter by color: 0, added: 15, new vincodes: 0
26-11-2011 09:12:23 --- INFO: Toyota Highlander - found: 60, pass primary filters: 25, did not pass the filter by color: 20, added: 5, new vincodes: 0
26-11-2011 09:12:47 --- INFO: Acura MDX - found: 41, pass primary filters: 0, did not pass the filter by color: 0, added: 0, new vincodes: 0
26-11-2011 09:12:47 --- INFO: finish: 26-11-2011 09:12:47
26-11-2011 09:12:47 --- INFO: elapsed time: ~765.85 sec., memory usage: ~4.11 Mb.
26-11-2011 10:05:01 --- INFO: start: 26-11-2011 10:05:01
26-11-2011 10:05:01 --- INFO: ----------Source_Openlane (cli)
26-11-2011 10:05:04 --- ERROR: Unauthorized request
26-11-2011 10:05:04 --- INFO: finish: 26-11-2011 10:05:04
26-11-2011 10:05:04 --- INFO: elapsed time: ~3.19 sec., memory usage: ~1.31 Mb.
26-11-2011 10:10:01 --- INFO: start: 26-11-2011 10:10:01
26-11-2011 10:10:01 --- INFO: ----------Source_Adesa (cli)
26-11-2011 10:10:03 --- ERROR: Unauthorized request
26-11-2011 10:10:03 --- INFO: finish: 26-11-2011 10:10:03
26-11-2011 10:10:03 --- INFO: elapsed time: ~1.95 sec., memory usage: ~1.31 Mb.
26-11-2011 10:10:01 --- INFO: start: 26-11-2011 10:10:01
26-11-2011 10:10:01 --- INFO: ----------Source_Ebay (cli)
26-11-2011 10:10:46 --- INFO: Lexus RX 300 - found: 22, pass primary filters: 5, did not pass the filter by color: 1, added: 4, new vincodes: 0
26-11-2011 10:12:17 --- INFO: Lexus RX 330 - found: 50, pass primary filters: 4, did not pass the filter by color: 1, added: 3, new vincodes: 0
26-11-2011 10:13:27 --- INFO: Lexus RX 400H - found: 47, pass primary filters: 0, did not pass the filter by color: 0, added: 0, new vincodes: 0
26-11-2011 10:14:12 --- INFO: Lexus GX 470 - found: 26, pass primary filters: 11, did not pass the filter by color: 9, added: 2, new vincodes: 1
26-11-2011 10:14:27 --- INFO: Lexus GX 470 - found: 14, pass primary filters: 6, did not pass the filter by color: 6, added: 0, new vincodes: 1
26-11-2011 10:14:38 --- INFO: Lexus LX 470 - found: 10, pass primary filters: 6, did not pass the filter by color: 6, added: 0, new vincodes: 0
26-11-2011 10:14:49 --- INFO: Lexus LX 470 - found: 10, pass primary filters: 9, did not pass the filter by color: 9, added: 0, new vincodes: 0
26-11-2011 10:14:52 --- INFO: Toyota Land Cruiser - found: 2, pass primary filters: 1, did not pass the filter by color: 1, added: 0, new vincodes: 0
26-11-2011 10:15:00 --- INFO: Honda CR-V - found: 8, pass primary filters: 1, did not pass the filter by color: 0, added: 1, new vincodes: 0
26-11-2011 10:16:59 --- INFO: Honda CR-V - found: 61, pass primary filters: 0, did not pass the filter by color: 0, added: 0, new vincodes: 0
26-11-2011 10:17:05 --- INFO: Mitsubishi Montero 4WD Limited - found: 4, pass primary filters: 0, did not pass the filter by color: 0, added: 0, new vincodes: 0
26-11-2011 10:17:36 --- INFO: Toyota 4RUNNER 4WD Limited - found: 31, pass primary filters: 6, did not pass the filter by color: 5, added: 1, new vincodes: 0
26-11-2011 10:17:48 --- INFO: Toyota RAV 4 - found: 10, pass primary filters: 1, did not pass the filter by color: 1, added: 0, new vincodes: 0
26-11-2011 10:18:00 --- INFO: Toyota Highlander 4WD - found: 12, pass primary filters: 0, did not pass the filter by color: 0, added: 0, new vincodes: 0
26-11-2011 10:19:04 --- INFO: Subaru Forester - found: 45, pass primary filters: 2, did not pass the filter by color: 0, added: 2, new vincodes: 0
26-11-2011 10:20:15 --- INFO: Nissan Rogue - found: 43, pass primary filters: 0, did not pass the filter by color: 0, added: 0, new vincodes: 0
26-11-2011 10:20:34 --- INFO: Toyota Highlander - found: 11, pass primary filters: 2, did not pass the filter by color: 2, added: 0, new vincodes: 0
26-11-2011 10:21:07 --- INFO: Acura MDX - found: 20, pass primary filters: 0, did not pass the filter by color: 0, added: 0, new vincodes: 0
26-11-2011 10:21:07 --- INFO: finish: 26-11-2011 10:21:07
26-11-2011 10:21:07 --- INFO: elapsed time: ~666.1 sec., memory usage: ~2.43 Mb.
26-11-2011 10:10:01 --- INFO: start: 26-11-2011 10:10:01
26-11-2011 10:10:01 --- INFO: ----------Source_Gsmotors (cli)
26-11-2011 10:11:33 --- INFO: Lexus RX 300 - found: 58, pass primary filters: 21, did not pass the filter by color: 9, added: 12, new vincodes: 0
26-11-2011 10:14:35 --- INFO: Lexus RX 330 - found: 137, pass primary filters: 38, did not pass the filter by color: 11, added: 27, new vincodes: 0
26-11-2011 10:15:10 --- INFO: Lexus RX 400H - found: 23, pass primary filters: 4, did not pass the filter by color: 0, added: 4, new vincodes: 0
26-11-2011 10:16:21 --- INFO: Lexus GX 470 - found: 55, pass primary filters: 36, did not pass the filter by color: 29, added: 7, new vincodes: 0
26-11-2011 10:17:26 --- INFO: Lexus GX 470 - found: 46, pass primary filters: 24, did not pass the filter by color: 21, added: 3, new vincodes: 1
26-11-2011 10:17:39 --- INFO: Lexus LX 470 - found: 8, pass primary filters: 6, did not pass the filter by color: 6, added: 0, new vincodes: 0
26-11-2011 10:18:03 --- INFO: Lexus LX 470 - found: 17, pass primary filters: 10, did not pass the filter by color: 9, added: 1, new vincodes: 0
26-11-2011 10:18:19 --- INFO: Toyota Land Cruiser - found: 12, pass primary filters: 8, did not pass the filter by color: 6, added: 2, new vincodes: 0
26-11-2011 10:19:27 --- INFO: Honda CR-V - found: 51, pass primary filters: 5, did not pass the filter by color: 0, added: 5, new vincodes: 0
26-11-2011 10:22:55 --- INFO: Honda CR-V - found: 132, pass primary filters: 8, did not pass the filter by color: 0, added: 8, new vincodes: 0
26-11-2011 10:23:35 --- INFO: Mitsubishi Montero 4WD Limited - found: 35, pass primary filters: 7, did not pass the filter by color: 7, added: 0, new vincodes: 0
26-11-2011 10:26:44 --- INFO: Toyota 4RUNNER 4WD Limited - found: 134, pass primary filters: 45, did not pass the filter by color: 28, added: 17, new vincodes: 0
26-11-2011 10:28:01 --- INFO: Toyota RAV 4 - found: 59, pass primary filters: 25, did not pass the filter by color: 18, added: 7, new vincodes: 0
26-11-2011 10:29:22 --- INFO: Toyota Highlander 4WD - found: 61, pass primary filters: 0, did not pass the filter by color: 0, added: 0, new vincodes: 0
26-11-2011 10:31:52 --- INFO: Subaru Forester - found: 98, pass primary filters: 25, did not pass the filter by color: 0, added: 25, new vincodes: 0
26-11-2011 10:36:34 --- INFO: Nissan Rogue - found: 150, pass primary filters: 15, did not pass the filter by color: 0, added: 15, new vincodes: 0
26-11-2011 10:37:11 --- INFO: Toyota Highlander - found: 61, pass primary filters: 25, did not pass the filter by color: 20, added: 5, new vincodes: 0
26-11-2011 10:38:03 --- INFO: Acura MDX - found: 41, pass primary filters: 0, did not pass the filter by color: 0, added: 0, new vincodes: 0
26-11-2011 10:38:03 --- INFO: finish: 26-11-2011 10:38:03
26-11-2011 10:38:03 --- INFO: elapsed time: ~1682.29 sec., memory usage: ~4.17 Mb.
26-11-2011 11:20:01 --- INFO: start: 26-11-2011 11:20:01
26-11-2011 11:20:01 --- INFO: ----------Source_Adesa (cli)
26-11-2011 11:20:03 --- ERROR: Unauthorized request
26-11-2011 11:20:03 --- INFO: finish: 26-11-2011 11:20:03
26-11-2011 11:20:03 --- INFO: elapsed time: ~1.81 sec., memory usage: ~1.31 Mb.
26-11-2011 11:20:01 --- INFO: start: 26-11-2011 11:20:01
26-11-2011 11:20:01 --- INFO: ----------Source_Gsmotors (cli)
26-11-2011 11:20:40 --- INFO: Lexus RX 300 - found: 58, pass primary filters: 21, did not pass the filter by color: 9, added: 12, new vincodes: 0
26-11-2011 11:22:06 --- INFO: Lexus RX 330 - found: 137, pass primary filters: 38, did not pass the filter by color: 11, added: 27, new vincodes: 0
26-11-2011 11:22:21 --- INFO: Lexus RX 400H - found: 23, pass primary filters: 4, did not pass the filter by color: 0, added: 4, new vincodes: 0
26-11-2011 11:22:53 --- INFO: Lexus GX 470 - found: 55, pass primary filters: 36, did not pass the filter by color: 29, added: 7, new vincodes: 0
26-11-2011 11:23:19 --- INFO: Lexus GX 470 - found: 46, pass primary filters: 24, did not pass the filter by color: 21, added: 3, new vincodes: 0
26-11-2011 11:23:25 --- INFO: Lexus LX 470 - found: 8, pass primary filters: 6, did not pass the filter by color: 6, added: 0, new vincodes: 0
26-11-2011 11:23:37 --- INFO: Lexus LX 470 - found: 17, pass primary filters: 10, did not pass the filter by color: 9, added: 1, new vincodes: 0
26-11-2011 11:23:46 --- INFO: Toyota Land Cruiser - found: 12, pass primary filters: 8, did not pass the filter by color: 6, added: 2, new vincodes: 0
26-11-2011 11:24:20 --- INFO: Honda CR-V - found: 51, pass primary filters: 5, did not pass the filter by color: 0, added: 5, new vincodes: 0
26-11-2011 11:25:51 --- INFO: Honda CR-V - found: 132, pass primary filters: 8, did not pass the filter by color: 0, added: 8, new vincodes: 0
26-11-2011 11:26:17 --- INFO: Mitsubishi Montero 4WD Limited - found: 35, pass primary filters: 7, did not pass the filter by color: 7, added: 0, new vincodes: 0
26-11-2011 11:27:40 --- INFO: Toyota 4RUNNER 4WD Limited - found: 134, pass primary filters: 45, did not pass the filter by color: 28, added: 17, new vincodes: 0
26-11-2011 11:28:16 --- INFO: Toyota RAV 4 - found: 59, pass primary filters: 25, did not pass the filter by color: 18, added: 7, new vincodes: 0
26-11-2011 11:28:56 --- INFO: Toyota Highlander 4WD - found: 61, pass primary filters: 0, did not pass the filter by color: 0, added: 0, new vincodes: 0
26-11-2011 11:30:02 --- INFO: Subaru Forester - found: 98, pass primary filters: 25, did not pass the filter by color: 0, added: 25, new vincodes: 0
26-11-2011 11:31:42 --- INFO: Nissan Rogue - found: 150, pass primary filters: 15, did not pass the filter by color: 0, added: 15, new vincodes: 0
26-11-2011 11:32:20 --- INFO: Toyota Highlander - found: 61, pass primary filters: 25, did not pass the filter by color: 20, added: 5, new vincodes: 0
26-11-2011 11:32:46 --- INFO: Acura MDX - found: 41, pass primary filters: 0, did not pass the filter by color: 0, added: 0, new vincodes: 0
26-11-2011 11:32:46 --- INFO: finish: 26-11-2011 11:32:46
26-11-2011 11:32:46 --- INFO: elapsed time: ~765.06 sec., memory usage: ~4.13 Mb.
26-11-2011 12:20:02 --- INFO: start: 26-11-2011 12:20:02
26-11-2011 12:20:02 --- INFO: ----------Source_Adesa (cli)
26-11-2011 12:20:03 --- ERROR: Unauthorized request
26-11-2011 12:20:03 --- INFO: finish: 26-11-2011 12:20:03
26-11-2011 12:20:03 --- INFO: elapsed time: ~1.86 sec., memory usage: ~1.31 Mb.
26-11-2011 12:20:02 --- INFO: start: 26-11-2011 12:20:02
26-11-2011 12:20:02 --- INFO: ----------Source_Gsmotors (cli)
26-11-2011 12:20:39 --- INFO: Lexus RX 300 - found: 58, pass primary filters: 21, did not pass the filter by color: 9, added: 12, new vincodes: 0
26-11-2011 12:21:54 --- INFO: Lexus RX 330 - found: 137, pass primary filters: 38, did not pass the filter by color: 11, added: 27, new vincodes: 0
26-11-2011 12:22:07 --- INFO: Lexus RX 400H - found: 23, pass primary filters: 4, did not pass the filter by color: 0, added: 4, new vincodes: 0
26-11-2011 12:22:40 --- INFO: Lexus GX 470 - found: 55, pass primary filters: 36, did not pass the filter by color: 29, added: 7, new vincodes: 0
26-11-2011 12:23:08 --- INFO: Lexus GX 470 - found: 46, pass primary filters: 24, did not pass the filter by color: 21, added: 3, new vincodes: 0
26-11-2011 12:23:19 --- INFO: Lexus LX 470 - found: 8, pass primary filters: 6, did not pass the filter by color: 6, added: 0, new vincodes: 0
26-11-2011 12:23:30 --- INFO: Lexus LX 470 - found: 17, pass primary filters: 10, did not pass the filter by color: 9, added: 1, new vincodes: 0
26-11-2011 12:23:37 --- INFO: Toyota Land Cruiser - found: 12, pass primary filters: 8, did not pass the filter by color: 6, added: 2, new vincodes: 0
26-11-2011 12:24:09 --- INFO: Honda CR-V - found: 51, pass primary filters: 5, did not pass the filter by color: 0, added: 5, new vincodes: 0
26-11-2011 12:25:37 --- INFO: Honda CR-V - found: 132, pass primary filters: 8, did not pass the filter by color: 0, added: 8, new vincodes: 0
26-11-2011 12:25:58 --- INFO: Mitsubishi Montero 4WD Limited - found: 35, pass primary filters: 7, did not pass the filter by color: 7, added: 0, new vincodes: 0
26-11-2011 12:27:21 --- INFO: Toyota 4RUNNER 4WD Limited - found: 134, pass primary filters: 45, did not pass the filter by color: 28, added: 17, new vincodes: 0
26-11-2011 12:27:56 --- INFO: Toyota RAV 4 - found: 59, pass primary filters: 25, did not pass the filter by color: 18, added: 7, new vincodes: 0
26-11-2011 12:28:32 --- INFO: Toyota Highlander 4WD - found: 61, pass primary filters: 0, did not pass the filter by color: 0, added: 0, new vincodes: 0
26-11-2011 12:29:33 --- INFO: Subaru Forester - found: 98, pass primary filters: 25, did not pass the filter by color: 0, added: 25, new vincodes: 0
26-11-2011 12:31:17 --- INFO: Nissan Rogue - found: 150, pass primary filters: 15, did not pass the filter by color: 0, added: 15, new vincodes: 0
26-11-2011 12:31:55 --- INFO: Toyota Highlander - found: 61, pass primary filters: 25, did not pass the filter by color: 20, added: 5, new vincodes: 0
26-11-2011 12:32:41 --- INFO: Acura MDX - found: 41, pass primary filters: 0, did not pass the filter by color: 0, added: 0, new vincodes: 0
26-11-2011 12:32:41 --- INFO: finish: 26-11-2011 12:32:41
26-11-2011 12:32:41 --- INFO: elapsed time: ~759.76 sec., memory usage: ~4.14 Mb.
26-11-2011 14:05:01 --- INFO: start: 26-11-2011 14:05:01
26-11-2011 14:05:01 --- INFO: ----------Source_Openlane (cli)
26-11-2011 14:05:04 --- ERROR: Unauthorized request
26-11-2011 14:05:04 --- INFO: finish: 26-11-2011 14:05:04
26-11-2011 14:05:04 --- INFO: elapsed time: ~3.05 sec., memory usage: ~1.31 Mb.
26-11-2011 14:10:02 --- INFO: start: 26-11-2011 14:10:02
26-11-2011 14:10:02 --- INFO: ----------Source_Ebay (cli)
26-11-2011 14:10:29 --- INFO: Lexus RX 300 - found: 22, pass primary filters: 5, did not pass the filter by color: 1, added: 4, new vincodes: 0
26-11-2011 14:11:21 --- INFO: Lexus RX 330 - found: 50, pass primary filters: 4, did not pass the filter by color: 2, added: 2, new vincodes: 0
26-11-2011 14:12:07 --- INFO: Lexus RX 400H - found: 47, pass primary filters: 0, did not pass the filter by color: 0, added: 0, new vincodes: 0
26-11-2011 14:12:37 --- INFO: Lexus GX 470 - found: 26, pass primary filters: 10, did not pass the filter by color: 8, added: 2, new vincodes: 0
26-11-2011 14:12:53 --- INFO: Lexus GX 470 - found: 15, pass primary filters: 7, did not pass the filter by color: 7, added: 0, new vincodes: 1
26-11-2011 14:13:05 --- INFO: Lexus LX 470 - found: 10, pass primary filters: 6, did not pass the filter by color: 6, added: 0, new vincodes: 0
26-11-2011 14:13:15 --- INFO: Lexus LX 470 - found: 10, pass primary filters: 9, did not pass the filter by color: 9, added: 0, new vincodes: 0
26-11-2011 14:13:19 --- INFO: Toyota Land Cruiser - found: 2, pass primary filters: 1, did not pass the filter by color: 1, added: 0, new vincodes: 0
26-11-2011 14:13:29 --- INFO: Honda CR-V - found: 9, pass primary filters: 1, did not pass the filter by color: 0, added: 1, new vincodes: 0
26-11-2011 14:16:09 --- INFO: Honda CR-V - found: 62, pass primary filters: 0, did not pass the filter by color: 0, added: 0, new vincodes: 0
26-11-2011 14:16:14 --- INFO: Mitsubishi Montero 4WD Limited - found: 4, pass primary filters: 0, did not pass the filter by color: 0, added: 0, new vincodes: 0
26-11-2011 14:16:51 --- INFO: Toyota 4RUNNER 4WD Limited - found: 31, pass primary filters: 6, did not pass the filter by color: 5, added: 1, new vincodes: 0
26-11-2011 14:17:04 --- INFO: Toyota RAV 4 - found: 11, pass primary filters: 1, did not pass the filter by color: 1, added: 0, new vincodes: 0
26-11-2011 14:17:17 --- INFO: Toyota Highlander 4WD - found: 12, pass primary filters: 0, did not pass the filter by color: 0, added: 0, new vincodes: 0
26-11-2011 14:18:05 --- INFO: Subaru Forester - found: 45, pass primary filters: 2, did not pass the filter by color: 0, added: 2, new vincodes: 0
26-11-2011 14:18:53 --- INFO: Nissan Rogue - found: 42, pass primary filters: 0, did not pass the filter by color: 0, added: 0, new vincodes: 0
26-11-2011 14:19:07 --- INFO: Toyota Highlander - found: 12, pass primary filters: 2, did not pass the filter by color: 2, added: 0, new vincodes: 0
26-11-2011 14:19:28 --- INFO: Acura MDX - found: 19, pass primary filters: 0, did not pass the filter by color: 0, added: 0, new vincodes: 0
26-11-2011 14:19:28 --- INFO: finish: 26-11-2011 14:19:28
26-11-2011 14:19:28 --- INFO: elapsed time: ~566.91 sec., memory usage: ~2.43 Mb.
26-11-2011 15:10:01 --- INFO: start: 26-11-2011 15:10:01
26-11-2011 15:10:01 --- INFO: ----------Source_Adesa (cli)
26-11-2011 15:10:03 --- ERROR: Unauthorized request
26-11-2011 15:10:03 --- INFO: finish: 26-11-2011 15:10:03
26-11-2011 15:10:03 --- INFO: elapsed time: ~1.81 sec., memory usage: ~1.31 Mb.
26-11-2011 15:10:01 --- INFO: start: 26-11-2011 15:10:01
26-11-2011 15:10:01 --- INFO: ----------Source_Gsmotors (cli)
26-11-2011 15:11:27 --- INFO: Lexus RX 300 - found: 59, pass primary filters: 21, did not pass the filter by color: 9, added: 12, new vincodes: 0
26-11-2011 15:14:36 --- INFO: Lexus RX 330 - found: 145, pass primary filters: 39, did not pass the filter by color: 12, added: 27, new vincodes: 0
26-11-2011 15:15:11 --- INFO: Lexus RX 400H - found: 24, pass primary filters: 4, did not pass the filter by color: 0, added: 4, new vincodes: 0
26-11-2011 15:16:23 --- INFO: Lexus GX 470 - found: 57, pass primary filters: 36, did not pass the filter by color: 29, added: 7, new vincodes: 0
26-11-2011 15:17:32 --- INFO: Lexus GX 470 - found: 48, pass primary filters: 25, did not pass the filter by color: 22, added: 3, new vincodes: 0
26-11-2011 15:17:45 --- INFO: Lexus LX 470 - found: 9, pass primary filters: 6, did not pass the filter by color: 6, added: 0, new vincodes: 0
26-11-2011 15:18:10 --- INFO: Lexus LX 470 - found: 18, pass primary filters: 11, did not pass the filter by color: 10, added: 1, new vincodes: 0
26-11-2011 15:18:26 --- INFO: Toyota Land Cruiser - found: 12, pass primary filters: 8, did not pass the filter by color: 6, added: 2, new vincodes: 0
26-11-2011 15:19:34 --- INFO: Honda CR-V - found: 51, pass primary filters: 5, did not pass the filter by color: 0, added: 5, new vincodes: 0
26-11-2011 15:23:20 --- INFO: Honda CR-V - found: 138, pass primary filters: 9, did not pass the filter by color: 0, added: 9, new vincodes: 1
26-11-2011 15:24:10 --- INFO: Mitsubishi Montero 4WD Limited - found: 36, pass primary filters: 7, did not pass the filter by color: 7, added: 0, new vincodes: 0
26-11-2011 15:27:31 --- INFO: Toyota 4RUNNER 4WD Limited - found: 139, pass primary filters: 45, did not pass the filter by color: 28, added: 17, new vincodes: 0
26-11-2011 15:28:56 --- INFO: Toyota RAV 4 - found: 59, pass primary filters: 25, did not pass the filter by color: 18, added: 7, new vincodes: 0
26-11-2011 15:30:29 --- INFO: Toyota Highlander 4WD - found: 64, pass primary filters: 1, did not pass the filter by color: 1, added: 0, new vincodes: 0
26-11-2011 15:33:12 --- INFO: Subaru Forester - found: 99, pass primary filters: 25, did not pass the filter by color: 0, added: 25, new vincodes: 0
26-11-2011 15:37:56 --- INFO: Nissan Rogue - found: 153, pass primary filters: 16, did not pass the filter by color: 0, added: 16, new vincodes: 1
26-11-2011 15:38:36 --- INFO: Toyota Highlander - found: 64, pass primary filters: 27, did not pass the filter by color: 22, added: 5, new vincodes: 0
26-11-2011 15:39:31 --- INFO: Acura MDX - found: 44, pass primary filters: 0, did not pass the filter by color: 0, added: 0, new vincodes: 0
26-11-2011 15:39:31 --- INFO: finish: 26-11-2011 15:39:31
26-11-2011 15:39:31 --- INFO: elapsed time: ~1769.36 sec., memory usage: ~4.2 Mb.
26-11-2011 17:10:01 --- INFO: start: 26-11-2011 17:10:01
26-11-2011 17:10:01 --- INFO: ----------Source_Adesa (cli)
26-11-2011 17:10:02 --- ERROR: Unauthorized request
26-11-2011 17:10:02 --- INFO: finish: 26-11-2011 17:10:02
26-11-2011 17:10:02 --- INFO: elapsed time: ~1.8 sec., memory usage: ~1.31 Mb.
26-11-2011 17:10:01 --- INFO: start: 26-11-2011 17:10:01
26-11-2011 17:10:01 --- INFO: ----------Source_Gsmotors (cli)
26-11-2011 17:10:40 --- INFO: Lexus RX 300 - found: 59, pass primary filters: 21, did not pass the filter by color: 9, added: 12, new vincodes: 0
26-11-2011 17:12:12 --- INFO: Lexus RX 330 - found: 145, pass primary filters: 39, did not pass the filter by color: 12, added: 27, new vincodes: 0
26-11-2011 17:12:28 --- INFO: Lexus RX 400H - found: 24, pass primary filters: 4, did not pass the filter by color: 0, added: 4, new vincodes: 0
26-11-2011 17:13:01 --- INFO: Lexus GX 470 - found: 57, pass primary filters: 36, did not pass the filter by color: 29, added: 7, new vincodes: 0
26-11-2011 17:13:34 --- INFO: Lexus GX 470 - found: 48, pass primary filters: 25, did not pass the filter by color: 22, added: 3, new vincodes: 0
26-11-2011 17:13:41 --- INFO: Lexus LX 470 - found: 9, pass primary filters: 6, did not pass the filter by color: 6, added: 0, new vincodes: 0
26-11-2011 17:13:57 --- INFO: Lexus LX 470 - found: 18, pass primary filters: 11, did not pass the filter by color: 10, added: 1, new vincodes: 0
26-11-2011 17:14:05 --- INFO: Toyota Land Cruiser - found: 12, pass primary filters: 8, did not pass the filter by color: 6, added: 2, new vincodes: 0
26-11-2011 17:14:36 --- INFO: Honda CR-V - found: 51, pass primary filters: 5, did not pass the filter by color: 0, added: 5, new vincodes: 0
26-11-2011 17:16:11 --- INFO: Honda CR-V - found: 138, pass primary filters: 9, did not pass the filter by color: 0, added: 9, new vincodes: 0
26-11-2011 17:16:39 --- INFO: Mitsubishi Montero 4WD Limited - found: 36, pass primary filters: 7, did not pass the filter by color: 7, added: 0, new vincodes: 0
26-11-2011 17:18:02 --- INFO: Toyota 4RUNNER 4WD Limited - found: 139, pass primary filters: 45, did not pass the filter by color: 28, added: 17, new vincodes: 0
26-11-2011 17:18:36 --- INFO: Toyota RAV 4 - found: 59, pass primary filters: 25, did not pass the filter by color: 18, added: 7, new vincodes: 0
26-11-2011 17:19:15 --- INFO: Toyota Highlander 4WD - found: 64, pass primary filters: 1, did not pass the filter by color: 1, added: 0, new vincodes: 0
26-11-2011 17:20:19 --- INFO: Subaru Forester - found: 99, pass primary filters: 25, did not pass the filter by color: 0, added: 25, new vincodes: 0
26-11-2011 17:22:01 --- INFO: Nissan Rogue - found: 153, pass primary filters: 16, did not pass the filter by color: 0, added: 16, new vincodes: 0
26-11-2011 17:22:40 --- INFO: Toyota Highlander - found: 64, pass primary filters: 27, did not pass the filter by color: 22, added: 5, new vincodes: 0
26-11-2011 17:23:07 --- INFO: Acura MDX - found: 44, pass primary filters: 0, did not pass the filter by color: 0, added: 0, new vincodes: 0
26-11-2011 17:23:07 --- INFO: finish: 26-11-2011 17:23:07
26-11-2011 17:23:07 --- INFO: elapsed time: ~785.93 sec., memory usage: ~4.19 Mb.
26-11-2011 18:05:01 --- INFO: start: 26-11-2011 18:05:01
26-11-2011 18:05:01 --- INFO: ----------Source_Openlane (cli)
26-11-2011 18:05:04 --- ERROR: Unauthorized request
26-11-2011 18:05:04 --- INFO: finish: 26-11-2011 18:05:04
26-11-2011 18:05:04 --- INFO: elapsed time: ~3.13 sec., memory usage: ~1.31 Mb.
26-11-2011 18:10:01 --- INFO: start: 26-11-2011 18:10:01
26-11-2011 18:10:01 --- INFO: ----------Source_Ebay (cli)
26-11-2011 18:10:55 --- INFO: Lexus RX 300 - found: 22, pass primary filters: 5, did not pass the filter by color: 1, added: 4, new vincodes: 0
26-11-2011 18:15:11 --- INFO: Lexus RX 330 - found: 52, pass primary filters: 8, did not pass the filter by color: 3, added: 5, new vincodes: 0
26-11-2011 18:16:25 --- INFO: Lexus RX 400H - found: 49, pass primary filters: 0, did not pass the filter by color: 0, added: 0, new vincodes: 0
26-11-2011 18:17:07 --- INFO: Lexus GX 470 - found: 26, pass primary filters: 10, did not pass the filter by color: 8, added: 2, new vincodes: 0
26-11-2011 18:17:29 --- INFO: Lexus GX 470 - found: 15, pass primary filters: 7, did not pass the filter by color: 7, added: 0, new vincodes: 0
26-11-2011 18:17:49 --- INFO: Lexus LX 470 - found: 9, pass primary filters: 6, did not pass the filter by color: 6, added: 0, new vincodes: 0
26-11-2011 18:18:27 --- INFO: Lexus LX 470 - found: 10, pass primary filters: 9, did not pass the filter by color: 9, added: 0, new vincodes: 0
26-11-2011 18:18:39 --- INFO: Toyota Land Cruiser - found: 2, pass primary filters: 1, did not pass the filter by color: 1, added: 0, new vincodes: 0
26-11-2011 18:19:04 --- INFO: Honda CR-V - found: 10, pass primary filters: 1, did not pass the filter by color: 0, added: 1, new vincodes: 0
26-11-2011 18:24:45 --- INFO: Honda CR-V - found: 63, pass primary filters: 0, did not pass the filter by color: 0, added: 0, new vincodes: 0
26-11-2011 18:24:55 --- INFO: Mitsubishi Montero 4WD Limited - found: 4, pass primary filters: 0, did not pass the filter by color: 0, added: 0, new vincodes: 0
26-11-2011 18:25:47 --- INFO: Toyota 4RUNNER 4WD Limited - found: 30, pass primary filters: 6, did not pass the filter by color: 5, added: 1, new vincodes: 0
26-11-2011 18:26:09 --- INFO: Toyota RAV 4 - found: 12, pass primary filters: 2, did not pass the filter by color: 2, added: 0, new vincodes: 0
26-11-2011 18:26:36 --- INFO: Toyota Highlander 4WD - found: 13, pass primary filters: 0, did not pass the filter by color: 0, added: 0, new vincodes: 0
26-11-2011 18:28:08 --- INFO: Subaru Forester - found: 45, pass primary filters: 2, did not pass the filter by color: 0, added: 2, new vincodes: 0
26-11-2011 18:30:02 --- INFO: Nissan Rogue - found: 42, pass primary filters: 0, did not pass the filter by color: 0, added: 0, new vincodes: 0
26-11-2011 18:30:35 --- INFO: Toyota Highlander - found: 13, pass primary filters: 2, did not pass the filter by color: 2, added: 0, new vincodes: 0
26-11-2011 18:31:12 --- INFO: Acura MDX - found: 19, pass primary filters: 0, did not pass the filter by color: 0, added: 0, new vincodes: 0
26-11-2011 18:31:12 --- INFO: finish: 26-11-2011 18:31:12
26-11-2011 18:31:12 --- INFO: elapsed time: ~1271.3 sec., memory usage: ~2.43 Mb.
26-11-2011 22:05:01 --- INFO: start: 26-11-2011 22:05:01
26-11-2011 22:05:01 --- INFO: ----------Source_Openlane (cli)
26-11-2011 22:05:04 --- ERROR: Unauthorized request
26-11-2011 22:05:04 --- INFO: finish: 26-11-2011 22:05:04
26-11-2011 22:05:04 --- INFO: elapsed time: ~3.23 sec., memory usage: ~1.31 Mb.
26-11-2011 22:10:01 --- INFO: start: 26-11-2011 22:10:01
26-11-2011 22:10:01 --- INFO: ----------Source_Ebay (cli)
26-11-2011 22:10:24 --- INFO: Lexus RX 300 - found: 21, pass primary filters: 5, did not pass the filter by color: 1, added: 4, new vincodes: 0
26-11-2011 22:12:09 --- INFO: Lexus RX 330 - found: 53, pass primary filters: 8, did not pass the filter by color: 4, added: 4, new vincodes: 0
26-11-2011 22:13:16 --- INFO: Lexus RX 400H - found: 49, pass primary filters: 0, did not pass the filter by color: 0, added: 0, new vincodes: 0
26-11-2011 22:14:00 --- INFO: Lexus GX 470 - found: 25, pass primary filters: 10, did not pass the filter by color: 8, added: 2, new vincodes: 0
26-11-2011 22:14:26 --- INFO: Lexus GX 470 - found: 15, pass primary filters: 7, did not pass the filter by color: 7, added: 0, new vincodes: 0
26-11-2011 22:14:44 --- INFO: Lexus LX 470 - found: 9, pass primary filters: 6, did not pass the filter by color: 6, added: 0, new vincodes: 0
26-11-2011 22:14:56 --- INFO: Lexus LX 470 - found: 9, pass primary filters: 8, did not pass the filter by color: 8, added: 0, new vincodes: 0
26-11-2011 22:15:02 --- INFO: Toyota Land Cruiser - found: 2, pass primary filters: 1, did not pass the filter by color: 1, added: 0, new vincodes: 0
26-11-2011 22:15:18 --- INFO: Honda CR-V - found: 10, pass primary filters: 1, did not pass the filter by color: 0, added: 1, new vincodes: 0
26-11-2011 22:18:28 --- INFO: Honda CR-V - found: 64, pass primary filters: 0, did not pass the filter by color: 0, added: 0, new vincodes: 0
26-11-2011 22:18:35 --- INFO: Mitsubishi Montero 4WD Limited - found: 4, pass primary filters: 0, did not pass the filter by color: 0, added: 0, new vincodes: 0
26-11-2011 22:19:17 --- INFO: Toyota 4RUNNER 4WD Limited - found: 30, pass primary filters: 6, did not pass the filter by color: 5, added: 1, new vincodes: 0
26-11-2011 22:19:36 --- INFO: Toyota RAV 4 - found: 12, pass primary filters: 2, did not pass the filter by color: 2, added: 0, new vincodes: 0
26-11-2011 22:19:55 --- INFO: Toyota Highlander 4WD - found: 13, pass primary filters: 0, did not pass the filter by color: 0, added: 0, new vincodes: 0
26-11-2011 22:21:24 --- INFO: Subaru Forester - found: 44, pass primary filters: 2, did not pass the filter by color: 0, added: 2, new vincodes: 0
26-11-2011 22:22:42 --- INFO: Nissan Rogue - found: 42, pass primary filters: 0, did not pass the filter by color: 0, added: 0, new vincodes: 0
26-11-2011 22:23:08 --- INFO: Toyota Highlander - found: 13, pass primary filters: 2, did not pass the filter by color: 2, added: 0, new vincodes: 0
26-11-2011 22:23:44 --- INFO: Acura MDX - found: 19, pass primary filters: 0, did not pass the filter by color: 0, added: 0, new vincodes: 0
26-11-2011 22:23:44 --- INFO: finish: 26-11-2011 22:23:44
26-11-2011 22:23:44 --- INFO: elapsed time: ~823 sec., memory usage: ~2.43 Mb.