
27-09-2011 03:05:01 --- INFO: start: 27-09-2011 03:05:01
27-09-2011 03:05:01 --- INFO: ----------Source_Openlane (cli)
27-09-2011 03:05:04 --- ERROR: Unauthorized request
27-09-2011 03:05:04 --- INFO: finish: 27-09-2011 03:05:04
27-09-2011 03:05:04 --- INFO: elapsed time: ~3.55 sec., memory usage: ~1.31 Mb.
27-09-2011 03:10:01 --- INFO: start: 27-09-2011 03:10:01
27-09-2011 03:10:01 --- INFO: ----------Source_Ebay (cli)
27-09-2011 03:10:22 --- INFO: Lexus RX 300 - found: 17, pass primary filters: 3, did not pass the filter by color: 1, added: 2, new vincodes: 0
27-09-2011 03:12:50 --- INFO: Lexus RX 330 - found: 77, pass primary filters: 18, did not pass the filter by color: 12, added: 6, new vincodes: 0
27-09-2011 03:14:33 --- INFO: Lexus RX 400H - found: 54, pass primary filters: 2, did not pass the filter by color: 1, added: 1, new vincodes: 0
27-09-2011 03:15:07 --- INFO: Lexus GX 470 - found: 36, pass primary filters: 9, did not pass the filter by color: 6, added: 3, new vincodes: 0
27-09-2011 03:15:34 --- INFO: Lexus GX 470 - found: 26, pass primary filters: 11, did not pass the filter by color: 8, added: 3, new vincodes: 0
27-09-2011 03:15:38 --- INFO: Lexus LX 470 - found: 3, pass primary filters: 3, did not pass the filter by color: 3, added: 0, new vincodes: 0
27-09-2011 03:15:44 --- INFO: Lexus LX 470 - found: 5, pass primary filters: 4, did not pass the filter by color: 4, added: 0, new vincodes: 0
27-09-2011 03:15:53 --- INFO: Toyota Land Cruiser - found: 8, pass primary filters: 7, did not pass the filter by color: 6, added: 1, new vincodes: 0
27-09-2011 03:16:26 --- INFO: Honda CR-V - found: 19, pass primary filters: 1, did not pass the filter by color: 0, added: 1, new vincodes: 0
27-09-2011 03:19:21 --- INFO: Honda CR-V - found: 63, pass primary filters: 0, did not pass the filter by color: 0, added: 0, new vincodes: 0
27-09-2011 03:19:27 --- INFO: Mitsubishi Montero 4WD Limited - found: 3, pass primary filters: 0, did not pass the filter by color: 0, added: 0, new vincodes: 0
27-09-2011 03:21:05 --- INFO: Toyota 4RUNNER 4WD Limited - found: 51, pass primary filters: 28, did not pass the filter by color: 18, added: 10, new vincodes: 0
27-09-2011 03:21:20 --- INFO: Toyota RAV 4 - found: 12, pass primary filters: 4, did not pass the filter by color: 2, added: 2, new vincodes: 0
27-09-2011 03:21:39 --- INFO: Toyota Highlander 4WD - found: 17, pass primary filters: 0, did not pass the filter by color: 0, added: 0, new vincodes: 0
27-09-2011 03:24:45 --- INFO: Subaru Forester - found: 56, pass primary filters: 6, did not pass the filter by color: 0, added: 6, new vincodes: 0
27-09-2011 03:27:55 --- INFO: Nissan Rogue - found: 54, pass primary filters: 0, did not pass the filter by color: 0, added: 0, new vincodes: 0
27-09-2011 03:28:29 --- INFO: Toyota Highlander - found: 17, pass primary filters: 3, did not pass the filter by color: 2, added: 1, new vincodes: 0
27-09-2011 03:28:48 --- INFO: Acura MDX - found: 9, pass primary filters: 0, did not pass the filter by color: 0, added: 0, new vincodes: 0
27-09-2011 03:28:48 --- INFO: finish: 27-09-2011 03:28:48
27-09-2011 03:28:48 --- INFO: elapsed time: ~1127.21 sec., memory usage: ~2.72 Mb.
27-09-2011 06:10:01 --- INFO: start: 27-09-2011 06:10:01
27-09-2011 06:10:01 --- INFO: ----------Source_Adesa (cli)
27-09-2011 06:10:02 --- INFO: Authorized request
27-09-2011 06:10:08 --- INFO: Lexus RX 300 - found: 9, pass primary filters: 5, did not pass the filter by color: 2, added: 3, new vincodes: 0
27-09-2011 06:10:13 --- INFO: Lexus RX 330 - found: 13, pass primary filters: 7, did not pass the filter by color: 1, added: 6, new vincodes: 0
27-09-2011 06:10:14 --- INFO: Lexus RX 400H - found: 2, pass primary filters: 1, did not pass the filter by color: 0, added: 1, new vincodes: 0
27-09-2011 06:10:20 --- INFO: Lexus GX 470 - found: 6, pass primary filters: 4, did not pass the filter by color: 4, added: 0, new vincodes: 2
27-09-2011 06:10:22 --- INFO: Lexus GX 470 - found: 3, pass primary filters: 2, did not pass the filter by color: 2, added: 0, new vincodes: 0
27-09-2011 06:10:22 --- INFO: Lexus LX 470 - found: 0, pass primary filters: 0, did not pass the filter by color: 0, added: 0, new vincodes: 0
27-09-2011 06:10:23 --- INFO: Lexus LX 470 - found: 2, pass primary filters: 1, did not pass the filter by color: 1, added: 0, new vincodes: 0
27-09-2011 06:10:23 --- INFO: Toyota Land Cruiser - found: 0, pass primary filters: 0, did not pass the filter by color: 0, added: 0, new vincodes: 0
27-09-2011 06:10:25 --- INFO: Honda CR-V - found: 10, pass primary filters: 2, did not pass the filter by color: 0, added: 2, new vincodes: 0
27-09-2011 06:10:26 --- INFO: Honda CR-V - found: 4, pass primary filters: 1, did not pass the filter by color: 0, added: 1, new vincodes: 0
27-09-2011 06:10:33 --- INFO: Mitsubishi Montero 4WD Limited - found: 21, pass primary filters: 5, did not pass the filter by color: 5, added: 0, new vincodes: 1
27-09-2011 06:10:35 --- INFO: Toyota 4RUNNER 4WD Limited - found: 17, pass primary filters: 3, did not pass the filter by color: 3, added: 0, new vincodes: 0
27-09-2011 06:10:37 --- INFO: Toyota RAV 4 - found: 6, pass primary filters: 2, did not pass the filter by color: 2, added: 0, new vincodes: 0
27-09-2011 06:10:38 --- INFO: Toyota Highlander 4WD - found: 20, pass primary filters: 1, did not pass the filter by color: 1, added: 0, new vincodes: 0
27-09-2011 06:10:39 --- INFO: Subaru Forester - found: 1, pass primary filters: 1, did not pass the filter by color: 0, added: 1, new vincodes: 0
27-09-2011 06:10:43 --- INFO: Nissan Rogue - found: 19, pass primary filters: 4, did not pass the filter by color: 0, added: 4, new vincodes: 0
27-09-2011 06:10:49 --- INFO: Toyota Highlander - found: 20, pass primary filters: 6, did not pass the filter by color: 6, added: 0, new vincodes: 0
27-09-2011 06:10:49 --- INFO: Acura MDX - found: 16, pass primary filters: 0, did not pass the filter by color: 0, added: 0, new vincodes: 0
27-09-2011 06:10:49 --- INFO: finish: 27-09-2011 06:10:49
27-09-2011 06:10:49 --- INFO: elapsed time: ~48.63 sec., memory usage: ~2.35 Mb.
27-09-2011 06:10:01 --- INFO: start: 27-09-2011 06:10:01
27-09-2011 06:10:01 --- INFO: ----------Source_Gsmotors (cli)
27-09-2011 06:11:22 --- INFO: Lexus RX 300 - found: 71, pass primary filters: 22, did not pass the filter by color: 6, added: 16, new vincodes: 3
27-09-2011 06:14:51 --- INFO: Lexus RX 330 - found: 178, pass primary filters: 45, did not pass the filter by color: 11, added: 34, new vincodes: 8
27-09-2011 06:15:23 --- INFO: Lexus RX 400H - found: 29, pass primary filters: 3, did not pass the filter by color: 1, added: 2, new vincodes: 0
27-09-2011 06:16:50 --- INFO: Lexus GX 470 - found: 79, pass primary filters: 40, did not pass the filter by color: 31, added: 9, new vincodes: 2
27-09-2011 06:18:20 --- INFO: Lexus GX 470 - found: 76, pass primary filters: 51, did not pass the filter by color: 45, added: 6, new vincodes: 0
27-09-2011 06:18:43 --- INFO: Lexus LX 470 - found: 19, pass primary filters: 14, did not pass the filter by color: 13, added: 1, new vincodes: 0
27-09-2011 06:19:09 --- INFO: Lexus LX 470 - found: 23, pass primary filters: 15, did not pass the filter by color: 15, added: 0, new vincodes: 0
27-09-2011 06:19:22 --- INFO: Toyota Land Cruiser - found: 12, pass primary filters: 4, did not pass the filter by color: 3, added: 1, new vincodes: 0
27-09-2011 06:20:32 --- INFO: Honda CR-V - found: 62, pass primary filters: 3, did not pass the filter by color: 0, added: 3, new vincodes: 1
27-09-2011 06:24:05 --- INFO: Honda CR-V - found: 169, pass primary filters: 8, did not pass the filter by color: 0, added: 8, new vincodes: 1
27-09-2011 06:25:30 --- INFO: Mitsubishi Montero 4WD Limited - found: 70, pass primary filters: 4, did not pass the filter by color: 4, added: 0, new vincodes: 0
27-09-2011 06:29:03 --- INFO: Toyota 4RUNNER 4WD Limited - found: 171, pass primary filters: 50, did not pass the filter by color: 31, added: 19, new vincodes: 1
27-09-2011 06:30:30 --- INFO: Toyota RAV 4 - found: 73, pass primary filters: 22, did not pass the filter by color: 17, added: 5, new vincodes: 0
27-09-2011 06:32:17 --- INFO: Toyota Highlander 4WD - found: 94, pass primary filters: 5, did not pass the filter by color: 4, added: 1, new vincodes: 0
27-09-2011 06:37:47 --- INFO: Subaru Forester - found: 188, pass primary filters: 18, did not pass the filter by color: 0, added: 18, new vincodes: 0
27-09-2011 06:45:36 --- INFO: Nissan Rogue - found: 274, pass primary filters: 12, did not pass the filter by color: 0, added: 12, new vincodes: 0
27-09-2011 06:46:27 --- INFO: Toyota Highlander - found: 94, pass primary filters: 40, did not pass the filter by color: 31, added: 9, new vincodes: 2
27-09-2011 06:47:51 --- INFO: Acura MDX - found: 79, pass primary filters: 0, did not pass the filter by color: 0, added: 0, new vincodes: 0
27-09-2011 06:47:51 --- INFO: finish: 27-09-2011 06:47:51
27-09-2011 06:47:51 --- INFO: elapsed time: ~2269.99 sec., memory usage: ~4.64 Mb.
27-09-2011 07:05:01 --- INFO: start: 27-09-2011 07:05:01
27-09-2011 07:05:01 --- INFO: ----------Source_Openlane (cli)
27-09-2011 07:05:04 --- ERROR: Unauthorized request
27-09-2011 07:05:04 --- INFO: finish: 27-09-2011 07:05:04
27-09-2011 07:05:04 --- INFO: elapsed time: ~3.17 sec., memory usage: ~1.31 Mb.
27-09-2011 07:10:01 --- INFO: start: 27-09-2011 07:10:01
27-09-2011 07:10:01 --- INFO: ----------Source_Ebay (cli)
27-09-2011 07:10:37 --- INFO: Lexus RX 300 - found: 17, pass primary filters: 3, did not pass the filter by color: 1, added: 2, new vincodes: 0
27-09-2011 07:14:54 --- INFO: Lexus RX 330 - found: 77, pass primary filters: 18, did not pass the filter by color: 10, added: 8, new vincodes: 0
27-09-2011 07:17:20 --- INFO: Lexus RX 400H - found: 54, pass primary filters: 2, did not pass the filter by color: 0, added: 2, new vincodes: 0
27-09-2011 07:18:30 --- INFO: Lexus GX 470 - found: 36, pass primary filters: 9, did not pass the filter by color: 6, added: 3, new vincodes: 0
27-09-2011 07:19:26 --- INFO: Lexus GX 470 - found: 26, pass primary filters: 11, did not pass the filter by color: 8, added: 3, new vincodes: 0
27-09-2011 07:19:32 --- INFO: Lexus LX 470 - found: 3, pass primary filters: 3, did not pass the filter by color: 3, added: 0, new vincodes: 0
27-09-2011 07:19:40 --- INFO: Lexus LX 470 - found: 5, pass primary filters: 4, did not pass the filter by color: 4, added: 0, new vincodes: 0
27-09-2011 07:20:06 --- INFO: Toyota Land Cruiser - found: 8, pass primary filters: 7, did not pass the filter by color: 6, added: 1, new vincodes: 0
27-09-2011 07:20:48 --- INFO: Honda CR-V - found: 19, pass primary filters: 1, did not pass the filter by color: 0, added: 1, new vincodes: 0
27-09-2011 07:23:29 --- INFO: Honda CR-V - found: 62, pass primary filters: 0, did not pass the filter by color: 0, added: 0, new vincodes: 0
27-09-2011 07:23:35 --- INFO: Mitsubishi Montero 4WD Limited - found: 3, pass primary filters: 0, did not pass the filter by color: 0, added: 0, new vincodes: 0
27-09-2011 07:25:13 --- INFO: Toyota 4RUNNER 4WD Limited - found: 51, pass primary filters: 28, did not pass the filter by color: 20, added: 8, new vincodes: 0
27-09-2011 07:25:28 --- INFO: Toyota RAV 4 - found: 12, pass primary filters: 4, did not pass the filter by color: 2, added: 2, new vincodes: 0
27-09-2011 07:25:47 --- INFO: Toyota Highlander 4WD - found: 17, pass primary filters: 0, did not pass the filter by color: 0, added: 0, new vincodes: 0
27-09-2011 07:29:04 --- INFO: Subaru Forester - found: 56, pass primary filters: 6, did not pass the filter by color: 0, added: 6, new vincodes: 0
27-09-2011 07:32:34 --- INFO: Nissan Rogue - found: 55, pass primary filters: 0, did not pass the filter by color: 0, added: 0, new vincodes: 0
27-09-2011 07:33:11 --- INFO: Toyota Highlander - found: 17, pass primary filters: 3, did not pass the filter by color: 2, added: 1, new vincodes: 0
27-09-2011 07:33:29 --- INFO: Acura MDX - found: 9, pass primary filters: 0, did not pass the filter by color: 0, added: 0, new vincodes: 0
27-09-2011 07:33:29 --- INFO: finish: 27-09-2011 07:33:29
27-09-2011 07:33:29 --- INFO: elapsed time: ~1407.86 sec., memory usage: ~2.72 Mb.
27-09-2011 08:10:01 --- INFO: start: 27-09-2011 08:10:01
27-09-2011 08:10:01 --- INFO: ----------Source_Adesa (cli)
27-09-2011 08:10:03 --- INFO: Authorized request
27-09-2011 08:10:07 --- INFO: Lexus RX 300 - found: 11, pass primary filters: 5, did not pass the filter by color: 2, added: 3, new vincodes: 0
27-09-2011 08:10:13 --- INFO: Lexus RX 330 - found: 14, pass primary filters: 7, did not pass the filter by color: 1, added: 6, new vincodes: 0
27-09-2011 08:10:14 --- INFO: Lexus RX 400H - found: 2, pass primary filters: 1, did not pass the filter by color: 0, added: 1, new vincodes: 0
27-09-2011 08:10:17 --- INFO: Lexus GX 470 - found: 6, pass primary filters: 4, did not pass the filter by color: 4, added: 0, new vincodes: 0
27-09-2011 08:10:19 --- INFO: Lexus GX 470 - found: 3, pass primary filters: 2, did not pass the filter by color: 2, added: 0, new vincodes: 0
27-09-2011 08:10:20 --- INFO: Lexus LX 470 - found: 0, pass primary filters: 0, did not pass the filter by color: 0, added: 0, new vincodes: 0
27-09-2011 08:10:24 --- INFO: Lexus LX 470 - found: 2, pass primary filters: 1, did not pass the filter by color: 1, added: 0, new vincodes: 0
27-09-2011 08:10:24 --- INFO: Toyota Land Cruiser - found: 0, pass primary filters: 0, did not pass the filter by color: 0, added: 0, new vincodes: 0
27-09-2011 08:10:27 --- INFO: Honda CR-V - found: 10, pass primary filters: 2, did not pass the filter by color: 0, added: 2, new vincodes: 0
27-09-2011 08:10:27 --- INFO: Honda CR-V - found: 4, pass primary filters: 1, did not pass the filter by color: 0, added: 1, new vincodes: 0
27-09-2011 08:10:32 --- INFO: Mitsubishi Montero 4WD Limited - found: 21, pass primary filters: 5, did not pass the filter by color: 5, added: 0, new vincodes: 0
27-09-2011 08:10:34 --- INFO: Toyota 4RUNNER 4WD Limited - found: 18, pass primary filters: 3, did not pass the filter by color: 3, added: 0, new vincodes: 0
27-09-2011 08:10:36 --- INFO: Toyota RAV 4 - found: 7, pass primary filters: 2, did not pass the filter by color: 2, added: 0, new vincodes: 0
27-09-2011 08:10:37 --- INFO: Toyota Highlander 4WD - found: 20, pass primary filters: 1, did not pass the filter by color: 1, added: 0, new vincodes: 0
27-09-2011 08:10:38 --- INFO: Subaru Forester - found: 1, pass primary filters: 1, did not pass the filter by color: 0, added: 1, new vincodes: 0
27-09-2011 08:10:42 --- INFO: Nissan Rogue - found: 19, pass primary filters: 4, did not pass the filter by color: 0, added: 4, new vincodes: 0
27-09-2011 08:10:49 --- INFO: Toyota Highlander - found: 20, pass primary filters: 7, did not pass the filter by color: 7, added: 0, new vincodes: 1
27-09-2011 08:10:49 --- INFO: Acura MDX - found: 17, pass primary filters: 0, did not pass the filter by color: 0, added: 0, new vincodes: 0
27-09-2011 08:10:49 --- INFO: finish: 27-09-2011 08:10:49
27-09-2011 08:10:49 --- INFO: elapsed time: ~47.7 sec., memory usage: ~2.32 Mb.
27-09-2011 08:10:01 --- INFO: start: 27-09-2011 08:10:01
27-09-2011 08:10:01 --- INFO: ----------Source_Gsmotors (cli)
27-09-2011 08:10:48 --- INFO: Lexus RX 300 - found: 71, pass primary filters: 22, did not pass the filter by color: 5, added: 17, new vincodes: 0
27-09-2011 08:12:55 --- INFO: Lexus RX 330 - found: 178, pass primary filters: 45, did not pass the filter by color: 11, added: 34, new vincodes: 0
27-09-2011 08:13:24 --- INFO: Lexus RX 400H - found: 29, pass primary filters: 3, did not pass the filter by color: 1, added: 2, new vincodes: 0
27-09-2011 08:14:31 --- INFO: Lexus GX 470 - found: 79, pass primary filters: 40, did not pass the filter by color: 31, added: 9, new vincodes: 0
27-09-2011 08:15:40 --- INFO: Lexus GX 470 - found: 76, pass primary filters: 51, did not pass the filter by color: 45, added: 6, new vincodes: 0
27-09-2011 08:16:00 --- INFO: Lexus LX 470 - found: 19, pass primary filters: 14, did not pass the filter by color: 13, added: 1, new vincodes: 0
27-09-2011 08:16:23 --- INFO: Lexus LX 470 - found: 23, pass primary filters: 15, did not pass the filter by color: 15, added: 0, new vincodes: 0
27-09-2011 08:16:37 --- INFO: Toyota Land Cruiser - found: 12, pass primary filters: 4, did not pass the filter by color: 3, added: 1, new vincodes: 0
27-09-2011 08:17:29 --- INFO: Honda CR-V - found: 62, pass primary filters: 3, did not pass the filter by color: 0, added: 3, new vincodes: 0
27-09-2011 08:19:56 --- INFO: Honda CR-V - found: 169, pass primary filters: 8, did not pass the filter by color: 0, added: 8, new vincodes: 0
27-09-2011 08:21:01 --- INFO: Mitsubishi Montero 4WD Limited - found: 70, pass primary filters: 4, did not pass the filter by color: 4, added: 0, new vincodes: 0
27-09-2011 08:23:02 --- INFO: Toyota 4RUNNER 4WD Limited - found: 171, pass primary filters: 50, did not pass the filter by color: 31, added: 19, new vincodes: 0
27-09-2011 08:24:12 --- INFO: Toyota RAV 4 - found: 73, pass primary filters: 22, did not pass the filter by color: 17, added: 5, new vincodes: 0
27-09-2011 08:25:33 --- INFO: Toyota Highlander 4WD - found: 94, pass primary filters: 5, did not pass the filter by color: 4, added: 1, new vincodes: 0
27-09-2011 08:28:11 --- INFO: Subaru Forester - found: 188, pass primary filters: 18, did not pass the filter by color: 0, added: 18, new vincodes: 0
27-09-2011 08:32:00 --- INFO: Nissan Rogue - found: 274, pass primary filters: 12, did not pass the filter by color: 0, added: 12, new vincodes: 0
27-09-2011 08:33:07 --- INFO: Toyota Highlander - found: 94, pass primary filters: 40, did not pass the filter by color: 31, added: 9, new vincodes: 0
27-09-2011 08:34:19 --- INFO: Acura MDX - found: 79, pass primary filters: 0, did not pass the filter by color: 0, added: 0, new vincodes: 0
27-09-2011 08:34:19 --- INFO: finish: 27-09-2011 08:34:19
27-09-2011 08:34:19 --- INFO: elapsed time: ~1457.8 sec., memory usage: ~4.53 Mb.
27-09-2011 09:08:19 --- INFO: start: 27-09-2011 09:08:19
27-09-2011 09:08:19 --- INFO: ----------Source_Adesa (apache2handler)
27-09-2011 09:08:19 --- INFO: Authorized request
27-09-2011 09:08:25 --- INFO: Lexus RX 300 - found: 11, pass primary filters: 5, did not pass the filter by color: 3, added: 2, new vincodes: 0
27-09-2011 09:08:32 --- INFO: Lexus RX 330 - found: 15, pass primary filters: 7, did not pass the filter by color: 1, added: 6, new vincodes: 0
27-09-2011 09:08:33 --- INFO: Lexus RX 400H - found: 2, pass primary filters: 1, did not pass the filter by color: 0, added: 1, new vincodes: 0
27-09-2011 09:08:37 --- INFO: Lexus GX 470 - found: 6, pass primary filters: 4, did not pass the filter by color: 4, added: 0, new vincodes: 0
27-09-2011 09:08:38 --- INFO: Lexus GX 470 - found: 3, pass primary filters: 2, did not pass the filter by color: 2, added: 0, new vincodes: 0
27-09-2011 09:08:38 --- INFO: Lexus LX 470 - found: 0, pass primary filters: 0, did not pass the filter by color: 0, added: 0, new vincodes: 0
27-09-2011 09:08:39 --- INFO: Lexus LX 470 - found: 2, pass primary filters: 1, did not pass the filter by color: 1, added: 0, new vincodes: 0
27-09-2011 09:08:40 --- INFO: Toyota Land Cruiser - found: 0, pass primary filters: 0, did not pass the filter by color: 0, added: 0, new vincodes: 0
27-09-2011 09:08:42 --- INFO: Honda CR-V - found: 11, pass primary filters: 2, did not pass the filter by color: 0, added: 2, new vincodes: 0
27-09-2011 09:08:42 --- INFO: Honda CR-V - found: 4, pass primary filters: 1, did not pass the filter by color: 0, added: 1, new vincodes: 0
27-09-2011 09:08:48 --- INFO: Mitsubishi Montero 4WD Limited - found: 21, pass primary filters: 6, did not pass the filter by color: 6, added: 0, new vincodes: 0
27-09-2011 09:08:50 --- INFO: Toyota 4RUNNER 4WD Limited - found: 19, pass primary filters: 3, did not pass the filter by color: 3, added: 0, new vincodes: 0
27-09-2011 09:08:53 --- INFO: Toyota RAV 4 - found: 7, pass primary filters: 2, did not pass the filter by color: 2, added: 0, new vincodes: 0
27-09-2011 09:08:54 --- INFO: Toyota Highlander 4WD - found: 19, pass primary filters: 1, did not pass the filter by color: 1, added: 0, new vincodes: 0
27-09-2011 09:08:55 --- INFO: Subaru Forester - found: 1, pass primary filters: 1, did not pass the filter by color: 0, added: 1, new vincodes: 0
27-09-2011 09:08:59 --- INFO: Nissan Rogue - found: 19, pass primary filters: 4, did not pass the filter by color: 0, added: 4, new vincodes: 0
27-09-2011 09:09:06 --- INFO: Toyota Highlander - found: 19, pass primary filters: 7, did not pass the filter by color: 7, added: 0, new vincodes: 0
27-09-2011 09:09:06 --- INFO: Acura MDX - found: 18, pass primary filters: 0, did not pass the filter by color: 0, added: 0, new vincodes: 0
27-09-2011 09:09:06 --- INFO: finish: 27-09-2011 09:09:06
27-09-2011 09:09:06 --- INFO: elapsed time: ~47.91 sec., memory usage: ~2.3 Mb.
27-09-2011 09:10:01 --- INFO: start: 27-09-2011 09:10:01
27-09-2011 09:10:01 --- INFO: ----------Source_Adesa (cli)
27-09-2011 09:10:01 --- INFO: Authorized request
27-09-2011 09:10:08 --- INFO: Lexus RX 300 - found: 11, pass primary filters: 5, did not pass the filter by color: 2, added: 3, new vincodes: 0
27-09-2011 09:10:14 --- INFO: Lexus RX 330 - found: 15, pass primary filters: 7, did not pass the filter by color: 1, added: 6, new vincodes: 0
27-09-2011 09:10:14 --- INFO: Lexus RX 400H - found: 2, pass primary filters: 1, did not pass the filter by color: 0, added: 1, new vincodes: 0
27-09-2011 09:10:17 --- INFO: Lexus GX 470 - found: 6, pass primary filters: 4, did not pass the filter by color: 4, added: 0, new vincodes: 0
27-09-2011 09:10:19 --- INFO: Lexus GX 470 - found: 3, pass primary filters: 2, did not pass the filter by color: 2, added: 0, new vincodes: 0
27-09-2011 09:10:19 --- INFO: Lexus LX 470 - found: 0, pass primary filters: 0, did not pass the filter by color: 0, added: 0, new vincodes: 0
27-09-2011 09:10:20 --- INFO: Lexus LX 470 - found: 2, pass primary filters: 1, did not pass the filter by color: 1, added: 0, new vincodes: 0
27-09-2011 09:10:20 --- INFO: Toyota Land Cruiser - found: 0, pass primary filters: 0, did not pass the filter by color: 0, added: 0, new vincodes: 0
27-09-2011 09:10:22 --- INFO: Honda CR-V - found: 11, pass primary filters: 2, did not pass the filter by color: 0, added: 2, new vincodes: 0
27-09-2011 09:10:22 --- INFO: Honda CR-V - found: 4, pass primary filters: 1, did not pass the filter by color: 0, added: 1, new vincodes: 0
27-09-2011 09:10:29 --- INFO: Mitsubishi Montero 4WD Limited - found: 21, pass primary filters: 6, did not pass the filter by color: 6, added: 0, new vincodes: 0
27-09-2011 09:10:31 --- INFO: Toyota 4RUNNER 4WD Limited - found: 19, pass primary filters: 3, did not pass the filter by color: 3, added: 0, new vincodes: 0
27-09-2011 09:10:33 --- INFO: Toyota RAV 4 - found: 7, pass primary filters: 2, did not pass the filter by color: 2, added: 0, new vincodes: 0
27-09-2011 09:10:34 --- INFO: Toyota Highlander 4WD - found: 19, pass primary filters: 1, did not pass the filter by color: 1, added: 0, new vincodes: 0
27-09-2011 09:10:35 --- INFO: Subaru Forester - found: 1, pass primary filters: 1, did not pass the filter by color: 0, added: 1, new vincodes: 0
27-09-2011 09:10:39 --- INFO: Nissan Rogue - found: 19, pass primary filters: 4, did not pass the filter by color: 0, added: 4, new vincodes: 0
27-09-2011 09:10:46 --- INFO: Toyota Highlander - found: 19, pass primary filters: 7, did not pass the filter by color: 7, added: 0, new vincodes: 0
27-09-2011 09:10:46 --- INFO: Acura MDX - found: 18, pass primary filters: 0, did not pass the filter by color: 0, added: 0, new vincodes: 0
27-09-2011 09:10:46 --- INFO: finish: 27-09-2011 09:10:46
27-09-2011 09:10:46 --- INFO: elapsed time: ~45.54 sec., memory usage: ~2.3 Mb.
27-09-2011 09:10:01 --- INFO: start: 27-09-2011 09:10:01
27-09-2011 09:10:01 --- INFO: ----------Source_Gsmotors (cli)
27-09-2011 09:11:12 --- INFO: Lexus RX 300 - found: 71, pass primary filters: 22, did not pass the filter by color: 9, added: 13, new vincodes: 0
27-09-2011 09:13:36 --- INFO: Lexus RX 330 - found: 178, pass primary filters: 45, did not pass the filter by color: 1, added: 44, new vincodes: 0
27-09-2011 09:14:31 --- INFO: Lexus RX 400H - found: 29, pass primary filters: 3, did not pass the filter by color: 1, added: 2, new vincodes: 0
27-09-2011 09:15:38 --- INFO: Lexus GX 470 - found: 79, pass primary filters: 40, did not pass the filter by color: 1, added: 39, new vincodes: 0
27-09-2011 09:16:39 --- INFO: Lexus GX 470 - found: 76, pass primary filters: 51, did not pass the filter by color: 91, added: -40, new vincodes: 0
27-09-2011 09:16:54 --- INFO: Lexus LX 470 - found: 19, pass primary filters: 14, did not pass the filter by color: 2, added: 12, new vincodes: 0
27-09-2011 09:17:12 --- INFO: Lexus LX 470 - found: 23, pass primary filters: 15, did not pass the filter by color: 1, added: 14, new vincodes: 0
27-09-2011 09:17:22 --- INFO: Toyota Land Cruiser - found: 12, pass primary filters: 4, did not pass the filter by color: 5, added: -1, new vincodes: 0
27-09-2011 09:18:47 --- INFO: Honda CR-V - found: 62, pass primary filters: 3, did not pass the filter by color: 0, added: 3, new vincodes: 0
27-09-2011 09:20:37 --- INFO: Honda CR-V - found: 169, pass primary filters: 8, did not pass the filter by color: 0, added: 8, new vincodes: 0
27-09-2011 09:21:20 --- INFO: Mitsubishi Montero 4WD Limited - found: 70, pass primary filters: 4, did not pass the filter by color: 2, added: 2, new vincodes: 0
27-09-2011 09:23:10 --- INFO: Toyota 4RUNNER 4WD Limited - found: 171, pass primary filters: 50, did not pass the filter by color: 3, added: 47, new vincodes: 0
27-09-2011 09:24:06 --- INFO: Toyota RAV 4 - found: 73, pass primary filters: 22, did not pass the filter by color: 1, added: 21, new vincodes: 0
27-09-2011 09:25:11 --- INFO: Toyota Highlander 4WD - found: 94, pass primary filters: 5, did not pass the filter by color: 8, added: -3, new vincodes: 0
27-09-2011 09:27:47 --- INFO: Subaru Forester - found: 188, pass primary filters: 18, did not pass the filter by color: 0, added: 18, new vincodes: 0
27-09-2011 09:31:24 --- INFO: Nissan Rogue - found: 274, pass primary filters: 12, did not pass the filter by color: 0, added: 12, new vincodes: 0
27-09-2011 09:32:14 --- INFO: Toyota Highlander - found: 94, pass primary filters: 40, did not pass the filter by color: 65, added: -25, new vincodes: 0
27-09-2011 09:33:06 --- INFO: Acura MDX - found: 79, pass primary filters: 0, did not pass the filter by color: 0, added: 0, new vincodes: 0
27-09-2011 09:33:06 --- INFO: finish: 27-09-2011 09:33:06
27-09-2011 09:33:06 --- INFO: elapsed time: ~1385.78 sec., memory usage: ~4.53 Mb.
27-09-2011 09:10:29 --- INFO: start: 27-09-2011 09:10:29
27-09-2011 09:10:29 --- INFO: ----------Source_Gsmotors (apache2handler)
27-09-2011 09:11:22 --- INFO: Lexus RX 300 - found: 71, pass primary filters: 22, did not pass the filter by color: 4, added: 18, new vincodes: 0
27-09-2011 09:13:36 --- INFO: Lexus RX 330 - found: 178, pass primary filters: 45, did not pass the filter by color: 40, added: 5, new vincodes: 0
27-09-2011 09:14:29 --- INFO: Lexus RX 400H - found: 29, pass primary filters: 3, did not pass the filter by color: 1, added: 2, new vincodes: 0
27-09-2011 09:15:38 --- INFO: Lexus GX 470 - found: 79, pass primary filters: 40, did not pass the filter by color: 65, added: -25, new vincodes: 0
27-09-2011 09:16:39 --- INFO: Lexus GX 470 - found: 76, pass primary filters: 51, did not pass the filter by color: 1, added: 50, new vincodes: 0
27-09-2011 09:16:54 --- INFO: Lexus LX 470 - found: 19, pass primary filters: 14, did not pass the filter by color: 25, added: -11, new vincodes: 0
27-09-2011 09:17:12 --- INFO: Lexus LX 470 - found: 23, pass primary filters: 15, did not pass the filter by color: 29, added: -14, new vincodes: 0
27-09-2011 09:17:22 --- INFO: Toyota Land Cruiser - found: 12, pass primary filters: 4, did not pass the filter by color: 1, added: 3, new vincodes: 0
27-09-2011 09:18:09 --- INFO: Honda CR-V - found: 62, pass primary filters: 3, did not pass the filter by color: 0, added: 3, new vincodes: 0
27-09-2011 09:20:15 --- INFO: Honda CR-V - found: 169, pass primary filters: 8, did not pass the filter by color: 0, added: 8, new vincodes: 0
27-09-2011 09:21:01 --- INFO: Mitsubishi Montero 4WD Limited - found: 70, pass primary filters: 4, did not pass the filter by color: 6, added: -2, new vincodes: 0
27-09-2011 09:23:02 --- INFO: Toyota 4RUNNER 4WD Limited - found: 171, pass primary filters: 50, did not pass the filter by color: 64, added: -14, new vincodes: 0
27-09-2011 09:24:06 --- INFO: Toyota RAV 4 - found: 73, pass primary filters: 22, did not pass the filter by color: 36, added: -14, new vincodes: 0
27-09-2011 09:25:14 --- INFO: Toyota Highlander 4WD - found: 94, pass primary filters: 5, did not pass the filter by color: 0, added: 5, new vincodes: 0
27-09-2011 09:27:43 --- INFO: Subaru Forester - found: 188, pass primary filters: 18, did not pass the filter by color: 0, added: 18, new vincodes: 0
27-09-2011 09:31:24 --- INFO: Nissan Rogue - found: 274, pass primary filters: 12, did not pass the filter by color: 0, added: 12, new vincodes: 0
27-09-2011 09:32:15 --- INFO: Toyota Highlander - found: 94, pass primary filters: 40, did not pass the filter by color: 1, added: 39, new vincodes: 0
27-09-2011 09:33:06 --- INFO: Acura MDX - found: 79, pass primary filters: 0, did not pass the filter by color: 0, added: 0, new vincodes: 0
27-09-2011 09:33:06 --- INFO: finish: 27-09-2011 09:33:06
27-09-2011 09:33:06 --- INFO: elapsed time: ~1357.18 sec., memory usage: ~4.53 Mb.
27-09-2011 09:39:09 --- INFO: start: 27-09-2011 09:39:09
27-09-2011 09:39:09 --- INFO: ----------Source_Gsmotors (apache2handler)
27-09-2011 09:40:13 --- INFO: Lexus RX 300 - found: 71, pass primary filters: 22, did not pass the filter by color: 5, added: 17, new vincodes: 0
27-09-2011 09:41:57 --- INFO: Lexus RX 330 - found: 178, pass primary filters: 45, did not pass the filter by color: 11, added: 34, new vincodes: 0
27-09-2011 09:42:15 --- INFO: Lexus RX 400H - found: 29, pass primary filters: 3, did not pass the filter by color: 1, added: 2, new vincodes: 0
27-09-2011 09:42:57 --- INFO: Lexus GX 470 - found: 79, pass primary filters: 40, did not pass the filter by color: 31, added: 9, new vincodes: 0
27-09-2011 09:43:59 --- INFO: Lexus GX 470 - found: 76, pass primary filters: 51, did not pass the filter by color: 45, added: 6, new vincodes: 0
27-09-2011 09:44:17 --- INFO: Lexus LX 470 - found: 19, pass primary filters: 14, did not pass the filter by color: 13, added: 1, new vincodes: 0
27-09-2011 09:44:32 --- INFO: Lexus LX 470 - found: 23, pass primary filters: 15, did not pass the filter by color: 15, added: 0, new vincodes: 0
27-09-2011 09:44:40 --- INFO: Toyota Land Cruiser - found: 12, pass primary filters: 4, did not pass the filter by color: 3, added: 1, new vincodes: 0
27-09-2011 09:45:31 --- INFO: Honda CR-V - found: 62, pass primary filters: 3, did not pass the filter by color: 0, added: 3, new vincodes: 0
27-09-2011 09:47:13 --- INFO: Honda CR-V - found: 169, pass primary filters: 8, did not pass the filter by color: 0, added: 8, new vincodes: 0
27-09-2011 09:47:56 --- INFO: Mitsubishi Montero 4WD Limited - found: 70, pass primary filters: 4, did not pass the filter by color: 4, added: 0, new vincodes: 0
27-09-2011 09:49:40 --- INFO: Toyota 4RUNNER 4WD Limited - found: 171, pass primary filters: 50, did not pass the filter by color: 31, added: 19, new vincodes: 0
27-09-2011 09:50:34 --- INFO: Toyota RAV 4 - found: 73, pass primary filters: 22, did not pass the filter by color: 17, added: 5, new vincodes: 0
27-09-2011 09:51:26 --- INFO: Toyota Highlander 4WD - found: 94, pass primary filters: 5, did not pass the filter by color: 4, added: 1, new vincodes: 0
27-09-2011 09:53:56 --- INFO: Subaru Forester - found: 188, pass primary filters: 18, did not pass the filter by color: 0, added: 18, new vincodes: 0
27-09-2011 09:57:07 --- INFO: Nissan Rogue - found: 274, pass primary filters: 12, did not pass the filter by color: 0, added: 12, new vincodes: 0
27-09-2011 09:57:59 --- INFO: Toyota Highlander - found: 94, pass primary filters: 40, did not pass the filter by color: 31, added: 9, new vincodes: 0
27-09-2011 09:59:03 --- INFO: Acura MDX - found: 79, pass primary filters: 0, did not pass the filter by color: 0, added: 0, new vincodes: 0
27-09-2011 09:59:03 --- INFO: finish: 27-09-2011 09:59:03
27-09-2011 09:59:03 --- INFO: elapsed time: ~1193.71 sec., memory usage: ~4.53 Mb.
27-09-2011 10:00:01 --- INFO: start: 27-09-2011 10:00:01
27-09-2011 10:00:01 --- INFO: ----------Source_Adesa (cli)
27-09-2011 10:00:02 --- INFO: Authorized request
27-09-2011 10:00:07 --- INFO: Lexus RX 300 - found: 11, pass primary filters: 5, did not pass the filter by color: 2, added: 3, new vincodes: 0
27-09-2011 10:00:14 --- INFO: Lexus RX 330 - found: 15, pass primary filters: 7, did not pass the filter by color: 1, added: 6, new vincodes: 0
27-09-2011 10:00:15 --- INFO: Lexus RX 400H - found: 3, pass primary filters: 1, did not pass the filter by color: 0, added: 1, new vincodes: 0
27-09-2011 10:00:19 --- INFO: Lexus GX 470 - found: 6, pass primary filters: 4, did not pass the filter by color: 4, added: 0, new vincodes: 0
27-09-2011 10:00:21 --- INFO: Lexus GX 470 - found: 3, pass primary filters: 2, did not pass the filter by color: 2, added: 0, new vincodes: 0
27-09-2011 10:00:21 --- INFO: Lexus LX 470 - found: 0, pass primary filters: 0, did not pass the filter by color: 0, added: 0, new vincodes: 0
27-09-2011 10:00:22 --- INFO: Lexus LX 470 - found: 2, pass primary filters: 1, did not pass the filter by color: 1, added: 0, new vincodes: 0
27-09-2011 10:00:22 --- INFO: Toyota Land Cruiser - found: 0, pass primary filters: 0, did not pass the filter by color: 0, added: 0, new vincodes: 0
27-09-2011 10:00:25 --- INFO: Honda CR-V - found: 12, pass primary filters: 2, did not pass the filter by color: 0, added: 2, new vincodes: 0
27-09-2011 10:00:25 --- INFO: Honda CR-V - found: 4, pass primary filters: 1, did not pass the filter by color: 0, added: 1, new vincodes: 0
27-09-2011 10:00:31 --- INFO: Mitsubishi Montero 4WD Limited - found: 21, pass primary filters: 6, did not pass the filter by color: 6, added: 0, new vincodes: 0
27-09-2011 10:00:33 --- INFO: Toyota 4RUNNER 4WD Limited - found: 19, pass primary filters: 3, did not pass the filter by color: 3, added: 0, new vincodes: 0
27-09-2011 10:00:35 --- INFO: Toyota RAV 4 - found: 7, pass primary filters: 2, did not pass the filter by color: 2, added: 0, new vincodes: 0
27-09-2011 10:00:37 --- INFO: Toyota Highlander 4WD - found: 21, pass primary filters: 1, did not pass the filter by color: 1, added: 0, new vincodes: 0
27-09-2011 10:00:38 --- INFO: Subaru Forester - found: 1, pass primary filters: 1, did not pass the filter by color: 0, added: 1, new vincodes: 0
27-09-2011 10:00:41 --- INFO: Nissan Rogue - found: 19, pass primary filters: 4, did not pass the filter by color: 0, added: 4, new vincodes: 0
27-09-2011 10:00:49 --- INFO: Toyota Highlander - found: 21, pass primary filters: 7, did not pass the filter by color: 7, added: 0, new vincodes: 0
27-09-2011 10:00:49 --- INFO: Acura MDX - found: 19, pass primary filters: 0, did not pass the filter by color: 0, added: 0, new vincodes: 0
27-09-2011 10:00:49 --- INFO: finish: 27-09-2011 10:00:49
27-09-2011 10:00:49 --- INFO: elapsed time: ~48.1 sec., memory usage: ~2.3 Mb.
27-09-2011 10:00:01 --- INFO: start: 27-09-2011 10:00:01
27-09-2011 10:00:01 --- INFO: ----------Source_Gsmotors (cli)
27-09-2011 10:01:35 --- INFO: Lexus RX 300 - found: 71, pass primary filters: 22, did not pass the filter by color: 5, added: 17, new vincodes: 0
27-09-2011 10:03:41 --- INFO: Lexus RX 330 - found: 178, pass primary filters: 45, did not pass the filter by color: 11, added: 34, new vincodes: 0
27-09-2011 10:03:58 --- INFO: Lexus RX 400H - found: 29, pass primary filters: 3, did not pass the filter by color: 1, added: 2, new vincodes: 0
27-09-2011 10:05:49 --- INFO: Lexus GX 470 - found: 79, pass primary filters: 40, did not pass the filter by color: 31, added: 9, new vincodes: 0
27-09-2011 10:06:51 --- INFO: Lexus GX 470 - found: 76, pass primary filters: 51, did not pass the filter by color: 45, added: 6, new vincodes: 0
27-09-2011 10:07:02 --- INFO: Lexus LX 470 - found: 19, pass primary filters: 14, did not pass the filter by color: 13, added: 1, new vincodes: 0
27-09-2011 10:07:21 --- INFO: Lexus LX 470 - found: 23, pass primary filters: 15, did not pass the filter by color: 15, added: 0, new vincodes: 0
27-09-2011 10:07:30 --- INFO: Toyota Land Cruiser - found: 12, pass primary filters: 4, did not pass the filter by color: 3, added: 1, new vincodes: 0
27-09-2011 10:08:14 --- INFO: Honda CR-V - found: 62, pass primary filters: 3, did not pass the filter by color: 0, added: 3, new vincodes: 0
27-09-2011 10:10:31 --- INFO: Honda CR-V - found: 169, pass primary filters: 8, did not pass the filter by color: 0, added: 8, new vincodes: 0
27-09-2011 10:11:08 --- INFO: Mitsubishi Montero 4WD Limited - found: 70, pass primary filters: 4, did not pass the filter by color: 4, added: 0, new vincodes: 0
27-09-2011 10:12:31 --- INFO: Toyota 4RUNNER 4WD Limited - found: 171, pass primary filters: 50, did not pass the filter by color: 31, added: 19, new vincodes: 0
27-09-2011 10:13:12 --- INFO: Toyota RAV 4 - found: 73, pass primary filters: 22, did not pass the filter by color: 17, added: 5, new vincodes: 0
27-09-2011 10:15:29 --- INFO: Toyota Highlander 4WD - found: 94, pass primary filters: 5, did not pass the filter by color: 4, added: 1, new vincodes: 0
27-09-2011 10:17:52 --- INFO: Subaru Forester - found: 188, pass primary filters: 18, did not pass the filter by color: 0, added: 18, new vincodes: 0
27-09-2011 10:21:29 --- INFO: Nissan Rogue - found: 274, pass primary filters: 12, did not pass the filter by color: 0, added: 12, new vincodes: 0
27-09-2011 10:22:24 --- INFO: Toyota Highlander - found: 94, pass primary filters: 40, did not pass the filter by color: 31, added: 9, new vincodes: 0
27-09-2011 10:23:11 --- INFO: Acura MDX - found: 79, pass primary filters: 0, did not pass the filter by color: 0, added: 0, new vincodes: 0
27-09-2011 10:23:11 --- INFO: finish: 27-09-2011 10:23:11
27-09-2011 10:23:11 --- INFO: elapsed time: ~1389.5 sec., memory usage: ~4.53 Mb.
27-09-2011 10:25:59 --- INFO: start: 27-09-2011 10:25:59
27-09-2011 10:25:59 --- INFO: ----------Source_Adesa (apache2handler)
27-09-2011 10:26:00 --- INFO: Authorized request
27-09-2011 10:26:05 --- INFO: Lexus RX 300 - found: 11, pass primary filters: 5, did not pass the filter by color: 3, added: 2, new vincodes: 0
27-09-2011 10:26:11 --- INFO: Lexus RX 330 - found: 15, pass primary filters: 7, did not pass the filter by color: 1, added: 6, new vincodes: 0
27-09-2011 10:26:12 --- INFO: Lexus RX 400H - found: 3, pass primary filters: 1, did not pass the filter by color: 0, added: 1, new vincodes: 0
27-09-2011 10:26:15 --- INFO: Lexus GX 470 - found: 6, pass primary filters: 4, did not pass the filter by color: 4, added: 0, new vincodes: 0
27-09-2011 10:26:17 --- INFO: Lexus GX 470 - found: 3, pass primary filters: 2, did not pass the filter by color: 2, added: 0, new vincodes: 0
27-09-2011 10:26:17 --- INFO: Lexus LX 470 - found: 0, pass primary filters: 0, did not pass the filter by color: 0, added: 0, new vincodes: 0
27-09-2011 10:26:18 --- INFO: Lexus LX 470 - found: 2, pass primary filters: 1, did not pass the filter by color: 1, added: 0, new vincodes: 0
27-09-2011 10:26:18 --- INFO: Toyota Land Cruiser - found: 0, pass primary filters: 0, did not pass the filter by color: 0, added: 0, new vincodes: 0
27-09-2011 10:26:20 --- INFO: Honda CR-V - found: 12, pass primary filters: 2, did not pass the filter by color: 0, added: 2, new vincodes: 0
27-09-2011 10:26:21 --- INFO: Honda CR-V - found: 4, pass primary filters: 1, did not pass the filter by color: 0, added: 1, new vincodes: 0
27-09-2011 10:26:25 --- INFO: Mitsubishi Montero 4WD Limited - found: 20, pass primary filters: 5, did not pass the filter by color: 5, added: 0, new vincodes: 0
27-09-2011 10:26:28 --- INFO: Toyota 4RUNNER 4WD Limited - found: 19, pass primary filters: 4, did not pass the filter by color: 4, added: 0, new vincodes: 1
27-09-2011 10:26:31 --- INFO: Toyota RAV 4 - found: 8, pass primary filters: 3, did not pass the filter by color: 3, added: 0, new vincodes: 0
27-09-2011 10:26:33 --- INFO: Toyota Highlander 4WD - found: 21, pass primary filters: 1, did not pass the filter by color: 1, added: 0, new vincodes: 0
27-09-2011 10:26:34 --- INFO: Subaru Forester - found: 1, pass primary filters: 1, did not pass the filter by color: 0, added: 1, new vincodes: 0
27-09-2011 10:26:39 --- INFO: Nissan Rogue - found: 19, pass primary filters: 4, did not pass the filter by color: 0, added: 4, new vincodes: 0
27-09-2011 10:26:45 --- INFO: Toyota Highlander - found: 21, pass primary filters: 7, did not pass the filter by color: 7, added: 0, new vincodes: 0
27-09-2011 10:26:45 --- INFO: Acura MDX - found: 18, pass primary filters: 0, did not pass the filter by color: 0, added: 0, new vincodes: 0
27-09-2011 10:26:45 --- INFO: finish: 27-09-2011 10:26:45
27-09-2011 10:26:45 --- INFO: elapsed time: ~46.11 sec., memory usage: ~2.34 Mb.
27-09-2011 11:05:01 --- INFO: start: 27-09-2011 11:05:01
27-09-2011 11:05:01 --- INFO: ----------Source_Openlane (cli)
27-09-2011 11:05:04 --- ERROR: Unauthorized request
27-09-2011 11:05:04 --- INFO: finish: 27-09-2011 11:05:04
27-09-2011 11:05:04 --- INFO: elapsed time: ~3.2 sec., memory usage: ~1.31 Mb.
27-09-2011 11:10:01 --- INFO: start: 27-09-2011 11:10:01
27-09-2011 11:10:01 --- INFO: ----------Source_Adesa (cli)
27-09-2011 11:10:02 --- INFO: Authorized request
27-09-2011 11:10:10 --- INFO: Lexus RX 300 - found: 13, pass primary filters: 6, did not pass the filter by color: 2, added: 4, new vincodes: 0
27-09-2011 11:10:17 --- INFO: Lexus RX 330 - found: 15, pass primary filters: 7, did not pass the filter by color: 1, added: 6, new vincodes: 0
27-09-2011 11:10:18 --- INFO: Lexus RX 400H - found: 2, pass primary filters: 1, did not pass the filter by color: 0, added: 1, new vincodes: 0
27-09-2011 11:10:23 --- INFO: Lexus GX 470 - found: 5, pass primary filters: 4, did not pass the filter by color: 4, added: 0, new vincodes: 0
27-09-2011 11:10:25 --- INFO: Lexus GX 470 - found: 3, pass primary filters: 2, did not pass the filter by color: 2, added: 0, new vincodes: 0
27-09-2011 11:10:25 --- INFO: Lexus LX 470 - found: 0, pass primary filters: 0, did not pass the filter by color: 0, added: 0, new vincodes: 0
27-09-2011 11:10:26 --- INFO: Lexus LX 470 - found: 3, pass primary filters: 1, did not pass the filter by color: 1, added: 0, new vincodes: 0
27-09-2011 11:10:26 --- INFO: Toyota Land Cruiser - found: 0, pass primary filters: 0, did not pass the filter by color: 0, added: 0, new vincodes: 0
27-09-2011 11:10:28 --- INFO: Honda CR-V - found: 12, pass primary filters: 2, did not pass the filter by color: 0, added: 2, new vincodes: 0
27-09-2011 11:10:29 --- INFO: Honda CR-V - found: 4, pass primary filters: 1, did not pass the filter by color: 0, added: 1, new vincodes: 0
27-09-2011 11:10:34 --- INFO: Mitsubishi Montero 4WD Limited - found: 23, pass primary filters: 5, did not pass the filter by color: 5, added: 0, new vincodes: 0
27-09-2011 11:10:37 --- INFO: Toyota 4RUNNER 4WD Limited - found: 18, pass primary filters: 5, did not pass the filter by color: 5, added: 0, new vincodes: 1
27-09-2011 11:10:44 --- INFO: Toyota RAV 4 - found: 9, pass primary filters: 4, did not pass the filter by color: 4, added: 0, new vincodes: 1
27-09-2011 11:10:46 --- INFO: Toyota Highlander 4WD - found: 21, pass primary filters: 1, did not pass the filter by color: 1, added: 0, new vincodes: 0
27-09-2011 11:10:47 --- INFO: Subaru Forester - found: 1, pass primary filters: 1, did not pass the filter by color: 0, added: 1, new vincodes: 0
27-09-2011 11:10:51 --- INFO: Nissan Rogue - found: 19, pass primary filters: 4, did not pass the filter by color: 0, added: 4, new vincodes: 0
27-09-2011 11:10:57 --- INFO: Toyota Highlander - found: 21, pass primary filters: 7, did not pass the filter by color: 7, added: 0, new vincodes: 0
27-09-2011 11:10:57 --- INFO: Acura MDX - found: 18, pass primary filters: 0, did not pass the filter by color: 0, added: 0, new vincodes: 0
27-09-2011 11:10:57 --- INFO: finish: 27-09-2011 11:10:57
27-09-2011 11:10:57 --- INFO: elapsed time: ~55.97 sec., memory usage: ~2.36 Mb.
27-09-2011 11:10:01 --- INFO: start: 27-09-2011 11:10:01
27-09-2011 11:10:01 --- INFO: ----------Source_Gsmotors (cli)
27-09-2011 11:11:41 --- INFO: Lexus RX 300 - found: 77, pass primary filters: 24, did not pass the filter by color: 10, added: 14, new vincodes: 4
27-09-2011 11:16:58 --- INFO: Lexus RX 330 - found: 219, pass primary filters: 49, did not pass the filter by color: 11, added: 38, new vincodes: 5
27-09-2011 11:17:47 --- INFO: Lexus RX 400H - found: 44, pass primary filters: 3, did not pass the filter by color: 1, added: 2, new vincodes: 0
27-09-2011 11:21:47 --- INFO: Lexus GX 470 - found: 85, pass primary filters: 40, did not pass the filter by color: 30, added: 10, new vincodes: 2
27-09-2011 11:24:33 --- INFO: Lexus GX 470 - found: 89, pass primary filters: 55, did not pass the filter by color: 49, added: 6, new vincodes: 1
27-09-2011 11:24:59 --- INFO: Lexus LX 470 - found: 24, pass primary filters: 13, did not pass the filter by color: 12, added: 1, new vincodes: 0
27-09-2011 11:25:36 --- INFO: Lexus LX 470 - found: 24, pass primary filters: 16, did not pass the filter by color: 16, added: 0, new vincodes: 1
27-09-2011 11:25:55 --- INFO: Toyota Land Cruiser - found: 14, pass primary filters: 6, did not pass the filter by color: 4, added: 2, new vincodes: 1
27-09-2011 11:29:57 --- INFO: Honda CR-V - found: 65, pass primary filters: 0, did not pass the filter by color: 0, added: 0, new vincodes: 0
27-09-2011 11:29:58 --- INFO: Honda CR-V - found: 0, pass primary filters: 0, did not pass the filter by color: 0, added: 0, new vincodes: 0
27-09-2011 11:30:58 --- INFO: Mitsubishi Montero 4WD Limited - found: 0, pass primary filters: 0, did not pass the filter by color: 0, added: 0, new vincodes: 0
27-09-2011 11:31:51 --- INFO: Toyota 4RUNNER 4WD Limited - found: 0, pass primary filters: 0, did not pass the filter by color: 0, added: 0, new vincodes: 0
27-09-2011 11:31:53 --- INFO: Toyota RAV 4 - found: 0, pass primary filters: 0, did not pass the filter by color: 0, added: 0, new vincodes: 0
27-09-2011 11:31:54 --- INFO: Toyota Highlander 4WD - found: 0, pass primary filters: 0, did not pass the filter by color: 0, added: 0, new vincodes: 0
27-09-2011 11:31:57 --- INFO: Subaru Forester - found: 0, pass primary filters: 0, did not pass the filter by color: 0, added: 0, new vincodes: 0
27-09-2011 11:31:59 --- INFO: Nissan Rogue - found: 0, pass primary filters: 0, did not pass the filter by color: 0, added: 0, new vincodes: 0
27-09-2011 11:32:00 --- INFO: Toyota Highlander - found: 0, pass primary filters: 0, did not pass the filter by color: 0, added: 0, new vincodes: 0
27-09-2011 11:32:00 --- INFO: Acura MDX - found: 0, pass primary filters: 0, did not pass the filter by color: 0, added: 0, new vincodes: 0
27-09-2011 11:32:00 --- INFO: finish: 27-09-2011 11:32:00
27-09-2011 11:32:00 --- INFO: elapsed time: ~1319.03 sec., memory usage: ~3.53 Mb.
27-09-2011 11:10:01 --- INFO: start: 27-09-2011 11:10:01
27-09-2011 11:10:01 --- INFO: ----------Source_Ebay (cli)
27-09-2011 11:10:28 --- INFO: Lexus RX 300 - found: 18, pass primary filters: 3, did not pass the filter by color: 1, added: 2, new vincodes: 0
27-09-2011 11:15:13 --- INFO: Lexus RX 330 - found: 78, pass primary filters: 20, did not pass the filter by color: 14, added: 6, new vincodes: 0
27-09-2011 11:18:29 --- INFO: Lexus RX 400H - found: 52, pass primary filters: 2, did not pass the filter by color: 1, added: 1, new vincodes: 0
27-09-2011 11:19:28 --- INFO: Lexus GX 470 - found: 37, pass primary filters: 9, did not pass the filter by color: 6, added: 3, new vincodes: 0
27-09-2011 11:20:12 --- INFO: Lexus GX 470 - found: 25, pass primary filters: 10, did not pass the filter by color: 7, added: 3, new vincodes: 0
27-09-2011 11:20:21 --- INFO: Lexus LX 470 - found: 4, pass primary filters: 3, did not pass the filter by color: 3, added: 0, new vincodes: 0
27-09-2011 11:20:31 --- INFO: Lexus LX 470 - found: 5, pass primary filters: 4, did not pass the filter by color: 4, added: 0, new vincodes: 0
27-09-2011 11:20:46 --- INFO: Toyota Land Cruiser - found: 8, pass primary filters: 7, did not pass the filter by color: 6, added: 1, new vincodes: 0
27-09-2011 11:21:20 --- INFO: Honda CR-V - found: 19, pass primary filters: 1, did not pass the filter by color: 0, added: 1, new vincodes: 0
27-09-2011 11:23:47 --- INFO: Honda CR-V - found: 64, pass primary filters: 0, did not pass the filter by color: 0, added: 0, new vincodes: 0
27-09-2011 11:23:52 --- INFO: Mitsubishi Montero 4WD Limited - found: 3, pass primary filters: 0, did not pass the filter by color: 0, added: 0, new vincodes: 0
27-09-2011 11:25:28 --- INFO: Toyota 4RUNNER 4WD Limited - found: 51, pass primary filters: 28, did not pass the filter by color: 23, added: 5, new vincodes: 0
27-09-2011 11:25:41 --- INFO: Toyota RAV 4 - found: 10, pass primary filters: 4, did not pass the filter by color: 2, added: 2, new vincodes: 0
27-09-2011 11:26:00 --- INFO: Toyota Highlander 4WD - found: 18, pass primary filters: 0, did not pass the filter by color: 0, added: 0, new vincodes: 0
27-09-2011 11:27:51 --- INFO: Subaru Forester - found: 57, pass primary filters: 6, did not pass the filter by color: 0, added: 6, new vincodes: 0
27-09-2011 11:31:17 --- INFO: Nissan Rogue - found: 56, pass primary filters: 0, did not pass the filter by color: 0, added: 0, new vincodes: 0
27-09-2011 11:31:57 --- INFO: Toyota Highlander - found: 18, pass primary filters: 3, did not pass the filter by color: 2, added: 1, new vincodes: 0
27-09-2011 11:32:09 --- INFO: Acura MDX - found: 8, pass primary filters: 0, did not pass the filter by color: 0, added: 0, new vincodes: 0
27-09-2011 11:32:09 --- INFO: finish: 27-09-2011 11:32:09
27-09-2011 11:32:09 --- INFO: elapsed time: ~1327.47 sec., memory usage: ~2.73 Mb.
27-09-2011 12:20:01 --- INFO: start: 27-09-2011 12:20:01
27-09-2011 12:20:01 --- INFO: ----------Source_Adesa (cli)
27-09-2011 12:20:02 --- INFO: Authorized request
27-09-2011 12:20:09 --- INFO: Lexus RX 300 - found: 13, pass primary filters: 6, did not pass the filter by color: 2, added: 4, new vincodes: 0
27-09-2011 12:20:14 --- INFO: Lexus RX 330 - found: 15, pass primary filters: 7, did not pass the filter by color: 1, added: 6, new vincodes: 0
27-09-2011 12:20:15 --- INFO: Lexus RX 400H - found: 3, pass primary filters: 1, did not pass the filter by color: 0, added: 1, new vincodes: 0
27-09-2011 12:20:17 --- INFO: Lexus GX 470 - found: 4, pass primary filters: 3, did not pass the filter by color: 3, added: 0, new vincodes: 0
27-09-2011 12:20:20 --- INFO: Lexus GX 470 - found: 3, pass primary filters: 3, did not pass the filter by color: 2, added: 1, new vincodes: 1
27-09-2011 12:20:20 --- INFO: Lexus LX 470 - found: 0, pass primary filters: 0, did not pass the filter by color: 0, added: 0, new vincodes: 0
27-09-2011 12:20:21 --- INFO: Lexus LX 470 - found: 2, pass primary filters: 1, did not pass the filter by color: 1, added: 0, new vincodes: 0
27-09-2011 12:20:21 --- INFO: Toyota Land Cruiser - found: 0, pass primary filters: 0, did not pass the filter by color: 0, added: 0, new vincodes: 0
27-09-2011 12:20:23 --- INFO: Honda CR-V - found: 12, pass primary filters: 2, did not pass the filter by color: 0, added: 2, new vincodes: 0
27-09-2011 12:20:23 --- INFO: Honda CR-V - found: 4, pass primary filters: 1, did not pass the filter by color: 0, added: 1, new vincodes: 0
27-09-2011 12:20:27 --- INFO: Mitsubishi Montero 4WD Limited - found: 22, pass primary filters: 4, did not pass the filter by color: 4, added: 0, new vincodes: 0
27-09-2011 12:20:29 --- INFO: Toyota 4RUNNER 4WD Limited - found: 18, pass primary filters: 5, did not pass the filter by color: 5, added: 0, new vincodes: 0
27-09-2011 12:20:32 --- INFO: Toyota RAV 4 - found: 8, pass primary filters: 3, did not pass the filter by color: 3, added: 0, new vincodes: 0
27-09-2011 12:20:34 --- INFO: Toyota Highlander 4WD - found: 21, pass primary filters: 1, did not pass the filter by color: 1, added: 0, new vincodes: 0
27-09-2011 12:20:35 --- INFO: Subaru Forester - found: 1, pass primary filters: 1, did not pass the filter by color: 0, added: 1, new vincodes: 0
27-09-2011 12:20:45 --- INFO: Nissan Rogue - found: 19, pass primary filters: 4, did not pass the filter by color: 0, added: 4, new vincodes: 0
27-09-2011 12:20:51 --- INFO: Toyota Highlander - found: 21, pass primary filters: 7, did not pass the filter by color: 7, added: 0, new vincodes: 0
27-09-2011 12:20:51 --- INFO: Acura MDX - found: 19, pass primary filters: 0, did not pass the filter by color: 0, added: 0, new vincodes: 0
27-09-2011 12:20:51 --- INFO: finish: 27-09-2011 12:20:51
27-09-2011 12:20:51 --- INFO: elapsed time: ~50.18 sec., memory usage: ~2.34 Mb.
27-09-2011 12:20:01 --- INFO: start: 27-09-2011 12:20:01
27-09-2011 12:20:01 --- INFO: ----------Source_Gsmotors (cli)
27-09-2011 12:21:06 --- INFO: Lexus RX 300 - found: 77, pass primary filters: 24, did not pass the filter by color: 10, added: 14, new vincodes: 0
27-09-2011 12:23:33 --- INFO: Lexus RX 330 - found: 219, pass primary filters: 49, did not pass the filter by color: 12, added: 37, new vincodes: 0
27-09-2011 12:24:08 --- INFO: Lexus RX 400H - found: 44, pass primary filters: 3, did not pass the filter by color: 1, added: 2, new vincodes: 0
27-09-2011 12:24:59 --- INFO: Lexus GX 470 - found: 85, pass primary filters: 40, did not pass the filter by color: 30, added: 10, new vincodes: 0
27-09-2011 12:26:06 --- INFO: Lexus GX 470 - found: 89, pass primary filters: 55, did not pass the filter by color: 49, added: 6, new vincodes: 0
27-09-2011 12:26:20 --- INFO: Lexus LX 470 - found: 24, pass primary filters: 13, did not pass the filter by color: 12, added: 1, new vincodes: 0
27-09-2011 12:26:34 --- INFO: Lexus LX 470 - found: 24, pass primary filters: 16, did not pass the filter by color: 16, added: 0, new vincodes: 0
27-09-2011 12:26:44 --- INFO: Toyota Land Cruiser - found: 14, pass primary filters: 6, did not pass the filter by color: 4, added: 2, new vincodes: 0
27-09-2011 12:26:58 --- INFO: Honda CR-V - found: 65, pass primary filters: 0, did not pass the filter by color: 0, added: 0, new vincodes: 0
27-09-2011 12:26:59 --- INFO: Honda CR-V - found: 0, pass primary filters: 0, did not pass the filter by color: 0, added: 0, new vincodes: 0
27-09-2011 12:26:59 --- INFO: Mitsubishi Montero 4WD Limited - found: 0, pass primary filters: 0, did not pass the filter by color: 0, added: 0, new vincodes: 0
27-09-2011 12:27:00 --- INFO: Toyota 4RUNNER 4WD Limited - found: 0, pass primary filters: 0, did not pass the filter by color: 0, added: 0, new vincodes: 0
27-09-2011 12:27:00 --- INFO: Toyota RAV 4 - found: 0, pass primary filters: 0, did not pass the filter by color: 0, added: 0, new vincodes: 0
27-09-2011 12:27:01 --- INFO: Toyota Highlander 4WD - found: 0, pass primary filters: 0, did not pass the filter by color: 0, added: 0, new vincodes: 0
27-09-2011 12:27:01 --- INFO: Subaru Forester - found: 0, pass primary filters: 0, did not pass the filter by color: 0, added: 0, new vincodes: 0
27-09-2011 12:27:01 --- INFO: Nissan Rogue - found: 0, pass primary filters: 0, did not pass the filter by color: 0, added: 0, new vincodes: 0
27-09-2011 12:27:02 --- INFO: Toyota Highlander - found: 0, pass primary filters: 0, did not pass the filter by color: 0, added: 0, new vincodes: 0
27-09-2011 12:27:03 --- INFO: Acura MDX - found: 0, pass primary filters: 0, did not pass the filter by color: 0, added: 0, new vincodes: 0
27-09-2011 12:27:03 --- INFO: finish: 27-09-2011 12:27:03
27-09-2011 12:27:03 --- INFO: elapsed time: ~421.76 sec., memory usage: ~3.43 Mb.
27-09-2011 13:20:02 --- INFO: start: 27-09-2011 13:20:02
27-09-2011 13:20:02 --- INFO: ----------Source_Adesa (cli)
27-09-2011 13:20:02 --- INFO: Authorized request
27-09-2011 13:20:10 --- INFO: Lexus RX 300 - found: 13, pass primary filters: 6, did not pass the filter by color: 2, added: 4, new vincodes: 0
27-09-2011 13:20:14 --- INFO: Lexus RX 330 - found: 17, pass primary filters: 7, did not pass the filter by color: 1, added: 6, new vincodes: 0
27-09-2011 13:20:15 --- INFO: Lexus RX 400H - found: 3, pass primary filters: 1, did not pass the filter by color: 0, added: 1, new vincodes: 0
27-09-2011 13:20:17 --- INFO: Lexus GX 470 - found: 3, pass primary filters: 2, did not pass the filter by color: 2, added: 0, new vincodes: 0
27-09-2011 13:20:19 --- INFO: Lexus GX 470 - found: 3, pass primary filters: 3, did not pass the filter by color: 2, added: 1, new vincodes: 0
27-09-2011 13:20:20 --- INFO: Lexus LX 470 - found: 0, pass primary filters: 0, did not pass the filter by color: 0, added: 0, new vincodes: 0
27-09-2011 13:20:26 --- INFO: Lexus LX 470 - found: 3, pass primary filters: 2, did not pass the filter by color: 2, added: 0, new vincodes: 1
27-09-2011 13:20:26 --- INFO: Toyota Land Cruiser - found: 0, pass primary filters: 0, did not pass the filter by color: 0, added: 0, new vincodes: 0
27-09-2011 13:20:28 --- INFO: Honda CR-V - found: 12, pass primary filters: 2, did not pass the filter by color: 0, added: 2, new vincodes: 0
27-09-2011 13:20:28 --- INFO: Honda CR-V - found: 4, pass primary filters: 1, did not pass the filter by color: 0, added: 1, new vincodes: 0
27-09-2011 13:20:34 --- INFO: Mitsubishi Montero 4WD Limited - found: 23, pass primary filters: 5, did not pass the filter by color: 5, added: 0, new vincodes: 1
27-09-2011 13:20:37 --- INFO: Toyota 4RUNNER 4WD Limited - found: 18, pass primary filters: 5, did not pass the filter by color: 5, added: 0, new vincodes: 0
27-09-2011 13:20:39 --- INFO: Toyota RAV 4 - found: 9, pass primary filters: 3, did not pass the filter by color: 3, added: 0, new vincodes: 0
27-09-2011 13:20:41 --- INFO: Toyota Highlander 4WD - found: 20, pass primary filters: 1, did not pass the filter by color: 1, added: 0, new vincodes: 0
27-09-2011 13:20:42 --- INFO: Subaru Forester - found: 1, pass primary filters: 1, did not pass the filter by color: 0, added: 1, new vincodes: 0
27-09-2011 13:20:46 --- INFO: Nissan Rogue - found: 19, pass primary filters: 4, did not pass the filter by color: 0, added: 4, new vincodes: 0
27-09-2011 13:20:51 --- INFO: Toyota Highlander - found: 20, pass primary filters: 6, did not pass the filter by color: 6, added: 0, new vincodes: 0
27-09-2011 13:20:52 --- INFO: Acura MDX - found: 18, pass primary filters: 0, did not pass the filter by color: 0, added: 0, new vincodes: 0
27-09-2011 13:20:52 --- INFO: finish: 27-09-2011 13:20:52
27-09-2011 13:20:52 --- INFO: elapsed time: ~50.04 sec., memory usage: ~2.37 Mb.
27-09-2011 13:20:02 --- INFO: start: 27-09-2011 13:20:02
27-09-2011 13:20:02 --- INFO: ----------Source_Gsmotors (cli)
27-09-2011 13:20:55 --- INFO: Lexus RX 300 - found: 77, pass primary filters: 24, did not pass the filter by color: 10, added: 14, new vincodes: 0
27-09-2011 13:22:52 --- INFO: Lexus RX 330 - found: 219, pass primary filters: 49, did not pass the filter by color: 10, added: 39, new vincodes: 0
27-09-2011 13:23:17 --- INFO: Lexus RX 400H - found: 44, pass primary filters: 3, did not pass the filter by color: 1, added: 2, new vincodes: 0
27-09-2011 13:24:07 --- INFO: Lexus GX 470 - found: 85, pass primary filters: 40, did not pass the filter by color: 30, added: 10, new vincodes: 0
27-09-2011 13:24:57 --- INFO: Lexus GX 470 - found: 89, pass primary filters: 55, did not pass the filter by color: 49, added: 6, new vincodes: 0
27-09-2011 13:25:16 --- INFO: Lexus LX 470 - found: 24, pass primary filters: 13, did not pass the filter by color: 12, added: 1, new vincodes: 0
27-09-2011 13:25:33 --- INFO: Lexus LX 470 - found: 24, pass primary filters: 16, did not pass the filter by color: 16, added: 0, new vincodes: 0
27-09-2011 13:25:44 --- INFO: Toyota Land Cruiser - found: 14, pass primary filters: 6, did not pass the filter by color: 4, added: 2, new vincodes: 0
27-09-2011 13:26:00 --- INFO: Honda CR-V - found: 65, pass primary filters: 0, did not pass the filter by color: 0, added: 0, new vincodes: 0
27-09-2011 13:26:00 --- INFO: Honda CR-V - found: 0, pass primary filters: 0, did not pass the filter by color: 0, added: 0, new vincodes: 0
27-09-2011 13:26:01 --- INFO: Mitsubishi Montero 4WD Limited - found: 0, pass primary filters: 0, did not pass the filter by color: 0, added: 0, new vincodes: 0
27-09-2011 13:26:01 --- INFO: Toyota 4RUNNER 4WD Limited - found: 0, pass primary filters: 0, did not pass the filter by color: 0, added: 0, new vincodes: 0
27-09-2011 13:26:02 --- INFO: Toyota RAV 4 - found: 0, pass primary filters: 0, did not pass the filter by color: 0, added: 0, new vincodes: 0
27-09-2011 13:26:02 --- INFO: Toyota Highlander 4WD - found: 0, pass primary filters: 0, did not pass the filter by color: 0, added: 0, new vincodes: 0
27-09-2011 13:26:03 --- INFO: Subaru Forester - found: 0, pass primary filters: 0, did not pass the filter by color: 0, added: 0, new vincodes: 0
27-09-2011 13:26:03 --- INFO: Nissan Rogue - found: 0, pass primary filters: 0, did not pass the filter by color: 0, added: 0, new vincodes: 0
27-09-2011 13:26:03 --- INFO: Toyota Highlander - found: 0, pass primary filters: 0, did not pass the filter by color: 0, added: 0, new vincodes: 0
27-09-2011 13:26:04 --- INFO: Acura MDX - found: 0, pass primary filters: 0, did not pass the filter by color: 0, added: 0, new vincodes: 0
27-09-2011 13:26:04 --- INFO: finish: 27-09-2011 13:26:04
27-09-2011 13:26:04 --- INFO: elapsed time: ~362.19 sec., memory usage: ~3.43 Mb.
27-09-2011 15:05:01 --- INFO: start: 27-09-2011 15:05:01
27-09-2011 15:05:01 --- INFO: ----------Source_Openlane (cli)
27-09-2011 15:05:04 --- ERROR: Unauthorized request
27-09-2011 15:05:04 --- INFO: finish: 27-09-2011 15:05:04
27-09-2011 15:05:04 --- INFO: elapsed time: ~3.2 sec., memory usage: ~1.31 Mb.
27-09-2011 15:10:01 --- INFO: start: 27-09-2011 15:10:01
27-09-2011 15:10:01 --- INFO: ----------Source_Ebay (cli)
27-09-2011 15:10:22 --- INFO: Lexus RX 300 - found: 18, pass primary filters: 3, did not pass the filter by color: 1, added: 2, new vincodes: 0
27-09-2011 15:12:58 --- INFO: Lexus RX 330 - found: 81, pass primary filters: 20, did not pass the filter by color: 12, added: 8, new vincodes: 0
27-09-2011 15:14:45 --- INFO: Lexus RX 400H - found: 54, pass primary filters: 2, did not pass the filter by color: 0, added: 2, new vincodes: 0
27-09-2011 15:15:18 --- INFO: Lexus GX 470 - found: 35, pass primary filters: 9, did not pass the filter by color: 6, added: 3, new vincodes: 0
27-09-2011 15:15:44 --- INFO: Lexus GX 470 - found: 22, pass primary filters: 9, did not pass the filter by color: 7, added: 2, new vincodes: 0
27-09-2011 15:15:49 --- INFO: Lexus LX 470 - found: 4, pass primary filters: 3, did not pass the filter by color: 3, added: 0, new vincodes: 0
27-09-2011 15:15:55 --- INFO: Lexus LX 470 - found: 5, pass primary filters: 4, did not pass the filter by color: 4, added: 0, new vincodes: 0
27-09-2011 15:16:06 --- INFO: Toyota Land Cruiser - found: 8, pass primary filters: 7, did not pass the filter by color: 6, added: 1, new vincodes: 0
27-09-2011 15:16:41 --- INFO: Honda CR-V - found: 19, pass primary filters: 1, did not pass the filter by color: 0, added: 1, new vincodes: 0
27-09-2011 15:20:56 --- INFO: Honda CR-V - found: 64, pass primary filters: 0, did not pass the filter by color: 0, added: 0, new vincodes: 0
27-09-2011 15:21:05 --- INFO: Mitsubishi Montero 4WD Limited - found: 3, pass primary filters: 0, did not pass the filter by color: 0, added: 0, new vincodes: 0
27-09-2011 15:24:15 --- INFO: Toyota 4RUNNER 4WD Limited - found: 53, pass primary filters: 30, did not pass the filter by color: 20, added: 10, new vincodes: 1
27-09-2011 15:24:37 --- INFO: Toyota RAV 4 - found: 11, pass primary filters: 4, did not pass the filter by color: 2, added: 2, new vincodes: 0
27-09-2011 15:25:04 --- INFO: Toyota Highlander 4WD - found: 18, pass primary filters: 0, did not pass the filter by color: 0, added: 0, new vincodes: 0
27-09-2011 15:28:34 --- INFO: Subaru Forester - found: 60, pass primary filters: 6, did not pass the filter by color: 0, added: 6, new vincodes: 0
27-09-2011 15:32:08 --- INFO: Nissan Rogue - found: 56, pass primary filters: 0, did not pass the filter by color: 0, added: 0, new vincodes: 0
27-09-2011 15:32:30 --- INFO: Toyota Highlander - found: 18, pass primary filters: 3, did not pass the filter by color: 2, added: 1, new vincodes: 0
27-09-2011 15:32:39 --- INFO: Acura MDX - found: 9, pass primary filters: 0, did not pass the filter by color: 0, added: 0, new vincodes: 0
27-09-2011 15:32:39 --- INFO: finish: 27-09-2011 15:32:39
27-09-2011 15:32:39 --- INFO: elapsed time: ~1357.93 sec., memory usage: ~2.76 Mb.
27-09-2011 16:10:01 --- INFO: start: 27-09-2011 16:10:01
27-09-2011 16:10:01 --- INFO: ----------Source_Adesa (cli)
27-09-2011 16:10:02 --- INFO: Authorized request
27-09-2011 16:10:08 --- INFO: Lexus RX 300 - found: 13, pass primary filters: 6, did not pass the filter by color: 1, added: 5, new vincodes: 1
27-09-2011 16:10:11 --- INFO: Lexus RX 330 - found: 18, pass primary filters: 7, did not pass the filter by color: 1, added: 6, new vincodes: 0
27-09-2011 16:10:11 --- INFO: Lexus RX 400H - found: 3, pass primary filters: 1, did not pass the filter by color: 0, added: 1, new vincodes: 0
27-09-2011 16:10:13 --- INFO: Lexus GX 470 - found: 3, pass primary filters: 2, did not pass the filter by color: 2, added: 0, new vincodes: 0
27-09-2011 16:10:18 --- INFO: Lexus GX 470 - found: 4, pass primary filters: 4, did not pass the filter by color: 2, added: 2, new vincodes: 1
27-09-2011 16:10:18 --- INFO: Lexus LX 470 - found: 0, pass primary filters: 0, did not pass the filter by color: 0, added: 0, new vincodes: 0
27-09-2011 16:10:20 --- INFO: Lexus LX 470 - found: 3, pass primary filters: 2, did not pass the filter by color: 2, added: 0, new vincodes: 0
27-09-2011 16:10:20 --- INFO: Toyota Land Cruiser - found: 0, pass primary filters: 0, did not pass the filter by color: 0, added: 0, new vincodes: 0
27-09-2011 16:10:24 --- INFO: Honda CR-V - found: 14, pass primary filters: 3, did not pass the filter by color: 0, added: 3, new vincodes: 0
27-09-2011 16:10:25 --- INFO: Honda CR-V - found: 5, pass primary filters: 1, did not pass the filter by color: 0, added: 1, new vincodes: 0
27-09-2011 16:10:29 --- INFO: Mitsubishi Montero 4WD Limited - found: 24, pass primary filters: 5, did not pass the filter by color: 5, added: 0, new vincodes: 0
27-09-2011 16:10:33 --- INFO: Toyota 4RUNNER 4WD Limited - found: 18, pass primary filters: 6, did not pass the filter by color: 6, added: 0, new vincodes: 0
27-09-2011 16:10:35 --- INFO: Toyota RAV 4 - found: 12, pass primary filters: 4, did not pass the filter by color: 4, added: 0, new vincodes: 0
27-09-2011 16:10:36 --- INFO: Toyota Highlander 4WD - found: 19, pass primary filters: 0, did not pass the filter by color: 0, added: 0, new vincodes: 0
27-09-2011 16:10:40 --- INFO: Subaru Forester - found: 2, pass primary filters: 2, did not pass the filter by color: 0, added: 2, new vincodes: 1
27-09-2011 16:10:45 --- INFO: Nissan Rogue - found: 19, pass primary filters: 4, did not pass the filter by color: 0, added: 4, new vincodes: 0
27-09-2011 16:10:48 --- INFO: Toyota Highlander - found: 19, pass primary filters: 6, did not pass the filter by color: 6, added: 0, new vincodes: 0
27-09-2011 16:10:49 --- INFO: Acura MDX - found: 19, pass primary filters: 0, did not pass the filter by color: 0, added: 0, new vincodes: 0
27-09-2011 16:10:49 --- INFO: finish: 27-09-2011 16:10:49
27-09-2011 16:10:49 --- INFO: elapsed time: ~48.09 sec., memory usage: ~2.38 Mb.
27-09-2011 16:10:01 --- INFO: start: 27-09-2011 16:10:01
27-09-2011 16:10:01 --- INFO: ----------Source_Gsmotors (cli)
27-09-2011 16:12:13 --- INFO: Lexus RX 300 - found: 83, pass primary filters: 24, did not pass the filter by color: 9, added: 15, new vincodes: 1
27-09-2011 16:19:44 --- INFO: Lexus RX 330 - found: 242, pass primary filters: 55, did not pass the filter by color: 13, added: 42, new vincodes: 5
27-09-2011 16:20:48 --- INFO: Lexus RX 400H - found: 53, pass primary filters: 5, did not pass the filter by color: 2, added: 3, new vincodes: 1
27-09-2011 16:22:48 --- INFO: Lexus GX 470 - found: 95, pass primary filters: 44, did not pass the filter by color: 31, added: 13, new vincodes: 3
27-09-2011 16:24:57 --- INFO: Lexus GX 470 - found: 106, pass primary filters: 62, did not pass the filter by color: 55, added: 7, new vincodes: 3
27-09-2011 16:25:30 --- INFO: Lexus LX 470 - found: 26, pass primary filters: 14, did not pass the filter by color: 12, added: 2, new vincodes: 1
27-09-2011 16:26:05 --- INFO: Lexus LX 470 - found: 27, pass primary filters: 18, did not pass the filter by color: 18, added: 0, new vincodes: 2
27-09-2011 16:26:26 --- INFO: Toyota Land Cruiser - found: 16, pass primary filters: 7, did not pass the filter by color: 6, added: 1, new vincodes: 1
27-09-2011 16:27:56 --- INFO: Honda CR-V - found: 73, pass primary filters: 3, did not pass the filter by color: 0, added: 3, new vincodes: 1
27-09-2011 16:32:50 --- INFO: Honda CR-V - found: 210, pass primary filters: 9, did not pass the filter by color: 0, added: 9, new vincodes: 2
27-09-2011 16:34:50 --- INFO: Mitsubishi Montero 4WD Limited - found: 80, pass primary filters: 6, did not pass the filter by color: 6, added: 0, new vincodes: 3
27-09-2011 16:39:55 --- INFO: Toyota 4RUNNER 4WD Limited - found: 203, pass primary filters: 55, did not pass the filter by color: 34, added: 21, new vincodes: 6
27-09-2011 16:41:57 --- INFO: Toyota RAV 4 - found: 85, pass primary filters: 22, did not pass the filter by color: 16, added: 6, new vincodes: 4
27-09-2011 16:44:17 --- INFO: Toyota Highlander 4WD - found: 103, pass primary filters: 4, did not pass the filter by color: 3, added: 1, new vincodes: 0
27-09-2011 16:50:09 --- INFO: Subaru Forester - found: 179, pass primary filters: 22, did not pass the filter by color: 0, added: 22, new vincodes: 2
27-09-2011 16:58:59 --- INFO: Nissan Rogue - found: 295, pass primary filters: 8, did not pass the filter by color: 0, added: 8, new vincodes: 0
27-09-2011 17:00:05 --- INFO: Toyota Highlander - found: 103, pass primary filters: 37, did not pass the filter by color: 28, added: 9, new vincodes: 3
27-09-2011 17:01:50 --- INFO: Acura MDX - found: 76, pass primary filters: 0, did not pass the filter by color: 0, added: 0, new vincodes: 0
27-09-2011 17:01:50 --- INFO: finish: 27-09-2011 17:01:50
27-09-2011 17:01:50 --- INFO: elapsed time: ~3109.44 sec., memory usage: ~5.01 Mb.
27-09-2011 18:10:01 --- INFO: start: 27-09-2011 18:10:01
27-09-2011 18:10:02 --- INFO: ----------Source_Adesa (cli)
27-09-2011 18:10:03 --- INFO: Authorized request
27-09-2011 18:10:09 --- INFO: Lexus RX 300 - found: 14, pass primary filters: 6, did not pass the filter by color: 1, added: 5, new vincodes: 0
27-09-2011 18:10:14 --- INFO: Lexus RX 330 - found: 18, pass primary filters: 8, did not pass the filter by color: 1, added: 7, new vincodes: 1
27-09-2011 18:10:14 --- INFO: Lexus RX 400H - found: 3, pass primary filters: 1, did not pass the filter by color: 0, added: 1, new vincodes: 0
27-09-2011 18:10:15 --- INFO: Lexus GX 470 - found: 4, pass primary filters: 2, did not pass the filter by color: 2, added: 0, new vincodes: 0
27-09-2011 18:10:18 --- INFO: Lexus GX 470 - found: 6, pass primary filters: 4, did not pass the filter by color: 2, added: 2, new vincodes: 0
27-09-2011 18:10:18 --- INFO: Lexus LX 470 - found: 0, pass primary filters: 0, did not pass the filter by color: 0, added: 0, new vincodes: 0
27-09-2011 18:10:20 --- INFO: Lexus LX 470 - found: 3, pass primary filters: 2, did not pass the filter by color: 2, added: 0, new vincodes: 0
27-09-2011 18:10:20 --- INFO: Toyota Land Cruiser - found: 0, pass primary filters: 0, did not pass the filter by color: 0, added: 0, new vincodes: 0
27-09-2011 18:10:23 --- INFO: Honda CR-V - found: 14, pass primary filters: 3, did not pass the filter by color: 0, added: 3, new vincodes: 0
27-09-2011 18:10:23 --- INFO: Honda CR-V - found: 5, pass primary filters: 1, did not pass the filter by color: 0, added: 1, new vincodes: 0
27-09-2011 18:10:27 --- INFO: Mitsubishi Montero 4WD Limited - found: 24, pass primary filters: 5, did not pass the filter by color: 5, added: 0, new vincodes: 0
27-09-2011 18:10:30 --- INFO: Toyota 4RUNNER 4WD Limited - found: 21, pass primary filters: 6, did not pass the filter by color: 6, added: 0, new vincodes: 0
27-09-2011 18:10:32 --- INFO: Toyota RAV 4 - found: 12, pass primary filters: 4, did not pass the filter by color: 4, added: 0, new vincodes: 0
27-09-2011 18:10:34 --- INFO: Toyota Highlander 4WD - found: 22, pass primary filters: 1, did not pass the filter by color: 1, added: 0, new vincodes: 1
27-09-2011 18:10:37 --- INFO: Subaru Forester - found: 2, pass primary filters: 2, did not pass the filter by color: 0, added: 2, new vincodes: 0
27-09-2011 18:10:42 --- INFO: Nissan Rogue - found: 19, pass primary filters: 4, did not pass the filter by color: 0, added: 4, new vincodes: 0
27-09-2011 18:10:48 --- INFO: Toyota Highlander - found: 22, pass primary filters: 8, did not pass the filter by color: 8, added: 0, new vincodes: 1
27-09-2011 18:10:49 --- INFO: Acura MDX - found: 19, pass primary filters: 0, did not pass the filter by color: 0, added: 0, new vincodes: 0
27-09-2011 18:10:49 --- INFO: finish: 27-09-2011 18:10:49
27-09-2011 18:10:49 --- INFO: elapsed time: ~47.31 sec., memory usage: ~2.41 Mb.
27-09-2011 18:10:01 --- INFO: start: 27-09-2011 18:10:01
27-09-2011 18:10:02 --- INFO: ----------Source_Gsmotors (cli)
27-09-2011 18:10:53 --- INFO: Lexus RX 300 - found: 83, pass primary filters: 24, did not pass the filter by color: 8, added: 16, new vincodes: 0
27-09-2011 18:12:48 --- INFO: Lexus RX 330 - found: 242, pass primary filters: 55, did not pass the filter by color: 12, added: 43, new vincodes: 0
27-09-2011 18:13:18 --- INFO: Lexus RX 400H - found: 53, pass primary filters: 5, did not pass the filter by color: 1, added: 4, new vincodes: 0
27-09-2011 18:14:14 --- INFO: Lexus GX 470 - found: 95, pass primary filters: 44, did not pass the filter by color: 31, added: 13, new vincodes: 0
27-09-2011 18:15:09 --- INFO: Lexus GX 470 - found: 106, pass primary filters: 62, did not pass the filter by color: 55, added: 7, new vincodes: 0
27-09-2011 18:15:23 --- INFO: Lexus LX 470 - found: 26, pass primary filters: 14, did not pass the filter by color: 12, added: 2, new vincodes: 0
27-09-2011 18:15:41 --- INFO: Lexus LX 470 - found: 27, pass primary filters: 18, did not pass the filter by color: 18, added: 0, new vincodes: 0
27-09-2011 18:15:51 --- INFO: Toyota Land Cruiser - found: 16, pass primary filters: 7, did not pass the filter by color: 6, added: 1, new vincodes: 0
27-09-2011 18:16:51 --- INFO: Honda CR-V - found: 73, pass primary filters: 3, did not pass the filter by color: 0, added: 3, new vincodes: 0
27-09-2011 18:18:53 --- INFO: Honda CR-V - found: 210, pass primary filters: 9, did not pass the filter by color: 0, added: 9, new vincodes: 0
27-09-2011 18:19:53 --- INFO: Mitsubishi Montero 4WD Limited - found: 80, pass primary filters: 6, did not pass the filter by color: 6, added: 0, new vincodes: 0
27-09-2011 18:21:46 --- INFO: Toyota 4RUNNER 4WD Limited - found: 203, pass primary filters: 55, did not pass the filter by color: 34, added: 21, new vincodes: 0
27-09-2011 18:22:30 --- INFO: Toyota RAV 4 - found: 85, pass primary filters: 22, did not pass the filter by color: 16, added: 6, new vincodes: 0
27-09-2011 18:23:31 --- INFO: Toyota Highlander 4WD - found: 103, pass primary filters: 4, did not pass the filter by color: 3, added: 1, new vincodes: 0
27-09-2011 18:25:22 --- INFO: Subaru Forester - found: 179, pass primary filters: 22, did not pass the filter by color: 0, added: 22, new vincodes: 0
27-09-2011 18:28:29 --- INFO: Nissan Rogue - found: 295, pass primary filters: 8, did not pass the filter by color: 0, added: 8, new vincodes: 0
27-09-2011 18:29:28 --- INFO: Toyota Highlander - found: 103, pass primary filters: 37, did not pass the filter by color: 28, added: 9, new vincodes: 0
27-09-2011 18:30:23 --- INFO: Acura MDX - found: 76, pass primary filters: 0, did not pass the filter by color: 0, added: 0, new vincodes: 0
27-09-2011 18:30:23 --- INFO: finish: 27-09-2011 18:30:23
27-09-2011 18:30:23 --- INFO: elapsed time: ~1222 sec., memory usage: ~4.82 Mb.
27-09-2011 19:05:01 --- INFO: start: 27-09-2011 19:05:01
27-09-2011 19:05:01 --- INFO: ----------Source_Openlane (cli)
27-09-2011 19:05:04 --- ERROR: Unauthorized request
27-09-2011 19:05:04 --- INFO: finish: 27-09-2011 19:05:04
27-09-2011 19:05:04 --- INFO: elapsed time: ~3.2 sec., memory usage: ~1.31 Mb.
27-09-2011 19:10:01 --- INFO: start: 27-09-2011 19:10:01
27-09-2011 19:10:01 --- INFO: ----------Source_Ebay (cli)
27-09-2011 19:10:21 --- INFO: Lexus RX 300 - found: 16, pass primary filters: 2, did not pass the filter by color: 0, added: 2, new vincodes: 0
27-09-2011 19:13:03 --- INFO: Lexus RX 330 - found: 82, pass primary filters: 22, did not pass the filter by color: 12, added: 10, new vincodes: 0
27-09-2011 19:15:15 --- INFO: Lexus RX 400H - found: 54, pass primary filters: 2, did not pass the filter by color: 1, added: 1, new vincodes: 0
27-09-2011 19:16:29 --- INFO: Lexus GX 470 - found: 36, pass primary filters: 10, did not pass the filter by color: 6, added: 4, new vincodes: 0
27-09-2011 19:17:24 --- INFO: Lexus GX 470 - found: 21, pass primary filters: 8, did not pass the filter by color: 6, added: 2, new vincodes: 0
27-09-2011 19:17:50 --- INFO: Lexus LX 470 - found: 4, pass primary filters: 3, did not pass the filter by color: 3, added: 0, new vincodes: 0
27-09-2011 19:18:18 --- INFO: Lexus LX 470 - found: 6, pass primary filters: 4, did not pass the filter by color: 4, added: 0, new vincodes: 0
27-09-2011 19:18:50 --- INFO: Toyota Land Cruiser - found: 8, pass primary filters: 7, did not pass the filter by color: 6, added: 1, new vincodes: 0
27-09-2011 19:19:32 --- INFO: Honda CR-V - found: 19, pass primary filters: 1, did not pass the filter by color: 0, added: 1, new vincodes: 0
27-09-2011 19:21:52 --- INFO: Honda CR-V - found: 66, pass primary filters: 0, did not pass the filter by color: 0, added: 0, new vincodes: 0
27-09-2011 19:21:58 --- INFO: Mitsubishi Montero 4WD Limited - found: 3, pass primary filters: 0, did not pass the filter by color: 0, added: 0, new vincodes: 0
27-09-2011 19:23:36 --- INFO: Toyota 4RUNNER 4WD Limited - found: 53, pass primary filters: 30, did not pass the filter by color: 20, added: 10, new vincodes: 0
27-09-2011 19:23:48 --- INFO: Toyota RAV 4 - found: 11, pass primary filters: 4, did not pass the filter by color: 2, added: 2, new vincodes: 0
27-09-2011 19:24:11 --- INFO: Toyota Highlander 4WD - found: 19, pass primary filters: 0, did not pass the filter by color: 0, added: 0, new vincodes: 0
27-09-2011 19:27:48 --- INFO: Subaru Forester - found: 62, pass primary filters: 6, did not pass the filter by color: 0, added: 6, new vincodes: 0
27-09-2011 19:31:18 --- INFO: Nissan Rogue - found: 56, pass primary filters: 0, did not pass the filter by color: 0, added: 0, new vincodes: 0
27-09-2011 19:32:01 --- INFO: Toyota Highlander - found: 19, pass primary filters: 3, did not pass the filter by color: 2, added: 1, new vincodes: 0
27-09-2011 19:32:23 --- INFO: Acura MDX - found: 10, pass primary filters: 0, did not pass the filter by color: 0, added: 0, new vincodes: 0
27-09-2011 19:32:23 --- INFO: finish: 27-09-2011 19:32:23
27-09-2011 19:32:23 --- INFO: elapsed time: ~1341.97 sec., memory usage: ~2.75 Mb.
27-09-2011 23:05:01 --- INFO: start: 27-09-2011 23:05:01
27-09-2011 23:05:01 --- INFO: ----------Source_Openlane (cli)
27-09-2011 23:05:04 --- ERROR: Unauthorized request
27-09-2011 23:05:04 --- INFO: finish: 27-09-2011 23:05:04
27-09-2011 23:05:04 --- INFO: elapsed time: ~3.12 sec., memory usage: ~1.31 Mb.
27-09-2011 23:10:02 --- INFO: start: 27-09-2011 23:10:02
27-09-2011 23:10:02 --- INFO: ----------Source_Ebay (cli)
27-09-2011 23:10:20 --- INFO: Lexus RX 300 - found: 16, pass primary filters: 2, did not pass the filter by color: 0, added: 2, new vincodes: 0
27-09-2011 23:13:39 --- INFO: Lexus RX 330 - found: 82, pass primary filters: 22, did not pass the filter by color: 13, added: 9, new vincodes: 0
27-09-2011 23:16:31 --- INFO: Lexus RX 400H - found: 53, pass primary filters: 2, did not pass the filter by color: 1, added: 1, new vincodes: 0
27-09-2011 23:17:04 --- INFO: Lexus GX 470 - found: 36, pass primary filters: 10, did not pass the filter by color: 6, added: 4, new vincodes: 0
27-09-2011 23:17:25 --- INFO: Lexus GX 470 - found: 20, pass primary filters: 7, did not pass the filter by color: 6, added: 1, new vincodes: 0
27-09-2011 23:17:30 --- INFO: Lexus LX 470 - found: 4, pass primary filters: 3, did not pass the filter by color: 3, added: 0, new vincodes: 0
27-09-2011 23:17:37 --- INFO: Lexus LX 470 - found: 6, pass primary filters: 4, did not pass the filter by color: 4, added: 0, new vincodes: 0
27-09-2011 23:17:45 --- INFO: Toyota Land Cruiser - found: 8, pass primary filters: 7, did not pass the filter by color: 6, added: 1, new vincodes: 0
27-09-2011 23:18:06 --- INFO: Honda CR-V - found: 20, pass primary filters: 1, did not pass the filter by color: 0, added: 1, new vincodes: 0
27-09-2011 23:20:15 --- INFO: Honda CR-V - found: 66, pass primary filters: 0, did not pass the filter by color: 0, added: 0, new vincodes: 0
27-09-2011 23:20:20 --- INFO: Mitsubishi Montero 4WD Limited - found: 3, pass primary filters: 0, did not pass the filter by color: 0, added: 0, new vincodes: 0
27-09-2011 23:22:08 --- INFO: Toyota 4RUNNER 4WD Limited - found: 55, pass primary filters: 32, did not pass the filter by color: 22, added: 10, new vincodes: 0
27-09-2011 23:22:31 --- INFO: Toyota RAV 4 - found: 11, pass primary filters: 4, did not pass the filter by color: 2, added: 2, new vincodes: 0
27-09-2011 23:23:03 --- INFO: Toyota Highlander 4WD - found: 19, pass primary filters: 0, did not pass the filter by color: 0, added: 0, new vincodes: 0
27-09-2011 23:27:01 --- INFO: Subaru Forester - found: 63, pass primary filters: 6, did not pass the filter by color: 0, added: 6, new vincodes: 0
27-09-2011 23:30:28 --- INFO: Nissan Rogue - found: 56, pass primary filters: 0, did not pass the filter by color: 0, added: 0, new vincodes: 0
27-09-2011 23:30:50 --- INFO: Toyota Highlander - found: 19, pass primary filters: 3, did not pass the filter by color: 2, added: 1, new vincodes: 0
27-09-2011 23:31:00 --- INFO: Acura MDX - found: 11, pass primary filters: 0, did not pass the filter by color: 0, added: 0, new vincodes: 0
27-09-2011 23:31:00 --- INFO: finish: 27-09-2011 23:31:00
27-09-2011 23:31:00 --- INFO: elapsed time: ~1258.25 sec., memory usage: ~2.75 Mb.