
28-08-2011 03:05:01 --- INFO: start: 28-08-2011 03:05:01
28-08-2011 03:05:01 --- INFO: ----------Source_Openlane (cli)
28-08-2011 03:05:04 --- ERROR: Unauthorized request
28-08-2011 03:05:04 --- INFO: finish: 28-08-2011 03:05:04
28-08-2011 03:05:04 --- INFO: elapsed time: ~2.99 sec., memory usage: ~1.31 Mb.
28-08-2011 03:10:01 --- INFO: start: 28-08-2011 03:10:01
28-08-2011 03:10:01 --- INFO: ----------Source_Ebay (cli)
28-08-2011 03:10:23 --- INFO: Lexus RX 300 - found: 29, pass primary filters: 5, did not pass the filter by color: 0, added: 5, new vincodes: 0
28-08-2011 03:12:12 --- INFO: Lexus RX 330 - found: 80, pass primary filters: 10, did not pass the filter by color: 4, added: 6, new vincodes: 0
28-08-2011 03:13:21 --- INFO: Lexus RX 400H - found: 52, pass primary filters: 2, did not pass the filter by color: 2, added: 0, new vincodes: 0
28-08-2011 03:13:53 --- INFO: Lexus GX 470 - found: 42, pass primary filters: 16, did not pass the filter by color: 12, added: 4, new vincodes: 0
28-08-2011 03:14:13 --- INFO: Lexus GX 470 - found: 29, pass primary filters: 19, did not pass the filter by color: 16, added: 3, new vincodes: 0
28-08-2011 03:14:19 --- INFO: Lexus LX 470 - found: 7, pass primary filters: 4, did not pass the filter by color: 4, added: 0, new vincodes: 0
28-08-2011 03:14:25 --- INFO: Lexus LX 470 - found: 6, pass primary filters: 3, did not pass the filter by color: 3, added: 0, new vincodes: 0
28-08-2011 03:14:30 --- INFO: Toyota Land Cruiser - found: 5, pass primary filters: 5, did not pass the filter by color: 5, added: 0, new vincodes: 0
28-08-2011 03:14:48 --- INFO: Honda CR-V - found: 22, pass primary filters: 3, did not pass the filter by color: 0, added: 3, new vincodes: 0
28-08-2011 03:16:17 --- INFO: Honda CR-V - found: 63, pass primary filters: 0, did not pass the filter by color: 0, added: 0, new vincodes: 0
28-08-2011 03:16:21 --- INFO: Mitsubishi Montero 4WD Limited - found: 3, pass primary filters: 1, did not pass the filter by color: 1, added: 0, new vincodes: 0
28-08-2011 03:17:46 --- INFO: Toyota 4RUNNER 4WD Limited - found: 59, pass primary filters: 28, did not pass the filter by color: 12, added: 16, new vincodes: 0
28-08-2011 03:18:02 --- INFO: Toyota RAV 4 - found: 16, pass primary filters: 6, did not pass the filter by color: 4, added: 2, new vincodes: 0
28-08-2011 03:18:18 --- INFO: Toyota Highlander 4WD - found: 21, pass primary filters: 0, did not pass the filter by color: 0, added: 0, new vincodes: 0
28-08-2011 03:19:37 --- INFO: Subaru Forester - found: 54, pass primary filters: 4, did not pass the filter by color: 0, added: 4, new vincodes: 0
28-08-2011 03:20:12 --- INFO: Nissan Rogue - found: 45, pass primary filters: 1, did not pass the filter by color: 0, added: 1, new vincodes: 0
28-08-2011 03:20:27 --- INFO: Toyota Highlander - found: 21, pass primary filters: 4, did not pass the filter by color: 4, added: 0, new vincodes: 0
28-08-2011 03:20:47 --- INFO: Acura MDX - found: 23, pass primary filters: 0, did not pass the filter by color: 0, added: 0, new vincodes: 0
28-08-2011 03:20:47 --- INFO: finish: 28-08-2011 03:20:47
28-08-2011 03:20:47 --- INFO: elapsed time: ~645.55 sec., memory usage: ~2.81 Mb.
28-08-2011 06:10:01 --- INFO: start: 28-08-2011 06:10:01
28-08-2011 06:10:01 --- INFO: ----------Source_Adesa (cli)
28-08-2011 06:10:02 --- INFO: Authorized request
28-08-2011 06:10:02 --- INFO: Lexus RX 300 - found: 0, pass primary filters: 0, did not pass the filter by color: 0, added: 0, new vincodes: 0
28-08-2011 06:10:03 --- INFO: Lexus RX 330 - found: 0, pass primary filters: 0, did not pass the filter by color: 0, added: 0, new vincodes: 0
28-08-2011 06:10:03 --- INFO: Lexus RX 400H - found: 0, pass primary filters: 0, did not pass the filter by color: 0, added: 0, new vincodes: 0
28-08-2011 06:10:03 --- INFO: Lexus GX 470 - found: 0, pass primary filters: 0, did not pass the filter by color: 0, added: 0, new vincodes: 0
28-08-2011 06:10:03 --- INFO: Lexus GX 470 - found: 0, pass primary filters: 0, did not pass the filter by color: 0, added: 0, new vincodes: 0
28-08-2011 06:10:03 --- INFO: Lexus LX 470 - found: 0, pass primary filters: 0, did not pass the filter by color: 0, added: 0, new vincodes: 0
28-08-2011 06:10:04 --- INFO: Lexus LX 470 - found: 0, pass primary filters: 0, did not pass the filter by color: 0, added: 0, new vincodes: 0
28-08-2011 06:10:04 --- INFO: Toyota Land Cruiser - found: 0, pass primary filters: 0, did not pass the filter by color: 0, added: 0, new vincodes: 0
28-08-2011 06:10:04 --- INFO: Honda CR-V - found: 0, pass primary filters: 0, did not pass the filter by color: 0, added: 0, new vincodes: 0
28-08-2011 06:10:04 --- INFO: Honda CR-V - found: 0, pass primary filters: 0, did not pass the filter by color: 0, added: 0, new vincodes: 0
28-08-2011 06:10:04 --- INFO: Mitsubishi Montero 4WD Limited - found: 0, pass primary filters: 0, did not pass the filter by color: 0, added: 0, new vincodes: 0
28-08-2011 06:10:05 --- INFO: Toyota 4RUNNER 4WD Limited - found: 0, pass primary filters: 0, did not pass the filter by color: 0, added: 0, new vincodes: 0
28-08-2011 06:10:05 --- INFO: Toyota RAV 4 - found: 0, pass primary filters: 0, did not pass the filter by color: 0, added: 0, new vincodes: 0
28-08-2011 06:10:05 --- INFO: Toyota Highlander 4WD - found: 0, pass primary filters: 0, did not pass the filter by color: 0, added: 0, new vincodes: 0
28-08-2011 06:10:05 --- INFO: Subaru Forester - found: 0, pass primary filters: 0, did not pass the filter by color: 0, added: 0, new vincodes: 0
28-08-2011 06:10:05 --- INFO: Nissan Rogue - found: 0, pass primary filters: 0, did not pass the filter by color: 0, added: 0, new vincodes: 0
28-08-2011 06:10:06 --- INFO: Toyota Highlander - found: 0, pass primary filters: 0, did not pass the filter by color: 0, added: 0, new vincodes: 0
28-08-2011 06:10:06 --- INFO: Acura MDX - found: 0, pass primary filters: 0, did not pass the filter by color: 0, added: 0, new vincodes: 0
28-08-2011 06:10:06 --- INFO: finish: 28-08-2011 06:10:06
28-08-2011 06:10:06 --- INFO: elapsed time: ~4.75 sec., memory usage: ~1.7 Mb.
28-08-2011 06:10:01 --- INFO: start: 28-08-2011 06:10:01
28-08-2011 06:10:01 --- INFO: ----------Source_Gsmotors (cli)
28-08-2011 06:11:18 --- INFO: Lexus RX 300 - found: 54, pass primary filters: 23, did not pass the filter by color: 9, added: 14, new vincodes: 1
28-08-2011 06:13:47 --- INFO: Lexus RX 330 - found: 169, pass primary filters: 16, did not pass the filter by color: 3, added: 13, new vincodes: 0
28-08-2011 06:13:47 --- ERROR: Request returns empty result
28-08-2011 06:13:47 --- INFO: finish: 28-08-2011 06:13:47
28-08-2011 06:13:47 --- INFO: elapsed time: ~225.91 sec., memory usage: ~2.23 Mb.
28-08-2011 07:05:01 --- INFO: start: 28-08-2011 07:05:01
28-08-2011 07:05:01 --- INFO: ----------Source_Openlane (cli)
28-08-2011 07:05:04 --- ERROR: Unauthorized request
28-08-2011 07:05:04 --- INFO: finish: 28-08-2011 07:05:04
28-08-2011 07:05:04 --- INFO: elapsed time: ~2.99 sec., memory usage: ~1.31 Mb.
28-08-2011 07:10:01 --- INFO: start: 28-08-2011 07:10:01
28-08-2011 07:10:01 --- INFO: ----------Source_Ebay (cli)
28-08-2011 07:10:24 --- INFO: Lexus RX 300 - found: 28, pass primary filters: 5, did not pass the filter by color: 0, added: 5, new vincodes: 0
28-08-2011 07:12:20 --- INFO: Lexus RX 330 - found: 80, pass primary filters: 10, did not pass the filter by color: 7, added: 3, new vincodes: 0
28-08-2011 07:13:38 --- INFO: Lexus RX 400H - found: 52, pass primary filters: 2, did not pass the filter by color: 2, added: 0, new vincodes: 0
28-08-2011 07:14:13 --- INFO: Lexus GX 470 - found: 42, pass primary filters: 16, did not pass the filter by color: 12, added: 4, new vincodes: 0
28-08-2011 07:14:36 --- INFO: Lexus GX 470 - found: 29, pass primary filters: 19, did not pass the filter by color: 16, added: 3, new vincodes: 0
28-08-2011 07:14:42 --- INFO: Lexus LX 470 - found: 7, pass primary filters: 4, did not pass the filter by color: 4, added: 0, new vincodes: 0
28-08-2011 07:14:48 --- INFO: Lexus LX 470 - found: 6, pass primary filters: 3, did not pass the filter by color: 3, added: 0, new vincodes: 0
28-08-2011 07:14:54 --- INFO: Toyota Land Cruiser - found: 5, pass primary filters: 5, did not pass the filter by color: 5, added: 0, new vincodes: 0
28-08-2011 07:15:12 --- INFO: Honda CR-V - found: 22, pass primary filters: 3, did not pass the filter by color: 0, added: 3, new vincodes: 0
28-08-2011 07:16:47 --- INFO: Honda CR-V - found: 63, pass primary filters: 0, did not pass the filter by color: 0, added: 0, new vincodes: 0
28-08-2011 07:16:51 --- INFO: Mitsubishi Montero 4WD Limited - found: 3, pass primary filters: 1, did not pass the filter by color: 1, added: 0, new vincodes: 0
28-08-2011 07:18:21 --- INFO: Toyota 4RUNNER 4WD Limited - found: 61, pass primary filters: 32, did not pass the filter by color: 20, added: 12, new vincodes: 0
28-08-2011 07:18:35 --- INFO: Toyota RAV 4 - found: 16, pass primary filters: 6, did not pass the filter by color: 4, added: 2, new vincodes: 0
28-08-2011 07:18:53 --- INFO: Toyota Highlander 4WD - found: 21, pass primary filters: 0, did not pass the filter by color: 0, added: 0, new vincodes: 0
28-08-2011 07:20:16 --- INFO: Subaru Forester - found: 54, pass primary filters: 4, did not pass the filter by color: 0, added: 4, new vincodes: 0
28-08-2011 07:20:49 --- INFO: Nissan Rogue - found: 44, pass primary filters: 1, did not pass the filter by color: 0, added: 1, new vincodes: 0
28-08-2011 07:21:03 --- INFO: Toyota Highlander - found: 21, pass primary filters: 4, did not pass the filter by color: 4, added: 0, new vincodes: 0
28-08-2011 07:21:19 --- INFO: Acura MDX - found: 23, pass primary filters: 0, did not pass the filter by color: 0, added: 0, new vincodes: 0
28-08-2011 07:21:19 --- INFO: finish: 28-08-2011 07:21:19
28-08-2011 07:21:19 --- INFO: elapsed time: ~678.54 sec., memory usage: ~2.84 Mb.
28-08-2011 08:10:01 --- INFO: start: 28-08-2011 08:10:01
28-08-2011 08:10:01 --- INFO: ----------Source_Adesa (cli)
28-08-2011 08:10:02 --- INFO: Authorized request
28-08-2011 08:10:02 --- INFO: Lexus RX 300 - found: 0, pass primary filters: 0, did not pass the filter by color: 0, added: 0, new vincodes: 0
28-08-2011 08:10:02 --- INFO: Lexus RX 330 - found: 0, pass primary filters: 0, did not pass the filter by color: 0, added: 0, new vincodes: 0
28-08-2011 08:10:03 --- INFO: Lexus RX 400H - found: 0, pass primary filters: 0, did not pass the filter by color: 0, added: 0, new vincodes: 0
28-08-2011 08:10:03 --- INFO: Lexus GX 470 - found: 0, pass primary filters: 0, did not pass the filter by color: 0, added: 0, new vincodes: 0
28-08-2011 08:10:03 --- INFO: Lexus GX 470 - found: 0, pass primary filters: 0, did not pass the filter by color: 0, added: 0, new vincodes: 0
28-08-2011 08:10:03 --- INFO: Lexus LX 470 - found: 0, pass primary filters: 0, did not pass the filter by color: 0, added: 0, new vincodes: 0
28-08-2011 08:10:03 --- INFO: Lexus LX 470 - found: 0, pass primary filters: 0, did not pass the filter by color: 0, added: 0, new vincodes: 0
28-08-2011 08:10:03 --- INFO: Toyota Land Cruiser - found: 0, pass primary filters: 0, did not pass the filter by color: 0, added: 0, new vincodes: 0
28-08-2011 08:10:04 --- INFO: Honda CR-V - found: 0, pass primary filters: 0, did not pass the filter by color: 0, added: 0, new vincodes: 0
28-08-2011 08:10:04 --- INFO: Honda CR-V - found: 0, pass primary filters: 0, did not pass the filter by color: 0, added: 0, new vincodes: 0
28-08-2011 08:10:04 --- INFO: Mitsubishi Montero 4WD Limited - found: 0, pass primary filters: 0, did not pass the filter by color: 0, added: 0, new vincodes: 0
28-08-2011 08:10:04 --- INFO: Toyota 4RUNNER 4WD Limited - found: 0, pass primary filters: 0, did not pass the filter by color: 0, added: 0, new vincodes: 0
28-08-2011 08:10:05 --- INFO: Toyota RAV 4 - found: 0, pass primary filters: 0, did not pass the filter by color: 0, added: 0, new vincodes: 0
28-08-2011 08:10:05 --- INFO: Toyota Highlander 4WD - found: 0, pass primary filters: 0, did not pass the filter by color: 0, added: 0, new vincodes: 0
28-08-2011 08:10:05 --- INFO: Subaru Forester - found: 0, pass primary filters: 0, did not pass the filter by color: 0, added: 0, new vincodes: 0
28-08-2011 08:10:05 --- INFO: Nissan Rogue - found: 0, pass primary filters: 0, did not pass the filter by color: 0, added: 0, new vincodes: 0
28-08-2011 08:10:05 --- INFO: Toyota Highlander - found: 0, pass primary filters: 0, did not pass the filter by color: 0, added: 0, new vincodes: 0
28-08-2011 08:10:06 --- INFO: Acura MDX - found: 0, pass primary filters: 0, did not pass the filter by color: 0, added: 0, new vincodes: 0
28-08-2011 08:10:06 --- INFO: finish: 28-08-2011 08:10:06
28-08-2011 08:10:06 --- INFO: elapsed time: ~4.86 sec., memory usage: ~1.7 Mb.
28-08-2011 08:10:01 --- INFO: start: 28-08-2011 08:10:01
28-08-2011 08:10:01 --- INFO: ----------Source_Gsmotors (cli)
28-08-2011 08:10:42 --- INFO: Lexus RX 300 - found: 54, pass primary filters: 23, did not pass the filter by color: 9, added: 14, new vincodes: 0
28-08-2011 08:12:35 --- INFO: Lexus RX 330 - found: 169, pass primary filters: 41, did not pass the filter by color: 11, added: 30, new vincodes: 0
28-08-2011 08:13:01 --- INFO: Lexus RX 400H - found: 23, pass primary filters: 3, did not pass the filter by color: 3, added: 0, new vincodes: 0
28-08-2011 08:14:00 --- INFO: Lexus GX 470 - found: 50, pass primary filters: 28, did not pass the filter by color: 24, added: 4, new vincodes: 0
28-08-2011 08:15:50 --- INFO: Lexus GX 470 - found: 79, pass primary filters: 51, did not pass the filter by color: 43, added: 8, new vincodes: 0
28-08-2011 08:16:08 --- INFO: Lexus LX 470 - found: 11, pass primary filters: 8, did not pass the filter by color: 8, added: 0, new vincodes: 0
28-08-2011 08:16:29 --- INFO: Lexus LX 470 - found: 16, pass primary filters: 14, did not pass the filter by color: 14, added: 0, new vincodes: 1
28-08-2011 08:16:42 --- INFO: Toyota Land Cruiser - found: 10, pass primary filters: 5, did not pass the filter by color: 5, added: 0, new vincodes: 0
28-08-2011 08:17:21 --- INFO: Honda CR-V - found: 32, pass primary filters: 0, did not pass the filter by color: 0, added: 0, new vincodes: 0
28-08-2011 08:20:24 --- INFO: Honda CR-V - found: 151, pass primary filters: 7, did not pass the filter by color: 0, added: 7, new vincodes: 0
28-08-2011 08:21:41 --- INFO: Mitsubishi Montero 4WD Limited - found: 59, pass primary filters: 6, did not pass the filter by color: 6, added: 0, new vincodes: 0
28-08-2011 08:25:34 --- INFO: Toyota 4RUNNER 4WD Limited - found: 201, pass primary filters: 54, did not pass the filter by color: 35, added: 19, new vincodes: 0
28-08-2011 08:26:22 --- INFO: Toyota RAV 4 - found: 39, pass primary filters: 18, did not pass the filter by color: 12, added: 6, new vincodes: 0
28-08-2011 08:27:56 --- INFO: Toyota Highlander 4WD - found: 86, pass primary filters: 5, did not pass the filter by color: 2, added: 3, new vincodes: 0
28-08-2011 08:30:42 --- INFO: Subaru Forester - found: 112, pass primary filters: 10, did not pass the filter by color: 0, added: 10, new vincodes: 0
28-08-2011 08:36:22 --- INFO: Nissan Rogue - found: 186, pass primary filters: 15, did not pass the filter by color: 0, added: 15, new vincodes: 0
28-08-2011 08:37:07 --- INFO: Toyota Highlander - found: 86, pass primary filters: 44, did not pass the filter by color: 32, added: 12, new vincodes: 0
28-08-2011 08:38:00 --- INFO: Acura MDX - found: 46, pass primary filters: 1, did not pass the filter by color: 0, added: 1, new vincodes: 0
28-08-2011 08:38:00 --- INFO: finish: 28-08-2011 08:38:00
28-08-2011 08:38:00 --- INFO: elapsed time: ~1679.4 sec., memory usage: ~4.4 Mb.
28-08-2011 09:10:01 --- INFO: start: 28-08-2011 09:10:01
28-08-2011 09:10:01 --- INFO: ----------Source_Adesa (cli)
28-08-2011 09:10:02 --- INFO: Authorized request
28-08-2011 09:10:03 --- INFO: Lexus RX 300 - found: 0, pass primary filters: 0, did not pass the filter by color: 0, added: 0, new vincodes: 0
28-08-2011 09:10:03 --- INFO: Lexus RX 330 - found: 0, pass primary filters: 0, did not pass the filter by color: 0, added: 0, new vincodes: 0
28-08-2011 09:10:03 --- INFO: Lexus RX 400H - found: 0, pass primary filters: 0, did not pass the filter by color: 0, added: 0, new vincodes: 0
28-08-2011 09:10:03 --- INFO: Lexus GX 470 - found: 0, pass primary filters: 0, did not pass the filter by color: 0, added: 0, new vincodes: 0
28-08-2011 09:10:04 --- INFO: Lexus GX 470 - found: 0, pass primary filters: 0, did not pass the filter by color: 0, added: 0, new vincodes: 0
28-08-2011 09:10:04 --- INFO: Lexus LX 470 - found: 0, pass primary filters: 0, did not pass the filter by color: 0, added: 0, new vincodes: 0
28-08-2011 09:10:04 --- INFO: Lexus LX 470 - found: 0, pass primary filters: 0, did not pass the filter by color: 0, added: 0, new vincodes: 0
28-08-2011 09:10:04 --- INFO: Toyota Land Cruiser - found: 0, pass primary filters: 0, did not pass the filter by color: 0, added: 0, new vincodes: 0
28-08-2011 09:10:04 --- INFO: Honda CR-V - found: 0, pass primary filters: 0, did not pass the filter by color: 0, added: 0, new vincodes: 0
28-08-2011 09:10:04 --- INFO: Honda CR-V - found: 0, pass primary filters: 0, did not pass the filter by color: 0, added: 0, new vincodes: 0
28-08-2011 09:10:05 --- INFO: Mitsubishi Montero 4WD Limited - found: 0, pass primary filters: 0, did not pass the filter by color: 0, added: 0, new vincodes: 0
28-08-2011 09:10:05 --- INFO: Toyota 4RUNNER 4WD Limited - found: 0, pass primary filters: 0, did not pass the filter by color: 0, added: 0, new vincodes: 0
28-08-2011 09:10:05 --- INFO: Toyota RAV 4 - found: 0, pass primary filters: 0, did not pass the filter by color: 0, added: 0, new vincodes: 0
28-08-2011 09:10:05 --- INFO: Toyota Highlander 4WD - found: 0, pass primary filters: 0, did not pass the filter by color: 0, added: 0, new vincodes: 0
28-08-2011 09:10:05 --- INFO: Subaru Forester - found: 0, pass primary filters: 0, did not pass the filter by color: 0, added: 0, new vincodes: 0
28-08-2011 09:10:06 --- INFO: Nissan Rogue - found: 0, pass primary filters: 0, did not pass the filter by color: 0, added: 0, new vincodes: 0
28-08-2011 09:10:06 --- INFO: Toyota Highlander - found: 0, pass primary filters: 0, did not pass the filter by color: 0, added: 0, new vincodes: 0
28-08-2011 09:10:06 --- INFO: Acura MDX - found: 0, pass primary filters: 0, did not pass the filter by color: 0, added: 0, new vincodes: 0
28-08-2011 09:10:06 --- INFO: finish: 28-08-2011 09:10:06
28-08-2011 09:10:06 --- INFO: elapsed time: ~4.7 sec., memory usage: ~1.7 Mb.
28-08-2011 09:10:01 --- INFO: start: 28-08-2011 09:10:01
28-08-2011 09:10:01 --- INFO: ----------Source_Gsmotors (cli)
28-08-2011 09:10:39 --- INFO: Lexus RX 300 - found: 54, pass primary filters: 23, did not pass the filter by color: 9, added: 14, new vincodes: 0
28-08-2011 09:13:09 --- INFO: Lexus RX 330 - found: 169, pass primary filters: 41, did not pass the filter by color: 11, added: 30, new vincodes: 0
28-08-2011 09:13:25 --- INFO: Lexus RX 400H - found: 23, pass primary filters: 3, did not pass the filter by color: 3, added: 0, new vincodes: 0
28-08-2011 09:13:52 --- INFO: Lexus GX 470 - found: 50, pass primary filters: 28, did not pass the filter by color: 24, added: 4, new vincodes: 0
28-08-2011 09:14:38 --- INFO: Lexus GX 470 - found: 79, pass primary filters: 51, did not pass the filter by color: 43, added: 8, new vincodes: 0
28-08-2011 09:14:45 --- INFO: Lexus LX 470 - found: 11, pass primary filters: 8, did not pass the filter by color: 8, added: 0, new vincodes: 0
28-08-2011 09:14:55 --- INFO: Lexus LX 470 - found: 16, pass primary filters: 14, did not pass the filter by color: 14, added: 0, new vincodes: 0
28-08-2011 09:15:01 --- INFO: Toyota Land Cruiser - found: 10, pass primary filters: 5, did not pass the filter by color: 5, added: 0, new vincodes: 0
28-08-2011 09:15:28 --- INFO: Honda CR-V - found: 32, pass primary filters: 0, did not pass the filter by color: 0, added: 0, new vincodes: 0
28-08-2011 09:16:46 --- INFO: Honda CR-V - found: 151, pass primary filters: 7, did not pass the filter by color: 0, added: 7, new vincodes: 0
28-08-2011 09:17:17 --- INFO: Mitsubishi Montero 4WD Limited - found: 59, pass primary filters: 6, did not pass the filter by color: 6, added: 0, new vincodes: 0
28-08-2011 09:18:57 --- INFO: Toyota 4RUNNER 4WD Limited - found: 201, pass primary filters: 54, did not pass the filter by color: 35, added: 19, new vincodes: 0
28-08-2011 09:19:16 --- INFO: Toyota RAV 4 - found: 39, pass primary filters: 18, did not pass the filter by color: 12, added: 6, new vincodes: 0
28-08-2011 09:19:59 --- INFO: Toyota Highlander 4WD - found: 86, pass primary filters: 5, did not pass the filter by color: 2, added: 3, new vincodes: 0
28-08-2011 09:21:06 --- INFO: Subaru Forester - found: 112, pass primary filters: 10, did not pass the filter by color: 0, added: 10, new vincodes: 0
28-08-2011 09:22:44 --- INFO: Nissan Rogue - found: 186, pass primary filters: 15, did not pass the filter by color: 0, added: 15, new vincodes: 0
28-08-2011 09:23:29 --- INFO: Toyota Highlander - found: 86, pass primary filters: 44, did not pass the filter by color: 32, added: 12, new vincodes: 0
28-08-2011 09:23:55 --- INFO: Acura MDX - found: 46, pass primary filters: 1, did not pass the filter by color: 0, added: 1, new vincodes: 0
28-08-2011 09:23:55 --- INFO: finish: 28-08-2011 09:23:55
28-08-2011 09:23:55 --- INFO: elapsed time: ~833.97 sec., memory usage: ~4.35 Mb.
28-08-2011 10:00:01 --- INFO: start: 28-08-2011 10:00:01
28-08-2011 10:00:01 --- INFO: ----------Source_Adesa (cli)
28-08-2011 10:00:02 --- INFO: Authorized request
28-08-2011 10:00:03 --- INFO: Lexus RX 300 - found: 0, pass primary filters: 0, did not pass the filter by color: 0, added: 0, new vincodes: 0
28-08-2011 10:00:03 --- INFO: Lexus RX 330 - found: 0, pass primary filters: 0, did not pass the filter by color: 0, added: 0, new vincodes: 0
28-08-2011 10:00:03 --- INFO: Lexus RX 400H - found: 0, pass primary filters: 0, did not pass the filter by color: 0, added: 0, new vincodes: 0
28-08-2011 10:00:03 --- INFO: Lexus GX 470 - found: 0, pass primary filters: 0, did not pass the filter by color: 0, added: 0, new vincodes: 0
28-08-2011 10:00:03 --- INFO: Lexus GX 470 - found: 0, pass primary filters: 0, did not pass the filter by color: 0, added: 0, new vincodes: 0
28-08-2011 10:00:04 --- INFO: Lexus LX 470 - found: 0, pass primary filters: 0, did not pass the filter by color: 0, added: 0, new vincodes: 0
28-08-2011 10:00:04 --- INFO: Lexus LX 470 - found: 0, pass primary filters: 0, did not pass the filter by color: 0, added: 0, new vincodes: 0
28-08-2011 10:00:04 --- INFO: Toyota Land Cruiser - found: 0, pass primary filters: 0, did not pass the filter by color: 0, added: 0, new vincodes: 0
28-08-2011 10:00:04 --- INFO: Honda CR-V - found: 0, pass primary filters: 0, did not pass the filter by color: 0, added: 0, new vincodes: 0
28-08-2011 10:00:04 --- INFO: Honda CR-V - found: 0, pass primary filters: 0, did not pass the filter by color: 0, added: 0, new vincodes: 0
28-08-2011 10:00:04 --- INFO: Mitsubishi Montero 4WD Limited - found: 0, pass primary filters: 0, did not pass the filter by color: 0, added: 0, new vincodes: 0
28-08-2011 10:00:05 --- INFO: Toyota 4RUNNER 4WD Limited - found: 0, pass primary filters: 0, did not pass the filter by color: 0, added: 0, new vincodes: 0
28-08-2011 10:00:05 --- INFO: Toyota RAV 4 - found: 0, pass primary filters: 0, did not pass the filter by color: 0, added: 0, new vincodes: 0
28-08-2011 10:00:05 --- INFO: Toyota Highlander 4WD - found: 0, pass primary filters: 0, did not pass the filter by color: 0, added: 0, new vincodes: 0
28-08-2011 10:00:05 --- INFO: Subaru Forester - found: 0, pass primary filters: 0, did not pass the filter by color: 0, added: 0, new vincodes: 0
28-08-2011 10:00:06 --- INFO: Nissan Rogue - found: 0, pass primary filters: 0, did not pass the filter by color: 0, added: 0, new vincodes: 0
28-08-2011 10:00:06 --- INFO: Toyota Highlander - found: 0, pass primary filters: 0, did not pass the filter by color: 0, added: 0, new vincodes: 0
28-08-2011 10:00:06 --- INFO: Acura MDX - found: 0, pass primary filters: 0, did not pass the filter by color: 0, added: 0, new vincodes: 0
28-08-2011 10:00:06 --- INFO: finish: 28-08-2011 10:00:06
28-08-2011 10:00:06 --- INFO: elapsed time: ~4.71 sec., memory usage: ~1.7 Mb.
28-08-2011 10:00:01 --- INFO: start: 28-08-2011 10:00:01
28-08-2011 10:00:01 --- INFO: ----------Source_Gsmotors (cli)
28-08-2011 10:00:40 --- INFO: Lexus RX 300 - found: 54, pass primary filters: 23, did not pass the filter by color: 9, added: 14, new vincodes: 0
28-08-2011 10:01:59 --- INFO: Lexus RX 330 - found: 169, pass primary filters: 41, did not pass the filter by color: 11, added: 30, new vincodes: 0
28-08-2011 10:02:11 --- INFO: Lexus RX 400H - found: 23, pass primary filters: 3, did not pass the filter by color: 3, added: 0, new vincodes: 0
28-08-2011 10:02:36 --- INFO: Lexus GX 470 - found: 50, pass primary filters: 28, did not pass the filter by color: 24, added: 4, new vincodes: 0
28-08-2011 10:03:16 --- INFO: Lexus GX 470 - found: 79, pass primary filters: 51, did not pass the filter by color: 43, added: 8, new vincodes: 0
28-08-2011 10:03:23 --- INFO: Lexus LX 470 - found: 11, pass primary filters: 8, did not pass the filter by color: 8, added: 0, new vincodes: 0
28-08-2011 10:03:32 --- INFO: Lexus LX 470 - found: 16, pass primary filters: 14, did not pass the filter by color: 14, added: 0, new vincodes: 0
28-08-2011 10:03:38 --- INFO: Toyota Land Cruiser - found: 10, pass primary filters: 5, did not pass the filter by color: 5, added: 0, new vincodes: 0
28-08-2011 10:03:54 --- INFO: Honda CR-V - found: 32, pass primary filters: 0, did not pass the filter by color: 0, added: 0, new vincodes: 0
28-08-2011 10:05:43 --- INFO: Honda CR-V - found: 151, pass primary filters: 7, did not pass the filter by color: 0, added: 7, new vincodes: 0
28-08-2011 10:07:28 --- INFO: Mitsubishi Montero 4WD Limited - found: 59, pass primary filters: 6, did not pass the filter by color: 6, added: 0, new vincodes: 0
28-08-2011 10:09:14 --- INFO: Toyota 4RUNNER 4WD Limited - found: 201, pass primary filters: 54, did not pass the filter by color: 35, added: 19, new vincodes: 0
28-08-2011 10:09:38 --- INFO: Toyota RAV 4 - found: 39, pass primary filters: 18, did not pass the filter by color: 12, added: 6, new vincodes: 0
28-08-2011 10:10:33 --- INFO: Toyota Highlander 4WD - found: 86, pass primary filters: 5, did not pass the filter by color: 2, added: 3, new vincodes: 0
28-08-2011 10:11:34 --- INFO: Subaru Forester - found: 112, pass primary filters: 10, did not pass the filter by color: 0, added: 10, new vincodes: 0
28-08-2011 10:13:18 --- INFO: Nissan Rogue - found: 186, pass primary filters: 15, did not pass the filter by color: 0, added: 15, new vincodes: 0
28-08-2011 10:14:04 --- INFO: Toyota Highlander - found: 86, pass primary filters: 44, did not pass the filter by color: 32, added: 12, new vincodes: 0
28-08-2011 10:14:31 --- INFO: Acura MDX - found: 46, pass primary filters: 1, did not pass the filter by color: 0, added: 1, new vincodes: 0
28-08-2011 10:14:31 --- INFO: finish: 28-08-2011 10:14:31
28-08-2011 10:14:31 --- INFO: elapsed time: ~870 sec., memory usage: ~4.35 Mb.
28-08-2011 11:05:01 --- INFO: start: 28-08-2011 11:05:01
28-08-2011 11:05:01 --- INFO: ----------Source_Openlane (cli)
28-08-2011 11:05:04 --- ERROR: Unauthorized request
28-08-2011 11:05:04 --- INFO: finish: 28-08-2011 11:05:04
28-08-2011 11:05:04 --- INFO: elapsed time: ~3.05 sec., memory usage: ~1.31 Mb.
28-08-2011 11:10:01 --- INFO: start: 28-08-2011 11:10:01
28-08-2011 11:10:01 --- INFO: ----------Source_Adesa (cli)
28-08-2011 11:10:02 --- INFO: Authorized request
28-08-2011 11:10:02 --- INFO: Lexus RX 300 - found: 0, pass primary filters: 0, did not pass the filter by color: 0, added: 0, new vincodes: 0
28-08-2011 11:10:03 --- INFO: Lexus RX 330 - found: 0, pass primary filters: 0, did not pass the filter by color: 0, added: 0, new vincodes: 0
28-08-2011 11:10:03 --- INFO: Lexus RX 400H - found: 0, pass primary filters: 0, did not pass the filter by color: 0, added: 0, new vincodes: 0
28-08-2011 11:10:03 --- INFO: Lexus GX 470 - found: 0, pass primary filters: 0, did not pass the filter by color: 0, added: 0, new vincodes: 0
28-08-2011 11:10:03 --- INFO: Lexus GX 470 - found: 0, pass primary filters: 0, did not pass the filter by color: 0, added: 0, new vincodes: 0
28-08-2011 11:10:03 --- INFO: Lexus LX 470 - found: 0, pass primary filters: 0, did not pass the filter by color: 0, added: 0, new vincodes: 0
28-08-2011 11:10:03 --- INFO: Lexus LX 470 - found: 0, pass primary filters: 0, did not pass the filter by color: 0, added: 0, new vincodes: 0
28-08-2011 11:10:04 --- INFO: Toyota Land Cruiser - found: 0, pass primary filters: 0, did not pass the filter by color: 0, added: 0, new vincodes: 0
28-08-2011 11:10:04 --- INFO: Honda CR-V - found: 0, pass primary filters: 0, did not pass the filter by color: 0, added: 0, new vincodes: 0
28-08-2011 11:10:04 --- INFO: Honda CR-V - found: 0, pass primary filters: 0, did not pass the filter by color: 0, added: 0, new vincodes: 0
28-08-2011 11:10:04 --- INFO: Mitsubishi Montero 4WD Limited - found: 0, pass primary filters: 0, did not pass the filter by color: 0, added: 0, new vincodes: 0
28-08-2011 11:10:04 --- INFO: Toyota 4RUNNER 4WD Limited - found: 0, pass primary filters: 0, did not pass the filter by color: 0, added: 0, new vincodes: 0
28-08-2011 11:10:05 --- INFO: Toyota RAV 4 - found: 0, pass primary filters: 0, did not pass the filter by color: 0, added: 0, new vincodes: 0
28-08-2011 11:10:05 --- INFO: Toyota Highlander 4WD - found: 0, pass primary filters: 0, did not pass the filter by color: 0, added: 0, new vincodes: 0
28-08-2011 11:10:05 --- INFO: Subaru Forester - found: 0, pass primary filters: 0, did not pass the filter by color: 0, added: 0, new vincodes: 0
28-08-2011 11:10:05 --- INFO: Nissan Rogue - found: 0, pass primary filters: 0, did not pass the filter by color: 0, added: 0, new vincodes: 0
28-08-2011 11:10:05 --- INFO: Toyota Highlander - found: 0, pass primary filters: 0, did not pass the filter by color: 0, added: 0, new vincodes: 0
28-08-2011 11:10:06 --- INFO: Acura MDX - found: 0, pass primary filters: 0, did not pass the filter by color: 0, added: 0, new vincodes: 0
28-08-2011 11:10:06 --- INFO: finish: 28-08-2011 11:10:06
28-08-2011 11:10:06 --- INFO: elapsed time: ~4.72 sec., memory usage: ~1.7 Mb.
28-08-2011 11:10:01 --- INFO: start: 28-08-2011 11:10:01
28-08-2011 11:10:01 --- INFO: ----------Source_Ebay (cli)
28-08-2011 11:10:24 --- INFO: Lexus RX 300 - found: 28, pass primary filters: 5, did not pass the filter by color: 0, added: 5, new vincodes: 0
28-08-2011 11:12:30 --- INFO: Lexus RX 330 - found: 80, pass primary filters: 10, did not pass the filter by color: 6, added: 4, new vincodes: 0
28-08-2011 11:13:50 --- INFO: Lexus RX 400H - found: 53, pass primary filters: 2, did not pass the filter by color: 2, added: 0, new vincodes: 0
28-08-2011 11:14:23 --- INFO: Lexus GX 470 - found: 42, pass primary filters: 16, did not pass the filter by color: 12, added: 4, new vincodes: 0
28-08-2011 11:14:47 --- INFO: Lexus GX 470 - found: 29, pass primary filters: 19, did not pass the filter by color: 16, added: 3, new vincodes: 0
28-08-2011 11:14:53 --- INFO: Lexus LX 470 - found: 7, pass primary filters: 4, did not pass the filter by color: 4, added: 0, new vincodes: 0
28-08-2011 11:14:59 --- INFO: Lexus LX 470 - found: 6, pass primary filters: 3, did not pass the filter by color: 3, added: 0, new vincodes: 0
28-08-2011 11:15:04 --- INFO: Toyota Land Cruiser - found: 5, pass primary filters: 5, did not pass the filter by color: 5, added: 0, new vincodes: 0
28-08-2011 11:15:23 --- INFO: Honda CR-V - found: 22, pass primary filters: 3, did not pass the filter by color: 0, added: 3, new vincodes: 0
28-08-2011 11:16:58 --- INFO: Honda CR-V - found: 64, pass primary filters: 0, did not pass the filter by color: 0, added: 0, new vincodes: 0
28-08-2011 11:17:01 --- INFO: Mitsubishi Montero 4WD Limited - found: 3, pass primary filters: 1, did not pass the filter by color: 1, added: 0, new vincodes: 0
28-08-2011 11:18:29 --- INFO: Toyota 4RUNNER 4WD Limited - found: 62, pass primary filters: 34, did not pass the filter by color: 14, added: 20, new vincodes: 0
28-08-2011 11:18:41 --- INFO: Toyota RAV 4 - found: 14, pass primary filters: 4, did not pass the filter by color: 3, added: 1, new vincodes: 0
28-08-2011 11:18:58 --- INFO: Toyota Highlander 4WD - found: 21, pass primary filters: 0, did not pass the filter by color: 0, added: 0, new vincodes: 0
28-08-2011 11:20:21 --- INFO: Subaru Forester - found: 55, pass primary filters: 4, did not pass the filter by color: 0, added: 4, new vincodes: 0
28-08-2011 11:21:00 --- INFO: Nissan Rogue - found: 46, pass primary filters: 1, did not pass the filter by color: 0, added: 1, new vincodes: 0
28-08-2011 11:21:16 --- INFO: Toyota Highlander - found: 21, pass primary filters: 4, did not pass the filter by color: 4, added: 0, new vincodes: 0
28-08-2011 11:21:34 --- INFO: Acura MDX - found: 23, pass primary filters: 0, did not pass the filter by color: 0, added: 0, new vincodes: 0
28-08-2011 11:21:34 --- INFO: finish: 28-08-2011 11:21:34
28-08-2011 11:21:34 --- INFO: elapsed time: ~692.89 sec., memory usage: ~2.84 Mb.
28-08-2011 11:10:01 --- INFO: start: 28-08-2011 11:10:01
28-08-2011 11:10:01 --- INFO: ----------Source_Gsmotors (cli)
28-08-2011 11:11:19 --- INFO: Lexus RX 300 - found: 55, pass primary filters: 23, did not pass the filter by color: 9, added: 14, new vincodes: 0
28-08-2011 11:13:58 --- INFO: Lexus RX 330 - found: 173, pass primary filters: 41, did not pass the filter by color: 11, added: 30, new vincodes: 0
28-08-2011 11:14:12 --- INFO: Lexus RX 400H - found: 23, pass primary filters: 3, did not pass the filter by color: 3, added: 0, new vincodes: 0
28-08-2011 11:14:38 --- INFO: Lexus GX 470 - found: 50, pass primary filters: 28, did not pass the filter by color: 24, added: 4, new vincodes: 0
28-08-2011 11:15:32 --- INFO: Lexus GX 470 - found: 79, pass primary filters: 51, did not pass the filter by color: 43, added: 8, new vincodes: 0
28-08-2011 11:15:39 --- INFO: Lexus LX 470 - found: 11, pass primary filters: 8, did not pass the filter by color: 8, added: 0, new vincodes: 0
28-08-2011 11:15:49 --- INFO: Lexus LX 470 - found: 16, pass primary filters: 14, did not pass the filter by color: 14, added: 0, new vincodes: 0
28-08-2011 11:15:55 --- INFO: Toyota Land Cruiser - found: 10, pass primary filters: 5, did not pass the filter by color: 5, added: 0, new vincodes: 0
28-08-2011 11:16:11 --- INFO: Honda CR-V - found: 32, pass primary filters: 0, did not pass the filter by color: 0, added: 0, new vincodes: 0
28-08-2011 11:17:26 --- INFO: Honda CR-V - found: 151, pass primary filters: 7, did not pass the filter by color: 0, added: 7, new vincodes: 0
28-08-2011 11:18:00 --- INFO: Mitsubishi Montero 4WD Limited - found: 59, pass primary filters: 6, did not pass the filter by color: 6, added: 0, new vincodes: 0
28-08-2011 11:19:38 --- INFO: Toyota 4RUNNER 4WD Limited - found: 201, pass primary filters: 54, did not pass the filter by color: 35, added: 19, new vincodes: 0
28-08-2011 11:19:58 --- INFO: Toyota RAV 4 - found: 39, pass primary filters: 18, did not pass the filter by color: 12, added: 6, new vincodes: 0
28-08-2011 11:20:51 --- INFO: Toyota Highlander 4WD - found: 86, pass primary filters: 5, did not pass the filter by color: 2, added: 3, new vincodes: 0
28-08-2011 11:21:50 --- INFO: Subaru Forester - found: 112, pass primary filters: 10, did not pass the filter by color: 0, added: 10, new vincodes: 0
28-08-2011 11:23:34 --- INFO: Nissan Rogue - found: 186, pass primary filters: 15, did not pass the filter by color: 0, added: 15, new vincodes: 0
28-08-2011 11:24:21 --- INFO: Toyota Highlander - found: 86, pass primary filters: 44, did not pass the filter by color: 32, added: 12, new vincodes: 0
28-08-2011 11:24:51 --- INFO: Acura MDX - found: 46, pass primary filters: 1, did not pass the filter by color: 0, added: 1, new vincodes: 0
28-08-2011 11:24:51 --- INFO: finish: 28-08-2011 11:24:51
28-08-2011 11:24:51 --- INFO: elapsed time: ~890.06 sec., memory usage: ~4.35 Mb.
28-08-2011 12:20:01 --- INFO: start: 28-08-2011 12:20:01
28-08-2011 12:20:01 --- INFO: ----------Source_Adesa (cli)
28-08-2011 12:20:02 --- INFO: Authorized request
28-08-2011 12:20:02 --- INFO: Lexus RX 300 - found: 0, pass primary filters: 0, did not pass the filter by color: 0, added: 0, new vincodes: 0
28-08-2011 12:20:02 --- INFO: Lexus RX 330 - found: 0, pass primary filters: 0, did not pass the filter by color: 0, added: 0, new vincodes: 0
28-08-2011 12:20:03 --- INFO: Lexus RX 400H - found: 0, pass primary filters: 0, did not pass the filter by color: 0, added: 0, new vincodes: 0
28-08-2011 12:20:03 --- INFO: Lexus GX 470 - found: 0, pass primary filters: 0, did not pass the filter by color: 0, added: 0, new vincodes: 0
28-08-2011 12:20:03 --- INFO: Lexus GX 470 - found: 0, pass primary filters: 0, did not pass the filter by color: 0, added: 0, new vincodes: 0
28-08-2011 12:20:03 --- INFO: Lexus LX 470 - found: 0, pass primary filters: 0, did not pass the filter by color: 0, added: 0, new vincodes: 0
28-08-2011 12:20:03 --- INFO: Lexus LX 470 - found: 0, pass primary filters: 0, did not pass the filter by color: 0, added: 0, new vincodes: 0
28-08-2011 12:20:03 --- INFO: Toyota Land Cruiser - found: 0, pass primary filters: 0, did not pass the filter by color: 0, added: 0, new vincodes: 0
28-08-2011 12:20:04 --- INFO: Honda CR-V - found: 0, pass primary filters: 0, did not pass the filter by color: 0, added: 0, new vincodes: 0
28-08-2011 12:20:04 --- INFO: Honda CR-V - found: 0, pass primary filters: 0, did not pass the filter by color: 0, added: 0, new vincodes: 0
28-08-2011 12:20:04 --- INFO: Mitsubishi Montero 4WD Limited - found: 0, pass primary filters: 0, did not pass the filter by color: 0, added: 0, new vincodes: 0
28-08-2011 12:20:04 --- INFO: Toyota 4RUNNER 4WD Limited - found: 0, pass primary filters: 0, did not pass the filter by color: 0, added: 0, new vincodes: 0
28-08-2011 12:20:05 --- INFO: Toyota RAV 4 - found: 0, pass primary filters: 0, did not pass the filter by color: 0, added: 0, new vincodes: 0
28-08-2011 12:20:05 --- INFO: Toyota Highlander 4WD - found: 0, pass primary filters: 0, did not pass the filter by color: 0, added: 0, new vincodes: 0
28-08-2011 12:20:05 --- INFO: Subaru Forester - found: 0, pass primary filters: 0, did not pass the filter by color: 0, added: 0, new vincodes: 0
28-08-2011 12:20:05 --- INFO: Nissan Rogue - found: 0, pass primary filters: 0, did not pass the filter by color: 0, added: 0, new vincodes: 0
28-08-2011 12:20:05 --- INFO: Toyota Highlander - found: 0, pass primary filters: 0, did not pass the filter by color: 0, added: 0, new vincodes: 0
28-08-2011 12:20:06 --- INFO: Acura MDX - found: 0, pass primary filters: 0, did not pass the filter by color: 0, added: 0, new vincodes: 0
28-08-2011 12:20:06 --- INFO: finish: 28-08-2011 12:20:06
28-08-2011 12:20:06 --- INFO: elapsed time: ~4.81 sec., memory usage: ~1.7 Mb.
28-08-2011 12:20:01 --- INFO: start: 28-08-2011 12:20:01
28-08-2011 12:20:01 --- INFO: ----------Source_Gsmotors (cli)
28-08-2011 12:20:43 --- INFO: Lexus RX 300 - found: 55, pass primary filters: 23, did not pass the filter by color: 9, added: 14, new vincodes: 0
28-08-2011 12:22:46 --- INFO: Lexus RX 330 - found: 173, pass primary filters: 41, did not pass the filter by color: 11, added: 30, new vincodes: 0
28-08-2011 12:23:11 --- INFO: Lexus RX 400H - found: 25, pass primary filters: 3, did not pass the filter by color: 3, added: 0, new vincodes: 0
28-08-2011 12:24:11 --- INFO: Lexus GX 470 - found: 52, pass primary filters: 28, did not pass the filter by color: 24, added: 4, new vincodes: 0
28-08-2011 12:26:00 --- INFO: Lexus GX 470 - found: 79, pass primary filters: 51, did not pass the filter by color: 43, added: 8, new vincodes: 0
28-08-2011 12:26:18 --- INFO: Lexus LX 470 - found: 11, pass primary filters: 8, did not pass the filter by color: 8, added: 0, new vincodes: 0
28-08-2011 12:26:37 --- INFO: Lexus LX 470 - found: 16, pass primary filters: 14, did not pass the filter by color: 14, added: 0, new vincodes: 0
28-08-2011 12:26:50 --- INFO: Toyota Land Cruiser - found: 11, pass primary filters: 6, did not pass the filter by color: 6, added: 0, new vincodes: 1
28-08-2011 12:27:23 --- INFO: Honda CR-V - found: 32, pass primary filters: 0, did not pass the filter by color: 0, added: 0, new vincodes: 0
28-08-2011 12:30:29 --- INFO: Honda CR-V - found: 156, pass primary filters: 7, did not pass the filter by color: 0, added: 7, new vincodes: 0
28-08-2011 12:31:42 --- INFO: Mitsubishi Montero 4WD Limited - found: 60, pass primary filters: 6, did not pass the filter by color: 6, added: 0, new vincodes: 0
28-08-2011 12:35:33 --- INFO: Toyota 4RUNNER 4WD Limited - found: 203, pass primary filters: 54, did not pass the filter by color: 35, added: 19, new vincodes: 0
28-08-2011 12:36:20 --- INFO: Toyota RAV 4 - found: 40, pass primary filters: 18, did not pass the filter by color: 12, added: 6, new vincodes: 0
28-08-2011 12:37:58 --- INFO: Toyota Highlander 4WD - found: 86, pass primary filters: 5, did not pass the filter by color: 2, added: 3, new vincodes: 0
28-08-2011 12:40:51 --- INFO: Subaru Forester - found: 113, pass primary filters: 10, did not pass the filter by color: 0, added: 10, new vincodes: 0
28-08-2011 12:46:26 --- INFO: Nissan Rogue - found: 188, pass primary filters: 15, did not pass the filter by color: 0, added: 15, new vincodes: 0
28-08-2011 12:47:09 --- INFO: Toyota Highlander - found: 86, pass primary filters: 44, did not pass the filter by color: 32, added: 12, new vincodes: 0
28-08-2011 12:48:02 --- INFO: Acura MDX - found: 46, pass primary filters: 1, did not pass the filter by color: 0, added: 1, new vincodes: 0
28-08-2011 12:48:02 --- INFO: finish: 28-08-2011 12:48:02
28-08-2011 12:48:02 --- INFO: elapsed time: ~1681.09 sec., memory usage: ~4.39 Mb.
28-08-2011 13:20:01 --- INFO: start: 28-08-2011 13:20:01
28-08-2011 13:20:01 --- INFO: ----------Source_Adesa (cli)
28-08-2011 13:20:02 --- INFO: Authorized request
28-08-2011 13:20:03 --- INFO: Lexus RX 300 - found: 0, pass primary filters: 0, did not pass the filter by color: 0, added: 0, new vincodes: 0
28-08-2011 13:20:03 --- INFO: Lexus RX 330 - found: 0, pass primary filters: 0, did not pass the filter by color: 0, added: 0, new vincodes: 0
28-08-2011 13:20:03 --- INFO: Lexus RX 400H - found: 0, pass primary filters: 0, did not pass the filter by color: 0, added: 0, new vincodes: 0
28-08-2011 13:20:03 --- INFO: Lexus GX 470 - found: 0, pass primary filters: 0, did not pass the filter by color: 0, added: 0, new vincodes: 0
28-08-2011 13:20:03 --- INFO: Lexus GX 470 - found: 0, pass primary filters: 0, did not pass the filter by color: 0, added: 0, new vincodes: 0
28-08-2011 13:20:03 --- INFO: Lexus LX 470 - found: 0, pass primary filters: 0, did not pass the filter by color: 0, added: 0, new vincodes: 0
28-08-2011 13:20:04 --- INFO: Lexus LX 470 - found: 0, pass primary filters: 0, did not pass the filter by color: 0, added: 0, new vincodes: 0
28-08-2011 13:20:04 --- INFO: Toyota Land Cruiser - found: 0, pass primary filters: 0, did not pass the filter by color: 0, added: 0, new vincodes: 0
28-08-2011 13:20:04 --- INFO: Honda CR-V - found: 0, pass primary filters: 0, did not pass the filter by color: 0, added: 0, new vincodes: 0
28-08-2011 13:20:04 --- INFO: Honda CR-V - found: 0, pass primary filters: 0, did not pass the filter by color: 0, added: 0, new vincodes: 0
28-08-2011 13:20:04 --- INFO: Mitsubishi Montero 4WD Limited - found: 0, pass primary filters: 0, did not pass the filter by color: 0, added: 0, new vincodes: 0
28-08-2011 13:20:05 --- INFO: Toyota 4RUNNER 4WD Limited - found: 0, pass primary filters: 0, did not pass the filter by color: 0, added: 0, new vincodes: 0
28-08-2011 13:20:05 --- INFO: Toyota RAV 4 - found: 0, pass primary filters: 0, did not pass the filter by color: 0, added: 0, new vincodes: 0
28-08-2011 13:20:05 --- INFO: Toyota Highlander 4WD - found: 0, pass primary filters: 0, did not pass the filter by color: 0, added: 0, new vincodes: 0
28-08-2011 13:20:05 --- INFO: Subaru Forester - found: 0, pass primary filters: 0, did not pass the filter by color: 0, added: 0, new vincodes: 0
28-08-2011 13:20:05 --- INFO: Nissan Rogue - found: 0, pass primary filters: 0, did not pass the filter by color: 0, added: 0, new vincodes: 0
28-08-2011 13:20:06 --- INFO: Toyota Highlander - found: 0, pass primary filters: 0, did not pass the filter by color: 0, added: 0, new vincodes: 0
28-08-2011 13:20:06 --- INFO: Acura MDX - found: 0, pass primary filters: 0, did not pass the filter by color: 0, added: 0, new vincodes: 0
28-08-2011 13:20:06 --- INFO: finish: 28-08-2011 13:20:06
28-08-2011 13:20:06 --- INFO: elapsed time: ~4.9 sec., memory usage: ~1.7 Mb.
28-08-2011 13:20:01 --- INFO: start: 28-08-2011 13:20:01
28-08-2011 13:20:01 --- INFO: ----------Source_Gsmotors (cli)
28-08-2011 13:20:38 --- INFO: Lexus RX 300 - found: 55, pass primary filters: 23, did not pass the filter by color: 9, added: 14, new vincodes: 0
28-08-2011 13:22:02 --- INFO: Lexus RX 330 - found: 173, pass primary filters: 41, did not pass the filter by color: 11, added: 30, new vincodes: 0
28-08-2011 13:22:15 --- INFO: Lexus RX 400H - found: 25, pass primary filters: 3, did not pass the filter by color: 3, added: 0, new vincodes: 0
28-08-2011 13:22:45 --- INFO: Lexus GX 470 - found: 52, pass primary filters: 28, did not pass the filter by color: 24, added: 4, new vincodes: 0
28-08-2011 13:23:27 --- INFO: Lexus GX 470 - found: 79, pass primary filters: 51, did not pass the filter by color: 43, added: 8, new vincodes: 0
28-08-2011 13:23:34 --- INFO: Lexus LX 470 - found: 11, pass primary filters: 8, did not pass the filter by color: 8, added: 0, new vincodes: 0
28-08-2011 13:23:44 --- INFO: Lexus LX 470 - found: 16, pass primary filters: 14, did not pass the filter by color: 14, added: 0, new vincodes: 0
28-08-2011 13:23:50 --- INFO: Toyota Land Cruiser - found: 11, pass primary filters: 6, did not pass the filter by color: 6, added: 0, new vincodes: 0
28-08-2011 13:24:07 --- INFO: Honda CR-V - found: 32, pass primary filters: 0, did not pass the filter by color: 0, added: 0, new vincodes: 0
28-08-2011 13:25:32 --- INFO: Honda CR-V - found: 156, pass primary filters: 7, did not pass the filter by color: 0, added: 7, new vincodes: 0
28-08-2011 13:26:04 --- INFO: Mitsubishi Montero 4WD Limited - found: 60, pass primary filters: 6, did not pass the filter by color: 6, added: 0, new vincodes: 0
28-08-2011 13:27:41 --- INFO: Toyota 4RUNNER 4WD Limited - found: 203, pass primary filters: 54, did not pass the filter by color: 35, added: 19, new vincodes: 0
28-08-2011 13:28:03 --- INFO: Toyota RAV 4 - found: 40, pass primary filters: 18, did not pass the filter by color: 12, added: 6, new vincodes: 0
28-08-2011 13:28:49 --- INFO: Toyota Highlander 4WD - found: 86, pass primary filters: 5, did not pass the filter by color: 2, added: 3, new vincodes: 0
28-08-2011 13:29:53 --- INFO: Subaru Forester - found: 113, pass primary filters: 10, did not pass the filter by color: 0, added: 10, new vincodes: 0
28-08-2011 13:31:45 --- INFO: Nissan Rogue - found: 188, pass primary filters: 15, did not pass the filter by color: 0, added: 15, new vincodes: 0
28-08-2011 13:32:28 --- INFO: Toyota Highlander - found: 86, pass primary filters: 44, did not pass the filter by color: 32, added: 12, new vincodes: 0
28-08-2011 13:32:55 --- INFO: Acura MDX - found: 46, pass primary filters: 1, did not pass the filter by color: 0, added: 1, new vincodes: 0
28-08-2011 13:32:55 --- INFO: finish: 28-08-2011 13:32:55
28-08-2011 13:32:55 --- INFO: elapsed time: ~774.4 sec., memory usage: ~4.36 Mb.
28-08-2011 15:05:01 --- INFO: start: 28-08-2011 15:05:01
28-08-2011 15:05:01 --- INFO: ----------Source_Openlane (cli)
28-08-2011 15:05:04 --- ERROR: Unauthorized request
28-08-2011 15:05:04 --- INFO: finish: 28-08-2011 15:05:04
28-08-2011 15:05:04 --- INFO: elapsed time: ~2.94 sec., memory usage: ~1.31 Mb.
28-08-2011 15:10:01 --- INFO: start: 28-08-2011 15:10:01
28-08-2011 15:10:01 --- INFO: ----------Source_Ebay (cli)
28-08-2011 15:10:24 --- INFO: Lexus RX 300 - found: 29, pass primary filters: 5, did not pass the filter by color: 0, added: 5, new vincodes: 0
28-08-2011 15:12:19 --- INFO: Lexus RX 330 - found: 81, pass primary filters: 10, did not pass the filter by color: 4, added: 6, new vincodes: 0
28-08-2011 15:13:34 --- INFO: Lexus RX 400H - found: 53, pass primary filters: 2, did not pass the filter by color: 2, added: 0, new vincodes: 0
28-08-2011 15:14:07 --- INFO: Lexus GX 470 - found: 42, pass primary filters: 16, did not pass the filter by color: 12, added: 4, new vincodes: 0
28-08-2011 15:14:31 --- INFO: Lexus GX 470 - found: 29, pass primary filters: 19, did not pass the filter by color: 16, added: 3, new vincodes: 0
28-08-2011 15:14:38 --- INFO: Lexus LX 470 - found: 7, pass primary filters: 4, did not pass the filter by color: 4, added: 0, new vincodes: 0
28-08-2011 15:14:44 --- INFO: Lexus LX 470 - found: 6, pass primary filters: 3, did not pass the filter by color: 3, added: 0, new vincodes: 0
28-08-2011 15:14:50 --- INFO: Toyota Land Cruiser - found: 5, pass primary filters: 5, did not pass the filter by color: 5, added: 0, new vincodes: 0
28-08-2011 15:15:09 --- INFO: Honda CR-V - found: 22, pass primary filters: 3, did not pass the filter by color: 0, added: 3, new vincodes: 0
28-08-2011 15:16:45 --- INFO: Honda CR-V - found: 64, pass primary filters: 0, did not pass the filter by color: 0, added: 0, new vincodes: 0
28-08-2011 15:16:48 --- INFO: Mitsubishi Montero 4WD Limited - found: 3, pass primary filters: 1, did not pass the filter by color: 1, added: 0, new vincodes: 0
28-08-2011 15:18:13 --- INFO: Toyota 4RUNNER 4WD Limited - found: 62, pass primary filters: 34, did not pass the filter by color: 14, added: 20, new vincodes: 0
28-08-2011 15:18:24 --- INFO: Toyota RAV 4 - found: 14, pass primary filters: 4, did not pass the filter by color: 3, added: 1, new vincodes: 0
28-08-2011 15:18:42 --- INFO: Toyota Highlander 4WD - found: 21, pass primary filters: 0, did not pass the filter by color: 0, added: 0, new vincodes: 0
28-08-2011 15:20:03 --- INFO: Subaru Forester - found: 55, pass primary filters: 4, did not pass the filter by color: 0, added: 4, new vincodes: 0
28-08-2011 15:20:42 --- INFO: Nissan Rogue - found: 46, pass primary filters: 1, did not pass the filter by color: 0, added: 1, new vincodes: 0
28-08-2011 15:20:58 --- INFO: Toyota Highlander - found: 21, pass primary filters: 4, did not pass the filter by color: 4, added: 0, new vincodes: 0
28-08-2011 15:21:14 --- INFO: Acura MDX - found: 21, pass primary filters: 0, did not pass the filter by color: 0, added: 0, new vincodes: 0
28-08-2011 15:21:14 --- INFO: finish: 28-08-2011 15:21:14
28-08-2011 15:21:14 --- INFO: elapsed time: ~672.33 sec., memory usage: ~2.84 Mb.
28-08-2011 16:10:01 --- INFO: start: 28-08-2011 16:10:01
28-08-2011 16:10:01 --- INFO: ----------Source_Adesa (cli)
28-08-2011 16:10:02 --- INFO: Authorized request
28-08-2011 16:10:03 --- INFO: Lexus RX 300 - found: 0, pass primary filters: 0, did not pass the filter by color: 0, added: 0, new vincodes: 0
28-08-2011 16:10:03 --- INFO: Lexus RX 330 - found: 0, pass primary filters: 0, did not pass the filter by color: 0, added: 0, new vincodes: 0
28-08-2011 16:10:03 --- INFO: Lexus RX 400H - found: 0, pass primary filters: 0, did not pass the filter by color: 0, added: 0, new vincodes: 0
28-08-2011 16:10:03 --- INFO: Lexus GX 470 - found: 0, pass primary filters: 0, did not pass the filter by color: 0, added: 0, new vincodes: 0
28-08-2011 16:10:03 --- INFO: Lexus GX 470 - found: 0, pass primary filters: 0, did not pass the filter by color: 0, added: 0, new vincodes: 0
28-08-2011 16:10:04 --- INFO: Lexus LX 470 - found: 0, pass primary filters: 0, did not pass the filter by color: 0, added: 0, new vincodes: 0
28-08-2011 16:10:04 --- INFO: Lexus LX 470 - found: 0, pass primary filters: 0, did not pass the filter by color: 0, added: 0, new vincodes: 0
28-08-2011 16:10:04 --- INFO: Toyota Land Cruiser - found: 0, pass primary filters: 0, did not pass the filter by color: 0, added: 0, new vincodes: 0
28-08-2011 16:10:04 --- INFO: Honda CR-V - found: 0, pass primary filters: 0, did not pass the filter by color: 0, added: 0, new vincodes: 0
28-08-2011 16:10:04 --- INFO: Honda CR-V - found: 0, pass primary filters: 0, did not pass the filter by color: 0, added: 0, new vincodes: 0
28-08-2011 16:10:05 --- INFO: Mitsubishi Montero 4WD Limited - found: 0, pass primary filters: 0, did not pass the filter by color: 0, added: 0, new vincodes: 0
28-08-2011 16:10:05 --- INFO: Toyota 4RUNNER 4WD Limited - found: 0, pass primary filters: 0, did not pass the filter by color: 0, added: 0, new vincodes: 0
28-08-2011 16:10:05 --- INFO: Toyota RAV 4 - found: 0, pass primary filters: 0, did not pass the filter by color: 0, added: 0, new vincodes: 0
28-08-2011 16:10:05 --- INFO: Toyota Highlander 4WD - found: 0, pass primary filters: 0, did not pass the filter by color: 0, added: 0, new vincodes: 0
28-08-2011 16:10:05 --- INFO: Subaru Forester - found: 0, pass primary filters: 0, did not pass the filter by color: 0, added: 0, new vincodes: 0
28-08-2011 16:10:06 --- INFO: Nissan Rogue - found: 0, pass primary filters: 0, did not pass the filter by color: 0, added: 0, new vincodes: 0
28-08-2011 16:10:06 --- INFO: Toyota Highlander - found: 0, pass primary filters: 0, did not pass the filter by color: 0, added: 0, new vincodes: 0
28-08-2011 16:10:06 --- INFO: Acura MDX - found: 0, pass primary filters: 0, did not pass the filter by color: 0, added: 0, new vincodes: 0
28-08-2011 16:10:06 --- INFO: finish: 28-08-2011 16:10:06
28-08-2011 16:10:06 --- INFO: elapsed time: ~4.79 sec., memory usage: ~1.7 Mb.
28-08-2011 16:10:01 --- INFO: start: 28-08-2011 16:10:01
28-08-2011 16:10:01 --- INFO: ----------Source_Gsmotors (cli)
28-08-2011 16:11:15 --- INFO: Lexus RX 300 - found: 56, pass primary filters: 23, did not pass the filter by color: 9, added: 14, new vincodes: 0
28-08-2011 16:15:01 --- INFO: Lexus RX 330 - found: 176, pass primary filters: 4, did not pass the filter by color: 2, added: 2, new vincodes: 0
28-08-2011 16:15:01 --- ERROR: Request returns empty result
28-08-2011 16:15:01 --- INFO: finish: 28-08-2011 16:15:01
28-08-2011 16:15:01 --- INFO: elapsed time: ~299.8 sec., memory usage: ~2.11 Mb.
28-08-2011 18:10:01 --- INFO: start: 28-08-2011 18:10:01
28-08-2011 18:10:01 --- INFO: ----------Source_Adesa (cli)
28-08-2011 18:10:02 --- INFO: Authorized request
28-08-2011 18:10:02 --- INFO: Lexus RX 300 - found: 0, pass primary filters: 0, did not pass the filter by color: 0, added: 0, new vincodes: 0
28-08-2011 18:10:02 --- INFO: Lexus RX 330 - found: 0, pass primary filters: 0, did not pass the filter by color: 0, added: 0, new vincodes: 0
28-08-2011 18:10:02 --- INFO: Lexus RX 400H - found: 0, pass primary filters: 0, did not pass the filter by color: 0, added: 0, new vincodes: 0
28-08-2011 18:10:03 --- INFO: Lexus GX 470 - found: 0, pass primary filters: 0, did not pass the filter by color: 0, added: 0, new vincodes: 0
28-08-2011 18:10:03 --- INFO: Lexus GX 470 - found: 0, pass primary filters: 0, did not pass the filter by color: 0, added: 0, new vincodes: 0
28-08-2011 18:10:03 --- INFO: Lexus LX 470 - found: 0, pass primary filters: 0, did not pass the filter by color: 0, added: 0, new vincodes: 0
28-08-2011 18:10:03 --- INFO: Lexus LX 470 - found: 0, pass primary filters: 0, did not pass the filter by color: 0, added: 0, new vincodes: 0
28-08-2011 18:10:03 --- INFO: Toyota Land Cruiser - found: 0, pass primary filters: 0, did not pass the filter by color: 0, added: 0, new vincodes: 0
28-08-2011 18:10:04 --- INFO: Honda CR-V - found: 0, pass primary filters: 0, did not pass the filter by color: 0, added: 0, new vincodes: 0
28-08-2011 18:10:04 --- INFO: Honda CR-V - found: 0, pass primary filters: 0, did not pass the filter by color: 0, added: 0, new vincodes: 0
28-08-2011 18:10:04 --- INFO: Mitsubishi Montero 4WD Limited - found: 0, pass primary filters: 0, did not pass the filter by color: 0, added: 0, new vincodes: 0
28-08-2011 18:10:04 --- INFO: Toyota 4RUNNER 4WD Limited - found: 0, pass primary filters: 0, did not pass the filter by color: 0, added: 0, new vincodes: 0
28-08-2011 18:10:05 --- INFO: Toyota RAV 4 - found: 0, pass primary filters: 0, did not pass the filter by color: 0, added: 0, new vincodes: 0
28-08-2011 18:10:05 --- INFO: Toyota Highlander 4WD - found: 0, pass primary filters: 0, did not pass the filter by color: 0, added: 0, new vincodes: 0
28-08-2011 18:10:05 --- INFO: Subaru Forester - found: 0, pass primary filters: 0, did not pass the filter by color: 0, added: 0, new vincodes: 0
28-08-2011 18:10:05 --- INFO: Nissan Rogue - found: 0, pass primary filters: 0, did not pass the filter by color: 0, added: 0, new vincodes: 0
28-08-2011 18:10:05 --- INFO: Toyota Highlander - found: 0, pass primary filters: 0, did not pass the filter by color: 0, added: 0, new vincodes: 0
28-08-2011 18:10:06 --- INFO: Acura MDX - found: 0, pass primary filters: 0, did not pass the filter by color: 0, added: 0, new vincodes: 0
28-08-2011 18:10:06 --- INFO: finish: 28-08-2011 18:10:06
28-08-2011 18:10:06 --- INFO: elapsed time: ~4.84 sec., memory usage: ~1.7 Mb.
28-08-2011 18:10:01 --- INFO: start: 28-08-2011 18:10:01
28-08-2011 18:10:01 --- INFO: ----------Source_Gsmotors (cli)
28-08-2011 18:10:31 --- INFO: Lexus RX 300 - found: 56, pass primary filters: 23, did not pass the filter by color: 9, added: 14, new vincodes: 0
28-08-2011 18:13:12 --- INFO: Lexus RX 330 - found: 176, pass primary filters: 44, did not pass the filter by color: 11, added: 33, new vincodes: 0
28-08-2011 18:13:38 --- INFO: Lexus RX 400H - found: 25, pass primary filters: 3, did not pass the filter by color: 3, added: 0, new vincodes: 0
28-08-2011 18:16:00 --- INFO: Lexus GX 470 - found: 55, pass primary filters: 28, did not pass the filter by color: 24, added: 4, new vincodes: 0
28-08-2011 18:17:48 --- INFO: Lexus GX 470 - found: 79, pass primary filters: 51, did not pass the filter by color: 43, added: 8, new vincodes: 0
28-08-2011 18:18:05 --- INFO: Lexus LX 470 - found: 11, pass primary filters: 8, did not pass the filter by color: 8, added: 0, new vincodes: 0
28-08-2011 18:18:25 --- INFO: Lexus LX 470 - found: 17, pass primary filters: 15, did not pass the filter by color: 15, added: 0, new vincodes: 0
28-08-2011 18:19:05 --- INFO: Toyota Land Cruiser - found: 11, pass primary filters: 6, did not pass the filter by color: 6, added: 0, new vincodes: 0
28-08-2011 18:19:52 --- INFO: Honda CR-V - found: 32, pass primary filters: 0, did not pass the filter by color: 0, added: 0, new vincodes: 0
28-08-2011 18:23:04 --- INFO: Honda CR-V - found: 157, pass primary filters: 7, did not pass the filter by color: 0, added: 7, new vincodes: 0
28-08-2011 18:24:17 --- INFO: Mitsubishi Montero 4WD Limited - found: 62, pass primary filters: 6, did not pass the filter by color: 6, added: 0, new vincodes: 0
28-08-2011 18:28:24 --- INFO: Toyota 4RUNNER 4WD Limited - found: 206, pass primary filters: 54, did not pass the filter by color: 35, added: 19, new vincodes: 0
28-08-2011 18:29:14 --- INFO: Toyota RAV 4 - found: 40, pass primary filters: 18, did not pass the filter by color: 12, added: 6, new vincodes: 0
28-08-2011 18:31:08 --- INFO: Toyota Highlander 4WD - found: 90, pass primary filters: 5, did not pass the filter by color: 2, added: 3, new vincodes: 0
28-08-2011 18:34:01 --- INFO: Subaru Forester - found: 115, pass primary filters: 10, did not pass the filter by color: 0, added: 10, new vincodes: 0
28-08-2011 18:39:48 --- INFO: Nissan Rogue - found: 188, pass primary filters: 15, did not pass the filter by color: 0, added: 15, new vincodes: 0
28-08-2011 18:40:32 --- INFO: Toyota Highlander - found: 90, pass primary filters: 45, did not pass the filter by color: 32, added: 13, new vincodes: 0
28-08-2011 18:41:33 --- INFO: Acura MDX - found: 47, pass primary filters: 1, did not pass the filter by color: 0, added: 1, new vincodes: 0
28-08-2011 18:41:33 --- INFO: finish: 28-08-2011 18:41:33
28-08-2011 18:41:33 --- INFO: elapsed time: ~1892.48 sec., memory usage: ~4.4 Mb.
28-08-2011 19:05:01 --- INFO: start: 28-08-2011 19:05:01
28-08-2011 19:05:01 --- INFO: ----------Source_Openlane (cli)
28-08-2011 19:05:04 --- ERROR: Unauthorized request
28-08-2011 19:05:04 --- INFO: finish: 28-08-2011 19:05:04
28-08-2011 19:05:04 --- INFO: elapsed time: ~2.94 sec., memory usage: ~1.31 Mb.
28-08-2011 19:10:01 --- INFO: start: 28-08-2011 19:10:01
28-08-2011 19:10:01 --- INFO: ----------Source_Ebay (cli)
28-08-2011 19:10:20 --- INFO: Lexus RX 300 - found: 25, pass primary filters: 3, did not pass the filter by color: 0, added: 3, new vincodes: 0
28-08-2011 19:12:06 --- INFO: Lexus RX 330 - found: 78, pass primary filters: 8, did not pass the filter by color: 4, added: 4, new vincodes: 0
28-08-2011 19:13:18 --- INFO: Lexus RX 400H - found: 53, pass primary filters: 2, did not pass the filter by color: 2, added: 0, new vincodes: 0
28-08-2011 19:13:48 --- INFO: Lexus GX 470 - found: 41, pass primary filters: 16, did not pass the filter by color: 12, added: 4, new vincodes: 0
28-08-2011 19:14:09 --- INFO: Lexus GX 470 - found: 29, pass primary filters: 19, did not pass the filter by color: 16, added: 3, new vincodes: 0
28-08-2011 19:14:15 --- INFO: Lexus LX 470 - found: 7, pass primary filters: 4, did not pass the filter by color: 4, added: 0, new vincodes: 0
28-08-2011 19:14:20 --- INFO: Lexus LX 470 - found: 6, pass primary filters: 3, did not pass the filter by color: 3, added: 0, new vincodes: 0
28-08-2011 19:14:25 --- INFO: Toyota Land Cruiser - found: 5, pass primary filters: 5, did not pass the filter by color: 5, added: 0, new vincodes: 0
28-08-2011 19:14:42 --- INFO: Honda CR-V - found: 22, pass primary filters: 3, did not pass the filter by color: 0, added: 3, new vincodes: 0
28-08-2011 19:16:10 --- INFO: Honda CR-V - found: 64, pass primary filters: 0, did not pass the filter by color: 0, added: 0, new vincodes: 0
28-08-2011 19:16:14 --- INFO: Mitsubishi Montero 4WD Limited - found: 3, pass primary filters: 1, did not pass the filter by color: 1, added: 0, new vincodes: 0
28-08-2011 19:17:37 --- INFO: Toyota 4RUNNER 4WD Limited - found: 63, pass primary filters: 36, did not pass the filter by color: 14, added: 22, new vincodes: 0
28-08-2011 19:17:48 --- INFO: Toyota RAV 4 - found: 14, pass primary filters: 4, did not pass the filter by color: 3, added: 1, new vincodes: 0
28-08-2011 19:18:04 --- INFO: Toyota Highlander 4WD - found: 21, pass primary filters: 0, did not pass the filter by color: 0, added: 0, new vincodes: 0
28-08-2011 19:19:22 --- INFO: Subaru Forester - found: 55, pass primary filters: 4, did not pass the filter by color: 0, added: 4, new vincodes: 0
28-08-2011 19:19:56 --- INFO: Nissan Rogue - found: 45, pass primary filters: 1, did not pass the filter by color: 0, added: 1, new vincodes: 0
28-08-2011 19:20:11 --- INFO: Toyota Highlander - found: 21, pass primary filters: 4, did not pass the filter by color: 4, added: 0, new vincodes: 0
28-08-2011 19:20:27 --- INFO: Acura MDX - found: 21, pass primary filters: 0, did not pass the filter by color: 0, added: 0, new vincodes: 0
28-08-2011 19:20:27 --- INFO: finish: 28-08-2011 19:20:27
28-08-2011 19:20:27 --- INFO: elapsed time: ~625.61 sec., memory usage: ~2.82 Mb.
28-08-2011 23:05:01 --- INFO: start: 28-08-2011 23:05:01
28-08-2011 23:05:01 --- INFO: ----------Source_Openlane (cli)
28-08-2011 23:05:04 --- ERROR: Unauthorized request
28-08-2011 23:05:04 --- INFO: finish: 28-08-2011 23:05:04
28-08-2011 23:05:04 --- INFO: elapsed time: ~2.91 sec., memory usage: ~1.31 Mb.
28-08-2011 23:10:01 --- INFO: start: 28-08-2011 23:10:01
28-08-2011 23:10:01 --- INFO: ----------Source_Ebay (cli)
28-08-2011 23:10:21 --- INFO: Lexus RX 300 - found: 24, pass primary filters: 3, did not pass the filter by color: 0, added: 3, new vincodes: 0
28-08-2011 23:12:21 --- INFO: Lexus RX 330 - found: 79, pass primary filters: 8, did not pass the filter by color: 4, added: 4, new vincodes: 0
28-08-2011 23:13:40 --- INFO: Lexus RX 400H - found: 53, pass primary filters: 2, did not pass the filter by color: 2, added: 0, new vincodes: 0
28-08-2011 23:14:12 --- INFO: Lexus GX 470 - found: 39, pass primary filters: 14, did not pass the filter by color: 10, added: 4, new vincodes: 0
28-08-2011 23:14:33 --- INFO: Lexus GX 470 - found: 29, pass primary filters: 19, did not pass the filter by color: 16, added: 3, new vincodes: 0
28-08-2011 23:14:38 --- INFO: Lexus LX 470 - found: 7, pass primary filters: 4, did not pass the filter by color: 4, added: 0, new vincodes: 0
28-08-2011 23:14:44 --- INFO: Lexus LX 470 - found: 6, pass primary filters: 3, did not pass the filter by color: 3, added: 0, new vincodes: 0
28-08-2011 23:14:48 --- INFO: Toyota Land Cruiser - found: 5, pass primary filters: 5, did not pass the filter by color: 5, added: 0, new vincodes: 0
28-08-2011 23:15:04 --- INFO: Honda CR-V - found: 22, pass primary filters: 3, did not pass the filter by color: 0, added: 3, new vincodes: 0
28-08-2011 23:16:33 --- INFO: Honda CR-V - found: 65, pass primary filters: 0, did not pass the filter by color: 0, added: 0, new vincodes: 0
28-08-2011 23:16:37 --- INFO: Mitsubishi Montero 4WD Limited - found: 3, pass primary filters: 1, did not pass the filter by color: 1, added: 0, new vincodes: 0
28-08-2011 23:17:55 --- INFO: Toyota 4RUNNER 4WD Limited - found: 59, pass primary filters: 35, did not pass the filter by color: 15, added: 20, new vincodes: 0
28-08-2011 23:18:06 --- INFO: Toyota RAV 4 - found: 14, pass primary filters: 4, did not pass the filter by color: 3, added: 1, new vincodes: 0
28-08-2011 23:18:22 --- INFO: Toyota Highlander 4WD - found: 22, pass primary filters: 0, did not pass the filter by color: 0, added: 0, new vincodes: 0
28-08-2011 23:19:37 --- INFO: Subaru Forester - found: 54, pass primary filters: 4, did not pass the filter by color: 0, added: 4, new vincodes: 0
28-08-2011 23:20:12 --- INFO: Nissan Rogue - found: 46, pass primary filters: 1, did not pass the filter by color: 0, added: 1, new vincodes: 0
28-08-2011 23:20:31 --- INFO: Toyota Highlander - found: 22, pass primary filters: 5, did not pass the filter by color: 5, added: 0, new vincodes: 0
28-08-2011 23:20:47 --- INFO: Acura MDX - found: 21, pass primary filters: 0, did not pass the filter by color: 0, added: 0, new vincodes: 0
28-08-2011 23:20:47 --- INFO: finish: 28-08-2011 23:20:47
28-08-2011 23:20:47 --- INFO: elapsed time: ~646.07 sec., memory usage: ~2.81 Mb.