
28-10-2011 03:05:01 --- INFO: start: 28-10-2011 03:05:01
28-10-2011 03:05:01 --- INFO: ----------Source_Openlane (cli)
28-10-2011 03:05:05 --- ERROR: Unauthorized request
28-10-2011 03:05:05 --- INFO: finish: 28-10-2011 03:05:05
28-10-2011 03:05:05 --- INFO: elapsed time: ~3.8 sec., memory usage: ~1.31 Mb.
28-10-2011 03:10:01 --- INFO: start: 28-10-2011 03:10:01
28-10-2011 03:10:01 --- INFO: ----------Source_Ebay (cli)
28-10-2011 03:10:37 --- INFO: Lexus RX 300 - found: 23, pass primary filters: 4, did not pass the filter by color: 1, added: 3, new vincodes: 0
28-10-2011 03:13:53 --- INFO: Lexus RX 330 - found: 61, pass primary filters: 10, did not pass the filter by color: 4, added: 6, new vincodes: 0
28-10-2011 03:15:10 --- INFO: Lexus RX 400H - found: 43, pass primary filters: 1, did not pass the filter by color: 1, added: 0, new vincodes: 0
28-10-2011 03:16:15 --- INFO: Lexus GX 470 - found: 34, pass primary filters: 9, did not pass the filter by color: 7, added: 2, new vincodes: 0
28-10-2011 03:16:48 --- INFO: Lexus GX 470 - found: 20, pass primary filters: 10, did not pass the filter by color: 9, added: 1, new vincodes: 0
28-10-2011 03:17:02 --- INFO: Lexus LX 470 - found: 8, pass primary filters: 5, did not pass the filter by color: 5, added: 0, new vincodes: 0
28-10-2011 03:17:23 --- INFO: Lexus LX 470 - found: 13, pass primary filters: 7, did not pass the filter by color: 6, added: 1, new vincodes: 0
28-10-2011 03:17:36 --- INFO: Toyota Land Cruiser - found: 6, pass primary filters: 5, did not pass the filter by color: 5, added: 0, new vincodes: 0
28-10-2011 03:18:02 --- INFO: Honda CR-V - found: 13, pass primary filters: 0, did not pass the filter by color: 0, added: 0, new vincodes: 0
28-10-2011 03:21:49 --- INFO: Honda CR-V - found: 68, pass primary filters: 6, did not pass the filter by color: 0, added: 6, new vincodes: 0
28-10-2011 03:21:58 --- INFO: Mitsubishi Montero 4WD Limited - found: 1, pass primary filters: 0, did not pass the filter by color: 0, added: 0, new vincodes: 0
28-10-2011 03:25:22 --- INFO: Toyota 4RUNNER 4WD Limited - found: 71, pass primary filters: 38, did not pass the filter by color: 32, added: 6, new vincodes: 0
28-10-2011 03:25:35 --- INFO: Toyota RAV 4 - found: 11, pass primary filters: 7, did not pass the filter by color: 5, added: 2, new vincodes: 0
28-10-2011 03:25:49 --- INFO: Toyota Highlander 4WD - found: 12, pass primary filters: 0, did not pass the filter by color: 0, added: 0, new vincodes: 0
28-10-2011 03:27:36 --- INFO: Subaru Forester - found: 53, pass primary filters: 6, did not pass the filter by color: 0, added: 6, new vincodes: 0
28-10-2011 03:28:28 --- INFO: Nissan Rogue - found: 48, pass primary filters: 0, did not pass the filter by color: 0, added: 0, new vincodes: 0
28-10-2011 03:28:41 --- INFO: Toyota Highlander - found: 12, pass primary filters: 3, did not pass the filter by color: 3, added: 0, new vincodes: 0
28-10-2011 03:28:56 --- INFO: Acura MDX - found: 16, pass primary filters: 0, did not pass the filter by color: 0, added: 0, new vincodes: 0
28-10-2011 03:28:56 --- INFO: finish: 28-10-2011 03:28:56
28-10-2011 03:28:56 --- INFO: elapsed time: ~1134.93 sec., memory usage: ~2.81 Mb.
28-10-2011 06:10:01 --- INFO: start: 28-10-2011 06:10:01
28-10-2011 06:10:01 --- INFO: ----------Source_Adesa (cli)
28-10-2011 06:10:03 --- ERROR: Unauthorized request
28-10-2011 06:10:03 --- INFO: finish: 28-10-2011 06:10:03
28-10-2011 06:10:03 --- INFO: elapsed time: ~1.6 sec., memory usage: ~1.31 Mb.
28-10-2011 06:10:01 --- INFO: start: 28-10-2011 06:10:01
28-10-2011 06:10:01 --- INFO: ----------Source_Gsmotors (cli)
28-10-2011 06:11:28 --- INFO: Lexus RX 300 - found: 59, pass primary filters: 20, did not pass the filter by color: 9, added: 11, new vincodes: 1
28-10-2011 06:14:23 --- INFO: Lexus RX 330 - found: 136, pass primary filters: 34, did not pass the filter by color: 10, added: 24, new vincodes: 0
28-10-2011 06:15:02 --- INFO: Lexus RX 400H - found: 29, pass primary filters: 4, did not pass the filter by color: 2, added: 2, new vincodes: 0
28-10-2011 06:16:18 --- INFO: Lexus GX 470 - found: 64, pass primary filters: 33, did not pass the filter by color: 29, added: 4, new vincodes: 1
28-10-2011 06:17:17 --- INFO: Lexus GX 470 - found: 48, pass primary filters: 35, did not pass the filter by color: 31, added: 4, new vincodes: 0
28-10-2011 06:17:28 --- INFO: Lexus LX 470 - found: 5, pass primary filters: 5, did not pass the filter by color: 5, added: 0, new vincodes: 0
28-10-2011 06:17:56 --- INFO: Lexus LX 470 - found: 22, pass primary filters: 13, did not pass the filter by color: 13, added: 0, new vincodes: 1
28-10-2011 06:18:08 --- INFO: Toyota Land Cruiser - found: 10, pass primary filters: 9, did not pass the filter by color: 9, added: 0, new vincodes: 0
28-10-2011 06:18:55 --- INFO: Honda CR-V - found: 38, pass primary filters: 4, did not pass the filter by color: 0, added: 4, new vincodes: 0
28-10-2011 06:23:31 --- INFO: Honda CR-V - found: 179, pass primary filters: 9, did not pass the filter by color: 0, added: 9, new vincodes: 0
28-10-2011 06:24:29 --- INFO: Mitsubishi Montero 4WD Limited - found: 41, pass primary filters: 8, did not pass the filter by color: 8, added: 0, new vincodes: 0
28-10-2011 06:27:22 --- INFO: Toyota 4RUNNER 4WD Limited - found: 140, pass primary filters: 44, did not pass the filter by color: 20, added: 24, new vincodes: 1
28-10-2011 06:28:14 --- INFO: Toyota RAV 4 - found: 43, pass primary filters: 18, did not pass the filter by color: 15, added: 3, new vincodes: 0
28-10-2011 06:29:44 --- INFO: Toyota Highlander 4WD - found: 69, pass primary filters: 0, did not pass the filter by color: 0, added: 0, new vincodes: 0
28-10-2011 06:33:34 --- INFO: Subaru Forester - found: 146, pass primary filters: 27, did not pass the filter by color: 0, added: 27, new vincodes: 1
28-10-2011 06:40:24 --- INFO: Nissan Rogue - found: 206, pass primary filters: 11, did not pass the filter by color: 0, added: 11, new vincodes: 0
28-10-2011 06:41:03 --- INFO: Toyota Highlander - found: 69, pass primary filters: 32, did not pass the filter by color: 26, added: 6, new vincodes: 1
28-10-2011 06:42:20 --- INFO: Acura MDX - found: 57, pass primary filters: 2, did not pass the filter by color: 0, added: 2, new vincodes: 0
28-10-2011 06:42:20 --- INFO: finish: 28-10-2011 06:42:20
28-10-2011 06:42:20 --- INFO: elapsed time: ~1938.65 sec., memory usage: ~4.26 Mb.
28-10-2011 07:05:01 --- INFO: start: 28-10-2011 07:05:01
28-10-2011 07:05:01 --- INFO: ----------Source_Openlane (cli)
28-10-2011 07:05:04 --- ERROR: Unauthorized request
28-10-2011 07:05:04 --- INFO: finish: 28-10-2011 07:05:04
28-10-2011 07:05:04 --- INFO: elapsed time: ~3.62 sec., memory usage: ~1.31 Mb.
28-10-2011 07:10:01 --- INFO: start: 28-10-2011 07:10:01
28-10-2011 07:10:01 --- INFO: ----------Source_Ebay (cli)
28-10-2011 07:10:31 --- INFO: Lexus RX 300 - found: 24, pass primary filters: 4, did not pass the filter by color: 1, added: 3, new vincodes: 0
28-10-2011 07:12:43 --- INFO: Lexus RX 330 - found: 60, pass primary filters: 10, did not pass the filter by color: 3, added: 7, new vincodes: 0
28-10-2011 07:13:28 --- INFO: Lexus RX 400H - found: 42, pass primary filters: 1, did not pass the filter by color: 1, added: 0, new vincodes: 0
28-10-2011 07:14:08 --- INFO: Lexus GX 470 - found: 34, pass primary filters: 9, did not pass the filter by color: 7, added: 2, new vincodes: 0
28-10-2011 07:14:31 --- INFO: Lexus GX 470 - found: 20, pass primary filters: 10, did not pass the filter by color: 9, added: 1, new vincodes: 0
28-10-2011 07:14:42 --- INFO: Lexus LX 470 - found: 8, pass primary filters: 5, did not pass the filter by color: 5, added: 0, new vincodes: 0
28-10-2011 07:14:58 --- INFO: Lexus LX 470 - found: 13, pass primary filters: 7, did not pass the filter by color: 6, added: 1, new vincodes: 0
28-10-2011 07:15:06 --- INFO: Toyota Land Cruiser - found: 6, pass primary filters: 5, did not pass the filter by color: 5, added: 0, new vincodes: 0
28-10-2011 07:15:20 --- INFO: Honda CR-V - found: 13, pass primary filters: 0, did not pass the filter by color: 0, added: 0, new vincodes: 0
28-10-2011 07:19:05 --- INFO: Honda CR-V - found: 68, pass primary filters: 6, did not pass the filter by color: 0, added: 6, new vincodes: 0
28-10-2011 07:19:09 --- INFO: Mitsubishi Montero 4WD Limited - found: 1, pass primary filters: 0, did not pass the filter by color: 0, added: 0, new vincodes: 0
28-10-2011 07:21:56 --- INFO: Toyota 4RUNNER 4WD Limited - found: 71, pass primary filters: 38, did not pass the filter by color: 32, added: 6, new vincodes: 0
28-10-2011 07:22:11 --- INFO: Toyota RAV 4 - found: 11, pass primary filters: 7, did not pass the filter by color: 5, added: 2, new vincodes: 0
28-10-2011 07:22:32 --- INFO: Toyota Highlander 4WD - found: 12, pass primary filters: 0, did not pass the filter by color: 0, added: 0, new vincodes: 0
28-10-2011 07:25:18 --- INFO: Subaru Forester - found: 53, pass primary filters: 6, did not pass the filter by color: 0, added: 6, new vincodes: 0
28-10-2011 07:26:40 --- INFO: Nissan Rogue - found: 48, pass primary filters: 0, did not pass the filter by color: 0, added: 0, new vincodes: 0
28-10-2011 07:27:04 --- INFO: Toyota Highlander - found: 12, pass primary filters: 3, did not pass the filter by color: 3, added: 0, new vincodes: 0
28-10-2011 07:27:30 --- INFO: Acura MDX - found: 16, pass primary filters: 0, did not pass the filter by color: 0, added: 0, new vincodes: 0
28-10-2011 07:27:30 --- INFO: finish: 28-10-2011 07:27:30
28-10-2011 07:27:30 --- INFO: elapsed time: ~1048.8 sec., memory usage: ~2.81 Mb.
28-10-2011 08:10:01 --- INFO: start: 28-10-2011 08:10:01
28-10-2011 08:10:01 --- INFO: ----------Source_Adesa (cli)
28-10-2011 08:10:03 --- ERROR: Unauthorized request
28-10-2011 08:10:03 --- INFO: finish: 28-10-2011 08:10:03
28-10-2011 08:10:03 --- INFO: elapsed time: ~1.69 sec., memory usage: ~1.31 Mb.
28-10-2011 08:10:01 --- INFO: start: 28-10-2011 08:10:01
28-10-2011 08:10:01 --- INFO: ----------Source_Gsmotors (cli)
28-10-2011 08:10:35 --- INFO: Lexus RX 300 - found: 59, pass primary filters: 20, did not pass the filter by color: 9, added: 11, new vincodes: 0
28-10-2011 08:12:17 --- INFO: Lexus RX 330 - found: 136, pass primary filters: 34, did not pass the filter by color: 9, added: 25, new vincodes: 0
28-10-2011 08:12:36 --- INFO: Lexus RX 400H - found: 29, pass primary filters: 4, did not pass the filter by color: 2, added: 2, new vincodes: 0
28-10-2011 08:13:21 --- INFO: Lexus GX 470 - found: 64, pass primary filters: 34, did not pass the filter by color: 30, added: 4, new vincodes: 0
28-10-2011 08:13:51 --- INFO: Lexus GX 470 - found: 48, pass primary filters: 35, did not pass the filter by color: 31, added: 4, new vincodes: 0
28-10-2011 08:13:58 --- INFO: Lexus LX 470 - found: 5, pass primary filters: 5, did not pass the filter by color: 5, added: 0, new vincodes: 0
28-10-2011 08:14:15 --- INFO: Lexus LX 470 - found: 22, pass primary filters: 13, did not pass the filter by color: 13, added: 0, new vincodes: 0
28-10-2011 08:14:28 --- INFO: Toyota Land Cruiser - found: 10, pass primary filters: 9, did not pass the filter by color: 9, added: 0, new vincodes: 0
28-10-2011 08:14:51 --- INFO: Honda CR-V - found: 38, pass primary filters: 4, did not pass the filter by color: 0, added: 4, new vincodes: 0
28-10-2011 08:16:44 --- INFO: Honda CR-V - found: 179, pass primary filters: 9, did not pass the filter by color: 0, added: 9, new vincodes: 0
28-10-2011 08:17:13 --- INFO: Mitsubishi Montero 4WD Limited - found: 41, pass primary filters: 8, did not pass the filter by color: 8, added: 0, new vincodes: 0
28-10-2011 08:18:59 --- INFO: Toyota 4RUNNER 4WD Limited - found: 140, pass primary filters: 44, did not pass the filter by color: 20, added: 24, new vincodes: 0
28-10-2011 08:19:33 --- INFO: Toyota RAV 4 - found: 43, pass primary filters: 18, did not pass the filter by color: 15, added: 3, new vincodes: 0
28-10-2011 08:20:17 --- INFO: Toyota Highlander 4WD - found: 69, pass primary filters: 0, did not pass the filter by color: 0, added: 0, new vincodes: 0
28-10-2011 08:21:45 --- INFO: Subaru Forester - found: 146, pass primary filters: 27, did not pass the filter by color: 0, added: 27, new vincodes: 0
28-10-2011 08:24:02 --- INFO: Nissan Rogue - found: 206, pass primary filters: 11, did not pass the filter by color: 0, added: 11, new vincodes: 0
28-10-2011 08:24:49 --- INFO: Toyota Highlander - found: 69, pass primary filters: 32, did not pass the filter by color: 26, added: 6, new vincodes: 0
28-10-2011 08:25:24 --- INFO: Acura MDX - found: 57, pass primary filters: 2, did not pass the filter by color: 0, added: 2, new vincodes: 0
28-10-2011 08:25:24 --- INFO: finish: 28-10-2011 08:25:24
28-10-2011 08:25:24 --- INFO: elapsed time: ~923.1 sec., memory usage: ~4.18 Mb.
28-10-2011 09:10:01 --- INFO: start: 28-10-2011 09:10:01
28-10-2011 09:10:01 --- INFO: ----------Source_Adesa (cli)
28-10-2011 09:10:03 --- ERROR: Unauthorized request
28-10-2011 09:10:03 --- INFO: finish: 28-10-2011 09:10:03
28-10-2011 09:10:03 --- INFO: elapsed time: ~1.68 sec., memory usage: ~1.31 Mb.
28-10-2011 09:10:01 --- INFO: start: 28-10-2011 09:10:01
28-10-2011 09:10:01 --- INFO: ----------Source_Gsmotors (cli)
28-10-2011 09:10:37 --- INFO: Lexus RX 300 - found: 59, pass primary filters: 20, did not pass the filter by color: 9, added: 11, new vincodes: 0
28-10-2011 09:12:00 --- INFO: Lexus RX 330 - found: 136, pass primary filters: 34, did not pass the filter by color: 10, added: 24, new vincodes: 0
28-10-2011 09:12:20 --- INFO: Lexus RX 400H - found: 29, pass primary filters: 4, did not pass the filter by color: 2, added: 2, new vincodes: 0
28-10-2011 09:13:01 --- INFO: Lexus GX 470 - found: 64, pass primary filters: 34, did not pass the filter by color: 30, added: 4, new vincodes: 0
28-10-2011 09:13:31 --- INFO: Lexus GX 470 - found: 48, pass primary filters: 35, did not pass the filter by color: 31, added: 4, new vincodes: 0
28-10-2011 09:13:35 --- INFO: Lexus LX 470 - found: 5, pass primary filters: 5, did not pass the filter by color: 5, added: 0, new vincodes: 0
28-10-2011 09:13:50 --- INFO: Lexus LX 470 - found: 22, pass primary filters: 13, did not pass the filter by color: 13, added: 0, new vincodes: 0
28-10-2011 09:14:08 --- INFO: Toyota Land Cruiser - found: 10, pass primary filters: 9, did not pass the filter by color: 9, added: 0, new vincodes: 0
28-10-2011 09:14:38 --- INFO: Honda CR-V - found: 38, pass primary filters: 4, did not pass the filter by color: 0, added: 4, new vincodes: 0
28-10-2011 09:16:55 --- INFO: Honda CR-V - found: 179, pass primary filters: 9, did not pass the filter by color: 0, added: 9, new vincodes: 0
28-10-2011 09:17:28 --- INFO: Mitsubishi Montero 4WD Limited - found: 41, pass primary filters: 8, did not pass the filter by color: 8, added: 0, new vincodes: 0
28-10-2011 09:19:11 --- INFO: Toyota 4RUNNER 4WD Limited - found: 140, pass primary filters: 44, did not pass the filter by color: 20, added: 24, new vincodes: 0
28-10-2011 09:19:46 --- INFO: Toyota RAV 4 - found: 43, pass primary filters: 18, did not pass the filter by color: 15, added: 3, new vincodes: 0
28-10-2011 09:20:30 --- INFO: Toyota Highlander 4WD - found: 69, pass primary filters: 0, did not pass the filter by color: 0, added: 0, new vincodes: 0
28-10-2011 09:21:57 --- INFO: Subaru Forester - found: 146, pass primary filters: 27, did not pass the filter by color: 0, added: 27, new vincodes: 0
28-10-2011 09:24:25 --- INFO: Nissan Rogue - found: 206, pass primary filters: 11, did not pass the filter by color: 0, added: 11, new vincodes: 0
28-10-2011 09:25:05 --- INFO: Toyota Highlander - found: 69, pass primary filters: 32, did not pass the filter by color: 26, added: 6, new vincodes: 0
28-10-2011 09:25:38 --- INFO: Acura MDX - found: 57, pass primary filters: 2, did not pass the filter by color: 0, added: 2, new vincodes: 0
28-10-2011 09:25:38 --- INFO: finish: 28-10-2011 09:25:38
28-10-2011 09:25:38 --- INFO: elapsed time: ~936.76 sec., memory usage: ~4.19 Mb.
28-10-2011 10:00:02 --- INFO: start: 28-10-2011 10:00:02
28-10-2011 10:00:02 --- INFO: ----------Source_Adesa (cli)
28-10-2011 10:00:03 --- ERROR: Unauthorized request
28-10-2011 10:00:03 --- INFO: finish: 28-10-2011 10:00:03
28-10-2011 10:00:03 --- INFO: elapsed time: ~1.53 sec., memory usage: ~1.31 Mb.
28-10-2011 10:00:02 --- INFO: start: 28-10-2011 10:00:02
28-10-2011 10:00:02 --- INFO: ----------Source_Gsmotors (cli)
28-10-2011 10:00:47 --- INFO: Lexus RX 300 - found: 59, pass primary filters: 20, did not pass the filter by color: 9, added: 11, new vincodes: 0
28-10-2011 10:02:57 --- INFO: Lexus RX 330 - found: 136, pass primary filters: 34, did not pass the filter by color: 9, added: 25, new vincodes: 0
28-10-2011 10:03:27 --- INFO: Lexus RX 400H - found: 29, pass primary filters: 4, did not pass the filter by color: 2, added: 2, new vincodes: 0
28-10-2011 10:04:17 --- INFO: Lexus GX 470 - found: 64, pass primary filters: 34, did not pass the filter by color: 30, added: 4, new vincodes: 0
28-10-2011 10:04:58 --- INFO: Lexus GX 470 - found: 48, pass primary filters: 35, did not pass the filter by color: 31, added: 4, new vincodes: 0
28-10-2011 10:05:03 --- INFO: Lexus LX 470 - found: 5, pass primary filters: 5, did not pass the filter by color: 5, added: 0, new vincodes: 0
28-10-2011 10:05:15 --- INFO: Lexus LX 470 - found: 22, pass primary filters: 13, did not pass the filter by color: 13, added: 0, new vincodes: 0
28-10-2011 10:05:22 --- INFO: Toyota Land Cruiser - found: 10, pass primary filters: 9, did not pass the filter by color: 9, added: 0, new vincodes: 0
28-10-2011 10:05:49 --- INFO: Honda CR-V - found: 38, pass primary filters: 4, did not pass the filter by color: 0, added: 4, new vincodes: 0
28-10-2011 10:08:10 --- INFO: Honda CR-V - found: 179, pass primary filters: 9, did not pass the filter by color: 0, added: 9, new vincodes: 0
28-10-2011 10:08:38 --- INFO: Mitsubishi Montero 4WD Limited - found: 41, pass primary filters: 8, did not pass the filter by color: 8, added: 0, new vincodes: 0
28-10-2011 10:10:19 --- INFO: Toyota 4RUNNER 4WD Limited - found: 140, pass primary filters: 44, did not pass the filter by color: 20, added: 24, new vincodes: 0
28-10-2011 10:10:46 --- INFO: Toyota RAV 4 - found: 43, pass primary filters: 18, did not pass the filter by color: 15, added: 3, new vincodes: 0
28-10-2011 10:11:29 --- INFO: Toyota Highlander 4WD - found: 69, pass primary filters: 0, did not pass the filter by color: 0, added: 0, new vincodes: 0
28-10-2011 10:13:05 --- INFO: Subaru Forester - found: 146, pass primary filters: 27, did not pass the filter by color: 0, added: 27, new vincodes: 0
28-10-2011 10:16:06 --- INFO: Nissan Rogue - found: 206, pass primary filters: 11, did not pass the filter by color: 0, added: 11, new vincodes: 0
28-10-2011 10:16:54 --- INFO: Toyota Highlander - found: 69, pass primary filters: 32, did not pass the filter by color: 26, added: 6, new vincodes: 0
28-10-2011 10:17:31 --- INFO: Acura MDX - found: 57, pass primary filters: 2, did not pass the filter by color: 0, added: 2, new vincodes: 0
28-10-2011 10:17:31 --- INFO: finish: 28-10-2011 10:17:31
28-10-2011 10:17:31 --- INFO: elapsed time: ~1049.52 sec., memory usage: ~4.18 Mb.
28-10-2011 11:05:01 --- INFO: start: 28-10-2011 11:05:01
28-10-2011 11:05:01 --- INFO: ----------Source_Openlane (cli)
28-10-2011 11:05:04 --- ERROR: Unauthorized request
28-10-2011 11:05:04 --- INFO: finish: 28-10-2011 11:05:04
28-10-2011 11:05:04 --- INFO: elapsed time: ~3.3 sec., memory usage: ~1.31 Mb.
28-10-2011 11:10:01 --- INFO: start: 28-10-2011 11:10:01
28-10-2011 11:10:01 --- INFO: ----------Source_Adesa (cli)
28-10-2011 11:10:02 --- ERROR: Unauthorized request
28-10-2011 11:10:02 --- INFO: finish: 28-10-2011 11:10:02
28-10-2011 11:10:02 --- INFO: elapsed time: ~1.75 sec., memory usage: ~1.31 Mb.
28-10-2011 11:10:01 --- INFO: start: 28-10-2011 11:10:01
28-10-2011 11:10:01 --- INFO: ----------Source_Ebay (cli)
28-10-2011 11:10:29 --- INFO: Lexus RX 300 - found: 24, pass primary filters: 4, did not pass the filter by color: 1, added: 3, new vincodes: 0
28-10-2011 11:12:30 --- INFO: Lexus RX 330 - found: 59, pass primary filters: 10, did not pass the filter by color: 4, added: 6, new vincodes: 0
28-10-2011 11:13:12 --- INFO: Lexus RX 400H - found: 43, pass primary filters: 1, did not pass the filter by color: 1, added: 0, new vincodes: 0
28-10-2011 11:13:49 --- INFO: Lexus GX 470 - found: 34, pass primary filters: 9, did not pass the filter by color: 7, added: 2, new vincodes: 0
28-10-2011 11:14:13 --- INFO: Lexus GX 470 - found: 20, pass primary filters: 10, did not pass the filter by color: 9, added: 1, new vincodes: 0
28-10-2011 11:14:25 --- INFO: Lexus LX 470 - found: 8, pass primary filters: 5, did not pass the filter by color: 5, added: 0, new vincodes: 0
28-10-2011 11:14:48 --- INFO: Lexus LX 470 - found: 13, pass primary filters: 7, did not pass the filter by color: 6, added: 1, new vincodes: 0
28-10-2011 11:14:59 --- INFO: Toyota Land Cruiser - found: 6, pass primary filters: 5, did not pass the filter by color: 5, added: 0, new vincodes: 0
28-10-2011 11:15:22 --- INFO: Honda CR-V - found: 13, pass primary filters: 0, did not pass the filter by color: 0, added: 0, new vincodes: 0
28-10-2011 11:19:02 --- INFO: Honda CR-V - found: 69, pass primary filters: 6, did not pass the filter by color: 0, added: 6, new vincodes: 0
28-10-2011 11:19:05 --- INFO: Mitsubishi Montero 4WD Limited - found: 1, pass primary filters: 0, did not pass the filter by color: 0, added: 0, new vincodes: 0
28-10-2011 11:23:03 --- INFO: Toyota 4RUNNER 4WD Limited - found: 68, pass primary filters: 34, did not pass the filter by color: 31, added: 3, new vincodes: 0
28-10-2011 11:23:21 --- INFO: Toyota RAV 4 - found: 12, pass primary filters: 7, did not pass the filter by color: 5, added: 2, new vincodes: 0
28-10-2011 11:23:40 --- INFO: Toyota Highlander 4WD - found: 12, pass primary filters: 0, did not pass the filter by color: 0, added: 0, new vincodes: 0
28-10-2011 11:26:31 --- INFO: Subaru Forester - found: 53, pass primary filters: 6, did not pass the filter by color: 0, added: 6, new vincodes: 0
28-10-2011 11:27:53 --- INFO: Nissan Rogue - found: 48, pass primary filters: 0, did not pass the filter by color: 0, added: 0, new vincodes: 0
28-10-2011 11:28:12 --- INFO: Toyota Highlander - found: 12, pass primary filters: 3, did not pass the filter by color: 3, added: 0, new vincodes: 0
28-10-2011 11:28:29 --- INFO: Acura MDX - found: 16, pass primary filters: 0, did not pass the filter by color: 0, added: 0, new vincodes: 0
28-10-2011 11:28:29 --- INFO: finish: 28-10-2011 11:28:29
28-10-2011 11:28:29 --- INFO: elapsed time: ~1108.09 sec., memory usage: ~2.78 Mb.
28-10-2011 11:10:01 --- INFO: start: 28-10-2011 11:10:01
28-10-2011 11:10:01 --- INFO: ----------Source_Gsmotors (cli)
28-10-2011 11:11:33 --- INFO: Lexus RX 300 - found: 65, pass primary filters: 21, did not pass the filter by color: 9, added: 12, new vincodes: 0
28-10-2011 11:15:19 --- INFO: Lexus RX 330 - found: 146, pass primary filters: 35, did not pass the filter by color: 8, added: 27, new vincodes: 0
28-10-2011 11:16:02 --- INFO: Lexus RX 400H - found: 32, pass primary filters: 4, did not pass the filter by color: 2, added: 2, new vincodes: 0
28-10-2011 11:17:29 --- INFO: Lexus GX 470 - found: 67, pass primary filters: 33, did not pass the filter by color: 30, added: 3, new vincodes: 0
28-10-2011 11:18:55 --- INFO: Lexus GX 470 - found: 50, pass primary filters: 34, did not pass the filter by color: 30, added: 4, new vincodes: 0
28-10-2011 11:19:11 --- INFO: Lexus LX 470 - found: 6, pass primary filters: 6, did not pass the filter by color: 6, added: 0, new vincodes: 0
28-10-2011 11:19:41 --- INFO: Lexus LX 470 - found: 21, pass primary filters: 13, did not pass the filter by color: 13, added: 0, new vincodes: 0
28-10-2011 11:19:56 --- INFO: Toyota Land Cruiser - found: 11, pass primary filters: 9, did not pass the filter by color: 9, added: 0, new vincodes: 0
28-10-2011 11:21:00 --- INFO: Honda CR-V - found: 47, pass primary filters: 4, did not pass the filter by color: 0, added: 4, new vincodes: 0
28-10-2011 11:25:33 --- INFO: Honda CR-V - found: 182, pass primary filters: 9, did not pass the filter by color: 0, added: 9, new vincodes: 1
28-10-2011 11:26:54 --- INFO: Mitsubishi Montero 4WD Limited - found: 51, pass primary filters: 11, did not pass the filter by color: 11, added: 0, new vincodes: 0
28-10-2011 11:30:30 --- INFO: Toyota 4RUNNER 4WD Limited - found: 159, pass primary filters: 44, did not pass the filter by color: 22, added: 22, new vincodes: 2
28-10-2011 11:31:39 --- INFO: Toyota RAV 4 - found: 52, pass primary filters: 24, did not pass the filter by color: 20, added: 4, new vincodes: 5
28-10-2011 11:33:26 --- INFO: Toyota Highlander 4WD - found: 83, pass primary filters: 0, did not pass the filter by color: 0, added: 0, new vincodes: 0
28-10-2011 11:37:28 --- INFO: Subaru Forester - found: 159, pass primary filters: 32, did not pass the filter by color: 0, added: 32, new vincodes: 1
28-10-2011 11:43:42 --- INFO: Nissan Rogue - found: 206, pass primary filters: 11, did not pass the filter by color: 0, added: 11, new vincodes: 0
28-10-2011 11:44:37 --- INFO: Toyota Highlander - found: 83, pass primary filters: 35, did not pass the filter by color: 28, added: 7, new vincodes: 3
28-10-2011 11:45:58 --- INFO: Acura MDX - found: 63, pass primary filters: 2, did not pass the filter by color: 0, added: 2, new vincodes: 0
28-10-2011 11:45:58 --- INFO: finish: 28-10-2011 11:45:58
28-10-2011 11:45:58 --- INFO: elapsed time: ~2157.39 sec., memory usage: ~4.38 Mb.
28-10-2011 12:20:01 --- INFO: start: 28-10-2011 12:20:01
28-10-2011 12:20:01 --- INFO: ----------Source_Adesa (cli)
28-10-2011 12:20:03 --- ERROR: Unauthorized request
28-10-2011 12:20:03 --- INFO: finish: 28-10-2011 12:20:03
28-10-2011 12:20:03 --- INFO: elapsed time: ~1.77 sec., memory usage: ~1.31 Mb.
28-10-2011 12:20:01 --- INFO: start: 28-10-2011 12:20:01
28-10-2011 12:20:01 --- INFO: ----------Source_Gsmotors (cli)
28-10-2011 12:20:42 --- INFO: Lexus RX 300 - found: 65, pass primary filters: 21, did not pass the filter by color: 9, added: 12, new vincodes: 0
28-10-2011 12:22:10 --- INFO: Lexus RX 330 - found: 146, pass primary filters: 35, did not pass the filter by color: 8, added: 27, new vincodes: 0
28-10-2011 12:22:27 --- INFO: Lexus RX 400H - found: 32, pass primary filters: 4, did not pass the filter by color: 2, added: 2, new vincodes: 0
28-10-2011 12:23:05 --- INFO: Lexus GX 470 - found: 67, pass primary filters: 33, did not pass the filter by color: 30, added: 3, new vincodes: 0
28-10-2011 12:23:36 --- INFO: Lexus GX 470 - found: 50, pass primary filters: 34, did not pass the filter by color: 30, added: 4, new vincodes: 0
28-10-2011 12:23:42 --- INFO: Lexus LX 470 - found: 6, pass primary filters: 6, did not pass the filter by color: 6, added: 0, new vincodes: 0
28-10-2011 12:24:01 --- INFO: Lexus LX 470 - found: 21, pass primary filters: 13, did not pass the filter by color: 13, added: 0, new vincodes: 0
28-10-2011 12:24:14 --- INFO: Toyota Land Cruiser - found: 11, pass primary filters: 9, did not pass the filter by color: 9, added: 0, new vincodes: 0
28-10-2011 12:24:43 --- INFO: Honda CR-V - found: 47, pass primary filters: 4, did not pass the filter by color: 0, added: 4, new vincodes: 0
28-10-2011 12:26:24 --- INFO: Honda CR-V - found: 182, pass primary filters: 9, did not pass the filter by color: 0, added: 9, new vincodes: 0
28-10-2011 12:27:00 --- INFO: Mitsubishi Montero 4WD Limited - found: 51, pass primary filters: 11, did not pass the filter by color: 11, added: 0, new vincodes: 0
28-10-2011 12:28:33 --- INFO: Toyota 4RUNNER 4WD Limited - found: 159, pass primary filters: 44, did not pass the filter by color: 22, added: 22, new vincodes: 0
28-10-2011 12:29:14 --- INFO: Toyota RAV 4 - found: 52, pass primary filters: 24, did not pass the filter by color: 20, added: 4, new vincodes: 0
28-10-2011 12:30:11 --- INFO: Toyota Highlander 4WD - found: 83, pass primary filters: 0, did not pass the filter by color: 0, added: 0, new vincodes: 0
28-10-2011 12:31:39 --- INFO: Subaru Forester - found: 159, pass primary filters: 32, did not pass the filter by color: 0, added: 32, new vincodes: 0
28-10-2011 12:33:53 --- INFO: Nissan Rogue - found: 206, pass primary filters: 11, did not pass the filter by color: 0, added: 11, new vincodes: 0
28-10-2011 12:34:48 --- INFO: Toyota Highlander - found: 83, pass primary filters: 35, did not pass the filter by color: 28, added: 7, new vincodes: 0
28-10-2011 12:35:24 --- INFO: Acura MDX - found: 63, pass primary filters: 2, did not pass the filter by color: 0, added: 2, new vincodes: 0
28-10-2011 12:35:24 --- INFO: finish: 28-10-2011 12:35:24
28-10-2011 12:35:24 --- INFO: elapsed time: ~922.5 sec., memory usage: ~4.31 Mb.
28-10-2011 13:20:01 --- INFO: start: 28-10-2011 13:20:01
28-10-2011 13:20:01 --- INFO: ----------Source_Adesa (cli)
28-10-2011 13:20:03 --- ERROR: Unauthorized request
28-10-2011 13:20:03 --- INFO: finish: 28-10-2011 13:20:03
28-10-2011 13:20:03 --- INFO: elapsed time: ~1.59 sec., memory usage: ~1.31 Mb.
28-10-2011 13:20:01 --- INFO: start: 28-10-2011 13:20:01
28-10-2011 13:20:01 --- INFO: ----------Source_Gsmotors (cli)
28-10-2011 13:20:40 --- INFO: Lexus RX 300 - found: 65, pass primary filters: 21, did not pass the filter by color: 9, added: 12, new vincodes: 0
28-10-2011 13:22:05 --- INFO: Lexus RX 330 - found: 146, pass primary filters: 35, did not pass the filter by color: 9, added: 26, new vincodes: 0
28-10-2011 13:22:24 --- INFO: Lexus RX 400H - found: 32, pass primary filters: 4, did not pass the filter by color: 2, added: 2, new vincodes: 0
28-10-2011 13:23:03 --- INFO: Lexus GX 470 - found: 67, pass primary filters: 33, did not pass the filter by color: 30, added: 3, new vincodes: 0
28-10-2011 13:23:31 --- INFO: Lexus GX 470 - found: 50, pass primary filters: 34, did not pass the filter by color: 30, added: 4, new vincodes: 0
28-10-2011 13:23:37 --- INFO: Lexus LX 470 - found: 6, pass primary filters: 6, did not pass the filter by color: 6, added: 0, new vincodes: 0
28-10-2011 13:23:49 --- INFO: Lexus LX 470 - found: 21, pass primary filters: 13, did not pass the filter by color: 13, added: 0, new vincodes: 0
28-10-2011 13:24:01 --- INFO: Toyota Land Cruiser - found: 11, pass primary filters: 9, did not pass the filter by color: 9, added: 0, new vincodes: 0
28-10-2011 13:24:31 --- INFO: Honda CR-V - found: 47, pass primary filters: 4, did not pass the filter by color: 0, added: 4, new vincodes: 0
28-10-2011 13:26:15 --- INFO: Honda CR-V - found: 182, pass primary filters: 9, did not pass the filter by color: 0, added: 9, new vincodes: 0
28-10-2011 13:26:45 --- INFO: Mitsubishi Montero 4WD Limited - found: 51, pass primary filters: 11, did not pass the filter by color: 11, added: 0, new vincodes: 0
28-10-2011 13:28:13 --- INFO: Toyota 4RUNNER 4WD Limited - found: 159, pass primary filters: 44, did not pass the filter by color: 22, added: 22, new vincodes: 0
28-10-2011 13:28:44 --- INFO: Toyota RAV 4 - found: 52, pass primary filters: 24, did not pass the filter by color: 20, added: 4, new vincodes: 0
28-10-2011 13:29:43 --- INFO: Toyota Highlander 4WD - found: 83, pass primary filters: 0, did not pass the filter by color: 0, added: 0, new vincodes: 0
28-10-2011 13:31:13 --- INFO: Subaru Forester - found: 159, pass primary filters: 32, did not pass the filter by color: 0, added: 32, new vincodes: 0
28-10-2011 13:33:23 --- INFO: Nissan Rogue - found: 206, pass primary filters: 11, did not pass the filter by color: 0, added: 11, new vincodes: 0
28-10-2011 13:34:13 --- INFO: Toyota Highlander - found: 83, pass primary filters: 35, did not pass the filter by color: 28, added: 7, new vincodes: 0
28-10-2011 13:34:50 --- INFO: Acura MDX - found: 63, pass primary filters: 2, did not pass the filter by color: 0, added: 2, new vincodes: 0
28-10-2011 13:34:50 --- INFO: finish: 28-10-2011 13:34:50
28-10-2011 13:34:50 --- INFO: elapsed time: ~888.91 sec., memory usage: ~4.32 Mb.
28-10-2011 15:05:01 --- INFO: start: 28-10-2011 15:05:01
28-10-2011 15:05:01 --- INFO: ----------Source_Openlane (cli)
28-10-2011 15:05:04 --- ERROR: Unauthorized request
28-10-2011 15:05:04 --- INFO: finish: 28-10-2011 15:05:04
28-10-2011 15:05:04 --- INFO: elapsed time: ~3.31 sec., memory usage: ~1.31 Mb.
28-10-2011 15:10:01 --- INFO: start: 28-10-2011 15:10:01
28-10-2011 15:10:01 --- INFO: ----------Source_Ebay (cli)
28-10-2011 15:10:47 --- INFO: Lexus RX 300 - found: 24, pass primary filters: 4, did not pass the filter by color: 1, added: 3, new vincodes: 0
28-10-2011 15:14:30 --- INFO: Lexus RX 330 - found: 62, pass primary filters: 10, did not pass the filter by color: 2, added: 8, new vincodes: 0
28-10-2011 15:16:04 --- INFO: Lexus RX 400H - found: 46, pass primary filters: 1, did not pass the filter by color: 1, added: 0, new vincodes: 0
28-10-2011 15:17:14 --- INFO: Lexus GX 470 - found: 35, pass primary filters: 9, did not pass the filter by color: 7, added: 2, new vincodes: 1
28-10-2011 15:17:46 --- INFO: Lexus GX 470 - found: 21, pass primary filters: 10, did not pass the filter by color: 9, added: 1, new vincodes: 0
28-10-2011 15:18:04 --- INFO: Lexus LX 470 - found: 9, pass primary filters: 6, did not pass the filter by color: 6, added: 0, new vincodes: 0
28-10-2011 15:18:20 --- INFO: Lexus LX 470 - found: 14, pass primary filters: 7, did not pass the filter by color: 6, added: 1, new vincodes: 0
28-10-2011 15:18:27 --- INFO: Toyota Land Cruiser - found: 6, pass primary filters: 5, did not pass the filter by color: 5, added: 0, new vincodes: 0
28-10-2011 15:18:41 --- INFO: Honda CR-V - found: 12, pass primary filters: 0, did not pass the filter by color: 0, added: 0, new vincodes: 0
28-10-2011 15:21:07 --- INFO: Honda CR-V - found: 73, pass primary filters: 6, did not pass the filter by color: 0, added: 6, new vincodes: 0
28-10-2011 15:21:10 --- INFO: Mitsubishi Montero 4WD Limited - found: 1, pass primary filters: 0, did not pass the filter by color: 0, added: 0, new vincodes: 0
28-10-2011 15:24:33 --- INFO: Toyota 4RUNNER 4WD Limited - found: 68, pass primary filters: 40, did not pass the filter by color: 36, added: 4, new vincodes: 1
28-10-2011 15:24:56 --- INFO: Toyota RAV 4 - found: 12, pass primary filters: 7, did not pass the filter by color: 5, added: 2, new vincodes: 0
28-10-2011 15:25:19 --- INFO: Toyota Highlander 4WD - found: 12, pass primary filters: 0, did not pass the filter by color: 0, added: 0, new vincodes: 0
28-10-2011 15:27:59 --- INFO: Subaru Forester - found: 51, pass primary filters: 6, did not pass the filter by color: 0, added: 6, new vincodes: 0
28-10-2011 15:28:52 --- INFO: Nissan Rogue - found: 47, pass primary filters: 0, did not pass the filter by color: 0, added: 0, new vincodes: 0
28-10-2011 15:29:05 --- INFO: Toyota Highlander - found: 12, pass primary filters: 3, did not pass the filter by color: 3, added: 0, new vincodes: 0
28-10-2011 15:29:22 --- INFO: Acura MDX - found: 17, pass primary filters: 0, did not pass the filter by color: 0, added: 0, new vincodes: 0
28-10-2011 15:29:22 --- INFO: finish: 28-10-2011 15:29:22
28-10-2011 15:29:22 --- INFO: elapsed time: ~1160.91 sec., memory usage: ~2.87 Mb.
28-10-2011 16:10:01 --- INFO: start: 28-10-2011 16:10:01
28-10-2011 16:10:01 --- INFO: ----------Source_Adesa (cli)
28-10-2011 16:10:03 --- ERROR: Unauthorized request
28-10-2011 16:10:03 --- INFO: finish: 28-10-2011 16:10:03
28-10-2011 16:10:03 --- INFO: elapsed time: ~1.63 sec., memory usage: ~1.31 Mb.
28-10-2011 16:10:01 --- INFO: start: 28-10-2011 16:10:01
28-10-2011 16:10:01 --- INFO: ----------Source_Gsmotors (cli)
28-10-2011 16:11:43 --- INFO: Lexus RX 300 - found: 77, pass primary filters: 22, did not pass the filter by color: 10, added: 12, new vincodes: 2
28-10-2011 16:15:14 --- INFO: Lexus RX 330 - found: 166, pass primary filters: 32, did not pass the filter by color: 7, added: 25, new vincodes: 0
28-10-2011 16:15:54 --- INFO: Lexus RX 400H - found: 34, pass primary filters: 4, did not pass the filter by color: 2, added: 2, new vincodes: 0
28-10-2011 16:17:20 --- INFO: Lexus GX 470 - found: 73, pass primary filters: 35, did not pass the filter by color: 31, added: 4, new vincodes: 0
28-10-2011 16:18:31 --- INFO: Lexus GX 470 - found: 53, pass primary filters: 36, did not pass the filter by color: 32, added: 4, new vincodes: 1
28-10-2011 16:18:40 --- INFO: Lexus LX 470 - found: 5, pass primary filters: 5, did not pass the filter by color: 5, added: 0, new vincodes: 0
28-10-2011 16:19:11 --- INFO: Lexus LX 470 - found: 23, pass primary filters: 13, did not pass the filter by color: 13, added: 0, new vincodes: 0
28-10-2011 16:19:28 --- INFO: Toyota Land Cruiser - found: 13, pass primary filters: 9, did not pass the filter by color: 9, added: 0, new vincodes: 0
28-10-2011 16:20:33 --- INFO: Honda CR-V - found: 53, pass primary filters: 5, did not pass the filter by color: 0, added: 5, new vincodes: 1
28-10-2011 16:25:26 --- INFO: Honda CR-V - found: 212, pass primary filters: 9, did not pass the filter by color: 0, added: 9, new vincodes: 0
28-10-2011 16:26:40 --- INFO: Mitsubishi Montero 4WD Limited - found: 59, pass primary filters: 11, did not pass the filter by color: 11, added: 0, new vincodes: 0
28-10-2011 16:30:09 --- INFO: Toyota 4RUNNER 4WD Limited - found: 171, pass primary filters: 48, did not pass the filter by color: 22, added: 26, new vincodes: 3
28-10-2011 16:31:18 --- INFO: Toyota RAV 4 - found: 64, pass primary filters: 25, did not pass the filter by color: 21, added: 4, new vincodes: 0
28-10-2011 16:33:08 --- INFO: Toyota Highlander 4WD - found: 89, pass primary filters: 0, did not pass the filter by color: 0, added: 0, new vincodes: 0
28-10-2011 16:37:30 --- INFO: Subaru Forester - found: 194, pass primary filters: 37, did not pass the filter by color: 0, added: 37, new vincodes: 3
28-10-2011 16:44:41 --- INFO: Nissan Rogue - found: 229, pass primary filters: 13, did not pass the filter by color: 0, added: 13, new vincodes: 2
28-10-2011 16:45:34 --- INFO: Toyota Highlander - found: 89, pass primary filters: 34, did not pass the filter by color: 27, added: 7, new vincodes: 0
28-10-2011 16:46:59 --- INFO: Acura MDX - found: 70, pass primary filters: 2, did not pass the filter by color: 0, added: 2, new vincodes: 1
28-10-2011 16:46:59 --- INFO: finish: 28-10-2011 16:46:59
28-10-2011 16:46:59 --- INFO: elapsed time: ~2217.86 sec., memory usage: ~4.5 Mb.
28-10-2011 18:10:01 --- INFO: start: 28-10-2011 18:10:01
28-10-2011 18:10:01 --- INFO: ----------Source_Adesa (cli)
28-10-2011 18:10:03 --- ERROR: Unauthorized request
28-10-2011 18:10:03 --- INFO: finish: 28-10-2011 18:10:03
28-10-2011 18:10:03 --- INFO: elapsed time: ~1.78 sec., memory usage: ~1.31 Mb.
28-10-2011 18:10:01 --- INFO: start: 28-10-2011 18:10:01
28-10-2011 18:10:01 --- INFO: ----------Source_Gsmotors (cli)
28-10-2011 18:10:43 --- INFO: Lexus RX 300 - found: 77, pass primary filters: 22, did not pass the filter by color: 10, added: 12, new vincodes: 0
28-10-2011 18:12:23 --- INFO: Lexus RX 330 - found: 166, pass primary filters: 32, did not pass the filter by color: 7, added: 25, new vincodes: 0
28-10-2011 18:12:43 --- INFO: Lexus RX 400H - found: 34, pass primary filters: 4, did not pass the filter by color: 2, added: 2, new vincodes: 0
28-10-2011 18:13:28 --- INFO: Lexus GX 470 - found: 73, pass primary filters: 35, did not pass the filter by color: 31, added: 4, new vincodes: 0
28-10-2011 18:14:08 --- INFO: Lexus GX 470 - found: 53, pass primary filters: 36, did not pass the filter by color: 32, added: 4, new vincodes: 0
28-10-2011 18:14:13 --- INFO: Lexus LX 470 - found: 5, pass primary filters: 5, did not pass the filter by color: 5, added: 0, new vincodes: 0
28-10-2011 18:14:30 --- INFO: Lexus LX 470 - found: 23, pass primary filters: 13, did not pass the filter by color: 13, added: 0, new vincodes: 0
28-10-2011 18:14:38 --- INFO: Toyota Land Cruiser - found: 13, pass primary filters: 9, did not pass the filter by color: 9, added: 0, new vincodes: 0
28-10-2011 18:15:09 --- INFO: Honda CR-V - found: 53, pass primary filters: 5, did not pass the filter by color: 0, added: 5, new vincodes: 0
28-10-2011 18:17:02 --- INFO: Honda CR-V - found: 212, pass primary filters: 9, did not pass the filter by color: 0, added: 9, new vincodes: 0
28-10-2011 18:17:35 --- INFO: Mitsubishi Montero 4WD Limited - found: 59, pass primary filters: 11, did not pass the filter by color: 11, added: 0, new vincodes: 0
28-10-2011 18:19:14 --- INFO: Toyota 4RUNNER 4WD Limited - found: 171, pass primary filters: 48, did not pass the filter by color: 23, added: 25, new vincodes: 0
28-10-2011 18:19:52 --- INFO: Toyota RAV 4 - found: 64, pass primary filters: 25, did not pass the filter by color: 21, added: 4, new vincodes: 0
28-10-2011 18:20:40 --- INFO: Toyota Highlander 4WD - found: 89, pass primary filters: 0, did not pass the filter by color: 0, added: 0, new vincodes: 0
28-10-2011 18:22:23 --- INFO: Subaru Forester - found: 194, pass primary filters: 37, did not pass the filter by color: 0, added: 37, new vincodes: 0
28-10-2011 18:24:55 --- INFO: Nissan Rogue - found: 229, pass primary filters: 13, did not pass the filter by color: 0, added: 13, new vincodes: 0
28-10-2011 18:25:45 --- INFO: Toyota Highlander - found: 89, pass primary filters: 34, did not pass the filter by color: 27, added: 7, new vincodes: 0
28-10-2011 18:26:35 --- INFO: Acura MDX - found: 70, pass primary filters: 2, did not pass the filter by color: 0, added: 2, new vincodes: 0
28-10-2011 18:26:35 --- INFO: finish: 28-10-2011 18:26:35
28-10-2011 18:26:35 --- INFO: elapsed time: ~993.71 sec., memory usage: ~4.41 Mb.
28-10-2011 19:05:01 --- INFO: start: 28-10-2011 19:05:01
28-10-2011 19:05:01 --- INFO: ----------Source_Openlane (cli)
28-10-2011 19:05:04 --- ERROR: Unauthorized request
28-10-2011 19:05:04 --- INFO: finish: 28-10-2011 19:05:04
28-10-2011 19:05:04 --- INFO: elapsed time: ~3.27 sec., memory usage: ~1.31 Mb.
28-10-2011 19:10:01 --- INFO: start: 28-10-2011 19:10:01
28-10-2011 19:10:01 --- INFO: ----------Source_Ebay (cli)
28-10-2011 19:10:52 --- INFO: Lexus RX 300 - found: 25, pass primary filters: 4, did not pass the filter by color: 1, added: 3, new vincodes: 0
28-10-2011 19:14:36 --- INFO: Lexus RX 330 - found: 64, pass primary filters: 10, did not pass the filter by color: 2, added: 8, new vincodes: 0
28-10-2011 19:15:27 --- INFO: Lexus RX 400H - found: 48, pass primary filters: 1, did not pass the filter by color: 1, added: 0, new vincodes: 0
28-10-2011 19:16:10 --- INFO: Lexus GX 470 - found: 33, pass primary filters: 10, did not pass the filter by color: 7, added: 3, new vincodes: 0
28-10-2011 19:17:24 --- INFO: Lexus GX 470 - found: 20, pass primary filters: 10, did not pass the filter by color: 9, added: 1, new vincodes: 0
28-10-2011 19:18:17 --- INFO: Lexus LX 470 - found: 10, pass primary filters: 7, did not pass the filter by color: 7, added: 0, new vincodes: 0
28-10-2011 19:19:23 --- INFO: Lexus LX 470 - found: 14, pass primary filters: 7, did not pass the filter by color: 6, added: 1, new vincodes: 0
28-10-2011 19:19:41 --- INFO: Toyota Land Cruiser - found: 6, pass primary filters: 5, did not pass the filter by color: 5, added: 0, new vincodes: 0
28-10-2011 19:20:10 --- INFO: Honda CR-V - found: 12, pass primary filters: 0, did not pass the filter by color: 0, added: 0, new vincodes: 0
28-10-2011 19:26:49 --- INFO: Honda CR-V - found: 73, pass primary filters: 6, did not pass the filter by color: 0, added: 6, new vincodes: 0
28-10-2011 19:26:53 --- INFO: Mitsubishi Montero 4WD Limited - found: 1, pass primary filters: 0, did not pass the filter by color: 0, added: 0, new vincodes: 0
28-10-2011 19:28:50 --- INFO: Toyota 4RUNNER 4WD Limited - found: 65, pass primary filters: 38, did not pass the filter by color: 34, added: 4, new vincodes: 0
28-10-2011 19:29:04 --- INFO: Toyota RAV 4 - found: 12, pass primary filters: 7, did not pass the filter by color: 5, added: 2, new vincodes: 0
28-10-2011 19:29:17 --- INFO: Toyota Highlander 4WD - found: 12, pass primary filters: 0, did not pass the filter by color: 0, added: 0, new vincodes: 0
28-10-2011 19:30:11 --- INFO: Subaru Forester - found: 50, pass primary filters: 3, did not pass the filter by color: 0, added: 3, new vincodes: 0
28-10-2011 19:31:28 --- INFO: Nissan Rogue - found: 49, pass primary filters: 0, did not pass the filter by color: 0, added: 0, new vincodes: 0
28-10-2011 19:31:50 --- INFO: Toyota Highlander - found: 12, pass primary filters: 3, did not pass the filter by color: 3, added: 0, new vincodes: 0
28-10-2011 19:32:11 --- INFO: Acura MDX - found: 16, pass primary filters: 0, did not pass the filter by color: 0, added: 0, new vincodes: 0
28-10-2011 19:32:11 --- INFO: finish: 28-10-2011 19:32:11
28-10-2011 19:32:11 --- INFO: elapsed time: ~1329.44 sec., memory usage: ~2.81 Mb.
28-10-2011 23:05:01 --- INFO: start: 28-10-2011 23:05:01
28-10-2011 23:05:01 --- INFO: ----------Source_Openlane (cli)
28-10-2011 23:05:29 --- ERROR: Unauthorized request
28-10-2011 23:05:29 --- INFO: finish: 28-10-2011 23:05:29
28-10-2011 23:05:29 --- INFO: elapsed time: ~28.31 sec., memory usage: ~1.31 Mb.
28-10-2011 23:10:01 --- INFO: start: 28-10-2011 23:10:01
28-10-2011 23:10:01 --- INFO: ----------Source_Ebay (cli)
28-10-2011 23:10:43 --- INFO: Lexus RX 300 - found: 25, pass primary filters: 4, did not pass the filter by color: 1, added: 3, new vincodes: 0
28-10-2011 23:14:08 --- INFO: Lexus RX 330 - found: 64, pass primary filters: 12, did not pass the filter by color: 2, added: 10, new vincodes: 0
28-10-2011 23:15:22 --- INFO: Lexus RX 400H - found: 47, pass primary filters: 1, did not pass the filter by color: 1, added: 0, new vincodes: 0
28-10-2011 23:16:11 --- INFO: Lexus GX 470 - found: 33, pass primary filters: 10, did not pass the filter by color: 7, added: 3, new vincodes: 0
28-10-2011 23:16:33 --- INFO: Lexus GX 470 - found: 20, pass primary filters: 10, did not pass the filter by color: 9, added: 1, new vincodes: 0
28-10-2011 23:16:44 --- INFO: Lexus LX 470 - found: 10, pass primary filters: 7, did not pass the filter by color: 7, added: 0, new vincodes: 0
28-10-2011 23:16:58 --- INFO: Lexus LX 470 - found: 14, pass primary filters: 7, did not pass the filter by color: 6, added: 1, new vincodes: 0
28-10-2011 23:17:05 --- INFO: Toyota Land Cruiser - found: 6, pass primary filters: 5, did not pass the filter by color: 5, added: 0, new vincodes: 0
28-10-2011 23:17:19 --- INFO: Honda CR-V - found: 12, pass primary filters: 0, did not pass the filter by color: 0, added: 0, new vincodes: 0
28-10-2011 23:19:47 --- INFO: Honda CR-V - found: 73, pass primary filters: 6, did not pass the filter by color: 0, added: 6, new vincodes: 0
28-10-2011 23:19:50 --- INFO: Mitsubishi Montero 4WD Limited - found: 1, pass primary filters: 0, did not pass the filter by color: 0, added: 0, new vincodes: 0
28-10-2011 23:21:54 --- INFO: Toyota 4RUNNER 4WD Limited - found: 62, pass primary filters: 38, did not pass the filter by color: 34, added: 4, new vincodes: 0
28-10-2011 23:22:10 --- INFO: Toyota RAV 4 - found: 13, pass primary filters: 7, did not pass the filter by color: 5, added: 2, new vincodes: 0
28-10-2011 23:22:31 --- INFO: Toyota Highlander 4WD - found: 13, pass primary filters: 0, did not pass the filter by color: 0, added: 0, new vincodes: 0
28-10-2011 23:23:54 --- INFO: Subaru Forester - found: 50, pass primary filters: 3, did not pass the filter by color: 0, added: 3, new vincodes: 0
28-10-2011 23:25:13 --- INFO: Nissan Rogue - found: 48, pass primary filters: 0, did not pass the filter by color: 0, added: 0, new vincodes: 0
28-10-2011 23:25:34 --- INFO: Toyota Highlander - found: 13, pass primary filters: 4, did not pass the filter by color: 4, added: 0, new vincodes: 1
28-10-2011 23:26:00 --- INFO: Acura MDX - found: 16, pass primary filters: 0, did not pass the filter by color: 0, added: 0, new vincodes: 0
28-10-2011 23:26:00 --- INFO: finish: 28-10-2011 23:26:00
28-10-2011 23:26:00 --- INFO: elapsed time: ~959.02 sec., memory usage: ~2.86 Mb.