
29-10-2011 03:05:01 --- INFO: start: 29-10-2011 03:05:01
29-10-2011 03:05:01 --- INFO: ----------Source_Openlane (cli)
29-10-2011 03:05:04 --- ERROR: Unauthorized request
29-10-2011 03:05:04 --- INFO: finish: 29-10-2011 03:05:04
29-10-2011 03:05:04 --- INFO: elapsed time: ~3.3 sec., memory usage: ~1.31 Mb.
29-10-2011 03:10:01 --- INFO: start: 29-10-2011 03:10:01
29-10-2011 03:10:01 --- INFO: ----------Source_Ebay (cli)
29-10-2011 03:10:50 --- INFO: Lexus RX 300 - found: 25, pass primary filters: 4, did not pass the filter by color: 1, added: 3, new vincodes: 0
29-10-2011 03:14:26 --- INFO: Lexus RX 330 - found: 66, pass primary filters: 12, did not pass the filter by color: 2, added: 10, new vincodes: 0
29-10-2011 03:15:50 --- INFO: Lexus RX 400H - found: 47, pass primary filters: 1, did not pass the filter by color: 1, added: 0, new vincodes: 0
29-10-2011 03:16:42 --- INFO: Lexus GX 470 - found: 33, pass primary filters: 10, did not pass the filter by color: 7, added: 3, new vincodes: 0
29-10-2011 03:17:14 --- INFO: Lexus GX 470 - found: 20, pass primary filters: 10, did not pass the filter by color: 9, added: 1, new vincodes: 0
29-10-2011 03:17:31 --- INFO: Lexus LX 470 - found: 10, pass primary filters: 7, did not pass the filter by color: 7, added: 0, new vincodes: 0
29-10-2011 03:17:53 --- INFO: Lexus LX 470 - found: 14, pass primary filters: 7, did not pass the filter by color: 6, added: 1, new vincodes: 0
29-10-2011 03:18:03 --- INFO: Toyota Land Cruiser - found: 6, pass primary filters: 5, did not pass the filter by color: 5, added: 0, new vincodes: 0
29-10-2011 03:18:21 --- INFO: Honda CR-V - found: 12, pass primary filters: 0, did not pass the filter by color: 0, added: 0, new vincodes: 0
29-10-2011 03:22:08 --- INFO: Honda CR-V - found: 73, pass primary filters: 6, did not pass the filter by color: 0, added: 6, new vincodes: 0
29-10-2011 03:22:11 --- INFO: Mitsubishi Montero 4WD Limited - found: 1, pass primary filters: 0, did not pass the filter by color: 0, added: 0, new vincodes: 0
29-10-2011 03:25:12 --- INFO: Toyota 4RUNNER 4WD Limited - found: 62, pass primary filters: 38, did not pass the filter by color: 34, added: 4, new vincodes: 0
29-10-2011 03:25:34 --- INFO: Toyota RAV 4 - found: 13, pass primary filters: 7, did not pass the filter by color: 5, added: 2, new vincodes: 0
29-10-2011 03:25:55 --- INFO: Toyota Highlander 4WD - found: 13, pass primary filters: 0, did not pass the filter by color: 0, added: 0, new vincodes: 0
29-10-2011 03:27:23 --- INFO: Subaru Forester - found: 50, pass primary filters: 3, did not pass the filter by color: 0, added: 3, new vincodes: 0
29-10-2011 03:29:02 --- INFO: Nissan Rogue - found: 48, pass primary filters: 0, did not pass the filter by color: 0, added: 0, new vincodes: 0
29-10-2011 03:29:27 --- INFO: Toyota Highlander - found: 13, pass primary filters: 4, did not pass the filter by color: 4, added: 0, new vincodes: 0
29-10-2011 03:30:01 --- INFO: Acura MDX - found: 16, pass primary filters: 0, did not pass the filter by color: 0, added: 0, new vincodes: 0
29-10-2011 03:30:01 --- INFO: finish: 29-10-2011 03:30:01
29-10-2011 03:30:01 --- INFO: elapsed time: ~1199.44 sec., memory usage: ~2.83 Mb.
29-10-2011 06:10:01 --- INFO: start: 29-10-2011 06:10:01
29-10-2011 06:10:01 --- INFO: ----------Source_Adesa (cli)
29-10-2011 06:10:03 --- ERROR: Unauthorized request
29-10-2011 06:10:03 --- INFO: finish: 29-10-2011 06:10:03
29-10-2011 06:10:03 --- INFO: elapsed time: ~1.92 sec., memory usage: ~1.31 Mb.
29-10-2011 06:10:01 --- INFO: start: 29-10-2011 06:10:01
29-10-2011 06:10:01 --- INFO: ----------Source_Gsmotors (cli)
29-10-2011 06:11:30 --- INFO: Lexus RX 300 - found: 67, pass primary filters: 20, did not pass the filter by color: 11, added: 9, new vincodes: 0
29-10-2011 06:14:39 --- INFO: Lexus RX 330 - found: 144, pass primary filters: 29, did not pass the filter by color: 6, added: 23, new vincodes: 1
29-10-2011 06:15:15 --- INFO: Lexus RX 400H - found: 27, pass primary filters: 4, did not pass the filter by color: 2, added: 2, new vincodes: 0
29-10-2011 06:16:23 --- INFO: Lexus GX 470 - found: 55, pass primary filters: 28, did not pass the filter by color: 24, added: 4, new vincodes: 0
29-10-2011 06:17:20 --- INFO: Lexus GX 470 - found: 44, pass primary filters: 30, did not pass the filter by color: 26, added: 4, new vincodes: 0
29-10-2011 06:17:30 --- INFO: Lexus LX 470 - found: 5, pass primary filters: 5, did not pass the filter by color: 5, added: 0, new vincodes: 0
29-10-2011 06:17:51 --- INFO: Lexus LX 470 - found: 18, pass primary filters: 11, did not pass the filter by color: 11, added: 0, new vincodes: 0
29-10-2011 06:18:01 --- INFO: Toyota Land Cruiser - found: 9, pass primary filters: 7, did not pass the filter by color: 7, added: 0, new vincodes: 1
29-10-2011 06:19:06 --- INFO: Honda CR-V - found: 51, pass primary filters: 5, did not pass the filter by color: 0, added: 5, new vincodes: 0
29-10-2011 06:23:15 --- INFO: Honda CR-V - found: 171, pass primary filters: 8, did not pass the filter by color: 0, added: 8, new vincodes: 0
29-10-2011 06:24:27 --- INFO: Mitsubishi Montero 4WD Limited - found: 47, pass primary filters: 8, did not pass the filter by color: 8, added: 0, new vincodes: 0
29-10-2011 06:27:24 --- INFO: Toyota 4RUNNER 4WD Limited - found: 139, pass primary filters: 44, did not pass the filter by color: 21, added: 23, new vincodes: 0
29-10-2011 06:28:30 --- INFO: Toyota RAV 4 - found: 51, pass primary filters: 21, did not pass the filter by color: 18, added: 3, new vincodes: 0
29-10-2011 06:30:15 --- INFO: Toyota Highlander 4WD - found: 77, pass primary filters: 0, did not pass the filter by color: 0, added: 0, new vincodes: 0
29-10-2011 06:34:30 --- INFO: Subaru Forester - found: 154, pass primary filters: 35, did not pass the filter by color: 0, added: 35, new vincodes: 0
29-10-2011 06:41:02 --- INFO: Nissan Rogue - found: 200, pass primary filters: 11, did not pass the filter by color: 0, added: 11, new vincodes: 0
29-10-2011 06:41:43 --- INFO: Toyota Highlander - found: 77, pass primary filters: 30, did not pass the filter by color: 23, added: 7, new vincodes: 0
29-10-2011 06:43:03 --- INFO: Acura MDX - found: 61, pass primary filters: 2, did not pass the filter by color: 0, added: 2, new vincodes: 0
29-10-2011 06:43:03 --- INFO: finish: 29-10-2011 06:43:03
29-10-2011 06:43:03 --- INFO: elapsed time: ~1981.98 sec., memory usage: ~4.17 Mb.
29-10-2011 07:05:01 --- INFO: start: 29-10-2011 07:05:01
29-10-2011 07:05:01 --- INFO: ----------Source_Openlane (cli)
29-10-2011 07:05:04 --- ERROR: Unauthorized request
29-10-2011 07:05:04 --- INFO: finish: 29-10-2011 07:05:04
29-10-2011 07:05:04 --- INFO: elapsed time: ~3.22 sec., memory usage: ~1.31 Mb.
29-10-2011 07:10:01 --- INFO: start: 29-10-2011 07:10:01
29-10-2011 07:10:01 --- INFO: ----------Source_Ebay (cli)
29-10-2011 07:10:28 --- INFO: Lexus RX 300 - found: 25, pass primary filters: 4, did not pass the filter by color: 1, added: 3, new vincodes: 0
29-10-2011 07:12:42 --- INFO: Lexus RX 330 - found: 66, pass primary filters: 12, did not pass the filter by color: 5, added: 7, new vincodes: 0
29-10-2011 07:13:29 --- INFO: Lexus RX 400H - found: 47, pass primary filters: 1, did not pass the filter by color: 1, added: 0, new vincodes: 0
29-10-2011 07:14:08 --- INFO: Lexus GX 470 - found: 33, pass primary filters: 10, did not pass the filter by color: 7, added: 3, new vincodes: 0
29-10-2011 07:14:43 --- INFO: Lexus GX 470 - found: 20, pass primary filters: 10, did not pass the filter by color: 9, added: 1, new vincodes: 0
29-10-2011 07:15:03 --- INFO: Lexus LX 470 - found: 10, pass primary filters: 7, did not pass the filter by color: 7, added: 0, new vincodes: 0
29-10-2011 07:15:31 --- INFO: Lexus LX 470 - found: 14, pass primary filters: 7, did not pass the filter by color: 6, added: 1, new vincodes: 0
29-10-2011 07:15:46 --- INFO: Toyota Land Cruiser - found: 6, pass primary filters: 5, did not pass the filter by color: 5, added: 0, new vincodes: 0
29-10-2011 07:16:08 --- INFO: Honda CR-V - found: 12, pass primary filters: 0, did not pass the filter by color: 0, added: 0, new vincodes: 0
29-10-2011 07:18:45 --- INFO: Honda CR-V - found: 73, pass primary filters: 6, did not pass the filter by color: 0, added: 6, new vincodes: 0
29-10-2011 07:18:48 --- INFO: Mitsubishi Montero 4WD Limited - found: 1, pass primary filters: 0, did not pass the filter by color: 0, added: 0, new vincodes: 0
29-10-2011 07:21:29 --- INFO: Toyota 4RUNNER 4WD Limited - found: 61, pass primary filters: 38, did not pass the filter by color: 34, added: 4, new vincodes: 0
29-10-2011 07:21:50 --- INFO: Toyota RAV 4 - found: 13, pass primary filters: 7, did not pass the filter by color: 5, added: 2, new vincodes: 0
29-10-2011 07:22:08 --- INFO: Toyota Highlander 4WD - found: 13, pass primary filters: 0, did not pass the filter by color: 0, added: 0, new vincodes: 0
29-10-2011 07:23:29 --- INFO: Subaru Forester - found: 50, pass primary filters: 3, did not pass the filter by color: 0, added: 3, new vincodes: 0
29-10-2011 07:25:01 --- INFO: Nissan Rogue - found: 48, pass primary filters: 0, did not pass the filter by color: 0, added: 0, new vincodes: 0
29-10-2011 07:25:23 --- INFO: Toyota Highlander - found: 13, pass primary filters: 4, did not pass the filter by color: 4, added: 0, new vincodes: 0
29-10-2011 07:25:49 --- INFO: Acura MDX - found: 16, pass primary filters: 0, did not pass the filter by color: 0, added: 0, new vincodes: 0
29-10-2011 07:25:49 --- INFO: finish: 29-10-2011 07:25:49
29-10-2011 07:25:49 --- INFO: elapsed time: ~947.66 sec., memory usage: ~2.83 Mb.
29-10-2011 08:10:01 --- INFO: start: 29-10-2011 08:10:01
29-10-2011 08:10:01 --- INFO: ----------Source_Adesa (cli)
29-10-2011 08:10:03 --- ERROR: Unauthorized request
29-10-2011 08:10:03 --- INFO: finish: 29-10-2011 08:10:03
29-10-2011 08:10:03 --- INFO: elapsed time: ~1.86 sec., memory usage: ~1.31 Mb.
29-10-2011 08:10:01 --- INFO: start: 29-10-2011 08:10:01
29-10-2011 08:10:01 --- INFO: ----------Source_Gsmotors (cli)
29-10-2011 08:10:39 --- INFO: Lexus RX 300 - found: 67, pass primary filters: 20, did not pass the filter by color: 11, added: 9, new vincodes: 0
29-10-2011 08:12:00 --- INFO: Lexus RX 330 - found: 144, pass primary filters: 29, did not pass the filter by color: 6, added: 23, new vincodes: 0
29-10-2011 08:12:16 --- INFO: Lexus RX 400H - found: 27, pass primary filters: 4, did not pass the filter by color: 2, added: 2, new vincodes: 0
29-10-2011 08:12:49 --- INFO: Lexus GX 470 - found: 55, pass primary filters: 28, did not pass the filter by color: 24, added: 4, new vincodes: 0
29-10-2011 08:13:15 --- INFO: Lexus GX 470 - found: 44, pass primary filters: 30, did not pass the filter by color: 26, added: 4, new vincodes: 0
29-10-2011 08:13:20 --- INFO: Lexus LX 470 - found: 5, pass primary filters: 5, did not pass the filter by color: 5, added: 0, new vincodes: 0
29-10-2011 08:13:30 --- INFO: Lexus LX 470 - found: 18, pass primary filters: 11, did not pass the filter by color: 11, added: 0, new vincodes: 0
29-10-2011 08:13:37 --- INFO: Toyota Land Cruiser - found: 9, pass primary filters: 7, did not pass the filter by color: 7, added: 0, new vincodes: 0
29-10-2011 08:14:15 --- INFO: Honda CR-V - found: 51, pass primary filters: 5, did not pass the filter by color: 0, added: 5, new vincodes: 0
29-10-2011 08:15:58 --- INFO: Honda CR-V - found: 171, pass primary filters: 8, did not pass the filter by color: 0, added: 8, new vincodes: 0
29-10-2011 08:16:28 --- INFO: Mitsubishi Montero 4WD Limited - found: 47, pass primary filters: 8, did not pass the filter by color: 8, added: 0, new vincodes: 0
29-10-2011 08:17:51 --- INFO: Toyota 4RUNNER 4WD Limited - found: 139, pass primary filters: 44, did not pass the filter by color: 21, added: 23, new vincodes: 0
29-10-2011 08:18:22 --- INFO: Toyota RAV 4 - found: 51, pass primary filters: 21, did not pass the filter by color: 18, added: 3, new vincodes: 0
29-10-2011 08:19:14 --- INFO: Toyota Highlander 4WD - found: 77, pass primary filters: 0, did not pass the filter by color: 0, added: 0, new vincodes: 0
29-10-2011 08:20:51 --- INFO: Subaru Forester - found: 154, pass primary filters: 35, did not pass the filter by color: 0, added: 35, new vincodes: 0
29-10-2011 08:22:56 --- INFO: Nissan Rogue - found: 200, pass primary filters: 11, did not pass the filter by color: 0, added: 11, new vincodes: 0
29-10-2011 08:23:37 --- INFO: Toyota Highlander - found: 77, pass primary filters: 30, did not pass the filter by color: 23, added: 7, new vincodes: 0
29-10-2011 08:24:27 --- INFO: Acura MDX - found: 61, pass primary filters: 2, did not pass the filter by color: 0, added: 2, new vincodes: 0
29-10-2011 08:24:27 --- INFO: finish: 29-10-2011 08:24:27
29-10-2011 08:24:27 --- INFO: elapsed time: ~866.1 sec., memory usage: ~4.1 Mb.
29-10-2011 09:10:01 --- INFO: start: 29-10-2011 09:10:01
29-10-2011 09:10:01 --- INFO: ----------Source_Adesa (cli)
29-10-2011 09:10:03 --- ERROR: Unauthorized request
29-10-2011 09:10:03 --- INFO: finish: 29-10-2011 09:10:03
29-10-2011 09:10:03 --- INFO: elapsed time: ~1.83 sec., memory usage: ~1.31 Mb.
29-10-2011 09:10:01 --- INFO: start: 29-10-2011 09:10:01
29-10-2011 09:10:01 --- INFO: ----------Source_Gsmotors (cli)
29-10-2011 09:10:35 --- INFO: Lexus RX 300 - found: 67, pass primary filters: 20, did not pass the filter by color: 11, added: 9, new vincodes: 0
29-10-2011 09:11:51 --- INFO: Lexus RX 330 - found: 144, pass primary filters: 29, did not pass the filter by color: 6, added: 23, new vincodes: 0
29-10-2011 09:12:07 --- INFO: Lexus RX 400H - found: 27, pass primary filters: 4, did not pass the filter by color: 2, added: 2, new vincodes: 0
29-10-2011 09:12:39 --- INFO: Lexus GX 470 - found: 55, pass primary filters: 28, did not pass the filter by color: 24, added: 4, new vincodes: 0
29-10-2011 09:13:04 --- INFO: Lexus GX 470 - found: 44, pass primary filters: 30, did not pass the filter by color: 26, added: 4, new vincodes: 0
29-10-2011 09:13:08 --- INFO: Lexus LX 470 - found: 5, pass primary filters: 5, did not pass the filter by color: 5, added: 0, new vincodes: 0
29-10-2011 09:13:19 --- INFO: Lexus LX 470 - found: 18, pass primary filters: 11, did not pass the filter by color: 11, added: 0, new vincodes: 0
29-10-2011 09:13:25 --- INFO: Toyota Land Cruiser - found: 9, pass primary filters: 7, did not pass the filter by color: 7, added: 0, new vincodes: 0
29-10-2011 09:13:54 --- INFO: Honda CR-V - found: 51, pass primary filters: 5, did not pass the filter by color: 0, added: 5, new vincodes: 0
29-10-2011 09:15:33 --- INFO: Honda CR-V - found: 171, pass primary filters: 8, did not pass the filter by color: 0, added: 8, new vincodes: 0
29-10-2011 09:15:59 --- INFO: Mitsubishi Montero 4WD Limited - found: 47, pass primary filters: 8, did not pass the filter by color: 8, added: 0, new vincodes: 0
29-10-2011 09:17:12 --- INFO: Toyota 4RUNNER 4WD Limited - found: 139, pass primary filters: 44, did not pass the filter by color: 21, added: 23, new vincodes: 0
29-10-2011 09:17:41 --- INFO: Toyota RAV 4 - found: 51, pass primary filters: 21, did not pass the filter by color: 18, added: 3, new vincodes: 0
29-10-2011 09:18:23 --- INFO: Toyota Highlander 4WD - found: 77, pass primary filters: 0, did not pass the filter by color: 0, added: 0, new vincodes: 0
29-10-2011 09:19:58 --- INFO: Subaru Forester - found: 154, pass primary filters: 35, did not pass the filter by color: 0, added: 35, new vincodes: 0
29-10-2011 09:22:04 --- INFO: Nissan Rogue - found: 200, pass primary filters: 11, did not pass the filter by color: 0, added: 11, new vincodes: 0
29-10-2011 09:22:45 --- INFO: Toyota Highlander - found: 77, pass primary filters: 30, did not pass the filter by color: 23, added: 7, new vincodes: 0
29-10-2011 09:23:18 --- INFO: Acura MDX - found: 61, pass primary filters: 2, did not pass the filter by color: 0, added: 2, new vincodes: 0
29-10-2011 09:23:18 --- INFO: finish: 29-10-2011 09:23:18
29-10-2011 09:23:18 --- INFO: elapsed time: ~796.92 sec., memory usage: ~4.1 Mb.
29-10-2011 10:00:02 --- INFO: start: 29-10-2011 10:00:02
29-10-2011 10:00:02 --- INFO: ----------Source_Adesa (cli)
29-10-2011 10:00:03 --- ERROR: Unauthorized request
29-10-2011 10:00:03 --- INFO: finish: 29-10-2011 10:00:03
29-10-2011 10:00:03 --- INFO: elapsed time: ~1.59 sec., memory usage: ~1.31 Mb.
29-10-2011 10:00:02 --- INFO: start: 29-10-2011 10:00:02
29-10-2011 10:00:02 --- INFO: ----------Source_Gsmotors (cli)
29-10-2011 10:00:36 --- INFO: Lexus RX 300 - found: 67, pass primary filters: 20, did not pass the filter by color: 11, added: 9, new vincodes: 0
29-10-2011 10:02:00 --- INFO: Lexus RX 330 - found: 144, pass primary filters: 29, did not pass the filter by color: 6, added: 23, new vincodes: 0
29-10-2011 10:02:15 --- INFO: Lexus RX 400H - found: 27, pass primary filters: 4, did not pass the filter by color: 2, added: 2, new vincodes: 0
29-10-2011 10:02:49 --- INFO: Lexus GX 470 - found: 55, pass primary filters: 28, did not pass the filter by color: 24, added: 4, new vincodes: 0
29-10-2011 10:03:20 --- INFO: Lexus GX 470 - found: 44, pass primary filters: 30, did not pass the filter by color: 26, added: 4, new vincodes: 0
29-10-2011 10:03:24 --- INFO: Lexus LX 470 - found: 5, pass primary filters: 5, did not pass the filter by color: 5, added: 0, new vincodes: 0
29-10-2011 10:03:35 --- INFO: Lexus LX 470 - found: 18, pass primary filters: 11, did not pass the filter by color: 11, added: 0, new vincodes: 0
29-10-2011 10:03:40 --- INFO: Toyota Land Cruiser - found: 9, pass primary filters: 7, did not pass the filter by color: 7, added: 0, new vincodes: 0
29-10-2011 10:04:15 --- INFO: Honda CR-V - found: 51, pass primary filters: 5, did not pass the filter by color: 0, added: 5, new vincodes: 0
29-10-2011 10:06:09 --- INFO: Honda CR-V - found: 171, pass primary filters: 8, did not pass the filter by color: 0, added: 8, new vincodes: 0
29-10-2011 10:06:42 --- INFO: Mitsubishi Montero 4WD Limited - found: 47, pass primary filters: 8, did not pass the filter by color: 8, added: 0, new vincodes: 0
29-10-2011 10:08:16 --- INFO: Toyota 4RUNNER 4WD Limited - found: 139, pass primary filters: 44, did not pass the filter by color: 21, added: 23, new vincodes: 0
29-10-2011 10:09:07 --- INFO: Toyota RAV 4 - found: 51, pass primary filters: 21, did not pass the filter by color: 18, added: 3, new vincodes: 0
29-10-2011 10:09:52 --- INFO: Toyota Highlander 4WD - found: 77, pass primary filters: 0, did not pass the filter by color: 0, added: 0, new vincodes: 0
29-10-2011 10:11:17 --- INFO: Subaru Forester - found: 154, pass primary filters: 35, did not pass the filter by color: 0, added: 35, new vincodes: 0
29-10-2011 10:13:14 --- INFO: Nissan Rogue - found: 200, pass primary filters: 11, did not pass the filter by color: 0, added: 11, new vincodes: 0
29-10-2011 10:13:59 --- INFO: Toyota Highlander - found: 77, pass primary filters: 30, did not pass the filter by color: 23, added: 7, new vincodes: 0
29-10-2011 10:14:40 --- INFO: Acura MDX - found: 61, pass primary filters: 2, did not pass the filter by color: 0, added: 2, new vincodes: 0
29-10-2011 10:14:40 --- INFO: finish: 29-10-2011 10:14:40
29-10-2011 10:14:40 --- INFO: elapsed time: ~878.43 sec., memory usage: ~4.1 Mb.
29-10-2011 11:05:01 --- INFO: start: 29-10-2011 11:05:01
29-10-2011 11:05:01 --- INFO: ----------Source_Openlane (cli)
29-10-2011 11:05:04 --- ERROR: Unauthorized request
29-10-2011 11:05:04 --- INFO: finish: 29-10-2011 11:05:04
29-10-2011 11:05:04 --- INFO: elapsed time: ~3.25 sec., memory usage: ~1.31 Mb.
29-10-2011 11:10:01 --- INFO: start: 29-10-2011 11:10:01
29-10-2011 11:10:01 --- INFO: ----------Source_Adesa (cli)
29-10-2011 11:10:03 --- ERROR: Unauthorized request
29-10-2011 11:10:03 --- INFO: finish: 29-10-2011 11:10:03
29-10-2011 11:10:03 --- INFO: elapsed time: ~1.84 sec., memory usage: ~1.31 Mb.
29-10-2011 11:10:01 --- INFO: start: 29-10-2011 11:10:01
29-10-2011 11:10:01 --- INFO: ----------Source_Ebay (cli)
29-10-2011 11:10:38 --- INFO: Lexus RX 300 - found: 22, pass primary filters: 4, did not pass the filter by color: 1, added: 3, new vincodes: 0
29-10-2011 11:14:11 --- INFO: Lexus RX 330 - found: 66, pass primary filters: 12, did not pass the filter by color: 7, added: 5, new vincodes: 0
29-10-2011 11:15:38 --- INFO: Lexus RX 400H - found: 47, pass primary filters: 1, did not pass the filter by color: 1, added: 0, new vincodes: 0
29-10-2011 11:16:28 --- INFO: Lexus GX 470 - found: 33, pass primary filters: 10, did not pass the filter by color: 7, added: 3, new vincodes: 0
29-10-2011 11:16:47 --- INFO: Lexus GX 470 - found: 19, pass primary filters: 10, did not pass the filter by color: 9, added: 1, new vincodes: 0
29-10-2011 11:16:58 --- INFO: Lexus LX 470 - found: 10, pass primary filters: 7, did not pass the filter by color: 7, added: 0, new vincodes: 0
29-10-2011 11:17:11 --- INFO: Lexus LX 470 - found: 13, pass primary filters: 7, did not pass the filter by color: 6, added: 1, new vincodes: 0
29-10-2011 11:17:19 --- INFO: Toyota Land Cruiser - found: 6, pass primary filters: 5, did not pass the filter by color: 5, added: 0, new vincodes: 0
29-10-2011 11:17:33 --- INFO: Honda CR-V - found: 13, pass primary filters: 0, did not pass the filter by color: 0, added: 0, new vincodes: 0
29-10-2011 11:21:03 --- INFO: Honda CR-V - found: 74, pass primary filters: 6, did not pass the filter by color: 0, added: 6, new vincodes: 0
29-10-2011 11:21:06 --- INFO: Mitsubishi Montero 4WD Limited - found: 1, pass primary filters: 0, did not pass the filter by color: 0, added: 0, new vincodes: 0
29-10-2011 11:24:35 --- INFO: Toyota 4RUNNER 4WD Limited - found: 61, pass primary filters: 38, did not pass the filter by color: 34, added: 4, new vincodes: 0
29-10-2011 11:24:56 --- INFO: Toyota RAV 4 - found: 13, pass primary filters: 7, did not pass the filter by color: 5, added: 2, new vincodes: 0
29-10-2011 11:25:16 --- INFO: Toyota Highlander 4WD - found: 11, pass primary filters: 0, did not pass the filter by color: 0, added: 0, new vincodes: 0
29-10-2011 11:26:48 --- INFO: Subaru Forester - found: 50, pass primary filters: 3, did not pass the filter by color: 0, added: 3, new vincodes: 0
29-10-2011 11:28:18 --- INFO: Nissan Rogue - found: 47, pass primary filters: 0, did not pass the filter by color: 0, added: 0, new vincodes: 0
29-10-2011 11:28:35 --- INFO: Toyota Highlander - found: 11, pass primary filters: 4, did not pass the filter by color: 4, added: 0, new vincodes: 0
29-10-2011 11:29:00 --- INFO: Acura MDX - found: 16, pass primary filters: 0, did not pass the filter by color: 0, added: 0, new vincodes: 0
29-10-2011 11:29:00 --- INFO: finish: 29-10-2011 11:29:00
29-10-2011 11:29:00 --- INFO: elapsed time: ~1138.8 sec., memory usage: ~2.83 Mb.
29-10-2011 11:10:01 --- INFO: start: 29-10-2011 11:10:01
29-10-2011 11:10:01 --- INFO: ----------Source_Gsmotors (cli)
29-10-2011 11:11:32 --- INFO: Lexus RX 300 - found: 69, pass primary filters: 21, did not pass the filter by color: 11, added: 10, new vincodes: 0
29-10-2011 11:14:49 --- INFO: Lexus RX 330 - found: 149, pass primary filters: 31, did not pass the filter by color: 7, added: 24, new vincodes: 1
29-10-2011 11:15:30 --- INFO: Lexus RX 400H - found: 27, pass primary filters: 4, did not pass the filter by color: 2, added: 2, new vincodes: 0
29-10-2011 11:16:46 --- INFO: Lexus GX 470 - found: 56, pass primary filters: 28, did not pass the filter by color: 24, added: 4, new vincodes: 0
29-10-2011 11:17:47 --- INFO: Lexus GX 470 - found: 44, pass primary filters: 30, did not pass the filter by color: 26, added: 4, new vincodes: 0
29-10-2011 11:17:58 --- INFO: Lexus LX 470 - found: 6, pass primary filters: 6, did not pass the filter by color: 5, added: 1, new vincodes: 0
29-10-2011 11:18:23 --- INFO: Lexus LX 470 - found: 19, pass primary filters: 12, did not pass the filter by color: 12, added: 0, new vincodes: 1
29-10-2011 11:18:35 --- INFO: Toyota Land Cruiser - found: 11, pass primary filters: 7, did not pass the filter by color: 7, added: 0, new vincodes: 0
29-10-2011 11:19:47 --- INFO: Honda CR-V - found: 53, pass primary filters: 5, did not pass the filter by color: 0, added: 5, new vincodes: 0
29-10-2011 11:24:21 --- INFO: Honda CR-V - found: 175, pass primary filters: 8, did not pass the filter by color: 0, added: 8, new vincodes: 0
29-10-2011 11:25:31 --- INFO: Mitsubishi Montero 4WD Limited - found: 47, pass primary filters: 8, did not pass the filter by color: 8, added: 0, new vincodes: 0
29-10-2011 11:28:40 --- INFO: Toyota 4RUNNER 4WD Limited - found: 144, pass primary filters: 45, did not pass the filter by color: 21, added: 24, new vincodes: 0
29-10-2011 11:29:48 --- INFO: Toyota RAV 4 - found: 52, pass primary filters: 22, did not pass the filter by color: 18, added: 4, new vincodes: 1
29-10-2011 11:31:23 --- INFO: Toyota Highlander 4WD - found: 81, pass primary filters: 0, did not pass the filter by color: 0, added: 0, new vincodes: 0
29-10-2011 11:35:22 --- INFO: Subaru Forester - found: 155, pass primary filters: 36, did not pass the filter by color: 0, added: 36, new vincodes: 0
29-10-2011 11:41:26 --- INFO: Nissan Rogue - found: 204, pass primary filters: 11, did not pass the filter by color: 0, added: 11, new vincodes: 0
29-10-2011 11:42:10 --- INFO: Toyota Highlander - found: 81, pass primary filters: 32, did not pass the filter by color: 23, added: 9, new vincodes: 1
29-10-2011 11:43:31 --- INFO: Acura MDX - found: 61, pass primary filters: 2, did not pass the filter by color: 0, added: 2, new vincodes: 0
29-10-2011 11:43:31 --- INFO: finish: 29-10-2011 11:43:31
29-10-2011 11:43:31 --- INFO: elapsed time: ~2010.06 sec., memory usage: ~4.23 Mb.
29-10-2011 12:20:01 --- INFO: start: 29-10-2011 12:20:01
29-10-2011 12:20:01 --- INFO: ----------Source_Adesa (cli)
29-10-2011 12:20:03 --- ERROR: Unauthorized request
29-10-2011 12:20:03 --- INFO: finish: 29-10-2011 12:20:03
29-10-2011 12:20:03 --- INFO: elapsed time: ~2.63 sec., memory usage: ~1.31 Mb.
29-10-2011 12:20:01 --- INFO: start: 29-10-2011 12:20:01
29-10-2011 12:20:01 --- INFO: ----------Source_Gsmotors (cli)
29-10-2011 12:20:35 --- INFO: Lexus RX 300 - found: 69, pass primary filters: 21, did not pass the filter by color: 11, added: 10, new vincodes: 0
29-10-2011 12:21:54 --- INFO: Lexus RX 330 - found: 149, pass primary filters: 31, did not pass the filter by color: 7, added: 24, new vincodes: 0
29-10-2011 12:22:10 --- INFO: Lexus RX 400H - found: 27, pass primary filters: 4, did not pass the filter by color: 2, added: 2, new vincodes: 0
29-10-2011 12:22:44 --- INFO: Lexus GX 470 - found: 56, pass primary filters: 28, did not pass the filter by color: 24, added: 4, new vincodes: 0
29-10-2011 12:23:13 --- INFO: Lexus GX 470 - found: 44, pass primary filters: 30, did not pass the filter by color: 26, added: 4, new vincodes: 0
29-10-2011 12:23:18 --- INFO: Lexus LX 470 - found: 6, pass primary filters: 6, did not pass the filter by color: 5, added: 1, new vincodes: 0
29-10-2011 12:23:30 --- INFO: Lexus LX 470 - found: 19, pass primary filters: 12, did not pass the filter by color: 12, added: 0, new vincodes: 0
29-10-2011 12:23:38 --- INFO: Toyota Land Cruiser - found: 11, pass primary filters: 7, did not pass the filter by color: 7, added: 0, new vincodes: 0
29-10-2011 12:24:16 --- INFO: Honda CR-V - found: 53, pass primary filters: 5, did not pass the filter by color: 0, added: 5, new vincodes: 0
29-10-2011 12:25:56 --- INFO: Honda CR-V - found: 175, pass primary filters: 8, did not pass the filter by color: 0, added: 8, new vincodes: 0
29-10-2011 12:26:23 --- INFO: Mitsubishi Montero 4WD Limited - found: 47, pass primary filters: 8, did not pass the filter by color: 8, added: 0, new vincodes: 0
29-10-2011 12:27:46 --- INFO: Toyota 4RUNNER 4WD Limited - found: 144, pass primary filters: 45, did not pass the filter by color: 21, added: 24, new vincodes: 0
29-10-2011 12:28:16 --- INFO: Toyota RAV 4 - found: 52, pass primary filters: 22, did not pass the filter by color: 18, added: 4, new vincodes: 0
29-10-2011 12:29:01 --- INFO: Toyota Highlander 4WD - found: 81, pass primary filters: 0, did not pass the filter by color: 0, added: 0, new vincodes: 0
29-10-2011 12:30:34 --- INFO: Subaru Forester - found: 155, pass primary filters: 36, did not pass the filter by color: 0, added: 36, new vincodes: 0
29-10-2011 12:32:35 --- INFO: Nissan Rogue - found: 204, pass primary filters: 11, did not pass the filter by color: 0, added: 11, new vincodes: 0
29-10-2011 12:33:15 --- INFO: Toyota Highlander - found: 81, pass primary filters: 32, did not pass the filter by color: 23, added: 9, new vincodes: 0
29-10-2011 12:33:51 --- INFO: Acura MDX - found: 61, pass primary filters: 2, did not pass the filter by color: 0, added: 2, new vincodes: 0
29-10-2011 12:33:51 --- INFO: finish: 29-10-2011 12:33:51
29-10-2011 12:33:51 --- INFO: elapsed time: ~830.02 sec., memory usage: ~4.17 Mb.
29-10-2011 13:20:01 --- INFO: start: 29-10-2011 13:20:01
29-10-2011 13:20:01 --- INFO: ----------Source_Adesa (cli)
29-10-2011 13:20:03 --- ERROR: Unauthorized request
29-10-2011 13:20:03 --- INFO: finish: 29-10-2011 13:20:03
29-10-2011 13:20:03 --- INFO: elapsed time: ~1.87 sec., memory usage: ~1.31 Mb.
29-10-2011 13:20:01 --- INFO: start: 29-10-2011 13:20:01
29-10-2011 13:20:01 --- INFO: ----------Source_Gsmotors (cli)
29-10-2011 13:20:36 --- INFO: Lexus RX 300 - found: 69, pass primary filters: 21, did not pass the filter by color: 11, added: 10, new vincodes: 0
29-10-2011 13:21:54 --- INFO: Lexus RX 330 - found: 149, pass primary filters: 31, did not pass the filter by color: 7, added: 24, new vincodes: 0
29-10-2011 13:22:10 --- INFO: Lexus RX 400H - found: 27, pass primary filters: 4, did not pass the filter by color: 2, added: 2, new vincodes: 0
29-10-2011 13:22:42 --- INFO: Lexus GX 470 - found: 56, pass primary filters: 28, did not pass the filter by color: 24, added: 4, new vincodes: 0
29-10-2011 13:23:06 --- INFO: Lexus GX 470 - found: 44, pass primary filters: 30, did not pass the filter by color: 26, added: 4, new vincodes: 0
29-10-2011 13:23:11 --- INFO: Lexus LX 470 - found: 6, pass primary filters: 6, did not pass the filter by color: 5, added: 1, new vincodes: 0
29-10-2011 13:23:22 --- INFO: Lexus LX 470 - found: 19, pass primary filters: 12, did not pass the filter by color: 12, added: 0, new vincodes: 0
29-10-2011 13:23:27 --- INFO: Toyota Land Cruiser - found: 11, pass primary filters: 7, did not pass the filter by color: 7, added: 0, new vincodes: 0
29-10-2011 13:24:03 --- INFO: Honda CR-V - found: 53, pass primary filters: 5, did not pass the filter by color: 0, added: 5, new vincodes: 0
29-10-2011 13:25:35 --- INFO: Honda CR-V - found: 175, pass primary filters: 8, did not pass the filter by color: 0, added: 8, new vincodes: 0
29-10-2011 13:26:00 --- INFO: Mitsubishi Montero 4WD Limited - found: 47, pass primary filters: 8, did not pass the filter by color: 8, added: 0, new vincodes: 0
29-10-2011 13:27:15 --- INFO: Toyota 4RUNNER 4WD Limited - found: 144, pass primary filters: 45, did not pass the filter by color: 21, added: 24, new vincodes: 0
29-10-2011 13:27:43 --- INFO: Toyota RAV 4 - found: 52, pass primary filters: 22, did not pass the filter by color: 18, added: 4, new vincodes: 0
29-10-2011 13:28:23 --- INFO: Toyota Highlander 4WD - found: 81, pass primary filters: 0, did not pass the filter by color: 0, added: 0, new vincodes: 0
29-10-2011 13:30:00 --- INFO: Subaru Forester - found: 155, pass primary filters: 36, did not pass the filter by color: 0, added: 36, new vincodes: 0
29-10-2011 13:31:56 --- INFO: Nissan Rogue - found: 204, pass primary filters: 11, did not pass the filter by color: 0, added: 11, new vincodes: 0
29-10-2011 13:32:40 --- INFO: Toyota Highlander - found: 81, pass primary filters: 32, did not pass the filter by color: 23, added: 9, new vincodes: 0
29-10-2011 13:33:14 --- INFO: Acura MDX - found: 61, pass primary filters: 2, did not pass the filter by color: 0, added: 2, new vincodes: 0
29-10-2011 13:33:14 --- INFO: finish: 29-10-2011 13:33:14
29-10-2011 13:33:14 --- INFO: elapsed time: ~793.09 sec., memory usage: ~4.18 Mb.
29-10-2011 15:05:01 --- INFO: start: 29-10-2011 15:05:01
29-10-2011 15:05:01 --- INFO: ----------Source_Openlane (cli)
29-10-2011 15:05:05 --- ERROR: Unauthorized request
29-10-2011 15:05:05 --- INFO: finish: 29-10-2011 15:05:05
29-10-2011 15:05:05 --- INFO: elapsed time: ~3.29 sec., memory usage: ~1.31 Mb.
29-10-2011 15:10:01 --- INFO: start: 29-10-2011 15:10:01
29-10-2011 15:10:01 --- INFO: ----------Source_Ebay (cli)
29-10-2011 15:10:34 --- INFO: Lexus RX 300 - found: 22, pass primary filters: 4, did not pass the filter by color: 1, added: 3, new vincodes: 0
29-10-2011 15:13:46 --- INFO: Lexus RX 330 - found: 63, pass primary filters: 12, did not pass the filter by color: 3, added: 9, new vincodes: 0
29-10-2011 15:14:52 --- INFO: Lexus RX 400H - found: 45, pass primary filters: 1, did not pass the filter by color: 1, added: 0, new vincodes: 0
29-10-2011 15:15:48 --- INFO: Lexus GX 470 - found: 32, pass primary filters: 10, did not pass the filter by color: 7, added: 3, new vincodes: 0
29-10-2011 15:16:16 --- INFO: Lexus GX 470 - found: 19, pass primary filters: 10, did not pass the filter by color: 9, added: 1, new vincodes: 0
29-10-2011 15:16:36 --- INFO: Lexus LX 470 - found: 10, pass primary filters: 7, did not pass the filter by color: 7, added: 0, new vincodes: 0
29-10-2011 15:16:58 --- INFO: Lexus LX 470 - found: 13, pass primary filters: 7, did not pass the filter by color: 6, added: 1, new vincodes: 0
29-10-2011 15:17:10 --- INFO: Toyota Land Cruiser - found: 6, pass primary filters: 5, did not pass the filter by color: 5, added: 0, new vincodes: 0
29-10-2011 15:17:32 --- INFO: Honda CR-V - found: 13, pass primary filters: 0, did not pass the filter by color: 0, added: 0, new vincodes: 0
29-10-2011 15:21:31 --- INFO: Honda CR-V - found: 76, pass primary filters: 6, did not pass the filter by color: 0, added: 6, new vincodes: 0
29-10-2011 15:21:35 --- INFO: Mitsubishi Montero 4WD Limited - found: 1, pass primary filters: 0, did not pass the filter by color: 0, added: 0, new vincodes: 0
29-10-2011 15:24:26 --- INFO: Toyota 4RUNNER 4WD Limited - found: 58, pass primary filters: 36, did not pass the filter by color: 32, added: 4, new vincodes: 0
29-10-2011 15:24:43 --- INFO: Toyota RAV 4 - found: 13, pass primary filters: 7, did not pass the filter by color: 5, added: 2, new vincodes: 0
29-10-2011 15:24:55 --- INFO: Toyota Highlander 4WD - found: 11, pass primary filters: 0, did not pass the filter by color: 0, added: 0, new vincodes: 0
29-10-2011 15:25:45 --- INFO: Subaru Forester - found: 49, pass primary filters: 3, did not pass the filter by color: 0, added: 3, new vincodes: 0
29-10-2011 15:26:37 --- INFO: Nissan Rogue - found: 47, pass primary filters: 0, did not pass the filter by color: 0, added: 0, new vincodes: 0
29-10-2011 15:26:54 --- INFO: Toyota Highlander - found: 11, pass primary filters: 4, did not pass the filter by color: 4, added: 0, new vincodes: 0
29-10-2011 15:27:10 --- INFO: Acura MDX - found: 15, pass primary filters: 0, did not pass the filter by color: 0, added: 0, new vincodes: 0
29-10-2011 15:27:10 --- INFO: finish: 29-10-2011 15:27:10
29-10-2011 15:27:10 --- INFO: elapsed time: ~1029.13 sec., memory usage: ~2.82 Mb.
29-10-2011 16:10:01 --- INFO: start: 29-10-2011 16:10:01
29-10-2011 16:10:01 --- INFO: ----------Source_Adesa (cli)
29-10-2011 16:10:03 --- ERROR: Unauthorized request
29-10-2011 16:10:03 --- INFO: finish: 29-10-2011 16:10:03
29-10-2011 16:10:03 --- INFO: elapsed time: ~1.76 sec., memory usage: ~1.31 Mb.
29-10-2011 16:10:01 --- INFO: start: 29-10-2011 16:10:01
29-10-2011 16:10:01 --- INFO: ----------Source_Gsmotors (cli)
29-10-2011 16:11:37 --- INFO: Lexus RX 300 - found: 71, pass primary filters: 21, did not pass the filter by color: 11, added: 10, new vincodes: 0
29-10-2011 16:15:25 --- INFO: Lexus RX 330 - found: 158, pass primary filters: 32, did not pass the filter by color: 7, added: 25, new vincodes: 1
29-10-2011 16:16:06 --- INFO: Lexus RX 400H - found: 29, pass primary filters: 5, did not pass the filter by color: 2, added: 3, new vincodes: 0
29-10-2011 16:17:23 --- INFO: Lexus GX 470 - found: 60, pass primary filters: 29, did not pass the filter by color: 25, added: 4, new vincodes: 0
29-10-2011 16:18:27 --- INFO: Lexus GX 470 - found: 48, pass primary filters: 31, did not pass the filter by color: 27, added: 4, new vincodes: 0
29-10-2011 16:18:40 --- INFO: Lexus LX 470 - found: 7, pass primary filters: 7, did not pass the filter by color: 5, added: 2, new vincodes: 1
29-10-2011 16:19:08 --- INFO: Lexus LX 470 - found: 19, pass primary filters: 12, did not pass the filter by color: 12, added: 0, new vincodes: 0
29-10-2011 16:19:19 --- INFO: Toyota Land Cruiser - found: 11, pass primary filters: 7, did not pass the filter by color: 7, added: 0, new vincodes: 0
29-10-2011 16:20:26 --- INFO: Honda CR-V - found: 54, pass primary filters: 5, did not pass the filter by color: 0, added: 5, new vincodes: 0
29-10-2011 16:24:40 --- INFO: Honda CR-V - found: 184, pass primary filters: 8, did not pass the filter by color: 0, added: 8, new vincodes: 0
29-10-2011 16:25:45 --- INFO: Mitsubishi Montero 4WD Limited - found: 49, pass primary filters: 8, did not pass the filter by color: 8, added: 0, new vincodes: 0
29-10-2011 16:28:52 --- INFO: Toyota 4RUNNER 4WD Limited - found: 153, pass primary filters: 47, did not pass the filter by color: 23, added: 24, new vincodes: 0
29-10-2011 16:30:01 --- INFO: Toyota RAV 4 - found: 53, pass primary filters: 22, did not pass the filter by color: 18, added: 4, new vincodes: 0
29-10-2011 16:31:40 --- INFO: Toyota Highlander 4WD - found: 85, pass primary filters: 0, did not pass the filter by color: 0, added: 0, new vincodes: 0
29-10-2011 16:35:48 --- INFO: Subaru Forester - found: 158, pass primary filters: 35, did not pass the filter by color: 0, added: 35, new vincodes: 0
29-10-2011 16:41:57 --- INFO: Nissan Rogue - found: 208, pass primary filters: 11, did not pass the filter by color: 0, added: 11, new vincodes: 0
29-10-2011 16:42:41 --- INFO: Toyota Highlander - found: 85, pass primary filters: 33, did not pass the filter by color: 24, added: 9, new vincodes: 0
29-10-2011 16:44:08 --- INFO: Acura MDX - found: 63, pass primary filters: 2, did not pass the filter by color: 0, added: 2, new vincodes: 0
29-10-2011 16:44:08 --- INFO: finish: 29-10-2011 16:44:08
29-10-2011 16:44:08 --- INFO: elapsed time: ~2046.94 sec., memory usage: ~4.27 Mb.
29-10-2011 18:10:01 --- INFO: start: 29-10-2011 18:10:01
29-10-2011 18:10:01 --- INFO: ----------Source_Adesa (cli)
29-10-2011 18:10:03 --- ERROR: Unauthorized request
29-10-2011 18:10:03 --- INFO: finish: 29-10-2011 18:10:03
29-10-2011 18:10:03 --- INFO: elapsed time: ~1.67 sec., memory usage: ~1.31 Mb.
29-10-2011 18:10:01 --- INFO: start: 29-10-2011 18:10:01
29-10-2011 18:10:01 --- INFO: ----------Source_Gsmotors (cli)
29-10-2011 18:10:38 --- INFO: Lexus RX 300 - found: 71, pass primary filters: 21, did not pass the filter by color: 11, added: 10, new vincodes: 0
29-10-2011 18:12:06 --- INFO: Lexus RX 330 - found: 158, pass primary filters: 32, did not pass the filter by color: 7, added: 25, new vincodes: 0
29-10-2011 18:12:25 --- INFO: Lexus RX 400H - found: 29, pass primary filters: 5, did not pass the filter by color: 2, added: 3, new vincodes: 0
29-10-2011 18:13:01 --- INFO: Lexus GX 470 - found: 60, pass primary filters: 29, did not pass the filter by color: 25, added: 4, new vincodes: 0
29-10-2011 18:13:29 --- INFO: Lexus GX 470 - found: 48, pass primary filters: 31, did not pass the filter by color: 27, added: 4, new vincodes: 0
29-10-2011 18:13:34 --- INFO: Lexus LX 470 - found: 7, pass primary filters: 7, did not pass the filter by color: 5, added: 2, new vincodes: 0
29-10-2011 18:13:44 --- INFO: Lexus LX 470 - found: 19, pass primary filters: 12, did not pass the filter by color: 12, added: 0, new vincodes: 0
29-10-2011 18:13:53 --- INFO: Toyota Land Cruiser - found: 11, pass primary filters: 7, did not pass the filter by color: 7, added: 0, new vincodes: 0
29-10-2011 18:14:30 --- INFO: Honda CR-V - found: 54, pass primary filters: 5, did not pass the filter by color: 0, added: 5, new vincodes: 0
29-10-2011 18:16:21 --- INFO: Honda CR-V - found: 184, pass primary filters: 8, did not pass the filter by color: 0, added: 8, new vincodes: 0
29-10-2011 18:16:48 --- INFO: Mitsubishi Montero 4WD Limited - found: 49, pass primary filters: 8, did not pass the filter by color: 8, added: 0, new vincodes: 0
29-10-2011 18:18:20 --- INFO: Toyota 4RUNNER 4WD Limited - found: 153, pass primary filters: 47, did not pass the filter by color: 23, added: 24, new vincodes: 0
29-10-2011 18:18:48 --- INFO: Toyota RAV 4 - found: 53, pass primary filters: 22, did not pass the filter by color: 18, added: 4, new vincodes: 0
29-10-2011 18:19:39 --- INFO: Toyota Highlander 4WD - found: 85, pass primary filters: 0, did not pass the filter by color: 0, added: 0, new vincodes: 0
29-10-2011 18:21:00 --- INFO: Subaru Forester - found: 158, pass primary filters: 35, did not pass the filter by color: 0, added: 35, new vincodes: 0
29-10-2011 18:23:02 --- INFO: Nissan Rogue - found: 208, pass primary filters: 11, did not pass the filter by color: 0, added: 11, new vincodes: 0
29-10-2011 18:23:42 --- INFO: Toyota Highlander - found: 85, pass primary filters: 33, did not pass the filter by color: 24, added: 9, new vincodes: 0
29-10-2011 18:24:29 --- INFO: Acura MDX - found: 63, pass primary filters: 2, did not pass the filter by color: 0, added: 2, new vincodes: 0
29-10-2011 18:24:29 --- INFO: finish: 29-10-2011 18:24:29
29-10-2011 18:24:29 --- INFO: elapsed time: ~868.08 sec., memory usage: ~4.23 Mb.
29-10-2011 19:05:01 --- INFO: start: 29-10-2011 19:05:01
29-10-2011 19:05:01 --- INFO: ----------Source_Openlane (cli)
29-10-2011 19:05:04 --- ERROR: Unauthorized request
29-10-2011 19:05:04 --- INFO: finish: 29-10-2011 19:05:04
29-10-2011 19:05:04 --- INFO: elapsed time: ~3.56 sec., memory usage: ~1.31 Mb.
29-10-2011 19:10:02 --- INFO: start: 29-10-2011 19:10:02
29-10-2011 19:10:02 --- INFO: ----------Source_Ebay (cli)
29-10-2011 19:10:27 --- INFO: Lexus RX 300 - found: 22, pass primary filters: 4, did not pass the filter by color: 1, added: 3, new vincodes: 0
29-10-2011 19:13:40 --- INFO: Lexus RX 330 - found: 61, pass primary filters: 12, did not pass the filter by color: 3, added: 9, new vincodes: 0
29-10-2011 19:14:58 --- INFO: Lexus RX 400H - found: 43, pass primary filters: 1, did not pass the filter by color: 1, added: 0, new vincodes: 0
29-10-2011 19:16:06 --- INFO: Lexus GX 470 - found: 32, pass primary filters: 10, did not pass the filter by color: 7, added: 3, new vincodes: 0
29-10-2011 19:16:39 --- INFO: Lexus GX 470 - found: 20, pass primary filters: 11, did not pass the filter by color: 10, added: 1, new vincodes: 1
29-10-2011 19:16:57 --- INFO: Lexus LX 470 - found: 10, pass primary filters: 7, did not pass the filter by color: 7, added: 0, new vincodes: 0
29-10-2011 19:17:22 --- INFO: Lexus LX 470 - found: 13, pass primary filters: 7, did not pass the filter by color: 6, added: 1, new vincodes: 0
29-10-2011 19:17:33 --- INFO: Toyota Land Cruiser - found: 6, pass primary filters: 5, did not pass the filter by color: 5, added: 0, new vincodes: 0
29-10-2011 19:17:55 --- INFO: Honda CR-V - found: 13, pass primary filters: 0, did not pass the filter by color: 0, added: 0, new vincodes: 0
29-10-2011 19:21:35 --- INFO: Honda CR-V - found: 76, pass primary filters: 6, did not pass the filter by color: 0, added: 6, new vincodes: 0
29-10-2011 19:21:43 --- INFO: Mitsubishi Montero 4WD Limited - found: 1, pass primary filters: 0, did not pass the filter by color: 0, added: 0, new vincodes: 0
29-10-2011 19:24:55 --- INFO: Toyota 4RUNNER 4WD Limited - found: 57, pass primary filters: 34, did not pass the filter by color: 30, added: 4, new vincodes: 0
29-10-2011 19:25:20 --- INFO: Toyota RAV 4 - found: 13, pass primary filters: 6, did not pass the filter by color: 5, added: 1, new vincodes: 0
29-10-2011 19:25:38 --- INFO: Toyota Highlander 4WD - found: 11, pass primary filters: 0, did not pass the filter by color: 0, added: 0, new vincodes: 0
29-10-2011 19:27:31 --- INFO: Subaru Forester - found: 48, pass primary filters: 3, did not pass the filter by color: 0, added: 3, new vincodes: 0
29-10-2011 19:29:45 --- INFO: Nissan Rogue - found: 45, pass primary filters: 0, did not pass the filter by color: 0, added: 0, new vincodes: 0
29-10-2011 19:30:14 --- INFO: Toyota Highlander - found: 11, pass primary filters: 4, did not pass the filter by color: 4, added: 0, new vincodes: 0
29-10-2011 19:31:10 --- INFO: Acura MDX - found: 15, pass primary filters: 0, did not pass the filter by color: 0, added: 0, new vincodes: 0
29-10-2011 19:31:10 --- INFO: finish: 29-10-2011 19:31:10
29-10-2011 19:31:10 --- INFO: elapsed time: ~1267.99 sec., memory usage: ~2.83 Mb.
29-10-2011 23:05:01 --- INFO: start: 29-10-2011 23:05:01
29-10-2011 23:05:01 --- INFO: ----------Source_Openlane (cli)
29-10-2011 23:05:04 --- ERROR: Unauthorized request
29-10-2011 23:05:04 --- INFO: finish: 29-10-2011 23:05:04
29-10-2011 23:05:04 --- INFO: elapsed time: ~3.34 sec., memory usage: ~1.31 Mb.
29-10-2011 23:10:01 --- INFO: start: 29-10-2011 23:10:01
29-10-2011 23:10:01 --- INFO: ----------Source_Ebay (cli)
29-10-2011 23:10:46 --- INFO: Lexus RX 300 - found: 23, pass primary filters: 4, did not pass the filter by color: 1, added: 3, new vincodes: 0
29-10-2011 23:13:55 --- INFO: Lexus RX 330 - found: 60, pass primary filters: 12, did not pass the filter by color: 5, added: 7, new vincodes: 0
29-10-2011 23:14:58 --- INFO: Lexus RX 400H - found: 41, pass primary filters: 1, did not pass the filter by color: 1, added: 0, new vincodes: 0
29-10-2011 23:16:00 --- INFO: Lexus GX 470 - found: 33, pass primary filters: 10, did not pass the filter by color: 7, added: 3, new vincodes: 0
29-10-2011 23:16:37 --- INFO: Lexus GX 470 - found: 20, pass primary filters: 11, did not pass the filter by color: 10, added: 1, new vincodes: 0
29-10-2011 23:16:56 --- INFO: Lexus LX 470 - found: 10, pass primary filters: 7, did not pass the filter by color: 7, added: 0, new vincodes: 0
29-10-2011 23:17:17 --- INFO: Lexus LX 470 - found: 13, pass primary filters: 7, did not pass the filter by color: 6, added: 1, new vincodes: 0
29-10-2011 23:17:27 --- INFO: Toyota Land Cruiser - found: 6, pass primary filters: 5, did not pass the filter by color: 5, added: 0, new vincodes: 0
29-10-2011 23:17:50 --- INFO: Honda CR-V - found: 13, pass primary filters: 0, did not pass the filter by color: 0, added: 0, new vincodes: 0
29-10-2011 23:21:03 --- INFO: Honda CR-V - found: 75, pass primary filters: 4, did not pass the filter by color: 0, added: 4, new vincodes: 0
29-10-2011 23:21:06 --- INFO: Mitsubishi Montero 4WD Limited - found: 1, pass primary filters: 0, did not pass the filter by color: 0, added: 0, new vincodes: 0
29-10-2011 23:22:55 --- INFO: Toyota 4RUNNER 4WD Limited - found: 57, pass primary filters: 34, did not pass the filter by color: 30, added: 4, new vincodes: 0
29-10-2011 23:23:09 --- INFO: Toyota RAV 4 - found: 13, pass primary filters: 6, did not pass the filter by color: 5, added: 1, new vincodes: 0
29-10-2011 23:23:21 --- INFO: Toyota Highlander 4WD - found: 11, pass primary filters: 0, did not pass the filter by color: 0, added: 0, new vincodes: 0
29-10-2011 23:24:12 --- INFO: Subaru Forester - found: 48, pass primary filters: 3, did not pass the filter by color: 0, added: 3, new vincodes: 0
29-10-2011 23:25:19 --- INFO: Nissan Rogue - found: 45, pass primary filters: 0, did not pass the filter by color: 0, added: 0, new vincodes: 0
29-10-2011 23:25:39 --- INFO: Toyota Highlander - found: 11, pass primary filters: 4, did not pass the filter by color: 4, added: 0, new vincodes: 0
29-10-2011 23:25:59 --- INFO: Acura MDX - found: 13, pass primary filters: 0, did not pass the filter by color: 0, added: 0, new vincodes: 0
29-10-2011 23:25:59 --- INFO: finish: 29-10-2011 23:25:59
29-10-2011 23:25:59 --- INFO: elapsed time: ~957.34 sec., memory usage: ~2.79 Mb.