
29-11-2011 01:21:00 --- INFO: start: 29-11-2011 01:21:00
29-11-2011 01:21:01 --- INFO: ----------Source_Adesa (cli)
29-11-2011 01:21:02 --- INFO: Authorized request
29-11-2011 01:21:11 --- INFO: Lexus RX 300 - found: 6, pass primary filters: 2, did not pass the filter by color: 1, added: 1, new vincodes: 2
29-11-2011 01:21:20 --- INFO: Lexus RX 330 - found: 7, pass primary filters: 5, did not pass the filter by color: 2, added: 3, new vincodes: 5
29-11-2011 01:21:20 --- INFO: Lexus RX 400H - found: 2, pass primary filters: 0, did not pass the filter by color: 0, added: 0, new vincodes: 0
29-11-2011 01:21:23 --- INFO: Lexus GX 470 - found: 4, pass primary filters: 2, did not pass the filter by color: 0, added: 2, new vincodes: 2
29-11-2011 01:21:25 --- INFO: Lexus GX 470 - found: 6, pass primary filters: 1, did not pass the filter by color: 1, added: 0, new vincodes: 0
29-11-2011 01:21:27 --- INFO: Lexus LX 470 - found: 2, pass primary filters: 1, did not pass the filter by color: 1, added: 0, new vincodes: 1
29-11-2011 01:21:29 --- INFO: Lexus LX 470 - found: 1, pass primary filters: 1, did not pass the filter by color: 1, added: 0, new vincodes: 1
29-11-2011 01:21:29 --- INFO: Toyota Land Cruiser - found: 0, pass primary filters: 0, did not pass the filter by color: 0, added: 0, new vincodes: 0
29-11-2011 01:21:30 --- INFO: Honda CR-V - found: 8, pass primary filters: 0, did not pass the filter by color: 0, added: 0, new vincodes: 0
29-11-2011 01:21:30 --- INFO: Honda CR-V - found: 1, pass primary filters: 0, did not pass the filter by color: 0, added: 0, new vincodes: 0
29-11-2011 01:21:43 --- INFO: Mitsubishi Montero 4WD Limited - found: 15, pass primary filters: 3, did not pass the filter by color: 3, added: 0, new vincodes: 2
29-11-2011 01:22:02 --- INFO: Toyota 4RUNNER 4WD Limited - found: 31, pass primary filters: 9, did not pass the filter by color: 4, added: 5, new vincodes: 7
29-11-2011 01:22:06 --- INFO: Toyota RAV 4 - found: 7, pass primary filters: 3, did not pass the filter by color: 3, added: 0, new vincodes: 3
29-11-2011 01:22:08 --- INFO: Toyota Highlander 4WD - found: 21, pass primary filters: 1, did not pass the filter by color: 1, added: 0, new vincodes: 1
29-11-2011 01:22:21 --- INFO: Subaru Forester - found: 11, pass primary filters: 5, did not pass the filter by color: 0, added: 5, new vincodes: 4
29-11-2011 01:22:34 --- INFO: Toyota Highlander - found: 21, pass primary filters: 8, did not pass the filter by color: 7, added: 1, new vincodes: 7
29-11-2011 01:22:36 --- INFO: Acura MDX - found: 21, pass primary filters: 1, did not pass the filter by color: 0, added: 1, new vincodes: 1
29-11-2011 01:22:36 --- INFO: Lexus RX 350 - found: 7, pass primary filters: 0, did not pass the filter by color: 0, added: 0, new vincodes: 0
29-11-2011 01:22:39 --- INFO: Toyota 4RUNNER - found: 32, pass primary filters: 1, did not pass the filter by color: 1, added: 0, new vincodes: 1
29-11-2011 01:22:39 --- INFO: finish: 29-11-2011 01:22:39
29-11-2011 01:22:39 --- INFO: elapsed time: ~98.02 sec., memory usage: ~2.43 Mb.
29-11-2011 01:31:29 --- INFO: start: 29-11-2011 01:31:29
29-11-2011 01:31:29 --- INFO: ----------Source_Gsmotors (cli)
29-11-2011 01:33:27 --- INFO: Lexus RX 300 - found: 85, pass primary filters: 26, did not pass the filter by color: 8, added: 18, new vincodes: 3
29-11-2011 01:37:57 --- INFO: Lexus RX 330 - found: 208, pass primary filters: 50, did not pass the filter by color: 13, added: 37, new vincodes: 1
29-11-2011 01:38:36 --- INFO: Lexus RX 400H - found: 29, pass primary filters: 5, did not pass the filter by color: 1, added: 4, new vincodes: 0
29-11-2011 01:40:37 --- INFO: Lexus GX 470 - found: 91, pass primary filters: 52, did not pass the filter by color: 40, added: 12, new vincodes: 5
29-11-2011 01:42:16 --- INFO: Lexus GX 470 - found: 76, pass primary filters: 38, did not pass the filter by color: 33, added: 5, new vincodes: 2
29-11-2011 01:42:40 --- INFO: Lexus LX 470 - found: 17, pass primary filters: 12, did not pass the filter by color: 11, added: 1, new vincodes: 0
29-11-2011 01:43:15 --- INFO: Lexus LX 470 - found: 27, pass primary filters: 15, did not pass the filter by color: 13, added: 2, new vincodes: 0
29-11-2011 01:43:33 --- INFO: Toyota Land Cruiser - found: 14, pass primary filters: 9, did not pass the filter by color: 7, added: 2, new vincodes: 0
29-11-2011 01:45:19 --- INFO: Honda CR-V - found: 77, pass primary filters: 9, did not pass the filter by color: 0, added: 9, new vincodes: 1
29-11-2011 01:50:09 --- INFO: Honda CR-V - found: 193, pass primary filters: 11, did not pass the filter by color: 0, added: 11, new vincodes: 1
29-11-2011 01:51:25 --- INFO: Mitsubishi Montero 4WD Limited - found: 69, pass primary filters: 9, did not pass the filter by color: 9, added: 0, new vincodes: 0
29-11-2011 01:53:21 --- INFO: Toyota 4RUNNER 4WD Limited - found: 203, pass primary filters: 62, did not pass the filter by color: 44, added: 18, new vincodes: 1
29-11-2011 01:55:06 --- INFO: Toyota RAV 4 - found: 84, pass primary filters: 25, did not pass the filter by color: 16, added: 9, new vincodes: 0
29-11-2011 01:57:33 --- INFO: Toyota Highlander 4WD - found: 110, pass primary filters: 3, did not pass the filter by color: 3, added: 0, new vincodes: 1
29-11-2011 02:01:17 --- INFO: Subaru Forester - found: 119, pass primary filters: 25, did not pass the filter by color: 0, added: 25, new vincodes: 0
29-11-2011 02:02:20 --- INFO: Toyota Highlander - found: 110, pass primary filters: 46, did not pass the filter by color: 40, added: 6, new vincodes: 1
29-11-2011 02:03:59 --- INFO: Acura MDX - found: 80, pass primary filters: 0, did not pass the filter by color: 0, added: 0, new vincodes: 0
29-11-2011 02:05:48 --- INFO: Lexus RX 350 - found: 189, pass primary filters: 6, did not pass the filter by color: 3, added: 3, new vincodes: 6
29-11-2011 02:08:21 --- INFO: Toyota 4RUNNER - found: 301, pass primary filters: 3, did not pass the filter by color: 2, added: 1, new vincodes: 3
29-11-2011 02:08:21 --- INFO: finish: 29-11-2011 02:08:21
29-11-2011 02:08:21 --- INFO: elapsed time: ~2212.26 sec., memory usage: ~5.01 Mb.